[1m[20:40:59.452][info]       [REDIS] Successfully issued command "SELECT 1"
[00m[1m[20:40:59.452][info]     [STATEDB] Persistent state DB created
[00m[1m[20:40:59.459][info]  [TASKEXE...] TaskExecutor started
[00m[1m[20:40:59.459][info]         [RPC] RPC thread started at address: tcp://*:7000
[00m[1m[20:40:59.461][info]       [REDIS] Successfully issued command "CONFIG SET notify-keyspace-events AKE"
[00m[1m[20:40:59.461][info]       [REDIS] SUBSCRIPTION STRING: __keyspace@2__:*
[00m[1m[20:40:59.461][info]       [REDIS] SUBSCRIPTION STRING: __keyspace@3__:*
[00m[1m[20:40:59.461][info]      [TIMERS] Starting timer thread
[00m[1m[20:40:59.461][info]      [TIMERS] Timer thread started
[00m[1m[20:40:59.461][info]  [QUERYPR...] Query Processor started
[00m[1m[20:40:59.461][info]      [TIMERS] Starting timer event loop
[00m[1m[20:40:59.462][info]       [REDIS] SUBSCRIPTION STRING: __keyspace@5__:*
[00m[1m[20:40:59.462][info]       [REDIS] SUBSCRIPTION STRING: __keyspace@7__:*
[00m[1m[20:40:59.462][info]       [REDIS] SUBSCRIPTION STRING: __keyspace@6__:CURRENT_MODEL_VERSION:*
[00m[1m[20:40:59.462][info]       [REDIS] Successfully issued command "SELECT 5"
[00m[1m[20:40:59.462][info]       [REDIS] Successfully issued command "KEYS *"
[00m[1m[20:40:59.462][info]       [REDIS] Successfully issued command "SELECT 2"
[00m[1m[20:40:59.462][info]       [REDIS] Successfully issued command "KEYS *"
[00m[31m[1m[20:41:00.063][error]    [METRICS] Ratio internal:prediction_cache_hit_ratio has denominator zero!
[00m[31m[1m[20:41:00.558][error]    [METRICS] Ratio internal:prediction_cache_hit_ratio has denominator zero!
[00m[1m[20:41:00.574][info]       [REDIS] MESSAGE: hset
[00m[1m[20:41:00.574][info]  [QUERYFR...] APPLICATION EVENT DETECTED. Key: fake-model, event_type: hset
[00m[1m[20:41:00.574][info]  [QUERYFR...] New application detected: fake-model
[00m[1m[20:41:00.574][info]       [REDIS] Successfully issued command "SELECT 5"
[00m[1m[20:41:00.574][info]       [REDIS] Successfully issued command "HGETALL fake-model"
[00m[1m[20:41:00.574][info]       [REDIS] 	 input_type: floats
[00m[1m[20:41:00.574][info]       [REDIS] 	 policy: DefaultOutputSelectionPolicy
[00m[1m[20:41:00.574][info]       [REDIS] 	 default_output: None
[00m[1m[20:41:00.574][info]       [REDIS] 	 latency_slo_micros: 245000
[00m[1m[20:41:00.574][info]       [REDIS] Successfully issued command "SET fake-model:0:0 {"y_hat":"None"}"
[00m[1m[20:41:01.670][info]       [REDIS] MESSAGE: hset
[00m[1m[20:41:01.670][info]       [REDIS] MESSAGE: set
[00m[1m[20:41:01.670][info]  [QUERYFR...] MODEL VERSION CHANGE DETECTED. Key: fake-model, event_type: set
[00m[1m[20:41:01.670][info]       [REDIS] Successfully issued command "SELECT 2"
[00m[1m[20:41:01.670][info]       [REDIS] Successfully issued command "HGETALL fake-model:1"
[00m[1m[20:41:01.670][info]       [REDIS] 	 model_name: fake-model
[00m[1m[20:41:01.670][info]       [REDIS] 	 model_version: 1
[00m[1m[20:41:01.670][info]       [REDIS] 	 load: 0.000000
[00m[1m[20:41:01.670][info]       [REDIS] 	 input_type: floats
[00m[1m[20:41:01.670][info]       [REDIS] 	 labels: 
[00m[1m[20:41:01.670][info]       [REDIS] 	 container_name: default-cluster-fake-model:1
[00m[1m[20:41:01.670][info]       [REDIS] Successfully issued command "SELECT 6"
[00m[1m[20:41:01.670][info]       [REDIS] 	 model_data_path: DEPRECATED
[00m[1m[20:41:01.670][info]       [REDIS] 	 batch_size: 8
[00m[1m[20:41:01.670][info]       [REDIS] 	 valid: 
[00m[1m[20:41:01.670][info]  [TASKEXE...] Registered batch size of 8 for model fake-model:1
[00m[1m[20:41:01.670][info]       [REDIS] Successfully issued command "GET CURRENT_MODEL_VERSION:fake-model"
[00m[1m[20:41:01.679][info]       [REDIS] MESSAGE: sadd
[00m[1m[20:41:01.679][info]  [QUERYFR...] APP LINKS EVENT DETECTED. App name: fake-model, event_type: sadd
[00m[1m[20:41:01.679][info]  [QUERYFR...] New model link detected for app: fake-model
[00m[1m[20:41:01.679][info]       [REDIS] Successfully issued command "SELECT 7"
[00m[1m[20:41:01.680][info]       [REDIS] Successfully issued command "SMEMBERS fake-model"
[00m[1m[20:41:03.724][info]  [QUERYPR...] Found 1 tasks
[00m[31m[1m[20:41:03.724][error] [TASKEXE...] Received task for unknown model: fake-model : 1
[00m[31m[1m[20:41:03.724][error] [QUERYPR...] No connected models found for query with id: 0
[00m[1m[20:41:04.729][info]  [QUERYPR...] Found 1 tasks
[00m[31m[1m[20:41:04.729][error] [TASKEXE...] Received task for unknown model: fake-model : 1
[00m[31m[1m[20:41:04.729][error] [QUERYPR...] No connected models found for query with id: 1
[00m[1m[20:41:05.733][info]  [QUERYPR...] Found 1 tasks
[00m[31m[1m[20:41:05.733][error] [TASKEXE...] Received task for unknown model: fake-model : 1
[00m[31m[1m[20:41:05.733][error] [QUERYPR...] No connected models found for query with id: 2
[00m[1m[20:41:06.736][info]  [QUERYPR...] Found 1 tasks
[00m[31m[1m[20:41:06.736][error] [TASKEXE...] Received task for unknown model: fake-model : 1
[00m[31m[1m[20:41:06.736][error] [QUERYPR...] No connected models found for query with id: 3
[00m[1m[20:41:07.279][info]         [RPC] Found message to receive
[00m[1m[20:41:07.279][info]         [RPC] Found message to receive
[00m[1m[20:41:07.279][info]         [RPC] New container connected
[00m[1m[20:41:07.279][info]         [RPC] Container added
[00m[1m[20:41:07.279][info]       [REDIS] Successfully issued command "SELECT 3"
[00m[1m[20:41:07.280][info]       [REDIS] MESSAGE: hset
[00m[1m[20:41:07.280][info]       [REDIS] Successfully issued command "HMSET fake-model,1,0 model_id fake-model:1 model_name fake-model model_version 1 model_replica_id 0 zmq_connection_id 0 batch_size 1 input_type floats"
[00m[1m[20:41:07.280][info]  [THREADPOOL] Work queue created for model fake-model:1, replica 0
[00m[1m[20:41:07.280][info]       [REDIS] Successfully issued command "SELECT 3"
[00m[1m[20:41:07.280][info]       [REDIS] Successfully issued command "HGETALL fake-model,1,0"
[00m[1m[20:41:07.280][info]       [REDIS] 	 model_id: fake-model:1
[00m[1m[20:41:07.280][info]       [REDIS] 	 model_name: fake-model
[00m[1m[20:41:07.280][info]       [REDIS] 	 model_version: 1
[00m[1m[20:41:07.280][info]       [REDIS] 	 model_replica_id: 0
[00m[1m[20:41:07.280][info]       [REDIS] 	 zmq_connection_id: 0
[00m[1m[20:41:07.280][info]       [REDIS] 	 batch_size: 1
[00m[1m[20:41:07.280][info]       [REDIS] 	 input_type: floats
[00m[1m[20:41:07.280][info]  [CONTAINERS] Adding new container - model: fake-model, version: 1, connection ID: 0, replica ID: 0, input_type: floats
[00m[1m[20:41:07.281][info]  [CONTAINERS] Creating new ModelContainer for model fake-model:1, id: 0
[00m[1m[20:41:07.281][info]  [CONTAINERS] 
Active containers:
	Model: fake-model:1
		rep_id: 0, container_id: 0

[00m[1m[20:41:07.281][info]       [REDIS] Successfully issued command "SELECT 2"
[00m[1m[20:41:07.281][info]       [REDIS] Successfully issued command "HGETALL fake-model:1"
[00m[1m[20:41:07.281][info]       [REDIS] 	 model_name: fake-model
[00m[1m[20:41:07.281][info]       [REDIS] 	 model_version: 1
[00m[1m[20:41:07.281][info]       [REDIS] 	 load: 0.000000
[00m[1m[20:41:07.281][info]       [REDIS] 	 input_type: floats
[00m[1m[20:41:07.281][info]       [REDIS] 	 labels: 
[00m[1m[20:41:07.281][info]       [REDIS] 	 container_name: default-cluster-fake-model:1
[00m[1m[20:41:07.281][info]       [REDIS] 	 model_data_path: DEPRECATED
[00m[1m[20:41:07.281][info]       [REDIS] 	 batch_size: 8
[00m[1m[20:41:07.281][info]       [REDIS] 	 valid: 
[00m[1m[20:41:07.281][info]  [TASKEXE...] Created queue for new model: fake-model : 1
[00m[1m[20:41:07.281][info]  [THREADPOOL] Work queue created for model fake-model:1, replica 0
[00m[31m[1m[20:41:07.281][error] [THREADPOOL] Work queue already exists for model fake-model:1, replica 0
[00m[1m[20:41:07.740][info]  [QUERYPR...] Found 1 tasks
[00m[1m[20:41:07.740][info]  [TASKEXE...] Adding task to queue. QueryID: 4, model: fake-model:1
[00m[1m[20:41:07.740][info]  [TASKEXE...] Sending batch to model: fake-model:1 replica 0.Batch size: 1. Query IDs: 4 
[00m[1m[20:41:07.744][info]         [RPC] Found message to receive
[00m[1m[20:41:07.753][info]  [QUERYPR...] Found 1 tasks
[00m[1m[20:41:07.753][info]  [TASKEXE...] Adding task to queue. QueryID: 5, model: fake-model:1
[00m[1m[20:41:07.753][info]  [TASKEXE...] Sending batch to model: fake-model:1 replica 0.Batch size: 1. Query IDs: 5 
[00m[1m[20:41:07.762][info]  [QUERYPR...] Found 1 tasks
[00m[1m[20:41:07.762][info]  [TASKEXE...] Adding task to queue. QueryID: 6, model: fake-model:1
[00m[1m[20:41:07.773][info]  [QUERYPR...] Found 1 tasks
[00m[1m[20:41:07.773][info]  [TASKEXE...] Adding task to queue. QueryID: 7, model: fake-model:1
[00m[1m[20:41:07.784][info]  [QUERYPR...] Found 1 tasks
[00m[1m[20:41:07.784][info]  [TASKEXE...] Adding task to queue. QueryID: 8, model: fake-model:1
[00m[1m[20:41:07.794][info]  [QUERYPR...] Found 1 tasks
[00m[1m[20:41:07.794][info]  [TASKEXE...] Adding task to queue. QueryID: 9, model: fake-model:1
[00m[1m[20:41:07.805][info]  [QUERYPR...] Found 1 tasks
[00m[1m[20:41:07.805][info]  [TASKEXE...] Adding task to queue. QueryID: 10, model: fake-model:1
[00m[1m[20:41:07.816][info]  [QUERYPR...] Found 1 tasks
[00m[1m[20:41:07.816][info]  [TASKEXE...] Adding task to queue. QueryID: 11, model: fake-model:1
[00m[1m[20:41:07.818][info]         [RPC] Found message to receive
[00m[1m[20:41:07.818][info]  [TASKEXE...] Sending batch to model: fake-model:1 replica 0.Batch size: 6. Query IDs: 6 7 8 9 10 11 
[00m[1m[20:41:07.827][info]  [QUERYPR...] Found 1 tasks
[00m[1m[20:41:07.827][info]  [TASKEXE...] Adding task to queue. QueryID: 12, model: fake-model:1
[00m[1m[20:41:07.838][info]  [QUERYPR...] Found 1 tasks
[00m[1m[20:41:07.838][info]  [TASKEXE...] Adding task to queue. QueryID: 13, model: fake-model:1
[00m[1m[20:41:07.849][info]  [QUERYPR...] Found 1 tasks
[00m[1m[20:41:07.849][info]  [TASKEXE...] Adding task to queue. QueryID: 14, model: fake-model:1
[00m[1m[20:41:07.860][info]  [QUERYPR...] Found 1 tasks
[00m[1m[20:41:07.860][info]  [TASKEXE...] Adding task to queue. QueryID: 15, model: fake-model:1
[00m[1m[20:41:07.875][info]  [QUERYPR...] Found 1 tasks
[00m[1m[20:41:07.875][info]  [TASKEXE...] Adding task to queue. QueryID: 16, model: fake-model:1
[00m[1m[20:41:07.889][info]  [QUERYPR...] Found 1 tasks
[00m[1m[20:41:07.889][info]  [TASKEXE...] Adding task to queue. QueryID: 17, model: fake-model:1
[00m[1m[20:41:07.902][info]  [QUERYPR...] Found 1 tasks
[00m[1m[20:41:07.902][info]  [TASKEXE...] Adding task to queue. QueryID: 18, model: fake-model:1
[00m[1m[20:41:07.915][info]  [QUERYPR...] Found 1 tasks
[00m[1m[20:41:07.915][info]  [TASKEXE...] Adding task to queue. QueryID: 19, model: fake-model:1
[00m[1m[20:41:07.926][info]  [QUERYPR...] Found 1 tasks
[00m[1m[20:41:07.926][info]  [TASKEXE...] Adding task to queue. QueryID: 20, model: fake-model:1
[00m[1m[20:41:07.937][info]  [QUERYPR...] Found 1 tasks
[00m[1m[20:41:07.937][info]  [TASKEXE...] Adding task to queue. QueryID: 21, model: fake-model:1
[00m[1m[20:41:07.948][info]  [QUERYPR...] Found 1 tasks
[00m[1m[20:41:07.948][info]  [TASKEXE...] Adding task to queue. QueryID: 22, model: fake-model:1
[00m[1m[20:41:07.959][info]  [QUERYPR...] Found 1 tasks
[00m[1m[20:41:07.959][info]  [TASKEXE...] Adding task to queue. QueryID: 23, model: fake-model:1
[00m[1m[20:41:07.970][info]  [QUERYPR...] Found 1 tasks
[00m[1m[20:41:07.971][info]  [TASKEXE...] Adding task to queue. QueryID: 24, model: fake-model:1
[00m[1m[20:41:07.978][info]         [RPC] Found message to receive
[00m[1m[20:41:07.978][info]  [TASKEXE...] Sending batch to model: fake-model:1 replica 0.Batch size: 8. Query IDs: 12 13 14 15 16 17 18 19 
[00m[1m[20:41:07.984][info]  [QUERYPR...] Found 1 tasks
[00m[1m[20:41:07.984][info]  [TASKEXE...] Adding task to queue. QueryID: 25, model: fake-model:1
[00m[1m[20:41:07.998][info]  [QUERYPR...] Found 1 tasks
[00m[1m[20:41:07.998][info]  [TASKEXE...] Adding task to queue. QueryID: 26, model: fake-model:1
[00m[1m[20:41:08.011][info]  [QUERYPR...] Found 1 tasks
[00m[1m[20:41:08.011][info]  [TASKEXE...] Adding task to queue. QueryID: 27, model: fake-model:1
[00m[1m[20:41:08.025][info]  [QUERYPR...] Found 1 tasks
[00m[1m[20:41:08.025][info]  [TASKEXE...] Adding task to queue. QueryID: 28, model: fake-model:1
[00m[1m[20:41:08.039][info]  [QUERYPR...] Found 1 tasks
[00m[1m[20:41:08.039][info]  [TASKEXE...] Adding task to queue. QueryID: 29, model: fake-model:1
[00m[1m[20:41:08.053][info]  [QUERYPR...] Found 1 tasks
[00m[1m[20:41:08.053][info]  [TASKEXE...] Adding task to queue. QueryID: 30, model: fake-model:1
[00m[1m[20:41:08.067][info]  [QUERYPR...] Found 1 tasks
[00m[1m[20:41:08.067][info]  [TASKEXE...] Adding task to queue. QueryID: 31, model: fake-model:1
[00m[1m[20:41:08.080][info]  [QUERYPR...] Found 1 tasks
[00m[1m[20:41:08.080][info]  [TASKEXE...] Adding task to queue. QueryID: 32, model: fake-model:1
[00m[1m[20:41:08.094][info]  [QUERYPR...] Found 1 tasks
[00m[1m[20:41:08.094][info]  [TASKEXE...] Adding task to queue. QueryID: 33, model: fake-model:1
[00m[1m[20:41:08.108][info]  [QUERYPR...] Found 1 tasks
[00m[1m[20:41:08.108][info]  [TASKEXE...] Adding task to queue. QueryID: 34, model: fake-model:1
[00m[1m[20:41:08.121][info]  [QUERYPR...] Found 1 tasks
[00m[1m[20:41:08.121][info]  [TASKEXE...] Adding task to queue. QueryID: 35, model: fake-model:1
[00m[1m[20:41:08.135][info]  [QUERYPR...] Found 1 tasks
[00m[1m[20:41:08.135][info]  [TASKEXE...] Adding task to queue. QueryID: 36, model: fake-model:1
[00m[1m[20:41:08.149][info]  [QUERYPR...] Found 1 tasks
[00m[1m[20:41:08.149][info]  [TASKEXE...] Adding task to queue. QueryID: 37, model: fake-model:1
[00m[1m[20:41:08.163][info]         [RPC] Found message to receive
[00m[1m[20:41:08.163][info]  [TASKEXE...] Sending batch to model: fake-model:1 replica 0.Batch size: 8. Query IDs: 20 21 22 23 24 25 26 27 
[00m[1m[20:41:08.163][info]  [QUERYPR...] Found 1 tasks
[00m[1m[20:41:08.163][info]  [TASKEXE...] Adding task to queue. QueryID: 38, model: fake-model:1
[00m[1m[20:41:08.176][info]  [QUERYPR...] Found 1 tasks
[00m[1m[20:41:08.176][info]  [TASKEXE...] Adding task to queue. QueryID: 39, model: fake-model:1
[00m[1m[20:41:08.190][info]  [QUERYPR...] Found 1 tasks
[00m[1m[20:41:08.190][info]  [TASKEXE...] Adding task to queue. QueryID: 40, model: fake-model:1
[00m[1m[20:41:08.204][info]  [QUERYPR...] Found 1 tasks
[00m[1m[20:41:08.204][info]  [TASKEXE...] Adding task to queue. QueryID: 41, model: fake-model:1
[00m[1m[20:41:08.218][info]  [QUERYPR...] Found 1 tasks
[00m[1m[20:41:08.218][info]  [TASKEXE...] Adding task to queue. QueryID: 42, model: fake-model:1
[00m[1m[20:41:08.231][info]  [QUERYPR...] Found 1 tasks
[00m[1m[20:41:08.231][info]  [TASKEXE...] Adding task to queue. QueryID: 43, model: fake-model:1
[00m[1m[20:41:08.245][info]  [QUERYPR...] Found 1 tasks
[00m[1m[20:41:08.245][info]  [TASKEXE...] Adding task to queue. QueryID: 44, model: fake-model:1
[00m[1m[20:41:08.259][info]  [QUERYPR...] Found 1 tasks
[00m[1m[20:41:08.259][info]  [TASKEXE...] Adding task to queue. QueryID: 45, model: fake-model:1
[00m[1m[20:41:08.273][info]  [QUERYPR...] Found 1 tasks
[00m[1m[20:41:08.273][info]  [TASKEXE...] Adding task to queue. QueryID: 46, model: fake-model:1
[00m[1m[20:41:08.286][info]  [QUERYPR...] Found 1 tasks
[00m[1m[20:41:08.286][info]  [TASKEXE...] Adding task to queue. QueryID: 47, model: fake-model:1
[00m[1m[20:41:08.301][info]  [QUERYPR...] Found 1 tasks
[00m[1m[20:41:08.301][info]  [TASKEXE...] Adding task to queue. QueryID: 48, model: fake-model:1
[00m[1m[20:41:08.319][info]  [QUERYPR...] Found 1 tasks
[00m[1m[20:41:08.319][info]  [TASKEXE...] Adding task to queue. QueryID: 49, model: fake-model:1
[00m[1m[20:41:08.337][info]  [QUERYPR...] Found 1 tasks
[00m[1m[20:41:08.337][info]  [TASKEXE...] Adding task to queue. QueryID: 50, model: fake-model:1
[00m[1m[20:41:08.355][info]  [QUERYPR...] Found 1 tasks
[00m[1m[20:41:08.355][info]  [TASKEXE...] Adding task to queue. QueryID: 51, model: fake-model:1
[00m[1m[20:41:08.366][info]  [QUERYPR...] Found 1 tasks
[00m[1m[20:41:08.366][info]  [TASKEXE...] Adding task to queue. QueryID: 52, model: fake-model:1
[00m[1m[20:41:08.373][info]         [RPC] Found message to receive
[00m[1m[20:41:08.373][info]  [TASKEXE...] Sending batch to model: fake-model:1 replica 0.Batch size: 8. Query IDs: 36 37 38 39 40 41 42 43 
[00m[1m[20:41:08.377][info]  [QUERYPR...] Found 1 tasks
[00m[1m[20:41:08.377][info]  [TASKEXE...] Adding task to queue. QueryID: 53, model: fake-model:1
[00m[1m[20:41:08.388][info]  [QUERYPR...] Found 1 tasks
[00m[1m[20:41:08.388][info]  [TASKEXE...] Adding task to queue. QueryID: 54, model: fake-model:1
[00m[1m[20:41:08.399][info]  [QUERYPR...] Found 1 tasks
[00m[1m[20:41:08.399][info]  [TASKEXE...] Adding task to queue. QueryID: 55, model: fake-model:1
[00m[1m[20:41:08.410][info]  [QUERYPR...] Found 1 tasks
[00m[1m[20:41:08.410][info]  [TASKEXE...] Adding task to queue. QueryID: 56, model: fake-model:1
[00m[1m[20:41:08.421][info]  [QUERYPR...] Found 1 tasks
[00m[1m[20:41:08.421][info]  [TASKEXE...] Adding task to queue. QueryID: 57, model: fake-model:1
[00m[1m[20:41:08.432][info]  [QUERYPR...] Found 1 tasks
[00m[1m[20:41:08.432][info]  [TASKEXE...] Adding task to queue. QueryID: 58, model: fake-model:1
[00m[1m[20:41:08.443][info]  [QUERYPR...] Found 1 tasks
[00m[1m[20:41:08.443][info]  [TASKEXE...] Adding task to queue. QueryID: 59, model: fake-model:1
[00m[1m[20:41:08.454][info]  [QUERYPR...] Found 1 tasks
[00m[1m[20:41:08.454][info]  [TASKEXE...] Adding task to queue. QueryID: 60, model: fake-model:1
[00m[1m[20:41:08.465][info]  [QUERYPR...] Found 1 tasks
[00m[1m[20:41:08.465][info]  [TASKEXE...] Adding task to queue. QueryID: 61, model: fake-model:1
[00m[1m[20:41:08.476][info]  [QUERYPR...] Found 1 tasks
[00m[1m[20:41:08.476][info]  [TASKEXE...] Adding task to queue. QueryID: 62, model: fake-model:1
[00m[1m[20:41:08.487][info]  [QUERYPR...] Found 1 tasks
[00m[1m[20:41:08.487][info]  [TASKEXE...] Adding task to queue. QueryID: 63, model: fake-model:1
[00m[1m[20:41:08.498][info]  [QUERYPR...] Found 1 tasks
[00m[1m[20:41:08.498][info]  [TASKEXE...] Adding task to queue. QueryID: 64, model: fake-model:1
[00m[1m[20:41:08.509][info]  [QUERYPR...] Found 1 tasks
[00m[1m[20:41:08.509][info]  [TASKEXE...] Adding task to queue. QueryID: 65, model: fake-model:1
[00m[1m[20:41:08.521][info]  [QUERYPR...] Found 1 tasks
[00m[1m[20:41:08.521][info]  [TASKEXE...] Adding task to queue. QueryID: 66, model: fake-model:1
[00m[1m[20:41:08.534][info]  [QUERYPR...] Found 1 tasks
[00m[1m[20:41:08.534][info]  [TASKEXE...] Adding task to queue. QueryID: 67, model: fake-model:1
[00m[1m[20:41:08.548][info]  [QUERYPR...] Found 1 tasks
[00m[1m[20:41:08.548][info]  [TASKEXE...] Adding task to queue. QueryID: 68, model: fake-model:1
[00m[1m[20:41:08.561][info]  [QUERYPR...] Found 1 tasks
[00m[1m[20:41:08.561][info]  [TASKEXE...] Adding task to queue. QueryID: 69, model: fake-model:1
[00m[1m[20:41:08.562][info]         [RPC] Found message to receive
[00m[1m[20:41:08.562][info]  [TASKEXE...] Sending batch to model: fake-model:1 replica 0.Batch size: 8. Query IDs: 49 50 51 52 53 54 55 56 
[00m[1m[20:41:08.575][info]  [QUERYPR...] Found 1 tasks
[00m[1m[20:41:08.575][info]  [TASKEXE...] Adding task to queue. QueryID: 70, model: fake-model:1
[00m[1m[20:41:08.594][info]  [QUERYPR...] Found 1 tasks
[00m[1m[20:41:08.594][info]  [TASKEXE...] Adding task to queue. QueryID: 71, model: fake-model:1
[00m[1m[20:41:08.612][info]  [QUERYPR...] Found 1 tasks
[00m[1m[20:41:08.612][info]  [TASKEXE...] Adding task to queue. QueryID: 72, model: fake-model:1
[00m[1m[20:41:08.630][info]  [QUERYPR...] Found 1 tasks
[00m[1m[20:41:08.630][info]  [TASKEXE...] Adding task to queue. QueryID: 73, model: fake-model:1
[00m[1m[20:41:08.644][info]  [QUERYPR...] Found 1 tasks
[00m[1m[20:41:08.644][info]  [TASKEXE...] Adding task to queue. QueryID: 74, model: fake-model:1
[00m[1m[20:41:08.658][info]  [QUERYPR...] Found 1 tasks
[00m[1m[20:41:08.658][info]  [TASKEXE...] Adding task to queue. QueryID: 75, model: fake-model:1
[00m[1m[20:41:08.671][info]  [QUERYPR...] Found 1 tasks
[00m[1m[20:41:08.672][info]  [TASKEXE...] Adding task to queue. QueryID: 76, model: fake-model:1
[00m[1m[20:41:08.685][info]  [QUERYPR...] Found 1 tasks
[00m[1m[20:41:08.685][info]  [TASKEXE...] Adding task to queue. QueryID: 77, model: fake-model:1
[00m[1m[20:41:08.696][info]  [QUERYPR...] Found 1 tasks
[00m[1m[20:41:08.696][info]  [TASKEXE...] Adding task to queue. QueryID: 78, model: fake-model:1
[00m[1m[20:41:08.707][info]  [QUERYPR...] Found 1 tasks
[00m[1m[20:41:08.707][info]  [TASKEXE...] Adding task to queue. QueryID: 79, model: fake-model:1
[00m[1m[20:41:08.718][info]  [QUERYPR...] Found 1 tasks
[00m[1m[20:41:08.718][info]  [TASKEXE...] Adding task to queue. QueryID: 80, model: fake-model:1
[00m[1m[20:41:08.729][info]  [QUERYPR...] Found 1 tasks
[00m[1m[20:41:08.729][info]  [TASKEXE...] Adding task to queue. QueryID: 81, model: fake-model:1
[00m[1m[20:41:08.740][info]  [QUERYPR...] Found 1 tasks
[00m[1m[20:41:08.740][info]  [TASKEXE...] Adding task to queue. QueryID: 82, model: fake-model:1
[00m[1m[20:41:08.754][info]  [QUERYPR...] Found 1 tasks
[00m[1m[20:41:08.754][info]  [TASKEXE...] Adding task to queue. QueryID: 83, model: fake-model:1
[00m[1m[20:41:08.768][info]  [QUERYPR...] Found 1 tasks
[00m[1m[20:41:08.768][info]  [TASKEXE...] Adding task to queue. QueryID: 84, model: fake-model:1
[00m[1m[20:41:08.781][info]  [QUERYPR...] Found 1 tasks
[00m[1m[20:41:08.782][info]  [TASKEXE...] Adding task to queue. QueryID: 85, model: fake-model:1
[00m[1m[20:41:08.794][info]         [RPC] Found message to receive
[00m[1m[20:41:08.794][info]  [TASKEXE...] Sending batch to model: fake-model:1 replica 0.Batch size: 8. Query IDs: 69 70 71 72 73 74 75 76 
[00m[1m[20:41:08.795][info]  [QUERYPR...] Found 1 tasks
[00m[1m[20:41:08.795][info]  [TASKEXE...] Adding task to queue. QueryID: 86, model: fake-model:1
[00m[1m[20:41:08.809][info]  [QUERYPR...] Found 1 tasks
[00m[1m[20:41:08.809][info]  [TASKEXE...] Adding task to queue. QueryID: 87, model: fake-model:1
[00m[1m[20:41:08.823][info]  [QUERYPR...] Found 1 tasks
[00m[1m[20:41:08.823][info]  [TASKEXE...] Adding task to queue. QueryID: 88, model: fake-model:1
[00m[1m[20:41:08.837][info]  [QUERYPR...] Found 1 tasks
[00m[1m[20:41:08.837][info]  [TASKEXE...] Adding task to queue. QueryID: 89, model: fake-model:1
[00m[1m[20:41:08.850][info]  [QUERYPR...] Found 1 tasks
[00m[1m[20:41:08.850][info]  [TASKEXE...] Adding task to queue. QueryID: 90, model: fake-model:1
[00m[1m[20:41:08.861][info]  [QUERYPR...] Found 1 tasks
[00m[1m[20:41:08.861][info]  [TASKEXE...] Adding task to queue. QueryID: 91, model: fake-model:1
[00m[1m[20:41:08.872][info]  [QUERYPR...] Found 1 tasks
[00m[1m[20:41:08.872][info]  [TASKEXE...] Adding task to queue. QueryID: 92, model: fake-model:1
[00m[1m[20:41:08.883][info]  [QUERYPR...] Found 1 tasks
[00m[1m[20:41:08.883][info]  [TASKEXE...] Adding task to queue. QueryID: 93, model: fake-model:1
[00m[1m[20:41:08.894][info]  [QUERYPR...] Found 1 tasks
[00m[1m[20:41:08.894][info]  [TASKEXE...] Adding task to queue. QueryID: 94, model: fake-model:1
[00m[1m[20:41:08.905][info]  [QUERYPR...] Found 1 tasks
[00m[1m[20:41:08.905][info]  [TASKEXE...] Adding task to queue. QueryID: 95, model: fake-model:1
[00m[1m[20:41:08.919][info]  [QUERYPR...] Found 1 tasks
[00m[1m[20:41:08.919][info]  [TASKEXE...] Adding task to queue. QueryID: 96, model: fake-model:1
[00m[1m[20:41:08.933][info]  [QUERYPR...] Found 1 tasks
[00m[1m[20:41:08.933][info]  [TASKEXE...] Adding task to queue. QueryID: 97, model: fake-model:1
[00m[1m[20:41:08.946][info]  [QUERYPR...] Found 1 tasks
[00m[1m[20:41:08.946][info]  [TASKEXE...] Adding task to queue. QueryID: 98, model: fake-model:1
[00m[1m[20:41:08.960][info]  [QUERYPR...] Found 1 tasks
[00m[1m[20:41:08.960][info]  [TASKEXE...] Adding task to queue. QueryID: 99, model: fake-model:1
[00m[1m[20:41:08.971][info]  [QUERYPR...] Found 1 tasks
[00m[1m[20:41:08.971][info]  [TASKEXE...] Adding task to queue. QueryID: 100, model: fake-model:1
[00m[1m[20:41:08.982][info]  [QUERYPR...] Found 1 tasks
[00m[1m[20:41:08.982][info]  [TASKEXE...] Adding task to queue. QueryID: 101, model: fake-model:1
[00m[1m[20:41:08.988][info]         [RPC] Found message to receive
[00m[1m[20:41:08.988][info]  [TASKEXE...] Sending batch to model: fake-model:1 replica 0.Batch size: 8. Query IDs: 83 84 85 86 87 88 89 90 
[00m[1m[20:41:08.993][info]  [QUERYPR...] Found 1 tasks
[00m[1m[20:41:08.993][info]  [TASKEXE...] Adding task to queue. QueryID: 102, model: fake-model:1
[00m[1m[20:41:09.004][info]  [QUERYPR...] Found 1 tasks
[00m[1m[20:41:09.004][info]  [TASKEXE...] Adding task to queue. QueryID: 103, model: fake-model:1
[00m[1m[20:41:09.015][info]  [QUERYPR...] Found 1 tasks
[00m[1m[20:41:09.015][info]  [TASKEXE...] Adding task to queue. QueryID: 104, model: fake-model:1
[00m[1m[20:41:09.029][info]  [QUERYPR...] Found 1 tasks
[00m[1m[20:41:09.029][info]  [TASKEXE...] Adding task to queue. QueryID: 105, model: fake-model:1
[00m[1m[20:41:09.043][info]  [QUERYPR...] Found 1 tasks
[00m[1m[20:41:09.043][info]  [TASKEXE...] Adding task to queue. QueryID: 106, model: fake-model:1
[00m[1m[20:41:09.057][info]  [QUERYPR...] Found 1 tasks
[00m[1m[20:41:09.057][info]  [TASKEXE...] Adding task to queue. QueryID: 107, model: fake-model:1
[00m[1m[20:41:09.070][info]  [QUERYPR...] Found 1 tasks
[00m[1m[20:41:09.070][info]  [TASKEXE...] Adding task to queue. QueryID: 108, model: fake-model:1
[00m[1m[20:41:09.081][info]  [QUERYPR...] Found 1 tasks
[00m[1m[20:41:09.081][info]  [TASKEXE...] Adding task to queue. QueryID: 109, model: fake-model:1
[00m[1m[20:41:09.092][info]  [QUERYPR...] Found 1 tasks
[00m[1m[20:41:09.092][info]  [TASKEXE...] Adding task to queue. QueryID: 110, model: fake-model:1
[00m[1m[20:41:09.103][info]  [QUERYPR...] Found 1 tasks
[00m[1m[20:41:09.103][info]  [TASKEXE...] Adding task to queue. QueryID: 111, model: fake-model:1
[00m[1m[20:41:09.114][info]  [QUERYPR...] Found 1 tasks
[00m[1m[20:41:09.114][info]  [TASKEXE...] Adding task to queue. QueryID: 112, model: fake-model:1
[00m[1m[20:41:09.125][info]  [QUERYPR...] Found 1 tasks
[00m[1m[20:41:09.125][info]  [TASKEXE...] Adding task to queue. QueryID: 113, model: fake-model:1
[00m[1m[20:41:09.136][info]  [QUERYPR...] Found 1 tasks
[00m[1m[20:41:09.136][info]  [TASKEXE...] Adding task to queue. QueryID: 114, model: fake-model:1
[00m[1m[20:41:09.147][info]  [QUERYPR...] Found 1 tasks
[00m[1m[20:41:09.147][info]  [TASKEXE...] Adding task to queue. QueryID: 115, model: fake-model:1
[00m[1m[20:41:09.158][info]  [QUERYPR...] Found 1 tasks
[00m[1m[20:41:09.158][info]  [TASKEXE...] Adding task to queue. QueryID: 116, model: fake-model:1
[00m[1m[20:41:09.169][info]  [QUERYPR...] Found 1 tasks
[00m[1m[20:41:09.169][info]  [TASKEXE...] Adding task to queue. QueryID: 117, model: fake-model:1
[00m[1m[20:41:09.181][info]  [QUERYPR...] Found 1 tasks
[00m[1m[20:41:09.181][info]  [TASKEXE...] Adding task to queue. QueryID: 118, model: fake-model:1
[00m[1m[20:41:09.194][info]  [QUERYPR...] Found 1 tasks
[00m[1m[20:41:09.194][info]  [TASKEXE...] Adding task to queue. QueryID: 119, model: fake-model:1
[00m[1m[20:41:09.206][info]         [RPC] Found message to receive
[00m[1m[20:41:09.206][info]  [TASKEXE...] Sending batch to model: fake-model:1 replica 0.Batch size: 8. Query IDs: 100 101 102 103 104 105 106 107 
[00m[1m[20:41:09.208][info]  [QUERYPR...] Found 1 tasks
[00m[1m[20:41:09.208][info]  [TASKEXE...] Adding task to queue. QueryID: 120, model: fake-model:1
[00m[1m[20:41:09.222][info]  [QUERYPR...] Found 1 tasks
[00m[1m[20:41:09.222][info]  [TASKEXE...] Adding task to queue. QueryID: 121, model: fake-model:1
[00m[1m[20:41:09.235][info]  [QUERYPR...] Found 1 tasks
[00m[1m[20:41:09.235][info]  [TASKEXE...] Adding task to queue. QueryID: 122, model: fake-model:1
[00m[1m[20:41:09.254][info]  [QUERYPR...] Found 1 tasks
[00m[1m[20:41:09.254][info]  [TASKEXE...] Adding task to queue. QueryID: 123, model: fake-model:1
[00m[1m[20:41:09.272][info]  [QUERYPR...] Found 1 tasks
[00m[1m[20:41:09.272][info]  [TASKEXE...] Adding task to queue. QueryID: 124, model: fake-model:1
[00m[1m[20:41:09.290][info]  [QUERYPR...] Found 1 tasks
[00m[1m[20:41:09.291][info]  [TASKEXE...] Adding task to queue. QueryID: 125, model: fake-model:1
[00m[1m[20:41:09.304][info]  [QUERYPR...] Found 1 tasks
[00m[1m[20:41:09.304][info]  [TASKEXE...] Adding task to queue. QueryID: 126, model: fake-model:1
[00m[1m[20:41:09.318][info]  [QUERYPR...] Found 1 tasks
[00m[1m[20:41:09.318][info]  [TASKEXE...] Adding task to queue. QueryID: 127, model: fake-model:1
[00m[1m[20:41:09.332][info]  [QUERYPR...] Found 1 tasks
[00m[1m[20:41:09.332][info]  [TASKEXE...] Adding task to queue. QueryID: 128, model: fake-model:1
[00m[1m[20:41:09.345][info]  [QUERYPR...] Found 1 tasks
[00m[1m[20:41:09.345][info]  [TASKEXE...] Adding task to queue. QueryID: 129, model: fake-model:1
[00m[1m[20:41:09.356][info]  [QUERYPR...] Found 1 tasks
[00m[1m[20:41:09.356][info]  [TASKEXE...] Adding task to queue. QueryID: 130, model: fake-model:1
[00m[1m[20:41:09.367][info]  [QUERYPR...] Found 1 tasks
[00m[1m[20:41:09.367][info]  [TASKEXE...] Adding task to queue. QueryID: 131, model: fake-model:1
[00m[1m[20:41:09.378][info]  [QUERYPR...] Found 1 tasks
[00m[1m[20:41:09.378][info]  [TASKEXE...] Adding task to queue. QueryID: 132, model: fake-model:1
[00m[1m[20:41:09.389][info]  [QUERYPR...] Found 1 tasks
[00m[1m[20:41:09.389][info]  [TASKEXE...] Adding task to queue. QueryID: 133, model: fake-model:1
[00m[1m[20:41:09.400][info]  [QUERYPR...] Found 1 tasks
[00m[1m[20:41:09.400][info]  [TASKEXE...] Adding task to queue. QueryID: 134, model: fake-model:1
[00m[1m[20:41:09.414][info]  [QUERYPR...] Found 1 tasks
[00m[1m[20:41:09.414][info]  [TASKEXE...] Adding task to queue. QueryID: 135, model: fake-model:1
[00m[1m[20:41:09.417][info]         [RPC] Found message to receive
[00m[1m[20:41:09.417][info]  [TASKEXE...] Sending batch to model: fake-model:1 replica 0.Batch size: 8. Query IDs: 118 119 120 121 122 123 124 125 
[00m[1m[20:41:09.428][info]  [QUERYPR...] Found 1 tasks
[00m[1m[20:41:09.428][info]  [TASKEXE...] Adding task to queue. QueryID: 136, model: fake-model:1
[00m[1m[20:41:09.442][info]  [QUERYPR...] Found 1 tasks
[00m[1m[20:41:09.442][info]  [TASKEXE...] Adding task to queue. QueryID: 137, model: fake-model:1
[00m[1m[20:41:09.455][info]  [QUERYPR...] Found 1 tasks
[00m[1m[20:41:09.455][info]  [TASKEXE...] Adding task to queue. QueryID: 138, model: fake-model:1
[00m[1m[20:41:09.469][info]  [QUERYPR...] Found 1 tasks
[00m[1m[20:41:09.469][info]  [TASKEXE...] Adding task to queue. QueryID: 139, model: fake-model:1
[00m[1m[20:41:09.483][info]  [QUERYPR...] Found 1 tasks
[00m[1m[20:41:09.483][info]  [TASKEXE...] Adding task to queue. QueryID: 140, model: fake-model:1
[00m[1m[20:41:09.497][info]  [QUERYPR...] Found 1 tasks
[00m[1m[20:41:09.497][info]  [TASKEXE...] Adding task to queue. QueryID: 141, model: fake-model:1
[00m[1m[20:41:09.510][info]  [QUERYPR...] Found 1 tasks
[00m[1m[20:41:09.510][info]  [TASKEXE...] Adding task to queue. QueryID: 142, model: fake-model:1
[00m[1m[20:41:09.529][info]  [QUERYPR...] Found 1 tasks
[00m[1m[20:41:09.529][info]  [TASKEXE...] Adding task to queue. QueryID: 143, model: fake-model:1
[00m[1m[20:41:09.547][info]  [QUERYPR...] Found 1 tasks
[00m[1m[20:41:09.547][info]  [TASKEXE...] Adding task to queue. QueryID: 144, model: fake-model:1
[00m[1m[20:41:09.566][info]  [QUERYPR...] Found 1 tasks
[00m[1m[20:41:09.566][info]  [TASKEXE...] Adding task to queue. QueryID: 145, model: fake-model:1
[00m[1m[20:41:09.576][info]  [QUERYPR...] Found 1 tasks
[00m[1m[20:41:09.576][info]  [TASKEXE...] Adding task to queue. QueryID: 146, model: fake-model:1
[00m[1m[20:41:09.587][info]  [QUERYPR...] Found 1 tasks
[00m[1m[20:41:09.587][info]  [TASKEXE...] Adding task to queue. QueryID: 147, model: fake-model:1
[00m[1m[20:41:09.598][info]  [QUERYPR...] Found 1 tasks
[00m[1m[20:41:09.598][info]  [TASKEXE...] Adding task to queue. QueryID: 148, model: fake-model:1
[00m[1m[20:41:09.609][info]  [QUERYPR...] Found 1 tasks
[00m[1m[20:41:09.609][info]  [TASKEXE...] Adding task to queue. QueryID: 149, model: fake-model:1
[00m[1m[20:41:09.620][info]  [QUERYPR...] Found 1 tasks
[00m[1m[20:41:09.620][info]  [TASKEXE...] Adding task to queue. QueryID: 150, model: fake-model:1
[00m[1m[20:41:09.631][info]  [QUERYPR...] Found 1 tasks
[00m[1m[20:41:09.631][info]  [TASKEXE...] Adding task to queue. QueryID: 151, model: fake-model:1
[00m[1m[20:41:09.632][info]         [RPC] Found message to receive
[00m[1m[20:41:09.633][info]  [TASKEXE...] Sending batch to model: fake-model:1 replica 0.Batch size: 8. Query IDs: 133 134 135 136 137 138 139 140 
[00m[1m[20:41:09.642][info]  [QUERYPR...] Found 1 tasks
[00m[1m[20:41:09.642][info]  [TASKEXE...] Adding task to queue. QueryID: 152, model: fake-model:1
[00m[1m[20:41:09.653][info]  [QUERYPR...] Found 1 tasks
[00m[1m[20:41:09.654][info]  [TASKEXE...] Adding task to queue. QueryID: 153, model: fake-model:1
[00m[1m[20:41:09.665][info]  [QUERYPR...] Found 1 tasks
[00m[1m[20:41:09.665][info]  [TASKEXE...] Adding task to queue. QueryID: 154, model: fake-model:1
[00m[1m[20:41:09.676][info]  [QUERYPR...] Found 1 tasks
[00m[1m[20:41:09.676][info]  [TASKEXE...] Adding task to queue. QueryID: 155, model: fake-model:1
[00m[1m[20:41:09.685][info]  [QUERYPR...] Found 1 tasks
[00m[1m[20:41:09.685][info]  [TASKEXE...] Adding task to queue. QueryID: 156, model: fake-model:1
[00m[1m[20:41:09.694][info]  [QUERYPR...] Found 1 tasks
[00m[1m[20:41:09.694][info]  [TASKEXE...] Adding task to queue. QueryID: 157, model: fake-model:1
[00m[1m[20:41:09.703][info]  [QUERYPR...] Found 1 tasks
[00m[1m[20:41:09.703][info]  [TASKEXE...] Adding task to queue. QueryID: 158, model: fake-model:1
[00m[1m[20:41:09.712][info]  [QUERYPR...] Found 1 tasks
[00m[1m[20:41:09.712][info]  [TASKEXE...] Adding task to queue. QueryID: 159, model: fake-model:1
[00m[1m[20:41:09.721][info]  [QUERYPR...] Found 1 tasks
[00m[1m[20:41:09.721][info]  [TASKEXE...] Adding task to queue. QueryID: 160, model: fake-model:1
[00m[1m[20:41:09.730][info]  [QUERYPR...] Found 1 tasks
[00m[1m[20:41:09.730][info]  [TASKEXE...] Adding task to queue. QueryID: 161, model: fake-model:1
[00m[1m[20:41:09.741][info]  [QUERYPR...] Found 1 tasks
[00m[1m[20:41:09.741][info]  [TASKEXE...] Adding task to queue. QueryID: 162, model: fake-model:1
[00m[1m[20:41:09.752][info]  [QUERYPR...] Found 1 tasks
[00m[1m[20:41:09.752][info]  [TASKEXE...] Adding task to queue. QueryID: 163, model: fake-model:1
[00m[1m[20:41:09.763][info]  [QUERYPR...] Found 1 tasks
[00m[1m[20:41:09.764][info]  [TASKEXE...] Adding task to queue. QueryID: 164, model: fake-model:1
[00m[1m[20:41:09.775][info]  [QUERYPR...] Found 1 tasks
[00m[1m[20:41:09.775][info]  [TASKEXE...] Adding task to queue. QueryID: 165, model: fake-model:1
[00m[1m[20:41:09.785][info]  [QUERYPR...] Found 1 tasks
[00m[1m[20:41:09.785][info]  [TASKEXE...] Adding task to queue. QueryID: 166, model: fake-model:1
[00m[1m[20:41:09.797][info]  [QUERYPR...] Found 1 tasks
[00m[1m[20:41:09.797][info]  [TASKEXE...] Adding task to queue. QueryID: 167, model: fake-model:1
[00m[1m[20:41:09.808][info]  [QUERYPR...] Found 1 tasks
[00m[1m[20:41:09.808][info]  [TASKEXE...] Adding task to queue. QueryID: 168, model: fake-model:1
[00m[1m[20:41:09.819][info]  [QUERYPR...] Found 1 tasks
[00m[1m[20:41:09.819][info]  [TASKEXE...] Adding task to queue. QueryID: 169, model: fake-model:1
[00m[1m[20:41:09.829][info]  [QUERYPR...] Found 1 tasks
[00m[1m[20:41:09.830][info]  [TASKEXE...] Adding task to queue. QueryID: 170, model: fake-model:1
[00m[1m[20:41:09.840][info]  [QUERYPR...] Found 1 tasks
[00m[1m[20:41:09.841][info]  [TASKEXE...] Adding task to queue. QueryID: 171, model: fake-model:1
[00m[1m[20:41:09.841][info]         [RPC] Found message to receive
[00m[1m[20:41:09.842][info]  [TASKEXE...] Sending batch to model: fake-model:1 replica 0.Batch size: 8. Query IDs: 148 149 150 151 152 153 154 155 
[00m[1m[20:41:09.852][info]  [QUERYPR...] Found 1 tasks
[00m[1m[20:41:09.852][info]  [TASKEXE...] Adding task to queue. QueryID: 172, model: fake-model:1
[00m[1m[20:41:09.863][info]  [QUERYPR...] Found 1 tasks
[00m[1m[20:41:09.863][info]  [TASKEXE...] Adding task to queue. QueryID: 173, model: fake-model:1
[00m[1m[20:41:09.873][info]  [QUERYPR...] Found 1 tasks
[00m[1m[20:41:09.874][info]  [TASKEXE...] Adding task to queue. QueryID: 174, model: fake-model:1
[00m[1m[20:41:09.884][info]  [QUERYPR...] Found 1 tasks
[00m[1m[20:41:09.885][info]  [TASKEXE...] Adding task to queue. QueryID: 175, model: fake-model:1
[00m[1m[20:41:09.896][info]  [QUERYPR...] Found 1 tasks
[00m[1m[20:41:09.896][info]  [TASKEXE...] Adding task to queue. QueryID: 176, model: fake-model:1
[00m[1m[20:41:09.909][info]  [QUERYPR...] Found 1 tasks
[00m[1m[20:41:09.909][info]  [TASKEXE...] Adding task to queue. QueryID: 177, model: fake-model:1
[00m[1m[20:41:09.923][info]  [QUERYPR...] Found 1 tasks
[00m[1m[20:41:09.923][info]  [TASKEXE...] Adding task to queue. QueryID: 178, model: fake-model:1
[00m[1m[20:41:09.937][info]  [QUERYPR...] Found 1 tasks
[00m[1m[20:41:09.937][info]  [TASKEXE...] Adding task to queue. QueryID: 179, model: fake-model:1
[00m[1m[20:41:09.951][info]  [QUERYPR...] Found 1 tasks
[00m[1m[20:41:09.951][info]  [TASKEXE...] Adding task to queue. QueryID: 180, model: fake-model:1
[00m[1m[20:41:09.960][info]  [QUERYPR...] Found 1 tasks
[00m[1m[20:41:09.960][info]  [TASKEXE...] Adding task to queue. QueryID: 181, model: fake-model:1
[00m[1m[20:41:09.969][info]  [QUERYPR...] Found 1 tasks
[00m[1m[20:41:09.969][info]  [TASKEXE...] Adding task to queue. QueryID: 182, model: fake-model:1
[00m[1m[20:41:09.978][info]  [QUERYPR...] Found 1 tasks
[00m[1m[20:41:09.978][info]  [TASKEXE...] Adding task to queue. QueryID: 183, model: fake-model:1
[00m[1m[20:41:09.987][info]  [QUERYPR...] Found 1 tasks
[00m[1m[20:41:09.987][info]  [TASKEXE...] Adding task to queue. QueryID: 184, model: fake-model:1
[00m[1m[20:41:09.996][info]  [QUERYPR...] Found 1 tasks
[00m[1m[20:41:09.996][info]  [TASKEXE...] Adding task to queue. QueryID: 185, model: fake-model:1
[00m[1m[20:41:10.005][info]  [QUERYPR...] Found 1 tasks
[00m[1m[20:41:10.005][info]  [TASKEXE...] Adding task to queue. QueryID: 186, model: fake-model:1
[00m[1m[20:41:10.019][info]  [QUERYPR...] Found 1 tasks
[00m[1m[20:41:10.019][info]  [TASKEXE...] Adding task to queue. QueryID: 187, model: fake-model:1
[00m[1m[20:41:10.033][info]  [QUERYPR...] Found 1 tasks
[00m[1m[20:41:10.033][info]  [TASKEXE...] Adding task to queue. QueryID: 188, model: fake-model:1
[00m[1m[20:41:10.047][info]  [QUERYPR...] Found 1 tasks
[00m[1m[20:41:10.047][info]  [TASKEXE...] Adding task to queue. QueryID: 189, model: fake-model:1
[00m[1m[20:41:10.056][info]         [RPC] Found message to receive
[00m[1m[20:41:10.056][info]  [TASKEXE...] Sending batch to model: fake-model:1 replica 0.Batch size: 8. Query IDs: 169 170 171 172 173 174 175 176 
[00m[1m[20:41:10.061][info]  [QUERYPR...] Found 1 tasks
[00m[1m[20:41:10.061][info]  [TASKEXE...] Adding task to queue. QueryID: 190, model: fake-model:1
[00m[1m[20:41:10.072][info]  [QUERYPR...] Found 1 tasks
[00m[1m[20:41:10.072][info]  [TASKEXE...] Adding task to queue. QueryID: 191, model: fake-model:1
[00m[1m[20:41:10.083][info]  [QUERYPR...] Found 1 tasks
[00m[1m[20:41:10.083][info]  [TASKEXE...] Adding task to queue. QueryID: 192, model: fake-model:1
[00m[1m[20:41:10.094][info]  [QUERYPR...] Found 1 tasks
[00m[1m[20:41:10.094][info]  [TASKEXE...] Adding task to queue. QueryID: 193, model: fake-model:1
[00m[1m[20:41:10.105][info]  [QUERYPR...] Found 1 tasks
[00m[1m[20:41:10.105][info]  [TASKEXE...] Adding task to queue. QueryID: 194, model: fake-model:1
[00m[1m[20:41:10.116][info]  [QUERYPR...] Found 1 tasks
[00m[1m[20:41:10.116][info]  [TASKEXE...] Adding task to queue. QueryID: 195, model: fake-model:1
[00m[1m[20:41:10.125][info]  [QUERYPR...] Found 1 tasks
[00m[1m[20:41:10.125][info]  [TASKEXE...] Adding task to queue. QueryID: 196, model: fake-model:1
[00m[1m[20:41:10.134][info]  [QUERYPR...] Found 1 tasks
[00m[1m[20:41:10.134][info]  [TASKEXE...] Adding task to queue. QueryID: 197, model: fake-model:1
[00m[1m[20:41:10.143][info]  [QUERYPR...] Found 1 tasks
[00m[1m[20:41:10.143][info]  [TASKEXE...] Adding task to queue. QueryID: 198, model: fake-model:1
[00m[1m[20:41:10.152][info]  [QUERYPR...] Found 1 tasks
[00m[1m[20:41:10.152][info]  [TASKEXE...] Adding task to queue. QueryID: 199, model: fake-model:1
[00m[1m[20:41:10.161][info]  [QUERYPR...] Found 1 tasks
[00m[1m[20:41:10.161][info]  [TASKEXE...] Adding task to queue. QueryID: 200, model: fake-model:1
[00m[1m[20:41:10.170][info]  [QUERYPR...] Found 1 tasks
[00m[1m[20:41:10.171][info]  [TASKEXE...] Adding task to queue. QueryID: 201, model: fake-model:1
[00m[1m[20:41:10.184][info]  [QUERYPR...] Found 1 tasks
[00m[1m[20:41:10.184][info]  [TASKEXE...] Adding task to queue. QueryID: 202, model: fake-model:1
[00m[1m[20:41:10.198][info]  [QUERYPR...] Found 1 tasks
[00m[1m[20:41:10.198][info]  [TASKEXE...] Adding task to queue. QueryID: 203, model: fake-model:1
[00m[1m[20:41:10.212][info]  [QUERYPR...] Found 1 tasks
[00m[1m[20:41:10.212][info]  [TASKEXE...] Adding task to queue. QueryID: 204, model: fake-model:1
[00m[1m[20:41:10.269][info]         [RPC] Found message to receive
[00m[1m[20:41:10.269][info]  [TASKEXE...] Sending batch to model: fake-model:1 replica 0.Batch size: 8. Query IDs: 188 189 190 191 192 193 194 195 
[00m[1m[20:41:10.472][info]         [RPC] Found message to receive
