INFO: nexus_dir=/workdir/nexus model_dir=/workdir/models log_dir=/workdir/DynWork/log/Static_CV/worldcup/LenScale_1/classification/inception_imagenet/2_x_P99/nexus/logs model=fake_0
INFO: waiting frontend to spin up
INFO: ready to go
INFO: rock and roll
INFO: at 4.019 ms batch [45.315] delay 47.203 ms
INFO: at 4.019 ms fetching 45.315 ms
INFO: at 51.528 ms batch [45.315] delay 47.203 ms
INFO: at 51.528 ms fetching 45.315 ms
INFO: at 99.260 ms batch [45.315] delay 47.203 ms
INFO: at 99.260 ms fetching 45.315 ms
INFO: at 147.223 ms batch [45.315] delay 47.203 ms
INFO: at 147.223 ms fetching 45.315 ms
INFO: at 194.562 ms batch [45.315] delay 47.203 ms
INFO: at 194.562 ms fetching 45.315 ms
INFO: at 242.255 ms batch [45.315] delay 47.203 ms
INFO: at 242.255 ms fetching 45.315 ms
INFO: at 289.948 ms batch [45.315] delay 47.203 ms
INFO: at 289.948 ms fetching 45.315 ms
INFO: at 337.456 ms batch [45.315] delay 47.203 ms
INFO: at 337.456 ms fetching 45.315 ms
INFO: at 385.491 ms batch [45.315] delay 47.203 ms
INFO: at 385.491 ms fetching 45.315 ms
INFO: at 433.390 ms batch [45.315] delay 47.203 ms
INFO: at 433.390 ms fetching 45.315 ms
INFO: at 480.740 ms batch [45.315] delay 47.203 ms
INFO: at 480.740 ms fetching 45.315 ms
INFO: at 528.479 ms batch [45.315] delay 47.203 ms
INFO: at 528.479 ms fetching 45.315 ms
INFO: at 575.989 ms batch [45.315] delay 47.203 ms
INFO: at 575.989 ms fetching 45.315 ms
INFO: at 623.362 ms batch [45.315] delay 47.203 ms
INFO: at 623.362 ms fetching 45.315 ms
INFO: at 671.145 ms batch [45.315] delay 47.203 ms
INFO: at 671.145 ms fetching 45.315 ms
INFO: at 718.881 ms batch [45.315] delay 47.203 ms
INFO: at 718.881 ms fetching 45.315 ms
INFO: at 766.265 ms batch [45.315] delay 47.203 ms
INFO: at 766.265 ms fetching 45.315 ms
INFO: at 814.341 ms batch [45.315] delay 47.203 ms
INFO: at 814.341 ms fetching 45.315 ms
INFO: at 862.608 ms batch [45.315] delay 47.203 ms
INFO: at 862.608 ms fetching 45.315 ms
INFO: at 910.671 ms batch [45.315] delay 47.203 ms
INFO: at 910.671 ms fetching 45.315 ms
INFO: at 958.801 ms batch [45.315] delay 47.203 ms
INFO: at 958.801 ms fetching 45.315 ms
INFO: at 1006.230 ms batch [45.315] delay 47.203 ms
INFO: at 1006.230 ms fetching 45.315 ms
INFO: at 1053.980 ms batch [45.315] delay 47.203 ms
INFO: at 1053.980 ms fetching 45.315 ms
INFO: at 1101.985 ms batch [45.315] delay 47.203 ms
INFO: at 1101.985 ms fetching 45.315 ms
INFO: at 1149.860 ms batch [45.315] delay 47.203 ms
INFO: at 1149.860 ms fetching 45.315 ms
INFO: at 1197.984 ms batch [45.315] delay 47.203 ms
INFO: at 1197.984 ms fetching 45.315 ms
INFO: at 1245.437 ms batch [45.315] delay 47.203 ms
INFO: at 1245.437 ms fetching 45.315 ms
INFO: at 1293.275 ms batch [45.315] delay 47.203 ms
INFO: at 1293.275 ms fetching 45.315 ms
INFO: at 1340.714 ms batch [45.315] delay 47.203 ms
INFO: at 1340.714 ms fetching 45.315 ms
INFO: at 1388.468 ms batch [45.315] delay 47.203 ms
INFO: at 1388.468 ms fetching 45.315 ms
INFO: at 1435.905 ms batch [45.315] delay 47.203 ms
INFO: at 1435.905 ms fetching 45.315 ms
INFO: at 1483.773 ms batch [45.315] delay 47.203 ms
INFO: at 1483.773 ms fetching 45.315 ms
INFO: at 1531.514 ms batch [45.315] delay 47.203 ms
INFO: at 1531.514 ms fetching 45.315 ms
INFO: at 1579.391 ms batch [45.315] delay 47.203 ms
INFO: at 1579.391 ms fetching 45.315 ms
INFO: at 1627.581 ms batch [45.315] delay 47.203 ms
INFO: at 1627.581 ms fetching 45.315 ms
INFO: at 1675.227 ms batch [45.315] delay 47.203 ms
INFO: at 1675.227 ms fetching 45.315 ms
INFO: at 1723.345 ms batch [45.315] delay 47.203 ms
INFO: at 1723.345 ms fetching 45.315 ms
INFO: at 1771.472 ms batch [45.315] delay 47.203 ms
INFO: at 1771.472 ms fetching 45.315 ms
INFO: at 1818.992 ms batch [45.315] delay 47.203 ms
INFO: at 1818.992 ms fetching 45.315 ms
INFO: at 1866.474 ms batch [45.315] delay 47.203 ms
INFO: at 1866.474 ms fetching 45.315 ms
INFO: at 1914.346 ms batch [45.315] delay 47.203 ms
INFO: at 1914.346 ms fetching 45.315 ms
INFO: at 1962.528 ms batch [45.315] delay 47.203 ms
INFO: at 1962.528 ms fetching 45.315 ms
INFO: at 2010.130 ms batch [45.315] delay 47.203 ms
INFO: at 2010.130 ms fetching 45.315 ms
INFO: at 2057.985 ms batch [45.315] delay 47.203 ms
INFO: at 2057.985 ms fetching 45.315 ms
INFO: at 2105.295 ms batch [45.315] delay 47.203 ms
INFO: at 2105.295 ms fetching 45.315 ms
INFO: at 2153.171 ms batch [45.315] delay 47.203 ms
INFO: at 2153.171 ms fetching 45.315 ms
INFO: at 2200.778 ms batch [45.315] delay 47.203 ms
INFO: at 2200.778 ms fetching 45.315 ms
INFO: at 2248.583 ms batch [45.315] delay 47.203 ms
INFO: at 2248.583 ms fetching 45.315 ms
INFO: at 2296.134 ms batch [45.315] delay 47.203 ms
INFO: at 2296.134 ms fetching 45.315 ms
INFO: at 2344.131 ms batch [45.315] delay 47.203 ms
INFO: at 2344.131 ms fetching 45.315 ms
INFO: at 2391.683 ms batch [45.315] delay 47.203 ms
INFO: at 2391.683 ms fetching 45.315 ms
INFO: at 2439.327 ms batch [45.315] delay 47.203 ms
INFO: at 2439.327 ms fetching 45.315 ms
INFO: at 2486.899 ms batch [45.315] delay 47.203 ms
INFO: at 2486.899 ms fetching 45.315 ms
INFO: at 2534.478 ms batch [45.315] delay 47.203 ms
INFO: at 2534.478 ms fetching 45.315 ms
INFO: at 2582.104 ms batch [45.315] delay 47.203 ms
INFO: at 2582.104 ms fetching 45.315 ms
INFO: at 2629.773 ms batch [45.315] delay 47.203 ms
INFO: at 2629.773 ms fetching 45.315 ms
INFO: at 2677.567 ms batch [45.315] delay 47.203 ms
INFO: at 2677.567 ms fetching 45.315 ms
INFO: at 2725.488 ms batch [45.315] delay 47.203 ms
INFO: at 2725.488 ms fetching 45.315 ms
INFO: at 2772.908 ms batch [45.315] delay 47.203 ms
INFO: at 2772.908 ms fetching 45.315 ms
INFO: at 2820.708 ms batch [45.315] delay 47.203 ms
INFO: at 2820.708 ms fetching 45.315 ms
INFO: at 2868.131 ms batch [45.315] delay 47.203 ms
INFO: at 2868.131 ms fetching 45.315 ms
INFO: at 2916.020 ms batch [45.315] delay 47.203 ms
INFO: at 2916.020 ms fetching 45.315 ms
INFO: at 2963.904 ms batch [45.315] delay 47.203 ms
INFO: at 2963.904 ms fetching 45.315 ms
INFO: at 3011.826 ms batch [45.315] delay 47.203 ms
INFO: at 3011.826 ms fetching 45.315 ms
INFO: at 3059.258 ms batch [45.315] delay 47.203 ms
INFO: at 3059.258 ms fetching 45.315 ms
INFO: at 3107.078 ms batch [45.315] delay 47.203 ms
INFO: at 3107.078 ms fetching 45.315 ms
INFO: at 3154.710 ms batch [45.315] delay 47.203 ms
INFO: at 3154.710 ms fetching 45.315 ms
INFO: at 3202.348 ms batch [45.315] delay 47.203 ms
INFO: at 3202.348 ms fetching 45.315 ms
INFO: at 3249.888 ms batch [45.315] delay 47.203 ms
INFO: at 3249.888 ms fetching 45.315 ms
INFO: at 3297.288 ms batch [45.315] delay 47.203 ms
INFO: at 3297.288 ms fetching 45.315 ms
INFO: at 3345.059 ms batch [45.315] delay 47.203 ms
INFO: at 3345.059 ms fetching 45.315 ms
INFO: at 3393.133 ms batch [45.315] delay 47.203 ms
INFO: at 3393.133 ms fetching 45.315 ms
INFO: at 3441.010 ms batch [45.315] delay 47.203 ms
INFO: at 3441.010 ms fetching 45.315 ms
INFO: at 3488.523 ms batch [45.315] delay 47.203 ms
INFO: at 3488.523 ms fetching 45.315 ms
INFO: at 3536.632 ms batch [45.315] delay 47.203 ms
INFO: at 3536.632 ms fetching 45.315 ms
INFO: at 3584.844 ms batch [45.315] delay 47.203 ms
INFO: at 3584.844 ms fetching 45.315 ms
INFO: at 3632.614 ms batch [45.315] delay 47.203 ms
INFO: at 3632.614 ms fetching 45.315 ms
INFO: at 3680.596 ms batch [45.315] delay 47.203 ms
INFO: at 3680.596 ms fetching 45.315 ms
INFO: at 3727.918 ms batch [45.315] delay 47.203 ms
INFO: at 3727.918 ms fetching 45.315 ms
INFO: at 3776.057 ms batch [45.315] delay 47.203 ms
INFO: at 3776.057 ms fetching 45.315 ms
INFO: at 3823.953 ms batch [45.315] delay 47.203 ms
INFO: at 3823.953 ms fetching 45.315 ms
INFO: at 3871.530 ms batch [45.315] delay 47.203 ms
INFO: at 3871.530 ms fetching 45.315 ms
INFO: at 3919.507 ms batch [45.315] delay 47.203 ms
INFO: at 3919.507 ms fetching 45.315 ms
INFO: at 3966.894 ms batch [45.315] delay 47.203 ms
INFO: at 3966.894 ms fetching 45.315 ms
INFO: at 4014.905 ms batch [45.315] delay 47.203 ms
INFO: at 4014.905 ms fetching 45.315 ms
INFO: at 4062.891 ms batch [45.315] delay 47.203 ms
INFO: at 4062.891 ms fetching 45.315 ms
INFO: at 4110.231 ms batch [45.315] delay 47.203 ms
INFO: at 4110.231 ms fetching 45.315 ms
INFO: at 4157.927 ms batch [45.315] delay 47.203 ms
INFO: at 4157.927 ms fetching 45.315 ms
INFO: at 4205.727 ms batch [45.315] delay 23.602 ms
INFO: at 4205.727 ms fetching 45.315 ms
INFO: at 4230.091 ms batch [45.315] delay 23.602 ms
INFO: at 4230.091 ms fetching 45.315 ms
INFO: at 4254.434 ms batch [45.315] delay 23.602 ms
INFO: at 4254.434 ms fetching 45.315 ms
INFO: at 4278.282 ms batch [45.315] delay 23.602 ms
INFO: at 4278.282 ms fetching 45.315 ms
INFO: at 4302.602 ms batch [45.315] delay 23.602 ms
INFO: at 4302.602 ms fetching 45.315 ms
INFO: at 4326.650 ms batch [45.315] delay 23.602 ms
INFO: at 4326.650 ms fetching 45.315 ms
INFO: at 4350.991 ms batch [45.315] delay 15.734 ms
INFO: at 4350.991 ms fetching 45.315 ms
INFO: at 4368.797 ms batch [45.315] delay 15.734 ms
INFO: at 4368.797 ms fetching 45.315 ms
INFO: at 4385.225 ms batch [45.315] delay 15.734 ms
INFO: at 4385.225 ms fetching 45.315 ms
INFO: at 4401.539 ms batch [45.315] delay 15.734 ms
INFO: at 4401.539 ms fetching 45.315 ms
INFO: at 4418.004 ms batch [45.315] delay 15.734 ms
INFO: at 4418.004 ms fetching 45.315 ms
INFO: at 4433.946 ms batch [45.315] delay 15.734 ms
INFO: at 4433.946 ms fetching 45.315 ms
INFO: at 4450.402 ms batch [45.315] delay 15.734 ms
INFO: at 4450.402 ms fetching 45.315 ms
INFO: at 4466.725 ms batch [45.315] delay 15.734 ms
INFO: at 4466.725 ms fetching 45.315 ms
INFO: at 4483.067 ms batch [45.315] delay 15.734 ms
INFO: at 4483.067 ms fetching 45.315 ms
INFO: at 4498.984 ms batch [45.315] delay 11.801 ms
INFO: at 4498.984 ms fetching 45.315 ms
INFO: at 4511.342 ms batch [45.315] delay 11.801 ms
INFO: at 4511.342 ms fetching 45.315 ms
INFO: at 4523.782 ms batch [45.315] delay 11.801 ms
INFO: at 4523.782 ms fetching 45.315 ms
INFO: at 4536.174 ms batch [45.315] delay 11.801 ms
INFO: at 4536.174 ms fetching 45.315 ms
INFO: at 4548.569 ms batch [45.315] delay 11.801 ms
INFO: at 4548.569 ms fetching 45.315 ms
INFO: at 4561.124 ms batch [45.315] delay 11.801 ms
INFO: at 4561.124 ms fetching 45.315 ms
INFO: at 4573.462 ms batch [45.315] delay 11.801 ms
INFO: at 4573.462 ms fetching 45.315 ms
INFO: at 4585.802 ms batch [45.315] delay 11.801 ms
INFO: at 4585.802 ms fetching 45.315 ms
INFO: at 4598.225 ms batch [45.315] delay 11.801 ms
INFO: at 4598.225 ms fetching 45.315 ms
INFO: at 4610.648 ms batch [45.315] delay 11.801 ms
INFO: at 4610.648 ms fetching 45.315 ms
INFO: at 4623.230 ms batch [45.315] delay 11.801 ms
INFO: at 4623.230 ms fetching 45.315 ms
INFO: at 4635.643 ms batch [45.315] delay 11.801 ms
INFO: at 4635.643 ms fetching 45.315 ms
INFO: at 4648.083 ms batch [45.315] delay 11.801 ms
INFO: at 4648.083 ms fetching 45.315 ms
INFO: at 4660.232 ms batch [45.315] delay 11.801 ms
INFO: at 4660.232 ms fetching 45.315 ms
INFO: at 4672.607 ms batch [45.315] delay 11.801 ms
INFO: at 4672.607 ms fetching 45.315 ms
INFO: at 4684.964 ms batch [45.315] delay 11.801 ms
INFO: at 4684.964 ms fetching 45.315 ms
INFO: at 4697.336 ms batch [45.315] delay 11.801 ms
INFO: at 4697.336 ms fetching 45.315 ms
INFO: at 4709.831 ms batch [45.315] delay 11.801 ms
INFO: at 4709.831 ms fetching 45.315 ms
INFO: at 4722.407 ms batch [45.315] delay 11.801 ms
INFO: at 4722.407 ms fetching 45.315 ms
INFO: at 4734.824 ms batch [45.315] delay 11.801 ms
INFO: at 4734.824 ms fetching 45.315 ms
INFO: at 4747.265 ms batch [45.315] delay 9.441 ms
INFO: at 4747.265 ms fetching 45.315 ms
INFO: at 4756.979 ms batch [45.315] delay 9.441 ms
INFO: at 4756.979 ms fetching 45.315 ms
INFO: at 4767.604 ms batch [45.315] delay 9.441 ms
INFO: at 4767.604 ms fetching 45.315 ms
INFO: at 4778.046 ms batch [45.315] delay 9.441 ms
INFO: at 4778.046 ms fetching 45.315 ms
INFO: at 4788.426 ms batch [45.315] delay 9.441 ms
INFO: at 4788.426 ms fetching 45.315 ms
INFO: at 4798.818 ms batch [45.315] delay 9.441 ms
INFO: at 4798.818 ms fetching 45.315 ms
INFO: at 4809.252 ms batch [45.315] delay 9.441 ms
INFO: at 4809.252 ms fetching 45.315 ms
INFO: at 4819.680 ms batch [45.315] delay 9.441 ms
INFO: at 4819.680 ms fetching 45.315 ms
INFO: at 4830.073 ms batch [45.315] delay 9.441 ms
INFO: at 4830.073 ms fetching 45.315 ms
INFO: at 4840.493 ms batch [45.315] delay 9.441 ms
INFO: at 4840.493 ms fetching 45.315 ms
INFO: at 4850.683 ms batch [45.315] delay 7.867 ms
INFO: at 4850.683 ms fetching 45.315 ms
INFO: at 4859.122 ms batch [45.315] delay 7.867 ms
INFO: at 4859.122 ms fetching 45.315 ms
INFO: at 4867.629 ms batch [45.315] delay 7.867 ms
INFO: at 4867.629 ms fetching 45.315 ms
INFO: at 4876.025 ms batch [45.315] delay 7.867 ms
INFO: at 4876.025 ms fetching 45.315 ms
INFO: at 4884.498 ms batch [45.315] delay 7.867 ms
INFO: at 4884.498 ms fetching 45.315 ms
INFO: at 4892.899 ms batch [45.315] delay 7.867 ms
INFO: at 4892.899 ms fetching 45.315 ms
INFO: at 4901.474 ms batch [45.315] delay 9.441 ms
INFO: at 4901.474 ms fetching 45.315 ms
INFO: at 4912.018 ms batch [45.315] delay 9.441 ms
INFO: at 4912.018 ms fetching 45.315 ms
INFO: at 4922.423 ms batch [45.315] delay 9.441 ms
INFO: at 4922.423 ms fetching 45.315 ms
INFO: at 4932.830 ms batch [45.315] delay 9.441 ms
INFO: at 4932.830 ms fetching 45.315 ms
INFO: at 4943.254 ms batch [45.315] delay 9.441 ms
INFO: at 4943.254 ms fetching 45.315 ms
INFO: at 4953.690 ms batch [45.315] delay 7.867 ms
INFO: at 4953.690 ms fetching 45.315 ms
INFO: at 4962.450 ms batch [45.315] delay 7.867 ms
INFO: at 4962.450 ms fetching 45.315 ms
INFO: at 4970.897 ms batch [45.315] delay 7.867 ms
INFO: at 4970.897 ms fetching 45.315 ms
INFO: at 4979.270 ms batch [45.315] delay 7.867 ms
INFO: at 4979.270 ms fetching 45.315 ms
INFO: at 4987.625 ms batch [45.315] delay 7.867 ms
INFO: at 4987.625 ms fetching 45.315 ms
INFO: at 4995.993 ms batch [45.315] delay 7.867 ms
INFO: at 4995.993 ms fetching 45.315 ms
INFO: at 5004.372 ms batch [45.315] delay 7.867 ms
INFO: at 5004.372 ms fetching 45.315 ms
INFO: at 5012.746 ms batch [45.315] delay 7.867 ms
INFO: at 5012.746 ms fetching 45.315 ms
INFO: at 5021.113 ms batch [45.315] delay 7.867 ms
INFO: at 5021.113 ms fetching 45.315 ms
INFO: at 5029.537 ms batch [45.315] delay 7.867 ms
INFO: at 5029.537 ms fetching 45.315 ms
INFO: at 5037.980 ms batch [45.315] delay 7.867 ms
INFO: at 5037.980 ms fetching 45.315 ms
INFO: at 5046.359 ms batch [45.315] delay 7.867 ms
INFO: at 5046.359 ms fetching 45.315 ms
INFO: at 5054.744 ms batch [45.315] delay 9.441 ms
INFO: at 5054.744 ms fetching 45.315 ms
INFO: at 5064.231 ms batch [45.315] delay 9.441 ms
INFO: at 5064.231 ms fetching 45.315 ms
INFO: at 5074.048 ms batch [45.315] delay 9.441 ms
INFO: at 5074.048 ms fetching 45.315 ms
INFO: at 5084.475 ms batch [45.315] delay 9.441 ms
INFO: at 5084.475 ms fetching 45.315 ms
INFO: at 5094.864 ms batch [45.315] delay 9.441 ms
INFO: at 5094.864 ms fetching 45.315 ms
INFO: at 5105.237 ms batch [45.315] delay 7.867 ms
INFO: at 5105.237 ms fetching 45.315 ms
INFO: at 5113.631 ms batch [45.315] delay 7.867 ms
INFO: at 5113.631 ms fetching 45.315 ms
INFO: at 5122.046 ms batch [45.315] delay 7.867 ms
INFO: at 5122.046 ms fetching 45.315 ms
INFO: at 5130.421 ms batch [45.315] delay 7.867 ms
INFO: at 5130.421 ms fetching 45.315 ms
INFO: at 5138.794 ms batch [45.315] delay 7.867 ms
INFO: at 5138.794 ms fetching 45.315 ms
INFO: at 5147.178 ms batch [45.315] delay 7.867 ms
INFO: at 5147.178 ms fetching 45.315 ms
INFO: at 5155.609 ms batch [45.315] delay 9.441 ms
INFO: at 5155.609 ms fetching 45.315 ms
INFO: at 5166.050 ms batch [45.315] delay 9.441 ms
INFO: at 5166.050 ms fetching 45.315 ms
INFO: at 5175.591 ms batch [45.315] delay 9.441 ms
INFO: at 5175.591 ms fetching 45.315 ms
INFO: at 5186.096 ms batch [45.315] delay 9.441 ms
INFO: at 5186.096 ms fetching 45.315 ms
INFO: at 5196.469 ms batch [45.315] delay 9.441 ms
INFO: at 5196.469 ms fetching 45.315 ms
INFO: at 5206.822 ms batch [45.315] delay 9.441 ms
INFO: at 5206.822 ms fetching 45.315 ms
INFO: at 5217.209 ms batch [45.315] delay 9.441 ms
INFO: at 5217.209 ms fetching 45.315 ms
INFO: at 5227.573 ms batch [45.315] delay 9.441 ms
INFO: at 5227.573 ms fetching 45.315 ms
INFO: at 5237.922 ms batch [45.315] delay 9.441 ms
INFO: at 5237.922 ms fetching 45.315 ms
INFO: at 5248.298 ms batch [45.315] delay 9.441 ms
INFO: at 5248.298 ms fetching 45.315 ms
INFO: at 5258.709 ms batch [45.315] delay 7.867 ms
INFO: at 5258.709 ms fetching 45.315 ms
INFO: at 5267.099 ms batch [45.315] delay 7.867 ms
INFO: at 5267.099 ms fetching 45.315 ms
INFO: at 5275.467 ms batch [45.315] delay 7.867 ms
INFO: at 5275.467 ms fetching 45.315 ms
INFO: at 5283.827 ms batch [45.315] delay 7.867 ms
INFO: at 5283.827 ms fetching 45.315 ms
INFO: at 5291.842 ms batch [45.315] delay 7.867 ms
INFO: at 5291.842 ms fetching 45.315 ms
INFO: at 5300.247 ms batch [45.315] delay 7.867 ms
INFO: at 5300.247 ms fetching 45.315 ms
INFO: at 5308.719 ms batch [45.315] delay 6.743 ms
INFO: at 5308.719 ms fetching 45.315 ms
INFO: at 5316.072 ms batch [45.315] delay 6.743 ms
INFO: at 5316.072 ms fetching 45.315 ms
INFO: at 5323.465 ms batch [45.315] delay 6.743 ms
INFO: at 5323.465 ms fetching 45.315 ms
INFO: at 5330.828 ms batch [45.315] delay 6.743 ms
INFO: at 5330.828 ms fetching 45.315 ms
INFO: at 5338.225 ms batch [45.315] delay 6.743 ms
INFO: at 5338.225 ms fetching 45.315 ms
INFO: at 5345.592 ms batch [45.315] delay 6.743 ms
INFO: at 5345.592 ms fetching 45.315 ms
INFO: at 5352.953 ms batch [45.315] delay 6.743 ms
INFO: at 5352.953 ms fetching 45.315 ms
INFO: at 5360.311 ms batch [45.315] delay 7.867 ms
INFO: at 5360.311 ms fetching 45.315 ms
INFO: at 5368.686 ms batch [45.315] delay 7.867 ms
INFO: at 5368.686 ms fetching 45.315 ms
INFO: at 5377.042 ms batch [45.315] delay 7.867 ms
INFO: at 5377.042 ms fetching 45.315 ms
INFO: at 5385.443 ms batch [45.315] delay 7.867 ms
INFO: at 5385.443 ms fetching 45.315 ms
INFO: at 5393.859 ms batch [45.315] delay 7.867 ms
INFO: at 5393.859 ms fetching 45.315 ms
INFO: at 5402.164 ms batch [45.315] delay 7.867 ms
INFO: at 5402.164 ms fetching 45.315 ms
INFO: at 5410.573 ms batch [45.315] delay 6.743 ms
INFO: at 5410.573 ms fetching 45.315 ms
INFO: at 5417.943 ms batch [45.315] delay 6.743 ms
INFO: at 5417.943 ms fetching 45.315 ms
INFO: at 5425.366 ms batch [45.315] delay 6.743 ms
INFO: at 5425.366 ms fetching 45.315 ms
INFO: at 5432.739 ms batch [45.315] delay 6.743 ms
INFO: at 5432.739 ms fetching 45.315 ms
INFO: at 5440.115 ms batch [45.315] delay 6.743 ms
INFO: at 5440.115 ms fetching 45.315 ms
INFO: at 5447.492 ms batch [45.315] delay 6.743 ms
INFO: at 5447.492 ms fetching 45.315 ms
INFO: at 5454.879 ms batch [45.315] delay 6.743 ms
INFO: at 5454.879 ms fetching 45.315 ms
INFO: at 5462.253 ms batch [45.315] delay 6.743 ms
INFO: at 5462.253 ms fetching 45.315 ms
INFO: at 5469.642 ms batch [45.315] delay 6.743 ms
INFO: at 5469.642 ms fetching 45.315 ms
INFO: at 5477.035 ms batch [45.315] delay 6.743 ms
INFO: at 5477.035 ms fetching 45.315 ms
INFO: at 5484.408 ms batch [45.315] delay 6.743 ms
INFO: at 5484.408 ms fetching 45.315 ms
INFO: at 5491.778 ms batch [45.315] delay 6.743 ms
INFO: at 5491.778 ms fetching 45.315 ms
INFO: at 5499.177 ms batch [45.315] delay 6.743 ms
INFO: at 5499.177 ms fetching 45.315 ms
INFO: at 5506.200 ms batch [45.315] delay 6.743 ms
INFO: at 5506.200 ms fetching 45.315 ms
INFO: at 5513.226 ms batch [45.315] delay 6.743 ms
INFO: at 5513.226 ms fetching 45.315 ms
INFO: at 5520.718 ms batch [45.315] delay 6.743 ms
INFO: at 5520.718 ms fetching 45.315 ms
INFO: at 5528.124 ms batch [45.315] delay 6.743 ms
INFO: at 5528.124 ms fetching 45.315 ms
INFO: at 5535.520 ms batch [45.315] delay 6.743 ms
INFO: at 5535.520 ms fetching 45.315 ms
INFO: at 5542.922 ms batch [45.315] delay 6.743 ms
INFO: at 5542.922 ms fetching 45.315 ms
INFO: at 5550.314 ms batch [45.315] delay 6.743 ms
INFO: at 5550.314 ms fetching 45.315 ms
INFO: at 5557.703 ms batch [45.315] delay 6.743 ms
INFO: at 5557.703 ms fetching 45.315 ms
INFO: at 5565.087 ms batch [45.315] delay 6.743 ms
INFO: at 5565.087 ms fetching 45.315 ms
INFO: at 5572.488 ms batch [45.315] delay 6.743 ms
INFO: at 5572.488 ms fetching 45.315 ms
INFO: at 5579.835 ms batch [45.315] delay 6.743 ms
INFO: at 5579.835 ms fetching 45.315 ms
INFO: at 5587.184 ms batch [45.315] delay 6.743 ms
INFO: at 5587.184 ms fetching 45.315 ms
INFO: at 5594.535 ms batch [45.315] delay 6.743 ms
INFO: at 5594.535 ms fetching 45.315 ms
INFO: at 5601.887 ms batch [45.315] delay 6.743 ms
INFO: at 5601.887 ms fetching 45.315 ms
INFO: at 5609.278 ms batch [45.315] delay 6.743 ms
INFO: at 5609.278 ms fetching 45.315 ms
INFO: at 5616.314 ms batch [45.315] delay 6.743 ms
INFO: at 5616.314 ms fetching 45.315 ms
INFO: at 5623.633 ms batch [45.315] delay 6.743 ms
INFO: at 5623.633 ms fetching 45.315 ms
INFO: at 5631.127 ms batch [45.315] delay 6.743 ms
INFO: at 5631.127 ms fetching 45.315 ms
INFO: at 5638.488 ms batch [45.315] delay 6.743 ms
INFO: at 5638.488 ms fetching 45.315 ms
INFO: at 5645.850 ms batch [45.315] delay 6.743 ms
INFO: at 5645.850 ms fetching 45.315 ms
INFO: at 5653.292 ms batch [45.315] delay 6.743 ms
INFO: at 5653.292 ms fetching 45.315 ms
INFO: at 5660.887 ms batch [45.315] delay 6.743 ms
INFO: at 5660.887 ms fetching 45.315 ms
INFO: at 5668.242 ms batch [45.315] delay 6.743 ms
INFO: at 5668.242 ms fetching 45.315 ms
INFO: at 5675.590 ms batch [45.315] delay 6.743 ms
INFO: at 5675.590 ms fetching 45.315 ms
INFO: at 5683.001 ms batch [45.315] delay 6.743 ms
INFO: at 5683.001 ms fetching 45.315 ms
INFO: at 5690.397 ms batch [45.315] delay 6.743 ms
INFO: at 5690.397 ms fetching 45.315 ms
INFO: at 5697.808 ms batch [45.315] delay 6.743 ms
INFO: at 5697.808 ms fetching 45.315 ms
INFO: at 5705.256 ms batch [45.315] delay 6.743 ms
INFO: at 5705.256 ms fetching 45.315 ms
INFO: at 5712.680 ms batch [45.315] delay 6.743 ms
INFO: at 5712.680 ms fetching 45.315 ms
INFO: at 5720.152 ms batch [45.315] delay 6.743 ms
INFO: at 5720.152 ms fetching 45.315 ms
INFO: at 5727.013 ms batch [45.315] delay 6.743 ms
INFO: at 5727.013 ms fetching 45.315 ms
INFO: at 5734.295 ms batch [45.315] delay 6.743 ms
INFO: at 5734.295 ms fetching 45.315 ms
INFO: at 5741.716 ms batch [45.315] delay 6.743 ms
INFO: at 5741.716 ms fetching 45.315 ms
INFO: at 5749.112 ms batch [45.315] delay 6.743 ms
INFO: at 5749.112 ms fetching 45.315 ms
INFO: at 5756.464 ms batch [45.315] delay 6.743 ms
INFO: at 5756.464 ms fetching 45.315 ms
INFO: at 5763.829 ms batch [45.315] delay 6.743 ms
INFO: at 5763.829 ms fetching 45.315 ms
INFO: at 5771.199 ms batch [45.315] delay 6.743 ms
INFO: at 5771.199 ms fetching 45.315 ms
INFO: at 5778.576 ms batch [45.315] delay 6.743 ms
INFO: at 5778.576 ms fetching 45.315 ms
INFO: at 5785.984 ms batch [45.315] delay 6.743 ms
INFO: at 5785.984 ms fetching 45.315 ms
INFO: at 5793.417 ms batch [45.315] delay 6.743 ms
INFO: at 5793.417 ms fetching 45.315 ms
INFO: at 5800.793 ms batch [45.315] delay 6.743 ms
INFO: at 5800.793 ms fetching 45.315 ms
INFO: at 5808.175 ms batch [45.315] delay 6.743 ms
INFO: at 5808.175 ms fetching 45.315 ms
INFO: at 5815.559 ms batch [45.315] delay 6.743 ms
INFO: at 5815.559 ms fetching 45.315 ms
INFO: at 5823.127 ms batch [45.315] delay 6.743 ms
INFO: at 5823.127 ms fetching 45.315 ms
INFO: at 5830.582 ms batch [45.315] delay 6.743 ms
INFO: at 5830.582 ms fetching 45.315 ms
INFO: at 5837.437 ms batch [45.315] delay 6.743 ms
INFO: at 5837.437 ms fetching 45.315 ms
INFO: at 5844.452 ms batch [45.315] delay 6.743 ms
INFO: at 5844.452 ms fetching 45.315 ms
INFO: at 5851.944 ms batch [45.315] delay 6.743 ms
INFO: at 5851.944 ms fetching 45.315 ms
INFO: at 5859.319 ms batch [45.315] delay 6.743 ms
INFO: at 5859.319 ms fetching 45.315 ms
INFO: at 5866.680 ms batch [45.315] delay 6.743 ms
INFO: at 5866.680 ms fetching 45.315 ms
INFO: at 5874.038 ms batch [45.315] delay 6.743 ms
INFO: at 5874.038 ms fetching 45.315 ms
INFO: at 5881.408 ms batch [45.315] delay 6.743 ms
INFO: at 5881.408 ms fetching 45.315 ms
INFO: at 5888.784 ms batch [45.315] delay 6.743 ms
INFO: at 5888.784 ms fetching 45.315 ms
INFO: at 5896.139 ms batch [45.315] delay 6.743 ms
INFO: at 5896.139 ms fetching 45.315 ms
INFO: at 5903.515 ms batch [45.315] delay 6.743 ms
INFO: at 5903.515 ms fetching 45.315 ms
INFO: at 5910.895 ms batch [45.315] delay 6.743 ms
INFO: at 5910.895 ms fetching 45.315 ms
INFO: at 5918.270 ms batch [45.315] delay 6.743 ms
INFO: at 5918.270 ms fetching 45.315 ms
INFO: at 5925.643 ms batch [45.315] delay 7.867 ms
INFO: at 5925.643 ms fetching 45.315 ms
INFO: at 5934.078 ms batch [45.315] delay 7.867 ms
INFO: at 5934.078 ms fetching 45.315 ms
INFO: at 5942.452 ms batch [45.315] delay 7.867 ms
INFO: at 5942.452 ms fetching 45.315 ms
INFO: at 5951.274 ms batch [45.315] delay 7.867 ms
INFO: at 5951.274 ms fetching 45.315 ms
INFO: at 5959.687 ms batch [45.315] delay 7.867 ms
INFO: at 5959.687 ms fetching 45.315 ms
INFO: at 5968.046 ms batch [45.315] delay 7.867 ms
INFO: at 5968.046 ms fetching 45.315 ms
INFO: at 5976.383 ms batch [45.315] delay 6.743 ms
INFO: at 5976.383 ms fetching 45.315 ms
INFO: at 5983.732 ms batch [45.315] delay 6.743 ms
INFO: at 5983.732 ms fetching 45.315 ms
INFO: at 5991.079 ms batch [45.315] delay 6.743 ms
INFO: at 5991.079 ms fetching 45.315 ms
INFO: at 5998.427 ms batch [45.315] delay 6.743 ms
INFO: at 5998.427 ms fetching 45.315 ms
INFO: at 6005.786 ms batch [45.315] delay 6.743 ms
INFO: at 6005.786 ms fetching 45.315 ms
INFO: at 6013.154 ms batch [45.315] delay 6.743 ms
INFO: at 6013.154 ms fetching 45.315 ms
INFO: at 6020.509 ms batch [45.315] delay 6.743 ms
INFO: at 6020.509 ms fetching 45.315 ms
INFO: at 6027.866 ms batch [45.315] delay 6.743 ms
INFO: at 6027.866 ms fetching 45.315 ms
INFO: at 6035.244 ms batch [45.315] delay 6.743 ms
INFO: at 6035.244 ms fetching 45.315 ms
INFO: at 6042.601 ms batch [45.315] delay 6.743 ms
INFO: at 6042.601 ms fetching 45.315 ms
INFO: at 6049.975 ms batch [45.315] delay 6.743 ms
INFO: at 6049.975 ms fetching 45.315 ms
INFO: at 6056.763 ms batch [45.315] delay 6.743 ms
INFO: at 6056.763 ms fetching 45.315 ms
INFO: at 6064.257 ms batch [45.315] delay 6.743 ms
INFO: at 6064.257 ms fetching 45.315 ms
INFO: at 6071.899 ms batch [45.315] delay 6.743 ms
INFO: at 6071.899 ms fetching 45.315 ms
INFO: at 6079.433 ms batch [45.315] delay 6.743 ms
INFO: at 6079.433 ms fetching 45.315 ms
INFO: at 6086.796 ms batch [45.315] delay 6.743 ms
INFO: at 6086.796 ms fetching 45.315 ms
INFO: at 6094.164 ms batch [45.315] delay 6.743 ms
INFO: at 6094.164 ms fetching 45.315 ms
INFO: at 6101.515 ms batch [45.315] delay 6.743 ms
INFO: at 6101.515 ms fetching 45.315 ms
INFO: at 6108.874 ms batch [45.315] delay 6.743 ms
INFO: at 6108.874 ms fetching 45.315 ms
INFO: at 6116.227 ms batch [45.315] delay 6.743 ms
INFO: at 6116.227 ms fetching 45.315 ms
INFO: at 6123.602 ms batch [45.315] delay 6.743 ms
INFO: at 6123.602 ms fetching 45.315 ms
INFO: at 6130.963 ms batch [45.315] delay 6.743 ms
INFO: at 6130.963 ms fetching 45.315 ms
INFO: at 6138.325 ms batch [45.315] delay 6.743 ms
INFO: at 6138.325 ms fetching 45.315 ms
INFO: at 6145.692 ms batch [45.315] delay 6.743 ms
INFO: at 6145.692 ms fetching 45.315 ms
INFO: at 6153.046 ms batch [45.315] delay 6.743 ms
INFO: at 6153.046 ms fetching 45.315 ms
INFO: at 6160.403 ms batch [45.315] delay 6.743 ms
INFO: at 6160.403 ms fetching 45.315 ms
INFO: at 6167.339 ms batch [45.315] delay 6.743 ms
INFO: at 6167.339 ms fetching 45.315 ms
INFO: at 6175.020 ms batch [45.315] delay 6.743 ms
INFO: at 6175.020 ms fetching 45.315 ms
INFO: at 6182.516 ms batch [45.315] delay 5.900 ms
INFO: at 6182.516 ms fetching 45.315 ms
INFO: at 6188.931 ms batch [45.315] delay 5.900 ms
INFO: at 6188.931 ms fetching 45.315 ms
INFO: at 6195.343 ms batch [45.315] delay 5.900 ms
INFO: at 6195.343 ms fetching 45.315 ms
INFO: at 6201.831 ms batch [45.315] delay 5.900 ms
INFO: at 6201.831 ms fetching 45.315 ms
INFO: at 6208.395 ms batch [45.315] delay 5.900 ms
INFO: at 6208.395 ms fetching 45.315 ms
INFO: at 6214.772 ms batch [45.315] delay 5.900 ms
INFO: at 6214.772 ms fetching 45.315 ms
INFO: at 6221.158 ms batch [45.315] delay 5.900 ms
INFO: at 6221.158 ms fetching 45.315 ms
INFO: at 6227.522 ms batch [45.315] delay 5.900 ms
INFO: at 6227.522 ms fetching 45.315 ms
INFO: at 6233.935 ms batch [45.315] delay 5.900 ms
INFO: at 6233.935 ms fetching 45.315 ms
INFO: at 6240.350 ms batch [45.315] delay 5.900 ms
INFO: at 6240.350 ms fetching 45.315 ms
INFO: at 6246.758 ms batch [45.315] delay 5.900 ms
INFO: at 6246.758 ms fetching 45.315 ms
INFO: at 6253.209 ms batch [45.315] delay 5.900 ms
INFO: at 6253.209 ms fetching 45.315 ms
INFO: at 6259.843 ms batch [45.315] delay 5.900 ms
INFO: at 6259.843 ms fetching 45.315 ms
INFO: at 6266.289 ms batch [45.315] delay 5.900 ms
INFO: at 6266.289 ms fetching 45.315 ms
INFO: at 6272.749 ms batch [45.315] delay 5.900 ms
INFO: at 6272.749 ms fetching 45.315 ms
INFO: at 6279.646 ms batch [45.315] delay 5.900 ms
INFO: at 6279.646 ms fetching 45.315 ms
INFO: at 6286.145 ms batch [45.315] delay 6.743 ms
INFO: at 6286.145 ms fetching 45.315 ms
INFO: at 6293.461 ms batch [45.315] delay 6.743 ms
INFO: at 6293.461 ms fetching 45.315 ms
INFO: at 6300.831 ms batch [45.315] delay 6.743 ms
INFO: at 6300.831 ms fetching 45.315 ms
INFO: at 6308.211 ms batch [45.315] delay 6.743 ms
INFO: at 6308.211 ms fetching 45.315 ms
INFO: at 6315.584 ms batch [45.315] delay 6.743 ms
INFO: at 6315.584 ms fetching 45.315 ms
INFO: at 6322.984 ms batch [45.315] delay 6.743 ms
INFO: at 6322.984 ms fetching 45.315 ms
INFO: at 6330.369 ms batch [45.315] delay 6.743 ms
INFO: at 6330.369 ms fetching 45.315 ms
INFO: at 6337.740 ms batch [45.315] delay 6.743 ms
INFO: at 6337.740 ms fetching 45.315 ms
INFO: at 6345.130 ms batch [45.315] delay 6.743 ms
INFO: at 6345.130 ms fetching 45.315 ms
INFO: at 6352.530 ms batch [45.315] delay 6.743 ms
INFO: at 6352.530 ms fetching 45.315 ms
INFO: at 6359.985 ms batch [45.315] delay 6.743 ms
INFO: at 6359.985 ms fetching 45.315 ms
INFO: at 6367.395 ms batch [45.315] delay 6.743 ms
INFO: at 6367.395 ms fetching 45.315 ms
INFO: at 6374.786 ms batch [45.315] delay 6.743 ms
INFO: at 6374.786 ms fetching 45.315 ms
INFO: at 6382.194 ms batch [45.315] delay 6.743 ms
INFO: at 6382.194 ms fetching 45.315 ms
INFO: at 6389.147 ms batch [45.315] delay 6.743 ms
INFO: at 6389.147 ms fetching 45.315 ms
INFO: at 6396.557 ms batch [45.315] delay 6.743 ms
INFO: at 6396.557 ms fetching 45.315 ms
INFO: at 6403.928 ms batch [45.315] delay 6.743 ms
INFO: at 6403.928 ms fetching 45.315 ms
INFO: at 6411.269 ms batch [45.315] delay 6.743 ms
INFO: at 6411.269 ms fetching 45.315 ms
INFO: at 6418.621 ms batch [45.315] delay 6.743 ms
INFO: at 6418.621 ms fetching 45.315 ms
INFO: at 6426.002 ms batch [45.315] delay 6.743 ms
INFO: at 6426.002 ms fetching 45.315 ms
INFO: at 6433.361 ms batch [45.315] delay 6.743 ms
INFO: at 6433.361 ms fetching 45.315 ms
INFO: at 6440.717 ms batch [45.315] delay 7.867 ms
INFO: at 6440.717 ms fetching 45.315 ms
INFO: at 6449.080 ms batch [45.315] delay 7.867 ms
INFO: at 6449.080 ms fetching 45.315 ms
INFO: at 6457.452 ms batch [45.315] delay 7.867 ms
INFO: at 6457.452 ms fetching 45.315 ms
INFO: at 6465.828 ms batch [45.315] delay 7.867 ms
INFO: at 6465.828 ms fetching 45.315 ms
INFO: at 6474.192 ms batch [45.315] delay 7.867 ms
INFO: at 6474.192 ms fetching 45.315 ms
INFO: at 6482.548 ms batch [45.315] delay 7.867 ms
INFO: at 6482.548 ms fetching 45.315 ms
INFO: at 6490.902 ms batch [45.315] delay 7.867 ms
INFO: at 6490.902 ms fetching 45.315 ms
INFO: at 6498.896 ms batch [45.315] delay 7.867 ms
INFO: at 6498.896 ms fetching 45.315 ms
INFO: at 6507.804 ms batch [45.315] delay 7.867 ms
INFO: at 6507.804 ms fetching 45.315 ms
INFO: at 6516.288 ms batch [45.315] delay 7.867 ms
INFO: at 6516.288 ms fetching 45.315 ms
INFO: at 6524.731 ms batch [45.315] delay 7.867 ms
INFO: at 6524.731 ms fetching 45.315 ms
INFO: at 6533.147 ms batch [45.315] delay 7.867 ms
INFO: at 6533.147 ms fetching 45.315 ms
INFO: at 6541.588 ms batch [45.315] delay 9.441 ms
INFO: at 6541.588 ms fetching 45.315 ms
INFO: at 6551.989 ms batch [45.315] delay 9.441 ms
INFO: at 6551.989 ms fetching 45.315 ms
INFO: at 6562.403 ms batch [45.315] delay 9.441 ms
INFO: at 6562.403 ms fetching 45.315 ms
INFO: at 6572.826 ms batch [45.315] delay 9.441 ms
INFO: at 6572.826 ms fetching 45.315 ms
INFO: at 6583.231 ms batch [45.315] delay 9.441 ms
INFO: at 6583.231 ms fetching 45.315 ms
INFO: at 6593.641 ms batch [45.315] delay 7.867 ms
INFO: at 6593.641 ms fetching 45.315 ms
INFO: at 6602.143 ms batch [45.315] delay 7.867 ms
INFO: at 6602.143 ms fetching 45.315 ms
INFO: at 6610.581 ms batch [45.315] delay 7.867 ms
INFO: at 6610.581 ms fetching 45.315 ms
INFO: at 6619.116 ms batch [45.315] delay 7.867 ms
INFO: at 6619.116 ms fetching 45.315 ms
INFO: at 6627.032 ms batch [45.315] delay 7.867 ms
INFO: at 6627.032 ms fetching 45.315 ms
INFO: at 6635.879 ms batch [45.315] delay 7.867 ms
INFO: at 6635.879 ms fetching 45.315 ms
INFO: at 6644.305 ms batch [45.315] delay 7.867 ms
INFO: at 6644.305 ms fetching 45.315 ms
INFO: at 6652.663 ms batch [45.315] delay 7.867 ms
INFO: at 6652.663 ms fetching 45.315 ms
INFO: at 6661.022 ms batch [45.315] delay 7.867 ms
INFO: at 6661.022 ms fetching 45.315 ms
INFO: at 6669.374 ms batch [45.315] delay 7.867 ms
INFO: at 6669.374 ms fetching 45.315 ms
INFO: at 6677.728 ms batch [45.315] delay 7.867 ms
INFO: at 6677.728 ms fetching 45.315 ms
INFO: at 6686.074 ms batch [45.315] delay 7.867 ms
INFO: at 6686.074 ms fetching 45.315 ms
INFO: at 6694.442 ms batch [45.315] delay 7.867 ms
INFO: at 6694.442 ms fetching 45.315 ms
INFO: at 6702.807 ms batch [45.315] delay 7.867 ms
INFO: at 6702.807 ms fetching 45.315 ms
INFO: at 6711.183 ms batch [45.315] delay 7.867 ms
INFO: at 6711.183 ms fetching 45.315 ms
INFO: at 6719.560 ms batch [45.315] delay 7.867 ms
INFO: at 6719.560 ms fetching 45.315 ms
INFO: at 6727.921 ms batch [45.315] delay 7.867 ms
INFO: at 6727.921 ms fetching 45.315 ms
INFO: at 6736.489 ms batch [45.315] delay 7.867 ms
INFO: at 6736.489 ms fetching 45.315 ms
INFO: at 6744.635 ms batch [45.315] delay 9.441 ms
INFO: at 6744.635 ms fetching 45.315 ms
INFO: at 6755.066 ms batch [45.315] delay 9.441 ms
INFO: at 6755.066 ms fetching 45.315 ms
INFO: at 6765.418 ms batch [45.315] delay 9.441 ms
INFO: at 6765.418 ms fetching 45.315 ms
INFO: at 6775.765 ms batch [45.315] delay 9.441 ms
INFO: at 6775.765 ms fetching 45.315 ms
INFO: at 6786.121 ms batch [45.315] delay 9.441 ms
INFO: at 6786.121 ms fetching 45.315 ms
INFO: at 6796.476 ms batch [45.315] delay 9.441 ms
INFO: at 6796.476 ms fetching 45.315 ms
INFO: at 6806.813 ms batch [45.315] delay 9.441 ms
INFO: at 6806.813 ms fetching 45.315 ms
INFO: at 6817.196 ms batch [45.315] delay 9.441 ms
INFO: at 6817.196 ms fetching 45.315 ms
INFO: at 6827.558 ms batch [45.315] delay 9.441 ms
INFO: at 6827.558 ms fetching 45.315 ms
INFO: at 6837.930 ms batch [45.315] delay 9.441 ms
INFO: at 6837.930 ms fetching 45.315 ms
INFO: at 6848.287 ms batch [45.315] delay 9.441 ms
INFO: at 6848.287 ms fetching 45.315 ms
INFO: at 6858.715 ms batch [45.315] delay 9.441 ms
INFO: at 6858.715 ms fetching 45.315 ms
INFO: at 6869.136 ms batch [45.315] delay 9.441 ms
INFO: at 6869.136 ms fetching 45.315 ms
INFO: at 6879.486 ms batch [45.315] delay 9.441 ms
INFO: at 6879.486 ms fetching 45.315 ms
INFO: at 6889.826 ms batch [45.315] delay 9.441 ms
INFO: at 6889.826 ms fetching 45.315 ms
INFO: at 6900.180 ms batch [45.315] delay 9.441 ms
INFO: at 6900.180 ms fetching 45.315 ms
INFO: at 6910.542 ms batch [45.315] delay 9.441 ms
INFO: at 6910.542 ms fetching 45.315 ms
INFO: at 6920.902 ms batch [45.315] delay 9.441 ms
INFO: at 6920.902 ms fetching 45.315 ms
INFO: at 6931.268 ms batch [45.315] delay 9.441 ms
INFO: at 6931.268 ms fetching 45.315 ms
INFO: at 6941.620 ms batch [45.315] delay 9.441 ms
INFO: at 6941.620 ms fetching 45.315 ms
INFO: at 6951.984 ms batch [45.315] delay 9.441 ms
INFO: at 6951.984 ms fetching 45.315 ms
INFO: at 6962.514 ms batch [45.315] delay 9.441 ms
INFO: at 6962.514 ms fetching 45.315 ms
INFO: at 6972.919 ms batch [45.315] delay 9.441 ms
INFO: at 6972.919 ms fetching 45.315 ms
INFO: at 6983.281 ms batch [45.315] delay 9.441 ms
INFO: at 6983.281 ms fetching 45.315 ms
INFO: at 6993.616 ms batch [45.315] delay 9.441 ms
INFO: at 6993.616 ms fetching 45.315 ms
INFO: at 7003.967 ms batch [45.315] delay 9.441 ms
INFO: at 7003.967 ms fetching 45.315 ms
INFO: at 7014.314 ms batch [45.315] delay 9.441 ms
INFO: at 7014.314 ms fetching 45.315 ms
INFO: at 7024.666 ms batch [45.315] delay 9.441 ms
INFO: at 7024.666 ms fetching 45.315 ms
INFO: at 7035.027 ms batch [45.315] delay 9.441 ms
INFO: at 7035.027 ms fetching 45.315 ms
INFO: at 7045.363 ms batch [45.315] delay 9.441 ms
INFO: at 7045.363 ms fetching 45.315 ms
INFO: at 7055.709 ms batch [45.315] delay 9.441 ms
INFO: at 7055.709 ms fetching 45.315 ms
INFO: at 7066.080 ms batch [45.315] delay 9.441 ms
INFO: at 7066.080 ms fetching 45.315 ms
INFO: at 7075.772 ms batch [45.315] delay 9.441 ms
INFO: at 7075.772 ms fetching 45.315 ms
INFO: at 7086.187 ms batch [45.315] delay 9.441 ms
INFO: at 7086.187 ms fetching 45.315 ms
INFO: at 7096.555 ms batch [45.315] delay 9.441 ms
INFO: at 7096.555 ms fetching 45.315 ms
INFO: at 7106.906 ms batch [45.315] delay 11.801 ms
INFO: at 7106.906 ms fetching 45.315 ms
INFO: at 7119.272 ms batch [45.315] delay 11.801 ms
INFO: at 7119.272 ms fetching 45.315 ms
INFO: at 7131.607 ms batch [45.315] delay 11.801 ms
INFO: at 7131.607 ms fetching 45.315 ms
INFO: at 7143.958 ms batch [45.315] delay 11.801 ms
INFO: at 7143.958 ms fetching 45.315 ms
INFO: at 7156.311 ms batch [45.315] delay 9.441 ms
INFO: at 7156.311 ms fetching 45.315 ms
INFO: at 7166.668 ms batch [45.315] delay 9.441 ms
INFO: at 7166.668 ms fetching 45.315 ms
INFO: at 7177.042 ms batch [45.315] delay 9.441 ms
INFO: at 7177.042 ms fetching 45.315 ms
INFO: at 7186.953 ms batch [45.315] delay 9.441 ms
INFO: at 7186.953 ms fetching 45.315 ms
INFO: at 7197.368 ms batch [45.315] delay 9.441 ms
INFO: at 7197.368 ms fetching 45.315 ms
INFO: at 7207.712 ms batch [45.315] delay 9.441 ms
INFO: at 7207.712 ms fetching 45.315 ms
INFO: at 7218.037 ms batch [45.315] delay 9.441 ms
INFO: at 7218.037 ms fetching 45.315 ms
INFO: at 7228.382 ms batch [45.315] delay 9.441 ms
INFO: at 7228.382 ms fetching 45.315 ms
INFO: at 7238.744 ms batch [45.315] delay 9.441 ms
INFO: at 7238.744 ms fetching 45.315 ms
INFO: at 7249.096 ms batch [45.315] delay 9.441 ms
INFO: at 7249.096 ms fetching 45.315 ms
INFO: at 7259.458 ms batch [45.315] delay 9.441 ms
INFO: at 7259.458 ms fetching 45.315 ms
INFO: at 7269.819 ms batch [45.315] delay 9.441 ms
INFO: at 7269.819 ms fetching 45.315 ms
INFO: at 7280.168 ms batch [45.315] delay 9.441 ms
INFO: at 7280.168 ms fetching 45.315 ms
INFO: at 7290.131 ms batch [45.315] delay 9.441 ms
INFO: at 7290.131 ms fetching 45.315 ms
INFO: at 7300.548 ms batch [45.315] delay 9.441 ms
INFO: at 7300.548 ms fetching 45.315 ms
INFO: at 7310.905 ms batch [45.315] delay 11.801 ms
INFO: at 7310.905 ms fetching 45.315 ms
INFO: at 7323.243 ms batch [45.315] delay 11.801 ms
INFO: at 7323.243 ms fetching 45.315 ms
INFO: at 7335.579 ms batch [45.315] delay 11.801 ms
INFO: at 7335.579 ms fetching 45.315 ms
INFO: at 7347.920 ms batch [45.315] delay 11.801 ms
INFO: at 7347.920 ms fetching 45.315 ms
INFO: at 7360.266 ms batch [45.315] delay 11.801 ms
INFO: at 7360.266 ms fetching 45.315 ms
INFO: at 7372.610 ms batch [45.315] delay 11.801 ms
INFO: at 7372.610 ms fetching 45.315 ms
INFO: at 7384.980 ms batch [45.315] delay 11.801 ms
INFO: at 7384.980 ms fetching 45.315 ms
INFO: at 7397.136 ms batch [45.315] delay 11.801 ms
INFO: at 7397.136 ms fetching 45.315 ms
INFO: at 7409.525 ms batch [45.315] delay 11.801 ms
INFO: at 7409.525 ms fetching 45.315 ms
INFO: at 7421.856 ms batch [45.315] delay 11.801 ms
INFO: at 7421.856 ms fetching 45.315 ms
INFO: at 7434.194 ms batch [45.315] delay 11.801 ms
INFO: at 7434.194 ms fetching 45.315 ms
INFO: at 7446.525 ms batch [45.315] delay 11.801 ms
INFO: at 7446.525 ms fetching 45.315 ms
INFO: at 7458.872 ms batch [45.315] delay 11.801 ms
INFO: at 7458.872 ms fetching 45.315 ms
INFO: at 7471.205 ms batch [45.315] delay 11.801 ms
INFO: at 7471.205 ms fetching 45.315 ms
INFO: at 7483.563 ms batch [45.315] delay 11.801 ms
INFO: at 7483.563 ms fetching 45.315 ms
INFO: at 7495.909 ms batch [45.315] delay 11.801 ms
INFO: at 7495.909 ms fetching 45.315 ms
INFO: at 7508.722 ms batch [45.315] delay 11.801 ms
INFO: at 7508.722 ms fetching 45.315 ms
INFO: at 7521.114 ms batch [45.315] delay 11.801 ms
INFO: at 7521.114 ms fetching 45.315 ms
INFO: at 7533.437 ms batch [45.315] delay 11.801 ms
INFO: at 7533.437 ms fetching 45.315 ms
INFO: at 7545.760 ms batch [45.315] delay 11.801 ms
INFO: at 7545.760 ms fetching 45.315 ms
INFO: at 7558.169 ms batch [45.315] delay 11.801 ms
INFO: at 7558.169 ms fetching 45.315 ms
INFO: at 7570.517 ms batch [45.315] delay 11.801 ms
INFO: at 7570.517 ms fetching 45.315 ms
INFO: at 7582.855 ms batch [45.315] delay 11.801 ms
INFO: at 7582.855 ms fetching 45.315 ms
INFO: at 7594.867 ms batch [45.315] delay 11.801 ms
INFO: at 7594.867 ms fetching 45.315 ms
INFO: at 7607.254 ms batch [45.315] delay 11.801 ms
INFO: at 7607.254 ms fetching 45.315 ms
INFO: at 7619.600 ms batch [45.315] delay 11.801 ms
INFO: at 7619.600 ms fetching 45.315 ms
INFO: at 7631.932 ms batch [45.315] delay 11.801 ms
INFO: at 7631.932 ms fetching 45.315 ms
INFO: at 7644.259 ms batch [45.315] delay 11.801 ms
INFO: at 7644.259 ms fetching 45.315 ms
INFO: at 7656.631 ms batch [45.315] delay 11.801 ms
INFO: at 7656.631 ms fetching 45.315 ms
INFO: at 7668.993 ms batch [45.315] delay 11.801 ms
INFO: at 7668.993 ms fetching 45.315 ms
INFO: at 7681.348 ms batch [45.315] delay 11.801 ms
INFO: at 7681.348 ms fetching 45.315 ms
INFO: at 7693.718 ms batch [45.315] delay 11.801 ms
INFO: at 7693.718 ms fetching 45.315 ms
INFO: at 7706.337 ms batch [45.315] delay 11.801 ms
INFO: at 7706.337 ms fetching 45.315 ms
INFO: at 7718.723 ms batch [45.315] delay 11.801 ms
INFO: at 7718.723 ms fetching 45.315 ms
INFO: at 7731.059 ms batch [45.315] delay 11.801 ms
INFO: at 7731.059 ms fetching 45.315 ms
INFO: at 7743.373 ms batch [45.315] delay 11.801 ms
INFO: at 7743.373 ms fetching 45.315 ms
INFO: at 7755.693 ms batch [45.315] delay 11.801 ms
INFO: at 7755.693 ms fetching 45.315 ms
INFO: at 7768.025 ms batch [45.315] delay 11.801 ms
INFO: at 7768.025 ms fetching 45.315 ms
INFO: at 7780.373 ms batch [45.315] delay 11.801 ms
INFO: at 7780.373 ms fetching 45.315 ms
INFO: at 7792.703 ms batch [45.315] delay 11.801 ms
INFO: at 7792.703 ms fetching 45.315 ms
INFO: at 7806.047 ms batch [45.315] delay 11.801 ms
INFO: at 7806.047 ms fetching 45.315 ms
INFO: at 7818.423 ms batch [45.315] delay 11.801 ms
INFO: at 7818.423 ms fetching 45.315 ms
INFO: at 7830.765 ms batch [45.315] delay 11.801 ms
INFO: at 7830.765 ms fetching 45.315 ms
INFO: at 7843.092 ms batch [45.315] delay 11.801 ms
INFO: at 7843.092 ms fetching 45.315 ms
INFO: at 7855.418 ms batch [45.315] delay 11.801 ms
INFO: at 7855.418 ms fetching 45.315 ms
INFO: at 7867.744 ms batch [45.315] delay 11.801 ms
INFO: at 7867.744 ms fetching 45.315 ms
INFO: at 7880.108 ms batch [45.315] delay 11.801 ms
INFO: at 7880.108 ms fetching 45.315 ms
INFO: at 7892.440 ms batch [45.315] delay 11.801 ms
INFO: at 7892.440 ms fetching 45.315 ms
INFO: at 7904.953 ms batch [45.315] delay 11.801 ms
INFO: at 7904.953 ms fetching 45.315 ms
INFO: at 7917.332 ms batch [45.315] delay 11.801 ms
INFO: at 7917.332 ms fetching 45.315 ms
INFO: at 7929.678 ms batch [45.315] delay 11.801 ms
INFO: at 7929.678 ms fetching 45.315 ms
INFO: at 7942.014 ms batch [45.315] delay 11.801 ms
INFO: at 7942.014 ms fetching 45.315 ms
INFO: at 7954.332 ms batch [45.315] delay 11.801 ms
INFO: at 7954.332 ms fetching 45.315 ms
INFO: at 7966.671 ms batch [45.315] delay 11.801 ms
INFO: at 7966.671 ms fetching 45.315 ms
INFO: at 7979.023 ms batch [45.315] delay 11.801 ms
INFO: at 7979.023 ms fetching 45.315 ms
INFO: at 7991.370 ms batch [45.315] delay 11.801 ms
INFO: at 7991.370 ms fetching 45.315 ms
INFO: at 8003.974 ms batch [45.315] delay 11.801 ms
INFO: at 8003.974 ms fetching 45.315 ms
INFO: at 8016.323 ms batch [45.315] delay 11.801 ms
INFO: at 8016.323 ms fetching 45.315 ms
INFO: at 8028.700 ms batch [45.315] delay 11.801 ms
INFO: at 8028.700 ms fetching 45.315 ms
INFO: at 8041.049 ms batch [45.315] delay 11.801 ms
INFO: at 8041.049 ms fetching 45.315 ms
INFO: at 8053.391 ms batch [45.315] delay 11.801 ms
INFO: at 8053.391 ms fetching 45.315 ms
INFO: at 8065.718 ms batch [45.315] delay 11.801 ms
INFO: at 8065.718 ms fetching 45.315 ms
INFO: at 8078.042 ms batch [45.315] delay 11.801 ms
INFO: at 8078.042 ms fetching 45.315 ms
INFO: at 8090.371 ms batch [45.315] delay 11.801 ms
INFO: at 8090.371 ms fetching 45.315 ms
INFO: at 8102.725 ms batch [45.315] delay 11.801 ms
INFO: at 8102.725 ms fetching 45.315 ms
INFO: at 8115.058 ms batch [45.315] delay 11.801 ms
INFO: at 8115.058 ms fetching 45.315 ms
INFO: at 8127.375 ms batch [45.315] delay 11.801 ms
INFO: at 8127.375 ms fetching 45.315 ms
INFO: at 8139.685 ms batch [45.315] delay 11.801 ms
INFO: at 8139.685 ms fetching 45.315 ms
INFO: at 8151.999 ms batch [45.315] delay 11.801 ms
INFO: at 8151.999 ms fetching 45.315 ms
INFO: at 8164.320 ms batch [45.315] delay 11.801 ms
INFO: at 8164.320 ms fetching 45.315 ms
INFO: at 8176.647 ms batch [45.315] delay 11.801 ms
INFO: at 8176.647 ms fetching 45.315 ms
INFO: at 8188.979 ms batch [45.315] delay 11.801 ms
INFO: at 8188.979 ms fetching 45.315 ms
INFO: at 8201.697 ms batch [45.315] delay 11.801 ms
INFO: at 8201.697 ms fetching 45.315 ms
INFO: at 8214.072 ms batch [45.315] delay 11.801 ms
INFO: at 8214.072 ms fetching 45.315 ms
INFO: at 8226.402 ms batch [45.315] delay 11.801 ms
INFO: at 8226.402 ms fetching 45.315 ms
INFO: at 8238.716 ms batch [45.315] delay 11.801 ms
INFO: at 8238.716 ms fetching 45.315 ms
INFO: at 8251.064 ms batch [45.315] delay 11.801 ms
INFO: at 8251.064 ms fetching 45.315 ms
INFO: at 8263.387 ms batch [45.315] delay 11.801 ms
INFO: at 8263.387 ms fetching 45.315 ms
INFO: at 8275.710 ms batch [45.315] delay 11.801 ms
INFO: at 8275.710 ms fetching 45.315 ms
INFO: at 8288.042 ms batch [45.315] delay 11.801 ms
INFO: at 8288.042 ms fetching 45.315 ms
INFO: at 8301.370 ms batch [45.315] delay 11.801 ms
INFO: at 8301.370 ms fetching 45.315 ms
INFO: at 8313.747 ms batch [45.315] delay 11.801 ms
INFO: at 8313.747 ms fetching 45.315 ms
INFO: at 8326.086 ms batch [45.315] delay 11.801 ms
INFO: at 8326.086 ms fetching 45.315 ms
INFO: at 8338.412 ms batch [45.315] delay 11.801 ms
INFO: at 8338.412 ms fetching 45.315 ms
INFO: at 8350.764 ms batch [45.315] delay 11.801 ms
INFO: at 8350.764 ms fetching 45.315 ms
INFO: at 8363.100 ms batch [45.315] delay 11.801 ms
INFO: at 8363.100 ms fetching 45.315 ms
INFO: at 8375.437 ms batch [45.315] delay 11.801 ms
INFO: at 8375.437 ms fetching 45.315 ms
INFO: at 8387.767 ms batch [45.315] delay 11.801 ms
INFO: at 8387.767 ms fetching 45.315 ms
INFO: at 8399.742 ms batch [45.315] delay 11.801 ms
INFO: at 8399.742 ms fetching 45.315 ms
INFO: at 8412.129 ms batch [45.315] delay 11.801 ms
INFO: at 8412.129 ms fetching 45.315 ms
INFO: at 8424.467 ms batch [45.315] delay 11.801 ms
INFO: at 8424.467 ms fetching 45.315 ms
INFO: at 8436.802 ms batch [45.315] delay 11.801 ms
INFO: at 8436.802 ms fetching 45.315 ms
INFO: at 8449.147 ms batch [45.315] delay 15.734 ms
INFO: at 8449.147 ms fetching 45.315 ms
INFO: at 8465.504 ms batch [45.315] delay 15.734 ms
INFO: at 8465.504 ms fetching 45.315 ms
INFO: at 8481.851 ms batch [45.315] delay 15.734 ms
INFO: at 8481.851 ms fetching 45.315 ms
INFO: at 8498.489 ms batch [45.315] delay 11.801 ms
INFO: at 8498.489 ms fetching 45.315 ms
INFO: at 8510.886 ms batch [45.315] delay 11.801 ms
INFO: at 8510.886 ms fetching 45.315 ms
INFO: at 8523.219 ms batch [45.315] delay 11.801 ms
INFO: at 8523.219 ms fetching 45.315 ms
INFO: at 8535.548 ms batch [45.315] delay 11.801 ms
INFO: at 8535.548 ms fetching 45.315 ms
INFO: at 8547.864 ms batch [45.315] delay 11.801 ms
INFO: at 8547.864 ms fetching 45.315 ms
INFO: at 8560.201 ms batch [45.315] delay 11.801 ms
INFO: at 8560.201 ms fetching 45.315 ms
INFO: at 8572.526 ms batch [45.315] delay 11.801 ms
INFO: at 8572.526 ms fetching 45.315 ms
INFO: at 8584.438 ms batch [45.315] delay 11.801 ms
INFO: at 8584.438 ms fetching 45.315 ms
INFO: at 8597.031 ms batch [45.315] delay 11.801 ms
INFO: at 8597.031 ms fetching 45.315 ms
INFO: at 8609.410 ms batch [45.315] delay 11.801 ms
INFO: at 8609.410 ms fetching 45.315 ms
INFO: at 8621.795 ms batch [45.315] delay 11.801 ms
INFO: at 8621.795 ms fetching 45.315 ms
INFO: at 8634.171 ms batch [45.315] delay 11.801 ms
INFO: at 8634.171 ms fetching 45.315 ms
INFO: at 8646.538 ms batch [45.315] delay 11.801 ms
INFO: at 8646.538 ms fetching 45.315 ms
INFO: at 8658.894 ms batch [45.315] delay 11.801 ms
INFO: at 8658.894 ms fetching 45.315 ms
INFO: at 8671.352 ms batch [45.315] delay 11.801 ms
INFO: at 8671.352 ms fetching 45.315 ms
INFO: at 8683.723 ms batch [45.315] delay 11.801 ms
INFO: at 8683.723 ms fetching 45.315 ms
INFO: at 8696.481 ms batch [45.315] delay 15.734 ms
INFO: at 8696.481 ms fetching 45.315 ms
INFO: at 8712.919 ms batch [45.315] delay 15.734 ms
INFO: at 8712.919 ms fetching 45.315 ms
INFO: at 8729.303 ms batch [45.315] delay 15.734 ms
INFO: at 8729.303 ms fetching 45.315 ms
INFO: at 8745.670 ms batch [45.315] delay 15.734 ms
INFO: at 8745.670 ms fetching 45.315 ms
INFO: at 8762.057 ms batch [45.315] delay 15.734 ms
INFO: at 8762.057 ms fetching 45.315 ms
INFO: at 8778.429 ms batch [45.315] delay 15.734 ms
INFO: at 8778.429 ms fetching 45.315 ms
INFO: at 8794.831 ms batch [45.315] delay 11.801 ms
INFO: at 8794.831 ms fetching 45.315 ms
INFO: at 8807.217 ms batch [45.315] delay 11.801 ms
INFO: at 8807.217 ms fetching 45.315 ms
INFO: at 8819.573 ms batch [45.315] delay 11.801 ms
INFO: at 8819.573 ms fetching 45.315 ms
INFO: at 8831.903 ms batch [45.315] delay 11.801 ms
INFO: at 8831.903 ms fetching 45.315 ms
INFO: at 8844.232 ms batch [45.315] delay 15.734 ms
INFO: at 8844.232 ms fetching 45.315 ms
INFO: at 8860.548 ms batch [45.315] delay 15.734 ms
INFO: at 8860.548 ms fetching 45.315 ms
INFO: at 8876.900 ms batch [45.315] delay 15.734 ms
INFO: at 8876.900 ms fetching 45.315 ms
INFO: at 8893.171 ms batch [45.315] delay 11.801 ms
INFO: at 8893.171 ms fetching 45.315 ms
INFO: at 8905.564 ms batch [45.315] delay 11.801 ms
INFO: at 8905.564 ms fetching 45.315 ms
INFO: at 8917.893 ms batch [45.315] delay 11.801 ms
INFO: at 8917.893 ms fetching 45.315 ms
INFO: at 8930.180 ms batch [45.315] delay 11.801 ms
INFO: at 8930.180 ms fetching 45.315 ms
INFO: at 8942.504 ms batch [45.315] delay 15.734 ms
INFO: at 8942.504 ms fetching 45.315 ms
INFO: at 8958.837 ms batch [45.315] delay 15.734 ms
INFO: at 8958.837 ms fetching 45.315 ms
INFO: at 8974.676 ms batch [45.315] delay 15.734 ms
INFO: at 8974.676 ms fetching 45.315 ms
INFO: at 8991.008 ms batch [45.315] delay 15.734 ms
INFO: at 8991.008 ms fetching 45.315 ms
INFO: at 9007.340 ms batch [45.315] delay 15.734 ms
INFO: at 9007.340 ms fetching 45.315 ms
INFO: at 9023.669 ms batch [45.315] delay 15.734 ms
INFO: at 9023.669 ms fetching 45.315 ms
INFO: at 9040.003 ms batch [45.315] delay 15.734 ms
INFO: at 9040.003 ms fetching 45.315 ms
INFO: at 9056.332 ms batch [45.315] delay 15.734 ms
INFO: at 9056.332 ms fetching 45.315 ms
INFO: at 9072.315 ms batch [45.315] delay 15.734 ms
INFO: at 9072.315 ms fetching 45.315 ms
INFO: at 9088.731 ms batch [45.315] delay 15.734 ms
INFO: at 9088.731 ms fetching 45.315 ms
INFO: at 9105.098 ms batch [45.315] delay 15.734 ms
INFO: at 9105.098 ms fetching 45.315 ms
INFO: at 9121.457 ms batch [45.315] delay 15.734 ms
INFO: at 9121.457 ms fetching 45.315 ms
INFO: at 9137.816 ms batch [45.315] delay 15.734 ms
INFO: at 9137.816 ms fetching 45.315 ms
INFO: at 9154.915 ms batch [45.315] delay 15.734 ms
INFO: at 9154.915 ms fetching 45.315 ms
INFO: at 9171.587 ms batch [45.315] delay 15.734 ms
INFO: at 9171.587 ms fetching 45.315 ms
INFO: at 9187.941 ms batch [45.315] delay 15.734 ms
INFO: at 9187.941 ms fetching 45.315 ms
INFO: at 9204.282 ms batch [45.315] delay 15.734 ms
INFO: at 9204.282 ms fetching 45.315 ms
INFO: at 9220.630 ms batch [45.315] delay 15.734 ms
INFO: at 9220.630 ms fetching 45.315 ms
INFO: at 9236.584 ms batch [45.315] delay 15.734 ms
INFO: at 9236.584 ms fetching 45.315 ms
INFO: at 9252.966 ms batch [45.315] delay 15.734 ms
INFO: at 9252.966 ms fetching 45.315 ms
INFO: at 9269.310 ms batch [45.315] delay 15.734 ms
INFO: at 9269.310 ms fetching 45.315 ms
INFO: at 9285.639 ms batch [45.315] delay 15.734 ms
INFO: at 9285.639 ms fetching 45.315 ms
INFO: at 9301.960 ms batch [45.315] delay 15.734 ms
INFO: at 9301.960 ms fetching 45.315 ms
INFO: at 9319.083 ms batch [45.315] delay 15.734 ms
INFO: at 9319.083 ms fetching 45.315 ms
INFO: at 9335.554 ms batch [45.315] delay 15.734 ms
INFO: at 9335.554 ms fetching 45.315 ms
INFO: at 9352.000 ms batch [45.315] delay 15.734 ms
INFO: at 9352.000 ms fetching 45.315 ms
INFO: at 9368.431 ms batch [45.315] delay 15.734 ms
INFO: at 9368.431 ms fetching 45.315 ms
INFO: at 9384.871 ms batch [45.315] delay 15.734 ms
INFO: at 9384.871 ms fetching 45.315 ms
INFO: at 9401.712 ms batch [45.315] delay 15.734 ms
INFO: at 9401.712 ms fetching 45.315 ms
INFO: at 9418.159 ms batch [45.315] delay 15.734 ms
INFO: at 9418.159 ms fetching 45.315 ms
INFO: at 9434.573 ms batch [45.315] delay 15.734 ms
INFO: at 9434.573 ms fetching 45.315 ms
INFO: at 9451.026 ms batch [45.315] delay 15.734 ms
INFO: at 9451.026 ms fetching 45.315 ms
INFO: at 9467.358 ms batch [45.315] delay 15.734 ms
INFO: at 9467.358 ms fetching 45.315 ms
INFO: at 9484.476 ms batch [45.315] delay 11.801 ms
INFO: at 9484.476 ms fetching 45.315 ms
INFO: at 9496.973 ms batch [45.315] delay 11.801 ms
INFO: at 9496.973 ms fetching 45.315 ms
INFO: at 9509.335 ms batch [45.315] delay 11.801 ms
INFO: at 9509.335 ms fetching 45.315 ms
INFO: at 9521.703 ms batch [45.315] delay 11.801 ms
INFO: at 9521.703 ms fetching 45.315 ms
INFO: at 9534.063 ms batch [45.315] delay 11.801 ms
INFO: at 9534.063 ms fetching 45.315 ms
INFO: at 9546.440 ms batch [45.315] delay 11.801 ms
INFO: at 9546.440 ms fetching 45.315 ms
INFO: at 9558.445 ms batch [45.315] delay 11.801 ms
INFO: at 9558.445 ms fetching 45.315 ms
INFO: at 9570.813 ms batch [45.315] delay 11.801 ms
INFO: at 9570.813 ms fetching 45.315 ms
INFO: at 9583.206 ms batch [45.315] delay 11.801 ms
INFO: at 9583.206 ms fetching 45.315 ms
INFO: at 9595.565 ms batch [45.315] delay 11.801 ms
INFO: at 9595.565 ms fetching 45.315 ms
INFO: at 9607.894 ms batch [45.315] delay 11.801 ms
INFO: at 9607.894 ms fetching 45.315 ms
INFO: at 9620.251 ms batch [45.315] delay 11.801 ms
INFO: at 9620.251 ms fetching 45.315 ms
INFO: at 9632.594 ms batch [45.315] delay 11.801 ms
INFO: at 9632.594 ms fetching 45.315 ms
INFO: at 9644.932 ms batch [45.315] delay 11.801 ms
INFO: at 9644.932 ms fetching 45.315 ms
INFO: at 9656.949 ms batch [45.315] delay 11.801 ms
INFO: at 9656.949 ms fetching 45.315 ms
INFO: at 9669.719 ms batch [45.315] delay 11.801 ms
INFO: at 9669.719 ms fetching 45.315 ms
INFO: at 9682.096 ms batch [45.315] delay 11.801 ms
INFO: at 9682.096 ms fetching 45.315 ms
INFO: at 9694.457 ms batch [45.315] delay 11.801 ms
INFO: at 9694.457 ms fetching 45.315 ms
INFO: at 9706.793 ms batch [45.315] delay 11.801 ms
INFO: at 9706.793 ms fetching 45.315 ms
INFO: at 9719.145 ms batch [45.315] delay 11.801 ms
INFO: at 9719.145 ms fetching 45.315 ms
INFO: at 9731.488 ms batch [45.315] delay 11.801 ms
INFO: at 9731.488 ms fetching 45.315 ms
INFO: at 9743.829 ms batch [45.315] delay 11.801 ms
INFO: at 9743.829 ms fetching 45.315 ms
INFO: at 9756.164 ms batch [45.315] delay 11.801 ms
INFO: at 9756.164 ms fetching 45.315 ms
INFO: at 9768.625 ms batch [45.315] delay 11.801 ms
INFO: at 9768.625 ms fetching 45.315 ms
INFO: at 9781.008 ms batch [45.315] delay 11.801 ms
INFO: at 9781.008 ms fetching 45.315 ms
INFO: at 9793.346 ms batch [45.315] delay 11.801 ms
INFO: at 9793.346 ms fetching 45.315 ms
INFO: at 9805.673 ms batch [45.315] delay 11.801 ms
INFO: at 9805.673 ms fetching 45.315 ms
INFO: at 9818.005 ms batch [45.315] delay 11.801 ms
INFO: at 9818.005 ms fetching 45.315 ms
INFO: at 9830.349 ms batch [45.315] delay 11.801 ms
INFO: at 9830.349 ms fetching 45.315 ms
INFO: at 9842.696 ms batch [45.315] delay 11.801 ms
INFO: at 9842.696 ms fetching 45.315 ms
INFO: at 9855.055 ms batch [45.315] delay 11.801 ms
INFO: at 9855.055 ms fetching 45.315 ms
INFO: at 9867.424 ms batch [45.315] delay 11.801 ms
INFO: at 9867.424 ms fetching 45.315 ms
INFO: at 9879.804 ms batch [45.315] delay 9.441 ms
INFO: at 9879.804 ms fetching 45.315 ms
INFO: at 9890.161 ms batch [45.315] delay 9.441 ms
INFO: at 9890.161 ms fetching 45.315 ms
INFO: at 9900.508 ms batch [45.315] delay 9.441 ms
INFO: at 9900.508 ms fetching 45.315 ms
INFO: at 9910.827 ms batch [45.315] delay 9.441 ms
INFO: at 9910.827 ms fetching 45.315 ms
INFO: at 9921.167 ms batch [45.315] delay 9.441 ms
INFO: at 9921.167 ms fetching 45.315 ms
INFO: at 9931.595 ms batch [45.315] delay 9.441 ms
INFO: at 9931.595 ms fetching 45.315 ms
INFO: at 9941.935 ms batch [45.315] delay 9.441 ms
INFO: at 9941.935 ms fetching 45.315 ms
INFO: at 9952.283 ms batch [45.315] delay 9.441 ms
INFO: at 9952.283 ms fetching 45.315 ms
INFO: at 9962.658 ms batch [45.315] delay 9.441 ms
INFO: at 9962.658 ms fetching 45.315 ms
INFO: at 9973.035 ms batch [45.315] delay 9.441 ms
INFO: at 9973.035 ms fetching 45.315 ms
INFO: at 9983.369 ms batch [45.315] delay 9.441 ms
INFO: at 9983.369 ms fetching 45.315 ms
INFO: at 9993.703 ms batch [45.315] delay 9.441 ms
INFO: at 9993.703 ms fetching 45.315 ms
INFO: at 10004.048 ms batch [45.315] delay 9.441 ms
INFO: at 10004.048 ms fetching 45.315 ms
INFO: at 10014.401 ms batch [45.315] delay 9.441 ms
INFO: at 10014.401 ms fetching 45.315 ms
INFO: at 10024.755 ms batch [45.315] delay 9.441 ms
INFO: at 10024.755 ms fetching 45.315 ms
INFO: at 10035.102 ms batch [45.315] delay 7.867 ms
INFO: at 10035.102 ms fetching 45.315 ms
INFO: at 10043.446 ms batch [45.315] delay 7.867 ms
INFO: at 10043.446 ms fetching 45.315 ms
INFO: at 10051.788 ms batch [45.315] delay 7.867 ms
INFO: at 10051.788 ms fetching 45.315 ms
INFO: at 10060.154 ms batch [45.315] delay 7.867 ms
INFO: at 10060.154 ms fetching 45.315 ms
INFO: at 10068.511 ms batch [45.315] delay 7.867 ms
INFO: at 10068.511 ms fetching 45.315 ms
INFO: at 10076.597 ms batch [45.315] delay 7.867 ms
INFO: at 10076.597 ms fetching 45.315 ms
INFO: at 10084.989 ms batch [45.315] delay 9.441 ms
INFO: at 10084.989 ms fetching 45.315 ms
INFO: at 10095.338 ms batch [45.315] delay 9.441 ms
INFO: at 10095.338 ms fetching 45.315 ms
INFO: at 10105.694 ms batch [45.315] delay 9.441 ms
INFO: at 10105.694 ms fetching 45.315 ms
INFO: at 10116.057 ms batch [45.315] delay 9.441 ms
INFO: at 10116.057 ms fetching 45.315 ms
INFO: at 10126.398 ms batch [45.315] delay 9.441 ms
INFO: at 10126.398 ms fetching 45.315 ms
INFO: at 10136.740 ms batch [45.315] delay 9.441 ms
INFO: at 10136.740 ms fetching 45.315 ms
INFO: at 10147.087 ms batch [45.315] delay 9.441 ms
INFO: at 10147.087 ms fetching 45.315 ms
INFO: at 10157.450 ms batch [45.315] delay 9.441 ms
INFO: at 10157.450 ms fetching 45.315 ms
INFO: at 10167.827 ms batch [45.315] delay 9.441 ms
INFO: at 10167.827 ms fetching 45.315 ms
INFO: at 10178.196 ms batch [45.315] delay 9.441 ms
INFO: at 10178.196 ms fetching 45.315 ms
INFO: at 10188.066 ms batch [45.315] delay 9.441 ms
INFO: at 10188.066 ms fetching 45.315 ms
INFO: at 10198.462 ms batch [45.315] delay 9.441 ms
INFO: at 10198.462 ms fetching 45.315 ms
INFO: at 10208.811 ms batch [45.315] delay 9.441 ms
INFO: at 10208.811 ms fetching 45.315 ms
INFO: at 10219.155 ms batch [45.315] delay 9.441 ms
INFO: at 10219.155 ms fetching 45.315 ms
INFO: at 10229.494 ms batch [45.315] delay 9.441 ms
INFO: at 10229.494 ms fetching 45.315 ms
INFO: at 10239.832 ms batch [45.315] delay 7.867 ms
INFO: at 10239.832 ms fetching 45.315 ms
INFO: at 10248.175 ms batch [45.315] delay 7.867 ms
INFO: at 10248.175 ms fetching 45.315 ms
INFO: at 10256.539 ms batch [45.315] delay 7.867 ms
INFO: at 10256.539 ms fetching 45.315 ms
INFO: at 10264.886 ms batch [45.315] delay 7.867 ms
INFO: at 10264.886 ms fetching 45.315 ms
INFO: at 10273.246 ms batch [45.315] delay 7.867 ms
INFO: at 10273.246 ms fetching 45.315 ms
INFO: at 10281.610 ms batch [45.315] delay 7.867 ms
INFO: at 10281.610 ms fetching 45.315 ms
INFO: at 10289.998 ms batch [45.315] delay 9.441 ms
INFO: at 10289.998 ms fetching 45.315 ms
INFO: at 10299.714 ms batch [45.315] delay 9.441 ms
INFO: at 10299.714 ms fetching 45.315 ms
INFO: at 10310.118 ms batch [45.315] delay 9.441 ms
INFO: at 10310.118 ms fetching 45.315 ms
INFO: at 10320.505 ms batch [45.315] delay 9.441 ms
INFO: at 10320.505 ms fetching 45.315 ms
INFO: at 10330.858 ms batch [45.315] delay 9.441 ms
INFO: at 10330.858 ms fetching 45.315 ms
INFO: at 10341.214 ms batch [45.315] delay 7.867 ms
INFO: at 10341.214 ms fetching 45.315 ms
INFO: at 10349.576 ms batch [45.315] delay 7.867 ms
INFO: at 10349.576 ms fetching 45.315 ms
INFO: at 10357.942 ms batch [45.315] delay 7.867 ms
INFO: at 10357.942 ms fetching 45.315 ms
INFO: at 10366.289 ms batch [45.315] delay 7.867 ms
INFO: at 10366.289 ms fetching 45.315 ms
INFO: at 10374.634 ms batch [45.315] delay 7.867 ms
INFO: at 10374.634 ms fetching 45.315 ms
INFO: at 10383.035 ms batch [45.315] delay 7.867 ms
INFO: at 10383.035 ms fetching 45.315 ms
INFO: at 10391.411 ms batch [45.315] delay 7.867 ms
INFO: at 10391.411 ms fetching 45.315 ms
INFO: at 10399.774 ms batch [45.315] delay 7.867 ms
INFO: at 10399.774 ms fetching 45.315 ms
INFO: at 10408.047 ms batch [45.315] delay 7.867 ms
INFO: at 10408.047 ms fetching 45.315 ms
INFO: at 10416.473 ms batch [45.315] delay 7.867 ms
INFO: at 10416.473 ms fetching 45.315 ms
INFO: at 10424.837 ms batch [45.315] delay 7.867 ms
INFO: at 10424.837 ms fetching 45.315 ms
INFO: at 10433.210 ms batch [45.315] delay 7.867 ms
INFO: at 10433.210 ms fetching 45.315 ms
INFO: at 10441.565 ms batch [45.315] delay 7.867 ms
INFO: at 10441.565 ms fetching 45.315 ms
INFO: at 10449.901 ms batch [45.315] delay 7.867 ms
INFO: at 10449.901 ms fetching 45.315 ms
INFO: at 10458.253 ms batch [45.315] delay 7.867 ms
INFO: at 10458.253 ms fetching 45.315 ms
INFO: at 10466.611 ms batch [45.315] delay 7.867 ms
INFO: at 10466.611 ms fetching 45.315 ms
INFO: at 10474.983 ms batch [45.315] delay 7.867 ms
INFO: at 10474.983 ms fetching 45.315 ms
INFO: at 10483.362 ms batch [45.315] delay 7.867 ms
INFO: at 10483.362 ms fetching 45.315 ms
INFO: at 10491.709 ms batch [45.315] delay 7.867 ms
INFO: at 10491.709 ms fetching 45.315 ms
INFO: at 10500.062 ms batch [45.315] delay 7.867 ms
INFO: at 10500.062 ms fetching 45.315 ms
INFO: at 10508.436 ms batch [45.315] delay 7.867 ms
INFO: at 10508.436 ms fetching 45.315 ms
INFO: at 10516.890 ms batch [45.315] delay 7.867 ms
INFO: at 10516.890 ms fetching 45.315 ms
INFO: at 10525.292 ms batch [45.315] delay 7.867 ms
INFO: at 10525.292 ms fetching 45.315 ms
INFO: at 10533.661 ms batch [45.315] delay 7.867 ms
INFO: at 10533.661 ms fetching 45.315 ms
INFO: at 10542.010 ms batch [45.315] delay 7.867 ms
INFO: at 10542.010 ms fetching 45.315 ms
INFO: at 10550.365 ms batch [45.315] delay 7.867 ms
INFO: at 10550.365 ms fetching 45.315 ms
INFO: at 10558.706 ms batch [45.315] delay 7.867 ms
INFO: at 10558.706 ms fetching 45.315 ms
INFO: at 10567.074 ms batch [45.315] delay 7.867 ms
INFO: at 10567.074 ms fetching 45.315 ms
INFO: at 10575.442 ms batch [45.315] delay 7.867 ms
INFO: at 10575.442 ms fetching 45.315 ms
INFO: at 10583.815 ms batch [45.315] delay 7.867 ms
INFO: at 10583.815 ms fetching 45.315 ms
INFO: at 10592.178 ms batch [45.315] delay 7.867 ms
INFO: at 10592.178 ms fetching 45.315 ms
INFO: at 10600.541 ms batch [45.315] delay 7.867 ms
INFO: at 10600.541 ms fetching 45.315 ms
INFO: at 10608.901 ms batch [45.315] delay 7.867 ms
INFO: at 10608.901 ms fetching 45.315 ms
INFO: at 10617.288 ms batch [45.315] delay 7.867 ms
INFO: at 10617.288 ms fetching 45.315 ms
INFO: at 10626.087 ms batch [45.315] delay 7.867 ms
INFO: at 10626.087 ms fetching 45.315 ms
INFO: at 10634.479 ms batch [45.315] delay 7.867 ms
INFO: at 10634.479 ms fetching 45.315 ms
INFO: at 10642.860 ms batch [45.315] delay 7.867 ms
INFO: at 10642.860 ms fetching 45.315 ms
INFO: at 10651.231 ms batch [45.315] delay 7.867 ms
INFO: at 10651.231 ms fetching 45.315 ms
INFO: at 10659.590 ms batch [45.315] delay 7.867 ms
INFO: at 10659.590 ms fetching 45.315 ms
INFO: at 10667.965 ms batch [45.315] delay 7.867 ms
INFO: at 10667.965 ms fetching 45.315 ms
INFO: at 10676.331 ms batch [45.315] delay 7.867 ms
INFO: at 10676.331 ms fetching 45.315 ms
INFO: at 10684.695 ms batch [45.315] delay 7.867 ms
INFO: at 10684.695 ms fetching 45.315 ms
INFO: at 10693.065 ms batch [45.315] delay 7.867 ms
INFO: at 10693.065 ms fetching 45.315 ms
INFO: at 10701.429 ms batch [45.315] delay 7.867 ms
INFO: at 10701.429 ms fetching 45.315 ms
INFO: at 10709.800 ms batch [45.315] delay 7.867 ms
INFO: at 10709.800 ms fetching 45.315 ms
INFO: at 10718.175 ms batch [45.315] delay 7.867 ms
INFO: at 10718.175 ms fetching 45.315 ms
INFO: at 10726.610 ms batch [45.315] delay 7.867 ms
INFO: at 10726.610 ms fetching 45.315 ms
INFO: at 10735.242 ms batch [45.315] delay 7.867 ms
INFO: at 10735.242 ms fetching 45.315 ms
INFO: at 10743.848 ms batch [45.315] delay 7.867 ms
INFO: at 10743.848 ms fetching 45.315 ms
INFO: at 10752.219 ms batch [45.315] delay 7.867 ms
INFO: at 10752.219 ms fetching 45.315 ms
INFO: at 10760.572 ms batch [45.315] delay 7.867 ms
INFO: at 10760.572 ms fetching 45.315 ms
INFO: at 10768.934 ms batch [45.315] delay 7.867 ms
INFO: at 10768.934 ms fetching 45.315 ms
INFO: at 10777.300 ms batch [45.315] delay 7.867 ms
INFO: at 10777.300 ms fetching 45.315 ms
INFO: at 10785.667 ms batch [45.315] delay 7.867 ms
INFO: at 10785.667 ms fetching 45.315 ms
INFO: at 10794.049 ms batch [45.315] delay 7.867 ms
INFO: at 10794.049 ms fetching 45.315 ms
INFO: at 10802.414 ms batch [45.315] delay 7.867 ms
INFO: at 10802.414 ms fetching 45.315 ms
INFO: at 10810.786 ms batch [45.315] delay 7.867 ms
INFO: at 10810.786 ms fetching 45.315 ms
INFO: at 10819.246 ms batch [45.315] delay 7.867 ms
INFO: at 10819.246 ms fetching 45.315 ms
INFO: at 10827.668 ms batch [45.315] delay 7.867 ms
INFO: at 10827.668 ms fetching 45.315 ms
INFO: at 10836.041 ms batch [45.315] delay 7.867 ms
INFO: at 10836.041 ms fetching 45.315 ms
INFO: at 10844.317 ms batch [45.315] delay 7.867 ms
INFO: at 10844.317 ms fetching 45.315 ms
INFO: at 10852.751 ms batch [45.315] delay 7.867 ms
INFO: at 10852.751 ms fetching 45.315 ms
INFO: at 10861.127 ms batch [45.315] delay 7.867 ms
INFO: at 10861.127 ms fetching 45.315 ms
INFO: at 10869.486 ms batch [45.315] delay 7.867 ms
INFO: at 10869.486 ms fetching 45.315 ms
INFO: at 10877.832 ms batch [45.315] delay 7.867 ms
INFO: at 10877.832 ms fetching 45.315 ms
INFO: at 10886.195 ms batch [45.315] delay 7.867 ms
INFO: at 10886.195 ms fetching 45.315 ms
INFO: at 10894.553 ms batch [45.315] delay 7.867 ms
INFO: at 10894.553 ms fetching 45.315 ms
INFO: at 10902.924 ms batch [45.315] delay 7.867 ms
INFO: at 10902.924 ms fetching 45.315 ms
INFO: at 10911.298 ms batch [45.315] delay 7.867 ms
INFO: at 10911.298 ms fetching 45.315 ms
INFO: at 10919.673 ms batch [45.315] delay 7.867 ms
INFO: at 10919.673 ms fetching 45.315 ms
INFO: at 10928.045 ms batch [45.315] delay 7.867 ms
INFO: at 10928.045 ms fetching 45.315 ms
INFO: at 10936.412 ms batch [45.315] delay 7.867 ms
INFO: at 10936.412 ms fetching 45.315 ms
INFO: at 10944.773 ms batch [45.315] delay 7.867 ms
INFO: at 10944.773 ms fetching 45.315 ms
INFO: at 10952.831 ms batch [45.315] delay 7.867 ms
INFO: at 10952.831 ms fetching 45.315 ms
INFO: at 10961.298 ms batch [45.315] delay 7.867 ms
INFO: at 10961.298 ms fetching 45.315 ms
INFO: at 10969.731 ms batch [45.315] delay 7.867 ms
INFO: at 10969.731 ms fetching 45.315 ms
INFO: at 10978.075 ms batch [45.315] delay 7.867 ms
INFO: at 10978.075 ms fetching 45.315 ms
INFO: at 10986.421 ms batch [45.315] delay 7.867 ms
INFO: at 10986.421 ms fetching 45.315 ms
INFO: at 10994.770 ms batch [45.315] delay 7.867 ms
INFO: at 10994.770 ms fetching 45.315 ms
INFO: at 11003.115 ms batch [45.315] delay 7.867 ms
INFO: at 11003.115 ms fetching 45.315 ms
INFO: at 11011.464 ms batch [45.315] delay 7.867 ms
INFO: at 11011.464 ms fetching 45.315 ms
INFO: at 11019.805 ms batch [45.315] delay 7.867 ms
INFO: at 11019.805 ms fetching 45.315 ms
INFO: at 11028.145 ms batch [45.315] delay 7.867 ms
INFO: at 11028.145 ms fetching 45.315 ms
INFO: at 11036.502 ms batch [45.315] delay 7.867 ms
INFO: at 11036.502 ms fetching 45.315 ms
INFO: at 11044.858 ms batch [45.315] delay 9.441 ms
INFO: at 11044.858 ms fetching 45.315 ms
INFO: at 11055.282 ms batch [45.315] delay 9.441 ms
INFO: at 11055.282 ms fetching 45.315 ms
INFO: at 11065.362 ms batch [45.315] delay 9.441 ms
INFO: at 11065.362 ms fetching 45.315 ms
INFO: at 11075.760 ms batch [45.315] delay 9.441 ms
INFO: at 11075.760 ms fetching 45.315 ms
INFO: at 11086.237 ms batch [45.315] delay 9.441 ms
INFO: at 11086.237 ms fetching 45.315 ms
INFO: at 11096.578 ms batch [45.315] delay 7.867 ms
INFO: at 11096.578 ms fetching 45.315 ms
INFO: at 11104.916 ms batch [45.315] delay 7.867 ms
INFO: at 11104.916 ms fetching 45.315 ms
INFO: at 11113.251 ms batch [45.315] delay 7.867 ms
INFO: at 11113.251 ms fetching 45.315 ms
INFO: at 11121.633 ms batch [45.315] delay 7.867 ms
INFO: at 11121.633 ms fetching 45.315 ms
INFO: at 11129.978 ms batch [45.315] delay 7.867 ms
INFO: at 11129.978 ms fetching 45.315 ms
INFO: at 11138.330 ms batch [45.315] delay 7.867 ms
INFO: at 11138.330 ms fetching 45.315 ms
INFO: at 11146.684 ms batch [45.315] delay 9.441 ms
INFO: at 11146.684 ms fetching 45.315 ms
INFO: at 11157.039 ms batch [45.315] delay 9.441 ms
INFO: at 11157.039 ms fetching 45.315 ms
INFO: at 11167.401 ms batch [45.315] delay 9.441 ms
INFO: at 11167.401 ms fetching 45.315 ms
INFO: at 11177.155 ms batch [45.315] delay 9.441 ms
INFO: at 11177.155 ms fetching 45.315 ms
INFO: at 11187.533 ms batch [45.315] delay 9.441 ms
INFO: at 11187.533 ms fetching 45.315 ms
INFO: at 11197.848 ms batch [45.315] delay 7.867 ms
INFO: at 11197.848 ms fetching 45.315 ms
INFO: at 11206.193 ms batch [45.315] delay 7.867 ms
INFO: at 11206.193 ms fetching 45.315 ms
INFO: at 11214.534 ms batch [45.315] delay 7.867 ms
INFO: at 11214.534 ms fetching 45.315 ms
INFO: at 11222.878 ms batch [45.315] delay 7.867 ms
INFO: at 11222.878 ms fetching 45.315 ms
INFO: at 11231.222 ms batch [45.315] delay 7.867 ms
INFO: at 11231.222 ms fetching 45.315 ms
INFO: at 11239.575 ms batch [45.315] delay 7.867 ms
INFO: at 11239.575 ms fetching 45.315 ms
INFO: at 11247.930 ms batch [45.315] delay 6.743 ms
INFO: at 11247.930 ms fetching 45.315 ms
INFO: at 11255.286 ms batch [45.315] delay 6.743 ms
INFO: at 11255.286 ms fetching 45.315 ms
INFO: at 11262.624 ms batch [45.315] delay 6.743 ms
INFO: at 11262.624 ms fetching 45.315 ms
INFO: at 11269.982 ms batch [45.315] delay 6.743 ms
INFO: at 11269.982 ms fetching 45.315 ms
INFO: at 11277.430 ms batch [45.315] delay 6.743 ms
INFO: at 11277.430 ms fetching 45.315 ms
INFO: at 11285.185 ms batch [45.315] delay 6.743 ms
INFO: at 11285.185 ms fetching 45.315 ms
INFO: at 11292.643 ms batch [45.315] delay 6.743 ms
INFO: at 11292.643 ms fetching 45.315 ms
INFO: at 11300.019 ms batch [45.315] delay 7.867 ms
INFO: at 11300.019 ms fetching 45.315 ms
INFO: at 11308.372 ms batch [45.315] delay 7.867 ms
INFO: at 11308.372 ms fetching 45.315 ms
INFO: at 11316.682 ms batch [45.315] delay 7.867 ms
INFO: at 11316.682 ms fetching 45.315 ms
INFO: at 11324.996 ms batch [45.315] delay 7.867 ms
INFO: at 11324.996 ms fetching 45.315 ms
INFO: at 11333.347 ms batch [45.315] delay 7.867 ms
INFO: at 11333.347 ms fetching 45.315 ms
INFO: at 11341.711 ms batch [45.315] delay 7.867 ms
INFO: at 11341.711 ms fetching 45.315 ms
INFO: at 11350.078 ms batch [45.315] delay 7.867 ms
INFO: at 11350.078 ms fetching 45.315 ms
INFO: at 11358.566 ms batch [45.315] delay 7.867 ms
INFO: at 11358.566 ms fetching 45.315 ms
INFO: at 11366.910 ms batch [45.315] delay 7.867 ms
INFO: at 11366.910 ms fetching 45.315 ms
INFO: at 11375.260 ms batch [45.315] delay 7.867 ms
INFO: at 11375.260 ms fetching 45.315 ms
INFO: at 11383.616 ms batch [45.315] delay 7.867 ms
INFO: at 11383.616 ms fetching 45.315 ms
INFO: at 11391.867 ms batch [45.315] delay 7.867 ms
INFO: at 11391.867 ms fetching 45.315 ms
INFO: at 11400.588 ms batch [45.315] delay 7.867 ms
INFO: at 11400.588 ms fetching 45.315 ms
INFO: at 11408.994 ms batch [45.315] delay 7.867 ms
INFO: at 11408.994 ms fetching 45.315 ms
INFO: at 11417.335 ms batch [45.315] delay 7.867 ms
INFO: at 11417.335 ms fetching 45.315 ms
INFO: at 11425.663 ms batch [45.315] delay 7.867 ms
INFO: at 11425.663 ms fetching 45.315 ms
INFO: at 11433.999 ms batch [45.315] delay 7.867 ms
INFO: at 11433.999 ms fetching 45.315 ms
INFO: at 11442.327 ms batch [45.315] delay 7.867 ms
INFO: at 11442.327 ms fetching 45.315 ms
INFO: at 11450.682 ms batch [45.315] delay 6.743 ms
INFO: at 11450.682 ms fetching 45.315 ms
INFO: at 11458.030 ms batch [45.315] delay 6.743 ms
INFO: at 11458.030 ms fetching 45.315 ms
INFO: at 11465.377 ms batch [45.315] delay 6.743 ms
INFO: at 11465.377 ms fetching 45.315 ms
INFO: at 11472.782 ms batch [45.315] delay 6.743 ms
INFO: at 11472.782 ms fetching 45.315 ms
INFO: at 11480.125 ms batch [45.315] delay 6.743 ms
INFO: at 11480.125 ms fetching 45.315 ms
INFO: at 11487.467 ms batch [45.315] delay 6.743 ms
INFO: at 11487.467 ms fetching 45.315 ms
INFO: at 11494.908 ms batch [45.315] delay 6.743 ms
INFO: at 11494.908 ms fetching 45.315 ms
INFO: at 11501.964 ms batch [45.315] delay 6.743 ms
INFO: at 11501.964 ms fetching 45.315 ms
INFO: at 11508.922 ms batch [45.315] delay 6.743 ms
INFO: at 11508.922 ms fetching 45.315 ms
INFO: at 11516.327 ms batch [45.315] delay 6.743 ms
INFO: at 11516.327 ms fetching 45.315 ms
INFO: at 11523.732 ms batch [45.315] delay 6.743 ms
INFO: at 11523.732 ms fetching 45.315 ms
INFO: at 11531.157 ms batch [45.315] delay 6.743 ms
INFO: at 11531.157 ms fetching 45.315 ms
INFO: at 11538.517 ms batch [45.315] delay 6.743 ms
INFO: at 11538.517 ms fetching 45.315 ms
INFO: at 11545.887 ms batch [45.315] delay 6.743 ms
INFO: at 11545.887 ms fetching 45.315 ms
INFO: at 11553.256 ms batch [45.315] delay 7.867 ms
INFO: at 11553.256 ms fetching 45.315 ms
INFO: at 11561.639 ms batch [45.315] delay 7.867 ms
INFO: at 11561.639 ms fetching 45.315 ms
INFO: at 11569.996 ms batch [45.315] delay 7.867 ms
INFO: at 11569.996 ms fetching 45.315 ms
INFO: at 11578.358 ms batch [45.315] delay 7.867 ms
INFO: at 11578.358 ms fetching 45.315 ms
INFO: at 11586.706 ms batch [45.315] delay 7.867 ms
INFO: at 11586.706 ms fetching 45.315 ms
INFO: at 11595.065 ms batch [45.315] delay 7.867 ms
INFO: at 11595.065 ms fetching 45.315 ms
INFO: at 11603.587 ms batch [45.315] delay 6.743 ms
INFO: at 11603.587 ms fetching 45.315 ms
INFO: at 11610.981 ms batch [45.315] delay 6.743 ms
INFO: at 11610.981 ms fetching 45.315 ms
INFO: at 11618.613 ms batch [45.315] delay 6.743 ms
INFO: at 11618.613 ms fetching 45.315 ms
INFO: at 11626.040 ms batch [45.315] delay 6.743 ms
INFO: at 11626.040 ms fetching 45.315 ms
INFO: at 11633.402 ms batch [45.315] delay 6.743 ms
INFO: at 11633.402 ms fetching 45.315 ms
INFO: at 11640.752 ms batch [45.315] delay 6.743 ms
INFO: at 11640.752 ms fetching 45.315 ms
INFO: at 11648.112 ms batch [45.315] delay 6.743 ms
INFO: at 11648.112 ms fetching 45.315 ms
INFO: at 11655.530 ms batch [45.315] delay 6.743 ms
INFO: at 11655.530 ms fetching 45.315 ms
INFO: at 11662.940 ms batch [45.315] delay 6.743 ms
INFO: at 11662.940 ms fetching 45.315 ms
INFO: at 11670.377 ms batch [45.315] delay 6.743 ms
INFO: at 11670.377 ms fetching 45.315 ms
INFO: at 11677.816 ms batch [45.315] delay 6.743 ms
INFO: at 11677.816 ms fetching 45.315 ms
INFO: at 11685.246 ms batch [45.315] delay 6.743 ms
INFO: at 11685.246 ms fetching 45.315 ms
INFO: at 11692.622 ms batch [45.315] delay 6.743 ms
INFO: at 11692.622 ms fetching 45.315 ms
INFO: at 11699.994 ms batch [45.315] delay 6.743 ms
INFO: at 11699.994 ms fetching 45.315 ms
INFO: at 11707.434 ms batch [45.315] delay 7.867 ms
INFO: at 11707.434 ms fetching 45.315 ms
INFO: at 11715.807 ms batch [45.315] delay 7.867 ms
INFO: at 11715.807 ms fetching 45.315 ms
INFO: at 11723.885 ms batch [45.315] delay 7.867 ms
INFO: at 11723.885 ms fetching 45.315 ms
INFO: at 11732.391 ms batch [45.315] delay 7.867 ms
INFO: at 11732.391 ms fetching 45.315 ms
INFO: at 11740.750 ms batch [45.315] delay 7.867 ms
INFO: at 11740.750 ms fetching 45.315 ms
INFO: at 11749.095 ms batch [45.315] delay 7.867 ms
INFO: at 11749.095 ms fetching 45.315 ms
INFO: at 11757.432 ms batch [45.315] delay 9.441 ms
INFO: at 11757.432 ms fetching 45.315 ms
INFO: at 11767.778 ms batch [45.315] delay 9.441 ms
INFO: at 11767.778 ms fetching 45.315 ms
INFO: at 11778.125 ms batch [45.315] delay 9.441 ms
INFO: at 11778.125 ms fetching 45.315 ms
INFO: at 11788.474 ms batch [45.315] delay 9.441 ms
INFO: at 11788.474 ms fetching 45.315 ms
INFO: at 11798.824 ms batch [45.315] delay 9.441 ms
INFO: at 11798.824 ms fetching 45.315 ms
INFO: at 11809.191 ms batch [45.315] delay 9.441 ms
INFO: at 11809.191 ms fetching 45.315 ms
INFO: at 11819.556 ms batch [45.315] delay 9.441 ms
INFO: at 11819.556 ms fetching 45.315 ms
INFO: at 11829.905 ms batch [45.315] delay 9.441 ms
INFO: at 11829.905 ms fetching 45.315 ms
INFO: at 11839.787 ms batch [45.315] delay 9.441 ms
INFO: at 11839.787 ms fetching 45.315 ms
INFO: at 11850.188 ms batch [45.315] delay 9.441 ms
INFO: at 11850.188 ms fetching 45.315 ms
INFO: at 11860.543 ms batch [45.315] delay 9.441 ms
INFO: at 11860.543 ms fetching 45.315 ms
INFO: at 11870.905 ms batch [45.315] delay 9.441 ms
INFO: at 11870.905 ms fetching 45.315 ms
INFO: at 11881.373 ms batch [45.315] delay 9.441 ms
INFO: at 11881.373 ms fetching 45.315 ms
INFO: at 11891.713 ms batch [45.315] delay 9.441 ms
INFO: at 11891.713 ms fetching 45.315 ms
INFO: at 11902.050 ms batch [45.315] delay 9.441 ms
INFO: at 11902.050 ms fetching 45.315 ms
INFO: at 11912.402 ms batch [45.315] delay 11.801 ms
INFO: at 11912.402 ms fetching 45.315 ms
INFO: at 11924.758 ms batch [45.315] delay 11.801 ms
INFO: at 11924.758 ms fetching 45.315 ms
INFO: at 11937.130 ms batch [45.315] delay 11.801 ms
INFO: at 11937.130 ms fetching 45.315 ms
INFO: at 11949.694 ms batch [45.315] delay 11.801 ms
INFO: at 11949.694 ms fetching 45.315 ms
INFO: at 11962.086 ms batch [45.315] delay 23.602 ms
INFO: at 11962.086 ms fetching 45.315 ms
INFO: at 11986.419 ms batch [45.315] delay 23.602 ms
INFO: at 11986.419 ms fetching 45.315 ms
INFO: at 12010.748 ms batch [45.315] delay 23.602 ms
INFO: at 12010.748 ms fetching 45.315 ms
INFO: at 12035.092 ms batch [45.315] delay 23.602 ms
INFO: at 12035.092 ms fetching 45.315 ms
INFO: at 12059.401 ms batch [45.315] delay 47.203 ms
INFO: at 12059.401 ms fetching 45.315 ms
INFO: at 12106.768 ms batch [45.315] delay 47.203 ms
INFO: at 12106.768 ms fetching 45.315 ms
INFO: at 12154.972 ms batch [45.315] delay 47.203 ms
INFO: at 12154.972 ms fetching 45.315 ms
INFO: at 12202.585 ms batch [45.315] delay 47.203 ms
INFO: at 12202.585 ms fetching 45.315 ms
INFO: at 12250.062 ms batch [45.315] delay 47.203 ms
INFO: at 12250.062 ms fetching 45.315 ms
INFO: at 12297.517 ms batch [45.315] delay 47.203 ms
INFO: at 12297.517 ms fetching 45.315 ms
INFO: at 12344.943 ms batch [45.315] delay 47.203 ms
INFO: at 12344.943 ms fetching 45.315 ms
INFO: at 12392.428 ms batch [45.315] delay 47.203 ms
INFO: at 12392.428 ms fetching 45.315 ms
INFO: at 12440.056 ms batch [45.315] delay 47.203 ms
INFO: at 12440.056 ms fetching 45.315 ms
INFO: at 12487.805 ms batch [45.315] delay 47.203 ms
INFO: at 12487.805 ms fetching 45.315 ms
INFO: at 12535.596 ms batch [45.315] delay 47.203 ms
INFO: at 12535.596 ms fetching 45.315 ms
INFO: at 12583.423 ms batch [45.315] delay 47.203 ms
INFO: at 12583.423 ms fetching 45.315 ms
INFO: at 12631.376 ms batch [45.315] delay 47.203 ms
INFO: at 12631.376 ms fetching 45.315 ms
INFO: at 12679.206 ms batch [45.315] delay 47.203 ms
INFO: at 12679.206 ms fetching 45.315 ms
INFO: at 12727.133 ms batch [45.315] delay 47.203 ms
INFO: at 12727.133 ms fetching 45.315 ms
INFO: at 12774.914 ms batch [45.315] delay 47.203 ms
INFO: at 12774.914 ms fetching 45.315 ms
INFO: at 12822.935 ms batch [45.315] delay 47.203 ms
INFO: at 12822.935 ms fetching 45.315 ms
INFO: at 12870.671 ms batch [45.315] delay 47.203 ms
INFO: at 12870.671 ms fetching 45.315 ms
INFO: at 12918.606 ms batch [45.315] delay 47.203 ms
INFO: at 12918.606 ms fetching 45.315 ms
INFO: at 12966.786 ms batch [45.315] delay 47.203 ms
INFO: at 12966.786 ms fetching 45.315 ms
INFO: at 13014.950 ms batch [45.315] delay 47.203 ms
INFO: at 13014.950 ms fetching 45.315 ms
INFO: at 13062.361 ms batch [45.315] delay 47.203 ms
INFO: at 13062.361 ms fetching 45.315 ms
INFO: at 13110.178 ms batch [45.315] delay 47.203 ms
INFO: at 13110.178 ms fetching 45.315 ms
INFO: at 13157.643 ms batch [45.315] delay 47.203 ms
INFO: at 13157.643 ms fetching 45.315 ms
INFO: at 13205.494 ms batch [45.315] delay 47.203 ms
INFO: at 13205.494 ms fetching 45.315 ms
INFO: at 13253.316 ms batch [45.315] delay 47.203 ms
INFO: at 13253.316 ms fetching 45.315 ms
INFO: at 13301.209 ms batch [45.315] delay 47.203 ms
INFO: at 13301.209 ms fetching 45.315 ms
INFO: at 13348.598 ms batch [45.315] delay 47.203 ms
INFO: at 13348.598 ms fetching 45.315 ms
INFO: at 13396.842 ms batch [45.315] delay 47.203 ms
INFO: at 13396.842 ms fetching 45.315 ms
INFO: at 13444.281 ms batch [45.315] delay 47.203 ms
INFO: at 13444.281 ms fetching 45.315 ms
INFO: at 13492.295 ms batch [45.315] delay 47.203 ms
INFO: at 13492.295 ms fetching 45.315 ms
INFO: at 13539.723 ms batch [45.315] delay 47.203 ms
INFO: at 13539.723 ms fetching 45.315 ms
INFO: at 13587.807 ms batch [45.315] delay 47.203 ms
INFO: at 13587.807 ms fetching 45.315 ms
INFO: at 13636.000 ms batch [45.315] delay 47.203 ms
INFO: at 13636.000 ms fetching 45.315 ms
INFO: at 13684.155 ms batch [45.315] delay 47.203 ms
INFO: at 13684.155 ms fetching 45.315 ms
INFO: at 13732.135 ms batch [45.315] delay 47.203 ms
INFO: at 13732.135 ms fetching 45.315 ms
INFO: at 13779.476 ms batch [45.315] delay 47.203 ms
INFO: at 13779.476 ms fetching 45.315 ms
INFO: at 13827.344 ms batch [45.315] delay 47.203 ms
INFO: at 13827.344 ms fetching 45.315 ms
INFO: at 13875.641 ms batch [45.315] delay 47.203 ms
INFO: at 13875.641 ms fetching 45.315 ms
INFO: at 13923.727 ms batch [45.315] delay 47.203 ms
INFO: at 13923.727 ms fetching 45.315 ms
INFO: at 13971.083 ms batch [45.315] delay 47.203 ms
INFO: at 13971.083 ms fetching 45.315 ms
INFO: at 14018.776 ms batch [45.315] delay 47.203 ms
INFO: at 14018.776 ms fetching 45.315 ms
INFO: at 14066.233 ms batch [45.315] delay 47.203 ms
INFO: at 14066.233 ms fetching 45.315 ms
INFO: at 14114.106 ms batch [45.315] delay 47.203 ms
INFO: at 14114.106 ms fetching 45.315 ms
INFO: at 14161.869 ms batch [45.315] delay 47.203 ms
INFO: at 14161.869 ms fetching 45.315 ms
INFO: at 14209.529 ms batch [45.315] delay 47.203 ms
INFO: at 14209.529 ms fetching 45.315 ms
INFO: at 14257.381 ms batch [45.315] delay 47.203 ms
INFO: at 14257.381 ms fetching 45.315 ms
INFO: at 14305.547 ms batch [45.315] delay 47.203 ms
INFO: at 14305.547 ms fetching 45.315 ms
INFO: at 14353.486 ms batch [45.315] delay 47.203 ms
INFO: at 14353.486 ms fetching 45.315 ms
INFO: at 14401.284 ms batch [45.315] delay 47.203 ms
INFO: at 14401.284 ms fetching 45.315 ms
INFO: at 14448.990 ms batch [45.315] delay 47.203 ms
INFO: at 14448.990 ms fetching 45.315 ms
INFO: at 14497.080 ms batch [45.315] delay 47.203 ms
INFO: at 14497.080 ms fetching 45.315 ms
INFO: at 14544.633 ms batch [45.315] delay 47.203 ms
INFO: at 14544.633 ms fetching 45.315 ms
INFO: at 14592.211 ms batch [45.315] delay 47.203 ms
INFO: at 14592.211 ms fetching 45.315 ms
INFO: at 14640.267 ms batch [45.315] delay 47.203 ms
INFO: at 14640.267 ms fetching 45.315 ms
INFO: at 14688.203 ms batch [45.315] delay 47.203 ms
INFO: at 14688.203 ms fetching 45.315 ms
INFO: at 14735.801 ms batch [45.315] delay 47.203 ms
INFO: at 14735.801 ms fetching 45.315 ms
INFO: done
INFO: stopping nexus
