I1211 00:14:39.904119 87967 frontend.cpp:85] App port 9001, rpc port 9002
I1211 00:14:39.905850 87967 rpc_service_base.h:46] RPC service is listening on 0.0.0.0:9002
I1211 00:14:39.909358 87967 model_handler.cpp:90] fake:fake_0:1:224x224:111 load balance policy: 3
I1211 00:14:39.909425 87967 frontend.cpp:315] Update model route for fake:fake_0:1:224x224:111
I1211 00:14:39.909899 87967 model_handler.cpp:177] - backend 2919957178: 17687.7
I1211 00:14:39.909929 87967 model_handler.cpp:182] Total throughput: 17687.7
I1211 00:14:39.910349 87967 frontend.cpp:45] Frontend server (id: 2677414121) is listening on 0.0.0.0:9001
I1211 00:14:39.910413 87967 backend_pool.cpp:58] Connected to backend 2919957178
I1211 00:14:40.900640 87967 connection.cpp:28] Connection Stop
I1211 00:15:21.896620 87973 frontend.cpp:315] Update model route for fake:fake_0:1:224x224:111
I1211 00:15:21.896726 87973 model_handler.cpp:177] - backend 2919957178: 27.6134
I1211 00:15:21.896739 87973 model_handler.cpp:182] Total throughput: 27.6134
I1211 00:15:31.898082 87973 frontend.cpp:315] Update model route for fake:fake_0:1:224x224:111
I1211 00:15:31.898164 87973 model_handler.cpp:177] - backend 2919957178: 27.6134
I1211 00:15:31.898176 87973 model_handler.cpp:182] Total throughput: 27.6134
I1211 00:15:41.899366 87973 frontend.cpp:315] Update model route for fake:fake_0:1:224x224:111
I1211 00:15:41.899439 87973 model_handler.cpp:177] - backend 2919957178: 27.6134
I1211 00:15:41.899452 87973 model_handler.cpp:182] Total throughput: 27.6134
I1211 00:15:45.728925 87967 connection.cpp:28] Connection Stop
I1211 00:15:45.730322 87967 backend_pool.cpp:38] Disconnect to backend 2919957178
I1211 00:15:45.730336 87967 connection.cpp:28] Connection Stop
W1211 00:15:45.913106 87967 rpc_service_base.h:57] There is a event in the grpc::ServerCompletionQueue not handled at 0x7f967800aba0
I1211 00:15:45.913141 87967 rpc_service_base.h:64] RPC service stopped
I1211 00:15:45.913144 87967 frontend.cpp:74] Frontend server stopped
