INFO: nexus_dir=/workdir/nexus model_dir=/workdir/DynWork/multimodal_dataset_gpu/repeat-4/Multimodal_Real_Dataset/Azure/translation/fsmt_wmt/3_x_P99/nexus/models log_dir=/workdir/DynWork/multimodal_dataset_gpu/repeat-4/Multimodal_Real_Dataset/Azure/translation/fsmt_wmt/3_x_P99/nexus/logs model=fake_0
INFO: waiting frontend to spin up
INFO: ready to go
INFO: rock and roll
INFO: at 3.626 ms batch [315.342] delay 88.118 ms
INFO: at 3.626 ms fetching 315.342 ms
INFO: at 92.327 ms batch [315.019] delay 88.118 ms
INFO: at 92.327 ms fetching 315.019 ms
INFO: at 181.353 ms batch [63.299] delay 88.118 ms
INFO: at 181.353 ms fetching 63.299 ms
INFO: at 270.393 ms batch [63.114] delay 88.118 ms
INFO: at 270.393 ms fetching 63.114 ms
INFO: at 359.413 ms batch [311.996] delay 88.118 ms
INFO: at 359.413 ms fetching 311.996 ms
INFO: at 448.455 ms batch [315.782] delay 88.118 ms
INFO: at 448.455 ms fetching 315.782 ms
INFO: at 537.754 ms batch [315.393] delay 88.118 ms
INFO: at 537.754 ms fetching 315.393 ms
INFO: at 627.145 ms batch [63.500] delay 88.118 ms
INFO: at 627.145 ms fetching 63.500 ms
INFO: at 715.856 ms batch [62.332] delay 88.118 ms
INFO: at 715.856 ms fetching 62.332 ms
INFO: at 805.021 ms batch [314.240] delay 88.118 ms
INFO: at 805.021 ms fetching 314.240 ms
INFO: at 894.154 ms batch [314.905] delay 110.148 ms
INFO: at 894.154 ms fetching 314.905 ms
INFO: at 1005.606 ms batch [63.020] delay 110.148 ms
INFO: at 1005.606 ms fetching 63.020 ms
INFO: at 1117.057 ms batch [317.889] delay 110.148 ms
INFO: at 1117.057 ms fetching 317.889 ms
INFO: at 1228.367 ms batch [63.068] delay 110.148 ms
INFO: at 1228.367 ms fetching 63.068 ms
INFO: at 1339.518 ms batch [63.540] delay 110.148 ms
INFO: at 1339.518 ms fetching 63.540 ms
INFO: at 1450.680 ms batch [312.721] delay 110.148 ms
INFO: at 1450.680 ms fetching 312.721 ms
INFO: at 1562.013 ms batch [318.730] delay 110.148 ms
INFO: at 1562.013 ms fetching 318.730 ms
INFO: at 1673.138 ms batch [314.309] delay 110.148 ms
INFO: at 1673.138 ms fetching 314.309 ms
INFO: at 1784.366 ms batch [314.121] delay 73.432 ms
INFO: at 1784.366 ms fetching 314.121 ms
INFO: at 1858.471 ms batch [313.445] delay 73.432 ms
INFO: at 1858.471 ms fetching 313.445 ms
INFO: at 1932.627 ms batch [313.936] delay 73.432 ms
INFO: at 1932.627 ms fetching 313.936 ms
INFO: at 2006.785 ms batch [62.571] delay 73.432 ms
INFO: at 2006.785 ms fetching 62.571 ms
INFO: at 2081.187 ms batch [316.297] delay 73.432 ms
INFO: at 2081.187 ms fetching 316.297 ms
INFO: at 2155.384 ms batch [63.871] delay 73.432 ms
INFO: at 2155.384 ms fetching 63.871 ms
INFO: at 2229.570 ms batch [63.657] delay 73.432 ms
INFO: at 2229.570 ms fetching 63.657 ms
INFO: at 2303.675 ms batch [63.894] delay 73.432 ms
INFO: at 2303.675 ms fetching 63.894 ms
INFO: at 2377.778 ms batch [315.010] delay 73.432 ms
INFO: at 2377.778 ms fetching 315.010 ms
INFO: at 2452.373 ms batch [317.331] delay 73.432 ms
INFO: at 2452.373 ms fetching 317.331 ms
INFO: at 2526.728 ms batch [316.309] delay 73.432 ms
INFO: at 2526.728 ms fetching 316.309 ms
INFO: at 2600.945 ms batch [315.813] delay 73.432 ms
INFO: at 2600.945 ms fetching 315.813 ms
INFO: at 2675.054 ms batch [63.160] delay 58.746 ms
INFO: at 2675.054 ms fetching 63.160 ms
INFO: at 2734.216 ms batch [319.473] delay 58.746 ms
INFO: at 2734.216 ms fetching 319.473 ms
INFO: at 2793.275 ms batch [64.005] delay 58.746 ms
INFO: at 2793.275 ms fetching 64.005 ms
INFO: at 2852.441 ms batch [63.263] delay 58.746 ms
INFO: at 2852.441 ms fetching 63.263 ms
INFO: at 2911.905 ms batch [312.322] delay 58.746 ms
INFO: at 2911.905 ms fetching 312.322 ms
INFO: at 2971.396 ms batch [63.213] delay 58.746 ms
INFO: at 2971.396 ms fetching 63.213 ms
INFO: at 3031.406 ms batch [314.640] delay 58.746 ms
INFO: at 3031.406 ms fetching 314.640 ms
INFO: at 3090.620 ms batch [63.242] delay 58.746 ms
INFO: at 3090.620 ms fetching 63.242 ms
INFO: at 3149.788 ms batch [313.385] delay 58.746 ms
INFO: at 3149.788 ms fetching 313.385 ms
INFO: at 3208.919 ms batch [312.830] delay 58.746 ms
INFO: at 3208.919 ms fetching 312.830 ms
INFO: at 3268.004 ms batch [316.804] delay 58.746 ms
INFO: at 3268.004 ms fetching 316.804 ms
INFO: at 3327.066 ms batch [317.618] delay 58.746 ms
INFO: at 3327.066 ms fetching 317.618 ms
INFO: at 3386.445 ms batch [63.582] delay 58.746 ms
INFO: at 3386.445 ms fetching 63.582 ms
INFO: at 3445.944 ms batch [316.586] delay 58.746 ms
INFO: at 3445.944 ms fetching 316.586 ms
INFO: at 3505.409 ms batch [63.209] delay 58.746 ms
INFO: at 3505.409 ms fetching 63.209 ms
INFO: at 3564.874 ms batch [63.451] delay 97.909 ms
INFO: at 3564.874 ms fetching 63.451 ms
INFO: at 3664.020 ms batch [63.350] delay 97.909 ms
INFO: at 3664.020 ms fetching 63.350 ms
INFO: at 3762.306 ms batch [63.424] delay 97.909 ms
INFO: at 3762.306 ms fetching 63.424 ms
INFO: at 3861.525 ms batch [63.999] delay 97.909 ms
INFO: at 3861.525 ms fetching 63.999 ms
INFO: at 3960.726 ms batch [63.680] delay 97.909 ms
INFO: at 3960.726 ms fetching 63.680 ms
INFO: at 4059.948 ms batch [315.292] delay 97.909 ms
INFO: at 4059.948 ms fetching 315.292 ms
INFO: at 4159.030 ms batch [63.007] delay 97.909 ms
INFO: at 4159.030 ms fetching 63.007 ms
INFO: at 4257.362 ms batch [313.771] delay 97.909 ms
INFO: at 4257.362 ms fetching 313.771 ms
INFO: at 4356.501 ms batch [314.036] delay 97.909 ms
INFO: at 4356.501 ms fetching 314.036 ms
INFO: at 4455.665 ms batch [63.346] delay 88.118 ms
INFO: at 4455.665 ms fetching 63.346 ms
INFO: at 4544.820 ms batch [63.151] delay 88.118 ms
INFO: at 4544.820 ms fetching 63.151 ms
INFO: at 4633.999 ms batch [63.805] delay 88.118 ms
INFO: at 4633.999 ms fetching 63.805 ms
INFO: at 4722.435 ms batch [318.778] delay 88.118 ms
INFO: at 4722.435 ms fetching 318.778 ms
INFO: at 4811.541 ms batch [63.028] delay 88.118 ms
INFO: at 4811.541 ms fetching 63.028 ms
INFO: at 4900.835 ms batch [62.727] delay 88.118 ms
INFO: at 4900.835 ms fetching 62.727 ms
INFO: at 4990.258 ms batch [63.140] delay 88.118 ms
INFO: at 4990.258 ms fetching 63.140 ms
INFO: at 5079.743 ms batch [62.739] delay 88.118 ms
INFO: at 5079.743 ms fetching 62.739 ms
INFO: at 5169.191 ms batch [315.400] delay 88.118 ms
INFO: at 5169.191 ms fetching 315.400 ms
INFO: at 5257.871 ms batch [63.606] delay 88.118 ms
INFO: at 5257.871 ms fetching 63.606 ms
INFO: at 5347.006 ms batch [316.846] delay 80.108 ms
INFO: at 5347.006 ms fetching 316.846 ms
INFO: at 5428.145 ms batch [313.009] delay 80.108 ms
INFO: at 5428.145 ms fetching 313.009 ms
INFO: at 5509.250 ms batch [63.399] delay 80.108 ms
INFO: at 5509.250 ms fetching 63.399 ms
INFO: at 5590.421 ms batch [316.661] delay 80.108 ms
INFO: at 5590.421 ms fetching 316.661 ms
INFO: at 5671.894 ms batch [61.975] delay 80.108 ms
INFO: at 5671.894 ms fetching 61.975 ms
INFO: at 5753.106 ms batch [312.787] delay 80.108 ms
INFO: at 5753.106 ms fetching 312.787 ms
INFO: at 5833.905 ms batch [62.893] delay 80.108 ms
INFO: at 5833.905 ms fetching 62.893 ms
INFO: at 5914.946 ms batch [63.442] delay 80.108 ms
INFO: at 5914.946 ms fetching 63.442 ms
INFO: at 5996.283 ms batch [64.032] delay 80.108 ms
INFO: at 5996.283 ms fetching 64.032 ms
INFO: at 6077.425 ms batch [63.453] delay 80.108 ms
INFO: at 6077.425 ms fetching 63.453 ms
INFO: at 6158.932 ms batch [317.444] delay 80.108 ms
INFO: at 6158.932 ms fetching 317.444 ms
INFO: at 6240.154 ms batch [314.405] delay 97.909 ms
INFO: at 6240.154 ms fetching 314.405 ms
INFO: at 6339.309 ms batch [312.973] delay 97.909 ms
INFO: at 6339.309 ms fetching 312.973 ms
INFO: at 6438.436 ms batch [313.961] delay 97.909 ms
INFO: at 6438.436 ms fetching 313.961 ms
INFO: at 6537.608 ms batch [316.069] delay 97.909 ms
INFO: at 6537.608 ms fetching 316.069 ms
INFO: at 6636.045 ms batch [313.784] delay 97.909 ms
INFO: at 6636.045 ms fetching 313.784 ms
INFO: at 6734.437 ms batch [314.188] delay 97.909 ms
INFO: at 6734.437 ms fetching 314.188 ms
INFO: at 6832.710 ms batch [62.940] delay 97.909 ms
INFO: at 6832.710 ms fetching 62.940 ms
INFO: at 6931.872 ms batch [313.244] delay 97.909 ms
INFO: at 6931.872 ms fetching 313.244 ms
INFO: at 7031.010 ms batch [62.563] delay 97.909 ms
INFO: at 7031.010 ms fetching 62.563 ms
INFO: at 7129.327 ms batch [63.165] delay 88.118 ms
INFO: at 7129.327 ms fetching 63.165 ms
INFO: at 7218.655 ms batch [313.354] delay 88.118 ms
INFO: at 7218.655 ms fetching 313.354 ms
INFO: at 7307.823 ms batch [318.018] delay 88.118 ms
INFO: at 7307.823 ms fetching 318.018 ms
INFO: at 7396.932 ms batch [313.811] delay 88.118 ms
INFO: at 7396.932 ms fetching 313.811 ms
INFO: at 7486.037 ms batch [62.913] delay 88.118 ms
INFO: at 7486.037 ms fetching 62.913 ms
INFO: at 7575.139 ms batch [63.733] delay 88.118 ms
INFO: at 7575.139 ms fetching 63.733 ms
INFO: at 7664.319 ms batch [313.987] delay 88.118 ms
INFO: at 7664.319 ms fetching 313.987 ms
INFO: at 7753.436 ms batch [63.389] delay 88.118 ms
INFO: at 7753.436 ms fetching 63.389 ms
INFO: at 7842.541 ms batch [63.651] delay 88.118 ms
INFO: at 7842.541 ms fetching 63.651 ms
INFO: at 7931.625 ms batch [311.572] delay 88.118 ms
INFO: at 7931.625 ms fetching 311.572 ms
INFO: at 8020.750 ms batch [312.200] delay 80.108 ms
INFO: at 8020.750 ms fetching 312.200 ms
INFO: at 8102.087 ms batch [62.796] delay 80.108 ms
INFO: at 8102.087 ms fetching 62.796 ms
INFO: at 8183.278 ms batch [62.599] delay 80.108 ms
INFO: at 8183.278 ms fetching 62.599 ms
INFO: at 8264.393 ms batch [63.059] delay 80.108 ms
INFO: at 8264.393 ms fetching 63.059 ms
INFO: at 8345.507 ms batch [63.236] delay 80.108 ms
INFO: at 8345.507 ms fetching 63.236 ms
INFO: at 8426.628 ms batch [315.898] delay 80.108 ms
INFO: at 8426.628 ms fetching 315.898 ms
INFO: at 8507.756 ms batch [315.656] delay 80.108 ms
INFO: at 8507.756 ms fetching 315.656 ms
INFO: at 8588.939 ms batch [316.999] delay 80.108 ms
INFO: at 8588.939 ms fetching 316.999 ms
INFO: at 8670.044 ms batch [62.960] delay 80.108 ms
INFO: at 8670.044 ms fetching 62.960 ms
INFO: at 8751.155 ms batch [64.010] delay 80.108 ms
INFO: at 8751.155 ms fetching 64.010 ms
INFO: at 8832.323 ms batch [314.482] delay 80.108 ms
INFO: at 8832.323 ms fetching 314.482 ms
INFO: at 8913.464 ms batch [314.971] delay 88.118 ms
INFO: at 8913.464 ms fetching 314.971 ms
INFO: at 9002.842 ms batch [62.590] delay 88.118 ms
INFO: at 9002.842 ms fetching 62.590 ms
INFO: at 9092.052 ms batch [318.236] delay 88.118 ms
INFO: at 9092.052 ms fetching 318.236 ms
INFO: at 9181.196 ms batch [317.517] delay 88.118 ms
INFO: at 9181.196 ms fetching 317.517 ms
INFO: at 9270.357 ms batch [63.095] delay 88.118 ms
INFO: at 9270.357 ms fetching 63.095 ms
INFO: at 9359.554 ms batch [312.506] delay 88.118 ms
INFO: at 9359.554 ms fetching 312.506 ms
INFO: at 9448.708 ms batch [63.378] delay 88.118 ms
INFO: at 9448.708 ms fetching 63.378 ms
INFO: at 9537.118 ms batch [316.058] delay 88.118 ms
INFO: at 9537.118 ms fetching 316.058 ms
INFO: at 9626.255 ms batch [315.560] delay 88.118 ms
INFO: at 9626.255 ms fetching 315.560 ms
INFO: at 9715.426 ms batch [63.614] delay 88.118 ms
INFO: at 9715.426 ms fetching 63.614 ms
INFO: at 9804.555 ms batch [314.819] delay 73.432 ms
INFO: at 9804.555 ms fetching 314.819 ms
INFO: at 9878.679 ms batch [315.245] delay 73.432 ms
INFO: at 9878.679 ms fetching 315.245 ms
INFO: at 9952.821 ms batch [63.727] delay 73.432 ms
INFO: at 9952.821 ms fetching 63.727 ms
INFO: at 10027.000 ms batch [313.044] delay 73.432 ms
INFO: at 10027.000 ms fetching 313.044 ms
INFO: at 10101.189 ms batch [63.137] delay 73.432 ms
INFO: at 10101.189 ms fetching 63.137 ms
INFO: at 10175.310 ms batch [316.650] delay 73.432 ms
INFO: at 10175.310 ms fetching 316.650 ms
INFO: at 10249.413 ms batch [314.755] delay 73.432 ms
INFO: at 10249.413 ms fetching 314.755 ms
INFO: at 10323.519 ms batch [63.182] delay 73.432 ms
INFO: at 10323.519 ms fetching 63.182 ms
INFO: at 10397.636 ms batch [317.481] delay 73.432 ms
INFO: at 10397.636 ms fetching 317.481 ms
INFO: at 10471.749 ms batch [316.979] delay 73.432 ms
INFO: at 10471.749 ms fetching 316.979 ms
INFO: at 10546.344 ms batch [314.692] delay 73.432 ms
INFO: at 10546.344 ms fetching 314.692 ms
INFO: at 10620.570 ms batch [63.718] delay 73.432 ms
INFO: at 10620.570 ms fetching 63.718 ms
INFO: at 10694.679 ms batch [64.154] delay 88.118 ms
INFO: at 10694.679 ms fetching 64.154 ms
INFO: at 10783.838 ms batch [315.353] delay 88.118 ms
INFO: at 10783.838 ms fetching 315.353 ms
INFO: at 10872.966 ms batch [62.073] delay 88.118 ms
INFO: at 10872.966 ms fetching 62.073 ms
INFO: at 10962.096 ms batch [314.549] delay 88.118 ms
INFO: at 10962.096 ms fetching 314.549 ms
INFO: at 11050.689 ms batch [63.918] delay 88.118 ms
INFO: at 11050.689 ms fetching 63.918 ms
INFO: at 11139.931 ms batch [317.272] delay 88.118 ms
INFO: at 11139.931 ms fetching 317.272 ms
INFO: at 11229.063 ms batch [316.525] delay 88.118 ms
INFO: at 11229.063 ms fetching 316.525 ms
INFO: at 11318.171 ms batch [62.829] delay 88.118 ms
INFO: at 11318.171 ms fetching 62.829 ms
INFO: at 11407.243 ms batch [313.322] delay 88.118 ms
INFO: at 11407.243 ms fetching 313.322 ms
INFO: at 11496.383 ms batch [63.129] delay 88.118 ms
INFO: at 11496.383 ms fetching 63.129 ms
INFO: at 11586.053 ms batch [317.157] delay 80.108 ms
INFO: at 11586.053 ms fetching 317.157 ms
INFO: at 11667.276 ms batch [63.780] delay 80.108 ms
INFO: at 11667.276 ms fetching 63.780 ms
INFO: at 11748.402 ms batch [64.187] delay 80.108 ms
INFO: at 11748.402 ms fetching 64.187 ms
INFO: at 11829.521 ms batch [315.310] delay 80.108 ms
INFO: at 11829.521 ms fetching 315.310 ms
INFO: at 11910.654 ms batch [63.697] delay 80.108 ms
INFO: at 11910.654 ms fetching 63.697 ms
INFO: at 11991.738 ms batch [315.431] delay 80.108 ms
INFO: at 11991.738 ms fetching 315.431 ms
INFO: at 12072.224 ms batch [314.580] delay 80.108 ms
INFO: at 12072.224 ms fetching 314.580 ms
INFO: at 12153.438 ms batch [63.440] delay 80.108 ms
INFO: at 12153.438 ms fetching 63.440 ms
INFO: at 12234.558 ms batch [312.259] delay 80.108 ms
INFO: at 12234.558 ms fetching 312.259 ms
INFO: at 12315.623 ms batch [309.088] delay 80.108 ms
INFO: at 12315.623 ms fetching 309.088 ms
INFO: at 12396.650 ms batch [63.463] delay 80.108 ms
INFO: at 12396.650 ms fetching 63.463 ms
INFO: at 12477.679 ms batch [313.797] delay 97.909 ms
INFO: at 12477.679 ms fetching 313.797 ms
INFO: at 12575.953 ms batch [317.126] delay 97.909 ms
INFO: at 12575.953 ms fetching 317.126 ms
INFO: at 12675.152 ms batch [318.371] delay 97.909 ms
INFO: at 12675.152 ms fetching 318.371 ms
INFO: at 12774.297 ms batch [64.074] delay 97.909 ms
INFO: at 12774.297 ms fetching 64.074 ms
INFO: at 12873.410 ms batch [63.856] delay 97.909 ms
INFO: at 12873.410 ms fetching 63.856 ms
INFO: at 12972.465 ms batch [63.338] delay 97.909 ms
INFO: at 12972.465 ms fetching 63.338 ms
INFO: at 13071.188 ms batch [314.176] delay 97.909 ms
INFO: at 13071.188 ms fetching 314.176 ms
INFO: at 13170.391 ms batch [63.826] delay 97.909 ms
INFO: at 13170.391 ms fetching 63.826 ms
INFO: at 13269.540 ms batch [64.269] delay 97.909 ms
INFO: at 13269.540 ms fetching 64.269 ms
INFO: at 13368.656 ms batch [63.953] delay 67.783 ms
INFO: at 13368.656 ms fetching 63.953 ms
INFO: at 13437.747 ms batch [63.193] delay 67.783 ms
INFO: at 13437.747 ms fetching 63.193 ms
INFO: at 13506.811 ms batch [312.379] delay 67.783 ms
INFO: at 13506.811 ms fetching 312.379 ms
INFO: at 13576.015 ms batch [312.867] delay 67.783 ms
INFO: at 13576.015 ms fetching 312.867 ms
INFO: at 13645.100 ms batch [315.422] delay 67.783 ms
INFO: at 13645.100 ms fetching 315.422 ms
INFO: at 13714.176 ms batch [63.759] delay 67.783 ms
INFO: at 13714.176 ms fetching 63.759 ms
INFO: at 13783.277 ms batch [311.619] delay 67.783 ms
INFO: at 13783.277 ms fetching 311.619 ms
INFO: at 13852.373 ms batch [63.640] delay 67.783 ms
INFO: at 13852.373 ms fetching 63.640 ms
INFO: at 13921.471 ms batch [62.943] delay 67.783 ms
INFO: at 13921.471 ms fetching 62.943 ms
INFO: at 13991.071 ms batch [317.062] delay 67.783 ms
INFO: at 13991.071 ms fetching 317.062 ms
INFO: at 14060.187 ms batch [62.775] delay 67.783 ms
INFO: at 14060.187 ms fetching 62.775 ms
INFO: at 14129.283 ms batch [314.472] delay 67.783 ms
INFO: at 14129.283 ms fetching 314.472 ms
INFO: at 14198.375 ms batch [64.102] delay 67.783 ms
INFO: at 14198.375 ms fetching 64.102 ms
INFO: at 14267.446 ms batch [316.092] delay 97.909 ms
INFO: at 14267.446 ms fetching 316.092 ms
INFO: at 14366.684 ms batch [63.162] delay 97.909 ms
INFO: at 14366.684 ms fetching 63.162 ms
INFO: at 14466.107 ms batch [63.812] delay 97.909 ms
INFO: at 14466.107 ms fetching 63.812 ms
INFO: at 14565.324 ms batch [315.216] delay 97.909 ms
INFO: at 14565.324 ms fetching 315.216 ms
INFO: at 14664.394 ms batch [63.510] delay 97.909 ms
INFO: at 14664.394 ms fetching 63.510 ms
INFO: at 14763.519 ms batch [63.635] delay 97.909 ms
INFO: at 14763.519 ms fetching 63.635 ms
INFO: at 14862.648 ms batch [317.190] delay 97.909 ms
INFO: at 14862.648 ms fetching 317.190 ms
INFO: at 14961.801 ms batch [63.882] delay 97.909 ms
INFO: at 14961.801 ms fetching 63.882 ms
INFO: at 15060.549 ms batch [63.402] delay 97.909 ms
INFO: at 15060.549 ms fetching 63.402 ms
INFO: at 15159.762 ms batch [63.409] delay 146.864 ms
INFO: at 15159.762 ms fetching 63.409 ms
INFO: at 15307.889 ms batch [63.508] delay 146.864 ms
INFO: at 15307.889 ms fetching 63.508 ms
INFO: at 15455.715 ms batch [314.683] delay 146.864 ms
INFO: at 15455.715 ms fetching 314.683 ms
INFO: at 15603.876 ms batch [311.795] delay 146.864 ms
INFO: at 15603.876 ms fetching 311.795 ms
INFO: at 15752.071 ms batch [315.529] delay 146.864 ms
INFO: at 15752.071 ms fetching 315.529 ms
INFO: at 15899.658 ms batch [63.601] delay 146.864 ms
INFO: at 15899.658 ms fetching 63.601 ms
INFO: at 16047.709 ms batch [63.445] delay 97.909 ms
INFO: at 16047.709 ms fetching 63.445 ms
INFO: at 16146.596 ms batch [62.800] delay 97.909 ms
INFO: at 16146.596 ms fetching 62.800 ms
INFO: at 16245.004 ms batch [319.565] delay 97.909 ms
INFO: at 16245.004 ms fetching 319.565 ms
INFO: at 16344.340 ms batch [63.705] delay 97.909 ms
INFO: at 16344.340 ms fetching 63.705 ms
INFO: at 16443.482 ms batch [63.233] delay 97.909 ms
INFO: at 16443.482 ms fetching 63.233 ms
INFO: at 16542.685 ms batch [63.131] delay 97.909 ms
INFO: at 16542.685 ms fetching 63.131 ms
INFO: at 16641.403 ms batch [63.990] delay 97.909 ms
INFO: at 16641.403 ms fetching 63.990 ms
INFO: at 16740.225 ms batch [312.403] delay 97.909 ms
INFO: at 16740.225 ms fetching 312.403 ms
INFO: at 16839.356 ms batch [317.352] delay 97.909 ms
INFO: at 16839.356 ms fetching 317.352 ms
INFO: at 16938.429 ms batch [315.206] delay 97.909 ms
INFO: at 16938.429 ms fetching 315.206 ms
INFO: at 17037.515 ms batch [62.432] delay 97.909 ms
INFO: at 17037.515 ms fetching 62.432 ms
INFO: at 17137.329 ms batch [63.617] delay 97.909 ms
INFO: at 17137.329 ms fetching 63.617 ms
INFO: at 17236.337 ms batch [64.025] delay 97.909 ms
INFO: at 17236.337 ms fetching 64.025 ms
INFO: at 17335.310 ms batch [63.255] delay 97.909 ms
INFO: at 17335.310 ms fetching 63.255 ms
INFO: at 17434.392 ms batch [313.745] delay 97.909 ms
INFO: at 17434.392 ms fetching 313.745 ms
INFO: at 17533.846 ms batch [63.369] delay 97.909 ms
INFO: at 17533.846 ms fetching 63.369 ms
INFO: at 17632.943 ms batch [314.524] delay 97.909 ms
INFO: at 17632.943 ms fetching 314.524 ms
INFO: at 17732.062 ms batch [62.379] delay 97.909 ms
INFO: at 17732.062 ms fetching 62.379 ms
INFO: at 17831.245 ms batch [316.147] delay 146.864 ms
INFO: at 17831.245 ms fetching 316.147 ms
INFO: at 17978.639 ms batch [64.015] delay 146.864 ms
INFO: at 17978.639 ms fetching 64.015 ms
INFO: at 18126.871 ms batch [63.265] delay 146.864 ms
INFO: at 18126.871 ms fetching 63.265 ms
INFO: at 18275.038 ms batch [62.141] delay 146.864 ms
INFO: at 18275.038 ms fetching 62.141 ms
INFO: at 18422.911 ms batch [312.957] delay 146.864 ms
INFO: at 18422.911 ms fetching 312.957 ms
INFO: at 18570.180 ms batch [313.500] delay 146.864 ms
INFO: at 18570.180 ms fetching 313.500 ms
INFO: at 18718.293 ms batch [63.623] delay 80.108 ms
INFO: at 18718.293 ms fetching 63.623 ms
INFO: at 18799.618 ms batch [315.929] delay 80.108 ms
INFO: at 18799.618 ms fetching 315.929 ms
INFO: at 18880.659 ms batch [63.190] delay 80.108 ms
INFO: at 18880.659 ms fetching 63.190 ms
INFO: at 18961.688 ms batch [314.109] delay 80.108 ms
INFO: at 18961.688 ms fetching 314.109 ms
INFO: at 19042.742 ms batch [315.410] delay 80.108 ms
INFO: at 19042.742 ms fetching 315.410 ms
INFO: at 19123.451 ms batch [317.367] delay 80.108 ms
INFO: at 19123.451 ms fetching 317.367 ms
INFO: at 19204.456 ms batch [63.671] delay 80.108 ms
INFO: at 19204.456 ms fetching 63.671 ms
INFO: at 19285.528 ms batch [63.056] delay 80.108 ms
INFO: at 19285.528 ms fetching 63.056 ms
INFO: at 19366.602 ms batch [314.651] delay 80.108 ms
INFO: at 19366.602 ms fetching 314.651 ms
INFO: at 19447.715 ms batch [63.092] delay 80.108 ms
INFO: at 19447.715 ms fetching 63.092 ms
INFO: at 19528.534 ms batch [312.530] delay 80.108 ms
INFO: at 19528.534 ms fetching 312.530 ms
INFO: at 19609.591 ms batch [64.111] delay 88.118 ms
INFO: at 19609.591 ms fetching 64.111 ms
INFO: at 19698.627 ms batch [63.490] delay 88.118 ms
INFO: at 19698.627 ms fetching 63.490 ms
INFO: at 19787.684 ms batch [63.611] delay 88.118 ms
INFO: at 19787.684 ms fetching 63.611 ms
INFO: at 19876.791 ms batch [316.425] delay 88.118 ms
INFO: at 19876.791 ms fetching 316.425 ms
INFO: at 19965.893 ms batch [62.869] delay 88.118 ms
INFO: at 19965.893 ms fetching 62.869 ms
INFO: at 20054.701 ms batch [63.629] delay 88.118 ms
INFO: at 20054.701 ms fetching 63.629 ms
INFO: at 20143.937 ms batch [312.764] delay 88.118 ms
INFO: at 20143.937 ms fetching 312.764 ms
INFO: at 20233.087 ms batch [63.535] delay 88.118 ms
INFO: at 20233.087 ms fetching 63.535 ms
INFO: at 20322.189 ms batch [314.733] delay 88.118 ms
INFO: at 20322.189 ms fetching 314.733 ms
INFO: at 20411.315 ms batch [317.702] delay 88.118 ms
INFO: at 20411.315 ms fetching 317.702 ms
INFO: at 20500.938 ms batch [63.154] delay 80.108 ms
INFO: at 20500.938 ms fetching 63.154 ms
INFO: at 20582.031 ms batch [315.856] delay 80.108 ms
INFO: at 20582.031 ms fetching 315.856 ms
INFO: at 20663.078 ms batch [64.360] delay 80.108 ms
INFO: at 20663.078 ms fetching 64.360 ms
INFO: at 20744.143 ms batch [315.383] delay 80.108 ms
INFO: at 20744.143 ms fetching 315.383 ms
INFO: at 20825.203 ms batch [313.515] delay 80.108 ms
INFO: at 20825.203 ms fetching 313.515 ms
INFO: at 20906.253 ms batch [316.637] delay 80.108 ms
INFO: at 20906.253 ms fetching 316.637 ms
INFO: at 20986.915 ms batch [63.643] delay 80.108 ms
INFO: at 20986.915 ms fetching 63.643 ms
INFO: at 21068.079 ms batch [62.703] delay 80.108 ms
INFO: at 21068.079 ms fetching 62.703 ms
INFO: at 21149.140 ms batch [63.371] delay 80.108 ms
INFO: at 21149.140 ms fetching 63.371 ms
INFO: at 21230.191 ms batch [316.536] delay 80.108 ms
INFO: at 21230.191 ms fetching 316.536 ms
INFO: at 21311.262 ms batch [63.477] delay 80.108 ms
INFO: at 21311.262 ms fetching 63.477 ms
INFO: at 21392.304 ms batch [318.267] delay 80.108 ms
INFO: at 21392.304 ms fetching 318.267 ms
INFO: at 21473.001 ms batch [63.196] delay 80.108 ms
INFO: at 21473.001 ms fetching 63.196 ms
INFO: at 21554.138 ms batch [315.115] delay 80.108 ms
INFO: at 21554.138 ms fetching 315.115 ms
INFO: at 21635.254 ms batch [63.108] delay 80.108 ms
INFO: at 21635.254 ms fetching 63.108 ms
INFO: at 21716.290 ms batch [315.048] delay 80.108 ms
INFO: at 21716.290 ms fetching 315.048 ms
INFO: at 21797.339 ms batch [317.289] delay 80.108 ms
INFO: at 21797.339 ms fetching 317.289 ms
INFO: at 21878.408 ms batch [63.708] delay 80.108 ms
INFO: at 21878.408 ms fetching 63.708 ms
INFO: at 21959.501 ms batch [63.024] delay 80.108 ms
INFO: at 21959.501 ms fetching 63.024 ms
INFO: at 22040.690 ms batch [313.229] delay 80.108 ms
INFO: at 22040.690 ms fetching 313.229 ms
INFO: at 22121.784 ms batch [310.825] delay 80.108 ms
INFO: at 22121.784 ms fetching 310.825 ms
INFO: at 22202.888 ms batch [63.315] delay 80.108 ms
INFO: at 22202.888 ms fetching 63.315 ms
INFO: at 22284.016 ms batch [315.282] delay 62.942 ms
INFO: at 22284.016 ms fetching 315.282 ms
INFO: at 22348.052 ms batch [64.162] delay 62.942 ms
INFO: at 22348.052 ms fetching 64.162 ms
INFO: at 22412.049 ms batch [314.220] delay 62.942 ms
INFO: at 22412.049 ms fetching 314.220 ms
INFO: at 22475.405 ms batch [63.304] delay 62.942 ms
INFO: at 22475.405 ms fetching 63.304 ms
INFO: at 22539.613 ms batch [63.513] delay 62.942 ms
INFO: at 22539.613 ms fetching 63.513 ms
INFO: at 22603.831 ms batch [315.164] delay 62.942 ms
INFO: at 22603.831 ms fetching 315.164 ms
INFO: at 22667.941 ms batch [314.154] delay 62.942 ms
INFO: at 22667.941 ms fetching 314.154 ms
INFO: at 22732.045 ms batch [63.922] delay 62.942 ms
INFO: at 22732.045 ms fetching 63.922 ms
INFO: at 22796.170 ms batch [62.765] delay 62.942 ms
INFO: at 22796.170 ms fetching 62.765 ms
INFO: at 22860.295 ms batch [63.502] delay 62.942 ms
INFO: at 22860.295 ms fetching 63.502 ms
INFO: at 22923.704 ms batch [63.963] delay 62.942 ms
INFO: at 22923.704 ms fetching 63.963 ms
INFO: at 22987.121 ms batch [62.979] delay 62.942 ms
INFO: at 22987.121 ms fetching 62.979 ms
INFO: at 23050.526 ms batch [315.491] delay 62.942 ms
INFO: at 23050.526 ms fetching 315.491 ms
INFO: at 23114.700 ms batch [63.561] delay 62.942 ms
INFO: at 23114.700 ms fetching 63.561 ms
INFO: at 23178.854 ms batch [314.300] delay 88.118 ms
INFO: at 23178.854 ms fetching 314.300 ms
INFO: at 23268.045 ms batch [63.343] delay 88.118 ms
INFO: at 23268.045 ms fetching 63.343 ms
INFO: at 23357.212 ms batch [63.081] delay 88.118 ms
INFO: at 23357.212 ms fetching 63.081 ms
INFO: at 23446.378 ms batch [63.049] delay 88.118 ms
INFO: at 23446.378 ms fetching 63.049 ms
INFO: at 23535.602 ms batch [64.408] delay 88.118 ms
INFO: at 23535.602 ms fetching 64.408 ms
INFO: at 23624.225 ms batch [63.685] delay 88.118 ms
INFO: at 23624.225 ms fetching 63.685 ms
INFO: at 23713.400 ms batch [63.967] delay 88.118 ms
INFO: at 23713.400 ms fetching 63.967 ms
INFO: at 23802.549 ms batch [314.097] delay 88.118 ms
INFO: at 23802.549 ms fetching 314.097 ms
INFO: at 23891.725 ms batch [318.135] delay 88.118 ms
INFO: at 23891.725 ms fetching 318.135 ms
INFO: at 23980.882 ms batch [63.011] delay 88.118 ms
INFO: at 23980.882 ms fetching 63.011 ms
INFO: at 24070.058 ms batch [63.411] delay 73.432 ms
INFO: at 24070.058 ms fetching 63.411 ms
INFO: at 24144.792 ms batch [320.983] delay 73.432 ms
INFO: at 24144.792 ms fetching 320.983 ms
INFO: at 24219.033 ms batch [63.270] delay 73.432 ms
INFO: at 24219.033 ms fetching 63.270 ms
INFO: at 24293.169 ms batch [63.654] delay 73.432 ms
INFO: at 24293.169 ms fetching 63.654 ms
INFO: at 24367.303 ms batch [313.609] delay 73.432 ms
INFO: at 24367.303 ms fetching 313.609 ms
INFO: at 24441.429 ms batch [62.951] delay 73.432 ms
INFO: at 24441.429 ms fetching 62.951 ms
INFO: at 24515.560 ms batch [64.021] delay 73.432 ms
INFO: at 24515.560 ms fetching 64.021 ms
INFO: at 24589.683 ms batch [311.460] delay 73.432 ms
INFO: at 24589.683 ms fetching 311.460 ms
INFO: at 24664.111 ms batch [63.198] delay 73.432 ms
INFO: at 24664.111 ms fetching 63.198 ms
INFO: at 24738.335 ms batch [63.146] delay 73.432 ms
INFO: at 24738.335 ms fetching 63.146 ms
INFO: at 24812.437 ms batch [315.001] delay 73.432 ms
INFO: at 24812.437 ms fetching 315.001 ms
INFO: at 24886.534 ms batch [313.557] delay 73.432 ms
INFO: at 24886.534 ms fetching 313.557 ms
INFO: at 24960.661 ms batch [313.623] delay 88.118 ms
INFO: at 24960.661 ms fetching 313.623 ms
INFO: at 25049.787 ms batch [313.417] delay 88.118 ms
INFO: at 25049.787 ms fetching 313.417 ms
INFO: at 25138.919 ms batch [311.336] delay 88.118 ms
INFO: at 25138.919 ms fetching 311.336 ms
INFO: at 25228.042 ms batch [62.770] delay 88.118 ms
INFO: at 25228.042 ms fetching 62.770 ms
INFO: at 25317.244 ms batch [63.376] delay 88.118 ms
INFO: at 25317.244 ms fetching 63.376 ms
INFO: at 25406.374 ms batch [63.148] delay 88.118 ms
INFO: at 25406.374 ms fetching 63.148 ms
INFO: at 25495.523 ms batch [318.595] delay 88.118 ms
INFO: at 25495.523 ms fetching 318.595 ms
INFO: at 25584.601 ms batch [64.067] delay 88.118 ms
INFO: at 25584.601 ms fetching 64.067 ms
INFO: at 25673.377 ms batch [63.688] delay 88.118 ms
INFO: at 25673.377 ms fetching 63.688 ms
INFO: at 25762.501 ms batch [62.996] delay 88.118 ms
INFO: at 25762.501 ms fetching 62.996 ms
INFO: at 25851.752 ms batch [63.543] delay 97.909 ms
INFO: at 25851.752 ms fetching 63.543 ms
INFO: at 25950.881 ms batch [63.609] delay 97.909 ms
INFO: at 25950.881 ms fetching 63.609 ms
INFO: at 26050.013 ms batch [63.329] delay 97.909 ms
INFO: at 26050.013 ms fetching 63.329 ms
INFO: at 26149.141 ms batch [317.406] delay 97.909 ms
INFO: at 26149.141 ms fetching 317.406 ms
INFO: at 26247.941 ms batch [314.775] delay 97.909 ms
INFO: at 26247.941 ms fetching 314.775 ms
INFO: at 26347.156 ms batch [317.204] delay 97.909 ms
INFO: at 26347.156 ms fetching 317.204 ms
INFO: at 26446.359 ms batch [63.660] delay 97.909 ms
INFO: at 26446.359 ms fetching 63.660 ms
INFO: at 26544.686 ms batch [310.732] delay 97.909 ms
INFO: at 26544.686 ms fetching 310.732 ms
INFO: at 26643.032 ms batch [63.935] delay 97.909 ms
INFO: at 26643.032 ms fetching 63.935 ms
INFO: at 26742.112 ms batch [63.750] delay 110.148 ms
INFO: at 26742.112 ms fetching 63.750 ms
INFO: at 26853.431 ms batch [312.291] delay 110.148 ms
INFO: at 26853.431 ms fetching 312.291 ms
INFO: at 26964.634 ms batch [317.142] delay 110.148 ms
INFO: at 26964.634 ms fetching 317.142 ms
INFO: at 27075.774 ms batch [63.204] delay 110.148 ms
INFO: at 27075.774 ms fetching 63.204 ms
INFO: at 27186.285 ms batch [63.527] delay 110.148 ms
INFO: at 27186.285 ms fetching 63.527 ms
INFO: at 27297.517 ms batch [314.332] delay 110.148 ms
INFO: at 27297.517 ms fetching 314.332 ms
INFO: at 27408.663 ms batch [63.981] delay 110.148 ms
INFO: at 27408.663 ms fetching 63.981 ms
INFO: at 27519.808 ms batch [63.545] delay 110.148 ms
INFO: at 27519.808 ms fetching 63.545 ms
INFO: at 27631.227 ms batch [316.206] delay 125.884 ms
INFO: at 27631.227 ms fetching 316.206 ms
INFO: at 27758.431 ms batch [63.596] delay 125.884 ms
INFO: at 27758.431 ms fetching 63.596 ms
INFO: at 27885.615 ms batch [316.160] delay 125.884 ms
INFO: at 27885.615 ms fetching 316.160 ms
INFO: at 28012.495 ms batch [63.179] delay 125.884 ms
INFO: at 28012.495 ms fetching 63.179 ms
INFO: at 28139.653 ms batch [62.304] delay 125.884 ms
INFO: at 28139.653 ms fetching 62.304 ms
INFO: at 28266.775 ms batch [315.582] delay 125.884 ms
INFO: at 28266.775 ms fetching 315.582 ms
INFO: at 28393.487 ms batch [314.885] delay 125.884 ms
INFO: at 28393.487 ms fetching 314.885 ms
INFO: at 28520.653 ms batch [312.651] delay 97.909 ms
INFO: at 28520.653 ms fetching 312.651 ms
INFO: at 28619.748 ms batch [63.553] delay 97.909 ms
INFO: at 28619.748 ms fetching 63.553 ms
INFO: at 28718.829 ms batch [316.344] delay 97.909 ms
INFO: at 28718.829 ms fetching 316.344 ms
INFO: at 28818.970 ms batch [314.287] delay 97.909 ms
INFO: at 28818.970 ms fetching 314.287 ms
INFO: at 28918.115 ms batch [319.167] delay 97.909 ms
INFO: at 28918.115 ms fetching 319.167 ms
INFO: at 29017.210 ms batch [313.660] delay 97.909 ms
INFO: at 29017.210 ms fetching 313.660 ms
INFO: at 29116.302 ms batch [63.355] delay 97.909 ms
INFO: at 29116.302 ms fetching 63.355 ms
INFO: at 29215.121 ms batch [315.332] delay 97.909 ms
INFO: at 29215.121 ms fetching 315.332 ms
INFO: at 29314.278 ms batch [63.867] delay 97.909 ms
INFO: at 29314.278 ms fetching 63.867 ms
INFO: at 29413.377 ms batch [63.766] delay 125.884 ms
INFO: at 29413.377 ms fetching 63.766 ms
INFO: at 29540.506 ms batch [316.253] delay 125.884 ms
INFO: at 29540.506 ms fetching 316.253 ms
INFO: at 29666.724 ms batch [63.740] delay 125.884 ms
INFO: at 29666.724 ms fetching 63.740 ms
INFO: at 29793.927 ms batch [316.464] delay 125.884 ms
INFO: at 29793.927 ms fetching 316.464 ms
INFO: at 29921.040 ms batch [316.230] delay 125.884 ms
INFO: at 29921.040 ms fetching 316.230 ms
INFO: at 30047.097 ms batch [63.548] delay 125.884 ms
INFO: at 30047.097 ms fetching 63.548 ms
INFO: at 30174.251 ms batch [63.003] delay 125.884 ms
INFO: at 30174.251 ms fetching 63.003 ms
INFO: at 30301.391 ms batch [63.326] delay 73.432 ms
INFO: at 30301.391 ms fetching 63.326 ms
INFO: at 30375.464 ms batch [64.061] delay 73.432 ms
INFO: at 30375.464 ms fetching 64.061 ms
INFO: at 30450.481 ms batch [63.703] delay 73.432 ms
INFO: at 30450.481 ms fetching 63.703 ms
INFO: at 30524.523 ms batch [312.885] delay 73.432 ms
INFO: at 30524.523 ms fetching 312.885 ms
INFO: at 30598.394 ms batch [317.556] delay 73.432 ms
INFO: at 30598.394 ms fetching 317.556 ms
INFO: at 30672.570 ms batch [317.595] delay 73.432 ms
INFO: at 30672.570 ms fetching 317.595 ms
INFO: at 30746.603 ms batch [63.185] delay 73.432 ms
INFO: at 30746.603 ms fetching 63.185 ms
INFO: at 30820.652 ms batch [317.820] delay 73.432 ms
INFO: at 30820.652 ms fetching 317.820 ms
INFO: at 30894.693 ms batch [315.591] delay 73.432 ms
INFO: at 30894.693 ms fetching 315.591 ms
INFO: at 30968.491 ms batch [63.366] delay 73.432 ms
INFO: at 30968.491 ms fetching 63.366 ms
INFO: at 31042.547 ms batch [313.211] delay 73.432 ms
INFO: at 31042.547 ms fetching 313.211 ms
INFO: at 31116.695 ms batch [62.634] delay 73.432 ms
INFO: at 31116.695 ms fetching 62.634 ms
INFO: at 31190.783 ms batch [63.518] delay 97.909 ms
INFO: at 31190.783 ms fetching 63.518 ms
INFO: at 31289.920 ms batch [315.085] delay 97.909 ms
INFO: at 31289.920 ms fetching 315.085 ms
INFO: at 31388.751 ms batch [316.726] delay 97.909 ms
INFO: at 31388.751 ms fetching 316.726 ms
INFO: at 31487.893 ms batch [311.662] delay 97.909 ms
INFO: at 31487.893 ms fetching 311.662 ms
INFO: at 31586.984 ms batch [315.644] delay 97.909 ms
INFO: at 31586.984 ms fetching 315.644 ms
INFO: at 31686.114 ms batch [312.071] delay 97.909 ms
INFO: at 31686.114 ms fetching 312.071 ms
INFO: at 31785.213 ms batch [314.590] delay 97.909 ms
INFO: at 31785.213 ms fetching 314.590 ms
INFO: at 31885.210 ms batch [62.805] delay 97.909 ms
INFO: at 31885.210 ms fetching 62.805 ms
INFO: at 31984.278 ms batch [315.185] delay 97.909 ms
INFO: at 31984.278 ms fetching 315.185 ms
INFO: at 32083.404 ms batch [62.967] delay 97.909 ms
INFO: at 32083.404 ms fetching 62.967 ms
INFO: at 32182.533 ms batch [315.362] delay 97.909 ms
INFO: at 32182.533 ms fetching 315.362 ms
INFO: at 32281.715 ms batch [63.721] delay 97.909 ms
INFO: at 32281.715 ms fetching 63.721 ms
INFO: at 32380.428 ms batch [63.762] delay 97.909 ms
INFO: at 32380.428 ms fetching 63.762 ms
INFO: at 32479.551 ms batch [316.753] delay 97.909 ms
INFO: at 32479.551 ms fetching 316.753 ms
INFO: at 32578.673 ms batch [63.567] delay 97.909 ms
INFO: at 32578.673 ms fetching 63.567 ms
INFO: at 32677.826 ms batch [63.483] delay 97.909 ms
INFO: at 32677.826 ms fetching 63.483 ms
INFO: at 32776.559 ms batch [313.688] delay 97.909 ms
INFO: at 32776.559 ms fetching 313.688 ms
INFO: at 32875.747 ms batch [316.500] delay 97.909 ms
INFO: at 32875.747 ms fetching 316.500 ms
INFO: at 32974.860 ms batch [62.785] delay 110.148 ms
INFO: at 32974.860 ms fetching 62.785 ms
INFO: at 33085.995 ms batch [63.392] delay 110.148 ms
INFO: at 33085.995 ms fetching 63.392 ms
INFO: at 33197.061 ms batch [317.867] delay 110.148 ms
INFO: at 33197.061 ms fetching 317.867 ms
INFO: at 33308.228 ms batch [318.686] delay 110.148 ms
INFO: at 33308.228 ms fetching 318.686 ms
INFO: at 33419.353 ms batch [313.544] delay 110.148 ms
INFO: at 33419.353 ms fetching 313.544 ms
INFO: at 33530.468 ms batch [63.419] delay 110.148 ms
INFO: at 33530.468 ms fetching 63.419 ms
INFO: at 33641.884 ms batch [63.206] delay 110.148 ms
INFO: at 33641.884 ms fetching 63.206 ms
INFO: at 33753.065 ms batch [63.958] delay 110.148 ms
INFO: at 33753.065 ms fetching 63.958 ms
INFO: at 33864.181 ms batch [63.421] delay 110.148 ms
INFO: at 33864.181 ms fetching 63.421 ms
INFO: at 33975.296 ms batch [318.826] delay 110.148 ms
INFO: at 33975.296 ms fetching 318.826 ms
INFO: at 34085.803 ms batch [62.810] delay 110.148 ms
INFO: at 34085.803 ms fetching 62.810 ms
INFO: at 34196.906 ms batch [63.230] delay 110.148 ms
INFO: at 34196.906 ms fetching 63.230 ms
INFO: at 34308.026 ms batch [315.866] delay 110.148 ms
INFO: at 34308.026 ms fetching 315.866 ms
INFO: at 34419.132 ms batch [314.841] delay 110.148 ms
INFO: at 34419.132 ms fetching 314.841 ms
INFO: at 34530.899 ms batch [63.505] delay 110.148 ms
INFO: at 34530.899 ms fetching 63.505 ms
INFO: at 34642.081 ms batch [63.787] delay 110.148 ms
INFO: at 34642.081 ms fetching 63.787 ms
INFO: at 34753.193 ms batch [315.843] delay 30.386 ms
INFO: at 34753.193 ms fetching 315.843 ms
INFO: at 34784.256 ms batch [316.103] delay 30.386 ms
INFO: at 34784.256 ms fetching 316.103 ms
INFO: at 34815.312 ms batch [316.183] delay 30.386 ms
INFO: at 34815.312 ms fetching 316.183 ms
INFO: at 34846.366 ms batch [63.874] delay 30.386 ms
INFO: at 34846.366 ms fetching 63.874 ms
INFO: at 34877.465 ms batch [318.950] delay 30.386 ms
INFO: at 34877.465 ms fetching 318.950 ms
INFO: at 34909.107 ms batch [316.169] delay 30.386 ms
INFO: at 34909.107 ms fetching 316.169 ms
INFO: at 34940.237 ms batch [317.915] delay 30.386 ms
INFO: at 34940.237 ms fetching 317.915 ms
INFO: at 34971.310 ms batch [314.831] delay 30.386 ms
INFO: at 34971.310 ms fetching 314.831 ms
INFO: at 35002.378 ms batch [313.263] delay 30.386 ms
INFO: at 35002.378 ms fetching 313.263 ms
INFO: at 35033.474 ms batch [316.244] delay 30.386 ms
INFO: at 35033.474 ms fetching 316.244 ms
INFO: at 35064.558 ms batch [64.293] delay 30.386 ms
INFO: at 35064.558 ms fetching 64.293 ms
INFO: at 35095.643 ms batch [316.218] delay 30.386 ms
INFO: at 35095.643 ms fetching 316.218 ms
INFO: at 35126.907 ms batch [63.268] delay 30.386 ms
INFO: at 35126.907 ms fetching 63.268 ms
INFO: at 35158.340 ms batch [314.852] delay 30.386 ms
INFO: at 35158.340 ms fetching 314.852 ms
INFO: at 35189.780 ms batch [314.863] delay 30.386 ms
INFO: at 35189.780 ms fetching 314.863 ms
INFO: at 35221.223 ms batch [63.730] delay 30.386 ms
INFO: at 35221.223 ms fetching 63.730 ms
INFO: at 35252.663 ms batch [62.847] delay 30.386 ms
INFO: at 35252.663 ms fetching 62.847 ms
INFO: at 35284.082 ms batch [63.052] delay 30.386 ms
INFO: at 35284.082 ms fetching 63.052 ms
INFO: at 35315.560 ms batch [316.859] delay 30.386 ms
INFO: at 35315.560 ms fetching 316.859 ms
INFO: at 35347.053 ms batch [62.758] delay 30.386 ms
INFO: at 35347.053 ms fetching 62.758 ms
INFO: at 35378.580 ms batch [63.852] delay 30.386 ms
INFO: at 35378.580 ms fetching 63.852 ms
INFO: at 35409.649 ms batch [320.462] delay 30.386 ms
INFO: at 35409.649 ms fetching 320.462 ms
INFO: at 35440.873 ms batch [312.554] delay 30.386 ms
INFO: at 35440.873 ms fetching 312.554 ms
INFO: at 35472.031 ms batch [64.256] delay 30.386 ms
INFO: at 35472.031 ms fetching 64.256 ms
INFO: at 35503.209 ms batch [310.210] delay 30.386 ms
INFO: at 35503.209 ms fetching 310.210 ms
INFO: at 35534.377 ms batch [318.074] delay 30.386 ms
INFO: at 35534.377 ms fetching 318.074 ms
INFO: at 35565.576 ms batch [318.042] delay 30.386 ms
INFO: at 35565.576 ms fetching 318.042 ms
INFO: at 35597.067 ms batch [314.629] delay 30.386 ms
INFO: at 35597.067 ms fetching 314.629 ms
INFO: at 35628.527 ms batch [312.354] delay 30.386 ms
INFO: at 35628.527 ms fetching 312.354 ms
INFO: at 35660.033 ms batch [63.585] delay 80.108 ms
INFO: at 35660.033 ms fetching 63.585 ms
INFO: at 35740.578 ms batch [63.753] delay 80.108 ms
INFO: at 35740.578 ms fetching 63.753 ms
INFO: at 35821.154 ms batch [316.355] delay 80.108 ms
INFO: at 35821.154 ms fetching 316.355 ms
INFO: at 35901.730 ms batch [62.856] delay 80.108 ms
INFO: at 35901.730 ms fetching 62.856 ms
INFO: at 35983.075 ms batch [315.482] delay 80.108 ms
INFO: at 35983.075 ms fetching 315.482 ms
INFO: at 36064.404 ms batch [63.564] delay 80.108 ms
INFO: at 36064.404 ms fetching 63.564 ms
INFO: at 36145.651 ms batch [63.470] delay 80.108 ms
INFO: at 36145.651 ms fetching 63.470 ms
INFO: at 36226.888 ms batch [317.077] delay 80.108 ms
INFO: at 36226.888 ms fetching 317.077 ms
INFO: at 36308.165 ms batch [315.510] delay 80.108 ms
INFO: at 36308.165 ms fetching 315.510 ms
INFO: at 36388.737 ms batch [315.886] delay 80.108 ms
INFO: at 36388.737 ms fetching 315.886 ms
INFO: at 36469.323 ms batch [316.599] delay 80.108 ms
INFO: at 36469.323 ms fetching 316.599 ms
INFO: at 36550.654 ms batch [63.461] delay 88.118 ms
INFO: at 36550.654 ms fetching 63.461 ms
INFO: at 36640.042 ms batch [63.590] delay 88.118 ms
INFO: at 36640.042 ms fetching 63.590 ms
INFO: at 36729.290 ms batch [62.992] delay 88.118 ms
INFO: at 36729.290 ms fetching 62.992 ms
INFO: at 36818.520 ms batch [317.729] delay 88.118 ms
INFO: at 36818.520 ms fetching 317.729 ms
INFO: at 36907.764 ms batch [62.904] delay 88.118 ms
INFO: at 36907.764 ms fetching 62.904 ms
INFO: at 36997.186 ms batch [63.570] delay 88.118 ms
INFO: at 36997.186 ms fetching 63.570 ms
INFO: at 37086.522 ms batch [63.976] delay 88.118 ms
INFO: at 37086.522 ms fetching 63.976 ms
INFO: at 37176.287 ms batch [63.911] delay 88.118 ms
INFO: at 37176.287 ms fetching 63.911 ms
INFO: at 37265.528 ms batch [314.428] delay 88.118 ms
INFO: at 37265.528 ms fetching 314.428 ms
INFO: at 37355.123 ms batch [315.719] delay 88.118 ms
INFO: at 37355.123 ms fetching 315.719 ms
INFO: at 37444.725 ms batch [316.476] delay 110.148 ms
INFO: at 37444.725 ms fetching 316.476 ms
INFO: at 37556.290 ms batch [316.080] delay 110.148 ms
INFO: at 37556.290 ms fetching 316.080 ms
INFO: at 37666.889 ms batch [312.457] delay 110.148 ms
INFO: at 37666.889 ms fetching 312.457 ms
INFO: at 37777.431 ms batch [63.455] delay 110.148 ms
INFO: at 37777.431 ms fetching 63.455 ms
INFO: at 37888.443 ms batch [315.501] delay 110.148 ms
INFO: at 37888.443 ms fetching 315.501 ms
INFO: at 37999.261 ms batch [313.026] delay 110.148 ms
INFO: at 37999.261 ms fetching 313.026 ms
INFO: at 38110.649 ms batch [63.715] delay 110.148 ms
INFO: at 38110.649 ms fetching 63.715 ms
INFO: at 38221.210 ms batch [63.071] delay 110.148 ms
INFO: at 38221.210 ms fetching 63.071 ms
INFO: at 38332.166 ms batch [311.841] delay 58.746 ms
INFO: at 38332.166 ms fetching 311.841 ms
INFO: at 38391.594 ms batch [314.354] delay 58.746 ms
INFO: at 38391.594 ms fetching 314.354 ms
INFO: at 38450.850 ms batch [63.971] delay 58.746 ms
INFO: at 38450.850 ms fetching 63.971 ms
INFO: at 38513.923 ms batch [309.620] delay 58.746 ms
INFO: at 38513.923 ms fetching 309.620 ms
INFO: at 38573.228 ms batch [63.524] delay 58.746 ms
INFO: at 38573.228 ms fetching 63.524 ms
INFO: at 38632.447 ms batch [63.737] delay 58.746 ms
INFO: at 38632.447 ms fetching 63.737 ms
INFO: at 38691.729 ms batch [314.491] delay 58.746 ms
INFO: at 38691.729 ms fetching 314.491 ms
INFO: at 38752.694 ms batch [316.906] delay 58.746 ms
INFO: at 38752.694 ms fetching 316.906 ms
INFO: at 38811.839 ms batch [315.548] delay 58.746 ms
INFO: at 38811.839 ms fetching 315.548 ms
INFO: at 38871.764 ms batch [312.811] delay 58.746 ms
INFO: at 38871.764 ms fetching 312.811 ms
INFO: at 38931.424 ms batch [63.062] delay 58.746 ms
INFO: at 38931.424 ms fetching 63.062 ms
INFO: at 38990.811 ms batch [316.514] delay 58.746 ms
INFO: at 38990.811 ms fetching 316.514 ms
INFO: at 39050.523 ms batch [315.174] delay 58.746 ms
INFO: at 39050.523 ms fetching 315.174 ms
INFO: at 39110.025 ms batch [63.177] delay 58.746 ms
INFO: at 39110.025 ms fetching 63.177 ms
INFO: at 39169.174 ms batch [318.557] delay 58.746 ms
INFO: at 39169.174 ms fetching 318.557 ms
INFO: at 39228.710 ms batch [315.709] delay 80.108 ms
INFO: at 39228.710 ms fetching 315.709 ms
INFO: at 39309.284 ms batch [313.060] delay 80.108 ms
INFO: at 39309.284 ms fetching 313.060 ms
INFO: at 39390.381 ms batch [63.034] delay 80.108 ms
INFO: at 39390.381 ms fetching 63.034 ms
INFO: at 39470.962 ms batch [315.105] delay 80.108 ms
INFO: at 39470.962 ms fetching 315.105 ms
INFO: at 39551.763 ms batch [62.974] delay 80.108 ms
INFO: at 39551.763 ms fetching 62.974 ms
INFO: at 39633.056 ms batch [315.067] delay 80.108 ms
INFO: at 39633.056 ms fetching 315.067 ms
INFO: at 39713.717 ms batch [313.402] delay 80.108 ms
INFO: at 39713.717 ms fetching 313.402 ms
INFO: at 39795.047 ms batch [63.818] delay 80.108 ms
INFO: at 39795.047 ms fetching 63.818 ms
INFO: at 39875.907 ms batch [315.687] delay 80.108 ms
INFO: at 39875.907 ms fetching 315.687 ms
INFO: at 39956.614 ms batch [62.842] delay 80.108 ms
INFO: at 39956.614 ms fetching 62.842 ms
INFO: at 40037.872 ms batch [313.132] delay 80.108 ms
INFO: at 40037.872 ms fetching 313.132 ms
INFO: at 40119.284 ms batch [315.960] delay 80.108 ms
INFO: at 40119.284 ms fetching 315.960 ms
INFO: at 40200.353 ms batch [314.449] delay 80.108 ms
INFO: at 40200.353 ms fetching 314.449 ms
INFO: at 40281.211 ms batch [314.073] delay 80.108 ms
INFO: at 40281.211 ms fetching 314.073 ms
INFO: at 40362.394 ms batch [62.971] delay 80.108 ms
INFO: at 40362.394 ms fetching 62.971 ms
INFO: at 40443.120 ms batch [62.790] delay 80.108 ms
INFO: at 40443.120 ms fetching 62.790 ms
INFO: at 40523.888 ms batch [315.738] delay 80.108 ms
INFO: at 40523.888 ms fetching 315.738 ms
INFO: at 40605.238 ms batch [314.513] delay 80.108 ms
INFO: at 40605.238 ms fetching 314.513 ms
INFO: at 40686.449 ms batch [316.272] delay 80.108 ms
INFO: at 40686.449 ms fetching 316.272 ms
INFO: at 40767.716 ms batch [64.470] delay 80.108 ms
INFO: at 40767.716 ms fetching 64.470 ms
INFO: at 40848.949 ms batch [64.280] delay 80.108 ms
INFO: at 40848.949 ms fetching 64.280 ms
INFO: at 40929.793 ms batch [63.890] delay 80.108 ms
INFO: at 40929.793 ms fetching 63.890 ms
INFO: at 41011.138 ms batch [313.114] delay 97.909 ms
INFO: at 41011.138 ms fetching 313.114 ms
INFO: at 41110.579 ms batch [63.331] delay 97.909 ms
INFO: at 41110.579 ms fetching 63.331 ms
INFO: at 41208.910 ms batch [313.972] delay 97.909 ms
INFO: at 41208.910 ms fetching 313.972 ms
INFO: at 41308.156 ms batch [317.940] delay 97.909 ms
INFO: at 41308.156 ms fetching 317.940 ms
INFO: at 41407.321 ms batch [316.613] delay 97.909 ms
INFO: at 41407.321 ms fetching 316.613 ms
INFO: at 41505.668 ms batch [63.381] delay 97.909 ms
INFO: at 41505.668 ms fetching 63.381 ms
INFO: at 41604.775 ms batch [312.904] delay 97.909 ms
INFO: at 41604.775 ms fetching 312.904 ms
INFO: at 41703.856 ms batch [314.048] delay 97.909 ms
INFO: at 41703.856 ms fetching 314.048 ms
INFO: at 41803.004 ms batch [63.289] delay 97.909 ms
INFO: at 41803.004 ms fetching 63.289 ms
INFO: at 41902.175 ms batch [64.205] delay 97.909 ms
INFO: at 41902.175 ms fetching 64.205 ms
INFO: at 42001.227 ms batch [63.860] delay 97.909 ms
INFO: at 42001.227 ms fetching 63.860 ms
INFO: at 42099.647 ms batch [64.427] delay 97.909 ms
INFO: at 42099.647 ms fetching 64.427 ms
INFO: at 42198.867 ms batch [64.197] delay 97.909 ms
INFO: at 42198.867 ms fetching 64.197 ms
INFO: at 42298.020 ms batch [63.302] delay 97.909 ms
INFO: at 42298.020 ms fetching 63.302 ms
INFO: at 42397.116 ms batch [63.362] delay 97.909 ms
INFO: at 42397.116 ms fetching 63.362 ms
INFO: at 42496.154 ms batch [316.195] delay 97.909 ms
INFO: at 42496.154 ms fetching 316.195 ms
INFO: at 42594.863 ms batch [319.381] delay 97.909 ms
INFO: at 42594.863 ms fetching 319.381 ms
INFO: at 42693.199 ms batch [62.650] delay 97.909 ms
INFO: at 42693.199 ms fetching 62.650 ms
INFO: at 42792.292 ms batch [314.502] delay 73.432 ms
INFO: at 42792.292 ms fetching 314.502 ms
INFO: at 42866.325 ms batch [63.674] delay 73.432 ms
INFO: at 42866.325 ms fetching 63.674 ms
INFO: at 42941.386 ms batch [315.255] delay 73.432 ms
INFO: at 42941.386 ms fetching 315.255 ms
INFO: at 43015.444 ms batch [63.404] delay 73.432 ms
INFO: at 43015.444 ms fetching 63.404 ms
INFO: at 43089.512 ms batch [62.824] delay 73.432 ms
INFO: at 43089.512 ms fetching 62.824 ms
INFO: at 43163.570 ms batch [315.236] delay 73.432 ms
INFO: at 43163.570 ms fetching 315.236 ms
INFO: at 43237.626 ms batch [317.093] delay 73.432 ms
INFO: at 43237.626 ms fetching 317.093 ms
INFO: at 43311.695 ms batch [314.744] delay 73.432 ms
INFO: at 43311.695 ms fetching 314.744 ms
INFO: at 43385.636 ms batch [318.478] delay 73.432 ms
INFO: at 43385.636 ms fetching 318.478 ms
INFO: at 43459.738 ms batch [64.180] delay 73.432 ms
INFO: at 43459.738 ms fetching 64.180 ms
INFO: at 43533.837 ms batch [316.113] delay 73.432 ms
INFO: at 43533.837 ms fetching 316.113 ms
INFO: at 43607.933 ms batch [314.418] delay 73.432 ms
INFO: at 43607.933 ms fetching 314.418 ms
INFO: at 43682.034 ms batch [64.647] delay 97.909 ms
INFO: at 43682.034 ms fetching 64.647 ms
INFO: at 43781.209 ms batch [315.300] delay 97.909 ms
INFO: at 43781.209 ms fetching 315.300 ms
INFO: at 43879.673 ms batch [62.610] delay 97.909 ms
INFO: at 43879.673 ms fetching 62.610 ms
INFO: at 43978.870 ms batch [63.777] delay 97.909 ms
INFO: at 43978.870 ms fetching 63.777 ms
INFO: at 44078.039 ms batch [62.236] delay 97.909 ms
INFO: at 44078.039 ms fetching 62.236 ms
INFO: at 44177.174 ms batch [63.037] delay 97.909 ms
INFO: at 44177.174 ms fetching 63.037 ms
INFO: at 44275.470 ms batch [317.775] delay 97.909 ms
INFO: at 44275.470 ms fetching 317.775 ms
INFO: at 44375.039 ms batch [314.990] delay 97.909 ms
INFO: at 44375.039 ms fetching 314.990 ms
INFO: at 44473.304 ms batch [314.387] delay 97.909 ms
INFO: at 44473.304 ms fetching 314.387 ms
INFO: at 44572.441 ms batch [63.475] delay 88.118 ms
INFO: at 44572.441 ms fetching 63.475 ms
INFO: at 44661.562 ms batch [317.637] delay 88.118 ms
INFO: at 44661.562 ms fetching 317.637 ms
INFO: at 44750.701 ms batch [317.959] delay 88.118 ms
INFO: at 44750.701 ms fetching 317.959 ms
INFO: at 44839.999 ms batch [316.003] delay 88.118 ms
INFO: at 44839.999 ms fetching 316.003 ms
INFO: at 44929.207 ms batch [63.791] delay 88.118 ms
INFO: at 44929.207 ms fetching 63.791 ms
INFO: at 45018.340 ms batch [315.029] delay 88.118 ms
INFO: at 45018.340 ms fetching 315.029 ms
INFO: at 45107.451 ms batch [314.559] delay 88.118 ms
INFO: at 45107.451 ms fetching 314.559 ms
INFO: at 45196.572 ms batch [63.187] delay 88.118 ms
INFO: at 45196.572 ms fetching 63.187 ms
INFO: at 45285.651 ms batch [318.401] delay 88.118 ms
INFO: at 45285.651 ms fetching 318.401 ms
INFO: at 45374.844 ms batch [64.037] delay 88.118 ms
INFO: at 45374.844 ms fetching 64.037 ms
INFO: at 45463.980 ms batch [63.340] delay 67.783 ms
INFO: at 45463.980 ms fetching 63.340 ms
INFO: at 45533.066 ms batch [62.932] delay 67.783 ms
INFO: at 45533.066 ms fetching 62.932 ms
INFO: at 45602.162 ms batch [310.414] delay 67.783 ms
INFO: at 45602.162 ms fetching 310.414 ms
INFO: at 45671.286 ms batch [64.043] delay 67.783 ms
INFO: at 45671.286 ms fetching 64.043 ms
INFO: at 45740.337 ms batch [314.275] delay 67.783 ms
INFO: at 45740.337 ms fetching 314.275 ms
INFO: at 45809.500 ms batch [312.038] delay 67.783 ms
INFO: at 45809.500 ms fetching 312.038 ms
INFO: at 45878.619 ms batch [63.143] delay 67.783 ms
INFO: at 45878.619 ms fetching 63.143 ms
INFO: at 45947.748 ms batch [316.891] delay 67.783 ms
INFO: at 45947.748 ms fetching 316.891 ms
INFO: at 46016.833 ms batch [315.095] delay 67.783 ms
INFO: at 46016.833 ms fetching 315.095 ms
INFO: at 46085.946 ms batch [63.646] delay 67.783 ms
INFO: at 46085.946 ms fetching 63.646 ms
INFO: at 46155.082 ms batch [63.211] delay 67.783 ms
INFO: at 46155.082 ms fetching 63.211 ms
INFO: at 46224.283 ms batch [315.453] delay 67.783 ms
INFO: at 46224.283 ms fetching 315.453 ms
INFO: at 46292.638 ms batch [63.985] delay 67.783 ms
INFO: at 46292.638 ms fetching 63.985 ms
INFO: at 46361.822 ms batch [315.918] delay 110.148 ms
INFO: at 46361.822 ms fetching 315.918 ms
INFO: at 46472.999 ms batch [63.333] delay 110.148 ms
INFO: at 46472.999 ms fetching 63.333 ms
INFO: at 46584.157 ms batch [62.618] delay 110.148 ms
INFO: at 46584.157 ms fetching 62.618 ms
INFO: at 46695.334 ms batch [64.974] delay 110.148 ms
INFO: at 46695.334 ms fetching 64.974 ms
INFO: at 46806.711 ms batch [313.925] delay 110.148 ms
INFO: at 46806.711 ms fetching 313.925 ms
INFO: at 46917.988 ms batch [315.633] delay 110.148 ms
INFO: at 46917.988 ms fetching 315.633 ms
INFO: at 47029.155 ms batch [316.378] delay 110.148 ms
INFO: at 47029.155 ms fetching 316.378 ms
INFO: at 47140.302 ms batch [314.536] delay 110.148 ms
INFO: at 47140.302 ms fetching 314.536 ms
INFO: at 47251.463 ms batch [62.688] delay 88.118 ms
INFO: at 47251.463 ms fetching 62.688 ms
INFO: at 47340.662 ms batch [62.916] delay 88.118 ms
INFO: at 47340.662 ms fetching 62.916 ms
INFO: at 47429.784 ms batch [311.521] delay 88.118 ms
INFO: at 47429.784 ms fetching 311.521 ms
INFO: at 47518.898 ms batch [63.682] delay 88.118 ms
INFO: at 47518.898 ms fetching 63.682 ms
INFO: at 47608.022 ms batch [315.321] delay 88.118 ms
INFO: at 47608.022 ms fetching 315.321 ms
INFO: at 47696.670 ms batch [63.448] delay 88.118 ms
INFO: at 47696.670 ms fetching 63.448 ms
INFO: at 47785.842 ms batch [314.662] delay 88.118 ms
INFO: at 47785.842 ms fetching 314.662 ms
INFO: at 47874.949 ms batch [312.627] delay 88.118 ms
INFO: at 47874.949 ms fetching 312.627 ms
INFO: at 47964.073 ms batch [314.711] delay 88.118 ms
INFO: at 47964.073 ms fetching 314.711 ms
INFO: at 48053.119 ms batch [313.178] delay 88.118 ms
INFO: at 48053.119 ms fetching 313.178 ms
INFO: at 48142.227 ms batch [63.822] delay 125.884 ms
INFO: at 48142.227 ms fetching 63.822 ms
INFO: at 48269.517 ms batch [315.970] delay 125.884 ms
INFO: at 48269.517 ms fetching 315.970 ms
INFO: at 48396.720 ms batch [316.135] delay 125.884 ms
INFO: at 48396.720 ms fetching 316.135 ms
INFO: at 48523.866 ms batch [63.065] delay 125.884 ms
INFO: at 48523.866 ms fetching 63.065 ms
INFO: at 48650.394 ms batch [62.982] delay 125.884 ms
INFO: at 48650.394 ms fetching 62.982 ms
INFO: at 48777.621 ms batch [63.297] delay 125.884 ms
INFO: at 48777.621 ms fetching 63.297 ms
INFO: at 48904.762 ms batch [317.536] delay 125.884 ms
INFO: at 48904.762 ms fetching 317.536 ms
INFO: at 49031.880 ms batch [64.224] delay 88.118 ms
INFO: at 49031.880 ms fetching 64.224 ms
INFO: at 49120.587 ms batch [63.669] delay 88.118 ms
INFO: at 49120.587 ms fetching 63.669 ms
INFO: at 49209.732 ms batch [311.402] delay 88.118 ms
INFO: at 49209.732 ms fetching 311.402 ms
INFO: at 49298.817 ms batch [312.924] delay 88.118 ms
INFO: at 49298.817 ms fetching 312.924 ms
INFO: at 49387.920 ms batch [63.774] delay 88.118 ms
INFO: at 49387.920 ms fetching 63.774 ms
INFO: at 49476.390 ms batch [62.271] delay 88.118 ms
INFO: at 49476.390 ms fetching 62.271 ms
INFO: at 49565.522 ms batch [319.799] delay 88.118 ms
INFO: at 49565.522 ms fetching 319.799 ms
INFO: at 49654.610 ms batch [315.908] delay 88.118 ms
INFO: at 49654.610 ms fetching 315.908 ms
INFO: at 49743.705 ms batch [313.949] delay 88.118 ms
INFO: at 49743.705 ms fetching 313.949 ms
INFO: at 49832.801 ms batch [63.087] delay 88.118 ms
INFO: at 49832.801 ms fetching 63.087 ms
INFO: at 49922.191 ms batch [314.570] delay 110.148 ms
INFO: at 49922.191 ms fetching 314.570 ms
INFO: at 50033.342 ms batch [63.903] delay 110.148 ms
INFO: at 50033.342 ms fetching 63.903 ms
INFO: at 50144.457 ms batch [314.439] delay 110.148 ms
INFO: at 50144.457 ms fetching 314.439 ms
INFO: at 50255.557 ms batch [63.348] delay 110.148 ms
INFO: at 50255.557 ms fetching 63.348 ms
INFO: at 50366.640 ms batch [63.834] delay 110.148 ms
INFO: at 50366.640 ms fetching 63.834 ms
INFO: at 50477.820 ms batch [63.174] delay 110.148 ms
INFO: at 50477.820 ms fetching 63.174 ms
INFO: at 50588.928 ms batch [311.265] delay 110.148 ms
INFO: at 50588.928 ms fetching 311.265 ms
INFO: at 50700.027 ms batch [313.876] delay 110.148 ms
INFO: at 50700.027 ms fetching 313.876 ms
INFO: at 50812.152 ms batch [312.698] delay 80.108 ms
INFO: at 50812.152 ms fetching 312.698 ms
INFO: at 50893.288 ms batch [63.677] delay 80.108 ms
INFO: at 50893.288 ms fetching 63.677 ms
INFO: at 50974.378 ms batch [63.473] delay 80.108 ms
INFO: at 50974.378 ms fetching 63.473 ms
INFO: at 51055.443 ms batch [63.353] delay 80.108 ms
INFO: at 51055.443 ms fetching 63.353 ms
INFO: at 51136.531 ms batch [63.228] delay 80.108 ms
INFO: at 51136.531 ms fetching 63.228 ms
INFO: at 51217.670 ms batch [62.681] delay 80.108 ms
INFO: at 51217.670 ms fetching 62.681 ms
INFO: at 51298.800 ms batch [312.583] delay 80.108 ms
INFO: at 51298.800 ms fetching 312.583 ms
INFO: at 51379.905 ms batch [64.331] delay 80.108 ms
INFO: at 51379.905 ms fetching 64.331 ms
INFO: at 51460.985 ms batch [314.343] delay 80.108 ms
INFO: at 51460.985 ms fetching 314.343 ms
INFO: at 51542.074 ms batch [63.225] delay 80.108 ms
INFO: at 51542.074 ms fetching 63.225 ms
INFO: at 51623.194 ms batch [63.432] delay 80.108 ms
INFO: at 51623.194 ms fetching 63.432 ms
INFO: at 51703.856 ms batch [315.059] delay 88.118 ms
INFO: at 51703.856 ms fetching 315.059 ms
INFO: at 51793.020 ms batch [63.283] delay 88.118 ms
INFO: at 51793.020 ms fetching 63.283 ms
INFO: at 51882.114 ms batch [63.278] delay 88.118 ms
INFO: at 51882.114 ms fetching 63.278 ms
INFO: at 51971.222 ms batch [314.786] delay 88.118 ms
INFO: at 51971.222 ms fetching 314.786 ms
INFO: at 52060.317 ms batch [315.226] delay 88.118 ms
INFO: at 52060.317 ms fetching 315.226 ms
INFO: at 52149.171 ms batch [312.607] delay 88.118 ms
INFO: at 52149.171 ms fetching 312.607 ms
INFO: at 52239.365 ms batch [315.600] delay 88.118 ms
INFO: at 52239.365 ms fetching 315.600 ms
INFO: at 52328.512 ms batch [318.642] delay 88.118 ms
INFO: at 52328.512 ms fetching 318.642 ms
INFO: at 52417.621 ms batch [314.610] delay 88.118 ms
INFO: at 52417.621 ms fetching 314.610 ms
INFO: at 52506.723 ms batch [315.622] delay 88.118 ms
INFO: at 52506.723 ms fetching 315.622 ms
INFO: at 52595.863 ms batch [63.120] delay 97.909 ms
INFO: at 52595.863 ms fetching 63.120 ms
INFO: at 52694.760 ms batch [63.384] delay 97.909 ms
INFO: at 52694.760 ms fetching 63.384 ms
INFO: at 52793.976 ms batch [63.458] delay 97.909 ms
INFO: at 52793.976 ms fetching 63.458 ms
INFO: at 52893.083 ms batch [62.580] delay 97.909 ms
INFO: at 52893.083 ms fetching 62.580 ms
INFO: at 52992.194 ms batch [315.748] delay 97.909 ms
INFO: at 52992.194 ms fetching 315.748 ms
INFO: at 53091.195 ms batch [64.146] delay 97.909 ms
INFO: at 53091.195 ms fetching 64.146 ms
INFO: at 53190.387 ms batch [314.619] delay 97.909 ms
INFO: at 53190.387 ms fetching 314.619 ms
INFO: at 53289.515 ms batch [315.822] delay 97.909 ms
INFO: at 53289.515 ms fetching 315.822 ms
INFO: at 53388.611 ms batch [62.518] delay 97.909 ms
INFO: at 53388.611 ms fetching 62.518 ms
INFO: at 53487.694 ms batch [313.162] delay 88.118 ms
INFO: at 53487.694 ms fetching 313.162 ms
INFO: at 53576.459 ms batch [63.573] delay 88.118 ms
INFO: at 53576.459 ms fetching 63.573 ms
INFO: at 53665.608 ms batch [63.700] delay 88.118 ms
INFO: at 53665.608 ms fetching 63.700 ms
INFO: at 53754.698 ms batch [313.281] delay 88.118 ms
INFO: at 53754.698 ms fetching 313.281 ms
INFO: at 53843.791 ms batch [63.495] delay 88.118 ms
INFO: at 53843.791 ms fetching 63.495 ms
INFO: at 53932.879 ms batch [318.300] delay 88.118 ms
INFO: at 53932.879 ms fetching 318.300 ms
INFO: at 54021.924 ms batch [317.386] delay 88.118 ms
INFO: at 54021.924 ms fetching 317.386 ms
INFO: at 54111.062 ms batch [62.643] delay 88.118 ms
INFO: at 54111.062 ms fetching 62.643 ms
INFO: at 54200.188 ms batch [314.980] delay 88.118 ms
INFO: at 54200.188 ms fetching 314.980 ms
INFO: at 54289.277 ms batch [63.603] delay 88.118 ms
INFO: at 54289.277 ms fetching 63.603 ms
INFO: at 54378.376 ms batch [314.897] delay 88.118 ms
INFO: at 54378.376 ms fetching 314.897 ms
INFO: at 54467.374 ms batch [317.256] delay 88.118 ms
INFO: at 54467.374 ms fetching 317.256 ms
INFO: at 54556.553 ms batch [310.590] delay 88.118 ms
INFO: at 54556.553 ms fetching 310.590 ms
INFO: at 54645.647 ms batch [315.471] delay 88.118 ms
INFO: at 54645.647 ms fetching 315.471 ms
INFO: at 54734.727 ms batch [314.809] delay 88.118 ms
INFO: at 54734.727 ms fetching 314.809 ms
INFO: at 54823.840 ms batch [63.914] delay 88.118 ms
INFO: at 54823.840 ms fetching 63.914 ms
INFO: at 54912.928 ms batch [314.132] delay 88.118 ms
INFO: at 54912.928 ms fetching 314.132 ms
INFO: at 55002.199 ms batch [63.480] delay 88.118 ms
INFO: at 55002.199 ms fetching 63.480 ms
INFO: at 55091.348 ms batch [64.317] delay 88.118 ms
INFO: at 55091.348 ms fetching 64.317 ms
INFO: at 55180.463 ms batch [315.153] delay 88.118 ms
INFO: at 55180.463 ms fetching 315.153 ms
INFO: at 55269.565 ms batch [315.132] delay 110.148 ms
INFO: at 55269.565 ms fetching 315.132 ms
INFO: at 55380.691 ms batch [314.263] delay 110.148 ms
INFO: at 55380.691 ms fetching 314.263 ms
INFO: at 55491.828 ms batch [63.485] delay 110.148 ms
INFO: at 55491.828 ms fetching 63.485 ms
INFO: at 55603.021 ms batch [62.838] delay 110.148 ms
INFO: at 55603.021 ms fetching 62.838 ms
INFO: at 55714.184 ms batch [62.709] delay 110.148 ms
INFO: at 55714.184 ms fetching 62.709 ms
INFO: at 55825.280 ms batch [63.691] delay 110.148 ms
INFO: at 55825.280 ms fetching 63.691 ms
INFO: at 55936.280 ms batch [310.928] delay 110.148 ms
INFO: at 55936.280 ms fetching 310.928 ms
INFO: at 56048.611 ms batch [316.625] delay 110.148 ms
INFO: at 56048.611 ms fetching 316.625 ms
INFO: at 56159.795 ms batch [314.925] delay 97.909 ms
INFO: at 56159.795 ms fetching 314.925 ms
INFO: at 56258.849 ms batch [316.918] delay 97.909 ms
INFO: at 56258.849 ms fetching 316.918 ms
INFO: at 56358.913 ms batch [63.593] delay 97.909 ms
INFO: at 56358.913 ms fetching 63.593 ms
INFO: at 56458.007 ms batch [313.468] delay 97.909 ms
INFO: at 56458.007 ms fetching 313.468 ms
INFO: at 56557.053 ms batch [63.335] delay 97.909 ms
INFO: at 56557.053 ms fetching 63.335 ms
INFO: at 56656.114 ms batch [63.801] delay 97.909 ms
INFO: at 56656.114 ms fetching 63.801 ms
INFO: at 56755.208 ms batch [63.323] delay 97.909 ms
INFO: at 56755.208 ms fetching 63.323 ms
INFO: at 56854.263 ms batch [63.286] delay 97.909 ms
INFO: at 56854.263 ms fetching 63.286 ms
INFO: at 56953.332 ms batch [63.995] delay 97.909 ms
INFO: at 56953.332 ms fetching 63.995 ms
INFO: at 57052.392 ms batch [318.339] delay 125.884 ms
INFO: at 57052.392 ms fetching 318.339 ms
INFO: at 57179.544 ms batch [316.778] delay 125.884 ms
INFO: at 57179.544 ms fetching 316.778 ms
INFO: at 57306.723 ms batch [63.417] delay 125.884 ms
INFO: at 57306.723 ms fetching 63.417 ms
INFO: at 57433.809 ms batch [63.878] delay 125.884 ms
INFO: at 57433.809 ms fetching 63.878 ms
INFO: at 57560.367 ms batch [319.948] delay 125.884 ms
INFO: at 57560.367 ms fetching 319.948 ms
INFO: at 57687.522 ms batch [317.795] delay 125.884 ms
INFO: at 57687.522 ms fetching 317.795 ms
INFO: at 57814.584 ms batch [311.102] delay 125.884 ms
INFO: at 57814.584 ms fetching 311.102 ms
INFO: at 57941.210 ms batch [316.124] delay 97.909 ms
INFO: at 57941.210 ms fetching 316.124 ms
INFO: at 58040.337 ms batch [63.666] delay 97.909 ms
INFO: at 58040.337 ms fetching 63.666 ms
INFO: at 58139.433 ms batch [63.201] delay 97.909 ms
INFO: at 58139.433 ms fetching 63.201 ms
INFO: at 58238.521 ms batch [312.105] delay 97.909 ms
INFO: at 58238.521 ms fetching 312.105 ms
INFO: at 58337.042 ms batch [63.292] delay 97.909 ms
INFO: at 58337.042 ms fetching 63.292 ms
INFO: at 58436.150 ms batch [313.863] delay 97.909 ms
INFO: at 58436.150 ms fetching 313.863 ms
INFO: at 58535.252 ms batch [63.126] delay 97.909 ms
INFO: at 58535.252 ms fetching 63.126 ms
INFO: at 58634.333 ms batch [63.551] delay 97.909 ms
INFO: at 58634.333 ms fetching 63.551 ms
INFO: at 58733.417 ms batch [315.037] delay 97.909 ms
INFO: at 58733.417 ms fetching 315.037 ms
INFO: at 58832.608 ms batch [320.167] delay 73.432 ms
INFO: at 58832.608 ms fetching 320.167 ms
INFO: at 58906.691 ms batch [316.411] delay 73.432 ms
INFO: at 58906.691 ms fetching 316.411 ms
INFO: at 58980.787 ms batch [64.708] delay 73.432 ms
INFO: at 58980.787 ms fetching 64.708 ms
INFO: at 59054.864 ms batch [315.372] delay 73.432 ms
INFO: at 59054.864 ms fetching 315.372 ms
INFO: at 59128.965 ms batch [311.028] delay 73.432 ms
INFO: at 59128.965 ms fetching 311.028 ms
INFO: at 59203.481 ms batch [63.031] delay 73.432 ms
INFO: at 59203.481 ms fetching 63.031 ms
INFO: at 59277.611 ms batch [317.220] delay 73.432 ms
INFO: at 59277.611 ms fetching 317.220 ms
INFO: at 59351.696 ms batch [62.553] delay 73.432 ms
INFO: at 59351.696 ms fetching 62.553 ms
INFO: at 59425.773 ms batch [64.492] delay 73.432 ms
INFO: at 59425.773 ms fetching 64.492 ms
INFO: at 59499.857 ms batch [316.714] delay 73.432 ms
INFO: at 59499.857 ms fetching 316.714 ms
INFO: at 59573.956 ms batch [319.096] delay 73.432 ms
INFO: at 59573.956 ms fetching 319.096 ms
INFO: at 59648.042 ms batch [63.575] delay 73.432 ms
INFO: at 59648.042 ms fetching 63.575 ms
INFO: at 59722.578 ms batch [315.760] delay 80.108 ms
INFO: at 59722.578 ms fetching 315.760 ms
INFO: at 59803.768 ms batch [311.957] delay 80.108 ms
INFO: at 59803.768 ms fetching 311.957 ms
INFO: at 59884.881 ms batch [317.577] delay 80.108 ms
INFO: at 59884.881 ms fetching 317.577 ms
INFO: at 59965.983 ms batch [317.309] delay 80.108 ms
INFO: at 59965.983 ms fetching 317.309 ms
INFO: at 60047.085 ms batch [312.742] delay 80.108 ms
INFO: at 60047.085 ms fetching 312.742 ms
INFO: at 60128.226 ms batch [64.213] delay 80.108 ms
INFO: at 60128.226 ms fetching 64.213 ms
INFO: at 60208.926 ms batch [317.660] delay 80.108 ms
INFO: at 60208.926 ms fetching 317.660 ms
INFO: at 60290.253 ms batch [317.426] delay 80.108 ms
INFO: at 60290.253 ms fetching 317.426 ms
INFO: at 60371.399 ms batch [313.430] delay 80.108 ms
INFO: at 60371.399 ms fetching 313.430 ms
INFO: at 60452.490 ms batch [316.765] delay 80.108 ms
INFO: at 60452.490 ms fetching 316.765 ms
INFO: at 60533.600 ms batch [315.142] delay 80.108 ms
INFO: at 60533.600 ms fetching 315.142 ms
INFO: at 60614.716 ms batch [63.926] delay 73.432 ms
INFO: at 60614.716 ms fetching 63.926 ms
INFO: at 60688.848 ms batch [315.520] delay 73.432 ms
INFO: at 60688.848 ms fetching 315.520 ms
INFO: at 60763.382 ms batch [63.040] delay 73.432 ms
INFO: at 60763.382 ms fetching 63.040 ms
INFO: at 60837.558 ms batch [314.198] delay 73.432 ms
INFO: at 60837.558 ms fetching 314.198 ms
INFO: at 60911.664 ms batch [318.440] delay 73.432 ms
INFO: at 60911.664 ms fetching 318.440 ms
INFO: at 60985.771 ms batch [62.908] delay 73.432 ms
INFO: at 60985.771 ms fetching 62.908 ms
INFO: at 61059.887 ms batch [62.873] delay 73.432 ms
INFO: at 61059.887 ms fetching 62.873 ms
INFO: at 61134.008 ms batch [313.823] delay 73.432 ms
INFO: at 61134.008 ms fetching 313.823 ms
INFO: at 61208.149 ms batch [62.416] delay 73.432 ms
INFO: at 61208.149 ms fetching 62.416 ms
INFO: at 61282.324 ms batch [315.994] delay 73.432 ms
INFO: at 61282.324 ms fetching 315.994 ms
INFO: at 61356.490 ms batch [63.784] delay 73.432 ms
INFO: at 61356.490 ms fetching 63.784 ms
INFO: at 61430.560 ms batch [63.794] delay 73.432 ms
INFO: at 61430.560 ms fetching 63.794 ms
INFO: at 61504.680 ms batch [317.464] delay 73.432 ms
INFO: at 61504.680 ms fetching 317.464 ms
INFO: at 61578.798 ms batch [314.023] delay 73.432 ms
INFO: at 61578.798 ms fetching 314.023 ms
INFO: at 61652.935 ms batch [62.449] delay 73.432 ms
INFO: at 61652.935 ms fetching 62.449 ms
INFO: at 61727.061 ms batch [313.308] delay 73.432 ms
INFO: at 61727.061 ms fetching 313.308 ms
INFO: at 61802.472 ms batch [317.498] delay 73.432 ms
INFO: at 61802.472 ms fetching 317.498 ms
INFO: at 61876.756 ms batch [317.174] delay 73.432 ms
INFO: at 61876.756 ms fetching 317.174 ms
INFO: at 61950.776 ms batch [63.930] delay 73.432 ms
INFO: at 61950.776 ms fetching 63.930 ms
INFO: at 62024.896 ms batch [62.897] delay 73.432 ms
INFO: at 62024.896 ms fetching 62.897 ms
INFO: at 62098.999 ms batch [64.344] delay 73.432 ms
INFO: at 62098.999 ms fetching 64.344 ms
INFO: at 62173.139 ms batch [316.963] delay 73.432 ms
INFO: at 62173.139 ms fetching 316.963 ms
INFO: at 62247.271 ms batch [62.924] delay 73.432 ms
INFO: at 62247.271 ms fetching 62.924 ms
INFO: at 62321.447 ms batch [63.694] delay 73.432 ms
INFO: at 62321.447 ms fetching 63.694 ms
INFO: at 62395.577 ms batch [63.663] delay 58.746 ms
INFO: at 62395.577 ms fetching 63.663 ms
INFO: at 62454.678 ms batch [63.084] delay 58.746 ms
INFO: at 62454.678 ms fetching 63.084 ms
INFO: at 62513.787 ms batch [62.733] delay 58.746 ms
INFO: at 62513.787 ms fetching 62.733 ms
INFO: at 62572.878 ms batch [63.743] delay 58.746 ms
INFO: at 62572.878 ms fetching 63.743 ms
INFO: at 62631.977 ms batch [312.847] delay 58.746 ms
INFO: at 62631.977 ms fetching 312.847 ms
INFO: at 62691.087 ms batch [318.200] delay 58.746 ms
INFO: at 62691.087 ms fetching 318.200 ms
INFO: at 62750.222 ms batch [62.889] delay 58.746 ms
INFO: at 62750.222 ms fetching 62.889 ms
INFO: at 62809.286 ms batch [316.817] delay 58.746 ms
INFO: at 62809.286 ms fetching 316.817 ms
INFO: at 62868.980 ms batch [63.105] delay 58.746 ms
INFO: at 62868.980 ms fetching 63.105 ms
INFO: at 62928.200 ms batch [63.598] delay 58.746 ms
INFO: at 62928.200 ms fetching 63.598 ms
INFO: at 62987.327 ms batch [315.804] delay 58.746 ms
INFO: at 62987.327 ms fetching 315.804 ms
INFO: at 63046.439 ms batch [317.014] delay 58.746 ms
INFO: at 63046.439 ms fetching 317.014 ms
INFO: at 63105.588 ms batch [64.526] delay 58.746 ms
INFO: at 63105.588 ms fetching 64.526 ms
INFO: at 63164.694 ms batch [316.025] delay 58.746 ms
INFO: at 63164.694 ms fetching 316.025 ms
INFO: at 63223.819 ms batch [315.982] delay 58.746 ms
INFO: at 63223.819 ms fetching 315.982 ms
INFO: at 63282.956 ms batch [313.672] delay 110.148 ms
INFO: at 63282.956 ms fetching 313.672 ms
INFO: at 63394.405 ms batch [62.541] delay 110.148 ms
INFO: at 63394.405 ms fetching 62.541 ms
INFO: at 63506.253 ms batch [62.659] delay 110.148 ms
INFO: at 63506.253 ms fetching 62.659 ms
INFO: at 63617.561 ms batch [63.580] delay 110.148 ms
INFO: at 63617.561 ms fetching 63.580 ms
INFO: at 63728.738 ms batch [314.874] delay 110.148 ms
INFO: at 63728.738 ms fetching 314.874 ms
INFO: at 63839.899 ms batch [63.711] delay 110.148 ms
INFO: at 63839.899 ms fetching 63.711 ms
INFO: at 63951.088 ms batch [64.376] delay 110.148 ms
INFO: at 63951.088 ms fetching 64.376 ms
INFO: at 64062.291 ms batch [62.507] delay 110.148 ms
INFO: at 64062.291 ms fetching 62.507 ms
INFO: at 64173.601 ms batch [62.667] delay 88.118 ms
INFO: at 64173.601 ms fetching 62.667 ms
INFO: at 64262.739 ms batch [313.572] delay 88.118 ms
INFO: at 64262.739 ms fetching 313.572 ms
INFO: at 64351.882 ms batch [63.117] delay 88.118 ms
INFO: at 64351.882 ms fetching 63.117 ms
INFO: at 64441.001 ms batch [313.484] delay 88.118 ms
INFO: at 64441.001 ms fetching 313.484 ms
INFO: at 64530.142 ms batch [312.228] delay 88.118 ms
INFO: at 64530.142 ms fetching 312.228 ms
INFO: at 64618.895 ms batch [314.765] delay 88.118 ms
INFO: at 64618.895 ms fetching 314.765 ms
INFO: at 64708.156 ms batch [314.396] delay 88.118 ms
INFO: at 64708.156 ms fetching 314.396 ms
INFO: at 64797.258 ms batch [63.631] delay 88.118 ms
INFO: at 64797.258 ms fetching 63.631 ms
INFO: at 64886.373 ms batch [64.117] delay 88.118 ms
INFO: at 64886.373 ms fetching 64.117 ms
INFO: at 64975.523 ms batch [63.111] delay 88.118 ms
INFO: at 64975.523 ms fetching 63.111 ms
INFO: at 65064.706 ms batch [63.724] delay 97.909 ms
INFO: at 65064.706 ms fetching 63.724 ms
INFO: at 65163.909 ms batch [62.956] delay 97.909 ms
INFO: at 65163.909 ms fetching 62.956 ms
INFO: at 65263.029 ms batch [316.398] delay 97.909 ms
INFO: at 65263.029 ms fetching 316.398 ms
INFO: at 65362.165 ms batch [313.295] delay 97.909 ms
INFO: at 65362.165 ms fetching 313.295 ms
INFO: at 65461.283 ms batch [312.483] delay 97.909 ms
INFO: at 65461.283 ms fetching 312.483 ms
INFO: at 65561.480 ms batch [316.283] delay 97.909 ms
INFO: at 65561.480 ms fetching 316.283 ms
INFO: at 65660.680 ms batch [63.497] delay 97.909 ms
INFO: at 65660.680 ms fetching 63.497 ms
INFO: at 65759.801 ms batch [63.219] delay 97.909 ms
INFO: at 65759.801 ms fetching 63.219 ms
INFO: at 65858.909 ms batch [62.745] delay 97.909 ms
INFO: at 65858.909 ms fetching 62.745 ms
INFO: at 65957.112 ms batch [316.560] delay 73.432 ms
INFO: at 65957.112 ms fetching 316.560 ms
INFO: at 66031.223 ms batch [315.772] delay 73.432 ms
INFO: at 66031.223 ms fetching 315.772 ms
INFO: at 66105.305 ms batch [64.081] delay 73.432 ms
INFO: at 66105.305 ms fetching 64.081 ms
INFO: at 66179.387 ms batch [63.906] delay 73.432 ms
INFO: at 66179.387 ms fetching 63.906 ms
INFO: at 66253.478 ms batch [63.466] delay 73.432 ms
INFO: at 66253.478 ms fetching 63.466 ms
INFO: at 66327.576 ms batch [315.443] delay 73.432 ms
INFO: at 66327.576 ms fetching 315.443 ms
INFO: at 66401.835 ms batch [62.479] delay 73.432 ms
INFO: at 66401.835 ms fetching 62.479 ms
INFO: at 66475.976 ms batch [63.294] delay 73.432 ms
INFO: at 66475.976 ms fetching 63.294 ms
INFO: at 66550.052 ms batch [316.321] delay 73.432 ms
INFO: at 66550.052 ms fetching 316.321 ms
INFO: at 66624.135 ms batch [63.493] delay 73.432 ms
INFO: at 66624.135 ms fetching 63.493 ms
INFO: at 66698.218 ms batch [316.036] delay 73.432 ms
INFO: at 66698.218 ms fetching 316.036 ms
INFO: at 66772.323 ms batch [313.901] delay 73.432 ms
INFO: at 66772.323 ms fetching 313.901 ms
INFO: at 66846.433 ms batch [318.102] delay 44.059 ms
INFO: at 66846.433 ms fetching 318.102 ms
INFO: at 66891.341 ms batch [318.173] delay 44.059 ms
INFO: at 66891.341 ms fetching 318.173 ms
INFO: at 66936.427 ms batch [316.488] delay 44.059 ms
INFO: at 66936.427 ms fetching 316.488 ms
INFO: at 66981.500 ms batch [64.447] delay 44.059 ms
INFO: at 66981.500 ms fetching 64.447 ms
INFO: at 67026.676 ms batch [315.793] delay 44.059 ms
INFO: at 67026.676 ms fetching 315.793 ms
INFO: at 67071.719 ms batch [63.075] delay 44.059 ms
INFO: at 67071.719 ms fetching 63.075 ms
INFO: at 67116.810 ms batch [62.860] delay 44.059 ms
INFO: at 67116.810 ms fetching 62.860 ms
INFO: at 67161.916 ms batch [315.076] delay 44.059 ms
INFO: at 67161.916 ms fetching 315.076 ms
INFO: at 67207.025 ms batch [63.216] delay 44.059 ms
INFO: at 67207.025 ms fetching 63.216 ms
INFO: at 67252.117 ms batch [312.172] delay 44.059 ms
INFO: at 67252.117 ms fetching 312.172 ms
INFO: at 67297.254 ms batch [63.530] delay 44.059 ms
INFO: at 67297.254 ms fetching 63.530 ms
INFO: at 67342.396 ms batch [309.990] delay 44.059 ms
INFO: at 67342.396 ms fetching 309.990 ms
INFO: at 67387.566 ms batch [313.646] delay 44.059 ms
INFO: at 67387.566 ms fetching 313.646 ms
INFO: at 67432.190 ms batch [316.332] delay 44.059 ms
INFO: at 67432.190 ms fetching 316.332 ms
INFO: at 67477.402 ms batch [63.434] delay 44.059 ms
INFO: at 67477.402 ms fetching 63.434 ms
INFO: at 67522.513 ms batch [63.830] delay 44.059 ms
INFO: at 67522.513 ms fetching 63.830 ms
INFO: at 67567.624 ms batch [314.915] delay 44.059 ms
INFO: at 67567.624 ms fetching 314.915 ms
INFO: at 67612.685 ms batch [315.728] delay 44.059 ms
INFO: at 67612.685 ms fetching 315.728 ms
INFO: at 67657.805 ms batch [63.387] delay 44.059 ms
INFO: at 67657.805 ms fetching 63.387 ms
INFO: at 67702.942 ms batch [63.429] delay 44.059 ms
INFO: at 67702.942 ms fetching 63.429 ms
INFO: at 67748.044 ms batch [319.020] delay 80.108 ms
INFO: at 67748.044 ms fetching 319.020 ms
INFO: at 67829.207 ms batch [62.696] delay 80.108 ms
INFO: at 67829.207 ms fetching 62.696 ms
INFO: at 67910.518 ms batch [63.017] delay 80.108 ms
INFO: at 67910.518 ms fetching 63.017 ms
INFO: at 67991.940 ms batch [62.999] delay 80.108 ms
INFO: at 67991.940 ms fetching 62.999 ms
INFO: at 68072.519 ms batch [62.751] delay 80.108 ms
INFO: at 68072.519 ms fetching 62.751 ms
INFO: at 68153.561 ms batch [63.948] delay 80.108 ms
INFO: at 68153.561 ms fetching 63.948 ms
INFO: at 68234.085 ms batch [62.900] delay 80.108 ms
INFO: at 68234.085 ms fetching 62.900 ms
INFO: at 68314.623 ms batch [313.759] delay 80.108 ms
INFO: at 68314.623 ms fetching 313.759 ms
INFO: at 68395.205 ms batch [64.563] delay 80.108 ms
INFO: at 68395.205 ms fetching 64.563 ms
INFO: at 68475.731 ms batch [63.815] delay 80.108 ms
INFO: at 68475.731 ms fetching 63.815 ms
INFO: at 68556.262 ms batch [314.721] delay 80.108 ms
INFO: at 68556.262 ms fetching 314.721 ms
INFO: at 68638.607 ms batch [63.276] delay 110.148 ms
INFO: at 68638.607 ms fetching 63.276 ms
INFO: at 68749.953 ms batch [312.992] delay 110.148 ms
INFO: at 68749.953 ms fetching 312.992 ms
INFO: at 68861.232 ms batch [316.790] delay 110.148 ms
INFO: at 68861.232 ms fetching 316.790 ms
INFO: at 68972.505 ms batch [315.272] delay 110.148 ms
INFO: at 68972.505 ms fetching 315.272 ms
INFO: at 69083.075 ms batch [63.171] delay 110.148 ms
INFO: at 69083.075 ms fetching 63.171 ms
INFO: at 69194.354 ms batch [317.842] delay 110.148 ms
INFO: at 69194.354 ms fetching 317.842 ms
INFO: at 69305.773 ms batch [315.123] delay 110.148 ms
INFO: at 69305.773 ms fetching 315.123 ms
INFO: at 69416.950 ms batch [63.414] delay 110.148 ms
INFO: at 69416.950 ms fetching 63.414 ms
INFO: at 69528.189 ms batch [313.850] delay 110.148 ms
INFO: at 69528.189 ms fetching 313.850 ms
INFO: at 69639.425 ms batch [63.358] delay 110.148 ms
INFO: at 69639.425 ms fetching 63.358 ms
INFO: at 69750.807 ms batch [316.701] delay 110.148 ms
INFO: at 69750.807 ms fetching 316.701 ms
INFO: at 69862.297 ms batch [63.156] delay 110.148 ms
INFO: at 69862.297 ms fetching 63.156 ms
INFO: at 69973.515 ms batch [314.059] delay 110.148 ms
INFO: at 69973.515 ms fetching 314.059 ms
INFO: at 70084.665 ms batch [63.239] delay 110.148 ms
INFO: at 70084.665 ms fetching 63.239 ms
INFO: at 70195.779 ms batch [316.046] delay 110.148 ms
INFO: at 70195.779 ms fetching 316.046 ms
INFO: at 70306.960 ms batch [63.101] delay 110.148 ms
INFO: at 70306.960 ms fetching 63.101 ms
INFO: at 70418.235 ms batch [313.338] delay 80.108 ms
INFO: at 70418.235 ms fetching 313.338 ms
INFO: at 70499.367 ms batch [64.598] delay 80.108 ms
INFO: at 70499.367 ms fetching 64.598 ms
INFO: at 70580.477 ms batch [319.308] delay 80.108 ms
INFO: at 70580.477 ms fetching 319.308 ms
INFO: at 70661.581 ms batch [63.078] delay 80.108 ms
INFO: at 70661.581 ms fetching 63.078 ms
INFO: at 70742.055 ms batch [64.140] delay 80.108 ms
INFO: at 70742.055 ms fetching 64.140 ms
INFO: at 70823.252 ms batch [313.998] delay 80.108 ms
INFO: at 70823.252 ms fetching 313.998 ms
INFO: at 70904.354 ms batch [63.756] delay 80.108 ms
INFO: at 70904.354 ms fetching 63.756 ms
INFO: at 70985.442 ms batch [63.747] delay 80.108 ms
INFO: at 70985.442 ms fetching 63.747 ms
INFO: at 71066.542 ms batch [313.718] delay 80.108 ms
INFO: at 71066.542 ms fetching 313.718 ms
INFO: at 71147.680 ms batch [316.673] delay 80.108 ms
INFO: at 71147.680 ms fetching 316.673 ms
INFO: at 71228.133 ms batch [63.397] delay 80.108 ms
INFO: at 71228.133 ms fetching 63.397 ms
INFO: at 71309.279 ms batch [314.166] delay 62.942 ms
INFO: at 71309.279 ms fetching 314.166 ms
INFO: at 71373.360 ms batch [313.457] delay 62.942 ms
INFO: at 71373.360 ms fetching 313.457 ms
INFO: at 71437.444 ms batch [63.307] delay 62.942 ms
INFO: at 71437.444 ms fetching 63.307 ms
INFO: at 71501.534 ms batch [318.523] delay 62.942 ms
INFO: at 71501.534 ms fetching 318.523 ms
INFO: at 71565.632 ms batch [62.885] delay 62.942 ms
INFO: at 71565.632 ms fetching 62.885 ms
INFO: at 71629.735 ms batch [62.881] delay 62.942 ms
INFO: at 71629.735 ms fetching 62.881 ms
INFO: at 71694.716 ms batch [317.029] delay 62.942 ms
INFO: at 71694.716 ms fetching 317.029 ms
INFO: at 71758.914 ms batch [63.537] delay 62.942 ms
INFO: at 71758.914 ms fetching 63.537 ms
INFO: at 71823.020 ms batch [63.626] delay 62.942 ms
INFO: at 71823.020 ms fetching 63.626 ms
INFO: at 71887.119 ms batch [313.838] delay 62.942 ms
INFO: at 71887.119 ms fetching 313.838 ms
INFO: at 71951.245 ms batch [315.611] delay 62.942 ms
INFO: at 71951.245 ms fetching 315.611 ms
INFO: at 72015.334 ms batch [62.355] delay 62.942 ms
INFO: at 72015.334 ms fetching 62.355 ms
INFO: at 72079.428 ms batch [63.437] delay 62.942 ms
INFO: at 72079.428 ms fetching 63.437 ms
INFO: at 72143.545 ms batch [64.055] delay 62.942 ms
INFO: at 72143.545 ms fetching 64.055 ms
INFO: at 72207.664 ms batch [316.933] delay 80.108 ms
INFO: at 72207.664 ms fetching 316.933 ms
INFO: at 72288.427 ms batch [63.134] delay 80.108 ms
INFO: at 72288.427 ms fetching 63.134 ms
INFO: at 72369.639 ms batch [62.720] delay 80.108 ms
INFO: at 72369.639 ms fetching 62.720 ms
INFO: at 72450.760 ms batch [62.986] delay 80.108 ms
INFO: at 72450.760 ms fetching 62.986 ms
INFO: at 72531.885 ms batch [313.368] delay 80.108 ms
INFO: at 72531.885 ms fetching 313.368 ms
INFO: at 72613.004 ms batch [314.229] delay 80.108 ms
INFO: at 72613.004 ms fetching 314.229 ms
INFO: at 72694.134 ms batch [313.731] delay 80.108 ms
INFO: at 72694.134 ms fetching 313.731 ms
INFO: at 72775.307 ms batch [63.837] delay 80.108 ms
INFO: at 72775.307 ms fetching 63.837 ms
INFO: at 72856.015 ms batch [63.249] delay 80.108 ms
INFO: at 72856.015 ms fetching 63.249 ms
INFO: at 72936.459 ms batch [63.312] delay 80.108 ms
INFO: at 72936.459 ms fetching 63.312 ms
INFO: at 73016.867 ms batch [62.531] delay 80.108 ms
INFO: at 73016.867 ms fetching 62.531 ms
INFO: at 73097.257 ms batch [63.559] delay 97.909 ms
INFO: at 73097.257 ms fetching 63.559 ms
INFO: at 73195.639 ms batch [313.597] delay 97.909 ms
INFO: at 73195.639 ms fetching 313.597 ms
INFO: at 73294.058 ms batch [315.940] delay 97.909 ms
INFO: at 73294.058 ms fetching 315.940 ms
INFO: at 73392.647 ms batch [316.739] delay 97.909 ms
INFO: at 73392.647 ms fetching 316.739 ms
INFO: at 73491.083 ms batch [316.947] delay 97.909 ms
INFO: at 73491.083 ms fetching 316.947 ms
INFO: at 73589.502 ms batch [63.317] delay 97.909 ms
INFO: at 73589.502 ms fetching 63.317 ms
INFO: at 73687.894 ms batch [63.944] delay 97.909 ms
INFO: at 73687.894 ms fetching 63.944 ms
INFO: at 73786.360 ms batch [63.841] delay 97.909 ms
INFO: at 73786.360 ms fetching 63.841 ms
INFO: at 73885.271 ms batch [63.042] delay 97.909 ms
INFO: at 73885.271 ms fetching 63.042 ms
INFO: at 73983.666 ms batch [63.798] delay 80.108 ms
INFO: at 73983.666 ms fetching 63.798 ms
INFO: at 74064.053 ms batch [314.251] delay 80.108 ms
INFO: at 74064.053 ms fetching 314.251 ms
INFO: at 74144.453 ms batch [316.833] delay 80.108 ms
INFO: at 74144.453 ms fetching 316.833 ms
INFO: at 74224.844 ms batch [63.090] delay 80.108 ms
INFO: at 74224.844 ms fetching 63.090 ms
INFO: at 74305.225 ms batch [315.573] delay 80.108 ms
INFO: at 74305.225 ms fetching 315.573 ms
INFO: at 74386.157 ms batch [315.194] delay 80.108 ms
INFO: at 74386.157 ms fetching 315.194 ms
INFO: at 74466.536 ms batch [63.260] delay 80.108 ms
INFO: at 74466.536 ms fetching 63.260 ms
INFO: at 74546.917 ms batch [311.753] delay 80.108 ms
INFO: at 74546.917 ms fetching 311.753 ms
INFO: at 74627.262 ms batch [64.095] delay 80.108 ms
INFO: at 74627.262 ms fetching 64.095 ms
INFO: at 74707.628 ms batch [63.251] delay 80.108 ms
INFO: at 74707.628 ms fetching 63.251 ms
INFO: at 74787.999 ms batch [313.079] delay 80.108 ms
INFO: at 74787.999 ms fetching 313.079 ms
INFO: at 74868.822 ms batch [314.673] delay 73.432 ms
INFO: at 74868.822 ms fetching 314.673 ms
INFO: at 74943.196 ms batch [63.222] delay 73.432 ms
INFO: at 74943.196 ms fetching 63.222 ms
INFO: at 75017.561 ms batch [64.791] delay 73.432 ms
INFO: at 75017.561 ms fetching 64.791 ms
INFO: at 75091.919 ms batch [315.877] delay 73.432 ms
INFO: at 75091.919 ms fetching 315.877 ms
INFO: at 75166.329 ms batch [319.682] delay 73.432 ms
INFO: at 75166.329 ms fetching 319.682 ms
INFO: at 75240.714 ms batch [62.820] delay 73.432 ms
INFO: at 75240.714 ms fetching 62.820 ms
INFO: at 75315.111 ms batch [62.399] delay 73.432 ms
INFO: at 75315.111 ms fetching 62.399 ms
INFO: at 75388.977 ms batch [62.989] delay 73.432 ms
INFO: at 75388.977 ms fetching 62.989 ms
INFO: at 75463.209 ms batch [314.937] delay 73.432 ms
INFO: at 75463.209 ms fetching 314.937 ms
INFO: at 75537.313 ms batch [63.407] delay 73.432 ms
INFO: at 75537.313 ms fetching 63.407 ms
INFO: at 75611.417 ms batch [63.098] delay 73.432 ms
INFO: at 75611.417 ms fetching 63.098 ms
INFO: at 75685.560 ms batch [63.046] delay 73.432 ms
INFO: at 75685.560 ms fetching 63.046 ms
INFO: at 75759.676 ms batch [317.239] delay 80.108 ms
INFO: at 75759.676 ms fetching 317.239 ms
INFO: at 75841.741 ms batch [63.899] delay 80.108 ms
INFO: at 75841.741 ms fetching 63.899 ms
INFO: at 75922.951 ms batch [317.991] delay 80.108 ms
INFO: at 75922.951 ms fetching 317.991 ms
INFO: at 76004.063 ms batch [63.638] delay 80.108 ms
INFO: at 76004.063 ms fetching 63.638 ms
INFO: at 76085.169 ms batch [63.578] delay 80.108 ms
INFO: at 76085.169 ms fetching 63.578 ms
INFO: at 76166.295 ms batch [62.936] delay 80.108 ms
INFO: at 76166.295 ms fetching 62.936 ms
INFO: at 76247.383 ms batch [63.648] delay 80.108 ms
INFO: at 76247.383 ms fetching 63.648 ms
INFO: at 76328.356 ms batch [63.468] delay 80.108 ms
INFO: at 76328.356 ms fetching 63.468 ms
INFO: at 76408.894 ms batch [314.600] delay 80.108 ms
INFO: at 76408.894 ms fetching 314.600 ms
INFO: at 76490.120 ms batch [315.676] delay 80.108 ms
INFO: at 76490.120 ms fetching 315.676 ms
INFO: at 76571.262 ms batch [63.281] delay 80.108 ms
INFO: at 76571.262 ms fetching 63.281 ms
INFO: at 76652.367 ms batch [318.886] delay 58.746 ms
INFO: at 76652.367 ms fetching 318.886 ms
INFO: at 76711.462 ms batch [313.196] delay 58.746 ms
INFO: at 76711.462 ms fetching 313.196 ms
INFO: at 76770.561 ms batch [62.878] delay 58.746 ms
INFO: at 76770.561 ms fetching 62.878 ms
INFO: at 76829.707 ms batch [63.939] delay 58.746 ms
INFO: at 76829.707 ms fetching 63.939 ms
INFO: at 76888.827 ms batch [63.849] delay 58.746 ms
INFO: at 76888.827 ms fetching 63.849 ms
INFO: at 76948.023 ms batch [314.959] delay 58.746 ms
INFO: at 76948.023 ms fetching 314.959 ms
INFO: at 77007.272 ms batch [63.770] delay 58.746 ms
INFO: at 77007.272 ms fetching 63.770 ms
INFO: at 77066.384 ms batch [64.303] delay 58.746 ms
INFO: at 77066.384 ms fetching 64.303 ms
INFO: at 77125.511 ms batch [62.780] delay 58.746 ms
INFO: at 77125.511 ms fetching 62.780 ms
INFO: at 77184.617 ms batch [63.309] delay 58.746 ms
INFO: at 77184.617 ms fetching 63.309 ms
INFO: at 77243.721 ms batch [63.320] delay 58.746 ms
INFO: at 77243.721 ms fetching 63.320 ms
INFO: at 77302.836 ms batch [61.138] delay 58.746 ms
INFO: at 77302.836 ms fetching 61.138 ms
INFO: at 77361.979 ms batch [314.702] delay 58.746 ms
INFO: at 77361.979 ms fetching 314.702 ms
INFO: at 77421.110 ms batch [316.447] delay 58.746 ms
INFO: at 77421.110 ms fetching 316.447 ms
INFO: at 77480.403 ms batch [62.493] delay 58.746 ms
INFO: at 77480.403 ms fetching 62.493 ms
INFO: at 77539.571 ms batch [62.852] delay 97.909 ms
INFO: at 77539.571 ms fetching 62.852 ms
INFO: at 77638.734 ms batch [63.808] delay 97.909 ms
INFO: at 77638.734 ms fetching 63.808 ms
INFO: at 77737.907 ms batch [63.521] delay 97.909 ms
INFO: at 77737.907 ms fetching 63.521 ms
INFO: at 77837.056 ms batch [316.437] delay 97.909 ms
INFO: at 77837.056 ms fetching 316.437 ms
INFO: at 77936.223 ms batch [317.109] delay 97.909 ms
INFO: at 77936.223 ms fetching 317.109 ms
INFO: at 78035.403 ms batch [63.863] delay 97.909 ms
INFO: at 78035.403 ms fetching 63.863 ms
INFO: at 78133.617 ms batch [63.014] delay 97.909 ms
INFO: at 78133.617 ms fetching 63.014 ms
INFO: at 78232.770 ms batch [315.539] delay 97.909 ms
INFO: at 78232.770 ms fetching 315.539 ms
INFO: at 78331.918 ms batch [313.146] delay 97.909 ms
INFO: at 78331.918 ms fetching 313.146 ms
INFO: at 78431.067 ms batch [62.865] delay 88.118 ms
INFO: at 78431.067 ms fetching 62.865 ms
INFO: at 78520.231 ms batch [317.750] delay 88.118 ms
INFO: at 78520.231 ms fetching 317.750 ms
INFO: at 78609.361 ms batch [63.516] delay 88.118 ms
INFO: at 78609.361 ms fetching 63.516 ms
INFO: at 78697.891 ms batch [311.917] delay 88.118 ms
INFO: at 78697.891 ms fetching 311.917 ms
INFO: at 78787.068 ms batch [63.364] delay 88.118 ms
INFO: at 78787.068 ms fetching 63.364 ms
INFO: at 78876.093 ms batch [315.462] delay 88.118 ms
INFO: at 78876.093 ms fetching 315.462 ms
INFO: at 78964.938 ms batch [63.587] delay 88.118 ms
INFO: at 78964.938 ms fetching 63.587 ms
INFO: at 79053.843 ms batch [63.427] delay 88.118 ms
INFO: at 79053.843 ms fetching 63.427 ms
INFO: at 79143.213 ms batch [314.949] delay 88.118 ms
INFO: at 79143.213 ms fetching 314.949 ms
INFO: at 79232.294 ms batch [62.920] delay 88.118 ms
INFO: at 79232.294 ms fetching 62.920 ms
INFO: at 79321.407 ms batch [316.365] delay 80.108 ms
INFO: at 79321.407 ms fetching 316.365 ms
INFO: at 79402.412 ms batch [312.939] delay 80.108 ms
INFO: at 79402.412 ms fetching 312.939 ms
INFO: at 79483.018 ms batch [63.886] delay 80.108 ms
INFO: at 79483.018 ms fetching 63.886 ms
INFO: at 79563.860 ms batch [63.488] delay 80.108 ms
INFO: at 79563.860 ms fetching 63.488 ms
INFO: at 79644.764 ms batch [314.377] delay 80.108 ms
INFO: at 79644.764 ms fetching 314.377 ms
INFO: at 79725.927 ms batch [64.171] delay 80.108 ms
INFO: at 79725.927 ms fetching 64.171 ms
INFO: at 79806.995 ms batch [62.928] delay 80.108 ms
INFO: at 79806.995 ms fetching 62.928 ms
INFO: at 79888.009 ms batch [314.460] delay 80.108 ms
INFO: at 79888.009 ms fetching 314.460 ms
INFO: at 79969.119 ms batch [62.196] delay 80.108 ms
INFO: at 79969.119 ms fetching 62.196 ms
INFO: at 80050.237 ms batch [311.178] delay 80.108 ms
INFO: at 80050.237 ms fetching 311.178 ms
INFO: at 80131.127 ms batch [63.532] delay 80.108 ms
INFO: at 80131.127 ms fetching 63.532 ms
INFO: at 80212.312 ms batch [314.209] delay 67.783 ms
INFO: at 80212.312 ms fetching 314.209 ms
INFO: at 80281.418 ms batch [63.374] delay 67.783 ms
INFO: at 80281.418 ms fetching 63.374 ms
INFO: at 80350.507 ms batch [312.139] delay 67.783 ms
INFO: at 80350.507 ms fetching 312.139 ms
INFO: at 80419.629 ms batch [63.273] delay 67.783 ms
INFO: at 80419.629 ms fetching 63.273 ms
INFO: at 80488.750 ms batch [316.388] delay 67.783 ms
INFO: at 80488.750 ms fetching 316.388 ms
INFO: at 80557.986 ms batch [313.584] delay 67.783 ms
INFO: at 80557.986 ms fetching 313.584 ms
INFO: at 80626.985 ms batch [64.049] delay 67.783 ms
INFO: at 80626.985 ms fetching 64.049 ms
INFO: at 80696.218 ms batch [63.620] delay 67.783 ms
INFO: at 80696.218 ms fetching 63.620 ms
INFO: at 80765.315 ms batch [64.234] delay 67.783 ms
INFO: at 80765.315 ms fetching 64.234 ms
INFO: at 80834.348 ms batch [315.667] delay 67.783 ms
INFO: at 80834.348 ms fetching 315.667 ms
INFO: at 80903.471 ms batch [62.626] delay 67.783 ms
INFO: at 80903.471 ms fetching 62.626 ms
INFO: at 80972.568 ms batch [313.703] delay 67.783 ms
INFO: at 80972.568 ms fetching 313.703 ms
INFO: at 81041.671 ms batch [63.394] delay 67.783 ms
INFO: at 81041.671 ms fetching 63.394 ms
INFO: at 81110.792 ms batch [316.875] delay 62.942 ms
INFO: at 81110.792 ms fetching 316.875 ms
INFO: at 81174.763 ms batch [319.236] delay 62.942 ms
INFO: at 81174.763 ms fetching 319.236 ms
INFO: at 81238.884 ms batch [62.673] delay 62.942 ms
INFO: at 81238.884 ms fetching 62.673 ms
INFO: at 81303.003 ms batch [62.815] delay 62.942 ms
INFO: at 81303.003 ms fetching 62.815 ms
INFO: at 81367.117 ms batch [62.833] delay 62.942 ms
INFO: at 81367.117 ms fetching 62.833 ms
INFO: at 81431.258 ms batch [312.429] delay 62.942 ms
INFO: at 81431.258 ms fetching 312.429 ms
INFO: at 81495.364 ms batch [316.261] delay 62.942 ms
INFO: at 81495.364 ms fetching 316.261 ms
INFO: at 81559.465 ms batch [62.465] delay 62.942 ms
INFO: at 81559.465 ms fetching 62.465 ms
INFO: at 81623.570 ms batch [314.009] delay 62.942 ms
INFO: at 81623.570 ms fetching 314.009 ms
INFO: at 81686.806 ms batch [63.167] delay 62.942 ms
INFO: at 81686.806 ms fetching 63.167 ms
INFO: at 81750.005 ms batch [314.322] delay 62.942 ms
INFO: at 81750.005 ms fetching 314.322 ms
INFO: at 81814.053 ms batch [313.913] delay 62.942 ms
INFO: at 81814.053 ms fetching 313.913 ms
INFO: at 81878.086 ms batch [315.265] delay 62.942 ms
INFO: at 81878.086 ms fetching 315.265 ms
INFO: at 81942.149 ms batch [314.365] delay 62.942 ms
INFO: at 81942.149 ms fetching 314.365 ms
INFO: at 82006.172 ms batch [323.541] delay 80.108 ms
INFO: at 82006.172 ms fetching 323.541 ms
INFO: at 82087.293 ms batch [63.845] delay 80.108 ms
INFO: at 82087.293 ms fetching 63.845 ms
INFO: at 82168.147 ms batch [313.634] delay 80.108 ms
INFO: at 82168.147 ms fetching 313.634 ms
INFO: at 82249.176 ms batch [62.715] delay 80.108 ms
INFO: at 82249.176 ms fetching 62.715 ms
INFO: at 82330.443 ms batch [314.142] delay 80.108 ms
INFO: at 82330.443 ms fetching 314.142 ms
INFO: at 82411.577 ms batch [314.797] delay 80.108 ms
INFO: at 82411.577 ms fetching 314.797 ms
INFO: at 82492.586 ms batch [317.046] delay 80.108 ms
INFO: at 82492.586 ms fetching 317.046 ms
INFO: at 82573.693 ms batch [316.014] delay 80.108 ms
INFO: at 82573.693 ms fetching 316.014 ms
INFO: at 82654.799 ms batch [312.677] delay 80.108 ms
INFO: at 82654.799 ms fetching 312.677 ms
INFO: at 82735.831 ms batch [62.947] delay 80.108 ms
INFO: at 82735.831 ms fetching 62.947 ms
INFO: at 82816.787 ms batch [63.123] delay 80.108 ms
INFO: at 82816.787 ms fetching 63.123 ms
INFO: at 82898.063 ms batch [63.556] delay 88.118 ms
INFO: at 82898.063 ms fetching 63.556 ms
INFO: at 82987.233 ms batch [64.087] delay 88.118 ms
INFO: at 82987.233 ms fetching 64.087 ms
INFO: at 83076.383 ms batch [62.964] delay 88.118 ms
INFO: at 83076.383 ms fetching 62.964 ms
INFO: at 83165.510 ms batch [63.247] delay 88.118 ms
INFO: at 83165.510 ms fetching 63.247 ms
INFO: at 83254.523 ms batch [315.832] delay 88.118 ms
INFO: at 83254.523 ms fetching 315.832 ms
INFO: at 83343.614 ms batch [313.888] delay 88.118 ms
INFO: at 83343.614 ms fetching 313.888 ms
INFO: at 83432.839 ms batch [314.084] delay 88.118 ms
INFO: at 83432.839 ms fetching 314.084 ms
INFO: at 83522.076 ms batch [64.392] delay 88.118 ms
INFO: at 83522.076 ms fetching 64.392 ms
INFO: at 83611.235 ms batch [311.880] delay 88.118 ms
INFO: at 83611.235 ms fetching 311.880 ms
INFO: at 83700.349 ms batch [315.950] delay 88.118 ms
INFO: at 83700.349 ms fetching 315.950 ms
INFO: at 83789.431 ms batch [63.244] delay 62.942 ms
INFO: at 83789.431 ms fetching 63.244 ms
INFO: at 83853.470 ms batch [63.257] delay 62.942 ms
INFO: at 83853.470 ms fetching 63.257 ms
INFO: at 83916.704 ms batch [313.529] delay 62.942 ms
INFO: at 83916.704 ms fetching 313.529 ms
INFO: at 83980.773 ms batch [316.547] delay 62.942 ms
INFO: at 83980.773 ms fetching 316.547 ms
INFO: at 84044.936 ms batch [311.701] delay 62.942 ms
INFO: at 84044.936 ms fetching 311.701 ms
INFO: at 84109.041 ms batch [64.123] delay 62.942 ms
INFO: at 84109.041 ms fetching 64.123 ms
INFO: at 84173.129 ms batch [64.244] delay 62.942 ms
INFO: at 84173.129 ms fetching 64.244 ms
INFO: at 84237.236 ms batch [315.699] delay 62.942 ms
INFO: at 84237.236 ms fetching 315.699 ms
INFO: at 84301.352 ms batch [317.681] delay 62.942 ms
INFO: at 84301.352 ms fetching 317.681 ms
INFO: at 84365.464 ms batch [316.573] delay 62.942 ms
INFO: at 84365.464 ms fetching 316.573 ms
INFO: at 84430.303 ms batch [313.097] delay 62.942 ms
INFO: at 84430.303 ms fetching 313.097 ms
INFO: at 84493.560 ms batch [316.686] delay 62.942 ms
INFO: at 84493.560 ms fetching 316.686 ms
INFO: done
INFO: stopping nexus
