I1211 06:21:39.405980 151291 frontend.cpp:85] App port 9001, rpc port 9002
I1211 06:21:39.407744 151291 rpc_service_base.h:46] RPC service is listening on 0.0.0.0:9002
I1211 06:21:39.411600 151291 model_handler.cpp:90] fake:fake_0:1:224x224:163 load balance policy: 3
I1211 06:21:39.411677 151291 frontend.cpp:315] Update model route for fake:fake_0:1:224x224:163
I1211 06:21:39.412243 151291 model_handler.cpp:177] - backend 503253232: 12988.7
I1211 06:21:39.412277 151291 model_handler.cpp:182] Total throughput: 12988.7
I1211 06:21:39.412768 151291 frontend.cpp:45] Frontend server (id: 2932558800) is listening on 0.0.0.0:9001
I1211 06:21:39.412832 151291 backend_pool.cpp:58] Connected to backend 503253232
I1211 06:21:40.402335 151291 connection.cpp:28] Connection Stop
I1211 06:22:21.398602 151297 frontend.cpp:315] Update model route for fake:fake_0:1:224x224:163
I1211 06:22:21.398695 151297 model_handler.cpp:177] - backend 503253232: 12.4503
I1211 06:22:21.398707 151297 model_handler.cpp:182] Total throughput: 12.4503
I1211 06:22:31.399971 151297 frontend.cpp:315] Update model route for fake:fake_0:1:224x224:163
I1211 06:22:31.400027 151297 model_handler.cpp:177] - backend 503253232: 12.4503
I1211 06:22:31.400038 151297 model_handler.cpp:182] Total throughput: 12.4503
I1211 06:22:41.401444 151297 frontend.cpp:315] Update model route for fake:fake_0:1:224x224:163
I1211 06:22:41.401520 151297 model_handler.cpp:177] - backend 503253232: 12.4503
I1211 06:22:41.401536 151297 model_handler.cpp:182] Total throughput: 12.4503
I1211 06:22:51.402858 151297 frontend.cpp:315] Update model route for fake:fake_0:1:224x224:163
I1211 06:22:51.402915 151297 model_handler.cpp:177] - backend 503253232: 12.4503
I1211 06:22:51.402927 151297 model_handler.cpp:182] Total throughput: 12.4503
I1211 06:23:01.404287 151297 frontend.cpp:315] Update model route for fake:fake_0:1:224x224:163
I1211 06:23:01.404338 151297 model_handler.cpp:177] - backend 503253232: 12.4503
I1211 06:23:01.404350 151297 model_handler.cpp:182] Total throughput: 12.4503
I1211 06:23:11.405616 151297 frontend.cpp:315] Update model route for fake:fake_0:1:224x224:163
I1211 06:23:11.405669 151297 model_handler.cpp:177] - backend 503253232: 12.4503
I1211 06:23:11.405679 151297 model_handler.cpp:182] Total throughput: 12.4503
I1211 06:23:21.407035 151297 frontend.cpp:315] Update model route for fake:fake_0:1:224x224:163
I1211 06:23:21.407083 151297 model_handler.cpp:177] - backend 503253232: 12.4503
I1211 06:23:21.407094 151297 model_handler.cpp:182] Total throughput: 12.4503
I1211 06:23:31.408237 151297 frontend.cpp:315] Update model route for fake:fake_0:1:224x224:163
I1211 06:23:31.408280 151297 model_handler.cpp:177] - backend 503253232: 12.4503
I1211 06:23:31.408290 151297 model_handler.cpp:182] Total throughput: 12.4503
I1211 06:23:41.409672 151297 frontend.cpp:315] Update model route for fake:fake_0:1:224x224:163
I1211 06:23:41.409737 151297 model_handler.cpp:177] - backend 503253232: 12.4503
I1211 06:23:41.409752 151297 model_handler.cpp:182] Total throughput: 12.4503
I1211 06:23:51.411648 151297 frontend.cpp:315] Update model route for fake:fake_0:1:224x224:163
I1211 06:23:51.411717 151297 model_handler.cpp:177] - backend 503253232: 6.22279
I1211 06:23:51.411733 151297 model_handler.cpp:182] Total throughput: 6.22279
I1211 06:24:01.413010 151297 frontend.cpp:315] Update model route for fake:fake_0:1:224x224:163
I1211 06:24:01.413055 151297 model_handler.cpp:177] - backend 503253232: 6.22279
I1211 06:24:01.413064 151297 model_handler.cpp:182] Total throughput: 6.22279
I1211 06:24:11.414304 151297 frontend.cpp:315] Update model route for fake:fake_0:1:224x224:163
I1211 06:24:11.414347 151297 model_handler.cpp:177] - backend 503253232: 6.22279
I1211 06:24:11.414368 151297 model_handler.cpp:182] Total throughput: 6.22279
I1211 06:24:14.590673 151291 connection.cpp:28] Connection Stop
I1211 06:24:14.591434 151297 frontend.cpp:315] Update model route for fake:fake_0:1:224x224:163
I1211 06:24:14.591467 151297 frontend.cpp:346] Remove backend 503253232
I1211 06:24:14.591509 151297 backend_pool.cpp:113] Remove backend 503253232
I1211 06:24:14.591532 151297 backend_pool.cpp:38] Disconnect to backend 503253232
I1211 06:24:14.591538 151297 connection.cpp:28] Connection Stop
I1211 06:24:14.591632 151297 model_handler.cpp:182] Total throughput: 0
*** Aborted at 1639203854 (unix time) try "date -d @1639203854" if you are using GNU date ***
PC: @                0x0 (unknown)
*** SIGFPE (@0x7efd69c19812) received by PID 151291 (TID 0x7efd6166a700) from PID 1774295058; stack trace: ***
    @     0x7efd692e5980 (unknown)
    @     0x7efd69c19812 nexus::app::ModelHandler::UpdateRoute()
    @     0x7efd69bf7301 nexus::app::Frontend::UpdateBackendPoolAndModelRoute()
    @     0x7efd69bf558f nexus::app::Frontend::UpdateModelRoutes()
    @     0x7efd69c354df _ZZN5nexus3app10RpcService10HandleRpcsEvENKUlRKN9grpc_impl13ServerContextERKNS_17ModelRouteUpdatesEPNS_8RpcReplyEE_clES5_S8_SA_
    @     0x7efd69c358cd _ZNSt17_Function_handlerIFvRKN9grpc_impl13ServerContextERKN5nexus17ModelRouteUpdatesEPNS4_8RpcReplyEEZNS4_3app10RpcService10HandleRpcsEvEUlS3_S7_S9_E_E9_M_invokeERKSt9_Any_dataS3_S7_OS9_
    @     0x7efd69c3bb54 std::function<>::operator()()
    @     0x7efd69c3aa7a nexus::app::UpdateModelRoutes_Call::Proceed()
E1211 06:24:14.595424 151291 frontend.cpp:285] Failed to connect to scheduler: Socket closed(14)
    @     0x7efd69c35646 nexus::app::RpcService::HandleRpcs()
    @     0x7efd69c0fe56 std::__invoke_impl<>()
    @     0x7efd69c0caf7 std::__invoke<>()
    @     0x7efd69c1571b _ZNSt6thread8_InvokerISt5tupleIJMN5nexus19AsyncRpcServiceBaseINS2_12FrontendCtrl33WithAsyncMethod_UpdateModelRoutesINS4_26WithAsyncMethod_CheckAliveINS4_7ServiceEEEEEEEFvvEPSA_EEE9_M_invokeIJLm0ELm1EEEEDTcl8__invokespcl10_S_declvalIXT_EEEEESt12_Index_tupleIJXspT_EEE
    @     0x7efd69c153be std::thread::_Invoker<>::operator()()
    @     0x7efd69c14a34 std::thread::_State_impl<>::_M_run()
    @     0x7efd690076df (unknown)
    @     0x7efd692da6db start_thread
    @     0x7efd68a6271f clone
    @                0x0 (unknown)
