INFO: nexus_dir=/workdir/nexus model_dir=/workdir/DynWork/Multimodal_Real_Dataset/Azure/translation/fsmt_wmt/5_x_P99/nexus/models log_dir=/workdir/DynWork/Multimodal_Real_Dataset/Azure/translation/fsmt_wmt/5_x_P99/nexus/logs model=fake_0
INFO: waiting frontend to spin up
INFO: ready to go
INFO: rock and roll
INFO: at 5.659 ms batch [35.198] delay 8.754 ms
INFO: at 5.659 ms fetching 35.198 ms
INFO: at 16.202 ms batch [37.984] delay 8.754 ms
INFO: at 16.202 ms fetching 37.984 ms
INFO: at 26.789 ms batch [36.453] delay 8.754 ms
INFO: at 26.789 ms fetching 36.453 ms
INFO: at 37.459 ms batch [35.061] delay 8.754 ms
INFO: at 37.459 ms fetching 35.061 ms
INFO: at 48.196 ms batch [35.389] delay 8.754 ms
INFO: at 48.196 ms fetching 35.389 ms
INFO: at 57.363 ms batch [34.949] delay 8.754 ms
INFO: at 57.363 ms fetching 34.949 ms
INFO: at 67.940 ms batch [5.286] delay 8.754 ms
INFO: at 67.940 ms fetching 5.286 ms
INFO: at 78.784 ms batch [36.593] delay 8.754 ms
INFO: at 78.784 ms fetching 36.593 ms
INFO: at 89.692 ms batch [4.365] delay 8.754 ms
INFO: at 89.692 ms fetching 4.365 ms
INFO: at 98.817 ms batch [4.450] delay 8.754 ms
INFO: at 98.817 ms fetching 4.450 ms
INFO: at 108.011 ms batch [4.678] delay 10.943 ms
INFO: at 108.011 ms fetching 4.678 ms
INFO: at 119.437 ms batch [4.368] delay 10.943 ms
INFO: at 119.437 ms fetching 4.368 ms
INFO: at 130.927 ms batch [4.225] delay 10.943 ms
INFO: at 130.927 ms fetching 4.225 ms
INFO: at 142.549 ms batch [35.944] delay 10.943 ms
INFO: at 142.549 ms fetching 35.944 ms
INFO: at 154.439 ms batch [4.759] delay 10.943 ms
INFO: at 154.439 ms fetching 4.759 ms
INFO: at 166.278 ms batch [37.200] delay 10.943 ms
INFO: at 166.278 ms fetching 37.200 ms
INFO: at 177.500 ms batch [34.994] delay 10.943 ms
INFO: at 177.500 ms fetching 34.994 ms
INFO: at 188.929 ms batch [37.320] delay 10.943 ms
INFO: at 188.929 ms fetching 37.320 ms
INFO: at 200.260 ms batch [4.648] delay 7.295 ms
INFO: at 200.260 ms fetching 4.648 ms
INFO: at 208.589 ms batch [5.265] delay 7.295 ms
INFO: at 208.589 ms fetching 5.265 ms
INFO: at 216.097 ms batch [36.658] delay 7.295 ms
INFO: at 216.097 ms fetching 36.658 ms
INFO: at 223.607 ms batch [4.738] delay 7.295 ms
INFO: at 223.607 ms fetching 4.738 ms
INFO: at 231.150 ms batch [33.544] delay 7.295 ms
INFO: at 231.150 ms fetching 33.544 ms
INFO: at 238.677 ms batch [37.913] delay 7.295 ms
INFO: at 238.677 ms fetching 37.913 ms
INFO: at 246.234 ms batch [3.828] delay 7.295 ms
INFO: at 246.234 ms fetching 3.828 ms
INFO: at 253.804 ms batch [30.583] delay 7.295 ms
INFO: at 253.804 ms fetching 30.583 ms
INFO: at 261.382 ms batch [38.056] delay 7.295 ms
INFO: at 261.382 ms fetching 38.056 ms
INFO: at 269.188 ms batch [35.645] delay 7.295 ms
INFO: at 269.188 ms fetching 35.645 ms
INFO: at 276.703 ms batch [5.665] delay 7.295 ms
INFO: at 276.703 ms fetching 5.665 ms
INFO: at 284.139 ms batch [32.890] delay 7.295 ms
INFO: at 284.139 ms fetching 32.890 ms
INFO: at 291.669 ms batch [35.875] delay 5.836 ms
INFO: at 291.669 ms fetching 35.875 ms
INFO: at 298.171 ms batch [3.745] delay 5.836 ms
INFO: at 298.171 ms fetching 3.745 ms
INFO: at 304.781 ms batch [4.770] delay 5.836 ms
INFO: at 304.781 ms fetching 4.770 ms
INFO: at 311.690 ms batch [5.564] delay 5.836 ms
INFO: at 311.690 ms fetching 5.564 ms
INFO: at 318.684 ms batch [34.838] delay 5.836 ms
INFO: at 318.684 ms fetching 34.838 ms
INFO: at 325.636 ms batch [4.959] delay 5.836 ms
INFO: at 325.636 ms fetching 4.959 ms
INFO: at 332.239 ms batch [35.542] delay 5.836 ms
INFO: at 332.239 ms fetching 35.542 ms
INFO: at 338.846 ms batch [33.978] delay 5.836 ms
INFO: at 338.846 ms fetching 33.978 ms
INFO: at 345.570 ms batch [35.233] delay 5.836 ms
INFO: at 345.570 ms fetching 35.233 ms
INFO: at 352.286 ms batch [32.948] delay 5.836 ms
INFO: at 352.286 ms fetching 32.948 ms
INFO: at 359.121 ms batch [36.049] delay 5.836 ms
INFO: at 359.121 ms fetching 36.049 ms
INFO: at 365.558 ms batch [34.400] delay 5.836 ms
INFO: at 365.558 ms fetching 34.400 ms
INFO: at 372.059 ms batch [37.451] delay 5.836 ms
INFO: at 372.059 ms fetching 37.451 ms
INFO: at 378.776 ms batch [3.894] delay 5.836 ms
INFO: at 378.776 ms fetching 3.894 ms
INFO: at 385.403 ms batch [34.130] delay 5.836 ms
INFO: at 385.403 ms fetching 34.130 ms
INFO: at 391.987 ms batch [4.825] delay 9.727 ms
INFO: at 391.987 ms fetching 4.825 ms
INFO: at 402.865 ms batch [4.253] delay 9.727 ms
INFO: at 402.865 ms fetching 4.253 ms
INFO: at 413.352 ms batch [4.917] delay 9.727 ms
INFO: at 413.352 ms fetching 4.917 ms
INFO: at 424.080 ms batch [5.936] delay 9.727 ms
INFO: at 424.080 ms fetching 5.936 ms
INFO: at 434.997 ms batch [36.002] delay 9.727 ms
INFO: at 434.997 ms fetching 36.002 ms
INFO: at 446.104 ms batch [35.165] delay 9.727 ms
INFO: at 446.104 ms fetching 35.165 ms
INFO: at 457.024 ms batch [4.970] delay 9.727 ms
INFO: at 457.024 ms fetching 4.970 ms
INFO: at 466.909 ms batch [36.804] delay 9.727 ms
INFO: at 466.909 ms fetching 36.804 ms
INFO: at 477.942 ms batch [4.221] delay 9.727 ms
INFO: at 477.942 ms fetching 4.221 ms
INFO: at 488.827 ms batch [36.110] delay 8.754 ms
INFO: at 488.827 ms fetching 36.110 ms
INFO: at 499.370 ms batch [35.028] delay 8.754 ms
INFO: at 499.370 ms fetching 35.028 ms
INFO: at 510.229 ms batch [34.244] delay 8.754 ms
INFO: at 510.229 ms fetching 34.244 ms
INFO: at 520.950 ms batch [34.777] delay 8.754 ms
INFO: at 520.950 ms fetching 34.777 ms
INFO: at 531.688 ms batch [4.033] delay 8.754 ms
INFO: at 531.688 ms fetching 4.033 ms
INFO: at 542.290 ms batch [36.747] delay 8.754 ms
INFO: at 542.290 ms fetching 36.747 ms
INFO: at 553.238 ms batch [4.240] delay 8.754 ms
INFO: at 553.238 ms fetching 4.240 ms
INFO: at 562.266 ms batch [34.159] delay 8.754 ms
INFO: at 562.266 ms fetching 34.159 ms
INFO: at 573.139 ms batch [4.243] delay 8.754 ms
INFO: at 573.139 ms fetching 4.243 ms
INFO: at 583.824 ms batch [4.442] delay 8.754 ms
INFO: at 583.824 ms fetching 4.442 ms
INFO: at 594.691 ms batch [4.809] delay 7.958 ms
INFO: at 594.691 ms fetching 4.809 ms
INFO: at 603.291 ms batch [37.651] delay 7.958 ms
INFO: at 603.291 ms fetching 37.651 ms
INFO: at 611.875 ms batch [33.403] delay 7.958 ms
INFO: at 611.875 ms fetching 33.403 ms
INFO: at 620.501 ms batch [5.031] delay 7.958 ms
INFO: at 620.501 ms fetching 5.031 ms
INFO: at 629.210 ms batch [36.634] delay 7.958 ms
INFO: at 629.210 ms fetching 36.634 ms
INFO: at 638.295 ms batch [5.350] delay 7.958 ms
INFO: at 638.295 ms fetching 5.350 ms
INFO: at 647.095 ms batch [37.096] delay 7.958 ms
INFO: at 647.095 ms fetching 37.096 ms
INFO: at 656.103 ms batch [31.789] delay 7.958 ms
INFO: at 656.103 ms fetching 31.789 ms
INFO: at 664.800 ms batch [37.775] delay 7.958 ms
INFO: at 664.800 ms fetching 37.775 ms
INFO: at 673.570 ms batch [3.943] delay 7.958 ms
INFO: at 673.570 ms fetching 3.943 ms
INFO: at 682.320 ms batch [5.147] delay 7.958 ms
INFO: at 682.320 ms fetching 5.147 ms
INFO: at 691.085 ms batch [34.186] delay 9.727 ms
INFO: at 691.085 ms fetching 34.186 ms
INFO: at 701.901 ms batch [36.346] delay 9.727 ms
INFO: at 701.901 ms fetching 36.346 ms
INFO: at 712.888 ms batch [4.597] delay 9.727 ms
INFO: at 712.888 ms fetching 4.597 ms
INFO: at 723.807 ms batch [5.369] delay 9.727 ms
INFO: at 723.807 ms fetching 5.369 ms
INFO: at 734.716 ms batch [33.259] delay 9.727 ms
INFO: at 734.716 ms fetching 33.259 ms
INFO: at 745.647 ms batch [3.233] delay 9.727 ms
INFO: at 745.647 ms fetching 3.233 ms
INFO: at 755.536 ms batch [34.422] delay 9.727 ms
INFO: at 755.536 ms fetching 34.422 ms
INFO: at 766.748 ms batch [39.247] delay 9.727 ms
INFO: at 766.748 ms fetching 39.247 ms
INFO: at 777.574 ms batch [4.973] delay 9.727 ms
INFO: at 777.574 ms fetching 4.973 ms
INFO: at 788.426 ms batch [5.396] delay 8.754 ms
INFO: at 788.426 ms fetching 5.396 ms
INFO: at 799.320 ms batch [35.472] delay 8.754 ms
INFO: at 799.320 ms fetching 35.472 ms
INFO: at 810.149 ms batch [37.033] delay 8.754 ms
INFO: at 810.149 ms fetching 37.033 ms
INFO: at 819.106 ms batch [38.288] delay 8.754 ms
INFO: at 819.106 ms fetching 38.288 ms
INFO: at 830.096 ms batch [5.841] delay 8.754 ms
INFO: at 830.096 ms fetching 5.841 ms
INFO: at 839.039 ms batch [33.320] delay 8.754 ms
INFO: at 839.039 ms fetching 33.320 ms
INFO: at 849.883 ms batch [34.940] delay 8.754 ms
INFO: at 849.883 ms fetching 34.940 ms
INFO: at 859.506 ms batch [37.421] delay 8.754 ms
INFO: at 859.506 ms fetching 37.421 ms
INFO: at 868.480 ms batch [31.310] delay 8.754 ms
INFO: at 868.480 ms fetching 31.310 ms
INFO: at 879.020 ms batch [3.650] delay 8.754 ms
INFO: at 879.020 ms fetching 3.650 ms
INFO: at 889.863 ms batch [4.888] delay 7.958 ms
INFO: at 889.863 ms fetching 4.888 ms
INFO: at 898.865 ms batch [36.573] delay 7.958 ms
INFO: at 898.865 ms fetching 36.573 ms
INFO: at 907.833 ms batch [5.154] delay 7.958 ms
INFO: at 907.833 ms fetching 5.154 ms
INFO: at 916.630 ms batch [36.705] delay 7.958 ms
INFO: at 916.630 ms fetching 36.705 ms
INFO: at 925.426 ms batch [4.205] delay 7.958 ms
INFO: at 925.426 ms fetching 4.205 ms
INFO: at 934.092 ms batch [33.473] delay 7.958 ms
INFO: at 934.092 ms fetching 33.473 ms
INFO: at 942.794 ms batch [3.781] delay 7.958 ms
INFO: at 942.794 ms fetching 3.781 ms
INFO: at 951.556 ms batch [4.842] delay 7.958 ms
INFO: at 951.556 ms fetching 4.842 ms
INFO: at 960.357 ms batch [4.792] delay 7.958 ms
INFO: at 960.357 ms fetching 4.792 ms
INFO: at 969.106 ms batch [4.118] delay 7.958 ms
INFO: at 969.106 ms fetching 4.118 ms
INFO: at 977.807 ms batch [4.346] delay 7.958 ms
INFO: at 977.807 ms fetching 4.346 ms
INFO: at 986.580 ms batch [37.158] delay 8.754 ms
INFO: at 986.580 ms fetching 37.158 ms
INFO: at 997.384 ms batch [4.987] delay 8.754 ms
INFO: at 997.384 ms fetching 4.987 ms
INFO: at 1007.976 ms batch [4.703] delay 8.754 ms
INFO: at 1007.976 ms fetching 4.703 ms
INFO: at 1018.560 ms batch [35.694] delay 8.754 ms
INFO: at 1018.560 ms fetching 35.694 ms
INFO: at 1029.378 ms batch [4.237] delay 8.754 ms
INFO: at 1029.378 ms fetching 4.237 ms
INFO: at 1040.061 ms batch [36.904] delay 8.754 ms
INFO: at 1040.061 ms fetching 36.904 ms
INFO: at 1050.980 ms batch [35.351] delay 8.754 ms
INFO: at 1050.980 ms fetching 35.351 ms
INFO: at 1060.724 ms batch [32.382] delay 8.754 ms
INFO: at 1060.724 ms fetching 32.382 ms
INFO: at 1071.333 ms batch [33.946] delay 8.754 ms
INFO: at 1071.333 ms fetching 33.946 ms
INFO: at 1081.915 ms batch [4.658] delay 8.754 ms
INFO: at 1081.915 ms fetching 4.658 ms
INFO: at 1092.712 ms batch [5.443] delay 7.295 ms
INFO: at 1092.712 ms fetching 5.443 ms
INFO: at 1100.602 ms batch [4.306] delay 7.295 ms
INFO: at 1100.602 ms fetching 4.306 ms
INFO: at 1108.272 ms batch [5.142] delay 7.295 ms
INFO: at 1108.272 ms fetching 5.142 ms
INFO: at 1116.164 ms batch [4.941] delay 7.295 ms
INFO: at 1116.164 ms fetching 4.941 ms
INFO: at 1123.985 ms batch [35.762] delay 7.295 ms
INFO: at 1123.985 ms fetching 35.762 ms
INFO: at 1131.601 ms batch [4.656] delay 7.295 ms
INFO: at 1131.601 ms fetching 4.656 ms
INFO: at 1139.258 ms batch [34.733] delay 7.295 ms
INFO: at 1139.258 ms fetching 34.733 ms
INFO: at 1146.977 ms batch [5.035] delay 7.295 ms
INFO: at 1146.977 ms fetching 5.035 ms
INFO: at 1154.993 ms batch [4.772] delay 7.295 ms
INFO: at 1154.993 ms fetching 4.772 ms
INFO: at 1163.339 ms batch [4.472] delay 7.295 ms
INFO: at 1163.339 ms fetching 4.472 ms
INFO: at 1171.159 ms batch [5.045] delay 7.295 ms
INFO: at 1171.159 ms fetching 5.045 ms
INFO: at 1178.793 ms batch [34.570] delay 7.295 ms
INFO: at 1178.793 ms fetching 34.570 ms
INFO: at 1186.332 ms batch [3.911] delay 8.754 ms
INFO: at 1186.332 ms fetching 3.911 ms
INFO: at 1197.033 ms batch [37.365] delay 8.754 ms
INFO: at 1197.033 ms fetching 37.365 ms
INFO: at 1207.728 ms batch [34.020] delay 8.754 ms
INFO: at 1207.728 ms fetching 34.020 ms
INFO: at 1218.403 ms batch [4.264] delay 8.754 ms
INFO: at 1218.403 ms fetching 4.264 ms
INFO: at 1229.204 ms batch [5.601] delay 8.754 ms
INFO: at 1229.204 ms fetching 5.601 ms
INFO: at 1238.157 ms batch [34.258] delay 8.754 ms
INFO: at 1238.157 ms fetching 34.258 ms
INFO: at 1247.152 ms batch [32.201] delay 8.754 ms
INFO: at 1247.152 ms fetching 32.201 ms
INFO: at 1256.584 ms batch [4.999] delay 8.754 ms
INFO: at 1256.584 ms fetching 4.999 ms
INFO: at 1265.544 ms batch [38.181] delay 8.754 ms
INFO: at 1265.544 ms fetching 38.181 ms
INFO: at 1276.438 ms batch [35.285] delay 8.754 ms
INFO: at 1276.438 ms fetching 35.285 ms
INFO: at 1287.095 ms batch [34.745] delay 7.958 ms
INFO: at 1287.095 ms fetching 34.745 ms
INFO: at 1295.794 ms batch [38.137] delay 7.958 ms
INFO: at 1295.794 ms fetching 38.137 ms
INFO: at 1304.757 ms batch [38.585] delay 7.958 ms
INFO: at 1304.757 ms fetching 38.585 ms
INFO: at 1313.366 ms batch [5.098] delay 7.958 ms
INFO: at 1313.366 ms fetching 5.098 ms
INFO: at 1322.174 ms batch [4.132] delay 7.958 ms
INFO: at 1322.174 ms fetching 4.132 ms
INFO: at 1331.192 ms batch [38.229] delay 7.958 ms
INFO: at 1331.192 ms fetching 38.229 ms
INFO: at 1339.952 ms batch [4.209] delay 7.958 ms
INFO: at 1339.952 ms fetching 4.209 ms
INFO: at 1348.172 ms batch [4.003] delay 7.958 ms
INFO: at 1348.172 ms fetching 4.003 ms
INFO: at 1357.204 ms batch [34.802] delay 7.958 ms
INFO: at 1357.204 ms fetching 34.802 ms
INFO: at 1365.874 ms batch [37.381] delay 7.958 ms
INFO: at 1365.874 ms fetching 37.381 ms
INFO: at 1374.684 ms batch [4.947] delay 7.958 ms
INFO: at 1374.684 ms fetching 4.947 ms
INFO: at 1383.560 ms batch [36.366] delay 9.727 ms
INFO: at 1383.560 ms fetching 36.366 ms
INFO: at 1394.437 ms batch [34.388] delay 9.727 ms
INFO: at 1394.437 ms fetching 34.388 ms
INFO: at 1405.509 ms batch [33.900] delay 9.727 ms
INFO: at 1405.509 ms fetching 33.900 ms
INFO: at 1416.541 ms batch [33.302] delay 9.727 ms
INFO: at 1416.541 ms fetching 33.302 ms
INFO: at 1427.397 ms batch [37.588] delay 9.727 ms
INFO: at 1427.397 ms fetching 37.588 ms
INFO: at 1438.495 ms batch [38.094] delay 9.727 ms
INFO: at 1438.495 ms fetching 38.094 ms
INFO: at 1449.385 ms batch [35.953] delay 9.727 ms
INFO: at 1449.385 ms fetching 35.953 ms
INFO: at 1459.933 ms batch [4.261] delay 9.727 ms
INFO: at 1459.933 ms fetching 4.261 ms
INFO: at 1470.558 ms batch [34.886] delay 9.727 ms
INFO: at 1470.558 ms fetching 34.886 ms
INFO: at 1481.262 ms batch [4.249] delay 6.734 ms
INFO: at 1481.262 ms fetching 4.249 ms
INFO: at 1489.192 ms batch [38.506] delay 6.734 ms
INFO: at 1489.192 ms fetching 38.506 ms
INFO: at 1496.229 ms batch [34.472] delay 6.734 ms
INFO: at 1496.229 ms fetching 34.472 ms
INFO: at 1503.176 ms batch [4.092] delay 6.734 ms
INFO: at 1503.176 ms fetching 4.092 ms
INFO: at 1510.803 ms batch [40.509] delay 6.734 ms
INFO: at 1510.803 ms fetching 40.509 ms
INFO: at 1518.347 ms batch [5.168] delay 6.734 ms
INFO: at 1518.347 ms fetching 5.168 ms
INFO: at 1525.955 ms batch [36.303] delay 6.734 ms
INFO: at 1525.955 ms fetching 36.303 ms
INFO: at 1533.672 ms batch [34.286] delay 6.734 ms
INFO: at 1533.672 ms fetching 34.286 ms
INFO: at 1541.428 ms batch [3.957] delay 6.734 ms
INFO: at 1541.428 ms fetching 3.957 ms
INFO: at 1548.319 ms batch [5.180] delay 6.734 ms
INFO: at 1548.319 ms fetching 5.180 ms
INFO: at 1555.918 ms batch [34.767] delay 6.734 ms
INFO: at 1555.918 ms fetching 34.767 ms
INFO: at 1563.454 ms batch [4.893] delay 6.734 ms
INFO: at 1563.454 ms fetching 4.893 ms
INFO: at 1571.008 ms batch [5.021] delay 6.734 ms
INFO: at 1571.008 ms fetching 5.021 ms
INFO: at 1578.660 ms batch [33.826] delay 9.727 ms
INFO: at 1578.660 ms fetching 33.826 ms
INFO: at 1589.488 ms batch [34.172] delay 9.727 ms
INFO: at 1589.488 ms fetching 34.172 ms
INFO: at 1600.293 ms batch [37.665] delay 9.727 ms
INFO: at 1600.293 ms fetching 37.665 ms
INFO: at 1611.151 ms batch [36.853] delay 9.727 ms
INFO: at 1611.151 ms fetching 36.853 ms
INFO: at 1621.738 ms batch [35.963] delay 9.727 ms
INFO: at 1621.738 ms fetching 35.963 ms
INFO: at 1632.444 ms batch [35.636] delay 9.727 ms
INFO: at 1632.444 ms fetching 35.636 ms
INFO: at 1643.119 ms batch [32.601] delay 9.727 ms
INFO: at 1643.119 ms fetching 32.601 ms
INFO: at 1653.843 ms batch [4.817] delay 9.727 ms
INFO: at 1653.843 ms fetching 4.817 ms
INFO: at 1665.183 ms batch [36.529] delay 9.727 ms
INFO: at 1665.183 ms fetching 36.529 ms
INFO: at 1676.160 ms batch [4.377] delay 14.590 ms
INFO: at 1676.160 ms fetching 4.377 ms
INFO: at 1691.117 ms batch [4.582] delay 14.590 ms
INFO: at 1691.117 ms fetching 4.582 ms
INFO: at 1706.346 ms batch [45.531] delay 14.590 ms
INFO: at 1706.346 ms fetching 45.531 ms
INFO: at 1721.234 ms batch [3.688] delay 14.590 ms
INFO: at 1721.234 ms fetching 3.688 ms
INFO: at 1736.341 ms batch [35.104] delay 14.590 ms
INFO: at 1736.341 ms fetching 35.104 ms
INFO: at 1751.439 ms batch [4.470] delay 14.590 ms
INFO: at 1751.439 ms fetching 4.470 ms
INFO: at 1766.580 ms batch [38.117] delay 9.727 ms
INFO: at 1766.580 ms fetching 38.117 ms
INFO: at 1777.596 ms batch [4.309] delay 9.727 ms
INFO: at 1777.596 ms fetching 4.309 ms
INFO: at 1788.639 ms batch [36.398] delay 9.727 ms
INFO: at 1788.639 ms fetching 36.398 ms
INFO: at 1799.895 ms batch [5.158] delay 9.727 ms
INFO: at 1799.895 ms fetching 5.158 ms
INFO: at 1810.915 ms batch [38.429] delay 9.727 ms
INFO: at 1810.915 ms fetching 38.429 ms
INFO: at 1821.484 ms batch [34.675] delay 9.727 ms
INFO: at 1821.484 ms fetching 34.675 ms
INFO: at 1832.296 ms batch [4.718] delay 9.727 ms
INFO: at 1832.296 ms fetching 4.718 ms
INFO: at 1842.966 ms batch [34.688] delay 9.727 ms
INFO: at 1842.966 ms fetching 34.688 ms
INFO: at 1852.826 ms batch [5.113] delay 9.727 ms
INFO: at 1852.826 ms fetching 5.113 ms
INFO: at 1863.597 ms batch [36.387] delay 9.727 ms
INFO: at 1863.597 ms fetching 36.387 ms
INFO: at 1874.118 ms batch [3.936] delay 9.727 ms
INFO: at 1874.118 ms fetching 3.936 ms
INFO: at 1884.951 ms batch [4.915] delay 9.727 ms
INFO: at 1884.951 ms fetching 4.915 ms
INFO: at 1896.000 ms batch [3.963] delay 9.727 ms
INFO: at 1896.000 ms fetching 3.963 ms
INFO: at 1906.748 ms batch [5.012] delay 9.727 ms
INFO: at 1906.748 ms fetching 5.012 ms
INFO: at 1917.553 ms batch [34.350] delay 9.727 ms
INFO: at 1917.553 ms fetching 34.350 ms
INFO: at 1928.548 ms batch [37.393] delay 9.727 ms
INFO: at 1928.548 ms fetching 37.393 ms
INFO: at 1939.454 ms batch [5.319] delay 9.727 ms
INFO: at 1939.454 ms fetching 5.319 ms
INFO: at 1950.352 ms batch [4.312] delay 9.727 ms
INFO: at 1950.352 ms fetching 4.312 ms
INFO: at 1961.347 ms batch [40.980] delay 14.590 ms
INFO: at 1961.347 ms fetching 40.980 ms
INFO: at 1976.677 ms batch [4.461] delay 14.590 ms
INFO: at 1976.677 ms fetching 4.461 ms
INFO: at 1992.457 ms batch [4.814] delay 14.590 ms
INFO: at 1992.457 ms fetching 4.814 ms
INFO: at 2008.240 ms batch [35.532] delay 14.590 ms
INFO: at 2008.240 ms fetching 35.532 ms
INFO: at 2023.011 ms batch [30.221] delay 14.590 ms
INFO: at 2023.011 ms fetching 30.221 ms
INFO: at 2038.659 ms batch [38.700] delay 14.590 ms
INFO: at 2038.659 ms fetching 38.700 ms
INFO: at 2053.506 ms batch [33.363] delay 7.958 ms
INFO: at 2053.506 ms fetching 33.363 ms
INFO: at 2062.382 ms batch [4.636] delay 7.958 ms
INFO: at 2062.382 ms fetching 4.636 ms
INFO: at 2071.451 ms batch [4.874] delay 7.958 ms
INFO: at 2071.451 ms fetching 4.874 ms
INFO: at 2079.857 ms batch [36.916] delay 7.958 ms
INFO: at 2079.857 ms fetching 36.916 ms
INFO: at 2088.511 ms batch [4.464] delay 7.958 ms
INFO: at 2088.511 ms fetching 4.464 ms
INFO: at 2097.148 ms batch [33.886] delay 7.958 ms
INFO: at 2097.148 ms fetching 33.886 ms
INFO: at 2105.782 ms batch [36.583] delay 7.958 ms
INFO: at 2105.782 ms fetching 36.583 ms
INFO: at 2114.494 ms batch [32.040] delay 7.958 ms
INFO: at 2114.494 ms fetching 32.040 ms
INFO: at 2123.298 ms batch [3.985] delay 7.958 ms
INFO: at 2123.298 ms fetching 3.985 ms
INFO: at 2131.914 ms batch [4.086] delay 7.958 ms
INFO: at 2131.914 ms fetching 4.086 ms
INFO: at 2140.469 ms batch [3.349] delay 7.958 ms
INFO: at 2140.469 ms fetching 3.349 ms
INFO: at 2149.053 ms batch [5.451] delay 8.754 ms
INFO: at 2149.053 ms fetching 5.451 ms
INFO: at 2159.885 ms batch [4.405] delay 8.754 ms
INFO: at 2159.885 ms fetching 4.405 ms
INFO: at 2170.214 ms batch [39.204] delay 8.754 ms
INFO: at 2170.214 ms fetching 39.204 ms
INFO: at 2179.167 ms batch [4.498] delay 8.754 ms
INFO: at 2179.167 ms fetching 4.498 ms
INFO: at 2189.932 ms batch [4.838] delay 8.754 ms
INFO: at 2189.932 ms fetching 4.838 ms
INFO: at 2200.674 ms batch [36.604] delay 8.754 ms
INFO: at 2200.674 ms fetching 36.604 ms
INFO: at 2211.490 ms batch [4.762] delay 8.754 ms
INFO: at 2211.490 ms fetching 4.762 ms
INFO: at 2222.326 ms batch [4.022] delay 8.754 ms
INFO: at 2222.326 ms fetching 4.022 ms
INFO: at 2231.297 ms batch [38.862] delay 8.754 ms
INFO: at 2231.297 ms fetching 38.862 ms
INFO: at 2242.117 ms batch [36.890] delay 8.754 ms
INFO: at 2242.117 ms fetching 36.890 ms
INFO: at 2252.976 ms batch [4.187] delay 7.958 ms
INFO: at 2252.976 ms fetching 4.187 ms
INFO: at 2261.484 ms batch [5.066] delay 7.958 ms
INFO: at 2261.484 ms fetching 5.066 ms
INFO: at 2270.116 ms batch [35.522] delay 7.958 ms
INFO: at 2270.116 ms fetching 35.522 ms
INFO: at 2278.838 ms batch [37.071] delay 7.958 ms
INFO: at 2278.838 ms fetching 37.071 ms
INFO: at 2287.488 ms batch [35.461] delay 7.958 ms
INFO: at 2287.488 ms fetching 35.461 ms
INFO: at 2296.218 ms batch [36.069] delay 7.958 ms
INFO: at 2296.218 ms fetching 36.069 ms
INFO: at 2304.847 ms batch [2.579] delay 7.958 ms
INFO: at 2304.847 ms fetching 2.579 ms
INFO: at 2313.453 ms batch [34.232] delay 7.958 ms
INFO: at 2313.453 ms fetching 34.232 ms
INFO: at 2322.099 ms batch [5.403] delay 7.958 ms
INFO: at 2322.099 ms fetching 5.403 ms
INFO: at 2330.861 ms batch [34.524] delay 7.958 ms
INFO: at 2330.861 ms fetching 34.524 ms
INFO: at 2339.349 ms batch [37.059] delay 7.958 ms
INFO: at 2339.349 ms fetching 37.059 ms
INFO: at 2347.989 ms batch [4.271] delay 7.958 ms
INFO: at 2347.989 ms fetching 4.271 ms
INFO: at 2356.707 ms batch [36.255] delay 7.958 ms
INFO: at 2356.707 ms fetching 36.255 ms
INFO: at 2365.332 ms batch [33.421] delay 7.958 ms
INFO: at 2365.332 ms fetching 33.421 ms
INFO: at 2373.592 ms batch [4.114] delay 7.958 ms
INFO: at 2373.592 ms fetching 4.114 ms
INFO: at 2382.713 ms batch [36.225] delay 7.958 ms
INFO: at 2382.713 ms fetching 36.225 ms
INFO: at 2391.592 ms batch [35.675] delay 7.958 ms
INFO: at 2391.592 ms fetching 35.675 ms
INFO: at 2400.319 ms batch [4.754] delay 7.958 ms
INFO: at 2400.319 ms fetching 4.754 ms
INFO: at 2408.962 ms batch [4.748] delay 7.958 ms
INFO: at 2408.962 ms fetching 4.748 ms
INFO: at 2417.734 ms batch [34.641] delay 7.958 ms
INFO: at 2417.734 ms fetching 34.641 ms
INFO: at 2426.539 ms batch [35.983] delay 7.958 ms
INFO: at 2426.539 ms fetching 35.983 ms
INFO: at 2435.311 ms batch [4.923] delay 7.958 ms
INFO: at 2435.311 ms fetching 4.923 ms
INFO: at 2444.174 ms batch [35.721] delay 6.253 ms
INFO: at 2444.174 ms fetching 35.721 ms
INFO: at 2450.962 ms batch [4.201] delay 6.253 ms
INFO: at 2450.962 ms fetching 4.201 ms
INFO: at 2457.780 ms batch [5.236] delay 6.253 ms
INFO: at 2457.780 ms fetching 5.236 ms
INFO: at 2464.398 ms batch [4.962] delay 6.253 ms
INFO: at 2464.398 ms fetching 4.962 ms
INFO: at 2471.031 ms batch [4.360] delay 6.253 ms
INFO: at 2471.031 ms fetching 4.360 ms
INFO: at 2477.730 ms batch [4.562] delay 6.253 ms
INFO: at 2477.730 ms fetching 4.562 ms
INFO: at 2484.486 ms batch [4.509] delay 6.253 ms
INFO: at 2484.486 ms fetching 4.509 ms
INFO: at 2490.937 ms batch [33.696] delay 6.253 ms
INFO: at 2490.937 ms fetching 33.696 ms
INFO: at 2497.595 ms batch [39.405] delay 6.253 ms
INFO: at 2497.595 ms fetching 39.405 ms
INFO: at 2504.283 ms batch [35.082] delay 6.253 ms
INFO: at 2504.283 ms fetching 35.082 ms
INFO: at 2511.020 ms batch [5.109] delay 6.253 ms
INFO: at 2511.020 ms fetching 5.109 ms
INFO: at 2517.758 ms batch [4.877] delay 6.253 ms
INFO: at 2517.758 ms fetching 4.877 ms
INFO: at 2524.492 ms batch [35.793] delay 6.253 ms
INFO: at 2524.492 ms fetching 35.793 ms
INFO: at 2531.103 ms batch [3.838] delay 6.253 ms
INFO: at 2531.103 ms fetching 3.838 ms
INFO: at 2537.891 ms batch [4.693] delay 8.754 ms
INFO: at 2537.891 ms fetching 4.693 ms
INFO: at 2546.902 ms batch [37.806] delay 8.754 ms
INFO: at 2546.902 ms fetching 37.806 ms
INFO: at 2555.835 ms batch [4.425] delay 8.754 ms
INFO: at 2555.835 ms fetching 4.425 ms
INFO: at 2564.807 ms batch [38.641] delay 8.754 ms
INFO: at 2564.807 ms fetching 38.641 ms
INFO: at 2574.272 ms batch [4.798] delay 8.754 ms
INFO: at 2574.272 ms fetching 4.798 ms
INFO: at 2585.091 ms batch [4.848] delay 8.754 ms
INFO: at 2585.091 ms fetching 4.848 ms
INFO: at 2595.902 ms batch [34.050] delay 8.754 ms
INFO: at 2595.902 ms fetching 34.050 ms
INFO: at 2606.716 ms batch [36.510] delay 8.754 ms
INFO: at 2606.716 ms fetching 36.510 ms
INFO: at 2615.650 ms batch [35.334] delay 8.754 ms
INFO: at 2615.650 ms fetching 35.334 ms
INFO: at 2626.372 ms batch [4.619] delay 8.754 ms
INFO: at 2626.372 ms fetching 4.619 ms
INFO: at 2637.146 ms batch [3.903] delay 7.295 ms
INFO: at 2637.146 ms fetching 3.903 ms
INFO: at 2645.162 ms batch [33.625] delay 7.295 ms
INFO: at 2645.162 ms fetching 33.625 ms
INFO: at 2653.330 ms batch [32.569] delay 7.295 ms
INFO: at 2653.330 ms fetching 32.569 ms
INFO: at 2660.830 ms batch [31.045] delay 7.295 ms
INFO: at 2660.830 ms fetching 31.045 ms
INFO: at 2668.604 ms batch [4.070] delay 7.295 ms
INFO: at 2668.604 ms fetching 4.070 ms
INFO: at 2676.388 ms batch [4.830] delay 7.295 ms
INFO: at 2676.388 ms fetching 4.830 ms
INFO: at 2684.242 ms batch [40.722] delay 7.295 ms
INFO: at 2684.242 ms fetching 40.722 ms
INFO: at 2692.062 ms batch [5.332] delay 7.295 ms
INFO: at 2692.062 ms fetching 5.332 ms
INFO: at 2699.792 ms batch [35.753] delay 7.295 ms
INFO: at 2699.792 ms fetching 35.753 ms
INFO: at 2707.479 ms batch [4.386] delay 7.295 ms
INFO: at 2707.479 ms fetching 4.386 ms
INFO: at 2715.001 ms batch [4.782] delay 7.295 ms
INFO: at 2715.001 ms fetching 4.782 ms
INFO: at 2722.708 ms batch [4.885] delay 7.295 ms
INFO: at 2722.708 ms fetching 4.885 ms
INFO: at 2730.577 ms batch [5.255] delay 8.754 ms
INFO: at 2730.577 ms fetching 5.255 ms
INFO: at 2741.475 ms batch [40.368] delay 8.754 ms
INFO: at 2741.475 ms fetching 40.368 ms
INFO: at 2752.246 ms batch [35.935] delay 8.754 ms
INFO: at 2752.246 ms fetching 35.935 ms
INFO: at 2762.733 ms batch [5.200] delay 8.754 ms
INFO: at 2762.733 ms fetching 5.200 ms
INFO: at 2772.482 ms batch [34.961] delay 8.754 ms
INFO: at 2772.482 ms fetching 34.961 ms
INFO: at 2783.188 ms batch [5.363] delay 8.754 ms
INFO: at 2783.188 ms fetching 5.363 ms
INFO: at 2793.922 ms batch [5.419] delay 8.754 ms
INFO: at 2793.922 ms fetching 5.419 ms
INFO: at 2802.945 ms batch [33.963] delay 8.754 ms
INFO: at 2802.945 ms fetching 33.963 ms
INFO: at 2812.157 ms batch [37.932] delay 8.754 ms
INFO: at 2812.157 ms fetching 37.932 ms
INFO: at 2822.961 ms batch [34.604] delay 8.754 ms
INFO: at 2822.961 ms fetching 34.604 ms
INFO: at 2831.925 ms batch [38.454] delay 9.727 ms
INFO: at 2831.925 ms fetching 38.454 ms
INFO: at 2842.858 ms batch [35.441] delay 9.727 ms
INFO: at 2842.858 ms fetching 35.441 ms
INFO: at 2853.962 ms batch [33.858] delay 9.727 ms
INFO: at 2853.962 ms fetching 33.858 ms
INFO: at 2864.971 ms batch [4.670] delay 9.727 ms
INFO: at 2864.971 ms fetching 4.670 ms
INFO: at 2875.185 ms batch [32.105] delay 9.727 ms
INFO: at 2875.185 ms fetching 32.105 ms
INFO: at 2885.841 ms batch [29.213] delay 9.727 ms
INFO: at 2885.841 ms fetching 29.213 ms
INFO: at 2896.682 ms batch [36.927] delay 9.727 ms
INFO: at 2896.682 ms fetching 36.927 ms
INFO: at 2907.545 ms batch [4.388] delay 9.727 ms
INFO: at 2907.545 ms fetching 4.388 ms
INFO: at 2918.147 ms batch [4.723] delay 9.727 ms
INFO: at 2918.147 ms fetching 4.723 ms
INFO: at 2928.978 ms batch [3.572] delay 10.943 ms
INFO: at 2928.978 ms fetching 3.572 ms
INFO: at 2940.873 ms batch [4.572] delay 10.943 ms
INFO: at 2940.873 ms fetching 4.572 ms
INFO: at 2952.798 ms batch [5.281] delay 10.943 ms
INFO: at 2952.798 ms fetching 5.281 ms
INFO: at 2964.797 ms batch [4.862] delay 10.943 ms
INFO: at 2964.797 ms fetching 4.862 ms
INFO: at 2976.794 ms batch [4.570] delay 10.943 ms
INFO: at 2976.794 ms fetching 4.570 ms
INFO: at 2988.701 ms batch [39.045] delay 10.943 ms
INFO: at 2988.701 ms fetching 39.045 ms
INFO: at 3000.380 ms batch [35.276] delay 10.943 ms
INFO: at 3000.380 ms fetching 35.276 ms
INFO: at 3012.302 ms batch [5.212] delay 10.943 ms
INFO: at 3012.302 ms fetching 5.212 ms
INFO: at 3024.059 ms batch [32.858] delay 12.506 ms
INFO: at 3024.059 ms fetching 32.858 ms
INFO: at 3036.754 ms batch [37.225] delay 12.506 ms
INFO: at 3036.754 ms fetching 37.225 ms
INFO: at 3049.616 ms batch [4.767] delay 12.506 ms
INFO: at 3049.616 ms fetching 4.767 ms
INFO: at 3062.858 ms batch [5.195] delay 12.506 ms
INFO: at 3062.858 ms fetching 5.195 ms
INFO: at 3075.996 ms batch [4.358] delay 12.506 ms
INFO: at 3075.996 ms fetching 4.358 ms
INFO: at 3088.717 ms batch [4.579] delay 12.506 ms
INFO: at 3088.717 ms fetching 4.579 ms
INFO: at 3101.460 ms batch [4.148] delay 12.506 ms
INFO: at 3101.460 ms fetching 4.148 ms
INFO: at 3114.289 ms batch [4.431] delay 9.727 ms
INFO: at 3114.289 ms fetching 4.431 ms
INFO: at 3124.982 ms batch [34.699] delay 9.727 ms
INFO: at 3124.982 ms fetching 34.699 ms
INFO: at 3135.752 ms batch [5.356] delay 9.727 ms
INFO: at 3135.752 ms fetching 5.356 ms
INFO: at 3146.461 ms batch [37.118] delay 9.727 ms
INFO: at 3146.461 ms fetching 37.118 ms
INFO: at 3157.343 ms batch [4.546] delay 9.727 ms
INFO: at 3157.343 ms fetching 4.546 ms
INFO: at 3168.272 ms batch [35.482] delay 9.727 ms
INFO: at 3168.272 ms fetching 35.482 ms
INFO: at 3178.713 ms batch [4.475] delay 9.727 ms
INFO: at 3178.713 ms fetching 4.475 ms
INFO: at 3189.539 ms batch [4.600] delay 9.727 ms
INFO: at 3189.539 ms fetching 4.600 ms
INFO: at 3200.361 ms batch [37.874] delay 9.727 ms
INFO: at 3200.361 ms fetching 37.874 ms
INFO: at 3211.226 ms batch [5.705] delay 12.506 ms
INFO: at 3211.226 ms fetching 5.705 ms
INFO: at 3225.808 ms batch [36.551] delay 12.506 ms
INFO: at 3225.808 ms fetching 36.551 ms
INFO: at 3238.692 ms batch [32.334] delay 12.506 ms
INFO: at 3238.692 ms fetching 32.334 ms
INFO: at 3253.332 ms batch [4.777] delay 12.506 ms
INFO: at 3253.332 ms fetching 4.777 ms
INFO: at 3266.093 ms batch [37.291] delay 12.506 ms
INFO: at 3266.093 ms fetching 37.291 ms
INFO: at 3278.855 ms batch [37.858] delay 12.506 ms
INFO: at 3278.855 ms fetching 37.858 ms
INFO: at 3291.817 ms batch [4.081] delay 12.506 ms
INFO: at 3291.817 ms fetching 4.081 ms
INFO: at 3306.406 ms batch [4.217] delay 7.295 ms
INFO: at 3306.406 ms fetching 4.217 ms
INFO: at 3314.063 ms batch [33.056] delay 7.295 ms
INFO: at 3314.063 ms fetching 33.056 ms
INFO: at 3321.773 ms batch [37.743] delay 7.295 ms
INFO: at 3321.773 ms fetching 37.743 ms
INFO: at 3329.509 ms batch [38.335] delay 7.295 ms
INFO: at 3329.509 ms fetching 38.335 ms
INFO: at 3337.285 ms batch [37.082] delay 7.295 ms
INFO: at 3337.285 ms fetching 37.082 ms
INFO: at 3344.883 ms batch [35.684] delay 7.295 ms
INFO: at 3344.883 ms fetching 35.684 ms
INFO: at 3352.375 ms batch [35.420] delay 7.295 ms
INFO: at 3352.375 ms fetching 35.420 ms
INFO: at 3359.931 ms batch [4.190] delay 7.295 ms
INFO: at 3359.931 ms fetching 4.190 ms
INFO: at 3367.548 ms batch [36.681] delay 7.295 ms
INFO: at 3367.548 ms fetching 36.681 ms
INFO: at 3375.162 ms batch [35.176] delay 7.295 ms
INFO: at 3375.162 ms fetching 35.176 ms
INFO: at 3382.783 ms batch [36.151] delay 7.295 ms
INFO: at 3382.783 ms fetching 36.151 ms
INFO: at 3390.534 ms batch [4.779] delay 7.295 ms
INFO: at 3390.534 ms fetching 4.779 ms
INFO: at 3398.267 ms batch [36.091] delay 9.727 ms
INFO: at 3398.267 ms fetching 36.091 ms
INFO: at 3409.113 ms batch [4.757] delay 9.727 ms
INFO: at 3409.113 ms fetching 4.757 ms
INFO: at 3419.782 ms batch [36.757] delay 9.727 ms
INFO: at 3419.782 ms fetching 36.757 ms
INFO: at 3430.675 ms batch [5.055] delay 9.727 ms
INFO: at 3430.675 ms fetching 5.055 ms
INFO: at 3441.603 ms batch [32.690] delay 9.727 ms
INFO: at 3441.603 ms fetching 32.690 ms
INFO: at 3452.156 ms batch [5.298] delay 9.727 ms
INFO: at 3452.156 ms fetching 5.298 ms
INFO: at 3462.909 ms batch [4.668] delay 9.727 ms
INFO: at 3462.909 ms fetching 4.668 ms
INFO: at 3473.670 ms batch [35.369] delay 9.727 ms
INFO: at 3473.670 ms fetching 35.369 ms
INFO: at 3484.248 ms batch [34.616] delay 9.727 ms
INFO: at 3484.248 ms fetching 34.616 ms
INFO: at 3494.736 ms batch [5.575] delay 9.727 ms
INFO: at 3494.736 ms fetching 5.575 ms
INFO: at 3505.150 ms batch [4.340] delay 9.727 ms
INFO: at 3505.150 ms fetching 4.340 ms
INFO: at 3515.547 ms batch [37.185] delay 9.727 ms
INFO: at 3515.547 ms fetching 37.185 ms
INFO: at 3526.065 ms batch [37.130] delay 9.727 ms
INFO: at 3526.065 ms fetching 37.130 ms
INFO: at 3536.492 ms batch [5.105] delay 9.727 ms
INFO: at 3536.492 ms fetching 5.105 ms
INFO: at 3546.888 ms batch [4.318] delay 9.727 ms
INFO: at 3546.888 ms fetching 4.318 ms
INFO: at 3557.322 ms batch [33.030] delay 9.727 ms
INFO: at 3557.322 ms fetching 33.030 ms
INFO: at 3567.750 ms batch [3.927] delay 9.727 ms
INFO: at 3567.750 ms fetching 3.927 ms
INFO: at 3578.468 ms batch [36.130] delay 9.727 ms
INFO: at 3578.468 ms fetching 36.130 ms
INFO: at 3589.037 ms batch [4.504] delay 10.943 ms
INFO: at 3589.037 ms fetching 4.504 ms
INFO: at 3600.494 ms batch [4.549] delay 10.943 ms
INFO: at 3600.494 ms fetching 4.549 ms
INFO: at 3611.878 ms batch [4.055] delay 10.943 ms
INFO: at 3611.878 ms fetching 4.055 ms
INFO: at 3623.292 ms batch [34.324] delay 10.943 ms
INFO: at 3623.292 ms fetching 34.324 ms
INFO: at 3634.726 ms batch [33.384] delay 10.943 ms
INFO: at 3634.726 ms fetching 33.384 ms
INFO: at 3646.214 ms batch [3.919] delay 10.943 ms
INFO: at 3646.214 ms fetching 3.919 ms
INFO: at 3657.643 ms batch [36.315] delay 10.943 ms
INFO: at 3657.643 ms fetching 36.315 ms
INFO: at 3668.872 ms batch [35.145] delay 10.943 ms
INFO: at 3668.872 ms fetching 35.145 ms
INFO: at 3681.130 ms batch [5.276] delay 10.943 ms
INFO: at 3681.130 ms fetching 5.276 ms
INFO: at 3692.554 ms batch [4.850] delay 10.943 ms
INFO: at 3692.554 ms fetching 4.850 ms
INFO: at 3703.951 ms batch [37.481] delay 10.943 ms
INFO: at 3703.951 ms fetching 37.481 ms
INFO: at 3715.368 ms batch [5.132] delay 10.943 ms
INFO: at 3715.368 ms fetching 5.132 ms
INFO: at 3726.850 ms batch [4.912] delay 10.943 ms
INFO: at 3726.850 ms fetching 4.912 ms
INFO: at 3738.327 ms batch [5.308] delay 10.943 ms
INFO: at 3738.327 ms fetching 5.308 ms
INFO: at 3749.743 ms batch [4.806] delay 10.943 ms
INFO: at 3749.743 ms fetching 4.806 ms
INFO: at 3761.157 ms batch [35.004] delay 10.943 ms
INFO: at 3761.157 ms fetching 35.004 ms
INFO: at 3773.025 ms batch [35.115] delay 3.019 ms
INFO: at 3773.025 ms fetching 35.115 ms
INFO: at 3776.578 ms batch [4.383] delay 3.019 ms
INFO: at 3776.578 ms fetching 4.383 ms
INFO: at 3779.971 ms batch [37.950] delay 3.019 ms
INFO: at 3779.971 ms fetching 37.950 ms
INFO: at 3783.435 ms batch [4.065] delay 3.019 ms
INFO: at 3783.435 ms fetching 4.065 ms
INFO: at 3786.926 ms batch [36.879] delay 3.019 ms
INFO: at 3786.926 ms fetching 36.879 ms
INFO: at 3790.431 ms batch [4.246] delay 3.019 ms
INFO: at 3790.431 ms fetching 4.246 ms
INFO: at 3793.932 ms batch [4.166] delay 3.019 ms
INFO: at 3793.932 ms fetching 4.166 ms
INFO: at 3797.411 ms batch [5.776] delay 3.019 ms
INFO: at 3797.411 ms fetching 5.776 ms
INFO: at 3800.881 ms batch [35.924] delay 3.019 ms
INFO: at 3800.881 ms fetching 35.924 ms
INFO: at 3804.316 ms batch [4.672] delay 3.019 ms
INFO: at 3804.316 ms fetching 4.672 ms
INFO: at 3807.740 ms batch [4.812] delay 3.019 ms
INFO: at 3807.740 ms fetching 4.812 ms
INFO: at 3811.203 ms batch [4.535] delay 3.019 ms
INFO: at 3811.203 ms fetching 4.535 ms
INFO: at 3814.661 ms batch [36.295] delay 3.019 ms
INFO: at 3814.661 ms fetching 36.295 ms
INFO: at 3818.134 ms batch [3.816] delay 3.019 ms
INFO: at 3818.134 ms fetching 3.816 ms
INFO: at 3821.627 ms batch [6.140] delay 3.019 ms
INFO: at 3821.627 ms fetching 6.140 ms
INFO: at 3825.125 ms batch [32.918] delay 3.019 ms
INFO: at 3825.125 ms fetching 32.918 ms
INFO: at 3828.635 ms batch [33.584] delay 3.019 ms
INFO: at 3828.635 ms fetching 33.584 ms
INFO: at 3832.122 ms batch [30.829] delay 3.019 ms
INFO: at 3832.122 ms fetching 30.829 ms
INFO: at 3835.568 ms batch [36.040] delay 3.019 ms
INFO: at 3835.568 ms fetching 36.040 ms
INFO: at 3839.173 ms batch [35.409] delay 3.019 ms
INFO: at 3839.173 ms fetching 35.409 ms
INFO: at 3842.803 ms batch [32.502] delay 3.019 ms
INFO: at 3842.803 ms fetching 32.502 ms
INFO: at 3846.399 ms batch [39.161] delay 3.019 ms
INFO: at 3846.399 ms fetching 39.161 ms
INFO: at 3850.035 ms batch [5.025] delay 3.019 ms
INFO: at 3850.035 ms fetching 5.025 ms
INFO: at 3853.635 ms batch [37.680] delay 3.019 ms
INFO: at 3853.635 ms fetching 37.680 ms
INFO: at 3857.274 ms batch [34.710] delay 3.019 ms
INFO: at 3857.274 ms fetching 34.710 ms
INFO: at 3860.838 ms batch [4.904] delay 3.019 ms
INFO: at 3860.838 ms fetching 4.904 ms
INFO: at 3863.994 ms batch [5.632] delay 3.019 ms
INFO: at 3863.994 ms fetching 5.632 ms
INFO: at 3867.645 ms batch [4.433] delay 3.019 ms
INFO: at 3867.645 ms fetching 4.433 ms
INFO: at 3871.418 ms batch [4.027] delay 3.019 ms
INFO: at 3871.418 ms fetching 4.027 ms
INFO: at 3875.187 ms batch [4.574] delay 7.958 ms
INFO: at 3875.187 ms fetching 4.574 ms
INFO: at 3883.862 ms batch [35.905] delay 7.958 ms
INFO: at 3883.862 ms fetching 35.905 ms
INFO: at 3892.494 ms batch [36.488] delay 7.958 ms
INFO: at 3892.494 ms fetching 36.488 ms
INFO: at 3901.272 ms batch [36.275] delay 7.958 ms
INFO: at 3901.272 ms fetching 36.275 ms
INFO: at 3910.127 ms batch [4.486] delay 7.958 ms
INFO: at 3910.127 ms fetching 4.486 ms
INFO: at 3919.161 ms batch [32.797] delay 7.958 ms
INFO: at 3919.161 ms fetching 32.797 ms
INFO: at 3928.023 ms batch [39.086] delay 7.958 ms
INFO: at 3928.023 ms fetching 39.086 ms
INFO: at 3936.963 ms batch [5.176] delay 7.958 ms
INFO: at 3936.963 ms fetching 5.176 ms
INFO: at 3945.683 ms batch [4.016] delay 7.958 ms
INFO: at 3945.683 ms fetching 4.016 ms
INFO: at 3954.448 ms batch [35.813] delay 7.958 ms
INFO: at 3954.448 ms fetching 35.813 ms
INFO: at 3963.408 ms batch [4.631] delay 7.958 ms
INFO: at 3963.408 ms fetching 4.631 ms
INFO: at 3972.422 ms batch [4.996] delay 8.754 ms
INFO: at 3972.422 ms fetching 4.996 ms
INFO: at 3981.346 ms batch [38.478] delay 8.754 ms
INFO: at 3981.346 ms fetching 38.478 ms
INFO: at 3992.216 ms batch [4.279] delay 8.754 ms
INFO: at 3992.216 ms fetching 4.279 ms
INFO: at 4003.137 ms batch [3.732] delay 8.754 ms
INFO: at 4003.137 ms fetching 3.732 ms
INFO: at 4012.150 ms batch [35.975] delay 8.754 ms
INFO: at 4012.150 ms fetching 35.975 ms
INFO: at 4021.196 ms batch [3.465] delay 8.754 ms
INFO: at 4021.196 ms fetching 3.465 ms
INFO: at 4030.167 ms batch [33.456] delay 8.754 ms
INFO: at 4030.167 ms fetching 33.456 ms
INFO: at 4041.073 ms batch [5.006] delay 8.754 ms
INFO: at 4041.073 ms fetching 5.006 ms
INFO: at 4051.990 ms batch [4.517] delay 8.754 ms
INFO: at 4051.990 ms fetching 4.517 ms
INFO: at 4060.911 ms batch [36.841] delay 8.754 ms
INFO: at 4060.911 ms fetching 36.841 ms
INFO: at 4070.058 ms batch [4.665] delay 10.943 ms
INFO: at 4070.058 ms fetching 4.665 ms
INFO: at 4082.060 ms batch [4.641] delay 10.943 ms
INFO: at 4082.060 ms fetching 4.641 ms
INFO: at 4093.836 ms batch [4.174] delay 10.943 ms
INFO: at 4093.836 ms fetching 4.174 ms
INFO: at 4105.767 ms batch [4.602] delay 10.943 ms
INFO: at 4105.767 ms fetching 4.602 ms
INFO: at 4117.677 ms batch [4.289] delay 10.943 ms
INFO: at 4117.677 ms fetching 4.289 ms
INFO: at 4129.675 ms batch [35.343] delay 10.943 ms
INFO: at 4129.675 ms fetching 35.343 ms
INFO: at 4141.764 ms batch [35.845] delay 10.943 ms
INFO: at 4141.764 ms fetching 35.845 ms
INFO: at 4153.548 ms batch [39.990] delay 10.943 ms
INFO: at 4153.548 ms fetching 39.990 ms
INFO: at 4165.130 ms batch [34.459] delay 5.836 ms
INFO: at 4165.130 ms fetching 34.459 ms
INFO: at 4172.002 ms batch [4.882] delay 5.836 ms
INFO: at 4172.002 ms fetching 4.882 ms
INFO: at 4178.940 ms batch [4.324] delay 5.836 ms
INFO: at 4178.940 ms fetching 4.324 ms
INFO: at 4185.819 ms batch [5.343] delay 5.836 ms
INFO: at 4185.819 ms fetching 5.343 ms
INFO: at 4192.677 ms batch [4.039] delay 5.836 ms
INFO: at 4192.677 ms fetching 4.039 ms
INFO: at 4199.587 ms batch [4.436] delay 5.836 ms
INFO: at 4199.587 ms fetching 4.436 ms
INFO: at 4206.273 ms batch [4.993] delay 5.836 ms
INFO: at 4206.273 ms fetching 4.993 ms
INFO: at 4212.900 ms batch [35.038] delay 5.836 ms
INFO: at 4212.900 ms fetching 35.038 ms
INFO: at 4219.596 ms batch [36.647] delay 5.836 ms
INFO: at 4219.596 ms fetching 36.647 ms
INFO: at 4226.319 ms batch [4.978] delay 5.836 ms
INFO: at 4226.319 ms fetching 4.978 ms
INFO: at 4233.128 ms batch [34.790] delay 5.836 ms
INFO: at 4233.128 ms fetching 34.790 ms
INFO: at 4239.192 ms batch [36.012] delay 5.836 ms
INFO: at 4239.192 ms fetching 36.012 ms
INFO: at 4245.219 ms batch [36.793] delay 5.836 ms
INFO: at 4245.219 ms fetching 36.793 ms
INFO: at 4252.039 ms batch [4.907] delay 5.836 ms
INFO: at 4252.039 ms fetching 4.907 ms
INFO: at 4258.097 ms batch [5.018] delay 5.836 ms
INFO: at 4258.097 ms fetching 5.018 ms
INFO: at 4264.691 ms batch [4.108] delay 7.958 ms
INFO: at 4264.691 ms fetching 4.108 ms
INFO: at 4273.439 ms batch [36.951] delay 7.958 ms
INFO: at 4273.439 ms fetching 36.951 ms
INFO: at 4282.064 ms batch [4.638] delay 7.958 ms
INFO: at 4282.064 ms fetching 4.638 ms
INFO: at 4290.822 ms batch [32.974] delay 7.958 ms
INFO: at 4290.822 ms fetching 32.974 ms
INFO: at 4299.670 ms batch [4.234] delay 7.958 ms
INFO: at 4299.670 ms fetching 4.234 ms
INFO: at 4308.657 ms batch [36.972] delay 7.958 ms
INFO: at 4308.657 ms fetching 36.972 ms
INFO: at 4316.850 ms batch [5.227] delay 7.958 ms
INFO: at 4316.850 ms fetching 5.227 ms
INFO: at 4325.817 ms batch [37.570] delay 7.958 ms
INFO: at 4325.817 ms fetching 37.570 ms
INFO: at 4334.779 ms batch [4.527] delay 7.958 ms
INFO: at 4334.779 ms fetching 4.527 ms
INFO: at 4343.781 ms batch [34.593] delay 7.958 ms
INFO: at 4343.781 ms fetching 34.593 ms
INFO: at 4352.004 ms batch [38.830] delay 7.958 ms
INFO: at 4352.004 ms fetching 38.830 ms
INFO: at 4360.822 ms batch [37.007] delay 7.958 ms
INFO: at 4360.822 ms fetching 37.007 ms
INFO: at 4369.732 ms batch [33.493] delay 7.958 ms
INFO: at 4369.732 ms fetching 33.493 ms
INFO: at 4378.395 ms batch [5.685] delay 7.958 ms
INFO: at 4378.395 ms fetching 5.685 ms
INFO: at 4386.949 ms batch [4.416] delay 7.958 ms
INFO: at 4386.949 ms fetching 4.416 ms
INFO: at 4395.628 ms batch [37.728] delay 7.958 ms
INFO: at 4395.628 ms fetching 37.728 ms
INFO: at 4404.450 ms batch [36.030] delay 7.958 ms
INFO: at 4404.450 ms fetching 36.030 ms
INFO: at 4413.349 ms batch [4.170] delay 7.958 ms
INFO: at 4413.349 ms fetching 4.170 ms
INFO: at 4422.316 ms batch [4.481] delay 7.958 ms
INFO: at 4422.316 ms fetching 4.481 ms
INFO: at 4431.135 ms batch [35.325] delay 7.958 ms
INFO: at 4431.135 ms fetching 35.325 ms
INFO: at 4439.617 ms batch [4.721] delay 7.958 ms
INFO: at 4439.617 ms fetching 4.721 ms
INFO: at 4447.705 ms batch [34.814] delay 7.958 ms
INFO: at 4447.705 ms fetching 34.814 ms
INFO: at 4455.860 ms batch [4.787] delay 9.727 ms
INFO: at 4455.860 ms fetching 4.787 ms
INFO: at 4466.546 ms batch [4.315] delay 9.727 ms
INFO: at 4466.546 ms fetching 4.315 ms
INFO: at 4477.158 ms batch [4.774] delay 9.727 ms
INFO: at 4477.158 ms fetching 4.774 ms
INFO: at 4488.201 ms batch [5.185] delay 9.727 ms
INFO: at 4488.201 ms fetching 5.185 ms
INFO: at 4498.783 ms batch [4.140] delay 9.727 ms
INFO: at 4498.783 ms fetching 4.140 ms
INFO: at 4509.382 ms batch [5.139] delay 9.727 ms
INFO: at 4509.382 ms fetching 5.139 ms
INFO: at 4519.933 ms batch [4.330] delay 9.727 ms
INFO: at 4519.933 ms fetching 4.330 ms
INFO: at 4530.727 ms batch [4.043] delay 9.727 ms
INFO: at 4530.727 ms fetching 4.043 ms
INFO: at 4541.258 ms batch [36.409] delay 9.727 ms
INFO: at 4541.258 ms fetching 36.409 ms
INFO: at 4551.221 ms batch [4.321] delay 9.727 ms
INFO: at 4551.221 ms fetching 4.321 ms
INFO: at 4562.376 ms batch [4.803] delay 9.727 ms
INFO: at 4562.376 ms fetching 4.803 ms
INFO: at 4573.241 ms batch [35.655] delay 9.727 ms
INFO: at 4573.241 ms fetching 35.655 ms
INFO: at 4584.095 ms batch [5.383] delay 9.727 ms
INFO: at 4584.095 ms fetching 5.383 ms
INFO: at 4594.675 ms batch [38.732] delay 9.727 ms
INFO: at 4594.675 ms fetching 38.732 ms
INFO: at 4605.293 ms batch [4.522] delay 9.727 ms
INFO: at 4605.293 ms fetching 4.522 ms
INFO: at 4616.152 ms batch [36.867] delay 9.727 ms
INFO: at 4616.152 ms fetching 36.867 ms
INFO: at 4627.035 ms batch [3.627] delay 9.727 ms
INFO: at 4627.035 ms fetching 3.627 ms
INFO: at 4638.030 ms batch [5.588] delay 9.727 ms
INFO: at 4638.030 ms fetching 5.588 ms
INFO: at 4647.985 ms batch [4.564] delay 7.295 ms
INFO: at 4647.985 ms fetching 4.564 ms
INFO: at 4655.994 ms batch [35.359] delay 7.295 ms
INFO: at 4655.994 ms fetching 35.359 ms
INFO: at 4663.565 ms batch [35.510] delay 7.295 ms
INFO: at 4663.565 ms fetching 35.510 ms
INFO: at 4671.227 ms batch [35.895] delay 7.295 ms
INFO: at 4671.227 ms fetching 35.895 ms
INFO: at 4679.199 ms batch [3.876] delay 7.295 ms
INFO: at 4679.199 ms fetching 3.876 ms
INFO: at 4686.776 ms batch [4.686] delay 7.295 ms
INFO: at 4686.776 ms fetching 4.686 ms
INFO: at 4694.455 ms batch [36.420] delay 7.295 ms
INFO: at 4694.455 ms fetching 36.420 ms
INFO: at 4702.242 ms batch [4.590] delay 7.295 ms
INFO: at 4702.242 ms fetching 4.590 ms
INFO: at 4709.731 ms batch [35.596] delay 7.295 ms
INFO: at 4709.731 ms fetching 35.596 ms
INFO: at 4717.471 ms batch [39.007] delay 7.295 ms
INFO: at 4717.471 ms fetching 39.007 ms
INFO: at 4725.227 ms batch [4.557] delay 7.295 ms
INFO: at 4725.227 ms fetching 4.557 ms
INFO: at 4733.052 ms batch [33.643] delay 7.295 ms
INFO: at 4733.052 ms fetching 33.643 ms
INFO: at 4740.560 ms batch [37.966] delay 9.727 ms
INFO: at 4740.560 ms fetching 37.966 ms
INFO: at 4751.031 ms batch [4.363] delay 9.727 ms
INFO: at 4751.031 ms fetching 4.363 ms
INFO: at 4761.430 ms batch [32.765] delay 9.727 ms
INFO: at 4761.430 ms fetching 32.765 ms
INFO: at 4771.303 ms batch [32.427] delay 9.727 ms
INFO: at 4771.303 ms fetching 32.427 ms
INFO: at 4781.885 ms batch [4.193] delay 9.727 ms
INFO: at 4781.885 ms fetching 4.193 ms
INFO: at 4792.289 ms batch [4.419] delay 9.727 ms
INFO: at 4792.289 ms fetching 4.419 ms
INFO: at 4802.712 ms batch [4.938] delay 9.727 ms
INFO: at 4802.712 ms fetching 4.938 ms
INFO: at 4813.124 ms batch [35.134] delay 9.727 ms
INFO: at 4813.124 ms fetching 35.134 ms
INFO: at 4823.521 ms batch [5.411] delay 9.727 ms
INFO: at 4823.521 ms fetching 5.411 ms
INFO: at 4833.965 ms batch [4.456] delay 8.754 ms
INFO: at 4833.965 ms fetching 4.456 ms
INFO: at 4844.374 ms batch [5.519] delay 8.754 ms
INFO: at 4844.374 ms fetching 5.519 ms
INFO: at 4854.769 ms batch [33.911] delay 8.754 ms
INFO: at 4854.769 ms fetching 33.911 ms
INFO: at 4863.659 ms batch [4.458] delay 8.754 ms
INFO: at 4863.659 ms fetching 4.458 ms
INFO: at 4874.153 ms batch [4.965] delay 8.754 ms
INFO: at 4874.153 ms fetching 4.965 ms
INFO: at 4884.603 ms batch [34.754] delay 8.754 ms
INFO: at 4884.603 ms fetching 34.754 ms
INFO: at 4894.981 ms batch [39.798] delay 8.754 ms
INFO: at 4894.981 ms fetching 39.798 ms
INFO: at 4905.441 ms batch [3.770] delay 8.754 ms
INFO: at 4905.441 ms fetching 3.770 ms
INFO: at 4915.900 ms batch [4.097] delay 8.754 ms
INFO: at 4915.900 ms fetching 4.097 ms
INFO: at 4926.301 ms batch [31.614] delay 8.754 ms
INFO: at 4926.301 ms fetching 31.614 ms
INFO: at 4936.686 ms batch [4.967] delay 6.734 ms
INFO: at 4936.686 ms fetching 4.967 ms
INFO: at 4944.064 ms batch [32.533] delay 6.734 ms
INFO: at 4944.064 ms fetching 32.533 ms
INFO: at 4951.466 ms batch [3.704] delay 6.734 ms
INFO: at 4951.466 ms fetching 3.704 ms
INFO: at 4958.966 ms batch [5.076] delay 6.734 ms
INFO: at 4958.966 ms fetching 5.076 ms
INFO: at 4966.532 ms batch [34.930] delay 6.734 ms
INFO: at 4966.532 ms fetching 34.930 ms
INFO: at 4974.086 ms batch [36.782] delay 6.734 ms
INFO: at 4974.086 ms fetching 36.782 ms
INFO: at 4981.512 ms batch [37.698] delay 6.734 ms
INFO: at 4981.512 ms fetching 37.698 ms
INFO: at 4988.987 ms batch [34.498] delay 6.734 ms
INFO: at 4988.987 ms fetching 34.498 ms
INFO: at 4996.376 ms batch [36.100] delay 6.734 ms
INFO: at 4996.376 ms fetching 36.100 ms
INFO: at 5003.784 ms batch [4.920] delay 6.734 ms
INFO: at 5003.784 ms fetching 4.920 ms
INFO: at 5011.266 ms batch [4.880] delay 6.734 ms
INFO: at 5011.266 ms fetching 4.880 ms
INFO: at 5018.757 ms batch [5.073] delay 6.734 ms
INFO: at 5018.757 ms fetching 5.073 ms
INFO: at 5026.237 ms batch [34.851] delay 6.734 ms
INFO: at 5026.237 ms fetching 34.851 ms
INFO: at 5033.726 ms batch [3.858] delay 10.943 ms
INFO: at 5033.726 ms fetching 3.858 ms
INFO: at 5045.205 ms batch [32.657] delay 10.943 ms
INFO: at 5045.205 ms fetching 32.657 ms
INFO: at 5056.557 ms batch [4.865] delay 10.943 ms
INFO: at 5056.557 ms fetching 4.865 ms
INFO: at 5068.029 ms batch [37.498] delay 10.943 ms
INFO: at 5068.029 ms fetching 37.498 ms
INFO: at 5079.428 ms batch [4.736] delay 10.943 ms
INFO: at 5079.428 ms fetching 4.736 ms
INFO: at 5090.843 ms batch [4.784] delay 10.943 ms
INFO: at 5090.843 ms fetching 4.784 ms
INFO: at 5102.307 ms batch [4.695] delay 10.943 ms
INFO: at 5102.307 ms fetching 4.695 ms
INFO: at 5113.739 ms batch [34.374] delay 10.943 ms
INFO: at 5113.739 ms fetching 34.374 ms
INFO: at 5125.211 ms batch [4.049] delay 8.754 ms
INFO: at 5125.211 ms fetching 4.049 ms
INFO: at 5135.626 ms batch [37.240] delay 8.754 ms
INFO: at 5135.626 ms fetching 37.240 ms
INFO: at 5146.051 ms batch [33.729] delay 8.754 ms
INFO: at 5146.051 ms fetching 33.729 ms
INFO: at 5156.470 ms batch [39.120] delay 8.754 ms
INFO: at 5156.470 ms fetching 39.120 ms
INFO: at 5165.660 ms batch [34.652] delay 8.754 ms
INFO: at 5165.660 ms fetching 34.652 ms
INFO: at 5176.220 ms batch [36.542] delay 8.754 ms
INFO: at 5176.220 ms fetching 36.542 ms
INFO: at 5186.707 ms batch [5.121] delay 8.754 ms
INFO: at 5186.707 ms fetching 5.121 ms
INFO: at 5197.183 ms batch [5.303] delay 8.754 ms
INFO: at 5197.183 ms fetching 5.303 ms
INFO: at 5207.749 ms batch [34.076] delay 8.754 ms
INFO: at 5207.749 ms fetching 34.076 ms
INFO: at 5216.686 ms batch [5.091] delay 8.754 ms
INFO: at 5216.686 ms fetching 5.091 ms
INFO: at 5227.165 ms batch [41.450] delay 12.506 ms
INFO: at 5227.165 ms fetching 41.450 ms
INFO: at 5239.844 ms batch [34.089] delay 12.506 ms
INFO: at 5239.844 ms fetching 34.089 ms
INFO: at 5252.699 ms batch [37.048] delay 12.506 ms
INFO: at 5252.699 ms fetching 37.048 ms
INFO: at 5265.941 ms batch [36.375] delay 12.506 ms
INFO: at 5265.941 ms fetching 36.375 ms
INFO: at 5279.037 ms batch [4.538] delay 12.506 ms
INFO: at 5279.037 ms fetching 4.538 ms
INFO: at 5291.866 ms batch [5.079] delay 12.506 ms
INFO: at 5291.866 ms fetching 5.079 ms
INFO: at 5304.780 ms batch [38.404] delay 12.506 ms
INFO: at 5304.780 ms fetching 38.404 ms
INFO: at 5319.257 ms batch [35.703] delay 8.754 ms
INFO: at 5319.257 ms fetching 35.703 ms
INFO: at 5329.925 ms batch [34.219] delay 8.754 ms
INFO: at 5329.925 ms fetching 34.219 ms
INFO: at 5340.747 ms batch [35.451] delay 8.754 ms
INFO: at 5340.747 ms fetching 35.451 ms
INFO: at 5349.704 ms batch [4.530] delay 8.754 ms
INFO: at 5349.704 ms fetching 4.530 ms
INFO: at 5358.758 ms batch [36.738] delay 8.754 ms
INFO: at 5358.758 ms fetching 36.738 ms
INFO: at 5367.890 ms batch [4.506] delay 8.754 ms
INFO: at 5367.890 ms fetching 4.506 ms
INFO: at 5378.511 ms batch [35.886] delay 8.754 ms
INFO: at 5378.511 ms fetching 35.886 ms
INFO: at 5389.075 ms batch [5.163] delay 8.754 ms
INFO: at 5389.075 ms fetching 5.163 ms
INFO: at 5399.814 ms batch [4.688] delay 8.754 ms
INFO: at 5399.814 ms fetching 4.688 ms
INFO: at 5410.701 ms batch [4.595] delay 8.754 ms
INFO: at 5410.701 ms fetching 4.595 ms
INFO: at 5421.299 ms batch [4.567] delay 10.943 ms
INFO: at 5421.299 ms fetching 4.567 ms
INFO: at 5432.740 ms batch [34.720] delay 10.943 ms
INFO: at 5432.740 ms fetching 34.720 ms
INFO: at 5444.526 ms batch [33.106] delay 10.943 ms
INFO: at 5444.526 ms fetching 33.106 ms
INFO: at 5456.267 ms batch [37.602] delay 10.943 ms
INFO: at 5456.267 ms fetching 37.602 ms
INFO: at 5467.339 ms batch [5.125] delay 10.943 ms
INFO: at 5467.339 ms fetching 5.125 ms
INFO: at 5479.355 ms batch [36.336] delay 10.943 ms
INFO: at 5479.355 ms fetching 36.336 ms
INFO: at 5490.791 ms batch [4.633] delay 10.943 ms
INFO: at 5490.791 ms fetching 4.633 ms
INFO: at 5502.495 ms batch [36.442] delay 10.943 ms
INFO: at 5502.495 ms fetching 36.442 ms
INFO: at 5514.244 ms batch [4.856] delay 7.958 ms
INFO: at 5514.244 ms fetching 4.856 ms
INFO: at 5523.162 ms batch [38.039] delay 7.958 ms
INFO: at 5523.162 ms fetching 38.039 ms
INFO: at 5532.019 ms batch [3.718] delay 7.958 ms
INFO: at 5532.019 ms fetching 3.718 ms
INFO: at 5540.471 ms batch [5.241] delay 7.958 ms
INFO: at 5540.471 ms fetching 5.241 ms
INFO: at 5548.944 ms batch [35.605] delay 7.958 ms
INFO: at 5548.944 ms fetching 35.605 ms
INFO: at 5557.622 ms batch [5.338] delay 7.958 ms
INFO: at 5557.622 ms fetching 5.338 ms
INFO: at 5566.337 ms batch [5.232] delay 7.958 ms
INFO: at 5566.337 ms fetching 5.232 ms
INFO: at 5574.912 ms batch [5.530] delay 7.958 ms
INFO: at 5574.912 ms fetching 5.530 ms
INFO: at 5583.665 ms batch [39.516] delay 7.958 ms
INFO: at 5583.665 ms fetching 39.516 ms
INFO: at 5592.537 ms batch [4.726] delay 7.958 ms
INFO: at 5592.537 ms fetching 4.726 ms
INFO: at 5601.553 ms batch [4.334] delay 7.958 ms
INFO: at 5601.553 ms fetching 4.334 ms
INFO: at 5610.629 ms batch [4.832] delay 8.754 ms
INFO: at 5610.629 ms fetching 4.832 ms
INFO: at 5619.627 ms batch [36.962] delay 8.754 ms
INFO: at 5619.627 ms fetching 36.962 ms
INFO: at 5628.804 ms batch [4.646] delay 8.754 ms
INFO: at 5628.804 ms fetching 4.646 ms
INFO: at 5637.849 ms batch [35.379] delay 8.754 ms
INFO: at 5637.849 ms fetching 35.379 ms
INFO: at 5648.544 ms batch [5.102] delay 8.754 ms
INFO: at 5648.544 ms fetching 5.102 ms
INFO: at 5659.041 ms batch [4.690] delay 8.754 ms
INFO: at 5659.041 ms fetching 4.690 ms
INFO: at 5668.090 ms batch [5.221] delay 8.754 ms
INFO: at 5668.090 ms fetching 5.221 ms
INFO: at 5677.367 ms batch [32.729] delay 8.754 ms
INFO: at 5677.367 ms fetching 32.729 ms
INFO: at 5688.151 ms batch [4.764] delay 8.754 ms
INFO: at 5688.151 ms fetching 4.764 ms
INFO: at 5699.024 ms batch [37.436] delay 8.754 ms
INFO: at 5699.024 ms fetching 37.436 ms
INFO: at 5709.929 ms batch [32.626] delay 9.727 ms
INFO: at 5709.929 ms fetching 32.626 ms
INFO: at 5720.866 ms batch [35.566] delay 9.727 ms
INFO: at 5720.866 ms fetching 35.566 ms
INFO: at 5731.839 ms batch [4.397] delay 9.727 ms
INFO: at 5731.839 ms fetching 4.397 ms
INFO: at 5742.749 ms batch [5.028] delay 9.727 ms
INFO: at 5742.749 ms fetching 5.028 ms
INFO: at 5754.107 ms batch [4.257] delay 9.727 ms
INFO: at 5754.107 ms fetching 4.257 ms
INFO: at 5764.763 ms batch [4.609] delay 9.727 ms
INFO: at 5764.763 ms fetching 4.609 ms
INFO: at 5775.120 ms batch [5.478] delay 9.727 ms
INFO: at 5775.120 ms fetching 5.478 ms
INFO: at 5786.030 ms batch [4.661] delay 9.727 ms
INFO: at 5786.030 ms fetching 4.661 ms
INFO: at 5796.996 ms batch [38.075] delay 9.727 ms
INFO: at 5796.996 ms fetching 38.075 ms
INFO: at 5807.913 ms batch [4.514] delay 8.754 ms
INFO: at 5807.913 ms fetching 4.514 ms
INFO: at 5816.988 ms batch [33.214] delay 8.754 ms
INFO: at 5816.988 ms fetching 33.214 ms
INFO: at 5825.931 ms batch [5.314] delay 8.754 ms
INFO: at 5825.931 ms fetching 5.314 ms
INFO: at 5836.405 ms batch [36.246] delay 8.754 ms
INFO: at 5836.405 ms fetching 36.246 ms
INFO: at 5846.974 ms batch [33.793] delay 8.754 ms
INFO: at 5846.974 ms fetching 33.793 ms
INFO: at 5857.723 ms batch [39.650] delay 8.754 ms
INFO: at 5857.723 ms fetching 39.650 ms
INFO: at 5868.631 ms batch [5.751] delay 8.754 ms
INFO: at 5868.631 ms fetching 5.751 ms
INFO: at 5877.904 ms batch [5.150] delay 8.754 ms
INFO: at 5877.904 ms fetching 5.150 ms
INFO: at 5887.038 ms batch [5.052] delay 8.754 ms
INFO: at 5887.038 ms fetching 5.052 ms
INFO: at 5897.763 ms batch [36.828] delay 8.754 ms
INFO: at 5897.763 ms fetching 36.828 ms
INFO: at 5908.625 ms batch [37.275] delay 8.754 ms
INFO: at 5908.625 ms fetching 37.275 ms
INFO: at 5919.545 ms batch [31.981] delay 8.754 ms
INFO: at 5919.545 ms fetching 31.981 ms
INFO: at 5930.515 ms batch [4.009] delay 8.754 ms
INFO: at 5930.515 ms fetching 4.009 ms
INFO: at 5939.564 ms batch [33.341] delay 8.754 ms
INFO: at 5939.564 ms fetching 33.341 ms
INFO: at 5948.757 ms batch [39.350] delay 8.754 ms
INFO: at 5948.757 ms fetching 39.350 ms
INFO: at 5957.754 ms batch [34.896] delay 8.754 ms
INFO: at 5957.754 ms fetching 34.896 ms
INFO: at 5968.414 ms batch [4.303] delay 8.754 ms
INFO: at 5968.414 ms fetching 4.303 ms
INFO: at 5977.900 ms batch [4.705] delay 8.754 ms
INFO: at 5977.900 ms fetching 4.705 ms
INFO: at 5988.778 ms batch [38.021] delay 8.754 ms
INFO: at 5988.778 ms fetching 38.021 ms
INFO: at 5999.745 ms batch [4.975] delay 8.754 ms
INFO: at 5999.745 ms fetching 4.975 ms
INFO: at 6008.939 ms batch [38.532] delay 10.943 ms
INFO: at 6008.939 ms fetching 38.532 ms
INFO: at 6020.573 ms batch [35.501] delay 10.943 ms
INFO: at 6020.573 ms fetching 35.501 ms
INFO: at 6032.394 ms batch [33.605] delay 10.943 ms
INFO: at 6032.394 ms fetching 33.605 ms
INFO: at 6044.262 ms batch [37.408] delay 10.943 ms
INFO: at 6044.262 ms fetching 37.408 ms
INFO: at 6055.755 ms batch [5.434] delay 10.943 ms
INFO: at 6055.755 ms fetching 5.434 ms
INFO: at 6067.618 ms batch [3.849] delay 10.943 ms
INFO: at 6067.618 ms fetching 3.849 ms
INFO: at 6079.460 ms batch [36.430] delay 10.943 ms
INFO: at 6079.460 ms fetching 36.430 ms
INFO: at 6091.099 ms batch [34.102] delay 10.943 ms
INFO: at 6091.099 ms fetching 34.102 ms
INFO: at 6102.673 ms batch [34.559] delay 9.727 ms
INFO: at 6102.673 ms fetching 34.559 ms
INFO: at 6113.351 ms batch [4.496] delay 9.727 ms
INFO: at 6113.351 ms fetching 4.496 ms
INFO: at 6124.203 ms batch [4.901] delay 9.727 ms
INFO: at 6124.203 ms fetching 4.901 ms
INFO: at 6135.085 ms batch [38.312] delay 9.727 ms
INFO: at 6135.085 ms fetching 38.312 ms
INFO: at 6145.622 ms batch [4.543] delay 9.727 ms
INFO: at 6145.622 ms fetching 4.543 ms
INFO: at 6156.203 ms batch [35.711] delay 9.727 ms
INFO: at 6156.203 ms fetching 35.711 ms
INFO: at 6166.921 ms batch [4.374] delay 9.727 ms
INFO: at 6166.921 ms fetching 4.374 ms
INFO: at 6177.556 ms batch [5.070] delay 9.727 ms
INFO: at 6177.556 ms fetching 5.070 ms
INFO: at 6188.454 ms batch [4.827] delay 9.727 ms
INFO: at 6188.454 ms fetching 4.827 ms
INFO: at 6199.280 ms batch [31.414] delay 12.506 ms
INFO: at 6199.280 ms fetching 31.414 ms
INFO: at 6212.193 ms batch [4.950] delay 12.506 ms
INFO: at 6212.193 ms fetching 4.950 ms
INFO: at 6226.703 ms batch [38.251] delay 12.506 ms
INFO: at 6226.703 ms fetching 38.251 ms
INFO: at 6239.399 ms batch [33.281] delay 12.506 ms
INFO: at 6239.399 ms fetching 33.281 ms
INFO: at 6252.387 ms batch [4.614] delay 12.506 ms
INFO: at 6252.387 ms fetching 4.614 ms
INFO: at 6265.395 ms batch [5.136] delay 12.506 ms
INFO: at 6265.395 ms fetching 5.136 ms
INFO: at 6278.048 ms batch [4.981] delay 12.506 ms
INFO: at 6278.048 ms fetching 4.981 ms
INFO: at 6290.770 ms batch [35.072] delay 9.727 ms
INFO: at 6290.770 ms fetching 35.072 ms
INFO: at 6301.631 ms batch [38.381] delay 9.727 ms
INFO: at 6301.631 ms fetching 38.381 ms
INFO: at 6312.276 ms batch [36.021] delay 9.727 ms
INFO: at 6312.276 ms fetching 36.021 ms
INFO: at 6323.089 ms batch [33.928] delay 9.727 ms
INFO: at 6323.089 ms fetching 33.928 ms
INFO: at 6333.932 ms batch [37.465] delay 9.727 ms
INFO: at 6333.932 ms fetching 37.465 ms
INFO: at 6344.928 ms batch [3.885] delay 9.727 ms
INFO: at 6344.928 ms fetching 3.885 ms
INFO: at 6355.697 ms batch [4.746] delay 9.727 ms
INFO: at 6355.697 ms fetching 4.746 ms
INFO: at 6366.179 ms batch [3.757] delay 9.727 ms
INFO: at 6366.179 ms fetching 3.757 ms
INFO: at 6376.135 ms batch [34.581] delay 9.727 ms
INFO: at 6376.135 ms fetching 34.581 ms
INFO: at 6387.355 ms batch [34.630] delay 7.295 ms
INFO: at 6387.355 ms fetching 34.630 ms
INFO: at 6395.043 ms batch [4.790] delay 7.295 ms
INFO: at 6395.043 ms fetching 4.790 ms
INFO: at 6402.690 ms batch [4.840] delay 7.295 ms
INFO: at 6402.690 ms fetching 4.840 ms
INFO: at 6410.430 ms batch [36.940] delay 7.295 ms
INFO: at 6410.430 ms fetching 36.940 ms
INFO: at 6418.302 ms batch [4.715] delay 7.295 ms
INFO: at 6418.302 ms fetching 4.715 ms
INFO: at 6426.087 ms batch [3.998] delay 7.295 ms
INFO: at 6426.087 ms fetching 3.998 ms
INFO: at 6433.868 ms batch [3.538] delay 7.295 ms
INFO: at 6433.868 ms fetching 3.538 ms
INFO: at 6441.404 ms batch [4.643] delay 7.295 ms
INFO: at 6441.404 ms fetching 4.643 ms
INFO: at 6449.088 ms batch [37.526] delay 7.295 ms
INFO: at 6449.088 ms fetching 37.526 ms
INFO: at 6456.899 ms batch [35.092] delay 7.295 ms
INFO: at 6456.899 ms fetching 35.092 ms
INFO: at 6464.489 ms batch [35.854] delay 7.295 ms
INFO: at 6464.489 ms fetching 35.854 ms
INFO: at 6472.090 ms batch [4.822] delay 7.295 ms
INFO: at 6472.090 ms fetching 4.822 ms
INFO: at 6479.694 ms batch [4.626] delay 7.958 ms
INFO: at 6479.694 ms fetching 4.626 ms
INFO: at 6488.214 ms batch [4.525] delay 7.958 ms
INFO: at 6488.214 ms fetching 4.525 ms
INFO: at 6496.809 ms batch [35.625] delay 7.958 ms
INFO: at 6496.809 ms fetching 35.625 ms
INFO: at 6505.277 ms batch [4.511] delay 7.958 ms
INFO: at 6505.277 ms fetching 4.511 ms
INFO: at 6513.874 ms batch [35.823] delay 7.958 ms
INFO: at 6513.874 ms fetching 35.823 ms
INFO: at 6522.657 ms batch [4.161] delay 7.958 ms
INFO: at 6522.657 ms fetching 4.161 ms
INFO: at 6531.438 ms batch [4.337] delay 7.958 ms
INFO: at 6531.438 ms fetching 4.337 ms
INFO: at 6540.061 ms batch [4.123] delay 7.958 ms
INFO: at 6540.061 ms fetching 4.123 ms
INFO: at 6548.778 ms batch [36.464] delay 7.958 ms
INFO: at 6548.778 ms fetching 36.464 ms
INFO: at 6557.355 ms batch [35.915] delay 7.958 ms
INFO: at 6557.355 ms fetching 35.915 ms
INFO: at 6566.055 ms batch [36.562] delay 7.958 ms
INFO: at 6566.055 ms fetching 36.562 ms
INFO: at 6574.775 ms batch [34.203] delay 7.295 ms
INFO: at 6574.775 ms fetching 34.203 ms
INFO: at 6582.259 ms batch [3.603] delay 7.295 ms
INFO: at 6582.259 ms fetching 3.603 ms
INFO: at 6590.000 ms batch [37.555] delay 7.295 ms
INFO: at 6590.000 ms fetching 37.555 ms
INFO: at 6597.531 ms batch [36.358] delay 7.295 ms
INFO: at 6597.531 ms fetching 36.358 ms
INFO: at 6605.574 ms batch [4.896] delay 7.295 ms
INFO: at 6605.574 ms fetching 4.896 ms
INFO: at 6613.278 ms batch [33.526] delay 7.295 ms
INFO: at 6613.278 ms fetching 33.526 ms
INFO: at 6620.750 ms batch [34.116] delay 7.295 ms
INFO: at 6620.750 ms fetching 34.116 ms
INFO: at 6628.281 ms batch [4.592] delay 7.295 ms
INFO: at 6628.281 ms fetching 4.592 ms
INFO: at 6635.825 ms batch [35.267] delay 7.295 ms
INFO: at 6635.825 ms fetching 35.267 ms
INFO: at 6643.338 ms batch [33.711] delay 7.295 ms
INFO: at 6643.338 ms fetching 33.711 ms
INFO: at 6650.779 ms batch [4.733] delay 7.295 ms
INFO: at 6650.779 ms fetching 4.733 ms
INFO: at 6658.273 ms batch [4.422] delay 7.295 ms
INFO: at 6658.273 ms fetching 4.422 ms
INFO: at 6665.715 ms batch [5.217] delay 7.295 ms
INFO: at 6665.715 ms fetching 5.217 ms
INFO: at 6673.159 ms batch [5.128] delay 7.295 ms
INFO: at 6673.159 ms fetching 5.128 ms
INFO: at 6681.238 ms batch [34.486] delay 7.295 ms
INFO: at 6681.238 ms fetching 34.486 ms
INFO: at 6688.699 ms batch [34.535] delay 7.295 ms
INFO: at 6688.699 ms fetching 34.535 ms
INFO: at 6696.136 ms batch [4.683] delay 7.295 ms
INFO: at 6696.136 ms fetching 4.683 ms
INFO: at 6703.642 ms batch [5.886] delay 7.295 ms
INFO: at 6703.642 ms fetching 5.886 ms
INFO: at 6711.121 ms batch [36.994] delay 7.295 ms
INFO: at 6711.121 ms fetching 36.994 ms
INFO: at 6718.622 ms batch [4.984] delay 7.295 ms
INFO: at 6718.622 ms fetching 4.984 ms
INFO: at 6726.067 ms batch [5.003] delay 7.295 ms
INFO: at 6726.067 ms fetching 5.003 ms
INFO: at 6733.629 ms batch [35.782] delay 7.295 ms
INFO: at 6733.629 ms fetching 35.782 ms
INFO: at 6741.147 ms batch [4.728] delay 7.295 ms
INFO: at 6741.147 ms fetching 4.728 ms
INFO: at 6748.570 ms batch [36.499] delay 7.295 ms
INFO: at 6748.570 ms fetching 36.499 ms
INFO: at 6756.004 ms batch [4.898] delay 5.836 ms
INFO: at 6756.004 ms fetching 4.898 ms
INFO: at 6762.531 ms batch [4.663] delay 5.836 ms
INFO: at 6762.531 ms fetching 4.663 ms
INFO: at 6768.635 ms batch [4.929] delay 5.836 ms
INFO: at 6768.635 ms fetching 4.929 ms
INFO: at 6774.697 ms batch [5.083] delay 5.836 ms
INFO: at 6774.697 ms fetching 5.083 ms
INFO: at 6781.532 ms batch [5.204] delay 5.836 ms
INFO: at 6781.532 ms fetching 5.204 ms
INFO: at 6788.098 ms batch [37.107] delay 5.836 ms
INFO: at 6788.098 ms fetching 37.107 ms
INFO: at 6795.086 ms batch [36.815] delay 5.836 ms
INFO: at 6795.086 ms fetching 36.815 ms
INFO: at 6801.731 ms batch [4.348] delay 5.836 ms
INFO: at 6801.731 ms fetching 4.348 ms
INFO: at 6808.411 ms batch [35.315] delay 5.836 ms
INFO: at 6808.411 ms fetching 35.315 ms
INFO: at 6815.198 ms batch [33.129] delay 5.836 ms
INFO: at 6815.198 ms fetching 33.129 ms
INFO: at 6821.804 ms batch [33.509] delay 5.836 ms
INFO: at 6821.804 ms fetching 33.509 ms
INFO: at 6828.645 ms batch [32.291] delay 5.836 ms
INFO: at 6828.645 ms fetching 32.291 ms
INFO: at 6835.373 ms batch [36.195] delay 5.836 ms
INFO: at 6835.373 ms fetching 36.195 ms
INFO: at 6842.321 ms batch [38.893] delay 5.836 ms
INFO: at 6842.321 ms fetching 38.893 ms
INFO: at 6848.507 ms batch [5.292] delay 5.836 ms
INFO: at 6848.507 ms fetching 5.292 ms
INFO: at 6855.392 ms batch [38.929] delay 10.943 ms
INFO: at 6855.392 ms fetching 38.929 ms
INFO: at 6867.273 ms batch [35.016] delay 10.943 ms
INFO: at 6867.273 ms fetching 35.016 ms
INFO: at 6879.407 ms batch [4.651] delay 10.943 ms
INFO: at 6879.407 ms fetching 4.651 ms
INFO: at 6890.594 ms batch [5.042] delay 10.943 ms
INFO: at 6890.594 ms fetching 5.042 ms
INFO: at 6901.735 ms batch [5.250] delay 10.943 ms
INFO: at 6901.735 ms fetching 5.250 ms
INFO: at 6913.690 ms batch [6.007] delay 10.943 ms
INFO: at 6913.690 ms fetching 6.007 ms
INFO: at 6925.490 ms batch [34.412] delay 10.943 ms
INFO: at 6925.490 ms fetching 34.412 ms
INFO: at 6937.381 ms batch [34.036] delay 10.943 ms
INFO: at 6937.381 ms fetching 34.036 ms
INFO: at 6949.400 ms batch [40.100] delay 8.754 ms
INFO: at 6949.400 ms fetching 40.100 ms
INFO: at 6960.217 ms batch [38.609] delay 8.754 ms
INFO: at 6960.217 ms fetching 38.609 ms
INFO: at 6969.804 ms batch [33.777] delay 8.754 ms
INFO: at 6969.804 ms fetching 33.777 ms
INFO: at 6980.672 ms batch [37.304] delay 8.754 ms
INFO: at 6980.672 ms fetching 37.304 ms
INFO: at 6991.345 ms batch [37.250] delay 8.754 ms
INFO: at 6991.345 ms fetching 37.250 ms
INFO: at 7001.952 ms batch [4.577] delay 8.754 ms
INFO: at 7001.952 ms fetching 4.577 ms
INFO: at 7012.858 ms batch [5.009] delay 8.754 ms
INFO: at 7012.858 ms fetching 5.009 ms
INFO: at 7021.901 ms batch [5.496] delay 8.754 ms
INFO: at 7021.901 ms fetching 5.496 ms
INFO: at 7031.404 ms batch [5.087] delay 8.754 ms
INFO: at 7031.404 ms fetching 5.087 ms
INFO: at 7040.819 ms batch [4.127] delay 8.754 ms
INFO: at 7040.819 ms fetching 4.127 ms
INFO: at 7051.458 ms batch [36.266] delay 9.727 ms
INFO: at 7051.458 ms fetching 36.266 ms
INFO: at 7062.503 ms batch [4.493] delay 9.727 ms
INFO: at 7062.503 ms fetching 4.493 ms
INFO: at 7073.046 ms batch [34.875] delay 9.727 ms
INFO: at 7073.046 ms fetching 34.875 ms
INFO: at 7083.819 ms batch [38.560] delay 9.727 ms
INFO: at 7083.819 ms fetching 38.560 ms
INFO: at 7094.808 ms batch [34.918] delay 9.727 ms
INFO: at 7094.808 ms fetching 34.918 ms
INFO: at 7106.076 ms batch [36.520] delay 9.727 ms
INFO: at 7106.076 ms fetching 36.520 ms
INFO: at 7117.039 ms batch [37.332] delay 9.727 ms
INFO: at 7117.039 ms fetching 37.332 ms
INFO: at 7128.202 ms batch [4.299] delay 9.727 ms
INFO: at 7128.202 ms fetching 4.299 ms
INFO: at 7139.502 ms batch [4.624] delay 9.727 ms
INFO: at 7139.502 ms fetching 4.624 ms
INFO: at 7150.816 ms batch [35.993] delay 7.295 ms
INFO: at 7150.816 ms fetching 35.993 ms
INFO: at 7159.185 ms batch [4.292] delay 7.295 ms
INFO: at 7159.185 ms fetching 4.292 ms
INFO: at 7166.726 ms batch [37.512] delay 7.295 ms
INFO: at 7166.726 ms fetching 37.512 ms
INFO: at 7175.060 ms batch [5.487] delay 7.295 ms
INFO: at 7175.060 ms fetching 5.487 ms
INFO: at 7182.910 ms batch [4.402] delay 7.295 ms
INFO: at 7182.910 ms fetching 4.402 ms
INFO: at 7190.907 ms batch [3.949] delay 7.295 ms
INFO: at 7190.907 ms fetching 3.949 ms
INFO: at 7199.002 ms batch [32.831] delay 7.295 ms
INFO: at 7199.002 ms fetching 32.831 ms
INFO: at 7207.307 ms batch [4.281] delay 7.295 ms
INFO: at 7207.307 ms fetching 4.281 ms
INFO: at 7215.440 ms batch [4.478] delay 7.295 ms
INFO: at 7215.440 ms fetching 4.478 ms
INFO: at 7223.025 ms batch [4.932] delay 7.295 ms
INFO: at 7223.025 ms fetching 4.932 ms
INFO: at 7230.824 ms batch [35.730] delay 7.295 ms
INFO: at 7230.824 ms fetching 35.730 ms
INFO: at 7238.699 ms batch [4.230] delay 7.295 ms
INFO: at 7238.699 ms fetching 4.230 ms
INFO: at 7246.586 ms batch [4.179] delay 4.377 ms
INFO: at 7246.586 ms fetching 4.179 ms
INFO: at 7251.408 ms batch [36.715] delay 4.377 ms
INFO: at 7251.408 ms fetching 36.715 ms
INFO: at 7256.204 ms batch [36.614] delay 4.377 ms
INFO: at 7256.204 ms fetching 36.614 ms
INFO: at 7261.064 ms batch [4.183] delay 4.377 ms
INFO: at 7261.064 ms fetching 4.183 ms
INFO: at 7265.780 ms batch [4.819] delay 4.377 ms
INFO: at 7265.780 ms fetching 4.819 ms
INFO: at 7271.127 ms batch [35.305] delay 4.377 ms
INFO: at 7271.127 ms fetching 35.305 ms
INFO: at 7276.208 ms batch [35.586] delay 4.377 ms
INFO: at 7276.208 ms fetching 35.586 ms
INFO: at 7280.982 ms batch [37.790] delay 4.377 ms
INFO: at 7280.982 ms fetching 37.790 ms
INFO: at 7286.449 ms batch [4.835] delay 4.377 ms
INFO: at 7286.449 ms fetching 4.835 ms
INFO: at 7291.952 ms batch [4.391] delay 4.377 ms
INFO: at 7291.952 ms fetching 4.391 ms
INFO: at 7296.695 ms batch [4.868] delay 4.377 ms
INFO: at 7296.695 ms fetching 4.868 ms
INFO: at 7301.354 ms batch [4.414] delay 4.377 ms
INFO: at 7301.354 ms fetching 4.414 ms
INFO: at 7306.057 ms batch [40.222] delay 4.377 ms
INFO: at 7306.057 ms fetching 40.222 ms
INFO: at 7310.596 ms batch [5.049] delay 4.377 ms
INFO: at 7310.596 ms fetching 5.049 ms
INFO: at 7315.147 ms batch [4.584] delay 4.377 ms
INFO: at 7315.147 ms fetching 4.584 ms
INFO: at 7319.879 ms batch [36.164] delay 4.377 ms
INFO: at 7319.879 ms fetching 36.164 ms
INFO: at 7324.628 ms batch [4.061] delay 4.377 ms
INFO: at 7324.628 ms fetching 4.061 ms
INFO: at 7329.529 ms batch [4.412] delay 4.377 ms
INFO: at 7329.529 ms fetching 4.412 ms
INFO: at 7334.362 ms batch [4.743] delay 4.377 ms
INFO: at 7334.362 ms fetching 4.743 ms
INFO: at 7339.620 ms batch [4.197] delay 4.377 ms
INFO: at 7339.620 ms fetching 4.197 ms
INFO: at 7344.360 ms batch [33.872] delay 7.958 ms
INFO: at 7344.360 ms fetching 33.872 ms
INFO: at 7353.349 ms batch [4.447] delay 7.958 ms
INFO: at 7353.349 ms fetching 4.447 ms
INFO: at 7362.278 ms batch [3.418] delay 7.958 ms
INFO: at 7362.278 ms fetching 3.418 ms
INFO: at 7370.804 ms batch [36.326] delay 7.958 ms
INFO: at 7370.804 ms fetching 36.326 ms
INFO: at 7379.776 ms batch [35.615] delay 7.958 ms
INFO: at 7379.776 ms fetching 35.615 ms
INFO: at 7387.905 ms batch [4.144] delay 7.958 ms
INFO: at 7387.905 ms fetching 4.144 ms
INFO: at 7396.681 ms batch [31.182] delay 7.958 ms
INFO: at 7396.681 ms fetching 31.182 ms
INFO: at 7405.551 ms batch [38.002] delay 7.958 ms
INFO: at 7405.551 ms fetching 38.002 ms
INFO: at 7414.523 ms batch [4.700] delay 7.958 ms
INFO: at 7414.523 ms fetching 4.700 ms
INFO: at 7423.505 ms batch [5.094] delay 7.958 ms
INFO: at 7423.505 ms fetching 5.094 ms
INFO: at 7432.307 ms batch [4.520] delay 7.958 ms
INFO: at 7432.307 ms fetching 4.520 ms
INFO: at 7441.247 ms batch [3.866] delay 10.943 ms
INFO: at 7441.247 ms fetching 3.866 ms
INFO: at 7453.273 ms batch [4.103] delay 10.943 ms
INFO: at 7453.273 ms fetching 4.103 ms
INFO: at 7464.439 ms batch [4.213] delay 10.943 ms
INFO: at 7464.439 ms fetching 4.213 ms
INFO: at 7476.277 ms batch [5.172] delay 10.943 ms
INFO: at 7476.277 ms fetching 5.172 ms
INFO: at 7488.205 ms batch [33.761] delay 10.943 ms
INFO: at 7488.205 ms fetching 33.761 ms
INFO: at 7499.732 ms batch [36.285] delay 10.943 ms
INFO: at 7499.732 ms fetching 36.285 ms
INFO: at 7511.540 ms batch [4.371] delay 10.943 ms
INFO: at 7511.540 ms fetching 4.371 ms
INFO: at 7523.522 ms batch [35.187] delay 10.943 ms
INFO: at 7523.522 ms fetching 35.187 ms
INFO: at 7535.527 ms batch [3.804] delay 10.943 ms
INFO: at 7535.527 ms fetching 3.804 ms
INFO: at 7547.012 ms batch [34.313] delay 10.943 ms
INFO: at 7547.012 ms fetching 34.313 ms
INFO: at 7558.586 ms batch [3.992] delay 10.943 ms
INFO: at 7558.586 ms fetching 3.992 ms
INFO: at 7570.185 ms batch [4.343] delay 10.943 ms
INFO: at 7570.185 ms fetching 4.343 ms
INFO: at 7582.131 ms batch [4.859] delay 10.943 ms
INFO: at 7582.131 ms fetching 4.859 ms
INFO: at 7593.783 ms batch [34.145] delay 10.943 ms
INFO: at 7593.783 ms fetching 34.145 ms
INFO: at 7605.368 ms batch [36.475] delay 10.943 ms
INFO: at 7605.368 ms fetching 36.475 ms
INFO: at 7617.218 ms batch [37.170] delay 10.943 ms
INFO: at 7617.218 ms fetching 37.170 ms
INFO: at 7628.379 ms batch [4.654] delay 7.958 ms
INFO: at 7628.379 ms fetching 4.654 ms
INFO: at 7637.084 ms batch [4.136] delay 7.958 ms
INFO: at 7637.084 ms fetching 4.136 ms
INFO: at 7645.777 ms batch [4.926] delay 7.958 ms
INFO: at 7645.777 ms fetching 4.926 ms
INFO: at 7654.286 ms batch [4.551] delay 7.958 ms
INFO: at 7654.286 ms fetching 4.551 ms
INFO: at 7662.308 ms batch [4.891] delay 7.958 ms
INFO: at 7662.308 ms fetching 4.891 ms
INFO: at 7671.043 ms batch [31.695] delay 7.958 ms
INFO: at 7671.043 ms fetching 31.695 ms
INFO: at 7679.567 ms batch [4.540] delay 7.958 ms
INFO: at 7679.567 ms fetching 4.540 ms
INFO: at 7688.083 ms batch [38.160] delay 7.958 ms
INFO: at 7688.083 ms fetching 38.160 ms
INFO: at 7696.495 ms batch [4.587] delay 7.958 ms
INFO: at 7696.495 ms fetching 4.587 ms
INFO: at 7705.040 ms batch [5.468] delay 7.958 ms
INFO: at 7705.040 ms fetching 5.468 ms
INFO: at 7713.506 ms batch [4.697] delay 7.958 ms
INFO: at 7713.506 ms fetching 4.697 ms
INFO: at 7721.961 ms batch [35.155] delay 6.253 ms
INFO: at 7721.961 ms fetching 35.155 ms
INFO: at 7728.494 ms batch [5.554] delay 6.253 ms
INFO: at 7728.494 ms fetching 5.554 ms
INFO: at 7734.962 ms batch [4.394] delay 6.253 ms
INFO: at 7734.962 ms fetching 4.394 ms
INFO: at 7741.560 ms batch [31.520] delay 6.253 ms
INFO: at 7741.560 ms fetching 31.520 ms
INFO: at 7748.071 ms batch [32.255] delay 6.253 ms
INFO: at 7748.071 ms fetching 32.255 ms
INFO: at 7754.520 ms batch [4.953] delay 6.253 ms
INFO: at 7754.520 ms fetching 4.953 ms
INFO: at 7760.885 ms batch [35.209] delay 6.253 ms
INFO: at 7760.885 ms fetching 35.209 ms
INFO: at 7767.486 ms batch [5.648] delay 6.253 ms
INFO: at 7767.486 ms fetching 5.648 ms
INFO: at 7774.039 ms batch [4.845] delay 6.253 ms
INFO: at 7774.039 ms fetching 4.845 ms
INFO: at 7780.691 ms batch [37.617] delay 6.253 ms
INFO: at 7780.691 ms fetching 37.617 ms
INFO: at 7787.329 ms batch [4.795] delay 6.253 ms
INFO: at 7787.329 ms fetching 4.795 ms
INFO: at 7794.000 ms batch [5.805] delay 6.253 ms
INFO: at 7794.000 ms fetching 5.805 ms
INFO: at 7800.644 ms batch [35.048] delay 6.253 ms
INFO: at 7800.644 ms fetching 35.048 ms
INFO: at 7807.482 ms batch [34.547] delay 6.253 ms
INFO: at 7807.482 ms fetching 34.547 ms
INFO: at 7814.202 ms batch [5.208] delay 7.958 ms
INFO: at 7814.202 ms fetching 5.208 ms
INFO: at 7822.669 ms batch [35.399] delay 7.958 ms
INFO: at 7822.669 ms fetching 35.399 ms
INFO: at 7831.197 ms batch [36.693] delay 7.958 ms
INFO: at 7831.197 ms fetching 36.693 ms
INFO: at 7839.830 ms batch [4.605] delay 7.958 ms
INFO: at 7839.830 ms fetching 4.605 ms
INFO: at 7848.513 ms batch [4.681] delay 7.958 ms
INFO: at 7848.513 ms fetching 4.681 ms
INFO: at 7856.580 ms batch [34.907] delay 7.958 ms
INFO: at 7856.580 ms fetching 34.907 ms
INFO: at 7864.960 ms batch [34.663] delay 7.958 ms
INFO: at 7864.960 ms fetching 34.663 ms
INFO: at 7873.483 ms batch [34.434] delay 7.958 ms
INFO: at 7873.483 ms fetching 34.434 ms
INFO: at 7882.162 ms batch [4.935] delay 7.958 ms
INFO: at 7882.162 ms fetching 4.935 ms
INFO: at 7890.978 ms batch [5.326] delay 7.958 ms
INFO: at 7890.978 ms fetching 5.326 ms
INFO: at 7899.798 ms batch [35.772] delay 7.958 ms
INFO: at 7899.798 ms fetching 35.772 ms
INFO: at 7908.723 ms batch [5.271] delay 9.727 ms
INFO: at 7908.723 ms fetching 5.271 ms
INFO: at 7919.587 ms batch [39.298] delay 9.727 ms
INFO: at 7919.587 ms fetching 39.298 ms
INFO: at 7930.559 ms batch [35.664] delay 9.727 ms
INFO: at 7930.559 ms fetching 35.664 ms
INFO: at 7941.542 ms batch [33.811] delay 9.727 ms
INFO: at 7941.542 ms fetching 33.811 ms
INFO: at 7952.844 ms batch [38.359] delay 9.727 ms
INFO: at 7952.844 ms fetching 38.359 ms
INFO: at 7963.490 ms batch [4.740] delay 9.727 ms
INFO: at 7963.490 ms fetching 4.740 ms
INFO: at 7974.389 ms batch [34.336] delay 9.727 ms
INFO: at 7974.389 ms fetching 34.336 ms
INFO: at 7985.303 ms batch [35.491] delay 9.727 ms
INFO: at 7985.303 ms fetching 35.491 ms
INFO: at 7996.217 ms batch [35.741] delay 9.727 ms
INFO: at 7996.217 ms fetching 35.741 ms
INFO: at 8006.718 ms batch [33.002] delay 7.958 ms
INFO: at 8006.718 ms fetching 33.002 ms
INFO: at 8015.178 ms batch [33.148] delay 7.958 ms
INFO: at 8015.178 ms fetching 33.148 ms
INFO: at 8024.063 ms batch [32.466] delay 7.958 ms
INFO: at 8024.063 ms fetching 32.466 ms
INFO: at 8032.910 ms batch [31.919] delay 7.958 ms
INFO: at 8032.910 ms fetching 31.919 ms
INFO: at 8041.540 ms batch [4.428] delay 7.958 ms
INFO: at 8041.540 ms fetching 4.428 ms
INFO: at 8049.995 ms batch [32.155] delay 7.958 ms
INFO: at 8049.995 ms fetching 32.155 ms
INFO: at 8058.754 ms batch [33.993] delay 7.958 ms
INFO: at 8058.754 ms fetching 33.993 ms
INFO: at 8067.756 ms batch [36.057] delay 7.958 ms
INFO: at 8067.756 ms fetching 36.057 ms
INFO: at 8076.442 ms batch [4.157] delay 7.958 ms
INFO: at 8076.442 ms fetching 4.157 ms
INFO: at 8085.014 ms batch [36.184] delay 7.958 ms
INFO: at 8085.014 ms fetching 36.184 ms
INFO: at 8093.688 ms batch [35.863] delay 7.958 ms
INFO: at 8093.688 ms fetching 35.863 ms
INFO: at 8102.529 ms batch [34.973] delay 7.295 ms
INFO: at 8102.529 ms fetching 34.973 ms
INFO: at 8110.593 ms batch [35.835] delay 7.295 ms
INFO: at 8110.593 ms fetching 35.835 ms
INFO: at 8118.149 ms batch [5.117] delay 7.295 ms
INFO: at 8118.149 ms fetching 5.117 ms
INFO: at 8125.661 ms batch [3.970] delay 7.295 ms
INFO: at 8125.661 ms fetching 3.970 ms
INFO: at 8133.113 ms batch [4.708] delay 7.295 ms
INFO: at 8133.113 ms fetching 4.708 ms
INFO: at 8140.774 ms batch [33.079] delay 7.295 ms
INFO: at 8140.774 ms fetching 33.079 ms
INFO: at 8148.384 ms batch [37.348] delay 7.295 ms
INFO: at 8148.384 ms fetching 37.348 ms
INFO: at 8155.849 ms batch [4.710] delay 7.295 ms
INFO: at 8155.849 ms fetching 4.710 ms
INFO: at 8163.655 ms batch [5.015] delay 7.295 ms
INFO: at 8163.655 ms fetching 5.015 ms
INFO: at 8171.781 ms batch [4.800] delay 7.295 ms
INFO: at 8171.781 ms fetching 4.800 ms
INFO: at 8179.497 ms batch [34.298] delay 7.295 ms
INFO: at 8179.497 ms fetching 34.298 ms
INFO: at 8187.212 ms batch [4.354] delay 7.295 ms
INFO: at 8187.212 ms fetching 4.354 ms
INFO: at 8194.991 ms batch [38.269] delay 7.958 ms
INFO: at 8194.991 ms fetching 38.269 ms
INFO: at 8203.810 ms batch [4.489] delay 7.958 ms
INFO: at 8203.810 ms fetching 4.489 ms
INFO: at 8212.656 ms batch [4.380] delay 7.958 ms
INFO: at 8212.656 ms fetching 4.380 ms
INFO: at 8221.603 ms batch [33.238] delay 7.958 ms
INFO: at 8221.603 ms fetching 33.238 ms
INFO: at 8230.607 ms batch [36.173] delay 7.958 ms
INFO: at 8230.607 ms fetching 36.173 ms
INFO: at 8238.853 ms batch [33.661] delay 7.958 ms
INFO: at 8238.853 ms fetching 33.661 ms
INFO: at 8247.628 ms batch [5.062] delay 7.958 ms
INFO: at 8247.628 ms fetching 5.062 ms
INFO: at 8256.589 ms batch [39.458] delay 7.958 ms
INFO: at 8256.589 ms fetching 39.458 ms
INFO: at 8265.698 ms batch [3.793] delay 7.958 ms
INFO: at 8265.698 ms fetching 3.793 ms
INFO: at 8274.624 ms batch [34.863] delay 7.958 ms
INFO: at 8274.624 ms fetching 34.863 ms
INFO: at 8283.229 ms batch [36.726] delay 7.958 ms
INFO: at 8283.229 ms fetching 36.726 ms
INFO: at 8291.854 ms batch [4.501] delay 5.836 ms
INFO: at 8291.854 ms fetching 4.501 ms
INFO: at 8298.702 ms batch [4.559] delay 5.836 ms
INFO: at 8298.702 ms fetching 4.559 ms
INFO: at 8305.690 ms batch [4.853] delay 5.836 ms
INFO: at 8305.690 ms fetching 4.853 ms
INFO: at 8311.817 ms batch [4.731] delay 5.836 ms
INFO: at 8311.817 ms fetching 4.731 ms
INFO: at 8317.917 ms batch [35.804] delay 5.836 ms
INFO: at 8317.917 ms fetching 35.804 ms
INFO: at 8324.919 ms batch [37.822] delay 5.836 ms
INFO: at 8324.919 ms fetching 37.822 ms
INFO: at 8331.768 ms batch [37.759] delay 5.836 ms
INFO: at 8331.768 ms fetching 37.759 ms
INFO: at 8338.694 ms batch [4.267] delay 5.836 ms
INFO: at 8338.694 ms fetching 4.267 ms
INFO: at 8345.388 ms batch [5.375] delay 5.836 ms
INFO: at 8345.388 ms fetching 5.375 ms
INFO: at 8352.396 ms batch [5.616] delay 5.836 ms
INFO: at 8352.396 ms fetching 5.616 ms
INFO: at 8359.099 ms batch [4.408] delay 5.836 ms
INFO: at 8359.099 ms fetching 4.408 ms
INFO: at 8365.790 ms batch [4.751] delay 5.836 ms
INFO: at 8365.790 ms fetching 4.751 ms
INFO: at 8372.695 ms batch [39.719] delay 5.836 ms
INFO: at 8372.695 ms fetching 39.719 ms
INFO: at 8379.617 ms batch [4.491] delay 5.836 ms
INFO: at 8379.617 ms fetching 4.491 ms
INFO: at 8385.783 ms batch [36.624] delay 5.836 ms
INFO: at 8385.783 ms fetching 36.624 ms
INFO: at 8392.530 ms batch [35.575] delay 9.727 ms
INFO: at 8392.530 ms fetching 35.575 ms
INFO: at 8403.520 ms batch [34.984] delay 9.727 ms
INFO: at 8403.520 ms fetching 34.984 ms
INFO: at 8414.409 ms batch [37.711] delay 9.727 ms
INFO: at 8414.409 ms fetching 37.711 ms
INFO: at 8425.497 ms batch [37.634] delay 9.727 ms
INFO: at 8425.497 ms fetching 37.634 ms
INFO: at 8436.485 ms batch [4.675] delay 9.727 ms
INFO: at 8436.485 ms fetching 4.675 ms
INFO: at 8447.406 ms batch [4.467] delay 9.727 ms
INFO: at 8447.406 ms fetching 4.467 ms
INFO: at 8457.852 ms batch [36.081] delay 9.727 ms
INFO: at 8457.852 ms fetching 36.081 ms
INFO: at 8468.473 ms batch [33.565] delay 9.727 ms
INFO: at 8468.473 ms fetching 33.565 ms
INFO: at 8479.161 ms batch [5.245] delay 9.727 ms
INFO: at 8479.161 ms fetching 5.245 ms
INFO: at 8489.992 ms batch [4.990] delay 8.754 ms
INFO: at 8489.992 ms fetching 4.990 ms
INFO: at 8500.846 ms batch [4.484] delay 8.754 ms
INFO: at 8500.846 ms fetching 4.484 ms
INFO: at 8511.730 ms batch [37.214] delay 8.754 ms
INFO: at 8511.730 ms fetching 37.214 ms
INFO: at 8520.729 ms batch [4.439] delay 8.754 ms
INFO: at 8520.729 ms fetching 4.439 ms
INFO: at 8531.311 ms batch [5.188] delay 8.754 ms
INFO: at 8531.311 ms fetching 5.188 ms
INFO: at 8542.104 ms batch [4.274] delay 8.754 ms
INFO: at 8542.104 ms fetching 4.274 ms
INFO: at 8551.109 ms batch [4.713] delay 8.754 ms
INFO: at 8551.109 ms fetching 4.713 ms
INFO: at 8560.445 ms batch [4.076] delay 8.754 ms
INFO: at 8560.445 ms fetching 4.076 ms
INFO: at 8571.176 ms batch [4.444] delay 8.754 ms
INFO: at 8571.176 ms fetching 4.444 ms
INFO: at 8581.961 ms batch [36.119] delay 8.754 ms
INFO: at 8581.961 ms fetching 36.119 ms
INFO: at 8592.679 ms batch [37.540] delay 7.958 ms
INFO: at 8592.679 ms fetching 37.540 ms
INFO: at 8601.401 ms batch [4.909] delay 7.958 ms
INFO: at 8601.401 ms fetching 4.909 ms
INFO: at 8610.160 ms batch [35.554] delay 7.958 ms
INFO: at 8610.160 ms fetching 35.554 ms
INFO: at 8618.653 ms batch [5.426] delay 7.958 ms
INFO: at 8618.653 ms fetching 5.426 ms
INFO: at 8627.231 ms batch [37.143] delay 7.958 ms
INFO: at 8627.231 ms fetching 37.143 ms
INFO: at 8635.901 ms batch [3.978] delay 7.958 ms
INFO: at 8635.901 ms fetching 3.978 ms
INFO: at 8644.590 ms batch [4.629] delay 7.958 ms
INFO: at 8644.590 ms fetching 4.629 ms
INFO: at 8653.221 ms batch [33.441] delay 7.958 ms
INFO: at 8653.221 ms fetching 33.441 ms
INFO: at 8662.174 ms batch [35.126] delay 7.958 ms
INFO: at 8662.174 ms fetching 35.126 ms
INFO: at 8670.807 ms batch [36.769] delay 7.958 ms
INFO: at 8670.807 ms fetching 36.769 ms
INFO: at 8679.457 ms batch [31.856] delay 7.958 ms
INFO: at 8679.457 ms fetching 31.856 ms
INFO: at 8687.941 ms batch [4.399] delay 6.734 ms
INFO: at 8687.941 ms fetching 4.399 ms
INFO: at 8695.516 ms batch [33.743] delay 6.734 ms
INFO: at 8695.516 ms fetching 33.743 ms
INFO: at 8703.025 ms batch [5.059] delay 6.734 ms
INFO: at 8703.025 ms fetching 5.059 ms
INFO: at 8710.546 ms batch [3.669] delay 6.734 ms
INFO: at 8710.546 ms fetching 3.669 ms
INFO: at 8718.059 ms batch [4.453] delay 6.734 ms
INFO: at 8718.059 ms fetching 4.453 ms
INFO: at 8725.773 ms batch [4.956] delay 6.734 ms
INFO: at 8725.773 ms fetching 4.956 ms
INFO: at 8733.618 ms batch [4.295] delay 6.734 ms
INFO: at 8733.618 ms fetching 4.295 ms
INFO: at 8741.351 ms batch [35.295] delay 6.734 ms
INFO: at 8741.351 ms fetching 35.295 ms
INFO: at 8748.926 ms batch [5.192] delay 6.734 ms
INFO: at 8748.926 ms fetching 5.192 ms
INFO: at 8755.793 ms batch [4.351] delay 6.734 ms
INFO: at 8755.793 ms fetching 4.351 ms
INFO: at 8762.735 ms batch [4.607] delay 6.734 ms
INFO: at 8762.735 ms fetching 4.607 ms
INFO: at 8769.737 ms batch [37.262] delay 6.734 ms
INFO: at 8769.737 ms fetching 37.262 ms
INFO: at 8777.544 ms batch [34.826] delay 6.734 ms
INFO: at 8777.544 ms fetching 34.826 ms
INFO: at 8785.260 ms batch [4.621] delay 6.253 ms
INFO: at 8785.260 ms fetching 4.621 ms
INFO: at 8792.019 ms batch [38.969] delay 6.253 ms
INFO: at 8792.019 ms fetching 38.969 ms
INFO: at 8798.760 ms batch [5.726] delay 6.253 ms
INFO: at 8798.760 ms fetching 5.726 ms
INFO: at 8805.785 ms batch [38.205] delay 6.253 ms
INFO: at 8805.785 ms fetching 38.205 ms
INFO: at 8812.851 ms batch [36.235] delay 6.253 ms
INFO: at 8812.851 ms fetching 36.235 ms
INFO: at 8819.864 ms batch [5.390] delay 6.253 ms
INFO: at 8819.864 ms fetching 5.390 ms
INFO: at 8826.664 ms batch [38.669] delay 6.253 ms
INFO: at 8826.664 ms fetching 38.669 ms
INFO: at 8833.325 ms batch [34.510] delay 6.253 ms
INFO: at 8833.325 ms fetching 34.510 ms
INFO: at 8839.959 ms batch [5.541] delay 6.253 ms
INFO: at 8839.959 ms fetching 5.541 ms
INFO: at 8846.555 ms batch [38.763] delay 6.253 ms
INFO: at 8846.555 ms fetching 38.763 ms
INFO: at 8853.335 ms batch [4.152] delay 6.253 ms
INFO: at 8853.335 ms fetching 4.152 ms
INFO: at 8860.321 ms batch [33.678] delay 6.253 ms
INFO: at 8860.321 ms fetching 33.678 ms
INFO: at 8866.858 ms batch [35.241] delay 6.253 ms
INFO: at 8866.858 ms fetching 35.241 ms
INFO: at 8873.362 ms batch [3.502] delay 6.253 ms
INFO: at 8873.362 ms fetching 3.502 ms
INFO: at 8880.050 ms batch [4.327] delay 7.958 ms
INFO: at 8880.050 ms fetching 4.327 ms
INFO: at 8888.859 ms batch [5.260] delay 7.958 ms
INFO: at 8888.859 ms fetching 5.260 ms
INFO: at 8897.511 ms batch [34.362] delay 7.958 ms
INFO: at 8897.511 ms fetching 34.362 ms
INFO: at 8906.082 ms batch [5.509] delay 7.958 ms
INFO: at 8906.082 ms fetching 5.509 ms
INFO: at 8914.873 ms batch [33.841] delay 7.958 ms
INFO: at 8914.873 ms fetching 33.841 ms
INFO: at 8923.532 ms batch [34.271] delay 7.958 ms
INFO: at 8923.532 ms fetching 34.271 ms
INFO: at 8932.174 ms batch [34.065] delay 7.958 ms
INFO: at 8932.174 ms fetching 34.065 ms
INFO: at 8940.922 ms batch [35.254] delay 7.958 ms
INFO: at 8940.922 ms fetching 35.254 ms
INFO: at 8949.546 ms batch [36.204] delay 7.958 ms
INFO: at 8949.546 ms fetching 36.204 ms
INFO: at 8958.020 ms batch [4.616] delay 7.958 ms
INFO: at 8958.020 ms fetching 4.616 ms
INFO: at 8966.895 ms batch [33.194] delay 7.958 ms
INFO: at 8966.895 ms fetching 33.194 ms
INFO: at 8975.529 ms batch [39.582] delay 8.754 ms
INFO: at 8975.529 ms fetching 39.582 ms
INFO: at 8986.342 ms batch [37.018] delay 8.754 ms
INFO: at 8986.342 ms fetching 37.018 ms
INFO: at 8996.859 ms batch [33.170] delay 8.754 ms
INFO: at 8996.859 ms fetching 33.170 ms
INFO: at 9007.485 ms batch [5.038] delay 8.754 ms
INFO: at 9007.485 ms fetching 5.038 ms
INFO: at 9018.004 ms batch [35.222] delay 8.754 ms
INFO: at 9018.004 ms fetching 35.222 ms
INFO: at 9028.495 ms batch [39.888] delay 8.754 ms
INFO: at 9028.495 ms fetching 39.888 ms
INFO: at 9039.203 ms batch [34.008] delay 8.754 ms
INFO: at 9039.203 ms fetching 34.008 ms
INFO: at 9048.374 ms batch [4.944] delay 8.754 ms
INFO: at 9048.374 ms fetching 4.944 ms
INFO: at 9057.829 ms batch [37.895] delay 8.754 ms
INFO: at 9057.829 ms fetching 37.895 ms
INFO: at 9067.164 ms batch [36.982] delay 8.754 ms
INFO: at 9067.164 ms fetching 36.982 ms
INFO: at 9076.342 ms batch [36.140] delay 6.253 ms
INFO: at 9076.342 ms fetching 36.140 ms
INFO: at 9083.275 ms batch [36.214] delay 6.253 ms
INFO: at 9083.275 ms fetching 36.214 ms
INFO: at 9089.951 ms batch [5.459] delay 6.253 ms
INFO: at 9089.951 ms fetching 5.459 ms
INFO: at 9096.778 ms batch [4.611] delay 6.253 ms
INFO: at 9096.778 ms fetching 4.611 ms
INFO: at 9103.708 ms batch [4.532] delay 6.253 ms
INFO: at 9103.708 ms fetching 4.532 ms
INFO: at 9110.663 ms batch [38.795] delay 6.253 ms
INFO: at 9110.663 ms fetching 38.795 ms
INFO: at 9117.330 ms batch [37.838] delay 6.253 ms
INFO: at 9117.330 ms fetching 37.838 ms
INFO: at 9124.036 ms batch [4.871] delay 6.253 ms
INFO: at 9124.036 ms fetching 4.871 ms
INFO: at 9131.051 ms batch [4.285] delay 6.253 ms
INFO: at 9131.051 ms fetching 4.285 ms
INFO: at 9138.227 ms batch [36.670] delay 6.253 ms
INFO: at 9138.227 ms fetching 36.670 ms
INFO: at 9145.424 ms batch [34.446] delay 6.253 ms
INFO: at 9145.424 ms fetching 34.446 ms
INFO: at 9152.257 ms batch [35.431] delay 6.253 ms
INFO: at 9152.257 ms fetching 35.431 ms
INFO: done
INFO: stopping nexus
