22-04-19:08:37:20 INFO     [docker_container_manager.py:192] [default-cluster] Starting managed Redis instance in Docker
22-04-19:08:37:22 INFO     [docker_container_manager.py:294] [default-cluster] Metric Configuration Saved at /tmp/tmp_7gsy_j1.yml
22-04-19:08:37:23 INFO     [clipper_admin.py:162] [default-cluster] Clipper is running
22-04-19:08:37:23 INFO     [clipper_admin.py:236] [default-cluster] Application fake-model was successfully registered
22-04-19:08:37:23 INFO     [deployer_utils.py:41] Saving function to /tmp/tmphnvtf2ohclipper
22-04-19:08:37:23 INFO     [deployer_utils.py:51] Serialized and supplied predict function
22-04-19:08:37:23 INFO     [python.py:192] Python closure saved
22-04-19:08:37:23 INFO     [python.py:210] Using Python 3.7 base image
22-04-19:08:37:23 INFO     [clipper_admin.py:534] [default-cluster] Building model Docker image with model data from /tmp/tmphnvtf2ohclipper
22-04-19:08:37:23 INFO     [clipper_admin.py:539] [default-cluster] Step 1/2 : FROM clipper/python37-closure-container:develop
22-04-19:08:37:23 INFO     [clipper_admin.py:539] [default-cluster]  ---> 2660542c0759
22-04-19:08:37:23 INFO     [clipper_admin.py:539] [default-cluster] Step 2/2 : COPY /tmp/tmphnvtf2ohclipper /model/
22-04-19:08:37:23 INFO     [clipper_admin.py:539] [default-cluster]  ---> a8b37d69ad8b
22-04-19:08:37:23 INFO     [clipper_admin.py:539] [default-cluster] Successfully built a8b37d69ad8b
22-04-19:08:37:23 INFO     [clipper_admin.py:539] [default-cluster] Successfully tagged default-cluster-fake-model:1
22-04-19:08:37:23 INFO     [clipper_admin.py:541] [default-cluster] Pushing model Docker image to default-cluster-fake-model:1
22-04-19:08:37:24 INFO     [docker_container_manager.py:433] [default-cluster] Found 0 replicas for fake-model:1. Adding 1
22-04-19:08:37:24 INFO     [clipper_admin.py:724] [default-cluster] Successfully registered model fake-model:1
22-04-19:08:37:24 INFO     [clipper_admin.py:642] [default-cluster] Done deploying model fake-model:1.
22-04-19:08:37:24 INFO     [clipper_admin.py:303] [default-cluster] Model fake-model is now linked to application fake-model
INFO: ready to go
INFO: rock and roll
INFO: at 5.599 ms batch [3.874] delay 1.937 ms
INFO: at 7.538 ms batch [3.874] delay 1.937 ms
INFO: at 9.477 ms batch [3.874] delay 1.937 ms
INFO: at 11.415 ms batch [3.874] delay 1.937 ms
INFO: at 13.354 ms batch [3.874] delay 1.937 ms
INFO: at 15.292 ms batch [3.874] delay 1.937 ms
INFO: at 17.229 ms batch [3.874] delay 1.937 ms
INFO: at 19.168 ms batch [3.874] delay 1.937 ms
INFO: at 21.106 ms batch [3.874] delay 1.937 ms
INFO: at 23.044 ms batch [3.874] delay 1.937 ms
INFO: at 24.982 ms batch [3.874] delay 2.421 ms
INFO: at 27.405 ms batch [3.874] delay 2.421 ms
INFO: at 29.827 ms batch [3.874] delay 2.421 ms
INFO: at 32.249 ms batch [3.874] delay 2.421 ms
INFO: at 34.671 ms batch [3.874] delay 2.421 ms
INFO: at 37.094 ms batch [3.874] delay 2.421 ms
INFO: at 39.516 ms batch [3.874] delay 2.421 ms
INFO: at 41.938 ms batch [3.874] delay 2.421 ms
INFO: at 44.360 ms batch [3.874] delay 1.614 ms
INFO: at 45.976 ms batch [3.874] delay 1.614 ms
INFO: at 47.591 ms batch [3.874] delay 1.614 ms
INFO: at 49.206 ms batch [3.874] delay 1.614 ms
INFO: at 50.821 ms batch [3.874] delay 1.614 ms
INFO: at 52.436 ms batch [3.874] delay 1.614 ms
INFO: at 54.052 ms batch [3.874] delay 1.614 ms
INFO: at 55.667 ms batch [3.874] delay 1.614 ms
INFO: at 57.282 ms batch [3.874] delay 1.614 ms
INFO: at 58.897 ms batch [3.874] delay 1.614 ms
INFO: at 60.512 ms batch [3.874] delay 1.614 ms
INFO: at 62.127 ms batch [3.874] delay 1.614 ms
INFO: at 63.743 ms batch [3.874] delay 1.291 ms
INFO: at 65.035 ms batch [3.874] delay 1.291 ms
INFO: at 66.327 ms batch [3.874] delay 1.291 ms
INFO: at 67.619 ms batch [3.874] delay 1.291 ms
INFO: at 68.911 ms batch [3.874] delay 1.291 ms
INFO: at 70.204 ms batch [3.874] delay 1.291 ms
INFO: at 71.496 ms batch [3.874] delay 1.291 ms
INFO: at 72.788 ms batch [3.874] delay 1.291 ms
INFO: at 74.080 ms batch [3.874] delay 1.291 ms
INFO: at 75.373 ms batch [3.874] delay 1.291 ms
INFO: at 76.665 ms batch [3.874] delay 1.291 ms
INFO: at 77.957 ms batch [3.874] delay 1.291 ms
INFO: at 79.252 ms batch [3.874] delay 1.291 ms
INFO: at 80.544 ms batch [3.874] delay 1.291 ms
INFO: at 81.837 ms batch [3.874] delay 1.291 ms
INFO: at 83.129 ms batch [3.874] delay 2.152 ms
INFO: at 85.282 ms batch [3.874] delay 2.152 ms
INFO: at 87.435 ms batch [3.874] delay 2.152 ms
INFO: at 89.588 ms batch [3.874] delay 2.152 ms
INFO: at 91.741 ms batch [3.874] delay 2.152 ms
INFO: at 93.895 ms batch [3.874] delay 2.152 ms
INFO: at 96.048 ms batch [3.874] delay 2.152 ms
INFO: at 98.202 ms batch [3.874] delay 2.152 ms
INFO: at 100.355 ms batch [3.874] delay 2.152 ms
INFO: at 102.508 ms batch [3.874] delay 1.937 ms
INFO: at 104.446 ms batch [3.874] delay 1.937 ms
INFO: at 106.384 ms batch [3.874] delay 1.937 ms
INFO: at 108.321 ms batch [3.874] delay 1.937 ms
INFO: at 110.259 ms batch [3.874] delay 1.937 ms
INFO: at 112.197 ms batch [3.874] delay 1.937 ms
INFO: at 114.149 ms batch [3.874] delay 1.937 ms
INFO: at 116.091 ms batch [3.874] delay 1.937 ms
INFO: at 118.034 ms batch [3.874] delay 1.937 ms
INFO: at 119.974 ms batch [3.874] delay 1.937 ms
INFO: at 121.914 ms batch [3.874] delay 1.761 ms
INFO: at 123.678 ms batch [3.874] delay 1.761 ms
INFO: at 125.444 ms batch [3.874] delay 1.761 ms
INFO: at 127.206 ms batch [3.874] delay 1.761 ms
INFO: at 128.968 ms batch [3.874] delay 1.761 ms
INFO: at 130.730 ms batch [3.874] delay 1.761 ms
INFO: at 132.492 ms batch [3.874] delay 1.761 ms
INFO: at 134.254 ms batch [3.874] delay 1.761 ms
INFO: at 136.016 ms batch [3.874] delay 1.761 ms
INFO: at 137.778 ms batch [3.874] delay 1.761 ms
INFO: at 139.540 ms batch [3.874] delay 1.761 ms
INFO: at 141.302 ms batch [3.874] delay 2.152 ms
INFO: at 143.456 ms batch [3.874] delay 2.152 ms
INFO: at 145.609 ms batch [3.874] delay 2.152 ms
INFO: at 147.763 ms batch [3.874] delay 2.152 ms
INFO: at 149.916 ms batch [3.874] delay 2.152 ms
INFO: at 152.069 ms batch [3.874] delay 2.152 ms
INFO: at 154.222 ms batch [3.874] delay 2.152 ms
INFO: at 156.376 ms batch [3.874] delay 2.152 ms
INFO: at 158.529 ms batch [3.874] delay 2.152 ms
INFO: at 160.682 ms batch [3.874] delay 1.937 ms
INFO: at 162.620 ms batch [3.874] delay 1.937 ms
INFO: at 164.558 ms batch [3.874] delay 1.937 ms
INFO: at 166.497 ms batch [3.874] delay 1.937 ms
INFO: at 168.435 ms batch [3.874] delay 1.937 ms
INFO: at 170.373 ms batch [3.874] delay 1.937 ms
INFO: at 172.311 ms batch [3.874] delay 1.937 ms
INFO: at 174.249 ms batch [3.874] delay 1.937 ms
INFO: at 176.187 ms batch [3.874] delay 1.937 ms
INFO: at 178.125 ms batch [3.874] delay 1.937 ms
INFO: at 180.063 ms batch [3.874] delay 1.761 ms
INFO: at 181.825 ms batch [3.874] delay 1.761 ms
INFO: at 183.587 ms batch [3.874] delay 1.761 ms
INFO: at 185.348 ms batch [3.874] delay 1.761 ms
INFO: at 187.110 ms batch [3.874] delay 1.761 ms
INFO: at 188.872 ms batch [3.874] delay 1.761 ms
INFO: at 190.634 ms batch [3.874] delay 1.761 ms
INFO: at 192.396 ms batch [3.874] delay 1.761 ms
INFO: at 194.158 ms batch [3.874] delay 1.761 ms
INFO: at 195.920 ms batch [3.874] delay 1.761 ms
INFO: at 197.681 ms batch [3.874] delay 1.761 ms
INFO: at 199.443 ms batch [3.874] delay 1.937 ms
INFO: at 201.381 ms batch [3.874] delay 1.937 ms
INFO: at 203.319 ms batch [3.874] delay 1.937 ms
INFO: at 205.257 ms batch [3.874] delay 1.937 ms
INFO: at 207.195 ms batch [3.874] delay 1.937 ms
INFO: at 209.133 ms batch [3.874] delay 1.937 ms
INFO: at 211.071 ms batch [3.874] delay 1.937 ms
INFO: at 213.009 ms batch [3.874] delay 1.937 ms
INFO: at 214.947 ms batch [3.874] delay 1.937 ms
INFO: at 216.885 ms batch [3.874] delay 1.937 ms
INFO: at 218.823 ms batch [3.874] delay 1.614 ms
INFO: at 220.438 ms batch [3.874] delay 1.614 ms
INFO: at 222.053 ms batch [3.874] delay 1.614 ms
INFO: at 223.668 ms batch [3.874] delay 1.614 ms
INFO: at 225.283 ms batch [3.874] delay 1.614 ms
INFO: at 226.899 ms batch [3.874] delay 1.614 ms
INFO: at 228.514 ms batch [3.874] delay 1.614 ms
INFO: at 230.129 ms batch [3.874] delay 1.614 ms
INFO: at 231.744 ms batch [3.874] delay 1.614 ms
INFO: at 233.397 ms batch [3.874] delay 1.614 ms
INFO: at 235.013 ms batch [3.874] delay 1.614 ms
INFO: at 236.628 ms batch [3.874] delay 1.614 ms
INFO: at 238.243 ms batch [3.874] delay 1.937 ms
INFO: at 240.181 ms batch [3.874] delay 1.937 ms
INFO: at 242.119 ms batch [3.874] delay 1.937 ms
INFO: at 244.057 ms batch [3.874] delay 1.937 ms
INFO: at 245.996 ms batch [3.874] delay 1.937 ms
INFO: at 247.934 ms batch [3.874] delay 1.937 ms
INFO: at 249.872 ms batch [3.874] delay 1.937 ms
INFO: at 251.810 ms batch [3.874] delay 1.937 ms
INFO: at 253.748 ms batch [3.874] delay 1.937 ms
INFO: at 255.686 ms batch [3.874] delay 1.937 ms
INFO: at 257.624 ms batch [3.874] delay 1.761 ms
INFO: at 259.386 ms batch [3.874] delay 1.761 ms
INFO: at 261.148 ms batch [3.874] delay 1.761 ms
INFO: at 262.910 ms batch [3.874] delay 1.761 ms
INFO: at 264.671 ms batch [3.874] delay 1.761 ms
INFO: at 266.433 ms batch [3.874] delay 1.761 ms
INFO: at 268.195 ms batch [3.874] delay 1.761 ms
INFO: at 269.957 ms batch [3.874] delay 1.761 ms
INFO: at 271.719 ms batch [3.874] delay 1.761 ms
INFO: at 273.481 ms batch [3.874] delay 1.761 ms
INFO: at 275.243 ms batch [3.874] delay 1.761 ms
INFO: at 277.004 ms batch [3.874] delay 2.152 ms
INFO: at 279.158 ms batch [3.874] delay 2.152 ms
INFO: at 281.311 ms batch [3.874] delay 2.152 ms
INFO: at 283.513 ms batch [3.874] delay 2.152 ms
INFO: at 285.667 ms batch [3.874] delay 2.152 ms
INFO: at 287.820 ms batch [3.874] delay 2.152 ms
INFO: at 289.977 ms batch [3.874] delay 2.152 ms
INFO: at 292.130 ms batch [3.874] delay 2.152 ms
INFO: at 294.283 ms batch [3.874] delay 2.152 ms
INFO: at 296.440 ms batch [3.874] delay 1.490 ms
INFO: at 297.931 ms batch [3.874] delay 1.490 ms
INFO: at 299.422 ms batch [3.874] delay 1.490 ms
INFO: at 300.913 ms batch [3.874] delay 1.490 ms
INFO: at 302.404 ms batch [3.874] delay 1.490 ms
INFO: at 303.895 ms batch [3.874] delay 1.490 ms
INFO: at 305.386 ms batch [3.874] delay 1.490 ms
INFO: at 306.881 ms batch [3.874] delay 1.490 ms
INFO: at 308.372 ms batch [3.874] delay 1.490 ms
INFO: at 309.863 ms batch [3.874] delay 1.490 ms
INFO: at 311.354 ms batch [3.874] delay 1.490 ms
INFO: at 312.845 ms batch [3.874] delay 1.490 ms
INFO: at 314.336 ms batch [3.874] delay 1.490 ms
INFO: at 315.827 ms batch [3.874] delay 2.152 ms
INFO: at 317.980 ms batch [3.874] delay 2.152 ms
INFO: at 320.133 ms batch [3.874] delay 2.152 ms
INFO: at 322.287 ms batch [3.874] delay 2.152 ms
INFO: at 324.439 ms batch [3.874] delay 2.152 ms
INFO: at 326.592 ms batch [3.874] delay 2.152 ms
INFO: at 328.746 ms batch [3.874] delay 2.152 ms
INFO: at 330.898 ms batch [3.874] delay 2.152 ms
INFO: at 333.051 ms batch [3.874] delay 2.152 ms
INFO: at 335.205 ms batch [3.874] delay 3.229 ms
INFO: at 338.434 ms batch [3.874] delay 3.229 ms
INFO: at 341.664 ms batch [3.874] delay 3.229 ms
INFO: at 344.897 ms batch [3.874] delay 3.229 ms
INFO: at 348.126 ms batch [3.874] delay 3.229 ms
INFO: at 351.355 ms batch [3.874] delay 3.229 ms
INFO: at 354.584 ms batch [3.874] delay 2.152 ms
INFO: at 356.737 ms batch [3.874] delay 2.152 ms
INFO: at 358.891 ms batch [3.874] delay 2.152 ms
INFO: at 361.047 ms batch [3.874] delay 2.152 ms
INFO: at 363.201 ms batch [3.874] delay 2.152 ms
INFO: at 365.354 ms batch [3.874] delay 2.152 ms
INFO: at 367.507 ms batch [3.874] delay 2.152 ms
INFO: at 369.660 ms batch [3.874] delay 2.152 ms
INFO: at 371.813 ms batch [3.874] delay 2.152 ms
INFO: at 373.966 ms batch [3.874] delay 2.152 ms
INFO: at 376.119 ms batch [3.874] delay 2.152 ms
INFO: at 378.276 ms batch [3.874] delay 2.152 ms
INFO: at 380.429 ms batch [3.874] delay 2.152 ms
INFO: at 382.583 ms batch [3.874] delay 2.152 ms
INFO: at 384.736 ms batch [3.874] delay 2.152 ms
INFO: at 386.889 ms batch [3.874] delay 2.152 ms
INFO: at 389.042 ms batch [3.874] delay 2.152 ms
INFO: at 391.195 ms batch [3.874] delay 2.152 ms
INFO: at 393.352 ms batch [3.874] delay 3.229 ms
INFO: at 396.581 ms batch [3.874] delay 3.229 ms
INFO: at 399.810 ms batch [3.874] delay 3.229 ms
INFO: at 403.039 ms batch [3.874] delay 3.229 ms
INFO: at 406.269 ms batch [3.874] delay 3.229 ms
INFO: at 409.498 ms batch [3.874] delay 3.229 ms
INFO: at 412.727 ms batch [3.874] delay 1.761 ms
INFO: at 414.489 ms batch [3.874] delay 1.761 ms
INFO: at 416.251 ms batch [3.874] delay 1.761 ms
INFO: at 418.012 ms batch [3.874] delay 1.761 ms
INFO: at 419.774 ms batch [3.874] delay 1.761 ms
INFO: at 421.536 ms batch [3.874] delay 1.761 ms
INFO: at 423.298 ms batch [3.874] delay 1.761 ms
INFO: at 425.060 ms batch [3.874] delay 1.761 ms
INFO: at 426.822 ms batch [3.874] delay 1.761 ms
INFO: at 428.583 ms batch [3.874] delay 1.761 ms
INFO: at 430.345 ms batch [3.874] delay 1.761 ms
INFO: at 432.107 ms batch [3.874] delay 1.937 ms
INFO: at 434.044 ms batch [3.874] delay 1.937 ms
INFO: at 435.983 ms batch [3.874] delay 1.937 ms
INFO: at 437.920 ms batch [3.874] delay 1.937 ms
INFO: at 439.858 ms batch [3.874] delay 1.937 ms
INFO: at 441.796 ms batch [3.874] delay 1.937 ms
INFO: at 443.734 ms batch [3.874] delay 1.937 ms
INFO: at 445.676 ms batch [3.874] delay 1.937 ms
INFO: at 447.614 ms batch [3.874] delay 1.937 ms
INFO: at 449.552 ms batch [3.874] delay 1.937 ms
INFO: at 451.490 ms batch [3.874] delay 1.761 ms
INFO: at 453.251 ms batch [3.874] delay 1.761 ms
INFO: at 455.013 ms batch [3.874] delay 1.761 ms
INFO: at 456.775 ms batch [3.874] delay 1.761 ms
INFO: at 458.536 ms batch [3.874] delay 1.761 ms
INFO: at 460.298 ms batch [3.874] delay 1.761 ms
INFO: at 462.060 ms batch [3.874] delay 1.761 ms
INFO: at 463.822 ms batch [3.874] delay 1.761 ms
INFO: at 465.584 ms batch [3.874] delay 1.761 ms
INFO: at 467.345 ms batch [3.874] delay 1.761 ms
INFO: at 469.107 ms batch [3.874] delay 1.761 ms
INFO: at 470.869 ms batch [3.874] delay 1.761 ms
INFO: at 472.631 ms batch [3.874] delay 1.761 ms
INFO: at 474.393 ms batch [3.874] delay 1.761 ms
INFO: at 476.155 ms batch [3.874] delay 1.761 ms
INFO: at 477.917 ms batch [3.874] delay 1.761 ms
INFO: at 479.678 ms batch [3.874] delay 1.761 ms
INFO: at 481.440 ms batch [3.874] delay 1.761 ms
INFO: at 483.202 ms batch [3.874] delay 1.761 ms
INFO: at 484.964 ms batch [3.874] delay 1.761 ms
INFO: at 486.725 ms batch [3.874] delay 1.761 ms
INFO: at 488.487 ms batch [3.874] delay 1.761 ms
INFO: at 490.249 ms batch [3.874] delay 1.384 ms
INFO: at 491.633 ms batch [3.874] delay 1.384 ms
INFO: at 493.017 ms batch [3.874] delay 1.384 ms
INFO: at 494.402 ms batch [3.874] delay 1.384 ms
INFO: at 495.786 ms batch [3.874] delay 1.384 ms
INFO: at 497.171 ms batch [3.874] delay 1.384 ms
INFO: at 498.555 ms batch [3.874] delay 1.384 ms
INFO: at 499.940 ms batch [3.874] delay 1.384 ms
INFO: at 501.324 ms batch [3.874] delay 1.384 ms
INFO: at 502.708 ms batch [3.874] delay 1.384 ms
INFO: at 504.092 ms batch [3.874] delay 1.384 ms
INFO: at 505.477 ms batch [3.874] delay 1.384 ms
INFO: at 506.861 ms batch [3.874] delay 1.384 ms
INFO: at 508.246 ms batch [3.874] delay 1.384 ms
INFO: at 509.648 ms batch [3.874] delay 1.937 ms
INFO: at 511.585 ms batch [3.874] delay 1.937 ms
INFO: at 513.523 ms batch [3.874] delay 1.937 ms
INFO: at 515.461 ms batch [3.874] delay 1.937 ms
INFO: at 517.399 ms batch [3.874] delay 1.937 ms
INFO: at 519.337 ms batch [3.874] delay 1.937 ms
INFO: at 521.275 ms batch [3.874] delay 1.937 ms
INFO: at 523.213 ms batch [3.874] delay 1.937 ms
INFO: at 525.150 ms batch [3.874] delay 1.937 ms
INFO: at 527.088 ms batch [3.874] delay 1.937 ms
INFO: at 529.026 ms batch [3.874] delay 1.614 ms
INFO: at 530.641 ms batch [3.874] delay 1.614 ms
INFO: at 532.256 ms batch [3.874] delay 1.614 ms
INFO: at 533.871 ms batch [3.874] delay 1.614 ms
INFO: at 535.486 ms batch [3.874] delay 1.614 ms
INFO: at 537.101 ms batch [3.874] delay 1.614 ms
INFO: at 538.716 ms batch [3.874] delay 1.614 ms
INFO: at 540.330 ms batch [3.874] delay 1.614 ms
INFO: at 541.945 ms batch [3.874] delay 1.614 ms
INFO: at 543.560 ms batch [3.874] delay 1.614 ms
INFO: at 545.175 ms batch [3.874] delay 1.614 ms
INFO: at 546.790 ms batch [3.874] delay 1.614 ms
INFO: at 548.405 ms batch [3.874] delay 1.937 ms
INFO: at 550.343 ms batch [3.874] delay 1.937 ms
INFO: at 552.281 ms batch [3.874] delay 1.937 ms
INFO: at 554.219 ms batch [3.874] delay 1.937 ms
INFO: at 556.157 ms batch [3.874] delay 1.937 ms
INFO: at 558.095 ms batch [3.874] delay 1.937 ms
INFO: at 560.035 ms batch [3.874] delay 1.937 ms
INFO: at 561.973 ms batch [3.874] delay 1.937 ms
INFO: at 563.911 ms batch [3.874] delay 1.937 ms
INFO: at 565.849 ms batch [3.874] delay 1.937 ms
INFO: at 567.787 ms batch [3.874] delay 2.152 ms
INFO: at 569.940 ms batch [3.874] delay 2.152 ms
INFO: at 572.093 ms batch [3.874] delay 2.152 ms
INFO: at 574.246 ms batch [3.874] delay 2.152 ms
INFO: at 576.399 ms batch [3.874] delay 2.152 ms
INFO: at 578.552 ms batch [3.874] delay 2.152 ms
INFO: at 580.705 ms batch [3.874] delay 2.152 ms
INFO: at 582.858 ms batch [3.874] delay 2.152 ms
INFO: at 585.011 ms batch [3.874] delay 2.152 ms
INFO: at 587.165 ms batch [3.874] delay 2.421 ms
INFO: at 589.587 ms batch [3.874] delay 2.421 ms
INFO: at 592.009 ms batch [3.874] delay 2.421 ms
INFO: at 594.431 ms batch [3.874] delay 2.421 ms
INFO: at 596.853 ms batch [3.874] delay 2.421 ms
INFO: at 599.275 ms batch [3.874] delay 2.421 ms
INFO: at 601.698 ms batch [3.874] delay 2.421 ms
INFO: at 604.120 ms batch [3.874] delay 2.421 ms
INFO: at 606.542 ms batch [3.874] delay 2.767 ms
INFO: at 609.310 ms batch [3.874] delay 2.767 ms
INFO: at 612.082 ms batch [3.874] delay 2.767 ms
INFO: at 614.850 ms batch [3.874] delay 2.767 ms
INFO: at 617.619 ms batch [3.874] delay 2.767 ms
INFO: at 620.387 ms batch [3.874] delay 2.767 ms
INFO: at 623.155 ms batch [3.874] delay 2.767 ms
INFO: at 625.923 ms batch [3.874] delay 2.152 ms
INFO: at 628.076 ms batch [3.874] delay 2.152 ms
INFO: at 630.229 ms batch [3.874] delay 2.152 ms
INFO: at 632.382 ms batch [3.874] delay 2.152 ms
INFO: at 634.535 ms batch [3.874] delay 2.152 ms
INFO: at 636.688 ms batch [3.874] delay 2.152 ms
INFO: at 638.841 ms batch [3.874] delay 2.152 ms
INFO: at 640.998 ms batch [3.874] delay 2.152 ms
INFO: at 643.151 ms batch [3.874] delay 2.152 ms
INFO: at 645.304 ms batch [3.874] delay 2.767 ms
INFO: at 648.072 ms batch [3.874] delay 2.767 ms
INFO: at 650.840 ms batch [3.874] delay 2.767 ms
INFO: at 653.608 ms batch [3.874] delay 2.767 ms
INFO: at 656.376 ms batch [3.874] delay 2.767 ms
INFO: at 659.144 ms batch [3.874] delay 2.767 ms
INFO: at 661.912 ms batch [3.874] delay 2.767 ms
INFO: at 664.680 ms batch [3.874] delay 1.614 ms
INFO: at 666.296 ms batch [3.874] delay 1.614 ms
INFO: at 667.910 ms batch [3.874] delay 1.614 ms
INFO: at 669.526 ms batch [3.874] delay 1.614 ms
INFO: at 671.141 ms batch [3.874] delay 1.614 ms
INFO: at 672.756 ms batch [3.874] delay 1.614 ms
INFO: at 674.371 ms batch [3.874] delay 1.614 ms
INFO: at 675.986 ms batch [3.874] delay 1.614 ms
INFO: at 677.601 ms batch [3.874] delay 1.614 ms
INFO: at 679.216 ms batch [3.874] delay 1.614 ms
INFO: at 680.831 ms batch [3.874] delay 1.614 ms
INFO: at 682.446 ms batch [3.874] delay 1.614 ms
INFO: at 684.060 ms batch [3.874] delay 2.152 ms
INFO: at 686.213 ms batch [3.874] delay 2.152 ms
INFO: at 688.366 ms batch [3.874] delay 2.152 ms
INFO: at 690.519 ms batch [3.874] delay 2.152 ms
INFO: at 692.672 ms batch [3.874] delay 2.152 ms
INFO: at 694.825 ms batch [3.874] delay 2.152 ms
INFO: at 696.978 ms batch [3.874] delay 2.152 ms
INFO: at 699.131 ms batch [3.874] delay 2.152 ms
INFO: at 701.284 ms batch [3.874] delay 2.152 ms
INFO: at 703.438 ms batch [3.874] delay 2.152 ms
INFO: at 705.591 ms batch [3.874] delay 2.152 ms
INFO: at 707.744 ms batch [3.874] delay 2.152 ms
INFO: at 709.897 ms batch [3.874] delay 2.152 ms
INFO: at 712.050 ms batch [3.874] delay 2.152 ms
INFO: at 714.203 ms batch [3.874] delay 2.152 ms
INFO: at 716.356 ms batch [3.874] delay 2.152 ms
INFO: at 718.509 ms batch [3.874] delay 2.152 ms
INFO: at 720.666 ms batch [3.874] delay 2.152 ms
INFO: at 722.819 ms batch [3.874] delay 2.421 ms
INFO: at 725.241 ms batch [3.874] delay 2.421 ms
INFO: at 727.663 ms batch [3.874] delay 2.421 ms
INFO: at 730.085 ms batch [3.874] delay 2.421 ms
INFO: at 732.507 ms batch [3.874] delay 2.421 ms
INFO: at 734.930 ms batch [3.874] delay 2.421 ms
INFO: at 737.352 ms batch [3.874] delay 2.421 ms
INFO: at 739.774 ms batch [3.874] delay 2.421 ms
INFO: at 742.196 ms batch [3.874] delay 2.421 ms
INFO: at 744.618 ms batch [3.874] delay 2.421 ms
INFO: at 747.040 ms batch [3.874] delay 2.421 ms
INFO: at 749.463 ms batch [3.874] delay 2.421 ms
INFO: at 751.885 ms batch [3.874] delay 2.421 ms
INFO: at 754.307 ms batch [3.874] delay 2.421 ms
INFO: at 756.729 ms batch [3.874] delay 2.421 ms
INFO: at 759.151 ms batch [3.874] delay 2.421 ms
INFO: at 761.573 ms batch [3.874] delay 0.668 ms
INFO: at 762.242 ms batch [3.874] delay 0.668 ms
INFO: at 762.911 ms batch [3.874] delay 0.668 ms
INFO: at 763.579 ms batch [3.874] delay 0.668 ms
INFO: at 764.248 ms batch [3.874] delay 0.668 ms
INFO: at 764.917 ms batch [3.874] delay 0.668 ms
INFO: at 765.585 ms batch [3.874] delay 0.668 ms
INFO: at 766.254 ms batch [3.874] delay 0.668 ms
INFO: at 766.926 ms batch [3.874] delay 0.668 ms
INFO: at 767.595 ms batch [3.874] delay 0.668 ms
INFO: at 768.264 ms batch [3.874] delay 0.668 ms
INFO: at 768.933 ms batch [3.874] delay 0.668 ms
INFO: at 769.601 ms batch [3.874] delay 0.668 ms
INFO: at 770.270 ms batch [3.874] delay 0.668 ms
INFO: at 770.939 ms batch [3.874] delay 0.668 ms
INFO: at 771.607 ms batch [3.874] delay 0.668 ms
INFO: at 772.276 ms batch [3.874] delay 0.668 ms
INFO: at 772.945 ms batch [3.874] delay 0.668 ms
INFO: at 773.613 ms batch [3.874] delay 0.668 ms
INFO: at 774.282 ms batch [3.874] delay 0.668 ms
INFO: at 774.951 ms batch [3.874] delay 0.668 ms
INFO: at 775.619 ms batch [3.874] delay 0.668 ms
INFO: at 776.288 ms batch [3.874] delay 0.668 ms
INFO: at 776.957 ms batch [3.874] delay 0.668 ms
INFO: at 777.625 ms batch [3.874] delay 0.668 ms
INFO: at 778.294 ms batch [3.874] delay 0.668 ms
INFO: at 778.962 ms batch [3.874] delay 0.668 ms
INFO: at 779.631 ms batch [3.874] delay 0.668 ms
INFO: at 780.300 ms batch [3.874] delay 0.668 ms
INFO: at 780.968 ms batch [3.874] delay 1.761 ms
INFO: at 782.730 ms batch [3.874] delay 1.761 ms
INFO: at 784.492 ms batch [3.874] delay 1.761 ms
INFO: at 786.254 ms batch [3.874] delay 1.761 ms
INFO: at 788.019 ms batch [3.874] delay 1.761 ms
INFO: at 789.781 ms batch [3.874] delay 1.761 ms
INFO: at 791.542 ms batch [3.874] delay 1.761 ms
INFO: at 793.306 ms batch [3.874] delay 1.761 ms
INFO: at 795.068 ms batch [3.874] delay 1.761 ms
INFO: at 796.829 ms batch [3.874] delay 1.761 ms
INFO: at 798.591 ms batch [3.874] delay 1.761 ms
INFO: at 800.353 ms batch [3.874] delay 1.937 ms
INFO: at 802.291 ms batch [3.874] delay 1.937 ms
INFO: at 804.229 ms batch [3.874] delay 1.937 ms
INFO: at 806.166 ms batch [3.874] delay 1.937 ms
INFO: at 808.104 ms batch [3.874] delay 1.937 ms
INFO: at 810.042 ms batch [3.874] delay 1.937 ms
INFO: at 811.980 ms batch [3.874] delay 1.937 ms
INFO: at 813.918 ms batch [3.874] delay 1.937 ms
INFO: at 815.856 ms batch [3.874] delay 1.937 ms
INFO: at 817.794 ms batch [3.874] delay 1.937 ms
INFO: at 819.731 ms batch [3.874] delay 2.421 ms
INFO: at 822.153 ms batch [3.874] delay 2.421 ms
INFO: at 824.576 ms batch [3.874] delay 2.421 ms
INFO: at 826.998 ms batch [3.874] delay 2.421 ms
INFO: at 829.420 ms batch [3.874] delay 2.421 ms
INFO: at 831.842 ms batch [3.874] delay 2.421 ms
INFO: at 834.264 ms batch [3.874] delay 2.421 ms
INFO: at 836.686 ms batch [3.874] delay 2.421 ms
INFO: at 839.109 ms batch [3.874] delay 1.291 ms
INFO: at 840.401 ms batch [3.874] delay 1.291 ms
INFO: at 841.693 ms batch [3.874] delay 1.291 ms
INFO: at 842.986 ms batch [3.874] delay 1.291 ms
INFO: at 844.277 ms batch [3.874] delay 1.291 ms
INFO: at 845.570 ms batch [3.874] delay 1.291 ms
INFO: at 846.862 ms batch [3.874] delay 1.291 ms
INFO: at 848.154 ms batch [3.874] delay 1.291 ms
INFO: at 849.446 ms batch [3.874] delay 1.291 ms
INFO: at 850.738 ms batch [3.874] delay 1.291 ms
INFO: at 852.030 ms batch [3.874] delay 1.291 ms
INFO: at 853.322 ms batch [3.874] delay 1.291 ms
INFO: at 854.614 ms batch [3.874] delay 1.291 ms
INFO: at 855.909 ms batch [3.874] delay 1.291 ms
INFO: at 857.202 ms batch [3.874] delay 1.291 ms
INFO: at 858.494 ms batch [3.874] delay 1.761 ms
INFO: at 860.256 ms batch [3.874] delay 1.761 ms
INFO: at 862.017 ms batch [3.874] delay 1.761 ms
INFO: at 863.779 ms batch [3.874] delay 1.761 ms
INFO: at 865.541 ms batch [3.874] delay 1.761 ms
INFO: at 867.302 ms batch [3.874] delay 1.761 ms
INFO: at 869.064 ms batch [3.874] delay 1.761 ms
INFO: at 870.826 ms batch [3.874] delay 1.761 ms
INFO: at 872.588 ms batch [3.874] delay 1.761 ms
INFO: at 874.349 ms batch [3.874] delay 1.761 ms
INFO: at 876.116 ms batch [3.874] delay 1.761 ms
INFO: at 877.878 ms batch [3.874] delay 1.761 ms
INFO: at 879.639 ms batch [3.874] delay 1.761 ms
INFO: at 881.401 ms batch [3.874] delay 1.761 ms
INFO: at 883.163 ms batch [3.874] delay 1.761 ms
INFO: at 884.924 ms batch [3.874] delay 1.761 ms
INFO: at 886.686 ms batch [3.874] delay 1.761 ms
INFO: at 888.448 ms batch [3.874] delay 1.761 ms
INFO: at 890.209 ms batch [3.874] delay 1.761 ms
INFO: at 891.971 ms batch [3.874] delay 1.761 ms
INFO: at 893.732 ms batch [3.874] delay 1.761 ms
INFO: at 895.494 ms batch [3.874] delay 1.761 ms
INFO: at 897.256 ms batch [3.874] delay 2.152 ms
INFO: at 899.409 ms batch [3.874] delay 2.152 ms
INFO: at 901.562 ms batch [3.874] delay 2.152 ms
INFO: at 903.715 ms batch [3.874] delay 2.152 ms
INFO: at 905.869 ms batch [3.874] delay 2.152 ms
INFO: at 908.021 ms batch [3.874] delay 2.152 ms
INFO: at 910.175 ms batch [3.874] delay 2.152 ms
INFO: at 912.328 ms batch [3.874] delay 2.152 ms
INFO: at 914.481 ms batch [3.874] delay 2.152 ms
INFO: at 916.634 ms batch [3.874] delay 2.152 ms
INFO: at 918.787 ms batch [3.874] delay 2.152 ms
INFO: at 920.940 ms batch [3.874] delay 2.152 ms
INFO: at 923.093 ms batch [3.874] delay 2.152 ms
INFO: at 925.246 ms batch [3.874] delay 2.152 ms
INFO: at 927.399 ms batch [3.874] delay 2.152 ms
INFO: at 929.552 ms batch [3.874] delay 2.152 ms
INFO: at 931.705 ms batch [3.874] delay 2.152 ms
INFO: at 933.858 ms batch [3.874] delay 2.152 ms
INFO: at 936.011 ms batch [3.874] delay 1.614 ms
INFO: at 937.626 ms batch [3.874] delay 1.614 ms
INFO: at 939.241 ms batch [3.874] delay 1.614 ms
INFO: at 940.856 ms batch [3.874] delay 1.614 ms
INFO: at 942.472 ms batch [3.874] delay 1.614 ms
INFO: at 944.086 ms batch [3.874] delay 1.614 ms
INFO: at 945.701 ms batch [3.874] delay 1.614 ms
INFO: at 947.316 ms batch [3.874] delay 1.614 ms
INFO: at 948.931 ms batch [3.874] delay 1.614 ms
INFO: at 950.546 ms batch [3.874] delay 1.614 ms
INFO: at 952.161 ms batch [3.874] delay 1.614 ms
INFO: at 953.776 ms batch [3.874] delay 1.614 ms
INFO: at 955.391 ms batch [3.874] delay 2.152 ms
INFO: at 957.544 ms batch [3.874] delay 2.152 ms
INFO: at 959.697 ms batch [3.874] delay 2.152 ms
INFO: at 961.851 ms batch [3.874] delay 2.152 ms
INFO: at 964.004 ms batch [3.874] delay 2.152 ms
INFO: at 966.157 ms batch [3.874] delay 2.152 ms
INFO: at 968.310 ms batch [3.874] delay 2.152 ms
INFO: at 970.464 ms batch [3.874] delay 2.152 ms
INFO: at 972.621 ms batch [3.874] delay 2.152 ms
INFO: at 974.777 ms batch [3.874] delay 1.937 ms
INFO: at 976.715 ms batch [3.874] delay 1.937 ms
INFO: at 978.653 ms batch [3.874] delay 1.937 ms
INFO: at 980.591 ms batch [3.874] delay 1.937 ms
INFO: at 982.529 ms batch [3.874] delay 1.937 ms
INFO: at 984.466 ms batch [3.874] delay 1.937 ms
INFO: at 986.404 ms batch [3.874] delay 1.937 ms
INFO: at 988.342 ms batch [3.874] delay 1.937 ms
INFO: at 990.280 ms batch [3.874] delay 1.937 ms
INFO: at 992.218 ms batch [3.874] delay 1.937 ms
INFO: at 994.155 ms batch [3.874] delay 1.490 ms
INFO: at 995.646 ms batch [3.874] delay 1.490 ms
INFO: at 997.137 ms batch [3.874] delay 1.490 ms
INFO: at 998.628 ms batch [3.874] delay 1.490 ms
INFO: at 1000.119 ms batch [3.874] delay 1.490 ms
INFO: at 1001.609 ms batch [3.874] delay 1.490 ms
INFO: at 1003.100 ms batch [3.874] delay 1.490 ms
INFO: at 1004.591 ms batch [3.874] delay 1.490 ms
INFO: at 1006.082 ms batch [3.874] delay 1.490 ms
INFO: at 1007.573 ms batch [3.874] delay 1.490 ms
INFO: at 1009.064 ms batch [3.874] delay 1.490 ms
INFO: at 1010.555 ms batch [3.874] delay 1.490 ms
INFO: at 1012.045 ms batch [3.874] delay 1.490 ms
INFO: at 1013.536 ms batch [3.874] delay 2.421 ms
INFO: at 1015.958 ms batch [3.874] delay 2.421 ms
INFO: at 1018.381 ms batch [3.874] delay 2.421 ms
INFO: at 1020.803 ms batch [3.874] delay 2.421 ms
INFO: at 1023.225 ms batch [3.874] delay 2.421 ms
INFO: at 1025.649 ms batch [3.874] delay 2.421 ms
INFO: at 1028.071 ms batch [3.874] delay 2.421 ms
INFO: at 1030.493 ms batch [3.874] delay 2.421 ms
INFO: at 1032.916 ms batch [3.874] delay 1.937 ms
INFO: at 1034.853 ms batch [3.874] delay 1.937 ms
INFO: at 1036.791 ms batch [3.874] delay 1.937 ms
INFO: at 1038.729 ms batch [3.874] delay 1.937 ms
INFO: at 1040.667 ms batch [3.874] delay 1.937 ms
INFO: at 1042.604 ms batch [3.874] delay 1.937 ms
INFO: at 1044.542 ms batch [3.874] delay 1.937 ms
INFO: at 1046.480 ms batch [3.874] delay 1.937 ms
INFO: at 1048.418 ms batch [3.874] delay 1.937 ms
INFO: at 1050.356 ms batch [3.874] delay 1.937 ms
INFO: at 1052.293 ms batch [3.874] delay 2.767 ms
INFO: at 1055.062 ms batch [3.874] delay 2.767 ms
INFO: at 1057.830 ms batch [3.874] delay 2.767 ms
INFO: at 1060.598 ms batch [3.874] delay 2.767 ms
INFO: at 1063.366 ms batch [3.874] delay 2.767 ms
INFO: at 1066.135 ms batch [3.874] delay 2.767 ms
INFO: at 1068.903 ms batch [3.874] delay 2.767 ms
INFO: at 1071.671 ms batch [3.874] delay 1.937 ms
INFO: at 1073.614 ms batch [3.874] delay 1.937 ms
INFO: at 1075.552 ms batch [3.874] delay 1.937 ms
INFO: at 1077.490 ms batch [3.874] delay 1.937 ms
INFO: at 1079.427 ms batch [3.874] delay 1.937 ms
INFO: at 1081.365 ms batch [3.874] delay 1.937 ms
INFO: at 1083.303 ms batch [3.874] delay 1.937 ms
INFO: at 1085.241 ms batch [3.874] delay 1.937 ms
INFO: at 1087.179 ms batch [3.874] delay 1.937 ms
INFO: at 1089.117 ms batch [3.874] delay 1.937 ms
INFO: at 1091.054 ms batch [3.874] delay 2.421 ms
INFO: at 1093.477 ms batch [3.874] delay 2.421 ms
INFO: at 1095.899 ms batch [3.874] delay 2.421 ms
INFO: at 1098.321 ms batch [3.874] delay 2.421 ms
INFO: at 1100.743 ms batch [3.874] delay 2.421 ms
INFO: at 1103.170 ms batch [3.874] delay 2.421 ms
INFO: at 1105.592 ms batch [3.874] delay 2.421 ms
INFO: at 1108.014 ms batch [3.874] delay 2.421 ms
INFO: at 1110.436 ms batch [3.874] delay 1.761 ms
INFO: at 1112.197 ms batch [3.874] delay 1.761 ms
INFO: at 1113.959 ms batch [3.874] delay 1.761 ms
INFO: at 1115.721 ms batch [3.874] delay 1.761 ms
INFO: at 1117.497 ms batch [3.874] delay 1.761 ms
INFO: at 1119.258 ms batch [3.874] delay 1.761 ms
INFO: at 1121.020 ms batch [3.874] delay 1.761 ms
INFO: at 1122.782 ms batch [3.874] delay 1.761 ms
INFO: at 1124.543 ms batch [3.874] delay 1.761 ms
INFO: at 1126.305 ms batch [3.874] delay 1.761 ms
INFO: at 1128.067 ms batch [3.874] delay 1.761 ms
INFO: at 1129.829 ms batch [3.874] delay 1.937 ms
INFO: at 1131.767 ms batch [3.874] delay 1.937 ms
INFO: at 1133.705 ms batch [3.874] delay 1.937 ms
INFO: at 1135.642 ms batch [3.874] delay 1.937 ms
INFO: at 1137.580 ms batch [3.874] delay 1.937 ms
INFO: at 1139.518 ms batch [3.874] delay 1.937 ms
INFO: at 1141.456 ms batch [3.874] delay 1.937 ms
INFO: at 1143.394 ms batch [3.874] delay 1.937 ms
INFO: at 1145.331 ms batch [3.874] delay 1.937 ms
INFO: at 1147.269 ms batch [3.874] delay 1.937 ms
INFO: at 1149.207 ms batch [3.874] delay 2.152 ms
INFO: at 1151.360 ms batch [3.874] delay 2.152 ms
INFO: at 1153.513 ms batch [3.874] delay 2.152 ms
INFO: at 1155.666 ms batch [3.874] delay 2.152 ms
INFO: at 1157.819 ms batch [3.874] delay 2.152 ms
INFO: at 1159.972 ms batch [3.874] delay 2.152 ms
INFO: at 1162.126 ms batch [3.874] delay 2.152 ms
INFO: at 1164.279 ms batch [3.874] delay 2.152 ms
INFO: at 1166.432 ms batch [3.874] delay 2.152 ms
INFO: at 1168.585 ms batch [3.874] delay 1.937 ms
INFO: at 1170.523 ms batch [3.874] delay 1.937 ms
INFO: at 1172.461 ms batch [3.874] delay 1.937 ms
INFO: at 1174.402 ms batch [3.874] delay 1.937 ms
INFO: at 1176.340 ms batch [3.874] delay 1.937 ms
INFO: at 1178.277 ms batch [3.874] delay 1.937 ms
INFO: at 1180.215 ms batch [3.874] delay 1.937 ms
INFO: at 1182.153 ms batch [3.874] delay 1.937 ms
INFO: at 1184.091 ms batch [3.874] delay 1.937 ms
INFO: at 1186.029 ms batch [3.874] delay 1.937 ms
INFO: at 1187.966 ms batch [3.874] delay 1.937 ms
INFO: at 1189.905 ms batch [3.874] delay 1.937 ms
INFO: at 1191.842 ms batch [3.874] delay 1.937 ms
INFO: at 1193.780 ms batch [3.874] delay 1.937 ms
INFO: at 1195.718 ms batch [3.874] delay 1.937 ms
INFO: at 1197.656 ms batch [3.874] delay 1.937 ms
INFO: at 1199.593 ms batch [3.874] delay 1.937 ms
INFO: at 1201.531 ms batch [3.874] delay 1.937 ms
INFO: at 1203.469 ms batch [3.874] delay 1.937 ms
INFO: at 1205.407 ms batch [3.874] delay 1.937 ms
INFO: at 1207.344 ms batch [3.874] delay 2.421 ms
INFO: at 1209.767 ms batch [3.874] delay 2.421 ms
INFO: at 1212.189 ms batch [3.874] delay 2.421 ms
INFO: at 1214.611 ms batch [3.874] delay 2.421 ms
INFO: at 1217.033 ms batch [3.874] delay 2.421 ms
INFO: at 1219.455 ms batch [3.874] delay 2.421 ms
INFO: at 1221.877 ms batch [3.874] delay 2.421 ms
INFO: at 1224.299 ms batch [3.874] delay 2.421 ms
INFO: at 1226.721 ms batch [3.874] delay 2.152 ms
INFO: at 1228.874 ms batch [3.874] delay 2.152 ms
INFO: at 1231.031 ms batch [3.874] delay 2.152 ms
INFO: at 1233.184 ms batch [3.874] delay 2.152 ms
INFO: at 1235.337 ms batch [3.874] delay 2.152 ms
INFO: at 1237.497 ms batch [3.874] delay 2.152 ms
INFO: at 1239.650 ms batch [3.874] delay 2.152 ms
INFO: at 1241.803 ms batch [3.874] delay 2.152 ms
INFO: at 1243.956 ms batch [3.874] delay 2.152 ms
INFO: at 1246.109 ms batch [3.874] delay 2.767 ms
INFO: at 1248.878 ms batch [3.874] delay 2.767 ms
INFO: at 1251.646 ms batch [3.874] delay 2.767 ms
INFO: at 1254.414 ms batch [3.874] delay 2.767 ms
INFO: at 1257.182 ms batch [3.874] delay 2.767 ms
INFO: at 1259.950 ms batch [3.874] delay 2.767 ms
INFO: at 1262.718 ms batch [3.874] delay 2.767 ms
INFO: at 1265.486 ms batch [3.874] delay 2.152 ms
INFO: at 1267.639 ms batch [3.874] delay 2.152 ms
INFO: at 1269.792 ms batch [3.874] delay 2.152 ms
INFO: at 1271.945 ms batch [3.874] delay 2.152 ms
INFO: at 1274.098 ms batch [3.874] delay 2.152 ms
INFO: at 1276.251 ms batch [3.874] delay 2.152 ms
INFO: at 1278.404 ms batch [3.874] delay 2.152 ms
INFO: at 1280.557 ms batch [3.874] delay 2.152 ms
INFO: at 1282.710 ms batch [3.874] delay 2.152 ms
INFO: at 1284.867 ms batch [3.874] delay 1.614 ms
INFO: at 1286.482 ms batch [3.874] delay 1.614 ms
INFO: at 1288.097 ms batch [3.874] delay 1.614 ms
INFO: at 1289.938 ms batch [3.874] delay 1.614 ms
INFO: at 1291.553 ms batch [3.874] delay 1.614 ms
INFO: at 1293.169 ms batch [3.874] delay 1.614 ms
INFO: at 1294.784 ms batch [3.874] delay 1.614 ms
INFO: at 1296.399 ms batch [3.874] delay 1.614 ms
INFO: at 1298.014 ms batch [3.874] delay 1.614 ms
INFO: at 1299.629 ms batch [3.874] delay 1.614 ms
INFO: at 1301.244 ms batch [3.874] delay 1.614 ms
INFO: at 1302.859 ms batch [3.874] delay 1.614 ms
INFO: at 1304.474 ms batch [3.874] delay 1.761 ms
INFO: at 1306.236 ms batch [3.874] delay 1.761 ms
INFO: at 1307.997 ms batch [3.874] delay 1.761 ms
INFO: at 1309.759 ms batch [3.874] delay 1.761 ms
INFO: at 1311.521 ms batch [3.874] delay 1.761 ms
INFO: at 1313.283 ms batch [3.874] delay 1.761 ms
INFO: at 1315.045 ms batch [3.874] delay 1.761 ms
INFO: at 1316.806 ms batch [3.874] delay 1.761 ms
INFO: at 1318.568 ms batch [3.874] delay 1.761 ms
INFO: at 1320.330 ms batch [3.874] delay 1.761 ms
INFO: at 1322.091 ms batch [3.874] delay 1.761 ms
INFO: at 1323.853 ms batch [3.874] delay 1.614 ms
INFO: at 1325.468 ms batch [3.874] delay 1.614 ms
INFO: at 1327.083 ms batch [3.874] delay 1.614 ms
INFO: at 1328.698 ms batch [3.874] delay 1.614 ms
INFO: at 1330.313 ms batch [3.874] delay 1.614 ms
INFO: at 1331.928 ms batch [3.874] delay 1.614 ms
INFO: at 1333.543 ms batch [3.874] delay 1.614 ms
INFO: at 1335.157 ms batch [3.874] delay 1.614 ms
INFO: at 1336.772 ms batch [3.874] delay 1.614 ms
INFO: at 1338.387 ms batch [3.874] delay 1.614 ms
INFO: at 1340.002 ms batch [3.874] delay 1.614 ms
INFO: at 1341.617 ms batch [3.874] delay 1.614 ms
INFO: at 1343.232 ms batch [3.874] delay 1.614 ms
INFO: at 1344.847 ms batch [3.874] delay 1.614 ms
INFO: at 1346.462 ms batch [3.874] delay 1.614 ms
INFO: at 1348.077 ms batch [3.874] delay 1.614 ms
INFO: at 1349.692 ms batch [3.874] delay 1.614 ms
INFO: at 1351.312 ms batch [3.874] delay 1.614 ms
INFO: at 1352.927 ms batch [3.874] delay 1.614 ms
INFO: at 1354.542 ms batch [3.874] delay 1.614 ms
INFO: at 1356.157 ms batch [3.874] delay 1.614 ms
INFO: at 1357.772 ms batch [3.874] delay 1.614 ms
INFO: at 1359.387 ms batch [3.874] delay 1.614 ms
INFO: at 1361.002 ms batch [3.874] delay 1.614 ms
INFO: at 1362.617 ms batch [3.874] delay 1.291 ms
INFO: at 1363.909 ms batch [3.874] delay 1.291 ms
INFO: at 1365.201 ms batch [3.874] delay 1.291 ms
INFO: at 1366.498 ms batch [3.874] delay 1.291 ms
INFO: at 1367.790 ms batch [3.874] delay 1.291 ms
INFO: at 1369.083 ms batch [3.874] delay 1.291 ms
INFO: at 1370.375 ms batch [3.874] delay 1.291 ms
INFO: at 1371.667 ms batch [3.874] delay 1.291 ms
INFO: at 1372.959 ms batch [3.874] delay 1.291 ms
INFO: at 1374.251 ms batch [3.874] delay 1.291 ms
INFO: at 1375.544 ms batch [3.874] delay 1.291 ms
INFO: at 1376.836 ms batch [3.874] delay 1.291 ms
INFO: at 1378.128 ms batch [3.874] delay 1.291 ms
INFO: at 1379.420 ms batch [3.874] delay 1.291 ms
INFO: at 1380.712 ms batch [3.874] delay 1.291 ms
INFO: at 1382.004 ms batch [3.874] delay 2.421 ms
INFO: at 1384.426 ms batch [3.874] delay 2.421 ms
INFO: at 1386.848 ms batch [3.874] delay 2.421 ms
INFO: at 1389.270 ms batch [3.874] delay 2.421 ms
INFO: at 1391.692 ms batch [3.874] delay 2.421 ms
INFO: at 1394.114 ms batch [3.874] delay 2.421 ms
INFO: at 1396.537 ms batch [3.874] delay 2.421 ms
INFO: at 1398.959 ms batch [3.874] delay 2.421 ms
INFO: at 1401.381 ms batch [3.874] delay 1.937 ms
INFO: at 1403.319 ms batch [3.874] delay 1.937 ms
INFO: at 1405.257 ms batch [3.874] delay 1.937 ms
INFO: at 1407.194 ms batch [3.874] delay 1.937 ms
INFO: at 1409.133 ms batch [3.874] delay 1.937 ms
INFO: at 1411.071 ms batch [3.874] delay 1.937 ms
INFO: at 1413.009 ms batch [3.874] delay 1.937 ms
INFO: at 1414.947 ms batch [3.874] delay 1.937 ms
INFO: at 1416.884 ms batch [3.874] delay 1.937 ms
INFO: at 1418.823 ms batch [3.874] delay 1.937 ms
INFO: at 1420.761 ms batch [3.874] delay 2.152 ms
INFO: at 1422.924 ms batch [3.874] delay 2.152 ms
INFO: at 1425.077 ms batch [3.874] delay 2.152 ms
INFO: at 1427.231 ms batch [3.874] delay 2.152 ms
INFO: at 1429.384 ms batch [3.874] delay 2.152 ms
INFO: at 1431.537 ms batch [3.874] delay 2.152 ms
INFO: at 1433.703 ms batch [3.874] delay 2.152 ms
INFO: at 1435.856 ms batch [3.874] delay 2.152 ms
INFO: at 1438.009 ms batch [3.874] delay 2.152 ms
INFO: at 1440.162 ms batch [3.874] delay 1.614 ms
INFO: at 1441.777 ms batch [3.874] delay 1.614 ms
INFO: at 1443.392 ms batch [3.874] delay 1.614 ms
INFO: at 1445.007 ms batch [3.874] delay 1.614 ms
INFO: at 1446.622 ms batch [3.874] delay 1.614 ms
INFO: at 1448.237 ms batch [3.874] delay 1.614 ms
INFO: at 1449.852 ms batch [3.874] delay 1.614 ms
INFO: at 1451.467 ms batch [3.874] delay 1.614 ms
INFO: at 1453.082 ms batch [3.874] delay 1.614 ms
INFO: at 1454.697 ms batch [3.874] delay 1.614 ms
INFO: at 1456.312 ms batch [3.874] delay 1.614 ms
INFO: at 1457.927 ms batch [3.874] delay 1.614 ms
INFO: at 1459.542 ms batch [3.874] delay 0.969 ms
INFO: at 1460.511 ms batch [3.874] delay 0.969 ms
INFO: at 1461.484 ms batch [3.874] delay 0.969 ms
INFO: at 1462.453 ms batch [3.874] delay 0.969 ms
INFO: at 1463.422 ms batch [3.874] delay 0.969 ms
INFO: at 1464.392 ms batch [3.874] delay 0.969 ms
INFO: at 1465.361 ms batch [3.874] delay 0.969 ms
INFO: at 1466.330 ms batch [3.874] delay 0.969 ms
INFO: at 1467.300 ms batch [3.874] delay 0.969 ms
INFO: at 1468.269 ms batch [3.874] delay 0.969 ms
INFO: at 1469.238 ms batch [3.874] delay 0.969 ms
INFO: at 1470.208 ms batch [3.874] delay 0.969 ms
INFO: at 1471.177 ms batch [3.874] delay 0.969 ms
INFO: at 1472.146 ms batch [3.874] delay 0.969 ms
INFO: at 1473.116 ms batch [3.874] delay 0.969 ms
INFO: at 1474.085 ms batch [3.874] delay 0.969 ms
INFO: at 1475.054 ms batch [3.874] delay 0.969 ms
INFO: at 1476.024 ms batch [3.874] delay 0.969 ms
INFO: at 1476.993 ms batch [3.874] delay 0.969 ms
INFO: at 1477.962 ms batch [3.874] delay 0.969 ms
INFO: at 1478.931 ms batch [3.874] delay 1.761 ms
INFO: at 1480.693 ms batch [3.874] delay 1.761 ms
INFO: at 1482.455 ms batch [3.874] delay 1.761 ms
INFO: at 1484.216 ms batch [3.874] delay 1.761 ms
INFO: at 1485.978 ms batch [3.874] delay 1.761 ms
INFO: at 1487.740 ms batch [3.874] delay 1.761 ms
INFO: at 1489.501 ms batch [3.874] delay 1.761 ms
INFO: at 1491.263 ms batch [3.874] delay 1.761 ms
INFO: at 1493.025 ms batch [3.874] delay 1.761 ms
INFO: at 1494.787 ms batch [3.874] delay 1.761 ms
INFO: at 1496.548 ms batch [3.874] delay 1.761 ms
INFO: at 1498.310 ms batch [3.874] delay 2.421 ms
INFO: at 1500.733 ms batch [3.874] delay 2.421 ms
INFO: at 1503.155 ms batch [3.874] delay 2.421 ms
INFO: at 1505.577 ms batch [3.874] delay 2.421 ms
INFO: at 1507.999 ms batch [3.874] delay 2.421 ms
INFO: at 1510.421 ms batch [3.874] delay 2.421 ms
INFO: at 1512.843 ms batch [3.874] delay 2.421 ms
INFO: at 1515.265 ms batch [3.874] delay 2.421 ms
INFO: at 1517.687 ms batch [3.874] delay 2.421 ms
INFO: at 1520.109 ms batch [3.874] delay 2.421 ms
INFO: at 1522.531 ms batch [3.874] delay 2.421 ms
INFO: at 1524.955 ms batch [3.874] delay 2.421 ms
INFO: at 1527.377 ms batch [3.874] delay 2.421 ms
INFO: at 1529.799 ms batch [3.874] delay 2.421 ms
INFO: at 1532.221 ms batch [3.874] delay 2.421 ms
INFO: at 1534.643 ms batch [3.874] delay 2.421 ms
INFO: at 1537.065 ms batch [3.874] delay 1.761 ms
INFO: at 1538.827 ms batch [3.874] delay 1.761 ms
INFO: at 1540.589 ms batch [3.874] delay 1.761 ms
INFO: at 1542.350 ms batch [3.874] delay 1.761 ms
INFO: at 1544.112 ms batch [3.874] delay 1.761 ms
INFO: at 1545.874 ms batch [3.874] delay 1.761 ms
INFO: at 1547.636 ms batch [3.874] delay 1.761 ms
INFO: at 1549.397 ms batch [3.874] delay 1.761 ms
INFO: at 1551.159 ms batch [3.874] delay 1.761 ms
INFO: at 1552.921 ms batch [3.874] delay 1.761 ms
INFO: at 1554.683 ms batch [3.874] delay 1.761 ms
INFO: at 1556.444 ms batch [3.874] delay 1.384 ms
INFO: at 1557.829 ms batch [3.874] delay 1.384 ms
INFO: at 1559.213 ms batch [3.874] delay 1.384 ms
INFO: at 1560.597 ms batch [3.874] delay 1.384 ms
INFO: at 1561.982 ms batch [3.874] delay 1.384 ms
INFO: at 1563.366 ms batch [3.874] delay 1.384 ms
INFO: at 1564.750 ms batch [3.874] delay 1.384 ms
INFO: at 1566.138 ms batch [3.874] delay 1.384 ms
INFO: at 1567.523 ms batch [3.874] delay 1.384 ms
INFO: at 1568.908 ms batch [3.874] delay 1.384 ms
INFO: at 1570.292 ms batch [3.874] delay 1.384 ms
INFO: at 1571.677 ms batch [3.874] delay 1.384 ms
INFO: at 1573.061 ms batch [3.874] delay 1.384 ms
INFO: at 1574.446 ms batch [3.874] delay 1.384 ms
INFO: at 1575.830 ms batch [3.874] delay 1.761 ms
INFO: at 1577.592 ms batch [3.874] delay 1.761 ms
INFO: at 1579.354 ms batch [3.874] delay 1.761 ms
INFO: at 1581.115 ms batch [3.874] delay 1.761 ms
INFO: at 1582.877 ms batch [3.874] delay 1.761 ms
INFO: at 1584.639 ms batch [3.874] delay 1.761 ms
INFO: at 1586.401 ms batch [3.874] delay 1.761 ms
INFO: at 1588.162 ms batch [3.874] delay 1.761 ms
INFO: at 1589.924 ms batch [3.874] delay 1.761 ms
INFO: at 1591.685 ms batch [3.874] delay 1.761 ms
INFO: at 1593.447 ms batch [3.874] delay 1.761 ms
INFO: at 1595.209 ms batch [3.874] delay 2.152 ms
INFO: at 1597.362 ms batch [3.874] delay 2.152 ms
INFO: at 1599.516 ms batch [3.874] delay 2.152 ms
INFO: at 1601.668 ms batch [3.874] delay 2.152 ms
INFO: at 1603.822 ms batch [3.874] delay 2.152 ms
INFO: at 1605.975 ms batch [3.874] delay 2.152 ms
INFO: at 1608.127 ms batch [3.874] delay 2.152 ms
INFO: at 1610.281 ms batch [3.874] delay 2.152 ms
INFO: at 1612.434 ms batch [3.874] delay 2.152 ms
INFO: at 1614.587 ms batch [3.874] delay 1.761 ms
INFO: at 1616.349 ms batch [3.874] delay 1.761 ms
INFO: at 1618.110 ms batch [3.874] delay 1.761 ms
INFO: at 1619.872 ms batch [3.874] delay 1.761 ms
INFO: at 1621.634 ms batch [3.874] delay 1.761 ms
INFO: at 1623.395 ms batch [3.874] delay 1.761 ms
INFO: at 1625.157 ms batch [3.874] delay 1.761 ms
INFO: at 1626.919 ms batch [3.874] delay 1.761 ms
INFO: at 1628.681 ms batch [3.874] delay 1.761 ms
INFO: at 1630.442 ms batch [3.874] delay 1.761 ms
INFO: at 1632.204 ms batch [3.874] delay 1.761 ms
INFO: at 1633.966 ms batch [3.874] delay 1.614 ms
INFO: at 1635.581 ms batch [3.874] delay 1.614 ms
INFO: at 1637.196 ms batch [3.874] delay 1.614 ms
INFO: at 1638.811 ms batch [3.874] delay 1.614 ms
INFO: at 1640.426 ms batch [3.874] delay 1.614 ms
INFO: at 1642.041 ms batch [3.874] delay 1.614 ms
INFO: at 1643.656 ms batch [3.874] delay 1.614 ms
INFO: at 1645.271 ms batch [3.874] delay 1.614 ms
INFO: at 1646.886 ms batch [3.874] delay 1.614 ms
INFO: at 1648.501 ms batch [3.874] delay 1.614 ms
INFO: at 1650.116 ms batch [3.874] delay 1.614 ms
INFO: at 1651.731 ms batch [3.874] delay 1.614 ms
INFO: at 1653.346 ms batch [3.874] delay 1.761 ms
INFO: at 1655.108 ms batch [3.874] delay 1.761 ms
INFO: at 1656.870 ms batch [3.874] delay 1.761 ms
INFO: at 1658.632 ms batch [3.874] delay 1.761 ms
INFO: at 1660.393 ms batch [3.874] delay 1.761 ms
INFO: at 1662.155 ms batch [3.874] delay 1.761 ms
INFO: at 1663.917 ms batch [3.874] delay 1.761 ms
INFO: at 1665.678 ms batch [3.874] delay 1.761 ms
INFO: at 1667.440 ms batch [3.874] delay 1.761 ms
INFO: at 1669.202 ms batch [3.874] delay 1.761 ms
INFO: at 1670.963 ms batch [3.874] delay 1.761 ms
INFO: at 1672.725 ms batch [3.874] delay 1.291 ms
INFO: at 1674.017 ms batch [3.874] delay 1.291 ms
INFO: at 1675.313 ms batch [3.874] delay 1.291 ms
INFO: at 1676.605 ms batch [3.874] delay 1.291 ms
INFO: at 1677.897 ms batch [3.874] delay 1.291 ms
INFO: at 1679.189 ms batch [3.874] delay 1.291 ms
INFO: at 1680.481 ms batch [3.874] delay 1.291 ms
INFO: at 1681.774 ms batch [3.874] delay 1.291 ms
INFO: at 1683.066 ms batch [3.874] delay 1.291 ms
INFO: at 1684.358 ms batch [3.874] delay 1.291 ms
INFO: at 1685.650 ms batch [3.874] delay 1.291 ms
INFO: at 1686.942 ms batch [3.874] delay 1.291 ms
INFO: at 1688.234 ms batch [3.874] delay 1.291 ms
INFO: at 1689.526 ms batch [3.874] delay 1.291 ms
INFO: at 1690.818 ms batch [3.874] delay 1.291 ms
INFO: at 1692.110 ms batch [3.874] delay 2.152 ms
INFO: at 1694.263 ms batch [3.874] delay 2.152 ms
INFO: at 1696.416 ms batch [3.874] delay 2.152 ms
INFO: at 1698.569 ms batch [3.874] delay 2.152 ms
INFO: at 1700.722 ms batch [3.874] delay 2.152 ms
INFO: at 1702.875 ms batch [3.874] delay 2.152 ms
INFO: at 1705.028 ms batch [3.874] delay 2.152 ms
INFO: at 1707.181 ms batch [3.874] delay 2.152 ms
INFO: at 1709.334 ms batch [3.874] delay 2.152 ms
INFO: at 1711.488 ms batch [3.874] delay 1.937 ms
INFO: at 1713.425 ms batch [3.874] delay 1.937 ms
INFO: at 1715.363 ms batch [3.874] delay 1.937 ms
INFO: at 1717.301 ms batch [3.874] delay 1.937 ms
INFO: at 1719.239 ms batch [3.874] delay 1.937 ms
INFO: at 1721.177 ms batch [3.874] delay 1.937 ms
INFO: at 1723.114 ms batch [3.874] delay 1.937 ms
INFO: at 1725.052 ms batch [3.874] delay 1.937 ms
INFO: at 1726.990 ms batch [3.874] delay 1.937 ms
INFO: at 1728.928 ms batch [3.874] delay 1.937 ms
INFO: at 1730.866 ms batch [3.874] delay 1.761 ms
INFO: at 1732.627 ms batch [3.874] delay 1.761 ms
INFO: at 1734.389 ms batch [3.874] delay 1.761 ms
INFO: at 1736.151 ms batch [3.874] delay 1.761 ms
INFO: at 1737.913 ms batch [3.874] delay 1.761 ms
INFO: at 1739.674 ms batch [3.874] delay 1.761 ms
INFO: at 1741.436 ms batch [3.874] delay 1.761 ms
INFO: at 1743.198 ms batch [3.874] delay 1.761 ms
INFO: at 1744.961 ms batch [3.874] delay 1.761 ms
INFO: at 1746.723 ms batch [3.874] delay 1.761 ms
INFO: at 1748.485 ms batch [3.874] delay 1.761 ms
INFO: at 1750.246 ms batch [3.874] delay 1.490 ms
INFO: at 1751.737 ms batch [3.874] delay 1.490 ms
INFO: at 1753.228 ms batch [3.874] delay 1.490 ms
INFO: at 1754.719 ms batch [3.874] delay 1.490 ms
INFO: at 1756.210 ms batch [3.874] delay 1.490 ms
INFO: at 1757.701 ms batch [3.874] delay 1.490 ms
INFO: at 1759.192 ms batch [3.874] delay 1.490 ms
INFO: at 1760.682 ms batch [3.874] delay 1.490 ms
INFO: at 1762.173 ms batch [3.874] delay 1.490 ms
INFO: at 1763.664 ms batch [3.874] delay 1.490 ms
INFO: at 1765.155 ms batch [3.874] delay 1.490 ms
INFO: at 1766.646 ms batch [3.874] delay 1.490 ms
INFO: at 1768.137 ms batch [3.874] delay 1.490 ms
INFO: at 1769.628 ms batch [3.874] delay 1.384 ms
INFO: at 1771.012 ms batch [3.874] delay 1.384 ms
INFO: at 1772.396 ms batch [3.874] delay 1.384 ms
INFO: at 1773.780 ms batch [3.874] delay 1.384 ms
INFO: at 1775.165 ms batch [3.874] delay 1.384 ms
INFO: at 1776.549 ms batch [3.874] delay 1.384 ms
INFO: at 1777.934 ms batch [3.874] delay 1.384 ms
INFO: at 1779.318 ms batch [3.874] delay 1.384 ms
INFO: at 1780.703 ms batch [3.874] delay 1.384 ms
INFO: at 1782.087 ms batch [3.874] delay 1.384 ms
INFO: at 1783.471 ms batch [3.874] delay 1.384 ms
INFO: at 1784.856 ms batch [3.874] delay 1.384 ms
INFO: at 1786.240 ms batch [3.874] delay 1.384 ms
INFO: at 1787.624 ms batch [3.874] delay 1.384 ms
INFO: at 1789.009 ms batch [3.874] delay 1.761 ms
INFO: at 1790.771 ms batch [3.874] delay 1.761 ms
INFO: at 1792.533 ms batch [3.874] delay 1.761 ms
INFO: at 1794.294 ms batch [3.874] delay 1.761 ms
INFO: at 1796.056 ms batch [3.874] delay 1.761 ms
INFO: at 1797.818 ms batch [3.874] delay 1.761 ms
INFO: at 1799.580 ms batch [3.874] delay 1.761 ms
INFO: at 1801.342 ms batch [3.874] delay 1.761 ms
INFO: at 1803.103 ms batch [3.874] delay 1.761 ms
INFO: at 1804.865 ms batch [3.874] delay 1.761 ms
INFO: at 1806.626 ms batch [3.874] delay 1.761 ms
INFO: at 1808.388 ms batch [3.874] delay 1.937 ms
INFO: at 1810.326 ms batch [3.874] delay 1.937 ms
INFO: at 1812.266 ms batch [3.874] delay 1.937 ms
INFO: at 1814.204 ms batch [3.874] delay 1.937 ms
INFO: at 1816.142 ms batch [3.874] delay 1.937 ms
INFO: at 1818.080 ms batch [3.874] delay 1.937 ms
INFO: at 1820.018 ms batch [3.874] delay 1.937 ms
INFO: at 1821.956 ms batch [3.874] delay 1.937 ms
INFO: at 1823.894 ms batch [3.874] delay 1.937 ms
INFO: at 1825.832 ms batch [3.874] delay 1.937 ms
INFO: at 1827.770 ms batch [3.874] delay 1.384 ms
INFO: at 1829.154 ms batch [3.874] delay 1.384 ms
INFO: at 1830.539 ms batch [3.874] delay 1.384 ms
INFO: at 1831.923 ms batch [3.874] delay 1.384 ms
INFO: at 1833.308 ms batch [3.874] delay 1.384 ms
INFO: at 1834.693 ms batch [3.874] delay 1.384 ms
INFO: at 1836.079 ms batch [3.874] delay 1.384 ms
INFO: at 1837.465 ms batch [3.874] delay 1.384 ms
INFO: at 1838.849 ms batch [3.874] delay 1.384 ms
INFO: at 1840.234 ms batch [3.874] delay 1.384 ms
INFO: at 1841.618 ms batch [3.874] delay 1.384 ms
INFO: at 1843.003 ms batch [3.874] delay 1.384 ms
INFO: at 1844.387 ms batch [3.874] delay 0.000 ms
INFO: at 5.599 ms fetching 3.874 ms
INFO: at 7.538 ms fetching 3.874 ms
INFO: at 9.477 ms fetching 3.874 ms
INFO: at 11.415 ms fetching 3.874 ms
INFO: at 13.354 ms fetching 3.874 ms
INFO: at 15.292 ms fetching 3.874 ms
INFO: at 17.229 ms fetching 3.874 ms
INFO: at 19.168 ms fetching 3.874 ms
INFO: at 21.106 ms fetching 3.874 ms
INFO: at 23.044 ms fetching 3.874 ms
INFO: at 24.982 ms fetching 3.874 ms
INFO: at 27.405 ms fetching 3.874 ms
INFO: at 29.827 ms fetching 3.874 ms
INFO: at 32.249 ms fetching 3.874 ms
INFO: at 34.671 ms fetching 3.874 ms
INFO: at 37.094 ms fetching 3.874 ms
INFO: at 39.516 ms fetching 3.874 ms
INFO: at 41.938 ms fetching 3.874 ms
INFO: at 44.360 ms fetching 3.874 ms
INFO: at 45.976 ms fetching 3.874 ms
INFO: at 47.591 ms fetching 3.874 ms
INFO: at 49.206 ms fetching 3.874 ms
INFO: at 50.821 ms fetching 3.874 ms
INFO: at 52.436 ms fetching 3.874 ms
INFO: at 54.052 ms fetching 3.874 ms
INFO: at 55.667 ms fetching 3.874 ms
INFO: at 57.282 ms fetching 3.874 ms
INFO: at 58.897 ms fetching 3.874 ms
INFO: at 60.512 ms fetching 3.874 ms
INFO: at 62.127 ms fetching 3.874 ms
INFO: at 63.743 ms fetching 3.874 ms
INFO: at 65.035 ms fetching 3.874 ms
INFO: at 66.327 ms fetching 3.874 ms
INFO: at 67.619 ms fetching 3.874 ms
INFO: at 68.911 ms fetching 3.874 ms
INFO: at 70.204 ms fetching 3.874 ms
INFO: at 71.496 ms fetching 3.874 ms
INFO: at 72.788 ms fetching 3.874 ms
INFO: at 74.080 ms fetching 3.874 ms
INFO: at 75.373 ms fetching 3.874 ms
INFO: at 76.665 ms fetching 3.874 ms
INFO: at 77.957 ms fetching 3.874 ms
INFO: at 79.252 ms fetching 3.874 ms
INFO: at 80.544 ms fetching 3.874 ms
INFO: at 81.837 ms fetching 3.874 ms
INFO: at 83.129 ms fetching 3.874 ms
INFO: at 85.282 ms fetching 3.874 ms
INFO: at 87.435 ms fetching 3.874 ms
INFO: at 89.588 ms fetching 3.874 ms
INFO: at 91.741 ms fetching 3.874 ms
INFO: at 93.895 ms fetching 3.874 ms
INFO: at 96.048 ms fetching 3.874 ms
INFO: at 98.202 ms fetching 3.874 ms
INFO: at 100.355 ms fetching 3.874 ms
INFO: at 102.508 ms fetching 3.874 ms
INFO: at 104.446 ms fetching 3.874 ms
INFO: at 106.384 ms fetching 3.874 ms
INFO: at 108.321 ms fetching 3.874 ms
INFO: at 110.259 ms fetching 3.874 ms
INFO: at 112.197 ms fetching 3.874 ms
INFO: at 114.149 ms fetching 3.874 ms
INFO: at 116.091 ms fetching 3.874 ms
INFO: at 118.034 ms fetching 3.874 ms
INFO: at 119.974 ms fetching 3.874 ms
INFO: at 121.914 ms fetching 3.874 ms
INFO: at 123.678 ms fetching 3.874 ms
INFO: at 125.444 ms fetching 3.874 ms
INFO: at 127.206 ms fetching 3.874 ms
INFO: at 128.968 ms fetching 3.874 ms
INFO: at 130.730 ms fetching 3.874 ms
INFO: at 132.492 ms fetching 3.874 ms
INFO: at 134.254 ms fetching 3.874 ms
INFO: at 136.016 ms fetching 3.874 ms
INFO: at 137.778 ms fetching 3.874 ms
INFO: at 139.540 ms fetching 3.874 ms
INFO: at 141.302 ms fetching 3.874 ms
INFO: at 143.456 ms fetching 3.874 ms
INFO: at 145.609 ms fetching 3.874 ms
INFO: at 147.763 ms fetching 3.874 ms
INFO: at 149.916 ms fetching 3.874 ms
INFO: at 152.069 ms fetching 3.874 ms
INFO: at 154.222 ms fetching 3.874 ms
INFO: at 156.376 ms fetching 3.874 ms
INFO: at 158.529 ms fetching 3.874 ms
INFO: at 160.682 ms fetching 3.874 ms
INFO: at 162.620 ms fetching 3.874 ms
INFO: at 164.558 ms fetching 3.874 ms
INFO: at 166.497 ms fetching 3.874 ms
INFO: at 168.435 ms fetching 3.874 ms
INFO: at 170.373 ms fetching 3.874 ms
INFO: at 172.311 ms fetching 3.874 ms
INFO: at 174.249 ms fetching 3.874 ms
INFO: at 176.187 ms fetching 3.874 ms
INFO: at 178.125 ms fetching 3.874 ms
INFO: at 180.063 ms fetching 3.874 ms
INFO: at 181.825 ms fetching 3.874 ms
INFO: at 183.587 ms fetching 3.874 ms
INFO: at 185.348 ms fetching 3.874 ms
INFO: at 187.110 ms fetching 3.874 ms
INFO: at 188.872 ms fetching 3.874 ms
INFO: at 190.634 ms fetching 3.874 ms
INFO: at 192.396 ms fetching 3.874 ms
INFO: at 194.158 ms fetching 3.874 ms
INFO: at 195.920 ms fetching 3.874 ms
INFO: at 197.681 ms fetching 3.874 ms
INFO: at 199.443 ms fetching 3.874 ms
INFO: at 201.381 ms fetching 3.874 ms
INFO: at 203.319 ms fetching 3.874 ms
INFO: at 205.257 ms fetching 3.874 ms
INFO: at 207.195 ms fetching 3.874 ms
INFO: at 209.133 ms fetching 3.874 ms
INFO: at 211.071 ms fetching 3.874 ms
INFO: at 213.009 ms fetching 3.874 ms
INFO: at 214.947 ms fetching 3.874 ms
INFO: at 216.885 ms fetching 3.874 ms
INFO: at 218.823 ms fetching 3.874 ms
INFO: at 220.438 ms fetching 3.874 ms
INFO: at 222.053 ms fetching 3.874 ms
INFO: at 223.668 ms fetching 3.874 ms
INFO: at 225.283 ms fetching 3.874 ms
INFO: at 226.899 ms fetching 3.874 ms
INFO: at 228.514 ms fetching 3.874 ms
INFO: at 230.129 ms fetching 3.874 ms
INFO: at 231.744 ms fetching 3.874 ms
INFO: at 233.397 ms fetching 3.874 ms
INFO: at 235.013 ms fetching 3.874 ms
INFO: at 236.628 ms fetching 3.874 ms
INFO: at 238.243 ms fetching 3.874 ms
INFO: at 240.181 ms fetching 3.874 ms
INFO: at 242.119 ms fetching 3.874 ms
INFO: at 244.057 ms fetching 3.874 ms
INFO: at 245.996 ms fetching 3.874 ms
INFO: at 247.934 ms fetching 3.874 ms
INFO: at 249.872 ms fetching 3.874 ms
INFO: at 251.810 ms fetching 3.874 ms
INFO: at 253.748 ms fetching 3.874 ms
INFO: at 255.686 ms fetching 3.874 ms
INFO: at 257.624 ms fetching 3.874 ms
INFO: at 259.386 ms fetching 3.874 ms
INFO: at 261.148 ms fetching 3.874 ms
INFO: at 262.910 ms fetching 3.874 ms
INFO: at 264.671 ms fetching 3.874 ms
INFO: at 266.433 ms fetching 3.874 ms
INFO: at 268.195 ms fetching 3.874 ms
INFO: at 269.957 ms fetching 3.874 ms
INFO: at 271.719 ms fetching 3.874 ms
INFO: at 273.481 ms fetching 3.874 ms
INFO: at 275.243 ms fetching 3.874 ms
INFO: at 277.004 ms fetching 3.874 ms
INFO: at 279.158 ms fetching 3.874 ms
INFO: at 281.311 ms fetching 3.874 ms
INFO: at 283.513 ms fetching 3.874 ms
INFO: at 285.667 ms fetching 3.874 ms
INFO: at 287.820 ms fetching 3.874 ms
INFO: at 289.977 ms fetching 3.874 ms
INFO: at 292.130 ms fetching 3.874 ms
INFO: at 294.283 ms fetching 3.874 ms
INFO: at 296.440 ms fetching 3.874 ms
INFO: at 297.931 ms fetching 3.874 ms
INFO: at 299.422 ms fetching 3.874 ms
INFO: at 300.913 ms fetching 3.874 ms
INFO: at 302.404 ms fetching 3.874 ms
INFO: at 303.895 ms fetching 3.874 ms
INFO: at 305.386 ms fetching 3.874 ms
INFO: at 306.881 ms fetching 3.874 ms
INFO: at 308.372 ms fetching 3.874 ms
INFO: at 309.863 ms fetching 3.874 ms
INFO: at 311.354 ms fetching 3.874 ms
INFO: at 312.845 ms fetching 3.874 ms
INFO: at 314.336 ms fetching 3.874 ms
INFO: at 315.827 ms fetching 3.874 ms
INFO: at 317.980 ms fetching 3.874 ms
INFO: at 320.133 ms fetching 3.874 ms
INFO: at 322.287 ms fetching 3.874 ms
INFO: at 324.439 ms fetching 3.874 ms
INFO: at 326.592 ms fetching 3.874 ms
INFO: at 328.746 ms fetching 3.874 ms
INFO: at 330.898 ms fetching 3.874 ms
INFO: at 333.051 ms fetching 3.874 ms
INFO: at 335.205 ms fetching 3.874 ms
INFO: at 338.434 ms fetching 3.874 ms
INFO: at 341.664 ms fetching 3.874 ms
INFO: at 344.897 ms fetching 3.874 ms
INFO: at 348.126 ms fetching 3.874 ms
INFO: at 351.355 ms fetching 3.874 ms
INFO: at 354.584 ms fetching 3.874 ms
INFO: at 356.737 ms fetching 3.874 ms
INFO: at 358.891 ms fetching 3.874 ms
INFO: at 361.047 ms fetching 3.874 ms
INFO: at 363.201 ms fetching 3.874 ms
INFO: at 365.354 ms fetching 3.874 ms
INFO: at 367.507 ms fetching 3.874 ms
INFO: at 369.660 ms fetching 3.874 ms
INFO: at 371.813 ms fetching 3.874 ms
INFO: at 373.966 ms fetching 3.874 ms
INFO: at 376.119 ms fetching 3.874 ms
INFO: at 378.276 ms fetching 3.874 ms
INFO: at 380.429 ms fetching 3.874 ms
INFO: at 382.583 ms fetching 3.874 ms
INFO: at 384.736 ms fetching 3.874 ms
INFO: at 386.889 ms fetching 3.874 ms
INFO: at 389.042 ms fetching 3.874 ms
INFO: at 391.195 ms fetching 3.874 ms
INFO: at 393.352 ms fetching 3.874 ms
INFO: at 396.581 ms fetching 3.874 ms
INFO: at 399.810 ms fetching 3.874 ms
INFO: at 403.039 ms fetching 3.874 ms
INFO: at 406.269 ms fetching 3.874 ms
INFO: at 409.498 ms fetching 3.874 ms
INFO: at 412.727 ms fetching 3.874 ms
INFO: at 414.489 ms fetching 3.874 ms
INFO: at 416.251 ms fetching 3.874 ms
INFO: at 418.012 ms fetching 3.874 ms
INFO: at 419.774 ms fetching 3.874 ms
INFO: at 421.536 ms fetching 3.874 ms
INFO: at 423.298 ms fetching 3.874 ms
INFO: at 425.060 ms fetching 3.874 ms
INFO: at 426.822 ms fetching 3.874 ms
INFO: at 428.583 ms fetching 3.874 ms
INFO: at 430.345 ms fetching 3.874 ms
INFO: at 432.107 ms fetching 3.874 ms
INFO: at 434.044 ms fetching 3.874 ms
INFO: at 435.983 ms fetching 3.874 ms
INFO: at 437.920 ms fetching 3.874 ms
INFO: at 439.858 ms fetching 3.874 ms
INFO: at 441.796 ms fetching 3.874 ms
INFO: at 443.734 ms fetching 3.874 ms
INFO: at 445.676 ms fetching 3.874 ms
INFO: at 447.614 ms fetching 3.874 ms
INFO: at 449.552 ms fetching 3.874 ms
INFO: at 451.490 ms fetching 3.874 ms
INFO: at 453.251 ms fetching 3.874 ms
INFO: at 455.013 ms fetching 3.874 ms
INFO: at 456.775 ms fetching 3.874 ms
INFO: at 458.536 ms fetching 3.874 ms
INFO: at 460.298 ms fetching 3.874 ms
INFO: at 462.060 ms fetching 3.874 ms
INFO: at 463.822 ms fetching 3.874 ms
INFO: at 465.584 ms fetching 3.874 ms
INFO: at 467.345 ms fetching 3.874 ms
INFO: at 469.107 ms fetching 3.874 ms
INFO: at 470.869 ms fetching 3.874 ms
INFO: at 472.631 ms fetching 3.874 ms
INFO: at 474.393 ms fetching 3.874 ms
INFO: at 476.155 ms fetching 3.874 ms
INFO: at 477.917 ms fetching 3.874 ms
INFO: at 479.678 ms fetching 3.874 ms
INFO: at 481.440 ms fetching 3.874 ms
INFO: at 483.202 ms fetching 3.874 ms
INFO: at 484.964 ms fetching 3.874 ms
INFO: at 486.725 ms fetching 3.874 ms
INFO: at 488.487 ms fetching 3.874 ms
INFO: at 490.249 ms fetching 3.874 ms
INFO: at 491.633 ms fetching 3.874 ms
INFO: at 493.017 ms fetching 3.874 ms
INFO: at 494.402 ms fetching 3.874 ms
INFO: at 495.786 ms fetching 3.874 ms
INFO: at 497.171 ms fetching 3.874 ms
INFO: at 498.555 ms fetching 3.874 ms
INFO: at 499.940 ms fetching 3.874 ms
INFO: at 501.324 ms fetching 3.874 ms
INFO: at 502.708 ms fetching 3.874 ms
INFO: at 504.092 ms fetching 3.874 ms
INFO: at 505.477 ms fetching 3.874 ms
INFO: at 506.861 ms fetching 3.874 ms
INFO: at 508.246 ms fetching 3.874 ms
INFO: at 509.648 ms fetching 3.874 ms
INFO: at 511.585 ms fetching 3.874 ms
INFO: at 513.523 ms fetching 3.874 ms
INFO: at 515.461 ms fetching 3.874 ms
INFO: at 517.399 ms fetching 3.874 ms
INFO: at 519.337 ms fetching 3.874 ms
INFO: at 521.275 ms fetching 3.874 ms
INFO: at 523.213 ms fetching 3.874 ms
INFO: at 525.150 ms fetching 3.874 ms
INFO: at 527.088 ms fetching 3.874 ms
INFO: at 529.026 ms fetching 3.874 ms
INFO: at 530.641 ms fetching 3.874 ms
INFO: at 532.256 ms fetching 3.874 ms
INFO: at 533.871 ms fetching 3.874 ms
INFO: at 535.486 ms fetching 3.874 ms
INFO: at 537.101 ms fetching 3.874 ms
INFO: at 538.716 ms fetching 3.874 ms
INFO: at 540.330 ms fetching 3.874 ms
INFO: at 541.945 ms fetching 3.874 ms
INFO: at 543.560 ms fetching 3.874 ms
INFO: at 545.175 ms fetching 3.874 ms
INFO: at 546.790 ms fetching 3.874 ms
INFO: at 548.405 ms fetching 3.874 ms
INFO: at 550.343 ms fetching 3.874 ms
INFO: at 552.281 ms fetching 3.874 ms
INFO: at 554.219 ms fetching 3.874 ms
INFO: at 556.157 ms fetching 3.874 ms
INFO: at 558.095 ms fetching 3.874 ms
INFO: at 560.035 ms fetching 3.874 ms
INFO: at 561.973 ms fetching 3.874 ms
INFO: at 563.911 ms fetching 3.874 ms
INFO: at 565.849 ms fetching 3.874 ms
INFO: at 567.787 ms fetching 3.874 ms
INFO: at 569.940 ms fetching 3.874 ms
INFO: at 572.093 ms fetching 3.874 ms
INFO: at 574.246 ms fetching 3.874 ms
INFO: at 576.399 ms fetching 3.874 ms
INFO: at 578.552 ms fetching 3.874 ms
INFO: at 580.705 ms fetching 3.874 ms
INFO: at 582.858 ms fetching 3.874 ms
INFO: at 585.011 ms fetching 3.874 ms
INFO: at 587.165 ms fetching 3.874 ms
INFO: at 589.587 ms fetching 3.874 ms
INFO: at 592.009 ms fetching 3.874 ms
INFO: at 594.431 ms fetching 3.874 ms
INFO: at 596.853 ms fetching 3.874 ms
INFO: at 599.275 ms fetching 3.874 ms
INFO: at 601.698 ms fetching 3.874 ms
INFO: at 604.120 ms fetching 3.874 ms
INFO: at 606.542 ms fetching 3.874 ms
INFO: at 609.310 ms fetching 3.874 ms
INFO: at 612.082 ms fetching 3.874 ms
INFO: at 614.850 ms fetching 3.874 ms
INFO: at 617.619 ms fetching 3.874 ms
INFO: at 620.387 ms fetching 3.874 ms
INFO: at 623.155 ms fetching 3.874 ms
INFO: at 625.923 ms fetching 3.874 ms
INFO: at 628.076 ms fetching 3.874 ms
INFO: at 630.229 ms fetching 3.874 ms
INFO: at 632.382 ms fetching 3.874 ms
INFO: at 634.535 ms fetching 3.874 ms
INFO: at 636.688 ms fetching 3.874 ms
INFO: at 638.841 ms fetching 3.874 ms
INFO: at 640.998 ms fetching 3.874 ms
INFO: at 643.151 ms fetching 3.874 ms
INFO: at 645.304 ms fetching 3.874 ms
INFO: at 648.072 ms fetching 3.874 ms
INFO: at 650.840 ms fetching 3.874 ms
INFO: at 653.608 ms fetching 3.874 ms
INFO: at 656.376 ms fetching 3.874 ms
INFO: at 659.144 ms fetching 3.874 ms
INFO: at 661.912 ms fetching 3.874 ms
INFO: at 664.680 ms fetching 3.874 ms
INFO: at 666.296 ms fetching 3.874 ms
INFO: at 667.910 ms fetching 3.874 ms
INFO: at 669.526 ms fetching 3.874 ms
INFO: at 671.141 ms fetching 3.874 ms
INFO: at 672.756 ms fetching 3.874 ms
INFO: at 674.371 ms fetching 3.874 ms
INFO: at 675.986 ms fetching 3.874 ms
INFO: at 677.601 ms fetching 3.874 ms
INFO: at 679.216 ms fetching 3.874 ms
INFO: at 680.831 ms fetching 3.874 ms
INFO: at 682.446 ms fetching 3.874 ms
INFO: at 684.060 ms fetching 3.874 ms
INFO: at 686.213 ms fetching 3.874 ms
INFO: at 688.366 ms fetching 3.874 ms
INFO: at 690.519 ms fetching 3.874 ms
INFO: at 692.672 ms fetching 3.874 ms
INFO: at 694.825 ms fetching 3.874 ms
INFO: at 696.978 ms fetching 3.874 ms
INFO: at 699.131 ms fetching 3.874 ms
INFO: at 701.284 ms fetching 3.874 ms
INFO: at 703.438 ms fetching 3.874 ms
INFO: at 705.591 ms fetching 3.874 ms
INFO: at 707.744 ms fetching 3.874 ms
INFO: at 709.897 ms fetching 3.874 ms
INFO: at 712.050 ms fetching 3.874 ms
INFO: at 714.203 ms fetching 3.874 ms
INFO: at 716.356 ms fetching 3.874 ms
INFO: at 718.509 ms fetching 3.874 ms
INFO: at 720.666 ms fetching 3.874 ms
INFO: at 722.819 ms fetching 3.874 ms
INFO: at 725.241 ms fetching 3.874 ms
INFO: at 727.663 ms fetching 3.874 ms
INFO: at 730.085 ms fetching 3.874 ms
INFO: at 732.507 ms fetching 3.874 ms
INFO: at 734.930 ms fetching 3.874 ms
INFO: at 737.352 ms fetching 3.874 ms
INFO: at 739.774 ms fetching 3.874 ms
INFO: at 742.196 ms fetching 3.874 ms
INFO: at 744.618 ms fetching 3.874 ms
INFO: at 747.040 ms fetching 3.874 ms
INFO: at 749.463 ms fetching 3.874 ms
INFO: at 751.885 ms fetching 3.874 ms
INFO: at 754.307 ms fetching 3.874 ms
INFO: at 756.729 ms fetching 3.874 ms
INFO: at 759.151 ms fetching 3.874 ms
INFO: at 761.573 ms fetching 3.874 ms
INFO: at 762.242 ms fetching 3.874 ms
INFO: at 762.911 ms fetching 3.874 ms
INFO: at 763.579 ms fetching 3.874 ms
INFO: at 764.248 ms fetching 3.874 ms
INFO: at 764.917 ms fetching 3.874 ms
INFO: at 765.585 ms fetching 3.874 ms
INFO: at 766.254 ms fetching 3.874 ms
INFO: at 766.926 ms fetching 3.874 ms
INFO: at 767.595 ms fetching 3.874 ms
INFO: at 768.264 ms fetching 3.874 ms
INFO: at 768.933 ms fetching 3.874 ms
INFO: at 769.601 ms fetching 3.874 ms
INFO: at 770.270 ms fetching 3.874 ms
INFO: at 770.939 ms fetching 3.874 ms
INFO: at 771.607 ms fetching 3.874 ms
INFO: at 772.276 ms fetching 3.874 ms
INFO: at 772.945 ms fetching 3.874 ms
INFO: at 773.613 ms fetching 3.874 ms
INFO: at 774.282 ms fetching 3.874 ms
INFO: at 774.951 ms fetching 3.874 ms
INFO: at 775.619 ms fetching 3.874 ms
INFO: at 776.288 ms fetching 3.874 ms
INFO: at 776.957 ms fetching 3.874 ms
INFO: at 777.625 ms fetching 3.874 ms
INFO: at 778.294 ms fetching 3.874 ms
INFO: at 778.962 ms fetching 3.874 ms
INFO: at 779.631 ms fetching 3.874 ms
INFO: at 780.300 ms fetching 3.874 ms
INFO: at 780.968 ms fetching 3.874 ms
INFO: at 782.730 ms fetching 3.874 ms
INFO: at 784.492 ms fetching 3.874 ms
INFO: at 786.254 ms fetching 3.874 ms
INFO: at 788.019 ms fetching 3.874 ms
INFO: at 789.781 ms fetching 3.874 ms
INFO: at 791.542 ms fetching 3.874 ms
INFO: at 793.306 ms fetching 3.874 ms
INFO: at 795.068 ms fetching 3.874 ms
INFO: at 796.829 ms fetching 3.874 ms
INFO: at 798.591 ms fetching 3.874 ms
INFO: at 800.353 ms fetching 3.874 ms
INFO: at 802.291 ms fetching 3.874 ms
INFO: at 804.229 ms fetching 3.874 ms
INFO: at 806.166 ms fetching 3.874 ms
INFO: at 808.104 ms fetching 3.874 ms
INFO: at 810.042 ms fetching 3.874 ms
INFO: at 811.980 ms fetching 3.874 ms
INFO: at 813.918 ms fetching 3.874 ms
INFO: at 815.856 ms fetching 3.874 ms
INFO: at 817.794 ms fetching 3.874 ms
INFO: at 819.731 ms fetching 3.874 ms
INFO: at 822.153 ms fetching 3.874 ms
INFO: at 824.576 ms fetching 3.874 ms
INFO: at 826.998 ms fetching 3.874 ms
INFO: at 829.420 ms fetching 3.874 ms
INFO: at 831.842 ms fetching 3.874 ms
INFO: at 834.264 ms fetching 3.874 ms
INFO: at 836.686 ms fetching 3.874 ms
INFO: at 839.109 ms fetching 3.874 ms
INFO: at 840.401 ms fetching 3.874 ms
INFO: at 841.693 ms fetching 3.874 ms
INFO: at 842.986 ms fetching 3.874 ms
INFO: at 844.277 ms fetching 3.874 ms
INFO: at 845.570 ms fetching 3.874 ms
INFO: at 846.862 ms fetching 3.874 ms
INFO: at 848.154 ms fetching 3.874 ms
INFO: at 849.446 ms fetching 3.874 ms
INFO: at 850.738 ms fetching 3.874 ms
INFO: at 852.030 ms fetching 3.874 ms
INFO: at 853.322 ms fetching 3.874 ms
INFO: at 854.614 ms fetching 3.874 ms
INFO: at 855.909 ms fetching 3.874 ms
INFO: at 857.202 ms fetching 3.874 ms
INFO: at 858.494 ms fetching 3.874 ms
INFO: at 860.256 ms fetching 3.874 ms
INFO: at 862.017 ms fetching 3.874 ms
INFO: at 863.779 ms fetching 3.874 ms
INFO: at 865.541 ms fetching 3.874 ms
INFO: at 867.302 ms fetching 3.874 ms
INFO: at 869.064 ms fetching 3.874 ms
INFO: at 870.826 ms fetching 3.874 ms
INFO: at 872.588 ms fetching 3.874 ms
INFO: at 874.349 ms fetching 3.874 ms
INFO: at 876.116 ms fetching 3.874 ms
INFO: at 877.878 ms fetching 3.874 ms
INFO: at 879.639 ms fetching 3.874 ms
INFO: at 881.401 ms fetching 3.874 ms
INFO: at 883.163 ms fetching 3.874 ms
INFO: at 884.924 ms fetching 3.874 ms
INFO: at 886.686 ms fetching 3.874 ms
INFO: at 888.448 ms fetching 3.874 ms
INFO: at 890.209 ms fetching 3.874 ms
INFO: at 891.971 ms fetching 3.874 ms
INFO: at 893.732 ms fetching 3.874 ms
INFO: at 895.494 ms fetching 3.874 ms
INFO: at 897.256 ms fetching 3.874 ms
INFO: at 899.409 ms fetching 3.874 ms
INFO: at 901.562 ms fetching 3.874 ms
INFO: at 903.715 ms fetching 3.874 ms
INFO: at 905.869 ms fetching 3.874 ms
INFO: at 908.021 ms fetching 3.874 ms
INFO: at 910.175 ms fetching 3.874 ms
INFO: at 912.328 ms fetching 3.874 ms
INFO: at 914.481 ms fetching 3.874 ms
INFO: at 916.634 ms fetching 3.874 ms
INFO: at 918.787 ms fetching 3.874 ms
INFO: at 920.940 ms fetching 3.874 ms
INFO: at 923.093 ms fetching 3.874 ms
INFO: at 925.246 ms fetching 3.874 ms
INFO: at 927.399 ms fetching 3.874 ms
INFO: at 929.552 ms fetching 3.874 ms
INFO: at 931.705 ms fetching 3.874 ms
INFO: at 933.858 ms fetching 3.874 ms
INFO: at 936.011 ms fetching 3.874 ms
INFO: at 937.626 ms fetching 3.874 ms
INFO: at 939.241 ms fetching 3.874 ms
INFO: at 940.856 ms fetching 3.874 ms
INFO: at 942.472 ms fetching 3.874 ms
INFO: at 944.086 ms fetching 3.874 ms
INFO: at 945.701 ms fetching 3.874 ms
INFO: at 947.316 ms fetching 3.874 ms
INFO: at 948.931 ms fetching 3.874 ms
INFO: at 950.546 ms fetching 3.874 ms
INFO: at 952.161 ms fetching 3.874 ms
INFO: at 953.776 ms fetching 3.874 ms
INFO: at 955.391 ms fetching 3.874 ms
INFO: at 957.544 ms fetching 3.874 ms
INFO: at 959.697 ms fetching 3.874 ms
INFO: at 961.851 ms fetching 3.874 ms
INFO: at 964.004 ms fetching 3.874 ms
INFO: at 966.157 ms fetching 3.874 ms
INFO: at 968.310 ms fetching 3.874 ms
INFO: at 970.464 ms fetching 3.874 ms
INFO: at 972.621 ms fetching 3.874 ms
INFO: at 974.777 ms fetching 3.874 ms
INFO: at 976.715 ms fetching 3.874 ms
INFO: at 978.653 ms fetching 3.874 ms
INFO: at 980.591 ms fetching 3.874 ms
INFO: at 982.529 ms fetching 3.874 ms
INFO: at 984.466 ms fetching 3.874 ms
INFO: at 986.404 ms fetching 3.874 ms
INFO: at 988.342 ms fetching 3.874 ms
INFO: at 990.280 ms fetching 3.874 ms
INFO: at 992.218 ms fetching 3.874 ms
INFO: at 994.155 ms fetching 3.874 ms
INFO: at 995.646 ms fetching 3.874 ms
INFO: at 997.137 ms fetching 3.874 ms
INFO: at 998.628 ms fetching 3.874 ms
INFO: at 1000.119 ms fetching 3.874 ms
INFO: at 1001.609 ms fetching 3.874 ms
INFO: at 1003.100 ms fetching 3.874 ms
INFO: at 1004.591 ms fetching 3.874 ms
INFO: at 1006.082 ms fetching 3.874 ms
INFO: at 1007.573 ms fetching 3.874 ms
INFO: at 1009.064 ms fetching 3.874 ms
INFO: at 1010.555 ms fetching 3.874 ms
INFO: at 1012.045 ms fetching 3.874 ms
INFO: at 1013.536 ms fetching 3.874 ms
INFO: at 1015.958 ms fetching 3.874 ms
INFO: at 1018.381 ms fetching 3.874 ms
INFO: at 1020.803 ms fetching 3.874 ms
INFO: at 1023.225 ms fetching 3.874 ms
INFO: at 1025.649 ms fetching 3.874 ms
INFO: at 1028.071 ms fetching 3.874 ms
INFO: at 1030.493 ms fetching 3.874 ms
INFO: at 1032.916 ms fetching 3.874 ms
INFO: at 1034.853 ms fetching 3.874 ms
INFO: at 1036.791 ms fetching 3.874 ms
INFO: at 1038.729 ms fetching 3.874 ms
INFO: at 1040.667 ms fetching 3.874 ms
INFO: at 1042.604 ms fetching 3.874 ms
INFO: at 1044.542 ms fetching 3.874 ms
INFO: at 1046.480 ms fetching 3.874 ms
INFO: at 1048.418 ms fetching 3.874 ms
INFO: at 1050.356 ms fetching 3.874 ms
INFO: at 1052.293 ms fetching 3.874 ms
INFO: at 1055.062 ms fetching 3.874 ms
INFO: at 1057.830 ms fetching 3.874 ms
INFO: at 1060.598 ms fetching 3.874 ms
INFO: at 1063.366 ms fetching 3.874 ms
INFO: at 1066.135 ms fetching 3.874 ms
INFO: at 1068.903 ms fetching 3.874 ms
INFO: at 1071.671 ms fetching 3.874 ms
INFO: at 1073.614 ms fetching 3.874 ms
INFO: at 1075.552 ms fetching 3.874 ms
INFO: at 1077.490 ms fetching 3.874 ms
INFO: at 1079.427 ms fetching 3.874 ms
INFO: at 1081.365 ms fetching 3.874 ms
INFO: at 1083.303 ms fetching 3.874 ms
INFO: at 1085.241 ms fetching 3.874 ms
INFO: at 1087.179 ms fetching 3.874 ms
INFO: at 1089.117 ms fetching 3.874 ms
INFO: at 1091.054 ms fetching 3.874 ms
INFO: at 1093.477 ms fetching 3.874 ms
INFO: at 1095.899 ms fetching 3.874 ms
INFO: at 1098.321 ms fetching 3.874 ms
INFO: at 1100.743 ms fetching 3.874 ms
INFO: at 1103.170 ms fetching 3.874 ms
INFO: at 1105.592 ms fetching 3.874 ms
INFO: at 1108.014 ms fetching 3.874 ms
INFO: at 1110.436 ms fetching 3.874 ms
INFO: at 1112.197 ms fetching 3.874 ms
INFO: at 1113.959 ms fetching 3.874 ms
INFO: at 1115.721 ms fetching 3.874 ms
INFO: at 1117.497 ms fetching 3.874 ms
INFO: at 1119.258 ms fetching 3.874 ms
INFO: at 1121.020 ms fetching 3.874 ms
INFO: at 1122.782 ms fetching 3.874 ms
INFO: at 1124.543 ms fetching 3.874 ms
INFO: at 1126.305 ms fetching 3.874 ms
INFO: at 1128.067 ms fetching 3.874 ms
INFO: at 1129.829 ms fetching 3.874 ms
INFO: at 1131.767 ms fetching 3.874 ms
INFO: at 1133.705 ms fetching 3.874 ms
INFO: at 1135.642 ms fetching 3.874 ms
INFO: at 1137.580 ms fetching 3.874 ms
INFO: at 1139.518 ms fetching 3.874 ms
INFO: at 1141.456 ms fetching 3.874 ms
INFO: at 1143.394 ms fetching 3.874 ms
INFO: at 1145.331 ms fetching 3.874 ms
INFO: at 1147.269 ms fetching 3.874 ms
INFO: at 1149.207 ms fetching 3.874 ms
INFO: at 1151.360 ms fetching 3.874 ms
INFO: at 1153.513 ms fetching 3.874 ms
INFO: at 1155.666 ms fetching 3.874 ms
INFO: at 1157.819 ms fetching 3.874 ms
INFO: at 1159.972 ms fetching 3.874 ms
INFO: at 1162.126 ms fetching 3.874 ms
INFO: at 1164.279 ms fetching 3.874 ms
INFO: at 1166.432 ms fetching 3.874 ms
INFO: at 1168.585 ms fetching 3.874 ms
INFO: at 1170.523 ms fetching 3.874 ms
INFO: at 1172.461 ms fetching 3.874 ms
INFO: at 1174.402 ms fetching 3.874 ms
INFO: at 1176.340 ms fetching 3.874 ms
INFO: at 1178.277 ms fetching 3.874 ms
INFO: at 1180.215 ms fetching 3.874 ms
INFO: at 1182.153 ms fetching 3.874 ms
INFO: at 1184.091 ms fetching 3.874 ms
INFO: at 1186.029 ms fetching 3.874 ms
INFO: at 1187.966 ms fetching 3.874 ms
INFO: at 1189.905 ms fetching 3.874 ms
INFO: at 1191.842 ms fetching 3.874 ms
INFO: at 1193.780 ms fetching 3.874 ms
INFO: at 1195.718 ms fetching 3.874 ms
INFO: at 1197.656 ms fetching 3.874 ms
INFO: at 1199.593 ms fetching 3.874 ms
INFO: at 1201.531 ms fetching 3.874 ms
INFO: at 1203.469 ms fetching 3.874 ms
INFO: at 1205.407 ms fetching 3.874 ms
INFO: at 1207.344 ms fetching 3.874 ms
INFO: at 1209.767 ms fetching 3.874 ms
INFO: at 1212.189 ms fetching 3.874 ms
INFO: at 1214.611 ms fetching 3.874 ms
INFO: at 1217.033 ms fetching 3.874 ms
INFO: at 1219.455 ms fetching 3.874 ms
INFO: at 1221.877 ms fetching 3.874 ms
INFO: at 1224.299 ms fetching 3.874 ms
INFO: at 1226.721 ms fetching 3.874 ms
INFO: at 1228.874 ms fetching 3.874 ms
INFO: at 1231.031 ms fetching 3.874 ms
INFO: at 1233.184 ms fetching 3.874 ms
INFO: at 1235.337 ms fetching 3.874 ms
INFO: at 1237.497 ms fetching 3.874 ms
INFO: at 1239.650 ms fetching 3.874 ms
INFO: at 1241.803 ms fetching 3.874 ms
INFO: at 1243.956 ms fetching 3.874 ms
INFO: at 1246.109 ms fetching 3.874 ms
INFO: at 1248.878 ms fetching 3.874 ms
INFO: at 1251.646 ms fetching 3.874 ms
INFO: at 1254.414 ms fetching 3.874 ms
INFO: at 1257.182 ms fetching 3.874 ms
INFO: at 1259.950 ms fetching 3.874 ms
INFO: at 1262.718 ms fetching 3.874 ms
INFO: at 1265.486 ms fetching 3.874 ms
INFO: at 1267.639 ms fetching 3.874 ms
INFO: at 1269.792 ms fetching 3.874 ms
INFO: at 1271.945 ms fetching 3.874 ms
INFO: at 1274.098 ms fetching 3.874 ms
INFO: at 1276.251 ms fetching 3.874 ms
INFO: at 1278.404 ms fetching 3.874 ms
INFO: at 1280.557 ms fetching 3.874 ms
INFO: at 1282.710 ms fetching 3.874 ms
INFO: at 1284.867 ms fetching 3.874 ms
INFO: at 1286.482 ms fetching 3.874 ms
INFO: at 1288.097 ms fetching 3.874 ms
INFO: at 1289.938 ms fetching 3.874 ms
INFO: at 1291.553 ms fetching 3.874 ms
INFO: at 1293.169 ms fetching 3.874 ms
INFO: at 1294.784 ms fetching 3.874 ms
INFO: at 1296.399 ms fetching 3.874 ms
INFO: at 1298.014 ms fetching 3.874 ms
INFO: at 1299.629 ms fetching 3.874 ms
INFO: at 1301.244 ms fetching 3.874 ms
INFO: at 1302.859 ms fetching 3.874 ms
INFO: at 1304.474 ms fetching 3.874 ms
INFO: at 1306.236 ms fetching 3.874 ms
INFO: at 1307.997 ms fetching 3.874 ms
INFO: at 1309.759 ms fetching 3.874 ms
INFO: at 1311.521 ms fetching 3.874 ms
INFO: at 1313.283 ms fetching 3.874 ms
INFO: at 1315.045 ms fetching 3.874 ms
INFO: at 1316.806 ms fetching 3.874 ms
INFO: at 1318.568 ms fetching 3.874 ms
INFO: at 1320.330 ms fetching 3.874 ms
INFO: at 1322.091 ms fetching 3.874 ms
INFO: at 1323.853 ms fetching 3.874 ms
INFO: at 1325.468 ms fetching 3.874 ms
INFO: at 1327.083 ms fetching 3.874 ms
INFO: at 1328.698 ms fetching 3.874 ms
INFO: at 1330.313 ms fetching 3.874 ms
INFO: at 1331.928 ms fetching 3.874 ms
INFO: at 1333.543 ms fetching 3.874 ms
INFO: at 1335.157 ms fetching 3.874 ms
INFO: at 1336.772 ms fetching 3.874 ms
INFO: at 1338.387 ms fetching 3.874 ms
INFO: at 1340.002 ms fetching 3.874 ms
INFO: at 1341.617 ms fetching 3.874 ms
INFO: at 1343.232 ms fetching 3.874 ms
INFO: at 1344.847 ms fetching 3.874 ms
INFO: at 1346.462 ms fetching 3.874 ms
INFO: at 1348.077 ms fetching 3.874 ms
INFO: at 1349.692 ms fetching 3.874 ms
INFO: at 1351.312 ms fetching 3.874 ms
INFO: at 1352.927 ms fetching 3.874 ms
INFO: at 1354.542 ms fetching 3.874 ms
INFO: at 1356.157 ms fetching 3.874 ms
INFO: at 1357.772 ms fetching 3.874 ms
INFO: at 1359.387 ms fetching 3.874 ms
INFO: at 1361.002 ms fetching 3.874 ms
INFO: at 1362.617 ms fetching 3.874 ms
INFO: at 1363.909 ms fetching 3.874 ms
INFO: at 1365.201 ms fetching 3.874 ms
INFO: at 1366.498 ms fetching 3.874 ms
INFO: at 1367.790 ms fetching 3.874 ms
INFO: at 1369.083 ms fetching 3.874 ms
INFO: at 1370.375 ms fetching 3.874 ms
INFO: at 1371.667 ms fetching 3.874 ms
INFO: at 1372.959 ms fetching 3.874 ms
INFO: at 1374.251 ms fetching 3.874 ms
INFO: at 1375.544 ms fetching 3.874 ms
INFO: at 1376.836 ms fetching 3.874 ms
INFO: at 1378.128 ms fetching 3.874 ms
INFO: at 1379.420 ms fetching 3.874 ms
INFO: at 1380.712 ms fetching 3.874 ms
INFO: at 1382.004 ms fetching 3.874 ms
INFO: at 1384.426 ms fetching 3.874 ms
INFO: at 1386.848 ms fetching 3.874 ms
INFO: at 1389.270 ms fetching 3.874 ms
INFO: at 1391.692 ms fetching 3.874 ms
INFO: at 1394.114 ms fetching 3.874 ms
INFO: at 1396.537 ms fetching 3.874 ms
INFO: at 1398.959 ms fetching 3.874 ms
INFO: at 1401.381 ms fetching 3.874 ms
INFO: at 1403.319 ms fetching 3.874 ms
INFO: at 1405.257 ms fetching 3.874 ms
INFO: at 1407.194 ms fetching 3.874 ms
INFO: at 1409.133 ms fetching 3.874 ms
INFO: at 1411.071 ms fetching 3.874 ms
INFO: at 1413.009 ms fetching 3.874 ms
INFO: at 1414.947 ms fetching 3.874 ms
INFO: at 1416.884 ms fetching 3.874 ms
INFO: at 1418.823 ms fetching 3.874 ms
INFO: at 1420.761 ms fetching 3.874 ms
INFO: at 1422.924 ms fetching 3.874 ms
INFO: at 1425.077 ms fetching 3.874 ms
INFO: at 1427.231 ms fetching 3.874 ms
INFO: at 1429.384 ms fetching 3.874 ms
INFO: at 1431.537 ms fetching 3.874 ms
INFO: at 1433.703 ms fetching 3.874 ms
INFO: at 1435.856 ms fetching 3.874 ms
INFO: at 1438.009 ms fetching 3.874 ms
INFO: at 1440.162 ms fetching 3.874 ms
INFO: at 1441.777 ms fetching 3.874 ms
INFO: at 1443.392 ms fetching 3.874 ms
INFO: at 1445.007 ms fetching 3.874 ms
INFO: at 1446.622 ms fetching 3.874 ms
INFO: at 1448.237 ms fetching 3.874 ms
INFO: at 1449.852 ms fetching 3.874 ms
INFO: at 1451.467 ms fetching 3.874 ms
INFO: at 1453.082 ms fetching 3.874 ms
INFO: at 1454.697 ms fetching 3.874 ms
INFO: at 1456.312 ms fetching 3.874 ms
INFO: at 1457.927 ms fetching 3.874 ms
INFO: at 1459.542 ms fetching 3.874 ms
INFO: at 1460.511 ms fetching 3.874 ms
INFO: at 1461.484 ms fetching 3.874 ms
INFO: at 1462.453 ms fetching 3.874 ms
INFO: at 1463.422 ms fetching 3.874 ms
INFO: at 1464.392 ms fetching 3.874 ms
INFO: at 1465.361 ms fetching 3.874 ms
INFO: at 1466.330 ms fetching 3.874 ms
INFO: at 1467.300 ms fetching 3.874 ms
INFO: at 1468.269 ms fetching 3.874 ms
INFO: at 1469.238 ms fetching 3.874 ms
INFO: at 1470.208 ms fetching 3.874 ms
INFO: at 1471.177 ms fetching 3.874 ms
INFO: at 1472.146 ms fetching 3.874 ms
INFO: at 1473.116 ms fetching 3.874 ms
INFO: at 1474.085 ms fetching 3.874 ms
INFO: at 1475.054 ms fetching 3.874 ms
INFO: at 1476.024 ms fetching 3.874 ms
INFO: at 1476.993 ms fetching 3.874 ms
INFO: at 1477.962 ms fetching 3.874 ms
INFO: at 1478.931 ms fetching 3.874 ms
INFO: at 1480.693 ms fetching 3.874 ms
INFO: at 1482.455 ms fetching 3.874 ms
INFO: at 1484.216 ms fetching 3.874 ms
INFO: at 1485.978 ms fetching 3.874 ms
INFO: at 1487.740 ms fetching 3.874 ms
INFO: at 1489.501 ms fetching 3.874 ms
INFO: at 1491.263 ms fetching 3.874 ms
INFO: at 1493.025 ms fetching 3.874 ms
INFO: at 1494.787 ms fetching 3.874 ms
INFO: at 1496.548 ms fetching 3.874 ms
INFO: at 1498.310 ms fetching 3.874 ms
INFO: at 1500.733 ms fetching 3.874 ms
INFO: at 1503.155 ms fetching 3.874 ms
INFO: at 1505.577 ms fetching 3.874 ms
INFO: at 1507.999 ms fetching 3.874 ms
INFO: at 1510.421 ms fetching 3.874 ms
INFO: at 1512.843 ms fetching 3.874 ms
INFO: at 1515.265 ms fetching 3.874 ms
INFO: at 1517.687 ms fetching 3.874 ms
INFO: at 1520.109 ms fetching 3.874 ms
INFO: at 1522.531 ms fetching 3.874 ms
INFO: at 1524.955 ms fetching 3.874 ms
INFO: at 1527.377 ms fetching 3.874 ms
INFO: at 1529.799 ms fetching 3.874 ms
INFO: at 1532.221 ms fetching 3.874 ms
INFO: at 1534.643 ms fetching 3.874 ms
INFO: at 1537.065 ms fetching 3.874 ms
INFO: at 1538.827 ms fetching 3.874 ms
INFO: at 1540.589 ms fetching 3.874 ms
INFO: at 1542.350 ms fetching 3.874 ms
INFO: at 1544.112 ms fetching 3.874 ms
INFO: at 1545.874 ms fetching 3.874 ms
INFO: at 1547.636 ms fetching 3.874 ms
INFO: at 1549.397 ms fetching 3.874 ms
INFO: at 1551.159 ms fetching 3.874 ms
INFO: at 1552.921 ms fetching 3.874 ms
INFO: at 1554.683 ms fetching 3.874 ms
INFO: at 1556.444 ms fetching 3.874 ms
INFO: at 1557.829 ms fetching 3.874 ms
INFO: at 1559.213 ms fetching 3.874 ms
INFO: at 1560.597 ms fetching 3.874 ms
INFO: at 1561.982 ms fetching 3.874 ms
INFO: at 1563.366 ms fetching 3.874 ms
INFO: at 1564.750 ms fetching 3.874 ms
INFO: at 1566.138 ms fetching 3.874 ms
INFO: at 1567.523 ms fetching 3.874 ms
INFO: at 1568.908 ms fetching 3.874 ms
INFO: at 1570.292 ms fetching 3.874 ms
INFO: at 1571.677 ms fetching 3.874 ms
INFO: at 1573.061 ms fetching 3.874 ms
INFO: at 1574.446 ms fetching 3.874 ms
INFO: at 1575.830 ms fetching 3.874 ms
INFO: at 1577.592 ms fetching 3.874 ms
INFO: at 1579.354 ms fetching 3.874 ms
INFO: at 1581.115 ms fetching 3.874 ms
INFO: at 1582.877 ms fetching 3.874 ms
INFO: at 1584.639 ms fetching 3.874 ms
INFO: at 1586.401 ms fetching 3.874 ms
INFO: at 1588.162 ms fetching 3.874 ms
INFO: at 1589.924 ms fetching 3.874 ms
INFO: at 1591.685 ms fetching 3.874 ms
INFO: at 1593.447 ms fetching 3.874 ms
INFO: at 1595.209 ms fetching 3.874 ms
INFO: at 1597.362 ms fetching 3.874 ms
INFO: at 1599.516 ms fetching 3.874 ms
INFO: at 1601.668 ms fetching 3.874 ms
INFO: at 1603.822 ms fetching 3.874 ms
INFO: at 1605.975 ms fetching 3.874 ms
INFO: at 1608.127 ms fetching 3.874 ms
INFO: at 1610.281 ms fetching 3.874 ms
INFO: at 1612.434 ms fetching 3.874 ms
INFO: at 1614.587 ms fetching 3.874 ms
INFO: at 1616.349 ms fetching 3.874 ms
INFO: at 1618.110 ms fetching 3.874 ms
INFO: at 1619.872 ms fetching 3.874 ms
INFO: at 1621.634 ms fetching 3.874 ms
INFO: at 1623.395 ms fetching 3.874 ms
INFO: at 1625.157 ms fetching 3.874 ms
INFO: at 1626.919 ms fetching 3.874 ms
INFO: at 1628.681 ms fetching 3.874 ms
INFO: at 1630.442 ms fetching 3.874 ms
INFO: at 1632.204 ms fetching 3.874 ms
INFO: at 1633.966 ms fetching 3.874 ms
INFO: at 1635.581 ms fetching 3.874 ms
INFO: at 1637.196 ms fetching 3.874 ms
INFO: at 1638.811 ms fetching 3.874 ms
INFO: at 1640.426 ms fetching 3.874 ms
INFO: at 1642.041 ms fetching 3.874 ms
INFO: at 1643.656 ms fetching 3.874 ms
INFO: at 1645.271 ms fetching 3.874 ms
INFO: at 1646.886 ms fetching 3.874 ms
INFO: at 1648.501 ms fetching 3.874 ms
INFO: at 1650.116 ms fetching 3.874 ms
INFO: at 1651.731 ms fetching 3.874 ms
INFO: at 1653.346 ms fetching 3.874 ms
INFO: at 1655.108 ms fetching 3.874 ms
INFO: at 1656.870 ms fetching 3.874 ms
INFO: at 1658.632 ms fetching 3.874 ms
INFO: at 1660.393 ms fetching 3.874 ms
INFO: at 1662.155 ms fetching 3.874 ms
INFO: at 1663.917 ms fetching 3.874 ms
INFO: at 1665.678 ms fetching 3.874 ms
INFO: at 1667.440 ms fetching 3.874 ms
INFO: at 1669.202 ms fetching 3.874 ms
INFO: at 1670.963 ms fetching 3.874 ms
INFO: at 1672.725 ms fetching 3.874 ms
INFO: at 1674.017 ms fetching 3.874 ms
INFO: at 1675.313 ms fetching 3.874 ms
INFO: at 1676.605 ms fetching 3.874 ms
INFO: at 1677.897 ms fetching 3.874 ms
INFO: at 1679.189 ms fetching 3.874 ms
INFO: at 1680.481 ms fetching 3.874 ms
INFO: at 1681.774 ms fetching 3.874 ms
INFO: at 1683.066 ms fetching 3.874 ms
INFO: at 1684.358 ms fetching 3.874 ms
INFO: at 1685.650 ms fetching 3.874 ms
INFO: at 1686.942 ms fetching 3.874 ms
INFO: at 1688.234 ms fetching 3.874 ms
INFO: at 1689.526 ms fetching 3.874 ms
INFO: at 1690.818 ms fetching 3.874 ms
INFO: at 1692.110 ms fetching 3.874 ms
INFO: at 1694.263 ms fetching 3.874 ms
INFO: at 1696.416 ms fetching 3.874 ms
INFO: at 1698.569 ms fetching 3.874 ms
INFO: at 1700.722 ms fetching 3.874 ms
INFO: at 1702.875 ms fetching 3.874 ms
INFO: at 1705.028 ms fetching 3.874 ms
INFO: at 1707.181 ms fetching 3.874 ms
INFO: at 1709.334 ms fetching 3.874 ms
INFO: at 1711.488 ms fetching 3.874 ms
INFO: at 1713.425 ms fetching 3.874 ms
INFO: at 1715.363 ms fetching 3.874 ms
INFO: at 1717.301 ms fetching 3.874 ms
INFO: at 1719.239 ms fetching 3.874 ms
INFO: at 1721.177 ms fetching 3.874 ms
INFO: at 1723.114 ms fetching 3.874 ms
INFO: at 1725.052 ms fetching 3.874 ms
INFO: at 1726.990 ms fetching 3.874 ms
INFO: at 1728.928 ms fetching 3.874 ms
INFO: at 1730.866 ms fetching 3.874 ms
INFO: at 1732.627 ms fetching 3.874 ms
INFO: at 1734.389 ms fetching 3.874 ms
INFO: at 1736.151 ms fetching 3.874 ms
INFO: at 1737.913 ms fetching 3.874 ms
INFO: at 1739.674 ms fetching 3.874 ms
INFO: at 1741.436 ms fetching 3.874 ms
INFO: at 1743.198 ms fetching 3.874 ms
INFO: at 1744.961 ms fetching 3.874 ms
INFO: at 1746.723 ms fetching 3.874 ms
INFO: at 1748.485 ms fetching 3.874 ms
INFO: at 1750.246 ms fetching 3.874 ms
INFO: at 1751.737 ms fetching 3.874 ms
INFO: at 1753.228 ms fetching 3.874 ms
INFO: at 1754.719 ms fetching 3.874 ms
INFO: at 1756.210 ms fetching 3.874 ms
INFO: at 1757.701 ms fetching 3.874 ms
INFO: at 1759.192 ms fetching 3.874 ms
INFO: at 1760.682 ms fetching 3.874 ms
INFO: at 1762.173 ms fetching 3.874 ms
INFO: at 1763.664 ms fetching 3.874 ms
INFO: at 1765.155 ms fetching 3.874 ms
INFO: at 1766.646 ms fetching 3.874 ms
INFO: at 1768.137 ms fetching 3.874 ms
INFO: at 1769.628 ms fetching 3.874 ms
INFO: at 1771.012 ms fetching 3.874 ms
INFO: at 1772.396 ms fetching 3.874 ms
INFO: at 1773.780 ms fetching 3.874 ms
INFO: at 1775.165 ms fetching 3.874 ms
INFO: at 1776.549 ms fetching 3.874 ms
INFO: at 1777.934 ms fetching 3.874 ms
INFO: at 1779.318 ms fetching 3.874 ms
INFO: at 1780.703 ms fetching 3.874 ms
INFO: at 1782.087 ms fetching 3.874 ms
INFO: at 1783.471 ms fetching 3.874 ms
INFO: at 1784.856 ms fetching 3.874 ms
INFO: at 1786.240 ms fetching 3.874 ms
INFO: at 1787.624 ms fetching 3.874 ms
INFO: at 1789.009 ms fetching 3.874 ms
INFO: at 1790.771 ms fetching 3.874 ms
INFO: at 1792.533 ms fetching 3.874 ms
INFO: at 1794.294 ms fetching 3.874 ms
INFO: at 1796.056 ms fetching 3.874 ms
INFO: at 1797.818 ms fetching 3.874 ms
INFO: at 1799.580 ms fetching 3.874 ms
INFO: at 1801.342 ms fetching 3.874 ms
INFO: at 1803.103 ms fetching 3.874 ms
INFO: at 1804.865 ms fetching 3.874 ms
INFO: at 1806.626 ms fetching 3.874 ms
INFO: at 1808.388 ms fetching 3.874 ms
INFO: at 1810.326 ms fetching 3.874 ms
INFO: at 1812.266 ms fetching 3.874 ms
INFO: at 1814.204 ms fetching 3.874 ms
INFO: at 1816.142 ms fetching 3.874 ms
INFO: at 1818.080 ms fetching 3.874 ms
INFO: at 1820.018 ms fetching 3.874 ms
INFO: at 1821.956 ms fetching 3.874 ms
INFO: at 1823.894 ms fetching 3.874 ms
INFO: at 1825.832 ms fetching 3.874 ms
INFO: at 1827.770 ms fetching 3.874 ms
INFO: at 1829.154 ms fetching 3.874 ms
INFO: at 1830.539 ms fetching 3.874 ms
INFO: at 1831.923 ms fetching 3.874 ms
INFO: at 1833.308 ms fetching 3.874 ms
INFO: at 1834.693 ms fetching 3.874 ms
INFO: at 1836.079 ms fetching 3.874 ms
INFO: at 1837.465 ms fetching 3.874 ms
INFO: at 1838.849 ms fetching 3.874 ms
INFO: at 1840.234 ms fetching 3.874 ms
INFO: at 1841.618 ms fetching 3.874 ms
INFO: at 1843.003 ms fetching 3.874 ms
INFO: at 1844.387 ms fetching 3.874 ms
INFO: done
22-04-19:08:37:28 INFO     [docker_logging_utils.py:19] [default-cluster] Created logging directory: /home/cc/DynWork/multimodal_dataset_gpu/repeat-4/Static_CV/Azure/classification/resnet_imagenet/1_x_P99/clipper/logs
22-04-19:08:38:11 INFO     [clipper_admin.py:1424] [default-cluster] Stopped all Clipper cluster and all model containers
