[1m[22:57:45.497][info]       [REDIS] Successfully issued command "SELECT 1"
[00m[1m[22:57:45.497][info]     [STATEDB] Persistent state DB created
[00m[1m[22:57:47.274][info]   [MGMTFRNTD] Add application POST request
[00m[1m[22:57:47.275][info]       [REDIS] Successfully issued command "SELECT 5"
[00m[1m[22:57:47.275][info]       [REDIS] Successfully issued command "HGETALL fake-model"
[00m[1m[22:57:47.275][info]       [REDIS] Successfully issued command "SELECT 5"
[00m[1m[22:57:47.275][info]       [REDIS] Successfully issued command "HMSET fake-model input_type floats policy DefaultOutputSelectionPolicy default_output None latency_slo_micros 175000"
[00m[1m[22:57:48.322][info]   [MGMTFRNTD] Add model POST request
[00m[1m[22:57:48.323][info]       [REDIS] Successfully issued command "SELECT 2"
[00m[1m[22:57:48.323][info]       [REDIS] Successfully issued command "HGETALL fake-model:1"
[00m[1m[22:57:48.323][info]       [REDIS] Successfully issued command "SELECT 5"
[00m[1m[22:57:48.324][info]       [REDIS] Successfully issued command "KEYS *"
[00m[1m[22:57:48.324][info]       [REDIS] Successfully issued command "SELECT 7"
[00m[1m[22:57:48.324][info]       [REDIS] Successfully issued command "SMEMBERS fake-model"
[00m[1m[22:57:48.324][info]       [REDIS] Successfully issued command "SELECT 2"
[00m[1m[22:57:48.324][info]       [REDIS] Successfully issued command "HMSET fake-model:1 model_name fake-model model_version 1 load 0.000000 input_type floats labels  container_name default-cluster-fake-model:1 model_data_path DEPRECATED batch_size 8 valid "
[00m[1m[22:57:48.325][info]       [REDIS] Successfully issued command "SELECT 6"
[00m[1m[22:57:48.325][info]       [REDIS] Successfully issued command "SET CURRENT_MODEL_VERSION:fake-model 1"
[00m[1m[22:57:48.332][info]   [MGMTFRNTD] Add application links POST request
[00m[1m[22:57:48.333][info]       [REDIS] Successfully issued command "SELECT 5"
[00m[1m[22:57:48.333][info]       [REDIS] Successfully issued command "HGETALL fake-model"
[00m[1m[22:57:48.333][info]       [REDIS] 	 input_type: floats
[00m[1m[22:57:48.333][info]       [REDIS] 	 policy: DefaultOutputSelectionPolicy
[00m[1m[22:57:48.333][info]       [REDIS] 	 default_output: None
[00m[1m[22:57:48.333][info]       [REDIS] 	 latency_slo_micros: 175000
[00m[1m[22:57:48.333][info]       [REDIS] Successfully issued command "SELECT 6"
[00m[1m[22:57:48.333][info]       [REDIS] Successfully issued command "GET CURRENT_MODEL_VERSION:fake-model"
[00m[1m[22:57:48.333][info]       [REDIS] Successfully issued command "SELECT 2"
[00m[1m[22:57:48.334][info]       [REDIS] Successfully issued command "HGETALL fake-model:1"
[00m[1m[22:57:48.334][info]       [REDIS] 	 model_name: fake-model
[00m[1m[22:57:48.334][info]       [REDIS] 	 model_version: 1
[00m[1m[22:57:48.334][info]       [REDIS] 	 load: 0.000000
[00m[1m[22:57:48.334][info]       [REDIS] 	 input_type: floats
[00m[1m[22:57:48.334][info]       [REDIS] 	 labels: 
[00m[1m[22:57:48.334][info]       [REDIS] 	 container_name: default-cluster-fake-model:1
[00m[1m[22:57:48.334][info]       [REDIS] 	 model_data_path: DEPRECATED
[00m[1m[22:57:48.334][info]       [REDIS] 	 batch_size: 8
[00m[1m[22:57:48.334][info]       [REDIS] 	 valid: 
[00m[1m[22:57:48.334][info]       [REDIS] Successfully issued command "SELECT 7"
[00m[1m[22:57:48.334][info]       [REDIS] Successfully issued command "SMEMBERS fake-model"
[00m[1m[22:57:48.334][info]       [REDIS] Successfully issued command "SELECT 7"
[00m[1m[22:57:48.334][info]       [REDIS] Successfully issued command "SADD fake-model fake-model"
[00m[1m[22:57:50.344][info]   [MGMTFRNTD] Get all models POST request
[00m[1m[22:57:50.344][info]       [REDIS] Successfully issued command "SELECT 2"
[00m[1m[22:57:50.345][info]       [REDIS] Successfully issued command "KEYS *"
[00m[1m[22:57:50.345][info]       [REDIS] Successfully issued command "SELECT 2"
[00m[1m[22:57:50.345][info]       [REDIS] Successfully issued command "HGETALL fake-model:1"
[00m[1m[22:57:50.345][info]       [REDIS] 	 model_name: fake-model
[00m[1m[22:57:50.345][info]       [REDIS] 	 model_version: 1
[00m[1m[22:57:50.345][info]       [REDIS] 	 load: 0.000000
[00m[1m[22:57:50.345][info]       [REDIS] 	 input_type: floats
[00m[1m[22:57:50.345][info]       [REDIS] 	 labels: 
[00m[1m[22:57:50.345][info]       [REDIS] 	 container_name: default-cluster-fake-model:1
[00m[1m[22:57:50.345][info]       [REDIS] 	 model_data_path: DEPRECATED
[00m[1m[22:57:50.345][info]       [REDIS] 	 batch_size: 8
[00m[1m[22:57:50.345][info]       [REDIS] 	 valid: 
[00m[1m[22:57:50.345][info]       [REDIS] Successfully issued command "SELECT 6"
[00m[1m[22:57:50.345][info]       [REDIS] Successfully issued command "GET CURRENT_MODEL_VERSION:fake-model"
[00m[1m[22:57:50.345][info]   [MGMTFRNTD] get_all_models response: [{"model_name":"fake-model","model_version":"1","input_type":"floats","labels":[""],"container_name":"default-cluster-fake-model:1","model_data_path":"DEPRECATED","is_current_version":true}]
