22-04-03:02:12:12 INFO     [docker_container_manager.py:192] [default-cluster] Starting managed Redis instance in Docker
22-04-03:02:12:14 INFO     [docker_container_manager.py:294] [default-cluster] Metric Configuration Saved at /tmp/tmp6e_i73hc.yml
22-04-03:02:12:15 INFO     [clipper_admin.py:162] [default-cluster] Clipper is running
22-04-03:02:12:15 INFO     [clipper_admin.py:236] [default-cluster] Application fake-model was successfully registered
22-04-03:02:12:15 INFO     [deployer_utils.py:41] Saving function to /tmp/tmpzm6ingwbclipper
22-04-03:02:12:15 INFO     [deployer_utils.py:51] Serialized and supplied predict function
22-04-03:02:12:15 INFO     [python.py:192] Python closure saved
22-04-03:02:12:15 INFO     [python.py:210] Using Python 3.7 base image
22-04-03:02:12:15 INFO     [clipper_admin.py:534] [default-cluster] Building model Docker image with model data from /tmp/tmpzm6ingwbclipper
22-04-03:02:12:15 INFO     [clipper_admin.py:539] [default-cluster] Step 1/2 : FROM clipper/python37-closure-container:develop
22-04-03:02:12:15 INFO     [clipper_admin.py:539] [default-cluster]  ---> 2660542c0759
22-04-03:02:12:15 INFO     [clipper_admin.py:539] [default-cluster] Step 2/2 : COPY /tmp/tmpzm6ingwbclipper /model/
22-04-03:02:12:15 INFO     [clipper_admin.py:539] [default-cluster]  ---> 6088bcecfd17
22-04-03:02:12:15 INFO     [clipper_admin.py:539] [default-cluster] Successfully built 6088bcecfd17
22-04-03:02:12:15 INFO     [clipper_admin.py:539] [default-cluster] Successfully tagged default-cluster-fake-model:1
22-04-03:02:12:15 INFO     [clipper_admin.py:541] [default-cluster] Pushing model Docker image to default-cluster-fake-model:1
22-04-03:02:12:16 INFO     [docker_container_manager.py:433] [default-cluster] Found 0 replicas for fake-model:1. Adding 1
22-04-03:02:12:16 INFO     [clipper_admin.py:724] [default-cluster] Successfully registered model fake-model:1
22-04-03:02:12:16 INFO     [clipper_admin.py:642] [default-cluster] Done deploying model fake-model:1.
22-04-03:02:12:16 INFO     [clipper_admin.py:303] [default-cluster] Model fake-model is now linked to application fake-model
INFO: waiting for ready to serve
INFO: waiting for ready to serve
INFO: waiting for ready to serve
INFO: waiting for ready to serve
INFO: ready to go
INFO: rock and roll
INFO: at 3.008 ms batch [90.736] delay 22.000 ms
INFO: at 3.008 ms fetching 90.736 ms
INFO: at 25.013 ms batch [80.056] delay 22.000 ms
INFO: at 25.013 ms fetching 80.056 ms
INFO: at 47.017 ms batch [26.667] delay 22.000 ms
INFO: at 47.017 ms fetching 26.667 ms
INFO: at 69.021 ms batch [31.512] delay 22.000 ms
INFO: at 69.021 ms fetching 31.512 ms
INFO: at 91.025 ms batch [82.902] delay 22.000 ms
INFO: at 91.025 ms fetching 82.902 ms
INFO: at 113.030 ms batch [28.025] delay 22.000 ms
INFO: at 113.030 ms fetching 28.025 ms
INFO: at 135.033 ms batch [83.259] delay 22.000 ms
INFO: at 135.033 ms fetching 83.259 ms
INFO: at 157.037 ms batch [83.504] delay 22.000 ms
INFO: at 157.037 ms fetching 83.504 ms
INFO: at 179.040 ms batch [87.569] delay 22.000 ms
INFO: at 179.040 ms fetching 87.569 ms
INFO: at 201.048 ms batch [80.195] delay 22.000 ms
INFO: at 201.048 ms fetching 80.195 ms
INFO: at 223.052 ms batch [31.964] delay 27.500 ms
INFO: at 223.052 ms fetching 31.964 ms
INFO: at 250.556 ms batch [26.787] delay 27.500 ms
INFO: at 250.556 ms fetching 26.787 ms
INFO: at 278.061 ms batch [75.389] delay 27.500 ms
INFO: at 278.061 ms fetching 75.389 ms
INFO: at 305.565 ms batch [40.647] delay 27.500 ms
INFO: at 305.565 ms fetching 40.647 ms
INFO: at 333.070 ms batch [30.969] delay 22.000 ms
INFO: at 333.070 ms fetching 30.969 ms
INFO: at 355.074 ms batch [81.606] delay 22.000 ms
INFO: at 355.074 ms fetching 81.606 ms
INFO: at 377.078 ms batch [27.669] delay 22.000 ms
INFO: at 377.078 ms fetching 27.669 ms
INFO: at 399.082 ms batch [30.114] delay 22.000 ms
INFO: at 399.082 ms fetching 30.114 ms
INFO: at 421.086 ms batch [34.406] delay 22.000 ms
INFO: at 421.086 ms fetching 34.406 ms
INFO: at 443.090 ms batch [77.446] delay 27.500 ms
INFO: at 443.090 ms fetching 77.446 ms
INFO: at 470.593 ms batch [88.938] delay 27.500 ms
INFO: at 470.593 ms fetching 88.938 ms
INFO: at 498.099 ms batch [25.915] delay 27.500 ms
INFO: at 498.099 ms fetching 25.915 ms
INFO: at 525.603 ms batch [19.875] delay 27.500 ms
INFO: at 525.603 ms fetching 19.875 ms
INFO: at 553.107 ms batch [79.191] delay 27.500 ms
INFO: at 553.107 ms fetching 79.191 ms
INFO: at 580.611 ms batch [26.563] delay 27.500 ms
INFO: at 580.611 ms fetching 26.563 ms
INFO: at 608.116 ms batch [85.518] delay 27.500 ms
INFO: at 608.116 ms fetching 85.518 ms
INFO: at 635.620 ms batch [32.964] delay 27.500 ms
INFO: at 635.620 ms fetching 32.964 ms
INFO: at 663.125 ms batch [28.481] delay 27.500 ms
INFO: at 663.125 ms fetching 28.481 ms
INFO: at 690.630 ms batch [80.335] delay 27.500 ms
INFO: at 690.630 ms fetching 80.335 ms
INFO: at 718.134 ms batch [73.680] delay 27.500 ms
INFO: at 718.134 ms fetching 73.680 ms
INFO: at 745.638 ms batch [81.240] delay 27.500 ms
INFO: at 745.638 ms fetching 81.240 ms
INFO: at 773.142 ms batch [23.403] delay 27.500 ms
INFO: at 773.142 ms fetching 23.403 ms
INFO: at 800.647 ms batch [85.627] delay 27.500 ms
INFO: at 800.647 ms fetching 85.627 ms
INFO: at 828.150 ms batch [87.101] delay 27.500 ms
INFO: at 828.150 ms fetching 87.101 ms
INFO: at 855.656 ms batch [33.113] delay 27.500 ms
INFO: at 855.656 ms fetching 33.113 ms
INFO: at 883.161 ms batch [82.766] delay 27.500 ms
INFO: at 883.161 ms fetching 82.766 ms
INFO: at 910.667 ms batch [33.953] delay 27.500 ms
INFO: at 910.667 ms fetching 33.953 ms
INFO: at 938.170 ms batch [22.128] delay 27.500 ms
INFO: at 938.170 ms fetching 22.128 ms
INFO: at 965.675 ms batch [19.081] delay 27.500 ms
INFO: at 965.675 ms fetching 19.081 ms
INFO: at 993.179 ms batch [33.504] delay 27.500 ms
INFO: at 993.179 ms fetching 33.504 ms
INFO: at 1020.683 ms batch [78.830] delay 27.500 ms
INFO: at 1020.683 ms fetching 78.830 ms
INFO: at 1048.265 ms batch [24.860] delay 27.500 ms
INFO: at 1048.265 ms fetching 24.860 ms
INFO: at 1075.770 ms batch [85.119] delay 27.500 ms
INFO: at 1075.770 ms fetching 85.119 ms
INFO: at 1103.276 ms batch [18.000] delay 36.667 ms
INFO: at 1103.276 ms fetching 18.000 ms
INFO: at 1139.947 ms batch [75.928] delay 36.667 ms
INFO: at 1139.947 ms fetching 75.928 ms
INFO: at 1176.618 ms batch [28.590] delay 36.667 ms
INFO: at 1176.618 ms fetching 28.590 ms
INFO: at 1213.291 ms batch [21.454] delay 22.000 ms
INFO: at 1213.291 ms fetching 21.454 ms
INFO: at 1235.295 ms batch [89.709] delay 22.000 ms
INFO: at 1235.295 ms fetching 89.709 ms
INFO: at 1257.299 ms batch [84.643] delay 22.000 ms
INFO: at 1257.299 ms fetching 84.643 ms
INFO: at 1279.303 ms batch [85.376] delay 22.000 ms
INFO: at 1279.303 ms fetching 85.376 ms
INFO: at 1301.307 ms batch [34.874] delay 22.000 ms
INFO: at 1301.307 ms fetching 34.874 ms
INFO: at 1323.311 ms batch [89.208] delay 22.000 ms
INFO: at 1323.311 ms fetching 89.208 ms
INFO: at 1345.314 ms batch [22.421] delay 22.000 ms
INFO: at 1345.314 ms fetching 22.421 ms
INFO: at 1367.318 ms batch [36.228] delay 22.000 ms
INFO: at 1367.318 ms fetching 36.228 ms
INFO: at 1389.322 ms batch [76.421] delay 22.000 ms
INFO: at 1389.322 ms fetching 76.421 ms
INFO: at 1411.326 ms batch [24.502] delay 22.000 ms
INFO: at 1411.326 ms fetching 24.502 ms
INFO: at 1433.332 ms batch [35.528] delay 22.000 ms
INFO: at 1433.332 ms fetching 35.528 ms
INFO: at 1455.350 ms batch [85.983] delay 22.000 ms
INFO: at 1455.350 ms fetching 85.983 ms
INFO: at 1477.366 ms batch [30.601] delay 22.000 ms
INFO: at 1477.366 ms fetching 30.601 ms
INFO: at 1499.369 ms batch [29.412] delay 22.000 ms
INFO: at 1499.369 ms fetching 29.412 ms
INFO: at 1521.373 ms batch [80.486] delay 22.000 ms
INFO: at 1521.373 ms fetching 80.486 ms
INFO: at 1543.376 ms batch [23.143] delay 27.500 ms
INFO: at 1543.376 ms fetching 23.143 ms
INFO: at 1570.880 ms batch [31.637] delay 27.500 ms
INFO: at 1570.880 ms fetching 31.637 ms
INFO: at 1598.384 ms batch [24.672] delay 27.500 ms
INFO: at 1598.384 ms fetching 24.672 ms
INFO: at 1625.890 ms batch [37.456] delay 27.500 ms
INFO: at 1625.890 ms fetching 37.456 ms
INFO: at 1653.393 ms batch [26.315] delay 36.667 ms
INFO: at 1653.393 ms fetching 26.315 ms
INFO: at 1690.067 ms batch [79.554] delay 36.667 ms
INFO: at 1690.067 ms fetching 79.554 ms
INFO: at 1726.739 ms batch [83.004] delay 36.667 ms
INFO: at 1726.739 ms fetching 83.004 ms
INFO: at 1763.409 ms batch [29.061] delay 27.500 ms
INFO: at 1763.409 ms fetching 29.061 ms
INFO: at 1790.915 ms batch [29.642] delay 27.500 ms
INFO: at 1790.915 ms fetching 29.642 ms
INFO: at 1818.419 ms batch [81.974] delay 27.500 ms
INFO: at 1818.419 ms fetching 81.974 ms
INFO: at 1845.924 ms batch [30.484] delay 27.500 ms
INFO: at 1845.924 ms fetching 30.484 ms
INFO: at 1873.428 ms batch [83.634] delay 22.000 ms
INFO: at 1873.428 ms fetching 83.634 ms
INFO: at 1895.431 ms batch [85.741] delay 22.000 ms
INFO: at 1895.431 ms fetching 85.741 ms
INFO: at 1917.436 ms batch [24.332] delay 22.000 ms
INFO: at 1917.436 ms fetching 24.332 ms
INFO: at 1939.439 ms batch [29.273] delay 22.000 ms
INFO: at 1939.439 ms fetching 29.273 ms
INFO: at 1961.443 ms batch [79.921] delay 22.000 ms
INFO: at 1961.443 ms fetching 79.921 ms
INFO: at 1983.446 ms batch [83.752] delay 27.500 ms
INFO: at 1983.446 ms fetching 83.752 ms
INFO: at 2010.951 ms batch [30.223] delay 27.500 ms
INFO: at 2010.951 ms fetching 30.223 ms
INFO: at 2038.455 ms batch [29.986] delay 27.500 ms
INFO: at 2038.455 ms fetching 29.986 ms
INFO: at 2065.961 ms batch [28.953] delay 27.500 ms
INFO: at 2065.961 ms fetching 28.953 ms
INFO: at 2093.466 ms batch [25.123] delay 27.500 ms
INFO: at 2093.466 ms fetching 25.123 ms
INFO: at 2120.971 ms batch [25.277] delay 27.500 ms
INFO: at 2120.971 ms fetching 25.277 ms
INFO: at 2148.476 ms batch [84.331] delay 27.500 ms
INFO: at 2148.476 ms fetching 84.331 ms
INFO: at 2175.979 ms batch [85.255] delay 27.500 ms
INFO: at 2175.979 ms fetching 85.255 ms
INFO: at 2203.485 ms batch [84.522] delay 22.000 ms
INFO: at 2203.485 ms fetching 84.522 ms
INFO: at 2225.488 ms batch [89.452] delay 22.000 ms
INFO: at 2225.488 ms fetching 89.452 ms
INFO: at 2247.492 ms batch [81.859] delay 22.000 ms
INFO: at 2247.492 ms fetching 81.859 ms
INFO: at 2269.502 ms batch [86.096] delay 22.000 ms
INFO: at 2269.502 ms fetching 86.096 ms
INFO: at 2291.506 ms batch [33.736] delay 22.000 ms
INFO: at 2291.506 ms fetching 33.736 ms
INFO: at 2313.510 ms batch [88.110] delay 27.500 ms
INFO: at 2313.510 ms fetching 88.110 ms
INFO: at 2341.015 ms batch [74.708] delay 27.500 ms
INFO: at 2341.015 ms fetching 74.708 ms
INFO: at 2368.519 ms batch [91.232] delay 27.500 ms
INFO: at 2368.519 ms fetching 91.232 ms
INFO: at 2396.023 ms batch [87.936] delay 27.500 ms
INFO: at 2396.023 ms fetching 87.936 ms
INFO: at 2423.526 ms batch [90.022] delay 22.000 ms
INFO: at 2423.526 ms fetching 90.022 ms
INFO: at 2445.531 ms batch [21.749] delay 22.000 ms
INFO: at 2445.531 ms fetching 21.749 ms
INFO: at 2467.535 ms batch [24.153] delay 22.000 ms
INFO: at 2467.535 ms fetching 24.153 ms
INFO: at 2489.539 ms batch [30.849] delay 22.000 ms
INFO: at 2489.539 ms fetching 30.849 ms
INFO: at 2511.544 ms batch [26.914] delay 22.000 ms
INFO: at 2511.544 ms fetching 26.914 ms
INFO: at 2533.547 ms batch [27.159] delay 27.500 ms
INFO: at 2533.547 ms fetching 27.159 ms
INFO: at 2561.053 ms batch [81.096] delay 27.500 ms
INFO: at 2561.053 ms fetching 81.096 ms
INFO: at 2588.556 ms batch [23.957] delay 27.500 ms
INFO: at 2588.556 ms fetching 23.957 ms
INFO: at 2616.062 ms batch [84.195] delay 27.500 ms
INFO: at 2616.062 ms fetching 84.195 ms
INFO: at 2643.565 ms batch [29.868] delay 22.000 ms
INFO: at 2643.565 ms fetching 29.868 ms
INFO: at 2665.570 ms batch [87.756] delay 22.000 ms
INFO: at 2665.570 ms fetching 87.756 ms
INFO: at 2687.573 ms batch [23.788] delay 22.000 ms
INFO: at 2687.573 ms fetching 23.788 ms
INFO: at 2709.577 ms batch [35.856] delay 22.000 ms
INFO: at 2709.577 ms fetching 35.856 ms
INFO: at 2731.580 ms batch [87.271] delay 22.000 ms
INFO: at 2731.580 ms fetching 87.271 ms
INFO: at 2753.584 ms batch [27.535] delay 22.000 ms
INFO: at 2753.584 ms fetching 27.535 ms
INFO: at 2775.587 ms batch [35.186] delay 22.000 ms
INFO: at 2775.587 ms fetching 35.186 ms
INFO: at 2797.591 ms batch [82.109] delay 22.000 ms
INFO: at 2797.591 ms fetching 82.109 ms
INFO: at 2819.594 ms batch [92.966] delay 22.000 ms
INFO: at 2819.594 ms fetching 92.966 ms
INFO: at 2841.598 ms batch [38.270] delay 22.000 ms
INFO: at 2841.598 ms fetching 38.270 ms
INFO: at 2863.602 ms batch [34.638] delay 27.500 ms
INFO: at 2863.602 ms fetching 34.638 ms
INFO: at 2891.108 ms batch [82.228] delay 27.500 ms
INFO: at 2891.108 ms fetching 82.228 ms
INFO: at 2918.612 ms batch [28.831] delay 27.500 ms
INFO: at 2918.612 ms fetching 28.831 ms
INFO: at 2946.118 ms batch [83.389] delay 27.500 ms
INFO: at 2946.118 ms fetching 83.389 ms
INFO: at 2973.621 ms batch [85.860] delay 36.667 ms
INFO: at 2973.621 ms fetching 85.860 ms
INFO: at 3010.295 ms batch [32.790] delay 36.667 ms
INFO: at 3010.295 ms fetching 32.790 ms
INFO: at 3046.966 ms batch [83.866] delay 36.667 ms
INFO: at 3046.966 ms fetching 83.866 ms
INFO: at 3083.636 ms batch [88.524] delay 27.500 ms
INFO: at 3083.636 ms fetching 88.524 ms
INFO: at 3111.142 ms batch [31.259] delay 27.500 ms
INFO: at 3111.142 ms fetching 31.259 ms
INFO: at 3138.648 ms batch [25.460] delay 27.500 ms
INFO: at 3138.648 ms fetching 25.460 ms
INFO: at 3166.152 ms batch [82.373] delay 27.500 ms
INFO: at 3166.152 ms fetching 82.373 ms
INFO: at 3193.657 ms batch [77.165] delay 22.000 ms
INFO: at 3193.657 ms fetching 77.165 ms
INFO: at 3215.660 ms batch [82.498] delay 22.000 ms
INFO: at 3215.660 ms fetching 82.498 ms
INFO: at 3237.663 ms batch [25.011] delay 22.000 ms
INFO: at 3237.663 ms fetching 25.011 ms
INFO: at 3259.667 ms batch [92.309] delay 22.000 ms
INFO: at 3259.667 ms fetching 92.309 ms
INFO: at 3281.671 ms batch [31.804] delay 22.000 ms
INFO: at 3281.671 ms fetching 31.804 ms
INFO: at 3303.675 ms batch [81.484] delay 27.500 ms
INFO: at 3303.675 ms fetching 81.484 ms
INFO: at 3331.178 ms batch [31.400] delay 27.500 ms
INFO: at 3331.178 ms fetching 31.400 ms
INFO: at 3358.683 ms batch [100.000] delay 27.500 ms
INFO: at 3358.683 ms fetching 100.000 ms
INFO: at 3386.186 ms batch [32.118] delay 27.500 ms
INFO: at 3386.186 ms fetching 32.118 ms
INFO: at 3413.691 ms batch [28.367] delay 27.500 ms
INFO: at 3413.691 ms fetching 28.367 ms
INFO: at 3441.195 ms batch [86.397] delay 27.500 ms
INFO: at 3441.195 ms fetching 86.397 ms
INFO: at 3468.699 ms batch [79.734] delay 27.500 ms
INFO: at 3468.699 ms fetching 79.734 ms
INFO: at 3496.203 ms batch [86.800] delay 27.500 ms
INFO: at 3496.203 ms fetching 86.800 ms
INFO: at 3523.708 ms batch [80.784] delay 36.667 ms
INFO: at 3523.708 ms fetching 80.784 ms
INFO: at 3560.377 ms batch [86.546] delay 36.667 ms
INFO: at 3560.377 ms fetching 86.546 ms
INFO: at 3597.049 ms batch [84.883] delay 36.667 ms
INFO: at 3597.049 ms fetching 84.883 ms
INFO: at 3633.720 ms batch [28.255] delay 22.000 ms
INFO: at 3633.720 ms fetching 28.255 ms
INFO: at 3655.724 ms batch [86.659] delay 22.000 ms
INFO: at 3655.724 ms fetching 86.659 ms
INFO: at 3677.728 ms batch [25.612] delay 22.000 ms
INFO: at 3677.728 ms fetching 25.612 ms
INFO: at 3699.732 ms batch [36.729] delay 22.000 ms
INFO: at 3699.732 ms fetching 36.729 ms
INFO: at 3721.735 ms batch [86.248] delay 22.000 ms
INFO: at 3721.735 ms fetching 86.248 ms
INFO: at 3743.738 ms batch [79.377] delay 22.000 ms
INFO: at 3743.738 ms fetching 79.377 ms
INFO: at 3765.742 ms batch [77.741] delay 22.000 ms
INFO: at 3765.742 ms fetching 77.741 ms
INFO: at 3787.747 ms batch [27.909] delay 22.000 ms
INFO: at 3787.747 ms fetching 27.909 ms
INFO: at 3809.751 ms batch [88.343] delay 22.000 ms
INFO: at 3809.751 ms fetching 88.343 ms
INFO: at 3831.755 ms batch [27.049] delay 22.000 ms
INFO: at 3831.755 ms fetching 27.049 ms
INFO: at 3853.758 ms batch [84.083] delay 18.333 ms
INFO: at 3853.758 ms fetching 84.083 ms
INFO: at 3872.097 ms batch [80.655] delay 18.333 ms
INFO: at 3872.097 ms fetching 80.655 ms
INFO: at 3890.433 ms batch [85.012] delay 18.333 ms
INFO: at 3890.433 ms fetching 85.012 ms
INFO: at 3908.770 ms batch [72.177] delay 18.333 ms
INFO: at 3908.770 ms fetching 72.177 ms
INFO: at 3927.107 ms batch [25.776] delay 18.333 ms
INFO: at 3927.107 ms fetching 25.776 ms
INFO: at 3945.445 ms batch [20.483] delay 18.333 ms
INFO: at 3945.445 ms fetching 20.483 ms
INFO: at 3963.782 ms batch [21.011] delay 22.000 ms
INFO: at 3963.782 ms fetching 21.011 ms
INFO: at 3985.785 ms batch [22.652] delay 22.000 ms
INFO: at 3985.785 ms fetching 22.652 ms
INFO: at 4007.788 ms batch [33.295] delay 22.000 ms
INFO: at 4007.788 ms fetching 33.295 ms
INFO: at 4029.792 ms batch [90.343] delay 22.000 ms
INFO: at 4029.792 ms fetching 90.343 ms
INFO: at 4051.796 ms batch [23.603] delay 22.000 ms
INFO: at 4051.796 ms fetching 23.603 ms
INFO: at 4073.800 ms batch [83.116] delay 22.000 ms
INFO: at 4073.800 ms fetching 83.116 ms
INFO: at 4095.803 ms batch [27.407] delay 22.000 ms
INFO: at 4095.803 ms fetching 27.407 ms
INFO: at 4117.807 ms batch [28.706] delay 22.000 ms
INFO: at 4117.807 ms fetching 28.706 ms
INFO: at 4139.810 ms batch [82.616] delay 22.000 ms
INFO: at 4139.810 ms fetching 82.616 ms
INFO: at 4161.814 ms batch [87.417] delay 22.000 ms
INFO: at 4161.814 ms fetching 87.417 ms
INFO: at 4183.819 ms batch [77.936] delay 22.000 ms
INFO: at 4183.819 ms fetching 77.936 ms
INFO: at 4205.822 ms batch [30.355] delay 22.000 ms
INFO: at 4205.822 ms fetching 30.355 ms
INFO: at 4227.826 ms batch [30.732] delay 22.000 ms
INFO: at 4227.826 ms fetching 30.732 ms
INFO: at 4249.830 ms batch [29.765] delay 22.000 ms
INFO: at 4249.830 ms fetching 29.765 ms
INFO: at 4271.834 ms batch [76.824] delay 22.000 ms
INFO: at 4271.834 ms fetching 76.824 ms
INFO: at 4293.838 ms batch [83.971] delay 27.500 ms
INFO: at 4293.838 ms fetching 83.971 ms
INFO: at 4321.343 ms batch [27.287] delay 27.500 ms
INFO: at 4321.343 ms fetching 27.287 ms
INFO: at 4348.847 ms batch [78.187] delay 27.500 ms
INFO: at 4348.847 ms fetching 78.187 ms
INFO: at 4376.351 ms batch [29.543] delay 27.500 ms
INFO: at 4376.351 ms fetching 29.543 ms
INFO: at 4403.855 ms batch [26.459] delay 18.333 ms
INFO: at 4403.855 ms fetching 26.459 ms
INFO: at 4422.191 ms batch [22.900] delay 18.333 ms
INFO: at 4422.191 ms fetching 22.900 ms
INFO: at 4440.529 ms batch [94.238] delay 18.333 ms
INFO: at 4440.529 ms fetching 94.238 ms
INFO: at 4458.865 ms batch [86.956] delay 18.333 ms
INFO: at 4458.865 ms fetching 86.956 ms
INFO: at 4477.201 ms batch [10.000] delay 18.333 ms
INFO: at 4477.201 ms fetching 10.000 ms
INFO: at 4495.538 ms batch [84.768] delay 18.333 ms
INFO: at 4495.538 ms fetching 84.768 ms
INFO: at 4513.875 ms batch [80.939] delay 27.500 ms
INFO: at 4513.875 ms fetching 80.939 ms
INFO: at 4541.379 ms batch [88.738] delay 27.500 ms
INFO: at 4541.379 ms fetching 88.738 ms
INFO: at 4568.883 ms batch [32.443] delay 27.500 ms
INFO: at 4568.883 ms fetching 32.443 ms
INFO: at 4596.387 ms batch [27.790] delay 27.500 ms
INFO: at 4596.387 ms fetching 27.790 ms
INFO: at 4623.891 ms batch [78.632] delay 22.000 ms
INFO: at 4623.891 ms fetching 78.632 ms
INFO: at 4645.896 ms batch [31.107] delay 22.000 ms
INFO: at 4645.896 ms fetching 31.107 ms
INFO: at 4668.525 ms batch [81.746] delay 22.000 ms
INFO: at 4668.525 ms fetching 81.746 ms
INFO: at 4690.528 ms batch [79.036] delay 22.000 ms
INFO: at 4690.528 ms fetching 79.036 ms
INFO: at 4712.532 ms batch [78.375] delay 22.000 ms
INFO: at 4712.532 ms fetching 78.375 ms
INFO: at 4734.535 ms batch [91.701] delay 18.333 ms
INFO: at 4734.535 ms fetching 91.701 ms
INFO: at 4752.872 ms batch [34.171] delay 18.333 ms
INFO: at 4752.872 ms fetching 34.171 ms
INFO: at 4771.209 ms batch [29.176] delay 18.333 ms
INFO: at 4771.209 ms fetching 29.176 ms
INFO: at 4789.545 ms batch [28.135] delay 18.333 ms
INFO: at 4789.545 ms fetching 28.135 ms
INFO: at 4807.882 ms batch [32.278] delay 18.333 ms
INFO: at 4807.882 ms fetching 32.278 ms
INFO: at 4826.219 ms batch [26.179] delay 18.333 ms
INFO: at 4826.219 ms fetching 26.179 ms
INFO: at 4844.556 ms batch [32.605] delay 27.500 ms
INFO: at 4844.556 ms fetching 32.605 ms
INFO: at 4872.060 ms batch [26.049] delay 27.500 ms
INFO: at 4872.060 ms fetching 26.049 ms
INFO: at 4899.565 ms batch [81.369] delay 27.500 ms
INFO: at 4899.565 ms fetching 81.369 ms
INFO: at 4927.082 ms batch [84.432] delay 0.000 ms
INFO: at 4927.082 ms fetching 84.432 ms
INFO: done
22-04-03:02:12:27 INFO     [docker_logging_utils.py:19] [default-cluster] Created logging directory: /home/cc/DynWork/multimodal_dataset/repeat-2/Multimodal/Azure/incoming_rate_36.36/Equal_Std/std_0.5/2_x_P99/clipper/logs
22-04-03:02:13:10 INFO     [clipper_admin.py:1424] [default-cluster] Stopped all Clipper cluster and all model containers
