Starting Python Closure container
Connecting to Clipper with default port: 7000
/usr/local/lib/python3.7/runpy.py:125: RuntimeWarning: 'clipper_admin.metrics.server' found in sys.modules after import of package 'clipper_admin.metrics', but prior to execution of 'clipper_admin.metrics.server'; this may result in unpredictable behaviour
  warn(RuntimeWarning(msg))
22-02-02:02:40:36 INFO     [server.py:80] Metric Server Started!
22-02-02:02:40:36 INFO     [server.py:85] Redis Connected! Waiting for messages...
Serving predictions for floats input type.
Sent heartbeat!
Received heartbeat!
Sent container metadata!
Got start of message 0 
fake_model: serving batch [[1.]], sleeping for 1.00ms = 0.74 + 0.26 * 1 * 1.00
fake_model: returning [1.0]
recv: 0.000365 s, parse: 0.000008 s, handle: 0.001938 s
Got start of message 1 
fake_model: serving batch [[71.66963]], sleeping for 71.67ms = 53.11 + 0.26 * 1 * 71.67
fake_model: returning [71.66963]
recv: 0.000214 s, parse: 0.000008 s, handle: 0.072189 s
Got start of message 2 
fake_model: serving batch [[74.76467 ]
 [39.683456]], sleeping for 94.12ms = 55.40 + 0.26 * 2 * 74.76
fake_model: returning [74.76467, 39.683456]
recv: 0.000101 s, parse: 0.000002 s, handle: 0.094319 s
Got start of message 3 
fake_model: serving batch [[68.4471  ]
 [32.81552 ]
 [40.380543]], sleeping for 103.90ms = 50.72 + 0.26 * 3 * 68.45
fake_model: returning [68.4471, 32.81552, 40.380543]
recv: 0.000103 s, parse: 0.000004 s, handle: 0.104160 s
Got start of message 4 
fake_model: serving batch [[68.9967  ]
 [80.16084 ]
 [32.130127]
 [65.381546]
 [83.45615 ]
 [88.31053 ]
 [68.162415]], sleeping for 225.52ms = 65.44 + 0.26 * 7 * 88.31
fake_model: returning [68.9967, 80.16084, 32.130127, 65.381546, 83.45615, 88.31053, 68.162415]
recv: 0.000092 s, parse: 0.000003 s, handle: 0.225757 s
Got start of message 5 
fake_model: serving batch [[77.37822 ]
 [34.848114]
 [31.669632]], sleeping for 117.45ms = 57.34 + 0.26 * 3 * 77.38
fake_model: returning [77.37822, 34.848114, 31.669632]
recv: 0.000084 s, parse: 0.000003 s, handle: 0.117638 s
Got start of message 6 
fake_model: serving batch [[71.476456]], sleeping for 71.48ms = 52.97 + 0.26 * 1 * 71.48
fake_model: returning [71.476456]
recv: 0.000078 s, parse: 0.000003 s, handle: 0.071644 s
Got start of message 7 
fake_model: serving batch [[75.08387]], sleeping for 75.08ms = 55.64 + 0.26 * 1 * 75.08
fake_model: returning [75.08387]
recv: 0.000087 s, parse: 0.000003 s, handle: 0.075234 s
Got start of message 8 
fake_model: serving batch [[66.37637 ]
 [29.012157]
 [79.73316 ]
 [78.05499 ]
 [37.48966 ]
 [38.24417 ]
 [38.4005  ]
 [35.01855 ]], sleeping for 224.26ms = 59.09 + 0.26 * 8 * 79.73
fake_model: returning [66.37637, 29.012157, 79.73316, 78.05499, 37.48966, 38.24417, 38.4005, 35.01855]
recv: 0.000095 s, parse: 0.000003 s, handle: 0.224512 s
Got start of message 9 
fake_model: serving batch [[35.844257]], sleeping for 35.84ms = 26.56 + 0.26 * 1 * 35.84
fake_model: returning [35.844257]
recv: 0.000059 s, parse: 0.000003 s, handle: 0.035986 s
