INFO: nexus_dir=/workdir/nexus model_dir=/workdir/DynWork/Multimodal/incoming_rate_36.36/Not_Equal_Std/left_2_right_0.5/4_x_P99/nexus/models log_dir=/workdir/DynWork/Multimodal/incoming_rate_36.36/Not_Equal_Std/left_2_right_0.5/4_x_P99/nexus/logs model=fake_0
INFO: waiting frontend to spin up
INFO: ready to go
INFO: rock and roll
INFO: at 0.836 ms batch [71.945] delay 110.000 ms
INFO: at 0.836 ms fetching 71.945 ms
INFO: at 111.847 ms batch [92.738] delay 110.000 ms
INFO: at 111.847 ms fetching 92.738 ms
INFO: at 222.927 ms batch [81.556] delay 110.000 ms
INFO: at 222.927 ms fetching 81.556 ms
INFO: at 333.862 ms batch [91.947] delay 110.000 ms
INFO: at 333.862 ms fetching 91.947 ms
INFO: at 445.087 ms batch [86.906] delay 110.000 ms
INFO: at 445.087 ms fetching 86.906 ms
INFO: at 556.135 ms batch [67.128] delay 110.000 ms
INFO: at 556.135 ms fetching 67.128 ms
INFO: at 666.630 ms batch [63.154] delay 110.000 ms
INFO: at 666.630 ms fetching 63.154 ms
INFO: at 777.105 ms batch [59.336] delay 55.000 ms
INFO: at 777.105 ms fetching 59.336 ms
INFO: at 833.076 ms batch [89.576] delay 55.000 ms
INFO: at 833.076 ms fetching 89.576 ms
INFO: at 889.191 ms batch [45.860] delay 55.000 ms
INFO: at 889.191 ms fetching 45.860 ms
INFO: at 944.499 ms batch [53.340] delay 55.000 ms
INFO: at 944.499 ms fetching 53.340 ms
INFO: at 1001.602 ms batch [54.489] delay 55.000 ms
INFO: at 1001.602 ms fetching 54.489 ms
INFO: at 1057.868 ms batch [47.846] delay 55.000 ms
INFO: at 1057.868 ms fetching 47.846 ms
INFO: at 1114.749 ms batch [84.355] delay 55.000 ms
INFO: at 1114.749 ms fetching 84.355 ms
INFO: at 1170.548 ms batch [61.503] delay 55.000 ms
INFO: at 1170.548 ms fetching 61.503 ms
INFO: at 1226.794 ms batch [40.478] delay 55.000 ms
INFO: at 1226.794 ms fetching 40.478 ms
INFO: at 1282.666 ms batch [57.922] delay 55.000 ms
INFO: at 1282.666 ms fetching 57.922 ms
INFO: at 1338.642 ms batch [62.135] delay 55.000 ms
INFO: at 1338.642 ms fetching 62.135 ms
INFO: at 1394.842 ms batch [93.120] delay 55.000 ms
INFO: at 1394.842 ms fetching 93.120 ms
INFO: at 1450.841 ms batch [86.643] delay 55.000 ms
INFO: at 1450.841 ms fetching 86.643 ms
INFO: at 1506.956 ms batch [87.770] delay 55.000 ms
INFO: at 1506.956 ms fetching 87.770 ms
INFO: at 1563.266 ms batch [88.808] delay 55.000 ms
INFO: at 1563.266 ms fetching 88.808 ms
INFO: at 1619.083 ms batch [55.925] delay 55.000 ms
INFO: at 1619.083 ms fetching 55.925 ms
INFO: at 1675.051 ms batch [68.612] delay 27.500 ms
INFO: at 1675.051 ms fetching 68.612 ms
INFO: at 1703.012 ms batch [49.159] delay 27.500 ms
INFO: at 1703.012 ms fetching 49.159 ms
INFO: at 1730.974 ms batch [70.478] delay 27.500 ms
INFO: at 1730.974 ms fetching 70.478 ms
INFO: at 1759.209 ms batch [92.094] delay 27.500 ms
INFO: at 1759.209 ms fetching 92.094 ms
INFO: at 1787.409 ms batch [53.621] delay 18.333 ms
INFO: at 1787.409 ms fetching 53.621 ms
INFO: at 1807.297 ms batch [38.744] delay 18.333 ms
INFO: at 1807.297 ms fetching 38.744 ms
INFO: at 1827.217 ms batch [83.307] delay 18.333 ms
INFO: at 1827.217 ms fetching 83.307 ms
INFO: at 1847.533 ms batch [84.803] delay 18.333 ms
INFO: at 1847.533 ms fetching 84.803 ms
INFO: at 1867.865 ms batch [46.285] delay 18.333 ms
INFO: at 1867.865 ms fetching 46.285 ms
INFO: at 1888.421 ms batch [88.879] delay 18.333 ms
INFO: at 1888.421 ms fetching 88.879 ms
INFO: at 1908.393 ms batch [51.955] delay 13.750 ms
INFO: at 1908.393 ms fetching 51.955 ms
INFO: at 1923.221 ms batch [64.991] delay 13.750 ms
INFO: at 1923.221 ms fetching 64.991 ms
INFO: at 1938.023 ms batch [69.799] delay 13.750 ms
INFO: at 1938.023 ms fetching 69.799 ms
INFO: at 1953.182 ms batch [89.940] delay 13.750 ms
INFO: at 1953.182 ms fetching 89.940 ms
INFO: at 1968.365 ms batch [48.502] delay 13.750 ms
INFO: at 1968.365 ms fetching 48.502 ms
INFO: at 1983.687 ms batch [55.649] delay 13.750 ms
INFO: at 1983.687 ms fetching 55.649 ms
INFO: at 1998.876 ms batch [84.071] delay 13.750 ms
INFO: at 1998.876 ms fetching 84.071 ms
INFO: at 2014.076 ms batch [52.243] delay 13.750 ms
INFO: at 2014.076 ms fetching 52.243 ms
INFO: at 2028.944 ms batch [85.352] delay 15.714 ms
INFO: at 2028.944 ms fetching 85.352 ms
INFO: at 2044.999 ms batch [56.803] delay 15.714 ms
INFO: at 2044.999 ms fetching 56.803 ms
INFO: at 2061.858 ms batch [86.451] delay 15.714 ms
INFO: at 2061.858 ms fetching 86.451 ms
INFO: at 2078.222 ms batch [86.128] delay 15.714 ms
INFO: at 2078.222 ms fetching 86.128 ms
INFO: at 2094.999 ms batch [92.552] delay 15.714 ms
INFO: at 2094.999 ms fetching 92.552 ms
INFO: at 2110.994 ms batch [57.343] delay 15.714 ms
INFO: at 2110.994 ms fetching 57.343 ms
INFO: at 2127.765 ms batch [73.689] delay 15.714 ms
INFO: at 2127.765 ms fetching 73.689 ms
INFO: at 2143.805 ms batch [54.197] delay 12.222 ms
INFO: at 2143.805 ms fetching 54.197 ms
INFO: at 2157.006 ms batch [65.391] delay 12.222 ms
INFO: at 2157.006 ms fetching 65.391 ms
INFO: at 2169.827 ms batch [48.822] delay 12.222 ms
INFO: at 2169.827 ms fetching 48.822 ms
INFO: at 2182.696 ms batch [93.356] delay 12.222 ms
INFO: at 2182.696 ms fetching 93.356 ms
INFO: at 2195.623 ms batch [90.500] delay 12.222 ms
INFO: at 2195.623 ms fetching 90.500 ms
INFO: at 2208.731 ms batch [59.898] delay 12.222 ms
INFO: at 2208.731 ms fetching 59.898 ms
INFO: at 2221.711 ms batch [87.842] delay 12.222 ms
INFO: at 2221.711 ms fetching 87.842 ms
INFO: at 2234.580 ms batch [91.558] delay 12.222 ms
INFO: at 2234.580 ms fetching 91.558 ms
INFO: at 2247.516 ms batch [94.040] delay 12.222 ms
INFO: at 2247.516 ms fetching 94.040 ms
INFO: at 2260.477 ms batch [82.634] delay 12.222 ms
INFO: at 2260.477 ms fetching 82.634 ms
INFO: at 2273.423 ms batch [36.688] delay 12.222 ms
INFO: at 2273.423 ms fetching 36.688 ms
INFO: at 2286.519 ms batch [86.344] delay 12.222 ms
INFO: at 2286.519 ms fetching 86.344 ms
INFO: at 2299.590 ms batch [89.079] delay 12.222 ms
INFO: at 2299.590 ms fetching 89.079 ms
INFO: at 2312.137 ms batch [86.824] delay 12.222 ms
INFO: at 2312.137 ms fetching 86.824 ms
INFO: at 2324.831 ms batch [10.000] delay 12.222 ms
INFO: at 2324.831 ms fetching 10.000 ms
INFO: at 2337.623 ms batch [50.108] delay 12.222 ms
INFO: at 2337.623 ms fetching 50.108 ms
INFO: at 2350.694 ms batch [87.170] delay 12.222 ms
INFO: at 2350.694 ms fetching 87.170 ms
INFO: at 2363.616 ms batch [53.064] delay 12.222 ms
INFO: at 2363.616 ms fetching 53.064 ms
INFO: at 2376.201 ms batch [79.615] delay 11.000 ms
INFO: at 2376.201 ms fetching 79.615 ms
INFO: at 2387.971 ms batch [95.207] delay 11.000 ms
INFO: at 2387.971 ms fetching 95.207 ms
INFO: at 2399.970 ms batch [90.945] delay 11.000 ms
INFO: at 2399.970 ms fetching 90.945 ms
INFO: at 2412.036 ms batch [88.945] delay 11.000 ms
INFO: at 2412.036 ms fetching 88.945 ms
INFO: at 2423.633 ms batch [35.326] delay 11.000 ms
INFO: at 2423.633 ms fetching 35.326 ms
INFO: at 2435.521 ms batch [55.373] delay 11.000 ms
INFO: at 2435.521 ms fetching 55.373 ms
INFO: at 2447.583 ms batch [87.626] delay 11.000 ms
INFO: at 2447.583 ms fetching 87.626 ms
INFO: at 2459.558 ms batch [91.039] delay 11.000 ms
INFO: at 2459.558 ms fetching 91.039 ms
INFO: at 2471.695 ms batch [58.483] delay 11.000 ms
INFO: at 2471.695 ms fetching 58.483 ms
INFO: at 2483.444 ms batch [90.247] delay 11.000 ms
INFO: at 2483.444 ms fetching 90.247 ms
INFO: at 2495.342 ms batch [44.556] delay 12.222 ms
INFO: at 2495.342 ms fetching 44.556 ms
INFO: at 2508.356 ms batch [90.331] delay 12.222 ms
INFO: at 2508.356 ms fetching 90.331 ms
INFO: at 2521.547 ms batch [100.000] delay 12.222 ms
INFO: at 2521.547 ms fetching 100.000 ms
INFO: at 2534.898 ms batch [60.498] delay 12.222 ms
INFO: at 2534.898 ms fetching 60.498 ms
INFO: at 2548.087 ms batch [87.322] delay 12.222 ms
INFO: at 2548.087 ms fetching 87.322 ms
INFO: at 2561.183 ms batch [50.711] delay 12.222 ms
INFO: at 2561.183 ms fetching 50.711 ms
INFO: at 2574.319 ms batch [41.892] delay 12.222 ms
INFO: at 2574.319 ms fetching 41.892 ms
INFO: at 2587.317 ms batch [86.737] delay 12.222 ms
INFO: at 2587.317 ms fetching 86.737 ms
INFO: at 2600.259 ms batch [63.855] delay 12.222 ms
INFO: at 2600.259 ms fetching 63.855 ms
INFO: at 2613.090 ms batch [91.819] delay 15.714 ms
INFO: at 2613.090 ms fetching 91.819 ms
INFO: at 2629.312 ms batch [63.535] delay 15.714 ms
INFO: at 2629.312 ms fetching 63.535 ms
INFO: at 2645.421 ms batch [72.804] delay 15.714 ms
INFO: at 2645.421 ms fetching 72.804 ms
INFO: at 2661.599 ms batch [91.329] delay 15.714 ms
INFO: at 2661.599 ms fetching 91.329 ms
INFO: at 2677.807 ms batch [64.612] delay 15.714 ms
INFO: at 2677.807 ms fetching 64.612 ms
INFO: at 2694.634 ms batch [85.768] delay 15.714 ms
INFO: at 2694.634 ms fetching 85.768 ms
INFO: at 2711.150 ms batch [54.797] delay 15.714 ms
INFO: at 2711.150 ms fetching 54.797 ms
INFO: at 2727.769 ms batch [55.091] delay 15.714 ms
INFO: at 2727.769 ms fetching 55.091 ms
INFO: at 2744.446 ms batch [47.434] delay 15.714 ms
INFO: at 2744.446 ms fetching 47.434 ms
INFO: at 2761.023 ms batch [67.598] delay 15.714 ms
INFO: at 2761.023 ms fetching 67.598 ms
INFO: at 2777.465 ms batch [30.894] delay 15.714 ms
INFO: at 2777.465 ms fetching 30.894 ms
INFO: at 2794.070 ms batch [62.485] delay 15.714 ms
INFO: at 2794.070 ms fetching 62.485 ms
INFO: at 2810.426 ms batch [60.809] delay 15.714 ms
INFO: at 2810.426 ms fetching 60.809 ms
INFO: at 2826.728 ms batch [86.008] delay 15.714 ms
INFO: at 2826.728 ms fetching 86.008 ms
INFO: at 2843.496 ms batch [85.506] delay 18.333 ms
INFO: at 2843.496 ms fetching 85.506 ms
INFO: at 2862.307 ms batch [50.426] delay 18.333 ms
INFO: at 2862.307 ms fetching 50.426 ms
INFO: at 2882.048 ms batch [49.811] delay 18.333 ms
INFO: at 2882.048 ms fetching 49.811 ms
INFO: at 2901.791 ms batch [93.639] delay 18.333 ms
INFO: at 2901.791 ms fetching 93.639 ms
INFO: at 2921.945 ms batch [89.290] delay 18.333 ms
INFO: at 2921.945 ms fetching 89.290 ms
INFO: at 2941.738 ms batch [87.697] delay 18.333 ms
INFO: at 2941.738 ms fetching 87.697 ms
INFO: at 2961.838 ms batch [68.122] delay 18.333 ms
INFO: at 2961.838 ms fetching 68.122 ms
INFO: at 2981.732 ms batch [91.686] delay 18.333 ms
INFO: at 2981.732 ms fetching 91.686 ms
INFO: at 3001.675 ms batch [88.405] delay 18.333 ms
INFO: at 3001.675 ms fetching 88.405 ms
INFO: at 3021.753 ms batch [58.173] delay 18.333 ms
INFO: at 3021.753 ms fetching 58.173 ms
INFO: at 3041.674 ms batch [90.588] delay 18.333 ms
INFO: at 3041.674 ms fetching 90.588 ms
INFO: at 3061.361 ms batch [89.793] delay 18.333 ms
INFO: at 3061.361 ms fetching 89.793 ms
INFO: at 3081.423 ms batch [86.554] delay 18.333 ms
INFO: at 3081.423 ms fetching 86.554 ms
INFO: at 3101.467 ms batch [85.893] delay 18.333 ms
INFO: at 3101.467 ms fetching 85.893 ms
INFO: at 3121.555 ms batch [87.547] delay 18.333 ms
INFO: at 3121.555 ms fetching 87.547 ms
INFO: at 3141.125 ms batch [53.917] delay 18.333 ms
INFO: at 3141.125 ms fetching 53.917 ms
INFO: at 3160.899 ms batch [88.748] delay 18.333 ms
INFO: at 3160.899 ms fetching 88.748 ms
INFO: at 3180.842 ms batch [51.019] delay 18.333 ms
INFO: at 3180.842 ms fetching 51.019 ms
INFO: at 3200.928 ms batch [46.685] delay 18.333 ms
INFO: at 3200.928 ms fetching 46.685 ms
INFO: at 3220.841 ms batch [59.052] delay 18.333 ms
INFO: at 3220.841 ms fetching 59.052 ms
INFO: at 3240.820 ms batch [90.096] delay 18.333 ms
INFO: at 3240.820 ms fetching 90.096 ms
INFO: at 3260.962 ms batch [87.983] delay 18.333 ms
INFO: at 3260.962 ms fetching 87.983 ms
INFO: at 3280.888 ms batch [57.068] delay 18.333 ms
INFO: at 3280.888 ms fetching 57.068 ms
INFO: at 3300.846 ms batch [88.340] delay 18.333 ms
INFO: at 3300.846 ms fetching 88.340 ms
INFO: at 3320.961 ms batch [90.410] delay 22.000 ms
INFO: at 3320.961 ms fetching 90.410 ms
INFO: at 3344.193 ms batch [58.762] delay 22.000 ms
INFO: at 3344.193 ms fetching 58.762 ms
INFO: at 3366.494 ms batch [41.220] delay 22.000 ms
INFO: at 3366.494 ms fetching 41.220 ms
INFO: at 3388.808 ms batch [85.014] delay 22.000 ms
INFO: at 3388.808 ms fetching 85.014 ms
INFO: at 3411.781 ms batch [88.682] delay 22.000 ms
INFO: at 3411.781 ms fetching 88.682 ms
INFO: at 3434.889 ms batch [88.548] delay 22.000 ms
INFO: at 3434.889 ms fetching 88.548 ms
INFO: at 3458.056 ms batch [44.075] delay 22.000 ms
INFO: at 3458.056 ms fetching 44.075 ms
INFO: at 3480.356 ms batch [90.846] delay 22.000 ms
INFO: at 3480.356 ms fetching 90.846 ms
INFO: at 3502.734 ms batch [89.716] delay 22.000 ms
INFO: at 3502.734 ms fetching 89.716 ms
INFO: at 3525.049 ms batch [89.507] delay 22.000 ms
INFO: at 3525.049 ms fetching 89.507 ms
INFO: at 3548.227 ms batch [64.212] delay 22.000 ms
INFO: at 3548.227 ms fetching 64.212 ms
INFO: at 3570.549 ms batch [47.060] delay 22.000 ms
INFO: at 3570.549 ms fetching 47.060 ms
INFO: at 3592.975 ms batch [56.232] delay 22.000 ms
INFO: at 3592.975 ms fetching 56.232 ms
INFO: at 3615.244 ms batch [33.559] delay 22.000 ms
INFO: at 3615.244 ms fetching 33.559 ms
INFO: at 3639.139 ms batch [52.484] delay 22.000 ms
INFO: at 3639.139 ms fetching 52.484 ms
INFO: at 3661.626 ms batch [91.138] delay 22.000 ms
INFO: at 3661.626 ms fetching 91.138 ms
INFO: at 3684.876 ms batch [37.867] delay 22.000 ms
INFO: at 3684.876 ms fetching 37.867 ms
INFO: at 3708.117 ms batch [88.193] delay 22.000 ms
INFO: at 3708.117 ms fetching 88.193 ms
INFO: at 3731.305 ms batch [90.020] delay 22.000 ms
INFO: at 3731.305 ms fetching 90.020 ms
INFO: at 3754.415 ms batch [77.539] delay 22.000 ms
INFO: at 3754.415 ms fetching 77.539 ms
INFO: at 3776.708 ms batch [87.247] delay 18.333 ms
INFO: at 3776.708 ms fetching 87.247 ms
INFO: at 3796.583 ms batch [87.080] delay 18.333 ms
INFO: at 3796.583 ms fetching 87.080 ms
INFO: at 3816.576 ms batch [85.634] delay 18.333 ms
INFO: at 3816.576 ms fetching 85.634 ms
INFO: at 3836.749 ms batch [89.220] delay 18.333 ms
INFO: at 3836.749 ms fetching 89.220 ms
INFO: at 3856.625 ms batch [90.178] delay 18.333 ms
INFO: at 3856.625 ms fetching 90.178 ms
INFO: at 3876.537 ms batch [91.232] delay 18.333 ms
INFO: at 3876.537 ms fetching 91.232 ms
INFO: at 3895.626 ms batch [86.999] delay 13.750 ms
INFO: at 3895.626 ms fetching 86.999 ms
INFO: at 3910.635 ms batch [51.363] delay 13.750 ms
INFO: at 3910.635 ms fetching 51.363 ms
INFO: at 3925.768 ms batch [65.753] delay 13.750 ms
INFO: at 3925.768 ms fetching 65.753 ms
INFO: at 3940.632 ms batch [87.907] delay 13.750 ms
INFO: at 3940.632 ms fetching 87.907 ms
INFO: at 3955.424 ms batch [89.011] delay 13.750 ms
INFO: at 3955.424 ms fetching 89.011 ms
INFO: at 3970.261 ms batch [88.053] delay 13.750 ms
INFO: at 3970.261 ms fetching 88.053 ms
INFO: at 3985.317 ms batch [60.211] delay 13.750 ms
INFO: at 3985.317 ms fetching 60.211 ms
INFO: at 4000.236 ms batch [88.473] delay 13.750 ms
INFO: at 4000.236 ms fetching 88.473 ms
INFO: at 4014.828 ms batch [44.989] delay 13.750 ms
INFO: at 4014.828 ms fetching 44.989 ms
INFO: at 4029.600 ms batch [56.526] delay 13.750 ms
INFO: at 4029.600 ms fetching 56.526 ms
INFO: at 4044.292 ms batch [89.871] delay 13.750 ms
INFO: at 4044.292 ms fetching 89.871 ms
INFO: at 4058.987 ms batch [91.443] delay 13.750 ms
INFO: at 4058.987 ms fetching 91.443 ms
INFO: at 4073.981 ms batch [94.503] delay 13.750 ms
INFO: at 4073.981 ms fetching 94.503 ms
INFO: at 4089.174 ms batch [43.586] delay 13.750 ms
INFO: at 4089.174 ms fetching 43.586 ms
INFO: at 4103.947 ms batch [89.432] delay 13.750 ms
INFO: at 4103.947 ms fetching 89.432 ms
INFO: at 4118.763 ms batch [89.359] delay 13.750 ms
INFO: at 4118.763 ms fetching 89.359 ms
INFO: at 4133.861 ms batch [90.751] delay 13.750 ms
INFO: at 4133.861 ms fetching 90.751 ms
INFO: at 4147.904 ms batch [61.169] delay 13.750 ms
INFO: at 4147.904 ms fetching 61.169 ms
INFO: at 4162.995 ms batch [71.162] delay 13.750 ms
INFO: at 4162.995 ms fetching 71.162 ms
INFO: at 4177.986 ms batch [66.617] delay 13.750 ms
INFO: at 4177.986 ms fetching 66.617 ms
INFO: at 4192.747 ms batch [75.967] delay 13.750 ms
INFO: at 4192.747 ms fetching 75.967 ms
INFO: at 4207.537 ms batch [85.187] delay 13.750 ms
INFO: at 4207.537 ms fetching 85.187 ms
INFO: at 4222.657 ms batch [48.190] delay 13.750 ms
INFO: at 4222.657 ms fetching 48.190 ms
INFO: at 4237.900 ms batch [51.672] delay 13.750 ms
INFO: at 4237.900 ms fetching 51.672 ms
INFO: at 4253.154 ms batch [59.609] delay 13.750 ms
INFO: at 4253.154 ms fetching 59.609 ms
INFO: at 4268.243 ms batch [39.623] delay 13.750 ms
INFO: at 4268.243 ms fetching 39.623 ms
INFO: at 4283.134 ms batch [83.737] delay 13.750 ms
INFO: at 4283.134 ms fetching 83.737 ms
INFO: at 4298.276 ms batch [74.770] delay 13.750 ms
INFO: at 4298.276 ms fetching 74.770 ms
INFO: at 4313.411 ms batch [88.615] delay 13.750 ms
INFO: at 4313.411 ms fetching 88.615 ms
INFO: at 4328.591 ms batch [62.815] delay 13.750 ms
INFO: at 4328.591 ms fetching 62.815 ms
INFO: at 4343.697 ms batch [89.151] delay 13.750 ms
INFO: at 4343.697 ms fetching 89.151 ms
INFO: at 4358.726 ms batch [57.632] delay 13.750 ms
INFO: at 4358.726 ms fetching 57.632 ms
INFO: at 4373.809 ms batch [87.397] delay 11.000 ms
INFO: at 4373.809 ms fetching 87.397 ms
INFO: at 4385.845 ms batch [88.125] delay 11.000 ms
INFO: at 4385.845 ms fetching 88.125 ms
INFO: at 4396.949 ms batch [89.643] delay 11.000 ms
INFO: at 4396.949 ms fetching 89.643 ms
INFO: at 4409.158 ms batch [92.394] delay 11.000 ms
INFO: at 4409.158 ms fetching 92.394 ms
INFO: at 4421.142 ms batch [86.245] delay 11.000 ms
INFO: at 4421.142 ms fetching 86.245 ms
INFO: at 4433.025 ms batch [52.776] delay 11.000 ms
INFO: at 4433.025 ms fetching 52.776 ms
INFO: at 4445.003 ms batch [61.798] delay 11.000 ms
INFO: at 4445.003 ms fetching 61.798 ms
INFO: at 4457.007 ms batch [92.232] delay 11.000 ms
INFO: at 4457.007 ms fetching 92.232 ms
INFO: at 4468.942 ms batch [42.521] delay 11.000 ms
INFO: at 4468.942 ms fetching 42.521 ms
INFO: at 4481.005 ms batch [90.668] delay 11.000 ms
INFO: at 4481.005 ms fetching 90.668 ms
INFO: at 4493.145 ms batch [43.105] delay 12.222 ms
INFO: at 4493.145 ms fetching 43.105 ms
INFO: at 4506.379 ms batch [87.477] delay 12.222 ms
INFO: at 4506.379 ms fetching 87.477 ms
INFO: at 4519.475 ms batch [88.271] delay 12.222 ms
INFO: at 4519.475 ms fetching 88.271 ms
INFO: at 4532.506 ms batch [92.926] delay 12.222 ms
INFO: at 4532.506 ms fetching 92.926 ms
INFO: at 4545.680 ms batch [66.181] delay 12.222 ms
INFO: at 4545.680 ms fetching 66.181 ms
INFO: at 4558.745 ms batch [49.517] delay 12.222 ms
INFO: at 4558.745 ms fetching 49.517 ms
INFO: at 4572.039 ms batch [84.591] delay 12.222 ms
INFO: at 4572.039 ms fetching 84.591 ms
INFO: at 4585.260 ms batch [69.219] delay 12.222 ms
INFO: at 4585.260 ms fetching 69.219 ms
INFO: done
INFO: stopping nexus
