Starting Python Closure container
Connecting to Clipper with default port: 7000
/usr/local/lib/python3.7/runpy.py:125: RuntimeWarning: 'clipper_admin.metrics.server' found in sys.modules after import of package 'clipper_admin.metrics', but prior to execution of 'clipper_admin.metrics.server'; this may result in unpredictable behaviour
  warn(RuntimeWarning(msg))
22-01-26:16:14:54 INFO     [server.py:80] Metric Server Started!
22-01-26:16:14:54 INFO     [server.py:85] Redis Connected! Waiting for messages...
Serving predictions for floats input type.
Sent heartbeat!
Received heartbeat!
Sent container metadata!
Got start of message 0 
fake_model: serving batch [[1.]], sleeping for 1.00ms = 0.74 + 0.26 * 1 * 1.00
fake_model: returning [1.0]
recv: 0.000367 s, parse: 0.000008 s, handle: 0.001876 s
Got start of message 1 
fake_model: serving batch [[86.76864]], sleeping for 86.77ms = 64.30 + 0.26 * 1 * 86.77
fake_model: returning [86.76864]
recv: 0.000204 s, parse: 0.000008 s, handle: 0.087236 s
Got start of message 2 
fake_model: serving batch [[56.180656]
 [84.57175 ]
 [82.182106]], sleeping for 128.37ms = 62.67 + 0.26 * 3 * 84.57
fake_model: returning [56.180656, 84.57175, 82.182106]
recv: 0.000113 s, parse: 0.000005 s, handle: 0.128694 s
Got start of message 3 
fake_model: serving batch [[65.52242 ]
 [86.28206 ]
 [84.21421 ]
 [86.59957 ]
 [44.260143]
 [65.90273 ]], sleeping for 198.72ms = 64.17 + 0.26 * 6 * 86.60
fake_model: returning [65.52242, 86.28206, 84.21421, 86.59957, 44.260143, 65.90273]
recv: 0.000120 s, parse: 0.000005 s, handle: 0.199064 s
Got start of message 4 
fake_model: serving batch [[54.98828 ]
 [40.66003 ]
 [68.48086 ]
 [66.3628  ]
 [52.76261 ]
 [85.19403 ]
 [87.04334 ]
 [63.938904]], sleeping for 244.82ms = 64.50 + 0.26 * 8 * 87.04
fake_model: returning [54.98828, 40.66003, 68.48086, 66.3628, 52.76261, 85.19403, 87.04334, 63.938904]
recv: 0.000133 s, parse: 0.000004 s, handle: 0.245240 s
Got start of message 5 
fake_model: serving batch [[86.12882]], sleeping for 86.13ms = 63.83 + 0.26 * 1 * 86.13
fake_model: returning [86.12882]
recv: 0.000273 s, parse: 0.000012 s, handle: 0.086687 s
Got start of message 6 
fake_model: serving batch [[ 50.3121  ]
 [ 81.4691  ]
 [ 82.666275]
 [ 84.82051 ]
 [ 84.69187 ]
 [ 81.60353 ]
 [ 61.619358]
 [100.      ]], sleeping for 281.26ms = 74.11 + 0.26 * 8 * 100.00
fake_model: returning [50.3121, 81.4691, 82.666275, 84.82051, 84.69187, 81.60353, 61.619358, 100.0]
recv: 0.000125 s, parse: 0.000005 s, handle: 0.281630 s
