I1211 10:58:49.621521 177803 frontend.cpp:85] App port 9001, rpc port 9002
I1211 10:58:49.623262 177803 rpc_service_base.h:46] RPC service is listening on 0.0.0.0:9002
I1211 10:58:49.626997 177803 model_handler.cpp:90] fake:fake_0:1:224x224:95 load balance policy: 3
I1211 10:58:49.627066 177803 frontend.cpp:315] Update model route for fake:fake_0:1:224x224:95
I1211 10:58:49.627562 177803 model_handler.cpp:177] - backend 2619189535: 37423.8
I1211 10:58:49.627604 177803 model_handler.cpp:182] Total throughput: 37423.8
I1211 10:58:49.627995 177803 frontend.cpp:45] Frontend server (id: 845239843) is listening on 0.0.0.0:9001
I1211 10:58:49.628043 177803 backend_pool.cpp:58] Connected to backend 2619189535
I1211 10:58:50.617869 177803 connection.cpp:28] Connection Stop
I1211 10:59:31.614384 177809 frontend.cpp:315] Update model route for fake:fake_0:1:224x224:95
I1211 10:59:31.614511 177809 model_handler.cpp:177] - backend 2619189535: 32.339
I1211 10:59:31.614523 177809 model_handler.cpp:182] Total throughput: 32.339
I1211 10:59:39.508901 177803 connection.cpp:28] Connection Stop
I1211 10:59:39.509642 177809 frontend.cpp:315] Update model route for fake:fake_0:1:224x224:95
I1211 10:59:39.509692 177809 frontend.cpp:346] Remove backend 2619189535
I1211 10:59:39.509732 177809 backend_pool.cpp:113] Remove backend 2619189535
I1211 10:59:39.509738 177809 backend_pool.cpp:38] Disconnect to backend 2619189535
I1211 10:59:39.509745 177809 connection.cpp:28] Connection Stop
I1211 10:59:39.509829 177809 model_handler.cpp:182] Total throughput: 0
*** Aborted at 1639220379 (unix time) try "date -d @1639220379" if you are using GNU date ***
PC: @                0x0 (unknown)
*** SIGFPE (@0x7f6516495812) received by PID 177803 (TID 0x7f650e6e7700) from PID 373905426; stack trace: ***
    @     0x7f6515b61980 (unknown)
    @     0x7f6516495812 nexus::app::ModelHandler::UpdateRoute()
    @     0x7f6516473301 nexus::app::Frontend::UpdateBackendPoolAndModelRoute()
    @     0x7f651647158f nexus::app::Frontend::UpdateModelRoutes()
    @     0x7f65164b14df _ZZN5nexus3app10RpcService10HandleRpcsEvENKUlRKN9grpc_impl13ServerContextERKNS_17ModelRouteUpdatesEPNS_8RpcReplyEE_clES5_S8_SA_
    @     0x7f65164b18cd _ZNSt17_Function_handlerIFvRKN9grpc_impl13ServerContextERKN5nexus17ModelRouteUpdatesEPNS4_8RpcReplyEEZNS4_3app10RpcService10HandleRpcsEvEUlS3_S7_S9_E_E9_M_invokeERKSt9_Any_dataS3_S7_OS9_
    @     0x7f65164b7b54 std::function<>::operator()()
    @     0x7f65164b6a7a nexus::app::UpdateModelRoutes_Call::Proceed()
E1211 10:59:39.513615 177803 frontend.cpp:285] Failed to connect to scheduler: Socket closed(14)
    @     0x7f65164b1646 nexus::app::RpcService::HandleRpcs()
    @     0x7f651648be56 std::__invoke_impl<>()
    @     0x7f6516488af7 std::__invoke<>()
    @     0x7f651649171b _ZNSt6thread8_InvokerISt5tupleIJMN5nexus19AsyncRpcServiceBaseINS2_12FrontendCtrl33WithAsyncMethod_UpdateModelRoutesINS4_26WithAsyncMethod_CheckAliveINS4_7ServiceEEEEEEEFvvEPSA_EEE9_M_invokeIJLm0ELm1EEEEDTcl8__invokespcl10_S_declvalIXT_EEEEESt12_Index_tupleIJXspT_EEE
    @     0x7f65164913be std::thread::_Invoker<>::operator()()
    @     0x7f6516490a34 std::thread::_State_impl<>::_M_run()
    @     0x7f65158836df (unknown)
    @     0x7f6515b566db start_thread
    @     0x7f65152de71f clone
    @                0x0 (unknown)
