INFO: nexus_dir=/workdir/nexus model_dir=/workdir/DynWork/multimodal_dataset/repeat-4/Multimodal/Azure/incoming_rate_36.36/Equal_Std/std_0.5/5_x_P99/nexus/models log_dir=/workdir/DynWork/multimodal_dataset/repeat-4/Multimodal/Azure/incoming_rate_36.36/Equal_Std/std_0.5/5_x_P99/nexus/logs model=fake_0
INFO: waiting frontend to spin up
INFO: ready to go
INFO: rock and roll
INFO: at 1.884 ms batch [90.736] delay 22.000 ms
INFO: at 1.884 ms fetching 90.736 ms
INFO: at 24.769 ms batch [80.056] delay 22.000 ms
INFO: at 24.769 ms fetching 80.056 ms
INFO: at 47.555 ms batch [26.667] delay 22.000 ms
INFO: at 47.555 ms fetching 26.667 ms
INFO: at 70.301 ms batch [31.512] delay 22.000 ms
INFO: at 70.301 ms fetching 31.512 ms
INFO: at 93.253 ms batch [82.902] delay 22.000 ms
INFO: at 93.253 ms fetching 82.902 ms
INFO: at 116.148 ms batch [28.025] delay 22.000 ms
INFO: at 116.148 ms fetching 28.025 ms
INFO: at 138.687 ms batch [83.259] delay 22.000 ms
INFO: at 138.687 ms fetching 83.259 ms
INFO: at 161.348 ms batch [83.504] delay 22.000 ms
INFO: at 161.348 ms fetching 83.504 ms
INFO: at 184.029 ms batch [87.569] delay 22.000 ms
INFO: at 184.029 ms fetching 87.569 ms
INFO: at 206.869 ms batch [80.195] delay 22.000 ms
INFO: at 206.869 ms fetching 80.195 ms
INFO: at 229.771 ms batch [31.964] delay 27.500 ms
INFO: at 229.771 ms fetching 31.964 ms
INFO: at 257.623 ms batch [26.787] delay 27.500 ms
INFO: at 257.623 ms fetching 26.787 ms
INFO: at 286.173 ms batch [75.389] delay 27.500 ms
INFO: at 286.173 ms fetching 75.389 ms
INFO: at 314.367 ms batch [40.647] delay 27.500 ms
INFO: at 314.367 ms fetching 40.647 ms
INFO: at 342.301 ms batch [30.969] delay 22.000 ms
INFO: at 342.301 ms fetching 30.969 ms
INFO: at 365.254 ms batch [81.606] delay 22.000 ms
INFO: at 365.254 ms fetching 81.606 ms
INFO: at 388.096 ms batch [27.669] delay 22.000 ms
INFO: at 388.096 ms fetching 27.669 ms
INFO: at 410.384 ms batch [30.114] delay 22.000 ms
INFO: at 410.384 ms fetching 30.114 ms
INFO: at 432.840 ms batch [34.406] delay 22.000 ms
INFO: at 432.840 ms fetching 34.406 ms
INFO: at 455.859 ms batch [77.446] delay 27.500 ms
INFO: at 455.859 ms fetching 77.446 ms
INFO: at 483.761 ms batch [88.938] delay 27.500 ms
INFO: at 483.761 ms fetching 88.938 ms
INFO: at 511.565 ms batch [25.915] delay 27.500 ms
INFO: at 511.565 ms fetching 25.915 ms
INFO: at 539.325 ms batch [19.875] delay 27.500 ms
INFO: at 539.325 ms fetching 19.875 ms
INFO: at 567.618 ms batch [79.191] delay 27.500 ms
INFO: at 567.618 ms fetching 79.191 ms
INFO: at 595.498 ms batch [26.563] delay 27.500 ms
INFO: at 595.498 ms fetching 26.563 ms
INFO: at 623.566 ms batch [85.518] delay 27.500 ms
INFO: at 623.566 ms fetching 85.518 ms
INFO: at 651.455 ms batch [32.964] delay 27.500 ms
INFO: at 651.455 ms fetching 32.964 ms
INFO: at 680.383 ms batch [28.481] delay 27.500 ms
INFO: at 680.383 ms fetching 28.481 ms
INFO: at 708.342 ms batch [80.335] delay 27.500 ms
INFO: at 708.342 ms fetching 80.335 ms
INFO: at 736.269 ms batch [73.680] delay 27.500 ms
INFO: at 736.269 ms fetching 73.680 ms
INFO: at 764.413 ms batch [81.240] delay 27.500 ms
INFO: at 764.413 ms fetching 81.240 ms
INFO: at 792.339 ms batch [23.403] delay 27.500 ms
INFO: at 792.339 ms fetching 23.403 ms
INFO: at 820.099 ms batch [85.627] delay 27.500 ms
INFO: at 820.099 ms fetching 85.627 ms
INFO: at 848.797 ms batch [87.101] delay 27.500 ms
INFO: at 848.797 ms fetching 87.101 ms
INFO: at 876.663 ms batch [33.113] delay 27.500 ms
INFO: at 876.663 ms fetching 33.113 ms
INFO: at 904.458 ms batch [82.766] delay 27.500 ms
INFO: at 904.458 ms fetching 82.766 ms
INFO: at 932.417 ms batch [33.953] delay 27.500 ms
INFO: at 932.417 ms fetching 33.953 ms
INFO: at 960.852 ms batch [22.128] delay 27.500 ms
INFO: at 960.852 ms fetching 22.128 ms
INFO: at 989.429 ms batch [19.081] delay 27.500 ms
INFO: at 989.429 ms fetching 19.081 ms
INFO: at 1017.854 ms batch [33.504] delay 27.500 ms
INFO: at 1017.854 ms fetching 33.504 ms
INFO: at 1046.451 ms batch [78.830] delay 27.500 ms
INFO: at 1046.451 ms fetching 78.830 ms
INFO: at 1074.929 ms batch [24.860] delay 27.500 ms
INFO: at 1074.929 ms fetching 24.860 ms
INFO: at 1102.737 ms batch [85.119] delay 27.500 ms
INFO: at 1102.737 ms fetching 85.119 ms
INFO: at 1131.401 ms batch [18.000] delay 36.667 ms
INFO: at 1131.401 ms fetching 18.000 ms
INFO: at 1169.083 ms batch [75.928] delay 36.667 ms
INFO: at 1169.083 ms fetching 75.928 ms
INFO: at 1206.573 ms batch [28.590] delay 36.667 ms
INFO: at 1206.573 ms fetching 28.590 ms
INFO: at 1244.293 ms batch [21.454] delay 22.000 ms
INFO: at 1244.293 ms fetching 21.454 ms
INFO: at 1267.061 ms batch [89.709] delay 22.000 ms
INFO: at 1267.061 ms fetching 89.709 ms
INFO: at 1289.768 ms batch [84.643] delay 22.000 ms
INFO: at 1289.768 ms fetching 84.643 ms
INFO: at 1312.552 ms batch [85.376] delay 22.000 ms
INFO: at 1312.552 ms fetching 85.376 ms
INFO: at 1335.452 ms batch [34.874] delay 22.000 ms
INFO: at 1335.452 ms fetching 34.874 ms
INFO: at 1358.246 ms batch [89.208] delay 22.000 ms
INFO: at 1358.246 ms fetching 89.208 ms
INFO: at 1381.197 ms batch [22.421] delay 22.000 ms
INFO: at 1381.197 ms fetching 22.421 ms
INFO: at 1404.170 ms batch [36.228] delay 22.000 ms
INFO: at 1404.170 ms fetching 36.228 ms
INFO: at 1427.021 ms batch [76.421] delay 22.000 ms
INFO: at 1427.021 ms fetching 76.421 ms
INFO: at 1450.014 ms batch [24.502] delay 22.000 ms
INFO: at 1450.014 ms fetching 24.502 ms
INFO: at 1472.985 ms batch [35.528] delay 22.000 ms
INFO: at 1472.985 ms fetching 35.528 ms
INFO: at 1496.063 ms batch [85.983] delay 22.000 ms
INFO: at 1496.063 ms fetching 85.983 ms
INFO: at 1519.050 ms batch [30.601] delay 22.000 ms
INFO: at 1519.050 ms fetching 30.601 ms
INFO: at 1542.085 ms batch [29.412] delay 22.000 ms
INFO: at 1542.085 ms fetching 29.412 ms
INFO: at 1564.402 ms batch [80.486] delay 22.000 ms
INFO: at 1564.402 ms fetching 80.486 ms
INFO: at 1586.865 ms batch [23.143] delay 27.500 ms
INFO: at 1586.865 ms fetching 23.143 ms
INFO: at 1614.998 ms batch [31.637] delay 27.500 ms
INFO: at 1614.998 ms fetching 31.637 ms
INFO: at 1643.265 ms batch [24.672] delay 27.500 ms
INFO: at 1643.265 ms fetching 24.672 ms
INFO: at 1671.503 ms batch [37.456] delay 27.500 ms
INFO: at 1671.503 ms fetching 37.456 ms
INFO: at 1699.492 ms batch [26.315] delay 36.667 ms
INFO: at 1699.492 ms fetching 26.315 ms
INFO: at 1737.328 ms batch [79.554] delay 36.667 ms
INFO: at 1737.328 ms fetching 79.554 ms
INFO: at 1775.255 ms batch [83.004] delay 36.667 ms
INFO: at 1775.255 ms fetching 83.004 ms
INFO: at 1813.228 ms batch [29.061] delay 27.500 ms
INFO: at 1813.228 ms fetching 29.061 ms
INFO: at 1841.771 ms batch [29.642] delay 27.500 ms
INFO: at 1841.771 ms fetching 29.642 ms
INFO: at 1869.644 ms batch [81.974] delay 27.500 ms
INFO: at 1869.644 ms fetching 81.974 ms
INFO: at 1897.534 ms batch [30.484] delay 27.500 ms
INFO: at 1897.534 ms fetching 30.484 ms
INFO: at 1927.000 ms batch [83.634] delay 22.000 ms
INFO: at 1927.000 ms fetching 83.634 ms
INFO: at 1950.195 ms batch [85.741] delay 22.000 ms
INFO: at 1950.195 ms fetching 85.741 ms
INFO: at 1972.567 ms batch [24.332] delay 22.000 ms
INFO: at 1972.567 ms fetching 24.332 ms
INFO: at 1994.929 ms batch [29.273] delay 22.000 ms
INFO: at 1994.929 ms fetching 29.273 ms
INFO: at 2017.320 ms batch [79.921] delay 22.000 ms
INFO: at 2017.320 ms fetching 79.921 ms
INFO: at 2040.049 ms batch [83.752] delay 27.500 ms
INFO: at 2040.049 ms fetching 83.752 ms
INFO: at 2068.252 ms batch [30.223] delay 27.500 ms
INFO: at 2068.252 ms fetching 30.223 ms
INFO: at 2096.565 ms batch [29.986] delay 27.500 ms
INFO: at 2096.565 ms fetching 29.986 ms
INFO: at 2125.086 ms batch [28.953] delay 27.500 ms
INFO: at 2125.086 ms fetching 28.953 ms
INFO: at 2154.676 ms batch [25.123] delay 27.500 ms
INFO: at 2154.676 ms fetching 25.123 ms
INFO: at 2182.952 ms batch [25.277] delay 27.500 ms
INFO: at 2182.952 ms fetching 25.277 ms
INFO: at 2211.200 ms batch [84.331] delay 27.500 ms
INFO: at 2211.200 ms fetching 84.331 ms
INFO: at 2239.426 ms batch [85.255] delay 27.500 ms
INFO: at 2239.426 ms fetching 85.255 ms
INFO: at 2267.464 ms batch [84.522] delay 22.000 ms
INFO: at 2267.464 ms fetching 84.522 ms
INFO: at 2289.838 ms batch [89.452] delay 22.000 ms
INFO: at 2289.838 ms fetching 89.452 ms
INFO: at 2313.107 ms batch [81.859] delay 22.000 ms
INFO: at 2313.107 ms fetching 81.859 ms
INFO: at 2336.265 ms batch [86.096] delay 22.000 ms
INFO: at 2336.265 ms fetching 86.096 ms
INFO: at 2359.500 ms batch [33.736] delay 22.000 ms
INFO: at 2359.500 ms fetching 33.736 ms
INFO: at 2382.074 ms batch [88.110] delay 27.500 ms
INFO: at 2382.074 ms fetching 88.110 ms
INFO: at 2410.421 ms batch [74.708] delay 27.500 ms
INFO: at 2410.421 ms fetching 74.708 ms
INFO: at 2438.692 ms batch [91.232] delay 27.500 ms
INFO: at 2438.692 ms fetching 91.232 ms
INFO: at 2466.927 ms batch [87.936] delay 27.500 ms
INFO: at 2466.927 ms fetching 87.936 ms
INFO: at 2495.173 ms batch [90.022] delay 22.000 ms
INFO: at 2495.173 ms fetching 90.022 ms
INFO: at 2518.431 ms batch [21.749] delay 22.000 ms
INFO: at 2518.431 ms fetching 21.749 ms
INFO: at 2541.697 ms batch [24.153] delay 22.000 ms
INFO: at 2541.697 ms fetching 24.153 ms
INFO: at 2564.964 ms batch [30.849] delay 22.000 ms
INFO: at 2564.964 ms fetching 30.849 ms
INFO: at 2587.237 ms batch [26.914] delay 22.000 ms
INFO: at 2587.237 ms fetching 26.914 ms
INFO: at 2609.793 ms batch [27.159] delay 27.500 ms
INFO: at 2609.793 ms fetching 27.159 ms
INFO: at 2637.791 ms batch [81.096] delay 27.500 ms
INFO: at 2637.791 ms fetching 81.096 ms
INFO: at 2666.063 ms batch [23.957] delay 27.500 ms
INFO: at 2666.063 ms fetching 23.957 ms
INFO: at 2694.250 ms batch [84.195] delay 27.500 ms
INFO: at 2694.250 ms fetching 84.195 ms
INFO: at 2722.510 ms batch [29.868] delay 22.000 ms
INFO: at 2722.510 ms fetching 29.868 ms
INFO: at 2745.774 ms batch [87.756] delay 22.000 ms
INFO: at 2745.774 ms fetching 87.756 ms
INFO: at 2769.076 ms batch [23.788] delay 22.000 ms
INFO: at 2769.076 ms fetching 23.788 ms
INFO: at 2792.351 ms batch [35.856] delay 22.000 ms
INFO: at 2792.351 ms fetching 35.856 ms
INFO: at 2815.638 ms batch [87.271] delay 22.000 ms
INFO: at 2815.638 ms fetching 87.271 ms
INFO: at 2838.125 ms batch [27.535] delay 22.000 ms
INFO: at 2838.125 ms fetching 27.535 ms
INFO: at 2860.623 ms batch [35.186] delay 22.000 ms
INFO: at 2860.623 ms fetching 35.186 ms
INFO: at 2883.628 ms batch [82.109] delay 22.000 ms
INFO: at 2883.628 ms fetching 82.109 ms
INFO: at 2906.664 ms batch [92.966] delay 22.000 ms
INFO: at 2906.664 ms fetching 92.966 ms
INFO: at 2929.928 ms batch [38.270] delay 22.000 ms
INFO: at 2929.928 ms fetching 38.270 ms
INFO: at 2953.110 ms batch [34.638] delay 27.500 ms
INFO: at 2953.110 ms fetching 34.638 ms
INFO: at 2981.389 ms batch [82.228] delay 27.500 ms
INFO: at 2981.389 ms fetching 82.228 ms
INFO: at 3009.673 ms batch [28.831] delay 27.500 ms
INFO: at 3009.673 ms fetching 28.831 ms
INFO: at 3037.962 ms batch [83.389] delay 27.500 ms
INFO: at 3037.962 ms fetching 83.389 ms
INFO: at 3066.253 ms batch [85.860] delay 36.667 ms
INFO: at 3066.253 ms fetching 85.860 ms
INFO: at 3104.556 ms batch [32.790] delay 36.667 ms
INFO: at 3104.556 ms fetching 32.790 ms
INFO: at 3142.380 ms batch [83.866] delay 36.667 ms
INFO: at 3142.380 ms fetching 83.866 ms
INFO: at 3180.679 ms batch [88.524] delay 27.500 ms
INFO: at 3180.679 ms fetching 88.524 ms
INFO: at 3208.991 ms batch [31.259] delay 27.500 ms
INFO: at 3208.991 ms fetching 31.259 ms
INFO: at 3237.281 ms batch [25.460] delay 27.500 ms
INFO: at 3237.281 ms fetching 25.460 ms
INFO: at 3265.561 ms batch [82.373] delay 27.500 ms
INFO: at 3265.561 ms fetching 82.373 ms
INFO: at 3293.840 ms batch [77.165] delay 22.000 ms
INFO: at 3293.840 ms fetching 77.165 ms
INFO: at 3317.116 ms batch [82.498] delay 22.000 ms
INFO: at 3317.116 ms fetching 82.498 ms
INFO: at 3340.151 ms batch [25.011] delay 22.000 ms
INFO: at 3340.151 ms fetching 25.011 ms
INFO: at 3362.558 ms batch [92.309] delay 22.000 ms
INFO: at 3362.558 ms fetching 92.309 ms
INFO: at 3386.050 ms batch [31.804] delay 22.000 ms
INFO: at 3386.050 ms fetching 31.804 ms
INFO: at 3408.834 ms batch [81.484] delay 27.500 ms
INFO: at 3408.834 ms fetching 81.484 ms
INFO: at 3436.963 ms batch [31.400] delay 27.500 ms
INFO: at 3436.963 ms fetching 31.400 ms
INFO: at 3465.213 ms batch [100.000] delay 27.500 ms
INFO: at 3465.213 ms fetching 100.000 ms
INFO: at 3493.468 ms batch [32.118] delay 27.500 ms
INFO: at 3493.468 ms fetching 32.118 ms
INFO: at 3521.759 ms batch [28.367] delay 27.500 ms
INFO: at 3521.759 ms fetching 28.367 ms
INFO: at 3550.056 ms batch [86.397] delay 27.500 ms
INFO: at 3550.056 ms fetching 86.397 ms
INFO: at 3578.077 ms batch [79.734] delay 27.500 ms
INFO: at 3578.077 ms fetching 79.734 ms
INFO: at 3606.512 ms batch [86.800] delay 27.500 ms
INFO: at 3606.512 ms fetching 86.800 ms
INFO: at 3634.947 ms batch [80.784] delay 36.667 ms
INFO: at 3634.947 ms fetching 80.784 ms
INFO: at 3673.223 ms batch [86.546] delay 36.667 ms
INFO: at 3673.223 ms fetching 86.546 ms
INFO: at 3711.487 ms batch [84.883] delay 36.667 ms
INFO: at 3711.487 ms fetching 84.883 ms
INFO: at 3749.632 ms batch [28.255] delay 22.000 ms
INFO: at 3749.632 ms fetching 28.255 ms
INFO: at 3772.904 ms batch [86.659] delay 22.000 ms
INFO: at 3772.904 ms fetching 86.659 ms
INFO: at 3796.093 ms batch [25.612] delay 22.000 ms
INFO: at 3796.093 ms fetching 25.612 ms
INFO: at 3818.414 ms batch [36.729] delay 22.000 ms
INFO: at 3818.414 ms fetching 36.729 ms
INFO: at 3840.719 ms batch [86.248] delay 22.000 ms
INFO: at 3840.719 ms fetching 86.248 ms
INFO: at 3863.051 ms batch [79.377] delay 22.000 ms
INFO: at 3863.051 ms fetching 79.377 ms
INFO: at 3885.365 ms batch [77.741] delay 22.000 ms
INFO: at 3885.365 ms fetching 77.741 ms
INFO: at 3908.286 ms batch [27.909] delay 22.000 ms
INFO: at 3908.286 ms fetching 27.909 ms
INFO: at 3931.229 ms batch [88.343] delay 22.000 ms
INFO: at 3931.229 ms fetching 88.343 ms
INFO: at 3954.539 ms batch [27.049] delay 22.000 ms
INFO: at 3954.539 ms fetching 27.049 ms
INFO: at 3977.701 ms batch [84.083] delay 18.333 ms
INFO: at 3977.701 ms fetching 84.083 ms
INFO: at 3997.972 ms batch [80.655] delay 18.333 ms
INFO: at 3997.972 ms fetching 80.655 ms
INFO: at 4018.074 ms batch [85.012] delay 18.333 ms
INFO: at 4018.074 ms fetching 85.012 ms
INFO: at 4038.361 ms batch [72.177] delay 18.333 ms
INFO: at 4038.361 ms fetching 72.177 ms
INFO: at 4058.661 ms batch [25.776] delay 18.333 ms
INFO: at 4058.661 ms fetching 25.776 ms
INFO: at 4078.971 ms batch [20.483] delay 18.333 ms
INFO: at 4078.971 ms fetching 20.483 ms
INFO: at 4099.149 ms batch [21.011] delay 22.000 ms
INFO: at 4099.149 ms fetching 21.011 ms
INFO: at 4121.611 ms batch [22.652] delay 22.000 ms
INFO: at 4121.611 ms fetching 22.652 ms
INFO: at 4144.077 ms batch [33.295] delay 22.000 ms
INFO: at 4144.077 ms fetching 33.295 ms
INFO: at 4166.718 ms batch [90.343] delay 22.000 ms
INFO: at 4166.718 ms fetching 90.343 ms
INFO: at 4189.852 ms batch [23.603] delay 22.000 ms
INFO: at 4189.852 ms fetching 23.603 ms
INFO: at 4212.521 ms batch [83.116] delay 22.000 ms
INFO: at 4212.521 ms fetching 83.116 ms
INFO: at 4235.637 ms batch [27.407] delay 22.000 ms
INFO: at 4235.637 ms fetching 27.407 ms
INFO: at 4258.823 ms batch [28.706] delay 22.000 ms
INFO: at 4258.823 ms fetching 28.706 ms
INFO: at 4282.042 ms batch [82.616] delay 22.000 ms
INFO: at 4282.042 ms fetching 82.616 ms
INFO: at 4304.351 ms batch [87.417] delay 22.000 ms
INFO: at 4304.351 ms fetching 87.417 ms
INFO: at 4326.703 ms batch [77.936] delay 22.000 ms
INFO: at 4326.703 ms fetching 77.936 ms
INFO: at 4349.044 ms batch [30.355] delay 22.000 ms
INFO: at 4349.044 ms fetching 30.355 ms
INFO: at 4371.376 ms batch [30.732] delay 22.000 ms
INFO: at 4371.376 ms fetching 30.732 ms
INFO: at 4393.727 ms batch [29.765] delay 22.000 ms
INFO: at 4393.727 ms fetching 29.765 ms
INFO: at 4416.259 ms batch [76.824] delay 22.000 ms
INFO: at 4416.259 ms fetching 76.824 ms
INFO: at 4439.108 ms batch [83.971] delay 27.500 ms
INFO: at 4439.108 ms fetching 83.971 ms
INFO: at 4467.078 ms batch [27.287] delay 27.500 ms
INFO: at 4467.078 ms fetching 27.287 ms
INFO: at 4495.405 ms batch [78.187] delay 27.500 ms
INFO: at 4495.405 ms fetching 78.187 ms
INFO: at 4523.707 ms batch [29.543] delay 27.500 ms
INFO: at 4523.707 ms fetching 29.543 ms
INFO: at 4552.117 ms batch [26.459] delay 18.333 ms
INFO: at 4552.117 ms fetching 26.459 ms
INFO: at 4572.424 ms batch [22.900] delay 18.333 ms
INFO: at 4572.424 ms fetching 22.900 ms
INFO: at 4592.431 ms batch [94.238] delay 18.333 ms
INFO: at 4592.431 ms fetching 94.238 ms
INFO: at 4612.705 ms batch [86.956] delay 18.333 ms
INFO: at 4612.705 ms fetching 86.956 ms
INFO: at 4633.077 ms batch [10.000] delay 18.333 ms
INFO: at 4633.077 ms fetching 10.000 ms
INFO: at 4653.414 ms batch [84.768] delay 18.333 ms
INFO: at 4653.414 ms fetching 84.768 ms
INFO: at 4672.277 ms batch [80.939] delay 27.500 ms
INFO: at 4672.277 ms fetching 80.939 ms
INFO: at 4700.218 ms batch [88.738] delay 27.500 ms
INFO: at 4700.218 ms fetching 88.738 ms
INFO: at 4728.354 ms batch [32.443] delay 27.500 ms
INFO: at 4728.354 ms fetching 32.443 ms
INFO: at 4756.692 ms batch [27.790] delay 27.500 ms
INFO: at 4756.692 ms fetching 27.790 ms
INFO: at 4785.029 ms batch [78.632] delay 22.000 ms
INFO: at 4785.029 ms fetching 78.632 ms
INFO: at 4808.219 ms batch [31.107] delay 22.000 ms
INFO: at 4808.219 ms fetching 31.107 ms
INFO: at 4830.513 ms batch [81.746] delay 22.000 ms
INFO: at 4830.513 ms fetching 81.746 ms
INFO: at 4853.470 ms batch [79.036] delay 22.000 ms
INFO: at 4853.470 ms fetching 79.036 ms
INFO: at 4876.694 ms batch [78.375] delay 22.000 ms
INFO: at 4876.694 ms fetching 78.375 ms
INFO: at 4899.213 ms batch [91.701] delay 18.333 ms
INFO: at 4899.213 ms fetching 91.701 ms
INFO: at 4918.377 ms batch [34.171] delay 18.333 ms
INFO: at 4918.377 ms fetching 34.171 ms
INFO: at 4937.946 ms batch [29.176] delay 18.333 ms
INFO: at 4937.946 ms fetching 29.176 ms
INFO: at 4957.708 ms batch [28.135] delay 18.333 ms
INFO: at 4957.708 ms fetching 28.135 ms
INFO: at 4977.755 ms batch [32.278] delay 18.333 ms
INFO: at 4977.755 ms fetching 32.278 ms
INFO: at 4997.996 ms batch [26.179] delay 18.333 ms
INFO: at 4997.996 ms fetching 26.179 ms
INFO: at 5017.940 ms batch [32.605] delay 27.500 ms
INFO: at 5017.940 ms fetching 32.605 ms
INFO: at 5046.067 ms batch [26.049] delay 27.500 ms
INFO: at 5046.067 ms fetching 26.049 ms
INFO: at 5074.407 ms batch [81.369] delay 27.500 ms
INFO: at 5074.407 ms fetching 81.369 ms
INFO: done
INFO: stopping nexus
