22-03-07:22:37:16 INFO     [docker_container_manager.py:192] [default-cluster] Starting managed Redis instance in Docker
22-03-07:22:37:18 INFO     [docker_container_manager.py:294] [default-cluster] Metric Configuration Saved at /tmp/tmpqbv_quse.yml
22-03-07:22:37:18 INFO     [clipper_admin.py:162] [default-cluster] Clipper is running
22-03-07:22:37:18 INFO     [clipper_admin.py:236] [default-cluster] Application fake-model was successfully registered
22-03-07:22:37:18 INFO     [deployer_utils.py:41] Saving function to /tmp/tmphf9pe5vnclipper
22-03-07:22:37:18 INFO     [deployer_utils.py:51] Serialized and supplied predict function
22-03-07:22:37:18 INFO     [python.py:192] Python closure saved
22-03-07:22:37:18 INFO     [python.py:210] Using Python 3.7 base image
22-03-07:22:37:18 INFO     [clipper_admin.py:534] [default-cluster] Building model Docker image with model data from /tmp/tmphf9pe5vnclipper
22-03-07:22:37:19 INFO     [clipper_admin.py:539] [default-cluster] Step 1/2 : FROM clipper/python37-closure-container:develop
22-03-07:22:37:19 INFO     [clipper_admin.py:539] [default-cluster]  ---> 2660542c0759
22-03-07:22:37:19 INFO     [clipper_admin.py:539] [default-cluster] Step 2/2 : COPY /tmp/tmphf9pe5vnclipper /model/
22-03-07:22:37:19 INFO     [clipper_admin.py:539] [default-cluster]  ---> b977a36f9b25
22-03-07:22:37:19 INFO     [clipper_admin.py:539] [default-cluster] Successfully built b977a36f9b25
22-03-07:22:37:19 INFO     [clipper_admin.py:539] [default-cluster] Successfully tagged default-cluster-fake-model:1
22-03-07:22:37:19 INFO     [clipper_admin.py:541] [default-cluster] Pushing model Docker image to default-cluster-fake-model:1
22-03-07:22:37:19 INFO     [docker_container_manager.py:433] [default-cluster] Found 0 replicas for fake-model:1. Adding 1
22-03-07:22:37:20 INFO     [clipper_admin.py:724] [default-cluster] Successfully registered model fake-model:1
22-03-07:22:37:20 INFO     [clipper_admin.py:642] [default-cluster] Done deploying model fake-model:1.
22-03-07:22:37:20 INFO     [clipper_admin.py:303] [default-cluster] Model fake-model is now linked to application fake-model
INFO: waiting for ready to serve
INFO: waiting for ready to serve
INFO: waiting for ready to serve
INFO: waiting for ready to serve
INFO: ready to go
INFO: rock and roll
INFO: at 3.030 ms batch [43.925] delay 110.000 ms
INFO: at 3.030 ms fetching 43.925 ms
INFO: at 113.033 ms batch [25.926] delay 110.000 ms
INFO: at 113.033 ms fetching 25.926 ms
INFO: at 223.036 ms batch [61.926] delay 110.000 ms
INFO: at 223.036 ms fetching 61.926 ms
INFO: at 333.038 ms batch [61.641] delay 110.000 ms
INFO: at 333.038 ms fetching 61.641 ms
INFO: at 443.060 ms batch [45.551] delay 110.000 ms
INFO: at 443.060 ms fetching 45.551 ms
INFO: at 553.063 ms batch [65.995] delay 110.000 ms
INFO: at 553.063 ms fetching 65.995 ms
INFO: at 663.064 ms batch [24.985] delay 110.000 ms
INFO: at 663.064 ms fetching 24.985 ms
INFO: at 773.066 ms batch [29.572] delay 55.000 ms
INFO: at 773.066 ms fetching 29.572 ms
INFO: at 828.067 ms batch [25.315] delay 55.000 ms
INFO: at 828.067 ms fetching 25.315 ms
INFO: at 883.069 ms batch [55.995] delay 55.000 ms
INFO: at 883.069 ms fetching 55.995 ms
INFO: at 938.073 ms batch [22.390] delay 55.000 ms
INFO: at 938.073 ms fetching 22.390 ms
INFO: at 993.075 ms batch [25.788] delay 55.000 ms
INFO: at 993.075 ms fetching 25.788 ms
INFO: at 1048.077 ms batch [24.641] delay 55.000 ms
INFO: at 1048.077 ms fetching 24.641 ms
INFO: at 1103.078 ms batch [39.103] delay 55.000 ms
INFO: at 1103.078 ms fetching 39.103 ms
INFO: at 1158.082 ms batch [25.057] delay 55.000 ms
INFO: at 1158.082 ms fetching 25.057 ms
INFO: at 1213.084 ms batch [24.918] delay 55.000 ms
INFO: at 1213.084 ms fetching 24.918 ms
INFO: at 1268.086 ms batch [50.203] delay 55.000 ms
INFO: at 1268.086 ms fetching 50.203 ms
INFO: at 1323.093 ms batch [25.185] delay 55.000 ms
INFO: at 1323.093 ms fetching 25.185 ms
INFO: at 1378.095 ms batch [22.180] delay 55.000 ms
INFO: at 1378.095 ms fetching 22.180 ms
INFO: at 1433.096 ms batch [62.260] delay 55.000 ms
INFO: at 1433.096 ms fetching 62.260 ms
INFO: at 1488.102 ms batch [57.778] delay 55.000 ms
INFO: at 1488.102 ms fetching 57.778 ms
INFO: at 1543.108 ms batch [58.825] delay 55.000 ms
INFO: at 1543.108 ms fetching 58.825 ms
INFO: at 1598.111 ms batch [26.136] delay 55.000 ms
INFO: at 1598.111 ms fetching 26.136 ms
INFO: at 1653.114 ms batch [30.559] delay 27.500 ms
INFO: at 1653.114 ms fetching 30.559 ms
INFO: at 1680.619 ms batch [23.190] delay 27.500 ms
INFO: at 1680.619 ms fetching 23.190 ms
INFO: at 1708.124 ms batch [21.752] delay 27.500 ms
INFO: at 1708.124 ms fetching 21.752 ms
INFO: at 1735.627 ms batch [29.132] delay 27.500 ms
INFO: at 1735.627 ms fetching 29.132 ms
INFO: at 1763.133 ms batch [25.253] delay 18.333 ms
INFO: at 1763.133 ms fetching 25.253 ms
INFO: at 1781.469 ms batch [81.286] delay 18.333 ms
INFO: at 1781.469 ms fetching 81.286 ms
INFO: at 1799.805 ms batch [28.121] delay 18.333 ms
INFO: at 1799.805 ms fetching 28.121 ms
INFO: at 1818.142 ms batch [56.774] delay 18.333 ms
INFO: at 1818.142 ms fetching 56.774 ms
INFO: at 1836.477 ms batch [42.573] delay 18.333 ms
INFO: at 1836.477 ms fetching 42.573 ms
INFO: at 1854.814 ms batch [57.282] delay 18.333 ms
INFO: at 1854.814 ms fetching 57.282 ms
INFO: at 1873.151 ms batch [24.286] delay 13.750 ms
INFO: at 1873.151 ms fetching 24.286 ms
INFO: at 1886.903 ms batch [32.170] delay 13.750 ms
INFO: at 1886.903 ms fetching 32.170 ms
INFO: at 1900.656 ms batch [54.343] delay 13.750 ms
INFO: at 1900.656 ms fetching 54.343 ms
INFO: at 1914.410 ms batch [47.274] delay 13.750 ms
INFO: at 1914.410 ms fetching 47.274 ms
INFO: at 1928.162 ms batch [24.146] delay 13.750 ms
INFO: at 1928.162 ms fetching 24.146 ms
INFO: at 1941.914 ms batch [27.892] delay 13.750 ms
INFO: at 1941.914 ms fetching 27.892 ms
INFO: at 1955.667 ms batch [21.901] delay 13.750 ms
INFO: at 1955.667 ms fetching 21.901 ms
INFO: at 1969.419 ms batch [26.492] delay 13.750 ms
INFO: at 1969.419 ms fetching 26.492 ms
INFO: at 1983.173 ms batch [23.769] delay 15.714 ms
INFO: at 1983.173 ms fetching 23.769 ms
INFO: at 1998.889 ms batch [46.869] delay 15.714 ms
INFO: at 1998.889 ms fetching 46.869 ms
INFO: at 2014.606 ms batch [49.534] delay 15.714 ms
INFO: at 2014.606 ms fetching 49.534 ms
INFO: at 2030.322 ms batch [51.786] delay 15.714 ms
INFO: at 2030.322 ms fetching 51.786 ms
INFO: at 2046.041 ms batch [26.064] delay 15.714 ms
INFO: at 2046.041 ms fetching 26.064 ms
INFO: at 2061.758 ms batch [24.076] delay 15.714 ms
INFO: at 2061.758 ms fetching 24.076 ms
INFO: at 2077.475 ms batch [30.141] delay 15.714 ms
INFO: at 2077.475 ms fetching 30.141 ms
INFO: at 2093.192 ms batch [66.732] delay 12.222 ms
INFO: at 2093.192 ms fetching 66.732 ms
INFO: at 2105.418 ms batch [19.804] delay 12.222 ms
INFO: at 2105.418 ms fetching 19.804 ms
INFO: at 2117.643 ms batch [26.563] delay 12.222 ms
INFO: at 2117.643 ms fetching 26.563 ms
INFO: at 2129.871 ms batch [27.497] delay 12.222 ms
INFO: at 2129.871 ms fetching 27.497 ms
INFO: at 2142.096 ms batch [45.976] delay 12.222 ms
INFO: at 2142.096 ms fetching 45.976 ms
INFO: at 2154.321 ms batch [23.693] delay 12.222 ms
INFO: at 2154.321 ms fetching 23.693 ms
INFO: at 2166.546 ms batch [31.139] delay 12.222 ms
INFO: at 2166.546 ms fetching 31.139 ms
INFO: at 2178.770 ms batch [55.732] delay 12.222 ms
INFO: at 2178.770 ms fetching 55.732 ms
INFO: at 2190.995 ms batch [62.572] delay 12.222 ms
INFO: at 2190.995 ms fetching 62.572 ms
INFO: at 2203.220 ms batch [75.409] delay 12.222 ms
INFO: at 2203.220 ms fetching 75.409 ms
INFO: at 2215.445 ms batch [23.456] delay 12.222 ms
INFO: at 2215.445 ms fetching 23.456 ms
INFO: at 2227.670 ms batch [100.000] delay 12.222 ms
INFO: at 2227.670 ms fetching 100.000 ms
INFO: at 2239.894 ms batch [27.324] delay 12.222 ms
INFO: at 2239.894 ms fetching 27.324 ms
INFO: at 2252.119 ms batch [58.052] delay 12.222 ms
INFO: at 2252.119 ms fetching 58.052 ms
INFO: at 2264.344 ms batch [56.537] delay 12.222 ms
INFO: at 2264.344 ms fetching 56.537 ms
INFO: at 2276.569 ms batch [20.656] delay 12.222 ms
INFO: at 2276.569 ms fetching 20.656 ms
INFO: at 2288.794 ms batch [27.059] delay 12.222 ms
INFO: at 2288.794 ms fetching 27.059 ms
INFO: at 2301.019 ms batch [54.631] delay 12.222 ms
INFO: at 2301.019 ms fetching 54.631 ms
INFO: at 2313.244 ms batch [23.534] delay 11.000 ms
INFO: at 2313.244 ms fetching 23.534 ms
INFO: at 2324.246 ms batch [23.920] delay 11.000 ms
INFO: at 2324.246 ms fetching 23.920 ms
INFO: at 2335.248 ms batch [60.785] delay 11.000 ms
INFO: at 2335.248 ms fetching 60.785 ms
INFO: at 2346.251 ms batch [43.277] delay 11.000 ms
INFO: at 2346.251 ms fetching 43.277 ms
INFO: at 2357.253 ms batch [20.296] delay 11.000 ms
INFO: at 2357.253 ms fetching 20.296 ms
INFO: at 2368.255 ms batch [60.506] delay 11.000 ms
INFO: at 2368.255 ms fetching 60.506 ms
INFO: at 2379.257 ms batch [67.572] delay 11.000 ms
INFO: at 2379.257 ms fetching 67.572 ms
INFO: at 2390.259 ms batch [49.171] delay 11.000 ms
INFO: at 2390.259 ms fetching 49.171 ms
INFO: at 2401.262 ms batch [22.049] delay 11.000 ms
INFO: at 2401.262 ms fetching 22.049 ms
INFO: at 2412.264 ms batch [61.363] delay 11.000 ms
INFO: at 2412.264 ms fetching 61.363 ms
INFO: at 2423.267 ms batch [28.638] delay 12.222 ms
INFO: at 2423.267 ms fetching 28.638 ms
INFO: at 2435.491 ms batch [26.203] delay 12.222 ms
INFO: at 2435.491 ms fetching 26.203 ms
INFO: at 2447.716 ms batch [26.271] delay 12.222 ms
INFO: at 2447.716 ms fetching 26.271 ms
INFO: at 2459.941 ms batch [63.845] delay 12.222 ms
INFO: at 2459.941 ms fetching 63.845 ms
INFO: at 2472.166 ms batch [26.800] delay 12.222 ms
INFO: at 2472.166 ms fetching 26.800 ms
INFO: at 2484.392 ms batch [29.832] delay 12.222 ms
INFO: at 2484.392 ms fetching 29.832 ms
WARNING: bookkeeping for too long: -20.899835811721005ms
INFO: at 2517.530 ms batch [70.055] delay 12.222 ms
INFO: at 2517.530 ms fetching 70.055 ms
INFO: at 2529.756 ms batch [22.495] delay 12.222 ms
INFO: at 2529.756 ms fetching 22.495 ms
INFO: at 2541.980 ms batch [67.151] delay 12.222 ms
INFO: at 2541.980 ms fetching 67.151 ms
INFO: at 2554.205 ms batch [52.945] delay 15.714 ms
INFO: at 2554.205 ms fetching 52.945 ms
INFO: at 2569.923 ms batch [36.340] delay 15.714 ms
INFO: at 2569.923 ms fetching 36.340 ms
INFO: at 2585.639 ms batch [50.821] delay 15.714 ms
INFO: at 2585.639 ms fetching 50.821 ms
INFO: at 2601.356 ms batch [53.527] delay 15.714 ms
INFO: at 2601.356 ms fetching 53.527 ms
INFO: at 2617.073 ms batch [63.180] delay 15.714 ms
INFO: at 2617.073 ms fetching 63.180 ms
INFO: at 2632.790 ms batch [25.120] delay 15.714 ms
INFO: at 2632.790 ms fetching 25.120 ms
INFO: at 2648.508 ms batch [24.000] delay 15.714 ms
INFO: at 2648.508 ms fetching 24.000 ms
INFO: at 2664.225 ms batch [23.617] delay 15.714 ms
INFO: at 2664.225 ms fetching 23.617 ms
INFO: at 2679.942 ms batch [71.202] delay 15.714 ms
INFO: at 2679.942 ms fetching 71.202 ms
INFO: at 2695.659 ms batch [21.389] delay 15.714 ms
INFO: at 2695.659 ms fetching 21.389 ms
INFO: at 2711.377 ms batch [52.374] delay 15.714 ms
INFO: at 2711.377 ms fetching 52.374 ms
INFO: at 2727.093 ms batch [65.607] delay 15.714 ms
INFO: at 2727.093 ms fetching 65.607 ms
INFO: at 2742.810 ms batch [25.857] delay 15.714 ms
INFO: at 2742.810 ms fetching 25.857 ms
INFO: at 2758.527 ms batch [57.538] delay 15.714 ms
INFO: at 2758.527 ms fetching 57.538 ms
INFO: at 2774.250 ms batch [23.847] delay 18.333 ms
INFO: at 2774.250 ms fetching 23.847 ms
INFO: at 2792.586 ms batch [72.575] delay 18.333 ms
INFO: at 2792.586 ms fetching 72.575 ms
INFO: at 2810.923 ms batch [41.864] delay 18.333 ms
INFO: at 2810.923 ms fetching 41.864 ms
INFO: at 2829.316 ms batch [27.590] delay 18.333 ms
INFO: at 2829.316 ms fetching 27.590 ms
INFO: at 2847.653 ms batch [21.192] delay 18.333 ms
INFO: at 2847.653 ms fetching 21.192 ms
INFO: at 2865.989 ms batch [27.786] delay 18.333 ms
INFO: at 2865.989 ms fetching 27.786 ms
INFO: at 2884.327 ms batch [45.072] delay 18.333 ms
INFO: at 2884.327 ms fetching 45.072 ms
INFO: at 2902.663 ms batch [25.662] delay 18.333 ms
INFO: at 2902.663 ms fetching 25.662 ms
INFO: at 2920.999 ms batch [28.967] delay 18.333 ms
INFO: at 2920.999 ms fetching 28.967 ms
INFO: at 2939.336 ms batch [69.552] delay 18.333 ms
INFO: at 2939.336 ms fetching 69.552 ms
INFO: at 2957.673 ms batch [25.586] delay 18.333 ms
INFO: at 2957.673 ms fetching 25.586 ms
INFO: at 2976.009 ms batch [23.367] delay 18.333 ms
INFO: at 2976.009 ms fetching 23.367 ms
INFO: at 2994.346 ms batch [25.522] delay 18.333 ms
INFO: at 2994.346 ms fetching 25.522 ms
INFO: at 3012.683 ms batch [73.369] delay 18.333 ms
INFO: at 3012.683 ms fetching 73.369 ms
INFO: at 3031.019 ms batch [50.511] delay 18.333 ms
INFO: at 3031.019 ms fetching 50.511 ms
INFO: at 3049.356 ms batch [21.576] delay 18.333 ms
INFO: at 3049.356 ms fetching 21.576 ms
INFO: at 3067.693 ms batch [78.538] delay 18.333 ms
INFO: at 3067.693 ms fetching 78.538 ms
INFO: at 3086.034 ms batch [54.901] delay 18.333 ms
INFO: at 3086.034 ms fetching 54.901 ms
INFO: at 3104.372 ms batch [68.508] delay 18.333 ms
INFO: at 3104.372 ms fetching 68.508 ms
INFO: at 3122.709 ms batch [26.969] delay 18.333 ms
INFO: at 3122.709 ms fetching 26.969 ms
INFO: at 3141.046 ms batch [71.879] delay 18.333 ms
INFO: at 3141.046 ms fetching 71.879 ms
INFO: at 3159.382 ms batch [24.497] delay 18.333 ms
INFO: at 3159.382 ms fetching 24.497 ms
INFO: at 3177.718 ms batch [46.417] delay 18.333 ms
INFO: at 3177.718 ms fetching 46.417 ms
INFO: at 3196.055 ms batch [22.711] delay 18.333 ms
INFO: at 3196.055 ms fetching 22.711 ms
INFO: at 3214.392 ms batch [59.107] delay 22.000 ms
INFO: at 3214.392 ms fetching 59.107 ms
INFO: at 3236.395 ms batch [59.938] delay 22.000 ms
INFO: at 3236.395 ms fetching 59.938 ms
INFO: at 3258.399 ms batch [61.085] delay 22.000 ms
INFO: at 3258.399 ms fetching 61.085 ms
INFO: at 3280.403 ms batch [26.636] delay 22.000 ms
INFO: at 3280.403 ms fetching 26.636 ms
INFO: at 3302.406 ms batch [29.342] delay 22.000 ms
INFO: at 3302.406 ms fetching 29.342 ms
INFO: at 3324.410 ms batch [53.226] delay 22.000 ms
INFO: at 3324.410 ms fetching 53.226 ms
INFO: at 3346.413 ms batch [27.236] delay 22.000 ms
INFO: at 3346.413 ms fetching 27.236 ms
INFO: at 3368.416 ms batch [54.065] delay 22.000 ms
INFO: at 3368.416 ms fetching 54.065 ms
INFO: at 3390.420 ms batch [24.717] delay 22.000 ms
INFO: at 3390.420 ms fetching 24.717 ms
INFO: at 3412.424 ms batch [26.414] delay 22.000 ms
INFO: at 3412.424 ms fetching 26.414 ms
INFO: at 3434.428 ms batch [44.518] delay 22.000 ms
INFO: at 3434.428 ms fetching 44.518 ms
INFO: at 3456.431 ms batch [28.800] delay 22.000 ms
INFO: at 3456.431 ms fetching 28.800 ms
INFO: at 3478.435 ms batch [25.993] delay 22.000 ms
INFO: at 3478.435 ms fetching 25.993 ms
INFO: at 3500.439 ms batch [52.049] delay 22.000 ms
INFO: at 3500.439 ms fetching 52.049 ms
INFO: at 3522.443 ms batch [64.519] delay 22.000 ms
INFO: at 3522.443 ms fetching 64.519 ms
INFO: at 3544.447 ms batch [51.474] delay 22.000 ms
INFO: at 3544.447 ms fetching 51.474 ms
INFO: at 3566.451 ms batch [25.381] delay 22.000 ms
INFO: at 3566.451 ms fetching 25.381 ms
INFO: at 3588.454 ms batch [26.882] delay 22.000 ms
INFO: at 3588.454 ms fetching 26.882 ms
INFO: at 3610.457 ms batch [52.667] delay 22.000 ms
INFO: at 3610.457 ms fetching 52.667 ms
INFO: at 3632.462 ms batch [58.313] delay 22.000 ms
INFO: at 3632.462 ms fetching 58.313 ms
INFO: at 3654.466 ms batch [48.444] delay 18.333 ms
INFO: at 3654.466 ms fetching 48.444 ms
INFO: at 3672.804 ms batch [34.169] delay 18.333 ms
INFO: at 3672.804 ms fetching 34.169 ms
INFO: at 3691.141 ms batch [49.882] delay 18.333 ms
INFO: at 3691.141 ms fetching 49.882 ms
INFO: at 3709.477 ms batch [53.794] delay 18.333 ms
INFO: at 3709.477 ms fetching 53.794 ms
INFO: at 3727.813 ms batch [24.856] delay 18.333 ms
INFO: at 3727.813 ms fetching 24.856 ms
INFO: at 3746.151 ms batch [63.507] delay 18.333 ms
INFO: at 3746.151 ms fetching 63.507 ms
INFO: at 3764.487 ms batch [27.406] delay 13.750 ms
INFO: at 3764.487 ms fetching 27.406 ms
INFO: at 3778.240 ms batch [24.563] delay 13.750 ms
INFO: at 3778.240 ms fetching 24.563 ms
INFO: at 3791.993 ms batch [55.474] delay 13.750 ms
INFO: at 3791.993 ms fetching 55.474 ms
INFO: at 3805.745 ms batch [28.501] delay 13.750 ms
INFO: at 3805.745 ms fetching 28.501 ms
INFO: at 3819.498 ms batch [60.209] delay 13.750 ms
INFO: at 3819.498 ms fetching 60.209 ms
INFO: at 3833.251 ms batch [28.230] delay 13.750 ms
INFO: at 3833.251 ms fetching 28.230 ms
INFO: at 3847.005 ms batch [59.662] delay 13.750 ms
INFO: at 3847.005 ms fetching 59.662 ms
INFO: at 3860.758 ms batch [62.865] delay 13.750 ms
INFO: at 3860.758 ms fetching 62.865 ms
INFO: at 3874.511 ms batch [69.016] delay 13.750 ms
INFO: at 3874.511 ms fetching 69.016 ms
INFO: at 3888.263 ms batch [51.134] delay 13.750 ms
INFO: at 3888.263 ms fetching 51.134 ms
INFO: at 3902.016 ms batch [64.841] delay 13.750 ms
INFO: at 3902.016 ms fetching 64.841 ms
INFO: at 3915.771 ms batch [20.926] delay 13.750 ms
INFO: at 3915.771 ms fetching 20.926 ms
INFO: at 3929.523 ms batch [19.158] delay 13.750 ms
INFO: at 3929.523 ms fetching 19.158 ms
INFO: at 3943.275 ms batch [74.337] delay 13.750 ms
INFO: at 3943.275 ms fetching 74.337 ms
INFO: at 3957.028 ms batch [68.039] delay 13.750 ms
INFO: at 3957.028 ms fetching 68.039 ms
INFO: at 3970.781 ms batch [26.707] delay 13.750 ms
INFO: at 3970.781 ms fetching 26.707 ms
INFO: at 3984.533 ms batch [37.787] delay 13.750 ms
INFO: at 3984.533 ms fetching 37.787 ms
INFO: at 3998.285 ms batch [23.100] delay 13.750 ms
INFO: at 3998.285 ms fetching 23.100 ms
INFO: at 4012.037 ms batch [48.812] delay 13.750 ms
INFO: at 4012.037 ms fetching 48.812 ms
INFO: at 4025.791 ms batch [40.162] delay 13.750 ms
INFO: at 4025.791 ms fetching 40.162 ms
INFO: at 4039.545 ms batch [22.811] delay 13.750 ms
INFO: at 4039.545 ms fetching 22.811 ms
INFO: at 4053.297 ms batch [23.279] delay 13.750 ms
INFO: at 4053.297 ms fetching 23.279 ms
INFO: at 4067.050 ms batch [27.679] delay 13.750 ms
INFO: at 4067.050 ms fetching 27.679 ms
INFO: at 4080.802 ms batch [55.199] delay 13.750 ms
INFO: at 4080.802 ms fetching 55.199 ms
INFO: at 4094.556 ms batch [22.282] delay 13.750 ms
INFO: at 4094.556 ms fetching 22.282 ms
INFO: at 4108.308 ms batch [47.672] delay 13.750 ms
INFO: at 4108.308 ms fetching 47.672 ms
INFO: at 4122.061 ms batch [57.038] delay 13.750 ms
INFO: at 4122.061 ms fetching 57.038 ms
INFO: at 4135.814 ms batch [24.350] delay 13.750 ms
INFO: at 4135.814 ms fetching 24.350 ms
INFO: at 4149.567 ms batch [25.724] delay 13.750 ms
INFO: at 4149.567 ms fetching 25.724 ms
INFO: at 4163.320 ms batch [10.000] delay 13.750 ms
INFO: at 4163.320 ms fetching 10.000 ms
INFO: at 4177.073 ms batch [59.380] delay 13.750 ms
INFO: at 4177.073 ms fetching 59.380 ms
INFO: at 4190.825 ms batch [48.062] delay 13.750 ms
INFO: at 4190.825 ms fetching 48.062 ms
INFO: at 4204.578 ms batch [24.787] delay 11.000 ms
INFO: at 4204.578 ms fetching 24.787 ms
INFO: at 4215.581 ms batch [56.267] delay 11.000 ms
INFO: at 4215.581 ms fetching 56.267 ms
INFO: at 4226.583 ms batch [22.913] delay 11.000 ms
INFO: at 4226.583 ms fetching 22.913 ms
INFO: at 4237.586 ms batch [70.635] delay 11.000 ms
INFO: at 4237.586 ms fetching 70.635 ms
INFO: at 4248.588 ms batch [64.196] delay 11.000 ms
INFO: at 4248.588 ms fetching 64.196 ms
INFO: at 4259.590 ms batch [65.213] delay 11.000 ms
INFO: at 4259.590 ms fetching 65.213 ms
INFO: at 4270.592 ms batch [27.156] delay 11.000 ms
INFO: at 4270.592 ms fetching 27.156 ms
INFO: at 4281.595 ms batch [25.451] delay 11.000 ms
INFO: at 4281.595 ms fetching 25.451 ms
INFO: at 4292.597 ms batch [28.002] delay 11.000 ms
INFO: at 4292.597 ms fetching 28.002 ms
INFO: at 4303.600 ms batch [41.091] delay 11.000 ms
INFO: at 4303.600 ms fetching 41.091 ms
INFO: at 4314.603 ms batch [24.425] delay 12.222 ms
INFO: at 4314.603 ms fetching 24.425 ms
INFO: at 4326.828 ms batch [22.602] delay 12.222 ms
INFO: at 4326.828 ms fetching 22.602 ms
INFO: at 4339.052 ms batch [28.367] delay 12.222 ms
INFO: at 4339.052 ms fetching 28.367 ms
INFO: at 4351.276 ms batch [24.217] delay 12.222 ms
INFO: at 4351.276 ms fetching 24.217 ms
INFO: at 4363.501 ms batch [26.345] delay 12.222 ms
INFO: at 4363.501 ms fetching 26.345 ms
INFO: at 4375.726 ms batch [66.349] delay 12.222 ms
INFO: at 4375.726 ms fetching 66.349 ms
INFO: at 4387.951 ms batch [58.602] delay 12.222 ms
INFO: at 4387.951 ms fetching 58.602 ms
INFO: at 4400.176 ms batch [76.759] delay 12.222 ms
INFO: at 4400.176 ms fetching 76.759 ms
INFO: at 4412.413 ms batch [23.007] delay 0.000 ms
INFO: at 4412.413 ms fetching 23.007 ms
INFO: done
22-03-07:22:37:30 INFO     [docker_logging_utils.py:19] [default-cluster] Created logging directory: /home/cc/buildbed/DynWork/Multimodal/incoming_rate_36.36/Not_Equal_Std/left_0.5_right_2/5_x_P99/clipper/logs
22-03-07:22:38:13 INFO     [clipper_admin.py:1424] [default-cluster] Stopped all Clipper cluster and all model containers
