Starting Python Closure container
Connecting to Clipper with default port: 7000
/usr/local/lib/python3.7/runpy.py:125: RuntimeWarning: 'clipper_admin.metrics.server' found in sys.modules after import of package 'clipper_admin.metrics', but prior to execution of 'clipper_admin.metrics.server'; this may result in unpredictable behaviour
  warn(RuntimeWarning(msg))
22-03-08:20:01:35 INFO     [server.py:80] Metric Server Started!
22-03-08:20:01:35 INFO     [server.py:85] Redis Connected! Waiting for messages...
Serving predictions for floats input type.
Sent heartbeat!
Received heartbeat!
Sent container metadata!
Got start of message 0 
fake_model: serving batch [[1.]], sleeping for 1.00ms = 0.74 + 0.26 * 1 * 1.00
fake_model: returning [1.0]
recv: 0.000541 s, parse: 0.000012 s, handle: 0.002196 s
Got start of message 1 
fake_model: serving batch [[23.777603]], sleeping for 23.78ms = 17.62 + 0.26 * 1 * 23.78
fake_model: returning [23.777603]
recv: 0.000324 s, parse: 0.000011 s, handle: 0.024454 s
Got start of message 2 
fake_model: serving batch [[59.78338]
 [24.20663]], sleeping for 75.26ms = 44.30 + 0.26 * 2 * 59.78
fake_model: returning [59.78338, 24.20663]
recv: 0.000091 s, parse: 0.000002 s, handle: 0.075472 s
Got start of message 3 
fake_model: serving batch [[22.446299]
 [24.60824 ]
 [63.61238 ]
 [69.77258 ]
 [64.32132 ]
 [41.551987]
 [24.668322]], sleeping for 178.18ms = 51.71 + 0.26 * 7 * 69.77
fake_model: returning [22.446299, 24.60824, 63.61238, 69.77258, 64.32132, 41.551987, 24.668322]
recv: 0.000099 s, parse: 0.000003 s, handle: 0.178477 s
Got start of message 4 
fake_model: serving batch [[46.80239 ]
 [33.393414]
 [48.68537 ]
 [61.51652 ]
 [26.094196]
 [25.49917 ]
 [25.354898]
 [23.3979  ]], sleeping for 173.02ms = 45.59 + 0.26 * 8 * 61.52
fake_model: returning [46.80239, 33.393414, 48.68537, 61.51652, 26.094196, 25.49917, 25.354898, 23.3979]
recv: 0.000090 s, parse: 0.000003 s, handle: 0.173309 s
Got start of message 5 
fake_model: serving batch [[25.646477]
 [58.650288]
 [60.66429 ]
 [78.4196  ]
 [26.819937]
 [23.24099 ]
 [69.198654]
 [46.406635]], sleeping for 220.56ms = 58.11 + 0.26 * 8 * 78.42
fake_model: returning [25.646477, 58.650288, 60.66429, 78.4196, 26.819937, 23.24099, 69.198654, 46.406635]
recv: 0.000097 s, parse: 0.000002 s, handle: 0.220818 s
Got start of message 6 
fake_model: serving batch [[40.734756]
 [29.424135]
 [25.945446]
 [76.61049 ]
 [57.090874]
 [51.286842]
 [27.71293 ]
 [54.991154]], sleeping for 215.48ms = 56.77 + 0.26 * 8 * 76.61
fake_model: returning [40.734756, 29.424135, 25.945446, 76.61049, 57.090874, 51.286842, 27.71293, 54.991154]
recv: 0.000087 s, parse: 0.000003 s, handle: 0.215749 s
Got start of message 7 
fake_model: serving batch [[23.320389]
 [21.871624]
 [60.940895]
 [62.958878]
 [19.86252 ]
 [56.06875 ]
 [24.275883]
 [61.785458]], sleeping for 177.08ms = 46.66 + 0.26 * 8 * 62.96
fake_model: returning [23.320389, 21.871624, 60.940895, 62.958878, 19.86252, 56.06875, 24.275883, 61.785458]
recv: 0.000084 s, parse: 0.000003 s, handle: 0.177335 s
Got start of message 8 
fake_model: serving batch [[27.596708]
 [47.238884]
 [48.351574]
 [22.729694]
 [58.422596]
 [21.150398]
 [22.63444 ]
 [27.371681]], sleeping for 164.32ms = 43.29 + 0.26 * 8 * 58.42
fake_model: returning [27.596708, 47.238884, 48.351574, 22.729694, 58.422596, 21.150398, 22.63444, 27.371681]
recv: 0.000081 s, parse: 0.000002 s, handle: 0.164581 s
Got start of message 9 
fake_model: serving batch [[26.983637]
 [58.13878 ]
 [49.71223 ]
 [55.800045]
 [37.30517 ]
 [28.103193]
 [27.072617]
 [56.60253 ]], sleeping for 163.52ms = 43.08 + 0.26 * 8 * 58.14
fake_model: returning [26.983637, 58.13878, 49.71223, 55.800045, 37.30517, 28.103193, 27.072617, 56.60253]
recv: 0.000091 s, parse: 0.000003 s, handle: 0.163780 s
Got start of message 10 
fake_model: serving batch [[28.577055]
 [24.806404]
 [55.521492]
 [25.574322]
 [26.021767]
 [44.94668 ]
 [52.731194]
 [28.253214]], sleeping for 156.16ms = 41.14 + 0.26 * 8 * 55.52
fake_model: returning [28.577055, 24.806404, 55.521492, 25.574322, 26.021767, 44.94668, 52.731194, 28.253214]
recv: 0.000086 s, parse: 0.000002 s, handle: 0.156455 s
Got start of message 11 
fake_model: serving batch [[24.478   ]
 [23.847073]
 [47.98092 ]
 [22.333744]
 [70.40346 ]
 [35.70932 ]
 [23.479115]
 [27.843376]], sleeping for 198.02ms = 52.17 + 0.26 * 8 * 70.40
fake_model: returning [24.478, 23.847073, 47.98092, 22.333744, 70.40346, 35.70932, 23.479115, 27.843376]
recv: 0.000113 s, parse: 0.000002 s, handle: 0.198326 s
Got start of message 12 
fake_model: serving batch [[28.425003]
 [42.199623]
 [60.058743]
 [53.01308 ]
 [23.155748]
 [27.490864]
 [22.90832 ]
 [29.179092]], sleeping for 168.92ms = 44.51 + 0.26 * 8 * 60.06
fake_model: returning [28.425003, 42.199623, 60.058743, 53.01308, 23.155748, 27.490864, 22.90832, 29.179092]
recv: 0.000082 s, parse: 0.000003 s, handle: 0.169174 s
Got start of message 13 
fake_model: serving batch [[22.540848]
 [23.077946]
 [22.115805]
 [24.133463]
 [52.154415]
 [66.903755]
 [30.669277]
 [24.870789]], sleeping for 188.17ms = 49.58 + 0.26 * 8 * 66.90
fake_model: returning [22.540848, 23.077946, 22.115805, 24.133463, 52.154415, 66.903755, 30.669277, 24.870789]
recv: 0.000080 s, parse: 0.000003 s, handle: 0.188445 s
Got start of message 14 
fake_model: serving batch [[47.61708 ]
 [18.549816]
 [21.608921]
 [51.57036 ]
 [23.554853]
 [53.563553]
 [73.09918 ]
 [26.735352]], sleeping for 205.60ms = 54.17 + 0.26 * 8 * 73.10
fake_model: returning [47.61708, 18.549816, 21.608921, 51.57036, 23.554853, 53.563553, 73.09918, 26.735352]
recv: 0.000087 s, parse: 0.000002 s, handle: 0.205859 s
Got start of message 15 
fake_model: serving batch [[23.920095]
 [25.280363]
 [62.65792 ]
 [20.933994]
 [65.00535 ]
 [81.313614]
 [39.783234]
 [25.720867]], sleeping for 228.70ms = 60.26 + 0.26 * 8 * 81.31
fake_model: returning [23.920095, 25.280363, 62.65792, 20.933994, 65.00535, 81.313614, 39.783234, 25.720867]
recv: 0.000087 s, parse: 0.000003 s, handle: 0.228960 s
