INFO: nexus_dir=/workdir/nexus model_dir=/workdir/DynWork/multimodal_dataset/repeat-2/Multimodal_Real_Dataset/Azure/chatbot/blenderbot_convAI/1_x_P99/nexus/models log_dir=/workdir/DynWork/multimodal_dataset/repeat-2/Multimodal_Real_Dataset/Azure/chatbot/blenderbot_convAI/1_x_P99/nexus/logs model=fake_0
INFO: ready to go
INFO: rock and roll
INFO: at 7.342 ms batch [8.574] delay 3.216 ms
INFO: at 7.342 ms fetching 8.574 ms
INFO: at 11.203 ms batch [5.273] delay 3.216 ms
INFO: at 11.203 ms fetching 5.273 ms
INFO: at 15.186 ms batch [8.701] delay 3.216 ms
INFO: at 15.186 ms fetching 8.701 ms
INFO: at 18.811 ms batch [5.173] delay 3.216 ms
INFO: at 18.811 ms fetching 5.173 ms
INFO: at 22.264 ms batch [4.879] delay 3.216 ms
INFO: at 22.264 ms fetching 4.879 ms
INFO: at 25.896 ms batch [12.628] delay 3.216 ms
INFO: at 25.896 ms fetching 12.628 ms
INFO: at 29.484 ms batch [4.935] delay 3.216 ms
INFO: at 29.484 ms fetching 4.935 ms
INFO: at 32.888 ms batch [5.157] delay 3.216 ms
INFO: at 32.888 ms fetching 5.157 ms
INFO: at 36.732 ms batch [4.656] delay 3.216 ms
INFO: at 36.732 ms fetching 4.656 ms
INFO: at 40.082 ms batch [10.795] delay 3.216 ms
INFO: at 40.082 ms fetching 10.795 ms
INFO: at 43.621 ms batch [5.307] delay 4.020 ms
INFO: at 43.621 ms fetching 5.307 ms
INFO: at 48.130 ms batch [5.116] delay 4.020 ms
INFO: at 48.130 ms fetching 5.116 ms
INFO: at 52.633 ms batch [5.100] delay 4.020 ms
INFO: at 52.633 ms fetching 5.100 ms
INFO: at 57.268 ms batch [11.829] delay 4.020 ms
INFO: at 57.268 ms fetching 11.829 ms
INFO: at 62.054 ms batch [7.431] delay 4.020 ms
INFO: at 62.054 ms fetching 7.431 ms
INFO: at 66.537 ms batch [4.274] delay 4.020 ms
INFO: at 66.537 ms fetching 4.274 ms
INFO: at 71.565 ms batch [8.118] delay 4.020 ms
INFO: at 71.565 ms fetching 8.118 ms
INFO: at 75.938 ms batch [4.651] delay 4.020 ms
INFO: at 75.938 ms fetching 4.651 ms
INFO: at 80.494 ms batch [7.976] delay 2.680 ms
INFO: at 80.494 ms fetching 7.976 ms
INFO: at 83.929 ms batch [4.818] delay 2.680 ms
INFO: at 83.929 ms fetching 4.818 ms
INFO: at 87.385 ms batch [4.530] delay 2.680 ms
INFO: at 87.385 ms fetching 4.530 ms
INFO: at 91.139 ms batch [5.764] delay 2.680 ms
INFO: at 91.139 ms fetching 5.764 ms
INFO: at 94.499 ms batch [5.593] delay 2.680 ms
INFO: at 94.499 ms fetching 5.593 ms
INFO: at 97.896 ms batch [5.057] delay 2.680 ms
INFO: at 97.896 ms fetching 5.057 ms
INFO: at 101.489 ms batch [4.624] delay 2.680 ms
INFO: at 101.489 ms fetching 4.624 ms
INFO: at 104.727 ms batch [3.677] delay 2.680 ms
INFO: at 104.727 ms fetching 3.677 ms
INFO: at 108.210 ms batch [8.298] delay 2.680 ms
INFO: at 108.210 ms fetching 8.298 ms
INFO: at 111.399 ms batch [5.222] delay 2.680 ms
INFO: at 111.399 ms fetching 5.222 ms
INFO: at 114.843 ms batch [9.740] delay 2.680 ms
INFO: at 114.843 ms fetching 9.740 ms
INFO: at 118.197 ms batch [10.280] delay 2.680 ms
INFO: at 118.197 ms fetching 10.280 ms
INFO: at 121.729 ms batch [5.992] delay 2.144 ms
INFO: at 121.729 ms fetching 5.992 ms
INFO: at 124.143 ms batch [8.089] delay 2.144 ms
INFO: at 124.143 ms fetching 8.089 ms
INFO: at 126.562 ms batch [7.503] delay 2.144 ms
INFO: at 126.562 ms fetching 7.503 ms
INFO: at 129.044 ms batch [5.106] delay 2.144 ms
INFO: at 129.044 ms fetching 5.106 ms
INFO: at 131.779 ms batch [5.047] delay 2.144 ms
INFO: at 131.779 ms fetching 5.047 ms
INFO: at 134.184 ms batch [7.544] delay 2.144 ms
INFO: at 134.184 ms fetching 7.544 ms
INFO: at 136.567 ms batch [5.338] delay 2.144 ms
INFO: at 136.567 ms fetching 5.338 ms
INFO: at 138.993 ms batch [7.532] delay 2.144 ms
INFO: at 138.993 ms fetching 7.532 ms
INFO: at 141.509 ms batch [9.665] delay 2.144 ms
INFO: at 141.509 ms fetching 9.665 ms
INFO: at 143.839 ms batch [7.847] delay 2.144 ms
INFO: at 143.839 ms fetching 7.847 ms
INFO: at 146.339 ms batch [7.461] delay 2.144 ms
INFO: at 146.339 ms fetching 7.461 ms
INFO: at 148.774 ms batch [5.217] delay 2.144 ms
INFO: at 148.774 ms fetching 5.217 ms
INFO: at 151.287 ms batch [5.596] delay 2.144 ms
INFO: at 151.287 ms fetching 5.596 ms
INFO: at 153.783 ms batch [5.042] delay 2.144 ms
INFO: at 153.783 ms fetching 5.042 ms
INFO: at 156.107 ms batch [7.897] delay 2.144 ms
INFO: at 156.107 ms fetching 7.897 ms
INFO: at 158.598 ms batch [4.240] delay 3.573 ms
INFO: at 158.598 ms fetching 4.240 ms
INFO: at 163.035 ms batch [5.465] delay 3.573 ms
INFO: at 163.035 ms fetching 5.465 ms
INFO: at 167.419 ms batch [6.914] delay 3.573 ms
INFO: at 167.419 ms fetching 6.914 ms
INFO: at 171.903 ms batch [5.085] delay 3.573 ms
INFO: at 171.903 ms fetching 5.085 ms
INFO: at 176.451 ms batch [4.689] delay 3.573 ms
INFO: at 176.451 ms fetching 4.689 ms
INFO: at 180.592 ms batch [6.926] delay 3.573 ms
INFO: at 180.592 ms fetching 6.926 ms
INFO: at 185.086 ms batch [4.975] delay 3.573 ms
INFO: at 185.086 ms fetching 4.975 ms
INFO: at 189.535 ms batch [8.018] delay 3.573 ms
INFO: at 189.535 ms fetching 8.018 ms
INFO: at 194.080 ms batch [4.648] delay 3.573 ms
INFO: at 194.080 ms fetching 4.648 ms
INFO: at 198.415 ms batch [11.272] delay 3.216 ms
INFO: at 198.415 ms fetching 11.272 ms
INFO: at 202.125 ms batch [9.467] delay 3.216 ms
INFO: at 202.125 ms fetching 9.467 ms
INFO: at 205.444 ms batch [3.923] delay 3.216 ms
INFO: at 205.444 ms fetching 3.923 ms
INFO: at 208.796 ms batch [8.137] delay 3.216 ms
INFO: at 208.796 ms fetching 8.137 ms
INFO: at 212.064 ms batch [4.262] delay 3.216 ms
INFO: at 212.064 ms fetching 4.262 ms
INFO: at 215.631 ms batch [4.453] delay 3.216 ms
INFO: at 215.631 ms fetching 4.453 ms
INFO: at 219.182 ms batch [4.515] delay 3.216 ms
INFO: at 219.182 ms fetching 4.515 ms
INFO: at 222.630 ms batch [5.050] delay 3.216 ms
INFO: at 222.630 ms fetching 5.050 ms
INFO: at 225.966 ms batch [8.593] delay 3.216 ms
INFO: at 225.966 ms fetching 8.593 ms
INFO: at 229.459 ms batch [10.472] delay 3.216 ms
INFO: at 229.459 ms fetching 10.472 ms
INFO: at 233.118 ms batch [4.890] delay 2.923 ms
INFO: at 233.118 ms fetching 4.890 ms
INFO: at 236.541 ms batch [9.380] delay 2.923 ms
INFO: at 236.541 ms fetching 9.380 ms
INFO: at 240.057 ms batch [8.627] delay 2.923 ms
INFO: at 240.057 ms fetching 8.627 ms
INFO: at 243.150 ms batch [4.809] delay 2.923 ms
INFO: at 243.150 ms fetching 4.809 ms
INFO: at 246.586 ms batch [11.240] delay 2.923 ms
INFO: at 246.586 ms fetching 11.240 ms
INFO: at 250.071 ms batch [9.077] delay 2.923 ms
INFO: at 250.071 ms fetching 9.077 ms
INFO: at 253.537 ms batch [7.817] delay 2.923 ms
INFO: at 253.537 ms fetching 7.817 ms
INFO: at 257.565 ms batch [5.164] delay 2.923 ms
INFO: at 257.565 ms fetching 5.164 ms
INFO: at 261.029 ms batch [4.772] delay 2.923 ms
INFO: at 261.029 ms fetching 4.772 ms
INFO: at 264.623 ms batch [5.420] delay 2.923 ms
INFO: at 264.623 ms fetching 5.420 ms
INFO: at 268.139 ms batch [5.362] delay 2.923 ms
INFO: at 268.139 ms fetching 5.362 ms
INFO: at 272.072 ms batch [5.628] delay 3.573 ms
INFO: at 272.072 ms fetching 5.628 ms
INFO: at 276.417 ms batch [5.060] delay 3.573 ms
INFO: at 276.417 ms fetching 5.060 ms
INFO: at 280.181 ms batch [4.921] delay 3.573 ms
INFO: at 280.181 ms fetching 4.921 ms
INFO: at 283.911 ms batch [5.175] delay 3.573 ms
INFO: at 283.911 ms fetching 5.175 ms
INFO: at 288.340 ms batch [6.811] delay 3.573 ms
INFO: at 288.340 ms fetching 6.811 ms
INFO: at 292.713 ms batch [8.922] delay 3.573 ms
INFO: at 292.713 ms fetching 8.922 ms
INFO: at 297.127 ms batch [4.748] delay 3.573 ms
INFO: at 297.127 ms fetching 4.748 ms
INFO: at 301.487 ms batch [3.148] delay 3.573 ms
INFO: at 301.487 ms fetching 3.148 ms
INFO: at 305.994 ms batch [6.013] delay 3.573 ms
INFO: at 305.994 ms fetching 6.013 ms
INFO: at 310.525 ms batch [5.120] delay 3.216 ms
INFO: at 310.525 ms fetching 5.120 ms
INFO: at 314.030 ms batch [6.639] delay 3.216 ms
INFO: at 314.030 ms fetching 6.639 ms
INFO: at 317.927 ms batch [6.413] delay 3.216 ms
INFO: at 317.927 ms fetching 6.413 ms
INFO: at 321.425 ms batch [6.449] delay 3.216 ms
INFO: at 321.425 ms fetching 6.449 ms
INFO: at 325.691 ms batch [11.211] delay 3.216 ms
INFO: at 325.691 ms fetching 11.211 ms
INFO: at 329.092 ms batch [4.558] delay 3.216 ms
INFO: at 329.092 ms fetching 4.558 ms
INFO: at 332.533 ms batch [5.612] delay 3.216 ms
INFO: at 332.533 ms fetching 5.612 ms
INFO: at 336.625 ms batch [9.576] delay 3.216 ms
INFO: at 336.625 ms fetching 9.576 ms
INFO: at 340.123 ms batch [7.067] delay 3.216 ms
INFO: at 340.123 ms fetching 7.067 ms
INFO: at 343.533 ms batch [6.760] delay 3.216 ms
INFO: at 343.533 ms fetching 6.760 ms
INFO: at 347.016 ms batch [7.417] delay 2.923 ms
INFO: at 347.016 ms fetching 7.417 ms
INFO: at 350.971 ms batch [7.056] delay 2.923 ms
INFO: at 350.971 ms fetching 7.056 ms
INFO: at 354.493 ms batch [6.838] delay 2.923 ms
INFO: at 354.493 ms fetching 6.838 ms
INFO: at 357.532 ms batch [7.345] delay 2.923 ms
INFO: at 357.532 ms fetching 7.345 ms
INFO: at 361.141 ms batch [4.486] delay 2.923 ms
INFO: at 361.141 ms fetching 4.486 ms
INFO: at 364.661 ms batch [4.765] delay 2.923 ms
INFO: at 364.661 ms fetching 4.765 ms
INFO: at 368.436 ms batch [7.189] delay 2.923 ms
INFO: at 368.436 ms fetching 7.189 ms
INFO: at 371.987 ms batch [5.732] delay 2.923 ms
INFO: at 371.987 ms fetching 5.732 ms
INFO: at 376.036 ms batch [5.529] delay 2.923 ms
INFO: at 376.036 ms fetching 5.529 ms
INFO: at 379.996 ms batch [4.415] delay 2.923 ms
INFO: at 379.996 ms fetching 4.415 ms
INFO: at 383.486 ms batch [5.314] delay 2.923 ms
INFO: at 383.486 ms fetching 5.314 ms
INFO: at 387.144 ms batch [9.838] delay 3.216 ms
INFO: at 387.144 ms fetching 9.838 ms
INFO: at 390.583 ms batch [6.134] delay 3.216 ms
INFO: at 390.583 ms fetching 6.134 ms
INFO: at 394.255 ms batch [5.923] delay 3.216 ms
INFO: at 394.255 ms fetching 5.923 ms
INFO: at 397.633 ms batch [6.539] delay 3.216 ms
INFO: at 397.633 ms fetching 6.539 ms
INFO: at 401.048 ms batch [8.128] delay 3.216 ms
INFO: at 401.048 ms fetching 8.128 ms
INFO: at 404.430 ms batch [4.923] delay 3.216 ms
INFO: at 404.430 ms fetching 4.923 ms
INFO: at 408.115 ms batch [7.726] delay 3.216 ms
INFO: at 408.115 ms fetching 7.726 ms
INFO: at 411.661 ms batch [5.787] delay 3.216 ms
INFO: at 411.661 ms fetching 5.787 ms
INFO: at 415.884 ms batch [6.574] delay 3.216 ms
INFO: at 415.884 ms fetching 6.574 ms
INFO: at 419.281 ms batch [5.097] delay 3.216 ms
INFO: at 419.281 ms fetching 5.097 ms
INFO: at 422.873 ms batch [4.499] delay 2.680 ms
INFO: at 422.873 ms fetching 4.499 ms
INFO: at 426.269 ms batch [5.331] delay 2.680 ms
INFO: at 426.269 ms fetching 5.331 ms
INFO: at 429.524 ms batch [10.527] delay 2.680 ms
INFO: at 429.524 ms fetching 10.527 ms
INFO: at 433.298 ms batch [7.285] delay 2.680 ms
INFO: at 433.298 ms fetching 7.285 ms
INFO: at 436.546 ms batch [4.882] delay 2.680 ms
INFO: at 436.546 ms fetching 4.882 ms
INFO: at 440.106 ms batch [4.754] delay 2.680 ms
INFO: at 440.106 ms fetching 4.754 ms
INFO: at 443.624 ms batch [5.791] delay 2.680 ms
INFO: at 443.624 ms fetching 5.791 ms
INFO: at 447.027 ms batch [4.928] delay 2.680 ms
INFO: at 447.027 ms fetching 4.928 ms
INFO: at 450.184 ms batch [5.541] delay 2.680 ms
INFO: at 450.184 ms fetching 5.541 ms
INFO: at 454.009 ms batch [10.980] delay 2.680 ms
INFO: at 454.009 ms fetching 10.980 ms
INFO: at 457.513 ms batch [5.652] delay 2.680 ms
INFO: at 457.513 ms fetching 5.652 ms
INFO: at 460.972 ms batch [9.851] delay 2.680 ms
INFO: at 460.972 ms fetching 9.851 ms
INFO: at 463.803 ms batch [7.987] delay 3.216 ms
INFO: at 463.803 ms fetching 7.987 ms
INFO: at 467.218 ms batch [8.336] delay 3.216 ms
INFO: at 467.218 ms fetching 8.336 ms
INFO: at 471.342 ms batch [5.589] delay 3.216 ms
INFO: at 471.342 ms fetching 5.589 ms
INFO: at 474.781 ms batch [5.092] delay 3.216 ms
INFO: at 474.781 ms fetching 5.092 ms
INFO: at 478.198 ms batch [5.127] delay 3.216 ms
INFO: at 478.198 ms fetching 5.127 ms
INFO: at 481.528 ms batch [5.405] delay 3.216 ms
INFO: at 481.528 ms fetching 5.405 ms
INFO: at 485.196 ms batch [5.782] delay 3.216 ms
INFO: at 485.196 ms fetching 5.782 ms
INFO: at 488.539 ms batch [9.550] delay 3.216 ms
INFO: at 488.539 ms fetching 9.550 ms
INFO: at 491.998 ms batch [6.310] delay 3.216 ms
INFO: at 491.998 ms fetching 6.310 ms
INFO: at 495.445 ms batch [5.556] delay 3.216 ms
INFO: at 495.445 ms fetching 5.556 ms
INFO: at 498.908 ms batch [3.887] delay 2.923 ms
INFO: at 498.908 ms fetching 3.887 ms
INFO: at 502.411 ms batch [4.126] delay 2.923 ms
INFO: at 502.411 ms fetching 4.126 ms
INFO: at 505.880 ms batch [5.554] delay 2.923 ms
INFO: at 505.880 ms fetching 5.554 ms
INFO: at 509.277 ms batch [5.471] delay 2.923 ms
INFO: at 509.277 ms fetching 5.471 ms
INFO: at 513.105 ms batch [-0.260] delay 2.923 ms
INFO: at 513.105 ms fetching -0.260 ms
INFO: at 516.872 ms batch [5.263] delay 2.923 ms
INFO: at 516.872 ms fetching 5.263 ms
INFO: at 520.633 ms batch [4.549] delay 2.923 ms
INFO: at 520.633 ms fetching 4.549 ms
INFO: at 524.184 ms batch [4.913] delay 2.923 ms
INFO: at 524.184 ms fetching 4.913 ms
INFO: at 527.396 ms batch [4.372] delay 2.923 ms
INFO: at 527.396 ms fetching 4.372 ms
INFO: at 530.867 ms batch [5.371] delay 2.923 ms
INFO: at 530.867 ms fetching 5.371 ms
INFO: at 534.001 ms batch [5.581] delay 2.923 ms
INFO: at 534.001 ms fetching 5.581 ms
INFO: at 537.524 ms batch [7.639] delay 3.573 ms
INFO: at 537.524 ms fetching 7.639 ms
INFO: at 541.989 ms batch [4.893] delay 3.573 ms
INFO: at 541.989 ms fetching 4.893 ms
INFO: at 546.507 ms batch [5.194] delay 3.573 ms
INFO: at 546.507 ms fetching 5.194 ms
INFO: at 550.227 ms batch [5.143] delay 3.573 ms
INFO: at 550.227 ms fetching 5.143 ms
INFO: at 554.686 ms batch [7.134] delay 3.573 ms
INFO: at 554.686 ms fetching 7.134 ms
INFO: at 559.276 ms batch [5.506] delay 3.573 ms
INFO: at 559.276 ms fetching 5.506 ms
INFO: at 563.181 ms batch [5.802] delay 3.573 ms
INFO: at 563.181 ms fetching 5.802 ms
INFO: at 567.668 ms batch [9.769] delay 3.573 ms
INFO: at 567.668 ms fetching 9.769 ms
INFO: at 572.095 ms batch [6.743] delay 3.573 ms
INFO: at 572.095 ms fetching 6.743 ms
INFO: at 575.774 ms batch [9.325] delay 2.474 ms
INFO: at 575.774 ms fetching 9.325 ms
INFO: at 579.145 ms batch [6.356] delay 2.474 ms
INFO: at 579.145 ms fetching 6.356 ms
INFO: at 582.567 ms batch [5.284] delay 2.474 ms
INFO: at 582.567 ms fetching 5.284 ms
INFO: at 585.932 ms batch [5.213] delay 2.474 ms
INFO: at 585.932 ms fetching 5.213 ms
INFO: at 589.440 ms batch [5.997] delay 2.474 ms
INFO: at 589.440 ms fetching 5.997 ms
INFO: at 592.784 ms batch [5.241] delay 2.474 ms
INFO: at 592.784 ms fetching 5.241 ms
INFO: at 596.202 ms batch [5.386] delay 2.474 ms
INFO: at 596.202 ms fetching 5.386 ms
INFO: at 599.569 ms batch [5.646] delay 2.474 ms
INFO: at 599.569 ms fetching 5.646 ms
INFO: at 602.941 ms batch [5.736] delay 2.474 ms
INFO: at 602.941 ms fetching 5.736 ms
INFO: at 606.378 ms batch [4.778] delay 2.474 ms
INFO: at 606.378 ms fetching 4.778 ms
INFO: at 609.264 ms batch [5.125] delay 2.474 ms
INFO: at 609.264 ms fetching 5.125 ms
INFO: at 612.771 ms batch [5.238] delay 2.474 ms
INFO: at 612.771 ms fetching 5.238 ms
INFO: at 615.451 ms batch [5.701] delay 2.474 ms
INFO: at 615.451 ms fetching 5.701 ms
INFO: at 618.165 ms batch [4.790] delay 3.573 ms
INFO: at 618.165 ms fetching 4.790 ms
INFO: at 622.782 ms batch [7.867] delay 3.573 ms
INFO: at 622.782 ms fetching 7.867 ms
INFO: at 626.750 ms batch [8.148] delay 3.573 ms
INFO: at 626.750 ms fetching 8.148 ms
INFO: at 630.522 ms batch [3.981] delay 3.573 ms
INFO: at 630.522 ms fetching 3.981 ms
INFO: at 635.092 ms batch [6.021] delay 3.573 ms
INFO: at 635.092 ms fetching 6.021 ms
INFO: at 639.553 ms batch [5.384] delay 3.573 ms
INFO: at 639.553 ms fetching 5.384 ms
INFO: at 644.072 ms batch [5.413] delay 3.573 ms
INFO: at 644.072 ms fetching 5.413 ms
INFO: at 648.132 ms batch [8.860] delay 3.573 ms
INFO: at 648.132 ms fetching 8.860 ms
INFO: at 652.015 ms batch [7.587] delay 3.573 ms
INFO: at 652.015 ms fetching 7.587 ms
INFO: at 656.566 ms batch [7.312] delay 5.360 ms
INFO: at 656.566 ms fetching 7.312 ms
INFO: at 662.406 ms batch [5.852] delay 5.360 ms
INFO: at 662.406 ms fetching 5.852 ms
INFO: at 668.079 ms batch [14.010] delay 5.360 ms
INFO: at 668.079 ms fetching 14.010 ms
INFO: at 673.760 ms batch [5.477] delay 5.360 ms
INFO: at 673.760 ms fetching 5.477 ms
INFO: at 680.299 ms batch [9.369] delay 5.360 ms
INFO: at 680.299 ms fetching 9.369 ms
INFO: at 686.071 ms batch [9.063] delay 5.360 ms
INFO: at 686.071 ms fetching 9.063 ms
INFO: at 692.520 ms batch [5.070] delay 3.573 ms
INFO: at 692.520 ms fetching 5.070 ms
INFO: at 697.102 ms batch [3.477] delay 3.573 ms
INFO: at 697.102 ms fetching 3.477 ms
INFO: at 701.690 ms batch [2.452] delay 3.573 ms
INFO: at 701.690 ms fetching 2.452 ms
INFO: at 705.763 ms batch [5.111] delay 3.573 ms
INFO: at 705.763 ms fetching 5.111 ms
INFO: at 709.403 ms batch [10.675] delay 3.573 ms
INFO: at 709.403 ms fetching 10.675 ms
INFO: at 714.004 ms batch [6.180] delay 3.573 ms
INFO: at 714.004 ms fetching 6.180 ms
INFO: at 718.379 ms batch [7.238] delay 3.573 ms
INFO: at 718.379 ms fetching 7.238 ms
INFO: at 723.065 ms batch [4.055] delay 3.573 ms
INFO: at 723.065 ms fetching 4.055 ms
INFO: at 727.651 ms batch [8.038] delay 3.573 ms
INFO: at 727.651 ms fetching 8.038 ms
INFO: at 731.656 ms batch [5.523] delay 3.573 ms
INFO: at 731.656 ms fetching 5.523 ms
INFO: at 736.183 ms batch [9.513] delay 3.573 ms
INFO: at 736.183 ms fetching 9.513 ms
INFO: at 740.547 ms batch [5.037] delay 3.573 ms
INFO: at 740.547 ms fetching 5.037 ms
INFO: at 745.210 ms batch [5.490] delay 3.573 ms
INFO: at 745.210 ms fetching 5.490 ms
INFO: at 749.396 ms batch [8.967] delay 3.573 ms
INFO: at 749.396 ms fetching 8.967 ms
INFO: at 753.277 ms batch [6.426] delay 3.573 ms
INFO: at 753.277 ms fetching 6.426 ms
INFO: at 757.760 ms batch [5.305] delay 3.573 ms
INFO: at 757.760 ms fetching 5.305 ms
INFO: at 762.313 ms batch [8.028] delay 3.573 ms
INFO: at 762.313 ms fetching 8.028 ms
INFO: at 766.656 ms batch [5.135] delay 3.573 ms
INFO: at 766.656 ms fetching 5.135 ms
INFO: at 771.173 ms batch [9.121] delay 5.360 ms
INFO: at 771.173 ms fetching 9.121 ms
INFO: at 777.697 ms batch [8.637] delay 5.360 ms
INFO: at 777.697 ms fetching 8.637 ms
INFO: at 783.353 ms batch [9.290] delay 5.360 ms
INFO: at 783.353 ms fetching 9.290 ms
INFO: at 789.131 ms batch [5.190] delay 5.360 ms
INFO: at 789.131 ms fetching 5.190 ms
INFO: at 794.989 ms batch [5.498] delay 5.360 ms
INFO: at 794.989 ms fetching 5.498 ms
INFO: at 801.227 ms batch [4.428] delay 5.360 ms
INFO: at 801.227 ms fetching 4.428 ms
INFO: at 807.075 ms batch [8.882] delay 2.923 ms
INFO: at 807.075 ms fetching 8.882 ms
INFO: at 810.906 ms batch [5.246] delay 2.923 ms
INFO: at 810.906 ms fetching 5.246 ms
INFO: at 814.418 ms batch [5.728] delay 2.923 ms
INFO: at 814.418 ms fetching 5.728 ms
INFO: at 817.959 ms batch [5.757] delay 2.923 ms
INFO: at 817.959 ms fetching 5.757 ms
INFO: at 821.434 ms batch [6.079] delay 2.923 ms
INFO: at 821.434 ms fetching 6.079 ms
INFO: at 824.481 ms batch [5.366] delay 2.923 ms
INFO: at 824.481 ms fetching 5.366 ms
INFO: at 827.904 ms batch [4.876] delay 2.923 ms
INFO: at 827.904 ms fetching 4.876 ms
INFO: at 831.407 ms batch [5.837] delay 2.923 ms
INFO: at 831.407 ms fetching 5.837 ms
INFO: at 834.759 ms batch [10.397] delay 2.923 ms
INFO: at 834.759 ms fetching 10.397 ms
INFO: at 838.174 ms batch [5.571] delay 2.923 ms
INFO: at 838.174 ms fetching 5.571 ms
INFO: at 841.737 ms batch [3.335] delay 2.923 ms
INFO: at 841.737 ms fetching 3.335 ms
INFO: at 845.149 ms batch [10.158] delay 3.216 ms
INFO: at 845.149 ms fetching 10.158 ms
INFO: at 849.134 ms batch [8.533] delay 3.216 ms
INFO: at 849.134 ms fetching 8.533 ms
INFO: at 852.593 ms batch [10.768] delay 3.216 ms
INFO: at 852.593 ms fetching 10.768 ms
INFO: at 856.001 ms batch [5.446] delay 3.216 ms
INFO: at 856.001 ms fetching 5.446 ms
INFO: at 859.320 ms batch [4.640] delay 3.216 ms
INFO: at 859.320 ms fetching 4.640 ms
INFO: at 862.842 ms batch [4.697] delay 3.216 ms
INFO: at 862.842 ms fetching 4.697 ms
INFO: at 866.295 ms batch [8.772] delay 3.216 ms
INFO: at 866.295 ms fetching 8.772 ms
INFO: at 869.727 ms batch [8.427] delay 3.216 ms
INFO: at 869.727 ms fetching 8.427 ms
INFO: at 873.025 ms batch [11.010] delay 3.216 ms
INFO: at 873.025 ms fetching 11.010 ms
INFO: at 876.721 ms batch [4.458] delay 3.216 ms
INFO: at 876.721 ms fetching 4.458 ms
INFO: at 880.161 ms batch [10.816] delay 2.923 ms
INFO: at 880.161 ms fetching 10.816 ms
INFO: at 883.704 ms batch [4.329] delay 2.923 ms
INFO: at 883.704 ms fetching 4.329 ms
INFO: at 887.005 ms batch [5.678] delay 2.923 ms
INFO: at 887.005 ms fetching 5.678 ms
INFO: at 890.678 ms batch [5.369] delay 2.923 ms
INFO: at 890.678 ms fetching 5.369 ms
INFO: at 894.186 ms batch [5.709] delay 2.923 ms
INFO: at 894.186 ms fetching 5.709 ms
INFO: at 897.720 ms batch [4.905] delay 2.923 ms
INFO: at 897.720 ms fetching 4.905 ms
INFO: at 901.350 ms batch [8.670] delay 2.923 ms
INFO: at 901.350 ms fetching 8.670 ms
INFO: at 904.756 ms batch [10.611] delay 2.923 ms
INFO: at 904.756 ms fetching 10.611 ms
INFO: at 908.399 ms batch [9.726] delay 2.923 ms
INFO: at 908.399 ms fetching 9.726 ms
INFO: at 911.722 ms batch [6.438] delay 2.923 ms
INFO: at 911.722 ms fetching 6.438 ms
INFO: at 915.102 ms batch [4.932] delay 2.923 ms
INFO: at 915.102 ms fetching 4.932 ms
INFO: at 918.642 ms batch [6.864] delay 2.923 ms
INFO: at 918.642 ms fetching 6.864 ms
INFO: at 922.142 ms batch [7.215] delay 2.923 ms
INFO: at 922.142 ms fetching 7.215 ms
INFO: at 925.664 ms batch [8.604] delay 2.923 ms
INFO: at 925.664 ms fetching 8.604 ms
INFO: at 929.224 ms batch [11.042] delay 2.923 ms
INFO: at 929.224 ms fetching 11.042 ms
INFO: at 933.045 ms batch [7.767] delay 2.923 ms
INFO: at 933.045 ms fetching 7.767 ms
INFO: at 936.579 ms batch [4.823] delay 2.923 ms
INFO: at 936.579 ms fetching 4.823 ms
INFO: at 940.221 ms batch [4.394] delay 2.923 ms
INFO: at 940.221 ms fetching 4.394 ms
INFO: at 944.071 ms batch [4.567] delay 2.923 ms
INFO: at 944.071 ms fetching 4.567 ms
INFO: at 947.533 ms batch [6.586] delay 2.923 ms
INFO: at 947.533 ms fetching 6.586 ms
INFO: at 950.954 ms batch [7.577] delay 2.923 ms
INFO: at 950.954 ms fetching 7.577 ms
INFO: at 954.229 ms batch [5.079] delay 2.923 ms
INFO: at 954.229 ms fetching 5.079 ms
INFO: at 957.938 ms batch [5.551] delay 2.297 ms
INFO: at 957.938 ms fetching 5.551 ms
INFO: at 960.385 ms batch [5.479] delay 2.297 ms
INFO: at 960.385 ms fetching 5.479 ms
INFO: at 962.944 ms batch [4.615] delay 2.297 ms
INFO: at 962.944 ms fetching 4.615 ms
INFO: at 965.987 ms batch [11.450] delay 2.297 ms
INFO: at 965.987 ms fetching 11.450 ms
INFO: at 968.687 ms batch [5.918] delay 2.297 ms
INFO: at 968.687 ms fetching 5.918 ms
INFO: at 971.432 ms batch [5.428] delay 2.297 ms
INFO: at 971.432 ms fetching 5.428 ms
INFO: at 974.272 ms batch [6.228] delay 2.297 ms
INFO: at 974.272 ms fetching 6.228 ms
INFO: at 976.782 ms batch [5.457] delay 2.297 ms
INFO: at 976.782 ms fetching 5.457 ms
INFO: at 979.269 ms batch [6.824] delay 2.297 ms
INFO: at 979.269 ms fetching 6.824 ms
INFO: at 982.278 ms batch [4.707] delay 2.297 ms
INFO: at 982.278 ms fetching 4.707 ms
INFO: at 984.678 ms batch [7.673] delay 2.297 ms
INFO: at 984.678 ms fetching 7.673 ms
INFO: at 988.097 ms batch [9.407] delay 2.297 ms
INFO: at 988.097 ms fetching 9.407 ms
INFO: at 991.234 ms batch [5.656] delay 2.297 ms
INFO: at 991.234 ms fetching 5.656 ms
INFO: at 993.698 ms batch [4.409] delay 2.297 ms
INFO: at 993.698 ms fetching 4.409 ms
INFO: at 996.209 ms batch [4.663] delay 3.216 ms
INFO: at 996.209 ms fetching 4.663 ms
INFO: at 999.758 ms batch [5.114] delay 3.216 ms
INFO: at 999.758 ms fetching 5.114 ms
INFO: at 1003.123 ms batch [11.123] delay 3.216 ms
INFO: at 1003.123 ms fetching 11.123 ms
INFO: at 1006.519 ms batch [7.262] delay 3.216 ms
INFO: at 1006.519 ms fetching 7.262 ms
INFO: at 1009.916 ms batch [5.188] delay 3.216 ms
INFO: at 1009.916 ms fetching 5.188 ms
INFO: at 1013.296 ms batch [7.916] delay 3.216 ms
INFO: at 1013.296 ms fetching 7.916 ms
INFO: at 1016.880 ms batch [5.040] delay 3.216 ms
INFO: at 1016.880 ms fetching 5.040 ms
INFO: at 1020.270 ms batch [9.312] delay 3.216 ms
INFO: at 1020.270 ms fetching 9.312 ms
INFO: at 1023.687 ms batch [5.833] delay 3.216 ms
INFO: at 1023.687 ms fetching 5.833 ms
INFO: at 1027.038 ms batch [5.227] delay 3.216 ms
INFO: at 1027.038 ms fetching 5.227 ms
INFO: at 1030.967 ms batch [5.819] delay 2.680 ms
INFO: at 1030.967 ms fetching 5.819 ms
INFO: at 1034.370 ms batch [6.028] delay 2.680 ms
INFO: at 1034.370 ms fetching 6.028 ms
INFO: at 1037.678 ms batch [4.873] delay 2.680 ms
INFO: at 1037.678 ms fetching 4.873 ms
INFO: at 1041.083 ms batch [6.152] delay 2.680 ms
INFO: at 1041.083 ms fetching 6.152 ms
INFO: at 1044.095 ms batch [5.309] delay 2.680 ms
INFO: at 1044.095 ms fetching 5.309 ms
INFO: at 1047.495 ms batch [4.347] delay 2.680 ms
INFO: at 1047.495 ms fetching 4.347 ms
INFO: at 1050.571 ms batch [11.931] delay 2.680 ms
INFO: at 1050.571 ms fetching 11.931 ms
INFO: at 1053.928 ms batch [4.293] delay 2.680 ms
INFO: at 1053.928 ms fetching 4.293 ms
INFO: at 1057.260 ms batch [12.745] delay 2.680 ms
INFO: at 1057.260 ms fetching 12.745 ms
INFO: at 1060.883 ms batch [4.982] delay 2.680 ms
INFO: at 1060.883 ms fetching 4.982 ms
INFO: at 1064.294 ms batch [6.900] delay 2.680 ms
INFO: at 1064.294 ms fetching 6.900 ms
INFO: at 1067.703 ms batch [5.357] delay 2.680 ms
INFO: at 1067.703 ms fetching 5.357 ms
INFO: at 1071.117 ms batch [6.525] delay 3.216 ms
INFO: at 1071.117 ms fetching 6.525 ms
INFO: at 1075.252 ms batch [4.955] delay 3.216 ms
INFO: at 1075.252 ms fetching 4.955 ms
INFO: at 1078.602 ms batch [4.435] delay 3.216 ms
INFO: at 1078.602 ms fetching 4.435 ms
INFO: at 1081.969 ms batch [8.522] delay 3.216 ms
INFO: at 1081.969 ms fetching 8.522 ms
INFO: at 1085.510 ms batch [7.355] delay 3.216 ms
INFO: at 1085.510 ms fetching 7.355 ms
INFO: at 1089.049 ms batch [5.638] delay 3.216 ms
INFO: at 1089.049 ms fetching 5.638 ms
INFO: at 1092.470 ms batch [5.568] delay 3.216 ms
INFO: at 1092.470 ms fetching 5.568 ms
INFO: at 1096.227 ms batch [7.472] delay 3.216 ms
INFO: at 1096.227 ms fetching 7.472 ms
INFO: at 1099.714 ms batch [5.025] delay 3.216 ms
INFO: at 1099.714 ms fetching 5.025 ms
INFO: at 1103.255 ms batch [5.984] delay 3.216 ms
INFO: at 1103.255 ms fetching 5.984 ms
INFO: at 1107.209 ms batch [5.724] delay 3.573 ms
INFO: at 1107.209 ms fetching 5.724 ms
INFO: at 1111.723 ms batch [6.717] delay 3.573 ms
INFO: at 1111.723 ms fetching 6.717 ms
INFO: at 1115.588 ms batch [5.155] delay 3.573 ms
INFO: at 1115.588 ms fetching 5.155 ms
INFO: at 1119.283 ms batch [9.335] delay 3.573 ms
INFO: at 1119.283 ms fetching 9.335 ms
INFO: at 1123.650 ms batch [5.796] delay 3.573 ms
INFO: at 1123.650 ms fetching 5.796 ms
INFO: at 1128.044 ms batch [5.201] delay 3.573 ms
INFO: at 1128.044 ms fetching 5.201 ms
INFO: at 1132.771 ms batch [6.127] delay 3.573 ms
INFO: at 1132.771 ms fetching 6.127 ms
INFO: at 1137.164 ms batch [5.892] delay 3.573 ms
INFO: at 1137.164 ms fetching 5.892 ms
INFO: at 1141.419 ms batch [6.485] delay 3.573 ms
INFO: at 1141.419 ms fetching 6.485 ms
INFO: at 1145.859 ms batch [6.460] delay 4.020 ms
INFO: at 1145.859 ms fetching 6.460 ms
INFO: at 1150.348 ms batch [6.199] delay 4.020 ms
INFO: at 1150.348 ms fetching 6.199 ms
INFO: at 1154.685 ms batch [7.661] delay 4.020 ms
INFO: at 1154.685 ms fetching 7.661 ms
INFO: at 1159.568 ms batch [7.077] delay 4.020 ms
INFO: at 1159.568 ms fetching 7.077 ms
INFO: at 1164.306 ms batch [9.348] delay 4.020 ms
INFO: at 1164.306 ms fetching 9.348 ms
INFO: at 1168.774 ms batch [6.652] delay 4.020 ms
INFO: at 1168.774 ms fetching 6.652 ms
INFO: at 1173.137 ms batch [8.659] delay 4.020 ms
INFO: at 1173.137 ms fetching 8.659 ms
INFO: at 1178.038 ms batch [8.208] delay 4.020 ms
INFO: at 1178.038 ms fetching 8.208 ms
INFO: at 1182.686 ms batch [7.300] delay 4.594 ms
INFO: at 1182.686 ms fetching 7.300 ms
INFO: at 1187.604 ms batch [10.172] delay 4.594 ms
INFO: at 1187.604 ms fetching 10.172 ms
INFO: at 1192.902 ms batch [9.040] delay 4.594 ms
INFO: at 1192.902 ms fetching 9.040 ms
INFO: at 1198.490 ms batch [6.552] delay 4.594 ms
INFO: at 1198.490 ms fetching 6.552 ms
INFO: at 1204.105 ms batch [9.713] delay 4.594 ms
INFO: at 1204.105 ms fetching 9.713 ms
INFO: at 1209.582 ms batch [4.644] delay 4.594 ms
INFO: at 1209.582 ms fetching 4.644 ms
INFO: at 1214.714 ms batch [5.027] delay 4.594 ms
INFO: at 1214.714 ms fetching 5.027 ms
INFO: at 1220.340 ms batch [5.148] delay 3.573 ms
INFO: at 1220.340 ms fetching 5.148 ms
INFO: at 1224.270 ms batch [11.342] delay 3.573 ms
INFO: at 1224.270 ms fetching 11.342 ms
INFO: at 1228.800 ms batch [4.520] delay 3.573 ms
INFO: at 1228.800 ms fetching 4.520 ms
INFO: at 1232.933 ms batch [4.571] delay 3.573 ms
INFO: at 1232.933 ms fetching 4.571 ms
INFO: at 1237.422 ms batch [9.916] delay 3.573 ms
INFO: at 1237.422 ms fetching 9.916 ms
INFO: at 1241.957 ms batch [5.343] delay 3.573 ms
INFO: at 1241.957 ms fetching 5.343 ms
INFO: at 1246.495 ms batch [5.209] delay 3.573 ms
INFO: at 1246.495 ms fetching 5.209 ms
INFO: at 1250.485 ms batch [5.150] delay 3.573 ms
INFO: at 1250.485 ms fetching 5.150 ms
INFO: at 1255.147 ms batch [5.538] delay 3.573 ms
INFO: at 1255.147 ms fetching 5.538 ms
INFO: at 1258.926 ms batch [5.518] delay 4.594 ms
INFO: at 1258.926 ms fetching 5.518 ms
INFO: at 1264.017 ms batch [12.123] delay 4.594 ms
INFO: at 1264.017 ms fetching 12.123 ms
INFO: at 1269.094 ms batch [3.958] delay 4.594 ms
INFO: at 1269.094 ms fetching 3.958 ms
INFO: at 1274.486 ms batch [4.628] delay 4.594 ms
INFO: at 1274.486 ms fetching 4.628 ms
INFO: at 1280.150 ms batch [10.901] delay 4.594 ms
INFO: at 1280.150 ms fetching 10.901 ms
INFO: at 1285.559 ms batch [5.520] delay 4.594 ms
INFO: at 1285.559 ms fetching 5.520 ms
INFO: at 1291.383 ms batch [4.111] delay 4.594 ms
INFO: at 1291.383 ms fetching 4.111 ms
INFO: at 1296.587 ms batch [10.139] delay 2.680 ms
INFO: at 1296.587 ms fetching 10.139 ms
INFO: at 1300.356 ms batch [5.871] delay 2.680 ms
INFO: at 1300.356 ms fetching 5.871 ms
INFO: at 1303.190 ms batch [5.255] delay 2.680 ms
INFO: at 1303.190 ms fetching 5.255 ms
INFO: at 1306.768 ms batch [9.417] delay 2.680 ms
INFO: at 1306.768 ms fetching 9.417 ms
INFO: at 1310.339 ms batch [9.179] delay 2.680 ms
INFO: at 1310.339 ms fetching 9.179 ms
INFO: at 1313.753 ms batch [9.536] delay 2.680 ms
INFO: at 1313.753 ms fetching 9.536 ms
INFO: at 1317.180 ms batch [5.243] delay 2.680 ms
INFO: at 1317.180 ms fetching 5.243 ms
INFO: at 1320.037 ms batch [4.800] delay 2.680 ms
INFO: at 1320.037 ms fetching 4.800 ms
INFO: at 1323.722 ms batch [9.022] delay 2.680 ms
INFO: at 1323.722 ms fetching 9.022 ms
INFO: at 1327.161 ms batch [5.584] delay 2.680 ms
INFO: at 1327.161 ms fetching 5.584 ms
INFO: at 1330.529 ms batch [5.642] delay 2.680 ms
INFO: at 1330.529 ms fetching 5.642 ms
INFO: at 1333.928 ms batch [5.224] delay 2.680 ms
INFO: at 1333.928 ms fetching 5.224 ms
INFO: at 1337.392 ms batch [4.784] delay 3.573 ms
INFO: at 1337.392 ms fetching 4.784 ms
INFO: at 1341.764 ms batch [8.782] delay 3.573 ms
INFO: at 1341.764 ms fetching 8.782 ms
INFO: at 1346.198 ms batch [5.090] delay 3.573 ms
INFO: at 1346.198 ms fetching 5.090 ms
INFO: at 1350.499 ms batch [5.773] delay 3.573 ms
INFO: at 1350.499 ms fetching 5.773 ms
INFO: at 1354.240 ms batch [8.387] delay 3.573 ms
INFO: at 1354.240 ms fetching 8.387 ms
INFO: at 1358.787 ms batch [4.863] delay 3.573 ms
INFO: at 1358.787 ms fetching 4.863 ms
INFO: at 1362.880 ms batch [4.793] delay 3.573 ms
INFO: at 1362.880 ms fetching 4.793 ms
INFO: at 1367.268 ms batch [5.065] delay 3.573 ms
INFO: at 1367.268 ms fetching 5.065 ms
INFO: at 1371.675 ms batch [5.340] delay 3.573 ms
INFO: at 1371.675 ms fetching 5.340 ms
INFO: at 1375.987 ms batch [6.948] delay 3.573 ms
INFO: at 1375.987 ms fetching 6.948 ms
INFO: at 1380.617 ms batch [4.718] delay 3.573 ms
INFO: at 1380.617 ms fetching 4.718 ms
INFO: at 1384.932 ms batch [5.912] delay 3.573 ms
INFO: at 1384.932 ms fetching 5.912 ms
INFO: at 1389.274 ms batch [9.011] delay 3.573 ms
INFO: at 1389.274 ms fetching 9.011 ms
INFO: at 1393.787 ms batch [5.250] delay 3.573 ms
INFO: at 1393.787 ms fetching 5.250 ms
INFO: at 1397.438 ms batch [6.788] delay 3.573 ms
INFO: at 1397.438 ms fetching 6.788 ms
INFO: at 1401.930 ms batch [10.045] delay 3.573 ms
INFO: at 1401.930 ms fetching 10.045 ms
INFO: at 1406.432 ms batch [4.610] delay 3.573 ms
INFO: at 1406.432 ms fetching 4.610 ms
INFO: at 1411.031 ms batch [9.131] delay 3.573 ms
INFO: at 1411.031 ms fetching 9.131 ms
INFO: at 1415.450 ms batch [4.738] delay 4.020 ms
INFO: at 1415.450 ms fetching 4.738 ms
INFO: at 1419.937 ms batch [7.945] delay 4.020 ms
INFO: at 1419.937 ms fetching 7.945 ms
INFO: at 1424.168 ms batch [5.054] delay 4.020 ms
INFO: at 1424.168 ms fetching 5.054 ms
INFO: at 1428.573 ms batch [11.485] delay 4.020 ms
INFO: at 1428.573 ms fetching 11.485 ms
INFO: at 1433.373 ms batch [10.855] delay 4.020 ms
INFO: at 1433.373 ms fetching 10.855 ms
INFO: at 1437.777 ms batch [5.211] delay 4.020 ms
INFO: at 1437.777 ms fetching 5.211 ms
INFO: at 1442.575 ms batch [8.327] delay 4.020 ms
INFO: at 1442.575 ms fetching 8.327 ms
INFO: at 1446.898 ms batch [4.990] delay 4.020 ms
INFO: at 1446.898 ms fetching 4.990 ms
INFO: at 1451.290 ms batch [5.321] delay 4.020 ms
INFO: at 1451.290 ms fetching 5.321 ms
INFO: at 1455.694 ms batch [8.008] delay 4.020 ms
INFO: at 1455.694 ms fetching 8.008 ms
INFO: at 1460.752 ms batch [6.343] delay 4.020 ms
INFO: at 1460.752 ms fetching 6.343 ms
INFO: at 1465.527 ms batch [5.824] delay 4.020 ms
INFO: at 1465.527 ms fetching 5.824 ms
INFO: at 1470.104 ms batch [5.030] delay 4.020 ms
INFO: at 1470.104 ms fetching 5.030 ms
INFO: at 1474.519 ms batch [8.458] delay 4.020 ms
INFO: at 1474.519 ms fetching 8.458 ms
INFO: at 1479.285 ms batch [5.468] delay 4.020 ms
INFO: at 1479.285 ms fetching 5.468 ms
INFO: at 1484.019 ms batch [5.324] delay 4.020 ms
INFO: at 1484.019 ms fetching 5.324 ms
INFO: at 1488.444 ms batch [7.365] delay 1.109 ms
INFO: at 1488.444 ms fetching 7.365 ms
INFO: at 1490.006 ms batch [5.328] delay 1.109 ms
INFO: at 1490.006 ms fetching 5.328 ms
INFO: at 1491.490 ms batch [9.051] delay 1.109 ms
INFO: at 1491.490 ms fetching 9.051 ms
INFO: at 1493.172 ms batch [13.562] delay 1.109 ms
INFO: at 1493.172 ms fetching 13.562 ms
INFO: at 1494.548 ms batch [5.374] delay 1.109 ms
INFO: at 1494.548 ms fetching 5.374 ms
INFO: at 1495.916 ms batch [9.899] delay 1.109 ms
INFO: at 1495.916 ms fetching 9.899 ms
INFO: at 1497.369 ms batch [5.231] delay 1.109 ms
INFO: at 1497.369 ms fetching 5.231 ms
INFO: at 1499.005 ms batch [4.727] delay 1.109 ms
INFO: at 1499.005 ms fetching 4.727 ms
INFO: at 1500.592 ms batch [8.469] delay 1.109 ms
INFO: at 1500.592 ms fetching 8.469 ms
INFO: at 1502.077 ms batch [4.217] delay 1.109 ms
INFO: at 1502.077 ms fetching 4.217 ms
INFO: at 1503.678 ms batch [4.885] delay 1.109 ms
INFO: at 1503.678 ms fetching 4.885 ms
INFO: at 1505.270 ms batch [6.160] delay 1.109 ms
INFO: at 1505.270 ms fetching 6.160 ms
INFO: at 1506.832 ms batch [4.780] delay 1.109 ms
INFO: at 1506.832 ms fetching 4.780 ms
INFO: at 1508.583 ms batch [8.500] delay 1.109 ms
INFO: at 1508.583 ms fetching 8.500 ms
INFO: at 1510.162 ms batch [7.157] delay 1.109 ms
INFO: at 1510.162 ms fetching 7.157 ms
INFO: at 1511.875 ms batch [10.119] delay 1.109 ms
INFO: at 1511.875 ms fetching 10.119 ms
INFO: at 1513.570 ms batch [5.260] delay 1.109 ms
INFO: at 1513.570 ms fetching 5.260 ms
INFO: at 1515.192 ms batch [9.866] delay 1.109 ms
INFO: at 1515.192 ms fetching 9.866 ms
INFO: at 1516.696 ms batch [7.557] delay 1.109 ms
INFO: at 1516.696 ms fetching 7.557 ms
INFO: at 1518.226 ms batch [5.972] delay 1.109 ms
INFO: at 1518.226 ms fetching 5.972 ms
INFO: at 1519.679 ms batch [5.296] delay 1.109 ms
INFO: at 1519.679 ms fetching 5.296 ms
INFO: at 1521.127 ms batch [7.704] delay 1.109 ms
INFO: at 1521.127 ms fetching 7.704 ms
INFO: at 1522.725 ms batch [8.817] delay 1.109 ms
INFO: at 1522.725 ms fetching 8.817 ms
INFO: at 1523.843 ms batch [5.896] delay 1.109 ms
INFO: at 1523.843 ms fetching 5.896 ms
INFO: at 1525.151 ms batch [8.060] delay 1.109 ms
INFO: at 1525.151 ms fetching 8.060 ms
INFO: at 1527.150 ms batch [6.380] delay 1.109 ms
INFO: at 1527.150 ms fetching 6.380 ms
INFO: at 1528.706 ms batch [8.098] delay 1.109 ms
INFO: at 1528.706 ms fetching 8.098 ms
INFO: at 1530.222 ms batch [5.192] delay 1.109 ms
INFO: at 1530.222 ms fetching 5.192 ms
INFO: at 1531.679 ms batch [9.958] delay 1.109 ms
INFO: at 1531.679 ms fetching 9.958 ms
INFO: at 1533.268 ms batch [5.171] delay 2.923 ms
INFO: at 1533.268 ms fetching 5.171 ms
INFO: at 1536.932 ms batch [4.948] delay 2.923 ms
INFO: at 1536.932 ms fetching 4.948 ms
INFO: at 1540.755 ms batch [4.774] delay 2.923 ms
INFO: at 1540.755 ms fetching 4.774 ms
INFO: at 1544.356 ms batch [5.749] delay 2.923 ms
INFO: at 1544.356 ms fetching 5.749 ms
INFO: at 1548.003 ms batch [5.063] delay 2.923 ms
INFO: at 1548.003 ms fetching 5.063 ms
INFO: at 1551.530 ms batch [5.415] delay 2.923 ms
INFO: at 1551.530 ms fetching 5.415 ms
INFO: at 1555.057 ms batch [8.247] delay 2.923 ms
INFO: at 1555.057 ms fetching 8.247 ms
INFO: at 1558.615 ms batch [5.625] delay 2.923 ms
INFO: at 1558.615 ms fetching 5.625 ms
INFO: at 1562.477 ms batch [8.238] delay 2.923 ms
INFO: at 1562.477 ms fetching 8.238 ms
INFO: at 1566.013 ms batch [8.828] delay 2.923 ms
INFO: at 1566.013 ms fetching 8.828 ms
INFO: at 1569.463 ms batch [10.189] delay 2.923 ms
INFO: at 1569.463 ms fetching 10.189 ms
INFO: at 1572.966 ms batch [9.811] delay 3.216 ms
INFO: at 1572.966 ms fetching 9.811 ms
INFO: at 1576.444 ms batch [5.020] delay 3.216 ms
INFO: at 1576.444 ms fetching 5.020 ms
INFO: at 1579.872 ms batch [5.806] delay 3.216 ms
INFO: at 1579.872 ms fetching 5.806 ms
INFO: at 1583.579 ms batch [5.294] delay 3.216 ms
INFO: at 1583.579 ms fetching 5.294 ms
INFO: at 1586.998 ms batch [4.841] delay 3.216 ms
INFO: at 1586.998 ms fetching 4.841 ms
INFO: at 1590.400 ms batch [4.987] delay 3.216 ms
INFO: at 1590.400 ms fetching 4.987 ms
INFO: at 1594.686 ms batch [5.423] delay 3.216 ms
INFO: at 1594.686 ms fetching 5.423 ms
INFO: at 1598.485 ms batch [4.965] delay 3.216 ms
INFO: at 1598.485 ms fetching 4.965 ms
INFO: at 1601.886 ms batch [7.967] delay 3.216 ms
INFO: at 1601.886 ms fetching 7.967 ms
INFO: at 1605.378 ms batch [6.249] delay 3.216 ms
INFO: at 1605.378 ms fetching 6.249 ms
INFO: at 1609.139 ms batch [5.001] delay 4.020 ms
INFO: at 1609.139 ms fetching 5.001 ms
INFO: at 1614.142 ms batch [7.808] delay 4.020 ms
INFO: at 1614.142 ms fetching 7.808 ms
INFO: at 1618.501 ms batch [5.559] delay 4.020 ms
INFO: at 1618.501 ms fetching 5.559 ms
INFO: at 1623.369 ms batch [5.289] delay 4.020 ms
INFO: at 1623.369 ms fetching 5.289 ms
INFO: at 1628.240 ms batch [4.942] delay 4.020 ms
INFO: at 1628.240 ms fetching 4.942 ms
INFO: at 1633.208 ms batch [6.103] delay 4.020 ms
INFO: at 1633.208 ms fetching 6.103 ms
INFO: at 1637.907 ms batch [5.408] delay 4.020 ms
INFO: at 1637.907 ms fetching 5.408 ms
INFO: at 1643.156 ms batch [4.967] delay 4.020 ms
INFO: at 1643.156 ms fetching 4.967 ms
INFO: at 1647.826 ms batch [4.908] delay 2.144 ms
INFO: at 1647.826 ms fetching 4.908 ms
INFO: at 1650.736 ms batch [6.690] delay 2.144 ms
INFO: at 1650.736 ms fetching 6.690 ms
INFO: at 1653.122 ms batch [11.782] delay 2.144 ms
INFO: at 1653.122 ms fetching 11.782 ms
INFO: at 1655.562 ms batch [4.253] delay 2.144 ms
INFO: at 1655.562 ms fetching 4.253 ms
INFO: at 1657.765 ms batch [5.814] delay 2.144 ms
INFO: at 1657.765 ms fetching 5.814 ms
INFO: at 1660.358 ms batch [8.356] delay 2.144 ms
INFO: at 1660.358 ms fetching 8.356 ms
INFO: at 1663.000 ms batch [6.986] delay 2.144 ms
INFO: at 1663.000 ms fetching 6.986 ms
INFO: at 1665.489 ms batch [5.449] delay 2.144 ms
INFO: at 1665.489 ms fetching 5.449 ms
INFO: at 1667.935 ms batch [5.635] delay 2.144 ms
INFO: at 1667.935 ms fetching 5.635 ms
INFO: at 1670.383 ms batch [9.701] delay 2.144 ms
INFO: at 1670.383 ms fetching 9.701 ms
INFO: at 1672.777 ms batch [12.357] delay 2.144 ms
INFO: at 1672.777 ms fetching 12.357 ms
INFO: at 1675.178 ms batch [5.352] delay 2.144 ms
INFO: at 1675.178 ms fetching 5.352 ms
INFO: at 1677.615 ms batch [4.029] delay 2.144 ms
INFO: at 1677.615 ms fetching 4.029 ms
INFO: at 1680.009 ms batch [9.525] delay 2.144 ms
INFO: at 1680.009 ms fetching 9.525 ms
INFO: at 1682.901 ms batch [10.429] delay 2.144 ms
INFO: at 1682.901 ms fetching 10.429 ms
INFO: at 1685.337 ms batch [4.762] delay 2.923 ms
INFO: at 1685.337 ms fetching 4.762 ms
INFO: at 1688.672 ms batch [4.787] delay 2.923 ms
INFO: at 1688.672 ms fetching 4.787 ms
INFO: at 1692.043 ms batch [5.068] delay 2.923 ms
INFO: at 1692.043 ms fetching 5.068 ms
INFO: at 1695.434 ms batch [4.821] delay 2.923 ms
INFO: at 1695.434 ms fetching 4.821 ms
INFO: at 1698.825 ms batch [7.755] delay 2.923 ms
INFO: at 1698.825 ms fetching 7.755 ms
INFO: at 1702.759 ms batch [4.206] delay 2.923 ms
INFO: at 1702.759 ms fetching 4.206 ms
INFO: at 1706.310 ms batch [6.048] delay 2.923 ms
INFO: at 1706.310 ms fetching 6.048 ms
INFO: at 1709.905 ms batch [8.366] delay 2.923 ms
INFO: at 1709.905 ms fetching 8.366 ms
INFO: at 1713.299 ms batch [5.901] delay 2.923 ms
INFO: at 1713.299 ms fetching 5.901 ms
INFO: at 1716.703 ms batch [10.242] delay 2.923 ms
INFO: at 1716.703 ms fetching 10.242 ms
INFO: at 1720.587 ms batch [7.323] delay 2.923 ms
INFO: at 1720.587 ms fetching 7.323 ms
INFO: at 1724.089 ms batch [5.146] delay 2.923 ms
INFO: at 1724.089 ms fetching 5.146 ms
INFO: at 1727.432 ms batch [4.815] delay 2.923 ms
INFO: at 1727.432 ms fetching 4.815 ms
INFO: at 1730.770 ms batch [8.649] delay 2.923 ms
INFO: at 1730.770 ms fetching 8.649 ms
INFO: at 1734.422 ms batch [7.439] delay 2.923 ms
INFO: at 1734.422 ms fetching 7.439 ms
INFO: at 1737.964 ms batch [5.376] delay 2.923 ms
INFO: at 1737.964 ms fetching 5.376 ms
INFO: at 1741.104 ms batch [5.577] delay 2.923 ms
INFO: at 1741.104 ms fetching 5.577 ms
INFO: at 1744.943 ms batch [4.860] delay 2.923 ms
INFO: at 1744.943 ms fetching 4.860 ms
INFO: at 1748.363 ms batch [5.364] delay 2.923 ms
INFO: at 1748.363 ms fetching 5.364 ms
INFO: at 1751.773 ms batch [5.720] delay 2.923 ms
INFO: at 1751.773 ms fetching 5.720 ms
INFO: at 1754.824 ms batch [12.877] delay 2.923 ms
INFO: at 1754.824 ms fetching 12.877 ms
INFO: at 1758.346 ms batch [4.806] delay 2.923 ms
INFO: at 1758.346 ms fetching 4.806 ms
INFO: at 1761.855 ms batch [5.769] delay 3.573 ms
INFO: at 1761.855 ms fetching 5.769 ms
INFO: at 1766.201 ms batch [4.958] delay 3.573 ms
INFO: at 1766.201 ms fetching 4.958 ms
INFO: at 1770.666 ms batch [9.454] delay 3.573 ms
INFO: at 1770.666 ms fetching 9.454 ms
INFO: at 1775.170 ms batch [3.587] delay 3.573 ms
INFO: at 1775.170 ms fetching 3.587 ms
INFO: at 1779.715 ms batch [5.032] delay 3.573 ms
INFO: at 1779.715 ms fetching 5.032 ms
INFO: at 1784.358 ms batch [7.045] delay 3.573 ms
INFO: at 1784.358 ms fetching 7.045 ms
INFO: at 1788.933 ms batch [4.092] delay 3.573 ms
INFO: at 1788.933 ms fetching 4.092 ms
INFO: at 1792.794 ms batch [7.936] delay 3.573 ms
INFO: at 1792.794 ms fetching 7.936 ms
INFO: at 1797.340 ms batch [7.252] delay 3.573 ms
INFO: at 1797.340 ms fetching 7.252 ms
INFO: at 1801.101 ms batch [5.861] delay 3.573 ms
INFO: at 1801.101 ms fetching 5.861 ms
INFO: at 1805.658 ms batch [4.585] delay 3.573 ms
INFO: at 1805.658 ms fetching 4.585 ms
INFO: at 1810.246 ms batch [9.785] delay 3.573 ms
INFO: at 1810.246 ms fetching 9.785 ms
INFO: at 1814.149 ms batch [7.837] delay 3.573 ms
INFO: at 1814.149 ms fetching 7.837 ms
INFO: at 1818.786 ms batch [6.113] delay 3.573 ms
INFO: at 1818.786 ms fetching 6.113 ms
INFO: at 1823.069 ms batch [5.196] delay 3.573 ms
INFO: at 1823.069 ms fetching 5.196 ms
INFO: at 1827.466 ms batch [7.629] delay 3.573 ms
INFO: at 1827.466 ms fetching 7.629 ms
INFO: at 1831.993 ms batch [4.493] delay 3.573 ms
INFO: at 1831.993 ms fetching 4.493 ms
INFO: at 1836.025 ms batch [10.650] delay 3.573 ms
INFO: at 1836.025 ms fetching 10.650 ms
INFO: at 1840.446 ms batch [7.512] delay 2.680 ms
INFO: at 1840.446 ms fetching 7.512 ms
INFO: at 1844.054 ms batch [5.282] delay 2.680 ms
INFO: at 1844.054 ms fetching 5.282 ms
INFO: at 1847.544 ms batch [4.178] delay 2.680 ms
INFO: at 1847.544 ms fetching 4.178 ms
INFO: at 1851.024 ms batch [11.566] delay 2.680 ms
INFO: at 1851.024 ms fetching 11.566 ms
INFO: at 1854.546 ms batch [4.160] delay 2.680 ms
INFO: at 1854.546 ms fetching 4.160 ms
INFO: at 1858.106 ms batch [4.953] delay 2.680 ms
INFO: at 1858.106 ms fetching 4.953 ms
INFO: at 1861.502 ms batch [5.810] delay 2.680 ms
INFO: at 1861.502 ms fetching 5.810 ms
INFO: at 1864.885 ms batch [4.422] delay 2.680 ms
INFO: at 1864.885 ms fetching 4.422 ms
INFO: at 1868.291 ms batch [5.740] delay 2.680 ms
INFO: at 1868.291 ms fetching 5.740 ms
INFO: at 1871.749 ms batch [7.022] delay 2.680 ms
INFO: at 1871.749 ms fetching 7.022 ms
INFO: at 1875.104 ms batch [3.846] delay 2.680 ms
INFO: at 1875.104 ms fetching 3.846 ms
INFO: at 1878.771 ms batch [4.465] delay 2.680 ms
INFO: at 1878.771 ms fetching 4.465 ms
INFO: at 1882.181 ms batch [8.489] delay 3.573 ms
INFO: at 1882.181 ms fetching 8.489 ms
INFO: at 1886.031 ms batch [7.167] delay 3.573 ms
INFO: at 1886.031 ms fetching 7.167 ms
INFO: at 1890.556 ms batch [4.193] delay 3.573 ms
INFO: at 1890.556 ms fetching 4.193 ms
INFO: at 1895.189 ms batch [5.166] delay 3.573 ms
INFO: at 1895.189 ms fetching 5.166 ms
INFO: at 1899.838 ms batch [5.204] delay 3.573 ms
INFO: at 1899.838 ms fetching 5.204 ms
INFO: at 1904.399 ms batch [11.309] delay 3.573 ms
INFO: at 1904.399 ms fetching 11.309 ms
INFO: at 1908.451 ms batch [5.485] delay 3.573 ms
INFO: at 1908.451 ms fetching 5.485 ms
INFO: at 1912.857 ms batch [4.897] delay 3.573 ms
INFO: at 1912.857 ms fetching 4.897 ms
INFO: at 1917.355 ms batch [5.609] delay 3.573 ms
INFO: at 1917.355 ms fetching 5.609 ms
INFO: at 1921.725 ms batch [4.858] delay 3.216 ms
INFO: at 1921.725 ms fetching 4.858 ms
INFO: at 1925.064 ms batch [6.321] delay 3.216 ms
INFO: at 1925.064 ms fetching 6.321 ms
INFO: at 1928.431 ms batch [4.302] delay 3.216 ms
INFO: at 1928.431 ms fetching 4.302 ms
INFO: at 1932.688 ms batch [4.361] delay 3.216 ms
INFO: at 1932.688 ms fetching 4.361 ms
INFO: at 1935.957 ms batch [5.184] delay 3.216 ms
INFO: at 1935.957 ms fetching 5.184 ms
INFO: at 1939.316 ms batch [5.667] delay 3.216 ms
INFO: at 1939.316 ms fetching 5.667 ms
INFO: at 1942.707 ms batch [4.471] delay 3.216 ms
INFO: at 1942.707 ms fetching 4.471 ms
INFO: at 1946.649 ms batch [4.721] delay 3.216 ms
INFO: at 1946.649 ms fetching 4.721 ms
INFO: at 1950.058 ms batch [8.416] delay 3.216 ms
INFO: at 1950.058 ms fetching 8.416 ms
INFO: at 1953.686 ms batch [7.407] delay 3.216 ms
INFO: at 1953.686 ms fetching 7.407 ms
INFO: at 1957.346 ms batch [8.722] delay 2.474 ms
INFO: at 1957.346 ms fetching 8.722 ms
INFO: at 1960.300 ms batch [12.052] delay 2.474 ms
INFO: at 1960.300 ms fetching 12.052 ms
INFO: at 1963.008 ms batch [5.162] delay 2.474 ms
INFO: at 1963.008 ms fetching 5.162 ms
INFO: at 1966.496 ms batch [6.006] delay 2.474 ms
INFO: at 1966.496 ms fetching 6.006 ms
INFO: at 1969.979 ms batch [4.714] delay 2.474 ms
INFO: at 1969.979 ms fetching 4.714 ms
INFO: at 1973.377 ms batch [11.095] delay 2.474 ms
INFO: at 1973.377 ms fetching 11.095 ms
INFO: at 1976.744 ms batch [6.938] delay 2.474 ms
INFO: at 1976.744 ms fetching 6.938 ms
INFO: at 1980.098 ms batch [5.441] delay 2.474 ms
INFO: at 1980.098 ms fetching 5.441 ms
INFO: at 1983.554 ms batch [4.525] delay 2.474 ms
INFO: at 1983.554 ms fetching 4.525 ms
INFO: at 1987.026 ms batch [4.505] delay 2.474 ms
INFO: at 1987.026 ms fetching 4.505 ms
INFO: at 1990.466 ms batch [8.170] delay 2.474 ms
INFO: at 1990.466 ms fetching 8.170 ms
INFO: at 1993.787 ms batch [11.518] delay 2.474 ms
INFO: at 1993.787 ms fetching 11.518 ms
INFO: at 1997.211 ms batch [5.455] delay 2.474 ms
INFO: at 1997.211 ms fetching 5.455 ms
INFO: at 1999.869 ms batch [8.309] delay 4.020 ms
INFO: at 1999.869 ms fetching 8.309 ms
INFO: at 2004.869 ms batch [9.357] delay 4.020 ms
INFO: at 2004.869 ms fetching 9.357 ms
INFO: at 2009.379 ms batch [5.076] delay 4.020 ms
INFO: at 2009.379 ms fetching 5.076 ms
INFO: at 2013.800 ms batch [10.298] delay 4.020 ms
INFO: at 2013.800 ms fetching 10.298 ms
INFO: at 2018.531 ms batch [5.954] delay 4.020 ms
INFO: at 2018.531 ms fetching 5.954 ms
INFO: at 2023.228 ms batch [11.734] delay 4.020 ms
INFO: at 2023.228 ms fetching 11.734 ms
INFO: at 2027.762 ms batch [4.636] delay 4.020 ms
INFO: at 2027.762 ms fetching 4.636 ms
INFO: at 2032.552 ms batch [2.876] delay 4.020 ms
INFO: at 2032.552 ms fetching 2.876 ms
INFO: at 2036.812 ms batch [9.142] delay 3.216 ms
INFO: at 2036.812 ms fetching 9.142 ms
INFO: at 2040.400 ms batch [5.302] delay 3.216 ms
INFO: at 2040.400 ms fetching 5.302 ms
INFO: at 2043.961 ms batch [8.268] delay 3.216 ms
INFO: at 2043.961 ms fetching 8.268 ms
INFO: at 2047.411 ms batch [7.482] delay 3.216 ms
INFO: at 2047.411 ms fetching 7.482 ms
INFO: at 2051.061 ms batch [4.380] delay 3.216 ms
INFO: at 2051.061 ms fetching 4.380 ms
INFO: at 2054.461 ms batch [7.086] delay 3.216 ms
INFO: at 2054.461 ms fetching 7.086 ms
INFO: at 2057.876 ms batch [8.199] delay 3.216 ms
INFO: at 2057.876 ms fetching 8.199 ms
INFO: at 2061.731 ms batch [9.430] delay 3.216 ms
INFO: at 2061.731 ms fetching 9.430 ms
INFO: at 2065.211 ms batch [8.753] delay 3.216 ms
INFO: at 2065.211 ms fetching 8.753 ms
INFO: at 2068.799 ms batch [4.895] delay 3.216 ms
INFO: at 2068.799 ms fetching 4.895 ms
INFO: at 2072.986 ms batch [4.844] delay 4.594 ms
INFO: at 2072.986 ms fetching 4.844 ms
INFO: at 2078.648 ms batch [4.354] delay 4.594 ms
INFO: at 2078.648 ms fetching 4.354 ms
INFO: at 2083.905 ms batch [7.493] delay 4.594 ms
INFO: at 2083.905 ms fetching 7.493 ms
INFO: at 2088.547 ms batch [5.074] delay 4.594 ms
INFO: at 2088.547 ms fetching 5.074 ms
INFO: at 2093.226 ms batch [5.686] delay 4.594 ms
INFO: at 2093.226 ms fetching 5.686 ms
INFO: at 2098.687 ms batch [8.070] delay 4.594 ms
INFO: at 2098.687 ms fetching 8.070 ms
INFO: at 2103.878 ms batch [8.989] delay 4.594 ms
INFO: at 2103.878 ms fetching 8.989 ms
INFO: at 2108.955 ms batch [10.588] delay 3.216 ms
INFO: at 2108.955 ms fetching 10.588 ms
INFO: at 2112.458 ms batch [5.941] delay 3.216 ms
INFO: at 2112.458 ms fetching 5.941 ms
INFO: at 2116.006 ms batch [6.268] delay 3.216 ms
INFO: at 2116.006 ms fetching 6.268 ms
INFO: at 2119.954 ms batch [5.438] delay 3.216 ms
INFO: at 2119.954 ms fetching 5.438 ms
INFO: at 2123.361 ms batch [5.411] delay 3.216 ms
INFO: at 2123.361 ms fetching 5.411 ms
INFO: at 2126.692 ms batch [6.997] delay 3.216 ms
INFO: at 2126.692 ms fetching 6.997 ms
INFO: at 2130.125 ms batch [4.984] delay 3.216 ms
INFO: at 2130.125 ms fetching 4.984 ms
INFO: at 2133.837 ms batch [5.565] delay 3.216 ms
INFO: at 2133.837 ms fetching 5.565 ms
INFO: at 2137.281 ms batch [5.760] delay 3.216 ms
INFO: at 2137.281 ms fetching 5.760 ms
INFO: at 2141.392 ms batch [4.575] delay 3.216 ms
INFO: at 2141.392 ms fetching 4.575 ms
INFO: at 2144.776 ms batch [5.618] delay 4.020 ms
INFO: at 2144.776 ms fetching 5.618 ms
INFO: at 2149.620 ms batch [5.258] delay 4.020 ms
INFO: at 2149.620 ms fetching 5.258 ms
INFO: at 2154.278 ms batch [4.734] delay 4.020 ms
INFO: at 2154.278 ms fetching 4.734 ms
INFO: at 2158.616 ms batch [4.925] delay 4.020 ms
INFO: at 2158.616 ms fetching 4.925 ms
INFO: at 2163.288 ms batch [4.847] delay 4.020 ms
INFO: at 2163.288 ms fetching 4.847 ms
INFO: at 2167.699 ms batch [6.627] delay 4.020 ms
INFO: at 2167.699 ms fetching 6.627 ms
INFO: at 2172.361 ms batch [5.698] delay 4.020 ms
INFO: at 2172.361 ms fetching 5.698 ms
INFO: at 2177.403 ms batch [7.997] delay 4.020 ms
INFO: at 2177.403 ms fetching 7.997 ms
INFO: at 2182.547 ms batch [5.418] delay 2.923 ms
INFO: at 2182.547 ms fetching 5.418 ms
INFO: at 2186.393 ms batch [4.700] delay 2.923 ms
INFO: at 2186.393 ms fetching 4.700 ms
INFO: at 2189.887 ms batch [5.102] delay 2.923 ms
INFO: at 2189.887 ms fetching 5.102 ms
INFO: at 2193.410 ms batch [8.999] delay 2.923 ms
INFO: at 2193.410 ms fetching 8.999 ms
INFO: at 2197.004 ms batch [9.943] delay 2.923 ms
INFO: at 2197.004 ms fetching 9.943 ms
INFO: at 2200.367 ms batch [5.206] delay 2.923 ms
INFO: at 2200.367 ms fetching 5.206 ms
INFO: at 2204.164 ms batch [10.702] delay 2.923 ms
INFO: at 2204.164 ms fetching 10.702 ms
INFO: at 2207.544 ms batch [9.110] delay 2.923 ms
INFO: at 2207.544 ms fetching 9.110 ms
INFO: at 2210.891 ms batch [5.104] delay 2.923 ms
INFO: at 2210.891 ms fetching 5.104 ms
INFO: at 2214.280 ms batch [5.179] delay 2.923 ms
INFO: at 2214.280 ms fetching 5.179 ms
INFO: at 2218.252 ms batch [9.653] delay 2.923 ms
INFO: at 2218.252 ms fetching 9.653 ms
INFO: at 2221.789 ms batch [5.299] delay 3.216 ms
INFO: at 2221.789 ms fetching 5.299 ms
INFO: at 2225.251 ms batch [4.768] delay 3.216 ms
INFO: at 2225.251 ms fetching 4.768 ms
INFO: at 2228.773 ms batch [10.877] delay 3.216 ms
INFO: at 2228.773 ms fetching 10.877 ms
INFO: at 2232.303 ms batch [9.245] delay 3.216 ms
INFO: at 2232.303 ms fetching 9.245 ms
INFO: at 2235.636 ms batch [10.723] delay 3.216 ms
INFO: at 2235.636 ms fetching 10.723 ms
INFO: at 2239.004 ms batch [5.866] delay 3.216 ms
INFO: at 2239.004 ms fetching 5.866 ms
INFO: at 2242.361 ms batch [10.835] delay 3.216 ms
INFO: at 2242.361 ms fetching 10.835 ms
INFO: at 2245.797 ms batch [5.199] delay 3.216 ms
INFO: at 2245.797 ms fetching 5.199 ms
INFO: at 2249.482 ms batch [5.045] delay 3.216 ms
INFO: at 2249.482 ms fetching 5.045 ms
INFO: at 2252.826 ms batch [5.379] delay 3.216 ms
INFO: at 2252.826 ms fetching 5.379 ms
INFO: at 2256.150 ms batch [5.436] delay 3.573 ms
INFO: at 2256.150 ms fetching 5.436 ms
INFO: at 2259.861 ms batch [7.683] delay 3.573 ms
INFO: at 2259.861 ms fetching 7.683 ms
INFO: at 2263.629 ms batch [5.482] delay 3.573 ms
INFO: at 2263.629 ms fetching 5.482 ms
INFO: at 2267.310 ms batch [5.023] delay 3.573 ms
INFO: at 2267.310 ms fetching 5.023 ms
INFO: at 2271.719 ms batch [10.383] delay 3.573 ms
INFO: at 2271.719 ms fetching 10.383 ms
INFO: at 2276.229 ms batch [8.680] delay 3.573 ms
INFO: at 2276.229 ms fetching 8.680 ms
INFO: at 2280.746 ms batch [8.259] delay 3.573 ms
INFO: at 2280.746 ms fetching 8.259 ms
INFO: at 2285.185 ms batch [8.849] delay 3.573 ms
INFO: at 2285.185 ms fetching 8.849 ms
INFO: at 2289.616 ms batch [6.391] delay 3.573 ms
INFO: at 2289.616 ms fetching 6.391 ms
INFO: at 2294.338 ms batch [6.218] delay 3.216 ms
INFO: at 2294.338 ms fetching 6.218 ms
INFO: at 2297.841 ms batch [5.095] delay 3.216 ms
INFO: at 2297.841 ms fetching 5.095 ms
INFO: at 2301.637 ms batch [10.546] delay 3.216 ms
INFO: at 2301.637 ms fetching 10.546 ms
INFO: at 2305.080 ms batch [11.068] delay 3.216 ms
INFO: at 2305.080 ms fetching 11.068 ms
INFO: at 2309.155 ms batch [6.072] delay 3.216 ms
INFO: at 2309.155 ms fetching 6.072 ms
INFO: at 2312.683 ms batch [9.477] delay 3.216 ms
INFO: at 2312.683 ms fetching 9.477 ms
INFO: at 2316.774 ms batch [4.320] delay 3.216 ms
INFO: at 2316.774 ms fetching 4.320 ms
INFO: at 2320.228 ms batch [6.189] delay 3.216 ms
INFO: at 2320.228 ms fetching 6.189 ms
INFO: at 2323.681 ms batch [11.686] delay 3.216 ms
INFO: at 2323.681 ms fetching 11.686 ms
INFO: at 2327.090 ms batch [4.711] delay 3.216 ms
INFO: at 2327.090 ms fetching 4.711 ms
INFO: at 2330.558 ms batch [5.663] delay 3.216 ms
INFO: at 2330.558 ms fetching 5.663 ms
INFO: at 2334.006 ms batch [11.151] delay 3.216 ms
INFO: at 2334.006 ms fetching 11.151 ms
INFO: at 2337.336 ms batch [5.360] delay 3.216 ms
INFO: at 2337.336 ms fetching 5.360 ms
INFO: at 2340.711 ms batch [4.802] delay 3.216 ms
INFO: at 2340.711 ms fetching 4.802 ms
INFO: at 2344.163 ms batch [5.493] delay 3.216 ms
INFO: at 2344.163 ms fetching 5.493 ms
INFO: at 2348.175 ms batch [9.088] delay 3.216 ms
INFO: at 2348.175 ms fetching 9.088 ms
INFO: at 2351.654 ms batch [5.350] delay 3.216 ms
INFO: at 2351.654 ms fetching 5.350 ms
INFO: at 2355.100 ms batch [11.887] delay 3.216 ms
INFO: at 2355.100 ms fetching 11.887 ms
INFO: at 2358.550 ms batch [5.671] delay 3.216 ms
INFO: at 2358.550 ms fetching 5.671 ms
INFO: at 2362.018 ms batch [8.942] delay 3.216 ms
INFO: at 2362.018 ms fetching 8.942 ms
INFO: at 2365.500 ms batch [9.824] delay 4.020 ms
INFO: at 2365.500 ms fetching 9.824 ms
INFO: at 2370.094 ms batch [8.542] delay 4.020 ms
INFO: at 2370.094 ms fetching 8.542 ms
INFO: at 2374.651 ms batch [4.589] delay 4.020 ms
INFO: at 2374.651 ms fetching 4.589 ms
INFO: at 2379.146 ms batch [5.186] delay 4.020 ms
INFO: at 2379.146 ms fetching 5.186 ms
INFO: at 2383.601 ms batch [8.179] delay 4.020 ms
INFO: at 2383.601 ms fetching 8.179 ms
INFO: at 2388.681 ms batch [8.397] delay 4.020 ms
INFO: at 2388.681 ms fetching 8.397 ms
INFO: at 2393.096 ms batch [4.945] delay 4.020 ms
INFO: at 2393.096 ms fetching 4.945 ms
INFO: at 2397.570 ms batch [8.449] delay 4.020 ms
INFO: at 2397.570 ms fetching 8.449 ms
INFO: at 2402.000 ms batch [6.973] delay 3.573 ms
INFO: at 2402.000 ms fetching 6.973 ms
INFO: at 2406.257 ms batch [4.980] delay 3.573 ms
INFO: at 2406.257 ms fetching 4.980 ms
INFO: at 2409.983 ms batch [7.876] delay 3.573 ms
INFO: at 2409.983 ms fetching 7.876 ms
INFO: at 2414.485 ms batch [5.400] delay 3.573 ms
INFO: at 2414.485 ms fetching 5.400 ms
INFO: at 2419.057 ms batch [8.287] delay 3.573 ms
INFO: at 2419.057 ms fetching 8.287 ms
INFO: at 2422.840 ms batch [4.598] delay 3.573 ms
INFO: at 2422.840 ms fetching 4.598 ms
INFO: at 2427.410 ms batch [5.713] delay 3.573 ms
INFO: at 2427.410 ms fetching 5.713 ms
INFO: at 2431.562 ms batch [5.236] delay 3.573 ms
INFO: at 2431.562 ms fetching 5.236 ms
INFO: at 2436.025 ms batch [8.480] delay 3.573 ms
INFO: at 2436.025 ms fetching 8.480 ms
INFO: at 2440.117 ms batch [5.907] delay 4.594 ms
INFO: at 2440.117 ms fetching 5.907 ms
INFO: at 2445.719 ms batch [5.544] delay 4.594 ms
INFO: at 2445.719 ms fetching 5.544 ms
INFO: at 2451.200 ms batch [10.072] delay 4.594 ms
INFO: at 2451.200 ms fetching 10.072 ms
INFO: at 2456.509 ms batch [5.072] delay 4.594 ms
INFO: at 2456.509 ms fetching 5.072 ms
INFO: at 2461.287 ms batch [6.563] delay 4.594 ms
INFO: at 2461.287 ms fetching 6.563 ms
INFO: at 2466.827 ms batch [7.926] delay 4.594 ms
INFO: at 2466.827 ms fetching 7.926 ms
INFO: at 2471.605 ms batch [10.926] delay 4.594 ms
INFO: at 2471.605 ms fetching 10.926 ms
INFO: at 2477.096 ms batch [5.355] delay 3.573 ms
INFO: at 2477.096 ms fetching 5.355 ms
INFO: at 2481.382 ms batch [7.745] delay 3.573 ms
INFO: at 2481.382 ms fetching 7.745 ms
INFO: at 2485.826 ms batch [8.511] delay 3.573 ms
INFO: at 2485.826 ms fetching 8.511 ms
INFO: at 2490.256 ms batch [10.207] delay 3.573 ms
INFO: at 2490.256 ms fetching 10.207 ms
INFO: at 2494.857 ms batch [6.512] delay 3.573 ms
INFO: at 2494.857 ms fetching 6.512 ms
INFO: at 2499.300 ms batch [4.562] delay 3.573 ms
INFO: at 2499.300 ms fetching 4.562 ms
INFO: at 2503.593 ms batch [9.973] delay 3.573 ms
INFO: at 2503.593 ms fetching 9.973 ms
INFO: at 2507.437 ms batch [9.501] delay 3.573 ms
INFO: at 2507.437 ms fetching 9.501 ms
INFO: at 2512.048 ms batch [4.510] delay 3.573 ms
INFO: at 2512.048 ms fetching 4.510 ms
INFO: at 2516.661 ms batch [4.703] delay 2.680 ms
INFO: at 2516.661 ms fetching 4.703 ms
INFO: at 2519.483 ms batch [4.758] delay 2.680 ms
INFO: at 2519.483 ms fetching 4.758 ms
INFO: at 2522.989 ms batch [5.705] delay 2.680 ms
INFO: at 2522.989 ms fetching 5.705 ms
INFO: at 2526.473 ms batch [4.284] delay 2.680 ms
INFO: at 2526.473 ms fetching 4.284 ms
INFO: at 2529.518 ms batch [5.694] delay 2.680 ms
INFO: at 2529.518 ms fetching 5.694 ms
INFO: at 2532.406 ms batch [9.488] delay 2.680 ms
INFO: at 2532.406 ms fetching 9.488 ms
INFO: at 2535.816 ms batch [6.095] delay 2.680 ms
INFO: at 2535.816 ms fetching 6.095 ms
INFO: at 2538.832 ms batch [5.433] delay 2.680 ms
INFO: at 2538.832 ms fetching 5.433 ms
INFO: at 2542.483 ms batch [5.088] delay 2.680 ms
INFO: at 2542.483 ms fetching 5.088 ms
INFO: at 2545.943 ms batch [5.138] delay 2.680 ms
INFO: at 2545.943 ms fetching 5.138 ms
INFO: at 2548.709 ms batch [4.544] delay 2.680 ms
INFO: at 2548.709 ms fetching 4.544 ms
INFO: at 2552.214 ms batch [4.535] delay 2.680 ms
INFO: at 2552.214 ms fetching 4.535 ms
INFO: at 2555.510 ms batch [8.080] delay 2.923 ms
INFO: at 2555.510 ms fetching 8.080 ms
INFO: at 2558.933 ms batch [5.716] delay 2.923 ms
INFO: at 2558.933 ms fetching 5.716 ms
INFO: at 2562.402 ms batch [4.796] delay 2.923 ms
INFO: at 2562.402 ms fetching 4.796 ms
INFO: at 2566.027 ms batch [11.985] delay 2.923 ms
INFO: at 2566.027 ms fetching 11.985 ms
INFO: at 2569.394 ms batch [4.679] delay 2.923 ms
INFO: at 2569.394 ms fetching 4.679 ms
INFO: at 2572.796 ms batch [4.852] delay 2.923 ms
INFO: at 2572.796 ms fetching 4.852 ms
INFO: at 2576.502 ms batch [7.598] delay 2.923 ms
INFO: at 2576.502 ms fetching 7.598 ms
INFO: at 2580.005 ms batch [5.010] delay 2.923 ms
INFO: at 2580.005 ms fetching 5.010 ms
INFO: at 2583.518 ms batch [7.111] delay 2.923 ms
INFO: at 2583.518 ms fetching 7.111 ms
INFO: at 2586.916 ms batch [9.564] delay 2.923 ms
INFO: at 2586.916 ms fetching 9.564 ms
INFO: at 2590.308 ms batch [4.829] delay 2.923 ms
INFO: at 2590.308 ms fetching 4.829 ms
INFO: at 2593.761 ms batch [4.580] delay 2.680 ms
INFO: at 2593.761 ms fetching 4.580 ms
INFO: at 2596.800 ms batch [5.268] delay 2.680 ms
INFO: at 2596.800 ms fetching 5.268 ms
INFO: at 2600.040 ms batch [5.003] delay 2.680 ms
INFO: at 2600.040 ms fetching 5.003 ms
INFO: at 2603.702 ms batch [5.381] delay 2.680 ms
INFO: at 2603.702 ms fetching 5.381 ms
INFO: at 2607.251 ms batch [9.988] delay 2.680 ms
INFO: at 2607.251 ms fetching 9.988 ms
INFO: at 2610.154 ms batch [4.477] delay 2.680 ms
INFO: at 2610.154 ms fetching 4.477 ms
INFO: at 2613.537 ms batch [4.144] delay 2.680 ms
INFO: at 2613.537 ms fetching 4.144 ms
INFO: at 2617.009 ms batch [7.202] delay 2.680 ms
INFO: at 2617.009 ms fetching 7.202 ms
INFO: at 2620.480 ms batch [5.752] delay 2.680 ms
INFO: at 2620.480 ms fetching 5.752 ms
INFO: at 2624.040 ms batch [6.613] delay 2.680 ms
INFO: at 2624.040 ms fetching 6.613 ms
INFO: at 2627.506 ms batch [5.265] delay 2.680 ms
INFO: at 2627.506 ms fetching 5.265 ms
INFO: at 2631.031 ms batch [9.883] delay 2.680 ms
INFO: at 2631.031 ms fetching 9.883 ms
INFO: at 2634.509 ms batch [8.978] delay 2.680 ms
INFO: at 2634.509 ms fetching 8.978 ms
INFO: at 2637.602 ms batch [6.852] delay 2.680 ms
INFO: at 2637.602 ms fetching 6.852 ms
INFO: at 2641.274 ms batch [4.826] delay 2.680 ms
INFO: at 2641.274 ms fetching 4.826 ms
INFO: at 2644.250 ms batch [6.499] delay 2.680 ms
INFO: at 2644.250 ms fetching 6.499 ms
INFO: at 2647.615 ms batch [12.266] delay 2.680 ms
INFO: at 2647.615 ms fetching 12.266 ms
INFO: at 2650.981 ms batch [4.888] delay 2.680 ms
INFO: at 2650.981 ms fetching 4.888 ms
INFO: at 2654.443 ms batch [5.978] delay 2.680 ms
INFO: at 2654.443 ms fetching 5.978 ms
INFO: at 2658.077 ms batch [5.152] delay 2.680 ms
INFO: at 2658.077 ms fetching 5.152 ms
INFO: at 2661.501 ms batch [7.607] delay 2.680 ms
INFO: at 2661.501 ms fetching 7.607 ms
INFO: at 2664.863 ms batch [8.902] delay 2.680 ms
INFO: at 2664.863 ms fetching 8.902 ms
INFO: at 2668.227 ms batch [10.450] delay 2.680 ms
INFO: at 2668.227 ms fetching 10.450 ms
INFO: at 2671.393 ms batch [10.058] delay 2.680 ms
INFO: at 2671.393 ms fetching 10.058 ms
INFO: at 2675.121 ms batch [10.412] delay 2.144 ms
INFO: at 2675.121 ms fetching 10.412 ms
INFO: at 2677.501 ms batch [4.835] delay 2.144 ms
INFO: at 2677.501 ms fetching 4.835 ms
INFO: at 2679.889 ms batch [5.159] delay 2.144 ms
INFO: at 2679.889 ms fetching 5.159 ms
INFO: at 2682.245 ms batch [10.315] delay 2.144 ms
INFO: at 2682.245 ms fetching 10.315 ms
INFO: at 2684.514 ms batch [6.368] delay 2.144 ms
INFO: at 2684.514 ms fetching 6.368 ms
INFO: at 2686.894 ms batch [8.690] delay 2.144 ms
INFO: at 2686.894 ms fetching 8.690 ms
INFO: at 2689.244 ms batch [6.887] delay 2.144 ms
INFO: at 2689.244 ms fetching 6.887 ms
INFO: at 2691.596 ms batch [9.687] delay 2.144 ms
INFO: at 2691.596 ms fetching 9.687 ms
INFO: at 2693.954 ms batch [4.671] delay 2.144 ms
INFO: at 2693.954 ms fetching 4.671 ms
INFO: at 2696.361 ms batch [8.892] delay 2.144 ms
INFO: at 2696.361 ms fetching 8.892 ms
INFO: at 2698.782 ms batch [5.291] delay 2.144 ms
INFO: at 2698.782 ms fetching 5.291 ms
INFO: at 2702.007 ms batch [5.877] delay 2.144 ms
INFO: at 2702.007 ms fetching 5.877 ms
INFO: at 2704.479 ms batch [11.184] delay 2.144 ms
INFO: at 2704.479 ms fetching 11.184 ms
INFO: at 2706.946 ms batch [5.391] delay 2.144 ms
INFO: at 2706.946 ms fetching 5.391 ms
INFO: at 2709.440 ms batch [5.280] delay 2.144 ms
INFO: at 2709.440 ms fetching 5.280 ms
INFO: at 2711.881 ms batch [5.605] delay 4.020 ms
INFO: at 2711.881 ms fetching 5.605 ms
INFO: at 2716.328 ms batch [8.407] delay 4.020 ms
INFO: at 2716.328 ms fetching 8.407 ms
INFO: at 2720.778 ms batch [15.809] delay 4.020 ms
INFO: at 2720.778 ms fetching 15.809 ms
INFO: at 2725.192 ms batch [11.651] delay 4.020 ms
INFO: at 2725.192 ms fetching 11.651 ms
INFO: at 2729.709 ms batch [8.792] delay 4.020 ms
INFO: at 2729.709 ms fetching 8.792 ms
INFO: at 2734.207 ms batch [5.005] delay 4.020 ms
INFO: at 2734.207 ms fetching 5.005 ms
INFO: at 2739.005 ms batch [9.677] delay 4.020 ms
INFO: at 2739.005 ms fetching 9.677 ms
INFO: at 2743.833 ms batch [5.460] delay 4.020 ms
INFO: at 2743.833 ms fetching 5.460 ms
INFO: at 2748.151 ms batch [4.230] delay 3.216 ms
INFO: at 2748.151 ms fetching 4.230 ms
INFO: at 2752.131 ms batch [4.724] delay 3.216 ms
INFO: at 2752.131 ms fetching 4.724 ms
INFO: at 2755.920 ms batch [9.212] delay 3.216 ms
INFO: at 2755.920 ms fetching 9.212 ms
INFO: at 2760.036 ms batch [4.937] delay 3.216 ms
INFO: at 2760.036 ms fetching 4.937 ms
INFO: at 2763.450 ms batch [8.712] delay 3.216 ms
INFO: at 2763.450 ms fetching 8.712 ms
INFO: at 2766.958 ms batch [4.960] delay 3.216 ms
INFO: at 2766.958 ms fetching 4.960 ms
INFO: at 2770.687 ms batch [4.659] delay 3.216 ms
INFO: at 2770.687 ms fetching 4.659 ms
INFO: at 2774.154 ms batch [7.906] delay 3.216 ms
INFO: at 2774.154 ms fetching 7.906 ms
INFO: at 2777.583 ms batch [4.970] delay 3.216 ms
INFO: at 2777.583 ms fetching 4.970 ms
INFO: at 2781.434 ms batch [6.403] delay 3.216 ms
INFO: at 2781.434 ms fetching 6.403 ms
INFO: at 2785.055 ms batch [6.170] delay 3.573 ms
INFO: at 2785.055 ms fetching 6.170 ms
INFO: at 2788.899 ms batch [7.735] delay 3.573 ms
INFO: at 2788.899 ms fetching 7.735 ms
INFO: at 2793.496 ms batch [4.312] delay 3.573 ms
INFO: at 2793.496 ms fetching 4.312 ms
INFO: at 2797.361 ms batch [4.950] delay 3.573 ms
INFO: at 2797.361 ms fetching 4.950 ms
INFO: at 2801.895 ms batch [10.743] delay 3.573 ms
INFO: at 2801.895 ms fetching 10.743 ms
INFO: at 2805.911 ms batch [4.812] delay 3.573 ms
INFO: at 2805.911 ms fetching 4.812 ms
INFO: at 2810.716 ms batch [8.347] delay 3.573 ms
INFO: at 2810.716 ms fetching 8.347 ms
INFO: at 2814.713 ms batch [4.339] delay 3.573 ms
INFO: at 2814.713 ms fetching 4.339 ms
INFO: at 2819.284 ms batch [5.348] delay 3.573 ms
INFO: at 2819.284 ms fetching 5.348 ms
INFO: at 2823.887 ms batch [5.119] delay 2.680 ms
INFO: at 2823.887 ms fetching 5.119 ms
INFO: at 2827.567 ms batch [4.606] delay 2.680 ms
INFO: at 2827.567 ms fetching 4.606 ms
INFO: at 2830.796 ms batch [5.682] delay 2.680 ms
INFO: at 2830.796 ms fetching 5.682 ms
INFO: at 2834.197 ms batch [10.103] delay 2.680 ms
INFO: at 2834.197 ms fetching 10.103 ms
INFO: at 2837.777 ms batch [6.877] delay 2.680 ms
INFO: at 2837.777 ms fetching 6.877 ms
INFO: at 2841.355 ms batch [8.956] delay 2.680 ms
INFO: at 2841.355 ms fetching 8.956 ms
INFO: at 2845.055 ms batch [8.376] delay 2.680 ms
INFO: at 2845.055 ms fetching 8.376 ms
INFO: at 2848.289 ms batch [5.276] delay 2.680 ms
INFO: at 2848.289 ms fetching 5.276 ms
INFO: at 2852.090 ms batch [5.828] delay 2.680 ms
INFO: at 2852.090 ms fetching 5.828 ms
INFO: at 2855.607 ms batch [4.731] delay 2.680 ms
INFO: at 2855.607 ms fetching 4.731 ms
INFO: at 2859.028 ms batch [5.168] delay 2.680 ms
INFO: at 2859.028 ms fetching 5.168 ms
INFO: at 2862.597 ms batch [5.856] delay 2.680 ms
INFO: at 2862.597 ms fetching 5.856 ms
INFO: at 2866.157 ms batch [5.317] delay 1.608 ms
INFO: at 2866.157 ms fetching 5.317 ms
INFO: at 2868.402 ms batch [6.035] delay 1.608 ms
INFO: at 2868.402 ms fetching 6.035 ms
INFO: at 2870.149 ms batch [4.685] delay 1.608 ms
INFO: at 2870.149 ms fetching 4.685 ms
INFO: at 2872.570 ms batch [6.665] delay 1.608 ms
INFO: at 2872.570 ms fetching 6.665 ms
INFO: at 2874.965 ms batch [7.227] delay 1.608 ms
INFO: at 2874.965 ms fetching 7.227 ms
INFO: at 2877.305 ms batch [5.847] delay 1.608 ms
INFO: at 2877.305 ms fetching 5.847 ms
INFO: at 2879.230 ms batch [4.855] delay 1.608 ms
INFO: at 2879.230 ms fetching 4.855 ms
INFO: at 2881.600 ms batch [4.008] delay 1.608 ms
INFO: at 2881.600 ms fetching 4.008 ms
INFO: at 2883.976 ms batch [5.248] delay 1.608 ms
INFO: at 2883.976 ms fetching 5.248 ms
INFO: at 2886.415 ms batch [8.049] delay 1.608 ms
INFO: at 2886.415 ms fetching 8.049 ms
INFO: at 2889.092 ms batch [10.004] delay 1.608 ms
INFO: at 2889.092 ms fetching 10.004 ms
INFO: at 2891.534 ms batch [9.627] delay 1.608 ms
INFO: at 2891.534 ms fetching 9.627 ms
INFO: at 2894.036 ms batch [9.930] delay 1.608 ms
INFO: at 2894.036 ms fetching 9.930 ms
INFO: at 2896.535 ms batch [6.239] delay 1.608 ms
INFO: at 2896.535 ms fetching 6.239 ms
INFO: at 2898.998 ms batch [4.682] delay 1.608 ms
INFO: at 2898.998 ms fetching 4.682 ms
INFO: at 2900.843 ms batch [4.751] delay 1.608 ms
INFO: at 2900.843 ms fetching 4.751 ms
INFO: at 2903.256 ms batch [11.376] delay 1.608 ms
INFO: at 2903.256 ms fetching 11.376 ms
INFO: at 2905.730 ms batch [5.035] delay 1.608 ms
INFO: at 2905.730 ms fetching 5.035 ms
INFO: at 2908.354 ms batch [4.594] delay 1.608 ms
INFO: at 2908.354 ms fetching 4.594 ms
INFO: at 2910.965 ms batch [5.233] delay 1.608 ms
INFO: at 2910.965 ms fetching 5.233 ms
INFO: at 2913.351 ms batch [10.348] delay 2.923 ms
INFO: at 2913.351 ms fetching 10.348 ms
INFO: at 2917.310 ms batch [5.123] delay 2.923 ms
INFO: at 2917.310 ms fetching 5.123 ms
INFO: at 2920.690 ms batch [4.741] delay 2.923 ms
INFO: at 2920.690 ms fetching 4.741 ms
INFO: at 2924.077 ms batch [10.506] delay 2.923 ms
INFO: at 2924.077 ms fetching 10.506 ms
INFO: at 2927.520 ms batch [5.690] delay 2.923 ms
INFO: at 2927.520 ms fetching 5.690 ms
INFO: at 2931.003 ms batch [5.270] delay 2.923 ms
INFO: at 2931.003 ms fetching 5.270 ms
INFO: at 2934.255 ms batch [5.333] delay 2.923 ms
INFO: at 2934.255 ms fetching 5.333 ms
INFO: at 2937.664 ms batch [5.526] delay 2.923 ms
INFO: at 2937.664 ms fetching 5.526 ms
INFO: at 2941.093 ms batch [9.613] delay 2.923 ms
INFO: at 2941.093 ms fetching 9.613 ms
INFO: at 2944.572 ms batch [4.973] delay 2.923 ms
INFO: at 2944.572 ms fetching 4.973 ms
INFO: at 2947.769 ms batch [4.868] delay 2.923 ms
INFO: at 2947.769 ms fetching 4.868 ms
INFO: at 2951.287 ms batch [7.797] delay 4.020 ms
INFO: at 2951.287 ms fetching 7.797 ms
INFO: at 2955.773 ms batch [4.554] delay 4.020 ms
INFO: at 2955.773 ms fetching 4.554 ms
INFO: at 2960.272 ms batch [5.452] delay 4.020 ms
INFO: at 2960.272 ms fetching 5.452 ms
INFO: at 2964.888 ms batch [7.451] delay 4.020 ms
INFO: at 2964.888 ms fetching 7.451 ms
INFO: at 2969.102 ms batch [6.288] delay 4.020 ms
INFO: at 2969.102 ms fetching 6.288 ms
INFO: at 2973.955 ms batch [7.826] delay 4.020 ms
INFO: at 2973.955 ms fetching 7.826 ms
INFO: at 2978.220 ms batch [4.440] delay 4.020 ms
INFO: at 2978.220 ms fetching 4.440 ms
INFO: at 2982.774 ms batch [7.886] delay 4.020 ms
INFO: at 2982.774 ms fetching 7.886 ms
INFO: at 2987.876 ms batch [7.384] delay 4.020 ms
INFO: at 2987.876 ms fetching 7.384 ms
INFO: at 2992.833 ms batch [10.259] delay 4.020 ms
INFO: at 2992.833 ms fetching 10.259 ms
INFO: at 2997.296 ms batch [8.226] delay 4.020 ms
INFO: at 2997.296 ms fetching 8.226 ms
INFO: at 3001.985 ms batch [9.030] delay 4.020 ms
INFO: at 3001.985 ms fetching 9.030 ms
INFO: at 3006.513 ms batch [5.130] delay 4.020 ms
INFO: at 3006.513 ms fetching 5.130 ms
INFO: at 3011.072 ms batch [7.122] delay 4.020 ms
INFO: at 3011.072 ms fetching 7.122 ms
INFO: at 3015.284 ms batch [10.491] delay 4.020 ms
INFO: at 3015.284 ms fetching 10.491 ms
INFO: at 3019.672 ms batch [4.992] delay 4.020 ms
INFO: at 3019.672 ms fetching 4.992 ms
INFO: at 3024.287 ms batch [5.535] delay 2.923 ms
INFO: at 3024.287 ms fetching 5.535 ms
INFO: at 3027.801 ms batch [5.960] delay 2.923 ms
INFO: at 3027.801 ms fetching 5.960 ms
INFO: at 3031.264 ms batch [5.744] delay 2.923 ms
INFO: at 3031.264 ms fetching 5.744 ms
INFO: at 3034.804 ms batch [5.287] delay 2.923 ms
INFO: at 3034.804 ms fetching 5.287 ms
INFO: at 3038.129 ms batch [7.098] delay 2.923 ms
INFO: at 3038.129 ms fetching 7.098 ms
INFO: at 3041.652 ms batch [5.660] delay 2.923 ms
INFO: at 3041.652 ms fetching 5.660 ms
INFO: at 3045.443 ms batch [5.253] delay 2.923 ms
INFO: at 3045.443 ms fetching 5.253 ms
INFO: at 3048.835 ms batch [5.501] delay 2.923 ms
INFO: at 3048.835 ms fetching 5.501 ms
INFO: at 3052.053 ms batch [5.632] delay 2.923 ms
INFO: at 3052.053 ms fetching 5.632 ms
INFO: at 3055.450 ms batch [4.667] delay 2.923 ms
INFO: at 3055.450 ms fetching 4.667 ms
INFO: at 3058.782 ms batch [4.910] delay 2.923 ms
INFO: at 3058.782 ms fetching 4.910 ms
INFO: at 3062.350 ms batch [5.504] delay 2.297 ms
INFO: at 3062.350 ms fetching 5.504 ms
INFO: at 3064.751 ms batch [7.010] delay 2.297 ms
INFO: at 3064.751 ms fetching 7.010 ms
INFO: at 3067.195 ms batch [6.730] delay 2.297 ms
INFO: at 3067.195 ms fetching 6.730 ms
INFO: at 3069.756 ms batch [6.961] delay 2.297 ms
INFO: at 3069.756 ms fetching 6.961 ms
INFO: at 3073.133 ms batch [4.745] delay 2.297 ms
INFO: at 3073.133 ms fetching 4.745 ms
INFO: at 3076.214 ms batch [4.838] delay 2.297 ms
INFO: at 3076.214 ms fetching 4.838 ms
INFO: at 3079.607 ms batch [4.447] delay 2.297 ms
INFO: at 3079.607 ms fetching 4.447 ms
INFO: at 3082.948 ms batch [4.915] delay 2.297 ms
INFO: at 3082.948 ms fetching 4.915 ms
INFO: at 3085.397 ms batch [8.870] delay 2.297 ms
INFO: at 3085.397 ms fetching 8.870 ms
INFO: at 3087.821 ms batch [5.140] delay 2.297 ms
INFO: at 3087.821 ms fetching 5.140 ms
INFO: at 3091.207 ms batch [9.641] delay 2.297 ms
INFO: at 3091.207 ms fetching 9.641 ms
INFO: at 3094.418 ms batch [5.966] delay 2.297 ms
INFO: at 3094.418 ms fetching 5.966 ms
INFO: at 3097.772 ms batch [8.912] delay 2.297 ms
INFO: at 3097.772 ms fetching 8.912 ms
INFO: at 3100.183 ms batch [5.182] delay 2.297 ms
INFO: at 3100.183 ms fetching 5.182 ms
INFO: at 3103.535 ms batch [13.033] delay 2.923 ms
INFO: at 3103.535 ms fetching 13.033 ms
INFO: at 3106.814 ms batch [5.463] delay 2.923 ms
INFO: at 3106.814 ms fetching 5.463 ms
INFO: at 3110.321 ms batch [4.995] delay 2.923 ms
INFO: at 3110.321 ms fetching 4.995 ms
INFO: at 3113.751 ms batch [9.601] delay 2.923 ms
INFO: at 3113.751 ms fetching 9.601 ms
INFO: at 3116.777 ms batch [5.532] delay 2.923 ms
INFO: at 3116.777 ms fetching 5.532 ms
INFO: at 3120.230 ms batch [5.887] delay 2.923 ms
INFO: at 3120.230 ms fetching 5.887 ms
INFO: at 3123.636 ms batch [6.333] delay 2.923 ms
INFO: at 3123.636 ms fetching 6.333 ms
INFO: at 3127.004 ms batch [5.083] delay 2.923 ms
INFO: at 3127.004 ms fetching 5.083 ms
INFO: at 3130.504 ms batch [5.052] delay 2.923 ms
INFO: at 3130.504 ms fetching 5.052 ms
INFO: at 3134.320 ms batch [8.553] delay 2.923 ms
INFO: at 3134.320 ms fetching 8.553 ms
INFO: at 3137.696 ms batch [7.333] delay 2.923 ms
INFO: at 3137.696 ms fetching 7.333 ms
INFO: at 3140.869 ms batch [7.396] delay 3.573 ms
INFO: at 3140.869 ms fetching 7.396 ms
INFO: at 3144.605 ms batch [9.300] delay 3.573 ms
INFO: at 3144.605 ms fetching 9.300 ms
INFO: at 3149.001 ms batch [5.488] delay 3.573 ms
INFO: at 3149.001 ms fetching 5.488 ms
INFO: at 3153.500 ms batch [4.693] delay 3.573 ms
INFO: at 3153.500 ms fetching 4.693 ms
INFO: at 3157.939 ms batch [10.563] delay 3.573 ms
INFO: at 3157.939 ms fetching 10.563 ms
INFO: at 3162.464 ms batch [5.394] delay 3.573 ms
INFO: at 3162.464 ms fetching 5.394 ms
INFO: at 3166.313 ms batch [4.998] delay 3.573 ms
INFO: at 3166.313 ms fetching 4.998 ms
INFO: at 3170.676 ms batch [5.215] delay 3.573 ms
INFO: at 3170.676 ms fetching 5.215 ms
INFO: at 3175.247 ms batch [5.842] delay 3.573 ms
INFO: at 3175.247 ms fetching 5.842 ms
INFO: at 3179.092 ms batch [7.177] delay 2.923 ms
INFO: at 3179.092 ms fetching 7.177 ms
INFO: at 3182.459 ms batch [3.751] delay 2.923 ms
INFO: at 3182.459 ms fetching 3.751 ms
INFO: at 3186.215 ms batch [5.515] delay 2.923 ms
INFO: at 3186.215 ms fetching 5.515 ms
INFO: at 3189.771 ms batch [6.678] delay 2.923 ms
INFO: at 3189.771 ms fetching 6.678 ms
INFO: at 3193.615 ms batch [7.777] delay 2.923 ms
INFO: at 3193.615 ms fetching 7.777 ms
INFO: at 3197.043 ms batch [4.075] delay 2.923 ms
INFO: at 3197.043 ms fetching 4.075 ms
INFO: at 3200.124 ms batch [4.866] delay 2.923 ms
INFO: at 3200.124 ms fetching 4.866 ms
INFO: at 3203.744 ms batch [6.055] delay 2.923 ms
INFO: at 3203.744 ms fetching 6.055 ms
INFO: at 3206.777 ms batch [5.278] delay 2.923 ms
INFO: at 3206.777 ms fetching 5.278 ms
INFO: at 3210.136 ms batch [9.224] delay 2.923 ms
INFO: at 3210.136 ms fetching 9.224 ms
INFO: at 3213.576 ms batch [3.798] delay 2.923 ms
INFO: at 3213.576 ms fetching 3.798 ms
INFO: at 3216.990 ms batch [4.401] delay 2.680 ms
INFO: at 3216.990 ms fetching 4.401 ms
INFO: at 3219.880 ms batch [5.496] delay 2.680 ms
INFO: at 3219.880 ms fetching 5.496 ms
INFO: at 3223.451 ms batch [4.675] delay 2.680 ms
INFO: at 3223.451 ms fetching 4.675 ms
INFO: at 3226.796 ms batch [6.704] delay 2.680 ms
INFO: at 3226.796 ms fetching 6.704 ms
INFO: at 3230.426 ms batch [4.832] delay 2.680 ms
INFO: at 3230.426 ms fetching 4.832 ms
INFO: at 3233.878 ms batch [6.143] delay 2.680 ms
INFO: at 3233.878 ms fetching 6.143 ms
INFO: at 3237.386 ms batch [6.473] delay 2.680 ms
INFO: at 3237.386 ms fetching 6.473 ms
INFO: at 3240.835 ms batch [5.929] delay 2.680 ms
INFO: at 3240.835 ms fetching 5.929 ms
INFO: at 3244.307 ms batch [5.018] delay 2.680 ms
INFO: at 3244.307 ms fetching 5.018 ms
INFO: at 3247.200 ms batch [5.229] delay 2.680 ms
INFO: at 3247.200 ms fetching 5.229 ms
INFO: at 3250.849 ms batch [5.882] delay 2.680 ms
INFO: at 3250.849 ms fetching 5.882 ms
INFO: at 3254.290 ms batch [7.957] delay 2.680 ms
INFO: at 3254.290 ms fetching 7.957 ms
INFO: at 3257.465 ms batch [8.159] delay 2.923 ms
INFO: at 3257.465 ms fetching 8.159 ms
INFO: at 3260.818 ms batch [8.189] delay 2.923 ms
INFO: at 3260.818 ms fetching 8.189 ms
INFO: at 3264.486 ms batch [12.201] delay 2.923 ms
INFO: at 3264.486 ms fetching 12.201 ms
INFO: at 3268.008 ms batch [10.632] delay 2.923 ms
INFO: at 3268.008 ms fetching 10.632 ms
INFO: at 3271.435 ms batch [5.509] delay 2.923 ms
INFO: at 3271.435 ms fetching 5.509 ms
INFO: at 3275.036 ms batch [7.034] delay 2.923 ms
INFO: at 3275.036 ms fetching 7.034 ms
INFO: at 3278.539 ms batch [10.332] delay 2.923 ms
INFO: at 3278.539 ms fetching 10.332 ms
INFO: at 3281.934 ms batch [10.031] delay 2.923 ms
INFO: at 3281.934 ms fetching 10.031 ms
INFO: at 3285.398 ms batch [8.804] delay 2.923 ms
INFO: at 3285.398 ms fetching 8.804 ms
INFO: at 3288.452 ms batch [5.602] delay 2.923 ms
INFO: at 3288.452 ms fetching 5.602 ms
INFO: at 3291.983 ms batch [5.326] delay 2.923 ms
INFO: at 3291.983 ms fetching 5.326 ms
INFO: at 3295.312 ms batch [7.522] delay 2.144 ms
INFO: at 3295.312 ms fetching 7.522 ms
INFO: at 3297.679 ms batch [4.977] delay 2.144 ms
INFO: at 3297.679 ms fetching 4.977 ms
INFO: at 3300.110 ms batch [9.167] delay 2.144 ms
INFO: at 3300.110 ms fetching 9.167 ms
INFO: at 3302.699 ms batch [6.298] delay 2.144 ms
INFO: at 3302.699 ms fetching 6.298 ms
INFO: at 3305.083 ms batch [5.622] delay 2.144 ms
INFO: at 3305.083 ms fetching 5.622 ms
INFO: at 3307.427 ms batch [5.319] delay 2.144 ms
INFO: at 3307.427 ms fetching 5.319 ms
INFO: at 3309.802 ms batch [7.618] delay 2.144 ms
INFO: at 3309.802 ms fetching 7.618 ms
INFO: at 3312.214 ms batch [5.599] delay 2.144 ms
INFO: at 3312.214 ms fetching 5.599 ms
INFO: at 3314.607 ms batch [9.588] delay 2.144 ms
INFO: at 3314.607 ms fetching 9.588 ms
INFO: at 3317.018 ms batch [6.278] delay 2.144 ms
INFO: at 3317.018 ms fetching 6.278 ms
INFO: at 3319.358 ms batch [9.798] delay 2.144 ms
INFO: at 3319.358 ms fetching 9.798 ms
INFO: at 3321.729 ms batch [6.800] delay 2.144 ms
INFO: at 3321.729 ms fetching 6.800 ms
INFO: at 3324.547 ms batch [4.850] delay 2.144 ms
INFO: at 3324.547 ms fetching 4.850 ms
INFO: at 3326.968 ms batch [8.615] delay 2.144 ms
INFO: at 3326.968 ms fetching 8.615 ms
INFO: at 3329.387 ms batch [5.345] delay 2.144 ms
INFO: at 3329.387 ms fetching 5.345 ms
INFO: at 3331.808 ms batch [9.156] delay 3.573 ms
INFO: at 3331.808 ms fetching 9.156 ms
INFO: at 3336.290 ms batch [9.190] delay 3.573 ms
INFO: at 3336.290 ms fetching 9.190 ms
INFO: at 3340.825 ms batch [5.948] delay 3.573 ms
INFO: at 3340.825 ms fetching 5.948 ms
INFO: at 3345.310 ms batch [5.177] delay 3.573 ms
INFO: at 3345.310 ms fetching 5.177 ms
INFO: at 3349.450 ms batch [9.278] delay 3.573 ms
INFO: at 3349.450 ms fetching 9.278 ms
INFO: at 3353.307 ms batch [8.109] delay 3.573 ms
INFO: at 3353.307 ms fetching 8.109 ms
INFO: at 3357.697 ms batch [7.145] delay 3.573 ms
INFO: at 3357.697 ms fetching 7.145 ms
INFO: at 3362.076 ms batch [5.512] delay 3.573 ms
INFO: at 3362.076 ms fetching 5.512 ms
INFO: at 3366.427 ms batch [5.574] delay 3.573 ms
INFO: at 3366.427 ms fetching 5.574 ms
INFO: at 3370.795 ms batch [6.064] delay 3.216 ms
INFO: at 3370.795 ms fetching 6.064 ms
INFO: at 3374.390 ms batch [4.540] delay 3.216 ms
INFO: at 3374.390 ms fetching 4.540 ms
INFO: at 3378.297 ms batch [4.963] delay 3.216 ms
INFO: at 3378.297 ms fetching 4.963 ms
INFO: at 3381.847 ms batch [6.041] delay 3.216 ms
INFO: at 3381.847 ms fetching 6.041 ms
INFO: at 3385.209 ms batch [4.930] delay 3.216 ms
INFO: at 3385.209 ms fetching 4.930 ms
INFO: at 3388.759 ms batch [5.548] delay 3.216 ms
INFO: at 3388.759 ms fetching 5.548 ms
INFO: at 3392.830 ms batch [5.444] delay 3.216 ms
INFO: at 3392.830 ms fetching 5.444 ms
INFO: at 3396.348 ms batch [10.223] delay 3.216 ms
INFO: at 3396.348 ms fetching 10.223 ms
INFO: at 3399.632 ms batch [4.481] delay 3.216 ms
INFO: at 3399.632 ms fetching 4.481 ms
INFO: at 3403.153 ms batch [10.090] delay 3.216 ms
INFO: at 3403.153 ms fetching 10.090 ms
INFO: at 3406.531 ms batch [5.936] delay 2.923 ms
INFO: at 3406.531 ms fetching 5.936 ms
INFO: at 3410.070 ms batch [4.388] delay 2.923 ms
INFO: at 3410.070 ms fetching 4.388 ms
INFO: at 3413.407 ms batch [8.741] delay 2.923 ms
INFO: at 3413.407 ms fetching 8.741 ms
INFO: at 3416.704 ms batch [5.132] delay 2.923 ms
INFO: at 3416.704 ms fetching 5.132 ms
INFO: at 3419.884 ms batch [10.366] delay 2.923 ms
INFO: at 3419.884 ms fetching 10.366 ms
INFO: at 3423.527 ms batch [5.007] delay 2.923 ms
INFO: at 3423.527 ms fetching 5.007 ms
INFO: at 3426.649 ms batch [9.099] delay 2.923 ms
INFO: at 3426.649 ms fetching 9.099 ms
INFO: at 3430.094 ms batch [9.254] delay 2.923 ms
INFO: at 3430.094 ms fetching 9.254 ms
INFO: at 3433.597 ms batch [6.260] delay 2.923 ms
INFO: at 3433.597 ms fetching 6.260 ms
INFO: at 3436.994 ms batch [10.018] delay 2.923 ms
INFO: at 3436.994 ms fetching 10.018 ms
INFO: at 3440.576 ms batch [8.277] delay 2.923 ms
INFO: at 3440.576 ms fetching 8.277 ms
INFO: at 3444.083 ms batch [5.397] delay 2.474 ms
INFO: at 3444.083 ms fetching 5.397 ms
INFO: at 3447.548 ms batch [7.567] delay 2.474 ms
INFO: at 3447.548 ms fetching 7.567 ms
INFO: at 3450.157 ms batch [5.426] delay 2.474 ms
INFO: at 3450.157 ms fetching 5.426 ms
INFO: at 3452.920 ms batch [4.918] delay 2.474 ms
INFO: at 3452.920 ms fetching 4.918 ms
INFO: at 3456.428 ms batch [5.312] delay 2.474 ms
INFO: at 3456.428 ms fetching 5.312 ms
INFO: at 3459.903 ms batch [4.902] delay 2.474 ms
INFO: at 3459.903 ms fetching 4.902 ms
INFO: at 3463.083 ms batch [5.562] delay 2.474 ms
INFO: at 3463.083 ms fetching 5.562 ms
INFO: at 3465.744 ms batch [6.120] delay 2.474 ms
INFO: at 3465.744 ms fetching 6.120 ms
INFO: at 3469.177 ms batch [7.788] delay 2.474 ms
INFO: at 3469.177 ms fetching 7.788 ms
INFO: at 3472.600 ms batch [8.584] delay 2.474 ms
INFO: at 3472.600 ms fetching 8.584 ms
INFO: at 3475.393 ms batch [9.755] delay 2.474 ms
INFO: at 3475.393 ms fetching 9.755 ms
INFO: at 3478.004 ms batch [7.375] delay 2.474 ms
INFO: at 3478.004 ms fetching 7.375 ms
INFO: at 3481.492 ms batch [10.953] delay 2.474 ms
INFO: at 3481.492 ms fetching 10.953 ms
INFO: at 3484.696 ms batch [8.217] delay 2.297 ms
INFO: at 3484.696 ms fetching 8.217 ms
INFO: at 3488.125 ms batch [5.403] delay 2.297 ms
INFO: at 3488.125 ms fetching 5.403 ms
INFO: at 3490.647 ms batch [5.335] delay 2.297 ms
INFO: at 3490.647 ms fetching 5.335 ms
INFO: at 3493.156 ms batch [9.200] delay 2.297 ms
INFO: at 3493.156 ms fetching 9.200 ms
INFO: at 3495.761 ms batch [8.763] delay 2.297 ms
INFO: at 3495.761 ms fetching 8.763 ms
INFO: at 3498.652 ms batch [6.209] delay 2.297 ms
INFO: at 3498.652 ms fetching 6.209 ms
INFO: at 3501.189 ms batch [12.534] delay 2.297 ms
INFO: at 3501.189 ms fetching 12.534 ms
INFO: at 3503.642 ms batch [5.220] delay 2.297 ms
INFO: at 3503.642 ms fetching 5.220 ms
INFO: at 3506.105 ms batch [7.274] delay 2.297 ms
INFO: at 3506.105 ms fetching 7.274 ms
INFO: at 3508.836 ms batch [6.088] delay 2.297 ms
INFO: at 3508.836 ms fetching 6.088 ms
INFO: at 3511.327 ms batch [7.857] delay 2.297 ms
INFO: at 3511.327 ms fetching 7.857 ms
INFO: at 3513.792 ms batch [5.615] delay 2.297 ms
INFO: at 3513.792 ms fetching 5.615 ms
INFO: at 3516.330 ms batch [7.695] delay 2.297 ms
INFO: at 3516.330 ms fetching 7.695 ms
INFO: at 3519.830 ms batch [11.607] delay 2.297 ms
INFO: at 3519.830 ms fetching 11.607 ms
INFO: at 3522.286 ms batch [4.619] delay 2.923 ms
INFO: at 3522.286 ms fetching 4.619 ms
INFO: at 3525.645 ms batch [9.266] delay 2.923 ms
INFO: at 3525.645 ms fetching 9.266 ms
INFO: at 3528.713 ms batch [8.564] delay 2.923 ms
INFO: at 3528.713 ms fetching 8.564 ms
INFO: at 3532.169 ms batch [4.632] delay 2.923 ms
INFO: at 3532.169 ms fetching 4.632 ms
INFO: at 3535.563 ms batch [8.438] delay 2.923 ms
INFO: at 3535.563 ms fetching 8.438 ms
INFO: at 3538.999 ms batch [5.431] delay 2.923 ms
INFO: at 3538.999 ms fetching 5.431 ms
INFO: at 3542.459 ms batch [5.012] delay 2.923 ms
INFO: at 3542.459 ms fetching 5.012 ms
INFO: at 3545.944 ms batch [8.839] delay 2.923 ms
INFO: at 3545.944 ms fetching 8.839 ms
INFO: at 3549.346 ms batch [5.015] delay 2.923 ms
INFO: at 3549.346 ms fetching 5.015 ms
INFO: at 3552.763 ms batch [5.778] delay 2.923 ms
INFO: at 3552.763 ms fetching 5.778 ms
INFO: at 3556.585 ms batch [8.934] delay 2.923 ms
INFO: at 3556.585 ms fetching 8.934 ms
INFO: at 3560.015 ms batch [5.389] delay 3.216 ms
INFO: at 3560.015 ms fetching 5.389 ms
INFO: at 3563.363 ms batch [9.395] delay 3.216 ms
INFO: at 3563.363 ms fetching 9.395 ms
INFO: at 3566.713 ms batch [6.775] delay 3.216 ms
INFO: at 3566.713 ms fetching 6.775 ms
INFO: at 3570.110 ms batch [4.940] delay 3.216 ms
INFO: at 3570.110 ms fetching 4.940 ms
INFO: at 3573.491 ms batch [5.081] delay 3.216 ms
INFO: at 3573.491 ms fetching 5.081 ms
INFO: at 3576.911 ms batch [5.109] delay 3.216 ms
INFO: at 3576.911 ms fetching 5.109 ms
INFO: at 3580.318 ms batch [9.234] delay 3.216 ms
INFO: at 3580.318 ms fetching 9.234 ms
INFO: at 3583.640 ms batch [13.251] delay 3.216 ms
INFO: at 3583.640 ms fetching 13.251 ms
INFO: at 3586.979 ms batch [5.674] delay 3.216 ms
INFO: at 3586.979 ms fetching 5.674 ms
INFO: at 3590.370 ms batch [5.586] delay 3.216 ms
INFO: at 3590.370 ms fetching 5.586 ms
INFO: at 3593.962 ms batch [8.318] delay 2.297 ms
INFO: at 3593.962 ms fetching 8.318 ms
INFO: at 3596.423 ms batch [8.731] delay 2.297 ms
INFO: at 3596.423 ms fetching 8.731 ms
INFO: at 3598.963 ms batch [9.442] delay 2.297 ms
INFO: at 3598.963 ms fetching 9.442 ms
INFO: at 3601.412 ms batch [5.649] delay 2.297 ms
INFO: at 3601.412 ms fetching 5.649 ms
INFO: at 3603.822 ms batch [11.415] delay 2.297 ms
INFO: at 3603.822 ms fetching 11.415 ms
INFO: at 3606.943 ms batch [5.474] delay 2.297 ms
INFO: at 3606.943 ms fetching 5.474 ms
INFO: at 3609.540 ms batch [4.871] delay 2.297 ms
INFO: at 3609.540 ms fetching 4.871 ms
INFO: at 3612.956 ms batch [7.649] delay 2.297 ms
INFO: at 3612.956 ms fetching 7.649 ms
INFO: at 3615.525 ms batch [7.713] delay 2.297 ms
INFO: at 3615.525 ms fetching 7.713 ms
INFO: at 3618.007 ms batch [12.440] delay 2.297 ms
INFO: at 3618.007 ms fetching 12.440 ms
INFO: at 3620.418 ms batch [4.900] delay 2.297 ms
INFO: at 3620.418 ms fetching 4.900 ms
INFO: at 3622.751 ms batch [6.599] delay 2.297 ms
INFO: at 3622.751 ms fetching 6.599 ms
INFO: done
INFO: stopping nexus
