INFO: nexus_dir=/workdir/nexus model_dir=/workdir/DynWork/Multimodal/incoming_rate_145.45/Equal_Std/std_2/1_x_P99/nexus/models log_dir=/workdir/DynWork/Multimodal/incoming_rate_145.45/Equal_Std/std_2/1_x_P99/nexus/logs model=fake_0
INFO: waiting frontend to spin up
INFO: ready to go
INFO: rock and roll
INFO: at 0.965 ms batch [62.083] delay 27.500 ms
INFO: at 0.965 ms fetching 62.083 ms
INFO: at 29.656 ms batch [64.793] delay 27.500 ms
INFO: at 29.656 ms fetching 64.793 ms
INFO: at 58.126 ms batch [100.000] delay 27.500 ms
INFO: at 58.126 ms fetching 100.000 ms
INFO: at 85.801 ms batch [73.839] delay 27.500 ms
INFO: at 85.801 ms fetching 73.839 ms
INFO: at 114.062 ms batch [66.455] delay 27.500 ms
INFO: at 114.062 ms fetching 66.455 ms
INFO: at 142.408 ms batch [71.258] delay 27.500 ms
INFO: at 142.408 ms fetching 71.258 ms
INFO: at 170.740 ms batch [47.746] delay 27.500 ms
INFO: at 170.740 ms fetching 47.746 ms
INFO: at 198.692 ms batch [42.856] delay 13.750 ms
INFO: at 198.692 ms fetching 42.856 ms
INFO: at 213.042 ms batch [65.422] delay 13.750 ms
INFO: at 213.042 ms fetching 65.422 ms
INFO: at 227.312 ms batch [60.521] delay 13.750 ms
INFO: at 227.312 ms fetching 60.521 ms
INFO: at 241.671 ms batch [48.347] delay 13.750 ms
INFO: at 241.671 ms fetching 48.347 ms
INFO: at 256.116 ms batch [77.669] delay 13.750 ms
INFO: at 256.116 ms fetching 77.669 ms
INFO: at 270.443 ms batch [52.041] delay 13.750 ms
INFO: at 270.443 ms fetching 52.041 ms
INFO: at 284.772 ms batch [72.116] delay 13.750 ms
INFO: at 284.772 ms fetching 72.116 ms
INFO: at 299.110 ms batch [36.741] delay 13.750 ms
INFO: at 299.110 ms fetching 36.741 ms
INFO: at 314.782 ms batch [50.436] delay 13.750 ms
INFO: at 314.782 ms fetching 50.436 ms
INFO: at 329.252 ms batch [48.791] delay 13.750 ms
INFO: at 329.252 ms fetching 48.791 ms
INFO: at 343.697 ms batch [84.874] delay 13.750 ms
INFO: at 343.697 ms fetching 84.874 ms
INFO: at 358.010 ms batch [73.183] delay 13.750 ms
INFO: at 358.010 ms fetching 73.183 ms
INFO: at 372.346 ms batch [57.507] delay 13.750 ms
INFO: at 372.346 ms fetching 57.507 ms
INFO: at 386.685 ms batch [70.247] delay 13.750 ms
INFO: at 386.685 ms fetching 70.247 ms
INFO: at 401.075 ms batch [46.399] delay 13.750 ms
INFO: at 401.075 ms fetching 46.399 ms
INFO: at 415.458 ms batch [47.571] delay 13.750 ms
INFO: at 415.458 ms fetching 47.571 ms
INFO: at 429.829 ms batch [32.142] delay 6.875 ms
INFO: at 429.829 ms fetching 32.142 ms
INFO: at 437.414 ms batch [65.827] delay 6.875 ms
INFO: at 437.414 ms fetching 65.827 ms
INFO: at 444.762 ms batch [71.038] delay 6.875 ms
INFO: at 444.762 ms fetching 71.038 ms
INFO: at 452.119 ms batch [72.952] delay 6.875 ms
INFO: at 452.119 ms fetching 72.952 ms
INFO: at 459.544 ms batch [60.230] delay 4.583 ms
INFO: at 459.544 ms fetching 60.230 ms
INFO: at 464.960 ms batch [67.593] delay 4.583 ms
INFO: at 464.960 ms fetching 67.593 ms
INFO: at 470.394 ms batch [69.486] delay 4.583 ms
INFO: at 470.394 ms fetching 69.486 ms
INFO: at 475.831 ms batch [44.259] delay 4.583 ms
INFO: at 475.831 ms fetching 44.259 ms
INFO: at 481.257 ms batch [54.047] delay 4.583 ms
INFO: at 481.257 ms fetching 54.047 ms
INFO: at 486.149 ms batch [65.630] delay 4.583 ms
INFO: at 486.149 ms fetching 65.630 ms
INFO: at 491.530 ms batch [47.154] delay 3.438 ms
INFO: at 491.530 ms fetching 47.154 ms
INFO: at 495.887 ms batch [75.134] delay 3.438 ms
INFO: at 495.887 ms fetching 75.134 ms
INFO: at 500.254 ms batch [73.391] delay 3.438 ms
INFO: at 500.254 ms fetching 73.391 ms
INFO: at 504.648 ms batch [69.871] delay 3.438 ms
INFO: at 504.648 ms fetching 69.871 ms
INFO: at 509.058 ms batch [71.461] delay 3.438 ms
INFO: at 509.058 ms fetching 71.461 ms
INFO: at 513.525 ms batch [34.300] delay 3.438 ms
INFO: at 513.525 ms fetching 34.300 ms
INFO: at 517.963 ms batch [71.870] delay 3.438 ms
INFO: at 517.963 ms fetching 71.870 ms
INFO: at 522.420 ms batch [43.879] delay 3.438 ms
INFO: at 522.420 ms fetching 43.879 ms
INFO: at 526.842 ms batch [44.864] delay 3.929 ms
INFO: at 526.842 ms fetching 44.864 ms
INFO: at 531.302 ms batch [68.903] delay 3.929 ms
INFO: at 531.302 ms fetching 68.903 ms
INFO: at 535.742 ms batch [63.197] delay 3.929 ms
INFO: at 535.742 ms fetching 63.197 ms
INFO: at 540.184 ms batch [48.997] delay 3.929 ms
INFO: at 540.184 ms fetching 48.997 ms
INFO: at 544.629 ms batch [53.002] delay 3.929 ms
INFO: at 544.629 ms fetching 53.002 ms
INFO: at 549.065 ms batch [37.083] delay 3.929 ms
INFO: at 549.065 ms fetching 37.083 ms
INFO: at 553.477 ms batch [42.187] delay 3.929 ms
INFO: at 553.477 ms fetching 42.187 ms
INFO: at 557.932 ms batch [62.991] delay 3.056 ms
INFO: at 557.932 ms fetching 62.991 ms
INFO: at 561.386 ms batch [49.202] delay 3.056 ms
INFO: at 561.386 ms fetching 49.202 ms
INFO: at 564.765 ms batch [65.204] delay 3.056 ms
INFO: at 564.765 ms fetching 65.204 ms
INFO: at 568.198 ms batch [54.899] delay 3.056 ms
INFO: at 568.198 ms fetching 54.899 ms
INFO: at 571.661 ms batch [81.676] delay 3.056 ms
INFO: at 571.661 ms fetching 81.676 ms
INFO: at 575.116 ms batch [43.094] delay 3.056 ms
INFO: at 575.116 ms fetching 43.094 ms
INFO: at 578.575 ms batch [40.784] delay 3.056 ms
INFO: at 578.575 ms fetching 40.784 ms
INFO: at 582.033 ms batch [45.811] delay 3.056 ms
INFO: at 582.033 ms fetching 45.811 ms
INFO: at 585.508 ms batch [62.553] delay 3.056 ms
INFO: at 585.508 ms fetching 62.553 ms
INFO: at 588.961 ms batch [62.765] delay 3.056 ms
INFO: at 588.961 ms fetching 62.765 ms
INFO: at 592.403 ms batch [56.021] delay 3.056 ms
INFO: at 592.403 ms fetching 56.021 ms
INFO: at 595.861 ms batch [32.943] delay 3.056 ms
INFO: at 595.861 ms fetching 32.943 ms
INFO: at 599.324 ms batch [75.722] delay 3.056 ms
INFO: at 599.324 ms fetching 75.722 ms
INFO: at 602.780 ms batch [59.621] delay 3.056 ms
INFO: at 602.780 ms fetching 59.621 ms
INFO: at 606.239 ms batch [51.559] delay 3.056 ms
INFO: at 606.239 ms fetching 51.559 ms
INFO: at 609.641 ms batch [56.899] delay 3.056 ms
INFO: at 609.641 ms fetching 56.899 ms
INFO: at 613.104 ms batch [46.796] delay 3.056 ms
INFO: at 613.104 ms fetching 46.796 ms
INFO: at 616.605 ms batch [76.019] delay 3.056 ms
INFO: at 616.605 ms fetching 76.019 ms
INFO: at 620.096 ms batch [34.826] delay 2.750 ms
INFO: at 620.096 ms fetching 34.826 ms
INFO: at 623.589 ms batch [49.402] delay 2.750 ms
INFO: at 623.589 ms fetching 49.402 ms
INFO: at 627.068 ms batch [67.008] delay 2.750 ms
INFO: at 627.068 ms fetching 67.008 ms
INFO: at 630.545 ms batch [60.794] delay 2.750 ms
INFO: at 630.545 ms fetching 60.794 ms
INFO: at 633.989 ms batch [48.570] delay 2.750 ms
INFO: at 633.989 ms fetching 48.570 ms
INFO: at 637.412 ms batch [47.371] delay 2.750 ms
INFO: at 637.412 ms fetching 47.371 ms
INFO: at 640.825 ms batch [59.916] delay 2.750 ms
INFO: at 640.825 ms fetching 59.916 ms
INFO: at 644.228 ms batch [63.433] delay 2.750 ms
INFO: at 644.228 ms fetching 63.433 ms
INFO: at 647.638 ms batch [68.540] delay 2.750 ms
INFO: at 647.638 ms fetching 68.540 ms
INFO: at 651.130 ms batch [37.434] delay 2.750 ms
INFO: at 651.130 ms fetching 37.434 ms
INFO: at 654.624 ms batch [35.402] delay 3.056 ms
INFO: at 654.624 ms fetching 35.402 ms
INFO: at 658.035 ms batch [69.088] delay 3.056 ms
INFO: at 658.035 ms fetching 69.088 ms
INFO: at 661.467 ms batch [74.054] delay 3.056 ms
INFO: at 661.467 ms fetching 74.054 ms
INFO: at 664.976 ms batch [67.985] delay 3.056 ms
INFO: at 664.976 ms fetching 67.985 ms
INFO: at 668.392 ms batch [39.545] delay 3.056 ms
INFO: at 668.392 ms fetching 39.545 ms
INFO: at 671.811 ms batch [61.830] delay 3.056 ms
INFO: at 671.811 ms fetching 61.830 ms
INFO: at 675.228 ms batch [76.677] delay 3.056 ms
INFO: at 675.228 ms fetching 76.677 ms
INFO: at 678.648 ms batch [43.503] delay 3.056 ms
INFO: at 678.648 ms fetching 43.503 ms
INFO: at 682.067 ms batch [49.999] delay 3.056 ms
INFO: at 682.067 ms fetching 49.999 ms
INFO: at 685.497 ms batch [42.423] delay 3.929 ms
INFO: at 685.497 ms fetching 42.423 ms
INFO: at 689.731 ms batch [77.328] delay 3.929 ms
INFO: at 689.731 ms fetching 77.328 ms
INFO: at 694.363 ms batch [72.312] delay 3.929 ms
INFO: at 694.363 ms fetching 72.312 ms
INFO: at 698.763 ms batch [53.787] delay 3.929 ms
INFO: at 698.763 ms fetching 53.787 ms
INFO: at 703.242 ms batch [68.718] delay 3.929 ms
INFO: at 703.242 ms fetching 68.718 ms
INFO: at 707.641 ms batch [27.461] delay 3.929 ms
INFO: at 707.641 ms fetching 27.461 ms
INFO: at 712.083 ms batch [78.879] delay 3.929 ms
INFO: at 712.083 ms fetching 78.879 ms
INFO: at 716.513 ms batch [56.314] delay 3.929 ms
INFO: at 716.513 ms fetching 56.314 ms
INFO: at 720.968 ms batch [55.477] delay 3.929 ms
INFO: at 720.968 ms fetching 55.477 ms
INFO: at 725.431 ms batch [53.254] delay 3.929 ms
INFO: at 725.431 ms fetching 53.254 ms
INFO: at 729.879 ms batch [42.639] delay 3.929 ms
INFO: at 729.879 ms fetching 42.639 ms
INFO: at 734.345 ms batch [49.805] delay 3.929 ms
INFO: at 734.345 ms fetching 49.805 ms
INFO: at 738.803 ms batch [38.653] delay 3.929 ms
INFO: at 738.803 ms fetching 38.653 ms
INFO: at 743.287 ms batch [50.205] delay 3.929 ms
INFO: at 743.287 ms fetching 50.205 ms
INFO: at 747.835 ms batch [64.105] delay 4.583 ms
INFO: at 747.835 ms fetching 64.105 ms
INFO: at 753.371 ms batch [61.083] delay 4.583 ms
INFO: at 753.371 ms fetching 61.083 ms
INFO: at 758.841 ms batch [77.000] delay 4.583 ms
INFO: at 758.841 ms fetching 77.000 ms
INFO: at 764.275 ms batch [83.483] delay 4.583 ms
INFO: at 764.275 ms fetching 83.483 ms
INFO: at 769.837 ms batch [40.298] delay 4.583 ms
INFO: at 769.837 ms fetching 40.298 ms
INFO: at 775.379 ms batch [82.463] delay 4.583 ms
INFO: at 775.379 ms fetching 82.463 ms
INFO: at 780.909 ms batch [57.783] delay 4.583 ms
INFO: at 780.909 ms fetching 57.783 ms
INFO: at 786.456 ms batch [63.678] delay 4.583 ms
INFO: at 786.456 ms fetching 63.678 ms
INFO: at 791.997 ms batch [63.891] delay 4.583 ms
INFO: at 791.997 ms fetching 63.891 ms
INFO: at 797.542 ms batch [67.211] delay 4.583 ms
INFO: at 797.542 ms fetching 67.211 ms
INFO: at 803.079 ms batch [36.323] delay 4.583 ms
INFO: at 803.079 ms fetching 36.323 ms
INFO: at 808.609 ms batch [68.360] delay 4.583 ms
INFO: at 808.609 ms fetching 68.360 ms
INFO: at 813.400 ms batch [45.057] delay 4.583 ms
INFO: at 813.400 ms fetching 45.057 ms
INFO: at 818.264 ms batch [69.678] delay 4.583 ms
INFO: at 818.264 ms fetching 69.678 ms
INFO: at 823.808 ms batch [79.890] delay 4.583 ms
INFO: at 823.808 ms fetching 79.890 ms
INFO: at 829.354 ms batch [74.858] delay 4.583 ms
INFO: at 829.354 ms fetching 74.858 ms
INFO: at 834.909 ms batch [10.000] delay 4.583 ms
INFO: at 834.909 ms fetching 10.000 ms
INFO: at 840.468 ms batch [50.848] delay 4.583 ms
INFO: at 840.468 ms fetching 50.848 ms
INFO: at 845.965 ms batch [41.501] delay 4.583 ms
INFO: at 845.965 ms fetching 41.501 ms
INFO: at 851.537 ms batch [52.266] delay 4.583 ms
INFO: at 851.537 ms fetching 52.266 ms
INFO: at 857.101 ms batch [70.657] delay 4.583 ms
INFO: at 857.101 ms fetching 70.657 ms
INFO: at 862.659 ms batch [49.612] delay 4.583 ms
INFO: at 862.659 ms fetching 49.612 ms
INFO: at 868.213 ms batch [68.181] delay 4.583 ms
INFO: at 868.213 ms fetching 68.181 ms
INFO: at 873.753 ms batch [80.419] delay 4.583 ms
INFO: at 873.753 ms fetching 80.419 ms
INFO: at 879.237 ms batch [78.041] delay 5.500 ms
INFO: at 879.237 ms fetching 78.041 ms
INFO: at 885.766 ms batch [57.215] delay 5.500 ms
INFO: at 885.766 ms fetching 57.215 ms
INFO: at 892.237 ms batch [53.522] delay 5.500 ms
INFO: at 892.237 ms fetching 53.522 ms
INFO: at 898.700 ms batch [29.770] delay 5.500 ms
INFO: at 898.700 ms fetching 29.770 ms
INFO: at 905.177 ms batch [72.534] delay 5.500 ms
INFO: at 905.177 ms fetching 72.534 ms
INFO: at 910.886 ms batch [87.099] delay 5.500 ms
INFO: at 910.886 ms fetching 87.099 ms
INFO: at 917.410 ms batch [70.840] delay 5.500 ms
INFO: at 917.410 ms fetching 70.840 ms
INFO: at 923.788 ms batch [41.717] delay 5.500 ms
INFO: at 923.788 ms fetching 41.717 ms
INFO: at 930.203 ms batch [46.004] delay 5.500 ms
INFO: at 930.203 ms fetching 46.004 ms
INFO: at 936.554 ms batch [51.794] delay 5.500 ms
INFO: at 936.554 ms fetching 51.794 ms
INFO: at 942.903 ms batch [58.420] delay 5.500 ms
INFO: at 942.903 ms fetching 58.420 ms
INFO: at 949.265 ms batch [44.450] delay 5.500 ms
INFO: at 949.265 ms fetching 44.450 ms
INFO: at 955.680 ms batch [44.649] delay 5.500 ms
INFO: at 955.680 ms fetching 44.649 ms
INFO: at 962.077 ms batch [55.733] delay 5.500 ms
INFO: at 962.077 ms fetching 55.733 ms
INFO: at 968.486 ms batch [46.211] delay 5.500 ms
INFO: at 968.486 ms fetching 46.211 ms
INFO: at 974.888 ms batch [72.740] delay 5.500 ms
INFO: at 974.888 ms fetching 72.740 ms
INFO: at 981.323 ms batch [38.372] delay 5.500 ms
INFO: at 981.323 ms fetching 38.372 ms
INFO: at 987.751 ms batch [40.548] delay 5.500 ms
INFO: at 987.751 ms fetching 40.548 ms
INFO: at 994.188 ms batch [79.363] delay 5.500 ms
INFO: at 994.188 ms fetching 79.363 ms
INFO: at 1000.626 ms batch [51.330] delay 5.500 ms
INFO: at 1000.626 ms fetching 51.330 ms
INFO: at 1007.049 ms batch [39.797] delay 4.583 ms
INFO: at 1007.049 ms fetching 39.797 ms
INFO: at 1012.455 ms batch [67.789] delay 4.583 ms
INFO: at 1012.455 ms fetching 67.789 ms
INFO: at 1017.868 ms batch [71.668] delay 4.583 ms
INFO: at 1017.868 ms fetching 71.668 ms
INFO: at 1023.310 ms batch [43.675] delay 4.583 ms
INFO: at 1023.310 ms fetching 43.675 ms
INFO: at 1028.775 ms batch [38.952] delay 4.583 ms
INFO: at 1028.775 ms fetching 38.952 ms
INFO: at 1034.236 ms batch [47.943] delay 4.583 ms
INFO: at 1034.236 ms fetching 47.943 ms
INFO: at 1039.692 ms batch [37.766] delay 3.438 ms
INFO: at 1039.692 ms fetching 37.766 ms
INFO: at 1044.145 ms batch [50.640] delay 3.438 ms
INFO: at 1044.145 ms fetching 50.640 ms
INFO: at 1048.615 ms batch [58.733] delay 3.438 ms
INFO: at 1048.615 ms fetching 58.733 ms
INFO: at 1053.085 ms batch [54.325] delay 3.438 ms
INFO: at 1053.085 ms fetching 54.325 ms
INFO: at 1057.596 ms batch [66.647] delay 3.438 ms
INFO: at 1057.596 ms fetching 66.647 ms
INFO: at 1061.443 ms batch [31.189] delay 3.438 ms
INFO: at 1061.443 ms fetching 31.189 ms
INFO: at 1065.843 ms batch [61.344] delay 3.438 ms
INFO: at 1065.843 ms fetching 61.344 ms
INFO: at 1070.331 ms batch [59.027] delay 3.438 ms
INFO: at 1070.331 ms fetching 59.027 ms
INFO: at 1074.793 ms batch [46.602] delay 3.438 ms
INFO: at 1074.793 ms fetching 46.602 ms
INFO: at 1079.259 ms batch [65.000] delay 3.438 ms
INFO: at 1079.259 ms fetching 65.000 ms
INFO: at 1083.715 ms batch [35.896] delay 3.438 ms
INFO: at 1083.715 ms fetching 35.896 ms
INFO: at 1088.198 ms batch [40.045] delay 3.438 ms
INFO: at 1088.198 ms fetching 40.045 ms
INFO: at 1092.652 ms batch [39.252] delay 3.438 ms
INFO: at 1092.652 ms fetching 39.252 ms
INFO: at 1097.130 ms batch [76.343] delay 3.438 ms
INFO: at 1097.130 ms fetching 76.343 ms
INFO: at 1101.623 ms batch [66.035] delay 3.438 ms
INFO: at 1101.623 ms fetching 66.035 ms
INFO: at 1106.137 ms batch [44.077] delay 3.438 ms
INFO: at 1106.137 ms fetching 44.077 ms
INFO: at 1110.633 ms batch [64.548] delay 3.438 ms
INFO: at 1110.633 ms fetching 64.548 ms
INFO: at 1115.138 ms batch [43.304] delay 3.438 ms
INFO: at 1115.138 ms fetching 43.304 ms
INFO: at 1119.644 ms batch [70.444] delay 3.438 ms
INFO: at 1119.644 ms fetching 70.444 ms
INFO: at 1124.146 ms batch [41.037] delay 3.438 ms
INFO: at 1124.146 ms fetching 41.037 ms
INFO: at 1128.652 ms batch [74.570] delay 3.438 ms
INFO: at 1128.652 ms fetching 74.570 ms
INFO: at 1132.167 ms batch [67.394] delay 3.438 ms
INFO: at 1132.167 ms fetching 67.394 ms
INFO: at 1135.741 ms batch [51.090] delay 3.438 ms
INFO: at 1135.741 ms fetching 51.090 ms
INFO: at 1140.273 ms batch [33.641] delay 3.438 ms
INFO: at 1140.273 ms fetching 33.641 ms
INFO: at 1144.719 ms batch [52.522] delay 3.438 ms
INFO: at 1144.719 ms fetching 52.522 ms
INFO: at 1149.107 ms batch [59.339] delay 3.437 ms
INFO: at 1149.107 ms fetching 59.339 ms
INFO: at 1153.506 ms batch [70.063] delay 3.438 ms
INFO: at 1153.506 ms fetching 70.063 ms
INFO: at 1157.907 ms batch [62.329] delay 3.438 ms
INFO: at 1157.907 ms fetching 62.329 ms
INFO: at 1162.329 ms batch [56.608] delay 3.438 ms
INFO: at 1162.329 ms fetching 56.608 ms
INFO: at 1166.767 ms batch [75.407] delay 3.438 ms
INFO: at 1166.767 ms fetching 75.407 ms
INFO: at 1171.180 ms batch [78.454] delay 3.438 ms
INFO: at 1171.180 ms fetching 78.454 ms
INFO: at 1175.705 ms batch [45.614] delay 3.438 ms
INFO: at 1175.705 ms fetching 45.614 ms
INFO: at 1180.137 ms batch [81.003] delay 2.750 ms
INFO: at 1180.137 ms fetching 81.003 ms
INFO: at 1183.574 ms batch [69.287] delay 2.750 ms
INFO: at 1183.574 ms fetching 69.287 ms
INFO: at 1187.005 ms batch [73.616] delay 2.750 ms
INFO: at 1187.005 ms fetching 73.616 ms
INFO: at 1190.368 ms batch [54.600] delay 2.750 ms
INFO: at 1190.368 ms fetching 54.600 ms
INFO: at 1193.776 ms batch [46.980] delay 2.750 ms
INFO: at 1193.776 ms fetching 46.980 ms
INFO: at 1197.160 ms batch [41.966] delay 2.750 ms
INFO: at 1197.160 ms fetching 41.966 ms
INFO: at 1200.613 ms batch [66.228] delay 2.750 ms
INFO: at 1200.613 ms fetching 66.228 ms
INFO: at 1203.976 ms batch [58.104] delay 2.750 ms
INFO: at 1203.976 ms fetching 58.104 ms
INFO: at 1207.379 ms batch [55.201] delay 2.750 ms
INFO: at 1207.379 ms fetching 55.201 ms
INFO: at 1210.790 ms batch [52.759] delay 2.750 ms
INFO: at 1210.790 ms fetching 52.759 ms
INFO: at 1214.246 ms batch [61.597] delay 3.056 ms
INFO: at 1214.246 ms fetching 61.597 ms
INFO: at 1217.618 ms batch [45.430] delay 3.056 ms
INFO: at 1217.618 ms fetching 45.430 ms
INFO: at 1220.994 ms batch [41.268] delay 3.056 ms
INFO: at 1220.994 ms fetching 41.268 ms
INFO: at 1224.415 ms batch [66.826] delay 3.056 ms
INFO: at 1224.415 ms fetching 66.826 ms
INFO: at 1227.884 ms batch [45.239] delay 3.056 ms
INFO: at 1227.884 ms fetching 45.239 ms
INFO: at 1231.263 ms batch [48.137] delay 3.056 ms
INFO: at 1231.263 ms fetching 48.137 ms
INFO: at 1234.651 ms batch [64.312] delay 3.056 ms
INFO: at 1234.651 ms fetching 64.312 ms
INFO: at 1238.036 ms batch [38.080] delay 3.056 ms
INFO: at 1238.036 ms fetching 38.080 ms
INFO: done
INFO: stopping nexus
