22-03-07:22:10:10 INFO     [docker_container_manager.py:192] [default-cluster] Starting managed Redis instance in Docker
22-03-07:22:10:12 INFO     [docker_container_manager.py:294] [default-cluster] Metric Configuration Saved at /tmp/tmpy1hq8z6p.yml
22-03-07:22:10:13 INFO     [clipper_admin.py:162] [default-cluster] Clipper is running
22-03-07:22:10:13 INFO     [clipper_admin.py:236] [default-cluster] Application fake-model was successfully registered
22-03-07:22:10:13 INFO     [deployer_utils.py:41] Saving function to /tmp/tmpj7sqioo8clipper
22-03-07:22:10:13 INFO     [deployer_utils.py:51] Serialized and supplied predict function
22-03-07:22:10:13 INFO     [python.py:192] Python closure saved
22-03-07:22:10:13 INFO     [python.py:210] Using Python 3.7 base image
22-03-07:22:10:13 INFO     [clipper_admin.py:534] [default-cluster] Building model Docker image with model data from /tmp/tmpj7sqioo8clipper
22-03-07:22:10:13 INFO     [clipper_admin.py:539] [default-cluster] Step 1/2 : FROM clipper/python37-closure-container:develop
22-03-07:22:10:13 INFO     [clipper_admin.py:539] [default-cluster]  ---> 2660542c0759
22-03-07:22:10:13 INFO     [clipper_admin.py:539] [default-cluster] Step 2/2 : COPY /tmp/tmpj7sqioo8clipper /model/
22-03-07:22:10:13 INFO     [clipper_admin.py:539] [default-cluster]  ---> c6ea25d577ff
22-03-07:22:10:13 INFO     [clipper_admin.py:539] [default-cluster] Successfully built c6ea25d577ff
22-03-07:22:10:13 INFO     [clipper_admin.py:539] [default-cluster] Successfully tagged default-cluster-fake-model:1
22-03-07:22:10:13 INFO     [clipper_admin.py:541] [default-cluster] Pushing model Docker image to default-cluster-fake-model:1
22-03-07:22:10:13 INFO     [docker_container_manager.py:433] [default-cluster] Found 0 replicas for fake-model:1. Adding 1
22-03-07:22:10:14 INFO     [clipper_admin.py:724] [default-cluster] Successfully registered model fake-model:1
22-03-07:22:10:14 INFO     [clipper_admin.py:642] [default-cluster] Done deploying model fake-model:1.
22-03-07:22:10:14 INFO     [clipper_admin.py:303] [default-cluster] Model fake-model is now linked to application fake-model
INFO: waiting for ready to serve
INFO: waiting for ready to serve
INFO: waiting for ready to serve
INFO: waiting for ready to serve
INFO: ready to go
INFO: rock and roll
INFO: at 3.031 ms batch [81.090] delay 110.000 ms
INFO: at 3.031 ms fetching 81.090 ms
INFO: at 113.033 ms batch [26.275] delay 110.000 ms
INFO: at 113.033 ms fetching 26.275 ms
INFO: at 223.035 ms batch [52.155] delay 110.000 ms
INFO: at 223.035 ms fetching 52.155 ms
INFO: at 333.038 ms batch [21.995] delay 110.000 ms
INFO: at 333.038 ms fetching 21.995 ms
INFO: at 443.079 ms batch [64.201] delay 110.000 ms
INFO: at 443.079 ms fetching 64.201 ms
INFO: at 553.086 ms batch [86.632] delay 110.000 ms
INFO: at 553.086 ms fetching 86.632 ms
INFO: at 663.089 ms batch [24.698] delay 110.000 ms
INFO: at 663.089 ms fetching 24.698 ms
INFO: at 773.090 ms batch [48.975] delay 55.000 ms
INFO: at 773.090 ms fetching 48.975 ms
INFO: at 828.097 ms batch [74.111] delay 55.000 ms
INFO: at 828.097 ms fetching 74.111 ms
INFO: at 883.100 ms batch [28.832] delay 55.000 ms
INFO: at 883.100 ms fetching 28.832 ms
INFO: at 938.104 ms batch [24.019] delay 55.000 ms
INFO: at 938.104 ms fetching 24.019 ms
INFO: at 993.105 ms batch [54.029] delay 55.000 ms
INFO: at 993.105 ms fetching 54.029 ms
INFO: at 1048.111 ms batch [57.465] delay 55.000 ms
INFO: at 1048.111 ms fetching 57.465 ms
INFO: at 1103.114 ms batch [31.136] delay 55.000 ms
INFO: at 1103.114 ms fetching 31.136 ms
INFO: at 1158.116 ms batch [82.429] delay 55.000 ms
INFO: at 1158.116 ms fetching 82.429 ms
INFO: at 1213.122 ms batch [62.739] delay 55.000 ms
INFO: at 1213.122 ms fetching 62.739 ms
INFO: at 1268.126 ms batch [85.502] delay 55.000 ms
INFO: at 1268.126 ms fetching 85.502 ms
INFO: at 1323.131 ms batch [80.181] delay 55.000 ms
INFO: at 1323.131 ms fetching 80.181 ms
INFO: at 1378.134 ms batch [36.712] delay 55.000 ms
INFO: at 1378.134 ms fetching 36.712 ms
INFO: at 1433.139 ms batch [59.515] delay 55.000 ms
INFO: at 1433.139 ms fetching 59.515 ms
INFO: at 1488.143 ms batch [83.969] delay 55.000 ms
INFO: at 1488.143 ms fetching 83.969 ms
INFO: at 1543.149 ms batch [63.438] delay 55.000 ms
INFO: at 1543.149 ms fetching 63.438 ms
INFO: at 1598.153 ms batch [25.790] delay 55.000 ms
INFO: at 1598.153 ms fetching 25.790 ms
INFO: at 1653.158 ms batch [83.257] delay 27.500 ms
INFO: at 1653.158 ms fetching 83.257 ms
INFO: at 1680.663 ms batch [90.778] delay 27.500 ms
INFO: at 1680.663 ms fetching 90.778 ms
INFO: at 1708.165 ms batch [29.352] delay 27.500 ms
INFO: at 1708.165 ms fetching 29.352 ms
INFO: at 1735.671 ms batch [56.930] delay 27.500 ms
INFO: at 1735.671 ms fetching 56.930 ms
INFO: at 1763.174 ms batch [83.782] delay 18.333 ms
INFO: at 1763.174 ms fetching 83.782 ms
INFO: at 1781.511 ms batch [28.341] delay 18.333 ms
INFO: at 1781.511 ms fetching 28.341 ms
INFO: at 1799.847 ms batch [58.226] delay 18.333 ms
INFO: at 1799.847 ms fetching 58.226 ms
INFO: at 1818.184 ms batch [61.467] delay 18.333 ms
INFO: at 1818.184 ms fetching 61.467 ms
INFO: at 1836.521 ms batch [61.830] delay 18.333 ms
INFO: at 1836.521 ms fetching 61.830 ms
INFO: at 1854.857 ms batch [60.523] delay 18.333 ms
INFO: at 1854.857 ms fetching 60.523 ms
INFO: at 1873.192 ms batch [23.623] delay 13.750 ms
INFO: at 1873.192 ms fetching 23.623 ms
INFO: at 1886.946 ms batch [86.856] delay 13.750 ms
INFO: at 1886.946 ms fetching 86.856 ms
INFO: at 1900.700 ms batch [55.925] delay 13.750 ms
INFO: at 1900.700 ms fetching 55.925 ms
INFO: at 1914.452 ms batch [28.192] delay 13.750 ms
INFO: at 1914.452 ms fetching 28.192 ms
INFO: at 1928.205 ms batch [51.887] delay 13.750 ms
INFO: at 1928.205 ms fetching 51.887 ms
INFO: at 1941.957 ms batch [33.411] delay 13.750 ms
INFO: at 1941.957 ms fetching 33.411 ms
INFO: at 1955.710 ms batch [59.987] delay 13.750 ms
INFO: at 1955.710 ms fetching 59.987 ms
INFO: at 1969.463 ms batch [82.606] delay 13.750 ms
INFO: at 1969.463 ms fetching 82.606 ms
INFO: at 1983.215 ms batch [10.000] delay 15.714 ms
INFO: at 1983.215 ms fetching 10.000 ms
INFO: at 1998.932 ms batch [27.451] delay 15.714 ms
INFO: at 1998.932 ms fetching 27.451 ms
INFO: at 2014.651 ms batch [32.723] delay 15.714 ms
INFO: at 2014.651 ms fetching 32.723 ms
INFO: at 2030.367 ms batch [56.597] delay 15.714 ms
INFO: at 2030.367 ms fetching 56.597 ms
INFO: at 2046.085 ms batch [85.914] delay 15.714 ms
INFO: at 2046.085 ms fetching 85.914 ms
INFO: at 2061.801 ms batch [56.424] delay 15.714 ms
INFO: at 2061.801 ms fetching 56.424 ms
INFO: at 2077.520 ms batch [28.000] delay 15.714 ms
INFO: at 2077.520 ms fetching 28.000 ms
INFO: at 2093.236 ms batch [32.078] delay 12.222 ms
INFO: at 2093.236 ms fetching 32.078 ms
INFO: at 2105.473 ms batch [62.267] delay 12.222 ms
INFO: at 2105.473 ms fetching 62.267 ms
INFO: at 2117.699 ms batch [81.610] delay 12.222 ms
INFO: at 2117.699 ms fetching 81.610 ms
INFO: at 2129.934 ms batch [55.760] delay 12.222 ms
INFO: at 2129.934 ms fetching 55.760 ms
INFO: at 2142.159 ms batch [84.165] delay 12.222 ms
INFO: at 2142.159 ms fetching 84.165 ms
INFO: at 2154.384 ms batch [26.029] delay 12.222 ms
INFO: at 2154.384 ms fetching 26.029 ms
INFO: at 2166.609 ms batch [82.910] delay 12.222 ms
INFO: at 2166.609 ms fetching 82.910 ms
INFO: at 2178.834 ms batch [56.773] delay 12.222 ms
INFO: at 2178.834 ms fetching 56.773 ms
INFO: at 2191.059 ms batch [61.142] delay 12.222 ms
INFO: at 2191.059 ms fetching 61.142 ms
INFO: at 2203.284 ms batch [31.488] delay 12.222 ms
INFO: at 2203.284 ms fetching 31.488 ms
INFO: at 2215.508 ms batch [30.325] delay 12.222 ms
INFO: at 2215.508 ms fetching 30.325 ms
INFO: at 2227.733 ms batch [89.366] delay 12.222 ms
INFO: at 2227.733 ms fetching 89.366 ms
INFO: at 2239.959 ms batch [60.794] delay 12.222 ms
INFO: at 2239.959 ms fetching 60.794 ms
INFO: at 2252.184 ms batch [80.745] delay 12.222 ms
INFO: at 2252.184 ms fetching 80.745 ms
INFO: at 2264.409 ms batch [77.921] delay 12.222 ms
INFO: at 2264.409 ms fetching 77.921 ms
INFO: at 2276.634 ms batch [87.693] delay 12.222 ms
INFO: at 2276.634 ms fetching 87.693 ms
INFO: at 2288.858 ms batch [26.685] delay 12.222 ms
INFO: at 2288.858 ms fetching 26.685 ms
INFO: at 2301.083 ms batch [33.187] delay 12.222 ms
INFO: at 2301.083 ms fetching 33.187 ms
INFO: at 2313.307 ms batch [87.119] delay 11.000 ms
INFO: at 2313.307 ms fetching 87.119 ms
INFO: at 2324.309 ms batch [88.429] delay 11.000 ms
INFO: at 2324.309 ms fetching 88.429 ms
INFO: at 2335.312 ms batch [53.830] delay 11.000 ms
INFO: at 2335.312 ms fetching 53.830 ms
INFO: at 2346.314 ms batch [29.007] delay 11.000 ms
INFO: at 2346.314 ms fetching 29.007 ms
INFO: at 2357.316 ms batch [54.779] delay 11.000 ms
INFO: at 2357.316 ms fetching 54.779 ms
INFO: at 2368.318 ms batch [50.661] delay 11.000 ms
INFO: at 2368.318 ms fetching 50.661 ms
INFO: at 2379.321 ms batch [84.691] delay 11.000 ms
INFO: at 2379.321 ms fetching 84.691 ms
INFO: at 2390.323 ms batch [28.496] delay 11.000 ms
INFO: at 2390.323 ms fetching 28.496 ms
INFO: at 2401.325 ms batch [76.525] delay 11.000 ms
INFO: at 2401.325 ms fetching 76.525 ms
INFO: at 2412.327 ms batch [27.627] delay 11.000 ms
INFO: at 2412.327 ms fetching 27.627 ms
INFO: at 2423.330 ms batch [22.614] delay 12.222 ms
INFO: at 2423.330 ms fetching 22.614 ms
INFO: at 2435.555 ms batch [47.327] delay 12.222 ms
INFO: at 2435.555 ms fetching 47.327 ms
INFO: at 2447.780 ms batch [79.595] delay 12.222 ms
INFO: at 2447.780 ms fetching 79.595 ms
INFO: at 2460.005 ms batch [78.974] delay 12.222 ms
INFO: at 2460.005 ms fetching 78.974 ms
INFO: at 2472.230 ms batch [27.820] delay 12.222 ms
INFO: at 2472.230 ms fetching 27.820 ms
INFO: at 2484.454 ms batch [58.631] delay 12.222 ms
INFO: at 2484.454 ms fetching 58.631 ms
INFO: at 2496.679 ms batch [78.514] delay 12.222 ms
INFO: at 2496.679 ms fetching 78.514 ms
INFO: at 2508.904 ms batch [49.506] delay 12.222 ms
INFO: at 2508.904 ms fetching 49.506 ms
INFO: at 2521.128 ms batch [72.781] delay 12.222 ms
INFO: at 2521.128 ms fetching 72.781 ms
INFO: at 2533.353 ms batch [87.395] delay 15.714 ms
INFO: at 2533.353 ms fetching 87.395 ms
INFO: at 2549.071 ms batch [55.599] delay 15.714 ms
INFO: at 2549.071 ms fetching 55.599 ms
INFO: at 2564.787 ms batch [80.926] delay 15.714 ms
INFO: at 2564.787 ms fetching 80.926 ms
INFO: at 2580.505 ms batch [100.000] delay 15.714 ms
INFO: at 2580.505 ms fetching 100.000 ms
INFO: at 2596.222 ms batch [80.375] delay 15.714 ms
INFO: at 2596.222 ms fetching 80.375 ms
INFO: at 2611.940 ms batch [30.981] delay 15.714 ms
INFO: at 2611.940 ms fetching 30.981 ms
INFO: at 2627.656 ms batch [35.729] delay 15.714 ms
INFO: at 2627.656 ms fetching 35.729 ms
INFO: at 2643.374 ms batch [30.169] delay 15.714 ms
INFO: at 2643.374 ms fetching 30.169 ms
INFO: at 2659.091 ms batch [52.417] delay 15.714 ms
INFO: at 2659.091 ms fetching 52.417 ms
INFO: at 2674.808 ms batch [55.275] delay 15.714 ms
INFO: at 2674.808 ms fetching 55.275 ms
INFO: at 2690.525 ms batch [36.171] delay 15.714 ms
INFO: at 2690.525 ms fetching 36.171 ms
INFO: at 2706.243 ms batch [85.716] delay 15.714 ms
INFO: at 2706.243 ms fetching 85.716 ms
INFO: at 2721.960 ms batch [27.091] delay 15.714 ms
INFO: at 2721.960 ms fetching 27.091 ms
INFO: at 2737.677 ms batch [32.970] delay 15.714 ms
INFO: at 2737.677 ms fetching 32.970 ms
INFO: at 2753.397 ms batch [53.289] delay 18.333 ms
INFO: at 2753.397 ms fetching 53.289 ms
INFO: at 2771.735 ms batch [49.947] delay 18.333 ms
INFO: at 2771.735 ms fetching 49.947 ms
INFO: at 2790.070 ms batch [53.109] delay 18.333 ms
INFO: at 2790.070 ms fetching 53.109 ms
INFO: at 2808.408 ms batch [82.274] delay 18.333 ms
INFO: at 2808.408 ms fetching 82.274 ms
INFO: at 2826.745 ms batch [24.998] delay 18.333 ms
INFO: at 2826.745 ms fetching 24.998 ms
INFO: at 2845.082 ms batch [79.986] delay 18.333 ms
INFO: at 2845.082 ms fetching 79.986 ms
INFO: at 2863.419 ms batch [31.896] delay 18.333 ms
INFO: at 2863.419 ms fetching 31.896 ms
INFO: at 2881.756 ms batch [83.627] delay 18.333 ms
INFO: at 2881.756 ms fetching 83.627 ms
INFO: at 2900.094 ms batch [85.295] delay 18.333 ms
INFO: at 2900.094 ms fetching 85.295 ms
INFO: at 2918.430 ms batch [90.012] delay 18.333 ms
INFO: at 2918.430 ms fetching 90.012 ms
INFO: at 2936.767 ms batch [50.994] delay 18.333 ms
INFO: at 2936.767 ms fetching 50.994 ms
INFO: at 2955.103 ms batch [33.694] delay 18.333 ms
INFO: at 2955.103 ms fetching 33.694 ms
INFO: at 2973.439 ms batch [54.582] delay 18.333 ms
INFO: at 2973.439 ms fetching 54.582 ms
INFO: at 2991.776 ms batch [55.441] delay 18.333 ms
INFO: at 2991.776 ms fetching 55.441 ms
INFO: at 3010.112 ms batch [83.087] delay 18.333 ms
INFO: at 3010.112 ms fetching 83.087 ms
INFO: at 3028.449 ms batch [84.320] delay 18.333 ms
INFO: at 3028.449 ms fetching 84.320 ms
INFO: at 3046.787 ms batch [59.055] delay 18.333 ms
INFO: at 3046.787 ms fetching 59.055 ms
INFO: at 3065.122 ms batch [26.478] delay 18.333 ms
INFO: at 3065.122 ms fetching 26.478 ms
INFO: at 3083.459 ms batch [75.608] delay 18.333 ms
INFO: at 3083.459 ms fetching 75.608 ms
INFO: at 3101.796 ms batch [76.960] delay 18.333 ms
INFO: at 3101.796 ms fetching 76.960 ms
INFO: at 3120.132 ms batch [27.272] delay 18.333 ms
INFO: at 3120.132 ms fetching 27.272 ms
INFO: at 3138.469 ms batch [57.649] delay 18.333 ms
INFO: at 3138.469 ms fetching 57.649 ms
INFO: at 3156.806 ms batch [56.090] delay 18.333 ms
INFO: at 3156.806 ms fetching 56.090 ms
INFO: at 3175.143 ms batch [81.764] delay 18.333 ms
INFO: at 3175.143 ms fetching 81.764 ms
INFO: at 3193.478 ms batch [29.995] delay 22.000 ms
INFO: at 3193.478 ms fetching 29.995 ms
INFO: at 3215.483 ms batch [83.443] delay 22.000 ms
INFO: at 3215.483 ms fetching 83.443 ms
INFO: at 3237.486 ms batch [24.342] delay 22.000 ms
INFO: at 3237.486 ms fetching 24.342 ms
INFO: at 3259.491 ms batch [80.568] delay 22.000 ms
INFO: at 3259.491 ms fetching 80.568 ms
INFO: at 3281.495 ms batch [51.575] delay 22.000 ms
INFO: at 3281.495 ms fetching 51.575 ms
INFO: at 3303.498 ms batch [19.829] delay 22.000 ms
INFO: at 3303.498 ms fetching 19.829 ms
INFO: at 3325.501 ms batch [85.089] delay 22.000 ms
INFO: at 3325.501 ms fetching 85.089 ms
INFO: at 3347.504 ms batch [32.292] delay 22.000 ms
INFO: at 3347.504 ms fetching 32.292 ms
INFO: at 3369.508 ms batch [54.414] delay 22.000 ms
INFO: at 3369.508 ms fetching 54.414 ms
INFO: at 3391.513 ms batch [51.301] delay 22.000 ms
INFO: at 3391.513 ms fetching 51.301 ms
INFO: at 3413.517 ms batch [35.320] delay 22.000 ms
INFO: at 3413.517 ms fetching 35.320 ms
INFO: at 3435.523 ms batch [86.391] delay 22.000 ms
INFO: at 3435.523 ms fetching 86.391 ms
INFO: at 3457.527 ms batch [52.881] delay 22.000 ms
INFO: at 3457.527 ms fetching 52.881 ms
INFO: at 3479.532 ms batch [57.305] delay 22.000 ms
INFO: at 3479.532 ms fetching 57.305 ms
INFO: at 3501.536 ms batch [68.770] delay 22.000 ms
INFO: at 3501.536 ms fetching 68.770 ms
INFO: at 3523.539 ms batch [29.507] delay 22.000 ms
INFO: at 3523.539 ms fetching 29.507 ms
INFO: at 3545.543 ms batch [78.734] delay 22.000 ms
INFO: at 3545.543 ms fetching 78.734 ms
INFO: at 3567.548 ms batch [79.379] delay 22.000 ms
INFO: at 3567.548 ms fetching 79.379 ms
INFO: at 3589.553 ms batch [76.108] delay 22.000 ms
INFO: at 3589.553 ms fetching 76.108 ms
INFO: at 3611.556 ms batch [30.810] delay 22.000 ms
INFO: at 3611.556 ms fetching 30.810 ms
INFO: at 3633.561 ms batch [31.678] delay 18.333 ms
INFO: at 3633.561 ms fetching 31.678 ms
INFO: at 3651.898 ms batch [79.786] delay 18.333 ms
INFO: at 3651.898 ms fetching 79.786 ms
INFO: at 3670.236 ms batch [77.291] delay 18.333 ms
INFO: at 3670.236 ms fetching 77.291 ms
INFO: at 3688.571 ms batch [40.624] delay 18.333 ms
INFO: at 3688.571 ms fetching 40.624 ms
INFO: at 3706.909 ms batch [86.154] delay 18.333 ms
INFO: at 3706.909 ms fetching 86.154 ms
INFO: at 3725.245 ms batch [57.840] delay 18.333 ms
INFO: at 3725.245 ms fetching 57.840 ms
INFO: at 3743.581 ms batch [31.309] delay 13.750 ms
INFO: at 3743.581 ms fetching 31.309 ms
INFO: at 3757.336 ms batch [21.087] delay 13.750 ms
INFO: at 3757.336 ms fetching 21.087 ms
INFO: at 3771.088 ms batch [48.329] delay 13.750 ms
INFO: at 3771.088 ms fetching 48.329 ms
INFO: at 3784.840 ms batch [52.660] delay 13.750 ms
INFO: at 3784.840 ms fetching 52.660 ms
INFO: at 3798.593 ms batch [37.555] delay 13.750 ms
INFO: at 3798.593 ms fetching 37.555 ms
INFO: at 3812.346 ms batch [53.488] delay 13.750 ms
INFO: at 3812.346 ms fetching 53.488 ms
INFO: at 3826.098 ms batch [23.147] delay 13.750 ms
INFO: at 3826.098 ms fetching 23.147 ms
INFO: at 3839.851 ms batch [30.492] delay 13.750 ms
INFO: at 3839.851 ms fetching 30.492 ms
INFO: at 3853.604 ms batch [25.511] delay 13.750 ms
INFO: at 3853.604 ms fetching 25.511 ms
INFO: at 3867.356 ms batch [84.880] delay 13.750 ms
INFO: at 3867.356 ms fetching 84.880 ms
INFO: at 3881.109 ms batch [58.845] delay 13.750 ms
INFO: at 3881.109 ms fetching 58.845 ms
INFO: at 3894.862 ms batch [56.265] delay 13.750 ms
INFO: at 3894.862 ms fetching 56.265 ms
INFO: at 3908.614 ms batch [34.590] delay 13.750 ms
INFO: at 3908.614 ms fetching 34.590 ms
INFO: at 3922.368 ms batch [81.942] delay 13.750 ms
INFO: at 3922.368 ms fetching 81.942 ms
INFO: at 3936.121 ms batch [34.945] delay 13.750 ms
INFO: at 3936.121 ms fetching 34.945 ms
INFO: at 3949.874 ms batch [81.253] delay 13.750 ms
INFO: at 3949.874 ms fetching 81.253 ms
INFO: at 3963.627 ms batch [54.941] delay 13.750 ms
INFO: at 3963.627 ms fetching 54.941 ms
INFO: at 3977.379 ms batch [79.180] delay 13.750 ms
INFO: at 3977.379 ms fetching 79.180 ms
INFO: at 3991.132 ms batch [55.108] delay 13.750 ms
INFO: at 3991.132 ms fetching 55.108 ms
INFO: at 4004.886 ms batch [54.244] delay 13.750 ms
INFO: at 4004.886 ms fetching 54.244 ms
INFO: at 4018.639 ms batch [29.826] delay 13.750 ms
INFO: at 4018.639 ms fetching 29.826 ms
INFO: at 4032.391 ms batch [29.173] delay 13.750 ms
INFO: at 4032.391 ms fetching 29.173 ms
INFO: at 4046.144 ms batch [29.664] delay 13.750 ms
INFO: at 4046.144 ms fetching 29.664 ms
INFO: at 4059.898 ms batch [88.047] delay 13.750 ms
INFO: at 4059.898 ms fetching 88.047 ms
INFO: at 4073.650 ms batch [30.667] delay 13.750 ms
INFO: at 4073.650 ms fetching 30.667 ms
INFO: at 4087.403 ms batch [28.665] delay 13.750 ms
INFO: at 4087.403 ms fetching 28.665 ms
INFO: at 4101.156 ms batch [38.638] delay 13.750 ms
INFO: at 4101.156 ms fetching 38.638 ms
INFO: at 4114.909 ms batch [25.265] delay 13.750 ms
INFO: at 4114.909 ms fetching 25.265 ms
INFO: at 4128.663 ms batch [84.508] delay 13.750 ms
INFO: at 4128.663 ms fetching 84.508 ms
INFO: at 4142.415 ms batch [81.432] delay 13.750 ms
INFO: at 4142.415 ms fetching 81.432 ms
INFO: at 4156.167 ms batch [60.233] delay 13.750 ms
INFO: at 4156.167 ms fetching 60.233 ms
INFO: at 4169.919 ms batch [82.752] delay 13.750 ms
INFO: at 4169.919 ms fetching 82.752 ms
INFO: at 4183.673 ms batch [32.508] delay 11.000 ms
INFO: at 4183.673 ms fetching 32.508 ms
INFO: at 4194.675 ms batch [45.795] delay 11.000 ms
INFO: at 4194.675 ms fetching 45.795 ms
INFO: at 4205.677 ms batch [59.752] delay 11.000 ms
INFO: at 4205.677 ms fetching 59.752 ms
INFO: at 4216.680 ms batch [78.204] delay 11.000 ms
INFO: at 4216.680 ms fetching 78.204 ms
INFO: at 4227.683 ms batch [26.891] delay 11.000 ms
INFO: at 4227.683 ms fetching 26.891 ms
INFO: at 4238.685 ms batch [34.252] delay 11.000 ms
INFO: at 4238.685 ms fetching 34.252 ms
INFO: at 4249.688 ms batch [58.036] delay 11.000 ms
INFO: at 4249.688 ms fetching 58.036 ms
INFO: at 4260.690 ms batch [82.113] delay 11.000 ms
INFO: at 4260.690 ms fetching 82.113 ms
INFO: at 4271.692 ms batch [53.650] delay 11.000 ms
INFO: at 4271.692 ms fetching 53.650 ms
INFO: at 4282.695 ms batch [77.629] delay 11.000 ms
INFO: at 4282.695 ms fetching 77.629 ms
INFO: at 4293.697 ms batch [88.872] delay 12.222 ms
INFO: at 4293.697 ms fetching 88.872 ms
INFO: at 4305.922 ms batch [74.948] delay 12.222 ms
INFO: at 4305.922 ms fetching 74.948 ms
INFO: at 4318.147 ms batch [59.291] delay 12.222 ms
INFO: at 4318.147 ms fetching 59.291 ms
INFO: at 4330.371 ms batch [58.423] delay 12.222 ms
INFO: at 4330.371 ms fetching 58.423 ms
INFO: at 4342.596 ms batch [33.956] delay 12.222 ms
INFO: at 4342.596 ms fetching 33.956 ms
INFO: at 4354.821 ms batch [65.460] delay 12.222 ms
INFO: at 4354.821 ms fetching 65.460 ms
INFO: at 4367.046 ms batch [91.828] delay 12.222 ms
INFO: at 4367.046 ms fetching 91.828 ms
INFO: at 4379.271 ms batch [50.338] delay 12.222 ms
INFO: at 4379.271 ms fetching 50.338 ms
INFO: at 4391.500 ms batch [57.122] delay 0.000 ms
INFO: at 4391.500 ms fetching 57.122 ms
INFO: done
22-03-07:22:10:24 INFO     [docker_logging_utils.py:19] [default-cluster] Created logging directory: /home/cc/buildbed/DynWork/Multimodal/incoming_rate_36.36/Modal_num/three_modal/1.5_x_P99/clipper/logs
22-03-07:22:11:06 INFO     [clipper_admin.py:1424] [default-cluster] Stopped all Clipper cluster and all model containers
