INFO: nexus_dir=/workdir/nexus model_dir=/workdir/models log_dir=/workdir/DynWork/log/NLP/worldcup/LenScale_0.1/translation/mbart_wmt/1_x_P99/nexus/logs model=fake_0
INFO: waiting frontend to spin up
INFO: ready to go
INFO: rock and roll
INFO: at 3.929 ms batch [99.328] delay 658.485 ms
INFO: at 3.929 ms fetching 99.328 ms
INFO: at 663.917 ms batch [136.356] delay 658.485 ms
INFO: at 663.917 ms fetching 136.356 ms
INFO: at 1323.623 ms batch [402.898] delay 658.485 ms
INFO: at 1323.623 ms fetching 402.898 ms
INFO: at 1982.747 ms batch [174.640] delay 658.485 ms
INFO: at 1982.747 ms fetching 174.640 ms
INFO: at 2643.183 ms batch [166.653] delay 658.485 ms
INFO: at 2643.183 ms fetching 166.653 ms
INFO: at 3302.331 ms batch [337.403] delay 658.485 ms
INFO: at 3302.331 ms fetching 337.403 ms
INFO: at 3961.309 ms batch [272.497] delay 658.485 ms
INFO: at 3961.309 ms fetching 272.497 ms
INFO: at 4620.708 ms batch [177.091] delay 658.485 ms
INFO: at 4620.708 ms fetching 177.091 ms
INFO: at 5281.525 ms batch [174.784] delay 658.485 ms
INFO: at 5281.525 ms fetching 174.784 ms
INFO: at 5941.736 ms batch [332.306] delay 658.485 ms
INFO: at 5941.736 ms fetching 332.306 ms
INFO: at 6601.268 ms batch [64.013] delay 658.485 ms
INFO: at 6601.268 ms fetching 64.013 ms
INFO: at 7260.949 ms batch [124.529] delay 658.485 ms
INFO: at 7260.949 ms fetching 124.529 ms
INFO: at 7920.178 ms batch [136.796] delay 658.485 ms
INFO: at 7920.178 ms fetching 136.796 ms
INFO: at 8579.536 ms batch [225.908] delay 658.485 ms
INFO: at 8579.536 ms fetching 225.908 ms
INFO: at 9238.617 ms batch [265.660] delay 658.485 ms
INFO: at 9238.617 ms fetching 265.660 ms
INFO: at 9897.847 ms batch [166.468] delay 658.485 ms
INFO: at 9897.847 ms fetching 166.468 ms
INFO: at 10557.872 ms batch [303.525] delay 658.485 ms
INFO: at 10557.872 ms fetching 303.525 ms
INFO: at 11218.327 ms batch [166.906] delay 658.485 ms
INFO: at 11218.327 ms fetching 166.906 ms
INFO: at 11878.305 ms batch [194.378] delay 658.485 ms
INFO: at 11878.305 ms fetching 194.378 ms
INFO: at 12537.947 ms batch [423.293] delay 658.485 ms
INFO: at 12537.947 ms fetching 423.293 ms
INFO: at 13196.785 ms batch [231.472] delay 658.485 ms
INFO: at 13196.785 ms fetching 231.472 ms
INFO: at 13856.747 ms batch [234.480] delay 658.485 ms
INFO: at 13856.747 ms fetching 234.480 ms
INFO: at 14516.416 ms batch [270.485] delay 658.485 ms
INFO: at 14516.416 ms fetching 270.485 ms
INFO: at 15176.061 ms batch [251.738] delay 658.485 ms
INFO: at 15176.061 ms fetching 251.738 ms
INFO: at 15835.307 ms batch [135.572] delay 658.485 ms
INFO: at 15835.307 ms fetching 135.572 ms
INFO: at 16494.883 ms batch [279.514] delay 658.485 ms
INFO: at 16494.883 ms fetching 279.514 ms
INFO: at 17154.713 ms batch [393.178] delay 658.485 ms
INFO: at 17154.713 ms fetching 393.178 ms
INFO: at 17814.483 ms batch [500.506] delay 658.485 ms
INFO: at 17814.483 ms fetching 500.506 ms
INFO: at 18473.486 ms batch [260.077] delay 658.485 ms
INFO: at 18473.486 ms fetching 260.077 ms
INFO: at 19133.182 ms batch [382.385] delay 658.485 ms
INFO: at 19133.182 ms fetching 382.385 ms
INFO: at 19792.181 ms batch [173.072] delay 658.485 ms
INFO: at 19792.181 ms fetching 173.072 ms
INFO: at 20451.753 ms batch [145.356] delay 658.485 ms
INFO: at 20451.753 ms fetching 145.356 ms
INFO: at 21111.132 ms batch [243.441] delay 658.485 ms
INFO: at 21111.132 ms fetching 243.441 ms
INFO: at 21771.198 ms batch [262.797] delay 658.485 ms
INFO: at 21771.198 ms fetching 262.797 ms
INFO: at 22430.668 ms batch [158.998] delay 658.485 ms
INFO: at 22430.668 ms fetching 158.998 ms
INFO: at 23090.005 ms batch [163.137] delay 658.485 ms
INFO: at 23090.005 ms fetching 163.137 ms
INFO: at 23749.199 ms batch [159.051] delay 658.485 ms
INFO: at 23749.199 ms fetching 159.051 ms
INFO: at 24408.489 ms batch [87.576] delay 658.485 ms
INFO: at 24408.489 ms fetching 87.576 ms
INFO: at 25068.028 ms batch [164.300] delay 658.485 ms
INFO: at 25068.028 ms fetching 164.300 ms
INFO: at 25728.034 ms batch [187.068] delay 658.485 ms
INFO: at 25728.034 ms fetching 187.068 ms
INFO: at 26387.105 ms batch [187.268] delay 658.485 ms
INFO: at 26387.105 ms fetching 187.268 ms
INFO: at 27046.150 ms batch [66.773] delay 658.485 ms
INFO: at 27046.150 ms fetching 66.773 ms
INFO: at 27705.965 ms batch [333.756] delay 658.485 ms
INFO: at 27705.965 ms fetching 333.756 ms
INFO: at 28365.422 ms batch [202.903] delay 658.485 ms
INFO: at 28365.422 ms fetching 202.903 ms
INFO: at 29024.616 ms batch [94.208] delay 658.485 ms
INFO: at 29024.616 ms fetching 94.208 ms
INFO: at 29684.606 ms batch [84.775] delay 658.485 ms
INFO: at 29684.606 ms fetching 84.775 ms
INFO: at 30345.066 ms batch [267.071] delay 658.485 ms
INFO: at 30345.066 ms fetching 267.071 ms
INFO: at 31004.150 ms batch [61.042] delay 658.485 ms
INFO: at 31004.150 ms fetching 61.042 ms
INFO: at 31663.501 ms batch [291.929] delay 658.485 ms
INFO: at 31663.501 ms fetching 291.929 ms
INFO: at 32322.530 ms batch [195.887] delay 658.485 ms
INFO: at 32322.530 ms fetching 195.887 ms
INFO: at 32982.014 ms batch [267.165] delay 658.485 ms
INFO: at 32982.014 ms fetching 267.165 ms
INFO: at 33641.395 ms batch [229.753] delay 658.485 ms
INFO: at 33641.395 ms fetching 229.753 ms
INFO: at 34300.780 ms batch [146.857] delay 658.485 ms
INFO: at 34300.780 ms fetching 146.857 ms
INFO: at 34960.819 ms batch [115.858] delay 658.485 ms
INFO: at 34960.819 ms fetching 115.858 ms
INFO: at 35621.056 ms batch [133.243] delay 658.485 ms
INFO: at 35621.056 ms fetching 133.243 ms
INFO: at 36280.668 ms batch [351.921] delay 658.485 ms
INFO: at 36280.668 ms fetching 351.921 ms
INFO: at 36939.741 ms batch [198.950] delay 658.485 ms
INFO: at 36939.741 ms fetching 198.950 ms
INFO: at 37599.172 ms batch [465.482] delay 658.485 ms
INFO: at 37599.172 ms fetching 465.482 ms
INFO: at 38258.254 ms batch [187.934] delay 658.485 ms
INFO: at 38258.254 ms fetching 187.934 ms
INFO: at 38918.159 ms batch [232.021] delay 658.485 ms
INFO: at 38918.159 ms fetching 232.021 ms
INFO: at 39577.588 ms batch [211.774] delay 658.485 ms
INFO: at 39577.588 ms fetching 211.774 ms
INFO: at 40237.383 ms batch [98.138] delay 658.485 ms
INFO: at 40237.383 ms fetching 98.138 ms
INFO: at 40896.657 ms batch [246.214] delay 658.485 ms
INFO: at 40896.657 ms fetching 246.214 ms
INFO: at 41556.387 ms batch [186.055] delay 658.485 ms
INFO: at 41556.387 ms fetching 186.055 ms
INFO: at 42215.953 ms batch [266.227] delay 658.485 ms
INFO: at 42215.953 ms fetching 266.227 ms
INFO: at 42875.535 ms batch [535.991] delay 658.485 ms
INFO: at 42875.535 ms fetching 535.991 ms
INFO: at 43534.908 ms batch [225.245] delay 658.485 ms
INFO: at 43534.908 ms fetching 225.245 ms
INFO: at 44194.128 ms batch [121.359] delay 658.485 ms
INFO: at 44194.128 ms fetching 121.359 ms
INFO: at 44853.660 ms batch [743.778] delay 658.485 ms
INFO: at 44853.660 ms fetching 743.778 ms
INFO: at 45513.705 ms batch [151.065] delay 658.485 ms
INFO: at 45513.705 ms fetching 151.065 ms
INFO: at 46172.988 ms batch [307.284] delay 658.485 ms
INFO: at 46172.988 ms fetching 307.284 ms
INFO: at 46831.945 ms batch [62.106] delay 658.485 ms
INFO: at 46831.945 ms fetching 62.106 ms
INFO: at 47491.856 ms batch [142.805] delay 658.485 ms
INFO: at 47491.856 ms fetching 142.805 ms
INFO: at 48151.133 ms batch [691.187] delay 658.485 ms
INFO: at 48151.133 ms fetching 691.187 ms
INFO: at 48811.085 ms batch [131.615] delay 658.485 ms
INFO: at 48811.085 ms fetching 131.615 ms
INFO: at 49470.332 ms batch [167.322] delay 658.485 ms
INFO: at 49470.332 ms fetching 167.322 ms
INFO: at 50130.155 ms batch [218.732] delay 658.485 ms
INFO: at 50130.155 ms fetching 218.732 ms
INFO: at 50789.594 ms batch [387.091] delay 658.485 ms
INFO: at 50789.594 ms fetching 387.091 ms
INFO: at 51448.862 ms batch [448.953] delay 658.485 ms
INFO: at 51448.862 ms fetching 448.953 ms
INFO: at 52107.988 ms batch [195.151] delay 658.485 ms
INFO: at 52107.988 ms fetching 195.151 ms
INFO: at 52767.753 ms batch [171.769] delay 658.485 ms
INFO: at 52767.753 ms fetching 171.769 ms
INFO: at 53426.814 ms batch [143.463] delay 658.485 ms
INFO: at 53426.814 ms fetching 143.463 ms
INFO: at 54086.000 ms batch [187.195] delay 658.485 ms
INFO: at 54086.000 ms fetching 187.195 ms
INFO: at 54745.801 ms batch [256.608] delay 658.485 ms
INFO: at 54745.801 ms fetching 256.608 ms
INFO: at 55405.676 ms batch [245.904] delay 658.485 ms
INFO: at 55405.676 ms fetching 245.904 ms
INFO: at 56065.177 ms batch [137.094] delay 658.485 ms
INFO: at 56065.177 ms fetching 137.094 ms
INFO: at 56725.003 ms batch [194.471] delay 658.485 ms
INFO: at 56725.003 ms fetching 194.471 ms
INFO: at 57384.920 ms batch [352.290] delay 658.485 ms
INFO: at 57384.920 ms fetching 352.290 ms
INFO: at 58044.393 ms batch [159.543] delay 329.243 ms
INFO: at 58044.393 ms fetching 159.543 ms
INFO: at 58374.607 ms batch [190.012] delay 329.243 ms
INFO: at 58374.607 ms fetching 190.012 ms
INFO: at 58705.551 ms batch [418.641] delay 329.243 ms
INFO: at 58705.551 ms fetching 418.641 ms
INFO: at 59036.148 ms batch [165.317] delay 329.243 ms
INFO: at 59036.148 ms fetching 165.317 ms
INFO: at 59365.781 ms batch [350.034] delay 329.243 ms
INFO: at 59365.781 ms fetching 350.034 ms
INFO: at 59695.535 ms batch [65.285] delay 329.243 ms
INFO: at 59695.535 ms fetching 65.285 ms
INFO: at 60026.577 ms batch [197.574] delay 219.495 ms
INFO: at 60026.577 ms fetching 197.574 ms
INFO: at 60246.291 ms batch [135.458] delay 219.495 ms
INFO: at 60246.291 ms fetching 135.458 ms
INFO: at 60466.578 ms batch [211.857] delay 219.495 ms
INFO: at 60466.578 ms fetching 211.857 ms
INFO: at 60686.570 ms batch [231.555] delay 219.495 ms
INFO: at 60686.570 ms fetching 231.555 ms
INFO: at 60907.075 ms batch [142.654] delay 219.495 ms
INFO: at 60907.075 ms fetching 142.654 ms
INFO: at 61127.808 ms batch [165.763] delay 219.495 ms
INFO: at 61127.808 ms fetching 165.763 ms
INFO: at 61348.283 ms batch [324.661] delay 219.495 ms
INFO: at 61348.283 ms fetching 324.661 ms
INFO: at 61568.767 ms batch [217.108] delay 219.495 ms
INFO: at 61568.767 ms fetching 217.108 ms
INFO: at 61788.972 ms batch [413.932] delay 219.495 ms
INFO: at 61788.972 ms fetching 413.932 ms
INFO: at 62009.264 ms batch [167.769] delay 164.621 ms
INFO: at 62009.264 ms fetching 167.769 ms
INFO: at 62174.710 ms batch [164.854] delay 164.621 ms
INFO: at 62174.710 ms fetching 164.854 ms
INFO: at 62340.414 ms batch [141.681] delay 164.621 ms
INFO: at 62340.414 ms fetching 141.681 ms
INFO: at 62505.400 ms batch [145.461] delay 164.621 ms
INFO: at 62505.400 ms fetching 145.461 ms
INFO: at 62670.653 ms batch [234.964] delay 164.621 ms
INFO: at 62670.653 ms fetching 234.964 ms
INFO: at 62835.744 ms batch [59.629] delay 164.621 ms
INFO: at 62835.744 ms fetching 59.629 ms
INFO: at 63001.358 ms batch [148.749] delay 164.621 ms
INFO: at 63001.358 ms fetching 148.749 ms
INFO: at 63166.384 ms batch [266.872] delay 164.621 ms
INFO: at 63166.384 ms fetching 266.872 ms
INFO: at 63331.345 ms batch [373.452] delay 164.621 ms
INFO: at 63331.345 ms fetching 373.452 ms
INFO: at 63497.133 ms batch [173.170] delay 164.621 ms
INFO: at 63497.133 ms fetching 173.170 ms
INFO: at 63662.310 ms batch [84.469] delay 164.621 ms
INFO: at 63662.310 ms fetching 84.469 ms
INFO: at 63827.753 ms batch [190.156] delay 164.621 ms
INFO: at 63827.753 ms fetching 190.156 ms
INFO: at 63993.392 ms batch [208.123] delay 164.621 ms
INFO: at 63993.392 ms fetching 208.123 ms
INFO: at 64159.904 ms batch [368.968] delay 164.621 ms
INFO: at 64159.904 ms fetching 368.968 ms
INFO: at 64324.828 ms batch [240.631] delay 164.621 ms
INFO: at 64324.828 ms fetching 240.631 ms
INFO: at 64491.035 ms batch [214.164] delay 164.621 ms
INFO: at 64491.035 ms fetching 214.164 ms
INFO: at 64656.472 ms batch [174.460] delay 164.621 ms
INFO: at 64656.472 ms fetching 174.460 ms
INFO: at 64821.420 ms batch [221.390] delay 164.621 ms
INFO: at 64821.420 ms fetching 221.390 ms
INFO: at 64987.008 ms batch [391.004] delay 164.621 ms
INFO: at 64987.008 ms fetching 391.004 ms
INFO: at 65152.755 ms batch [301.887] delay 164.621 ms
INFO: at 65152.755 ms fetching 301.887 ms
INFO: at 65317.781 ms batch [225.160] delay 131.697 ms
INFO: at 65317.781 ms fetching 225.160 ms
INFO: at 65450.472 ms batch [604.511] delay 131.697 ms
INFO: at 65450.472 ms fetching 604.511 ms
INFO: at 65582.955 ms batch [245.261] delay 131.697 ms
INFO: at 65582.955 ms fetching 245.261 ms
INFO: at 65715.129 ms batch [140.873] delay 131.697 ms
INFO: at 65715.129 ms fetching 140.873 ms
INFO: at 65847.542 ms batch [339.922] delay 131.697 ms
INFO: at 65847.542 ms fetching 339.922 ms
INFO: at 65981.340 ms batch [78.843] delay 131.697 ms
INFO: at 65981.340 ms fetching 78.843 ms
INFO: at 66113.854 ms batch [116.077] delay 131.697 ms
INFO: at 66113.854 ms fetching 116.077 ms
INFO: at 66246.280 ms batch [182.680] delay 131.697 ms
INFO: at 66246.280 ms fetching 182.680 ms
INFO: at 66378.794 ms batch [616.395] delay 131.697 ms
INFO: at 66378.794 ms fetching 616.395 ms
INFO: at 66511.316 ms batch [119.850] delay 131.697 ms
INFO: at 66511.316 ms fetching 119.850 ms
INFO: at 66644.010 ms batch [287.760] delay 109.748 ms
INFO: at 66644.010 ms fetching 287.760 ms
INFO: at 66754.372 ms batch [439.476] delay 109.748 ms
INFO: at 66754.372 ms fetching 439.476 ms
INFO: at 66865.022 ms batch [140.008] delay 109.748 ms
INFO: at 66865.022 ms fetching 140.008 ms
INFO: at 66975.282 ms batch [221.682] delay 109.748 ms
INFO: at 66975.282 ms fetching 221.682 ms
INFO: at 67085.893 ms batch [286.676] delay 109.748 ms
INFO: at 67085.893 ms fetching 286.676 ms
INFO: at 67196.383 ms batch [175.416] delay 109.748 ms
INFO: at 67196.383 ms fetching 175.416 ms
INFO: at 67306.845 ms batch [208.321] delay 131.697 ms
INFO: at 67306.845 ms fetching 208.321 ms
INFO: at 67439.480 ms batch [165.244] delay 131.697 ms
INFO: at 67439.480 ms fetching 165.244 ms
INFO: at 67573.179 ms batch [196.508] delay 131.697 ms
INFO: at 67573.179 ms fetching 196.508 ms
INFO: at 67705.610 ms batch [250.222] delay 131.697 ms
INFO: at 67705.610 ms fetching 250.222 ms
INFO: at 67837.794 ms batch [246.303] delay 131.697 ms
INFO: at 67837.794 ms fetching 246.303 ms
INFO: at 67970.359 ms batch [440.307] delay 109.748 ms
INFO: at 67970.359 ms fetching 440.307 ms
INFO: at 68080.739 ms batch [398.970] delay 109.748 ms
INFO: at 68080.739 ms fetching 398.970 ms
INFO: at 68190.902 ms batch [86.361] delay 109.748 ms
INFO: at 68190.902 ms fetching 86.361 ms
INFO: at 68301.322 ms batch [165.845] delay 109.748 ms
INFO: at 68301.322 ms fetching 165.845 ms
INFO: at 68411.609 ms batch [139.247] delay 109.748 ms
INFO: at 68411.609 ms fetching 139.247 ms
INFO: at 68522.120 ms batch [167.993] delay 109.748 ms
INFO: at 68522.120 ms fetching 167.993 ms
INFO: at 68632.968 ms batch [258.224] delay 109.748 ms
INFO: at 68632.968 ms fetching 258.224 ms
INFO: at 68743.359 ms batch [311.806] delay 109.748 ms
INFO: at 68743.359 ms fetching 311.806 ms
INFO: at 68853.737 ms batch [127.887] delay 109.748 ms
INFO: at 68853.737 ms fetching 127.887 ms
INFO: at 68964.154 ms batch [169.411] delay 109.748 ms
INFO: at 68964.154 ms fetching 169.411 ms
INFO: at 69074.575 ms batch [209.942] delay 109.748 ms
INFO: at 69074.575 ms fetching 209.942 ms
INFO: at 69184.894 ms batch [295.017] delay 109.748 ms
INFO: at 69184.894 ms fetching 295.017 ms
INFO: at 69295.291 ms batch [186.076] delay 131.697 ms
INFO: at 69295.291 ms fetching 186.076 ms
INFO: at 69428.010 ms batch [168.884] delay 131.697 ms
INFO: at 69428.010 ms fetching 168.884 ms
INFO: at 69560.405 ms batch [548.075] delay 131.697 ms
INFO: at 69560.405 ms fetching 548.075 ms
INFO: at 69692.243 ms batch [123.747] delay 131.697 ms
INFO: at 69692.243 ms fetching 123.747 ms
INFO: at 69824.659 ms batch [381.809] delay 131.697 ms
INFO: at 69824.659 ms fetching 381.809 ms
INFO: at 69956.562 ms batch [113.751] delay 109.748 ms
INFO: at 69956.562 ms fetching 113.751 ms
INFO: at 70066.744 ms batch [469.558] delay 109.748 ms
INFO: at 70066.744 ms fetching 469.558 ms
INFO: at 70177.273 ms batch [369.601] delay 109.748 ms
INFO: at 70177.273 ms fetching 369.601 ms
INFO: at 70287.993 ms batch [202.982] delay 109.748 ms
INFO: at 70287.993 ms fetching 202.982 ms
INFO: at 70398.654 ms batch [125.747] delay 109.748 ms
INFO: at 70398.654 ms fetching 125.747 ms
INFO: at 70509.018 ms batch [352.864] delay 109.748 ms
INFO: at 70509.018 ms fetching 352.864 ms
INFO: at 70619.406 ms batch [321.353] delay 131.697 ms
INFO: at 70619.406 ms fetching 321.353 ms
INFO: at 70751.842 ms batch [156.120] delay 131.697 ms
INFO: at 70751.842 ms fetching 156.120 ms
INFO: at 70884.263 ms batch [223.358] delay 131.697 ms
INFO: at 70884.263 ms fetching 223.358 ms
INFO: at 71016.819 ms batch [240.145] delay 131.697 ms
INFO: at 71016.819 ms fetching 240.145 ms
INFO: at 71148.712 ms batch [115.619] delay 131.697 ms
INFO: at 71148.712 ms fetching 115.619 ms
INFO: at 71281.131 ms batch [168.451] delay 131.697 ms
INFO: at 71281.131 ms fetching 168.451 ms
INFO: at 71413.555 ms batch [527.148] delay 131.697 ms
INFO: at 71413.555 ms fetching 527.148 ms
INFO: at 71546.099 ms batch [162.556] delay 131.697 ms
INFO: at 71546.099 ms fetching 162.556 ms
INFO: at 71678.022 ms batch [162.137] delay 131.697 ms
INFO: at 71678.022 ms fetching 162.137 ms
INFO: at 71810.421 ms batch [320.668] delay 131.697 ms
INFO: at 71810.421 ms fetching 320.668 ms
INFO: at 71942.818 ms batch [149.483] delay 109.748 ms
INFO: at 71942.818 ms fetching 149.483 ms
INFO: at 72053.606 ms batch [185.144] delay 109.748 ms
INFO: at 72053.606 ms fetching 185.144 ms
INFO: at 72164.127 ms batch [344.257] delay 109.748 ms
INFO: at 72164.127 ms fetching 344.257 ms
INFO: at 72274.648 ms batch [138.866] delay 109.748 ms
INFO: at 72274.648 ms fetching 138.866 ms
INFO: at 72385.096 ms batch [95.509] delay 109.748 ms
INFO: at 72385.096 ms fetching 95.509 ms
INFO: at 72495.482 ms batch [136.037] delay 109.748 ms
INFO: at 72495.482 ms fetching 136.037 ms
INFO: at 72605.875 ms batch [524.676] delay 94.069 ms
INFO: at 72605.875 ms fetching 524.676 ms
INFO: at 72700.236 ms batch [213.055] delay 94.069 ms
INFO: at 72700.236 ms fetching 213.055 ms
INFO: at 72794.595 ms batch [287.158] delay 94.069 ms
INFO: at 72794.595 ms fetching 287.158 ms
INFO: at 72888.802 ms batch [216.836] delay 94.069 ms
INFO: at 72888.802 ms fetching 216.836 ms
INFO: at 72983.195 ms batch [291.702] delay 94.069 ms
INFO: at 72983.195 ms fetching 291.702 ms
INFO: at 73077.895 ms batch [549.048] delay 94.069 ms
INFO: at 73077.895 ms fetching 549.048 ms
INFO: at 73172.254 ms batch [262.242] delay 94.069 ms
INFO: at 73172.254 ms fetching 262.242 ms
INFO: at 73266.655 ms batch [262.433] delay 109.748 ms
INFO: at 73266.655 ms fetching 262.433 ms
INFO: at 73377.145 ms batch [172.384] delay 109.748 ms
INFO: at 73377.145 ms fetching 172.384 ms
INFO: at 73487.657 ms batch [340.446] delay 109.748 ms
INFO: at 73487.657 ms fetching 340.446 ms
INFO: at 73598.328 ms batch [414.300] delay 109.748 ms
INFO: at 73598.328 ms fetching 414.300 ms
INFO: at 73708.875 ms batch [245.082] delay 109.748 ms
INFO: at 73708.875 ms fetching 245.082 ms
INFO: at 73819.532 ms batch [167.695] delay 109.748 ms
INFO: at 73819.532 ms fetching 167.695 ms
INFO: at 73931.358 ms batch [173.646] delay 94.069 ms
INFO: at 73931.358 ms fetching 173.646 ms
INFO: at 74025.763 ms batch [169.635] delay 94.069 ms
INFO: at 74025.763 ms fetching 169.635 ms
INFO: at 74120.139 ms batch [163.955] delay 94.069 ms
INFO: at 74120.139 ms fetching 163.955 ms
INFO: at 74214.571 ms batch [178.063] delay 94.069 ms
INFO: at 74214.571 ms fetching 178.063 ms
INFO: at 74308.967 ms batch [701.060] delay 94.069 ms
INFO: at 74308.967 ms fetching 701.060 ms
INFO: at 74403.336 ms batch [126.945] delay 94.069 ms
INFO: at 74403.336 ms fetching 126.945 ms
INFO: at 74498.151 ms batch [347.445] delay 94.069 ms
INFO: at 74498.151 ms fetching 347.445 ms
INFO: at 74592.541 ms batch [641.610] delay 94.069 ms
INFO: at 74592.541 ms fetching 641.610 ms
INFO: at 74686.897 ms batch [102.213] delay 94.069 ms
INFO: at 74686.897 ms fetching 102.213 ms
INFO: at 74781.853 ms batch [157.248] delay 94.069 ms
INFO: at 74781.853 ms fetching 157.248 ms
INFO: at 74876.364 ms batch [182.248] delay 94.069 ms
INFO: at 74876.364 ms fetching 182.248 ms
INFO: at 74970.875 ms batch [226.700] delay 94.069 ms
INFO: at 74970.875 ms fetching 226.700 ms
INFO: at 75065.274 ms batch [111.839] delay 94.069 ms
INFO: at 75065.274 ms fetching 111.839 ms
INFO: at 75159.641 ms batch [218.271] delay 94.069 ms
INFO: at 75159.641 ms fetching 218.271 ms
INFO: at 75254.008 ms batch [65.207] delay 94.069 ms
INFO: at 75254.008 ms fetching 65.207 ms
INFO: at 75348.376 ms batch [205.160] delay 94.069 ms
INFO: at 75348.376 ms fetching 205.160 ms
INFO: at 75442.751 ms batch [290.768] delay 94.069 ms
INFO: at 75442.751 ms fetching 290.768 ms
INFO: at 75537.220 ms batch [125.184] delay 94.069 ms
INFO: at 75537.220 ms fetching 125.184 ms
INFO: at 75631.619 ms batch [108.318] delay 94.069 ms
INFO: at 75631.619 ms fetching 108.318 ms
INFO: at 75726.211 ms batch [213.595] delay 94.069 ms
INFO: at 75726.211 ms fetching 213.595 ms
INFO: at 75821.152 ms batch [293.156] delay 94.069 ms
INFO: at 75821.152 ms fetching 293.156 ms
INFO: at 75915.594 ms batch [84.159] delay 94.069 ms
INFO: at 75915.594 ms fetching 84.159 ms
INFO: at 76010.041 ms batch [132.946] delay 94.069 ms
INFO: at 76010.041 ms fetching 132.946 ms
INFO: at 76104.423 ms batch [281.818] delay 94.069 ms
INFO: at 76104.423 ms fetching 281.818 ms
INFO: at 76198.805 ms batch [292.036] delay 94.069 ms
INFO: at 76198.805 ms fetching 292.036 ms
INFO: at 76293.679 ms batch [196.567] delay 94.069 ms
INFO: at 76293.679 ms fetching 196.567 ms
INFO: at 76388.273 ms batch [232.689] delay 94.069 ms
INFO: at 76388.273 ms fetching 232.689 ms
INFO: at 76482.774 ms batch [202.269] delay 94.069 ms
INFO: at 76482.774 ms fetching 202.269 ms
INFO: at 76577.132 ms batch [70.116] delay 94.069 ms
INFO: at 76577.132 ms fetching 70.116 ms
INFO: at 76671.491 ms batch [184.828] delay 94.069 ms
INFO: at 76671.491 ms fetching 184.828 ms
INFO: at 76765.956 ms batch [204.419] delay 94.069 ms
INFO: at 76765.956 ms fetching 204.419 ms
INFO: at 76860.353 ms batch [197.080] delay 94.069 ms
INFO: at 76860.353 ms fetching 197.080 ms
INFO: at 76954.797 ms batch [196.041] delay 94.069 ms
INFO: at 76954.797 ms fetching 196.041 ms
INFO: at 77049.164 ms batch [255.539] delay 94.069 ms
INFO: at 77049.164 ms fetching 255.539 ms
INFO: at 77143.554 ms batch [423.658] delay 94.069 ms
INFO: at 77143.554 ms fetching 423.658 ms
INFO: at 77238.341 ms batch [554.444] delay 94.069 ms
INFO: at 77238.341 ms fetching 554.444 ms
INFO: at 77332.710 ms batch [176.849] delay 94.069 ms
INFO: at 77332.710 ms fetching 176.849 ms
INFO: at 77427.076 ms batch [172.960] delay 94.069 ms
INFO: at 77427.076 ms fetching 172.960 ms
INFO: at 77521.803 ms batch [237.977] delay 94.069 ms
INFO: at 77521.803 ms fetching 237.977 ms
INFO: at 77616.181 ms batch [288.523] delay 94.069 ms
INFO: at 77616.181 ms fetching 288.523 ms
INFO: at 77710.545 ms batch [232.576] delay 94.069 ms
INFO: at 77710.545 ms fetching 232.576 ms
INFO: at 77804.907 ms batch [223.152] delay 94.069 ms
INFO: at 77804.907 ms fetching 223.152 ms
INFO: at 77899.275 ms batch [228.887] delay 94.069 ms
INFO: at 77899.275 ms fetching 228.887 ms
INFO: at 77993.700 ms batch [183.537] delay 94.069 ms
INFO: at 77993.700 ms fetching 183.537 ms
INFO: at 78088.089 ms batch [355.817] delay 94.069 ms
INFO: at 78088.089 ms fetching 355.817 ms
INFO: at 78183.037 ms batch [54.757] delay 94.069 ms
INFO: at 78183.037 ms fetching 54.757 ms
INFO: at 78277.497 ms batch [176.299] delay 94.069 ms
INFO: at 78277.497 ms fetching 176.299 ms
INFO: at 78372.015 ms batch [196.051] delay 94.069 ms
INFO: at 78372.015 ms fetching 196.051 ms
INFO: at 78466.521 ms batch [188.602] delay 94.069 ms
INFO: at 78466.521 ms fetching 188.602 ms
INFO: at 78560.936 ms batch [236.033] delay 94.069 ms
INFO: at 78560.936 ms fetching 236.033 ms
INFO: at 78655.921 ms batch [55.864] delay 94.069 ms
INFO: at 78655.921 ms fetching 55.864 ms
INFO: at 78750.304 ms batch [417.161] delay 94.069 ms
INFO: at 78750.304 ms fetching 417.161 ms
INFO: at 78844.678 ms batch [276.481] delay 94.069 ms
INFO: at 78844.678 ms fetching 276.481 ms
INFO: at 78939.163 ms batch [216.434] delay 94.069 ms
INFO: at 78939.163 ms fetching 216.434 ms
INFO: at 79033.541 ms batch [71.561] delay 94.069 ms
INFO: at 79033.541 ms fetching 71.561 ms
INFO: at 79127.993 ms batch [187.464] delay 94.069 ms
INFO: at 79127.993 ms fetching 187.464 ms
INFO: at 79223.066 ms batch [318.713] delay 94.069 ms
INFO: at 79223.066 ms fetching 318.713 ms
INFO: at 79317.579 ms batch [272.992] delay 94.069 ms
INFO: at 79317.579 ms fetching 272.992 ms
INFO: at 79412.084 ms batch [187.653] delay 94.069 ms
INFO: at 79412.084 ms fetching 187.653 ms
INFO: at 79506.466 ms batch [314.608] delay 94.069 ms
INFO: at 79506.466 ms fetching 314.608 ms
INFO: at 79600.905 ms batch [146.454] delay 94.069 ms
INFO: at 79600.905 ms fetching 146.454 ms
INFO: at 79695.394 ms batch [285.500] delay 94.069 ms
INFO: at 79695.394 ms fetching 285.500 ms
INFO: at 79789.761 ms batch [266.707] delay 94.069 ms
INFO: at 79789.761 ms fetching 266.707 ms
INFO: at 79884.776 ms batch [297.707] delay 94.069 ms
INFO: at 79884.776 ms fetching 297.707 ms
INFO: at 79979.157 ms batch [215.605] delay 94.069 ms
INFO: at 79979.157 ms fetching 215.605 ms
INFO: at 80073.519 ms batch [517.254] delay 94.069 ms
INFO: at 80073.519 ms fetching 517.254 ms
INFO: at 80167.930 ms batch [210.854] delay 94.069 ms
INFO: at 80167.930 ms fetching 210.854 ms
INFO: at 80262.293 ms batch [203.247] delay 94.069 ms
INFO: at 80262.293 ms fetching 203.247 ms
INFO: at 80357.280 ms batch [315.833] delay 94.069 ms
INFO: at 80357.280 ms fetching 315.833 ms
INFO: at 80451.803 ms batch [265.430] delay 94.069 ms
INFO: at 80451.803 ms fetching 265.430 ms
INFO: at 80546.166 ms batch [213.618] delay 109.748 ms
INFO: at 80546.166 ms fetching 213.618 ms
INFO: at 80656.542 ms batch [208.737] delay 109.748 ms
INFO: at 80656.542 ms fetching 208.737 ms
INFO: at 80766.951 ms batch [208.336] delay 109.748 ms
INFO: at 80766.951 ms fetching 208.336 ms
INFO: at 80877.647 ms batch [221.877] delay 109.748 ms
INFO: at 80877.647 ms fetching 221.877 ms
INFO: at 80988.175 ms batch [233.370] delay 109.748 ms
INFO: at 80988.175 ms fetching 233.370 ms
INFO: at 81098.559 ms batch [253.933] delay 109.748 ms
INFO: at 81098.559 ms fetching 253.933 ms
INFO: at 81208.955 ms batch [58.342] delay 94.069 ms
INFO: at 81208.955 ms fetching 58.342 ms
INFO: at 81303.346 ms batch [219.515] delay 94.069 ms
INFO: at 81303.346 ms fetching 219.515 ms
INFO: at 81398.202 ms batch [324.753] delay 94.069 ms
INFO: at 81398.202 ms fetching 324.753 ms
INFO: at 81492.712 ms batch [317.886] delay 94.069 ms
INFO: at 81492.712 ms fetching 317.886 ms
INFO: at 81587.108 ms batch [325.608] delay 94.069 ms
INFO: at 81587.108 ms fetching 325.608 ms
INFO: at 81681.508 ms batch [137.192] delay 94.069 ms
INFO: at 81681.508 ms fetching 137.192 ms
INFO: at 81775.958 ms batch [174.382] delay 94.069 ms
INFO: at 81775.958 ms fetching 174.382 ms
INFO: at 81870.926 ms batch [486.814] delay 94.069 ms
INFO: at 81870.926 ms fetching 486.814 ms
INFO: at 81965.395 ms batch [166.309] delay 94.069 ms
INFO: at 81965.395 ms fetching 166.309 ms
INFO: at 82059.770 ms batch [187.178] delay 94.069 ms
INFO: at 82059.770 ms fetching 187.178 ms
INFO: at 82154.179 ms batch [418.222] delay 94.069 ms
INFO: at 82154.179 ms fetching 418.222 ms
INFO: at 82248.681 ms batch [150.831] delay 94.069 ms
INFO: at 82248.681 ms fetching 150.831 ms
INFO: at 82343.167 ms batch [245.708] delay 94.069 ms
INFO: at 82343.167 ms fetching 245.708 ms
INFO: at 82437.622 ms batch [273.205] delay 94.069 ms
INFO: at 82437.622 ms fetching 273.205 ms
INFO: at 82532.134 ms batch [63.119] delay 94.069 ms
INFO: at 82532.134 ms fetching 63.119 ms
INFO: at 82626.669 ms batch [394.248] delay 94.069 ms
INFO: at 82626.669 ms fetching 394.248 ms
INFO: at 82721.076 ms batch [291.945] delay 94.069 ms
INFO: at 82721.076 ms fetching 291.945 ms
INFO: at 82815.455 ms batch [424.212] delay 94.069 ms
INFO: at 82815.455 ms fetching 424.212 ms
INFO: at 82909.824 ms batch [162.509] delay 94.069 ms
INFO: at 82909.824 ms fetching 162.509 ms
INFO: at 83004.267 ms batch [317.716] delay 94.069 ms
INFO: at 83004.267 ms fetching 317.716 ms
INFO: at 83098.652 ms batch [165.853] delay 94.069 ms
INFO: at 83098.652 ms fetching 165.853 ms
INFO: at 83193.031 ms batch [99.030] delay 94.069 ms
INFO: at 83193.031 ms fetching 99.030 ms
INFO: at 83287.412 ms batch [184.870] delay 94.069 ms
INFO: at 83287.412 ms fetching 184.870 ms
INFO: at 83381.816 ms batch [382.202] delay 94.069 ms
INFO: at 83381.816 ms fetching 382.202 ms
INFO: at 83476.988 ms batch [259.018] delay 94.069 ms
INFO: at 83476.988 ms fetching 259.018 ms
INFO: at 83571.527 ms batch [241.553] delay 94.069 ms
INFO: at 83571.527 ms fetching 241.553 ms
INFO: at 83666.056 ms batch [244.358] delay 94.069 ms
INFO: at 83666.056 ms fetching 244.358 ms
INFO: at 83760.551 ms batch [185.816] delay 94.069 ms
INFO: at 83760.551 ms fetching 185.816 ms
INFO: at 83854.929 ms batch [450.591] delay 82.311 ms
INFO: at 83854.929 ms fetching 450.591 ms
INFO: at 83938.305 ms batch [349.926] delay 82.311 ms
INFO: at 83938.305 ms fetching 349.926 ms
INFO: at 84021.700 ms batch [248.782] delay 82.311 ms
INFO: at 84021.700 ms fetching 248.782 ms
INFO: at 84104.204 ms batch [318.295] delay 82.311 ms
INFO: at 84104.204 ms fetching 318.295 ms
INFO: at 84187.232 ms batch [136.526] delay 82.311 ms
INFO: at 84187.232 ms fetching 136.526 ms
INFO: at 84270.629 ms batch [92.602] delay 82.311 ms
INFO: at 84270.629 ms fetching 92.602 ms
INFO: at 84354.013 ms batch [202.694] delay 82.311 ms
INFO: at 84354.013 ms fetching 202.694 ms
INFO: at 84436.500 ms batch [167.300] delay 82.311 ms
INFO: at 84436.500 ms fetching 167.300 ms
INFO: at 84519.858 ms batch [63.048] delay 82.311 ms
INFO: at 84519.858 ms fetching 63.048 ms
INFO: at 84603.227 ms batch [433.597] delay 82.311 ms
INFO: at 84603.227 ms fetching 433.597 ms
INFO: at 84686.590 ms batch [81.794] delay 82.311 ms
INFO: at 84686.590 ms fetching 81.794 ms
INFO: at 84769.977 ms batch [412.791] delay 82.311 ms
INFO: at 84769.977 ms fetching 412.791 ms
INFO: at 84852.471 ms batch [167.086] delay 82.311 ms
INFO: at 84852.471 ms fetching 167.086 ms
INFO: at 84935.850 ms batch [247.982] delay 82.311 ms
INFO: at 84935.850 ms fetching 247.982 ms
INFO: at 85018.305 ms batch [213.707] delay 82.311 ms
INFO: at 85018.305 ms fetching 213.707 ms
INFO: at 85100.756 ms batch [211.560] delay 82.311 ms
INFO: at 85100.756 ms fetching 211.560 ms
INFO: at 85185.061 ms batch [142.359] delay 94.069 ms
INFO: at 85185.061 ms fetching 142.359 ms
INFO: at 85279.505 ms batch [139.859] delay 94.069 ms
INFO: at 85279.505 ms fetching 139.859 ms
INFO: at 85373.906 ms batch [336.374] delay 94.069 ms
INFO: at 85373.906 ms fetching 336.374 ms
INFO: at 85468.395 ms batch [339.533] delay 94.069 ms
INFO: at 85468.395 ms fetching 339.533 ms
INFO: at 85562.764 ms batch [156.681] delay 94.069 ms
INFO: at 85562.764 ms fetching 156.681 ms
INFO: at 85657.141 ms batch [95.079] delay 94.069 ms
INFO: at 85657.141 ms fetching 95.079 ms
INFO: at 85751.606 ms batch [74.896] delay 94.069 ms
INFO: at 85751.606 ms fetching 74.896 ms
INFO: at 85846.025 ms batch [79.793] delay 94.069 ms
INFO: at 85846.025 ms fetching 79.793 ms
INFO: at 85940.594 ms batch [318.414] delay 94.069 ms
INFO: at 85940.594 ms fetching 318.414 ms
INFO: at 86035.061 ms batch [105.597] delay 94.069 ms
INFO: at 86035.061 ms fetching 105.597 ms
INFO: at 86129.397 ms batch [273.572] delay 94.069 ms
INFO: at 86129.397 ms fetching 273.572 ms
INFO: at 86223.959 ms batch [188.235] delay 94.069 ms
INFO: at 86223.959 ms fetching 188.235 ms
INFO: at 86318.361 ms batch [339.877] delay 94.069 ms
INFO: at 86318.361 ms fetching 339.877 ms
INFO: at 86412.801 ms batch [205.115] delay 94.069 ms
INFO: at 86412.801 ms fetching 205.115 ms
INFO: at 86507.197 ms batch [367.127] delay 94.069 ms
INFO: at 86507.197 ms fetching 367.127 ms
INFO: at 86601.607 ms batch [238.600] delay 94.069 ms
INFO: at 86601.607 ms fetching 238.600 ms
INFO: at 86696.123 ms batch [260.151] delay 94.069 ms
INFO: at 86696.123 ms fetching 260.151 ms
INFO: at 86790.639 ms batch [114.499] delay 94.069 ms
INFO: at 86790.639 ms fetching 114.499 ms
INFO: at 86885.064 ms batch [92.230] delay 94.069 ms
INFO: at 86885.064 ms fetching 92.230 ms
INFO: at 86979.444 ms batch [54.921] delay 94.069 ms
INFO: at 86979.444 ms fetching 54.921 ms
INFO: at 87073.844 ms batch [347.540] delay 94.069 ms
INFO: at 87073.844 ms fetching 347.540 ms
INFO: at 87168.241 ms batch [59.664] delay 109.748 ms
INFO: at 87168.241 ms fetching 59.664 ms
INFO: at 87278.714 ms batch [110.461] delay 109.748 ms
INFO: at 87278.714 ms fetching 110.461 ms
INFO: at 87389.102 ms batch [251.347] delay 109.748 ms
INFO: at 87389.102 ms fetching 251.347 ms
INFO: at 87499.504 ms batch [372.225] delay 109.748 ms
INFO: at 87499.504 ms fetching 372.225 ms
INFO: at 87609.764 ms batch [217.129] delay 109.748 ms
INFO: at 87609.764 ms fetching 217.129 ms
INFO: at 87720.242 ms batch [183.626] delay 109.748 ms
INFO: at 87720.242 ms fetching 183.626 ms
INFO: at 87830.622 ms batch [573.020] delay 109.748 ms
INFO: at 87830.622 ms fetching 573.020 ms
INFO: at 87941.001 ms batch [203.740] delay 109.748 ms
INFO: at 87941.001 ms fetching 203.740 ms
INFO: at 88051.390 ms batch [65.087] delay 109.748 ms
INFO: at 88051.390 ms fetching 65.087 ms
INFO: at 88161.803 ms batch [357.728] delay 109.748 ms
INFO: at 88161.803 ms fetching 357.728 ms
INFO: at 88272.256 ms batch [142.019] delay 109.748 ms
INFO: at 88272.256 ms fetching 142.019 ms
INFO: at 88382.807 ms batch [91.358] delay 109.748 ms
INFO: at 88382.807 ms fetching 91.358 ms
INFO: at 88493.211 ms batch [381.320] delay 131.697 ms
INFO: at 88493.211 ms fetching 381.320 ms
INFO: at 88625.642 ms batch [145.876] delay 131.697 ms
INFO: at 88625.642 ms fetching 145.876 ms
INFO: at 88758.123 ms batch [69.118] delay 131.697 ms
INFO: at 88758.123 ms fetching 69.118 ms
INFO: at 88890.528 ms batch [425.184] delay 131.697 ms
INFO: at 88890.528 ms fetching 425.184 ms
INFO: at 89022.937 ms batch [147.126] delay 131.697 ms
INFO: at 89022.937 ms fetching 147.126 ms
INFO: at 89155.362 ms batch [212.243] delay 109.748 ms
INFO: at 89155.362 ms fetching 212.243 ms
INFO: at 89265.782 ms batch [180.049] delay 109.748 ms
INFO: at 89265.782 ms fetching 180.049 ms
INFO: at 89376.278 ms batch [84.840] delay 109.748 ms
INFO: at 89376.278 ms fetching 84.840 ms
INFO: at 89486.673 ms batch [483.983] delay 109.748 ms
INFO: at 89486.673 ms fetching 483.983 ms
INFO: at 89597.470 ms batch [366.764] delay 109.748 ms
INFO: at 89597.470 ms fetching 366.764 ms
INFO: at 89707.958 ms batch [106.521] delay 109.748 ms
INFO: at 89707.958 ms fetching 106.521 ms
INFO: at 89818.351 ms batch [355.801] delay 109.748 ms
INFO: at 89818.351 ms fetching 355.801 ms
INFO: at 89928.744 ms batch [209.410] delay 109.748 ms
INFO: at 89928.744 ms fetching 209.410 ms
INFO: at 90039.189 ms batch [227.138] delay 109.748 ms
INFO: at 90039.189 ms fetching 227.138 ms
INFO: at 90149.710 ms batch [250.786] delay 109.748 ms
INFO: at 90149.710 ms fetching 250.786 ms
INFO: at 90260.239 ms batch [574.061] delay 109.748 ms
INFO: at 90260.239 ms fetching 574.061 ms
INFO: at 90370.648 ms batch [232.264] delay 109.748 ms
INFO: at 90370.648 ms fetching 232.264 ms
INFO: at 90481.051 ms batch [361.046] delay 109.748 ms
INFO: at 90481.051 ms fetching 361.046 ms
INFO: at 90591.393 ms batch [188.280] delay 109.748 ms
INFO: at 90591.393 ms fetching 188.280 ms
INFO: at 90701.849 ms batch [145.552] delay 109.748 ms
INFO: at 90701.849 ms fetching 145.552 ms
INFO: at 90812.377 ms batch [93.069] delay 109.748 ms
INFO: at 90812.377 ms fetching 93.069 ms
INFO: at 90922.760 ms batch [142.236] delay 109.748 ms
INFO: at 90922.760 ms fetching 142.236 ms
INFO: at 91033.156 ms batch [216.580] delay 109.748 ms
INFO: at 91033.156 ms fetching 216.580 ms
INFO: at 91143.570 ms batch [202.191] delay 131.697 ms
INFO: at 91143.570 ms fetching 202.191 ms
INFO: at 91275.983 ms batch [200.423] delay 131.697 ms
INFO: at 91275.983 ms fetching 200.423 ms
INFO: at 91408.403 ms batch [64.160] delay 131.697 ms
INFO: at 91408.403 ms fetching 64.160 ms
INFO: at 91540.832 ms batch [240.704] delay 131.697 ms
INFO: at 91540.832 ms fetching 240.704 ms
INFO: at 91673.265 ms batch [127.749] delay 131.697 ms
INFO: at 91673.265 ms fetching 127.749 ms
INFO: at 91805.715 ms batch [239.126] delay 131.697 ms
INFO: at 91805.715 ms fetching 239.126 ms
INFO: at 91937.874 ms batch [487.139] delay 131.697 ms
INFO: at 91937.874 ms fetching 487.139 ms
INFO: at 92070.419 ms batch [105.751] delay 131.697 ms
INFO: at 92070.419 ms fetching 105.751 ms
INFO: at 92202.832 ms batch [239.494] delay 131.697 ms
INFO: at 92202.832 ms fetching 239.494 ms
INFO: at 92335.246 ms batch [331.761] delay 131.697 ms
INFO: at 92335.246 ms fetching 331.761 ms
INFO: at 92467.403 ms batch [241.519] delay 131.697 ms
INFO: at 92467.403 ms fetching 241.519 ms
INFO: at 92599.820 ms batch [370.830] delay 131.697 ms
INFO: at 92599.820 ms fetching 370.830 ms
INFO: at 92732.226 ms batch [108.420] delay 131.697 ms
INFO: at 92732.226 ms fetching 108.420 ms
INFO: at 92864.646 ms batch [311.702] delay 131.697 ms
INFO: at 92864.646 ms fetching 311.702 ms
INFO: at 92997.107 ms batch [197.459] delay 131.697 ms
INFO: at 92997.107 ms fetching 197.459 ms
INFO: at 93129.680 ms batch [236.187] delay 131.697 ms
INFO: at 93129.680 ms fetching 236.187 ms
INFO: at 93262.573 ms batch [431.003] delay 131.697 ms
INFO: at 93262.573 ms fetching 431.003 ms
INFO: at 93394.995 ms batch [110.216] delay 131.697 ms
INFO: at 93394.995 ms fetching 110.216 ms
INFO: at 93527.440 ms batch [167.855] delay 131.697 ms
INFO: at 93527.440 ms fetching 167.855 ms
INFO: at 93659.977 ms batch [203.542] delay 131.697 ms
INFO: at 93659.977 ms fetching 203.542 ms
INFO: at 93792.390 ms batch [218.242] delay 131.697 ms
INFO: at 93792.390 ms fetching 218.242 ms
INFO: at 93924.876 ms batch [132.253] delay 131.697 ms
INFO: at 93924.876 ms fetching 132.253 ms
INFO: at 94057.458 ms batch [323.531] delay 131.697 ms
INFO: at 94057.458 ms fetching 323.531 ms
INFO: at 94190.015 ms batch [169.653] delay 131.697 ms
INFO: at 94190.015 ms fetching 169.653 ms
INFO: at 94322.576 ms batch [465.183] delay 131.697 ms
INFO: at 94322.576 ms fetching 465.183 ms
INFO: at 94455.019 ms batch [457.428] delay 131.697 ms
INFO: at 94455.019 ms fetching 457.428 ms
INFO: at 94587.434 ms batch [156.493] delay 131.697 ms
INFO: at 94587.434 ms fetching 156.493 ms
INFO: at 94719.838 ms batch [233.192] delay 131.697 ms
INFO: at 94719.838 ms fetching 233.192 ms
INFO: at 94851.735 ms batch [152.958] delay 131.697 ms
INFO: at 94851.735 ms fetching 152.958 ms
INFO: at 94984.174 ms batch [276.228] delay 131.697 ms
INFO: at 94984.174 ms fetching 276.228 ms
INFO: at 95116.702 ms batch [50.978] delay 131.697 ms
INFO: at 95116.702 ms fetching 50.978 ms
INFO: at 95249.125 ms batch [344.199] delay 131.697 ms
INFO: at 95249.125 ms fetching 344.199 ms
INFO: at 95381.624 ms batch [122.716] delay 131.697 ms
INFO: at 95381.624 ms fetching 122.716 ms
INFO: at 95514.171 ms batch [278.299] delay 131.697 ms
INFO: at 95514.171 ms fetching 278.299 ms
INFO: at 95646.708 ms batch [226.024] delay 131.697 ms
INFO: at 95646.708 ms fetching 226.024 ms
INFO: at 95779.069 ms batch [411.779] delay 164.621 ms
INFO: at 95779.069 ms fetching 411.779 ms
INFO: at 95944.644 ms batch [86.689] delay 164.621 ms
INFO: at 95944.644 ms fetching 86.689 ms
INFO: at 96110.088 ms batch [423.143] delay 164.621 ms
INFO: at 96110.088 ms fetching 423.143 ms
INFO: at 96275.527 ms batch [130.340] delay 164.621 ms
INFO: at 96275.527 ms fetching 130.340 ms
INFO: at 96441.675 ms batch [184.225] delay 131.697 ms
INFO: at 96441.675 ms fetching 184.225 ms
INFO: at 96574.238 ms batch [412.347] delay 131.697 ms
INFO: at 96574.238 ms fetching 412.347 ms
INFO: at 96706.635 ms batch [284.556] delay 131.697 ms
INFO: at 96706.635 ms fetching 284.556 ms
INFO: at 96839.033 ms batch [164.438] delay 131.697 ms
INFO: at 96839.033 ms fetching 164.438 ms
INFO: at 96971.440 ms batch [62.534] delay 131.697 ms
INFO: at 96971.440 ms fetching 62.534 ms
INFO: at 97103.662 ms batch [280.933] delay 131.697 ms
INFO: at 97103.662 ms fetching 280.933 ms
INFO: at 97236.066 ms batch [326.173] delay 131.697 ms
INFO: at 97236.066 ms fetching 326.173 ms
INFO: at 97368.469 ms batch [82.432] delay 131.697 ms
INFO: at 97368.469 ms fetching 82.432 ms
INFO: at 97500.873 ms batch [180.717] delay 131.697 ms
INFO: at 97500.873 ms fetching 180.717 ms
INFO: at 97633.297 ms batch [150.369] delay 131.697 ms
INFO: at 97633.297 ms fetching 150.369 ms
INFO: at 97765.855 ms batch [220.069] delay 131.697 ms
INFO: at 97765.855 ms fetching 220.069 ms
INFO: at 97898.520 ms batch [428.705] delay 131.697 ms
INFO: at 97898.520 ms fetching 428.705 ms
INFO: at 98030.934 ms batch [131.352] delay 131.697 ms
INFO: at 98030.934 ms fetching 131.352 ms
INFO: at 98163.348 ms batch [255.459] delay 131.697 ms
INFO: at 98163.348 ms fetching 255.459 ms
INFO: at 98295.753 ms batch [124.671] delay 131.697 ms
INFO: at 98295.753 ms fetching 124.671 ms
INFO: at 98428.185 ms batch [107.414] delay 164.621 ms
INFO: at 98428.185 ms fetching 107.414 ms
INFO: at 98592.909 ms batch [233.772] delay 164.621 ms
INFO: at 98592.909 ms fetching 233.772 ms
INFO: at 98758.352 ms batch [339.282] delay 164.621 ms
INFO: at 98758.352 ms fetching 339.282 ms
INFO: at 98923.791 ms batch [203.395] delay 164.621 ms
INFO: at 98923.791 ms fetching 203.395 ms
INFO: at 99088.550 ms batch [202.296] delay 164.621 ms
INFO: at 99088.550 ms fetching 202.296 ms
INFO: at 99253.987 ms batch [110.835] delay 164.621 ms
INFO: at 99253.987 ms fetching 110.835 ms
INFO: at 99419.422 ms batch [192.355] delay 164.621 ms
INFO: at 99419.422 ms fetching 192.355 ms
INFO: at 99584.345 ms batch [209.717] delay 164.621 ms
INFO: at 99584.345 ms fetching 209.717 ms
INFO: at 99749.814 ms batch [206.965] delay 164.621 ms
INFO: at 99749.814 ms fetching 206.965 ms
INFO: at 99915.152 ms batch [422.637] delay 164.621 ms
INFO: at 99915.152 ms fetching 422.637 ms
INFO: at 100080.614 ms batch [274.559] delay 164.621 ms
INFO: at 100080.614 ms fetching 274.559 ms
INFO: at 100245.685 ms batch [143.921] delay 164.621 ms
INFO: at 100245.685 ms fetching 143.921 ms
INFO: at 100411.224 ms batch [416.697] delay 164.621 ms
INFO: at 100411.224 ms fetching 416.697 ms
INFO: at 100576.686 ms batch [366.473] delay 164.621 ms
INFO: at 100576.686 ms fetching 366.473 ms
INFO: at 100742.021 ms batch [237.379] delay 164.621 ms
INFO: at 100742.021 ms fetching 237.379 ms
INFO: at 100907.455 ms batch [236.470] delay 164.621 ms
INFO: at 100907.455 ms fetching 236.470 ms
INFO: at 101072.903 ms batch [63.389] delay 164.621 ms
INFO: at 101072.903 ms fetching 63.389 ms
INFO: at 101238.384 ms batch [455.740] delay 164.621 ms
INFO: at 101238.384 ms fetching 455.740 ms
INFO: at 101405.087 ms batch [234.246] delay 164.621 ms
INFO: at 101405.087 ms fetching 234.246 ms
INFO: at 101570.527 ms batch [207.760] delay 164.621 ms
INFO: at 101570.527 ms fetching 207.760 ms
INFO: at 101735.965 ms batch [194.756] delay 164.621 ms
INFO: at 101735.965 ms fetching 194.756 ms
INFO: at 101901.433 ms batch [143.180] delay 164.621 ms
INFO: at 101901.433 ms fetching 143.180 ms
INFO: at 102067.006 ms batch [160.647] delay 164.621 ms
INFO: at 102067.006 ms fetching 160.647 ms
INFO: at 102232.067 ms batch [101.489] delay 164.621 ms
INFO: at 102232.067 ms fetching 101.489 ms
INFO: at 102397.509 ms batch [234.049] delay 164.621 ms
INFO: at 102397.509 ms fetching 234.049 ms
INFO: at 102562.351 ms batch [129.444] delay 164.621 ms
INFO: at 102562.351 ms fetching 129.444 ms
INFO: at 102727.784 ms batch [317.214] delay 164.621 ms
INFO: at 102727.784 ms fetching 317.214 ms
INFO: at 102892.586 ms batch [251.215] delay 164.621 ms
INFO: at 102892.586 ms fetching 251.215 ms
INFO: at 103058.038 ms batch [118.764] delay 164.621 ms
INFO: at 103058.038 ms fetching 118.764 ms
INFO: at 103223.600 ms batch [254.990] delay 164.621 ms
INFO: at 103223.600 ms fetching 254.990 ms
INFO: at 103389.058 ms batch [189.927] delay 164.621 ms
INFO: at 103389.058 ms fetching 189.927 ms
INFO: at 103555.055 ms batch [259.010] delay 164.621 ms
INFO: at 103555.055 ms fetching 259.010 ms
INFO: at 103720.478 ms batch [219.138] delay 164.621 ms
INFO: at 103720.478 ms fetching 219.138 ms
INFO: at 103885.912 ms batch [231.954] delay 164.621 ms
INFO: at 103885.912 ms fetching 231.954 ms
INFO: at 104051.332 ms batch [251.368] delay 164.621 ms
INFO: at 104051.332 ms fetching 251.368 ms
INFO: at 104217.637 ms batch [729.853] delay 164.621 ms
INFO: at 104217.637 ms fetching 729.853 ms
INFO: at 104383.176 ms batch [144.017] delay 164.621 ms
INFO: at 104383.176 ms fetching 144.017 ms
INFO: at 104549.549 ms batch [144.810] delay 164.621 ms
INFO: at 104549.549 ms fetching 144.810 ms
INFO: at 104715.081 ms batch [100.039] delay 164.621 ms
INFO: at 104715.081 ms fetching 100.039 ms
INFO: at 104880.515 ms batch [158.505] delay 164.621 ms
INFO: at 104880.515 ms fetching 158.505 ms
INFO: at 105045.974 ms batch [84.584] delay 164.621 ms
INFO: at 105045.974 ms fetching 84.584 ms
INFO: at 105211.431 ms batch [322.627] delay 164.621 ms
INFO: at 105211.431 ms fetching 322.627 ms
INFO: at 105376.865 ms batch [313.366] delay 164.621 ms
INFO: at 105376.865 ms fetching 313.366 ms
INFO: at 105541.924 ms batch [193.609] delay 164.621 ms
INFO: at 105541.924 ms fetching 193.609 ms
INFO: at 105707.372 ms batch [220.468] delay 164.621 ms
INFO: at 105707.372 ms fetching 220.468 ms
INFO: at 105872.812 ms batch [255.594] delay 164.621 ms
INFO: at 105872.812 ms fetching 255.594 ms
INFO: at 106038.245 ms batch [233.776] delay 164.621 ms
INFO: at 106038.245 ms fetching 233.776 ms
INFO: at 106203.801 ms batch [86.528] delay 164.621 ms
INFO: at 106203.801 ms fetching 86.528 ms
INFO: at 106369.257 ms batch [259.762] delay 164.621 ms
INFO: at 106369.257 ms fetching 259.762 ms
INFO: at 106534.722 ms batch [173.643] delay 164.621 ms
INFO: at 106534.722 ms fetching 173.643 ms
INFO: at 106699.669 ms batch [367.480] delay 164.621 ms
INFO: at 106699.669 ms fetching 367.480 ms
INFO: at 106865.128 ms batch [77.030] delay 164.621 ms
INFO: at 106865.128 ms fetching 77.030 ms
INFO: at 107030.221 ms batch [346.258] delay 164.621 ms
INFO: at 107030.221 ms fetching 346.258 ms
INFO: at 107195.791 ms batch [190.111] delay 164.621 ms
INFO: at 107195.791 ms fetching 190.111 ms
INFO: at 107361.229 ms batch [243.867] delay 164.621 ms
INFO: at 107361.229 ms fetching 243.867 ms
INFO: at 107526.598 ms batch [433.290] delay 164.621 ms
INFO: at 107526.598 ms fetching 433.290 ms
INFO: at 107692.070 ms batch [349.667] delay 164.621 ms
INFO: at 107692.070 ms fetching 349.667 ms
INFO: at 107857.534 ms batch [165.644] delay 164.621 ms
INFO: at 107857.534 ms fetching 165.644 ms
INFO: at 108023.567 ms batch [187.675] delay 164.621 ms
INFO: at 108023.567 ms fetching 187.675 ms
INFO: at 108189.028 ms batch [604.241] delay 164.621 ms
INFO: at 108189.028 ms fetching 604.241 ms
INFO: at 108354.579 ms batch [220.493] delay 164.621 ms
INFO: at 108354.579 ms fetching 220.493 ms
INFO: at 108520.018 ms batch [136.966] delay 164.621 ms
INFO: at 108520.018 ms fetching 136.966 ms
INFO: at 108684.746 ms batch [312.069] delay 164.621 ms
INFO: at 108684.746 ms fetching 312.069 ms
INFO: at 108850.284 ms batch [115.408] delay 164.621 ms
INFO: at 108850.284 ms fetching 115.408 ms
INFO: at 109015.825 ms batch [106.960] delay 164.621 ms
INFO: at 109015.825 ms fetching 106.960 ms
INFO: at 109181.279 ms batch [318.224] delay 164.621 ms
INFO: at 109181.279 ms fetching 318.224 ms
INFO: at 109346.849 ms batch [293.375] delay 164.621 ms
INFO: at 109346.849 ms fetching 293.375 ms
INFO: at 109512.284 ms batch [132.224] delay 164.621 ms
INFO: at 109512.284 ms fetching 132.224 ms
INFO: at 109679.009 ms batch [232.675] delay 164.621 ms
INFO: at 109679.009 ms fetching 232.675 ms
INFO: at 109844.455 ms batch [315.850] delay 164.621 ms
INFO: at 109844.455 ms fetching 315.850 ms
INFO: at 110009.918 ms batch [367.733] delay 164.621 ms
INFO: at 110009.918 ms fetching 367.733 ms
INFO: at 110175.483 ms batch [171.062] delay 164.621 ms
INFO: at 110175.483 ms fetching 171.062 ms
INFO: at 110340.904 ms batch [481.533] delay 164.621 ms
INFO: at 110340.904 ms fetching 481.533 ms
INFO: at 110506.445 ms batch [242.395] delay 164.621 ms
INFO: at 110506.445 ms fetching 242.395 ms
INFO: at 110671.880 ms batch [221.171] delay 164.621 ms
INFO: at 110671.880 ms fetching 221.171 ms
INFO: at 110837.343 ms batch [361.939] delay 164.621 ms
INFO: at 110837.343 ms fetching 361.939 ms
INFO: at 111002.323 ms batch [224.161] delay 164.621 ms
INFO: at 111002.323 ms fetching 224.161 ms
INFO: at 111167.787 ms batch [279.202] delay 164.621 ms
INFO: at 111167.787 ms fetching 279.202 ms
INFO: at 111333.251 ms batch [343.769] delay 164.621 ms
INFO: at 111333.251 ms fetching 343.769 ms
INFO: at 111498.916 ms batch [513.272] delay 164.621 ms
INFO: at 111498.916 ms fetching 513.272 ms
INFO: at 111664.358 ms batch [454.158] delay 164.621 ms
INFO: at 111664.358 ms fetching 454.158 ms
INFO: at 111829.962 ms batch [298.796] delay 164.621 ms
INFO: at 111829.962 ms fetching 298.796 ms
INFO: at 111995.412 ms batch [125.546] delay 164.621 ms
INFO: at 111995.412 ms fetching 125.546 ms
INFO: at 112160.854 ms batch [113.691] delay 164.621 ms
INFO: at 112160.854 ms fetching 113.691 ms
INFO: at 112326.298 ms batch [197.134] delay 164.621 ms
INFO: at 112326.298 ms fetching 197.134 ms
INFO: at 112491.769 ms batch [187.126] delay 164.621 ms
INFO: at 112491.769 ms fetching 187.126 ms
INFO: at 112657.336 ms batch [168.710] delay 164.621 ms
INFO: at 112657.336 ms fetching 168.710 ms
INFO: at 112822.974 ms batch [132.837] delay 164.621 ms
INFO: at 112822.974 ms fetching 132.837 ms
INFO: at 112988.425 ms batch [205.545] delay 164.621 ms
INFO: at 112988.425 ms fetching 205.545 ms
INFO: at 113153.705 ms batch [101.117] delay 164.621 ms
INFO: at 113153.705 ms fetching 101.117 ms
INFO: at 113319.280 ms batch [168.459] delay 164.621 ms
INFO: at 113319.280 ms fetching 168.459 ms
INFO: at 113484.702 ms batch [252.231] delay 164.621 ms
INFO: at 113484.702 ms fetching 252.231 ms
INFO: at 113649.707 ms batch [218.790] delay 219.495 ms
INFO: at 113649.707 ms fetching 218.790 ms
INFO: at 113869.994 ms batch [205.448] delay 219.495 ms
INFO: at 113869.994 ms fetching 205.448 ms
INFO: at 114089.999 ms batch [145.535] delay 219.495 ms
INFO: at 114089.999 ms fetching 145.535 ms
INFO: at 114310.531 ms batch [95.200] delay 164.621 ms
INFO: at 114310.531 ms fetching 95.200 ms
INFO: at 114476.177 ms batch [309.091] delay 164.621 ms
INFO: at 114476.177 ms fetching 309.091 ms
INFO: at 114642.632 ms batch [270.719] delay 164.621 ms
INFO: at 114642.632 ms fetching 270.719 ms
INFO: at 114808.049 ms batch [595.923] delay 164.621 ms
INFO: at 114808.049 ms fetching 595.923 ms
INFO: at 114973.860 ms batch [311.679] delay 164.621 ms
INFO: at 114973.860 ms fetching 311.679 ms
INFO: at 115139.282 ms batch [145.411] delay 164.621 ms
INFO: at 115139.282 ms fetching 145.411 ms
INFO: at 115304.710 ms batch [128.740] delay 164.621 ms
INFO: at 115304.710 ms fetching 128.740 ms
INFO: at 115470.142 ms batch [166.965] delay 164.621 ms
INFO: at 115470.142 ms fetching 166.965 ms
INFO: at 115635.517 ms batch [262.373] delay 164.621 ms
INFO: at 115635.517 ms fetching 262.373 ms
INFO: at 115800.950 ms batch [194.488] delay 164.621 ms
INFO: at 115800.950 ms fetching 194.488 ms
INFO: at 115966.412 ms batch [490.497] delay 164.621 ms
INFO: at 115966.412 ms fetching 490.497 ms
INFO: at 116131.972 ms batch [249.467] delay 164.621 ms
INFO: at 116131.972 ms fetching 249.467 ms
INFO: at 116297.343 ms batch [123.465] delay 164.621 ms
INFO: at 116297.343 ms fetching 123.465 ms
INFO: at 116462.919 ms batch [300.372] delay 164.621 ms
INFO: at 116462.919 ms fetching 300.372 ms
INFO: at 116628.359 ms batch [113.501] delay 164.621 ms
INFO: at 116628.359 ms fetching 113.501 ms
INFO: at 116793.822 ms batch [182.426] delay 164.621 ms
INFO: at 116793.822 ms fetching 182.426 ms
INFO: at 116959.398 ms batch [185.615] delay 219.495 ms
INFO: at 116959.398 ms fetching 185.615 ms
INFO: at 117179.469 ms batch [261.992] delay 219.495 ms
INFO: at 117179.469 ms fetching 261.992 ms
INFO: at 117399.971 ms batch [294.559] delay 219.495 ms
INFO: at 117399.971 ms fetching 294.559 ms
INFO: at 117620.475 ms batch [685.284] delay 219.495 ms
INFO: at 117620.475 ms fetching 685.284 ms
INFO: at 117840.890 ms batch [262.733] delay 219.495 ms
INFO: at 117840.890 ms fetching 262.733 ms
INFO: at 118061.415 ms batch [59.381] delay 219.495 ms
INFO: at 118061.415 ms fetching 59.381 ms
INFO: at 118281.949 ms batch [375.940] delay 164.621 ms
INFO: at 118281.949 ms fetching 375.940 ms
INFO: at 118447.436 ms batch [258.821] delay 164.621 ms
INFO: at 118447.436 ms fetching 258.821 ms
INFO: at 118612.877 ms batch [471.646] delay 164.621 ms
INFO: at 118612.877 ms fetching 471.646 ms
INFO: at 118777.794 ms batch [279.639] delay 164.621 ms
INFO: at 118777.794 ms fetching 279.639 ms
INFO: at 118943.310 ms batch [77.071] delay 219.495 ms
INFO: at 118943.310 ms fetching 77.071 ms
INFO: at 119163.817 ms batch [221.504] delay 219.495 ms
INFO: at 119163.817 ms fetching 221.504 ms
INFO: at 119384.341 ms batch [113.343] delay 219.495 ms
INFO: at 119384.341 ms fetching 113.343 ms
INFO: at 119604.131 ms batch [365.427] delay 164.621 ms
INFO: at 119604.131 ms fetching 365.427 ms
INFO: at 119769.729 ms batch [105.823] delay 164.621 ms
INFO: at 119769.729 ms fetching 105.823 ms
INFO: at 119934.670 ms batch [314.957] delay 164.621 ms
INFO: at 119934.670 ms fetching 314.957 ms
INFO: at 120100.095 ms batch [303.586] delay 164.621 ms
INFO: at 120100.095 ms fetching 303.586 ms
INFO: at 120265.532 ms batch [239.016] delay 219.495 ms
INFO: at 120265.532 ms fetching 239.016 ms
INFO: at 120485.377 ms batch [167.457] delay 219.495 ms
INFO: at 120485.377 ms fetching 167.457 ms
INFO: at 120705.873 ms batch [193.352] delay 219.495 ms
INFO: at 120705.873 ms fetching 193.352 ms
INFO: at 120925.900 ms batch [231.218] delay 219.495 ms
INFO: at 120925.900 ms fetching 231.218 ms
INFO: at 121146.417 ms batch [199.251] delay 219.495 ms
INFO: at 121146.417 ms fetching 199.251 ms
INFO: at 121366.432 ms batch [162.321] delay 219.495 ms
INFO: at 121366.432 ms fetching 162.321 ms
INFO: at 121586.883 ms batch [187.296] delay 219.495 ms
INFO: at 121586.883 ms fetching 187.296 ms
INFO: at 121807.532 ms batch [317.178] delay 219.495 ms
INFO: at 121807.532 ms fetching 317.178 ms
INFO: at 122027.912 ms batch [271.664] delay 219.495 ms
INFO: at 122027.912 ms fetching 271.664 ms
INFO: at 122248.213 ms batch [196.740] delay 219.495 ms
INFO: at 122248.213 ms fetching 196.740 ms
INFO: at 122467.844 ms batch [161.240] delay 219.495 ms
INFO: at 122467.844 ms fetching 161.240 ms
INFO: at 122688.750 ms batch [415.749] delay 219.495 ms
INFO: at 122688.750 ms fetching 415.749 ms
INFO: at 122909.334 ms batch [203.652] delay 219.495 ms
INFO: at 122909.334 ms fetching 203.652 ms
INFO: at 123129.928 ms batch [143.953] delay 219.495 ms
INFO: at 123129.928 ms fetching 143.953 ms
INFO: at 123350.267 ms batch [189.910] delay 219.495 ms
INFO: at 123350.267 ms fetching 189.910 ms
INFO: at 123569.964 ms batch [139.421] delay 219.495 ms
INFO: at 123569.964 ms fetching 139.421 ms
INFO: at 123790.396 ms batch [261.534] delay 219.495 ms
INFO: at 123790.396 ms fetching 261.534 ms
INFO: at 124010.944 ms batch [303.555] delay 219.495 ms
INFO: at 124010.944 ms fetching 303.555 ms
INFO: at 124231.608 ms batch [413.892] delay 219.495 ms
INFO: at 124231.608 ms fetching 413.892 ms
INFO: at 124452.213 ms batch [115.608] delay 219.495 ms
INFO: at 124452.213 ms fetching 115.608 ms
INFO: at 124672.714 ms batch [501.564] delay 219.495 ms
INFO: at 124672.714 ms fetching 501.564 ms
INFO: at 124893.176 ms batch [165.205] delay 219.495 ms
INFO: at 124893.176 ms fetching 165.205 ms
INFO: at 125113.653 ms batch [135.603] delay 219.495 ms
INFO: at 125113.653 ms fetching 135.603 ms
INFO: at 125334.137 ms batch [159.115] delay 219.495 ms
INFO: at 125334.137 ms fetching 159.115 ms
INFO: at 125554.593 ms batch [299.920] delay 219.495 ms
INFO: at 125554.593 ms fetching 299.920 ms
INFO: at 125775.207 ms batch [165.666] delay 219.495 ms
INFO: at 125775.207 ms fetching 165.666 ms
INFO: at 125995.183 ms batch [209.658] delay 219.495 ms
INFO: at 125995.183 ms fetching 209.658 ms
INFO: at 126215.030 ms batch [314.261] delay 219.495 ms
INFO: at 126215.030 ms fetching 314.261 ms
INFO: at 126434.943 ms batch [187.736] delay 219.495 ms
INFO: at 126434.943 ms fetching 187.736 ms
INFO: at 126655.444 ms batch [54.984] delay 219.495 ms
INFO: at 126655.444 ms fetching 54.984 ms
INFO: at 126875.582 ms batch [165.785] delay 219.495 ms
INFO: at 126875.582 ms fetching 165.785 ms
INFO: at 127096.044 ms batch [144.387] delay 219.495 ms
INFO: at 127096.044 ms fetching 144.387 ms
INFO: at 127316.629 ms batch [315.621] delay 219.495 ms
INFO: at 127316.629 ms fetching 315.621 ms
INFO: at 127537.111 ms batch [343.534] delay 164.621 ms
INFO: at 127537.111 ms fetching 343.534 ms
INFO: at 127702.212 ms batch [379.376] delay 164.621 ms
INFO: at 127702.212 ms fetching 379.376 ms
INFO: at 127867.624 ms batch [253.725] delay 164.621 ms
INFO: at 127867.624 ms fetching 253.725 ms
INFO: at 128032.925 ms batch [90.691] delay 164.621 ms
INFO: at 128032.925 ms fetching 90.691 ms
INFO: at 128198.454 ms batch [384.768] delay 164.621 ms
INFO: at 128198.454 ms fetching 384.768 ms
INFO: at 128363.882 ms batch [199.244] delay 164.621 ms
INFO: at 128363.882 ms fetching 199.244 ms
INFO: at 128528.961 ms batch [227.984] delay 164.621 ms
INFO: at 128528.961 ms fetching 227.984 ms
INFO: at 128694.525 ms batch [433.428] delay 164.621 ms
INFO: at 128694.525 ms fetching 433.428 ms
INFO: at 128860.041 ms batch [303.321] delay 164.621 ms
INFO: at 128860.041 ms fetching 303.321 ms
INFO: at 129025.620 ms batch [91.863] delay 164.621 ms
INFO: at 129025.620 ms fetching 91.863 ms
INFO: at 129190.752 ms batch [119.862] delay 164.621 ms
INFO: at 129190.752 ms fetching 119.862 ms
INFO: at 129356.338 ms batch [313.421] delay 164.621 ms
INFO: at 129356.338 ms fetching 313.421 ms
INFO: at 129521.907 ms batch [380.195] delay 164.621 ms
INFO: at 129521.907 ms fetching 380.195 ms
INFO: at 129687.466 ms batch [342.804] delay 164.621 ms
INFO: at 129687.466 ms fetching 342.804 ms
INFO: at 129852.913 ms batch [225.315] delay 164.621 ms
INFO: at 129852.913 ms fetching 225.315 ms
INFO: at 130017.874 ms batch [187.921] delay 164.621 ms
INFO: at 130017.874 ms fetching 187.921 ms
INFO: at 130183.459 ms batch [67.929] delay 164.621 ms
INFO: at 130183.459 ms fetching 67.929 ms
INFO: at 130348.902 ms batch [140.326] delay 164.621 ms
INFO: at 130348.902 ms fetching 140.326 ms
INFO: at 130514.453 ms batch [472.645] delay 164.621 ms
INFO: at 130514.453 ms fetching 472.645 ms
INFO: at 130679.789 ms batch [289.451] delay 164.621 ms
INFO: at 130679.789 ms fetching 289.451 ms
INFO: at 130845.252 ms batch [292.195] delay 164.621 ms
INFO: at 130845.252 ms fetching 292.195 ms
INFO: at 131010.802 ms batch [226.405] delay 164.621 ms
INFO: at 131010.802 ms fetching 226.405 ms
INFO: at 131176.241 ms batch [100.610] delay 164.621 ms
INFO: at 131176.241 ms fetching 100.610 ms
INFO: at 131341.698 ms batch [127.971] delay 164.621 ms
INFO: at 131341.698 ms fetching 127.971 ms
INFO: at 131506.908 ms batch [229.634] delay 164.621 ms
INFO: at 131506.908 ms fetching 229.634 ms
INFO: at 131672.355 ms batch [415.600] delay 164.621 ms
INFO: at 131672.355 ms fetching 415.600 ms
INFO: at 131837.936 ms batch [228.130] delay 164.621 ms
INFO: at 131837.936 ms fetching 228.130 ms
INFO: at 132003.378 ms batch [262.604] delay 164.621 ms
INFO: at 132003.378 ms fetching 262.604 ms
INFO: at 132168.809 ms batch [226.654] delay 164.621 ms
INFO: at 132168.809 ms fetching 226.654 ms
INFO: at 132334.254 ms batch [452.916] delay 164.621 ms
INFO: at 132334.254 ms fetching 452.916 ms
INFO: at 132499.480 ms batch [181.121] delay 164.621 ms
INFO: at 132499.480 ms fetching 181.121 ms
INFO: at 132664.903 ms batch [197.952] delay 164.621 ms
INFO: at 132664.903 ms fetching 197.952 ms
INFO: at 132830.351 ms batch [305.607] delay 131.697 ms
INFO: at 132830.351 ms fetching 305.607 ms
INFO: at 132962.844 ms batch [61.954] delay 131.697 ms
INFO: at 132962.844 ms fetching 61.954 ms
INFO: at 133095.247 ms batch [165.272] delay 131.697 ms
INFO: at 133095.247 ms fetching 165.272 ms
INFO: at 133227.730 ms batch [153.374] delay 131.697 ms
INFO: at 133227.730 ms fetching 153.374 ms
INFO: at 133360.121 ms batch [265.394] delay 131.697 ms
INFO: at 133360.121 ms fetching 265.394 ms
INFO: at 133492.517 ms batch [196.064] delay 131.697 ms
INFO: at 133492.517 ms fetching 196.064 ms
INFO: at 133624.922 ms batch [434.545] delay 131.697 ms
INFO: at 133624.922 ms fetching 434.545 ms
INFO: at 133757.349 ms batch [478.515] delay 131.697 ms
INFO: at 133757.349 ms fetching 478.515 ms
INFO: at 133889.828 ms batch [184.715] delay 131.697 ms
INFO: at 133889.828 ms fetching 184.715 ms
INFO: at 134022.368 ms batch [152.519] delay 131.697 ms
INFO: at 134022.368 ms fetching 152.519 ms
INFO: at 134154.767 ms batch [373.321] delay 131.697 ms
INFO: at 134154.767 ms fetching 373.321 ms
INFO: at 134287.184 ms batch [147.915] delay 131.697 ms
INFO: at 134287.184 ms fetching 147.915 ms
INFO: at 134419.592 ms batch [78.285] delay 131.697 ms
INFO: at 134419.592 ms fetching 78.285 ms
INFO: at 134552.006 ms batch [256.608] delay 131.697 ms
INFO: at 134552.006 ms fetching 256.608 ms
INFO: at 134684.301 ms batch [88.886] delay 131.697 ms
INFO: at 134684.301 ms fetching 88.886 ms
INFO: at 134816.722 ms batch [331.246] delay 109.748 ms
INFO: at 134816.722 ms fetching 331.246 ms
INFO: at 134927.098 ms batch [246.696] delay 109.748 ms
INFO: at 134927.098 ms fetching 246.696 ms
INFO: at 135037.510 ms batch [339.097] delay 109.748 ms
INFO: at 135037.510 ms fetching 339.097 ms
INFO: at 135148.004 ms batch [77.599] delay 109.748 ms
INFO: at 135148.004 ms fetching 77.599 ms
INFO: at 135258.382 ms batch [386.493] delay 109.748 ms
INFO: at 135258.382 ms fetching 386.493 ms
INFO: at 135369.127 ms batch [272.000] delay 109.748 ms
INFO: at 135369.127 ms fetching 272.000 ms
INFO: at 135479.511 ms batch [93.371] delay 131.697 ms
INFO: at 135479.511 ms fetching 93.371 ms
INFO: at 135611.914 ms batch [320.923] delay 131.697 ms
INFO: at 135611.914 ms fetching 320.923 ms
INFO: at 135744.313 ms batch [210.841] delay 131.697 ms
INFO: at 135744.313 ms fetching 210.841 ms
INFO: at 135876.715 ms batch [146.962] delay 131.697 ms
INFO: at 135876.715 ms fetching 146.962 ms
INFO: at 136008.761 ms batch [106.648] delay 131.697 ms
INFO: at 136008.761 ms fetching 106.648 ms
INFO: at 136141.339 ms batch [554.768] delay 131.697 ms
INFO: at 136141.339 ms fetching 554.768 ms
INFO: at 136273.888 ms batch [200.090] delay 131.697 ms
INFO: at 136273.888 ms fetching 200.090 ms
INFO: at 136406.413 ms batch [205.286] delay 131.697 ms
INFO: at 136406.413 ms fetching 205.286 ms
INFO: at 136539.778 ms batch [158.888] delay 131.697 ms
INFO: at 136539.778 ms fetching 158.888 ms
INFO: at 136672.315 ms batch [553.699] delay 131.697 ms
INFO: at 136672.315 ms fetching 553.699 ms
INFO: at 136804.706 ms batch [238.582] delay 131.697 ms
INFO: at 136804.706 ms fetching 238.582 ms
INFO: at 136937.110 ms batch [101.428] delay 131.697 ms
INFO: at 136937.110 ms fetching 101.428 ms
INFO: at 137069.520 ms batch [157.832] delay 131.697 ms
INFO: at 137069.520 ms fetching 157.832 ms
INFO: at 137201.944 ms batch [155.593] delay 131.697 ms
INFO: at 137201.944 ms fetching 155.593 ms
INFO: at 137334.345 ms batch [210.528] delay 131.697 ms
INFO: at 137334.345 ms fetching 210.528 ms
INFO: at 137466.759 ms batch [436.148] delay 109.748 ms
INFO: at 137466.759 ms fetching 436.148 ms
INFO: at 137577.107 ms batch [62.745] delay 109.748 ms
INFO: at 137577.107 ms fetching 62.745 ms
INFO: at 137687.628 ms batch [362.361] delay 109.748 ms
INFO: at 137687.628 ms fetching 362.361 ms
INFO: at 137798.030 ms batch [70.002] delay 109.748 ms
INFO: at 137798.030 ms fetching 70.002 ms
INFO: at 137908.428 ms batch [288.762] delay 109.748 ms
INFO: at 137908.428 ms fetching 288.762 ms
INFO: at 138019.845 ms batch [136.392] delay 109.748 ms
INFO: at 138019.845 ms fetching 136.392 ms
INFO: at 138130.264 ms batch [275.784] delay 131.697 ms
INFO: at 138130.264 ms fetching 275.784 ms
INFO: at 138262.781 ms batch [204.223] delay 131.697 ms
INFO: at 138262.781 ms fetching 204.223 ms
INFO: at 138395.205 ms batch [88.637] delay 131.697 ms
INFO: at 138395.205 ms fetching 88.637 ms
INFO: at 138527.610 ms batch [121.992] delay 131.697 ms
INFO: at 138527.610 ms fetching 121.992 ms
INFO: at 138660.010 ms batch [507.395] delay 131.697 ms
INFO: at 138660.010 ms fetching 507.395 ms
INFO: at 138792.078 ms batch [214.343] delay 109.748 ms
INFO: at 138792.078 ms fetching 214.343 ms
INFO: at 138902.465 ms batch [328.725] delay 109.748 ms
INFO: at 138902.465 ms fetching 328.725 ms
INFO: at 139012.844 ms batch [289.175] delay 109.748 ms
INFO: at 139012.844 ms fetching 289.175 ms
INFO: at 139123.226 ms batch [242.619] delay 109.748 ms
INFO: at 139123.226 ms fetching 242.619 ms
INFO: at 139233.671 ms batch [225.642] delay 109.748 ms
INFO: at 139233.671 ms fetching 225.642 ms
INFO: at 139344.118 ms batch [369.575] delay 109.748 ms
INFO: at 139344.118 ms fetching 369.575 ms
INFO: at 139454.499 ms batch [338.069] delay 109.748 ms
INFO: at 139454.499 ms fetching 338.069 ms
INFO: at 139564.881 ms batch [221.276] delay 109.748 ms
INFO: at 139564.881 ms fetching 221.276 ms
INFO: at 139675.268 ms batch [168.977] delay 109.748 ms
INFO: at 139675.268 ms fetching 168.977 ms
INFO: at 139786.020 ms batch [253.847] delay 109.748 ms
INFO: at 139786.020 ms fetching 253.847 ms
INFO: at 139896.412 ms batch [158.482] delay 109.748 ms
INFO: at 139896.412 ms fetching 158.482 ms
INFO: at 140006.823 ms batch [256.447] delay 109.748 ms
INFO: at 140006.823 ms fetching 256.447 ms
INFO: at 140117.320 ms batch [80.684] delay 109.748 ms
INFO: at 140117.320 ms fetching 80.684 ms
INFO: at 140227.762 ms batch [176.435] delay 109.748 ms
INFO: at 140227.762 ms fetching 176.435 ms
INFO: at 140338.144 ms batch [130.105] delay 109.748 ms
INFO: at 140338.144 ms fetching 130.105 ms
INFO: at 140449.172 ms batch [174.207] delay 109.748 ms
INFO: at 140449.172 ms fetching 174.207 ms
INFO: at 140559.696 ms batch [70.093] delay 109.748 ms
INFO: at 140559.696 ms fetching 70.093 ms
INFO: at 140670.084 ms batch [189.891] delay 109.748 ms
INFO: at 140670.084 ms fetching 189.891 ms
INFO: at 140780.463 ms batch [114.740] delay 109.748 ms
INFO: at 140780.463 ms fetching 114.740 ms
INFO: at 140890.648 ms batch [248.995] delay 109.748 ms
INFO: at 140890.648 ms fetching 248.995 ms
INFO: at 141001.044 ms batch [106.803] delay 109.748 ms
INFO: at 141001.044 ms fetching 106.803 ms
INFO: at 141111.508 ms batch [221.347] delay 109.748 ms
INFO: at 141111.508 ms fetching 221.347 ms
INFO: at 141221.913 ms batch [386.073] delay 109.748 ms
INFO: at 141221.913 ms fetching 386.073 ms
INFO: at 141333.240 ms batch [581.722] delay 109.748 ms
INFO: at 141333.240 ms fetching 581.722 ms
INFO: at 141443.651 ms batch [213.934] delay 109.748 ms
INFO: at 141443.651 ms fetching 213.934 ms
INFO: at 141554.062 ms batch [207.586] delay 109.748 ms
INFO: at 141554.062 ms fetching 207.586 ms
INFO: at 141664.496 ms batch [192.161] delay 109.748 ms
INFO: at 141664.496 ms fetching 192.161 ms
INFO: at 141774.807 ms batch [273.998] delay 109.748 ms
INFO: at 141774.807 ms fetching 273.998 ms
INFO: at 141885.217 ms batch [129.716] delay 109.748 ms
INFO: at 141885.217 ms fetching 129.716 ms
INFO: at 141995.723 ms batch [47.547] delay 109.748 ms
INFO: at 141995.723 ms fetching 47.547 ms
INFO: at 142106.137 ms batch [294.707] delay 109.748 ms
INFO: at 142106.137 ms fetching 294.707 ms
INFO: at 142216.563 ms batch [76.959] delay 109.748 ms
INFO: at 142216.563 ms fetching 76.959 ms
INFO: at 142326.947 ms batch [222.143] delay 109.748 ms
INFO: at 142326.947 ms fetching 222.143 ms
INFO: at 142437.349 ms batch [69.003] delay 109.748 ms
INFO: at 142437.349 ms fetching 69.003 ms
INFO: at 142547.739 ms batch [363.973] delay 109.748 ms
INFO: at 142547.739 ms fetching 363.973 ms
INFO: at 142658.154 ms batch [295.254] delay 109.748 ms
INFO: at 142658.154 ms fetching 295.254 ms
INFO: at 142768.609 ms batch [359.457] delay 109.748 ms
INFO: at 142768.609 ms fetching 359.457 ms
INFO: at 142878.672 ms batch [160.120] delay 109.748 ms
INFO: at 142878.672 ms fetching 160.120 ms
INFO: at 142989.135 ms batch [79.049] delay 109.748 ms
INFO: at 142989.135 ms fetching 79.049 ms
INFO: at 143099.663 ms batch [259.355] delay 109.748 ms
INFO: at 143099.663 ms fetching 259.355 ms
INFO: at 143210.076 ms batch [55.880] delay 109.748 ms
INFO: at 143210.076 ms fetching 55.880 ms
INFO: at 143320.571 ms batch [41.374] delay 109.748 ms
INFO: at 143320.571 ms fetching 41.374 ms
INFO: at 143430.966 ms batch [560.583] delay 109.748 ms
INFO: at 143430.966 ms fetching 560.583 ms
INFO: at 143541.218 ms batch [123.472] delay 109.748 ms
INFO: at 143541.218 ms fetching 123.472 ms
INFO: at 143651.763 ms batch [153.171] delay 109.748 ms
INFO: at 143651.763 ms fetching 153.171 ms
INFO: at 143762.149 ms batch [187.861] delay 109.748 ms
INFO: at 143762.149 ms fetching 187.861 ms
INFO: at 143872.552 ms batch [173.929] delay 109.748 ms
INFO: at 143872.552 ms fetching 173.929 ms
INFO: at 143982.801 ms batch [351.995] delay 109.748 ms
INFO: at 143982.801 ms fetching 351.995 ms
INFO: at 144093.218 ms batch [281.401] delay 109.748 ms
INFO: at 144093.218 ms fetching 281.401 ms
INFO: at 144203.746 ms batch [189.041] delay 109.748 ms
INFO: at 144203.746 ms fetching 189.041 ms
INFO: at 144314.165 ms batch [317.814] delay 109.748 ms
INFO: at 144314.165 ms fetching 317.814 ms
INFO: at 144424.653 ms batch [207.335] delay 109.748 ms
INFO: at 144424.653 ms fetching 207.335 ms
INFO: at 144535.059 ms batch [252.914] delay 109.748 ms
INFO: at 144535.059 ms fetching 252.914 ms
INFO: at 144645.497 ms batch [152.409] delay 109.748 ms
INFO: at 144645.497 ms fetching 152.409 ms
INFO: at 144756.047 ms batch [145.974] delay 109.748 ms
INFO: at 144756.047 ms fetching 145.974 ms
INFO: at 144866.507 ms batch [162.424] delay 109.748 ms
INFO: at 144866.507 ms fetching 162.424 ms
INFO: at 144977.002 ms batch [102.713] delay 109.748 ms
INFO: at 144977.002 ms fetching 102.713 ms
INFO: at 145087.260 ms batch [130.857] delay 109.748 ms
INFO: at 145087.260 ms fetching 130.857 ms
INFO: at 145197.722 ms batch [63.658] delay 109.748 ms
INFO: at 145197.722 ms fetching 63.658 ms
INFO: at 145308.251 ms batch [144.365] delay 109.748 ms
INFO: at 145308.251 ms fetching 144.365 ms
INFO: at 145418.640 ms batch [185.535] delay 109.748 ms
INFO: at 145418.640 ms fetching 185.535 ms
INFO: at 145529.026 ms batch [102.013] delay 109.748 ms
INFO: at 145529.026 ms fetching 102.013 ms
INFO: at 145639.511 ms batch [778.266] delay 109.748 ms
INFO: at 145639.511 ms fetching 778.266 ms
INFO: at 145749.953 ms batch [217.291] delay 109.748 ms
INFO: at 145749.953 ms fetching 217.291 ms
INFO: at 145860.415 ms batch [235.972] delay 109.748 ms
INFO: at 145860.415 ms fetching 235.972 ms
INFO: at 145970.472 ms batch [342.800] delay 109.748 ms
INFO: at 145970.472 ms fetching 342.800 ms
INFO: at 146080.917 ms batch [360.396] delay 109.748 ms
INFO: at 146080.917 ms fetching 360.396 ms
INFO: at 146191.422 ms batch [160.384] delay 109.748 ms
INFO: at 146191.422 ms fetching 160.384 ms
INFO: at 146301.815 ms batch [459.371] delay 109.748 ms
INFO: at 146301.815 ms fetching 459.371 ms
INFO: at 146412.315 ms batch [139.432] delay 109.748 ms
INFO: at 146412.315 ms fetching 139.432 ms
INFO: at 146522.695 ms batch [175.739] delay 109.748 ms
INFO: at 146522.695 ms fetching 175.739 ms
INFO: at 146633.075 ms batch [249.260] delay 109.748 ms
INFO: at 146633.075 ms fetching 249.260 ms
INFO: at 146743.462 ms batch [243.003] delay 109.748 ms
INFO: at 146743.462 ms fetching 243.003 ms
INFO: at 146853.874 ms batch [137.413] delay 109.748 ms
INFO: at 146853.874 ms fetching 137.413 ms
INFO: at 146964.384 ms batch [169.728] delay 109.748 ms
INFO: at 146964.384 ms fetching 169.728 ms
INFO: at 147074.777 ms batch [322.032] delay 109.748 ms
INFO: at 147074.777 ms fetching 322.032 ms
INFO: at 147185.196 ms batch [231.198] delay 109.748 ms
INFO: at 147185.196 ms fetching 231.198 ms
INFO: at 147295.716 ms batch [269.274] delay 109.748 ms
INFO: at 147295.716 ms fetching 269.274 ms
INFO: at 147405.953 ms batch [349.000] delay 109.748 ms
INFO: at 147405.953 ms fetching 349.000 ms
INFO: at 147516.474 ms batch [239.422] delay 109.748 ms
INFO: at 147516.474 ms fetching 239.422 ms
INFO: at 147626.861 ms batch [113.332] delay 109.748 ms
INFO: at 147626.861 ms fetching 113.332 ms
INFO: at 147737.276 ms batch [432.198] delay 109.748 ms
INFO: at 147737.276 ms fetching 432.198 ms
INFO: at 147847.794 ms batch [297.022] delay 109.748 ms
INFO: at 147847.794 ms fetching 297.022 ms
INFO: at 147958.220 ms batch [243.952] delay 109.748 ms
INFO: at 147958.220 ms fetching 243.952 ms
INFO: at 148068.695 ms batch [626.251] delay 131.697 ms
INFO: at 148068.695 ms fetching 626.251 ms
INFO: at 148200.994 ms batch [151.700] delay 131.697 ms
INFO: at 148200.994 ms fetching 151.700 ms
INFO: at 148333.815 ms batch [99.951] delay 131.697 ms
INFO: at 148333.815 ms fetching 99.951 ms
INFO: at 148466.486 ms batch [187.590] delay 131.697 ms
INFO: at 148466.486 ms fetching 187.590 ms
INFO: at 148599.024 ms batch [340.040] delay 131.697 ms
INFO: at 148599.024 ms fetching 340.040 ms
INFO: at 148731.547 ms batch [171.895] delay 109.748 ms
INFO: at 148731.547 ms fetching 171.895 ms
INFO: at 148842.049 ms batch [452.274] delay 109.748 ms
INFO: at 148842.049 ms fetching 452.274 ms
INFO: at 148952.574 ms batch [194.567] delay 109.748 ms
INFO: at 148952.574 ms fetching 194.567 ms
INFO: at 149062.701 ms batch [98.957] delay 109.748 ms
INFO: at 149062.701 ms fetching 98.957 ms
INFO: at 149173.233 ms batch [343.032] delay 109.748 ms
INFO: at 149173.233 ms fetching 343.032 ms
INFO: at 149283.686 ms batch [298.367] delay 109.748 ms
INFO: at 149283.686 ms fetching 298.367 ms
INFO: at 149394.159 ms batch [388.206] delay 131.697 ms
INFO: at 149394.159 ms fetching 388.206 ms
INFO: at 149526.702 ms batch [251.159] delay 131.697 ms
INFO: at 149526.702 ms fetching 251.159 ms
INFO: at 149659.253 ms batch [183.297] delay 131.697 ms
INFO: at 149659.253 ms fetching 183.297 ms
INFO: at 149791.799 ms batch [305.574] delay 131.697 ms
INFO: at 149791.799 ms fetching 305.574 ms
INFO: at 149924.307 ms batch [127.168] delay 131.697 ms
INFO: at 149924.307 ms fetching 127.168 ms
INFO: at 150057.013 ms batch [285.481] delay 109.748 ms
INFO: at 150057.013 ms fetching 285.481 ms
INFO: at 150167.510 ms batch [303.791] delay 109.748 ms
INFO: at 150167.510 ms fetching 303.791 ms
INFO: at 150278.012 ms batch [218.449] delay 109.748 ms
INFO: at 150278.012 ms fetching 218.449 ms
INFO: at 150388.451 ms batch [135.315] delay 109.748 ms
INFO: at 150388.451 ms fetching 135.315 ms
INFO: at 150498.958 ms batch [188.306] delay 109.748 ms
INFO: at 150498.958 ms fetching 188.306 ms
INFO: at 150609.485 ms batch [247.517] delay 109.748 ms
INFO: at 150609.485 ms fetching 247.517 ms
INFO: at 150719.981 ms batch [173.713] delay 94.069 ms
INFO: at 150719.981 ms fetching 173.713 ms
INFO: at 150814.161 ms batch [92.743] delay 94.069 ms
INFO: at 150814.161 ms fetching 92.743 ms
INFO: at 150909.072 ms batch [77.125] delay 94.069 ms
INFO: at 150909.072 ms fetching 77.125 ms
INFO: at 151003.545 ms batch [351.048] delay 94.069 ms
INFO: at 151003.545 ms fetching 351.048 ms
INFO: at 151098.008 ms batch [231.312] delay 94.069 ms
INFO: at 151098.008 ms fetching 231.312 ms
INFO: at 151192.451 ms batch [146.166] delay 94.069 ms
INFO: at 151192.451 ms fetching 146.166 ms
INFO: at 151286.898 ms batch [401.359] delay 94.069 ms
INFO: at 151286.898 ms fetching 401.359 ms
INFO: at 151381.887 ms batch [490.004] delay 109.748 ms
INFO: at 151381.887 ms fetching 490.004 ms
INFO: at 151492.401 ms batch [273.644] delay 109.748 ms
INFO: at 151492.401 ms fetching 273.644 ms
INFO: at 151602.856 ms batch [811.822] delay 109.748 ms
INFO: at 151602.856 ms fetching 811.822 ms
INFO: at 151713.319 ms batch [235.756] delay 109.748 ms
INFO: at 151713.319 ms fetching 235.756 ms
INFO: at 151823.777 ms batch [418.707] delay 109.748 ms
INFO: at 151823.777 ms fetching 418.707 ms
INFO: at 151934.253 ms batch [166.206] delay 109.748 ms
INFO: at 151934.253 ms fetching 166.206 ms
INFO: at 152044.747 ms batch [281.133] delay 109.748 ms
INFO: at 152044.747 ms fetching 281.133 ms
INFO: at 152154.806 ms batch [308.787] delay 109.748 ms
INFO: at 152154.806 ms fetching 308.787 ms
INFO: at 152265.290 ms batch [388.711] delay 109.748 ms
INFO: at 152265.290 ms fetching 388.711 ms
INFO: at 152375.742 ms batch [179.160] delay 109.748 ms
INFO: at 152375.742 ms fetching 179.160 ms
INFO: at 152486.211 ms batch [112.871] delay 109.748 ms
INFO: at 152486.211 ms fetching 112.871 ms
INFO: at 152596.669 ms batch [144.939] delay 109.748 ms
INFO: at 152596.669 ms fetching 144.939 ms
INFO: at 152707.140 ms batch [326.817] delay 109.748 ms
INFO: at 152707.140 ms fetching 326.817 ms
INFO: at 152817.608 ms batch [133.733] delay 109.748 ms
INFO: at 152817.608 ms fetching 133.733 ms
INFO: at 152928.059 ms batch [358.578] delay 109.748 ms
INFO: at 152928.059 ms fetching 358.578 ms
INFO: at 153038.524 ms batch [178.614] delay 109.748 ms
INFO: at 153038.524 ms fetching 178.614 ms
INFO: at 153148.996 ms batch [329.091] delay 109.748 ms
INFO: at 153148.996 ms fetching 329.091 ms
INFO: at 153259.492 ms batch [295.338] delay 109.748 ms
INFO: at 153259.492 ms fetching 295.338 ms
INFO: at 153370.026 ms batch [250.632] delay 94.069 ms
INFO: at 153370.026 ms fetching 250.632 ms
INFO: at 153464.560 ms batch [227.029] delay 94.069 ms
INFO: at 153464.560 ms fetching 227.029 ms
INFO: at 153559.067 ms batch [275.169] delay 94.069 ms
INFO: at 153559.067 ms fetching 275.169 ms
INFO: at 153653.647 ms batch [189.422] delay 94.069 ms
INFO: at 153653.647 ms fetching 189.422 ms
INFO: at 153748.192 ms batch [344.675] delay 94.069 ms
INFO: at 153748.192 ms fetching 344.675 ms
INFO: at 153842.719 ms batch [380.019] delay 94.069 ms
INFO: at 153842.719 ms fetching 380.019 ms
INFO: at 153937.263 ms batch [183.595] delay 94.069 ms
INFO: at 153937.263 ms fetching 183.595 ms
INFO: at 154031.790 ms batch [311.060] delay 94.069 ms
INFO: at 154031.790 ms fetching 311.060 ms
INFO: at 154126.242 ms batch [118.078] delay 94.069 ms
INFO: at 154126.242 ms fetching 118.078 ms
INFO: at 154220.685 ms batch [342.530] delay 94.069 ms
INFO: at 154220.685 ms fetching 342.530 ms
INFO: at 154315.153 ms batch [258.566] delay 94.069 ms
INFO: at 154315.153 ms fetching 258.566 ms
INFO: at 154409.608 ms batch [181.728] delay 94.069 ms
INFO: at 154409.608 ms fetching 181.728 ms
INFO: at 154504.282 ms batch [152.587] delay 94.069 ms
INFO: at 154504.282 ms fetching 152.587 ms
INFO: at 154598.785 ms batch [99.187] delay 94.069 ms
INFO: at 154598.785 ms fetching 99.187 ms
INFO: at 154693.223 ms batch [356.844] delay 109.748 ms
INFO: at 154693.223 ms fetching 356.844 ms
INFO: at 154803.679 ms batch [119.721] delay 109.748 ms
INFO: at 154803.679 ms fetching 119.721 ms
INFO: at 154914.112 ms batch [335.315] delay 109.748 ms
INFO: at 154914.112 ms fetching 335.315 ms
INFO: at 155024.583 ms batch [374.346] delay 109.748 ms
INFO: at 155024.583 ms fetching 374.346 ms
INFO: at 155135.042 ms batch [431.965] delay 109.748 ms
INFO: at 155135.042 ms fetching 431.965 ms
INFO: at 155245.380 ms batch [507.711] delay 109.748 ms
INFO: at 155245.380 ms fetching 507.711 ms
INFO: at 155355.938 ms batch [200.917] delay 94.069 ms
INFO: at 155355.938 ms fetching 200.917 ms
INFO: at 155450.371 ms batch [384.009] delay 94.069 ms
INFO: at 155450.371 ms fetching 384.009 ms
INFO: at 155544.831 ms batch [306.857] delay 94.069 ms
INFO: at 155544.831 ms fetching 306.857 ms
INFO: at 155639.296 ms batch [267.552] delay 94.069 ms
INFO: at 155639.296 ms fetching 267.552 ms
INFO: at 155733.753 ms batch [254.257] delay 94.069 ms
INFO: at 155733.753 ms fetching 254.257 ms
INFO: at 155828.216 ms batch [240.292] delay 94.069 ms
INFO: at 155828.216 ms fetching 240.292 ms
INFO: at 155922.662 ms batch [209.505] delay 94.069 ms
INFO: at 155922.662 ms fetching 209.505 ms
INFO: at 156017.131 ms batch [425.266] delay 94.069 ms
INFO: at 156017.131 ms fetching 425.266 ms
INFO: at 156111.617 ms batch [107.648] delay 94.069 ms
INFO: at 156111.617 ms fetching 107.648 ms
INFO: at 156207.188 ms batch [362.619] delay 94.069 ms
INFO: at 156207.188 ms fetching 362.619 ms
INFO: at 156301.691 ms batch [130.253] delay 94.069 ms
INFO: at 156301.691 ms fetching 130.253 ms
INFO: at 156396.147 ms batch [139.298] delay 94.069 ms
INFO: at 156396.147 ms fetching 139.298 ms
INFO: at 156490.605 ms batch [115.989] delay 94.069 ms
INFO: at 156490.605 ms fetching 115.989 ms
INFO: at 156585.056 ms batch [350.544] delay 94.069 ms
INFO: at 156585.056 ms fetching 350.544 ms
INFO: at 156679.520 ms batch [138.221] delay 109.748 ms
INFO: at 156679.520 ms fetching 138.221 ms
INFO: at 156790.004 ms batch [331.749] delay 109.748 ms
INFO: at 156790.004 ms fetching 331.749 ms
INFO: at 156899.995 ms batch [215.424] delay 109.748 ms
INFO: at 156899.995 ms fetching 215.424 ms
INFO: at 157010.521 ms batch [326.296] delay 109.748 ms
INFO: at 157010.521 ms fetching 326.296 ms
INFO: at 157120.995 ms batch [420.954] delay 109.748 ms
INFO: at 157120.995 ms fetching 420.954 ms
INFO: at 157231.503 ms batch [153.861] delay 109.748 ms
INFO: at 157231.503 ms fetching 153.861 ms
INFO: at 157341.974 ms batch [247.059] delay 131.697 ms
INFO: at 157341.974 ms fetching 247.059 ms
INFO: at 157474.469 ms batch [160.619] delay 131.697 ms
INFO: at 157474.469 ms fetching 160.619 ms
INFO: at 157606.316 ms batch [369.931] delay 131.697 ms
INFO: at 157606.316 ms fetching 369.931 ms
INFO: at 157738.824 ms batch [314.487] delay 131.697 ms
INFO: at 157738.824 ms fetching 314.487 ms
INFO: at 157871.323 ms batch [296.473] delay 131.697 ms
INFO: at 157871.323 ms fetching 296.473 ms
INFO: at 158003.804 ms batch [209.879] delay 131.697 ms
INFO: at 158003.804 ms fetching 209.879 ms
INFO: at 158136.291 ms batch [221.732] delay 131.697 ms
INFO: at 158136.291 ms fetching 221.732 ms
INFO: at 158268.815 ms batch [98.283] delay 131.697 ms
INFO: at 158268.815 ms fetching 98.283 ms
INFO: at 158401.316 ms batch [204.634] delay 131.697 ms
INFO: at 158401.316 ms fetching 204.634 ms
INFO: at 158533.978 ms batch [155.029] delay 131.697 ms
INFO: at 158533.978 ms fetching 155.029 ms
INFO: at 158666.513 ms batch [162.791] delay 131.697 ms
INFO: at 158666.513 ms fetching 162.791 ms
INFO: at 158799.024 ms batch [190.399] delay 131.697 ms
INFO: at 158799.024 ms fetching 190.399 ms
INFO: at 158931.466 ms batch [216.927] delay 131.697 ms
INFO: at 158931.466 ms fetching 216.927 ms
INFO: at 159063.977 ms batch [160.354] delay 131.697 ms
INFO: at 159063.977 ms fetching 160.354 ms
INFO: at 159196.458 ms batch [869.777] delay 131.697 ms
INFO: at 159196.458 ms fetching 869.777 ms
INFO: at 159329.034 ms batch [436.069] delay 164.621 ms
INFO: at 159329.034 ms fetching 436.069 ms
INFO: at 159494.553 ms batch [156.998] delay 164.621 ms
INFO: at 159494.553 ms fetching 156.998 ms
INFO: at 159660.062 ms batch [241.452] delay 164.621 ms
INFO: at 159660.062 ms fetching 241.452 ms
INFO: at 159825.601 ms batch [359.131] delay 164.621 ms
INFO: at 159825.601 ms fetching 359.131 ms
INFO: at 159991.129 ms batch [160.266] delay 329.243 ms
INFO: at 159991.129 ms fetching 160.266 ms
INFO: at 160320.858 ms batch [158.647] delay 329.243 ms
INFO: at 160320.858 ms fetching 158.647 ms
INFO: at 160650.883 ms batch [282.248] delay 329.243 ms
INFO: at 160650.883 ms fetching 282.248 ms
INFO: at 160980.420 ms batch [113.296] delay 329.243 ms
INFO: at 160980.420 ms fetching 113.296 ms
INFO: at 161309.885 ms batch [257.570] delay 658.485 ms
INFO: at 161309.885 ms fetching 257.570 ms
INFO: at 161969.395 ms batch [287.166] delay 658.485 ms
INFO: at 161969.395 ms fetching 287.166 ms
INFO: at 162628.882 ms batch [216.008] delay 658.485 ms
INFO: at 162628.882 ms fetching 216.008 ms
INFO: at 163288.209 ms batch [248.040] delay 658.485 ms
INFO: at 163288.209 ms fetching 248.040 ms
INFO: at 163947.364 ms batch [123.561] delay 658.485 ms
INFO: at 163947.364 ms fetching 123.561 ms
INFO: at 164607.102 ms batch [222.042] delay 658.485 ms
INFO: at 164607.102 ms fetching 222.042 ms
INFO: at 165267.022 ms batch [272.154] delay 658.485 ms
INFO: at 165267.022 ms fetching 272.154 ms
INFO: at 165926.753 ms batch [341.608] delay 658.485 ms
INFO: at 165926.753 ms fetching 341.608 ms
INFO: at 166585.700 ms batch [425.811] delay 658.485 ms
INFO: at 166585.700 ms fetching 425.811 ms
INFO: at 167244.816 ms batch [77.962] delay 658.485 ms
INFO: at 167244.816 ms fetching 77.962 ms
INFO: at 167905.082 ms batch [204.106] delay 658.485 ms
INFO: at 167905.082 ms fetching 204.106 ms
INFO: at 168565.008 ms batch [100.289] delay 658.485 ms
INFO: at 168565.008 ms fetching 100.289 ms
INFO: at 169224.518 ms batch [311.036] delay 658.485 ms
INFO: at 169224.518 ms fetching 311.036 ms
INFO: at 169883.653 ms batch [264.358] delay 658.485 ms
INFO: at 169883.653 ms fetching 264.358 ms
INFO: at 170542.818 ms batch [89.326] delay 658.485 ms
INFO: at 170542.818 ms fetching 89.326 ms
INFO: at 171202.188 ms batch [149.145] delay 658.485 ms
INFO: at 171202.188 ms fetching 149.145 ms
INFO: at 171861.765 ms batch [407.732] delay 658.485 ms
INFO: at 171861.765 ms fetching 407.732 ms
INFO: at 172521.554 ms batch [165.000] delay 658.485 ms
INFO: at 172521.554 ms fetching 165.000 ms
INFO: at 173181.347 ms batch [139.002] delay 658.485 ms
INFO: at 173181.347 ms fetching 139.002 ms
INFO: at 173840.471 ms batch [361.462] delay 658.485 ms
INFO: at 173840.471 ms fetching 361.462 ms
INFO: at 174499.717 ms batch [144.462] delay 658.485 ms
INFO: at 174499.717 ms fetching 144.462 ms
INFO: at 175159.719 ms batch [239.498] delay 658.485 ms
INFO: at 175159.719 ms fetching 239.498 ms
INFO: at 175819.775 ms batch [273.649] delay 658.485 ms
INFO: at 175819.775 ms fetching 273.649 ms
INFO: at 176479.331 ms batch [377.519] delay 658.485 ms
INFO: at 176479.331 ms fetching 377.519 ms
INFO: at 177138.615 ms batch [276.254] delay 658.485 ms
INFO: at 177138.615 ms fetching 276.254 ms
INFO: at 177797.887 ms batch [183.721] delay 658.485 ms
INFO: at 177797.887 ms fetching 183.721 ms
INFO: at 178456.994 ms batch [119.795] delay 658.485 ms
INFO: at 178456.994 ms fetching 119.795 ms
INFO: at 179116.196 ms batch [288.480] delay 658.485 ms
INFO: at 179116.196 ms fetching 288.480 ms
INFO: at 179775.541 ms batch [120.737] delay 658.485 ms
INFO: at 179775.541 ms fetching 120.737 ms
INFO: at 180434.759 ms batch [233.684] delay 658.485 ms
INFO: at 180434.759 ms fetching 233.684 ms
INFO: at 181094.703 ms batch [322.139] delay 658.485 ms
INFO: at 181094.703 ms fetching 322.139 ms
INFO: at 181754.055 ms batch [281.240] delay 658.485 ms
INFO: at 181754.055 ms fetching 281.240 ms
INFO: at 182413.155 ms batch [246.653] delay 658.485 ms
INFO: at 182413.155 ms fetching 246.653 ms
INFO: at 183072.419 ms batch [62.226] delay 658.485 ms
INFO: at 183072.419 ms fetching 62.226 ms
INFO: at 183732.303 ms batch [490.867] delay 658.485 ms
INFO: at 183732.303 ms fetching 490.867 ms
INFO: at 184391.822 ms batch [108.341] delay 658.485 ms
INFO: at 184391.822 ms fetching 108.341 ms
INFO: at 185050.993 ms batch [341.916] delay 658.485 ms
INFO: at 185050.993 ms fetching 341.916 ms
INFO: at 185710.451 ms batch [302.983] delay 658.485 ms
INFO: at 185710.451 ms fetching 302.983 ms
INFO: at 186371.311 ms batch [564.358] delay 658.485 ms
INFO: at 186371.311 ms fetching 564.358 ms
INFO: at 187030.048 ms batch [85.715] delay 658.485 ms
INFO: at 187030.048 ms fetching 85.715 ms
INFO: at 187689.847 ms batch [136.576] delay 658.485 ms
INFO: at 187689.847 ms fetching 136.576 ms
INFO: at 188349.430 ms batch [257.763] delay 658.485 ms
INFO: at 188349.430 ms fetching 257.763 ms
INFO: at 189009.316 ms batch [202.950] delay 658.485 ms
INFO: at 189009.316 ms fetching 202.950 ms
INFO: at 189669.207 ms batch [236.763] delay 658.485 ms
INFO: at 189669.207 ms fetching 236.763 ms
INFO: at 190329.677 ms batch [146.462] delay 658.485 ms
INFO: at 190329.677 ms fetching 146.462 ms
INFO: at 190989.354 ms batch [318.609] delay 658.485 ms
INFO: at 190989.354 ms fetching 318.609 ms
INFO: at 191648.297 ms batch [197.011] delay 658.485 ms
INFO: at 191648.297 ms fetching 197.011 ms
INFO: at 192307.825 ms batch [92.948] delay 658.485 ms
INFO: at 192307.825 ms fetching 92.948 ms
INFO: at 192967.384 ms batch [249.031] delay 658.485 ms
INFO: at 192967.384 ms fetching 249.031 ms
INFO: at 193626.431 ms batch [178.067] delay 658.485 ms
INFO: at 193626.431 ms fetching 178.067 ms
INFO: at 194286.589 ms batch [475.094] delay 658.485 ms
INFO: at 194286.589 ms fetching 475.094 ms
INFO: at 194946.277 ms batch [152.357] delay 658.485 ms
INFO: at 194946.277 ms fetching 152.357 ms
INFO: at 195605.994 ms batch [283.105] delay 658.485 ms
INFO: at 195605.994 ms fetching 283.105 ms
INFO: at 196265.891 ms batch [354.152] delay 658.485 ms
INFO: at 196265.891 ms fetching 354.152 ms
INFO: at 196924.910 ms batch [63.057] delay 658.485 ms
INFO: at 196924.910 ms fetching 63.057 ms
INFO: at 197584.675 ms batch [410.468] delay 658.485 ms
INFO: at 197584.675 ms fetching 410.468 ms
INFO: at 198244.305 ms batch [390.482] delay 658.485 ms
INFO: at 198244.305 ms fetching 390.482 ms
INFO: done
INFO: stopping nexus
