22-04-02:22:12:53 INFO     [docker_container_manager.py:192] [default-cluster] Starting managed Redis instance in Docker
22-04-02:22:12:55 INFO     [docker_container_manager.py:294] [default-cluster] Metric Configuration Saved at /tmp/tmpy466om_n.yml
22-04-02:22:12:56 INFO     [clipper_admin.py:162] [default-cluster] Clipper is running
22-04-02:22:12:56 INFO     [clipper_admin.py:236] [default-cluster] Application fake-model was successfully registered
22-04-02:22:12:56 INFO     [deployer_utils.py:41] Saving function to /tmp/tmpf_2gix23clipper
22-04-02:22:12:56 INFO     [deployer_utils.py:51] Serialized and supplied predict function
22-04-02:22:12:56 INFO     [python.py:192] Python closure saved
22-04-02:22:12:56 INFO     [python.py:210] Using Python 3.7 base image
22-04-02:22:12:56 INFO     [clipper_admin.py:534] [default-cluster] Building model Docker image with model data from /tmp/tmpf_2gix23clipper
22-04-02:22:12:56 INFO     [clipper_admin.py:539] [default-cluster] Step 1/2 : FROM clipper/python37-closure-container:develop
22-04-02:22:12:56 INFO     [clipper_admin.py:539] [default-cluster]  ---> 2660542c0759
22-04-02:22:12:56 INFO     [clipper_admin.py:539] [default-cluster] Step 2/2 : COPY /tmp/tmpf_2gix23clipper /model/
22-04-02:22:12:56 INFO     [clipper_admin.py:539] [default-cluster]  ---> 47aac9e951ec
22-04-02:22:12:56 INFO     [clipper_admin.py:539] [default-cluster] Successfully built 47aac9e951ec
22-04-02:22:12:56 INFO     [clipper_admin.py:539] [default-cluster] Successfully tagged default-cluster-fake-model:1
22-04-02:22:12:56 INFO     [clipper_admin.py:541] [default-cluster] Pushing model Docker image to default-cluster-fake-model:1
22-04-02:22:12:56 INFO     [docker_container_manager.py:433] [default-cluster] Found 0 replicas for fake-model:1. Adding 1
22-04-02:22:12:57 INFO     [clipper_admin.py:724] [default-cluster] Successfully registered model fake-model:1
22-04-02:22:12:57 INFO     [clipper_admin.py:642] [default-cluster] Done deploying model fake-model:1.
22-04-02:22:12:57 INFO     [clipper_admin.py:303] [default-cluster] Model fake-model is now linked to application fake-model
INFO: waiting for ready to serve
INFO: waiting for ready to serve
INFO: waiting for ready to serve
INFO: waiting for ready to serve
INFO: ready to go
INFO: rock and roll
INFO: at 3.451 ms batch [48.763] delay 12.001 ms
INFO: at 3.451 ms fetching 48.763 ms
INFO: at 15.455 ms batch [47.996] delay 12.001 ms
INFO: at 15.455 ms fetching 47.996 ms
INFO: at 27.459 ms batch [8.316] delay 12.001 ms
INFO: at 27.459 ms fetching 8.316 ms
INFO: at 39.463 ms batch [47.105] delay 12.001 ms
INFO: at 39.463 ms fetching 47.105 ms
INFO: at 51.467 ms batch [8.149] delay 12.001 ms
INFO: at 51.467 ms fetching 8.149 ms
INFO: at 63.471 ms batch [47.930] delay 12.001 ms
INFO: at 63.471 ms fetching 47.930 ms
INFO: at 75.474 ms batch [48.242] delay 12.001 ms
INFO: at 75.474 ms fetching 48.242 ms
INFO: at 87.478 ms batch [7.425] delay 12.001 ms
INFO: at 87.478 ms fetching 7.425 ms
INFO: at 99.482 ms batch [46.978] delay 12.001 ms
INFO: at 99.482 ms fetching 46.978 ms
INFO: at 111.485 ms batch [44.030] delay 12.001 ms
INFO: at 111.485 ms fetching 44.030 ms
INFO: at 123.493 ms batch [7.366] delay 15.002 ms
INFO: at 123.493 ms fetching 7.366 ms
INFO: at 138.496 ms batch [42.199] delay 15.002 ms
INFO: at 138.496 ms fetching 42.199 ms
INFO: at 153.501 ms batch [54.902] delay 15.002 ms
INFO: at 153.501 ms fetching 54.902 ms
INFO: at 168.506 ms batch [8.397] delay 15.002 ms
INFO: at 168.506 ms fetching 8.397 ms
INFO: at 183.510 ms batch [8.485] delay 15.002 ms
INFO: at 183.510 ms fetching 8.485 ms
INFO: at 198.515 ms batch [6.441] delay 15.002 ms
INFO: at 198.515 ms fetching 6.441 ms
INFO: at 213.519 ms batch [45.071] delay 15.002 ms
INFO: at 213.519 ms fetching 45.071 ms
INFO: at 228.525 ms batch [8.155] delay 15.002 ms
INFO: at 228.525 ms fetching 8.155 ms
INFO: at 243.529 ms batch [8.527] delay 10.001 ms
INFO: at 243.529 ms fetching 8.527 ms
INFO: at 253.532 ms batch [7.701] delay 10.001 ms
INFO: at 253.532 ms fetching 7.701 ms
INFO: at 263.538 ms batch [7.855] delay 10.001 ms
INFO: at 263.538 ms fetching 7.855 ms
INFO: at 273.541 ms batch [7.606] delay 10.001 ms
INFO: at 273.541 ms fetching 7.606 ms
INFO: at 283.544 ms batch [8.036] delay 10.001 ms
INFO: at 283.544 ms fetching 8.036 ms
INFO: at 293.548 ms batch [47.834] delay 10.001 ms
INFO: at 293.548 ms fetching 47.834 ms
INFO: at 303.551 ms batch [45.813] delay 10.001 ms
INFO: at 303.551 ms fetching 45.813 ms
INFO: at 313.555 ms batch [7.072] delay 10.001 ms
INFO: at 313.555 ms fetching 7.072 ms
INFO: at 323.558 ms batch [49.458] delay 10.001 ms
INFO: at 323.558 ms fetching 49.458 ms
INFO: at 333.562 ms batch [7.972] delay 10.001 ms
INFO: at 333.562 ms fetching 7.972 ms
INFO: at 343.566 ms batch [50.497] delay 10.001 ms
INFO: at 343.566 ms fetching 50.497 ms
INFO: at 353.569 ms batch [42.350] delay 10.001 ms
INFO: at 353.569 ms fetching 42.350 ms
INFO: at 363.573 ms batch [44.766] delay 8.001 ms
INFO: at 363.573 ms fetching 44.766 ms
INFO: at 371.576 ms batch [46.908] delay 8.001 ms
INFO: at 371.576 ms fetching 46.908 ms
INFO: at 379.580 ms batch [46.377] delay 8.001 ms
INFO: at 379.580 ms fetching 46.377 ms
INFO: at 387.583 ms batch [8.419] delay 8.001 ms
INFO: at 387.583 ms fetching 8.419 ms
INFO: at 395.589 ms batch [46.691] delay 8.001 ms
INFO: at 395.589 ms fetching 46.691 ms
INFO: at 403.592 ms batch [7.714] delay 8.001 ms
INFO: at 403.592 ms fetching 7.714 ms
INFO: at 411.636 ms batch [7.461] delay 8.001 ms
INFO: at 411.636 ms fetching 7.461 ms
INFO: at 419.639 ms batch [47.085] delay 8.001 ms
INFO: at 419.639 ms fetching 47.085 ms
INFO: at 427.642 ms batch [7.479] delay 8.001 ms
INFO: at 427.642 ms fetching 7.479 ms
INFO: at 435.647 ms batch [45.543] delay 8.001 ms
INFO: at 435.647 ms fetching 45.543 ms
INFO: at 443.650 ms batch [43.830] delay 8.001 ms
INFO: at 443.650 ms fetching 43.830 ms
INFO: at 451.653 ms batch [48.184] delay 8.001 ms
INFO: at 451.653 ms fetching 48.184 ms
INFO: at 459.656 ms batch [41.115] delay 8.001 ms
INFO: at 459.656 ms fetching 41.115 ms
INFO: at 467.659 ms batch [8.057] delay 8.001 ms
INFO: at 467.659 ms fetching 8.057 ms
INFO: at 475.664 ms batch [46.803] delay 8.001 ms
INFO: at 475.664 ms fetching 46.803 ms
INFO: at 483.667 ms batch [44.985] delay 13.335 ms
INFO: at 483.667 ms fetching 44.985 ms
INFO: at 497.004 ms batch [8.533] delay 13.335 ms
INFO: at 497.004 ms fetching 8.533 ms
INFO: at 510.343 ms batch [8.137] delay 13.335 ms
INFO: at 510.343 ms fetching 8.137 ms
INFO: at 523.680 ms batch [50.755] delay 13.335 ms
INFO: at 523.680 ms fetching 50.755 ms
INFO: at 537.019 ms batch [7.503] delay 13.335 ms
INFO: at 537.019 ms fetching 7.503 ms
INFO: at 550.362 ms batch [8.046] delay 13.335 ms
INFO: at 550.362 ms fetching 8.046 ms
INFO: at 563.699 ms batch [43.445] delay 13.335 ms
INFO: at 563.699 ms fetching 43.445 ms
INFO: at 577.037 ms batch [45.385] delay 13.335 ms
INFO: at 577.037 ms fetching 45.385 ms
INFO: at 590.377 ms batch [7.332] delay 13.335 ms
INFO: at 590.377 ms fetching 7.332 ms
INFO: at 603.715 ms batch [45.052] delay 12.001 ms
INFO: at 603.715 ms fetching 45.052 ms
INFO: at 615.722 ms batch [49.849] delay 12.001 ms
INFO: at 615.722 ms fetching 49.849 ms
INFO: at 627.725 ms batch [7.569] delay 12.001 ms
INFO: at 627.725 ms fetching 7.569 ms
INFO: at 639.732 ms batch [8.062] delay 12.001 ms
INFO: at 639.732 ms fetching 8.062 ms
INFO: at 651.760 ms batch [7.160] delay 12.001 ms
INFO: at 651.760 ms fetching 7.160 ms
INFO: at 663.765 ms batch [46.724] delay 12.001 ms
INFO: at 663.765 ms fetching 46.724 ms
INFO: at 675.769 ms batch [7.725] delay 12.001 ms
INFO: at 675.769 ms fetching 7.725 ms
INFO: at 687.774 ms batch [47.052] delay 12.001 ms
INFO: at 687.774 ms fetching 47.052 ms
INFO: at 699.778 ms batch [7.938] delay 12.001 ms
INFO: at 699.778 ms fetching 7.938 ms
INFO: at 711.782 ms batch [8.312] delay 12.001 ms
INFO: at 711.782 ms fetching 8.312 ms
INFO: at 723.785 ms batch [49.190] delay 10.910 ms
INFO: at 723.785 ms fetching 49.190 ms
INFO: at 734.699 ms batch [8.414] delay 10.910 ms
INFO: at 734.699 ms fetching 8.414 ms
INFO: at 745.611 ms batch [7.662] delay 10.910 ms
INFO: at 745.611 ms fetching 7.662 ms
INFO: at 756.525 ms batch [46.183] delay 10.910 ms
INFO: at 756.525 ms fetching 46.183 ms
INFO: at 767.439 ms batch [47.043] delay 10.910 ms
INFO: at 767.439 ms fetching 47.043 ms
INFO: at 778.351 ms batch [44.564] delay 10.910 ms
INFO: at 778.351 ms fetching 44.564 ms
INFO: at 789.264 ms batch [8.691] delay 10.910 ms
INFO: at 789.264 ms fetching 8.691 ms
INFO: at 800.177 ms batch [7.188] delay 10.910 ms
INFO: at 800.177 ms fetching 7.188 ms
INFO: at 811.091 ms batch [49.908] delay 10.910 ms
INFO: at 811.091 ms fetching 49.908 ms
INFO: at 822.003 ms batch [46.596] delay 10.910 ms
INFO: at 822.003 ms fetching 46.596 ms
INFO: at 832.916 ms batch [47.554] delay 10.910 ms
INFO: at 832.916 ms fetching 47.554 ms
INFO: at 843.828 ms batch [8.017] delay 13.335 ms
INFO: at 843.828 ms fetching 8.017 ms
INFO: at 857.166 ms batch [8.301] delay 13.335 ms
INFO: at 857.166 ms fetching 8.301 ms
INFO: at 870.503 ms batch [49.122] delay 13.335 ms
INFO: at 870.503 ms fetching 49.122 ms
INFO: at 883.840 ms batch [48.838] delay 13.335 ms
INFO: at 883.840 ms fetching 48.838 ms
INFO: at 897.178 ms batch [8.356] delay 13.335 ms
INFO: at 897.178 ms fetching 8.356 ms
INFO: at 910.515 ms batch [48.991] delay 13.335 ms
INFO: at 910.515 ms fetching 48.991 ms
INFO: at 923.852 ms batch [7.912] delay 13.335 ms
INFO: at 923.852 ms fetching 7.912 ms
INFO: at 937.188 ms batch [7.566] delay 13.335 ms
INFO: at 937.188 ms fetching 7.566 ms
INFO: at 950.525 ms batch [8.240] delay 13.335 ms
INFO: at 950.525 ms fetching 8.240 ms
INFO: at 963.864 ms batch [7.940] delay 12.001 ms
INFO: at 963.864 ms fetching 7.940 ms
INFO: at 975.867 ms batch [46.045] delay 12.001 ms
INFO: at 975.867 ms fetching 46.045 ms
INFO: at 987.870 ms batch [48.492] delay 12.001 ms
INFO: at 987.870 ms fetching 48.492 ms
INFO: at 999.874 ms batch [48.792] delay 12.001 ms
INFO: at 999.874 ms fetching 48.792 ms
INFO: at 1011.878 ms batch [7.326] delay 12.001 ms
INFO: at 1011.878 ms fetching 7.326 ms
INFO: at 1023.886 ms batch [7.492] delay 12.001 ms
INFO: at 1023.886 ms fetching 7.492 ms
INFO: at 1035.890 ms batch [45.608] delay 12.001 ms
INFO: at 1035.890 ms fetching 45.608 ms
INFO: at 1047.894 ms batch [7.268] delay 12.001 ms
INFO: at 1047.894 ms fetching 7.268 ms
INFO: at 1059.899 ms batch [8.108] delay 12.001 ms
INFO: at 1059.899 ms fetching 8.108 ms
INFO: at 1071.902 ms batch [8.376] delay 12.001 ms
INFO: at 1071.902 ms fetching 8.376 ms
INFO: at 1083.907 ms batch [7.857] delay 10.910 ms
INFO: at 1083.907 ms fetching 7.857 ms
INFO: at 1094.820 ms batch [7.704] delay 10.910 ms
INFO: at 1094.820 ms fetching 7.704 ms
INFO: at 1105.734 ms batch [43.759] delay 10.910 ms
INFO: at 1105.734 ms fetching 43.759 ms
INFO: at 1116.646 ms batch [47.138] delay 10.910 ms
INFO: at 1116.646 ms fetching 47.138 ms
INFO: at 1127.559 ms batch [47.674] delay 10.910 ms
INFO: at 1127.559 ms fetching 47.674 ms
INFO: at 1138.471 ms batch [48.452] delay 10.910 ms
INFO: at 1138.471 ms fetching 48.452 ms
INFO: at 1149.384 ms batch [8.027] delay 10.910 ms
INFO: at 1149.384 ms fetching 8.027 ms
INFO: at 1160.297 ms batch [6.880] delay 10.910 ms
INFO: at 1160.297 ms fetching 6.880 ms
INFO: at 1171.211 ms batch [7.251] delay 10.910 ms
INFO: at 1171.211 ms fetching 7.251 ms
INFO: at 1182.124 ms batch [8.217] delay 10.910 ms
INFO: at 1182.124 ms fetching 8.217 ms
INFO: at 1193.038 ms batch [7.534] delay 10.910 ms
INFO: at 1193.038 ms fetching 7.534 ms
INFO: at 1203.951 ms batch [46.585] delay 12.001 ms
INFO: at 1203.951 ms fetching 46.585 ms
INFO: at 1215.955 ms batch [43.108] delay 12.001 ms
INFO: at 1215.955 ms fetching 43.108 ms
INFO: at 1227.959 ms batch [48.607] delay 12.001 ms
INFO: at 1227.959 ms fetching 48.607 ms
INFO: at 1239.963 ms batch [47.622] delay 12.001 ms
INFO: at 1239.963 ms fetching 47.622 ms
INFO: at 1251.967 ms batch [48.868] delay 12.001 ms
INFO: at 1251.967 ms fetching 48.868 ms
INFO: at 1263.970 ms batch [45.089] delay 12.001 ms
INFO: at 1263.970 ms fetching 45.089 ms
INFO: at 1275.975 ms batch [8.479] delay 12.001 ms
INFO: at 1275.975 ms fetching 8.479 ms
INFO: at 1287.979 ms batch [7.958] delay 12.001 ms
INFO: at 1287.979 ms fetching 7.958 ms
INFO: at 1299.983 ms batch [8.445] delay 12.001 ms
INFO: at 1299.983 ms fetching 8.445 ms
INFO: at 1311.987 ms batch [7.770] delay 12.001 ms
INFO: at 1311.987 ms fetching 7.770 ms
INFO: at 1323.990 ms batch [46.814] delay 10.001 ms
INFO: at 1323.990 ms fetching 46.814 ms
INFO: at 1333.994 ms batch [45.751] delay 10.001 ms
INFO: at 1333.994 ms fetching 45.751 ms
INFO: at 1343.998 ms batch [7.777] delay 10.001 ms
INFO: at 1343.998 ms fetching 7.777 ms
INFO: at 1354.002 ms batch [8.327] delay 10.001 ms
INFO: at 1354.002 ms fetching 8.327 ms
INFO: at 1364.005 ms batch [50.649] delay 10.001 ms
INFO: at 1364.005 ms fetching 50.649 ms
INFO: at 1374.009 ms batch [48.882] delay 10.001 ms
INFO: at 1374.009 ms fetching 48.882 ms
INFO: at 1384.013 ms batch [7.677] delay 10.001 ms
INFO: at 1384.013 ms fetching 7.677 ms
INFO: at 1394.017 ms batch [48.058] delay 10.001 ms
INFO: at 1394.017 ms fetching 48.058 ms
INFO: at 1404.021 ms batch [46.678] delay 10.001 ms
INFO: at 1404.021 ms fetching 46.678 ms
INFO: at 1414.027 ms batch [7.864] delay 10.001 ms
INFO: at 1414.027 ms fetching 7.864 ms
INFO: at 1424.030 ms batch [49.719] delay 10.001 ms
INFO: at 1424.030 ms fetching 49.719 ms
INFO: at 1434.034 ms batch [8.230] delay 10.001 ms
INFO: at 1434.034 ms fetching 8.230 ms
INFO: at 1444.037 ms batch [7.313] delay 12.001 ms
INFO: at 1444.037 ms fetching 7.313 ms
INFO: at 1456.040 ms batch [8.227] delay 12.001 ms
INFO: at 1456.040 ms fetching 8.227 ms
INFO: at 1468.045 ms batch [45.714] delay 12.001 ms
INFO: at 1468.045 ms fetching 45.714 ms
INFO: at 1480.048 ms batch [8.067] delay 12.001 ms
INFO: at 1480.048 ms fetching 8.067 ms
INFO: at 1492.052 ms batch [50.293] delay 12.001 ms
INFO: at 1492.052 ms fetching 50.293 ms
INFO: at 1504.055 ms batch [46.846] delay 12.001 ms
INFO: at 1504.055 ms fetching 46.846 ms
INFO: at 1516.060 ms batch [8.215] delay 12.001 ms
INFO: at 1516.060 ms fetching 8.215 ms
INFO: at 1528.065 ms batch [48.649] delay 12.001 ms
INFO: at 1528.065 ms fetching 48.649 ms
INFO: at 1540.069 ms batch [8.556] delay 12.001 ms
INFO: at 1540.069 ms fetching 8.556 ms
INFO: at 1552.073 ms batch [7.571] delay 12.001 ms
INFO: at 1552.073 ms fetching 7.571 ms
INFO: at 1564.076 ms batch [7.910] delay 10.910 ms
INFO: at 1564.076 ms fetching 7.910 ms
INFO: at 1574.989 ms batch [7.727] delay 10.910 ms
INFO: at 1574.989 ms fetching 7.727 ms
INFO: at 1585.901 ms batch [8.319] delay 10.910 ms
INFO: at 1585.901 ms fetching 8.319 ms
INFO: at 1596.813 ms batch [44.608] delay 10.910 ms
INFO: at 1596.813 ms fetching 44.608 ms
INFO: at 1607.726 ms batch [45.397] delay 10.910 ms
INFO: at 1607.726 ms fetching 45.397 ms
INFO: at 1618.643 ms batch [45.998] delay 10.910 ms
INFO: at 1618.643 ms fetching 45.998 ms
INFO: at 1629.555 ms batch [7.717] delay 10.910 ms
INFO: at 1629.555 ms fetching 7.717 ms
INFO: at 1640.468 ms batch [49.260] delay 10.910 ms
INFO: at 1640.468 ms fetching 49.260 ms
INFO: at 1651.380 ms batch [41.662] delay 10.910 ms
INFO: at 1651.380 ms fetching 41.662 ms
INFO: at 1662.293 ms batch [46.021] delay 10.910 ms
INFO: at 1662.293 ms fetching 46.021 ms
INFO: at 1673.206 ms batch [49.294] delay 10.910 ms
INFO: at 1673.206 ms fetching 49.294 ms
INFO: at 1684.118 ms batch [8.073] delay 13.335 ms
INFO: at 1684.118 ms fetching 8.073 ms
INFO: at 1697.456 ms batch [45.210] delay 13.335 ms
INFO: at 1697.456 ms fetching 45.210 ms
INFO: at 1710.794 ms batch [47.854] delay 13.335 ms
INFO: at 1710.794 ms fetching 47.854 ms
INFO: at 1724.131 ms batch [7.378] delay 13.335 ms
INFO: at 1724.131 ms fetching 7.378 ms
INFO: at 1737.471 ms batch [7.975] delay 13.335 ms
INFO: at 1737.471 ms fetching 7.975 ms
INFO: at 1750.808 ms batch [46.128] delay 13.335 ms
INFO: at 1750.808 ms fetching 46.128 ms
INFO: at 1764.145 ms batch [7.090] delay 13.335 ms
INFO: at 1764.145 ms fetching 7.090 ms
INFO: at 1777.482 ms batch [7.645] delay 13.335 ms
INFO: at 1777.482 ms fetching 7.645 ms
INFO: at 1790.820 ms batch [7.643] delay 13.335 ms
INFO: at 1790.820 ms fetching 7.643 ms
INFO: at 1804.157 ms batch [8.813] delay 9.232 ms
INFO: at 1804.157 ms fetching 8.813 ms
INFO: at 1813.392 ms batch [47.724] delay 9.232 ms
INFO: at 1813.392 ms fetching 47.724 ms
INFO: at 1822.626 ms batch [43.639] delay 9.232 ms
INFO: at 1822.626 ms fetching 43.639 ms
INFO: at 1831.860 ms batch [8.173] delay 9.232 ms
INFO: at 1831.860 ms fetching 8.173 ms
INFO: at 1841.094 ms batch [46.967] delay 9.232 ms
INFO: at 1841.094 ms fetching 46.967 ms
INFO: at 1850.328 ms batch [7.826] delay 9.232 ms
INFO: at 1850.328 ms fetching 7.826 ms
INFO: at 1859.562 ms batch [7.455] delay 9.232 ms
INFO: at 1859.562 ms fetching 7.455 ms
INFO: at 1868.796 ms batch [7.294] delay 9.232 ms
INFO: at 1868.796 ms fetching 7.294 ms
INFO: at 1878.029 ms batch [7.653] delay 9.232 ms
INFO: at 1878.029 ms fetching 7.653 ms
INFO: at 1887.263 ms batch [43.288] delay 9.232 ms
INFO: at 1887.263 ms fetching 43.288 ms
INFO: at 1896.497 ms batch [46.389] delay 9.232 ms
INFO: at 1896.497 ms fetching 46.389 ms
INFO: at 1905.731 ms batch [46.543] delay 9.232 ms
INFO: at 1905.731 ms fetching 46.543 ms
INFO: at 1914.965 ms batch [8.368] delay 9.232 ms
INFO: at 1914.965 ms fetching 8.368 ms
INFO: at 1924.199 ms batch [47.211] delay 13.335 ms
INFO: at 1924.199 ms fetching 47.211 ms
INFO: at 1937.536 ms batch [7.664] delay 13.335 ms
INFO: at 1937.536 ms fetching 7.664 ms
INFO: at 1950.873 ms batch [45.892] delay 13.335 ms
INFO: at 1950.873 ms fetching 45.892 ms
INFO: at 1964.210 ms batch [46.227] delay 13.335 ms
INFO: at 1964.210 ms fetching 46.227 ms
INFO: at 1977.547 ms batch [45.915] delay 13.335 ms
INFO: at 1977.547 ms fetching 45.915 ms
INFO: at 1990.885 ms batch [47.312] delay 13.335 ms
INFO: at 1990.885 ms fetching 47.312 ms
INFO: at 2004.223 ms batch [8.516] delay 13.335 ms
INFO: at 2004.223 ms fetching 8.516 ms
INFO: at 2017.563 ms batch [46.312] delay 13.335 ms
INFO: at 2017.563 ms fetching 46.312 ms
INFO: at 2030.900 ms batch [46.415] delay 13.335 ms
INFO: at 2030.900 ms fetching 46.415 ms
INFO: at 2044.238 ms batch [7.698] delay 20.002 ms
INFO: at 2044.238 ms fetching 7.698 ms
INFO: at 2064.242 ms batch [51.823] delay 20.002 ms
INFO: at 2064.242 ms fetching 51.823 ms
INFO: at 2084.247 ms batch [44.627] delay 20.002 ms
INFO: at 2084.247 ms fetching 44.627 ms
INFO: at 2104.252 ms batch [8.125] delay 20.002 ms
INFO: at 2104.252 ms fetching 8.125 ms
INFO: at 2124.257 ms batch [7.550] delay 20.002 ms
INFO: at 2124.257 ms fetching 7.550 ms
INFO: at 2144.262 ms batch [8.594] delay 20.002 ms
INFO: at 2144.262 ms fetching 8.594 ms
INFO: at 2164.266 ms batch [7.751] delay 13.335 ms
INFO: at 2164.266 ms fetching 7.751 ms
INFO: at 2177.603 ms batch [7.998] delay 13.335 ms
INFO: at 2177.603 ms fetching 7.998 ms
INFO: at 2190.940 ms batch [7.891] delay 13.335 ms
INFO: at 2190.940 ms fetching 7.891 ms
INFO: at 2204.278 ms batch [7.224] delay 13.335 ms
INFO: at 2204.278 ms fetching 7.224 ms
INFO: at 2217.615 ms batch [49.530] delay 13.335 ms
INFO: at 2217.615 ms fetching 49.530 ms
INFO: at 2230.953 ms batch [8.701] delay 13.335 ms
INFO: at 2230.953 ms fetching 8.701 ms
INFO: at 2244.290 ms batch [7.883] delay 13.335 ms
INFO: at 2244.290 ms fetching 7.883 ms
INFO: at 2257.627 ms batch [8.070] delay 13.335 ms
INFO: at 2257.627 ms fetching 8.070 ms
INFO: at 2270.964 ms batch [7.824] delay 13.335 ms
INFO: at 2270.964 ms fetching 7.824 ms
INFO: at 2284.301 ms batch [48.593] delay 13.335 ms
INFO: at 2284.301 ms fetching 48.593 ms
INFO: at 2297.639 ms batch [47.168] delay 13.335 ms
INFO: at 2297.639 ms fetching 47.168 ms
INFO: at 2310.977 ms batch [8.092] delay 13.335 ms
INFO: at 2310.977 ms fetching 8.092 ms
INFO: at 2324.314 ms batch [48.148] delay 13.335 ms
INFO: at 2324.314 ms fetching 48.148 ms
INFO: at 2337.651 ms batch [7.859] delay 13.335 ms
INFO: at 2337.651 ms fetching 7.859 ms
INFO: at 2350.988 ms batch [48.722] delay 13.335 ms
INFO: at 2350.988 ms fetching 48.722 ms
INFO: at 2364.325 ms batch [47.962] delay 13.335 ms
INFO: at 2364.325 ms fetching 47.962 ms
INFO: at 2377.663 ms batch [7.129] delay 13.335 ms
INFO: at 2377.663 ms fetching 7.129 ms
INFO: at 2391.000 ms batch [47.468] delay 13.335 ms
INFO: at 2391.000 ms fetching 47.468 ms
INFO: at 2404.337 ms batch [42.891] delay 20.002 ms
INFO: at 2404.337 ms fetching 42.891 ms
INFO: at 2424.343 ms batch [8.051] delay 20.002 ms
INFO: at 2424.343 ms fetching 8.051 ms
INFO: at 2444.359 ms batch [44.646] delay 20.002 ms
INFO: at 2444.359 ms fetching 44.646 ms
INFO: at 2464.364 ms batch [7.522] delay 20.002 ms
INFO: at 2464.364 ms fetching 7.522 ms
INFO: at 2484.369 ms batch [8.114] delay 20.002 ms
INFO: at 2484.369 ms fetching 8.114 ms
INFO: at 2504.373 ms batch [48.541] delay 20.002 ms
INFO: at 2504.373 ms fetching 48.541 ms
INFO: at 2524.377 ms batch [48.440] delay 10.910 ms
INFO: at 2524.377 ms fetching 48.440 ms
INFO: at 2535.290 ms batch [7.407] delay 10.910 ms
INFO: at 2535.290 ms fetching 7.407 ms
INFO: at 2546.203 ms batch [47.889] delay 10.910 ms
INFO: at 2546.203 ms fetching 47.889 ms
INFO: at 2557.116 ms batch [7.362] delay 10.910 ms
INFO: at 2557.116 ms fetching 7.362 ms
INFO: at 2568.028 ms batch [47.074] delay 10.910 ms
INFO: at 2568.028 ms fetching 47.074 ms
INFO: at 2578.940 ms batch [50.254] delay 10.910 ms
INFO: at 2578.940 ms fetching 50.254 ms
INFO: at 2589.852 ms batch [7.044] delay 10.910 ms
INFO: at 2589.852 ms fetching 7.044 ms
INFO: at 2600.766 ms batch [48.125] delay 10.910 ms
INFO: at 2600.766 ms fetching 48.125 ms
INFO: at 2611.683 ms batch [48.304] delay 10.910 ms
INFO: at 2611.683 ms fetching 48.304 ms
INFO: at 2622.596 ms batch [48.961] delay 10.910 ms
INFO: at 2622.596 ms fetching 48.961 ms
INFO: at 2633.508 ms batch [7.626] delay 10.910 ms
INFO: at 2633.508 ms fetching 7.626 ms
INFO: at 2644.421 ms batch [49.481] delay 12.001 ms
INFO: at 2644.421 ms fetching 49.481 ms
INFO: at 2656.425 ms batch [7.995] delay 12.001 ms
INFO: at 2656.425 ms fetching 7.995 ms
INFO: at 2668.428 ms batch [47.664] delay 12.001 ms
INFO: at 2668.428 ms fetching 47.664 ms
INFO: at 2680.432 ms batch [45.300] delay 12.001 ms
INFO: at 2680.432 ms fetching 45.300 ms
INFO: at 2692.436 ms batch [45.151] delay 12.001 ms
INFO: at 2692.436 ms fetching 45.151 ms
INFO: at 2704.439 ms batch [8.682] delay 12.001 ms
INFO: at 2704.439 ms fetching 8.682 ms
INFO: at 2716.443 ms batch [7.821] delay 12.001 ms
INFO: at 2716.443 ms fetching 7.821 ms
INFO: at 2728.451 ms batch [7.933] delay 12.001 ms
INFO: at 2728.451 ms fetching 7.933 ms
INFO: at 2740.454 ms batch [46.095] delay 12.001 ms
INFO: at 2740.454 ms fetching 46.095 ms
INFO: at 2752.458 ms batch [47.360] delay 12.001 ms
INFO: at 2752.458 ms fetching 47.360 ms
INFO: at 2764.462 ms batch [48.364] delay 10.910 ms
INFO: at 2764.462 ms fetching 48.364 ms
INFO: at 2775.374 ms batch [7.563] delay 10.910 ms
INFO: at 2775.374 ms fetching 7.563 ms
INFO: at 2786.287 ms batch [7.732] delay 10.910 ms
INFO: at 2786.287 ms fetching 7.732 ms
INFO: at 2797.200 ms batch [8.365] delay 10.910 ms
INFO: at 2797.200 ms fetching 8.365 ms
INFO: at 2808.113 ms batch [8.142] delay 10.910 ms
INFO: at 2808.113 ms fetching 8.142 ms
INFO: at 2819.026 ms batch [8.323] delay 10.910 ms
INFO: at 2819.026 ms fetching 8.323 ms
INFO: at 2829.938 ms batch [7.900] delay 10.910 ms
INFO: at 2829.938 ms fetching 7.900 ms
INFO: at 2840.851 ms batch [8.587] delay 10.910 ms
INFO: at 2840.851 ms fetching 8.587 ms
INFO: at 2851.763 ms batch [47.781] delay 10.910 ms
INFO: at 2851.763 ms fetching 47.781 ms
INFO: at 2862.676 ms batch [7.785] delay 10.910 ms
INFO: at 2862.676 ms fetching 7.785 ms
INFO: at 2873.589 ms batch [8.608] delay 10.910 ms
INFO: at 2873.589 ms fetching 8.608 ms
INFO: at 2884.501 ms batch [45.660] delay 10.910 ms
INFO: at 2884.501 ms fetching 45.660 ms
INFO: at 2895.414 ms batch [47.220] delay 10.910 ms
INFO: at 2895.414 ms fetching 47.220 ms
INFO: at 2906.327 ms batch [7.458] delay 10.910 ms
INFO: at 2906.327 ms fetching 7.458 ms
INFO: at 2917.240 ms batch [8.277] delay 10.910 ms
INFO: at 2917.240 ms fetching 8.277 ms
INFO: at 2928.152 ms batch [50.542] delay 10.910 ms
INFO: at 2928.152 ms fetching 50.542 ms
INFO: at 2939.064 ms batch [46.080] delay 10.910 ms
INFO: at 2939.064 ms fetching 46.080 ms
INFO: at 2949.976 ms batch [49.172] delay 10.910 ms
INFO: at 2949.976 ms fetching 49.172 ms
INFO: at 2960.889 ms batch [46.918] delay 10.910 ms
INFO: at 2960.889 ms fetching 46.918 ms
INFO: at 2971.803 ms batch [8.158] delay 10.910 ms
INFO: at 2971.803 ms fetching 8.158 ms
INFO: at 2982.715 ms batch [48.375] delay 10.910 ms
INFO: at 2982.715 ms fetching 48.375 ms
INFO: at 2993.628 ms batch [45.634] delay 10.910 ms
INFO: at 2993.628 ms fetching 45.634 ms
INFO: at 3004.541 ms batch [8.297] delay 8.572 ms
INFO: at 3004.541 ms fetching 8.297 ms
INFO: at 3013.116 ms batch [47.282] delay 8.572 ms
INFO: at 3013.116 ms fetching 47.282 ms
INFO: at 3021.690 ms batch [7.574] delay 8.572 ms
INFO: at 3021.690 ms fetching 7.574 ms
INFO: at 3030.264 ms batch [6.859] delay 8.572 ms
INFO: at 3030.264 ms fetching 6.859 ms
INFO: at 3038.839 ms batch [7.024] delay 8.572 ms
INFO: at 3038.839 ms fetching 7.024 ms
INFO: at 3047.414 ms batch [7.194] delay 8.572 ms
INFO: at 3047.414 ms fetching 7.194 ms
INFO: at 3055.989 ms batch [7.632] delay 8.572 ms
INFO: at 3055.989 ms fetching 7.632 ms
INFO: at 3064.565 ms batch [7.730] delay 8.572 ms
INFO: at 3064.565 ms fetching 7.730 ms
INFO: at 3073.140 ms batch [8.094] delay 8.572 ms
INFO: at 3073.140 ms fetching 8.094 ms
INFO: at 3081.714 ms batch [7.984] delay 8.572 ms
INFO: at 3081.714 ms fetching 7.984 ms
INFO: at 3090.288 ms batch [48.316] delay 8.572 ms
INFO: at 3090.288 ms fetching 48.316 ms
INFO: at 3098.863 ms batch [7.873] delay 8.572 ms
INFO: at 3098.863 ms fetching 7.873 ms
INFO: at 3107.437 ms batch [50.125] delay 8.572 ms
INFO: at 3107.437 ms fetching 50.125 ms
INFO: at 3116.012 ms batch [6.751] delay 8.572 ms
INFO: at 3116.012 ms fetching 6.751 ms
INFO: at 3124.586 ms batch [45.242] delay 12.001 ms
INFO: at 3124.586 ms fetching 45.242 ms
INFO: at 3136.591 ms batch [49.668] delay 12.001 ms
INFO: at 3136.591 ms fetching 49.668 ms
INFO: at 3148.594 ms batch [7.528] delay 12.001 ms
INFO: at 3148.594 ms fetching 7.528 ms
INFO: at 3160.598 ms batch [49.331] delay 12.001 ms
INFO: at 3160.598 ms fetching 49.331 ms
INFO: at 3172.601 ms batch [44.119] delay 12.001 ms
INFO: at 3172.601 ms fetching 44.119 ms
INFO: at 3184.605 ms batch [7.114] delay 12.001 ms
INFO: at 3184.605 ms fetching 7.114 ms
INFO: at 3196.612 ms batch [8.291] delay 12.001 ms
INFO: at 3196.612 ms fetching 8.291 ms
INFO: at 3208.615 ms batch [7.687] delay 12.001 ms
INFO: at 3208.615 ms fetching 7.687 ms
INFO: at 3220.619 ms batch [7.303] delay 12.001 ms
INFO: at 3220.619 ms fetching 7.303 ms
INFO: at 3232.623 ms batch [50.874] delay 12.001 ms
INFO: at 3232.623 ms fetching 50.874 ms
INFO: at 3244.627 ms batch [7.893] delay 10.001 ms
INFO: at 3244.627 ms fetching 7.893 ms
INFO: at 3254.641 ms batch [8.751] delay 10.001 ms
INFO: at 3254.641 ms fetching 8.751 ms
INFO: at 3264.645 ms batch [45.728] delay 10.001 ms
INFO: at 3264.645 ms fetching 45.728 ms
INFO: at 3274.649 ms batch [49.571] delay 10.001 ms
INFO: at 3274.649 ms fetching 49.571 ms
INFO: at 3284.655 ms batch [7.201] delay 10.001 ms
INFO: at 3284.655 ms fetching 7.201 ms
INFO: at 3294.659 ms batch [43.902] delay 10.001 ms
INFO: at 3294.659 ms fetching 43.902 ms
INFO: at 3304.662 ms batch [7.593] delay 10.001 ms
INFO: at 3304.662 ms fetching 7.593 ms
INFO: at 3314.666 ms batch [46.936] delay 10.001 ms
INFO: at 3314.666 ms fetching 46.936 ms
INFO: at 3324.671 ms batch [44.470] delay 10.001 ms
INFO: at 3324.671 ms fetching 44.470 ms
INFO: at 3334.675 ms batch [46.835] delay 10.001 ms
INFO: at 3334.675 ms fetching 46.835 ms
INFO: at 3344.678 ms batch [45.371] delay 10.001 ms
INFO: at 3344.678 ms fetching 45.371 ms
INFO: at 3354.681 ms batch [52.331] delay 10.001 ms
INFO: at 3354.681 ms fetching 52.331 ms
INFO: at 3364.684 ms batch [7.800] delay 12.001 ms
INFO: at 3364.684 ms fetching 7.800 ms
INFO: at 3376.688 ms batch [7.602] delay 12.001 ms
INFO: at 3376.688 ms fetching 7.602 ms
INFO: at 3388.692 ms batch [45.104] delay 12.001 ms
INFO: at 3388.692 ms fetching 45.104 ms
INFO: at 3400.697 ms batch [7.167] delay 12.001 ms
INFO: at 3400.697 ms fetching 7.167 ms
INFO: at 3412.700 ms batch [7.651] delay 12.001 ms
INFO: at 3412.700 ms fetching 7.651 ms
INFO: at 3424.705 ms batch [7.803] delay 12.001 ms
INFO: at 3424.705 ms fetching 7.803 ms
INFO: at 3436.708 ms batch [8.260] delay 12.001 ms
INFO: at 3436.708 ms fetching 8.260 ms
INFO: at 3448.711 ms batch [7.807] delay 12.001 ms
INFO: at 3448.711 ms fetching 7.807 ms
INFO: at 3460.714 ms batch [7.816] delay 12.001 ms
INFO: at 3460.714 ms fetching 7.816 ms
INFO: at 3472.718 ms batch [43.722] delay 12.001 ms
INFO: at 3472.718 ms fetching 43.722 ms
INFO: at 3484.722 ms batch [48.388] delay 13.335 ms
INFO: at 3484.722 ms fetching 48.388 ms
INFO: at 3498.060 ms batch [49.995] delay 13.335 ms
INFO: at 3498.060 ms fetching 49.995 ms
INFO: at 3511.397 ms batch [8.495] delay 13.335 ms
INFO: at 3511.397 ms fetching 8.495 ms
INFO: at 3524.735 ms batch [7.926] delay 13.335 ms
INFO: at 3524.735 ms fetching 7.926 ms
INFO: at 3538.073 ms batch [50.408] delay 13.335 ms
INFO: at 3538.073 ms fetching 50.408 ms
INFO: at 3551.410 ms batch [47.322] delay 13.335 ms
INFO: at 3551.410 ms fetching 47.322 ms
INFO: at 3564.747 ms batch [8.041] delay 13.335 ms
INFO: at 3564.747 ms fetching 8.041 ms
INFO: at 3578.085 ms batch [49.348] delay 13.335 ms
INFO: at 3578.085 ms fetching 49.348 ms
INFO: at 3591.423 ms batch [46.988] delay 13.335 ms
INFO: at 3591.423 ms fetching 46.988 ms
INFO: at 3604.761 ms batch [7.712] delay 15.002 ms
INFO: at 3604.761 ms fetching 7.712 ms
INFO: at 3619.766 ms batch [49.039] delay 15.002 ms
INFO: at 3619.766 ms fetching 49.039 ms
INFO: at 3634.770 ms batch [7.767] delay 15.002 ms
INFO: at 3634.770 ms fetching 7.767 ms
INFO: at 3649.775 ms batch [46.292] delay 15.002 ms
INFO: at 3649.775 ms fetching 46.292 ms
INFO: at 3664.779 ms batch [7.837] delay 15.002 ms
INFO: at 3664.779 ms fetching 7.837 ms
INFO: at 3679.784 ms batch [8.640] delay 15.002 ms
INFO: at 3679.784 ms fetching 8.640 ms
INFO: at 3694.788 ms batch [8.579] delay 15.002 ms
INFO: at 3694.788 ms fetching 8.579 ms
INFO: at 3709.792 ms batch [7.834] delay 15.002 ms
INFO: at 3709.792 ms fetching 7.834 ms
INFO: at 3724.798 ms batch [7.519] delay 17.145 ms
INFO: at 3724.798 ms fetching 7.519 ms
INFO: at 3741.944 ms batch [45.287] delay 17.145 ms
INFO: at 3741.944 ms fetching 45.287 ms
INFO: at 3759.092 ms batch [7.358] delay 17.145 ms
INFO: at 3759.092 ms fetching 7.358 ms
INFO: at 3776.240 ms batch [8.427] delay 17.145 ms
INFO: at 3776.240 ms fetching 8.427 ms
INFO: at 3793.388 ms batch [8.119] delay 17.145 ms
INFO: at 3793.388 ms fetching 8.119 ms
INFO: at 3810.539 ms batch [8.384] delay 17.145 ms
INFO: at 3810.539 ms fetching 8.384 ms
INFO: at 3827.686 ms batch [7.783] delay 17.145 ms
INFO: at 3827.686 ms fetching 7.783 ms
INFO: at 3844.835 ms batch [48.219] delay 13.335 ms
INFO: at 3844.835 ms fetching 48.219 ms
INFO: at 3858.172 ms batch [44.809] delay 13.335 ms
INFO: at 3858.172 ms fetching 44.809 ms
INFO: at 3871.509 ms batch [44.377] delay 13.335 ms
INFO: at 3871.509 ms fetching 44.377 ms
INFO: at 3884.848 ms batch [45.256] delay 13.335 ms
INFO: at 3884.848 ms fetching 45.256 ms
INFO: at 3898.186 ms batch [7.138] delay 13.335 ms
INFO: at 3898.186 ms fetching 7.138 ms
INFO: at 3911.526 ms batch [8.205] delay 13.335 ms
INFO: at 3911.526 ms fetching 8.205 ms
INFO: at 3924.863 ms batch [46.438] delay 13.335 ms
INFO: at 3924.863 ms fetching 46.438 ms
INFO: at 3938.200 ms batch [7.629] delay 13.335 ms
INFO: at 3938.200 ms fetching 7.629 ms
INFO: at 3951.538 ms batch [7.398] delay 13.335 ms
INFO: at 3951.538 ms fetching 7.398 ms
INFO: at 3964.876 ms batch [50.027] delay 17.145 ms
INFO: at 3964.876 ms fetching 50.027 ms
INFO: at 3982.024 ms batch [7.914] delay 17.145 ms
INFO: at 3982.024 ms fetching 7.914 ms
INFO: at 3999.172 ms batch [7.982] delay 17.145 ms
INFO: at 3999.172 ms fetching 7.982 ms
INFO: at 4016.318 ms batch [52.881] delay 17.145 ms
INFO: at 4016.318 ms fetching 52.881 ms
INFO: at 4033.466 ms batch [45.847] delay 17.145 ms
INFO: at 4033.466 ms fetching 45.847 ms
INFO: at 4050.613 ms batch [49.825] delay 17.145 ms
INFO: at 4050.613 ms fetching 49.825 ms
INFO: at 4067.761 ms batch [8.003] delay 17.145 ms
INFO: at 4067.761 ms fetching 8.003 ms
INFO: at 4084.909 ms batch [7.922] delay 10.001 ms
INFO: at 4084.909 ms fetching 7.922 ms
INFO: at 4094.913 ms batch [46.926] delay 10.001 ms
INFO: at 4094.913 ms fetching 46.926 ms
INFO: at 4104.916 ms batch [7.953] delay 10.001 ms
INFO: at 4104.916 ms fetching 7.953 ms
INFO: at 4114.919 ms batch [46.627] delay 10.001 ms
INFO: at 4114.919 ms fetching 46.627 ms
INFO: at 4124.922 ms batch [8.195] delay 10.001 ms
INFO: at 4124.922 ms fetching 8.195 ms
INFO: at 4134.928 ms batch [43.936] delay 10.001 ms
INFO: at 4134.928 ms fetching 43.936 ms
INFO: at 4144.931 ms batch [47.425] delay 10.001 ms
INFO: at 4144.931 ms fetching 47.425 ms
INFO: at 4154.935 ms batch [50.330] delay 10.001 ms
INFO: at 4154.935 ms fetching 50.330 ms
INFO: at 4164.938 ms batch [48.022] delay 10.001 ms
INFO: at 4164.938 ms fetching 48.022 ms
INFO: at 4174.941 ms batch [47.578] delay 10.001 ms
INFO: at 4174.941 ms fetching 47.578 ms
INFO: at 4184.945 ms batch [7.482] delay 10.001 ms
INFO: at 4184.945 ms fetching 7.482 ms
INFO: at 4194.948 ms batch [49.413] delay 10.001 ms
INFO: at 4194.948 ms fetching 49.413 ms
INFO: at 4204.951 ms batch [47.381] delay 13.335 ms
INFO: at 4204.951 ms fetching 47.381 ms
INFO: at 4218.289 ms batch [7.760] delay 13.335 ms
INFO: at 4218.289 ms fetching 7.760 ms
INFO: at 4231.625 ms batch [46.215] delay 13.335 ms
INFO: at 4231.625 ms fetching 46.215 ms
INFO: at 4244.963 ms batch [47.392] delay 13.335 ms
INFO: at 4244.963 ms fetching 47.392 ms
INFO: at 4258.300 ms batch [7.805] delay 13.335 ms
INFO: at 4258.300 ms fetching 7.805 ms
INFO: at 4271.637 ms batch [7.510] delay 13.335 ms
INFO: at 4271.637 ms fetching 7.510 ms
INFO: at 4284.975 ms batch [8.406] delay 13.335 ms
INFO: at 4284.975 ms fetching 8.406 ms
INFO: at 4298.312 ms batch [47.201] delay 13.335 ms
INFO: at 4298.312 ms fetching 47.201 ms
INFO: at 4311.650 ms batch [43.689] delay 13.335 ms
INFO: at 4311.650 ms fetching 43.689 ms
INFO: at 4324.987 ms batch [7.207] delay 13.335 ms
INFO: at 4324.987 ms fetching 7.207 ms
INFO: at 4338.324 ms batch [48.806] delay 13.335 ms
INFO: at 4338.324 ms fetching 48.806 ms
INFO: at 4351.661 ms batch [8.632] delay 13.335 ms
INFO: at 4351.661 ms fetching 8.632 ms
INFO: at 4364.999 ms batch [47.762] delay 13.335 ms
INFO: at 4364.999 ms fetching 47.762 ms
INFO: at 4378.338 ms batch [8.134] delay 13.335 ms
INFO: at 4378.338 ms fetching 8.134 ms
INFO: at 4391.675 ms batch [46.855] delay 13.335 ms
INFO: at 4391.675 ms fetching 46.855 ms
INFO: at 4405.012 ms batch [48.737] delay 13.335 ms
INFO: at 4405.012 ms fetching 48.737 ms
INFO: at 4418.348 ms batch [8.049] delay 13.335 ms
INFO: at 4418.348 ms fetching 8.049 ms
INFO: at 4431.686 ms batch [46.792] delay 13.335 ms
INFO: at 4431.686 ms fetching 46.792 ms
INFO: at 4445.024 ms batch [7.829] delay 15.002 ms
INFO: at 4445.024 ms fetching 7.829 ms
INFO: at 4460.029 ms batch [7.274] delay 15.002 ms
INFO: at 4460.029 ms fetching 7.274 ms
INFO: at 4475.033 ms batch [7.791] delay 15.002 ms
INFO: at 4475.033 ms fetching 7.791 ms
INFO: at 4490.039 ms batch [7.637] delay 15.002 ms
INFO: at 4490.039 ms fetching 7.637 ms
INFO: at 4505.042 ms batch [7.340] delay 15.002 ms
INFO: at 4505.042 ms fetching 7.340 ms
INFO: at 4520.047 ms batch [6.930] delay 15.002 ms
INFO: at 4520.047 ms fetching 6.930 ms
INFO: at 4535.050 ms batch [45.859] delay 15.002 ms
INFO: at 4535.050 ms fetching 45.859 ms
INFO: at 4550.055 ms batch [45.017] delay 15.002 ms
INFO: at 4550.055 ms fetching 45.017 ms
INFO: at 4565.059 ms batch [8.730] delay 15.002 ms
INFO: at 4565.059 ms fetching 8.730 ms
INFO: at 4580.067 ms batch [42.801] delay 15.002 ms
INFO: at 4580.067 ms fetching 42.801 ms
INFO: at 4595.072 ms batch [8.111] delay 15.002 ms
INFO: at 4595.072 ms fetching 8.111 ms
INFO: at 4610.077 ms batch [7.318] delay 15.002 ms
INFO: at 4610.077 ms fetching 7.318 ms
INFO: at 4625.081 ms batch [45.462] delay 15.002 ms
INFO: at 4625.081 ms fetching 45.462 ms
INFO: at 4640.085 ms batch [7.756] delay 15.002 ms
INFO: at 4640.085 ms fetching 7.756 ms
INFO: at 4655.090 ms batch [45.621] delay 15.002 ms
INFO: at 4655.090 ms fetching 45.621 ms
INFO: at 4670.095 ms batch [7.584] delay 15.002 ms
INFO: at 4670.095 ms fetching 7.584 ms
INFO: at 4685.098 ms batch [49.549] delay 4.138 ms
INFO: at 4689.238 ms batch [9.023] delay 4.138 ms
INFO: at 4693.378 ms batch [47.879] delay 4.138 ms
INFO: at 4697.518 ms batch [8.010] delay 4.138 ms
INFO: at 4701.657 ms batch [8.065] delay 4.138 ms
INFO: at 4705.796 ms batch [47.844] delay 4.138 ms
INFO: at 4709.935 ms batch [48.709] delay 4.138 ms
INFO: at 4714.074 ms batch [45.517] delay 4.138 ms
INFO: at 4718.214 ms batch [7.262] delay 4.138 ms
INFO: at 4722.353 ms batch [7.640] delay 4.138 ms
INFO: at 4726.492 ms batch [49.391] delay 4.138 ms
INFO: at 4730.631 ms batch [7.322] delay 4.138 ms
INFO: at 4734.781 ms batch [52.048] delay 4.138 ms
INFO: at 4738.920 ms batch [7.486] delay 4.138 ms
INFO: at 4743.059 ms batch [51.689] delay 4.138 ms
INFO: at 4747.199 ms batch [8.075] delay 4.138 ms
INFO: at 4751.338 ms batch [7.810] delay 4.138 ms
INFO: at 4755.478 ms batch [8.305] delay 4.138 ms
INFO: at 4759.617 ms batch [8.167] delay 4.138 ms
INFO: at 4763.757 ms batch [8.616] delay 4.138 ms
INFO: at 4767.896 ms batch [46.480] delay 4.138 ms
INFO: at 4772.035 ms batch [6.961] delay 4.138 ms
INFO: at 4776.176 ms batch [8.116] delay 4.138 ms
INFO: at 4780.315 ms batch [45.951] delay 4.138 ms
INFO: at 4784.454 ms batch [8.624] delay 4.138 ms
INFO: at 4788.594 ms batch [8.131] delay 4.138 ms
INFO: at 4792.733 ms batch [8.648] delay 4.138 ms
INFO: at 4796.872 ms batch [46.512] delay 4.138 ms
INFO: at 4801.011 ms batch [49.277] delay 4.138 ms
INFO: at 4805.151 ms batch [44.281] delay 10.910 ms
INFO: at 4685.098 ms fetching 49.549 ms
INFO: at 4689.238 ms fetching 9.023 ms
INFO: at 4693.378 ms fetching 47.879 ms
INFO: at 4697.518 ms fetching 8.010 ms
INFO: at 4701.657 ms fetching 8.065 ms
INFO: at 4705.796 ms fetching 47.844 ms
INFO: at 4709.935 ms fetching 48.709 ms
INFO: at 4714.074 ms fetching 45.517 ms
INFO: at 4718.214 ms fetching 7.262 ms
INFO: at 4722.353 ms fetching 7.640 ms
INFO: at 4726.492 ms fetching 49.391 ms
INFO: at 4730.631 ms fetching 7.322 ms
INFO: at 4734.781 ms fetching 52.048 ms
INFO: at 4738.920 ms fetching 7.486 ms
INFO: at 4743.059 ms fetching 51.689 ms
INFO: at 4747.199 ms fetching 8.075 ms
INFO: at 4751.338 ms fetching 7.810 ms
INFO: at 4755.478 ms fetching 8.305 ms
INFO: at 4759.617 ms fetching 8.167 ms
INFO: at 4763.757 ms fetching 8.616 ms
INFO: at 4767.896 ms fetching 46.480 ms
INFO: at 4772.035 ms fetching 6.961 ms
INFO: at 4776.176 ms fetching 8.116 ms
INFO: at 4780.315 ms fetching 45.951 ms
INFO: at 4784.454 ms fetching 8.624 ms
INFO: at 4788.594 ms fetching 8.131 ms
INFO: at 4792.733 ms fetching 8.648 ms
INFO: at 4796.872 ms fetching 46.512 ms
INFO: at 4801.011 ms fetching 49.277 ms
INFO: at 4805.151 ms fetching 44.281 ms
INFO: at 4816.063 ms batch [6.618] delay 10.910 ms
INFO: at 4816.063 ms fetching 6.618 ms
WARNING: bookkeeping for too long: -24.26513463790434ms
INFO: at 4851.258 ms batch [46.247] delay 10.910 ms
INFO: at 4851.258 ms fetching 46.247 ms
INFO: at 4862.170 ms batch [46.886] delay 10.910 ms
INFO: at 4862.170 ms fetching 46.886 ms
INFO: at 4873.083 ms batch [7.685] delay 10.910 ms
INFO: at 4873.083 ms fetching 7.685 ms
INFO: at 4883.995 ms batch [8.198] delay 10.910 ms
INFO: at 4883.995 ms fetching 8.198 ms
INFO: at 4894.908 ms batch [46.500] delay 10.910 ms
INFO: at 4894.908 ms fetching 46.500 ms
INFO: at 4905.820 ms batch [7.780] delay 10.910 ms
INFO: at 4905.820 ms fetching 7.780 ms
INFO: at 4916.733 ms batch [7.506] delay 10.910 ms
INFO: at 4916.733 ms fetching 7.506 ms
INFO: at 4927.645 ms batch [7.818] delay 10.910 ms
INFO: at 4927.645 ms fetching 7.818 ms
INFO: at 4938.557 ms batch [47.951] delay 10.910 ms
INFO: at 4938.557 ms fetching 47.951 ms
INFO: at 4949.469 ms batch [47.020] delay 12.001 ms
INFO: at 4949.469 ms fetching 47.020 ms
INFO: at 4961.472 ms batch [49.155] delay 12.001 ms
INFO: at 4961.472 ms fetching 49.155 ms
INFO: at 4973.476 ms batch [6.783] delay 12.001 ms
INFO: at 4973.476 ms fetching 6.783 ms
INFO: at 4985.482 ms batch [7.560] delay 12.001 ms
INFO: at 4985.482 ms fetching 7.560 ms
INFO: at 4997.486 ms batch [49.503] delay 12.001 ms
INFO: at 4997.486 ms fetching 49.503 ms
INFO: at 5009.490 ms batch [45.688] delay 12.001 ms
INFO: at 5009.490 ms fetching 45.688 ms
INFO: at 5021.494 ms batch [51.006] delay 12.001 ms
INFO: at 5021.494 ms fetching 51.006 ms
INFO: at 5033.498 ms batch [8.152] delay 12.001 ms
INFO: at 5033.498 ms fetching 8.152 ms
INFO: at 5045.502 ms batch [46.896] delay 12.001 ms
INFO: at 5045.502 ms fetching 46.896 ms
INFO: at 5057.506 ms batch [7.620] delay 12.001 ms
INFO: at 5057.506 ms fetching 7.620 ms
INFO: at 5069.510 ms batch [8.250] delay 15.002 ms
INFO: at 5069.510 ms fetching 8.250 ms
INFO: at 5084.516 ms batch [7.577] delay 15.002 ms
INFO: at 5084.516 ms fetching 7.577 ms
INFO: at 5099.520 ms batch [48.231] delay 15.002 ms
INFO: at 5099.520 ms fetching 48.231 ms
INFO: at 5114.524 ms batch [7.394] delay 15.002 ms
INFO: at 5114.524 ms fetching 7.394 ms
INFO: at 5129.529 ms batch [8.264] delay 15.002 ms
INFO: at 5129.529 ms fetching 8.264 ms
INFO: at 5144.533 ms batch [44.206] delay 15.002 ms
INFO: at 5144.533 ms fetching 44.206 ms
INFO: at 5159.537 ms batch [7.433] delay 15.002 ms
INFO: at 5159.537 ms fetching 7.433 ms
INFO: at 5174.547 ms batch [44.399] delay 15.002 ms
INFO: at 5174.547 ms fetching 44.399 ms
INFO: at 5189.551 ms batch [7.722] delay 8.001 ms
INFO: at 5189.551 ms fetching 7.722 ms
INFO: at 5197.554 ms batch [45.775] delay 8.001 ms
INFO: at 5197.554 ms fetching 45.775 ms
INFO: at 5205.557 ms batch [46.665] delay 8.001 ms
INFO: at 5205.557 ms fetching 46.665 ms
INFO: at 5213.561 ms batch [49.057] delay 8.001 ms
INFO: at 5213.561 ms fetching 49.057 ms
INFO: at 5221.564 ms batch [45.425] delay 8.001 ms
INFO: at 5221.564 ms fetching 45.425 ms
INFO: at 5229.567 ms batch [48.776] delay 8.001 ms
INFO: at 5229.567 ms fetching 48.776 ms
INFO: at 5237.570 ms batch [7.948] delay 8.001 ms
INFO: at 5237.570 ms fetching 7.948 ms
INFO: at 5245.573 ms batch [46.554] delay 8.001 ms
INFO: at 5245.573 ms fetching 46.554 ms
INFO: at 5253.576 ms batch [9.167] delay 8.001 ms
INFO: at 5253.576 ms fetching 9.167 ms
INFO: at 5261.578 ms batch [7.596] delay 8.001 ms
INFO: at 5261.578 ms fetching 7.596 ms
INFO: at 5269.581 ms batch [48.194] delay 8.001 ms
INFO: at 5269.581 ms fetching 48.194 ms
INFO: at 5277.585 ms batch [47.190] delay 8.001 ms
INFO: at 5277.585 ms fetching 47.190 ms
INFO: at 5285.588 ms batch [45.963] delay 8.001 ms
INFO: at 5285.588 ms fetching 45.963 ms
INFO: at 5293.590 ms batch [47.501] delay 8.001 ms
INFO: at 5293.590 ms fetching 47.501 ms
INFO: at 5301.593 ms batch [50.456] delay 8.001 ms
INFO: at 5301.593 ms fetching 50.456 ms
INFO: at 5309.596 ms batch [47.814] delay 10.910 ms
INFO: at 5309.596 ms fetching 47.814 ms
INFO: at 5320.509 ms batch [45.880] delay 10.910 ms
INFO: at 5320.509 ms fetching 45.880 ms
INFO: at 5331.422 ms batch [48.750] delay 10.910 ms
INFO: at 5331.422 ms fetching 48.750 ms
INFO: at 5342.334 ms batch [50.057] delay 10.910 ms
INFO: at 5342.334 ms fetching 50.057 ms
INFO: at 5353.247 ms batch [48.104] delay 10.910 ms
INFO: at 5353.247 ms fetching 48.104 ms
INFO: at 5364.159 ms batch [7.411] delay 10.910 ms
INFO: at 5364.159 ms fetching 7.411 ms
INFO: at 5375.071 ms batch [50.221] delay 10.910 ms
INFO: at 5375.071 ms fetching 50.221 ms
INFO: at 5385.984 ms batch [47.632] delay 10.910 ms
INFO: at 5385.984 ms fetching 47.632 ms
INFO: at 5396.896 ms batch [8.361] delay 10.910 ms
INFO: at 5396.896 ms fetching 8.361 ms
INFO: at 5407.809 ms batch [6.944] delay 10.910 ms
INFO: at 5407.809 ms fetching 6.944 ms
INFO: at 5418.722 ms batch [7.440] delay 10.910 ms
INFO: at 5418.722 ms fetching 7.440 ms
INFO: at 5429.635 ms batch [7.370] delay 10.910 ms
INFO: at 5429.635 ms fetching 7.370 ms
INFO: at 5440.551 ms batch [49.764] delay 10.910 ms
INFO: at 5440.551 ms fetching 49.764 ms
INFO: at 5451.464 ms batch [7.871] delay 10.910 ms
INFO: at 5451.464 ms fetching 7.871 ms
INFO: at 5462.376 ms batch [49.619] delay 10.910 ms
INFO: at 5462.376 ms fetching 49.619 ms
INFO: at 5473.289 ms batch [46.355] delay 10.910 ms
INFO: at 5473.289 ms fetching 46.355 ms
INFO: at 5484.201 ms batch [7.888] delay 10.910 ms
INFO: at 5484.201 ms fetching 7.888 ms
INFO: at 5495.114 ms batch [7.990] delay 10.910 ms
INFO: at 5495.114 ms fetching 7.990 ms
INFO: at 5506.027 ms batch [8.012] delay 10.910 ms
INFO: at 5506.027 ms fetching 8.012 ms
INFO: at 5516.940 ms batch [7.878] delay 10.910 ms
INFO: at 5516.940 ms fetching 7.878 ms
INFO: at 5527.855 ms batch [7.673] delay 10.910 ms
INFO: at 5527.855 ms fetching 7.673 ms
INFO: at 5538.767 ms batch [47.272] delay 10.910 ms
INFO: at 5538.767 ms fetching 47.272 ms
INFO: at 5549.680 ms batch [44.666] delay 13.335 ms
INFO: at 5549.680 ms fetching 44.666 ms
INFO: at 5563.017 ms batch [47.791] delay 13.335 ms
INFO: at 5563.017 ms fetching 47.791 ms
INFO: at 5576.355 ms batch [46.754] delay 13.335 ms
INFO: at 5576.355 ms fetching 46.754 ms
INFO: at 5589.693 ms batch [48.529] delay 13.335 ms
INFO: at 5589.693 ms fetching 48.529 ms
INFO: at 5603.030 ms batch [45.137] delay 13.335 ms
INFO: at 5603.030 ms fetching 45.137 ms
INFO: at 5616.367 ms batch [7.634] delay 13.335 ms
INFO: at 5616.367 ms fetching 7.634 ms
INFO: at 5629.704 ms batch [46.865] delay 13.335 ms
INFO: at 5629.704 ms fetching 46.865 ms
INFO: at 5643.042 ms batch [48.034] delay 13.335 ms
INFO: at 5643.042 ms fetching 48.034 ms
INFO: at 5656.381 ms batch [48.567] delay 13.335 ms
INFO: at 5656.381 ms fetching 48.567 ms
INFO: at 5669.719 ms batch [7.876] delay 13.335 ms
INFO: at 5669.719 ms fetching 7.876 ms
INFO: at 5683.056 ms batch [8.022] delay 13.335 ms
INFO: at 5683.056 ms fetching 8.022 ms
INFO: at 5696.393 ms batch [48.047] delay 13.335 ms
INFO: at 5696.393 ms fetching 48.047 ms
INFO: at 5709.730 ms batch [46.575] delay 13.335 ms
INFO: at 5709.730 ms fetching 46.575 ms
INFO: at 5723.068 ms batch [8.122] delay 13.335 ms
INFO: at 5723.068 ms fetching 8.122 ms
INFO: at 5736.405 ms batch [8.234] delay 13.335 ms
INFO: at 5736.405 ms fetching 8.234 ms
INFO: at 5749.743 ms batch [8.208] delay 13.335 ms
INFO: at 5749.743 ms fetching 8.208 ms
INFO: at 5763.081 ms batch [48.692] delay 13.335 ms
INFO: at 5763.081 ms fetching 48.692 ms
INFO: at 5776.418 ms batch [8.800] delay 13.335 ms
INFO: at 5776.418 ms fetching 8.800 ms
INFO: at 5789.756 ms batch [47.866] delay 10.001 ms
INFO: at 5789.756 ms fetching 47.866 ms
INFO: at 5799.760 ms batch [8.464] delay 10.001 ms
INFO: at 5799.760 ms fetching 8.464 ms
INFO: at 5809.763 ms batch [49.595] delay 10.001 ms
INFO: at 5809.763 ms fetching 49.595 ms
INFO: at 5819.766 ms batch [6.896] delay 10.001 ms
INFO: at 5819.766 ms fetching 6.896 ms
INFO: at 5829.770 ms batch [49.009] delay 10.001 ms
INFO: at 5829.770 ms fetching 49.009 ms
INFO: at 5839.774 ms batch [8.380] delay 10.001 ms
INFO: at 5839.774 ms fetching 8.380 ms
INFO: at 5849.777 ms batch [48.114] delay 10.001 ms
INFO: at 5849.777 ms fetching 48.114 ms
INFO: at 5859.781 ms batch [45.476] delay 10.001 ms
INFO: at 5859.781 ms fetching 45.476 ms
INFO: at 5869.784 ms batch [8.284] delay 10.001 ms
INFO: at 5869.784 ms fetching 8.284 ms
INFO: at 5879.788 ms batch [7.547] delay 10.001 ms
INFO: at 5879.788 ms fetching 7.547 ms
INFO: at 5889.792 ms batch [45.763] delay 10.001 ms
INFO: at 5889.792 ms fetching 45.763 ms
INFO: at 5899.795 ms batch [47.158] delay 10.001 ms
INFO: at 5899.795 ms fetching 47.158 ms
INFO: at 5909.798 ms batch [8.988] delay 13.335 ms
INFO: at 5909.798 ms fetching 8.988 ms
INFO: at 5923.135 ms batch [48.662] delay 13.335 ms
INFO: at 5923.135 ms fetching 48.662 ms
INFO: at 5936.473 ms batch [7.213] delay 13.335 ms
INFO: at 5936.473 ms fetching 7.213 ms
INFO: at 5949.810 ms batch [44.688] delay 13.335 ms
INFO: at 5949.810 ms fetching 44.688 ms
INFO: at 5963.149 ms batch [7.839] delay 13.335 ms
INFO: at 5963.149 ms fetching 7.839 ms
INFO: at 5976.486 ms batch [47.263] delay 13.335 ms
INFO: at 5976.486 ms fetching 47.263 ms
INFO: at 5989.824 ms batch [45.648] delay 13.335 ms
INFO: at 5989.824 ms fetching 45.648 ms
INFO: at 6003.161 ms batch [8.844] delay 13.335 ms
INFO: at 6003.161 ms fetching 8.844 ms
INFO: at 6016.497 ms batch [44.967] delay 13.335 ms
INFO: at 6016.497 ms fetching 44.967 ms
INFO: at 6029.835 ms batch [7.924] delay 12.001 ms
INFO: at 6029.835 ms fetching 7.924 ms
INFO: at 6041.839 ms batch [8.054] delay 12.001 ms
INFO: at 6041.839 ms fetching 8.054 ms
INFO: at 6053.842 ms batch [50.155] delay 12.001 ms
INFO: at 6053.842 ms fetching 50.155 ms
INFO: at 6065.846 ms batch [47.302] delay 12.001 ms
INFO: at 6065.846 ms fetching 47.302 ms
INFO: at 6077.850 ms batch [7.852] delay 12.001 ms
INFO: at 6077.850 ms fetching 7.852 ms
INFO: at 6089.854 ms batch [42.585] delay 12.001 ms
INFO: at 6089.854 ms fetching 42.585 ms
INFO: at 6101.858 ms batch [7.541] delay 12.001 ms
INFO: at 6101.858 ms fetching 7.541 ms
INFO: at 6113.863 ms batch [7.679] delay 12.001 ms
INFO: at 6113.863 ms fetching 7.679 ms
INFO: at 6125.866 ms batch [8.224] delay 12.001 ms
INFO: at 6125.866 ms fetching 8.224 ms
INFO: at 6137.874 ms batch [46.115] delay 12.001 ms
INFO: at 6137.874 ms fetching 46.115 ms
INFO: at 6149.878 ms batch [8.674] delay 9.232 ms
INFO: at 6149.878 ms fetching 8.674 ms
INFO: at 6159.113 ms batch [8.372] delay 9.232 ms
INFO: at 6159.113 ms fetching 8.372 ms
INFO: at 6168.347 ms batch [8.271] delay 9.232 ms
INFO: at 6168.347 ms fetching 8.271 ms
INFO: at 6177.581 ms batch [8.564] delay 9.232 ms
INFO: at 6177.581 ms fetching 8.564 ms
INFO: at 6186.818 ms batch [47.714] delay 9.232 ms
INFO: at 6186.818 ms fetching 47.714 ms
INFO: at 6196.052 ms batch [51.336] delay 9.232 ms
INFO: at 6196.052 ms fetching 51.336 ms
INFO: at 6205.286 ms batch [7.881] delay 9.232 ms
INFO: at 6205.286 ms fetching 7.881 ms
INFO: at 6214.521 ms batch [8.879] delay 9.232 ms
INFO: at 6214.521 ms fetching 8.879 ms
INFO: at 6223.756 ms batch [46.617] delay 9.232 ms
INFO: at 6223.756 ms fetching 46.617 ms
INFO: at 6232.990 ms batch [8.211] delay 9.232 ms
INFO: at 6232.990 ms fetching 8.211 ms
INFO: at 6242.224 ms batch [47.645] delay 9.232 ms
INFO: at 6242.224 ms fetching 47.645 ms
INFO: at 6251.458 ms batch [43.999] delay 9.232 ms
INFO: at 6251.458 ms fetching 43.999 ms
INFO: at 6260.692 ms batch [46.714] delay 9.232 ms
INFO: at 6260.692 ms fetching 46.714 ms
INFO: at 6269.926 ms batch [48.634] delay 15.002 ms
INFO: at 6269.926 ms fetching 48.634 ms
INFO: at 6284.931 ms batch [8.030] delay 15.002 ms
INFO: at 6284.931 ms fetching 8.030 ms
INFO: at 6299.935 ms batch [48.978] delay 15.002 ms
INFO: at 6299.935 ms fetching 48.978 ms
INFO: at 6314.939 ms batch [44.586] delay 15.002 ms
INFO: at 6314.939 ms fetching 44.586 ms
INFO: at 6329.945 ms batch [45.975] delay 15.002 ms
INFO: at 6329.945 ms fetching 45.975 ms
INFO: at 6344.949 ms batch [7.709] delay 15.002 ms
INFO: at 6344.949 ms fetching 7.709 ms
INFO: at 6359.954 ms batch [48.267] delay 15.002 ms
INFO: at 6359.954 ms fetching 48.267 ms
INFO: at 6374.960 ms batch [46.522] delay 15.002 ms
INFO: at 6374.960 ms fetching 46.522 ms
INFO: at 6389.964 ms batch [7.844] delay 12.001 ms
INFO: at 6389.964 ms fetching 7.844 ms
INFO: at 6401.967 ms batch [43.864] delay 12.001 ms
INFO: at 6401.967 ms fetching 43.864 ms
INFO: at 6413.971 ms batch [8.201] delay 12.001 ms
INFO: at 6413.971 ms fetching 8.201 ms
INFO: at 6425.975 ms batch [44.882] delay 12.001 ms
INFO: at 6425.975 ms fetching 44.882 ms
INFO: at 6437.983 ms batch [47.253] delay 12.001 ms
INFO: at 6437.983 ms fetching 47.253 ms
INFO: at 6449.986 ms batch [45.314] delay 12.001 ms
INFO: at 6449.986 ms fetching 45.314 ms
INFO: at 6461.989 ms batch [49.108] delay 12.001 ms
INFO: at 6461.989 ms fetching 49.108 ms
INFO: at 6473.993 ms batch [8.353] delay 12.001 ms
INFO: at 6473.993 ms fetching 8.353 ms
INFO: at 6485.997 ms batch [7.961] delay 12.001 ms
INFO: at 6485.997 ms fetching 7.961 ms
INFO: at 6498.001 ms batch [8.721] delay 12.001 ms
INFO: at 6498.001 ms fetching 8.721 ms
INFO: at 6510.004 ms batch [47.609] delay 17.145 ms
INFO: at 6510.004 ms fetching 47.609 ms
INFO: at 6527.152 ms batch [8.189] delay 17.145 ms
INFO: at 6527.152 ms fetching 8.189 ms
INFO: at 6544.300 ms batch [7.289] delay 17.145 ms
INFO: at 6544.300 ms fetching 7.289 ms
INFO: at 6561.448 ms batch [7.107] delay 17.145 ms
INFO: at 6561.448 ms fetching 7.107 ms
INFO: at 6578.597 ms batch [49.878] delay 17.145 ms
INFO: at 6578.597 ms fetching 49.878 ms
INFO: at 6595.744 ms batch [46.876] delay 17.145 ms
INFO: at 6595.744 ms fetching 46.876 ms
INFO: at 6612.892 ms batch [8.432] delay 17.145 ms
INFO: at 6612.892 ms fetching 8.432 ms
INFO: at 6630.039 ms batch [49.092] delay 12.001 ms
INFO: at 6630.039 ms fetching 49.092 ms
INFO: at 6642.043 ms batch [8.961] delay 12.001 ms
INFO: at 6642.043 ms fetching 8.961 ms
INFO: at 6654.046 ms batch [47.588] delay 12.001 ms
INFO: at 6654.046 ms fetching 47.588 ms
INFO: at 6666.052 ms batch [7.765] delay 12.001 ms
INFO: at 6666.052 ms fetching 7.765 ms
INFO: at 6678.056 ms batch [7.846] delay 12.001 ms
INFO: at 6678.056 ms fetching 7.846 ms
INFO: at 6690.060 ms batch [50.940] delay 12.001 ms
INFO: at 6690.060 ms fetching 50.940 ms
INFO: at 6702.064 ms batch [43.487] delay 12.001 ms
INFO: at 6702.064 ms fetching 43.487 ms
INFO: at 6714.068 ms batch [7.469] delay 12.001 ms
INFO: at 6714.068 ms fetching 7.469 ms
INFO: at 6726.072 ms batch [45.556] delay 12.001 ms
INFO: at 6726.072 ms fetching 45.556 ms
INFO: at 6738.076 ms batch [45.438] delay 12.001 ms
INFO: at 6738.076 ms fetching 45.438 ms
INFO: at 6750.080 ms batch [8.441] delay 15.002 ms
INFO: at 6750.080 ms fetching 8.441 ms
INFO: at 6765.085 ms batch [8.100] delay 15.002 ms
INFO: at 6765.085 ms fetching 8.100 ms
INFO: at 6780.089 ms batch [45.739] delay 15.002 ms
INFO: at 6780.089 ms fetching 45.739 ms
INFO: at 6795.093 ms batch [47.008] delay 15.002 ms
INFO: at 6795.093 ms fetching 47.008 ms
INFO: at 6810.098 ms batch [48.519] delay 15.002 ms
INFO: at 6810.098 ms fetching 48.519 ms
INFO: at 6825.103 ms batch [48.326] delay 15.002 ms
INFO: at 6825.103 ms fetching 48.326 ms
INFO: at 6840.107 ms batch [8.182] delay 15.002 ms
INFO: at 6840.107 ms fetching 8.182 ms
INFO: at 6855.112 ms batch [46.781] delay 15.002 ms
INFO: at 6855.112 ms fetching 46.781 ms
INFO: at 6870.117 ms batch [8.005] delay 10.910 ms
INFO: at 6870.117 ms fetching 8.005 ms
INFO: at 6881.029 ms batch [45.834] delay 10.910 ms
INFO: at 6881.029 ms fetching 45.834 ms
INFO: at 6891.941 ms batch [7.234] delay 10.910 ms
INFO: at 6891.941 ms fetching 7.234 ms
INFO: at 6902.854 ms batch [47.447] delay 10.910 ms
INFO: at 6902.854 ms fetching 47.447 ms
INFO: at 6913.766 ms batch [7.609] delay 10.910 ms
INFO: at 6913.766 ms fetching 7.609 ms
INFO: at 6924.679 ms batch [8.545] delay 10.910 ms
INFO: at 6924.679 ms fetching 8.545 ms
INFO: at 6935.592 ms batch [7.544] delay 10.910 ms
INFO: at 6935.592 ms fetching 7.544 ms
INFO: at 6946.504 ms batch [50.695] delay 10.910 ms
INFO: at 6946.504 ms fetching 50.695 ms
INFO: at 6957.417 ms batch [45.570] delay 10.910 ms
INFO: at 6957.417 ms fetching 45.570 ms
INFO: at 6968.329 ms batch [8.161] delay 10.910 ms
INFO: at 6968.329 ms fetching 8.161 ms
INFO: at 6979.242 ms batch [46.533] delay 10.910 ms
INFO: at 6979.242 ms fetching 46.533 ms
INFO: at 6990.157 ms batch [7.930] delay 12.001 ms
INFO: at 6990.157 ms fetching 7.930 ms
INFO: at 7002.168 ms batch [8.237] delay 12.001 ms
INFO: at 7002.168 ms fetching 8.237 ms
INFO: at 7014.172 ms batch [46.068] delay 12.001 ms
INFO: at 7014.172 ms fetching 46.068 ms
INFO: at 7026.175 ms batch [47.743] delay 12.001 ms
INFO: at 7026.175 ms fetching 47.743 ms
INFO: at 7038.179 ms batch [48.478] delay 12.001 ms
INFO: at 7038.179 ms fetching 48.478 ms
INFO: at 7050.182 ms batch [47.824] delay 12.001 ms
INFO: at 7050.182 ms fetching 47.824 ms
INFO: at 7062.187 ms batch [7.015] delay 12.001 ms
INFO: at 7062.187 ms fetching 7.015 ms
INFO: at 7074.190 ms batch [46.268] delay 12.001 ms
INFO: at 7074.190 ms fetching 46.268 ms
INFO: at 7086.195 ms batch [8.521] delay 12.001 ms
INFO: at 7086.195 ms fetching 8.521 ms
INFO: at 7098.199 ms batch [46.334] delay 12.001 ms
INFO: at 7098.199 ms fetching 46.334 ms
INFO: at 7110.203 ms batch [8.506] delay 13.335 ms
INFO: at 7110.203 ms fetching 8.506 ms
INFO: at 7123.540 ms batch [7.979] delay 13.335 ms
INFO: at 7123.540 ms fetching 7.979 ms
INFO: at 7136.878 ms batch [8.033] delay 13.335 ms
INFO: at 7136.878 ms fetching 8.033 ms
INFO: at 7150.215 ms batch [7.052] delay 13.335 ms
INFO: at 7150.215 ms fetching 7.052 ms
INFO: at 7163.553 ms batch [47.478] delay 13.335 ms
INFO: at 7163.553 ms fetching 47.478 ms
INFO: at 7176.889 ms batch [46.033] delay 13.335 ms
INFO: at 7176.889 ms fetching 46.033 ms
INFO: at 7190.227 ms batch [44.786] delay 13.335 ms
INFO: at 7190.227 ms fetching 44.786 ms
INFO: at 7203.564 ms batch [46.402] delay 13.335 ms
INFO: at 7203.564 ms fetching 46.402 ms
INFO: at 7216.902 ms batch [46.161] delay 13.335 ms
INFO: at 7216.902 ms fetching 46.161 ms
INFO: at 7230.240 ms batch [7.682] delay 12.001 ms
INFO: at 7230.240 ms fetching 7.682 ms
INFO: at 7242.244 ms batch [8.267] delay 12.001 ms
INFO: at 7242.244 ms fetching 8.267 ms
INFO: at 7254.248 ms batch [49.371] delay 12.001 ms
INFO: at 7254.248 ms fetching 49.371 ms
INFO: at 7266.251 ms batch [8.787] delay 12.001 ms
INFO: at 7266.251 ms fetching 8.787 ms
INFO: at 7278.255 ms batch [8.179] delay 12.001 ms
INFO: at 7278.255 ms fetching 8.179 ms
INFO: at 7290.259 ms batch [46.280] delay 12.001 ms
INFO: at 7290.259 ms fetching 46.280 ms
INFO: at 7302.262 ms batch [8.511] delay 12.001 ms
INFO: at 7302.262 ms fetching 8.511 ms
INFO: at 7314.266 ms batch [7.472] delay 12.001 ms
INFO: at 7314.266 ms fetching 7.472 ms
INFO: at 7326.270 ms batch [8.331] delay 12.001 ms
INFO: at 7326.270 ms fetching 8.331 ms
INFO: at 7338.274 ms batch [8.423] delay 12.001 ms
INFO: at 7338.274 ms fetching 8.423 ms
INFO: at 7350.278 ms batch [48.580] delay 12.001 ms
INFO: at 7350.278 ms fetching 48.580 ms
INFO: at 7362.281 ms batch [43.967] delay 12.001 ms
INFO: at 7362.281 ms fetching 43.967 ms
INFO: at 7374.285 ms batch [8.469] delay 12.001 ms
INFO: at 7374.285 ms fetching 8.469 ms
INFO: at 7386.293 ms batch [8.410] delay 12.001 ms
INFO: at 7386.293 ms fetching 8.410 ms
INFO: at 7398.297 ms batch [46.735] delay 12.001 ms
INFO: at 7398.297 ms fetching 46.735 ms
INFO: at 7410.301 ms batch [47.696] delay 12.001 ms
INFO: at 7410.301 ms fetching 47.696 ms
INFO: at 7422.305 ms batch [47.543] delay 12.001 ms
INFO: at 7422.305 ms fetching 47.543 ms
INFO: at 7434.315 ms batch [7.693] delay 12.001 ms
INFO: at 7434.315 ms fetching 7.693 ms
INFO: at 7446.318 ms batch [7.992] delay 12.001 ms
INFO: at 7446.318 ms fetching 7.992 ms
INFO: at 7458.322 ms batch [7.964] delay 12.001 ms
INFO: at 7458.322 ms fetching 7.964 ms
INFO: at 7470.325 ms batch [7.336] delay 15.002 ms
INFO: at 7470.325 ms fetching 7.336 ms
INFO: at 7485.330 ms batch [45.344] delay 15.002 ms
INFO: at 7485.330 ms fetching 45.344 ms
INFO: at 7500.334 ms batch [8.898] delay 15.002 ms
INFO: at 7500.334 ms fetching 8.898 ms
INFO: at 7515.338 ms batch [7.444] delay 15.002 ms
INFO: at 7515.338 ms fetching 7.444 ms
INFO: at 7530.344 ms batch [47.984] delay 15.002 ms
INFO: at 7530.344 ms fetching 47.984 ms
INFO: at 7545.348 ms batch [41.963] delay 15.002 ms
INFO: at 7545.348 ms fetching 41.963 ms
INFO: at 7560.353 ms batch [8.025] delay 15.002 ms
INFO: at 7560.353 ms fetching 8.025 ms
INFO: at 7575.358 ms batch [51.235] delay 15.002 ms
INFO: at 7575.358 ms fetching 51.235 ms
INFO: at 7590.362 ms batch [8.550] delay 13.335 ms
INFO: at 7590.362 ms fetching 8.550 ms
INFO: at 7603.699 ms batch [44.146] delay 13.335 ms
INFO: at 7603.699 ms fetching 44.146 ms
INFO: at 7617.037 ms batch [7.928] delay 13.335 ms
INFO: at 7617.037 ms fetching 7.928 ms
INFO: at 7630.375 ms batch [48.173] delay 13.335 ms
INFO: at 7630.375 ms fetching 48.173 ms
INFO: at 7643.711 ms batch [8.146] delay 13.335 ms
INFO: at 7643.711 ms fetching 8.146 ms
INFO: at 7657.049 ms batch [7.648] delay 13.335 ms
INFO: at 7657.049 ms fetching 7.648 ms
INFO: at 7670.386 ms batch [49.740] delay 13.335 ms
INFO: at 7670.386 ms fetching 49.740 ms
INFO: at 7683.723 ms batch [8.176] delay 13.335 ms
INFO: at 7683.723 ms fetching 8.176 ms
INFO: at 7697.062 ms batch [7.902] delay 13.335 ms
INFO: at 7697.062 ms fetching 7.902 ms
INFO: at 7710.403 ms batch [7.798] delay 17.145 ms
INFO: at 7710.403 ms fetching 7.798 ms
INFO: at 7727.550 ms batch [49.644] delay 17.145 ms
INFO: at 7727.550 ms fetching 49.644 ms
INFO: at 7744.698 ms batch [50.588] delay 17.145 ms
INFO: at 7744.698 ms fetching 50.588 ms
INFO: at 7761.846 ms batch [43.172] delay 17.145 ms
INFO: at 7761.846 ms fetching 43.172 ms
INFO: at 7778.993 ms batch [50.191] delay 17.145 ms
INFO: at 7778.993 ms fetching 50.191 ms
INFO: at 7796.141 ms batch [8.454] delay 17.145 ms
INFO: at 7796.141 ms fetching 8.454 ms
INFO: at 7813.288 ms batch [8.128] delay 17.145 ms
INFO: at 7813.288 ms fetching 8.128 ms
INFO: at 7830.441 ms batch [8.103] delay 13.335 ms
INFO: at 7830.441 ms fetching 8.103 ms
INFO: at 7843.779 ms batch [46.057] delay 13.335 ms
INFO: at 7843.779 ms fetching 46.057 ms
INFO: at 7857.116 ms batch [8.039] delay 13.335 ms
INFO: at 7857.116 ms fetching 8.039 ms
INFO: at 7870.453 ms batch [45.700] delay 13.335 ms
INFO: at 7870.453 ms fetching 45.700 ms
INFO: at 7883.791 ms batch [7.793] delay 13.335 ms
INFO: at 7883.791 ms fetching 7.793 ms
INFO: at 7897.128 ms batch [7.450] delay 13.335 ms
INFO: at 7897.128 ms fetching 7.450 ms
INFO: at 7910.466 ms batch [47.351] delay 13.335 ms
INFO: at 7910.466 ms fetching 47.351 ms
INFO: at 7923.803 ms batch [7.753] delay 13.335 ms
INFO: at 7923.803 ms fetching 7.753 ms
INFO: at 7937.141 ms batch [44.843] delay 13.335 ms
INFO: at 7937.141 ms fetching 44.843 ms
INFO: at 7950.477 ms batch [8.281] delay 10.001 ms
INFO: at 7950.477 ms fetching 8.281 ms
INFO: at 7960.481 ms batch [45.002] delay 10.001 ms
INFO: at 7960.481 ms fetching 45.002 ms
INFO: at 7970.484 ms batch [8.491] delay 10.001 ms
INFO: at 7970.484 ms fetching 8.491 ms
INFO: at 7980.488 ms batch [45.197] delay 10.001 ms
INFO: at 7980.488 ms fetching 45.197 ms
INFO: at 7990.491 ms batch [48.291] delay 10.001 ms
INFO: at 7990.491 ms fetching 48.291 ms
INFO: at 8000.494 ms batch [7.738] delay 10.001 ms
INFO: at 8000.494 ms fetching 7.738 ms
INFO: at 8010.498 ms batch [7.841] delay 10.001 ms
INFO: at 8010.498 ms fetching 7.841 ms
INFO: at 8020.501 ms batch [49.794] delay 10.001 ms
INFO: at 8020.501 ms fetching 49.794 ms
INFO: at 8030.504 ms batch [8.086] delay 10.001 ms
INFO: at 8030.504 ms fetching 8.086 ms
INFO: at 8040.507 ms batch [8.081] delay 10.001 ms
INFO: at 8040.507 ms fetching 8.081 ms
INFO: at 8050.513 ms batch [45.035] delay 10.001 ms
INFO: at 8050.513 ms fetching 45.035 ms
INFO: at 8060.517 ms batch [44.521] delay 10.001 ms
INFO: at 8060.517 ms fetching 44.521 ms
INFO: at 8070.520 ms batch [47.489] delay 10.910 ms
INFO: at 8070.520 ms fetching 47.489 ms
INFO: at 8081.432 ms batch [8.937] delay 10.910 ms
INFO: at 8081.432 ms fetching 8.937 ms
INFO: at 8092.345 ms batch [7.707] delay 10.910 ms
INFO: at 8092.345 ms fetching 7.707 ms
INFO: at 8103.258 ms batch [49.694] delay 10.910 ms
INFO: at 8103.258 ms fetching 49.694 ms
INFO: at 8114.170 ms batch [43.589] delay 10.910 ms
INFO: at 8114.170 ms fetching 43.589 ms
INFO: at 8125.082 ms batch [50.092] delay 10.910 ms
INFO: at 8125.082 ms fetching 50.092 ms
INFO: at 8135.995 ms batch [44.705] delay 10.910 ms
INFO: at 8135.995 ms fetching 44.705 ms
INFO: at 8146.907 ms batch [7.219] delay 10.910 ms
INFO: at 8146.907 ms fetching 7.219 ms
INFO: at 8157.820 ms batch [7.345] delay 10.910 ms
INFO: at 8157.820 ms fetching 7.345 ms
INFO: at 8168.732 ms batch [49.242] delay 10.910 ms
INFO: at 8168.732 ms fetching 49.242 ms
INFO: at 8179.645 ms batch [46.345] delay 10.910 ms
INFO: at 8179.645 ms fetching 46.345 ms
INFO: at 8190.558 ms batch [44.540] delay 10.001 ms
INFO: at 8190.558 ms fetching 44.540 ms
INFO: at 8200.561 ms batch [7.696] delay 10.001 ms
INFO: at 8200.561 ms fetching 7.696 ms
INFO: at 8210.564 ms batch [45.938] delay 10.001 ms
INFO: at 8210.564 ms fetching 45.938 ms
INFO: at 8220.568 ms batch [47.128] delay 10.001 ms
INFO: at 8220.568 ms fetching 47.128 ms
INFO: at 8230.571 ms batch [45.503] delay 10.001 ms
INFO: at 8230.571 ms fetching 45.503 ms
INFO: at 8240.575 ms batch [47.974] delay 10.001 ms
INFO: at 8240.575 ms fetching 47.974 ms
INFO: at 8250.578 ms batch [45.987] delay 10.001 ms
INFO: at 8250.578 ms fetching 45.987 ms
INFO: at 8260.581 ms batch [7.175] delay 10.001 ms
INFO: at 8260.581 ms fetching 7.175 ms
INFO: at 8270.584 ms batch [7.553] delay 10.001 ms
INFO: at 8270.584 ms fetching 7.553 ms
INFO: at 8280.587 ms batch [8.243] delay 10.001 ms
INFO: at 8280.587 ms fetching 8.243 ms
INFO: at 8290.590 ms batch [7.121] delay 10.001 ms
INFO: at 8290.590 ms fetching 7.121 ms
INFO: at 8300.593 ms batch [7.499] delay 10.001 ms
INFO: at 8300.593 ms fetching 7.499 ms
INFO: at 8310.597 ms batch [6.672] delay 10.001 ms
INFO: at 8310.597 ms fetching 6.672 ms
INFO: at 8320.600 ms batch [8.459] delay 10.001 ms
INFO: at 8320.600 ms fetching 8.459 ms
INFO: at 8330.603 ms batch [49.437] delay 10.001 ms
INFO: at 8330.603 ms fetching 49.437 ms
INFO: at 8340.606 ms batch [47.371] delay 10.001 ms
INFO: at 8340.606 ms fetching 47.371 ms
INFO: at 8350.609 ms batch [8.348] delay 10.001 ms
INFO: at 8350.609 ms fetching 8.348 ms
INFO: at 8360.612 ms batch [48.619] delay 10.001 ms
INFO: at 8360.612 ms fetching 48.619 ms
INFO: at 8370.616 ms batch [47.909] delay 10.001 ms
INFO: at 8370.616 ms fetching 47.909 ms
INFO: at 8380.619 ms batch [8.572] delay 10.001 ms
INFO: at 8380.619 ms fetching 8.572 ms
INFO: at 8390.621 ms batch [7.230] delay 10.001 ms
INFO: at 8390.621 ms fetching 7.230 ms
INFO: at 8400.625 ms batch [6.717] delay 10.001 ms
INFO: at 8400.625 ms fetching 6.717 ms
INFO: at 8410.628 ms batch [45.788] delay 10.001 ms
INFO: at 8410.628 ms fetching 45.788 ms
INFO: at 8420.631 ms batch [46.105] delay 10.001 ms
INFO: at 8420.631 ms fetching 46.105 ms
INFO: at 8430.637 ms batch [47.655] delay 8.001 ms
INFO: at 8430.637 ms fetching 47.655 ms
INFO: at 8438.640 ms batch [46.997] delay 8.001 ms
INFO: at 8438.640 ms fetching 46.997 ms
INFO: at 8446.643 ms batch [49.137] delay 8.001 ms
INFO: at 8446.643 ms fetching 49.137 ms
INFO: at 8454.646 ms batch [8.019] delay 8.001 ms
INFO: at 8454.646 ms fetching 8.019 ms
INFO: at 8462.649 ms batch [48.137] delay 8.001 ms
INFO: at 8462.649 ms fetching 48.137 ms
INFO: at 8470.652 ms batch [8.246] delay 8.001 ms
INFO: at 8470.652 ms fetching 8.246 ms
INFO: at 8478.655 ms batch [48.851] delay 8.001 ms
INFO: at 8478.655 ms fetching 48.851 ms
INFO: at 8486.660 ms batch [46.946] delay 8.001 ms
INFO: at 8486.660 ms fetching 46.946 ms
INFO: at 8494.663 ms batch [43.795] delay 8.001 ms
INFO: at 8494.663 ms fetching 43.795 ms
INFO: at 8502.666 ms batch [46.460] delay 8.001 ms
INFO: at 8502.666 ms fetching 46.460 ms
INFO: at 8510.669 ms batch [7.299] delay 8.001 ms
INFO: at 8510.669 ms fetching 7.299 ms
INFO: at 8518.672 ms batch [8.140] delay 8.001 ms
INFO: at 8518.672 ms fetching 8.140 ms
INFO: at 8526.675 ms batch [46.172] delay 8.001 ms
INFO: at 8526.675 ms fetching 46.172 ms
INFO: at 8534.680 ms batch [7.656] delay 8.001 ms
INFO: at 8534.680 ms fetching 7.656 ms
INFO: at 8542.683 ms batch [7.943] delay 8.001 ms
INFO: at 8542.683 ms fetching 7.943 ms
INFO: at 8550.686 ms batch [7.556] delay 15.002 ms
INFO: at 8550.686 ms fetching 7.556 ms
INFO: at 8565.690 ms batch [48.399] delay 15.002 ms
INFO: at 8565.690 ms fetching 48.399 ms
INFO: at 8580.694 ms batch [46.009] delay 15.002 ms
INFO: at 8580.694 ms fetching 46.009 ms
INFO: at 8595.698 ms batch [7.531] delay 15.002 ms
INFO: at 8595.698 ms fetching 7.531 ms
INFO: at 8610.704 ms batch [45.330] delay 15.002 ms
INFO: at 8610.704 ms fetching 45.330 ms
INFO: at 8625.708 ms batch [7.034] delay 15.002 ms
INFO: at 8625.708 ms fetching 7.034 ms
INFO: at 8640.712 ms batch [44.177] delay 15.002 ms
INFO: at 8640.712 ms fetching 44.177 ms
INFO: at 8655.717 ms batch [7.284] delay 15.002 ms
INFO: at 8655.717 ms fetching 7.284 ms
INFO: at 8670.721 ms batch [45.227] delay 12.001 ms
INFO: at 8670.721 ms fetching 45.227 ms
INFO: at 8682.725 ms batch [46.450] delay 12.001 ms
INFO: at 8682.725 ms fetching 46.450 ms
INFO: at 8694.728 ms batch [45.582] delay 12.001 ms
INFO: at 8694.728 ms fetching 45.582 ms
INFO: at 8706.732 ms batch [44.915] delay 12.001 ms
INFO: at 8706.732 ms fetching 44.915 ms
INFO: at 8718.736 ms batch [45.823] delay 12.001 ms
INFO: at 8718.736 ms fetching 45.823 ms
INFO: at 8730.739 ms batch [45.356] delay 12.001 ms
INFO: at 8730.739 ms fetching 45.356 ms
INFO: at 8742.743 ms batch [49.313] delay 12.001 ms
INFO: at 8742.743 ms fetching 49.313 ms
INFO: at 8754.747 ms batch [7.240] delay 12.001 ms
INFO: at 8754.747 ms fetching 7.240 ms
INFO: at 8766.751 ms batch [46.646] delay 12.001 ms
INFO: at 8766.751 ms fetching 46.646 ms
INFO: at 8778.755 ms batch [8.192] delay 12.001 ms
INFO: at 8778.755 ms fetching 8.192 ms
INFO: at 8790.758 ms batch [7.587] delay 13.335 ms
INFO: at 8790.758 ms fetching 7.587 ms
INFO: at 8804.096 ms batch [50.809] delay 13.335 ms
INFO: at 8804.096 ms fetching 50.809 ms
INFO: at 8817.434 ms batch [47.733] delay 13.335 ms
INFO: at 8817.434 ms fetching 47.733 ms
INFO: at 8830.772 ms batch [46.426] delay 13.335 ms
INFO: at 8830.772 ms fetching 46.426 ms
INFO: at 8844.109 ms batch [7.951] delay 13.335 ms
INFO: at 8844.109 ms fetching 7.951 ms
INFO: at 8857.446 ms batch [7.382] delay 13.335 ms
INFO: at 8857.446 ms fetching 7.382 ms
INFO: at 8870.783 ms batch [8.044] delay 13.335 ms
INFO: at 8870.783 ms fetching 8.044 ms
INFO: at 8884.121 ms batch [47.520] delay 13.335 ms
INFO: at 8884.121 ms fetching 47.520 ms
INFO: at 8897.460 ms batch [46.765] delay 13.335 ms
INFO: at 8897.460 ms fetching 46.765 ms
INFO: at 8910.797 ms batch [44.933] delay 10.001 ms
INFO: at 8910.797 ms fetching 44.933 ms
INFO: at 8920.800 ms batch [8.253] delay 10.001 ms
INFO: at 8920.800 ms fetching 8.253 ms
INFO: at 8930.803 ms batch [7.905] delay 10.001 ms
INFO: at 8930.803 ms fetching 7.905 ms
INFO: at 8940.807 ms batch [8.334] delay 10.001 ms
INFO: at 8940.807 ms fetching 8.334 ms
INFO: at 8950.810 ms batch [44.352] delay 10.001 ms
INFO: at 8950.810 ms fetching 44.352 ms
INFO: at 8960.813 ms batch [48.506] delay 10.001 ms
INFO: at 8960.813 ms fetching 48.506 ms
INFO: at 8970.816 ms batch [8.309] delay 10.001 ms
INFO: at 8970.816 ms fetching 8.309 ms
INFO: at 8980.819 ms batch [44.089] delay 10.001 ms
INFO: at 8980.819 ms fetching 44.089 ms
INFO: at 8990.822 ms batch [46.205] delay 10.001 ms
INFO: at 8990.822 ms fetching 46.205 ms
INFO: at 9000.826 ms batch [8.863] delay 10.001 ms
INFO: at 9000.826 ms fetching 8.863 ms
INFO: at 9010.829 ms batch [46.491] delay 10.001 ms
INFO: at 9010.829 ms fetching 46.491 ms
INFO: at 9020.833 ms batch [46.956] delay 10.001 ms
INFO: at 9020.833 ms fetching 46.956 ms
INFO: at 9030.836 ms batch [8.221] delay 6.001 ms
INFO: at 9030.836 ms fetching 8.221 ms
INFO: at 9036.839 ms batch [7.969] delay 6.001 ms
INFO: at 9036.839 ms fetching 7.969 ms
INFO: at 9042.841 ms batch [47.342] delay 6.001 ms
INFO: at 9042.841 ms fetching 47.342 ms
INFO: at 9048.843 ms batch [8.059] delay 6.001 ms
INFO: at 9048.843 ms fetching 8.059 ms
INFO: at 9054.845 ms batch [8.083] delay 6.001 ms
INFO: at 9054.845 ms fetching 8.083 ms
INFO: at 9060.848 ms batch [44.059] delay 6.001 ms
INFO: at 9060.848 ms fetching 44.059 ms
INFO: at 9066.852 ms batch [47.940] delay 6.001 ms
INFO: at 9066.852 ms fetching 47.940 ms
INFO: at 9072.865 ms batch [47.404] delay 6.001 ms
INFO: at 9072.865 ms fetching 47.404 ms
INFO: at 9078.868 ms batch [7.895] delay 6.001 ms
INFO: at 9078.868 ms fetching 7.895 ms
INFO: at 9084.875 ms batch [8.450] delay 6.001 ms
INFO: at 9084.875 ms fetching 8.450 ms
INFO: at 9090.877 ms batch [46.137] delay 6.001 ms
INFO: at 9090.877 ms fetching 46.137 ms
INFO: at 9096.879 ms batch [7.748] delay 6.001 ms
INFO: at 9096.879 ms fetching 7.748 ms
INFO: at 9102.881 ms batch [8.337] delay 6.001 ms
INFO: at 9102.881 ms fetching 8.337 ms
INFO: at 9108.884 ms batch [46.636] delay 6.001 ms
INFO: at 9108.884 ms fetching 46.636 ms
INFO: at 9114.886 ms batch [44.308] delay 6.001 ms
INFO: at 9114.886 ms fetching 44.308 ms
INFO: at 9120.888 ms batch [48.466] delay 6.001 ms
INFO: at 9120.888 ms fetching 48.466 ms
INFO: at 9126.893 ms batch [8.657] delay 6.001 ms
INFO: at 9126.893 ms fetching 8.657 ms
INFO: at 9132.896 ms batch [7.977] delay 6.001 ms
INFO: at 9132.896 ms fetching 7.977 ms
INFO: at 9138.898 ms batch [48.676] delay 6.001 ms
INFO: at 9138.898 ms fetching 48.676 ms
INFO: at 9144.900 ms batch [46.302] delay 6.001 ms
INFO: at 9144.900 ms fetching 46.302 ms
INFO: at 9150.902 ms batch [49.024] delay 10.910 ms
INFO: at 9150.902 ms fetching 49.024 ms
INFO: at 9161.815 ms batch [7.670] delay 10.910 ms
INFO: at 9161.815 ms fetching 7.670 ms
INFO: at 9172.727 ms batch [8.436] delay 10.910 ms
INFO: at 9172.727 ms fetching 8.436 ms
INFO: at 9183.640 ms batch [7.403] delay 10.910 ms
INFO: at 9183.640 ms fetching 7.403 ms
INFO: at 9194.553 ms batch [46.471] delay 10.910 ms
INFO: at 9194.553 ms fetching 46.471 ms
INFO: at 9205.465 ms batch [7.773] delay 10.910 ms
INFO: at 9205.465 ms fetching 7.773 ms
INFO: at 9216.378 ms batch [43.535] delay 10.910 ms
INFO: at 9216.378 ms fetching 43.535 ms
INFO: at 9227.291 ms batch [7.496] delay 10.910 ms
INFO: at 9227.291 ms fetching 7.496 ms
INFO: at 9238.203 ms batch [46.238] delay 10.910 ms
INFO: at 9238.203 ms fetching 46.238 ms
INFO: at 9249.116 ms batch [7.429] delay 10.910 ms
INFO: at 9249.116 ms fetching 7.429 ms
INFO: at 9260.029 ms batch [6.830] delay 10.910 ms
INFO: at 9260.029 ms fetching 6.830 ms
INFO: at 9270.942 ms batch [7.599] delay 15.002 ms
INFO: at 9270.942 ms fetching 7.599 ms
INFO: at 9285.946 ms batch [47.063] delay 15.002 ms
INFO: at 9285.946 ms fetching 47.063 ms
INFO: at 9300.950 ms batch [7.003] delay 15.002 ms
INFO: at 9300.950 ms fetching 7.003 ms
INFO: at 9315.954 ms batch [7.151] delay 15.002 ms
INFO: at 9315.954 ms fetching 7.151 ms
INFO: at 9330.959 ms batch [7.350] delay 15.002 ms
INFO: at 9330.959 ms fetching 7.350 ms
INFO: at 9345.964 ms batch [9.110] delay 15.002 ms
INFO: at 9345.964 ms fetching 9.110 ms
INFO: at 9360.968 ms batch [45.410] delay 15.002 ms
INFO: at 9360.968 ms fetching 45.410 ms
INFO: at 9375.973 ms batch [6.989] delay 15.002 ms
INFO: at 9375.973 ms fetching 6.989 ms
INFO: at 9390.978 ms batch [7.735] delay 15.002 ms
INFO: at 9390.978 ms fetching 7.735 ms
INFO: at 9405.982 ms batch [8.601] delay 15.002 ms
INFO: at 9405.982 ms fetching 8.601 ms
INFO: at 9420.987 ms batch [7.987] delay 15.002 ms
INFO: at 9420.987 ms fetching 7.987 ms
INFO: at 9435.992 ms batch [7.955] delay 15.002 ms
INFO: at 9435.992 ms fetching 7.955 ms
INFO: at 9450.995 ms batch [44.496] delay 15.002 ms
INFO: at 9450.995 ms fetching 44.496 ms
INFO: at 9466.000 ms batch [8.007] delay 15.002 ms
INFO: at 9466.000 ms fetching 8.007 ms
INFO: at 9481.004 ms batch [8.389] delay 15.002 ms
INFO: at 9481.004 ms fetching 8.389 ms
INFO: at 9496.009 ms batch [45.799] delay 15.002 ms
INFO: at 9496.009 ms fetching 45.799 ms
INFO: at 9511.014 ms batch [48.428] delay 10.910 ms
INFO: at 9511.014 ms fetching 48.428 ms
INFO: at 9521.927 ms batch [48.412] delay 10.910 ms
INFO: at 9521.927 ms fetching 48.412 ms
INFO: at 9532.839 ms batch [45.491] delay 10.910 ms
INFO: at 9532.839 ms fetching 45.491 ms
INFO: at 9543.752 ms batch [7.936] delay 10.910 ms
INFO: at 9543.752 ms fetching 7.936 ms
INFO: at 9554.665 ms batch [43.353] delay 10.910 ms
INFO: at 9554.665 ms fetching 43.353 ms
INFO: at 9565.577 ms batch [9.476] delay 10.910 ms
INFO: at 9565.577 ms fetching 9.476 ms
INFO: at 9576.489 ms batch [8.402] delay 10.910 ms
INFO: at 9576.489 ms fetching 8.402 ms
INFO: at 9587.402 ms batch [45.530] delay 10.910 ms
INFO: at 9587.402 ms fetching 45.530 ms
INFO: at 9598.314 ms batch [47.032] delay 10.910 ms
INFO: at 9598.314 ms fetching 47.032 ms
INFO: at 9609.227 ms batch [46.824] delay 10.910 ms
INFO: at 9609.227 ms fetching 46.824 ms
INFO: at 9620.139 ms batch [49.208] delay 10.910 ms
INFO: at 9620.139 ms fetching 49.208 ms
INFO: at 9631.052 ms batch [8.257] delay 8.572 ms
INFO: at 9631.052 ms fetching 8.257 ms
INFO: at 9639.629 ms batch [47.436] delay 8.572 ms
INFO: at 9639.629 ms fetching 47.436 ms
INFO: at 9648.203 ms batch [43.045] delay 8.572 ms
INFO: at 9648.203 ms fetching 43.045 ms
INFO: at 9656.777 ms batch [46.366] delay 8.572 ms
INFO: at 9656.777 ms fetching 46.366 ms
INFO: at 9665.351 ms batch [7.849] delay 8.572 ms
INFO: at 9665.351 ms fetching 7.849 ms
INFO: at 9673.926 ms batch [7.246] delay 8.572 ms
INFO: at 9673.926 ms fetching 7.246 ms
INFO: at 9682.500 ms batch [7.062] delay 8.572 ms
INFO: at 9682.500 ms fetching 7.062 ms
INFO: at 9691.074 ms batch [7.623] delay 8.572 ms
INFO: at 9691.074 ms fetching 7.623 ms
INFO: at 9699.648 ms batch [7.667] delay 8.572 ms
INFO: at 9699.648 ms fetching 7.667 ms
INFO: at 9708.223 ms batch [7.659] delay 8.572 ms
INFO: at 9708.223 ms fetching 7.659 ms
INFO: at 9716.798 ms batch [7.415] delay 8.572 ms
INFO: at 9716.798 ms fetching 7.415 ms
INFO: at 9725.372 ms batch [48.899] delay 8.572 ms
INFO: at 9725.372 ms fetching 48.899 ms
INFO: at 9733.946 ms batch [7.788] delay 8.572 ms
INFO: at 9733.946 ms fetching 7.788 ms
INFO: at 9742.523 ms batch [7.919] delay 8.572 ms
INFO: at 9742.523 ms fetching 7.919 ms
INFO: at 9751.097 ms batch [48.093] delay 10.910 ms
INFO: at 9751.097 ms fetching 48.093 ms
INFO: at 9762.010 ms batch [7.580] delay 10.910 ms
INFO: at 9762.010 ms fetching 7.580 ms
INFO: at 9772.922 ms batch [7.476] delay 10.910 ms
INFO: at 9772.922 ms fetching 7.476 ms
INFO: at 9783.835 ms batch [51.167] delay 10.910 ms
INFO: at 9783.835 ms fetching 51.167 ms
INFO: at 9794.747 ms batch [8.295] delay 10.910 ms
INFO: at 9794.747 ms fetching 8.295 ms
INFO: at 9805.660 ms batch [7.513] delay 10.910 ms
INFO: at 9805.660 ms fetching 7.513 ms
INFO: at 9816.573 ms batch [8.709] delay 10.910 ms
INFO: at 9816.573 ms fetching 8.709 ms
INFO: at 9827.488 ms batch [46.322] delay 10.910 ms
INFO: at 9827.488 ms fetching 46.322 ms
INFO: at 9838.401 ms batch [7.422] delay 10.910 ms
INFO: at 9838.401 ms fetching 7.422 ms
INFO: at 9849.314 ms batch [7.866] delay 10.910 ms
INFO: at 9849.314 ms fetching 7.866 ms
INFO: at 9860.227 ms batch [6.809] delay 10.910 ms
INFO: at 9860.227 ms fetching 6.809 ms
INFO: at 9871.140 ms batch [46.703] delay 13.335 ms
INFO: at 9871.140 ms fetching 46.703 ms
INFO: at 9884.477 ms batch [7.080] delay 13.335 ms
INFO: at 9884.477 ms fetching 7.080 ms
INFO: at 9897.814 ms batch [47.291] delay 13.335 ms
INFO: at 9897.814 ms fetching 47.291 ms
INFO: at 9911.152 ms batch [48.931] delay 13.335 ms
INFO: at 9911.152 ms fetching 48.931 ms
INFO: at 9924.490 ms batch [48.554] delay 13.335 ms
INFO: at 9924.490 ms fetching 48.554 ms
INFO: at 9937.828 ms batch [7.615] delay 13.335 ms
INFO: at 9937.828 ms fetching 7.615 ms
INFO: at 9951.166 ms batch [8.918] delay 13.335 ms
INFO: at 9951.166 ms fetching 8.918 ms
INFO: at 9964.503 ms batch [47.705] delay 13.335 ms
INFO: at 9964.503 ms fetching 47.705 ms
INFO: at 9977.840 ms batch [7.307] delay 13.335 ms
INFO: at 9977.840 ms fetching 7.307 ms
INFO: at 9991.177 ms batch [5.892] delay 10.910 ms
INFO: at 9991.177 ms fetching 5.892 ms
INFO: at 10002.090 ms batch [45.168] delay 10.910 ms
INFO: at 10002.090 ms fetching 45.168 ms
INFO: at 10013.002 ms batch [8.393] delay 10.910 ms
INFO: at 10013.002 ms fetching 8.393 ms
INFO: at 10023.915 ms batch [47.231] delay 10.910 ms
INFO: at 10023.915 ms fetching 47.231 ms
INFO: at 10034.828 ms batch [47.919] delay 10.910 ms
INFO: at 10034.828 ms fetching 47.919 ms
INFO: at 10045.740 ms batch [8.170] delay 10.910 ms
INFO: at 10045.740 ms fetching 8.170 ms
INFO: at 10056.653 ms batch [9.052] delay 10.910 ms
INFO: at 10056.653 ms fetching 9.052 ms
INFO: at 10067.566 ms batch [48.913] delay 10.910 ms
INFO: at 10067.566 ms fetching 48.913 ms
INFO: at 10078.479 ms batch [6.975] delay 10.910 ms
INFO: at 10078.479 ms fetching 6.975 ms
INFO: at 10089.392 ms batch [7.436] delay 10.910 ms
INFO: at 10089.392 ms fetching 7.436 ms
INFO: at 10100.304 ms batch [48.822] delay 10.910 ms
INFO: at 10100.304 ms fetching 48.822 ms
INFO: at 10111.217 ms batch [8.014] delay 10.001 ms
INFO: at 10111.217 ms fetching 8.014 ms
INFO: at 10121.220 ms batch [7.617] delay 10.001 ms
INFO: at 10121.220 ms fetching 7.617 ms
INFO: at 10131.223 ms batch [49.222] delay 10.001 ms
INFO: at 10131.223 ms fetching 49.222 ms
INFO: at 10141.226 ms batch [46.195] delay 10.001 ms
INFO: at 10141.226 ms fetching 46.195 ms
INFO: at 10151.229 ms batch [46.607] delay 10.001 ms
INFO: at 10151.229 ms fetching 46.607 ms
INFO: at 10161.233 ms batch [51.577] delay 10.001 ms
INFO: at 10161.233 ms fetching 51.577 ms
INFO: at 10171.236 ms batch [8.764] delay 10.001 ms
INFO: at 10171.236 ms fetching 8.764 ms
INFO: at 10181.239 ms batch [46.148] delay 10.001 ms
INFO: at 10181.239 ms fetching 46.148 ms
INFO: at 10191.242 ms batch [48.948] delay 10.001 ms
INFO: at 10191.242 ms fetching 48.948 ms
INFO: at 10201.246 ms batch [9.261] delay 10.001 ms
INFO: at 10201.246 ms fetching 9.261 ms
INFO: at 10211.249 ms batch [46.565] delay 10.001 ms
INFO: at 10211.249 ms fetching 46.565 ms
INFO: at 10221.251 ms batch [44.950] delay 10.001 ms
INFO: at 10221.251 ms fetching 44.950 ms
INFO: at 10231.254 ms batch [43.233] delay 10.910 ms
INFO: at 10231.254 ms fetching 43.233 ms
INFO: at 10242.167 ms batch [7.907] delay 10.910 ms
INFO: at 10242.167 ms fetching 7.907 ms
INFO: at 10253.079 ms batch [49.962] delay 10.910 ms
INFO: at 10253.079 ms fetching 49.962 ms
INFO: at 10263.992 ms batch [8.474] delay 10.910 ms
INFO: at 10263.992 ms fetching 8.474 ms
INFO: at 10274.904 ms batch [47.332] delay 10.910 ms
INFO: at 10274.904 ms fetching 47.332 ms
INFO: at 10285.817 ms batch [8.185] delay 10.910 ms
INFO: at 10285.817 ms fetching 8.185 ms
INFO: at 10296.730 ms batch [47.179] delay 10.910 ms
INFO: at 10296.730 ms fetching 47.179 ms
INFO: at 10307.642 ms batch [7.181] delay 10.910 ms
INFO: at 10307.642 ms fetching 7.181 ms
INFO: at 10318.555 ms batch [45.927] delay 10.910 ms
INFO: at 10318.555 ms fetching 45.927 ms
INFO: at 10329.468 ms batch [42.477] delay 10.910 ms
INFO: at 10329.468 ms fetching 42.477 ms
INFO: at 10340.381 ms batch [7.255] delay 10.910 ms
INFO: at 10340.381 ms fetching 7.255 ms
INFO: at 10351.294 ms batch [7.145] delay 8.001 ms
INFO: at 10351.294 ms fetching 7.145 ms
INFO: at 10359.297 ms batch [6.914] delay 8.001 ms
INFO: at 10359.297 ms fetching 6.914 ms
INFO: at 10367.300 ms batch [8.274] delay 8.001 ms
INFO: at 10367.300 ms fetching 8.274 ms
INFO: at 10375.303 ms batch [47.803] delay 8.001 ms
INFO: at 10375.303 ms fetching 47.803 ms
INFO: at 10383.305 ms batch [47.414] delay 8.001 ms
INFO: at 10383.305 ms fetching 47.414 ms
INFO: at 10391.308 ms batch [7.589] delay 8.001 ms
INFO: at 10391.308 ms fetching 7.589 ms
INFO: at 10399.311 ms batch [47.096] delay 8.001 ms
INFO: at 10399.311 ms fetching 47.096 ms
INFO: at 10407.314 ms batch [8.340] delay 8.001 ms
INFO: at 10407.314 ms fetching 8.340 ms
INFO: at 10415.317 ms batch [8.774] delay 8.001 ms
INFO: at 10415.317 ms fetching 8.774 ms
INFO: at 10423.321 ms batch [45.121] delay 8.001 ms
INFO: at 10423.321 ms fetching 45.121 ms
INFO: at 10431.323 ms batch [7.813] delay 8.001 ms
INFO: at 10431.323 ms fetching 7.813 ms
INFO: at 10439.326 ms batch [7.886] delay 8.001 ms
INFO: at 10439.326 ms fetching 7.886 ms
INFO: at 10447.329 ms batch [44.256] delay 8.001 ms
INFO: at 10447.329 ms fetching 44.256 ms
INFO: at 10455.331 ms batch [45.594] delay 8.001 ms
INFO: at 10455.331 ms fetching 45.594 ms
INFO: at 10463.334 ms batch [45.271] delay 8.001 ms
INFO: at 10463.334 ms fetching 45.271 ms
INFO: at 10471.337 ms batch [47.243] delay 13.335 ms
INFO: at 10471.337 ms fetching 47.243 ms
INFO: at 10484.677 ms batch [8.344] delay 13.335 ms
INFO: at 10484.677 ms fetching 8.344 ms
INFO: at 10498.013 ms batch [47.458] delay 13.335 ms
INFO: at 10498.013 ms fetching 47.458 ms
INFO: at 10511.351 ms batch [48.254] delay 13.335 ms
INFO: at 10511.351 ms fetching 48.254 ms
INFO: at 10524.689 ms batch [48.080] delay 13.335 ms
INFO: at 10524.689 ms fetching 48.080 ms
INFO: at 10538.027 ms batch [7.279] delay 13.335 ms
INFO: at 10538.027 ms fetching 7.279 ms
INFO: at 10551.364 ms batch [44.230] delay 13.335 ms
INFO: at 10551.364 ms fetching 44.230 ms
INFO: at 10564.701 ms batch [8.164] delay 13.335 ms
INFO: at 10564.701 ms fetching 8.164 ms
INFO: at 10578.038 ms batch [7.538] delay 13.335 ms
INFO: at 10578.038 ms fetching 7.538 ms
INFO: at 10591.375 ms batch [44.743] delay 12.001 ms
INFO: at 10591.375 ms fetching 44.743 ms
INFO: at 10603.380 ms batch [47.509] delay 12.001 ms
INFO: at 10603.380 ms fetching 47.509 ms
INFO: at 10615.383 ms batch [45.870] delay 12.001 ms
INFO: at 10615.383 ms fetching 45.870 ms
INFO: at 10627.387 ms batch [8.539] delay 12.001 ms
INFO: at 10627.387 ms fetching 8.539 ms
INFO: at 10639.392 ms batch [7.946] delay 12.001 ms
INFO: at 10639.392 ms fetching 7.946 ms
INFO: at 10651.395 ms batch [7.489] delay 12.001 ms
INFO: at 10651.395 ms fetching 7.489 ms
INFO: at 10663.399 ms batch [44.420] delay 12.001 ms
INFO: at 10663.399 ms fetching 44.420 ms
INFO: at 10675.403 ms batch [47.601] delay 12.001 ms
INFO: at 10675.403 ms fetching 47.601 ms
INFO: at 10687.407 ms batch [47.565] delay 12.001 ms
INFO: at 10687.407 ms fetching 47.565 ms
INFO: at 10699.413 ms batch [7.386] delay 12.001 ms
INFO: at 10699.413 ms fetching 7.386 ms
INFO: at 10711.420 ms batch [48.069] delay 10.910 ms
INFO: at 10711.420 ms fetching 48.069 ms
INFO: at 10722.332 ms batch [8.666] delay 10.910 ms
INFO: at 10722.332 ms fetching 8.666 ms
INFO: at 10733.245 ms batch [45.182] delay 10.910 ms
INFO: at 10733.245 ms fetching 45.182 ms
INFO: at 10744.157 ms batch [7.447] delay 10.910 ms
INFO: at 10744.157 ms fetching 7.447 ms
INFO: at 10755.070 ms batch [51.434] delay 10.910 ms
INFO: at 10755.070 ms fetching 51.434 ms
INFO: at 10765.983 ms batch [48.339] delay 10.910 ms
INFO: at 10765.983 ms fetching 48.339 ms
INFO: at 10776.895 ms batch [8.097] delay 10.910 ms
INFO: at 10776.895 ms fetching 8.097 ms
INFO: at 10787.876 ms batch [47.149] delay 10.910 ms
INFO: at 10787.876 ms fetching 47.149 ms
INFO: at 10798.788 ms batch [7.795] delay 10.910 ms
INFO: at 10798.788 ms fetching 7.795 ms
INFO: at 10809.700 ms batch [47.117] delay 10.910 ms
INFO: at 10809.700 ms fetching 47.117 ms
INFO: at 10820.612 ms batch [46.773] delay 10.910 ms
INFO: at 10820.612 ms fetching 46.773 ms
INFO: at 10831.525 ms batch [47.772] delay 9.232 ms
INFO: at 10831.525 ms fetching 47.772 ms
INFO: at 10840.760 ms batch [48.207] delay 9.232 ms
INFO: at 10840.760 ms fetching 48.207 ms
INFO: at 10849.994 ms batch [7.465] delay 9.232 ms
INFO: at 10849.994 ms fetching 7.465 ms
INFO: at 10859.229 ms batch [7.375] delay 9.232 ms
INFO: at 10859.229 ms fetching 7.375 ms
INFO: at 10868.463 ms batch [44.444] delay 9.232 ms
INFO: at 10868.463 ms fetching 44.444 ms
INFO: at 10877.697 ms batch [46.744] delay 9.232 ms
INFO: at 10877.697 ms fetching 46.744 ms
INFO: at 10886.931 ms batch [45.450] delay 9.232 ms
INFO: at 10886.931 ms fetching 45.450 ms
INFO: at 10896.164 ms batch [8.501] delay 9.232 ms
INFO: at 10896.164 ms fetching 8.501 ms
INFO: at 10905.398 ms batch [49.075] delay 9.232 ms
INFO: at 10905.398 ms fetching 49.075 ms
INFO: at 10914.635 ms batch [44.898] delay 9.232 ms
INFO: at 10914.635 ms fetching 44.898 ms
INFO: at 10923.869 ms batch [46.657] delay 9.232 ms
INFO: at 10923.869 ms fetching 46.657 ms
INFO: at 10933.103 ms batch [7.763] delay 9.232 ms
INFO: at 10933.103 ms fetching 7.763 ms
INFO: at 10942.338 ms batch [48.279] delay 9.232 ms
INFO: at 10942.338 ms fetching 48.279 ms
INFO: at 10951.572 ms batch [7.391] delay 8.572 ms
INFO: at 10951.572 ms fetching 7.391 ms
INFO: at 10960.149 ms batch [7.354] delay 8.572 ms
INFO: at 10960.149 ms fetching 7.354 ms
INFO: at 10968.724 ms batch [7.743] delay 8.572 ms
INFO: at 10968.724 ms fetching 7.743 ms
INFO: at 10977.298 ms batch [7.832] delay 8.572 ms
INFO: at 10977.298 ms fetching 7.832 ms
INFO: at 10985.872 ms batch [7.775] delay 8.572 ms
INFO: at 10985.872 ms fetching 7.775 ms
INFO: at 10994.447 ms batch [8.740] delay 8.572 ms
INFO: at 10994.447 ms fetching 8.740 ms
INFO: at 11003.021 ms batch [44.329] delay 8.572 ms
INFO: at 11003.021 ms fetching 44.329 ms
INFO: at 11011.595 ms batch [7.917] delay 8.572 ms
INFO: at 11011.595 ms fetching 7.917 ms
INFO: at 11020.170 ms batch [47.531] delay 8.572 ms
INFO: at 11020.170 ms fetching 47.531 ms
INFO: at 11028.744 ms batch [44.723] delay 8.572 ms
INFO: at 11028.744 ms fetching 44.723 ms
INFO: at 11037.319 ms batch [7.419] delay 8.572 ms
INFO: at 11037.319 ms fetching 7.419 ms
INFO: at 11045.893 ms batch [7.524] delay 8.572 ms
INFO: at 11045.893 ms fetching 7.524 ms
INFO: at 11054.467 ms batch [8.078] delay 8.572 ms
INFO: at 11054.467 ms fetching 8.078 ms
INFO: at 11063.041 ms batch [8.105] delay 8.572 ms
INFO: at 11063.041 ms fetching 8.105 ms
INFO: at 11071.615 ms batch [7.719] delay 10.910 ms
INFO: at 11071.615 ms fetching 7.719 ms
INFO: at 11082.528 ms batch [8.288] delay 10.910 ms
INFO: at 11082.528 ms fetching 8.288 ms
INFO: at 11093.440 ms batch [51.086] delay 10.910 ms
INFO: at 11093.440 ms fetching 51.086 ms
INFO: at 11104.353 ms batch [43.400] delay 10.910 ms
INFO: at 11104.353 ms fetching 43.400 ms
INFO: at 11115.265 ms batch [7.741] delay 10.910 ms
INFO: at 11115.265 ms fetching 7.741 ms
INFO: at 11126.177 ms batch [47.899] delay 10.910 ms
INFO: at 11126.177 ms fetching 47.899 ms
INFO: at 11137.090 ms batch [47.685] delay 10.910 ms
INFO: at 11137.090 ms fetching 47.685 ms
INFO: at 11148.003 ms batch [7.690] delay 10.910 ms
INFO: at 11148.003 ms fetching 7.690 ms
INFO: at 11158.915 ms batch [42.697] delay 10.910 ms
INFO: at 11158.915 ms fetching 42.697 ms
INFO: at 11169.828 ms batch [48.160] delay 10.910 ms
INFO: at 11169.828 ms fetching 48.160 ms
INFO: at 11180.740 ms batch [7.098] delay 10.910 ms
INFO: at 11180.740 ms fetching 7.098 ms
INFO: at 11191.653 ms batch [7.966] delay 12.001 ms
INFO: at 11191.653 ms fetching 7.966 ms
INFO: at 11203.657 ms batch [48.351] delay 12.001 ms
INFO: at 11203.657 ms fetching 48.351 ms
INFO: at 11215.661 ms batch [6.549] delay 12.001 ms
INFO: at 11215.661 ms fetching 6.549 ms
INFO: at 11227.665 ms batch [42.975] delay 12.001 ms
INFO: at 11227.665 ms fetching 42.975 ms
INFO: at 11239.668 ms batch [46.258] delay 12.001 ms
INFO: at 11239.668 ms fetching 46.258 ms
INFO: at 11251.672 ms batch [45.904] delay 12.001 ms
INFO: at 11251.672 ms fetching 45.904 ms
INFO: at 11263.677 ms batch [44.827] delay 12.001 ms
INFO: at 11263.677 ms fetching 44.827 ms
INFO: at 11275.681 ms batch [7.612] delay 12.001 ms
INFO: at 11275.681 ms fetching 7.612 ms
INFO: at 11287.684 ms batch [7.862] delay 12.001 ms
INFO: at 11287.684 ms fetching 7.862 ms
INFO: at 11299.688 ms batch [45.672] delay 12.001 ms
INFO: at 11299.688 ms fetching 45.672 ms
INFO: at 11311.692 ms batch [44.859] delay 8.572 ms
INFO: at 11311.692 ms fetching 44.859 ms
INFO: at 11320.267 ms batch [50.369] delay 8.572 ms
INFO: at 11320.267 ms fetching 50.369 ms
INFO: at 11328.841 ms batch [8.828] delay 8.572 ms
INFO: at 11328.841 ms fetching 8.828 ms
INFO: at 11337.415 ms batch [8.000] delay 8.572 ms
INFO: at 11337.415 ms fetching 8.000 ms
INFO: at 11345.990 ms batch [7.515] delay 8.572 ms
INFO: at 11345.990 ms fetching 7.515 ms
INFO: at 11354.564 ms batch [49.933] delay 8.572 ms
INFO: at 11354.564 ms fetching 49.933 ms
INFO: at 11363.138 ms batch [48.008] delay 8.572 ms
INFO: at 11363.138 ms fetching 48.008 ms
INFO: at 11371.712 ms batch [7.746] delay 8.572 ms
INFO: at 11371.712 ms fetching 7.746 ms
INFO: at 11380.286 ms batch [7.869] delay 8.572 ms
INFO: at 11380.286 ms fetching 7.869 ms
INFO: at 11388.860 ms batch [7.758] delay 8.572 ms
INFO: at 11388.860 ms fetching 7.758 ms
INFO: at 11397.434 ms batch [8.089] delay 8.572 ms
INFO: at 11397.434 ms fetching 8.089 ms
INFO: at 11406.008 ms batch [7.897] delay 8.572 ms
INFO: at 11406.008 ms fetching 7.897 ms
INFO: at 11414.582 ms batch [47.753] delay 0.000 ms
INFO: at 11414.582 ms fetching 47.753 ms
INFO: done
22-04-02:22:13:15 INFO     [docker_logging_utils.py:19] [default-cluster] Created logging directory: /home/cc/DynWork/multimodal_dataset/repeat-5/Multimodal_Real_Dataset/Azure/translation/mbart_wmt/1_x_P99/clipper/logs
22-04-02:22:13:57 INFO     [clipper_admin.py:1424] [default-cluster] Stopped all Clipper cluster and all model containers
