Using CUDA Driver 11040 Runtime 11010
Starting Clockwork Worker
user clockwork directory: /workdir/clockwork
Loading Clockwork worker default config from /workdir/clockwork/config/default.cfg
user clockwork directory: /workdir/clockwork
GPUGPU0-0-GPU-0 started
GPU0-PCIe_H2D_Inputs-0 started
GPU0-PCIe_D2H_Output-0 started
PCIe_H2D_Weights-0 started
AsyncTaskChecker-0 started
CPU-0 started
IO service thread listening on 0.0.0.0:12345
Closing connection 0x7fecc0000d30, reason: End of file
Received A0:GetWorkerState
Sending R0:GetWorkerState:
 page_size=16777216
gpus=
 GPU-0 weights_cache=21.5GB (1376 pages) io_pool=512.0MB workspace_pool=512.0MB 0 models currently on GPU
models=

Received A0:LoadModelFromDisk model=0 [0.0, 16809704557289.2] /workdir/models/jobs.bucketed_bucket0/model
cudaMallocHost 102160300 (102160300 x 1)
Sending R0:LoadModelFromDisk input=602112 output=4000 weights=112.0 MB (7 pages) xfer=8.4 b1=64.4 b2=75.7 b4=98.3 b8=143.3 duration=4726.1
Network Status: Controller ✔✔✔✔✔ Worker (inputs forwarded by controller)
****** Fake: sleeping batch size 1 single_input_size 602112 time (ms): [66.42]
****** Fake: sleeping max time (ms) 66.42 cycles 106077506
****** Fake: sleeping batch size 1 single_input_size 602112 time (ms): [51.25]
****** Fake: sleeping max time (ms) 51.25 cycles 81848498
****** Fake: sleeping batch size 1 single_input_size 602112 time (ms): [70.83]
****** Fake: sleeping max time (ms) 70.83 cycles 113113057
****** Fake: sleeping batch size 1 single_input_size 602112 time (ms): [59.24]
****** Fake: sleeping max time (ms) 59.24 cycles 94609272
****** Fake: sleeping batch size 1 single_input_size 602112 time (ms): [57.35]
****** Fake: sleeping max time (ms) 57.35 cycles 91587690
****** Fake: sleeping batch size 1 single_input_size 602112 time (ms): [51.48]
****** Fake: sleeping max time (ms) 51.48 cycles 82207737
****** Fake: sleeping batch size 1 single_input_size 602112 time (ms): [64.39]
****** Fake: sleeping max time (ms) 64.39 cycles 102833992
****** Fake: sleeping batch size 1 single_input_size 602112 time (ms): [111.96]
****** Fake: sleeping max time (ms) 111.96 cycles 178807390
****** Fake: sleeping batch size 1 single_input_size 602112 time (ms): [82.23]
****** Fake: sleeping max time (ms) 82.23 cycles 131326208
****** Fake: sleeping batch size 1 single_input_size 602112 time (ms): [58.41]
****** Fake: sleeping max time (ms) 58.41 cycles 93272787
****** Fake: sleeping batch size 1 single_input_size 602112 time (ms): [60.67]
****** Fake: sleeping max time (ms) 60.67 cycles 96891056
****** Fake: sleeping batch size 1 single_input_size 602112 time (ms): [53.08]
****** Fake: sleeping max time (ms) 53.08 cycles 84772974
****** Fake: sleeping batch size 1 single_input_size 602112 time (ms): [61.80]
****** Fake: sleeping max time (ms) 61.80 cycles 98690369
****** Fake: sleeping batch size 1 single_input_size 602112 time (ms): [75.83]
****** Fake: sleeping max time (ms) 75.83 cycles 121097219
****** Fake: sleeping batch size 1 single_input_size 602112 time (ms): [59.08]
****** Fake: sleeping max time (ms) 59.08 cycles 94355309
****** Fake: sleeping batch size 1 single_input_size 602112 time (ms): [77.20]
****** Fake: sleeping max time (ms) 77.20 cycles 123295742
****** Fake: sleeping batch size 1 single_input_size 602112 time (ms): [61.93]
****** Fake: sleeping max time (ms) 61.93 cycles 98904833
****** Fake: sleeping batch size 1 single_input_size 602112 time (ms): [67.28]
****** Fake: sleeping max time (ms) 67.28 cycles 107451398
****** Fake: sleeping batch size 1 single_input_size 602112 time (ms): [62.33]
****** Fake: sleeping max time (ms) 62.33 cycles 99547784
****** Fake: sleeping batch size 1 single_input_size 602112 time (ms): [62.56]
****** Fake: sleeping max time (ms) 62.56 cycles 99904614
****** Fake: sleeping batch size 1 single_input_size 602112 time (ms): [52.24]
****** Fake: sleeping max time (ms) 52.24 cycles 83419740
****** Fake: sleeping batch size 1 single_input_size 602112 time (ms): [68.92]
****** Fake: sleeping max time (ms) 68.92 cycles 110061640
****** Fake: sleeping batch size 1 single_input_size 602112 time (ms): [63.68]
****** Fake: sleeping max time (ms) 63.68 cycles 101699253
****** Fake: sleeping batch size 1 single_input_size 602112 time (ms): [82.05]
****** Fake: sleeping max time (ms) 82.05 cycles 131036655
****** Fake: sleeping batch size 1 single_input_size 602112 time (ms): [78.48]
****** Fake: sleeping max time (ms) 78.48 cycles 125327865
****** Fake: sleeping batch size 1 single_input_size 602112 time (ms): [54.87]
****** Fake: sleeping max time (ms) 54.87 cycles 87626020
****** Fake: sleeping batch size 1 single_input_size 602112 time (ms): [62.16]
****** Fake: sleeping max time (ms) 62.16 cycles 99275396
****** Fake: sleeping batch size 1 single_input_size 602112 time (ms): [58.32]
****** Fake: sleeping max time (ms) 58.32 cycles 93143151
****** Fake: sleeping batch size 1 single_input_size 602112 time (ms): [70.37]
****** Fake: sleeping max time (ms) 70.37 cycles 112378168
****** Fake: sleeping batch size 1 single_input_size 602112 time (ms): [67.46]
****** Fake: sleeping max time (ms) 67.46 cycles 107730421
****** Fake: sleeping batch size 1 single_input_size 602112 time (ms): [57.69]
****** Fake: sleeping max time (ms) 57.69 cycles 92134098
****** Fake: sleeping batch size 1 single_input_size 602112 time (ms): [57.47]
****** Fake: sleeping max time (ms) 57.47 cycles 91782090
****** Fake: sleeping batch size 1 single_input_size 602112 time (ms): [44.52]
****** Fake: sleeping max time (ms) 44.52 cycles 71105238
****** Fake: sleeping batch size 1 single_input_size 602112 time (ms): [52.82]
****** Fake: sleeping max time (ms) 52.82 cycles 84349602
****** Fake: sleeping batch size 1 single_input_size 602112 time (ms): [66.09]
****** Fake: sleeping max time (ms) 66.09 cycles 105546262
****** Fake: sleeping batch size 1 single_input_size 602112 time (ms): [57.94]
****** Fake: sleeping max time (ms) 57.94 cycles 92529503
****** Fake: sleeping batch size 1 single_input_size 602112 time (ms): [62.90]
****** Fake: sleeping max time (ms) 62.90 cycles 100452296
****** Fake: sleeping batch size 1 single_input_size 602112 time (ms): [72.74]
****** Fake: sleeping max time (ms) 72.74 cycles 116169484
****** Fake: sleeping batch size 1 single_input_size 602112 time (ms): [72.95]
****** Fake: sleeping max time (ms) 72.95 cycles 116509091
****** Fake: sleeping batch size 1 single_input_size 602112 time (ms): [76.64]
****** Fake: sleeping max time (ms) 76.64 cycles 122399021
****** Fake: sleeping batch size 1 single_input_size 602112 time (ms): [56.25]
****** Fake: sleeping max time (ms) 56.25 cycles 89833729
****** Fake: sleeping batch size 1 single_input_size 602112 time (ms): [66.70]
****** Fake: sleeping max time (ms) 66.70 cycles 106516506
****** Fake: sleeping batch size 1 single_input_size 602112 time (ms): [73.20]
****** Fake: sleeping max time (ms) 73.20 cycles 116892489
****** Fake: sleeping batch size 1 single_input_size 602112 time (ms): [78.94]
****** Fake: sleeping max time (ms) 78.94 cycles 126070313
****** Fake: sleeping batch size 1 single_input_size 602112 time (ms): [70.04]
****** Fake: sleeping max time (ms) 70.04 cycles 111859542
****** Fake: sleeping batch size 1 single_input_size 602112 time (ms): [62.83]
****** Fake: sleeping max time (ms) 62.83 cycles 100338834
****** Fake: sleeping batch size 1 single_input_size 602112 time (ms): [57.60]
****** Fake: sleeping max time (ms) 57.60 cycles 91991702
****** Fake: sleeping batch size 1 single_input_size 602112 time (ms): [47.46]
****** Fake: sleeping max time (ms) 47.46 cycles 75789539
****** Fake: sleeping batch size 1 single_input_size 602112 time (ms): [66.17]
****** Fake: sleeping max time (ms) 66.17 cycles 105672989
****** Fake: sleeping batch size 1 single_input_size 602112 time (ms): [54.45]
****** Fake: sleeping max time (ms) 54.45 cycles 86962204
****** Fake: sleeping batch size 1 single_input_size 602112 time (ms): [65.03]
****** Fake: sleeping max time (ms) 65.03 cycles 103852448
****** Fake: sleeping batch size 1 single_input_size 602112 time (ms): [65.50]
****** Fake: sleeping max time (ms) 65.50 cycles 104595786
****** Fake: sleeping batch size 1 single_input_size 602112 time (ms): [60.20]
****** Fake: sleeping max time (ms) 60.20 cycles 96143808
****** Fake: sleeping batch size 1 single_input_size 602112 time (ms): [63.45]
****** Fake: sleeping max time (ms) 63.45 cycles 101322605
****** Fake: sleeping batch size 1 single_input_size 602112 time (ms): [59.81]
****** Fake: sleeping max time (ms) 59.81 cycles 95519808
****** Fake: sleeping batch size 1 single_input_size 602112 time (ms): [56.79]
****** Fake: sleeping max time (ms) 56.79 cycles 90693929
****** Fake: sleeping batch size 1 single_input_size 602112 time (ms): [58.27]
****** Fake: sleeping max time (ms) 58.27 cycles 93051211
****** Fake: sleeping batch size 1 single_input_size 602112 time (ms): [56.98]
****** Fake: sleeping max time (ms) 56.98 cycles 91004846
****** Fake: sleeping batch size 1 single_input_size 602112 time (ms): [92.57]
****** Fake: sleeping max time (ms) 92.57 cycles 147828136
****** Fake: sleeping batch size 1 single_input_size 602112 time (ms): [60.30]
****** Fake: sleeping max time (ms) 60.30 cycles 96292391
****** Fake: sleeping batch size 1 single_input_size 602112 time (ms): [57.34]
****** Fake: sleeping max time (ms) 57.34 cycles 91573776
****** Fake: sleeping batch size 1 single_input_size 602112 time (ms): [59.05]
****** Fake: sleeping max time (ms) 59.05 cycles 94301978
****** Fake: sleeping batch size 1 single_input_size 602112 time (ms): [53.73]
****** Fake: sleeping max time (ms) 53.73 cycles 85805556
****** Fake: sleeping batch size 1 single_input_size 602112 time (ms): [75.17]
****** Fake: sleeping max time (ms) 75.17 cycles 120050528
****** Fake: sleeping batch size 1 single_input_size 602112 time (ms): [55.74]
****** Fake: sleeping max time (ms) 55.74 cycles 89010955
****** Fake: sleeping batch size 1 single_input_size 602112 time (ms): [47.11]
****** Fake: sleeping max time (ms) 47.11 cycles 75230899
****** Fake: sleeping batch size 1 single_input_size 602112 time (ms): [65.34]
****** Fake: sleeping max time (ms) 65.34 cycles 104349369
****** Fake: sleeping batch size 1 single_input_size 602112 time (ms): [56.76]
****** Fake: sleeping max time (ms) 56.76 cycles 90653421
****** Fake: sleeping batch size 1 single_input_size 602112 time (ms): [89.24]
****** Fake: sleeping max time (ms) 89.24 cycles 142511834
****** Fake: sleeping batch size 1 single_input_size 602112 time (ms): [60.14]
****** Fake: sleeping max time (ms) 60.14 cycles 96051543
****** Fake: sleeping batch size 1 single_input_size 602112 time (ms): [53.68]
****** Fake: sleeping max time (ms) 53.68 cycles 85719057
****** Fake: sleeping batch size 1 single_input_size 602112 time (ms): [67.79]
****** Fake: sleeping max time (ms) 67.79 cycles 108253423
****** Fake: sleeping batch size 1 single_input_size 602112 time (ms): [71.87]
****** Fake: sleeping max time (ms) 71.87 cycles 114777224
****** Fake: sleeping batch size 1 single_input_size 602112 time (ms): [62.65]
****** Fake: sleeping max time (ms) 62.65 cycles 100045505
****** Fake: sleeping batch size 1 single_input_size 602112 time (ms): [66.62]
****** Fake: sleeping max time (ms) 66.62 cycles 106397503
****** Fake: sleeping batch size 1 single_input_size 602112 time (ms): [64.82]
****** Fake: sleeping max time (ms) 64.82 cycles 103524973
****** Fake: sleeping batch size 1 single_input_size 602112 time (ms): [53.91]
****** Fake: sleeping max time (ms) 53.91 cycles 86087575
****** Fake: sleeping batch size 1 single_input_size 602112 time (ms): [80.07]
****** Fake: sleeping max time (ms) 80.07 cycles 127864360
****** Fake: sleeping batch size 1 single_input_size 602112 time (ms): [51.57]
****** Fake: sleeping max time (ms) 51.57 cycles 82355166
****** Fake: sleeping batch size 1 single_input_size 602112 time (ms): [77.03]
****** Fake: sleeping max time (ms) 77.03 cycles 123024294
****** Fake: sleeping batch size 1 single_input_size 602112 time (ms): [67.23]
****** Fake: sleeping max time (ms) 67.23 cycles 107359037
****** Fake: sleeping batch size 1 single_input_size 602112 time (ms): [56.41]
****** Fake: sleeping max time (ms) 56.41 cycles 90078937
****** Fake: sleeping batch size 1 single_input_size 602112 time (ms): [62.12]
****** Fake: sleeping max time (ms) 62.12 cycles 99201114
****** Fake: sleeping batch size 1 single_input_size 602112 time (ms): [71.14]
****** Fake: sleeping max time (ms) 71.14 cycles 113613640
****** Fake: sleeping batch size 1 single_input_size 602112 time (ms): [67.82]
****** Fake: sleeping max time (ms) 67.82 cycles 108300634
****** Fake: sleeping batch size 1 single_input_size 602112 time (ms): [76.60]
****** Fake: sleeping max time (ms) 76.60 cycles 122326500
****** Fake: sleeping batch size 1 single_input_size 602112 time (ms): [70.62]
****** Fake: sleeping max time (ms) 70.62 cycles 112778445
****** Fake: sleeping batch size 1 single_input_size 602112 time (ms): [62.88]
****** Fake: sleeping max time (ms) 62.88 cycles 100423500
****** Fake: sleeping batch size 1 single_input_size 602112 time (ms): [76.84]
****** Fake: sleeping max time (ms) 76.84 cycles 122718738
****** Fake: sleeping batch size 1 single_input_size 602112 time (ms): [61.32]
****** Fake: sleeping max time (ms) 61.32 cycles 97927445
****** Fake: sleeping batch size 1 single_input_size 602112 time (ms): [63.41]
****** Fake: sleeping max time (ms) 63.41 cycles 101262970
****** Fake: sleeping batch size 1 single_input_size 602112 time (ms): [65.29]
****** Fake: sleeping max time (ms) 65.29 cycles 104260891
****** Fake: sleeping batch size 1 single_input_size 602112 time (ms): [72.63]
****** Fake: sleeping max time (ms) 72.63 cycles 115985987
****** Fake: sleeping batch size 1 single_input_size 602112 time (ms): [57.34]
****** Fake: sleeping max time (ms) 57.34 cycles 91564494
****** Fake: sleeping batch size 1 single_input_size 602112 time (ms): [65.71]
****** Fake: sleeping max time (ms) 65.71 cycles 104936999
****** Fake: sleeping batch size 1 single_input_size 602112 time (ms): [66.46]
****** Fake: sleeping max time (ms) 66.46 cycles 106131615
****** Fake: sleeping batch size 2 single_input_size 602112 time (ms): [63.56, 51.85]
****** Fake: sleeping max time (ms) 63.56 cycles 101513220
****** Fake: sleeping batch size 1 single_input_size 602112 time (ms): [56.91]
****** Fake: sleeping max time (ms) 56.91 cycles 90886913
****** Fake: sleeping batch size 1 single_input_size 602112 time (ms): [58.50]
****** Fake: sleeping max time (ms) 58.50 cycles 93421621
****** Fake: sleeping batch size 2 single_input_size 602112 time (ms): [56.35, 60.68]
****** Fake: sleeping max time (ms) 60.68 cycles 96905257
****** Fake: sleeping batch size 1 single_input_size 602112 time (ms): [56.01]
****** Fake: sleeping max time (ms) 56.01 cycles 89444577
****** Fake: sleeping batch size 2 single_input_size 602112 time (ms): [64.09, 80.66]
****** Fake: sleeping max time (ms) 80.66 cycles 128811779
****** Fake: sleeping batch size 1 single_input_size 602112 time (ms): [66.84]
****** Fake: sleeping max time (ms) 66.84 cycles 106749510
****** Fake: sleeping batch size 2 single_input_size 602112 time (ms): [72.85, 66.18]
****** Fake: sleeping max time (ms) 72.85 cycles 116341252
****** Fake: sleeping batch size 2 single_input_size 602112 time (ms): [61.97, 73.20]
****** Fake: sleeping max time (ms) 73.20 cycles 116905164
****** Fake: sleeping batch size 2 single_input_size 602112 time (ms): [77.14, 64.13]
****** Fake: sleeping max time (ms) 77.14 cycles 123194191
****** Fake: sleeping batch size 2 single_input_size 602112 time (ms): [55.17, 61.12]
****** Fake: sleeping max time (ms) 61.12 cycles 97609834
****** Fake: sleeping batch size 2 single_input_size 602112 time (ms): [76.01, 100.72]
****** Fake: sleeping max time (ms) 100.72 cycles 160857355
****** Fake: sleeping batch size 2 single_input_size 602112 time (ms): [81.95, 66.92]
****** Fake: sleeping max time (ms) 81.95 cycles 130867860
****** Fake: sleeping batch size 2 single_input_size 602112 time (ms): [55.95, 74.35]
****** Fake: sleeping max time (ms) 74.35 cycles 118741723
****** Fake: sleeping batch size 2 single_input_size 602112 time (ms): [67.43, 56.75]
****** Fake: sleeping max time (ms) 67.43 cycles 107684415
****** Fake: sleeping batch size 2 single_input_size 602112 time (ms): [85.31, 57.30]
****** Fake: sleeping max time (ms) 85.31 cycles 136238077
****** Fake: sleeping batch size 4 single_input_size 602112 time (ms): [61.97, 69.22, 63.78, 79.18]
****** Fake: sleeping max time (ms) 79.18 cycles 126443535
****** Fake: sleeping batch size 2 single_input_size 602112 time (ms): [63.95, 57.16]
****** Fake: sleeping max time (ms) 63.95 cycles 102123876
****** Fake: sleeping batch size 4 single_input_size 602112 time (ms): [76.76, 56.41, 70.20, 66.94]
****** Fake: sleeping max time (ms) 76.76 cycles 122582482
****** Fake: sleeping batch size 2 single_input_size 602112 time (ms): [58.45, 57.58]
****** Fake: sleeping max time (ms) 58.45 cycles 93342896
****** Fake: sleeping batch size 2 single_input_size 602112 time (ms): [65.03, 52.29]
****** Fake: sleeping max time (ms) 65.03 cycles 103859946
****** Fake: sleeping batch size 4 single_input_size 602112 time (ms): [60.49, 59.87, 54.57, 62.59]
****** Fake: sleeping max time (ms) 62.59 cycles 99963183
****** Fake: sleeping batch size 2 single_input_size 602112 time (ms): [54.16, 67.02]
****** Fake: sleeping max time (ms) 67.02 cycles 107030911
****** Fake: sleeping batch size 2 single_input_size 602112 time (ms): [78.85, 69.12]
****** Fake: sleeping max time (ms) 78.85 cycles 125926133
****** Fake: sleeping batch size 2 single_input_size 602112 time (ms): [71.59, 52.65]
****** Fake: sleeping max time (ms) 71.59 cycles 114325562
****** Fake: sleeping batch size 4 single_input_size 602112 time (ms): [63.20, 66.81, 69.95, 61.26]
****** Fake: sleeping max time (ms) 69.95 cycles 111716573
****** Fake: sleeping batch size 2 single_input_size 602112 time (ms): [79.61, 58.36]
****** Fake: sleeping max time (ms) 79.61 cycles 127131294
****** Fake: sleeping batch size 4 single_input_size 602112 time (ms): [73.40, 53.28, 67.27, 65.51]
****** Fake: sleeping max time (ms) 73.40 cycles 117212837
****** Fake: sleeping batch size 2 single_input_size 602112 time (ms): [58.87, 72.34]
****** Fake: sleeping max time (ms) 72.34 cycles 115528164
****** Fake: sleeping batch size 4 single_input_size 602112 time (ms): [66.34, 83.36, 62.33, 66.25]
****** Fake: sleeping max time (ms) 83.36 cycles 133123278
****** Fake: sleeping batch size 2 single_input_size 602112 time (ms): [75.54, 62.73]
****** Fake: sleeping max time (ms) 75.54 cycles 120639212
****** Fake: sleeping batch size 2 single_input_size 602112 time (ms): [70.03, 57.37]
****** Fake: sleeping max time (ms) 70.03 cycles 111845047
****** Fake: sleeping batch size 4 single_input_size 602112 time (ms): [56.44, 68.48, 64.56, 76.21]
****** Fake: sleeping max time (ms) 76.21 cycles 121699765
****** Fake: sleeping batch size 2 single_input_size 602112 time (ms): [70.89, 59.19]
****** Fake: sleeping max time (ms) 70.89 cycles 113209090
****** Fake: sleeping batch size 4 single_input_size 602112 time (ms): [70.24, 52.76, 61.27, 54.50]
****** Fake: sleeping max time (ms) 70.24 cycles 112177218
****** Fake: sleeping batch size 4 single_input_size 602112 time (ms): [65.05, 67.69, 54.41, 71.04]
****** Fake: sleeping max time (ms) 71.04 cycles 113457516
****** Fake: sleeping batch size 2 single_input_size 602112 time (ms): [58.26, 47.16]
****** Fake: sleeping max time (ms) 58.26 cycles 93041432
****** Fake: sleeping batch size 4 single_input_size 602112 time (ms): [61.38, 75.98, 70.70, 67.92]
****** Fake: sleeping max time (ms) 75.98 cycles 121341909
****** Fake: sleeping batch size 4 single_input_size 602112 time (ms): [59.74, 61.93, 61.25, 63.18]
****** Fake: sleeping max time (ms) 63.18 cycles 100902426
****** Fake: sleeping batch size 4 single_input_size 602112 time (ms): [61.88, 54.16, 56.03, 53.20]
****** Fake: sleeping max time (ms) 61.88 cycles 98818898
****** Fake: sleeping batch size 2 single_input_size 602112 time (ms): [61.30, 55.16]
****** Fake: sleeping max time (ms) 61.30 cycles 97900680
****** Fake: sleeping batch size 4 single_input_size 602112 time (ms): [72.06, 65.18, 50.35, 63.41]
****** Fake: sleeping max time (ms) 72.06 cycles 115086376
****** Fake: sleeping batch size 4 single_input_size 602112 time (ms): [52.46, 64.66, 55.28, 54.99]
****** Fake: sleeping max time (ms) 64.66 cycles 103254495
****** Fake: sleeping batch size 4 single_input_size 602112 time (ms): [50.58, 53.33, 108.74, 58.36]
****** Fake: sleeping max time (ms) 108.74 cycles 173653814
****** Fake: sleeping batch size 4 single_input_size 602112 time (ms): [81.55, 56.14, 48.48, 67.59]
****** Fake: sleeping max time (ms) 81.55 cycles 130229106
****** Fake: sleeping batch size 2 single_input_size 602112 time (ms): [81.21, 48.69]
****** Fake: sleeping max time (ms) 81.21 cycles 129692354
****** Fake: sleeping batch size 2 single_input_size 602112 time (ms): [74.49, 60.18]
****** Fake: sleeping max time (ms) 74.49 cycles 118960529
****** Fake: sleeping batch size 2 single_input_size 602112 time (ms): [62.98, 54.65]
****** Fake: sleeping max time (ms) 62.98 cycles 100575987
****** Fake: sleeping batch size 4 single_input_size 602112 time (ms): [62.25, 57.14, 65.87, 60.82]
****** Fake: sleeping max time (ms) 65.87 cycles 105190351
****** Fake: sleeping batch size 4 single_input_size 602112 time (ms): [61.51, 61.83, 75.18, 66.83]
****** Fake: sleeping max time (ms) 75.18 cycles 120062768
****** Fake: sleeping batch size 4 single_input_size 602112 time (ms): [78.63, 49.18, 57.71, 54.97]
****** Fake: sleeping max time (ms) 78.63 cycles 125577224
****** Fake: sleeping batch size 2 single_input_size 602112 time (ms): [58.69, 84.11]
****** Fake: sleeping max time (ms) 84.11 cycles 134328980
****** Fake: sleeping batch size 2 single_input_size 602112 time (ms): [70.20, 76.11]
****** Fake: sleeping max time (ms) 76.11 cycles 121550647
****** Fake: sleeping batch size 2 single_input_size 602112 time (ms): [52.51, 69.94]
****** Fake: sleeping max time (ms) 69.94 cycles 111701714
****** Fake: sleeping batch size 2 single_input_size 602112 time (ms): [71.50, 60.01]
****** Fake: sleeping max time (ms) 71.50 cycles 114183077
****** Fake: sleeping batch size 2 single_input_size 602112 time (ms): [80.78, 69.33]
****** Fake: sleeping max time (ms) 80.78 cycles 129000510
****** Fake: sleeping batch size 2 single_input_size 602112 time (ms): [59.12, 54.53]
****** Fake: sleeping max time (ms) 59.12 cycles 94416996
****** Fake: sleeping batch size 4 single_input_size 602112 time (ms): [57.41, 55.55, 65.27, 63.03]
****** Fake: sleeping max time (ms) 65.27 cycles 104229088
****** Fake: sleeping batch size 2 single_input_size 602112 time (ms): [66.03, 62.68]
****** Fake: sleeping max time (ms) 66.03 cycles 105454016
****** Fake: sleeping batch size 4 single_input_size 602112 time (ms): [55.29, 59.31, 79.63, 62.47]
****** Fake: sleeping max time (ms) 79.63 cycles 127163130
****** Fake: sleeping batch size 2 single_input_size 602112 time (ms): [52.93, 57.59]
****** Fake: sleeping max time (ms) 57.59 cycles 91964394
****** Fake: sleeping batch size 4 single_input_size 602112 time (ms): [56.33, 77.66, 62.57, 72.96]
****** Fake: sleeping max time (ms) 77.66 cycles 124021618
****** Fake: sleeping batch size 4 single_input_size 602112 time (ms): [60.41, 56.22, 63.08, 55.75]
****** Fake: sleeping max time (ms) 63.08 cycles 100744956
****** Fake: sleeping batch size 4 single_input_size 602112 time (ms): [62.39, 73.42, 72.74, 58.17]
****** Fake: sleeping max time (ms) 73.42 cycles 117257824
****** Fake: sleeping batch size 4 single_input_size 602112 time (ms): [71.16, 63.31, 54.78, 82.16]
****** Fake: sleeping max time (ms) 82.16 cycles 131202922
****** Fake: sleeping batch size 4 single_input_size 602112 time (ms): [52.81, 61.12, 51.94, 70.74]
****** Fake: sleeping max time (ms) 70.74 cycles 112972966
****** Fake: sleeping batch size 4 single_input_size 602112 time (ms): [81.91, 48.09, 94.26, 62.06]
****** Fake: sleeping max time (ms) 94.26 cycles 150534526
****** Fake: sleeping batch size 4 single_input_size 602112 time (ms): [78.19, 83.35, 60.94, 64.14]
****** Fake: sleeping max time (ms) 83.35 cycles 133116628
****** Fake: sleeping batch size 4 single_input_size 602112 time (ms): [64.02, 68.91, 61.46, 75.25]
****** Fake: sleeping max time (ms) 75.25 cycles 120175724
****** Fake: sleeping batch size 4 single_input_size 602112 time (ms): [75.87, 63.12, 61.93, 76.03]
****** Fake: sleeping max time (ms) 76.03 cycles 121412863
****** Fake: sleeping batch size 4 single_input_size 602112 time (ms): [61.56, 54.95, 65.05, 73.57]
****** Fake: sleeping max time (ms) 73.57 cycles 117494779
****** Fake: sleeping batch size 4 single_input_size 602112 time (ms): [54.69, 79.10, 63.07, 75.41]
****** Fake: sleeping max time (ms) 79.10 cycles 126322709
****** Fake: sleeping batch size 4 single_input_size 602112 time (ms): [52.47, 58.85, 62.69, 64.71]
****** Fake: sleeping max time (ms) 64.71 cycles 103345989
****** Fake: sleeping batch size 2 single_input_size 602112 time (ms): [57.70, 80.03]
****** Fake: sleeping max time (ms) 80.03 cycles 127813385
****** Fake: sleeping batch size 4 single_input_size 602112 time (ms): [70.38, 63.95, 77.17, 58.85]
****** Fake: sleeping max time (ms) 77.17 cycles 123243727
****** Fake: sleeping batch size 2 single_input_size 602112 time (ms): [92.19, 50.84]
****** Fake: sleeping max time (ms) 92.19 cycles 147223102
****** Fake: sleeping batch size 2 single_input_size 602112 time (ms): [54.60, 61.03]
****** Fake: sleeping max time (ms) 61.03 cycles 97464312
****** Fake: sleeping batch size 2 single_input_size 602112 time (ms): [78.57, 63.08]
****** Fake: sleeping max time (ms) 78.57 cycles 125475322
****** Fake: sleeping batch size 2 single_input_size 602112 time (ms): [58.24, 61.41]
****** Fake: sleeping max time (ms) 61.41 cycles 98078382
****** Fake: sleeping batch size 4 single_input_size 602112 time (ms): [68.38, 58.85, 68.09, 67.32]
****** Fake: sleeping max time (ms) 68.38 cycles 109206652
****** Fake: sleeping batch size 2 single_input_size 602112 time (ms): [59.34, 57.85]
****** Fake: sleeping max time (ms) 59.34 cycles 94766131
****** Fake: sleeping batch size 4 single_input_size 602112 time (ms): [55.33, 57.23, 63.89, 82.77]
****** Fake: sleeping max time (ms) 82.77 cycles 132183012
****** Fake: sleeping batch size 2 single_input_size 602112 time (ms): [53.76, 70.15]
****** Fake: sleeping max time (ms) 70.15 cycles 112033065
****** Fake: sleeping batch size 4 single_input_size 602112 time (ms): [59.89, 58.72, 65.94, 74.99]
****** Fake: sleeping max time (ms) 74.99 cycles 119763329
****** Fake: sleeping batch size 2 single_input_size 602112 time (ms): [79.38, 60.25]
****** Fake: sleeping max time (ms) 79.38 cycles 126766363
****** Fake: sleeping batch size 2 single_input_size 602112 time (ms): [84.41, 53.36]
****** Fake: sleeping max time (ms) 84.41 cycles 134807344
****** Fake: sleeping batch size 2 single_input_size 602112 time (ms): [59.30, 56.04]
****** Fake: sleeping max time (ms) 59.30 cycles 94707111
****** Fake: sleeping batch size 2 single_input_size 602112 time (ms): [70.71, 70.66]
****** Fake: sleeping max time (ms) 70.71 cycles 112921282
****** Fake: sleeping batch size 4 single_input_size 602112 time (ms): [58.31, 73.96, 75.39, 65.96]
****** Fake: sleeping max time (ms) 75.39 cycles 120405310
****** Fake: sleeping batch size 2 single_input_size 602112 time (ms): [52.77, 82.07]
****** Fake: sleeping max time (ms) 82.07 cycles 131062337
****** Fake: sleeping batch size 2 single_input_size 602112 time (ms): [63.68, 62.34]
****** Fake: sleeping max time (ms) 63.68 cycles 101697796
****** Fake: sleeping batch size 2 single_input_size 602112 time (ms): [58.87, 62.02]
****** Fake: sleeping max time (ms) 62.02 cycles 99047542
****** Fake: sleeping batch size 4 single_input_size 602112 time (ms): [51.28, 57.26, 68.45, 67.41]
****** Fake: sleeping max time (ms) 68.45 cycles 109320662
****** Fake: sleeping batch size 2 single_input_size 602112 time (ms): [58.67, 48.19]
****** Fake: sleeping max time (ms) 58.67 cycles 93696626
****** Fake: sleeping batch size 2 single_input_size 602112 time (ms): [50.95, 57.80]
****** Fake: sleeping max time (ms) 57.80 cycles 92307634
****** Fake: sleeping batch size 2 single_input_size 602112 time (ms): [58.93, 67.37]
****** Fake: sleeping max time (ms) 67.37 cycles 107596549
****** Fake: sleeping batch size 2 single_input_size 602112 time (ms): [67.66, 58.58]
****** Fake: sleeping max time (ms) 67.66 cycles 108059088
****** Fake: sleeping batch size 2 single_input_size 602112 time (ms): [49.58, 67.66]
****** Fake: sleeping max time (ms) 67.66 cycles 108045887
****** Fake: sleeping batch size 2 single_input_size 602112 time (ms): [56.85, 60.38]
****** Fake: sleeping max time (ms) 60.38 cycles 96425450
****** Fake: sleeping batch size 2 single_input_size 602112 time (ms): [67.79, 93.30]
****** Fake: sleeping max time (ms) 93.30 cycles 149002657
****** Fake: sleeping batch size 2 single_input_size 602112 time (ms): [72.43, 57.89]
****** Fake: sleeping max time (ms) 72.43 cycles 115663414
****** Fake: sleeping batch size 4 single_input_size 602112 time (ms): [55.08, 83.93, 68.14, 66.03]
****** Fake: sleeping max time (ms) 83.93 cycles 134030192
****** Fake: sleeping batch size 2 single_input_size 602112 time (ms): [59.22, 51.69]
****** Fake: sleeping max time (ms) 59.22 cycles 94570677
****** Fake: sleeping batch size 2 single_input_size 602112 time (ms): [68.99, 58.90]
****** Fake: sleeping max time (ms) 68.99 cycles 110170590
****** Fake: sleeping batch size 2 single_input_size 602112 time (ms): [53.77, 62.66]
****** Fake: sleeping max time (ms) 62.66 cycles 100071040
****** Fake: sleeping batch size 2 single_input_size 602112 time (ms): [67.34, 63.99]
****** Fake: sleeping max time (ms) 67.34 cycles 107539565
****** Fake: sleeping batch size 2 single_input_size 602112 time (ms): [48.45, 71.65]
****** Fake: sleeping max time (ms) 71.65 cycles 114419372
****** Fake: sleeping batch size 2 single_input_size 602112 time (ms): [57.58, 51.71]
****** Fake: sleeping max time (ms) 57.58 cycles 91960144
****** Fake: sleeping batch size 2 single_input_size 602112 time (ms): [82.65, 61.80]
****** Fake: sleeping max time (ms) 82.65 cycles 131998420
****** Fake: sleeping batch size 2 single_input_size 602112 time (ms): [62.30, 77.22]
****** Fake: sleeping max time (ms) 77.22 cycles 123328203
****** Fake: sleeping batch size 2 single_input_size 602112 time (ms): [62.28, 67.84]
****** Fake: sleeping max time (ms) 67.84 cycles 108340439
****** Fake: sleeping batch size 2 single_input_size 602112 time (ms): [68.26, 43.33]
****** Fake: sleeping max time (ms) 68.26 cycles 109015496
****** Fake: sleeping batch size 2 single_input_size 602112 time (ms): [61.44, 59.01]
****** Fake: sleeping max time (ms) 61.44 cycles 98126005
****** Fake: sleeping batch size 2 single_input_size 602112 time (ms): [54.43, 57.66]
****** Fake: sleeping max time (ms) 57.66 cycles 92081009
****** Fake: sleeping batch size 2 single_input_size 602112 time (ms): [47.59, 79.40]
****** Fake: sleeping max time (ms) 79.40 cycles 126808118
****** Fake: sleeping batch size 2 single_input_size 602112 time (ms): [59.94, 74.55]
****** Fake: sleeping max time (ms) 74.55 cycles 119058906
****** Fake: sleeping batch size 2 single_input_size 602112 time (ms): [55.33, 64.41]
****** Fake: sleeping max time (ms) 64.41 cycles 102862436
****** Fake: sleeping batch size 2 single_input_size 602112 time (ms): [64.25, 69.13]
****** Fake: sleeping max time (ms) 69.13 cycles 110394086
****** Fake: sleeping batch size 2 single_input_size 602112 time (ms): [85.14, 60.36]
****** Fake: sleeping max time (ms) 85.14 cycles 135971974
****** Fake: sleeping batch size 2 single_input_size 602112 time (ms): [64.31, 53.07]
****** Fake: sleeping max time (ms) 64.31 cycles 102708479
****** Fake: sleeping batch size 2 single_input_size 602112 time (ms): [57.44, 61.90]
****** Fake: sleeping max time (ms) 61.90 cycles 98854453
****** Fake: sleeping batch size 2 single_input_size 602112 time (ms): [60.70, 59.42]
****** Fake: sleeping max time (ms) 60.70 cycles 96944227
****** Fake: sleeping batch size 2 single_input_size 602112 time (ms): [59.65, 66.33]
****** Fake: sleeping max time (ms) 66.33 cycles 105932733
****** Fake: sleeping batch size 2 single_input_size 602112 time (ms): [65.52, 58.28]
****** Fake: sleeping max time (ms) 65.52 cycles 104636891
****** Fake: sleeping batch size 2 single_input_size 602112 time (ms): [57.47, 60.39]
****** Fake: sleeping max time (ms) 60.39 cycles 96443914
****** Fake: sleeping batch size 2 single_input_size 602112 time (ms): [80.32, 56.20]
****** Fake: sleeping max time (ms) 80.32 cycles 128273935
****** Fake: sleeping batch size 2 single_input_size 602112 time (ms): [53.04, 61.62]
****** Fake: sleeping max time (ms) 61.62 cycles 98404569
****** Fake: sleeping batch size 2 single_input_size 602112 time (ms): [53.68, 57.84]
****** Fake: sleeping max time (ms) 57.84 cycles 92364691
****** Fake: sleeping batch size 2 single_input_size 602112 time (ms): [55.01, 54.20]
****** Fake: sleeping max time (ms) 55.01 cycles 87857207
****** Fake: sleeping batch size 2 single_input_size 602112 time (ms): [73.78, 58.71]
****** Fake: sleeping max time (ms) 73.78 cycles 117828398
****** Fake: sleeping batch size 2 single_input_size 602112 time (ms): [65.15, 61.80]
****** Fake: sleeping max time (ms) 65.15 cycles 104041373
****** Fake: sleeping batch size 2 single_input_size 602112 time (ms): [79.10, 76.82]
****** Fake: sleeping max time (ms) 79.10 cycles 126330209
****** Fake: sleeping batch size 2 single_input_size 602112 time (ms): [65.19, 54.50]
****** Fake: sleeping max time (ms) 65.19 cycles 104105059
****** Fake: sleeping batch size 2 single_input_size 602112 time (ms): [54.94, 60.60]
****** Fake: sleeping max time (ms) 60.60 cycles 96773323
****** Fake: sleeping batch size 2 single_input_size 602112 time (ms): [62.91, 63.74]
****** Fake: sleeping max time (ms) 63.74 cycles 101793420
****** Fake: sleeping batch size 2 single_input_size 602112 time (ms): [78.02, 61.91]
****** Fake: sleeping max time (ms) 78.02 cycles 124592667
****** Fake: sleeping batch size 2 single_input_size 602112 time (ms): [78.08, 57.23]
****** Fake: sleeping max time (ms) 78.08 cycles 124690897
****** Fake: sleeping batch size 2 single_input_size 602112 time (ms): [51.76, 62.79]
****** Fake: sleeping max time (ms) 62.79 cycles 100267746
****** Fake: sleeping batch size 2 single_input_size 602112 time (ms): [56.36, 63.84]
****** Fake: sleeping max time (ms) 63.84 cycles 101959042
****** Fake: sleeping batch size 2 single_input_size 602112 time (ms): [56.54, 67.24]
****** Fake: sleeping max time (ms) 67.24 cycles 107384381
****** Fake: sleeping batch size 2 single_input_size 602112 time (ms): [64.22, 79.82]
****** Fake: sleeping max time (ms) 79.82 cycles 127475833
****** Fake: sleeping batch size 2 single_input_size 602112 time (ms): [64.76, 66.40]
****** Fake: sleeping max time (ms) 66.40 cycles 106039919
****** Fake: sleeping batch size 2 single_input_size 602112 time (ms): [52.75, 64.50]
****** Fake: sleeping max time (ms) 64.50 cycles 103004028
****** Fake: sleeping batch size 2 single_input_size 602112 time (ms): [56.76, 52.61]
****** Fake: sleeping max time (ms) 56.76 cycles 90645764
****** Fake: sleeping batch size 2 single_input_size 602112 time (ms): [60.34, 54.23]
****** Fake: sleeping max time (ms) 60.34 cycles 96365388
****** Fake: sleeping batch size 2 single_input_size 602112 time (ms): [54.34, 78.87]
****** Fake: sleeping max time (ms) 78.87 cycles 125961030
****** Fake: sleeping batch size 2 single_input_size 602112 time (ms): [60.40, 53.94]
****** Fake: sleeping max time (ms) 60.40 cycles 96465705
****** Fake: sleeping batch size 2 single_input_size 602112 time (ms): [58.98, 69.06]
****** Fake: sleeping max time (ms) 69.06 cycles 110286098
****** Fake: sleeping batch size 2 single_input_size 602112 time (ms): [51.48, 70.29]
****** Fake: sleeping max time (ms) 70.29 cycles 112246150
****** Fake: sleeping batch size 2 single_input_size 602112 time (ms): [65.63, 61.76]
****** Fake: sleeping max time (ms) 65.63 cycles 104806407
****** Fake: sleeping batch size 2 single_input_size 602112 time (ms): [64.98, 64.68]
****** Fake: sleeping max time (ms) 64.98 cycles 103778013
****** Fake: sleeping batch size 2 single_input_size 602112 time (ms): [64.04, 60.21]
****** Fake: sleeping max time (ms) 64.04 cycles 102270336
****** Fake: sleeping batch size 2 single_input_size 602112 time (ms): [63.15, 64.43]
****** Fake: sleeping max time (ms) 64.43 cycles 102901674
****** Fake: sleeping batch size 2 single_input_size 602112 time (ms): [72.40, 66.02]
****** Fake: sleeping max time (ms) 72.40 cycles 115630110
****** Fake: sleeping batch size 2 single_input_size 602112 time (ms): [62.45, 64.62]
****** Fake: sleeping max time (ms) 64.62 cycles 103192828
****** Fake: sleeping batch size 2 single_input_size 602112 time (ms): [59.81, 57.82]
****** Fake: sleeping max time (ms) 59.81 cycles 95511307
****** Fake: sleeping batch size 2 single_input_size 602112 time (ms): [80.08, 77.73]
****** Fake: sleeping max time (ms) 80.08 cycles 127881712
****** Fake: sleeping batch size 2 single_input_size 602112 time (ms): [57.85, 65.24]
****** Fake: sleeping max time (ms) 65.24 cycles 104183936
****** Fake: sleeping batch size 1 single_input_size 602112 time (ms): [61.57]
****** Fake: sleeping max time (ms) 61.57 cycles 98321563
****** Fake: sleeping batch size 2 single_input_size 602112 time (ms): [61.59, 53.06]
****** Fake: sleeping max time (ms) 61.59 cycles 98366027
****** Fake: sleeping batch size 1 single_input_size 602112 time (ms): [72.08]
****** Fake: sleeping max time (ms) 72.08 cycles 115113337
****** Fake: sleeping batch size 2 single_input_size 602112 time (ms): [50.70, 70.76]
****** Fake: sleeping max time (ms) 70.76 cycles 112996185
****** Fake: sleeping batch size 2 single_input_size 602112 time (ms): [68.80, 62.60]
****** Fake: sleeping max time (ms) 68.80 cycles 109873577
****** Fake: sleeping batch size 2 single_input_size 602112 time (ms): [58.08, 55.45]
****** Fake: sleeping max time (ms) 58.08 cycles 92750221
****** Fake: sleeping batch size 1 single_input_size 602112 time (ms): [59.30]
****** Fake: sleeping max time (ms) 59.30 cycles 94708175
****** Fake: sleeping batch size 2 single_input_size 602112 time (ms): [59.16, 81.69]
****** Fake: sleeping max time (ms) 81.69 cycles 130458666
****** Fake: sleeping batch size 2 single_input_size 602112 time (ms): [66.35, 66.18]
****** Fake: sleeping max time (ms) 66.35 cycles 105963628
****** Fake: sleeping batch size 2 single_input_size 602112 time (ms): [50.31, 66.68]
****** Fake: sleeping max time (ms) 66.68 cycles 106482938
****** Fake: sleeping batch size 2 single_input_size 602112 time (ms): [72.40, 59.32]
****** Fake: sleeping max time (ms) 72.40 cycles 115624021
****** Fake: sleeping batch size 1 single_input_size 602112 time (ms): [56.72]
****** Fake: sleeping max time (ms) 56.72 cycles 90574165
****** Fake: sleeping batch size 2 single_input_size 602112 time (ms): [57.90, 80.85]
****** Fake: sleeping max time (ms) 80.85 cycles 129121562
****** Fake: sleeping batch size 1 single_input_size 602112 time (ms): [61.91]
****** Fake: sleeping max time (ms) 61.91 cycles 98868658
****** Fake: sleeping batch size 2 single_input_size 602112 time (ms): [60.63, 69.24]
****** Fake: sleeping max time (ms) 69.24 cycles 110575526
****** Fake: sleeping batch size 2 single_input_size 602112 time (ms): [49.68, 60.78]
****** Fake: sleeping max time (ms) 60.78 cycles 97061078
****** Fake: sleeping batch size 1 single_input_size 602112 time (ms): [60.03]
****** Fake: sleeping max time (ms) 60.03 cycles 95859964
****** Fake: sleeping batch size 1 single_input_size 602112 time (ms): [69.23]
****** Fake: sleeping max time (ms) 69.23 cycles 110562772
****** Fake: sleeping batch size 2 single_input_size 602112 time (ms): [61.23, 67.58]
****** Fake: sleeping max time (ms) 67.58 cycles 107924701
****** Fake: sleeping batch size 1 single_input_size 602112 time (ms): [74.04]
****** Fake: sleeping max time (ms) 74.04 cycles 118235402
****** Fake: sleeping batch size 2 single_input_size 602112 time (ms): [75.19, 63.70]
****** Fake: sleeping max time (ms) 75.19 cycles 120074259
****** Fake: sleeping batch size 2 single_input_size 602112 time (ms): [63.47, 58.78]
****** Fake: sleeping max time (ms) 63.47 cycles 101360823
****** Fake: sleeping batch size 1 single_input_size 602112 time (ms): [50.87]
****** Fake: sleeping max time (ms) 50.87 cycles 81240871
****** Fake: sleeping batch size 1 single_input_size 602112 time (ms): [82.94]
****** Fake: sleeping max time (ms) 82.94 cycles 132451184
****** Fake: sleeping batch size 2 single_input_size 602112 time (ms): [54.27, 60.88]
****** Fake: sleeping max time (ms) 60.88 cycles 97227909
****** Fake: sleeping batch size 2 single_input_size 602112 time (ms): [70.12, 77.38]
****** Fake: sleeping max time (ms) 77.38 cycles 123574152
****** Fake: sleeping batch size 1 single_input_size 602112 time (ms): [60.56]
****** Fake: sleeping max time (ms) 60.56 cycles 96711811
****** Fake: sleeping batch size 2 single_input_size 602112 time (ms): [61.87, 68.39]
****** Fake: sleeping max time (ms) 68.39 cycles 109220891
****** Fake: sleeping batch size 1 single_input_size 602112 time (ms): [62.26]
****** Fake: sleeping max time (ms) 62.26 cycles 99433954
****** Fake: sleeping batch size 2 single_input_size 602112 time (ms): [67.85, 62.67]
****** Fake: sleeping max time (ms) 67.85 cycles 108359288
****** Fake: sleeping batch size 2 single_input_size 602112 time (ms): [79.64, 81.08]
****** Fake: sleeping max time (ms) 81.08 cycles 129491949
****** Fake: sleeping batch size 2 single_input_size 602112 time (ms): [73.61, 60.08]
****** Fake: sleeping max time (ms) 73.61 cycles 117562110
****** Fake: sleeping batch size 2 single_input_size 602112 time (ms): [55.53, 68.02]
****** Fake: sleeping max time (ms) 68.02 cycles 108622710
****** Fake: sleeping batch size 2 single_input_size 602112 time (ms): [59.62, 62.41]
****** Fake: sleeping max time (ms) 62.41 cycles 99676611
****** Fake: sleeping batch size 2 single_input_size 602112 time (ms): [57.15, 71.52]
****** Fake: sleeping max time (ms) 71.52 cycles 114220027
****** Fake: sleeping batch size 2 single_input_size 602112 time (ms): [57.38, 61.06]
****** Fake: sleeping max time (ms) 61.06 cycles 97519511
****** Fake: sleeping batch size 2 single_input_size 602112 time (ms): [74.78, 80.84]
****** Fake: sleeping max time (ms) 80.84 cycles 129093942
****** Fake: sleeping batch size 2 single_input_size 602112 time (ms): [65.17, 59.73]
****** Fake: sleeping max time (ms) 65.17 cycles 104083342
****** Fake: sleeping batch size 2 single_input_size 602112 time (ms): [60.08, 60.25]
****** Fake: sleeping max time (ms) 60.25 cycles 96212661
****** Fake: sleeping batch size 2 single_input_size 602112 time (ms): [54.96, 56.94]
****** Fake: sleeping max time (ms) 56.94 cycles 90931324
****** Fake: sleeping batch size 2 single_input_size 602112 time (ms): [68.40, 70.94]
****** Fake: sleeping max time (ms) 70.94 cycles 113290024
****** Fake: sleeping batch size 2 single_input_size 602112 time (ms): [59.97, 58.41]
****** Fake: sleeping max time (ms) 59.97 cycles 95764122
****** Fake: sleeping batch size 2 single_input_size 602112 time (ms): [62.11, 82.41]
****** Fake: sleeping max time (ms) 82.41 cycles 131603780
****** Fake: sleeping batch size 2 single_input_size 602112 time (ms): [71.73, 68.22]
****** Fake: sleeping max time (ms) 71.73 cycles 114548343
****** Fake: sleeping batch size 2 single_input_size 602112 time (ms): [60.06, 57.17]
****** Fake: sleeping max time (ms) 60.06 cycles 95912274
****** Fake: sleeping batch size 2 single_input_size 602112 time (ms): [76.11, 88.07]
****** Fake: sleeping max time (ms) 88.07 cycles 140653007
****** Fake: sleeping batch size 2 single_input_size 602112 time (ms): [66.06, 63.91]
****** Fake: sleeping max time (ms) 66.06 cycles 105495346
****** Fake: sleeping batch size 2 single_input_size 602112 time (ms): [64.97, 56.80]
****** Fake: sleeping max time (ms) 64.97 cycles 103749977
****** Fake: sleeping batch size 2 single_input_size 602112 time (ms): [71.19, 50.49]
****** Fake: sleeping max time (ms) 71.19 cycles 113687299
****** Fake: sleeping batch size 2 single_input_size 602112 time (ms): [74.91, 51.04]
****** Fake: sleeping max time (ms) 74.91 cycles 119635460
****** Fake: sleeping batch size 2 single_input_size 602112 time (ms): [71.24, 75.58]
****** Fake: sleeping max time (ms) 75.58 cycles 120704732
****** Fake: sleeping batch size 4 single_input_size 602112 time (ms): [61.03, 76.82, 62.42, 44.04]
****** Fake: sleeping max time (ms) 76.82 cycles 122680766
****** Fake: sleeping batch size 2 single_input_size 602112 time (ms): [57.00, 64.71]
****** Fake: sleeping max time (ms) 64.71 cycles 103334788
****** Fake: sleeping batch size 4 single_input_size 602112 time (ms): [68.76, 76.50, 52.98, 83.07]
****** Fake: sleeping max time (ms) 83.07 cycles 132659419
****** Fake: sleeping batch size 2 single_input_size 602112 time (ms): [70.51, 72.37]
****** Fake: sleeping max time (ms) 72.37 cycles 115580175
****** Fake: sleeping batch size 4 single_input_size 602112 time (ms): [58.74, 71.03, 61.00, 65.00]
****** Fake: sleeping max time (ms) 71.03 cycles 113427067
****** Fake: sleeping batch size 2 single_input_size 602112 time (ms): [52.53, 60.68]
****** Fake: sleeping max time (ms) 60.68 cycles 96902108
****** Fake: sleeping batch size 2 single_input_size 602112 time (ms): [69.08, 54.07]
****** Fake: sleeping max time (ms) 69.08 cycles 110313685
****** Fake: sleeping batch size 4 single_input_size 602112 time (ms): [83.28, 59.61, 44.21, 71.55]
****** Fake: sleeping max time (ms) 83.28 cycles 132999285
****** Fake: sleeping batch size 2 single_input_size 602112 time (ms): [77.96, 51.38]
****** Fake: sleeping max time (ms) 77.96 cycles 124510076
****** Fake: sleeping batch size 2 single_input_size 602112 time (ms): [78.04, 64.23]
****** Fake: sleeping max time (ms) 78.04 cycles 124631380
****** Fake: sleeping batch size 2 single_input_size 602112 time (ms): [68.23, 61.18]
****** Fake: sleeping max time (ms) 68.23 cycles 108965645
****** Fake: sleeping batch size 4 single_input_size 602112 time (ms): [59.45, 76.56, 69.97, 56.79]
****** Fake: sleeping max time (ms) 76.56 cycles 122258620
****** Fake: sleeping batch size 2 single_input_size 602112 time (ms): [52.84, 56.31]
****** Fake: sleeping max time (ms) 56.31 cycles 89924533
****** Fake: sleeping batch size 4 single_input_size 602112 time (ms): [72.16, 68.67, 58.46, 82.80]
****** Fake: sleeping max time (ms) 82.80 cycles 132237356
****** Fake: sleeping batch size 2 single_input_size 602112 time (ms): [54.77, 76.37]
****** Fake: sleeping max time (ms) 76.37 cycles 121958937
****** Fake: sleeping batch size 4 single_input_size 602112 time (ms): [82.59, 66.69, 66.54, 58.16]
****** Fake: sleeping max time (ms) 82.59 cycles 131897785
****** Fake: sleeping batch size 4 single_input_size 602112 time (ms): [59.17, 77.10, 49.80, 64.97]
****** Fake: sleeping max time (ms) 77.10 cycles 123121590
****** Fake: sleeping batch size 2 single_input_size 602112 time (ms): [62.10, 83.20]
****** Fake: sleeping max time (ms) 83.20 cycles 132862567
****** Fake: sleeping batch size 2 single_input_size 602112 time (ms): [80.05, 80.91]
****** Fake: sleeping max time (ms) 80.91 cycles 129220501
****** Fake: sleeping batch size 4 single_input_size 602112 time (ms): [72.43, 56.40, 59.83, 66.54]
****** Fake: sleeping max time (ms) 72.43 cycles 115663221
****** Fake: sleeping batch size 4 single_input_size 602112 time (ms): [53.20, 55.46, 55.24, 54.78]
****** Fake: sleeping max time (ms) 55.46 cycles 88565010
****** Fake: sleeping batch size 2 single_input_size 602112 time (ms): [59.85, 64.83]
****** Fake: sleeping max time (ms) 64.83 cycles 103528865
****** Fake: sleeping batch size 4 single_input_size 602112 time (ms): [56.66, 67.39, 47.71, 66.75]
****** Fake: sleeping max time (ms) 67.39 cycles 107618780
****** Fake: sleeping batch size 2 single_input_size 602112 time (ms): [63.57, 69.12]
****** Fake: sleeping max time (ms) 69.12 cycles 110383230
****** Fake: sleeping batch size 4 single_input_size 602112 time (ms): [62.53, 64.24, 53.55, 60.25]
****** Fake: sleeping max time (ms) 64.24 cycles 102595818
****** Fake: sleeping batch size 2 single_input_size 602112 time (ms): [78.07, 69.12]
****** Fake: sleeping max time (ms) 78.07 cycles 124670539
****** Fake: sleeping batch size 4 single_input_size 602112 time (ms): [59.40, 60.57, 85.38, 61.77]
****** Fake: sleeping max time (ms) 85.38 cycles 136348572
****** Fake: sleeping batch size 2 single_input_size 602112 time (ms): [65.81, 54.43]
****** Fake: sleeping max time (ms) 65.81 cycles 105100849
****** Fake: sleeping batch size 4 single_input_size 602112 time (ms): [74.17, 59.21, 58.87, 61.17]
****** Fake: sleeping max time (ms) 74.17 cycles 118443633
****** Fake: sleeping batch size 2 single_input_size 602112 time (ms): [66.07, 71.98]
****** Fake: sleeping max time (ms) 71.98 cycles 114959265
****** Fake: sleeping batch size 4 single_input_size 602112 time (ms): [57.93, 65.02, 73.90, 59.51]
****** Fake: sleeping max time (ms) 73.90 cycles 118025524
****** Fake: sleeping batch size 2 single_input_size 602112 time (ms): [65.30, 61.23]
****** Fake: sleeping max time (ms) 65.30 cycles 104285742
****** Fake: sleeping batch size 4 single_input_size 602112 time (ms): [66.41, 86.27, 55.25, 50.03]
****** Fake: sleeping max time (ms) 86.27 cycles 137770394
****** Fake: sleeping batch size 2 single_input_size 602112 time (ms): [51.24, 57.53]
****** Fake: sleeping max time (ms) 57.53 cycles 91873494
****** Fake: sleeping batch size 4 single_input_size 602112 time (ms): [66.67, 56.01, 58.50, 59.51]
****** Fake: sleeping max time (ms) 66.67 cycles 106469830
****** Fake: sleeping batch size 2 single_input_size 602112 time (ms): [71.52, 70.12]
****** Fake: sleeping max time (ms) 71.52 cycles 114215502
****** Fake: sleeping batch size 2 single_input_size 602112 time (ms): [75.34, 52.30]
****** Fake: sleeping max time (ms) 75.34 cycles 120315082
****** Fake: sleeping batch size 2 single_input_size 602112 time (ms): [61.12, 94.49]
****** Fake: sleeping max time (ms) 94.49 cycles 150905786
****** Fake: sleeping batch size 4 single_input_size 602112 time (ms): [87.22, 65.70, 62.99, 55.86]
****** Fake: sleeping max time (ms) 87.22 cycles 139282828
****** Fake: sleeping batch size 4 single_input_size 602112 time (ms): [59.84, 67.08, 47.07, 59.68]
****** Fake: sleeping max time (ms) 67.08 cycles 107125770
****** Fake: sleeping batch size 2 single_input_size 602112 time (ms): [78.62, 61.18]
****** Fake: sleeping max time (ms) 78.62 cycles 125549649
****** Fake: sleeping batch size 2 single_input_size 602112 time (ms): [63.80, 58.81]
****** Fake: sleeping max time (ms) 63.80 cycles 101880753
****** Fake: sleeping batch size 4 single_input_size 602112 time (ms): [69.07, 87.15, 55.28, 52.85]
****** Fake: sleeping max time (ms) 87.15 cycles 139181573
****** Fake: sleeping batch size 4 single_input_size 602112 time (ms): [66.55, 72.71, 41.59, 69.28]
****** Fake: sleeping max time (ms) 72.71 cycles 116110124
****** Fake: sleeping batch size 4 single_input_size 602112 time (ms): [58.43, 78.24, 62.73, 77.26]
****** Fake: sleeping max time (ms) 78.24 cycles 124946295
****** Fake: sleeping batch size 2 single_input_size 602112 time (ms): [74.84, 72.71]
****** Fake: sleeping max time (ms) 74.84 cycles 119517094
****** Fake: sleeping batch size 4 single_input_size 602112 time (ms): [81.97, 72.38, 80.81, 57.17]
****** Fake: sleeping max time (ms) 81.97 cycles 130902185
****** Fake: sleeping batch size 2 single_input_size 602112 time (ms): [59.45, 67.66]
****** Fake: sleeping max time (ms) 67.66 cycles 108053205
****** Fake: sleeping batch size 4 single_input_size 602112 time (ms): [54.90, 52.68, 70.63, 64.13]
****** Fake: sleeping max time (ms) 70.63 cycles 112803114
****** Fake: sleeping batch size 2 single_input_size 602112 time (ms): [64.86, 58.21]
****** Fake: sleeping max time (ms) 64.86 cycles 103574405
****** Fake: sleeping batch size 4 single_input_size 602112 time (ms): [65.35, 59.09, 68.23, 59.08]
****** Fake: sleeping max time (ms) 68.23 cycles 108958806
****** Fake: sleeping batch size 4 single_input_size 602112 time (ms): [69.13, 56.99, 65.90, 62.13]
****** Fake: sleeping max time (ms) 69.13 cycles 110392990
****** Fake: sleeping batch size 4 single_input_size 602112 time (ms): [59.02, 82.90, 71.82, 60.80]
****** Fake: sleeping max time (ms) 82.90 cycles 132397277
****** Fake: sleeping batch size 4 single_input_size 602112 time (ms): [50.03, 54.63, 61.57, 63.13]
****** Fake: sleeping max time (ms) 63.13 cycles 100813128
****** Fake: sleeping batch size 2 single_input_size 602112 time (ms): [68.44, 73.66]
****** Fake: sleeping max time (ms) 73.66 cycles 117642931
****** Fake: sleeping batch size 4 single_input_size 602112 time (ms): [55.90, 80.62, 70.21, 86.32]
****** Fake: sleeping max time (ms) 86.32 cycles 137851836
****** Fake: sleeping batch size 4 single_input_size 602112 time (ms): [60.33, 58.54, 55.28, 58.71]
****** Fake: sleeping max time (ms) 60.33 cycles 96348267
****** Fake: sleeping batch size 4 single_input_size 602112 time (ms): [65.90, 55.22, 76.46, 63.90]
****** Fake: sleeping max time (ms) 76.46 cycles 122108471
****** Fake: sleeping batch size 4 single_input_size 602112 time (ms): [62.85, 65.63, 64.92, 60.30]
****** Fake: sleeping max time (ms) 65.63 cycles 104809813
****** Fake: sleeping batch size 2 single_input_size 602112 time (ms): [63.99, 58.85]
****** Fake: sleeping max time (ms) 63.99 cycles 102193552
****** Fake: sleeping batch size 4 single_input_size 602112 time (ms): [71.84, 69.77, 76.27, 55.41]
****** Fake: sleeping max time (ms) 76.27 cycles 121801188
****** Fake: sleeping batch size 2 single_input_size 602112 time (ms): [69.19, 64.45]
****** Fake: sleeping max time (ms) 69.19 cycles 110489832
****** Fake: sleeping batch size 4 single_input_size 602112 time (ms): [69.29, 80.01, 54.50, 78.70]
****** Fake: sleeping max time (ms) 80.01 cycles 127774589
****** Fake: sleeping batch size 2 single_input_size 602112 time (ms): [60.21, 64.12]
****** Fake: sleeping max time (ms) 64.12 cycles 102407594
****** Fake: sleeping batch size 2 single_input_size 602112 time (ms): [57.92, 56.17]
****** Fake: sleeping max time (ms) 57.92 cycles 92493457
****** Fake: sleeping batch size 2 single_input_size 602112 time (ms): [62.33, 61.34]
****** Fake: sleeping max time (ms) 62.33 cycles 99544040
****** Fake: sleeping batch size 2 single_input_size 602112 time (ms): [62.63, 76.51]
****** Fake: sleeping max time (ms) 76.51 cycles 122185002
****** Fake: sleeping batch size 2 single_input_size 602112 time (ms): [61.99, 57.83]
****** Fake: sleeping max time (ms) 61.99 cycles 98995774
****** Fake: sleeping batch size 2 single_input_size 602112 time (ms): [75.41, 67.83]
****** Fake: sleeping max time (ms) 75.41 cycles 120423539
****** Fake: sleeping batch size 1 single_input_size 602112 time (ms): [59.53]
****** Fake: sleeping max time (ms) 59.53 cycles 95074651
****** Fake: sleeping batch size 1 single_input_size 602112 time (ms): [75.15]
****** Fake: sleeping max time (ms) 75.15 cycles 120017066
****** Fake: sleeping batch size 1 single_input_size 602112 time (ms): [73.31]
****** Fake: sleeping max time (ms) 73.31 cycles 117073979
****** Fake: sleeping batch size 1 single_input_size 602112 time (ms): [64.80]
****** Fake: sleeping max time (ms) 64.80 cycles 103477798
****** Fake: sleeping batch size 1 single_input_size 602112 time (ms): [81.88]
****** Fake: sleeping max time (ms) 81.88 cycles 130755412
****** Fake: sleeping batch size 1 single_input_size 602112 time (ms): [56.78]
****** Fake: sleeping max time (ms) 56.78 cycles 90676964
****** Fake: sleeping batch size 1 single_input_size 602112 time (ms): [76.69]
****** Fake: sleeping max time (ms) 76.69 cycles 122479180
****** Fake: sleeping batch size 1 single_input_size 602112 time (ms): [62.55]
****** Fake: sleeping max time (ms) 62.55 cycles 99896381
****** Fake: sleeping batch size 1 single_input_size 602112 time (ms): [64.46]
****** Fake: sleeping max time (ms) 64.46 cycles 102940025
****** Fake: sleeping batch size 1 single_input_size 602112 time (ms): [55.74]
****** Fake: sleeping max time (ms) 55.74 cycles 89019372
****** Fake: sleeping batch size 1 single_input_size 602112 time (ms): [55.84]
****** Fake: sleeping max time (ms) 55.84 cycles 89178638
****** Fake: sleeping batch size 1 single_input_size 602112 time (ms): [65.53]
****** Fake: sleeping max time (ms) 65.53 cycles 104654375
****** Fake: sleeping batch size 1 single_input_size 602112 time (ms): [65.03]
****** Fake: sleeping max time (ms) 65.03 cycles 103847628
****** Fake: sleeping batch size 1 single_input_size 602112 time (ms): [68.84]
****** Fake: sleeping max time (ms) 68.84 cycles 109940075
****** Fake: sleeping batch size 1 single_input_size 602112 time (ms): [64.20]
****** Fake: sleeping max time (ms) 64.20 cycles 102531519
****** Fake: sleeping batch size 1 single_input_size 602112 time (ms): [67.50]
****** Fake: sleeping max time (ms) 67.50 cycles 107803531
****** Fake: sleeping batch size 1 single_input_size 602112 time (ms): [61.60]
****** Fake: sleeping max time (ms) 61.60 cycles 98380419
****** Fake: sleeping batch size 1 single_input_size 602112 time (ms): [78.46]
****** Fake: sleeping max time (ms) 78.46 cycles 125293795
****** Fake: sleeping batch size 1 single_input_size 602112 time (ms): [53.49]
****** Fake: sleeping max time (ms) 53.49 cycles 85427701
****** Fake: sleeping batch size 1 single_input_size 602112 time (ms): [48.47]
****** Fake: sleeping max time (ms) 48.47 cycles 77408103
****** Fake: sleeping batch size 1 single_input_size 602112 time (ms): [46.97]
****** Fake: sleeping max time (ms) 46.97 cycles 75017055
****** Fake: sleeping batch size 1 single_input_size 602112 time (ms): [53.23]
****** Fake: sleeping max time (ms) 53.23 cycles 85010963
****** Fake: sleeping batch size 1 single_input_size 602112 time (ms): [69.08]
****** Fake: sleeping max time (ms) 69.08 cycles 110316768
****** Fake: sleeping batch size 1 single_input_size 602112 time (ms): [79.90]
****** Fake: sleeping max time (ms) 79.90 cycles 127604921
****** Fake: sleeping batch size 1 single_input_size 602112 time (ms): [59.02]
****** Fake: sleeping max time (ms) 59.02 cycles 94257977
****** Fake: sleeping batch size 1 single_input_size 602112 time (ms): [59.46]
****** Fake: sleeping max time (ms) 59.46 cycles 94956961
****** Fake: sleeping batch size 1 single_input_size 602112 time (ms): [75.59]
****** Fake: sleeping max time (ms) 75.59 cycles 120724728
****** Fake: sleeping batch size 1 single_input_size 602112 time (ms): [65.37]
****** Fake: sleeping max time (ms) 65.37 cycles 104390537
****** Fake: sleeping batch size 1 single_input_size 602112 time (ms): [74.25]
****** Fake: sleeping max time (ms) 74.25 cycles 118577071
****** Fake: sleeping batch size 1 single_input_size 602112 time (ms): [54.63]
****** Fake: sleeping max time (ms) 54.63 cycles 87243035
****** Fake: sleeping batch size 1 single_input_size 602112 time (ms): [68.48]
****** Fake: sleeping max time (ms) 68.48 cycles 109367296
****** Fake: sleeping batch size 1 single_input_size 602112 time (ms): [62.64]
****** Fake: sleeping max time (ms) 62.64 cycles 100036680
****** Fake: sleeping batch size 1 single_input_size 602112 time (ms): [62.22]
****** Fake: sleeping max time (ms) 62.22 cycles 99367570
****** Fake: sleeping batch size 1 single_input_size 602112 time (ms): [56.81]
****** Fake: sleeping max time (ms) 56.81 cycles 90719665
****** Fake: sleeping batch size 1 single_input_size 602112 time (ms): [55.41]
****** Fake: sleeping max time (ms) 55.41 cycles 88489203
****** Fake: sleeping batch size 1 single_input_size 602112 time (ms): [77.71]
****** Fake: sleeping max time (ms) 77.71 cycles 124099111
****** Fake: sleeping batch size 1 single_input_size 602112 time (ms): [79.06]
****** Fake: sleeping max time (ms) 79.06 cycles 126253387
****** Fake: sleeping batch size 1 single_input_size 602112 time (ms): [46.58]
****** Fake: sleeping max time (ms) 46.58 cycles 74391090
****** Fake: sleeping batch size 1 single_input_size 602112 time (ms): [53.54]
****** Fake: sleeping max time (ms) 53.54 cycles 85499462
****** Fake: sleeping batch size 1 single_input_size 602112 time (ms): [68.90]
****** Fake: sleeping max time (ms) 68.90 cycles 110026565
****** Fake: sleeping batch size 1 single_input_size 602112 time (ms): [51.23]
****** Fake: sleeping max time (ms) 51.23 cycles 81814095
****** Fake: sleeping batch size 1 single_input_size 602112 time (ms): [64.66]
****** Fake: sleeping max time (ms) 64.66 cycles 103260662
****** Fake: sleeping batch size 1 single_input_size 602112 time (ms): [68.96]
****** Fake: sleeping max time (ms) 68.96 cycles 110134032
****** Fake: sleeping batch size 1 single_input_size 602112 time (ms): [68.93]
****** Fake: sleeping max time (ms) 68.93 cycles 110088686
****** Fake: sleeping batch size 1 single_input_size 602112 time (ms): [73.08]
****** Fake: sleeping max time (ms) 73.08 cycles 116702497
****** Fake: sleeping batch size 1 single_input_size 602112 time (ms): [56.14]
****** Fake: sleeping max time (ms) 56.14 cycles 89649701
****** Fake: sleeping batch size 1 single_input_size 602112 time (ms): [55.64]
****** Fake: sleeping max time (ms) 55.64 cycles 88857784
****** Fake: sleeping batch size 1 single_input_size 602112 time (ms): [58.00]
****** Fake: sleeping max time (ms) 58.00 cycles 92621946
****** Fake: sleeping batch size 1 single_input_size 602112 time (ms): [77.33]
****** Fake: sleeping max time (ms) 77.33 cycles 123494891
****** Fake: sleeping batch size 1 single_input_size 602112 time (ms): [59.48]
****** Fake: sleeping max time (ms) 59.48 cycles 94990761
****** Fake: sleeping batch size 1 single_input_size 602112 time (ms): [74.99]
****** Fake: sleeping max time (ms) 74.99 cycles 119756291
****** Fake: sleeping batch size 1 single_input_size 602112 time (ms): [91.18]
****** Fake: sleeping max time (ms) 91.18 cycles 145621576
****** Fake: sleeping batch size 1 single_input_size 602112 time (ms): [63.39]
****** Fake: sleeping max time (ms) 63.39 cycles 101230211
****** Fake: sleeping batch size 1 single_input_size 602112 time (ms): [53.88]
****** Fake: sleeping max time (ms) 53.88 cycles 86044436
****** Fake: sleeping batch size 1 single_input_size 602112 time (ms): [50.84]
****** Fake: sleeping max time (ms) 50.84 cycles 81189832
****** Fake: sleeping batch size 1 single_input_size 602112 time (ms): [67.39]
****** Fake: sleeping max time (ms) 67.39 cycles 107614112
****** Fake: sleeping batch size 1 single_input_size 602112 time (ms): [55.14]
****** Fake: sleeping max time (ms) 55.14 cycles 88055071
****** Fake: sleeping batch size 1 single_input_size 602112 time (ms): [67.75]
****** Fake: sleeping max time (ms) 67.75 cycles 108204090
****** Fake: sleeping batch size 1 single_input_size 602112 time (ms): [78.48]
****** Fake: sleeping max time (ms) 78.48 cycles 125336117
