INFO: nexus_dir=/workdir/nexus model_dir=/workdir/models log_dir=/workdir/DynWork/log/NLP/syn/LenScale_0.1/chatbot/blenderbot_cornell/2_x_P99/nexus/logs model=fake_0
INFO: waiting frontend to spin up
INFO: ready to go
INFO: rock and roll
INFO: at 4.702 ms batch [] delay 34.562 ms
INFO: at 39.839 ms batch [77.738] delay 22.350 ms
INFO: at 39.839 ms fetching 77.738 ms
INFO: at 63.266 ms batch [55.096] delay 22.350 ms
INFO: at 63.266 ms fetching 55.096 ms
INFO: at 86.652 ms batch [52.801] delay 22.350 ms
INFO: at 86.652 ms fetching 52.801 ms
INFO: at 110.052 ms batch [61.679] delay 22.350 ms
INFO: at 110.052 ms fetching 61.679 ms
INFO: at 133.417 ms batch [64.940] delay 22.350 ms
INFO: at 133.417 ms fetching 64.940 ms
INFO: at 156.786 ms batch [67.345] delay 22.350 ms
INFO: at 156.786 ms fetching 67.345 ms
INFO: at 180.165 ms batch [76.102] delay 22.350 ms
INFO: at 180.165 ms fetching 76.102 ms
INFO: at 203.584 ms batch [62.352] delay 22.350 ms
INFO: at 203.584 ms fetching 62.352 ms
INFO: at 226.984 ms batch [56.481] delay 22.350 ms
INFO: at 226.984 ms fetching 56.481 ms
INFO: at 249.727 ms batch [78.361] delay 22.350 ms
INFO: at 249.727 ms fetching 78.361 ms
INFO: at 273.050 ms batch [75.354] delay 67.314 ms
INFO: at 273.050 ms fetching 75.354 ms
INFO: at 341.441 ms batch [63.306] delay 67.314 ms
INFO: at 341.441 ms fetching 63.306 ms
INFO: at 409.054 ms batch [46.480] delay 67.314 ms
INFO: at 409.054 ms fetching 46.480 ms
INFO: at 477.385 ms batch [61.878] delay 67.314 ms
INFO: at 477.385 ms fetching 61.878 ms
INFO: at 546.605 ms batch [52.753] delay 67.314 ms
INFO: at 546.605 ms fetching 52.753 ms
INFO: at 614.937 ms batch [60.390] delay 67.314 ms
INFO: at 614.937 ms fetching 60.390 ms
INFO: at 682.738 ms batch [101.935] delay 67.314 ms
INFO: at 682.738 ms fetching 101.935 ms
INFO: at 751.100 ms batch [64.431] delay 67.314 ms
INFO: at 751.100 ms fetching 64.431 ms
INFO: at 819.417 ms batch [75.727] delay 67.314 ms
INFO: at 819.417 ms fetching 75.727 ms
INFO: at 887.272 ms batch [63.806] delay 67.314 ms
INFO: at 887.272 ms fetching 63.806 ms
INFO: at 955.172 ms batch [66.220] delay 336.477 ms
INFO: at 955.172 ms fetching 66.220 ms
INFO: at 1292.481 ms batch [67.169] delay 336.477 ms
INFO: at 1292.481 ms fetching 67.169 ms
INFO: at 1629.309 ms batch [80.255] delay 336.477 ms
INFO: at 1629.309 ms fetching 80.255 ms
INFO: at 1966.417 ms batch [60.859] delay 336.477 ms
INFO: at 1966.417 ms fetching 60.859 ms
INFO: at 2303.730 ms batch [55.070] delay 336.477 ms
INFO: at 2303.730 ms fetching 55.070 ms
INFO: at 2641.474 ms batch [62.680] delay 336.477 ms
INFO: at 2641.474 ms fetching 62.680 ms
INFO: at 2978.975 ms batch [62.851] delay 336.477 ms
INFO: at 2978.975 ms fetching 62.851 ms
INFO: at 3317.612 ms batch [104.405] delay 336.477 ms
INFO: at 3317.612 ms fetching 104.405 ms
INFO: at 3654.552 ms batch [90.182] delay 336.477 ms
INFO: at 3654.552 ms fetching 90.182 ms
INFO: at 3992.154 ms batch [63.032] delay 336.477 ms
INFO: at 3992.154 ms fetching 63.032 ms
INFO: at 4329.661 ms batch [64.759] delay 6.803 ms
INFO: at 4329.661 ms fetching 64.759 ms
INFO: at 4336.968 ms batch [78.293] delay 6.803 ms
INFO: at 4336.968 ms fetching 78.293 ms
INFO: at 4344.309 ms batch [56.566] delay 6.803 ms
INFO: at 4344.309 ms fetching 56.566 ms
INFO: at 4351.647 ms batch [59.056] delay 6.803 ms
INFO: at 4351.647 ms fetching 59.056 ms
INFO: at 4358.986 ms batch [83.838] delay 6.803 ms
INFO: at 4358.986 ms fetching 83.838 ms
INFO: at 4366.338 ms batch [67.030] delay 6.803 ms
INFO: at 4366.338 ms fetching 67.030 ms
INFO: at 4373.703 ms batch [55.591] delay 6.803 ms
INFO: at 4373.703 ms fetching 55.591 ms
INFO: at 4381.024 ms batch [67.590] delay 6.803 ms
INFO: at 4381.024 ms fetching 67.590 ms
INFO: at 4388.376 ms batch [57.574] delay 6.803 ms
INFO: at 4388.376 ms fetching 57.574 ms
INFO: at 4395.796 ms batch [77.001] delay 6.803 ms
INFO: at 4395.796 ms fetching 77.001 ms
INFO: at 4402.936 ms batch [65.732] delay 2.354 ms
INFO: at 4402.936 ms fetching 65.732 ms
INFO: at 4406.299 ms batch [59.775] delay 2.354 ms
INFO: at 4406.299 ms fetching 59.775 ms
INFO: at 4408.771 ms batch [58.514] delay 2.354 ms
INFO: at 4408.771 ms fetching 58.514 ms
INFO: at 4412.221 ms batch [76.179] delay 2.354 ms
INFO: at 4412.221 ms fetching 76.179 ms
INFO: at 4414.709 ms batch [94.827] delay 2.354 ms
INFO: at 4414.709 ms fetching 94.827 ms
INFO: at 4417.173 ms batch [59.414] delay 2.354 ms
INFO: at 4417.173 ms fetching 59.414 ms
INFO: at 4420.586 ms batch [70.671] delay 2.354 ms
INFO: at 4420.586 ms fetching 70.671 ms
INFO: at 4424.049 ms batch [51.048] delay 2.354 ms
INFO: at 4424.049 ms fetching 51.048 ms
INFO: at 4426.535 ms batch [66.038] delay 2.354 ms
INFO: at 4426.535 ms fetching 66.038 ms
INFO: at 4429.992 ms batch [84.893] delay 2.354 ms
INFO: at 4429.992 ms fetching 84.893 ms
INFO: at 4432.482 ms batch [54.250] delay 30.179 ms
INFO: at 4432.482 ms fetching 54.250 ms
INFO: at 4462.954 ms batch [51.933] delay 30.179 ms
INFO: at 4462.954 ms fetching 51.933 ms
INFO: at 4493.393 ms batch [66.029] delay 30.179 ms
INFO: at 4493.393 ms fetching 66.029 ms
INFO: at 4523.931 ms batch [72.249] delay 30.179 ms
INFO: at 4523.931 ms fetching 72.249 ms
INFO: at 4554.517 ms batch [52.429] delay 30.179 ms
INFO: at 4554.517 ms fetching 52.429 ms
INFO: at 4584.979 ms batch [45.254] delay 30.179 ms
INFO: at 4584.979 ms fetching 45.254 ms
INFO: at 4615.395 ms batch [69.991] delay 30.179 ms
INFO: at 4615.395 ms fetching 69.991 ms
INFO: at 4645.816 ms batch [73.923] delay 30.179 ms
INFO: at 4645.816 ms fetching 73.923 ms
INFO: at 4676.352 ms batch [59.406] delay 30.179 ms
INFO: at 4676.352 ms fetching 59.406 ms
INFO: at 4708.121 ms batch [57.678] delay 30.179 ms
INFO: at 4708.121 ms fetching 57.678 ms
INFO: at 4738.529 ms batch [86.100] delay 41.330 ms
INFO: at 4738.529 ms fetching 86.100 ms
INFO: at 4780.881 ms batch [52.433] delay 41.330 ms
INFO: at 4780.881 ms fetching 52.433 ms
INFO: at 4823.269 ms batch [69.652] delay 41.330 ms
INFO: at 4823.269 ms fetching 69.652 ms
INFO: at 4865.610 ms batch [85.470] delay 41.330 ms
INFO: at 4865.610 ms fetching 85.470 ms
INFO: at 4907.360 ms batch [80.970] delay 41.330 ms
INFO: at 4907.360 ms fetching 80.970 ms
INFO: at 4948.891 ms batch [68.304] delay 41.330 ms
INFO: at 4948.891 ms fetching 68.304 ms
INFO: at 4991.222 ms batch [63.403] delay 41.330 ms
INFO: at 4991.222 ms fetching 63.403 ms
INFO: at 5033.542 ms batch [59.357] delay 41.330 ms
INFO: at 5033.542 ms fetching 59.357 ms
INFO: at 5075.868 ms batch [47.756] delay 41.330 ms
INFO: at 5075.868 ms fetching 47.756 ms
INFO: at 5117.891 ms batch [67.859] delay 41.330 ms
INFO: at 5117.891 ms fetching 67.859 ms
INFO: at 5160.254 ms batch [90.504] delay 96.335 ms
INFO: at 5160.254 ms fetching 90.504 ms
INFO: at 5257.645 ms batch [71.461] delay 96.335 ms
INFO: at 5257.645 ms fetching 71.461 ms
INFO: at 5354.150 ms batch [65.951] delay 96.335 ms
INFO: at 5354.150 ms fetching 65.951 ms
INFO: at 5450.786 ms batch [62.078] delay 96.335 ms
INFO: at 5450.786 ms fetching 62.078 ms
INFO: at 5547.549 ms batch [55.141] delay 96.335 ms
INFO: at 5547.549 ms fetching 55.141 ms
INFO: at 5644.028 ms batch [63.442] delay 96.335 ms
INFO: at 5644.028 ms fetching 63.442 ms
INFO: at 5741.096 ms batch [52.439] delay 96.335 ms
INFO: at 5741.096 ms fetching 52.439 ms
INFO: at 5838.379 ms batch [118.416] delay 96.335 ms
INFO: at 5838.379 ms fetching 118.416 ms
INFO: at 5935.852 ms batch [83.819] delay 96.335 ms
INFO: at 5935.852 ms fetching 83.819 ms
INFO: at 6032.366 ms batch [78.030] delay 96.335 ms
INFO: at 6032.366 ms fetching 78.030 ms
INFO: at 6129.583 ms batch [60.204] delay 111.428 ms
INFO: at 6129.583 ms fetching 60.204 ms
INFO: at 6241.137 ms batch [80.528] delay 111.428 ms
INFO: at 6241.137 ms fetching 80.528 ms
INFO: at 6353.268 ms batch [59.846] delay 111.428 ms
INFO: at 6353.268 ms fetching 59.846 ms
INFO: at 6464.820 ms batch [59.922] delay 111.428 ms
INFO: at 6464.820 ms fetching 59.922 ms
INFO: at 6576.805 ms batch [64.854] delay 111.428 ms
INFO: at 6576.805 ms fetching 64.854 ms
INFO: at 6688.397 ms batch [65.567] delay 111.428 ms
INFO: at 6688.397 ms fetching 65.567 ms
INFO: at 6800.391 ms batch [49.084] delay 111.428 ms
INFO: at 6800.391 ms fetching 49.084 ms
INFO: at 6912.345 ms batch [58.071] delay 111.428 ms
INFO: at 6912.345 ms fetching 58.071 ms
INFO: at 7024.026 ms batch [54.313] delay 111.428 ms
INFO: at 7024.026 ms fetching 54.313 ms
INFO: at 7135.963 ms batch [55.044] delay 111.428 ms
INFO: at 7135.963 ms fetching 55.044 ms
INFO: at 7248.235 ms batch [48.768] delay 8.713 ms
INFO: at 7248.235 ms fetching 48.768 ms
INFO: at 7258.529 ms batch [65.401] delay 8.713 ms
INFO: at 7258.529 ms fetching 65.401 ms
INFO: at 7268.820 ms batch [84.991] delay 8.713 ms
INFO: at 7268.820 ms fetching 84.991 ms
INFO: at 7279.110 ms batch [77.780] delay 8.713 ms
INFO: at 7279.110 ms fetching 77.780 ms
INFO: at 7289.405 ms batch [82.607] delay 8.713 ms
INFO: at 7289.405 ms fetching 82.607 ms
INFO: at 7299.701 ms batch [57.321] delay 8.713 ms
INFO: at 7299.701 ms fetching 57.321 ms
INFO: at 7308.559 ms batch [69.866] delay 8.713 ms
INFO: at 7308.559 ms fetching 69.866 ms
INFO: at 7318.864 ms batch [47.600] delay 8.713 ms
INFO: at 7318.864 ms fetching 47.600 ms
INFO: at 7329.235 ms batch [69.503] delay 8.713 ms
INFO: at 7329.235 ms fetching 69.503 ms
INFO: at 7339.539 ms batch [74.050] delay 8.713 ms
INFO: at 7339.539 ms fetching 74.050 ms
INFO: at 7349.884 ms batch [70.619] delay 115.408 ms
INFO: at 7349.884 ms fetching 70.619 ms
INFO: at 7466.379 ms batch [81.460] delay 115.408 ms
INFO: at 7466.379 ms fetching 81.460 ms
INFO: at 7582.915 ms batch [57.044] delay 115.408 ms
INFO: at 7582.915 ms fetching 57.044 ms
INFO: at 7698.962 ms batch [51.772] delay 115.408 ms
INFO: at 7698.962 ms fetching 51.772 ms
INFO: at 7814.700 ms batch [62.488] delay 115.408 ms
INFO: at 7814.700 ms fetching 62.488 ms
INFO: at 7930.239 ms batch [55.273] delay 115.408 ms
INFO: at 7930.239 ms fetching 55.273 ms
INFO: at 8046.002 ms batch [73.685] delay 115.408 ms
INFO: at 8046.002 ms fetching 73.685 ms
INFO: at 8162.109 ms batch [76.609] delay 115.408 ms
INFO: at 8162.109 ms fetching 76.609 ms
INFO: at 8278.350 ms batch [62.943] delay 115.408 ms
INFO: at 8278.350 ms fetching 62.943 ms
INFO: at 8393.940 ms batch [58.963] delay 115.408 ms
INFO: at 8393.940 ms fetching 58.963 ms
INFO: at 8510.177 ms batch [71.606] delay 166.386 ms
INFO: at 8510.177 ms fetching 71.606 ms
INFO: at 8677.649 ms batch [61.894] delay 166.386 ms
INFO: at 8677.649 ms fetching 61.894 ms
INFO: at 8844.280 ms batch [53.714] delay 166.386 ms
INFO: at 8844.280 ms fetching 53.714 ms
INFO: at 9011.295 ms batch [60.086] delay 166.386 ms
INFO: at 9011.295 ms fetching 60.086 ms
INFO: at 9178.031 ms batch [71.741] delay 166.386 ms
INFO: at 9178.031 ms fetching 71.741 ms
INFO: at 9344.891 ms batch [75.333] delay 166.386 ms
INFO: at 9344.891 ms fetching 75.333 ms
INFO: at 9512.103 ms batch [52.429] delay 166.386 ms
INFO: at 9512.103 ms fetching 52.429 ms
INFO: at 9679.212 ms batch [52.337] delay 166.386 ms
INFO: at 9679.212 ms fetching 52.337 ms
INFO: at 9846.034 ms batch [63.888] delay 166.386 ms
INFO: at 9846.034 ms fetching 63.888 ms
INFO: at 10013.530 ms batch [102.314] delay 166.386 ms
INFO: at 10013.530 ms fetching 102.314 ms
INFO: at 10180.998 ms batch [56.929] delay 3.526 ms
INFO: at 10180.998 ms fetching 56.929 ms
INFO: at 10185.387 ms batch [57.917] delay 3.526 ms
INFO: at 10185.387 ms fetching 57.917 ms
INFO: at 10189.661 ms batch [78.327] delay 3.526 ms
INFO: at 10189.661 ms fetching 78.327 ms
INFO: at 10193.961 ms batch [81.228] delay 3.526 ms
INFO: at 10193.961 ms fetching 81.228 ms
INFO: at 10198.269 ms batch [64.832] delay 3.526 ms
INFO: at 10198.269 ms fetching 64.832 ms
INFO: at 10202.602 ms batch [74.511] delay 3.526 ms
INFO: at 10202.602 ms fetching 74.511 ms
INFO: at 10206.923 ms batch [52.199] delay 3.526 ms
INFO: at 10206.923 ms fetching 52.199 ms
INFO: at 10211.240 ms batch [81.673] delay 3.526 ms
INFO: at 10211.240 ms fetching 81.673 ms
INFO: at 10215.556 ms batch [53.774] delay 3.526 ms
INFO: at 10215.556 ms fetching 53.774 ms
INFO: at 10219.947 ms batch [67.009] delay 3.526 ms
INFO: at 10219.947 ms fetching 67.009 ms
INFO: at 10224.403 ms batch [62.756] delay 72.414 ms
INFO: at 10224.403 ms fetching 62.756 ms
INFO: at 10297.888 ms batch [60.824] delay 72.414 ms
INFO: at 10297.888 ms fetching 60.824 ms
INFO: at 10371.221 ms batch [56.538] delay 72.414 ms
INFO: at 10371.221 ms fetching 56.538 ms
INFO: at 10444.642 ms batch [50.178] delay 72.414 ms
INFO: at 10444.642 ms fetching 50.178 ms
INFO: at 10517.813 ms batch [85.135] delay 72.414 ms
INFO: at 10517.813 ms fetching 85.135 ms
INFO: at 10591.167 ms batch [72.169] delay 72.414 ms
INFO: at 10591.167 ms fetching 72.169 ms
INFO: at 10664.300 ms batch [104.949] delay 72.414 ms
INFO: at 10664.300 ms fetching 104.949 ms
INFO: at 10738.623 ms batch [67.946] delay 72.414 ms
INFO: at 10738.623 ms fetching 67.946 ms
INFO: at 10812.109 ms batch [60.366] delay 72.414 ms
INFO: at 10812.109 ms fetching 60.366 ms
INFO: at 10886.398 ms batch [74.452] delay 72.414 ms
INFO: at 10886.398 ms fetching 74.452 ms
INFO: at 10959.060 ms batch [88.007] delay 292.387 ms
INFO: at 10959.060 ms fetching 88.007 ms
INFO: at 11251.683 ms batch [61.209] delay 292.387 ms
INFO: at 11251.683 ms fetching 61.209 ms
INFO: at 11544.747 ms batch [53.739] delay 292.387 ms
INFO: at 11544.747 ms fetching 53.739 ms
INFO: at 11838.320 ms batch [70.522] delay 292.387 ms
INFO: at 11838.320 ms fetching 70.522 ms
INFO: at 12131.426 ms batch [72.463] delay 292.387 ms
INFO: at 12131.426 ms fetching 72.463 ms
INFO: at 12424.330 ms batch [96.809] delay 292.387 ms
INFO: at 12424.330 ms fetching 96.809 ms
INFO: at 12717.750 ms batch [60.683] delay 292.387 ms
INFO: at 12717.750 ms fetching 60.683 ms
INFO: at 13011.192 ms batch [60.218] delay 292.387 ms
INFO: at 13011.192 ms fetching 60.218 ms
INFO: at 13304.058 ms batch [52.181] delay 292.387 ms
INFO: at 13304.058 ms fetching 52.181 ms
INFO: at 13597.059 ms batch [62.059] delay 292.387 ms
INFO: at 13597.059 ms fetching 62.059 ms
INFO: at 13890.098 ms batch [71.260] delay 495.003 ms
INFO: at 13890.098 ms fetching 71.260 ms
INFO: at 14385.640 ms batch [69.819] delay 495.003 ms
INFO: at 14385.640 ms fetching 69.819 ms
INFO: at 14881.858 ms batch [62.481] delay 495.003 ms
INFO: at 14881.858 ms fetching 62.481 ms
INFO: at 15378.175 ms batch [75.992] delay 495.003 ms
INFO: at 15378.175 ms fetching 75.992 ms
INFO: at 15875.280 ms batch [51.965] delay 495.003 ms
INFO: at 15875.280 ms fetching 51.965 ms
INFO: at 16371.616 ms batch [55.517] delay 495.003 ms
INFO: at 16371.616 ms fetching 55.517 ms
INFO: at 16867.620 ms batch [53.818] delay 495.003 ms
INFO: at 16867.620 ms fetching 53.818 ms
INFO: at 17363.511 ms batch [57.368] delay 495.003 ms
INFO: at 17363.511 ms fetching 57.368 ms
INFO: at 17859.910 ms batch [104.280] delay 495.003 ms
INFO: at 17859.910 ms fetching 104.280 ms
INFO: at 18356.147 ms batch [85.341] delay 495.003 ms
INFO: at 18356.147 ms fetching 85.341 ms
INFO: at 18852.487 ms batch [54.021] delay 9.692 ms
INFO: at 18852.487 ms fetching 54.021 ms
INFO: at 18862.778 ms batch [61.795] delay 9.692 ms
INFO: at 18862.778 ms fetching 61.795 ms
INFO: at 18873.065 ms batch [73.648] delay 9.692 ms
INFO: at 18873.065 ms fetching 73.648 ms
INFO: at 18883.356 ms batch [56.870] delay 9.692 ms
INFO: at 18883.356 ms fetching 56.870 ms
INFO: at 18893.660 ms batch [57.643] delay 9.692 ms
INFO: at 18893.660 ms fetching 57.643 ms
INFO: at 18903.962 ms batch [78.852] delay 9.692 ms
INFO: at 18903.962 ms fetching 78.852 ms
INFO: at 18914.451 ms batch [47.166] delay 9.692 ms
INFO: at 18914.451 ms fetching 47.166 ms
INFO: at 18924.747 ms batch [78.941] delay 9.692 ms
INFO: at 18924.747 ms fetching 78.941 ms
INFO: at 18935.053 ms batch [55.661] delay 9.692 ms
INFO: at 18935.053 ms fetching 55.661 ms
INFO: at 18945.354 ms batch [51.812] delay 9.692 ms
INFO: at 18945.354 ms fetching 51.812 ms
INFO: at 18955.670 ms batch [67.804] delay 266.529 ms
INFO: at 18955.670 ms fetching 67.804 ms
INFO: at 19222.407 ms batch [65.950] delay 266.529 ms
INFO: at 19222.407 ms fetching 65.950 ms
INFO: at 19489.765 ms batch [47.646] delay 266.529 ms
INFO: at 19489.765 ms fetching 47.646 ms
INFO: at 19757.100 ms batch [55.808] delay 266.529 ms
INFO: at 19757.100 ms fetching 55.808 ms
INFO: at 20025.650 ms batch [95.659] delay 266.529 ms
INFO: at 20025.650 ms fetching 95.659 ms
INFO: at 20292.694 ms batch [56.322] delay 266.529 ms
INFO: at 20292.694 ms fetching 56.322 ms
INFO: at 20559.625 ms batch [46.002] delay 266.529 ms
INFO: at 20559.625 ms fetching 46.002 ms
INFO: at 20826.835 ms batch [50.803] delay 266.529 ms
INFO: at 20826.835 ms fetching 50.803 ms
INFO: at 21094.273 ms batch [63.964] delay 266.529 ms
INFO: at 21094.273 ms fetching 63.964 ms
INFO: at 21361.918 ms batch [69.852] delay 266.529 ms
INFO: at 21361.918 ms fetching 69.852 ms
INFO: at 21628.916 ms batch [78.497] delay 16.024 ms
INFO: at 21628.916 ms fetching 78.497 ms
INFO: at 21645.209 ms batch [59.436] delay 16.024 ms
INFO: at 21645.209 ms fetching 59.436 ms
INFO: at 21661.499 ms batch [64.446] delay 16.024 ms
INFO: at 21661.499 ms fetching 64.446 ms
INFO: at 21677.794 ms batch [67.123] delay 16.024 ms
INFO: at 21677.794 ms fetching 67.123 ms
INFO: at 21694.091 ms batch [57.605] delay 16.024 ms
INFO: at 21694.091 ms fetching 57.605 ms
INFO: at 21710.441 ms batch [69.154] delay 16.024 ms
INFO: at 21710.441 ms fetching 69.154 ms
INFO: at 21728.117 ms batch [60.899] delay 16.024 ms
INFO: at 21728.117 ms fetching 60.899 ms
INFO: at 21744.432 ms batch [60.202] delay 16.024 ms
INFO: at 21744.432 ms fetching 60.202 ms
INFO: at 21760.738 ms batch [52.680] delay 16.024 ms
INFO: at 21760.738 ms fetching 52.680 ms
INFO: at 21777.042 ms batch [66.020] delay 16.024 ms
INFO: at 21777.042 ms fetching 66.020 ms
INFO: at 21793.357 ms batch [77.041] delay 231.841 ms
INFO: at 21793.357 ms fetching 77.041 ms
INFO: at 22026.253 ms batch [65.940] delay 231.841 ms
INFO: at 22026.253 ms fetching 65.940 ms
INFO: at 22258.437 ms batch [50.994] delay 231.841 ms
INFO: at 22258.437 ms fetching 50.994 ms
INFO: at 22491.762 ms batch [64.796] delay 231.841 ms
INFO: at 22491.762 ms fetching 64.796 ms
INFO: at 22724.093 ms batch [63.856] delay 231.841 ms
INFO: at 22724.093 ms fetching 63.856 ms
INFO: at 22956.424 ms batch [52.526] delay 231.841 ms
INFO: at 22956.424 ms fetching 52.526 ms
INFO: at 23190.434 ms batch [52.818] delay 231.841 ms
INFO: at 23190.434 ms fetching 52.818 ms
INFO: at 23423.245 ms batch [57.197] delay 231.841 ms
INFO: at 23423.245 ms fetching 57.197 ms
INFO: at 23655.938 ms batch [81.533] delay 231.841 ms
INFO: at 23655.938 ms fetching 81.533 ms
INFO: at 23889.180 ms batch [52.734] delay 231.841 ms
INFO: at 23889.180 ms fetching 52.734 ms
INFO: at 24121.559 ms batch [58.200] delay 63.330 ms
INFO: at 24121.559 ms fetching 58.200 ms
INFO: at 24185.870 ms batch [55.825] delay 63.330 ms
INFO: at 24185.870 ms fetching 55.825 ms
INFO: at 24249.429 ms batch [82.005] delay 63.330 ms
INFO: at 24249.429 ms fetching 82.005 ms
INFO: at 24313.739 ms batch [67.730] delay 63.330 ms
INFO: at 24313.739 ms fetching 67.730 ms
INFO: at 24378.098 ms batch [69.911] delay 63.330 ms
INFO: at 24378.098 ms fetching 69.911 ms
INFO: at 24443.014 ms batch [92.676] delay 63.330 ms
INFO: at 24443.014 ms fetching 92.676 ms
INFO: at 24507.099 ms batch [68.526] delay 63.330 ms
INFO: at 24507.099 ms fetching 68.526 ms
INFO: at 24570.893 ms batch [53.804] delay 63.330 ms
INFO: at 24570.893 ms fetching 53.804 ms
INFO: at 24635.222 ms batch [68.906] delay 63.330 ms
INFO: at 24635.222 ms fetching 68.906 ms
INFO: at 24699.510 ms batch [60.870] delay 63.330 ms
INFO: at 24699.510 ms fetching 60.870 ms
INFO: at 24763.598 ms batch [49.536] delay 15.807 ms
INFO: at 24763.598 ms fetching 49.536 ms
INFO: at 24780.023 ms batch [49.282] delay 15.807 ms
INFO: at 24780.023 ms fetching 49.282 ms
INFO: at 24796.405 ms batch [61.842] delay 15.807 ms
INFO: at 24796.405 ms fetching 61.842 ms
INFO: at 24812.699 ms batch [64.622] delay 15.807 ms
INFO: at 24812.699 ms fetching 64.622 ms
INFO: at 24828.630 ms batch [81.831] delay 15.807 ms
INFO: at 24828.630 ms fetching 81.831 ms
INFO: at 24844.920 ms batch [122.789] delay 15.807 ms
INFO: at 24844.920 ms fetching 122.789 ms
INFO: at 24861.221 ms batch [56.861] delay 15.807 ms
INFO: at 24861.221 ms fetching 56.861 ms
INFO: at 24877.526 ms batch [103.168] delay 15.807 ms
INFO: at 24877.526 ms fetching 103.168 ms
INFO: at 24893.829 ms batch [49.974] delay 15.807 ms
INFO: at 24893.829 ms fetching 49.974 ms
INFO: at 24910.143 ms batch [62.253] delay 15.807 ms
INFO: at 24910.143 ms fetching 62.253 ms
INFO: at 24926.611 ms batch [86.082] delay 52.623 ms
INFO: at 24926.611 ms fetching 86.082 ms
INFO: at 24980.056 ms batch [60.327] delay 52.623 ms
INFO: at 24980.056 ms fetching 60.327 ms
INFO: at 25033.502 ms batch [68.966] delay 52.623 ms
INFO: at 25033.502 ms fetching 68.966 ms
INFO: at 25086.839 ms batch [66.860] delay 52.623 ms
INFO: at 25086.839 ms fetching 66.860 ms
INFO: at 25140.294 ms batch [84.257] delay 52.623 ms
INFO: at 25140.294 ms fetching 84.257 ms
INFO: at 25193.742 ms batch [53.910] delay 52.623 ms
INFO: at 25193.742 ms fetching 53.910 ms
INFO: at 25247.187 ms batch [55.647] delay 52.623 ms
INFO: at 25247.187 ms fetching 55.647 ms
INFO: at 25300.306 ms batch [81.951] delay 52.623 ms
INFO: at 25300.306 ms fetching 81.951 ms
INFO: at 25353.624 ms batch [88.525] delay 52.623 ms
INFO: at 25353.624 ms fetching 88.525 ms
INFO: at 25406.973 ms batch [58.467] delay 52.623 ms
INFO: at 25406.973 ms fetching 58.467 ms
INFO: at 25460.281 ms batch [82.348] delay 271.059 ms
INFO: at 25460.281 ms fetching 82.348 ms
INFO: at 25732.147 ms batch [63.342] delay 271.059 ms
INFO: at 25732.147 ms fetching 63.342 ms
INFO: at 26003.723 ms batch [65.593] delay 271.059 ms
INFO: at 26003.723 ms fetching 65.593 ms
INFO: at 26275.329 ms batch [65.556] delay 271.059 ms
INFO: at 26275.329 ms fetching 65.556 ms
INFO: at 26547.628 ms batch [53.305] delay 271.059 ms
INFO: at 26547.628 ms fetching 53.305 ms
INFO: at 26819.241 ms batch [57.944] delay 271.059 ms
INFO: at 26819.241 ms fetching 57.944 ms
INFO: at 27091.712 ms batch [64.841] delay 271.059 ms
INFO: at 27091.712 ms fetching 64.841 ms
INFO: at 27363.777 ms batch [48.617] delay 271.059 ms
INFO: at 27363.777 ms fetching 48.617 ms
INFO: at 27635.929 ms batch [66.911] delay 271.059 ms
INFO: at 27635.929 ms fetching 66.911 ms
INFO: at 27907.260 ms batch [56.990] delay 271.059 ms
INFO: at 27907.260 ms fetching 56.990 ms
INFO: at 28179.783 ms batch [68.578] delay 74.981 ms
INFO: at 28179.783 ms fetching 68.578 ms
INFO: at 28255.223 ms batch [71.914] delay 74.981 ms
INFO: at 28255.223 ms fetching 71.914 ms
INFO: at 28330.564 ms batch [70.551] delay 74.981 ms
INFO: at 28330.564 ms fetching 70.551 ms
INFO: at 28406.571 ms batch [88.374] delay 74.981 ms
INFO: at 28406.571 ms fetching 88.374 ms
INFO: at 28482.271 ms batch [77.186] delay 74.981 ms
INFO: at 28482.271 ms fetching 77.186 ms
INFO: at 28557.459 ms batch [57.006] delay 74.981 ms
INFO: at 28557.459 ms fetching 57.006 ms
INFO: at 28632.890 ms batch [67.067] delay 74.981 ms
INFO: at 28632.890 ms fetching 67.067 ms
INFO: at 28708.099 ms batch [79.703] delay 74.981 ms
INFO: at 28708.099 ms fetching 79.703 ms
INFO: at 28783.569 ms batch [57.693] delay 74.981 ms
INFO: at 28783.569 ms fetching 57.693 ms
INFO: at 28859.514 ms batch [57.657] delay 74.981 ms
INFO: at 28859.514 ms fetching 57.657 ms
INFO: at 28935.017 ms batch [60.310] delay 42.962 ms
INFO: at 28935.017 ms fetching 60.310 ms
INFO: at 28978.308 ms batch [84.077] delay 42.962 ms
INFO: at 28978.308 ms fetching 84.077 ms
INFO: at 29021.778 ms batch [86.561] delay 42.962 ms
INFO: at 29021.778 ms fetching 86.561 ms
INFO: at 29065.069 ms batch [74.997] delay 42.962 ms
INFO: at 29065.069 ms fetching 74.997 ms
INFO: at 29109.018 ms batch [69.598] delay 42.962 ms
INFO: at 29109.018 ms fetching 69.598 ms
INFO: at 29152.416 ms batch [57.396] delay 42.962 ms
INFO: at 29152.416 ms fetching 57.396 ms
INFO: at 29195.717 ms batch [82.809] delay 42.962 ms
INFO: at 29195.717 ms fetching 82.809 ms
INFO: at 29239.186 ms batch [66.760] delay 42.962 ms
INFO: at 29239.186 ms fetching 66.760 ms
INFO: at 29282.604 ms batch [57.726] delay 42.962 ms
INFO: at 29282.604 ms fetching 57.726 ms
INFO: at 29325.735 ms batch [68.100] delay 42.962 ms
INFO: at 29325.735 ms fetching 68.100 ms
INFO: at 29369.053 ms batch [81.465] delay 72.195 ms
INFO: at 29369.053 ms fetching 81.465 ms
INFO: at 29442.075 ms batch [54.180] delay 72.195 ms
INFO: at 29442.075 ms fetching 54.180 ms
INFO: at 29515.421 ms batch [67.122] delay 72.195 ms
INFO: at 29515.421 ms fetching 67.122 ms
INFO: at 29588.403 ms batch [63.218] delay 72.195 ms
INFO: at 29588.403 ms fetching 63.218 ms
INFO: at 29660.926 ms batch [76.078] delay 72.195 ms
INFO: at 29660.926 ms fetching 76.078 ms
INFO: at 29733.860 ms batch [65.054] delay 72.195 ms
INFO: at 29733.860 ms fetching 65.054 ms
INFO: at 29807.124 ms batch [74.822] delay 72.195 ms
INFO: at 29807.124 ms fetching 74.822 ms
INFO: at 29880.308 ms batch [57.935] delay 72.195 ms
INFO: at 29880.308 ms fetching 57.935 ms
INFO: at 29953.304 ms batch [53.980] delay 72.195 ms
INFO: at 29953.304 ms fetching 53.980 ms
INFO: at 30026.474 ms batch [52.610] delay 72.195 ms
INFO: at 30026.474 ms fetching 52.610 ms
INFO: at 30100.506 ms batch [64.190] delay 34.221 ms
INFO: at 30100.506 ms fetching 64.190 ms
INFO: at 30135.795 ms batch [95.583] delay 34.221 ms
INFO: at 30135.795 ms fetching 95.583 ms
INFO: at 30171.091 ms batch [51.903] delay 34.221 ms
INFO: at 30171.091 ms fetching 51.903 ms
INFO: at 30205.442 ms batch [67.883] delay 34.221 ms
INFO: at 30205.442 ms fetching 67.883 ms
INFO: at 30240.762 ms batch [81.990] delay 34.221 ms
INFO: at 30240.762 ms fetching 81.990 ms
INFO: at 30275.373 ms batch [68.192] delay 34.221 ms
INFO: at 30275.373 ms fetching 68.192 ms
INFO: at 30309.721 ms batch [74.288] delay 34.221 ms
INFO: at 30309.721 ms fetching 74.288 ms
INFO: at 30345.040 ms batch [79.228] delay 34.221 ms
INFO: at 30345.040 ms fetching 79.228 ms
INFO: at 30379.446 ms batch [53.747] delay 34.221 ms
INFO: at 30379.446 ms fetching 53.747 ms
INFO: at 30414.274 ms batch [64.003] delay 34.221 ms
INFO: at 30414.274 ms fetching 64.003 ms
INFO: at 30449.571 ms batch [55.983] delay 43.031 ms
INFO: at 30449.571 ms fetching 55.983 ms
INFO: at 30492.879 ms batch [51.443] delay 43.031 ms
INFO: at 30492.879 ms fetching 51.443 ms
INFO: at 30536.183 ms batch [59.847] delay 43.031 ms
INFO: at 30536.183 ms fetching 59.847 ms
INFO: at 30580.863 ms batch [60.225] delay 43.031 ms
INFO: at 30580.863 ms fetching 60.225 ms
INFO: at 30624.299 ms batch [84.922] delay 43.031 ms
INFO: at 30624.299 ms fetching 84.922 ms
INFO: at 30667.759 ms batch [54.810] delay 43.031 ms
INFO: at 30667.759 ms fetching 54.810 ms
INFO: at 30710.919 ms batch [63.514] delay 43.031 ms
INFO: at 30710.919 ms fetching 63.514 ms
INFO: at 30754.220 ms batch [56.422] delay 43.031 ms
INFO: at 30754.220 ms fetching 56.422 ms
INFO: at 30797.539 ms batch [55.108] delay 43.031 ms
INFO: at 30797.539 ms fetching 55.108 ms
INFO: at 30841.522 ms batch [51.418] delay 43.031 ms
INFO: at 30841.522 ms fetching 51.418 ms
INFO: at 30884.852 ms batch [69.246] delay 33.493 ms
INFO: at 30884.852 ms fetching 69.246 ms
INFO: at 30919.156 ms batch [68.291] delay 33.493 ms
INFO: at 30919.156 ms fetching 68.291 ms
INFO: at 30953.832 ms batch [58.026] delay 33.493 ms
INFO: at 30953.832 ms fetching 58.026 ms
INFO: at 30988.173 ms batch [61.203] delay 33.493 ms
INFO: at 30988.173 ms fetching 61.203 ms
INFO: at 31022.640 ms batch [56.653] delay 33.493 ms
INFO: at 31022.640 ms fetching 56.653 ms
INFO: at 31056.609 ms batch [54.051] delay 33.493 ms
INFO: at 31056.609 ms fetching 54.051 ms
INFO: at 31090.928 ms batch [80.276] delay 33.493 ms
INFO: at 31090.928 ms fetching 80.276 ms
INFO: at 31125.314 ms batch [66.268] delay 33.493 ms
INFO: at 31125.314 ms fetching 66.268 ms
INFO: at 31159.148 ms batch [52.413] delay 33.493 ms
INFO: at 31159.148 ms fetching 52.413 ms
INFO: at 31193.461 ms batch [64.313] delay 33.493 ms
INFO: at 31193.461 ms fetching 64.313 ms
INFO: at 31227.533 ms batch [61.711] delay 58.651 ms
INFO: at 31227.533 ms fetching 61.711 ms
INFO: at 31287.971 ms batch [60.027] delay 58.651 ms
INFO: at 31287.971 ms fetching 60.027 ms
INFO: at 31347.218 ms batch [80.769] delay 58.651 ms
INFO: at 31347.218 ms fetching 80.769 ms
INFO: at 31406.875 ms batch [66.370] delay 58.651 ms
INFO: at 31406.875 ms fetching 66.370 ms
INFO: at 31467.215 ms batch [51.545] delay 58.651 ms
INFO: at 31467.215 ms fetching 51.545 ms
INFO: at 31526.015 ms batch [81.553] delay 58.651 ms
INFO: at 31526.015 ms fetching 81.553 ms
INFO: at 31586.484 ms batch [60.092] delay 58.651 ms
INFO: at 31586.484 ms fetching 60.092 ms
INFO: at 31645.358 ms batch [86.701] delay 58.651 ms
INFO: at 31645.358 ms fetching 86.701 ms
INFO: at 31704.841 ms batch [55.720] delay 58.651 ms
INFO: at 31704.841 ms fetching 55.720 ms
INFO: at 31765.150 ms batch [84.984] delay 58.651 ms
INFO: at 31765.150 ms fetching 84.984 ms
INFO: at 31824.075 ms batch [55.148] delay 75.196 ms
INFO: at 31824.075 ms fetching 55.148 ms
INFO: at 31899.404 ms batch [49.641] delay 75.196 ms
INFO: at 31899.404 ms fetching 49.641 ms
INFO: at 31975.273 ms batch [67.606] delay 75.196 ms
INFO: at 31975.273 ms fetching 67.606 ms
INFO: at 32051.693 ms batch [78.038] delay 75.196 ms
INFO: at 32051.693 ms fetching 78.038 ms
INFO: at 32127.144 ms batch [51.114] delay 75.196 ms
INFO: at 32127.144 ms fetching 51.114 ms
INFO: at 32202.544 ms batch [111.749] delay 75.196 ms
INFO: at 32202.544 ms fetching 111.749 ms
INFO: at 32277.981 ms batch [53.954] delay 75.196 ms
INFO: at 32277.981 ms fetching 53.954 ms
INFO: at 32353.849 ms batch [69.199] delay 75.196 ms
INFO: at 32353.849 ms fetching 69.199 ms
INFO: at 32429.929 ms batch [49.448] delay 75.196 ms
INFO: at 32429.929 ms fetching 49.448 ms
INFO: at 32505.779 ms batch [77.456] delay 75.196 ms
INFO: at 32505.779 ms fetching 77.456 ms
INFO: at 32582.100 ms batch [55.863] delay 42.585 ms
INFO: at 32582.100 ms fetching 55.863 ms
INFO: at 32626.744 ms batch [75.607] delay 42.585 ms
INFO: at 32626.744 ms fetching 75.607 ms
INFO: at 32669.807 ms batch [60.250] delay 42.585 ms
INFO: at 32669.807 ms fetching 60.250 ms
INFO: at 32713.096 ms batch [77.206] delay 42.585 ms
INFO: at 32713.096 ms fetching 77.206 ms
INFO: at 32756.529 ms batch [79.047] delay 42.585 ms
INFO: at 32756.529 ms fetching 79.047 ms
INFO: at 32799.820 ms batch [66.943] delay 42.585 ms
INFO: at 32799.820 ms fetching 66.943 ms
INFO: at 32843.476 ms batch [56.588] delay 42.585 ms
INFO: at 32843.476 ms fetching 56.588 ms
INFO: at 32886.894 ms batch [78.069] delay 42.585 ms
INFO: at 32886.894 ms fetching 78.069 ms
INFO: at 32930.518 ms batch [68.970] delay 42.585 ms
INFO: at 32930.518 ms fetching 68.970 ms
INFO: at 32973.812 ms batch [53.211] delay 42.585 ms
INFO: at 32973.812 ms fetching 53.211 ms
INFO: at 33017.113 ms batch [96.529] delay 167.526 ms
INFO: at 33017.113 ms fetching 96.529 ms
INFO: at 33185.133 ms batch [74.153] delay 167.526 ms
INFO: at 33185.133 ms fetching 74.153 ms
INFO: at 33353.090 ms batch [84.654] delay 167.526 ms
INFO: at 33353.090 ms fetching 84.654 ms
INFO: at 33520.804 ms batch [40.698] delay 167.526 ms
INFO: at 33520.804 ms fetching 40.698 ms
INFO: at 33689.092 ms batch [60.079] delay 167.526 ms
INFO: at 33689.092 ms fetching 60.079 ms
INFO: at 33857.249 ms batch [69.926] delay 167.526 ms
INFO: at 33857.249 ms fetching 69.926 ms
INFO: at 34025.735 ms batch [112.966] delay 167.526 ms
INFO: at 34025.735 ms fetching 112.966 ms
INFO: at 34194.319 ms batch [65.562] delay 167.526 ms
INFO: at 34194.319 ms fetching 65.562 ms
INFO: at 34362.733 ms batch [69.013] delay 167.526 ms
INFO: at 34362.733 ms fetching 69.013 ms
INFO: at 34530.676 ms batch [62.783] delay 167.526 ms
INFO: at 34530.676 ms fetching 62.783 ms
INFO: at 34699.294 ms batch [66.419] delay 176.194 ms
INFO: at 34699.294 ms fetching 66.419 ms
INFO: at 34875.825 ms batch [96.037] delay 176.194 ms
INFO: at 34875.825 ms fetching 96.037 ms
INFO: at 35053.216 ms batch [47.618] delay 176.194 ms
INFO: at 35053.216 ms fetching 47.618 ms
INFO: at 35229.956 ms batch [62.364] delay 176.194 ms
INFO: at 35229.956 ms fetching 62.364 ms
INFO: at 35407.247 ms batch [76.118] delay 176.194 ms
INFO: at 35407.247 ms fetching 76.118 ms
INFO: at 35584.113 ms batch [69.980] delay 176.194 ms
INFO: at 35584.113 ms fetching 69.980 ms
INFO: at 35760.705 ms batch [59.120] delay 176.194 ms
INFO: at 35760.705 ms fetching 59.120 ms
INFO: at 35937.808 ms batch [80.270] delay 176.194 ms
INFO: at 35937.808 ms fetching 80.270 ms
INFO: at 36114.632 ms batch [60.465] delay 176.194 ms
INFO: at 36114.632 ms fetching 60.465 ms
INFO: at 36291.417 ms batch [71.629] delay 176.194 ms
INFO: at 36291.417 ms fetching 71.629 ms
INFO: at 36468.482 ms batch [70.027] delay 88.168 ms
INFO: at 36468.482 ms fetching 70.027 ms
INFO: at 36556.912 ms batch [73.308] delay 88.168 ms
INFO: at 36556.912 ms fetching 73.308 ms
INFO: at 36647.156 ms batch [60.588] delay 88.168 ms
INFO: at 36647.156 ms fetching 60.588 ms
INFO: at 36735.530 ms batch [65.139] delay 88.168 ms
INFO: at 36735.530 ms fetching 65.139 ms
INFO: at 36824.471 ms batch [54.563] delay 88.168 ms
INFO: at 36824.471 ms fetching 54.563 ms
INFO: at 36913.621 ms batch [53.676] delay 88.168 ms
INFO: at 36913.621 ms fetching 53.676 ms
INFO: at 37001.942 ms batch [75.190] delay 88.168 ms
INFO: at 37001.942 ms fetching 75.190 ms
INFO: at 37090.800 ms batch [70.485] delay 88.168 ms
INFO: at 37090.800 ms fetching 70.485 ms
INFO: at 37179.961 ms batch [53.044] delay 88.168 ms
INFO: at 37179.961 ms fetching 53.044 ms
INFO: at 37269.395 ms batch [52.981] delay 88.168 ms
INFO: at 37269.395 ms fetching 52.981 ms
INFO: at 37358.026 ms batch [71.018] delay 115.242 ms
INFO: at 37358.026 ms fetching 71.018 ms
INFO: at 37473.830 ms batch [109.686] delay 115.242 ms
INFO: at 37473.830 ms fetching 109.686 ms
INFO: at 37589.334 ms batch [70.347] delay 115.242 ms
INFO: at 37589.334 ms fetching 70.347 ms
INFO: at 37705.253 ms batch [64.839] delay 115.242 ms
INFO: at 37705.253 ms fetching 64.839 ms
INFO: at 37820.596 ms batch [77.013] delay 115.242 ms
INFO: at 37820.596 ms fetching 77.013 ms
INFO: at 37936.099 ms batch [63.561] delay 115.242 ms
INFO: at 37936.099 ms fetching 63.561 ms
INFO: at 38051.808 ms batch [61.391] delay 115.242 ms
INFO: at 38051.808 ms fetching 61.391 ms
INFO: at 38167.701 ms batch [57.480] delay 115.242 ms
INFO: at 38167.701 ms fetching 57.480 ms
INFO: at 38283.285 ms batch [60.707] delay 115.242 ms
INFO: at 38283.285 ms fetching 60.707 ms
INFO: at 38399.496 ms batch [77.058] delay 115.242 ms
INFO: at 38399.496 ms fetching 77.058 ms
INFO: at 38515.068 ms batch [54.279] delay 106.444 ms
INFO: at 38515.068 ms fetching 54.279 ms
INFO: at 38621.657 ms batch [56.279] delay 106.444 ms
INFO: at 38621.657 ms fetching 56.279 ms
INFO: at 38728.994 ms batch [62.730] delay 106.444 ms
INFO: at 38728.994 ms fetching 62.730 ms
INFO: at 38836.106 ms batch [67.414] delay 106.444 ms
INFO: at 38836.106 ms fetching 67.414 ms
INFO: at 38943.080 ms batch [54.232] delay 106.444 ms
INFO: at 38943.080 ms fetching 54.232 ms
INFO: at 39050.226 ms batch [55.700] delay 106.444 ms
INFO: at 39050.226 ms fetching 55.700 ms
INFO: at 39156.942 ms batch [55.532] delay 106.444 ms
INFO: at 39156.942 ms fetching 55.532 ms
INFO: at 39263.622 ms batch [63.913] delay 106.444 ms
INFO: at 39263.622 ms fetching 63.913 ms
INFO: at 39370.631 ms batch [75.088] delay 106.444 ms
INFO: at 39370.631 ms fetching 75.088 ms
INFO: at 39477.537 ms batch [69.321] delay 106.444 ms
INFO: at 39477.537 ms fetching 69.321 ms
INFO: at 39584.256 ms batch [62.258] delay 45.994 ms
INFO: at 39584.256 ms fetching 62.258 ms
INFO: at 39630.572 ms batch [53.459] delay 45.994 ms
INFO: at 39630.572 ms fetching 53.459 ms
INFO: at 39677.178 ms batch [53.915] delay 45.994 ms
INFO: at 39677.178 ms fetching 53.915 ms
INFO: at 39723.905 ms batch [66.782] delay 45.994 ms
INFO: at 39723.905 ms fetching 66.782 ms
INFO: at 39770.879 ms batch [61.427] delay 45.994 ms
INFO: at 39770.879 ms fetching 61.427 ms
INFO: at 39817.284 ms batch [58.155] delay 45.994 ms
INFO: at 39817.284 ms fetching 58.155 ms
INFO: at 39864.889 ms batch [62.876] delay 45.994 ms
INFO: at 39864.889 ms fetching 62.876 ms
INFO: at 39911.711 ms batch [59.816] delay 45.994 ms
INFO: at 39911.711 ms fetching 59.816 ms
INFO: at 39957.999 ms batch [92.652] delay 45.994 ms
INFO: at 39957.999 ms fetching 92.652 ms
INFO: at 40004.597 ms batch [77.970] delay 45.994 ms
INFO: at 40004.597 ms fetching 77.970 ms
INFO: at 40050.910 ms batch [59.632] delay 176.051 ms
INFO: at 40050.910 ms fetching 59.632 ms
INFO: at 40227.718 ms batch [80.858] delay 176.051 ms
INFO: at 40227.718 ms fetching 80.858 ms
INFO: at 40404.300 ms batch [69.473] delay 176.051 ms
INFO: at 40404.300 ms fetching 69.473 ms
INFO: at 40581.197 ms batch [62.811] delay 176.051 ms
INFO: at 40581.197 ms fetching 62.811 ms
INFO: at 40757.683 ms batch [53.407] delay 176.051 ms
INFO: at 40757.683 ms fetching 53.407 ms
INFO: at 40934.648 ms batch [64.028] delay 176.051 ms
INFO: at 40934.648 ms fetching 64.028 ms
INFO: at 41111.888 ms batch [58.681] delay 176.051 ms
INFO: at 41111.888 ms fetching 58.681 ms
INFO: at 41288.259 ms batch [76.103] delay 176.051 ms
INFO: at 41288.259 ms fetching 76.103 ms
INFO: at 41465.083 ms batch [58.154] delay 176.051 ms
INFO: at 41465.083 ms fetching 58.154 ms
INFO: at 41642.281 ms batch [62.534] delay 176.051 ms
INFO: at 41642.281 ms fetching 62.534 ms
INFO: at 41818.577 ms batch [54.478] delay 5.291 ms
INFO: at 41818.577 ms fetching 54.478 ms
INFO: at 41824.886 ms batch [71.337] delay 5.291 ms
INFO: at 41824.886 ms fetching 71.337 ms
INFO: at 41831.220 ms batch [51.386] delay 5.291 ms
INFO: at 41831.220 ms fetching 51.386 ms
INFO: at 41837.551 ms batch [56.894] delay 5.291 ms
INFO: at 41837.551 ms fetching 56.894 ms
INFO: at 41843.875 ms batch [48.701] delay 5.291 ms
INFO: at 41843.875 ms fetching 48.701 ms
INFO: at 41850.310 ms batch [67.959] delay 5.291 ms
INFO: at 41850.310 ms fetching 67.959 ms
INFO: at 41856.618 ms batch [48.597] delay 5.291 ms
INFO: at 41856.618 ms fetching 48.597 ms
INFO: at 41862.973 ms batch [88.869] delay 5.291 ms
INFO: at 41862.973 ms fetching 88.869 ms
INFO: at 41869.280 ms batch [59.115] delay 5.291 ms
INFO: at 41869.280 ms fetching 59.115 ms
INFO: at 41875.623 ms batch [46.082] delay 5.291 ms
INFO: at 41875.623 ms fetching 46.082 ms
INFO: at 41881.728 ms batch [58.447] delay 193.692 ms
INFO: at 41881.728 ms fetching 58.447 ms
INFO: at 42077.340 ms batch [60.374] delay 193.692 ms
INFO: at 42077.340 ms fetching 60.374 ms
INFO: at 42271.218 ms batch [58.629] delay 193.692 ms
INFO: at 42271.218 ms fetching 58.629 ms
INFO: at 42466.037 ms batch [69.013] delay 193.692 ms
INFO: at 42466.037 ms fetching 69.013 ms
INFO: at 42661.866 ms batch [58.419] delay 193.692 ms
INFO: at 42661.866 ms fetching 58.419 ms
INFO: at 42856.562 ms batch [53.715] delay 193.692 ms
INFO: at 42856.562 ms fetching 53.715 ms
INFO: at 43052.036 ms batch [69.413] delay 193.692 ms
INFO: at 43052.036 ms fetching 69.413 ms
INFO: at 43247.071 ms batch [62.829] delay 193.692 ms
INFO: at 43247.071 ms fetching 62.829 ms
INFO: at 43441.851 ms batch [63.915] delay 193.692 ms
INFO: at 43441.851 ms fetching 63.915 ms
INFO: at 43636.362 ms batch [49.543] delay 193.692 ms
INFO: at 43636.362 ms fetching 49.543 ms
INFO: at 43830.423 ms batch [52.476] delay 5.871 ms
INFO: at 43830.423 ms fetching 52.476 ms
INFO: at 43836.719 ms batch [53.961] delay 5.871 ms
INFO: at 43836.719 ms fetching 53.961 ms
INFO: at 43843.047 ms batch [53.574] delay 5.871 ms
INFO: at 43843.047 ms fetching 53.574 ms
INFO: at 43849.373 ms batch [66.624] delay 5.871 ms
INFO: at 43849.373 ms fetching 66.624 ms
INFO: at 43855.696 ms batch [51.322] delay 5.871 ms
INFO: at 43855.696 ms fetching 51.322 ms
INFO: at 43862.026 ms batch [75.133] delay 5.871 ms
INFO: at 43862.026 ms fetching 75.133 ms
INFO: at 43868.328 ms batch [66.846] delay 5.871 ms
INFO: at 43868.328 ms fetching 66.846 ms
INFO: at 43874.699 ms batch [62.337] delay 5.871 ms
INFO: at 43874.699 ms fetching 62.337 ms
INFO: at 43881.016 ms batch [82.968] delay 5.871 ms
INFO: at 43881.016 ms fetching 82.968 ms
INFO: at 43887.359 ms batch [78.699] delay 5.871 ms
INFO: at 43887.359 ms fetching 78.699 ms
INFO: at 43893.589 ms batch [80.321] delay 92.990 ms
INFO: at 43893.589 ms fetching 80.321 ms
INFO: at 43988.467 ms batch [49.367] delay 92.990 ms
INFO: at 43988.467 ms fetching 49.367 ms
INFO: at 44082.371 ms batch [66.559] delay 92.990 ms
INFO: at 44082.371 ms fetching 66.559 ms
INFO: at 44175.992 ms batch [66.089] delay 92.990 ms
INFO: at 44175.992 ms fetching 66.089 ms
INFO: at 44269.602 ms batch [62.040] delay 92.990 ms
INFO: at 44269.602 ms fetching 62.040 ms
INFO: at 44362.738 ms batch [65.556] delay 92.990 ms
INFO: at 44362.738 ms fetching 65.556 ms
INFO: at 44456.124 ms batch [76.028] delay 92.990 ms
INFO: at 44456.124 ms fetching 76.028 ms
INFO: at 44550.202 ms batch [69.323] delay 92.990 ms
INFO: at 44550.202 ms fetching 69.323 ms
INFO: at 44645.196 ms batch [56.795] delay 92.990 ms
INFO: at 44645.196 ms fetching 56.795 ms
INFO: at 44738.363 ms batch [84.552] delay 92.990 ms
INFO: at 44738.363 ms fetching 84.552 ms
INFO: at 44831.528 ms batch [65.943] delay 171.817 ms
INFO: at 44831.528 ms fetching 65.943 ms
INFO: at 45003.919 ms batch [63.094] delay 171.817 ms
INFO: at 45003.919 ms fetching 63.094 ms
INFO: at 45176.682 ms batch [62.884] delay 171.817 ms
INFO: at 45176.682 ms fetching 62.884 ms
INFO: at 45350.298 ms batch [69.496] delay 171.817 ms
INFO: at 45350.298 ms fetching 69.496 ms
INFO: at 45522.549 ms batch [83.677] delay 171.817 ms
INFO: at 45522.549 ms fetching 83.677 ms
INFO: at 45695.405 ms batch [60.484] delay 171.817 ms
INFO: at 45695.405 ms fetching 60.484 ms
INFO: at 45867.451 ms batch [69.179] delay 171.817 ms
INFO: at 45867.451 ms fetching 69.179 ms
INFO: at 46039.554 ms batch [54.712] delay 171.817 ms
INFO: at 46039.554 ms fetching 54.712 ms
INFO: at 46212.018 ms batch [46.045] delay 171.817 ms
INFO: at 46212.018 ms fetching 46.045 ms
INFO: at 46384.546 ms batch [67.044] delay 171.817 ms
INFO: at 46384.546 ms fetching 67.044 ms
INFO: at 46557.202 ms batch [99.896] delay 159.554 ms
INFO: at 46557.202 ms fetching 99.896 ms
INFO: at 46717.206 ms batch [68.524] delay 159.554 ms
INFO: at 46717.206 ms fetching 68.524 ms
INFO: at 46877.326 ms batch [56.399] delay 159.554 ms
INFO: at 46877.326 ms fetching 56.399 ms
INFO: at 47037.280 ms batch [88.172] delay 159.554 ms
INFO: at 47037.280 ms fetching 88.172 ms
INFO: at 47197.833 ms batch [100.496] delay 159.554 ms
INFO: at 47197.833 ms fetching 100.496 ms
INFO: at 47357.812 ms batch [76.369] delay 159.554 ms
INFO: at 47357.812 ms fetching 76.369 ms
INFO: at 47517.973 ms batch [56.761] delay 159.554 ms
INFO: at 47517.973 ms fetching 56.761 ms
INFO: at 47677.898 ms batch [69.266] delay 159.554 ms
INFO: at 47677.898 ms fetching 69.266 ms
INFO: at 47837.608 ms batch [81.080] delay 159.554 ms
INFO: at 47837.608 ms fetching 81.080 ms
INFO: at 47999.109 ms batch [90.425] delay 159.554 ms
INFO: at 47999.109 ms fetching 90.425 ms
INFO: at 48159.048 ms batch [80.794] delay 64.104 ms
INFO: at 48159.048 ms fetching 80.794 ms
INFO: at 48223.492 ms batch [74.101] delay 64.104 ms
INFO: at 48223.492 ms fetching 74.101 ms
INFO: at 48288.360 ms batch [79.240] delay 64.104 ms
INFO: at 48288.360 ms fetching 79.240 ms
INFO: at 48352.661 ms batch [59.141] delay 64.104 ms
INFO: at 48352.661 ms fetching 59.141 ms
INFO: at 48417.174 ms batch [87.570] delay 64.104 ms
INFO: at 48417.174 ms fetching 87.570 ms
INFO: at 48481.621 ms batch [64.076] delay 64.104 ms
INFO: at 48481.621 ms fetching 64.076 ms
INFO: at 48545.923 ms batch [118.255] delay 64.104 ms
INFO: at 48545.923 ms fetching 118.255 ms
INFO: at 48610.312 ms batch [50.191] delay 64.104 ms
INFO: at 48610.312 ms fetching 50.191 ms
INFO: at 48674.626 ms batch [68.730] delay 64.104 ms
INFO: at 48674.626 ms fetching 68.730 ms
INFO: at 48740.122 ms batch [78.791] delay 64.104 ms
INFO: at 48740.122 ms fetching 78.791 ms
INFO: at 48804.432 ms batch [53.513] delay 314.317 ms
INFO: at 48804.432 ms fetching 53.513 ms
INFO: at 49119.391 ms batch [54.372] delay 314.317 ms
INFO: at 49119.391 ms fetching 54.372 ms
INFO: at 49434.416 ms batch [52.370] delay 314.317 ms
INFO: at 49434.416 ms fetching 52.370 ms
INFO: at 49749.305 ms batch [80.131] delay 314.317 ms
INFO: at 49749.305 ms fetching 80.131 ms
INFO: at 50064.445 ms batch [56.074] delay 314.317 ms
INFO: at 50064.445 ms fetching 56.074 ms
INFO: at 50379.572 ms batch [70.023] delay 314.317 ms
INFO: at 50379.572 ms fetching 70.023 ms
INFO: at 50696.201 ms batch [60.558] delay 314.317 ms
INFO: at 50696.201 ms fetching 60.558 ms
INFO: at 51011.659 ms batch [56.741] delay 314.317 ms
INFO: at 51011.659 ms fetching 56.741 ms
INFO: at 51326.856 ms batch [50.415] delay 314.317 ms
INFO: at 51326.856 ms fetching 50.415 ms
INFO: at 51642.230 ms batch [80.575] delay 314.317 ms
INFO: at 51642.230 ms fetching 80.575 ms
INFO: at 51957.656 ms batch [60.814] delay 66.936 ms
INFO: at 51957.656 ms fetching 60.814 ms
INFO: at 52026.074 ms batch [97.409] delay 66.936 ms
INFO: at 52026.074 ms fetching 97.409 ms
INFO: at 52094.408 ms batch [58.215] delay 66.936 ms
INFO: at 52094.408 ms fetching 58.215 ms
INFO: at 52161.951 ms batch [58.954] delay 66.936 ms
INFO: at 52161.951 ms fetching 58.954 ms
INFO: at 52229.262 ms batch [75.276] delay 66.936 ms
INFO: at 52229.262 ms fetching 75.276 ms
INFO: at 52296.578 ms batch [68.720] delay 66.936 ms
INFO: at 52296.578 ms fetching 68.720 ms
INFO: at 52363.902 ms batch [62.651] delay 66.936 ms
INFO: at 52363.902 ms fetching 62.651 ms
INFO: at 52431.809 ms batch [86.377] delay 66.936 ms
INFO: at 52431.809 ms fetching 86.377 ms
INFO: at 52499.635 ms batch [57.952] delay 66.936 ms
INFO: at 52499.635 ms fetching 57.952 ms
INFO: at 52568.059 ms batch [57.145] delay 66.936 ms
INFO: at 52568.059 ms fetching 57.145 ms
INFO: at 52636.126 ms batch [93.178] delay 281.120 ms
INFO: at 52636.126 ms fetching 93.178 ms
INFO: at 52917.952 ms batch [45.502] delay 281.120 ms
INFO: at 52917.952 ms fetching 45.502 ms
INFO: at 53199.940 ms batch [53.198] delay 281.120 ms
INFO: at 53199.940 ms fetching 53.198 ms
INFO: at 53481.791 ms batch [54.508] delay 281.120 ms
INFO: at 53481.791 ms fetching 54.508 ms
INFO: at 53763.961 ms batch [49.898] delay 281.120 ms
INFO: at 53763.961 ms fetching 49.898 ms
INFO: at 54045.587 ms batch [69.618] delay 281.120 ms
INFO: at 54045.587 ms fetching 69.618 ms
INFO: at 54328.818 ms batch [77.818] delay 281.120 ms
INFO: at 54328.818 ms fetching 77.818 ms
INFO: at 54610.441 ms batch [63.274] delay 281.120 ms
INFO: at 54610.441 ms fetching 63.274 ms
INFO: at 54892.286 ms batch [50.639] delay 281.120 ms
INFO: at 54892.286 ms fetching 50.639 ms
INFO: at 55174.011 ms batch [61.604] delay 281.120 ms
INFO: at 55174.011 ms fetching 61.604 ms
INFO: at 55456.206 ms batch [56.923] delay 131.348 ms
INFO: at 55456.206 ms fetching 56.923 ms
INFO: at 55588.204 ms batch [61.742] delay 131.348 ms
INFO: at 55588.204 ms fetching 61.742 ms
INFO: at 55719.682 ms batch [59.498] delay 131.348 ms
INFO: at 55719.682 ms fetching 59.498 ms
INFO: at 55851.696 ms batch [49.722] delay 131.348 ms
INFO: at 55851.696 ms fetching 49.722 ms
INFO: at 55984.025 ms batch [74.221] delay 131.348 ms
INFO: at 55984.025 ms fetching 74.221 ms
INFO: at 56115.598 ms batch [76.127] delay 131.348 ms
INFO: at 56115.598 ms fetching 76.127 ms
INFO: at 56247.319 ms batch [80.680] delay 131.348 ms
INFO: at 56247.319 ms fetching 80.680 ms
INFO: at 56379.208 ms batch [53.219] delay 131.348 ms
INFO: at 56379.208 ms fetching 53.219 ms
INFO: at 56512.435 ms batch [54.885] delay 131.348 ms
INFO: at 56512.435 ms fetching 54.885 ms
INFO: at 56644.151 ms batch [73.999] delay 131.348 ms
INFO: at 56644.151 ms fetching 73.999 ms
INFO: at 56776.243 ms batch [90.334] delay 179.191 ms
INFO: at 56776.243 ms fetching 90.334 ms
INFO: at 56955.768 ms batch [69.550] delay 179.191 ms
INFO: at 56955.768 ms fetching 69.550 ms
INFO: at 57136.733 ms batch [61.169] delay 179.191 ms
INFO: at 57136.733 ms fetching 61.169 ms
INFO: at 57316.390 ms batch [63.822] delay 179.191 ms
INFO: at 57316.390 ms fetching 63.822 ms
INFO: at 57495.814 ms batch [57.457] delay 179.191 ms
INFO: at 57495.814 ms fetching 57.457 ms
INFO: at 57675.416 ms batch [60.740] delay 179.191 ms
INFO: at 57675.416 ms fetching 60.740 ms
INFO: at 57855.247 ms batch [58.355] delay 179.191 ms
INFO: at 57855.247 ms fetching 58.355 ms
INFO: at 58035.307 ms batch [50.205] delay 179.191 ms
INFO: at 58035.307 ms fetching 50.205 ms
INFO: at 58215.483 ms batch [65.068] delay 179.191 ms
INFO: at 58215.483 ms fetching 65.068 ms
INFO: at 58394.977 ms batch [62.862] delay 179.191 ms
INFO: at 58394.977 ms fetching 62.862 ms
INFO: at 58574.370 ms batch [57.308] delay 323.126 ms
INFO: at 58574.370 ms fetching 57.308 ms
INFO: at 58898.586 ms batch [66.283] delay 323.126 ms
INFO: at 58898.586 ms fetching 66.283 ms
INFO: at 59222.666 ms batch [66.685] delay 323.126 ms
INFO: at 59222.666 ms fetching 66.685 ms
INFO: at 59546.867 ms batch [57.901] delay 323.126 ms
INFO: at 59546.867 ms fetching 57.901 ms
INFO: at 59870.488 ms batch [51.950] delay 323.126 ms
INFO: at 59870.488 ms fetching 51.950 ms
INFO: at 60194.845 ms batch [67.243] delay 323.126 ms
INFO: at 60194.845 ms fetching 67.243 ms
INFO: at 60518.758 ms batch [60.682] delay 323.126 ms
INFO: at 60518.758 ms fetching 60.682 ms
INFO: at 60843.093 ms batch [57.596] delay 323.126 ms
INFO: at 60843.093 ms fetching 57.596 ms
INFO: at 61167.316 ms batch [53.986] delay 323.126 ms
INFO: at 61167.316 ms fetching 53.986 ms
INFO: at 61491.639 ms batch [65.636] delay 323.126 ms
INFO: at 61491.639 ms fetching 65.636 ms
INFO: at 61815.712 ms batch [53.240] delay 51.735 ms
INFO: at 61815.712 ms fetching 53.240 ms
INFO: at 61869.007 ms batch [61.628] delay 51.735 ms
INFO: at 61869.007 ms fetching 61.628 ms
INFO: at 61921.270 ms batch [68.906] delay 51.735 ms
INFO: at 61921.270 ms fetching 68.906 ms
INFO: at 61973.976 ms batch [72.168] delay 51.735 ms
INFO: at 61973.976 ms fetching 72.168 ms
INFO: at 62026.071 ms batch [64.582] delay 51.735 ms
INFO: at 62026.071 ms fetching 64.582 ms
INFO: at 62078.432 ms batch [61.976] delay 51.735 ms
INFO: at 62078.432 ms fetching 61.976 ms
INFO: at 62131.754 ms batch [73.354] delay 51.735 ms
INFO: at 62131.754 ms fetching 73.354 ms
INFO: at 62184.401 ms batch [51.125] delay 51.735 ms
INFO: at 62184.401 ms fetching 51.125 ms
INFO: at 62237.799 ms batch [62.030] delay 51.735 ms
INFO: at 62237.799 ms fetching 62.030 ms
INFO: at 62289.886 ms batch [67.705] delay 51.735 ms
INFO: at 62289.886 ms fetching 67.705 ms
INFO: at 62342.146 ms batch [80.161] delay 157.579 ms
INFO: at 62342.146 ms fetching 80.161 ms
INFO: at 62500.082 ms batch [84.180] delay 157.579 ms
INFO: at 62500.082 ms fetching 84.180 ms
INFO: at 62658.765 ms batch [52.201] delay 157.579 ms
INFO: at 62658.765 ms fetching 52.201 ms
INFO: at 62816.752 ms batch [53.150] delay 157.579 ms
INFO: at 62816.752 ms fetching 53.150 ms
INFO: at 62975.195 ms batch [75.176] delay 157.579 ms
INFO: at 62975.195 ms fetching 75.176 ms
INFO: at 63132.949 ms batch [60.482] delay 157.579 ms
INFO: at 63132.949 ms fetching 60.482 ms
INFO: at 63291.015 ms batch [81.705] delay 157.579 ms
INFO: at 63291.015 ms fetching 81.705 ms
INFO: at 63449.585 ms batch [58.489] delay 157.579 ms
INFO: at 63449.585 ms fetching 58.489 ms
INFO: at 63607.718 ms batch [70.143] delay 157.579 ms
INFO: at 63607.718 ms fetching 70.143 ms
INFO: at 63765.887 ms batch [85.763] delay 157.579 ms
INFO: at 63765.887 ms fetching 85.763 ms
INFO: at 63924.067 ms batch [62.342] delay 10.899 ms
INFO: at 63924.067 ms fetching 62.342 ms
INFO: at 63935.384 ms batch [63.947] delay 10.899 ms
INFO: at 63935.384 ms fetching 63.947 ms
INFO: at 63946.717 ms batch [60.054] delay 10.899 ms
INFO: at 63946.717 ms fetching 60.054 ms
INFO: at 63958.120 ms batch [56.890] delay 10.899 ms
INFO: at 63958.120 ms fetching 56.890 ms
INFO: at 63969.440 ms batch [55.136] delay 10.899 ms
INFO: at 63969.440 ms fetching 55.136 ms
INFO: at 63980.765 ms batch [74.872] delay 10.899 ms
INFO: at 63980.765 ms fetching 74.872 ms
INFO: at 63992.096 ms batch [70.888] delay 10.899 ms
INFO: at 63992.096 ms fetching 70.888 ms
INFO: at 64003.705 ms batch [66.433] delay 10.899 ms
INFO: at 64003.705 ms fetching 66.433 ms
INFO: at 64015.015 ms batch [57.434] delay 10.899 ms
INFO: at 64015.015 ms fetching 57.434 ms
INFO: at 64026.321 ms batch [52.713] delay 10.899 ms
INFO: at 64026.321 ms fetching 52.713 ms
INFO: at 64037.643 ms batch [83.843] delay 108.485 ms
INFO: at 64037.643 ms fetching 83.843 ms
INFO: at 64147.067 ms batch [57.273] delay 108.485 ms
INFO: at 64147.067 ms fetching 57.273 ms
INFO: at 64255.936 ms batch [80.011] delay 108.485 ms
INFO: at 64255.936 ms fetching 80.011 ms
INFO: at 64364.575 ms batch [71.030] delay 108.485 ms
INFO: at 64364.575 ms fetching 71.030 ms
INFO: at 64473.840 ms batch [65.472] delay 108.485 ms
INFO: at 64473.840 ms fetching 65.472 ms
INFO: at 64582.613 ms batch [79.681] delay 108.485 ms
INFO: at 64582.613 ms fetching 79.681 ms
INFO: at 64691.967 ms batch [74.301] delay 108.485 ms
INFO: at 64691.967 ms fetching 74.301 ms
INFO: at 64800.899 ms batch [59.468] delay 108.485 ms
INFO: at 64800.899 ms fetching 59.468 ms
INFO: at 64910.157 ms batch [70.498] delay 108.485 ms
INFO: at 64910.157 ms fetching 70.498 ms
INFO: at 65019.202 ms batch [57.992] delay 108.485 ms
INFO: at 65019.202 ms fetching 57.992 ms
INFO: at 65128.154 ms batch [52.840] delay 58.947 ms
INFO: at 65128.154 ms fetching 52.840 ms
INFO: at 65187.771 ms batch [65.111] delay 58.947 ms
INFO: at 65187.771 ms fetching 65.111 ms
INFO: at 65248.088 ms batch [64.444] delay 58.947 ms
INFO: at 65248.088 ms fetching 64.444 ms
INFO: at 65308.100 ms batch [57.597] delay 58.947 ms
INFO: at 65308.100 ms fetching 57.597 ms
INFO: at 65367.915 ms batch [74.372] delay 58.947 ms
INFO: at 65367.915 ms fetching 74.372 ms
INFO: at 65427.498 ms batch [57.180] delay 58.947 ms
INFO: at 65427.498 ms fetching 57.180 ms
INFO: at 65487.118 ms batch [63.096] delay 58.947 ms
INFO: at 65487.118 ms fetching 63.096 ms
INFO: at 65546.542 ms batch [54.814] delay 58.947 ms
INFO: at 65546.542 ms fetching 54.814 ms
INFO: at 65606.587 ms batch [95.258] delay 58.947 ms
INFO: at 65606.587 ms fetching 95.258 ms
INFO: at 65666.611 ms batch [74.333] delay 58.947 ms
INFO: at 65666.611 ms fetching 74.333 ms
INFO: at 65727.045 ms batch [57.850] delay 497.125 ms
INFO: at 65727.045 ms fetching 57.850 ms
INFO: at 66224.850 ms batch [52.002] delay 497.125 ms
INFO: at 66224.850 ms fetching 52.002 ms
INFO: at 66723.066 ms batch [64.974] delay 497.125 ms
INFO: at 66723.066 ms fetching 64.974 ms
INFO: at 67221.392 ms batch [54.019] delay 497.125 ms
INFO: at 67221.392 ms fetching 54.019 ms
INFO: at 67719.595 ms batch [71.701] delay 497.125 ms
INFO: at 67719.595 ms fetching 71.701 ms
INFO: at 68217.586 ms batch [69.598] delay 497.125 ms
INFO: at 68217.586 ms fetching 69.598 ms
INFO: at 68716.048 ms batch [77.730] delay 497.125 ms
INFO: at 68716.048 ms fetching 77.730 ms
INFO: at 69214.777 ms batch [59.026] delay 497.125 ms
INFO: at 69214.777 ms fetching 59.026 ms
INFO: at 69712.737 ms batch [55.357] delay 497.125 ms
INFO: at 69712.737 ms fetching 55.357 ms
INFO: at 70211.127 ms batch [65.032] delay 497.125 ms
INFO: at 70211.127 ms fetching 65.032 ms
INFO: at 70709.192 ms batch [67.303] delay 132.227 ms
INFO: at 70709.192 ms fetching 67.303 ms
INFO: at 70843.474 ms batch [57.517] delay 132.227 ms
INFO: at 70843.474 ms fetching 57.517 ms
INFO: at 70976.723 ms batch [47.520] delay 132.227 ms
INFO: at 70976.723 ms fetching 47.520 ms
INFO: at 71109.394 ms batch [93.775] delay 132.227 ms
INFO: at 71109.394 ms fetching 93.775 ms
INFO: at 71241.777 ms batch [88.358] delay 132.227 ms
INFO: at 71241.777 ms fetching 88.358 ms
INFO: at 71374.682 ms batch [130.419] delay 132.227 ms
INFO: at 71374.682 ms fetching 130.419 ms
INFO: at 71507.181 ms batch [62.779] delay 132.227 ms
INFO: at 71507.181 ms fetching 62.779 ms
INFO: at 71640.516 ms batch [64.379] delay 132.227 ms
INFO: at 71640.516 ms fetching 64.379 ms
INFO: at 71773.526 ms batch [51.631] delay 132.227 ms
INFO: at 71773.526 ms fetching 51.631 ms
INFO: at 71906.739 ms batch [54.312] delay 132.227 ms
INFO: at 71906.739 ms fetching 54.312 ms
INFO: at 72040.867 ms batch [68.640] delay 111.371 ms
INFO: at 72040.867 ms fetching 68.640 ms
INFO: at 72153.116 ms batch [54.535] delay 111.371 ms
INFO: at 72153.116 ms fetching 54.535 ms
INFO: at 72265.025 ms batch [53.461] delay 111.371 ms
INFO: at 72265.025 ms fetching 53.461 ms
INFO: at 72377.497 ms batch [61.008] delay 111.371 ms
INFO: at 72377.497 ms fetching 61.008 ms
INFO: at 72489.438 ms batch [51.310] delay 111.371 ms
INFO: at 72489.438 ms fetching 51.310 ms
INFO: at 72601.897 ms batch [64.442] delay 111.371 ms
INFO: at 72601.897 ms fetching 64.442 ms
INFO: at 72714.266 ms batch [69.524] delay 111.371 ms
INFO: at 72714.266 ms fetching 69.524 ms
INFO: at 72827.366 ms batch [51.060] delay 111.371 ms
INFO: at 72827.366 ms fetching 51.060 ms
INFO: at 72939.567 ms batch [62.825] delay 111.371 ms
INFO: at 72939.567 ms fetching 62.825 ms
INFO: at 73051.431 ms batch [66.478] delay 111.371 ms
INFO: at 73051.431 ms fetching 66.478 ms
INFO: at 73163.550 ms batch [61.661] delay 14.772 ms
INFO: at 73163.550 ms fetching 61.661 ms
INFO: at 73178.848 ms batch [67.007] delay 14.772 ms
INFO: at 73178.848 ms fetching 67.007 ms
INFO: at 73194.172 ms batch [60.316] delay 14.772 ms
INFO: at 73194.172 ms fetching 60.316 ms
INFO: at 73209.568 ms batch [79.491] delay 14.772 ms
INFO: at 73209.568 ms fetching 79.491 ms
INFO: at 73224.869 ms batch [77.136] delay 14.772 ms
INFO: at 73224.869 ms fetching 77.136 ms
INFO: at 73240.357 ms batch [67.916] delay 14.772 ms
INFO: at 73240.357 ms fetching 67.916 ms
INFO: at 73255.656 ms batch [80.395] delay 14.772 ms
INFO: at 73255.656 ms fetching 80.395 ms
INFO: at 73270.963 ms batch [88.248] delay 14.772 ms
INFO: at 73270.963 ms fetching 88.248 ms
INFO: at 73286.337 ms batch [76.262] delay 14.772 ms
INFO: at 73286.337 ms fetching 76.262 ms
INFO: at 73301.758 ms batch [88.102] delay 14.772 ms
INFO: at 73301.758 ms fetching 88.102 ms
INFO: at 73317.068 ms batch [60.311] delay 103.261 ms
INFO: at 73317.068 ms fetching 60.311 ms
INFO: at 73421.227 ms batch [59.244] delay 103.261 ms
INFO: at 73421.227 ms fetching 59.244 ms
INFO: at 73524.950 ms batch [57.652] delay 103.261 ms
INFO: at 73524.950 ms fetching 57.652 ms
INFO: at 73628.518 ms batch [73.933] delay 103.261 ms
INFO: at 73628.518 ms fetching 73.933 ms
INFO: at 73732.072 ms batch [65.140] delay 103.261 ms
INFO: at 73732.072 ms fetching 65.140 ms
INFO: at 73835.837 ms batch [47.754] delay 103.261 ms
INFO: at 73835.837 ms fetching 47.754 ms
INFO: at 73940.018 ms batch [55.767] delay 103.261 ms
INFO: at 73940.018 ms fetching 55.767 ms
INFO: at 74043.454 ms batch [68.938] delay 103.261 ms
INFO: at 74043.454 ms fetching 68.938 ms
INFO: at 74147.125 ms batch [68.963] delay 103.261 ms
INFO: at 74147.125 ms fetching 68.963 ms
INFO: at 74250.773 ms batch [64.078] delay 103.261 ms
INFO: at 74250.773 ms fetching 64.078 ms
INFO: at 74354.643 ms batch [64.523] delay 326.497 ms
INFO: at 74354.643 ms fetching 64.523 ms
INFO: at 74682.395 ms batch [80.131] delay 326.497 ms
INFO: at 74682.395 ms fetching 80.131 ms
INFO: at 75010.699 ms batch [60.323] delay 326.497 ms
INFO: at 75010.699 ms fetching 60.323 ms
INFO: at 75338.129 ms batch [73.567] delay 326.497 ms
INFO: at 75338.129 ms fetching 73.567 ms
INFO: at 75665.130 ms batch [72.494] delay 326.497 ms
INFO: at 75665.130 ms fetching 72.494 ms
INFO: at 75992.503 ms batch [71.179] delay 326.497 ms
INFO: at 75992.503 ms fetching 71.179 ms
INFO: at 76319.947 ms batch [63.284] delay 326.497 ms
INFO: at 76319.947 ms fetching 63.284 ms
INFO: at 76646.997 ms batch [58.390] delay 326.497 ms
INFO: at 76646.997 ms fetching 58.390 ms
INFO: at 76974.568 ms batch [54.929] delay 326.497 ms
INFO: at 76974.568 ms fetching 54.929 ms
INFO: at 77302.371 ms batch [65.714] delay 326.497 ms
INFO: at 77302.371 ms fetching 65.714 ms
INFO: at 77630.011 ms batch [75.880] delay 151.827 ms
INFO: at 77630.011 ms fetching 75.880 ms
INFO: at 77782.040 ms batch [62.212] delay 151.827 ms
INFO: at 77782.040 ms fetching 62.212 ms
INFO: at 77934.520 ms batch [63.777] delay 151.827 ms
INFO: at 77934.520 ms fetching 63.777 ms
INFO: at 78086.629 ms batch [53.678] delay 151.827 ms
INFO: at 78086.629 ms fetching 53.678 ms
INFO: at 78239.606 ms batch [67.876] delay 151.827 ms
INFO: at 78239.606 ms fetching 67.876 ms
INFO: at 78391.610 ms batch [58.968] delay 151.827 ms
INFO: at 78391.610 ms fetching 58.968 ms
INFO: at 78545.458 ms batch [83.461] delay 151.827 ms
INFO: at 78545.458 ms fetching 83.461 ms
INFO: at 78697.483 ms batch [41.901] delay 151.827 ms
INFO: at 78697.483 ms fetching 41.901 ms
INFO: at 78851.139 ms batch [51.520] delay 151.827 ms
INFO: at 78851.139 ms fetching 51.520 ms
INFO: at 79003.284 ms batch [60.570] delay 151.827 ms
INFO: at 79003.284 ms fetching 60.570 ms
INFO: at 79155.454 ms batch [51.792] delay 134.248 ms
INFO: at 79155.454 ms fetching 51.792 ms
INFO: at 79290.268 ms batch [86.580] delay 134.248 ms
INFO: at 79290.268 ms fetching 86.580 ms
INFO: at 79424.751 ms batch [57.655] delay 134.248 ms
INFO: at 79424.751 ms fetching 57.655 ms
INFO: at 79561.011 ms batch [68.190] delay 134.248 ms
INFO: at 79561.011 ms fetching 68.190 ms
INFO: at 79697.304 ms batch [61.744] delay 134.248 ms
INFO: at 79697.304 ms fetching 61.744 ms
INFO: at 79833.656 ms batch [58.634] delay 134.248 ms
INFO: at 79833.656 ms fetching 58.634 ms
INFO: at 79969.030 ms batch [57.346] delay 134.248 ms
INFO: at 79969.030 ms fetching 57.346 ms
INFO: at 80105.180 ms batch [64.793] delay 134.248 ms
INFO: at 80105.180 ms fetching 64.793 ms
INFO: at 80240.086 ms batch [70.318] delay 134.248 ms
INFO: at 80240.086 ms fetching 70.318 ms
INFO: at 80375.004 ms batch [64.372] delay 134.248 ms
INFO: at 80375.004 ms fetching 64.372 ms
INFO: at 80510.030 ms batch [57.906] delay 10.550 ms
INFO: at 80510.030 ms fetching 57.906 ms
INFO: at 80521.439 ms batch [50.686] delay 10.550 ms
INFO: at 80521.439 ms fetching 50.686 ms
INFO: at 80532.781 ms batch [73.231] delay 10.550 ms
INFO: at 80532.781 ms fetching 73.231 ms
INFO: at 80544.113 ms batch [57.521] delay 10.550 ms
INFO: at 80544.113 ms fetching 57.521 ms
INFO: at 80555.446 ms batch [83.756] delay 10.550 ms
INFO: at 80555.446 ms fetching 83.756 ms
INFO: at 80566.853 ms batch [71.994] delay 10.550 ms
INFO: at 80566.853 ms fetching 71.994 ms
INFO: at 80578.123 ms batch [106.950] delay 10.550 ms
INFO: at 80578.123 ms fetching 106.950 ms
INFO: at 80589.522 ms batch [86.046] delay 10.550 ms
INFO: at 80589.522 ms fetching 86.046 ms
INFO: at 80600.824 ms batch [70.119] delay 10.550 ms
INFO: at 80600.824 ms fetching 70.119 ms
INFO: at 80612.163 ms batch [58.954] delay 10.550 ms
INFO: at 80612.163 ms fetching 58.954 ms
INFO: at 80623.601 ms batch [89.060] delay 20.009 ms
INFO: at 80623.601 ms fetching 89.060 ms
INFO: at 80643.913 ms batch [56.832] delay 20.009 ms
INFO: at 80643.913 ms fetching 56.832 ms
INFO: at 80664.239 ms batch [51.404] delay 20.009 ms
INFO: at 80664.239 ms fetching 51.404 ms
INFO: at 80684.581 ms batch [63.714] delay 20.009 ms
INFO: at 80684.581 ms fetching 63.714 ms
INFO: at 80704.895 ms batch [60.999] delay 20.009 ms
INFO: at 80704.895 ms fetching 60.999 ms
INFO: at 80725.228 ms batch [48.840] delay 20.009 ms
INFO: at 80725.228 ms fetching 48.840 ms
INFO: at 80745.560 ms batch [48.865] delay 20.009 ms
INFO: at 80745.560 ms fetching 48.865 ms
INFO: at 80765.960 ms batch [51.739] delay 20.009 ms
INFO: at 80765.960 ms fetching 51.739 ms
INFO: at 80787.005 ms batch [52.623] delay 20.009 ms
INFO: at 80787.005 ms fetching 52.623 ms
INFO: at 80807.345 ms batch [63.309] delay 20.009 ms
INFO: at 80807.345 ms fetching 63.309 ms
INFO: at 80827.798 ms batch [98.327] delay 189.810 ms
INFO: at 80827.798 ms fetching 98.327 ms
INFO: at 81017.702 ms batch [60.566] delay 189.810 ms
INFO: at 81017.702 ms fetching 60.566 ms
INFO: at 81209.134 ms batch [65.916] delay 189.810 ms
INFO: at 81209.134 ms fetching 65.916 ms
INFO: at 81400.909 ms batch [50.925] delay 189.810 ms
INFO: at 81400.909 ms fetching 50.925 ms
INFO: at 81590.970 ms batch [67.619] delay 189.810 ms
INFO: at 81590.970 ms fetching 67.619 ms
INFO: at 81781.244 ms batch [56.163] delay 189.810 ms
INFO: at 81781.244 ms fetching 56.163 ms
INFO: at 81972.102 ms batch [123.837] delay 189.810 ms
INFO: at 81972.102 ms fetching 123.837 ms
INFO: at 82162.711 ms batch [86.909] delay 189.810 ms
INFO: at 82162.711 ms fetching 86.909 ms
INFO: at 82353.470 ms batch [54.901] delay 189.810 ms
INFO: at 82353.470 ms fetching 54.901 ms
INFO: at 82544.112 ms batch [54.234] delay 189.810 ms
INFO: at 82544.112 ms fetching 54.234 ms
INFO: at 82734.653 ms batch [58.153] delay 47.859 ms
INFO: at 82734.653 ms fetching 58.153 ms
INFO: at 82783.068 ms batch [53.585] delay 47.859 ms
INFO: at 82783.068 ms fetching 53.585 ms
INFO: at 82831.804 ms batch [81.128] delay 47.859 ms
INFO: at 82831.804 ms fetching 81.128 ms
INFO: at 82880.430 ms batch [62.764] delay 47.859 ms
INFO: at 82880.430 ms fetching 62.764 ms
INFO: at 82928.743 ms batch [54.943] delay 47.859 ms
INFO: at 82928.743 ms fetching 54.943 ms
INFO: at 82977.315 ms batch [55.968] delay 47.859 ms
INFO: at 82977.315 ms fetching 55.968 ms
INFO: at 83025.913 ms batch [64.506] delay 47.859 ms
INFO: at 83025.913 ms fetching 64.506 ms
INFO: at 83074.458 ms batch [48.744] delay 47.859 ms
INFO: at 83074.458 ms fetching 48.744 ms
INFO: at 83122.911 ms batch [64.902] delay 47.859 ms
INFO: at 83122.911 ms fetching 64.902 ms
INFO: at 83170.897 ms batch [70.888] delay 47.859 ms
INFO: at 83170.897 ms fetching 70.888 ms
INFO: at 83219.254 ms batch [56.956] delay 331.582 ms
INFO: at 83219.254 ms fetching 56.956 ms
INFO: at 83551.375 ms batch [63.275] delay 331.582 ms
INFO: at 83551.375 ms fetching 63.275 ms
INFO: at 83883.613 ms batch [57.153] delay 331.582 ms
INFO: at 83883.613 ms fetching 57.153 ms
INFO: at 84217.162 ms batch [46.167] delay 331.582 ms
INFO: at 84217.162 ms fetching 46.167 ms
INFO: at 84549.808 ms batch [63.967] delay 331.582 ms
INFO: at 84549.808 ms fetching 63.967 ms
INFO: at 84882.706 ms batch [58.223] delay 331.582 ms
INFO: at 84882.706 ms fetching 58.223 ms
INFO: at 85215.958 ms batch [56.606] delay 331.582 ms
INFO: at 85215.958 ms fetching 56.606 ms
INFO: at 85548.586 ms batch [61.557] delay 331.582 ms
INFO: at 85548.586 ms fetching 61.557 ms
INFO: at 85880.543 ms batch [73.934] delay 331.582 ms
INFO: at 85880.543 ms fetching 73.934 ms
INFO: at 86213.252 ms batch [77.852] delay 331.582 ms
INFO: at 86213.252 ms fetching 77.852 ms
INFO: at 86545.936 ms batch [77.976] delay 200.636 ms
INFO: at 86545.936 ms fetching 77.976 ms
INFO: at 86747.103 ms batch [85.750] delay 200.636 ms
INFO: at 86747.103 ms fetching 85.750 ms
INFO: at 86948.208 ms batch [55.899] delay 200.636 ms
INFO: at 86948.208 ms fetching 55.899 ms
INFO: at 87149.910 ms batch [58.955] delay 200.636 ms
INFO: at 87149.910 ms fetching 58.955 ms
INFO: at 87351.505 ms batch [64.950] delay 200.636 ms
INFO: at 87351.505 ms fetching 64.950 ms
INFO: at 87553.064 ms batch [95.017] delay 200.636 ms
INFO: at 87553.064 ms fetching 95.017 ms
INFO: at 87754.692 ms batch [56.268] delay 200.636 ms
INFO: at 87754.692 ms fetching 56.268 ms
INFO: at 87955.821 ms batch [97.797] delay 200.636 ms
INFO: at 87955.821 ms fetching 97.797 ms
INFO: at 88157.323 ms batch [60.302] delay 200.636 ms
INFO: at 88157.323 ms fetching 60.302 ms
INFO: at 88359.580 ms batch [67.774] delay 200.636 ms
INFO: at 88359.580 ms fetching 67.774 ms
INFO: at 88561.192 ms batch [44.957] delay 64.947 ms
INFO: at 88561.192 ms fetching 44.957 ms
INFO: at 88626.564 ms batch [57.562] delay 64.947 ms
INFO: at 88626.564 ms fetching 57.562 ms
INFO: at 88691.729 ms batch [69.259] delay 64.947 ms
INFO: at 88691.729 ms fetching 69.259 ms
INFO: at 88757.047 ms batch [63.748] delay 64.947 ms
INFO: at 88757.047 ms fetching 63.748 ms
INFO: at 88823.007 ms batch [65.536] delay 64.947 ms
INFO: at 88823.007 ms fetching 65.536 ms
INFO: at 88888.945 ms batch [53.341] delay 64.947 ms
INFO: at 88888.945 ms fetching 53.341 ms
INFO: at 88954.088 ms batch [52.903] delay 64.947 ms
INFO: at 88954.088 ms fetching 52.903 ms
INFO: at 89019.573 ms batch [65.069] delay 64.947 ms
INFO: at 89019.573 ms fetching 65.069 ms
INFO: at 89084.954 ms batch [92.054] delay 64.947 ms
INFO: at 89084.954 ms fetching 92.054 ms
INFO: at 89151.867 ms batch [71.251] delay 64.947 ms
INFO: at 89151.867 ms fetching 71.251 ms
INFO: at 89217.711 ms batch [74.714] delay 30.734 ms
INFO: at 89217.711 ms fetching 74.714 ms
INFO: at 89249.035 ms batch [111.723] delay 30.734 ms
INFO: at 89249.035 ms fetching 111.723 ms
INFO: at 89280.225 ms batch [67.885] delay 30.734 ms
INFO: at 89280.225 ms fetching 67.885 ms
INFO: at 89311.572 ms batch [63.809] delay 30.734 ms
INFO: at 89311.572 ms fetching 63.809 ms
INFO: at 89343.055 ms batch [75.671] delay 30.734 ms
INFO: at 89343.055 ms fetching 75.671 ms
INFO: at 89374.497 ms batch [48.734] delay 30.734 ms
INFO: at 89374.497 ms fetching 48.734 ms
INFO: at 89405.895 ms batch [60.837] delay 30.734 ms
INFO: at 89405.895 ms fetching 60.837 ms
INFO: at 89437.224 ms batch [70.531] delay 30.734 ms
INFO: at 89437.224 ms fetching 70.531 ms
INFO: at 89468.569 ms batch [70.637] delay 30.734 ms
INFO: at 89468.569 ms fetching 70.637 ms
INFO: at 89500.008 ms batch [69.398] delay 30.734 ms
INFO: at 89500.008 ms fetching 69.398 ms
INFO: at 89531.360 ms batch [66.753] delay 59.427 ms
INFO: at 89531.360 ms fetching 66.753 ms
INFO: at 89591.702 ms batch [59.945] delay 59.427 ms
INFO: at 89591.702 ms fetching 59.945 ms
INFO: at 89651.741 ms batch [75.344] delay 59.427 ms
INFO: at 89651.741 ms fetching 75.344 ms
INFO: at 89711.645 ms batch [48.892] delay 59.427 ms
INFO: at 89711.645 ms fetching 48.892 ms
INFO: at 89772.144 ms batch [71.014] delay 59.427 ms
INFO: at 89772.144 ms fetching 71.014 ms
INFO: at 89831.827 ms batch [64.846] delay 59.427 ms
INFO: at 89831.827 ms fetching 64.846 ms
INFO: at 89892.116 ms batch [50.121] delay 59.427 ms
INFO: at 89892.116 ms fetching 50.121 ms
INFO: at 89952.529 ms batch [56.070] delay 59.427 ms
INFO: at 89952.529 ms fetching 56.070 ms
INFO: at 90012.770 ms batch [86.606] delay 59.427 ms
INFO: at 90012.770 ms fetching 86.606 ms
INFO: at 90072.935 ms batch [70.097] delay 59.427 ms
INFO: at 90072.935 ms fetching 70.097 ms
INFO: at 90133.457 ms batch [63.964] delay 25.616 ms
INFO: at 90133.457 ms fetching 63.964 ms
INFO: at 90160.939 ms batch [60.673] delay 25.616 ms
INFO: at 90160.939 ms fetching 60.673 ms
INFO: at 90186.980 ms batch [66.925] delay 25.616 ms
INFO: at 90186.980 ms fetching 66.925 ms
INFO: at 90214.462 ms batch [78.247] delay 25.616 ms
INFO: at 90214.462 ms fetching 78.247 ms
INFO: at 90241.858 ms batch [61.413] delay 25.616 ms
INFO: at 90241.858 ms fetching 61.413 ms
INFO: at 90269.335 ms batch [95.444] delay 25.616 ms
INFO: at 90269.335 ms fetching 95.444 ms
INFO: at 90295.556 ms batch [62.885] delay 25.616 ms
INFO: at 90295.556 ms fetching 62.885 ms
INFO: at 90322.944 ms batch [67.846] delay 25.616 ms
INFO: at 90322.944 ms fetching 67.846 ms
INFO: at 90350.378 ms batch [80.226] delay 25.616 ms
INFO: at 90350.378 ms fetching 80.226 ms
INFO: at 90376.150 ms batch [68.722] delay 25.616 ms
INFO: at 90376.150 ms fetching 68.722 ms
INFO: at 90403.574 ms batch [65.607] delay 36.890 ms
INFO: at 90403.574 ms fetching 65.607 ms
INFO: at 90441.134 ms batch [48.127] delay 36.890 ms
INFO: at 90441.134 ms fetching 48.127 ms
INFO: at 90478.264 ms batch [52.234] delay 36.890 ms
INFO: at 90478.264 ms fetching 52.234 ms
INFO: at 90515.701 ms batch [59.587] delay 36.890 ms
INFO: at 90515.701 ms fetching 59.587 ms
INFO: at 90553.274 ms batch [73.767] delay 36.890 ms
INFO: at 90553.274 ms fetching 73.767 ms
INFO: at 90590.352 ms batch [59.943] delay 36.890 ms
INFO: at 90590.352 ms fetching 59.943 ms
INFO: at 90628.021 ms batch [51.916] delay 36.890 ms
INFO: at 90628.021 ms fetching 51.916 ms
INFO: at 90665.407 ms batch [67.845] delay 36.890 ms
INFO: at 90665.407 ms fetching 67.845 ms
INFO: at 90702.671 ms batch [93.745] delay 36.890 ms
INFO: at 90702.671 ms fetching 93.745 ms
INFO: at 90740.107 ms batch [49.209] delay 36.890 ms
INFO: at 90740.107 ms fetching 49.209 ms
INFO: at 90778.082 ms batch [56.674] delay 10.643 ms
INFO: at 90778.082 ms fetching 56.674 ms
INFO: at 90789.437 ms batch [61.247] delay 10.643 ms
INFO: at 90789.437 ms fetching 61.247 ms
INFO: at 90800.812 ms batch [59.075] delay 10.643 ms
INFO: at 90800.812 ms fetching 59.075 ms
INFO: at 90812.173 ms batch [59.357] delay 10.643 ms
INFO: at 90812.173 ms fetching 59.357 ms
INFO: at 90823.568 ms batch [66.220] delay 10.643 ms
INFO: at 90823.568 ms fetching 66.220 ms
INFO: at 90835.012 ms batch [73.141] delay 10.643 ms
INFO: at 90835.012 ms fetching 73.141 ms
INFO: at 90846.585 ms batch [53.291] delay 10.643 ms
INFO: at 90846.585 ms fetching 53.291 ms
INFO: at 90858.035 ms batch [97.830] delay 10.643 ms
INFO: at 90858.035 ms fetching 97.830 ms
INFO: at 90869.291 ms batch [57.713] delay 10.643 ms
INFO: at 90869.291 ms fetching 57.713 ms
INFO: at 90880.732 ms batch [71.692] delay 10.643 ms
INFO: at 90880.732 ms fetching 71.692 ms
INFO: at 90892.136 ms batch [70.861] delay 25.160 ms
INFO: at 90892.136 ms fetching 70.861 ms
INFO: at 90917.570 ms batch [53.272] delay 25.160 ms
INFO: at 90917.570 ms fetching 53.272 ms
INFO: at 90943.003 ms batch [66.619] delay 25.160 ms
INFO: at 90943.003 ms fetching 66.619 ms
INFO: at 90968.444 ms batch [53.935] delay 25.160 ms
INFO: at 90968.444 ms fetching 53.935 ms
INFO: at 90993.931 ms batch [49.769] delay 25.160 ms
INFO: at 90993.931 ms fetching 49.769 ms
INFO: at 91019.304 ms batch [54.286] delay 25.160 ms
INFO: at 91019.304 ms fetching 54.286 ms
INFO: at 91044.700 ms batch [69.753] delay 25.160 ms
INFO: at 91044.700 ms fetching 69.753 ms
INFO: at 91070.693 ms batch [58.210] delay 25.160 ms
INFO: at 91070.693 ms fetching 58.210 ms
INFO: at 91096.079 ms batch [62.514] delay 25.160 ms
INFO: at 91096.079 ms fetching 62.514 ms
INFO: at 91121.474 ms batch [69.965] delay 25.160 ms
INFO: at 91121.474 ms fetching 69.965 ms
INFO: at 91146.864 ms batch [53.887] delay 312.785 ms
INFO: at 91146.864 ms fetching 53.887 ms
INFO: at 91460.741 ms batch [55.413] delay 312.785 ms
INFO: at 91460.741 ms fetching 55.413 ms
INFO: at 91774.605 ms batch [53.115] delay 312.785 ms
INFO: at 91774.605 ms fetching 53.115 ms
INFO: at 92087.963 ms batch [66.263] delay 312.785 ms
INFO: at 92087.963 ms fetching 66.263 ms
INFO: at 92401.364 ms batch [61.265] delay 312.785 ms
INFO: at 92401.364 ms fetching 61.265 ms
INFO: at 92715.361 ms batch [63.178] delay 312.785 ms
INFO: at 92715.361 ms fetching 63.178 ms
INFO: at 93028.647 ms batch [79.801] delay 312.785 ms
INFO: at 93028.647 ms fetching 79.801 ms
INFO: at 93342.336 ms batch [64.568] delay 312.785 ms
INFO: at 93342.336 ms fetching 64.568 ms
INFO: at 93655.875 ms batch [54.989] delay 312.785 ms
INFO: at 93655.875 ms fetching 54.989 ms
INFO: at 93969.296 ms batch [50.651] delay 312.785 ms
INFO: at 93969.296 ms fetching 50.651 ms
INFO: at 94282.877 ms batch [58.287] delay 127.893 ms
INFO: at 94282.877 ms fetching 58.287 ms
INFO: at 94411.372 ms batch [77.186] delay 127.893 ms
INFO: at 94411.372 ms fetching 77.186 ms
INFO: at 94539.639 ms batch [99.673] delay 127.893 ms
INFO: at 94539.639 ms fetching 99.673 ms
INFO: at 94667.692 ms batch [60.404] delay 127.893 ms
INFO: at 94667.692 ms fetching 60.404 ms
INFO: at 94795.809 ms batch [84.547] delay 127.893 ms
INFO: at 94795.809 ms fetching 84.547 ms
INFO: at 94925.757 ms batch [48.684] delay 127.893 ms
INFO: at 94925.757 ms fetching 48.684 ms
INFO: at 95054.018 ms batch [54.149] delay 127.893 ms
INFO: at 95054.018 ms fetching 54.149 ms
INFO: at 95182.752 ms batch [68.973] delay 127.893 ms
INFO: at 95182.752 ms fetching 68.973 ms
INFO: at 95310.948 ms batch [75.429] delay 127.893 ms
INFO: at 95310.948 ms fetching 75.429 ms
INFO: at 95439.369 ms batch [51.936] delay 127.893 ms
INFO: at 95439.369 ms fetching 51.936 ms
INFO: at 95567.446 ms batch [100.462] delay 391.390 ms
INFO: at 95567.446 ms fetching 100.462 ms
INFO: at 95960.915 ms batch [66.513] delay 391.390 ms
INFO: at 95960.915 ms fetching 66.513 ms
INFO: at 96353.430 ms batch [60.884] delay 391.390 ms
INFO: at 96353.430 ms fetching 60.884 ms
INFO: at 96745.672 ms batch [62.416] delay 391.390 ms
INFO: at 96745.672 ms fetching 62.416 ms
INFO: at 97137.922 ms batch [57.831] delay 391.390 ms
INFO: at 97137.922 ms fetching 57.831 ms
INFO: at 97530.153 ms batch [96.005] delay 391.390 ms
INFO: at 97530.153 ms fetching 96.005 ms
INFO: at 97923.477 ms batch [75.961] delay 391.390 ms
INFO: at 97923.477 ms fetching 75.961 ms
INFO: at 98315.868 ms batch [80.629] delay 391.390 ms
INFO: at 98315.868 ms fetching 80.629 ms
INFO: at 98707.946 ms batch [48.728] delay 391.390 ms
INFO: at 98707.946 ms fetching 48.728 ms
INFO: at 99100.096 ms batch [73.509] delay 391.390 ms
INFO: at 99100.096 ms fetching 73.509 ms
INFO: at 99492.608 ms batch [95.722] delay 50.698 ms
INFO: at 99492.608 ms fetching 95.722 ms
INFO: at 99543.924 ms batch [63.337] delay 50.698 ms
INFO: at 99543.924 ms fetching 63.337 ms
INFO: at 99595.140 ms batch [69.133] delay 50.698 ms
INFO: at 99595.140 ms fetching 69.133 ms
INFO: at 99646.467 ms batch [57.426] delay 50.698 ms
INFO: at 99646.467 ms fetching 57.426 ms
INFO: at 99697.744 ms batch [92.396] delay 50.698 ms
INFO: at 99697.744 ms fetching 92.396 ms
INFO: at 99749.057 ms batch [67.101] delay 50.698 ms
INFO: at 99749.057 ms fetching 67.101 ms
INFO: at 99800.785 ms batch [107.354] delay 50.698 ms
INFO: at 99800.785 ms fetching 107.354 ms
INFO: at 99853.343 ms batch [56.692] delay 50.698 ms
INFO: at 99853.343 ms fetching 56.692 ms
INFO: at 99904.769 ms batch [79.899] delay 50.698 ms
INFO: at 99904.769 ms fetching 79.899 ms
INFO: at 99956.096 ms batch [59.505] delay 50.698 ms
INFO: at 99956.096 ms fetching 59.505 ms
INFO: at 100007.018 ms batch [78.171] delay 95.782 ms
INFO: at 100007.018 ms fetching 78.171 ms
INFO: at 100103.466 ms batch [58.223] delay 95.782 ms
INFO: at 100103.466 ms fetching 58.223 ms
INFO: at 100200.190 ms batch [76.656] delay 95.782 ms
INFO: at 100200.190 ms fetching 76.656 ms
INFO: at 100296.584 ms batch [57.771] delay 95.782 ms
INFO: at 100296.584 ms fetching 57.771 ms
INFO: at 100393.163 ms batch [55.574] delay 95.782 ms
INFO: at 100393.163 ms fetching 55.574 ms
INFO: at 100489.994 ms batch [79.169] delay 95.782 ms
INFO: at 100489.994 ms fetching 79.169 ms
INFO: at 100587.424 ms batch [64.587] delay 95.782 ms
INFO: at 100587.424 ms fetching 64.587 ms
INFO: at 100684.173 ms batch [81.972] delay 95.782 ms
INFO: at 100684.173 ms fetching 81.972 ms
INFO: at 100780.480 ms batch [69.430] delay 95.782 ms
INFO: at 100780.480 ms fetching 69.430 ms
INFO: at 100876.460 ms batch [76.440] delay 95.782 ms
INFO: at 100876.460 ms fetching 76.440 ms
INFO: at 100972.969 ms batch [58.279] delay 29.634 ms
INFO: at 100972.969 ms fetching 58.279 ms
INFO: at 101003.306 ms batch [85.397] delay 29.634 ms
INFO: at 101003.306 ms fetching 85.397 ms
INFO: at 101033.660 ms batch [64.213] delay 29.634 ms
INFO: at 101033.660 ms fetching 64.213 ms
INFO: at 101064.398 ms batch [67.695] delay 29.634 ms
INFO: at 101064.398 ms fetching 67.695 ms
INFO: at 101094.797 ms batch [52.139] delay 29.634 ms
INFO: at 101094.797 ms fetching 52.139 ms
INFO: at 101124.843 ms batch [61.884] delay 29.634 ms
INFO: at 101124.843 ms fetching 61.884 ms
INFO: at 101155.312 ms batch [67.413] delay 29.634 ms
INFO: at 101155.312 ms fetching 67.413 ms
INFO: at 101185.758 ms batch [68.965] delay 29.634 ms
INFO: at 101185.758 ms fetching 68.965 ms
INFO: at 101216.095 ms batch [73.973] delay 29.634 ms
INFO: at 101216.095 ms fetching 73.973 ms
INFO: at 101246.444 ms batch [72.163] delay 29.634 ms
INFO: at 101246.444 ms fetching 72.163 ms
INFO: at 101276.916 ms batch [64.530] delay 44.431 ms
INFO: at 101276.916 ms fetching 64.530 ms
INFO: at 101321.450 ms batch [70.897] delay 44.431 ms
INFO: at 101321.450 ms fetching 70.897 ms
INFO: at 101366.808 ms batch [60.415] delay 44.431 ms
INFO: at 101366.808 ms fetching 60.415 ms
INFO: at 101412.232 ms batch [76.839] delay 44.431 ms
INFO: at 101412.232 ms fetching 76.839 ms
INFO: at 101457.551 ms batch [51.049] delay 44.431 ms
INFO: at 101457.551 ms fetching 51.049 ms
INFO: at 101502.463 ms batch [66.123] delay 44.431 ms
INFO: at 101502.463 ms fetching 66.123 ms
INFO: at 101547.916 ms batch [73.679] delay 44.431 ms
INFO: at 101547.916 ms fetching 73.679 ms
INFO: at 101592.834 ms batch [71.215] delay 44.431 ms
INFO: at 101592.834 ms fetching 71.215 ms
INFO: at 101638.172 ms batch [90.176] delay 44.431 ms
INFO: at 101638.172 ms fetching 90.176 ms
INFO: at 101683.506 ms batch [51.358] delay 44.431 ms
INFO: at 101683.506 ms fetching 51.358 ms
INFO: at 101728.361 ms batch [67.397] delay 278.708 ms
INFO: at 101728.361 ms fetching 67.397 ms
INFO: at 102007.271 ms batch [75.145] delay 278.708 ms
INFO: at 102007.271 ms fetching 75.145 ms
INFO: at 102286.989 ms batch [78.004] delay 278.708 ms
INFO: at 102286.989 ms fetching 78.004 ms
INFO: at 102566.669 ms batch [91.340] delay 278.708 ms
INFO: at 102566.669 ms fetching 91.340 ms
INFO: at 102846.027 ms batch [57.886] delay 278.708 ms
INFO: at 102846.027 ms fetching 57.886 ms
INFO: at 103125.148 ms batch [65.675] delay 278.708 ms
INFO: at 103125.148 ms fetching 65.675 ms
INFO: at 103404.239 ms batch [59.814] delay 278.708 ms
INFO: at 103404.239 ms fetching 59.814 ms
INFO: at 103684.135 ms batch [71.484] delay 278.708 ms
INFO: at 103684.135 ms fetching 71.484 ms
INFO: at 103963.447 ms batch [56.045] delay 278.708 ms
INFO: at 103963.447 ms fetching 56.045 ms
INFO: at 104242.470 ms batch [57.688] delay 278.708 ms
INFO: at 104242.470 ms fetching 57.688 ms
INFO: at 104521.480 ms batch [73.062] delay 36.686 ms
INFO: at 104521.480 ms fetching 73.062 ms
INFO: at 104558.811 ms batch [70.407] delay 36.686 ms
INFO: at 104558.811 ms fetching 70.407 ms
INFO: at 104596.126 ms batch [55.568] delay 36.686 ms
INFO: at 104596.126 ms fetching 55.568 ms
INFO: at 104633.632 ms batch [61.286] delay 36.686 ms
INFO: at 104633.632 ms fetching 61.286 ms
INFO: at 104670.958 ms batch [58.304] delay 36.686 ms
INFO: at 104670.958 ms fetching 58.304 ms
INFO: at 104708.530 ms batch [65.453] delay 36.686 ms
INFO: at 104708.530 ms fetching 65.453 ms
INFO: at 104745.853 ms batch [86.250] delay 36.686 ms
INFO: at 104745.853 ms fetching 86.250 ms
INFO: at 104783.017 ms batch [56.648] delay 36.686 ms
INFO: at 104783.017 ms fetching 56.648 ms
INFO: at 104820.356 ms batch [71.935] delay 36.686 ms
INFO: at 104820.356 ms fetching 71.935 ms
INFO: at 104857.754 ms batch [52.649] delay 36.686 ms
INFO: at 104857.754 ms fetching 52.649 ms
INFO: at 104895.031 ms batch [56.445] delay 5.207 ms
INFO: at 104895.031 ms fetching 56.445 ms
INFO: at 104900.456 ms batch [60.590] delay 5.207 ms
INFO: at 104900.456 ms fetching 60.590 ms
INFO: at 104905.836 ms batch [51.780] delay 5.207 ms
INFO: at 104905.836 ms fetching 51.780 ms
INFO: at 104911.196 ms batch [75.706] delay 5.207 ms
INFO: at 104911.196 ms fetching 75.706 ms
INFO: at 104916.606 ms batch [63.515] delay 5.207 ms
INFO: at 104916.606 ms fetching 63.515 ms
INFO: at 104922.021 ms batch [111.414] delay 5.207 ms
INFO: at 104922.021 ms fetching 111.414 ms
INFO: at 104927.386 ms batch [42.649] delay 5.207 ms
INFO: at 104927.386 ms fetching 42.649 ms
INFO: at 104932.784 ms batch [71.099] delay 5.207 ms
INFO: at 104932.784 ms fetching 71.099 ms
INFO: at 104938.169 ms batch [65.027] delay 5.207 ms
INFO: at 104938.169 ms fetching 65.027 ms
INFO: at 104943.519 ms batch [71.271] delay 12.319 ms
INFO: at 104943.519 ms fetching 71.271 ms
INFO: at 104957.912 ms batch [71.585] delay 12.319 ms
INFO: at 104957.912 ms fetching 71.585 ms
INFO: at 104972.260 ms batch [64.102] delay 12.319 ms
INFO: at 104972.260 ms fetching 64.102 ms
INFO: at 104986.611 ms batch [101.326] delay 12.319 ms
INFO: at 104986.611 ms fetching 101.326 ms
INFO: at 104999.739 ms batch [63.229] delay 12.319 ms
INFO: at 104999.739 ms fetching 63.229 ms
INFO: at 105012.167 ms batch [61.724] delay 49.711 ms
INFO: at 105012.167 ms fetching 61.724 ms
INFO: at 105062.520 ms batch [61.939] delay 49.711 ms
INFO: at 105062.520 ms fetching 61.939 ms
INFO: at 105112.797 ms batch [63.627] delay 49.711 ms
INFO: at 105112.797 ms fetching 63.627 ms
INFO: at 105163.731 ms batch [64.007] delay 49.711 ms
INFO: at 105163.731 ms fetching 64.007 ms
INFO: at 105214.074 ms batch [58.408] delay 49.711 ms
INFO: at 105214.074 ms fetching 58.408 ms
INFO: at 105264.593 ms batch [55.625] delay 49.711 ms
INFO: at 105264.593 ms fetching 55.625 ms
INFO: at 105314.989 ms batch [63.115] delay 49.711 ms
INFO: at 105314.989 ms fetching 63.115 ms
INFO: at 105364.854 ms batch [97.715] delay 49.711 ms
INFO: at 105364.854 ms fetching 97.715 ms
INFO: at 105415.051 ms batch [59.298] delay 49.711 ms
INFO: at 105415.051 ms fetching 59.298 ms
INFO: at 105465.497 ms batch [54.816] delay 49.711 ms
INFO: at 105465.497 ms fetching 54.816 ms
INFO: at 105516.039 ms batch [54.166] delay 45.256 ms
INFO: at 105516.039 ms fetching 54.166 ms
INFO: at 105562.404 ms batch [67.144] delay 45.256 ms
INFO: at 105562.404 ms fetching 67.144 ms
INFO: at 105607.829 ms batch [66.443] delay 45.256 ms
INFO: at 105607.829 ms fetching 66.443 ms
INFO: at 105653.178 ms batch [65.627] delay 45.256 ms
INFO: at 105653.178 ms fetching 65.627 ms
INFO: at 105699.014 ms batch [59.938] delay 45.256 ms
INFO: at 105699.014 ms fetching 59.938 ms
INFO: at 105744.420 ms batch [55.310] delay 45.256 ms
INFO: at 105744.420 ms fetching 55.310 ms
INFO: at 105790.143 ms batch [80.171] delay 45.256 ms
INFO: at 105790.143 ms fetching 80.171 ms
INFO: at 105836.469 ms batch [70.515] delay 45.256 ms
INFO: at 105836.469 ms fetching 70.515 ms
INFO: at 105883.764 ms batch [59.720] delay 45.256 ms
INFO: at 105883.764 ms fetching 59.720 ms
INFO: at 105930.080 ms batch [68.558] delay 45.256 ms
INFO: at 105930.080 ms fetching 68.558 ms
INFO: at 105976.436 ms batch [77.578] delay 551.583 ms
INFO: at 105976.436 ms fetching 77.578 ms
INFO: at 106529.530 ms batch [89.622] delay 551.583 ms
INFO: at 106529.530 ms fetching 89.622 ms
INFO: at 107082.621 ms batch [60.582] delay 551.583 ms
INFO: at 107082.621 ms fetching 60.582 ms
INFO: at 107635.392 ms batch [55.718] delay 551.583 ms
INFO: at 107635.392 ms fetching 55.718 ms
INFO: at 108188.210 ms batch [53.842] delay 551.583 ms
INFO: at 108188.210 ms fetching 53.842 ms
INFO: at 108741.197 ms batch [49.023] delay 551.583 ms
INFO: at 108741.197 ms fetching 49.023 ms
INFO: at 109293.517 ms batch [67.050] delay 551.583 ms
INFO: at 109293.517 ms fetching 67.050 ms
INFO: at 109847.522 ms batch [73.372] delay 551.583 ms
INFO: at 109847.522 ms fetching 73.372 ms
INFO: at 110401.072 ms batch [74.299] delay 551.583 ms
INFO: at 110401.072 ms fetching 74.299 ms
INFO: at 110953.240 ms batch [78.836] delay 551.583 ms
INFO: at 110953.240 ms fetching 78.836 ms
INFO: at 111506.289 ms batch [71.369] delay 161.982 ms
INFO: at 111506.289 ms fetching 71.369 ms
INFO: at 111668.464 ms batch [83.786] delay 161.982 ms
INFO: at 111668.464 ms fetching 83.786 ms
INFO: at 111832.418 ms batch [51.786] delay 161.982 ms
INFO: at 111832.418 ms fetching 51.786 ms
INFO: at 111995.935 ms batch [61.093] delay 161.982 ms
INFO: at 111995.935 ms fetching 61.093 ms
INFO: at 112159.071 ms batch [57.997] delay 161.982 ms
INFO: at 112159.071 ms fetching 57.997 ms
INFO: at 112322.187 ms batch [71.652] delay 354.097 ms
INFO: at 112322.187 ms fetching 71.652 ms
INFO: at 112677.629 ms batch [65.336] delay 354.097 ms
INFO: at 112677.629 ms fetching 65.336 ms
INFO: at 113032.212 ms batch [91.146] delay 354.097 ms
INFO: at 113032.212 ms fetching 91.146 ms
INFO: at 113387.565 ms batch [52.549] delay 354.097 ms
INFO: at 113387.565 ms fetching 52.549 ms
INFO: at 113742.298 ms batch [71.139] delay 354.097 ms
INFO: at 113742.298 ms fetching 71.139 ms
INFO: at 114097.341 ms batch [66.384] delay 1198.887 ms
INFO: at 114097.341 ms fetching 66.384 ms
INFO: at 115297.730 ms batch [51.623] delay 1198.887 ms
INFO: at 115297.730 ms fetching 51.623 ms
INFO: at 116498.045 ms batch [50.279] delay 1198.887 ms
INFO: at 116498.045 ms fetching 50.279 ms
INFO: at 117698.229 ms batch [57.677] delay 1198.887 ms
INFO: at 117698.229 ms fetching 57.677 ms
INFO: at 118900.209 ms batch [58.375] delay 1198.887 ms
INFO: at 118900.209 ms fetching 58.375 ms
INFO: at 120101.109 ms batch [76.351] delay 689.144 ms
INFO: at 120101.109 ms fetching 76.351 ms
INFO: at 120791.134 ms batch [57.493] delay 689.144 ms
INFO: at 120791.134 ms fetching 57.493 ms
INFO: at 121481.218 ms batch [60.590] delay 689.144 ms
INFO: at 121481.218 ms fetching 60.590 ms
INFO: at 122171.328 ms batch [62.063] delay 689.144 ms
INFO: at 122171.328 ms fetching 62.063 ms
INFO: at 122861.231 ms batch [53.537] delay 689.144 ms
INFO: at 122861.231 ms fetching 53.537 ms
INFO: at 123551.298 ms batch [80.839] delay 26.145 ms
INFO: at 123551.298 ms fetching 80.839 ms
INFO: at 123578.641 ms batch [67.194] delay 26.145 ms
INFO: at 123578.641 ms fetching 67.194 ms
INFO: at 123606.074 ms batch [56.802] delay 26.145 ms
INFO: at 123606.074 ms fetching 56.802 ms
INFO: at 123633.397 ms batch [83.699] delay 26.145 ms
INFO: at 123633.397 ms fetching 83.699 ms
INFO: at 123659.827 ms batch [60.948] delay 26.145 ms
INFO: at 123659.827 ms fetching 60.948 ms
INFO: at 123687.226 ms batch [58.349] delay 825.669 ms
INFO: at 123687.226 ms fetching 58.349 ms
INFO: at 124514.537 ms batch [52.536] delay 825.669 ms
INFO: at 124514.537 ms fetching 52.536 ms
INFO: at 125341.991 ms batch [50.520] delay 825.669 ms
INFO: at 125341.991 ms fetching 50.520 ms
INFO: at 126169.205 ms batch [47.944] delay 825.669 ms
INFO: at 126169.205 ms fetching 47.944 ms
INFO: at 126996.009 ms batch [78.580] delay 825.669 ms
INFO: at 126996.009 ms fetching 78.580 ms
INFO: at 127823.007 ms batch [80.710] delay 351.338 ms
INFO: at 127823.007 ms fetching 80.710 ms
INFO: at 128175.498 ms batch [73.332] delay 351.338 ms
INFO: at 128175.498 ms fetching 73.332 ms
INFO: at 128527.539 ms batch [57.846] delay 351.338 ms
INFO: at 128527.539 ms fetching 57.846 ms
INFO: at 128880.955 ms batch [48.872] delay 351.338 ms
INFO: at 128880.955 ms fetching 48.872 ms
INFO: at 129232.925 ms batch [58.197] delay 351.338 ms
INFO: at 129232.925 ms fetching 58.197 ms
INFO: at 129586.563 ms batch [66.452] delay 167.159 ms
INFO: at 129586.563 ms fetching 66.452 ms
INFO: at 129754.175 ms batch [85.422] delay 167.159 ms
INFO: at 129754.175 ms fetching 85.422 ms
INFO: at 129922.165 ms batch [70.910] delay 167.159 ms
INFO: at 129922.165 ms fetching 70.910 ms
INFO: at 130090.227 ms batch [90.863] delay 167.159 ms
INFO: at 130090.227 ms fetching 90.863 ms
INFO: at 130258.340 ms batch [55.440] delay 167.159 ms
INFO: at 130258.340 ms fetching 55.440 ms
INFO: at 130425.770 ms batch [55.137] delay 246.742 ms
INFO: at 130425.770 ms fetching 55.137 ms
INFO: at 130673.201 ms batch [59.168] delay 246.742 ms
INFO: at 130673.201 ms fetching 59.168 ms
INFO: at 130920.873 ms batch [68.627] delay 246.742 ms
INFO: at 130920.873 ms fetching 68.627 ms
INFO: at 131168.749 ms batch [81.759] delay 246.742 ms
INFO: at 131168.749 ms fetching 81.759 ms
INFO: at 131415.789 ms batch [71.792] delay 246.742 ms
INFO: at 131415.789 ms fetching 71.792 ms
INFO: at 131662.820 ms batch [75.879] delay 103.478 ms
INFO: at 131662.820 ms fetching 75.879 ms
INFO: at 131767.316 ms batch [61.128] delay 103.478 ms
INFO: at 131767.316 ms fetching 61.128 ms
INFO: at 131872.446 ms batch [58.309] delay 103.478 ms
INFO: at 131872.446 ms fetching 58.309 ms
INFO: at 131976.321 ms batch [57.151] delay 103.478 ms
INFO: at 131976.321 ms fetching 57.151 ms
INFO: at 132080.092 ms batch [68.864] delay 103.478 ms
INFO: at 132080.092 ms fetching 68.864 ms
INFO: at 132183.800 ms batch [61.775] delay 36.069 ms
INFO: at 132183.800 ms fetching 61.775 ms
INFO: at 132221.272 ms batch [69.850] delay 36.069 ms
INFO: at 132221.272 ms fetching 69.850 ms
INFO: at 132258.208 ms batch [51.632] delay 36.069 ms
INFO: at 132258.208 ms fetching 51.632 ms
INFO: at 132295.550 ms batch [70.532] delay 36.069 ms
INFO: at 132295.550 ms fetching 70.532 ms
INFO: at 132332.339 ms batch [48.432] delay 36.069 ms
INFO: at 132332.339 ms fetching 48.432 ms
INFO: at 132369.655 ms batch [58.980] delay 196.070 ms
INFO: at 132369.655 ms fetching 58.980 ms
INFO: at 132566.442 ms batch [78.161] delay 196.070 ms
INFO: at 132566.442 ms fetching 78.161 ms
INFO: at 132762.900 ms batch [69.657] delay 196.070 ms
INFO: at 132762.900 ms fetching 69.657 ms
INFO: at 132959.345 ms batch [64.114] delay 196.070 ms
INFO: at 132959.345 ms fetching 64.114 ms
INFO: at 133156.039 ms batch [48.776] delay 196.070 ms
INFO: at 133156.039 ms fetching 48.776 ms
INFO: at 133352.548 ms batch [50.245] delay 303.462 ms
INFO: at 133352.548 ms fetching 50.245 ms
INFO: at 133657.107 ms batch [73.393] delay 303.462 ms
INFO: at 133657.107 ms fetching 73.393 ms
INFO: at 133961.846 ms batch [76.079] delay 303.462 ms
INFO: at 133961.846 ms fetching 76.079 ms
INFO: at 134266.271 ms batch [81.937] delay 303.462 ms
INFO: at 134266.271 ms fetching 81.937 ms
INFO: at 134570.536 ms batch [51.195] delay 303.462 ms
INFO: at 134570.536 ms fetching 51.195 ms
INFO: at 134874.719 ms batch [54.340] delay 126.085 ms
INFO: at 134874.719 ms fetching 54.340 ms
INFO: at 135001.794 ms batch [59.679] delay 126.085 ms
INFO: at 135001.794 ms fetching 59.679 ms
INFO: at 135129.640 ms batch [63.553] delay 126.085 ms
INFO: at 135129.640 ms fetching 63.553 ms
INFO: at 135255.855 ms batch [61.794] delay 126.085 ms
INFO: at 135255.855 ms fetching 61.794 ms
INFO: at 135382.648 ms batch [84.806] delay 126.085 ms
INFO: at 135382.648 ms fetching 84.806 ms
INFO: at 135510.643 ms batch [74.223] delay 16.554 ms
INFO: at 135510.643 ms fetching 74.223 ms
INFO: at 135528.025 ms batch [50.878] delay 16.554 ms
INFO: at 135528.025 ms fetching 50.878 ms
INFO: at 135545.450 ms batch [54.310] delay 16.554 ms
INFO: at 135545.450 ms fetching 54.310 ms
INFO: at 135562.780 ms batch [57.180] delay 16.554 ms
INFO: at 135562.780 ms fetching 57.180 ms
INFO: at 135580.156 ms batch [67.143] delay 16.554 ms
INFO: at 135580.156 ms fetching 67.143 ms
INFO: at 135597.692 ms batch [51.015] delay 106.543 ms
INFO: at 135597.692 ms fetching 51.015 ms
INFO: at 135704.950 ms batch [50.241] delay 106.543 ms
INFO: at 135704.950 ms fetching 50.241 ms
INFO: at 135812.379 ms batch [94.873] delay 106.543 ms
INFO: at 135812.379 ms fetching 94.873 ms
INFO: at 135919.114 ms batch [58.847] delay 106.543 ms
INFO: at 135919.114 ms fetching 58.847 ms
INFO: at 136026.249 ms batch [48.375] delay 106.543 ms
INFO: at 136026.249 ms fetching 48.375 ms
INFO: at 136134.647 ms batch [64.258] delay 214.770 ms
INFO: at 136134.647 ms fetching 64.258 ms
INFO: at 136349.999 ms batch [57.565] delay 214.770 ms
INFO: at 136349.999 ms fetching 57.565 ms
INFO: at 136565.260 ms batch [59.482] delay 214.770 ms
INFO: at 136565.260 ms fetching 59.482 ms
INFO: at 136780.689 ms batch [80.438] delay 214.770 ms
INFO: at 136780.689 ms fetching 80.438 ms
INFO: at 136996.082 ms batch [62.447] delay 214.770 ms
INFO: at 136996.082 ms fetching 62.447 ms
INFO: at 137211.147 ms batch [54.950] delay 158.087 ms
INFO: at 137211.147 ms fetching 54.950 ms
INFO: at 137369.896 ms batch [56.191] delay 158.087 ms
INFO: at 137369.896 ms fetching 56.191 ms
INFO: at 137528.759 ms batch [59.781] delay 158.087 ms
INFO: at 137528.759 ms fetching 59.781 ms
INFO: at 137687.066 ms batch [71.368] delay 158.087 ms
INFO: at 137687.066 ms fetching 71.368 ms
INFO: at 137845.904 ms batch [66.818] delay 158.087 ms
INFO: at 137845.904 ms fetching 66.818 ms
INFO: at 138005.109 ms batch [73.848] delay 624.731 ms
INFO: at 138005.109 ms fetching 73.848 ms
INFO: at 138630.920 ms batch [72.891] delay 624.731 ms
INFO: at 138630.920 ms fetching 72.891 ms
INFO: at 139257.084 ms batch [56.703] delay 624.731 ms
INFO: at 139257.084 ms fetching 56.703 ms
INFO: at 139882.925 ms batch [77.120] delay 624.731 ms
INFO: at 139882.925 ms fetching 77.120 ms
INFO: at 140509.059 ms batch [72.938] delay 624.731 ms
INFO: at 140509.059 ms fetching 72.938 ms
INFO: at 141135.396 ms batch [54.967] delay 337.734 ms
INFO: at 141135.396 ms fetching 54.967 ms
INFO: at 141473.786 ms batch [95.687] delay 337.734 ms
INFO: at 141473.786 ms fetching 95.687 ms
INFO: at 141813.150 ms batch [76.618] delay 337.734 ms
INFO: at 141813.150 ms fetching 76.618 ms
INFO: at 142151.602 ms batch [65.277] delay 337.734 ms
INFO: at 142151.602 ms fetching 65.277 ms
INFO: at 142489.806 ms batch [63.941] delay 337.734 ms
INFO: at 142489.806 ms fetching 63.941 ms
INFO: at 142829.661 ms batch [53.177] delay 71.769 ms
INFO: at 142829.661 ms fetching 53.177 ms
INFO: at 142902.126 ms batch [124.170] delay 71.769 ms
INFO: at 142902.126 ms fetching 124.170 ms
INFO: at 142975.574 ms batch [63.236] delay 71.769 ms
INFO: at 142975.574 ms fetching 63.236 ms
INFO: at 143048.120 ms batch [64.762] delay 71.769 ms
INFO: at 143048.120 ms fetching 64.762 ms
INFO: at 143120.427 ms batch [64.438] delay 71.769 ms
INFO: at 143120.427 ms fetching 64.438 ms
INFO: at 143192.306 ms batch [54.214] delay 95.704 ms
INFO: at 143192.306 ms fetching 54.214 ms
INFO: at 143288.161 ms batch [65.652] delay 95.704 ms
INFO: at 143288.161 ms fetching 65.652 ms
INFO: at 143384.256 ms batch [58.436] delay 95.704 ms
INFO: at 143384.256 ms fetching 58.436 ms
INFO: at 143480.223 ms batch [42.020] delay 95.704 ms
INFO: at 143480.223 ms fetching 42.020 ms
INFO: at 143576.686 ms batch [80.604] delay 95.704 ms
INFO: at 143576.686 ms fetching 80.604 ms
INFO: at 143673.722 ms batch [65.760] delay 95.704 ms
INFO: at 143673.722 ms fetching 65.760 ms
INFO: at 143770.293 ms batch [58.471] delay 95.704 ms
INFO: at 143770.293 ms fetching 58.471 ms
INFO: at 143866.527 ms batch [64.697] delay 95.704 ms
INFO: at 143866.527 ms fetching 64.697 ms
INFO: at 143962.718 ms batch [66.161] delay 95.704 ms
INFO: at 143962.718 ms fetching 66.161 ms
INFO: at 144059.452 ms batch [56.378] delay 95.704 ms
INFO: at 144059.452 ms fetching 56.378 ms
INFO: done
INFO: stopping nexus
