I1211 04:34:28.448884 129240 frontend.cpp:85] App port 9001, rpc port 9002
I1211 04:34:28.450695 129240 rpc_service_base.h:46] RPC service is listening on 0.0.0.0:9002
I1211 04:34:28.454399 129240 model_handler.cpp:90] fake:fake_0:1:224x224:703 load balance policy: 3
I1211 04:34:28.454475 129240 frontend.cpp:315] Update model route for fake:fake_0:1:224x224:703
I1211 04:34:28.455057 129240 model_handler.cpp:177] - backend 2971964322: 3818.24
I1211 04:34:28.455091 129240 model_handler.cpp:182] Total throughput: 3818.24
I1211 04:34:28.455667 129240 frontend.cpp:45] Frontend server (id: 2418237191) is listening on 0.0.0.0:9001
I1211 04:34:28.455734 129240 backend_pool.cpp:58] Connected to backend 2971964322
I1211 04:34:29.444998 129240 connection.cpp:28] Connection Stop
I1211 04:35:10.442014 129246 frontend.cpp:315] Update model route for fake:fake_0:1:224x224:703
I1211 04:35:10.442137 129246 model_handler.cpp:177] - backend 2971964322: 10.0147
I1211 04:35:10.442152 129246 model_handler.cpp:182] Total throughput: 10.0147
I1211 04:35:35.445243 129246 frontend.cpp:315] Update model route for fake:fake_0:1:224x224:703
I1211 04:35:35.445354 129246 model_handler.cpp:177] - backend 2971964322: 11.4483
I1211 04:35:35.445367 129246 model_handler.cpp:182] Total throughput: 11.4483
I1211 04:35:57.448055 129246 frontend.cpp:315] Update model route for fake:fake_0:1:224x224:703
I1211 04:35:57.448165 129246 model_handler.cpp:177] - backend 2971964322: 10.0147
I1211 04:35:57.448179 129246 model_handler.cpp:182] Total throughput: 10.0147
I1211 04:36:07.449906 129246 frontend.cpp:315] Update model route for fake:fake_0:1:224x224:703
I1211 04:36:07.449990 129246 model_handler.cpp:177] - backend 2971964322: 7.14957
I1211 04:36:07.450002 129246 model_handler.cpp:182] Total throughput: 7.14957
I1211 04:36:17.451812 129246 frontend.cpp:315] Update model route for fake:fake_0:1:224x224:703
I1211 04:36:17.451901 129246 model_handler.cpp:177] - backend 2971964322: 4.28749
I1211 04:36:17.451913 129246 model_handler.cpp:182] Total throughput: 4.28749
I1211 04:36:27.453287 129246 frontend.cpp:315] Update model route for fake:fake_0:1:224x224:703
I1211 04:36:27.453403 129246 model_handler.cpp:177] - backend 2971964322: 4.28749
I1211 04:36:27.453416 129246 model_handler.cpp:182] Total throughput: 4.28749
I1211 04:36:37.455345 129246 frontend.cpp:315] Update model route for fake:fake_0:1:224x224:703
I1211 04:36:37.455446 129246 model_handler.cpp:177] - backend 2971964322: 2.85758
I1211 04:36:37.455456 129246 model_handler.cpp:182] Total throughput: 2.85758
I1211 04:36:47.456934 129246 frontend.cpp:315] Update model route for fake:fake_0:1:224x224:703
I1211 04:36:47.457034 129246 model_handler.cpp:177] - backend 2971964322: 2.85758
I1211 04:36:47.457046 129246 model_handler.cpp:182] Total throughput: 2.85758
I1211 04:36:57.458580 129246 frontend.cpp:315] Update model route for fake:fake_0:1:224x224:703
I1211 04:36:57.458673 129246 model_handler.cpp:177] - backend 2971964322: 2.85758
I1211 04:36:57.458683 129246 model_handler.cpp:182] Total throughput: 2.85758
I1211 04:37:07.460023 129246 frontend.cpp:315] Update model route for fake:fake_0:1:224x224:703
I1211 04:37:07.460116 129246 model_handler.cpp:177] - backend 2971964322: 2.85758
I1211 04:37:07.460134 129246 model_handler.cpp:182] Total throughput: 2.85758
I1211 04:37:17.461608 129246 frontend.cpp:315] Update model route for fake:fake_0:1:224x224:703
I1211 04:37:17.461711 129246 model_handler.cpp:177] - backend 2971964322: 2.85758
I1211 04:37:17.461724 129246 model_handler.cpp:182] Total throughput: 2.85758
I1211 04:37:29.463922 129246 frontend.cpp:315] Update model route for fake:fake_0:1:224x224:703
I1211 04:37:29.464040 129246 model_handler.cpp:177] - backend 2971964322: 4.28749
I1211 04:37:29.464052 129246 model_handler.cpp:182] Total throughput: 4.28749
I1211 04:37:38.466570 129240 connection.cpp:28] Connection Stop
I1211 04:37:38.467242 129246 frontend.cpp:315] Update model route for fake:fake_0:1:224x224:703
I1211 04:37:38.467308 129246 frontend.cpp:346] Remove backend 2971964322
I1211 04:37:38.467348 129246 backend_pool.cpp:113] Remove backend 2971964322
I1211 04:37:38.467366 129246 backend_pool.cpp:38] Disconnect to backend 2971964322
I1211 04:37:38.467372 129246 connection.cpp:28] Connection Stop
I1211 04:37:38.467456 129246 model_handler.cpp:182] Total throughput: 0
*** Aborted at 1639197458 (unix time) try "date -d @1639197458" if you are using GNU date ***
PC: @                0x0 (unknown)
*** SIGFPE (@0x7fe5c989a812) received by PID 129240 (TID 0x7fe5c1aec700) from PID 18446744072795826194; stack trace: ***
    @     0x7fe5c8f66980 (unknown)
    @     0x7fe5c989a812 nexus::app::ModelHandler::UpdateRoute()
    @     0x7fe5c9878301 nexus::app::Frontend::UpdateBackendPoolAndModelRoute()
    @     0x7fe5c987658f nexus::app::Frontend::UpdateModelRoutes()
    @     0x7fe5c98b64df _ZZN5nexus3app10RpcService10HandleRpcsEvENKUlRKN9grpc_impl13ServerContextERKNS_17ModelRouteUpdatesEPNS_8RpcReplyEE_clES5_S8_SA_
    @     0x7fe5c98b68cd _ZNSt17_Function_handlerIFvRKN9grpc_impl13ServerContextERKN5nexus17ModelRouteUpdatesEPNS4_8RpcReplyEEZNS4_3app10RpcService10HandleRpcsEvEUlS3_S7_S9_E_E9_M_invokeERKSt9_Any_dataS3_S7_OS9_
    @     0x7fe5c98bcb54 std::function<>::operator()()
    @     0x7fe5c98bba7a nexus::app::UpdateModelRoutes_Call::Proceed()
E1211 04:37:38.470824 129240 frontend.cpp:285] Failed to connect to scheduler: Socket closed(14)
    @     0x7fe5c98b6646 nexus::app::RpcService::HandleRpcs()
    @     0x7fe5c9890e56 std::__invoke_impl<>()
    @     0x7fe5c988daf7 std::__invoke<>()
    @     0x7fe5c989671b _ZNSt6thread8_InvokerISt5tupleIJMN5nexus19AsyncRpcServiceBaseINS2_12FrontendCtrl33WithAsyncMethod_UpdateModelRoutesINS4_26WithAsyncMethod_CheckAliveINS4_7ServiceEEEEEEEFvvEPSA_EEE9_M_invokeIJLm0ELm1EEEEDTcl8__invokespcl10_S_declvalIXT_EEEEESt12_Index_tupleIJXspT_EEE
    @     0x7fe5c98963be std::thread::_Invoker<>::operator()()
    @     0x7fe5c9895a34 std::thread::_State_impl<>::_M_run()
    @     0x7fe5c8c886df (unknown)
    @     0x7fe5c8f5b6db start_thread
    @     0x7fe5c86e371f clone
    @                0x0 (unknown)
