22-04-03:20:13:32 INFO     [docker_container_manager.py:192] [default-cluster] Starting managed Redis instance in Docker
22-04-03:20:13:34 INFO     [docker_container_manager.py:294] [default-cluster] Metric Configuration Saved at /tmp/tmpdweg0poo.yml
22-04-03:20:13:35 INFO     [clipper_admin.py:162] [default-cluster] Clipper is running
22-04-03:20:13:35 INFO     [clipper_admin.py:236] [default-cluster] Application fake-model was successfully registered
22-04-03:20:13:35 INFO     [deployer_utils.py:41] Saving function to /tmp/tmps0y_eqpvclipper
22-04-03:20:13:35 INFO     [deployer_utils.py:51] Serialized and supplied predict function
22-04-03:20:13:35 INFO     [python.py:192] Python closure saved
22-04-03:20:13:35 INFO     [python.py:210] Using Python 3.7 base image
22-04-03:20:13:35 INFO     [clipper_admin.py:534] [default-cluster] Building model Docker image with model data from /tmp/tmps0y_eqpvclipper
22-04-03:20:13:35 INFO     [clipper_admin.py:539] [default-cluster] Step 1/2 : FROM clipper/python37-closure-container:develop
22-04-03:20:13:35 INFO     [clipper_admin.py:539] [default-cluster]  ---> 2660542c0759
22-04-03:20:13:35 INFO     [clipper_admin.py:539] [default-cluster] Step 2/2 : COPY /tmp/tmps0y_eqpvclipper /model/
22-04-03:20:13:35 INFO     [clipper_admin.py:539] [default-cluster]  ---> fcb690bd8214
22-04-03:20:13:35 INFO     [clipper_admin.py:539] [default-cluster] Successfully built fcb690bd8214
22-04-03:20:13:35 INFO     [clipper_admin.py:539] [default-cluster] Successfully tagged default-cluster-fake-model:1
22-04-03:20:13:35 INFO     [clipper_admin.py:541] [default-cluster] Pushing model Docker image to default-cluster-fake-model:1
22-04-03:20:13:36 INFO     [docker_container_manager.py:433] [default-cluster] Found 0 replicas for fake-model:1. Adding 1
22-04-03:20:13:36 INFO     [clipper_admin.py:724] [default-cluster] Successfully registered model fake-model:1
22-04-03:20:13:36 INFO     [clipper_admin.py:642] [default-cluster] Done deploying model fake-model:1.
22-04-03:20:13:36 INFO     [clipper_admin.py:303] [default-cluster] Model fake-model is now linked to application fake-model
INFO: waiting for ready to serve
INFO: waiting for ready to serve
INFO: waiting for ready to serve
INFO: waiting for ready to serve
INFO: ready to go
INFO: rock and roll
INFO: at 2.907 ms batch [44.118] delay 22.000 ms
INFO: at 2.907 ms fetching 44.118 ms
INFO: at 24.911 ms batch [10.000] delay 22.000 ms
INFO: at 24.911 ms fetching 10.000 ms
INFO: at 46.915 ms batch [34.891] delay 22.000 ms
INFO: at 46.915 ms fetching 34.891 ms
INFO: at 68.918 ms batch [70.356] delay 22.000 ms
INFO: at 68.918 ms fetching 70.356 ms
INFO: at 90.921 ms batch [67.637] delay 22.000 ms
INFO: at 90.921 ms fetching 67.637 ms
INFO: at 112.925 ms batch [60.624] delay 22.000 ms
INFO: at 112.925 ms fetching 60.624 ms
INFO: at 134.929 ms batch [34.265] delay 22.000 ms
INFO: at 134.929 ms fetching 34.265 ms
INFO: at 156.933 ms batch [53.189] delay 22.000 ms
INFO: at 156.933 ms fetching 53.189 ms
INFO: at 178.936 ms batch [43.677] delay 22.000 ms
INFO: at 178.936 ms fetching 43.677 ms
INFO: at 200.940 ms batch [62.694] delay 22.000 ms
INFO: at 200.940 ms fetching 62.694 ms
INFO: at 222.943 ms batch [83.225] delay 27.500 ms
INFO: at 222.943 ms fetching 83.225 ms
INFO: at 250.448 ms batch [64.970] delay 27.500 ms
INFO: at 250.448 ms fetching 64.970 ms
INFO: at 277.953 ms batch [82.401] delay 27.500 ms
INFO: at 277.953 ms fetching 82.401 ms
INFO: at 305.457 ms batch [58.730] delay 27.500 ms
INFO: at 305.457 ms fetching 58.730 ms
INFO: at 332.961 ms batch [70.541] delay 22.000 ms
INFO: at 332.961 ms fetching 70.541 ms
INFO: at 354.964 ms batch [65.408] delay 22.000 ms
INFO: at 354.964 ms fetching 65.408 ms
INFO: at 376.968 ms batch [31.190] delay 22.000 ms
INFO: at 376.968 ms fetching 31.190 ms
INFO: at 398.972 ms batch [65.863] delay 22.000 ms
INFO: at 398.972 ms fetching 65.863 ms
INFO: at 420.976 ms batch [69.058] delay 22.000 ms
INFO: at 420.976 ms fetching 69.058 ms
INFO: at 442.979 ms batch [61.501] delay 27.500 ms
INFO: at 442.979 ms fetching 61.501 ms
INFO: at 470.485 ms batch [29.708] delay 27.500 ms
INFO: at 470.485 ms fetching 29.708 ms
INFO: at 497.990 ms batch [60.042] delay 27.500 ms
INFO: at 497.990 ms fetching 60.042 ms
INFO: at 525.494 ms batch [44.861] delay 27.500 ms
INFO: at 525.494 ms fetching 44.861 ms
INFO: at 552.999 ms batch [36.310] delay 27.500 ms
INFO: at 552.999 ms fetching 36.310 ms
INFO: at 580.503 ms batch [46.523] delay 27.500 ms
INFO: at 580.503 ms fetching 46.523 ms
INFO: at 608.007 ms batch [47.707] delay 27.500 ms
INFO: at 608.007 ms fetching 47.707 ms
INFO: at 635.510 ms batch [73.597] delay 27.500 ms
INFO: at 635.510 ms fetching 73.597 ms
INFO: at 663.015 ms batch [32.971] delay 27.500 ms
INFO: at 663.015 ms fetching 32.971 ms
INFO: at 690.518 ms batch [73.311] delay 27.500 ms
INFO: at 690.518 ms fetching 73.311 ms
INFO: at 718.023 ms batch [55.886] delay 27.500 ms
INFO: at 718.023 ms fetching 55.886 ms
INFO: at 745.527 ms batch [49.880] delay 27.500 ms
INFO: at 745.527 ms fetching 49.880 ms
INFO: at 773.069 ms batch [66.962] delay 27.500 ms
INFO: at 773.069 ms fetching 66.962 ms
INFO: at 800.584 ms batch [27.640] delay 27.500 ms
INFO: at 800.584 ms fetching 27.640 ms
INFO: at 828.088 ms batch [72.315] delay 27.500 ms
INFO: at 828.088 ms fetching 72.315 ms
INFO: at 855.592 ms batch [75.748] delay 27.500 ms
INFO: at 855.592 ms fetching 75.748 ms
INFO: at 883.095 ms batch [40.473] delay 27.500 ms
INFO: at 883.095 ms fetching 40.473 ms
INFO: at 910.600 ms batch [71.272] delay 27.500 ms
INFO: at 910.600 ms fetching 71.272 ms
INFO: at 938.103 ms batch [58.073] delay 27.500 ms
INFO: at 938.103 ms fetching 58.073 ms
INFO: at 965.612 ms batch [38.255] delay 27.500 ms
INFO: at 965.612 ms fetching 38.255 ms
INFO: at 993.116 ms batch [72.027] delay 27.500 ms
INFO: at 993.116 ms fetching 72.027 ms
INFO: at 1020.621 ms batch [32.583] delay 27.500 ms
INFO: at 1020.621 ms fetching 32.583 ms
INFO: at 1048.124 ms batch [40.259] delay 27.500 ms
INFO: at 1048.124 ms fetching 40.259 ms
INFO: at 1075.630 ms batch [26.922] delay 27.500 ms
INFO: at 1075.630 ms fetching 26.922 ms
INFO: at 1103.134 ms batch [100.000] delay 36.667 ms
INFO: at 1103.134 ms fetching 100.000 ms
INFO: at 1139.806 ms batch [77.871] delay 36.667 ms
INFO: at 1139.806 ms fetching 77.871 ms
INFO: at 1176.477 ms batch [89.347] delay 36.667 ms
INFO: at 1176.477 ms fetching 89.347 ms
INFO: at 1213.149 ms batch [50.825] delay 22.000 ms
INFO: at 1213.149 ms fetching 50.825 ms
INFO: at 1235.152 ms batch [50.195] delay 22.000 ms
INFO: at 1235.152 ms fetching 50.195 ms
INFO: at 1257.155 ms batch [31.654] delay 22.000 ms
INFO: at 1257.155 ms fetching 31.654 ms
INFO: at 1279.163 ms batch [74.325] delay 22.000 ms
INFO: at 1279.163 ms fetching 74.325 ms
INFO: at 1301.166 ms batch [59.696] delay 22.000 ms
INFO: at 1301.166 ms fetching 59.696 ms
INFO: at 1323.170 ms batch [47.497] delay 22.000 ms
INFO: at 1323.170 ms fetching 47.497 ms
INFO: at 1345.174 ms batch [72.566] delay 22.000 ms
INFO: at 1345.174 ms fetching 72.566 ms
INFO: at 1367.179 ms batch [32.118] delay 22.000 ms
INFO: at 1367.179 ms fetching 32.118 ms
INFO: at 1389.182 ms batch [51.171] delay 22.000 ms
INFO: at 1389.182 ms fetching 51.171 ms
INFO: at 1411.187 ms batch [53.873] delay 22.000 ms
INFO: at 1411.187 ms fetching 53.873 ms
INFO: at 1433.190 ms batch [60.305] delay 22.000 ms
INFO: at 1433.190 ms fetching 60.305 ms
INFO: at 1455.194 ms batch [68.368] delay 22.000 ms
INFO: at 1455.194 ms fetching 68.368 ms
INFO: at 1477.198 ms batch [78.587] delay 22.000 ms
INFO: at 1477.198 ms fetching 78.587 ms
INFO: at 1499.202 ms batch [37.076] delay 22.000 ms
INFO: at 1499.202 ms fetching 37.076 ms
INFO: at 1521.205 ms batch [51.839] delay 22.000 ms
INFO: at 1521.205 ms fetching 51.839 ms
INFO: at 1543.209 ms batch [63.724] delay 27.500 ms
INFO: at 1543.209 ms fetching 63.724 ms
INFO: at 1570.713 ms batch [35.720] delay 27.500 ms
INFO: at 1570.713 ms fetching 35.720 ms
INFO: at 1598.217 ms batch [56.565] delay 27.500 ms
INFO: at 1598.217 ms fetching 56.565 ms
INFO: at 1625.721 ms batch [56.196] delay 27.500 ms
INFO: at 1625.721 ms fetching 56.196 ms
INFO: at 1653.226 ms batch [49.316] delay 36.667 ms
INFO: at 1653.226 ms fetching 49.316 ms
INFO: at 1689.899 ms batch [52.489] delay 36.667 ms
INFO: at 1689.899 ms fetching 52.489 ms
INFO: at 1726.570 ms batch [69.714] delay 36.667 ms
INFO: at 1726.570 ms fetching 69.714 ms
INFO: at 1763.242 ms batch [64.500] delay 27.500 ms
INFO: at 1763.242 ms fetching 64.500 ms
INFO: at 1790.746 ms batch [49.080] delay 27.500 ms
INFO: at 1790.746 ms fetching 49.080 ms
INFO: at 1818.251 ms batch [70.759] delay 27.500 ms
INFO: at 1818.251 ms fetching 70.759 ms
INFO: at 1845.757 ms batch [62.419] delay 27.500 ms
INFO: at 1845.757 ms fetching 62.419 ms
INFO: at 1873.261 ms batch [42.254] delay 22.000 ms
INFO: at 1873.261 ms fetching 42.254 ms
INFO: at 1895.269 ms batch [21.138] delay 22.000 ms
INFO: at 1895.269 ms fetching 21.138 ms
INFO: at 1917.273 ms batch [46.058] delay 22.000 ms
INFO: at 1917.273 ms fetching 46.058 ms
INFO: at 1939.276 ms batch [66.362] delay 22.000 ms
INFO: at 1939.276 ms fetching 66.362 ms
INFO: at 1961.280 ms batch [23.200] delay 22.000 ms
INFO: at 1961.280 ms fetching 23.200 ms
INFO: at 1983.283 ms batch [47.276] delay 27.500 ms
INFO: at 1983.283 ms fetching 47.276 ms
INFO: at 2010.794 ms batch [66.769] delay 27.500 ms
INFO: at 2010.794 ms fetching 66.769 ms
INFO: at 2038.298 ms batch [58.417] delay 27.500 ms
INFO: at 2038.298 ms fetching 58.417 ms
INFO: at 2065.803 ms batch [33.624] delay 27.500 ms
INFO: at 2065.803 ms fetching 33.624 ms
INFO: at 2093.306 ms batch [38.761] delay 27.500 ms
INFO: at 2093.306 ms fetching 38.761 ms
INFO: at 2120.811 ms batch [57.751] delay 27.500 ms
INFO: at 2120.811 ms fetching 57.751 ms
INFO: at 2148.314 ms batch [79.020] delay 27.500 ms
INFO: at 2148.314 ms fetching 79.020 ms
INFO: at 2175.819 ms batch [87.323] delay 27.500 ms
INFO: at 2175.819 ms fetching 87.323 ms
INFO: at 2203.322 ms batch [36.560] delay 22.000 ms
INFO: at 2203.322 ms fetching 36.560 ms
INFO: at 2225.325 ms batch [66.566] delay 22.000 ms
INFO: at 2225.325 ms fetching 66.566 ms
INFO: at 2247.329 ms batch [71.784] delay 22.000 ms
INFO: at 2247.329 ms fetching 71.784 ms
INFO: at 2269.332 ms batch [45.592] delay 22.000 ms
INFO: at 2269.332 ms fetching 45.592 ms
INFO: at 2291.335 ms batch [74.885] delay 22.000 ms
INFO: at 2291.335 ms fetching 74.885 ms
INFO: at 2313.339 ms batch [44.618] delay 27.500 ms
INFO: at 2313.339 ms fetching 44.618 ms
INFO: at 2340.843 ms batch [68.843] delay 27.500 ms
INFO: at 2340.843 ms fetching 68.843 ms
INFO: at 2368.347 ms batch [41.160] delay 27.500 ms
INFO: at 2368.347 ms fetching 41.160 ms
INFO: at 2395.852 ms batch [42.017] delay 27.500 ms
INFO: at 2395.852 ms fetching 42.017 ms
INFO: at 2423.355 ms batch [52.149] delay 22.000 ms
INFO: at 2423.355 ms fetching 52.149 ms
INFO: at 2445.359 ms batch [60.930] delay 22.000 ms
INFO: at 2445.359 ms fetching 60.930 ms
INFO: at 2467.363 ms batch [30.244] delay 22.000 ms
INFO: at 2467.363 ms fetching 30.244 ms
INFO: at 2489.367 ms batch [57.483] delay 22.000 ms
INFO: at 2489.367 ms fetching 57.483 ms
INFO: at 2511.376 ms batch [30.783] delay 22.000 ms
INFO: at 2511.376 ms fetching 30.783 ms
INFO: at 2533.379 ms batch [54.190] delay 27.500 ms
INFO: at 2533.379 ms fetching 54.190 ms
INFO: at 2560.884 ms batch [74.063] delay 27.500 ms
INFO: at 2560.884 ms fetching 74.063 ms
INFO: at 2588.387 ms batch [77.486] delay 27.500 ms
INFO: at 2588.387 ms fetching 77.486 ms
INFO: at 2615.891 ms batch [42.970] delay 27.500 ms
INFO: at 2615.891 ms fetching 42.970 ms
INFO: at 2643.395 ms batch [73.044] delay 22.000 ms
INFO: at 2643.395 ms fetching 73.044 ms
INFO: at 2665.400 ms batch [51.468] delay 22.000 ms
INFO: at 2665.400 ms fetching 51.468 ms
INFO: at 2687.403 ms batch [65.171] delay 22.000 ms
INFO: at 2687.403 ms fetching 65.171 ms
INFO: at 2709.407 ms batch [76.092] delay 22.000 ms
INFO: at 2709.407 ms fetching 76.092 ms
INFO: at 2731.410 ms batch [25.951] delay 22.000 ms
INFO: at 2731.410 ms fetching 25.951 ms
INFO: at 2753.415 ms batch [40.943] delay 22.000 ms
INFO: at 2753.415 ms fetching 40.943 ms
INFO: at 2775.423 ms batch [37.287] delay 22.000 ms
INFO: at 2775.423 ms fetching 37.287 ms
INFO: at 2797.428 ms batch [75.430] delay 22.000 ms
INFO: at 2797.428 ms fetching 75.430 ms
INFO: at 2819.432 ms batch [84.179] delay 22.000 ms
INFO: at 2819.432 ms fetching 84.179 ms
INFO: at 2841.436 ms batch [56.846] delay 22.000 ms
INFO: at 2841.436 ms fetching 56.846 ms
INFO: at 2863.440 ms batch [47.016] delay 27.500 ms
INFO: at 2863.440 ms fetching 47.016 ms
INFO: at 2890.944 ms batch [53.528] delay 27.500 ms
INFO: at 2890.944 ms fetching 53.528 ms
INFO: at 2918.447 ms batch [67.876] delay 27.500 ms
INFO: at 2918.447 ms fetching 67.876 ms
INFO: at 2945.952 ms batch [54.871] delay 27.500 ms
INFO: at 2945.952 ms fetching 54.871 ms
INFO: at 2973.456 ms batch [37.522] delay 36.667 ms
INFO: at 2973.456 ms fetching 37.522 ms
INFO: at 3010.129 ms batch [39.610] delay 36.667 ms
INFO: at 3010.129 ms fetching 39.610 ms
INFO: at 3046.800 ms batch [57.152] delay 36.667 ms
INFO: at 3046.800 ms fetching 57.152 ms
INFO: at 3083.471 ms batch [85.420] delay 27.500 ms
INFO: at 3083.471 ms fetching 85.420 ms
INFO: at 3110.975 ms batch [43.923] delay 27.500 ms
INFO: at 3110.975 ms fetching 43.923 ms
INFO: at 3138.481 ms batch [76.751] delay 27.500 ms
INFO: at 3138.481 ms fetching 76.751 ms
INFO: at 3165.984 ms batch [41.780] delay 27.500 ms
INFO: at 3165.984 ms fetching 41.780 ms
INFO: at 3193.489 ms batch [67.419] delay 22.000 ms
INFO: at 3193.489 ms fetching 67.419 ms
INFO: at 3215.492 ms batch [55.535] delay 22.000 ms
INFO: at 3215.492 ms fetching 55.535 ms
INFO: at 3237.496 ms batch [35.998] delay 22.000 ms
INFO: at 3237.496 ms fetching 35.998 ms
INFO: at 3259.500 ms batch [55.195] delay 22.000 ms
INFO: at 3259.500 ms fetching 55.195 ms
INFO: at 3281.504 ms batch [43.426] delay 22.000 ms
INFO: at 3281.504 ms fetching 43.426 ms
INFO: at 3303.508 ms batch [71.014] delay 27.500 ms
INFO: at 3303.508 ms fetching 71.014 ms
INFO: at 3331.012 ms batch [65.633] delay 27.500 ms
INFO: at 3331.012 ms fetching 65.633 ms
INFO: at 3358.515 ms batch [38.012] delay 27.500 ms
INFO: at 3358.515 ms fetching 38.012 ms
INFO: at 3386.020 ms batch [81.086] delay 27.500 ms
INFO: at 3386.020 ms fetching 81.086 ms
INFO: at 3413.524 ms batch [69.904] delay 27.500 ms
INFO: at 3413.524 ms fetching 69.904 ms
INFO: at 3441.028 ms batch [43.243] delay 27.500 ms
INFO: at 3441.028 ms fetching 43.243 ms
INFO: at 3468.532 ms batch [64.235] delay 27.500 ms
INFO: at 3468.532 ms fetching 64.235 ms
INFO: at 3496.034 ms batch [45.326] delay 27.500 ms
INFO: at 3496.034 ms fetching 45.326 ms
INFO: at 3523.539 ms batch [64.006] delay 36.667 ms
INFO: at 3523.539 ms fetching 64.006 ms
INFO: at 3560.210 ms batch [61.823] delay 36.667 ms
INFO: at 3560.210 ms fetching 61.823 ms
INFO: at 3596.883 ms batch [37.781] delay 36.667 ms
INFO: at 3596.883 ms fetching 37.781 ms
INFO: at 3633.553 ms batch [68.108] delay 22.000 ms
INFO: at 3633.553 ms fetching 68.108 ms
INFO: at 3655.557 ms batch [62.088] delay 22.000 ms
INFO: at 3655.557 ms fetching 62.088 ms
INFO: at 3677.561 ms batch [72.832] delay 22.000 ms
INFO: at 3677.561 ms fetching 72.832 ms
INFO: at 3699.564 ms batch [38.505] delay 22.000 ms
INFO: at 3699.564 ms fetching 38.505 ms
INFO: at 3721.568 ms batch [69.513] delay 22.000 ms
INFO: at 3721.568 ms fetching 69.513 ms
INFO: at 3743.571 ms batch [63.214] delay 22.000 ms
INFO: at 3743.571 ms fetching 63.214 ms
INFO: at 3765.575 ms batch [79.984] delay 22.000 ms
INFO: at 3765.575 ms fetching 79.984 ms
INFO: at 3787.579 ms batch [41.555] delay 22.000 ms
INFO: at 3787.579 ms fetching 41.555 ms
INFO: at 3809.583 ms batch [46.322] delay 22.000 ms
INFO: at 3809.583 ms fetching 46.322 ms
INFO: at 3831.587 ms batch [67.215] delay 22.000 ms
INFO: at 3831.587 ms fetching 67.215 ms
INFO: at 3853.591 ms batch [45.811] delay 18.333 ms
INFO: at 3853.591 ms fetching 45.811 ms
INFO: at 3871.928 ms batch [78.240] delay 18.333 ms
INFO: at 3871.928 ms fetching 78.240 ms
INFO: at 3890.266 ms batch [75.188] delay 18.333 ms
INFO: at 3890.266 ms fetching 75.188 ms
INFO: at 3908.602 ms batch [39.164] delay 18.333 ms
INFO: at 3908.602 ms fetching 39.164 ms
INFO: at 3926.938 ms batch [69.283] delay 18.333 ms
INFO: at 3926.938 ms fetching 69.283 ms
INFO: at 3945.275 ms batch [44.371] delay 18.333 ms
INFO: at 3945.275 ms fetching 44.371 ms
INFO: at 3963.612 ms batch [35.449] delay 22.000 ms
INFO: at 3963.612 ms fetching 35.449 ms
INFO: at 3985.615 ms batch [48.562] delay 22.000 ms
INFO: at 3985.615 ms fetching 48.562 ms
INFO: at 4007.619 ms batch [33.273] delay 22.000 ms
INFO: at 4007.619 ms fetching 33.273 ms
INFO: at 4029.622 ms batch [50.500] delay 22.000 ms
INFO: at 4029.622 ms fetching 50.500 ms
INFO: at 4051.627 ms batch [48.809] delay 22.000 ms
INFO: at 4051.627 ms fetching 48.809 ms
INFO: at 4073.630 ms batch [42.513] delay 22.000 ms
INFO: at 4073.630 ms fetching 42.513 ms
INFO: at 4095.634 ms batch [29.094] delay 22.000 ms
INFO: at 4095.634 ms fetching 29.094 ms
INFO: at 4117.639 ms batch [52.800] delay 22.000 ms
INFO: at 4117.639 ms fetching 52.800 ms
INFO: at 4139.643 ms batch [66.116] delay 22.000 ms
INFO: at 4139.643 ms fetching 66.116 ms
INFO: at 4161.646 ms batch [33.923] delay 22.000 ms
INFO: at 4161.646 ms fetching 33.923 ms
INFO: at 4183.650 ms batch [48.281] delay 22.000 ms
INFO: at 4183.650 ms fetching 48.281 ms
INFO: at 4205.654 ms batch [49.570] delay 22.000 ms
INFO: at 4205.654 ms fetching 49.570 ms
INFO: at 4227.657 ms batch [39.367] delay 22.000 ms
INFO: at 4227.657 ms fetching 39.367 ms
INFO: at 4249.661 ms batch [70.146] delay 22.000 ms
INFO: at 4249.661 ms fetching 70.146 ms
INFO: at 4271.665 ms batch [45.091] delay 22.000 ms
INFO: at 4271.665 ms fetching 45.091 ms
INFO: at 4293.668 ms batch [34.571] delay 27.500 ms
INFO: at 4293.668 ms fetching 34.571 ms
INFO: at 4321.173 ms batch [63.487] delay 27.500 ms
INFO: at 4321.173 ms fetching 63.487 ms
INFO: at 4348.676 ms batch [48.032] delay 27.500 ms
INFO: at 4348.676 ms fetching 48.032 ms
INFO: at 4376.181 ms batch [80.499] delay 27.500 ms
INFO: at 4376.181 ms fetching 80.499 ms
INFO: at 4403.685 ms batch [59.361] delay 18.333 ms
INFO: at 4403.685 ms fetching 59.361 ms
INFO: at 4422.022 ms batch [62.968] delay 18.333 ms
INFO: at 4422.022 ms fetching 62.968 ms
INFO: at 4440.359 ms batch [81.657] delay 18.333 ms
INFO: at 4440.359 ms fetching 81.657 ms
INFO: at 4458.695 ms batch [64.736] delay 18.333 ms
INFO: at 4458.695 ms fetching 64.736 ms
INFO: at 4477.033 ms batch [28.471] delay 18.333 ms
INFO: at 4477.033 ms fetching 28.471 ms
INFO: at 4495.369 ms batch [36.798] delay 18.333 ms
INFO: at 4495.369 ms fetching 36.798 ms
INFO: at 4513.706 ms batch [71.521] delay 27.500 ms
INFO: at 4513.706 ms fetching 71.521 ms
INFO: at 4541.210 ms batch [61.201] delay 27.500 ms
INFO: at 4541.210 ms fetching 61.201 ms
INFO: at 4568.715 ms batch [59.080] delay 27.500 ms
INFO: at 4568.715 ms fetching 59.080 ms
INFO: at 4596.218 ms batch [24.545] delay 27.500 ms
INFO: at 4596.218 ms fetching 24.545 ms
INFO: at 4623.725 ms batch [46.777] delay 22.000 ms
INFO: at 4623.725 ms fetching 46.777 ms
INFO: at 4645.728 ms batch [79.425] delay 22.000 ms
INFO: at 4645.728 ms fetching 79.425 ms
INFO: at 4667.731 ms batch [38.929] delay 22.000 ms
INFO: at 4667.731 ms fetching 38.929 ms
INFO: at 4689.734 ms batch [76.426] delay 22.000 ms
INFO: at 4689.734 ms fetching 76.426 ms
INFO: at 4711.738 ms batch [35.164] delay 22.000 ms
INFO: at 4711.738 ms fetching 35.164 ms
INFO: at 4733.742 ms batch [74.642] delay 18.333 ms
INFO: at 4733.742 ms fetching 74.642 ms
INFO: at 4752.079 ms batch [73.836] delay 18.333 ms
INFO: at 4752.079 ms fetching 73.836 ms
INFO: at 4770.415 ms batch [40.025] delay 18.333 ms
INFO: at 4770.415 ms fetching 40.025 ms
INFO: at 4788.751 ms batch [41.358] delay 18.333 ms
INFO: at 4788.751 ms fetching 41.358 ms
INFO: at 4807.087 ms batch [39.835] delay 18.333 ms
INFO: at 4807.087 ms fetching 39.835 ms
INFO: at 4825.425 ms batch [42.732] delay 18.333 ms
INFO: at 4825.425 ms fetching 42.732 ms
INFO: at 4843.761 ms batch [40.684] delay 27.500 ms
INFO: at 4843.761 ms fetching 40.684 ms
INFO: at 4871.266 ms batch [68.610] delay 27.500 ms
INFO: at 4871.266 ms fetching 68.610 ms
INFO: at 4898.769 ms batch [54.527] delay 27.500 ms
INFO: at 4898.769 ms fetching 54.527 ms
INFO: at 4926.295 ms batch [77.105] delay 0.000 ms
INFO: at 4926.295 ms fetching 77.105 ms
INFO: done
22-04-03:20:13:47 INFO     [docker_logging_utils.py:19] [default-cluster] Created logging directory: /home/cc/DynWork/multimodal_dataset/repeat-5/Multimodal/Azure/incoming_rate_36.36/Equal_Std/std_2/1.5_x_P99/clipper/logs
22-04-03:20:14:40 INFO     [clipper_admin.py:1424] [default-cluster] Stopped all Clipper cluster and all model containers
