22-04-18:01:55:14 INFO     [docker_container_manager.py:192] [default-cluster] Starting managed Redis instance in Docker
22-04-18:01:55:16 INFO     [docker_container_manager.py:294] [default-cluster] Metric Configuration Saved at /tmp/tmpl3h5majq.yml
22-04-18:01:55:17 INFO     [clipper_admin.py:162] [default-cluster] Clipper is running
22-04-18:01:55:17 INFO     [clipper_admin.py:236] [default-cluster] Application fake-model was successfully registered
22-04-18:01:55:17 INFO     [deployer_utils.py:41] Saving function to /tmp/tmpk6hrwvn4clipper
22-04-18:01:55:17 INFO     [deployer_utils.py:51] Serialized and supplied predict function
22-04-18:01:55:17 INFO     [python.py:192] Python closure saved
22-04-18:01:55:17 INFO     [python.py:210] Using Python 3.7 base image
22-04-18:01:55:17 INFO     [clipper_admin.py:534] [default-cluster] Building model Docker image with model data from /tmp/tmpk6hrwvn4clipper
22-04-18:01:55:17 INFO     [clipper_admin.py:539] [default-cluster] Step 1/2 : FROM clipper/python37-closure-container:develop
22-04-18:01:55:17 INFO     [clipper_admin.py:539] [default-cluster]  ---> 2660542c0759
22-04-18:01:55:17 INFO     [clipper_admin.py:539] [default-cluster] Step 2/2 : COPY /tmp/tmpk6hrwvn4clipper /model/
22-04-18:01:55:17 INFO     [clipper_admin.py:539] [default-cluster]  ---> 8c438624f280
22-04-18:01:55:17 INFO     [clipper_admin.py:539] [default-cluster] Successfully built 8c438624f280
22-04-18:01:55:17 INFO     [clipper_admin.py:539] [default-cluster] Successfully tagged default-cluster-fake-model:1
22-04-18:01:55:17 INFO     [clipper_admin.py:541] [default-cluster] Pushing model Docker image to default-cluster-fake-model:1
22-04-18:01:55:18 INFO     [docker_container_manager.py:433] [default-cluster] Found 0 replicas for fake-model:1. Adding 1
22-04-18:01:55:18 INFO     [clipper_admin.py:724] [default-cluster] Successfully registered model fake-model:1
22-04-18:01:55:18 INFO     [clipper_admin.py:642] [default-cluster] Done deploying model fake-model:1.
22-04-18:01:55:18 INFO     [clipper_admin.py:303] [default-cluster] Model fake-model is now linked to application fake-model
INFO: waiting for ready to serve
INFO: waiting for ready to serve
INFO: waiting for ready to serve
INFO: waiting for ready to serve
INFO: ready to go
INFO: rock and roll
INFO: at 8.644 ms batch [8.563] delay 4.282 ms
INFO: at 12.928 ms batch [8.563] delay 4.282 ms
INFO: at 17.211 ms batch [8.563] delay 4.282 ms
INFO: at 21.494 ms batch [8.563] delay 4.282 ms
INFO: at 25.777 ms batch [8.563] delay 4.282 ms
INFO: at 30.059 ms batch [8.563] delay 4.282 ms
INFO: at 34.342 ms batch [8.563] delay 4.282 ms
INFO: at 38.625 ms batch [8.563] delay 4.282 ms
INFO: at 42.908 ms batch [8.563] delay 4.282 ms
INFO: at 47.190 ms batch [8.563] delay 4.282 ms
INFO: at 51.473 ms batch [8.563] delay 5.352 ms
INFO: at 8.644 ms fetching 8.563 ms
INFO: at 12.928 ms fetching 8.563 ms
INFO: at 17.211 ms fetching 8.563 ms
INFO: at 21.494 ms fetching 8.563 ms
INFO: at 25.777 ms fetching 8.563 ms
INFO: at 30.059 ms fetching 8.563 ms
INFO: at 34.342 ms fetching 8.563 ms
INFO: at 38.625 ms fetching 8.563 ms
INFO: at 42.908 ms fetching 8.563 ms
INFO: at 47.190 ms fetching 8.563 ms
INFO: at 51.473 ms fetching 8.563 ms
INFO: at 56.827 ms batch [8.563] delay 5.352 ms
INFO: at 56.827 ms fetching 8.563 ms
INFO: at 62.181 ms batch [8.563] delay 5.352 ms
INFO: at 62.181 ms fetching 8.563 ms
INFO: at 67.535 ms batch [8.563] delay 5.352 ms
INFO: at 67.535 ms fetching 8.563 ms
INFO: at 72.889 ms batch [8.563] delay 5.352 ms
INFO: at 72.889 ms fetching 8.563 ms
INFO: at 78.244 ms batch [8.563] delay 5.352 ms
INFO: at 78.244 ms fetching 8.563 ms
INFO: at 83.599 ms batch [8.563] delay 5.352 ms
INFO: at 83.599 ms fetching 8.563 ms
INFO: at 88.954 ms batch [8.563] delay 5.352 ms
INFO: at 88.954 ms fetching 8.563 ms
INFO: at 94.309 ms batch [8.563] delay 3.568 ms
INFO: at 97.879 ms batch [8.563] delay 3.568 ms
INFO: at 101.449 ms batch [8.563] delay 3.568 ms
INFO: at 105.019 ms batch [8.563] delay 3.568 ms
INFO: at 108.589 ms batch [8.563] delay 3.568 ms
INFO: at 112.159 ms batch [8.563] delay 3.568 ms
INFO: at 115.728 ms batch [8.563] delay 3.568 ms
INFO: at 119.299 ms batch [8.563] delay 3.568 ms
INFO: at 122.869 ms batch [8.563] delay 3.568 ms
INFO: at 126.438 ms batch [8.563] delay 3.568 ms
INFO: at 130.007 ms batch [8.563] delay 3.568 ms
INFO: at 133.576 ms batch [8.563] delay 3.568 ms
INFO: at 137.145 ms batch [8.563] delay 2.854 ms
INFO: at 140.000 ms batch [8.563] delay 2.854 ms
INFO: at 142.856 ms batch [8.563] delay 2.854 ms
INFO: at 145.711 ms batch [8.563] delay 2.854 ms
INFO: at 148.567 ms batch [8.563] delay 2.854 ms
INFO: at 151.423 ms batch [8.563] delay 2.854 ms
INFO: at 154.278 ms batch [8.563] delay 2.854 ms
INFO: at 157.133 ms batch [8.563] delay 2.854 ms
INFO: at 159.988 ms batch [8.563] delay 2.854 ms
INFO: at 162.844 ms batch [8.563] delay 2.854 ms
INFO: at 165.699 ms batch [8.563] delay 2.854 ms
INFO: at 168.554 ms batch [8.563] delay 2.854 ms
INFO: at 171.409 ms batch [8.563] delay 2.854 ms
INFO: at 174.265 ms batch [8.563] delay 2.854 ms
INFO: at 177.120 ms batch [8.563] delay 2.854 ms
INFO: at 179.976 ms batch [8.563] delay 4.757 ms
INFO: at 184.734 ms batch [8.563] delay 4.757 ms
INFO: at 189.492 ms batch [8.563] delay 4.757 ms
INFO: at 194.250 ms batch [8.563] delay 4.757 ms
INFO: at 199.009 ms batch [8.563] delay 4.757 ms
INFO: at 203.767 ms batch [8.563] delay 4.757 ms
INFO: at 208.526 ms batch [8.563] delay 4.757 ms
INFO: at 213.284 ms batch [8.563] delay 4.757 ms
INFO: at 218.042 ms batch [8.563] delay 4.757 ms
INFO: at 222.800 ms batch [8.563] delay 4.282 ms
INFO: at 227.083 ms batch [8.563] delay 4.282 ms
INFO: at 231.365 ms batch [8.563] delay 4.282 ms
INFO: at 235.648 ms batch [8.563] delay 4.282 ms
INFO: at 239.930 ms batch [8.563] delay 4.282 ms
INFO: at 244.213 ms batch [8.563] delay 4.282 ms
INFO: at 248.495 ms batch [8.563] delay 4.282 ms
INFO: at 252.778 ms batch [8.563] delay 4.282 ms
INFO: at 257.069 ms batch [8.563] delay 4.282 ms
INFO: at 261.351 ms batch [8.563] delay 4.282 ms
INFO: at 265.634 ms batch [8.563] delay 3.892 ms
INFO: at 269.528 ms batch [8.563] delay 3.892 ms
INFO: at 273.421 ms batch [8.563] delay 3.892 ms
INFO: at 277.314 ms batch [8.563] delay 3.892 ms
INFO: at 281.212 ms batch [8.563] delay 3.892 ms
INFO: at 285.105 ms batch [8.563] delay 3.892 ms
INFO: at 288.998 ms batch [8.563] delay 3.892 ms
INFO: at 292.891 ms batch [8.563] delay 3.892 ms
INFO: at 296.787 ms batch [8.563] delay 3.892 ms
INFO: at 300.685 ms batch [8.563] delay 3.892 ms
INFO: at 304.578 ms batch [8.563] delay 3.892 ms
INFO: at 308.475 ms batch [8.563] delay 4.757 ms
INFO: at 313.237 ms batch [8.563] delay 4.757 ms
INFO: at 317.996 ms batch [8.563] delay 4.757 ms
INFO: at 322.754 ms batch [8.563] delay 4.757 ms
INFO: at 327.517 ms batch [8.563] delay 4.757 ms
INFO: at 332.275 ms batch [8.563] delay 4.757 ms
INFO: at 337.033 ms batch [8.563] delay 4.757 ms
INFO: at 341.791 ms batch [8.563] delay 4.757 ms
INFO: at 346.549 ms batch [8.563] delay 4.757 ms
INFO: at 351.307 ms batch [8.563] delay 4.282 ms
INFO: at 355.589 ms batch [8.563] delay 4.282 ms
INFO: at 359.872 ms batch [8.563] delay 4.282 ms
INFO: at 364.155 ms batch [8.563] delay 4.282 ms
INFO: at 368.438 ms batch [8.563] delay 4.282 ms
INFO: at 372.720 ms batch [8.563] delay 4.282 ms
INFO: at 377.002 ms batch [8.563] delay 4.282 ms
INFO: at 381.286 ms batch [8.563] delay 4.282 ms
INFO: at 385.568 ms batch [8.563] delay 4.282 ms
INFO: at 389.850 ms batch [8.563] delay 4.282 ms
INFO: at 394.136 ms batch [8.563] delay 3.892 ms
INFO: at 398.029 ms batch [8.563] delay 3.892 ms
INFO: at 401.922 ms batch [8.563] delay 3.892 ms
INFO: at 405.816 ms batch [8.563] delay 3.892 ms
INFO: at 409.709 ms batch [8.563] delay 3.892 ms
INFO: at 413.602 ms batch [8.563] delay 3.892 ms
INFO: at 417.495 ms batch [8.563] delay 3.892 ms
INFO: at 421.388 ms batch [8.563] delay 3.892 ms
INFO: at 425.281 ms batch [8.563] delay 3.892 ms
INFO: at 429.174 ms batch [8.563] delay 3.892 ms
INFO: at 433.067 ms batch [8.563] delay 3.892 ms
INFO: at 436.960 ms batch [8.563] delay 4.282 ms
INFO: at 441.242 ms batch [8.563] delay 4.282 ms
INFO: at 445.525 ms batch [8.563] delay 4.282 ms
INFO: at 449.807 ms batch [8.563] delay 4.282 ms
INFO: at 454.090 ms batch [8.563] delay 4.282 ms
INFO: at 458.372 ms batch [8.563] delay 4.282 ms
INFO: at 462.654 ms batch [8.563] delay 4.282 ms
INFO: at 466.937 ms batch [8.563] delay 4.282 ms
INFO: at 471.219 ms batch [8.563] delay 4.282 ms
INFO: at 475.501 ms batch [8.563] delay 4.282 ms
INFO: at 479.784 ms batch [8.563] delay 3.568 ms
INFO: at 483.356 ms batch [8.563] delay 3.568 ms
INFO: at 486.925 ms batch [8.563] delay 3.568 ms
INFO: at 490.494 ms batch [8.563] delay 3.568 ms
INFO: at 494.062 ms batch [8.563] delay 3.568 ms
INFO: at 497.631 ms batch [8.563] delay 3.568 ms
INFO: at 501.200 ms batch [8.563] delay 3.568 ms
INFO: at 504.768 ms batch [8.563] delay 3.568 ms
INFO: at 508.338 ms batch [8.563] delay 3.568 ms
INFO: at 511.906 ms batch [8.563] delay 3.568 ms
INFO: at 515.475 ms batch [8.563] delay 3.568 ms
INFO: at 519.044 ms batch [8.563] delay 3.568 ms
INFO: at 522.613 ms batch [8.563] delay 4.282 ms
INFO: at 526.896 ms batch [8.563] delay 4.282 ms
INFO: at 531.178 ms batch [8.563] delay 4.282 ms
INFO: at 535.460 ms batch [8.563] delay 4.282 ms
INFO: at 539.743 ms batch [8.563] delay 4.282 ms
INFO: at 544.025 ms batch [8.563] delay 4.282 ms
INFO: at 548.307 ms batch [8.563] delay 4.282 ms
INFO: at 552.590 ms batch [8.563] delay 4.282 ms
INFO: at 556.872 ms batch [8.563] delay 4.282 ms
INFO: at 561.155 ms batch [8.563] delay 4.282 ms
INFO: at 565.437 ms batch [8.563] delay 3.892 ms
INFO: at 569.330 ms batch [8.563] delay 3.892 ms
INFO: at 573.223 ms batch [8.563] delay 3.892 ms
INFO: at 577.117 ms batch [8.563] delay 3.892 ms
INFO: at 581.010 ms batch [8.563] delay 3.892 ms
INFO: at 584.903 ms batch [8.563] delay 3.892 ms
INFO: at 588.796 ms batch [8.563] delay 3.892 ms
INFO: at 592.689 ms batch [8.563] delay 3.892 ms
INFO: at 596.582 ms batch [8.563] delay 3.892 ms
INFO: at 600.476 ms batch [8.563] delay 3.892 ms
INFO: at 604.369 ms batch [8.563] delay 3.892 ms
INFO: at 608.262 ms batch [8.563] delay 4.757 ms
INFO: at 613.020 ms batch [8.563] delay 4.757 ms
INFO: at 617.778 ms batch [8.563] delay 4.757 ms
INFO: at 622.536 ms batch [8.563] delay 4.757 ms
INFO: at 627.294 ms batch [8.563] delay 4.757 ms
INFO: at 632.052 ms batch [8.563] delay 4.757 ms
INFO: at 636.811 ms batch [8.563] delay 4.757 ms
INFO: at 641.569 ms batch [8.563] delay 4.757 ms
INFO: at 646.327 ms batch [8.563] delay 4.757 ms
INFO: at 651.085 ms batch [8.563] delay 3.294 ms
INFO: at 654.379 ms batch [8.563] delay 3.294 ms
INFO: at 657.674 ms batch [8.563] delay 3.294 ms
INFO: at 660.968 ms batch [8.563] delay 3.294 ms
INFO: at 664.262 ms batch [8.563] delay 3.294 ms
INFO: at 667.556 ms batch [8.563] delay 3.294 ms
INFO: at 670.851 ms batch [8.563] delay 3.294 ms
INFO: at 674.145 ms batch [8.563] delay 3.294 ms
INFO: at 677.439 ms batch [8.563] delay 3.294 ms
INFO: at 680.733 ms batch [8.563] delay 3.294 ms
INFO: at 684.028 ms batch [8.563] delay 3.294 ms
INFO: at 687.323 ms batch [8.563] delay 3.294 ms
INFO: at 690.617 ms batch [8.563] delay 3.294 ms
INFO: at 693.911 ms batch [8.563] delay 4.757 ms
INFO: at 698.669 ms batch [8.563] delay 4.757 ms
INFO: at 703.427 ms batch [8.563] delay 4.757 ms
INFO: at 708.185 ms batch [8.563] delay 4.757 ms
INFO: at 712.943 ms batch [8.563] delay 4.757 ms
INFO: at 717.701 ms batch [8.563] delay 4.757 ms
INFO: at 722.459 ms batch [8.563] delay 4.757 ms
INFO: at 727.217 ms batch [8.563] delay 4.757 ms
INFO: at 731.976 ms batch [8.563] delay 4.757 ms
INFO: at 736.735 ms batch [8.563] delay 7.136 ms
INFO: at 94.309 ms fetching 8.563 ms
INFO: at 97.879 ms fetching 8.563 ms
INFO: at 101.449 ms fetching 8.563 ms
INFO: at 105.019 ms fetching 8.563 ms
INFO: at 108.589 ms fetching 8.563 ms
INFO: at 112.159 ms fetching 8.563 ms
INFO: at 115.728 ms fetching 8.563 ms
INFO: at 119.299 ms fetching 8.563 ms
INFO: at 122.869 ms fetching 8.563 ms
INFO: at 126.438 ms fetching 8.563 ms
INFO: at 130.007 ms fetching 8.563 ms
INFO: at 133.576 ms fetching 8.563 ms
INFO: at 137.145 ms fetching 8.563 ms
INFO: at 140.000 ms fetching 8.563 ms
INFO: at 142.856 ms fetching 8.563 ms
INFO: at 145.711 ms fetching 8.563 ms
INFO: at 148.567 ms fetching 8.563 ms
INFO: at 151.423 ms fetching 8.563 ms
INFO: at 154.278 ms fetching 8.563 ms
INFO: at 157.133 ms fetching 8.563 ms
INFO: at 159.988 ms fetching 8.563 ms
INFO: at 162.844 ms fetching 8.563 ms
INFO: at 165.699 ms fetching 8.563 ms
INFO: at 168.554 ms fetching 8.563 ms
INFO: at 171.409 ms fetching 8.563 ms
INFO: at 174.265 ms fetching 8.563 ms
INFO: at 177.120 ms fetching 8.563 ms
INFO: at 179.976 ms fetching 8.563 ms
INFO: at 184.734 ms fetching 8.563 ms
INFO: at 189.492 ms fetching 8.563 ms
INFO: at 194.250 ms fetching 8.563 ms
INFO: at 199.009 ms fetching 8.563 ms
INFO: at 203.767 ms fetching 8.563 ms
INFO: at 208.526 ms fetching 8.563 ms
INFO: at 213.284 ms fetching 8.563 ms
INFO: at 218.042 ms fetching 8.563 ms
INFO: at 222.800 ms fetching 8.563 ms
INFO: at 227.083 ms fetching 8.563 ms
INFO: at 231.365 ms fetching 8.563 ms
INFO: at 235.648 ms fetching 8.563 ms
INFO: at 239.930 ms fetching 8.563 ms
INFO: at 244.213 ms fetching 8.563 ms
INFO: at 248.495 ms fetching 8.563 ms
INFO: at 252.778 ms fetching 8.563 ms
INFO: at 257.069 ms fetching 8.563 ms
INFO: at 261.351 ms fetching 8.563 ms
INFO: at 265.634 ms fetching 8.563 ms
INFO: at 269.528 ms fetching 8.563 ms
INFO: at 273.421 ms fetching 8.563 ms
INFO: at 277.314 ms fetching 8.563 ms
INFO: at 281.212 ms fetching 8.563 ms
INFO: at 285.105 ms fetching 8.563 ms
INFO: at 288.998 ms fetching 8.563 ms
INFO: at 292.891 ms fetching 8.563 ms
INFO: at 296.787 ms fetching 8.563 ms
INFO: at 300.685 ms fetching 8.563 ms
INFO: at 304.578 ms fetching 8.563 ms
INFO: at 308.475 ms fetching 8.563 ms
INFO: at 313.237 ms fetching 8.563 ms
INFO: at 317.996 ms fetching 8.563 ms
INFO: at 322.754 ms fetching 8.563 ms
INFO: at 327.517 ms fetching 8.563 ms
INFO: at 332.275 ms fetching 8.563 ms
INFO: at 337.033 ms fetching 8.563 ms
INFO: at 341.791 ms fetching 8.563 ms
INFO: at 346.549 ms fetching 8.563 ms
INFO: at 351.307 ms fetching 8.563 ms
INFO: at 355.589 ms fetching 8.563 ms
INFO: at 359.872 ms fetching 8.563 ms
INFO: at 364.155 ms fetching 8.563 ms
INFO: at 368.438 ms fetching 8.563 ms
INFO: at 372.720 ms fetching 8.563 ms
INFO: at 377.002 ms fetching 8.563 ms
INFO: at 381.286 ms fetching 8.563 ms
INFO: at 385.568 ms fetching 8.563 ms
INFO: at 389.850 ms fetching 8.563 ms
INFO: at 394.136 ms fetching 8.563 ms
INFO: at 398.029 ms fetching 8.563 ms
INFO: at 401.922 ms fetching 8.563 ms
INFO: at 405.816 ms fetching 8.563 ms
INFO: at 409.709 ms fetching 8.563 ms
INFO: at 413.602 ms fetching 8.563 ms
INFO: at 417.495 ms fetching 8.563 ms
INFO: at 421.388 ms fetching 8.563 ms
INFO: at 425.281 ms fetching 8.563 ms
INFO: at 429.174 ms fetching 8.563 ms
INFO: at 433.067 ms fetching 8.563 ms
INFO: at 436.960 ms fetching 8.563 ms
INFO: at 441.242 ms fetching 8.563 ms
INFO: at 445.525 ms fetching 8.563 ms
INFO: at 449.807 ms fetching 8.563 ms
INFO: at 454.090 ms fetching 8.563 ms
INFO: at 458.372 ms fetching 8.563 ms
INFO: at 462.654 ms fetching 8.563 ms
INFO: at 466.937 ms fetching 8.563 ms
INFO: at 471.219 ms fetching 8.563 ms
INFO: at 475.501 ms fetching 8.563 ms
INFO: at 479.784 ms fetching 8.563 ms
INFO: at 483.356 ms fetching 8.563 ms
INFO: at 486.925 ms fetching 8.563 ms
INFO: at 490.494 ms fetching 8.563 ms
INFO: at 494.062 ms fetching 8.563 ms
INFO: at 497.631 ms fetching 8.563 ms
INFO: at 501.200 ms fetching 8.563 ms
INFO: at 504.768 ms fetching 8.563 ms
INFO: at 508.338 ms fetching 8.563 ms
INFO: at 511.906 ms fetching 8.563 ms
INFO: at 515.475 ms fetching 8.563 ms
INFO: at 519.044 ms fetching 8.563 ms
INFO: at 522.613 ms fetching 8.563 ms
INFO: at 526.896 ms fetching 8.563 ms
INFO: at 531.178 ms fetching 8.563 ms
INFO: at 535.460 ms fetching 8.563 ms
INFO: at 539.743 ms fetching 8.563 ms
INFO: at 544.025 ms fetching 8.563 ms
INFO: at 548.307 ms fetching 8.563 ms
INFO: at 552.590 ms fetching 8.563 ms
INFO: at 556.872 ms fetching 8.563 ms
INFO: at 561.155 ms fetching 8.563 ms
INFO: at 565.437 ms fetching 8.563 ms
INFO: at 569.330 ms fetching 8.563 ms
INFO: at 573.223 ms fetching 8.563 ms
INFO: at 577.117 ms fetching 8.563 ms
INFO: at 581.010 ms fetching 8.563 ms
INFO: at 584.903 ms fetching 8.563 ms
INFO: at 588.796 ms fetching 8.563 ms
INFO: at 592.689 ms fetching 8.563 ms
INFO: at 596.582 ms fetching 8.563 ms
INFO: at 600.476 ms fetching 8.563 ms
INFO: at 604.369 ms fetching 8.563 ms
INFO: at 608.262 ms fetching 8.563 ms
INFO: at 613.020 ms fetching 8.563 ms
INFO: at 617.778 ms fetching 8.563 ms
INFO: at 622.536 ms fetching 8.563 ms
INFO: at 627.294 ms fetching 8.563 ms
INFO: at 632.052 ms fetching 8.563 ms
INFO: at 636.811 ms fetching 8.563 ms
INFO: at 641.569 ms fetching 8.563 ms
INFO: at 646.327 ms fetching 8.563 ms
INFO: at 651.085 ms fetching 8.563 ms
INFO: at 654.379 ms fetching 8.563 ms
INFO: at 657.674 ms fetching 8.563 ms
INFO: at 660.968 ms fetching 8.563 ms
INFO: at 664.262 ms fetching 8.563 ms
INFO: at 667.556 ms fetching 8.563 ms
INFO: at 670.851 ms fetching 8.563 ms
INFO: at 674.145 ms fetching 8.563 ms
INFO: at 677.439 ms fetching 8.563 ms
INFO: at 680.733 ms fetching 8.563 ms
INFO: at 684.028 ms fetching 8.563 ms
INFO: at 687.323 ms fetching 8.563 ms
INFO: at 690.617 ms fetching 8.563 ms
INFO: at 693.911 ms fetching 8.563 ms
INFO: at 698.669 ms fetching 8.563 ms
INFO: at 703.427 ms fetching 8.563 ms
INFO: at 708.185 ms fetching 8.563 ms
INFO: at 712.943 ms fetching 8.563 ms
INFO: at 717.701 ms fetching 8.563 ms
INFO: at 722.459 ms fetching 8.563 ms
INFO: at 727.217 ms fetching 8.563 ms
INFO: at 731.976 ms fetching 8.563 ms
INFO: at 736.735 ms fetching 8.563 ms
WARNING: bookkeeping for too long: -24.93794906864423ms
INFO: at 768.818 ms batch [8.563] delay 7.136 ms
INFO: at 768.818 ms fetching 8.563 ms
WARNING: bookkeeping for too long: -80.10844708214063ms
INFO: at 856.073 ms batch [8.563] delay 7.136 ms
INFO: at 856.073 ms fetching 8.563 ms
INFO: at 868.211 ms batch [8.563] delay 7.136 ms
INFO: at 868.211 ms fetching 8.563 ms
INFO: at 875.349 ms batch [8.563] delay 7.136 ms
INFO: at 875.349 ms fetching 8.563 ms
INFO: at 882.487 ms batch [8.563] delay 7.136 ms
INFO: at 882.487 ms fetching 8.563 ms
INFO: at 889.625 ms batch [8.563] delay 4.757 ms
INFO: at 894.385 ms batch [8.563] delay 4.757 ms
INFO: at 899.143 ms batch [8.563] delay 4.757 ms
INFO: at 903.903 ms batch [8.563] delay 4.757 ms
INFO: at 908.661 ms batch [8.563] delay 4.757 ms
INFO: at 913.419 ms batch [8.563] delay 4.757 ms
INFO: at 918.179 ms batch [8.563] delay 4.757 ms
INFO: at 922.939 ms batch [8.563] delay 4.757 ms
INFO: at 927.700 ms batch [8.563] delay 4.757 ms
INFO: at 932.459 ms batch [8.563] delay 4.757 ms
INFO: at 937.217 ms batch [8.563] delay 4.757 ms
INFO: at 941.976 ms batch [8.563] delay 4.757 ms
INFO: at 946.734 ms batch [8.563] delay 4.757 ms
INFO: at 951.492 ms batch [8.563] delay 4.757 ms
INFO: at 956.250 ms batch [8.563] delay 4.757 ms
INFO: at 961.008 ms batch [8.563] delay 4.757 ms
INFO: at 965.766 ms batch [8.563] delay 4.757 ms
INFO: at 970.524 ms batch [8.563] delay 4.757 ms
INFO: at 975.283 ms batch [8.563] delay 7.136 ms
INFO: at 889.625 ms fetching 8.563 ms
INFO: at 894.385 ms fetching 8.563 ms
INFO: at 899.143 ms fetching 8.563 ms
INFO: at 903.903 ms fetching 8.563 ms
INFO: at 908.661 ms fetching 8.563 ms
INFO: at 913.419 ms fetching 8.563 ms
INFO: at 918.179 ms fetching 8.563 ms
INFO: at 922.939 ms fetching 8.563 ms
INFO: at 927.700 ms fetching 8.563 ms
INFO: at 932.459 ms fetching 8.563 ms
INFO: at 937.217 ms fetching 8.563 ms
INFO: at 941.976 ms fetching 8.563 ms
INFO: at 946.734 ms fetching 8.563 ms
INFO: at 951.492 ms fetching 8.563 ms
INFO: at 956.250 ms fetching 8.563 ms
INFO: at 961.008 ms fetching 8.563 ms
INFO: at 965.766 ms fetching 8.563 ms
INFO: at 970.524 ms fetching 8.563 ms
INFO: at 975.283 ms fetching 8.563 ms
WARNING: bookkeeping for too long: -8.045537061789219ms
INFO: at 990.472 ms batch [8.563] delay 7.136 ms
INFO: at 990.472 ms fetching 8.563 ms
INFO: at 997.610 ms batch [8.563] delay 7.136 ms
INFO: at 997.610 ms fetching 8.563 ms
INFO: at 1004.749 ms batch [8.563] delay 7.136 ms
INFO: at 1004.749 ms fetching 8.563 ms
INFO: at 1011.887 ms batch [8.563] delay 7.136 ms
INFO: at 1011.887 ms fetching 8.563 ms
INFO: at 1019.026 ms batch [8.563] delay 7.136 ms
INFO: at 1019.026 ms fetching 8.563 ms
INFO: at 1026.177 ms batch [8.563] delay 3.892 ms
INFO: at 1030.071 ms batch [8.563] delay 3.892 ms
INFO: at 1033.966 ms batch [8.563] delay 3.892 ms
INFO: at 1037.862 ms batch [8.563] delay 3.892 ms
INFO: at 1041.756 ms batch [8.563] delay 3.892 ms
INFO: at 1045.649 ms batch [8.563] delay 3.892 ms
INFO: at 1049.544 ms batch [8.563] delay 3.892 ms
INFO: at 1053.438 ms batch [8.563] delay 3.892 ms
INFO: at 1057.332 ms batch [8.563] delay 3.892 ms
INFO: at 1061.225 ms batch [8.563] delay 3.892 ms
INFO: at 1065.121 ms batch [8.563] delay 3.892 ms
INFO: at 1069.014 ms batch [8.563] delay 4.282 ms
INFO: at 1073.297 ms batch [8.563] delay 4.282 ms
INFO: at 1077.579 ms batch [8.563] delay 4.282 ms
INFO: at 1081.862 ms batch [8.563] delay 4.282 ms
INFO: at 1086.144 ms batch [8.563] delay 4.282 ms
INFO: at 1090.427 ms batch [8.563] delay 4.282 ms
INFO: at 1094.709 ms batch [8.563] delay 4.282 ms
INFO: at 1098.992 ms batch [8.563] delay 4.282 ms
INFO: at 1103.274 ms batch [8.563] delay 4.282 ms
INFO: at 1107.557 ms batch [8.563] delay 4.282 ms
INFO: at 1111.839 ms batch [8.563] delay 3.892 ms
INFO: at 1115.733 ms batch [8.563] delay 3.892 ms
INFO: at 1119.626 ms batch [8.563] delay 3.892 ms
INFO: at 1123.519 ms batch [8.563] delay 3.892 ms
INFO: at 1127.412 ms batch [8.563] delay 3.892 ms
INFO: at 1131.306 ms batch [8.563] delay 3.892 ms
INFO: at 1135.199 ms batch [8.563] delay 3.892 ms
INFO: at 1139.092 ms batch [8.563] delay 3.892 ms
INFO: at 1142.985 ms batch [8.563] delay 3.892 ms
INFO: at 1146.879 ms batch [8.563] delay 3.892 ms
INFO: at 1150.772 ms batch [8.563] delay 3.892 ms
INFO: at 1154.665 ms batch [8.563] delay 3.892 ms
INFO: at 1158.558 ms batch [8.563] delay 3.892 ms
INFO: at 1162.451 ms batch [8.563] delay 3.892 ms
INFO: at 1166.345 ms batch [8.563] delay 3.892 ms
INFO: at 1170.238 ms batch [8.563] delay 3.892 ms
INFO: at 1174.132 ms batch [8.563] delay 3.892 ms
INFO: at 1178.025 ms batch [8.563] delay 3.892 ms
INFO: at 1181.918 ms batch [8.563] delay 3.892 ms
INFO: at 1185.811 ms batch [8.563] delay 3.892 ms
INFO: at 1189.704 ms batch [8.563] delay 3.892 ms
INFO: at 1193.598 ms batch [8.563] delay 3.892 ms
INFO: at 1197.490 ms batch [8.563] delay 3.058 ms
INFO: at 1200.550 ms batch [8.563] delay 3.058 ms
INFO: at 1203.609 ms batch [8.563] delay 3.058 ms
INFO: at 1206.668 ms batch [8.563] delay 3.058 ms
INFO: at 1209.727 ms batch [8.563] delay 3.058 ms
INFO: at 1212.786 ms batch [8.563] delay 3.058 ms
INFO: at 1215.845 ms batch [8.563] delay 3.058 ms
INFO: at 1218.905 ms batch [8.563] delay 3.058 ms
INFO: at 1221.964 ms batch [8.563] delay 3.058 ms
INFO: at 1225.023 ms batch [8.563] delay 3.058 ms
INFO: at 1228.082 ms batch [8.563] delay 3.058 ms
INFO: at 1231.141 ms batch [8.563] delay 3.058 ms
INFO: at 1234.201 ms batch [8.563] delay 3.058 ms
INFO: at 1237.260 ms batch [8.563] delay 3.058 ms
INFO: at 1240.319 ms batch [8.563] delay 4.282 ms
INFO: at 1244.602 ms batch [8.563] delay 4.282 ms
INFO: at 1248.884 ms batch [8.563] delay 4.282 ms
INFO: at 1253.167 ms batch [8.563] delay 4.282 ms
INFO: at 1257.449 ms batch [8.563] delay 4.282 ms
INFO: at 1261.732 ms batch [8.563] delay 4.282 ms
INFO: at 1266.014 ms batch [8.563] delay 4.282 ms
INFO: at 1270.296 ms batch [8.563] delay 4.282 ms
INFO: at 1274.578 ms batch [8.563] delay 4.282 ms
INFO: at 1278.861 ms batch [8.563] delay 4.282 ms
INFO: at 1283.143 ms batch [8.563] delay 3.568 ms
INFO: at 1286.712 ms batch [8.563] delay 3.568 ms
INFO: at 1290.281 ms batch [8.563] delay 3.568 ms
INFO: at 1293.849 ms batch [8.563] delay 3.568 ms
INFO: at 1297.418 ms batch [8.563] delay 3.568 ms
INFO: at 1300.987 ms batch [8.563] delay 3.568 ms
INFO: at 1304.557 ms batch [8.563] delay 3.568 ms
INFO: at 1308.126 ms batch [8.563] delay 3.568 ms
INFO: at 1311.695 ms batch [8.563] delay 3.568 ms
INFO: at 1315.264 ms batch [8.563] delay 3.568 ms
INFO: at 1318.833 ms batch [8.563] delay 3.568 ms
INFO: at 1322.401 ms batch [8.563] delay 3.568 ms
INFO: at 1325.970 ms batch [8.563] delay 4.282 ms
INFO: at 1330.253 ms batch [8.563] delay 4.282 ms
INFO: at 1334.535 ms batch [8.563] delay 4.282 ms
INFO: at 1338.818 ms batch [8.563] delay 4.282 ms
INFO: at 1343.100 ms batch [8.563] delay 4.282 ms
INFO: at 1347.390 ms batch [8.563] delay 4.282 ms
INFO: at 1351.673 ms batch [8.563] delay 4.282 ms
INFO: at 1355.955 ms batch [8.563] delay 4.282 ms
INFO: at 1360.238 ms batch [8.563] delay 4.282 ms
INFO: at 1364.520 ms batch [8.563] delay 4.282 ms
INFO: at 1368.802 ms batch [8.563] delay 4.757 ms
INFO: at 1373.560 ms batch [8.563] delay 4.757 ms
INFO: at 1378.318 ms batch [8.563] delay 4.757 ms
INFO: at 1383.076 ms batch [8.563] delay 4.757 ms
INFO: at 1387.834 ms batch [8.563] delay 4.757 ms
INFO: at 1392.593 ms batch [8.563] delay 4.757 ms
INFO: at 1397.351 ms batch [8.563] delay 4.757 ms
INFO: at 1402.109 ms batch [8.563] delay 4.757 ms
INFO: at 1406.868 ms batch [8.563] delay 4.757 ms
INFO: at 1411.626 ms batch [8.563] delay 5.352 ms
INFO: at 1026.177 ms fetching 8.563 ms
INFO: at 1030.071 ms fetching 8.563 ms
INFO: at 1033.966 ms fetching 8.563 ms
INFO: at 1037.862 ms fetching 8.563 ms
INFO: at 1041.756 ms fetching 8.563 ms
INFO: at 1045.649 ms fetching 8.563 ms
INFO: at 1049.544 ms fetching 8.563 ms
INFO: at 1053.438 ms fetching 8.563 ms
INFO: at 1057.332 ms fetching 8.563 ms
INFO: at 1061.225 ms fetching 8.563 ms
INFO: at 1065.121 ms fetching 8.563 ms
INFO: at 1069.014 ms fetching 8.563 ms
INFO: at 1073.297 ms fetching 8.563 ms
INFO: at 1077.579 ms fetching 8.563 ms
INFO: at 1081.862 ms fetching 8.563 ms
INFO: at 1086.144 ms fetching 8.563 ms
INFO: at 1090.427 ms fetching 8.563 ms
INFO: at 1094.709 ms fetching 8.563 ms
INFO: at 1098.992 ms fetching 8.563 ms
INFO: at 1103.274 ms fetching 8.563 ms
INFO: at 1107.557 ms fetching 8.563 ms
INFO: at 1111.839 ms fetching 8.563 ms
INFO: at 1115.733 ms fetching 8.563 ms
INFO: at 1119.626 ms fetching 8.563 ms
INFO: at 1123.519 ms fetching 8.563 ms
INFO: at 1127.412 ms fetching 8.563 ms
INFO: at 1131.306 ms fetching 8.563 ms
INFO: at 1135.199 ms fetching 8.563 ms
INFO: at 1139.092 ms fetching 8.563 ms
INFO: at 1142.985 ms fetching 8.563 ms
INFO: at 1146.879 ms fetching 8.563 ms
INFO: at 1150.772 ms fetching 8.563 ms
INFO: at 1154.665 ms fetching 8.563 ms
INFO: at 1158.558 ms fetching 8.563 ms
INFO: at 1162.451 ms fetching 8.563 ms
INFO: at 1166.345 ms fetching 8.563 ms
INFO: at 1170.238 ms fetching 8.563 ms
INFO: at 1174.132 ms fetching 8.563 ms
INFO: at 1178.025 ms fetching 8.563 ms
INFO: at 1181.918 ms fetching 8.563 ms
INFO: at 1185.811 ms fetching 8.563 ms
INFO: at 1189.704 ms fetching 8.563 ms
INFO: at 1193.598 ms fetching 8.563 ms
INFO: at 1197.490 ms fetching 8.563 ms
INFO: at 1200.550 ms fetching 8.563 ms
INFO: at 1203.609 ms fetching 8.563 ms
INFO: at 1206.668 ms fetching 8.563 ms
INFO: at 1209.727 ms fetching 8.563 ms
INFO: at 1212.786 ms fetching 8.563 ms
INFO: at 1215.845 ms fetching 8.563 ms
INFO: at 1218.905 ms fetching 8.563 ms
INFO: at 1221.964 ms fetching 8.563 ms
INFO: at 1225.023 ms fetching 8.563 ms
INFO: at 1228.082 ms fetching 8.563 ms
INFO: at 1231.141 ms fetching 8.563 ms
INFO: at 1234.201 ms fetching 8.563 ms
INFO: at 1237.260 ms fetching 8.563 ms
INFO: at 1240.319 ms fetching 8.563 ms
INFO: at 1244.602 ms fetching 8.563 ms
INFO: at 1248.884 ms fetching 8.563 ms
INFO: at 1253.167 ms fetching 8.563 ms
INFO: at 1257.449 ms fetching 8.563 ms
INFO: at 1261.732 ms fetching 8.563 ms
INFO: at 1266.014 ms fetching 8.563 ms
INFO: at 1270.296 ms fetching 8.563 ms
INFO: at 1274.578 ms fetching 8.563 ms
INFO: at 1278.861 ms fetching 8.563 ms
INFO: at 1283.143 ms fetching 8.563 ms
INFO: at 1286.712 ms fetching 8.563 ms
INFO: at 1290.281 ms fetching 8.563 ms
INFO: at 1293.849 ms fetching 8.563 ms
INFO: at 1297.418 ms fetching 8.563 ms
INFO: at 1300.987 ms fetching 8.563 ms
INFO: at 1304.557 ms fetching 8.563 ms
INFO: at 1308.126 ms fetching 8.563 ms
INFO: at 1311.695 ms fetching 8.563 ms
INFO: at 1315.264 ms fetching 8.563 ms
INFO: at 1318.833 ms fetching 8.563 ms
INFO: at 1322.401 ms fetching 8.563 ms
INFO: at 1325.970 ms fetching 8.563 ms
INFO: at 1330.253 ms fetching 8.563 ms
INFO: at 1334.535 ms fetching 8.563 ms
INFO: at 1338.818 ms fetching 8.563 ms
INFO: at 1343.100 ms fetching 8.563 ms
INFO: at 1347.390 ms fetching 8.563 ms
INFO: at 1351.673 ms fetching 8.563 ms
INFO: at 1355.955 ms fetching 8.563 ms
INFO: at 1360.238 ms fetching 8.563 ms
INFO: at 1364.520 ms fetching 8.563 ms
INFO: at 1368.802 ms fetching 8.563 ms
INFO: at 1373.560 ms fetching 8.563 ms
INFO: at 1378.318 ms fetching 8.563 ms
INFO: at 1383.076 ms fetching 8.563 ms
INFO: at 1387.834 ms fetching 8.563 ms
INFO: at 1392.593 ms fetching 8.563 ms
INFO: at 1397.351 ms fetching 8.563 ms
INFO: at 1402.109 ms fetching 8.563 ms
INFO: at 1406.868 ms fetching 8.563 ms
INFO: at 1411.626 ms fetching 8.563 ms
WARNING: bookkeeping for too long: -28.08080331034853ms
INFO: at 1445.069 ms batch [8.563] delay 5.352 ms
INFO: at 1445.069 ms fetching 8.563 ms
INFO: at 1450.424 ms batch [8.563] delay 5.352 ms
INFO: at 1450.424 ms fetching 8.563 ms
INFO: at 1455.778 ms batch [8.563] delay 5.352 ms
INFO: at 1455.778 ms fetching 8.563 ms
INFO: at 1461.132 ms batch [8.563] delay 5.352 ms
INFO: at 1461.132 ms fetching 8.563 ms
INFO: at 1466.486 ms batch [8.563] delay 5.352 ms
INFO: at 1466.486 ms fetching 8.563 ms
INFO: at 1471.841 ms batch [8.563] delay 5.352 ms
INFO: at 1471.841 ms fetching 8.563 ms
INFO: at 1477.196 ms batch [8.563] delay 5.352 ms
INFO: at 1477.196 ms fetching 8.563 ms
INFO: at 1482.550 ms batch [8.563] delay 6.117 ms
INFO: at 1482.550 ms fetching 8.563 ms
INFO: at 1488.669 ms batch [8.563] delay 6.117 ms
INFO: at 1488.669 ms fetching 8.563 ms
INFO: at 1496.044 ms batch [8.563] delay 6.117 ms
INFO: at 1496.044 ms fetching 8.563 ms
INFO: at 1502.173 ms batch [8.563] delay 6.117 ms
INFO: at 1502.173 ms fetching 8.563 ms
INFO: at 1508.292 ms batch [8.563] delay 6.117 ms
INFO: at 1508.292 ms fetching 8.563 ms
INFO: at 1514.411 ms batch [8.563] delay 6.117 ms
INFO: at 1514.411 ms fetching 8.563 ms
INFO: at 1520.530 ms batch [8.563] delay 6.117 ms
INFO: at 1520.530 ms fetching 8.563 ms
INFO: at 1526.650 ms batch [8.563] delay 4.757 ms
INFO: at 1531.409 ms batch [8.563] delay 4.757 ms
INFO: at 1536.168 ms batch [8.563] delay 4.757 ms
INFO: at 1540.927 ms batch [8.563] delay 4.757 ms
INFO: at 1545.685 ms batch [8.563] delay 4.757 ms
INFO: at 1550.444 ms batch [8.563] delay 4.757 ms
INFO: at 1555.203 ms batch [8.563] delay 4.757 ms
INFO: at 1559.962 ms batch [8.563] delay 4.757 ms
INFO: at 1564.720 ms batch [8.563] delay 4.757 ms
INFO: at 1569.478 ms batch [8.563] delay 6.117 ms
INFO: at 1526.650 ms fetching 8.563 ms
INFO: at 1531.409 ms fetching 8.563 ms
INFO: at 1536.168 ms fetching 8.563 ms
INFO: at 1540.927 ms fetching 8.563 ms
INFO: at 1545.685 ms fetching 8.563 ms
INFO: at 1550.444 ms fetching 8.563 ms
INFO: at 1555.203 ms fetching 8.563 ms
INFO: at 1559.962 ms fetching 8.563 ms
INFO: at 1564.720 ms fetching 8.563 ms
INFO: at 1569.478 ms fetching 8.563 ms
INFO: at 1575.597 ms batch [8.563] delay 6.117 ms
INFO: at 1575.597 ms fetching 8.563 ms
INFO: at 1581.722 ms batch [8.563] delay 6.117 ms
INFO: at 1581.722 ms fetching 8.563 ms
INFO: at 1587.846 ms batch [8.563] delay 6.117 ms
INFO: at 1587.846 ms fetching 8.563 ms
INFO: at 1593.969 ms batch [8.563] delay 6.117 ms
INFO: at 1593.969 ms fetching 8.563 ms
INFO: at 1600.087 ms batch [8.563] delay 6.117 ms
INFO: at 1600.087 ms fetching 8.563 ms
INFO: at 1606.206 ms batch [8.563] delay 6.117 ms
INFO: at 1606.206 ms fetching 8.563 ms
INFO: at 1612.324 ms batch [8.563] delay 3.568 ms
INFO: at 1615.893 ms batch [8.563] delay 3.568 ms
INFO: at 1619.462 ms batch [8.563] delay 3.568 ms
INFO: at 1623.032 ms batch [8.563] delay 3.568 ms
INFO: at 1626.601 ms batch [8.563] delay 3.568 ms
INFO: at 1630.173 ms batch [8.563] delay 3.568 ms
INFO: at 1633.742 ms batch [8.563] delay 3.568 ms
INFO: at 1637.315 ms batch [8.563] delay 3.568 ms
INFO: at 1640.884 ms batch [8.563] delay 3.568 ms
INFO: at 1644.453 ms batch [8.563] delay 3.568 ms
INFO: at 1648.022 ms batch [8.563] delay 3.568 ms
INFO: at 1651.591 ms batch [8.563] delay 3.568 ms
INFO: at 1655.160 ms batch [8.563] delay 4.757 ms
INFO: at 1659.918 ms batch [8.563] delay 4.757 ms
INFO: at 1664.676 ms batch [8.563] delay 4.757 ms
INFO: at 1669.434 ms batch [8.563] delay 4.757 ms
INFO: at 1674.193 ms batch [8.563] delay 4.757 ms
INFO: at 1678.951 ms batch [8.563] delay 4.757 ms
INFO: at 1683.709 ms batch [8.563] delay 4.757 ms
INFO: at 1688.467 ms batch [8.563] delay 4.757 ms
INFO: at 1693.225 ms batch [8.563] delay 4.757 ms
INFO: at 1697.984 ms batch [8.563] delay 4.757 ms
INFO: at 1702.742 ms batch [8.563] delay 4.757 ms
INFO: at 1707.500 ms batch [8.563] delay 4.757 ms
INFO: at 1712.258 ms batch [8.563] delay 4.757 ms
INFO: at 1717.017 ms batch [8.563] delay 4.757 ms
INFO: at 1721.775 ms batch [8.563] delay 4.757 ms
INFO: at 1726.533 ms batch [8.563] delay 4.757 ms
INFO: at 1731.291 ms batch [8.563] delay 4.757 ms
INFO: at 1736.049 ms batch [8.563] delay 4.757 ms
INFO: at 1740.808 ms batch [8.563] delay 5.352 ms
INFO: at 1612.324 ms fetching 8.563 ms
INFO: at 1615.893 ms fetching 8.563 ms
INFO: at 1619.462 ms fetching 8.563 ms
INFO: at 1623.032 ms fetching 8.563 ms
INFO: at 1626.601 ms fetching 8.563 ms
INFO: at 1630.173 ms fetching 8.563 ms
INFO: at 1633.742 ms fetching 8.563 ms
INFO: at 1637.315 ms fetching 8.563 ms
INFO: at 1640.884 ms fetching 8.563 ms
INFO: at 1644.453 ms fetching 8.563 ms
INFO: at 1648.022 ms fetching 8.563 ms
INFO: at 1651.591 ms fetching 8.563 ms
INFO: at 1655.160 ms fetching 8.563 ms
INFO: at 1659.918 ms fetching 8.563 ms
INFO: at 1664.676 ms fetching 8.563 ms
INFO: at 1669.434 ms fetching 8.563 ms
INFO: at 1674.193 ms fetching 8.563 ms
INFO: at 1678.951 ms fetching 8.563 ms
INFO: at 1683.709 ms fetching 8.563 ms
INFO: at 1688.467 ms fetching 8.563 ms
INFO: at 1693.225 ms fetching 8.563 ms
INFO: at 1697.984 ms fetching 8.563 ms
INFO: at 1702.742 ms fetching 8.563 ms
INFO: at 1707.500 ms fetching 8.563 ms
INFO: at 1712.258 ms fetching 8.563 ms
INFO: at 1717.017 ms fetching 8.563 ms
INFO: at 1721.775 ms fetching 8.563 ms
INFO: at 1726.533 ms fetching 8.563 ms
INFO: at 1731.291 ms fetching 8.563 ms
INFO: at 1736.049 ms fetching 8.563 ms
INFO: at 1740.808 ms fetching 8.563 ms
INFO: at 1751.004 ms batch [8.563] delay 5.352 ms
INFO: at 1751.004 ms fetching 8.563 ms
INFO: at 1756.358 ms batch [8.563] delay 5.352 ms
INFO: at 1756.358 ms fetching 8.563 ms
INFO: at 1761.711 ms batch [8.563] delay 5.352 ms
INFO: at 1761.711 ms fetching 8.563 ms
INFO: at 1767.065 ms batch [8.563] delay 5.352 ms
INFO: at 1767.065 ms fetching 8.563 ms
INFO: at 1772.419 ms batch [8.563] delay 5.352 ms
INFO: at 1772.419 ms fetching 8.563 ms
INFO: at 1777.773 ms batch [8.563] delay 5.352 ms
INFO: at 1777.773 ms fetching 8.563 ms
INFO: at 1783.127 ms batch [8.563] delay 5.352 ms
INFO: at 1783.127 ms fetching 8.563 ms
INFO: at 1788.480 ms batch [8.563] delay 5.352 ms
INFO: at 1788.480 ms fetching 8.563 ms
INFO: at 1793.834 ms batch [8.563] delay 5.352 ms
INFO: at 1793.834 ms fetching 8.563 ms
INFO: at 1799.188 ms batch [8.563] delay 5.352 ms
INFO: at 1799.188 ms fetching 8.563 ms
INFO: at 1804.542 ms batch [8.563] delay 5.352 ms
INFO: at 1804.542 ms fetching 8.563 ms
INFO: at 1809.895 ms batch [8.563] delay 5.352 ms
INFO: at 1809.895 ms fetching 8.563 ms
INFO: at 1815.249 ms batch [8.563] delay 5.352 ms
INFO: at 1815.249 ms fetching 8.563 ms
INFO: at 1820.603 ms batch [8.563] delay 5.352 ms
INFO: at 1820.603 ms fetching 8.563 ms
INFO: at 1825.957 ms batch [8.563] delay 5.352 ms
INFO: at 1825.957 ms fetching 8.563 ms
INFO: at 1831.319 ms batch [8.563] delay 1.476 ms
INFO: at 1832.797 ms batch [8.563] delay 1.476 ms
INFO: at 1834.274 ms batch [8.563] delay 1.476 ms
INFO: at 1835.752 ms batch [8.563] delay 1.476 ms
INFO: at 1837.229 ms batch [8.563] delay 1.476 ms
INFO: at 1838.706 ms batch [8.563] delay 1.476 ms
INFO: at 1840.184 ms batch [8.563] delay 1.476 ms
INFO: at 1841.661 ms batch [8.563] delay 1.476 ms
INFO: at 1843.139 ms batch [8.563] delay 1.476 ms
INFO: at 1844.616 ms batch [8.563] delay 1.476 ms
INFO: at 1846.093 ms batch [8.563] delay 1.476 ms
INFO: at 1847.571 ms batch [8.563] delay 1.476 ms
INFO: at 1849.048 ms batch [8.563] delay 1.476 ms
INFO: at 1850.526 ms batch [8.563] delay 1.476 ms
INFO: at 1852.003 ms batch [8.563] delay 1.476 ms
INFO: at 1853.480 ms batch [8.563] delay 1.476 ms
INFO: at 1854.957 ms batch [8.563] delay 1.476 ms
INFO: at 1856.435 ms batch [8.563] delay 1.476 ms
INFO: at 1857.912 ms batch [8.563] delay 1.476 ms
INFO: at 1859.389 ms batch [8.563] delay 1.476 ms
INFO: at 1860.867 ms batch [8.563] delay 1.476 ms
INFO: at 1862.344 ms batch [8.563] delay 1.476 ms
INFO: at 1863.821 ms batch [8.563] delay 1.476 ms
INFO: at 1865.299 ms batch [8.563] delay 1.476 ms
INFO: at 1866.779 ms batch [8.563] delay 1.476 ms
INFO: at 1868.257 ms batch [8.563] delay 1.476 ms
INFO: at 1869.734 ms batch [8.563] delay 1.476 ms
INFO: at 1871.212 ms batch [8.563] delay 1.476 ms
INFO: at 1872.689 ms batch [8.563] delay 1.476 ms
INFO: at 1874.172 ms batch [8.563] delay 3.892 ms
INFO: at 1878.065 ms batch [8.563] delay 3.892 ms
INFO: at 1881.958 ms batch [8.563] delay 3.892 ms
INFO: at 1885.852 ms batch [8.563] delay 3.892 ms
INFO: at 1889.745 ms batch [8.563] delay 3.892 ms
INFO: at 1893.638 ms batch [8.563] delay 3.892 ms
INFO: at 1897.531 ms batch [8.563] delay 3.892 ms
INFO: at 1901.425 ms batch [8.563] delay 3.892 ms
INFO: at 1905.318 ms batch [8.563] delay 3.892 ms
INFO: at 1909.211 ms batch [8.563] delay 3.892 ms
INFO: at 1913.104 ms batch [8.563] delay 3.892 ms
INFO: at 1916.998 ms batch [8.563] delay 4.282 ms
INFO: at 1921.282 ms batch [8.563] delay 4.282 ms
INFO: at 1925.564 ms batch [8.563] delay 4.282 ms
INFO: at 1929.847 ms batch [8.563] delay 4.282 ms
INFO: at 1934.129 ms batch [8.563] delay 4.282 ms
INFO: at 1938.412 ms batch [8.563] delay 4.282 ms
INFO: at 1942.694 ms batch [8.563] delay 4.282 ms
INFO: at 1946.977 ms batch [8.563] delay 4.282 ms
INFO: at 1951.260 ms batch [8.563] delay 4.282 ms
INFO: at 1955.543 ms batch [8.563] delay 4.282 ms
INFO: at 1959.825 ms batch [8.563] delay 5.352 ms
INFO: at 1831.319 ms fetching 8.563 ms
INFO: at 1832.797 ms fetching 8.563 ms
INFO: at 1834.274 ms fetching 8.563 ms
INFO: at 1835.752 ms fetching 8.563 ms
INFO: at 1837.229 ms fetching 8.563 ms
INFO: at 1838.706 ms fetching 8.563 ms
INFO: at 1840.184 ms fetching 8.563 ms
INFO: at 1841.661 ms fetching 8.563 ms
INFO: at 1843.139 ms fetching 8.563 ms
INFO: at 1844.616 ms fetching 8.563 ms
INFO: at 1846.093 ms fetching 8.563 ms
INFO: at 1847.571 ms fetching 8.563 ms
INFO: at 1849.048 ms fetching 8.563 ms
INFO: at 1850.526 ms fetching 8.563 ms
INFO: at 1852.003 ms fetching 8.563 ms
INFO: at 1853.480 ms fetching 8.563 ms
INFO: at 1854.957 ms fetching 8.563 ms
INFO: at 1856.435 ms fetching 8.563 ms
INFO: at 1857.912 ms fetching 8.563 ms
INFO: at 1859.389 ms fetching 8.563 ms
INFO: at 1860.867 ms fetching 8.563 ms
INFO: at 1862.344 ms fetching 8.563 ms
INFO: at 1863.821 ms fetching 8.563 ms
INFO: at 1865.299 ms fetching 8.563 ms
INFO: at 1866.779 ms fetching 8.563 ms
INFO: at 1868.257 ms fetching 8.563 ms
INFO: at 1869.734 ms fetching 8.563 ms
INFO: at 1871.212 ms fetching 8.563 ms
INFO: at 1872.689 ms fetching 8.563 ms
INFO: at 1874.172 ms fetching 8.563 ms
INFO: at 1878.065 ms fetching 8.563 ms
INFO: at 1881.958 ms fetching 8.563 ms
INFO: at 1885.852 ms fetching 8.563 ms
INFO: at 1889.745 ms fetching 8.563 ms
INFO: at 1893.638 ms fetching 8.563 ms
INFO: at 1897.531 ms fetching 8.563 ms
INFO: at 1901.425 ms fetching 8.563 ms
INFO: at 1905.318 ms fetching 8.563 ms
INFO: at 1909.211 ms fetching 8.563 ms
INFO: at 1913.104 ms fetching 8.563 ms
INFO: at 1916.998 ms fetching 8.563 ms
INFO: at 1921.282 ms fetching 8.563 ms
INFO: at 1925.564 ms fetching 8.563 ms
INFO: at 1929.847 ms fetching 8.563 ms
INFO: at 1934.129 ms fetching 8.563 ms
INFO: at 1938.412 ms fetching 8.563 ms
INFO: at 1942.694 ms fetching 8.563 ms
INFO: at 1946.977 ms fetching 8.563 ms
INFO: at 1951.260 ms fetching 8.563 ms
INFO: at 1955.543 ms fetching 8.563 ms
INFO: at 1959.825 ms fetching 8.563 ms
WARNING: bookkeeping for too long: -10.69308630175783ms
INFO: at 1975.876 ms batch [8.563] delay 5.352 ms
INFO: at 1975.876 ms fetching 8.563 ms
INFO: at 1981.230 ms batch [8.563] delay 5.352 ms
INFO: at 1981.230 ms fetching 8.563 ms
INFO: at 1986.584 ms batch [8.563] delay 5.352 ms
INFO: at 1986.584 ms fetching 8.563 ms
INFO: at 1991.937 ms batch [8.563] delay 5.352 ms
INFO: at 1991.937 ms fetching 8.563 ms
INFO: at 1997.291 ms batch [8.563] delay 5.352 ms
INFO: at 1997.291 ms fetching 8.563 ms
INFO: at 2002.645 ms batch [8.563] delay 5.352 ms
INFO: at 2002.645 ms fetching 8.563 ms
INFO: at 2007.999 ms batch [8.563] delay 5.352 ms
INFO: at 2007.999 ms fetching 8.563 ms
INFO: at 2013.353 ms batch [8.563] delay 2.854 ms
INFO: at 2016.209 ms batch [8.563] delay 2.854 ms
INFO: at 2019.064 ms batch [8.563] delay 2.854 ms
INFO: at 2021.920 ms batch [8.563] delay 2.854 ms
INFO: at 2024.776 ms batch [8.563] delay 2.854 ms
INFO: at 2027.631 ms batch [8.563] delay 2.854 ms
INFO: at 2030.487 ms batch [8.563] delay 2.854 ms
INFO: at 2033.343 ms batch [8.563] delay 2.854 ms
INFO: at 2036.198 ms batch [8.563] delay 2.854 ms
INFO: at 2039.054 ms batch [8.563] delay 2.854 ms
INFO: at 2041.909 ms batch [8.563] delay 2.854 ms
INFO: at 2044.764 ms batch [8.563] delay 2.854 ms
INFO: at 2047.619 ms batch [8.563] delay 2.854 ms
INFO: at 2050.475 ms batch [8.563] delay 2.854 ms
INFO: at 2053.331 ms batch [8.563] delay 2.854 ms
INFO: at 2056.186 ms batch [8.563] delay 3.892 ms
INFO: at 2060.079 ms batch [8.563] delay 3.892 ms
INFO: at 2063.972 ms batch [8.563] delay 3.892 ms
INFO: at 2067.866 ms batch [8.563] delay 3.892 ms
INFO: at 2071.759 ms batch [8.563] delay 3.892 ms
INFO: at 2075.652 ms batch [8.563] delay 3.892 ms
INFO: at 2079.545 ms batch [8.563] delay 3.892 ms
INFO: at 2083.438 ms batch [8.563] delay 3.892 ms
INFO: at 2087.332 ms batch [8.563] delay 3.892 ms
INFO: at 2091.225 ms batch [8.563] delay 3.892 ms
INFO: at 2095.119 ms batch [8.563] delay 3.892 ms
INFO: at 2099.012 ms batch [8.563] delay 3.892 ms
INFO: at 2102.905 ms batch [8.563] delay 3.892 ms
INFO: at 2106.798 ms batch [8.563] delay 3.892 ms
INFO: at 2110.694 ms batch [8.563] delay 3.892 ms
INFO: at 2114.587 ms batch [8.563] delay 3.892 ms
INFO: at 2118.480 ms batch [8.563] delay 3.892 ms
INFO: at 2122.373 ms batch [8.563] delay 3.892 ms
INFO: at 2126.267 ms batch [8.563] delay 3.892 ms
INFO: at 2130.172 ms batch [8.563] delay 3.892 ms
INFO: at 2134.065 ms batch [8.563] delay 3.892 ms
INFO: at 2137.958 ms batch [8.563] delay 3.892 ms
INFO: at 2141.852 ms batch [8.563] delay 4.757 ms
INFO: at 2146.610 ms batch [8.563] delay 4.757 ms
INFO: at 2151.369 ms batch [8.563] delay 4.757 ms
INFO: at 2156.127 ms batch [8.563] delay 4.757 ms
INFO: at 2160.885 ms batch [8.563] delay 4.757 ms
INFO: at 2165.643 ms batch [8.563] delay 4.757 ms
INFO: at 2170.402 ms batch [8.563] delay 4.757 ms
INFO: at 2175.160 ms batch [8.563] delay 4.757 ms
INFO: at 2179.918 ms batch [8.563] delay 4.757 ms
INFO: at 2184.676 ms batch [8.563] delay 4.757 ms
INFO: at 2189.435 ms batch [8.563] delay 4.757 ms
INFO: at 2194.193 ms batch [8.563] delay 4.757 ms
INFO: at 2198.951 ms batch [8.563] delay 4.757 ms
INFO: at 2203.709 ms batch [8.563] delay 4.757 ms
INFO: at 2208.467 ms batch [8.563] delay 4.757 ms
INFO: at 2213.225 ms batch [8.563] delay 4.757 ms
INFO: at 2217.983 ms batch [8.563] delay 4.757 ms
INFO: at 2222.742 ms batch [8.563] delay 4.757 ms
INFO: at 2227.500 ms batch [8.563] delay 3.568 ms
INFO: at 2231.069 ms batch [8.563] delay 3.568 ms
INFO: at 2234.638 ms batch [8.563] delay 3.568 ms
INFO: at 2238.207 ms batch [8.563] delay 3.568 ms
INFO: at 2241.776 ms batch [8.563] delay 3.568 ms
INFO: at 2245.345 ms batch [8.563] delay 3.568 ms
INFO: at 2248.914 ms batch [8.563] delay 3.568 ms
INFO: at 2252.482 ms batch [8.563] delay 3.568 ms
INFO: at 2256.051 ms batch [8.563] delay 3.568 ms
INFO: at 2259.620 ms batch [8.563] delay 3.568 ms
INFO: at 2263.189 ms batch [8.563] delay 3.568 ms
INFO: at 2266.758 ms batch [8.563] delay 3.568 ms
INFO: at 2270.327 ms batch [8.563] delay 4.757 ms
INFO: at 2275.085 ms batch [8.563] delay 4.757 ms
INFO: at 2279.843 ms batch [8.563] delay 4.757 ms
INFO: at 2284.601 ms batch [8.563] delay 4.757 ms
INFO: at 2289.359 ms batch [8.563] delay 4.757 ms
INFO: at 2294.117 ms batch [8.563] delay 4.757 ms
INFO: at 2298.875 ms batch [8.563] delay 4.757 ms
INFO: at 2303.633 ms batch [8.563] delay 4.757 ms
INFO: at 2308.392 ms batch [8.563] delay 4.757 ms
INFO: at 2313.150 ms batch [8.563] delay 4.282 ms
INFO: at 2317.432 ms batch [8.563] delay 4.282 ms
INFO: at 2321.714 ms batch [8.563] delay 4.282 ms
INFO: at 2325.997 ms batch [8.563] delay 4.282 ms
INFO: at 2330.279 ms batch [8.563] delay 4.282 ms
INFO: at 2334.561 ms batch [8.563] delay 4.282 ms
INFO: at 2338.844 ms batch [8.563] delay 4.282 ms
INFO: at 2343.126 ms batch [8.563] delay 4.282 ms
INFO: at 2347.409 ms batch [8.563] delay 4.282 ms
INFO: at 2351.692 ms batch [8.563] delay 4.282 ms
INFO: at 2355.974 ms batch [8.563] delay 3.294 ms
INFO: at 2359.269 ms batch [8.563] delay 3.294 ms
INFO: at 2362.564 ms batch [8.563] delay 3.294 ms
INFO: at 2365.858 ms batch [8.563] delay 3.294 ms
INFO: at 2369.152 ms batch [8.563] delay 3.294 ms
INFO: at 2372.447 ms batch [8.563] delay 3.294 ms
INFO: at 2375.746 ms batch [8.563] delay 3.294 ms
INFO: at 2379.041 ms batch [8.563] delay 3.294 ms
INFO: at 2382.336 ms batch [8.563] delay 3.294 ms
INFO: at 2385.630 ms batch [8.563] delay 3.294 ms
INFO: at 2388.924 ms batch [8.563] delay 3.294 ms
INFO: at 2392.219 ms batch [8.563] delay 3.294 ms
INFO: at 2395.514 ms batch [8.563] delay 3.294 ms
INFO: at 2398.808 ms batch [8.563] delay 5.352 ms
INFO: at 2013.353 ms fetching 8.563 ms
INFO: at 2016.209 ms fetching 8.563 ms
INFO: at 2019.064 ms fetching 8.563 ms
INFO: at 2021.920 ms fetching 8.563 ms
INFO: at 2024.776 ms fetching 8.563 ms
INFO: at 2027.631 ms fetching 8.563 ms
INFO: at 2030.487 ms fetching 8.563 ms
INFO: at 2033.343 ms fetching 8.563 ms
INFO: at 2036.198 ms fetching 8.563 ms
INFO: at 2039.054 ms fetching 8.563 ms
INFO: at 2041.909 ms fetching 8.563 ms
INFO: at 2044.764 ms fetching 8.563 ms
INFO: at 2047.619 ms fetching 8.563 ms
INFO: at 2050.475 ms fetching 8.563 ms
INFO: at 2053.331 ms fetching 8.563 ms
INFO: at 2056.186 ms fetching 8.563 ms
INFO: at 2060.079 ms fetching 8.563 ms
INFO: at 2063.972 ms fetching 8.563 ms
INFO: at 2067.866 ms fetching 8.563 ms
INFO: at 2071.759 ms fetching 8.563 ms
INFO: at 2075.652 ms fetching 8.563 ms
INFO: at 2079.545 ms fetching 8.563 ms
INFO: at 2083.438 ms fetching 8.563 ms
INFO: at 2087.332 ms fetching 8.563 ms
INFO: at 2091.225 ms fetching 8.563 ms
INFO: at 2095.119 ms fetching 8.563 ms
INFO: at 2099.012 ms fetching 8.563 ms
INFO: at 2102.905 ms fetching 8.563 ms
INFO: at 2106.798 ms fetching 8.563 ms
INFO: at 2110.694 ms fetching 8.563 ms
INFO: at 2114.587 ms fetching 8.563 ms
INFO: at 2118.480 ms fetching 8.563 ms
INFO: at 2122.373 ms fetching 8.563 ms
INFO: at 2126.267 ms fetching 8.563 ms
INFO: at 2130.172 ms fetching 8.563 ms
INFO: at 2134.065 ms fetching 8.563 ms
INFO: at 2137.958 ms fetching 8.563 ms
INFO: at 2141.852 ms fetching 8.563 ms
INFO: at 2146.610 ms fetching 8.563 ms
INFO: at 2151.369 ms fetching 8.563 ms
INFO: at 2156.127 ms fetching 8.563 ms
INFO: at 2160.885 ms fetching 8.563 ms
INFO: at 2165.643 ms fetching 8.563 ms
INFO: at 2170.402 ms fetching 8.563 ms
INFO: at 2175.160 ms fetching 8.563 ms
INFO: at 2179.918 ms fetching 8.563 ms
INFO: at 2184.676 ms fetching 8.563 ms
INFO: at 2189.435 ms fetching 8.563 ms
INFO: at 2194.193 ms fetching 8.563 ms
INFO: at 2198.951 ms fetching 8.563 ms
INFO: at 2203.709 ms fetching 8.563 ms
INFO: at 2208.467 ms fetching 8.563 ms
INFO: at 2213.225 ms fetching 8.563 ms
INFO: at 2217.983 ms fetching 8.563 ms
INFO: at 2222.742 ms fetching 8.563 ms
INFO: at 2227.500 ms fetching 8.563 ms
INFO: at 2231.069 ms fetching 8.563 ms
INFO: at 2234.638 ms fetching 8.563 ms
INFO: at 2238.207 ms fetching 8.563 ms
INFO: at 2241.776 ms fetching 8.563 ms
INFO: at 2245.345 ms fetching 8.563 ms
INFO: at 2248.914 ms fetching 8.563 ms
INFO: at 2252.482 ms fetching 8.563 ms
INFO: at 2256.051 ms fetching 8.563 ms
INFO: at 2259.620 ms fetching 8.563 ms
INFO: at 2263.189 ms fetching 8.563 ms
INFO: at 2266.758 ms fetching 8.563 ms
INFO: at 2270.327 ms fetching 8.563 ms
INFO: at 2275.085 ms fetching 8.563 ms
INFO: at 2279.843 ms fetching 8.563 ms
INFO: at 2284.601 ms fetching 8.563 ms
INFO: at 2289.359 ms fetching 8.563 ms
INFO: at 2294.117 ms fetching 8.563 ms
INFO: at 2298.875 ms fetching 8.563 ms
INFO: at 2303.633 ms fetching 8.563 ms
INFO: at 2308.392 ms fetching 8.563 ms
INFO: at 2313.150 ms fetching 8.563 ms
INFO: at 2317.432 ms fetching 8.563 ms
INFO: at 2321.714 ms fetching 8.563 ms
INFO: at 2325.997 ms fetching 8.563 ms
INFO: at 2330.279 ms fetching 8.563 ms
INFO: at 2334.561 ms fetching 8.563 ms
INFO: at 2338.844 ms fetching 8.563 ms
INFO: at 2343.126 ms fetching 8.563 ms
INFO: at 2347.409 ms fetching 8.563 ms
INFO: at 2351.692 ms fetching 8.563 ms
INFO: at 2355.974 ms fetching 8.563 ms
INFO: at 2359.269 ms fetching 8.563 ms
INFO: at 2362.564 ms fetching 8.563 ms
INFO: at 2365.858 ms fetching 8.563 ms
INFO: at 2369.152 ms fetching 8.563 ms
INFO: at 2372.447 ms fetching 8.563 ms
INFO: at 2375.746 ms fetching 8.563 ms
INFO: at 2379.041 ms fetching 8.563 ms
INFO: at 2382.336 ms fetching 8.563 ms
INFO: at 2385.630 ms fetching 8.563 ms
INFO: at 2388.924 ms fetching 8.563 ms
INFO: at 2392.219 ms fetching 8.563 ms
INFO: at 2395.514 ms fetching 8.563 ms
INFO: at 2398.808 ms fetching 8.563 ms
WARNING: bookkeeping for too long: -26.358561312629718ms
INFO: at 2430.528 ms batch [8.563] delay 5.352 ms
INFO: at 2430.528 ms fetching 8.563 ms
INFO: at 2435.882 ms batch [8.563] delay 5.352 ms
INFO: at 2435.882 ms fetching 8.563 ms
INFO: at 2441.235 ms batch [8.563] delay 5.352 ms
INFO: at 2441.235 ms fetching 8.563 ms
INFO: at 2446.589 ms batch [8.563] delay 5.352 ms
INFO: at 2446.589 ms fetching 8.563 ms
INFO: at 2451.944 ms batch [8.563] delay 5.352 ms
INFO: at 2451.944 ms fetching 8.563 ms
INFO: at 2457.298 ms batch [8.563] delay 5.352 ms
INFO: at 2457.298 ms fetching 8.563 ms
INFO: at 2462.652 ms batch [8.563] delay 5.352 ms
INFO: at 2462.652 ms fetching 8.563 ms
INFO: at 2468.006 ms batch [8.563] delay 4.282 ms
INFO: at 2472.289 ms batch [8.563] delay 4.282 ms
INFO: at 2476.572 ms batch [8.563] delay 4.282 ms
INFO: at 2480.854 ms batch [8.563] delay 4.282 ms
INFO: at 2485.137 ms batch [8.563] delay 4.282 ms
INFO: at 2489.420 ms batch [8.563] delay 4.282 ms
INFO: at 2493.702 ms batch [8.563] delay 4.282 ms
INFO: at 2497.985 ms batch [8.563] delay 4.282 ms
INFO: at 2502.268 ms batch [8.563] delay 4.282 ms
INFO: at 2506.551 ms batch [8.563] delay 4.282 ms
INFO: at 2510.833 ms batch [8.563] delay 6.117 ms
INFO: at 2468.006 ms fetching 8.563 ms
INFO: at 2472.289 ms fetching 8.563 ms
INFO: at 2476.572 ms fetching 8.563 ms
INFO: at 2480.854 ms fetching 8.563 ms
INFO: at 2485.137 ms fetching 8.563 ms
INFO: at 2489.420 ms fetching 8.563 ms
INFO: at 2493.702 ms fetching 8.563 ms
INFO: at 2497.985 ms fetching 8.563 ms
INFO: at 2502.268 ms fetching 8.563 ms
INFO: at 2506.551 ms fetching 8.563 ms
INFO: at 2510.833 ms fetching 8.563 ms
WARNING: bookkeeping for too long: -5.593677790930087ms
INFO: at 2522.551 ms batch [8.563] delay 6.117 ms
INFO: at 2522.551 ms fetching 8.563 ms
INFO: at 2528.669 ms batch [8.563] delay 6.117 ms
INFO: at 2528.669 ms fetching 8.563 ms
INFO: at 2534.787 ms batch [8.563] delay 6.117 ms
INFO: at 2534.787 ms fetching 8.563 ms
INFO: at 2540.906 ms batch [8.563] delay 6.117 ms
INFO: at 2540.906 ms fetching 8.563 ms
INFO: at 2547.025 ms batch [8.563] delay 6.117 ms
INFO: at 2547.025 ms fetching 8.563 ms
INFO: at 2553.143 ms batch [8.563] delay 6.117 ms
INFO: at 2553.143 ms fetching 8.563 ms
INFO: at 2559.262 ms batch [8.563] delay 4.282 ms
INFO: at 2563.545 ms batch [8.563] delay 4.282 ms
INFO: at 2567.828 ms batch [8.563] delay 4.282 ms
INFO: at 2572.111 ms batch [8.563] delay 4.282 ms
INFO: at 2576.393 ms batch [8.563] delay 4.282 ms
INFO: at 2580.676 ms batch [8.563] delay 4.282 ms
INFO: at 2584.959 ms batch [8.563] delay 4.282 ms
INFO: at 2589.241 ms batch [8.563] delay 4.282 ms
INFO: at 2593.524 ms batch [8.563] delay 4.282 ms
INFO: at 2597.807 ms batch [8.563] delay 4.282 ms
INFO: at 2602.090 ms batch [8.563] delay 5.352 ms
INFO: at 2559.262 ms fetching 8.563 ms
INFO: at 2563.545 ms fetching 8.563 ms
INFO: at 2567.828 ms fetching 8.563 ms
INFO: at 2572.111 ms fetching 8.563 ms
INFO: at 2576.393 ms fetching 8.563 ms
INFO: at 2580.676 ms fetching 8.563 ms
INFO: at 2584.959 ms fetching 8.563 ms
INFO: at 2589.241 ms fetching 8.563 ms
INFO: at 2593.524 ms fetching 8.563 ms
INFO: at 2597.807 ms fetching 8.563 ms
INFO: at 2602.090 ms fetching 8.563 ms
INFO: at 2607.443 ms batch [8.563] delay 5.352 ms
INFO: at 2607.443 ms fetching 8.563 ms
INFO: at 2612.797 ms batch [8.563] delay 5.352 ms
INFO: at 2612.797 ms fetching 8.563 ms
INFO: at 2618.151 ms batch [8.563] delay 5.352 ms
INFO: at 2618.151 ms fetching 8.563 ms
INFO: at 2623.505 ms batch [8.563] delay 5.352 ms
INFO: at 2623.505 ms fetching 8.563 ms
INFO: at 2628.859 ms batch [8.563] delay 5.352 ms
INFO: at 2628.859 ms fetching 8.563 ms
INFO: at 2634.213 ms batch [8.563] delay 5.352 ms
INFO: at 2634.213 ms fetching 8.563 ms
INFO: at 2639.567 ms batch [8.563] delay 5.352 ms
INFO: at 2639.567 ms fetching 8.563 ms
INFO: at 2644.921 ms batch [8.563] delay 3.892 ms
INFO: at 2648.815 ms batch [8.563] delay 3.892 ms
INFO: at 2652.708 ms batch [8.563] delay 3.892 ms
INFO: at 2656.602 ms batch [8.563] delay 3.892 ms
INFO: at 2660.495 ms batch [8.563] delay 3.892 ms
INFO: at 2664.389 ms batch [8.563] delay 3.892 ms
INFO: at 2668.283 ms batch [8.563] delay 3.892 ms
INFO: at 2672.176 ms batch [8.563] delay 3.892 ms
INFO: at 2676.070 ms batch [8.563] delay 3.892 ms
INFO: at 2679.963 ms batch [8.563] delay 3.892 ms
INFO: at 2683.856 ms batch [8.563] delay 3.892 ms
INFO: at 2687.750 ms batch [8.563] delay 4.282 ms
INFO: at 2692.033 ms batch [8.563] delay 4.282 ms
INFO: at 2696.318 ms batch [8.563] delay 4.282 ms
INFO: at 2700.601 ms batch [8.563] delay 4.282 ms
INFO: at 2704.883 ms batch [8.563] delay 4.282 ms
INFO: at 2709.166 ms batch [8.563] delay 4.282 ms
INFO: at 2713.448 ms batch [8.563] delay 4.282 ms
INFO: at 2717.731 ms batch [8.563] delay 4.282 ms
INFO: at 2722.013 ms batch [8.563] delay 4.282 ms
INFO: at 2726.296 ms batch [8.563] delay 4.282 ms
INFO: at 2730.579 ms batch [8.563] delay 4.757 ms
INFO: at 2735.337 ms batch [8.563] delay 4.757 ms
INFO: at 2740.095 ms batch [8.563] delay 4.757 ms
INFO: at 2744.854 ms batch [8.563] delay 4.757 ms
INFO: at 2749.612 ms batch [8.563] delay 4.757 ms
INFO: at 2754.370 ms batch [8.563] delay 4.757 ms
INFO: at 2759.128 ms batch [8.563] delay 4.757 ms
INFO: at 2763.887 ms batch [8.563] delay 4.757 ms
INFO: at 2768.645 ms batch [8.563] delay 4.757 ms
INFO: at 2773.403 ms batch [8.563] delay 4.282 ms
INFO: at 2777.686 ms batch [8.563] delay 4.282 ms
INFO: at 2781.968 ms batch [8.563] delay 4.282 ms
INFO: at 2786.251 ms batch [8.563] delay 4.282 ms
INFO: at 2790.534 ms batch [8.563] delay 4.282 ms
INFO: at 2794.817 ms batch [8.563] delay 4.282 ms
INFO: at 2799.099 ms batch [8.563] delay 4.282 ms
INFO: at 2803.382 ms batch [8.563] delay 4.282 ms
INFO: at 2807.665 ms batch [8.563] delay 4.282 ms
INFO: at 2811.947 ms batch [8.563] delay 4.282 ms
INFO: at 2816.230 ms batch [8.563] delay 4.282 ms
INFO: at 2820.512 ms batch [8.563] delay 4.282 ms
INFO: at 2824.795 ms batch [8.563] delay 4.282 ms
INFO: at 2829.078 ms batch [8.563] delay 4.282 ms
INFO: at 2833.360 ms batch [8.563] delay 4.282 ms
INFO: at 2837.643 ms batch [8.563] delay 4.282 ms
INFO: at 2841.926 ms batch [8.563] delay 4.282 ms
INFO: at 2846.209 ms batch [8.563] delay 4.282 ms
INFO: at 2850.491 ms batch [8.563] delay 4.282 ms
INFO: at 2854.774 ms batch [8.563] delay 4.282 ms
INFO: at 2859.056 ms batch [8.563] delay 5.352 ms
INFO: at 2644.921 ms fetching 8.563 ms
INFO: at 2648.815 ms fetching 8.563 ms
INFO: at 2652.708 ms fetching 8.563 ms
INFO: at 2656.602 ms fetching 8.563 ms
INFO: at 2660.495 ms fetching 8.563 ms
INFO: at 2664.389 ms fetching 8.563 ms
INFO: at 2668.283 ms fetching 8.563 ms
INFO: at 2672.176 ms fetching 8.563 ms
INFO: at 2676.070 ms fetching 8.563 ms
INFO: at 2679.963 ms fetching 8.563 ms
INFO: at 2683.856 ms fetching 8.563 ms
INFO: at 2687.750 ms fetching 8.563 ms
INFO: at 2692.033 ms fetching 8.563 ms
INFO: at 2696.318 ms fetching 8.563 ms
INFO: at 2700.601 ms fetching 8.563 ms
INFO: at 2704.883 ms fetching 8.563 ms
INFO: at 2709.166 ms fetching 8.563 ms
INFO: at 2713.448 ms fetching 8.563 ms
INFO: at 2717.731 ms fetching 8.563 ms
INFO: at 2722.013 ms fetching 8.563 ms
INFO: at 2726.296 ms fetching 8.563 ms
INFO: at 2730.579 ms fetching 8.563 ms
INFO: at 2735.337 ms fetching 8.563 ms
INFO: at 2740.095 ms fetching 8.563 ms
INFO: at 2744.854 ms fetching 8.563 ms
INFO: at 2749.612 ms fetching 8.563 ms
INFO: at 2754.370 ms fetching 8.563 ms
INFO: at 2759.128 ms fetching 8.563 ms
INFO: at 2763.887 ms fetching 8.563 ms
INFO: at 2768.645 ms fetching 8.563 ms
INFO: at 2773.403 ms fetching 8.563 ms
INFO: at 2777.686 ms fetching 8.563 ms
INFO: at 2781.968 ms fetching 8.563 ms
INFO: at 2786.251 ms fetching 8.563 ms
INFO: at 2790.534 ms fetching 8.563 ms
INFO: at 2794.817 ms fetching 8.563 ms
INFO: at 2799.099 ms fetching 8.563 ms
INFO: at 2803.382 ms fetching 8.563 ms
INFO: at 2807.665 ms fetching 8.563 ms
INFO: at 2811.947 ms fetching 8.563 ms
INFO: at 2816.230 ms fetching 8.563 ms
INFO: at 2820.512 ms fetching 8.563 ms
INFO: at 2824.795 ms fetching 8.563 ms
INFO: at 2829.078 ms fetching 8.563 ms
INFO: at 2833.360 ms fetching 8.563 ms
INFO: at 2837.643 ms fetching 8.563 ms
INFO: at 2841.926 ms fetching 8.563 ms
INFO: at 2846.209 ms fetching 8.563 ms
INFO: at 2850.491 ms fetching 8.563 ms
INFO: at 2854.774 ms fetching 8.563 ms
INFO: at 2859.056 ms fetching 8.563 ms
WARNING: bookkeeping for too long: -11.710852300598162ms
INFO: at 2876.125 ms batch [8.563] delay 5.352 ms
INFO: at 2876.125 ms fetching 8.563 ms
INFO: at 2881.479 ms batch [8.563] delay 5.352 ms
INFO: at 2881.479 ms fetching 8.563 ms
INFO: at 2886.833 ms batch [8.563] delay 5.352 ms
INFO: at 2886.833 ms fetching 8.563 ms
INFO: at 2892.187 ms batch [8.563] delay 5.352 ms
INFO: at 2892.187 ms fetching 8.563 ms
INFO: at 2897.541 ms batch [8.563] delay 5.352 ms
INFO: at 2897.541 ms fetching 8.563 ms
INFO: at 2902.895 ms batch [8.563] delay 5.352 ms
INFO: at 2902.895 ms fetching 8.563 ms
INFO: at 2908.249 ms batch [8.563] delay 5.352 ms
INFO: at 2908.249 ms fetching 8.563 ms
INFO: at 2913.604 ms batch [8.563] delay 4.757 ms
INFO: at 2918.362 ms batch [8.563] delay 4.757 ms
INFO: at 2923.122 ms batch [8.563] delay 4.757 ms
INFO: at 2927.880 ms batch [8.563] delay 4.757 ms
INFO: at 2932.639 ms batch [8.563] delay 4.757 ms
INFO: at 2937.398 ms batch [8.563] delay 4.757 ms
INFO: at 2942.173 ms batch [8.563] delay 4.757 ms
INFO: at 2946.932 ms batch [8.563] delay 4.757 ms
INFO: at 2951.690 ms batch [8.563] delay 4.757 ms
INFO: at 2956.449 ms batch [8.563] delay 6.117 ms
INFO: at 2913.604 ms fetching 8.563 ms
INFO: at 2918.362 ms fetching 8.563 ms
INFO: at 2923.122 ms fetching 8.563 ms
INFO: at 2927.880 ms fetching 8.563 ms
INFO: at 2932.639 ms fetching 8.563 ms
INFO: at 2937.398 ms fetching 8.563 ms
INFO: at 2942.173 ms fetching 8.563 ms
INFO: at 2946.932 ms fetching 8.563 ms
INFO: at 2951.690 ms fetching 8.563 ms
INFO: at 2956.449 ms fetching 8.563 ms
INFO: at 2964.729 ms batch [8.563] delay 6.117 ms
INFO: at 2964.729 ms fetching 8.563 ms
INFO: at 2970.848 ms batch [8.563] delay 6.117 ms
INFO: at 2970.848 ms fetching 8.563 ms
INFO: at 2976.967 ms batch [8.563] delay 6.117 ms
INFO: at 2976.967 ms fetching 8.563 ms
INFO: at 2983.085 ms batch [8.563] delay 6.117 ms
INFO: at 2983.085 ms fetching 8.563 ms
INFO: at 2989.204 ms batch [8.563] delay 6.117 ms
INFO: at 2989.204 ms fetching 8.563 ms
INFO: at 2995.323 ms batch [8.563] delay 6.117 ms
INFO: at 2995.323 ms fetching 8.563 ms
INFO: at 3001.441 ms batch [8.563] delay 4.757 ms
INFO: at 3006.200 ms batch [8.563] delay 4.757 ms
INFO: at 3010.961 ms batch [8.563] delay 4.757 ms
INFO: at 3015.720 ms batch [8.563] delay 4.757 ms
INFO: at 3020.478 ms batch [8.563] delay 4.757 ms
INFO: at 3025.237 ms batch [8.563] delay 4.757 ms
INFO: at 3029.995 ms batch [8.563] delay 4.757 ms
INFO: at 3034.753 ms batch [8.563] delay 4.757 ms
INFO: at 3039.511 ms batch [8.563] delay 4.757 ms
INFO: at 3044.270 ms batch [8.563] delay 3.568 ms
INFO: at 3047.839 ms batch [8.563] delay 3.568 ms
INFO: at 3051.408 ms batch [8.563] delay 3.568 ms
INFO: at 3054.977 ms batch [8.563] delay 3.568 ms
INFO: at 3058.546 ms batch [8.563] delay 3.568 ms
INFO: at 3062.115 ms batch [8.563] delay 3.568 ms
INFO: at 3065.684 ms batch [8.563] delay 3.568 ms
INFO: at 3069.253 ms batch [8.563] delay 3.568 ms
INFO: at 3072.822 ms batch [8.563] delay 3.568 ms
INFO: at 3076.391 ms batch [8.563] delay 3.568 ms
INFO: at 3079.960 ms batch [8.563] delay 3.568 ms
INFO: at 3083.529 ms batch [8.563] delay 3.568 ms
INFO: at 3087.098 ms batch [8.563] delay 3.892 ms
INFO: at 3090.992 ms batch [8.563] delay 3.892 ms
INFO: at 3094.885 ms batch [8.563] delay 3.892 ms
INFO: at 3098.778 ms batch [8.563] delay 3.892 ms
INFO: at 3102.672 ms batch [8.563] delay 3.892 ms
INFO: at 3106.565 ms batch [8.563] delay 3.892 ms
INFO: at 3110.459 ms batch [8.563] delay 3.892 ms
INFO: at 3114.352 ms batch [8.563] delay 3.892 ms
INFO: at 3118.246 ms batch [8.563] delay 3.892 ms
INFO: at 3122.139 ms batch [8.563] delay 3.892 ms
INFO: at 3126.032 ms batch [8.563] delay 3.892 ms
INFO: at 3129.926 ms batch [8.563] delay 3.568 ms
INFO: at 3133.495 ms batch [8.563] delay 3.568 ms
INFO: at 3137.064 ms batch [8.563] delay 3.568 ms
INFO: at 3140.633 ms batch [8.563] delay 3.568 ms
INFO: at 3144.202 ms batch [8.563] delay 3.568 ms
INFO: at 3147.771 ms batch [8.563] delay 3.568 ms
INFO: at 3151.340 ms batch [8.563] delay 3.568 ms
INFO: at 3154.909 ms batch [8.563] delay 3.568 ms
INFO: at 3158.478 ms batch [8.563] delay 3.568 ms
INFO: at 3162.048 ms batch [8.563] delay 3.568 ms
INFO: at 3165.617 ms batch [8.563] delay 3.568 ms
INFO: at 3169.186 ms batch [8.563] delay 3.568 ms
INFO: at 3172.755 ms batch [8.563] delay 3.568 ms
INFO: at 3176.324 ms batch [8.563] delay 3.568 ms
INFO: at 3179.893 ms batch [8.563] delay 3.568 ms
INFO: at 3183.462 ms batch [8.563] delay 3.568 ms
INFO: at 3187.031 ms batch [8.563] delay 3.568 ms
INFO: at 3190.600 ms batch [8.563] delay 3.568 ms
INFO: at 3194.172 ms batch [8.563] delay 3.568 ms
INFO: at 3197.742 ms batch [8.563] delay 3.568 ms
INFO: at 3201.310 ms batch [8.563] delay 3.568 ms
INFO: at 3204.879 ms batch [8.563] delay 3.568 ms
INFO: at 3208.448 ms batch [8.563] delay 3.568 ms
INFO: at 3212.018 ms batch [8.563] delay 3.568 ms
INFO: at 3215.587 ms batch [8.563] delay 2.854 ms
INFO: at 3218.443 ms batch [8.563] delay 2.854 ms
INFO: at 3221.299 ms batch [8.563] delay 2.854 ms
INFO: at 3224.154 ms batch [8.563] delay 2.854 ms
INFO: at 3227.010 ms batch [8.563] delay 2.854 ms
INFO: at 3229.865 ms batch [8.563] delay 2.854 ms
INFO: at 3232.721 ms batch [8.563] delay 2.854 ms
INFO: at 3235.576 ms batch [8.563] delay 2.854 ms
INFO: at 3238.432 ms batch [8.563] delay 2.854 ms
INFO: at 3241.290 ms batch [8.563] delay 2.854 ms
INFO: at 3244.145 ms batch [8.563] delay 2.854 ms
INFO: at 3247.001 ms batch [8.563] delay 2.854 ms
INFO: at 3249.856 ms batch [8.563] delay 2.854 ms
INFO: at 3252.712 ms batch [8.563] delay 2.854 ms
INFO: at 3255.567 ms batch [8.563] delay 2.854 ms
INFO: at 3258.422 ms batch [8.563] delay 5.352 ms
INFO: at 3001.441 ms fetching 8.563 ms
INFO: at 3006.200 ms fetching 8.563 ms
INFO: at 3010.961 ms fetching 8.563 ms
INFO: at 3015.720 ms fetching 8.563 ms
INFO: at 3020.478 ms fetching 8.563 ms
INFO: at 3025.237 ms fetching 8.563 ms
INFO: at 3029.995 ms fetching 8.563 ms
INFO: at 3034.753 ms fetching 8.563 ms
INFO: at 3039.511 ms fetching 8.563 ms
INFO: at 3044.270 ms fetching 8.563 ms
INFO: at 3047.839 ms fetching 8.563 ms
INFO: at 3051.408 ms fetching 8.563 ms
INFO: at 3054.977 ms fetching 8.563 ms
INFO: at 3058.546 ms fetching 8.563 ms
INFO: at 3062.115 ms fetching 8.563 ms
INFO: at 3065.684 ms fetching 8.563 ms
INFO: at 3069.253 ms fetching 8.563 ms
INFO: at 3072.822 ms fetching 8.563 ms
INFO: at 3076.391 ms fetching 8.563 ms
INFO: at 3079.960 ms fetching 8.563 ms
INFO: at 3083.529 ms fetching 8.563 ms
INFO: at 3087.098 ms fetching 8.563 ms
INFO: at 3090.992 ms fetching 8.563 ms
INFO: at 3094.885 ms fetching 8.563 ms
INFO: at 3098.778 ms fetching 8.563 ms
INFO: at 3102.672 ms fetching 8.563 ms
INFO: at 3106.565 ms fetching 8.563 ms
INFO: at 3110.459 ms fetching 8.563 ms
INFO: at 3114.352 ms fetching 8.563 ms
INFO: at 3118.246 ms fetching 8.563 ms
INFO: at 3122.139 ms fetching 8.563 ms
INFO: at 3126.032 ms fetching 8.563 ms
INFO: at 3129.926 ms fetching 8.563 ms
INFO: at 3133.495 ms fetching 8.563 ms
INFO: at 3137.064 ms fetching 8.563 ms
INFO: at 3140.633 ms fetching 8.563 ms
INFO: at 3144.202 ms fetching 8.563 ms
INFO: at 3147.771 ms fetching 8.563 ms
INFO: at 3151.340 ms fetching 8.563 ms
INFO: at 3154.909 ms fetching 8.563 ms
INFO: at 3158.478 ms fetching 8.563 ms
INFO: at 3162.048 ms fetching 8.563 ms
INFO: at 3165.617 ms fetching 8.563 ms
INFO: at 3169.186 ms fetching 8.563 ms
INFO: at 3172.755 ms fetching 8.563 ms
INFO: at 3176.324 ms fetching 8.563 ms
INFO: at 3179.893 ms fetching 8.563 ms
INFO: at 3183.462 ms fetching 8.563 ms
INFO: at 3187.031 ms fetching 8.563 ms
INFO: at 3190.600 ms fetching 8.563 ms
INFO: at 3194.172 ms fetching 8.563 ms
INFO: at 3197.742 ms fetching 8.563 ms
INFO: at 3201.310 ms fetching 8.563 ms
INFO: at 3204.879 ms fetching 8.563 ms
INFO: at 3208.448 ms fetching 8.563 ms
INFO: at 3212.018 ms fetching 8.563 ms
INFO: at 3215.587 ms fetching 8.563 ms
INFO: at 3218.443 ms fetching 8.563 ms
INFO: at 3221.299 ms fetching 8.563 ms
INFO: at 3224.154 ms fetching 8.563 ms
INFO: at 3227.010 ms fetching 8.563 ms
INFO: at 3229.865 ms fetching 8.563 ms
INFO: at 3232.721 ms fetching 8.563 ms
INFO: at 3235.576 ms fetching 8.563 ms
INFO: at 3238.432 ms fetching 8.563 ms
INFO: at 3241.290 ms fetching 8.563 ms
INFO: at 3244.145 ms fetching 8.563 ms
INFO: at 3247.001 ms fetching 8.563 ms
INFO: at 3249.856 ms fetching 8.563 ms
INFO: at 3252.712 ms fetching 8.563 ms
INFO: at 3255.567 ms fetching 8.563 ms
INFO: at 3258.422 ms fetching 8.563 ms
WARNING: bookkeeping for too long: -19.084648346378344ms
INFO: at 3282.867 ms batch [8.563] delay 5.352 ms
INFO: at 3282.867 ms fetching 8.563 ms
INFO: at 3288.221 ms batch [8.563] delay 5.352 ms
INFO: at 3288.221 ms fetching 8.563 ms
INFO: at 3293.575 ms batch [8.563] delay 5.352 ms
INFO: at 3293.575 ms fetching 8.563 ms
INFO: at 3298.929 ms batch [8.563] delay 5.352 ms
INFO: at 3298.929 ms fetching 8.563 ms
INFO: at 3304.283 ms batch [8.563] delay 5.352 ms
INFO: at 3304.283 ms fetching 8.563 ms
INFO: at 3309.636 ms batch [8.563] delay 5.352 ms
INFO: at 3309.636 ms fetching 8.563 ms
INFO: at 3314.990 ms batch [8.563] delay 5.352 ms
INFO: at 3314.990 ms fetching 8.563 ms
INFO: at 3320.344 ms batch [8.563] delay 4.282 ms
INFO: at 3324.628 ms batch [8.563] delay 4.282 ms
INFO: at 3328.911 ms batch [8.563] delay 4.282 ms
INFO: at 3333.194 ms batch [8.563] delay 4.282 ms
INFO: at 3337.476 ms batch [8.563] delay 4.282 ms
INFO: at 3341.760 ms batch [8.563] delay 4.282 ms
INFO: at 3346.042 ms batch [8.563] delay 4.282 ms
INFO: at 3350.325 ms batch [8.563] delay 4.282 ms
INFO: at 3354.608 ms batch [8.563] delay 4.282 ms
INFO: at 3358.891 ms batch [8.563] delay 4.282 ms
INFO: at 3363.173 ms batch [8.563] delay 4.757 ms
INFO: at 3367.932 ms batch [8.563] delay 4.757 ms
INFO: at 3372.690 ms batch [8.563] delay 4.757 ms
INFO: at 3377.448 ms batch [8.563] delay 4.757 ms
INFO: at 3382.207 ms batch [8.563] delay 4.757 ms
INFO: at 3386.965 ms batch [8.563] delay 4.757 ms
INFO: at 3391.724 ms batch [8.563] delay 4.757 ms
INFO: at 3396.482 ms batch [8.563] delay 4.757 ms
INFO: at 3401.240 ms batch [8.563] delay 4.757 ms
INFO: at 3405.998 ms batch [8.563] delay 3.568 ms
INFO: at 3409.568 ms batch [8.563] delay 3.568 ms
INFO: at 3413.137 ms batch [8.563] delay 3.568 ms
INFO: at 3416.706 ms batch [8.563] delay 3.568 ms
INFO: at 3420.275 ms batch [8.563] delay 3.568 ms
INFO: at 3423.844 ms batch [8.563] delay 3.568 ms
INFO: at 3427.413 ms batch [8.563] delay 3.568 ms
INFO: at 3430.982 ms batch [8.563] delay 3.568 ms
INFO: at 3434.552 ms batch [8.563] delay 3.568 ms
INFO: at 3438.120 ms batch [8.563] delay 3.568 ms
INFO: at 3441.689 ms batch [8.563] delay 3.568 ms
INFO: at 3445.258 ms batch [8.563] delay 3.568 ms
INFO: at 3448.828 ms batch [8.563] delay 2.141 ms
INFO: at 3450.969 ms batch [8.563] delay 2.141 ms
INFO: at 3453.111 ms batch [8.563] delay 2.141 ms
INFO: at 3455.254 ms batch [8.563] delay 2.141 ms
INFO: at 3457.395 ms batch [8.563] delay 2.141 ms
INFO: at 3459.537 ms batch [8.563] delay 2.141 ms
INFO: at 3461.679 ms batch [8.563] delay 2.141 ms
INFO: at 3463.820 ms batch [8.563] delay 2.141 ms
INFO: at 3465.962 ms batch [8.563] delay 2.141 ms
INFO: at 3468.103 ms batch [8.563] delay 2.141 ms
INFO: at 3470.245 ms batch [8.563] delay 2.141 ms
INFO: at 3472.387 ms batch [8.563] delay 2.141 ms
INFO: at 3474.528 ms batch [8.563] delay 2.141 ms
INFO: at 3476.670 ms batch [8.563] delay 2.141 ms
INFO: at 3478.812 ms batch [8.563] delay 2.141 ms
INFO: at 3480.953 ms batch [8.563] delay 2.141 ms
INFO: at 3483.095 ms batch [8.563] delay 2.141 ms
INFO: at 3485.237 ms batch [8.563] delay 2.141 ms
INFO: at 3487.381 ms batch [8.563] delay 2.141 ms
INFO: at 3489.523 ms batch [8.563] delay 2.141 ms
INFO: at 3491.665 ms batch [8.563] delay 3.892 ms
INFO: at 3495.558 ms batch [8.563] delay 3.892 ms
INFO: at 3499.451 ms batch [8.563] delay 3.892 ms
INFO: at 3503.344 ms batch [8.563] delay 3.892 ms
INFO: at 3507.238 ms batch [8.563] delay 3.892 ms
INFO: at 3511.131 ms batch [8.563] delay 3.892 ms
INFO: at 3515.025 ms batch [8.563] delay 3.892 ms
INFO: at 3518.919 ms batch [8.563] delay 3.892 ms
INFO: at 3522.812 ms batch [8.563] delay 3.892 ms
INFO: at 3526.705 ms batch [8.563] delay 3.892 ms
INFO: at 3530.599 ms batch [8.563] delay 3.892 ms
INFO: at 3534.493 ms batch [8.563] delay 5.352 ms
INFO: at 3320.344 ms fetching 8.563 ms
INFO: at 3324.628 ms fetching 8.563 ms
INFO: at 3328.911 ms fetching 8.563 ms
INFO: at 3333.194 ms fetching 8.563 ms
INFO: at 3337.476 ms fetching 8.563 ms
INFO: at 3341.760 ms fetching 8.563 ms
INFO: at 3346.042 ms fetching 8.563 ms
INFO: at 3350.325 ms fetching 8.563 ms
INFO: at 3354.608 ms fetching 8.563 ms
INFO: at 3358.891 ms fetching 8.563 ms
INFO: at 3363.173 ms fetching 8.563 ms
INFO: at 3367.932 ms fetching 8.563 ms
INFO: at 3372.690 ms fetching 8.563 ms
INFO: at 3377.448 ms fetching 8.563 ms
INFO: at 3382.207 ms fetching 8.563 ms
INFO: at 3386.965 ms fetching 8.563 ms
INFO: at 3391.724 ms fetching 8.563 ms
INFO: at 3396.482 ms fetching 8.563 ms
INFO: at 3401.240 ms fetching 8.563 ms
INFO: at 3405.998 ms fetching 8.563 ms
INFO: at 3409.568 ms fetching 8.563 ms
INFO: at 3413.137 ms fetching 8.563 ms
INFO: at 3416.706 ms fetching 8.563 ms
INFO: at 3420.275 ms fetching 8.563 ms
INFO: at 3423.844 ms fetching 8.563 ms
INFO: at 3427.413 ms fetching 8.563 ms
INFO: at 3430.982 ms fetching 8.563 ms
INFO: at 3434.552 ms fetching 8.563 ms
INFO: at 3438.120 ms fetching 8.563 ms
INFO: at 3441.689 ms fetching 8.563 ms
INFO: at 3445.258 ms fetching 8.563 ms
INFO: at 3448.828 ms fetching 8.563 ms
INFO: at 3450.969 ms fetching 8.563 ms
INFO: at 3453.111 ms fetching 8.563 ms
INFO: at 3455.254 ms fetching 8.563 ms
INFO: at 3457.395 ms fetching 8.563 ms
INFO: at 3459.537 ms fetching 8.563 ms
INFO: at 3461.679 ms fetching 8.563 ms
INFO: at 3463.820 ms fetching 8.563 ms
INFO: at 3465.962 ms fetching 8.563 ms
INFO: at 3468.103 ms fetching 8.563 ms
INFO: at 3470.245 ms fetching 8.563 ms
INFO: at 3472.387 ms fetching 8.563 ms
INFO: at 3474.528 ms fetching 8.563 ms
INFO: at 3476.670 ms fetching 8.563 ms
INFO: at 3478.812 ms fetching 8.563 ms
INFO: at 3480.953 ms fetching 8.563 ms
INFO: at 3483.095 ms fetching 8.563 ms
INFO: at 3485.237 ms fetching 8.563 ms
INFO: at 3487.381 ms fetching 8.563 ms
INFO: at 3489.523 ms fetching 8.563 ms
INFO: at 3491.665 ms fetching 8.563 ms
INFO: at 3495.558 ms fetching 8.563 ms
INFO: at 3499.451 ms fetching 8.563 ms
INFO: at 3503.344 ms fetching 8.563 ms
INFO: at 3507.238 ms fetching 8.563 ms
INFO: at 3511.131 ms fetching 8.563 ms
INFO: at 3515.025 ms fetching 8.563 ms
INFO: at 3518.919 ms fetching 8.563 ms
INFO: at 3522.812 ms fetching 8.563 ms
INFO: at 3526.705 ms fetching 8.563 ms
INFO: at 3530.599 ms fetching 8.563 ms
INFO: at 3534.493 ms fetching 8.563 ms
WARNING: bookkeeping for too long: -17.764094209148425ms
INFO: at 3557.617 ms batch [8.563] delay 5.352 ms
INFO: at 3557.617 ms fetching 8.563 ms
INFO: at 3562.971 ms batch [8.563] delay 5.352 ms
INFO: at 3562.971 ms fetching 8.563 ms
INFO: at 3568.325 ms batch [8.563] delay 5.352 ms
INFO: at 3568.325 ms fetching 8.563 ms
INFO: at 3573.679 ms batch [8.563] delay 5.352 ms
INFO: at 3573.679 ms fetching 8.563 ms
INFO: at 3579.033 ms batch [8.563] delay 5.352 ms
INFO: at 3579.033 ms fetching 8.563 ms
INFO: at 3584.386 ms batch [8.563] delay 5.352 ms
INFO: at 3584.386 ms fetching 8.563 ms
INFO: at 3589.740 ms batch [8.563] delay 5.352 ms
INFO: at 3589.740 ms fetching 8.563 ms
INFO: at 3595.094 ms batch [8.563] delay 5.352 ms
INFO: at 3595.094 ms fetching 8.563 ms
INFO: at 3600.448 ms batch [8.563] delay 5.352 ms
INFO: at 3600.448 ms fetching 8.563 ms
INFO: at 3605.802 ms batch [8.563] delay 5.352 ms
INFO: at 3605.802 ms fetching 8.563 ms
INFO: at 3611.156 ms batch [8.563] delay 5.352 ms
INFO: at 3611.156 ms fetching 8.563 ms
INFO: at 3616.509 ms batch [8.563] delay 5.352 ms
INFO: at 3616.509 ms fetching 8.563 ms
INFO: at 3621.863 ms batch [8.563] delay 5.352 ms
INFO: at 3621.863 ms fetching 8.563 ms
INFO: at 3627.217 ms batch [8.563] delay 5.352 ms
INFO: at 3627.217 ms fetching 8.563 ms
INFO: at 3632.571 ms batch [8.563] delay 5.352 ms
INFO: at 3632.571 ms fetching 8.563 ms
INFO: at 3637.924 ms batch [8.563] delay 3.892 ms
INFO: at 3641.819 ms batch [8.563] delay 3.892 ms
INFO: at 3645.712 ms batch [8.563] delay 3.892 ms
INFO: at 3649.605 ms batch [8.563] delay 3.892 ms
INFO: at 3653.499 ms batch [8.563] delay 3.892 ms
INFO: at 3657.392 ms batch [8.563] delay 3.892 ms
INFO: at 3661.286 ms batch [8.563] delay 3.892 ms
INFO: at 3665.179 ms batch [8.563] delay 3.892 ms
INFO: at 3669.072 ms batch [8.563] delay 3.892 ms
INFO: at 3672.966 ms batch [8.563] delay 3.892 ms
INFO: at 3676.859 ms batch [8.563] delay 3.892 ms
INFO: at 3680.753 ms batch [8.563] delay 3.058 ms
INFO: at 3683.812 ms batch [8.563] delay 3.058 ms
INFO: at 3686.872 ms batch [8.563] delay 3.058 ms
INFO: at 3689.931 ms batch [8.563] delay 3.058 ms
INFO: at 3692.990 ms batch [8.563] delay 3.058 ms
INFO: at 3696.049 ms batch [8.563] delay 3.058 ms
INFO: at 3699.108 ms batch [8.563] delay 3.058 ms
INFO: at 3702.168 ms batch [8.563] delay 3.058 ms
INFO: at 3705.227 ms batch [8.563] delay 3.058 ms
INFO: at 3708.286 ms batch [8.563] delay 3.058 ms
INFO: at 3711.345 ms batch [8.563] delay 3.058 ms
INFO: at 3714.404 ms batch [8.563] delay 3.058 ms
INFO: at 3717.463 ms batch [8.563] delay 3.058 ms
INFO: at 3720.523 ms batch [8.563] delay 3.058 ms
INFO: at 3723.598 ms batch [8.563] delay 3.892 ms
INFO: at 3727.492 ms batch [8.563] delay 3.892 ms
INFO: at 3731.394 ms batch [8.563] delay 3.892 ms
INFO: at 3735.287 ms batch [8.563] delay 3.892 ms
INFO: at 3739.181 ms batch [8.563] delay 3.892 ms
INFO: at 3743.074 ms batch [8.563] delay 3.892 ms
INFO: at 3746.967 ms batch [8.563] delay 3.892 ms
INFO: at 3750.861 ms batch [8.563] delay 3.892 ms
INFO: at 3754.754 ms batch [8.563] delay 3.892 ms
INFO: at 3758.648 ms batch [8.563] delay 3.892 ms
INFO: at 3762.542 ms batch [8.563] delay 3.892 ms
INFO: at 3766.435 ms batch [8.563] delay 4.757 ms
INFO: at 3771.194 ms batch [8.563] delay 4.757 ms
INFO: at 3775.952 ms batch [8.563] delay 4.757 ms
INFO: at 3780.711 ms batch [8.563] delay 4.757 ms
INFO: at 3785.469 ms batch [8.563] delay 4.757 ms
INFO: at 3790.227 ms batch [8.563] delay 4.757 ms
INFO: at 3794.986 ms batch [8.563] delay 4.757 ms
INFO: at 3799.744 ms batch [8.563] delay 4.757 ms
INFO: at 3804.502 ms batch [8.563] delay 4.757 ms
INFO: at 3809.260 ms batch [8.563] delay 3.892 ms
INFO: at 3813.154 ms batch [8.563] delay 3.892 ms
INFO: at 3817.047 ms batch [8.563] delay 3.892 ms
INFO: at 3820.941 ms batch [8.563] delay 3.892 ms
INFO: at 3824.834 ms batch [8.563] delay 3.892 ms
INFO: at 3828.727 ms batch [8.563] delay 3.892 ms
INFO: at 3832.621 ms batch [8.563] delay 3.892 ms
INFO: at 3836.515 ms batch [8.563] delay 3.892 ms
INFO: at 3840.408 ms batch [8.563] delay 3.892 ms
INFO: at 3844.301 ms batch [8.563] delay 3.892 ms
INFO: at 3848.195 ms batch [8.563] delay 3.892 ms
INFO: at 3852.088 ms batch [8.563] delay 3.568 ms
INFO: at 3855.656 ms batch [8.563] delay 3.568 ms
INFO: at 3859.225 ms batch [8.563] delay 3.568 ms
INFO: at 3862.795 ms batch [8.563] delay 3.568 ms
INFO: at 3866.363 ms batch [8.563] delay 3.568 ms
INFO: at 3869.932 ms batch [8.563] delay 3.568 ms
INFO: at 3873.502 ms batch [8.563] delay 3.568 ms
INFO: at 3877.070 ms batch [8.563] delay 3.568 ms
INFO: at 3880.639 ms batch [8.563] delay 3.568 ms
INFO: at 3884.208 ms batch [8.563] delay 3.568 ms
INFO: at 3887.777 ms batch [8.563] delay 3.568 ms
INFO: at 3891.346 ms batch [8.563] delay 3.568 ms
INFO: at 3894.915 ms batch [8.563] delay 3.892 ms
INFO: at 3898.809 ms batch [8.563] delay 3.892 ms
INFO: at 3902.702 ms batch [8.563] delay 3.892 ms
INFO: at 3906.595 ms batch [8.563] delay 3.892 ms
INFO: at 3910.489 ms batch [8.563] delay 3.892 ms
INFO: at 3914.382 ms batch [8.563] delay 3.892 ms
INFO: at 3918.276 ms batch [8.563] delay 3.892 ms
INFO: at 3922.170 ms batch [8.563] delay 3.892 ms
INFO: at 3926.063 ms batch [8.563] delay 3.892 ms
INFO: at 3929.956 ms batch [8.563] delay 3.892 ms
INFO: at 3933.849 ms batch [8.563] delay 3.892 ms
INFO: at 3937.742 ms batch [8.563] delay 2.854 ms
INFO: at 3940.598 ms batch [8.563] delay 2.854 ms
INFO: at 3943.453 ms batch [8.563] delay 2.854 ms
INFO: at 3946.308 ms batch [8.563] delay 2.854 ms
INFO: at 3949.164 ms batch [8.563] delay 2.854 ms
INFO: at 3952.019 ms batch [8.563] delay 2.854 ms
INFO: at 3954.875 ms batch [8.563] delay 2.854 ms
INFO: at 3957.730 ms batch [8.563] delay 2.854 ms
INFO: at 3960.585 ms batch [8.563] delay 2.854 ms
INFO: at 3963.441 ms batch [8.563] delay 2.854 ms
INFO: at 3966.296 ms batch [8.563] delay 2.854 ms
INFO: at 3969.155 ms batch [8.563] delay 2.854 ms
INFO: at 3972.011 ms batch [8.563] delay 2.854 ms
INFO: at 3974.866 ms batch [8.563] delay 2.854 ms
INFO: at 3977.722 ms batch [8.563] delay 2.854 ms
INFO: at 3980.577 ms batch [8.563] delay 4.757 ms
INFO: at 3985.336 ms batch [8.563] delay 4.757 ms
INFO: at 3990.095 ms batch [8.563] delay 4.757 ms
INFO: at 3994.855 ms batch [8.563] delay 4.757 ms
INFO: at 3999.613 ms batch [8.563] delay 4.757 ms
INFO: at 4004.371 ms batch [8.563] delay 4.757 ms
INFO: at 4009.130 ms batch [8.563] delay 4.757 ms
INFO: at 4013.888 ms batch [8.563] delay 4.757 ms
INFO: at 4018.648 ms batch [8.563] delay 4.757 ms
INFO: at 4023.406 ms batch [8.563] delay 4.282 ms
INFO: at 4027.689 ms batch [8.563] delay 4.282 ms
INFO: at 4031.971 ms batch [8.563] delay 4.282 ms
INFO: at 4036.254 ms batch [8.563] delay 4.282 ms
INFO: at 4040.537 ms batch [8.563] delay 4.282 ms
INFO: at 4044.820 ms batch [8.563] delay 4.282 ms
INFO: at 4049.102 ms batch [8.563] delay 4.282 ms
INFO: at 4053.384 ms batch [8.563] delay 4.282 ms
INFO: at 4057.667 ms batch [8.563] delay 4.282 ms
INFO: at 4061.949 ms batch [8.563] delay 4.282 ms
INFO: at 4066.232 ms batch [8.563] delay 3.892 ms
INFO: at 4070.125 ms batch [8.563] delay 3.892 ms
INFO: at 4074.019 ms batch [8.563] delay 3.892 ms
INFO: at 4077.912 ms batch [8.563] delay 3.892 ms
INFO: at 4081.805 ms batch [8.563] delay 3.892 ms
INFO: at 4085.698 ms batch [8.563] delay 3.892 ms
INFO: at 4089.597 ms batch [8.563] delay 3.892 ms
INFO: at 4093.490 ms batch [8.563] delay 3.892 ms
INFO: at 4097.383 ms batch [8.563] delay 3.892 ms
INFO: at 4101.277 ms batch [8.563] delay 3.892 ms
INFO: at 4105.170 ms batch [8.563] delay 3.892 ms
INFO: at 4109.063 ms batch [8.563] delay 3.294 ms
INFO: at 4112.357 ms batch [8.563] delay 3.294 ms
INFO: at 4115.652 ms batch [8.563] delay 3.294 ms
INFO: at 4118.946 ms batch [8.563] delay 3.294 ms
INFO: at 4122.241 ms batch [8.563] delay 3.294 ms
INFO: at 4125.535 ms batch [8.563] delay 3.294 ms
INFO: at 4128.830 ms batch [8.563] delay 3.294 ms
INFO: at 4132.124 ms batch [8.563] delay 3.294 ms
INFO: at 4135.419 ms batch [8.563] delay 3.294 ms
INFO: at 4138.714 ms batch [8.563] delay 3.294 ms
INFO: at 4142.008 ms batch [8.563] delay 3.294 ms
INFO: at 4145.303 ms batch [8.563] delay 3.294 ms
INFO: at 4148.597 ms batch [8.563] delay 3.294 ms
INFO: at 4151.892 ms batch [8.563] delay 3.058 ms
INFO: at 4154.951 ms batch [8.563] delay 3.058 ms
INFO: at 4158.011 ms batch [8.563] delay 3.058 ms
INFO: at 4161.071 ms batch [8.563] delay 3.058 ms
INFO: at 4164.130 ms batch [8.563] delay 3.058 ms
INFO: at 4167.190 ms batch [8.563] delay 3.058 ms
INFO: at 4170.249 ms batch [8.563] delay 3.058 ms
INFO: at 4173.309 ms batch [8.563] delay 3.058 ms
INFO: at 4176.368 ms batch [8.563] delay 3.058 ms
INFO: at 4179.427 ms batch [8.563] delay 3.058 ms
INFO: at 4182.486 ms batch [8.563] delay 3.058 ms
INFO: at 4185.545 ms batch [8.563] delay 3.058 ms
INFO: at 4188.605 ms batch [8.563] delay 3.058 ms
INFO: at 4191.664 ms batch [8.563] delay 3.058 ms
INFO: at 4194.723 ms batch [8.563] delay 3.892 ms
INFO: at 4198.617 ms batch [8.563] delay 3.892 ms
INFO: at 4202.510 ms batch [8.563] delay 3.892 ms
INFO: at 4206.403 ms batch [8.563] delay 3.892 ms
INFO: at 4210.296 ms batch [8.563] delay 3.892 ms
INFO: at 4214.190 ms batch [8.563] delay 3.892 ms
INFO: at 4218.083 ms batch [8.563] delay 3.892 ms
INFO: at 4221.976 ms batch [8.563] delay 3.892 ms
INFO: at 4225.869 ms batch [8.563] delay 3.892 ms
INFO: at 4229.763 ms batch [8.563] delay 3.892 ms
INFO: at 4233.656 ms batch [8.563] delay 3.892 ms
INFO: at 4237.549 ms batch [8.563] delay 4.282 ms
INFO: at 4241.831 ms batch [8.563] delay 4.282 ms
INFO: at 4246.114 ms batch [8.563] delay 4.282 ms
INFO: at 4250.396 ms batch [8.563] delay 4.282 ms
INFO: at 4254.679 ms batch [8.563] delay 4.282 ms
INFO: at 4258.961 ms batch [8.563] delay 4.282 ms
INFO: at 4263.244 ms batch [8.563] delay 4.282 ms
INFO: at 4267.526 ms batch [8.563] delay 4.282 ms
INFO: at 4271.809 ms batch [8.563] delay 4.282 ms
INFO: at 4276.091 ms batch [8.563] delay 4.282 ms
INFO: at 4280.374 ms batch [8.563] delay 3.058 ms
INFO: at 4283.434 ms batch [8.563] delay 3.058 ms
INFO: at 4286.493 ms batch [8.563] delay 3.058 ms
INFO: at 4289.552 ms batch [8.563] delay 3.058 ms
INFO: at 4292.611 ms batch [8.563] delay 3.058 ms
INFO: at 4295.670 ms batch [8.563] delay 3.058 ms
INFO: at 4298.729 ms batch [8.563] delay 3.058 ms
INFO: at 4301.789 ms batch [8.563] delay 3.058 ms
INFO: at 4304.848 ms batch [8.563] delay 3.058 ms
INFO: at 4307.907 ms batch [8.563] delay 3.058 ms
INFO: at 4310.966 ms batch [8.563] delay 3.058 ms
INFO: at 4314.025 ms batch [8.563] delay 3.058 ms
INFO: at 4317.084 ms batch [8.563] delay 0.000 ms
INFO: at 3637.924 ms fetching 8.563 ms
INFO: at 3641.819 ms fetching 8.563 ms
INFO: at 3645.712 ms fetching 8.563 ms
INFO: at 3649.605 ms fetching 8.563 ms
INFO: at 3653.499 ms fetching 8.563 ms
INFO: at 3657.392 ms fetching 8.563 ms
INFO: at 3661.286 ms fetching 8.563 ms
INFO: at 3665.179 ms fetching 8.563 ms
INFO: at 3669.072 ms fetching 8.563 ms
INFO: at 3672.966 ms fetching 8.563 ms
INFO: at 3676.859 ms fetching 8.563 ms
INFO: at 3680.753 ms fetching 8.563 ms
INFO: at 3683.812 ms fetching 8.563 ms
INFO: at 3686.872 ms fetching 8.563 ms
INFO: at 3689.931 ms fetching 8.563 ms
INFO: at 3692.990 ms fetching 8.563 ms
INFO: at 3696.049 ms fetching 8.563 ms
INFO: at 3699.108 ms fetching 8.563 ms
INFO: at 3702.168 ms fetching 8.563 ms
INFO: at 3705.227 ms fetching 8.563 ms
INFO: at 3708.286 ms fetching 8.563 ms
INFO: at 3711.345 ms fetching 8.563 ms
INFO: at 3714.404 ms fetching 8.563 ms
INFO: at 3717.463 ms fetching 8.563 ms
INFO: at 3720.523 ms fetching 8.563 ms
INFO: at 3723.598 ms fetching 8.563 ms
INFO: at 3727.492 ms fetching 8.563 ms
INFO: at 3731.394 ms fetching 8.563 ms
INFO: at 3735.287 ms fetching 8.563 ms
INFO: at 3739.181 ms fetching 8.563 ms
INFO: at 3743.074 ms fetching 8.563 ms
INFO: at 3746.967 ms fetching 8.563 ms
INFO: at 3750.861 ms fetching 8.563 ms
INFO: at 3754.754 ms fetching 8.563 ms
INFO: at 3758.648 ms fetching 8.563 ms
INFO: at 3762.542 ms fetching 8.563 ms
INFO: at 3766.435 ms fetching 8.563 ms
INFO: at 3771.194 ms fetching 8.563 ms
INFO: at 3775.952 ms fetching 8.563 ms
INFO: at 3780.711 ms fetching 8.563 ms
INFO: at 3785.469 ms fetching 8.563 ms
INFO: at 3790.227 ms fetching 8.563 ms
INFO: at 3794.986 ms fetching 8.563 ms
INFO: at 3799.744 ms fetching 8.563 ms
INFO: at 3804.502 ms fetching 8.563 ms
INFO: at 3809.260 ms fetching 8.563 ms
INFO: at 3813.154 ms fetching 8.563 ms
INFO: at 3817.047 ms fetching 8.563 ms
INFO: at 3820.941 ms fetching 8.563 ms
INFO: at 3824.834 ms fetching 8.563 ms
INFO: at 3828.727 ms fetching 8.563 ms
INFO: at 3832.621 ms fetching 8.563 ms
INFO: at 3836.515 ms fetching 8.563 ms
INFO: at 3840.408 ms fetching 8.563 ms
INFO: at 3844.301 ms fetching 8.563 ms
INFO: at 3848.195 ms fetching 8.563 ms
INFO: at 3852.088 ms fetching 8.563 ms
INFO: at 3855.656 ms fetching 8.563 ms
INFO: at 3859.225 ms fetching 8.563 ms
INFO: at 3862.795 ms fetching 8.563 ms
INFO: at 3866.363 ms fetching 8.563 ms
INFO: at 3869.932 ms fetching 8.563 ms
INFO: at 3873.502 ms fetching 8.563 ms
INFO: at 3877.070 ms fetching 8.563 ms
INFO: at 3880.639 ms fetching 8.563 ms
INFO: at 3884.208 ms fetching 8.563 ms
INFO: at 3887.777 ms fetching 8.563 ms
INFO: at 3891.346 ms fetching 8.563 ms
INFO: at 3894.915 ms fetching 8.563 ms
INFO: at 3898.809 ms fetching 8.563 ms
INFO: at 3902.702 ms fetching 8.563 ms
INFO: at 3906.595 ms fetching 8.563 ms
INFO: at 3910.489 ms fetching 8.563 ms
INFO: at 3914.382 ms fetching 8.563 ms
INFO: at 3918.276 ms fetching 8.563 ms
INFO: at 3922.170 ms fetching 8.563 ms
INFO: at 3926.063 ms fetching 8.563 ms
INFO: at 3929.956 ms fetching 8.563 ms
INFO: at 3933.849 ms fetching 8.563 ms
INFO: at 3937.742 ms fetching 8.563 ms
INFO: at 3940.598 ms fetching 8.563 ms
INFO: at 3943.453 ms fetching 8.563 ms
INFO: at 3946.308 ms fetching 8.563 ms
INFO: at 3949.164 ms fetching 8.563 ms
INFO: at 3952.019 ms fetching 8.563 ms
INFO: at 3954.875 ms fetching 8.563 ms
INFO: at 3957.730 ms fetching 8.563 ms
INFO: at 3960.585 ms fetching 8.563 ms
INFO: at 3963.441 ms fetching 8.563 ms
INFO: at 3966.296 ms fetching 8.563 ms
INFO: at 3969.155 ms fetching 8.563 ms
INFO: at 3972.011 ms fetching 8.563 ms
INFO: at 3974.866 ms fetching 8.563 ms
INFO: at 3977.722 ms fetching 8.563 ms
INFO: at 3980.577 ms fetching 8.563 ms
INFO: at 3985.336 ms fetching 8.563 ms
INFO: at 3990.095 ms fetching 8.563 ms
INFO: at 3994.855 ms fetching 8.563 ms
INFO: at 3999.613 ms fetching 8.563 ms
INFO: at 4004.371 ms fetching 8.563 ms
INFO: at 4009.130 ms fetching 8.563 ms
INFO: at 4013.888 ms fetching 8.563 ms
INFO: at 4018.648 ms fetching 8.563 ms
INFO: at 4023.406 ms fetching 8.563 ms
INFO: at 4027.689 ms fetching 8.563 ms
INFO: at 4031.971 ms fetching 8.563 ms
INFO: at 4036.254 ms fetching 8.563 ms
INFO: at 4040.537 ms fetching 8.563 ms
INFO: at 4044.820 ms fetching 8.563 ms
INFO: at 4049.102 ms fetching 8.563 ms
INFO: at 4053.384 ms fetching 8.563 ms
INFO: at 4057.667 ms fetching 8.563 ms
INFO: at 4061.949 ms fetching 8.563 ms
INFO: at 4066.232 ms fetching 8.563 ms
INFO: at 4070.125 ms fetching 8.563 ms
INFO: at 4074.019 ms fetching 8.563 ms
INFO: at 4077.912 ms fetching 8.563 ms
INFO: at 4081.805 ms fetching 8.563 ms
INFO: at 4085.698 ms fetching 8.563 ms
INFO: at 4089.597 ms fetching 8.563 ms
INFO: at 4093.490 ms fetching 8.563 ms
INFO: at 4097.383 ms fetching 8.563 ms
INFO: at 4101.277 ms fetching 8.563 ms
INFO: at 4105.170 ms fetching 8.563 ms
INFO: at 4109.063 ms fetching 8.563 ms
INFO: at 4112.357 ms fetching 8.563 ms
INFO: at 4115.652 ms fetching 8.563 ms
INFO: at 4118.946 ms fetching 8.563 ms
INFO: at 4122.241 ms fetching 8.563 ms
INFO: at 4125.535 ms fetching 8.563 ms
INFO: at 4128.830 ms fetching 8.563 ms
INFO: at 4132.124 ms fetching 8.563 ms
INFO: at 4135.419 ms fetching 8.563 ms
INFO: at 4138.714 ms fetching 8.563 ms
INFO: at 4142.008 ms fetching 8.563 ms
INFO: at 4145.303 ms fetching 8.563 ms
INFO: at 4148.597 ms fetching 8.563 ms
INFO: at 4151.892 ms fetching 8.563 ms
INFO: at 4154.951 ms fetching 8.563 ms
INFO: at 4158.011 ms fetching 8.563 ms
INFO: at 4161.071 ms fetching 8.563 ms
INFO: at 4164.130 ms fetching 8.563 ms
INFO: at 4167.190 ms fetching 8.563 ms
INFO: at 4170.249 ms fetching 8.563 ms
INFO: at 4173.309 ms fetching 8.563 ms
INFO: at 4176.368 ms fetching 8.563 ms
INFO: at 4179.427 ms fetching 8.563 ms
INFO: at 4182.486 ms fetching 8.563 ms
INFO: at 4185.545 ms fetching 8.563 ms
INFO: at 4188.605 ms fetching 8.563 ms
INFO: at 4191.664 ms fetching 8.563 ms
INFO: at 4194.723 ms fetching 8.563 ms
INFO: at 4198.617 ms fetching 8.563 ms
INFO: at 4202.510 ms fetching 8.563 ms
INFO: at 4206.403 ms fetching 8.563 ms
INFO: at 4210.296 ms fetching 8.563 ms
INFO: at 4214.190 ms fetching 8.563 ms
INFO: at 4218.083 ms fetching 8.563 ms
INFO: at 4221.976 ms fetching 8.563 ms
INFO: at 4225.869 ms fetching 8.563 ms
INFO: at 4229.763 ms fetching 8.563 ms
INFO: at 4233.656 ms fetching 8.563 ms
INFO: at 4237.549 ms fetching 8.563 ms
INFO: at 4241.831 ms fetching 8.563 ms
INFO: at 4246.114 ms fetching 8.563 ms
INFO: at 4250.396 ms fetching 8.563 ms
INFO: at 4254.679 ms fetching 8.563 ms
INFO: at 4258.961 ms fetching 8.563 ms
INFO: at 4263.244 ms fetching 8.563 ms
INFO: at 4267.526 ms fetching 8.563 ms
INFO: at 4271.809 ms fetching 8.563 ms
INFO: at 4276.091 ms fetching 8.563 ms
INFO: at 4280.374 ms fetching 8.563 ms
INFO: at 4283.434 ms fetching 8.563 ms
INFO: at 4286.493 ms fetching 8.563 ms
INFO: at 4289.552 ms fetching 8.563 ms
INFO: at 4292.611 ms fetching 8.563 ms
INFO: at 4295.670 ms fetching 8.563 ms
INFO: at 4298.729 ms fetching 8.563 ms
INFO: at 4301.789 ms fetching 8.563 ms
INFO: at 4304.848 ms fetching 8.563 ms
INFO: at 4307.907 ms fetching 8.563 ms
INFO: at 4310.966 ms fetching 8.563 ms
INFO: at 4314.025 ms fetching 8.563 ms
INFO: at 4317.084 ms fetching 8.563 ms
INFO: done
22-04-18:01:55:29 INFO     [docker_logging_utils.py:19] [default-cluster] Created logging directory: /home/cc/DynWork/multimodal_dataset_gpu/repeat-1/Static_CV/Azure/classification/inception_imagenet/5_x_P99/clipper/logs
22-04-18:01:56:12 INFO     [clipper_admin.py:1424] [default-cluster] Stopped all Clipper cluster and all model containers
