22-04-13:06:25:52 INFO     [docker_container_manager.py:192] [default-cluster] Starting managed Redis instance in Docker
22-04-13:06:25:54 INFO     [docker_container_manager.py:294] [default-cluster] Metric Configuration Saved at /tmp/tmpqhknsvtt.yml
22-04-13:06:25:54 INFO     [clipper_admin.py:162] [default-cluster] Clipper is running
22-04-13:06:25:54 INFO     [clipper_admin.py:236] [default-cluster] Application fake-model was successfully registered
22-04-13:06:25:54 INFO     [deployer_utils.py:41] Saving function to /tmp/tmp5ra13ezpclipper
22-04-13:06:25:54 INFO     [deployer_utils.py:51] Serialized and supplied predict function
22-04-13:06:25:54 INFO     [python.py:192] Python closure saved
22-04-13:06:25:54 INFO     [python.py:210] Using Python 3.7 base image
22-04-13:06:25:54 INFO     [clipper_admin.py:534] [default-cluster] Building model Docker image with model data from /tmp/tmp5ra13ezpclipper
22-04-13:06:25:55 INFO     [clipper_admin.py:539] [default-cluster] Step 1/2 : FROM clipper/python37-closure-container:develop
22-04-13:06:25:55 INFO     [clipper_admin.py:539] [default-cluster]  ---> 2660542c0759
22-04-13:06:25:55 INFO     [clipper_admin.py:539] [default-cluster] Step 2/2 : COPY /tmp/tmp5ra13ezpclipper /model/
22-04-13:06:25:55 INFO     [clipper_admin.py:539] [default-cluster]  ---> 76fa89d2a2f8
22-04-13:06:25:55 INFO     [clipper_admin.py:539] [default-cluster] Successfully built 76fa89d2a2f8
22-04-13:06:25:55 INFO     [clipper_admin.py:539] [default-cluster] Successfully tagged default-cluster-fake-model:1
22-04-13:06:25:55 INFO     [clipper_admin.py:541] [default-cluster] Pushing model Docker image to default-cluster-fake-model:1
22-04-13:06:25:55 INFO     [docker_container_manager.py:433] [default-cluster] Found 0 replicas for fake-model:1. Adding 1
22-04-13:06:25:55 INFO     [clipper_admin.py:724] [default-cluster] Successfully registered model fake-model:1
22-04-13:06:25:55 INFO     [clipper_admin.py:642] [default-cluster] Done deploying model fake-model:1.
22-04-13:06:25:55 INFO     [clipper_admin.py:303] [default-cluster] Model fake-model is now linked to application fake-model
INFO: waiting for ready to serve
INFO: waiting for ready to serve
INFO: waiting for ready to serve
INFO: waiting for ready to serve
INFO: ready to go
INFO: rock and roll
INFO: at 6.164 ms batch [45.315] delay 22.657 ms
INFO: at 6.164 ms fetching 45.315 ms
INFO: at 28.828 ms batch [45.315] delay 22.657 ms
INFO: at 28.828 ms fetching 45.315 ms
INFO: at 51.492 ms batch [45.315] delay 22.657 ms
INFO: at 51.492 ms fetching 45.315 ms
INFO: at 74.151 ms batch [45.315] delay 22.657 ms
INFO: at 74.151 ms fetching 45.315 ms
INFO: at 96.815 ms batch [45.315] delay 22.657 ms
INFO: at 96.815 ms fetching 45.315 ms
INFO: at 119.476 ms batch [45.315] delay 22.657 ms
INFO: at 119.476 ms fetching 45.315 ms
INFO: at 142.140 ms batch [45.315] delay 22.657 ms
INFO: at 142.140 ms fetching 45.315 ms
INFO: at 164.805 ms batch [45.315] delay 22.657 ms
INFO: at 164.805 ms fetching 45.315 ms
INFO: at 187.464 ms batch [45.315] delay 22.657 ms
INFO: at 187.464 ms fetching 45.315 ms
INFO: at 210.128 ms batch [45.315] delay 22.657 ms
INFO: at 210.128 ms fetching 45.315 ms
INFO: at 232.792 ms batch [45.315] delay 28.322 ms
INFO: at 232.792 ms fetching 45.315 ms
INFO: at 261.120 ms batch [45.315] delay 28.322 ms
INFO: at 261.120 ms fetching 45.315 ms
INFO: at 289.450 ms batch [45.315] delay 28.322 ms
INFO: at 289.450 ms fetching 45.315 ms
INFO: at 317.779 ms batch [45.315] delay 28.322 ms
INFO: at 317.779 ms fetching 45.315 ms
INFO: at 346.108 ms batch [45.315] delay 28.322 ms
INFO: at 346.108 ms fetching 45.315 ms
INFO: at 374.436 ms batch [45.315] delay 28.322 ms
INFO: at 374.436 ms fetching 45.315 ms
INFO: at 402.762 ms batch [45.315] delay 28.322 ms
INFO: at 402.762 ms fetching 45.315 ms
INFO: at 431.089 ms batch [45.315] delay 28.322 ms
INFO: at 431.089 ms fetching 45.315 ms
INFO: at 459.416 ms batch [45.315] delay 18.881 ms
INFO: at 459.416 ms fetching 45.315 ms
INFO: at 478.299 ms batch [45.315] delay 18.881 ms
INFO: at 478.299 ms fetching 45.315 ms
INFO: at 497.184 ms batch [45.315] delay 18.881 ms
INFO: at 497.184 ms fetching 45.315 ms
INFO: at 516.069 ms batch [45.315] delay 18.881 ms
INFO: at 516.069 ms fetching 45.315 ms
INFO: at 534.953 ms batch [45.315] delay 18.881 ms
INFO: at 534.953 ms fetching 45.315 ms
INFO: at 553.838 ms batch [45.315] delay 18.881 ms
INFO: at 553.838 ms fetching 45.315 ms
INFO: at 572.723 ms batch [45.315] delay 18.881 ms
INFO: at 572.723 ms fetching 45.315 ms
INFO: at 591.606 ms batch [45.315] delay 18.881 ms
INFO: at 591.606 ms fetching 45.315 ms
INFO: at 610.490 ms batch [45.315] delay 18.881 ms
INFO: at 610.490 ms fetching 45.315 ms
INFO: at 629.375 ms batch [45.315] delay 18.881 ms
INFO: at 629.375 ms fetching 45.315 ms
INFO: at 648.260 ms batch [45.315] delay 18.881 ms
INFO: at 648.260 ms fetching 45.315 ms
INFO: at 667.170 ms batch [45.315] delay 18.881 ms
INFO: at 667.170 ms fetching 45.315 ms
INFO: at 686.054 ms batch [45.315] delay 15.105 ms
INFO: at 686.054 ms fetching 45.315 ms
INFO: at 701.163 ms batch [45.315] delay 15.105 ms
INFO: at 701.163 ms fetching 45.315 ms
INFO: at 716.271 ms batch [45.315] delay 15.105 ms
INFO: at 716.271 ms fetching 45.315 ms
INFO: at 731.380 ms batch [45.315] delay 15.105 ms
INFO: at 731.380 ms fetching 45.315 ms
INFO: at 746.487 ms batch [45.315] delay 15.105 ms
INFO: at 746.487 ms fetching 45.315 ms
INFO: at 761.594 ms batch [45.315] delay 15.105 ms
INFO: at 761.594 ms fetching 45.315 ms
INFO: at 776.703 ms batch [45.315] delay 15.105 ms
INFO: at 776.703 ms fetching 45.315 ms
INFO: at 791.812 ms batch [45.315] delay 15.105 ms
INFO: at 791.812 ms fetching 45.315 ms
INFO: at 806.919 ms batch [45.315] delay 15.105 ms
INFO: at 806.919 ms fetching 45.315 ms
INFO: at 822.027 ms batch [45.315] delay 15.105 ms
INFO: at 822.027 ms fetching 45.315 ms
INFO: at 837.134 ms batch [45.315] delay 15.105 ms
INFO: at 837.134 ms fetching 45.315 ms
INFO: at 852.242 ms batch [45.315] delay 15.105 ms
INFO: at 852.242 ms fetching 45.315 ms
INFO: at 867.351 ms batch [45.315] delay 15.105 ms
INFO: at 867.351 ms fetching 45.315 ms
INFO: at 882.459 ms batch [45.315] delay 15.105 ms
INFO: at 882.459 ms fetching 45.315 ms
INFO: at 897.567 ms batch [45.315] delay 15.105 ms
INFO: at 897.567 ms fetching 45.315 ms
INFO: at 912.674 ms batch [45.315] delay 25.175 ms
INFO: at 912.674 ms fetching 45.315 ms
INFO: at 937.852 ms batch [45.315] delay 25.175 ms
INFO: at 937.852 ms fetching 45.315 ms
INFO: at 963.029 ms batch [45.315] delay 25.175 ms
INFO: at 963.029 ms fetching 45.315 ms
INFO: at 988.208 ms batch [45.315] delay 25.175 ms
INFO: at 988.208 ms fetching 45.315 ms
INFO: at 1013.387 ms batch [45.315] delay 25.175 ms
INFO: at 1013.387 ms fetching 45.315 ms
INFO: at 1038.564 ms batch [45.315] delay 25.175 ms
INFO: at 1038.564 ms fetching 45.315 ms
INFO: at 1063.743 ms batch [45.315] delay 25.175 ms
INFO: at 1063.743 ms fetching 45.315 ms
INFO: at 1088.921 ms batch [45.315] delay 25.175 ms
INFO: at 1088.921 ms fetching 45.315 ms
INFO: at 1114.099 ms batch [45.315] delay 25.175 ms
INFO: at 1114.099 ms fetching 45.315 ms
INFO: at 1139.278 ms batch [45.315] delay 22.657 ms
INFO: at 1139.278 ms fetching 45.315 ms
INFO: at 1161.953 ms batch [45.315] delay 22.657 ms
INFO: at 1161.953 ms fetching 45.315 ms
INFO: at 1184.615 ms batch [45.315] delay 22.657 ms
INFO: at 1184.615 ms fetching 45.315 ms
INFO: at 1207.275 ms batch [45.315] delay 22.657 ms
INFO: at 1207.275 ms fetching 45.315 ms
INFO: at 1229.939 ms batch [45.315] delay 22.657 ms
INFO: at 1229.939 ms fetching 45.315 ms
INFO: at 1252.600 ms batch [45.315] delay 22.657 ms
INFO: at 1252.600 ms fetching 45.315 ms
INFO: at 1275.260 ms batch [45.315] delay 22.657 ms
INFO: at 1275.260 ms fetching 45.315 ms
INFO: at 1297.921 ms batch [45.315] delay 22.657 ms
INFO: at 1297.921 ms fetching 45.315 ms
INFO: at 1320.582 ms batch [45.315] delay 22.657 ms
INFO: at 1320.582 ms fetching 45.315 ms
INFO: at 1343.241 ms batch [45.315] delay 22.657 ms
INFO: at 1343.241 ms fetching 45.315 ms
INFO: at 1365.901 ms batch [45.315] delay 20.598 ms
INFO: at 1365.901 ms fetching 45.315 ms
INFO: at 1386.503 ms batch [45.315] delay 20.598 ms
INFO: at 1386.503 ms fetching 45.315 ms
INFO: at 1407.103 ms batch [45.315] delay 20.598 ms
INFO: at 1407.103 ms fetching 45.315 ms
INFO: at 1427.703 ms batch [45.315] delay 20.598 ms
INFO: at 1427.703 ms fetching 45.315 ms
INFO: at 1448.304 ms batch [45.315] delay 20.598 ms
INFO: at 1448.304 ms fetching 45.315 ms
INFO: at 1468.904 ms batch [45.315] delay 20.598 ms
INFO: at 1468.904 ms fetching 45.315 ms
INFO: at 1489.505 ms batch [45.315] delay 20.598 ms
INFO: at 1489.505 ms fetching 45.315 ms
INFO: at 1510.107 ms batch [45.315] delay 20.598 ms
INFO: at 1510.107 ms fetching 45.315 ms
INFO: at 1530.707 ms batch [45.315] delay 20.598 ms
INFO: at 1530.707 ms fetching 45.315 ms
INFO: at 1551.322 ms batch [45.315] delay 20.598 ms
INFO: at 1551.322 ms fetching 45.315 ms
INFO: at 1571.924 ms batch [45.315] delay 20.598 ms
INFO: at 1571.924 ms fetching 45.315 ms
INFO: at 1592.525 ms batch [45.315] delay 25.175 ms
INFO: at 1592.525 ms fetching 45.315 ms
INFO: at 1617.704 ms batch [45.315] delay 25.175 ms
INFO: at 1617.704 ms fetching 45.315 ms
INFO: at 1642.883 ms batch [45.315] delay 25.175 ms
INFO: at 1642.883 ms fetching 45.315 ms
INFO: at 1668.059 ms batch [45.315] delay 25.175 ms
INFO: at 1668.059 ms fetching 45.315 ms
INFO: at 1693.238 ms batch [45.315] delay 25.175 ms
INFO: at 1693.238 ms fetching 45.315 ms
INFO: at 1718.416 ms batch [45.315] delay 25.175 ms
INFO: at 1718.416 ms fetching 45.315 ms
INFO: at 1743.595 ms batch [45.315] delay 25.175 ms
INFO: at 1743.595 ms fetching 45.315 ms
INFO: at 1768.779 ms batch [45.315] delay 25.175 ms
INFO: at 1768.779 ms fetching 45.315 ms
INFO: at 1793.956 ms batch [45.315] delay 25.175 ms
INFO: at 1793.956 ms fetching 45.315 ms
INFO: at 1819.134 ms batch [45.315] delay 22.657 ms
INFO: at 1819.134 ms fetching 45.315 ms
INFO: at 1841.795 ms batch [45.315] delay 22.657 ms
INFO: at 1841.795 ms fetching 45.315 ms
INFO: at 1864.457 ms batch [45.315] delay 22.657 ms
INFO: at 1864.457 ms fetching 45.315 ms
INFO: at 1887.119 ms batch [45.315] delay 22.657 ms
INFO: at 1887.119 ms fetching 45.315 ms
INFO: at 1909.779 ms batch [45.315] delay 22.657 ms
INFO: at 1909.779 ms fetching 45.315 ms
INFO: at 1932.440 ms batch [45.315] delay 22.657 ms
INFO: at 1932.440 ms fetching 45.315 ms
INFO: at 1955.100 ms batch [45.315] delay 22.657 ms
INFO: at 1955.100 ms fetching 45.315 ms
INFO: at 1977.759 ms batch [45.315] delay 22.657 ms
INFO: at 1977.759 ms fetching 45.315 ms
INFO: at 2000.419 ms batch [45.315] delay 22.657 ms
INFO: at 2000.419 ms fetching 45.315 ms
INFO: at 2023.079 ms batch [45.315] delay 22.657 ms
INFO: at 2023.079 ms fetching 45.315 ms
INFO: at 2045.738 ms batch [45.315] delay 20.598 ms
INFO: at 2045.738 ms fetching 45.315 ms
INFO: at 2066.339 ms batch [45.315] delay 20.598 ms
INFO: at 2066.339 ms fetching 45.315 ms
INFO: at 2086.941 ms batch [45.315] delay 20.598 ms
INFO: at 2086.941 ms fetching 45.315 ms
INFO: at 2107.540 ms batch [45.315] delay 20.598 ms
INFO: at 2107.540 ms fetching 45.315 ms
INFO: at 2128.141 ms batch [45.315] delay 20.598 ms
INFO: at 2128.141 ms fetching 45.315 ms
INFO: at 2148.742 ms batch [45.315] delay 20.598 ms
INFO: at 2148.742 ms fetching 45.315 ms
INFO: at 2169.341 ms batch [45.315] delay 20.598 ms
INFO: at 2169.341 ms fetching 45.315 ms
INFO: at 2189.941 ms batch [45.315] delay 20.598 ms
INFO: at 2189.941 ms fetching 45.315 ms
INFO: at 2210.543 ms batch [45.315] delay 20.598 ms
INFO: at 2210.543 ms fetching 45.315 ms
INFO: at 2231.144 ms batch [45.315] delay 20.598 ms
INFO: at 2231.144 ms fetching 45.315 ms
INFO: at 2251.745 ms batch [45.315] delay 20.598 ms
INFO: at 2251.745 ms fetching 45.315 ms
INFO: at 2272.346 ms batch [45.315] delay 22.657 ms
INFO: at 2272.346 ms fetching 45.315 ms
INFO: at 2295.006 ms batch [45.315] delay 22.657 ms
INFO: at 2295.006 ms fetching 45.315 ms
INFO: at 2317.666 ms batch [45.315] delay 22.657 ms
INFO: at 2317.666 ms fetching 45.315 ms
INFO: at 2340.327 ms batch [45.315] delay 22.657 ms
INFO: at 2340.327 ms fetching 45.315 ms
INFO: at 2362.986 ms batch [45.315] delay 22.657 ms
INFO: at 2362.986 ms fetching 45.315 ms
INFO: at 2385.647 ms batch [45.315] delay 22.657 ms
INFO: at 2385.647 ms fetching 45.315 ms
INFO: at 2408.309 ms batch [45.315] delay 22.657 ms
INFO: at 2408.309 ms fetching 45.315 ms
INFO: at 2430.969 ms batch [45.315] delay 22.657 ms
INFO: at 2430.969 ms fetching 45.315 ms
INFO: at 2453.629 ms batch [45.315] delay 22.657 ms
INFO: at 2453.629 ms fetching 45.315 ms
INFO: at 2476.291 ms batch [45.315] delay 22.657 ms
INFO: at 2476.291 ms fetching 45.315 ms
INFO: at 2498.950 ms batch [45.315] delay 18.881 ms
INFO: at 2498.950 ms fetching 45.315 ms
INFO: at 2517.834 ms batch [45.315] delay 18.881 ms
INFO: at 2517.834 ms fetching 45.315 ms
INFO: at 2536.718 ms batch [45.315] delay 18.881 ms
INFO: at 2536.718 ms fetching 45.315 ms
INFO: at 2555.602 ms batch [45.315] delay 18.881 ms
INFO: at 2555.602 ms fetching 45.315 ms
INFO: at 2574.487 ms batch [45.315] delay 18.881 ms
INFO: at 2574.487 ms fetching 45.315 ms
INFO: at 2593.371 ms batch [45.315] delay 18.881 ms
INFO: at 2593.371 ms fetching 45.315 ms
INFO: at 2612.257 ms batch [45.315] delay 18.881 ms
INFO: at 2612.257 ms fetching 45.315 ms
INFO: at 2631.139 ms batch [45.315] delay 18.881 ms
INFO: at 2631.139 ms fetching 45.315 ms
INFO: at 2650.023 ms batch [45.315] delay 18.881 ms
INFO: at 2650.023 ms fetching 45.315 ms
INFO: at 2668.907 ms batch [45.315] delay 18.881 ms
INFO: at 2668.907 ms fetching 45.315 ms
INFO: at 2687.791 ms batch [45.315] delay 18.881 ms
INFO: at 2687.791 ms fetching 45.315 ms
INFO: at 2706.674 ms batch [45.315] delay 18.881 ms
INFO: at 2706.674 ms fetching 45.315 ms
INFO: at 2725.558 ms batch [45.315] delay 22.657 ms
INFO: at 2725.558 ms fetching 45.315 ms
INFO: at 2748.223 ms batch [45.315] delay 22.657 ms
INFO: at 2748.223 ms fetching 45.315 ms
INFO: at 2770.884 ms batch [45.315] delay 22.657 ms
INFO: at 2770.884 ms fetching 45.315 ms
INFO: at 2793.544 ms batch [45.315] delay 22.657 ms
INFO: at 2793.544 ms fetching 45.315 ms
INFO: at 2816.206 ms batch [45.315] delay 22.657 ms
INFO: at 2816.206 ms fetching 45.315 ms
INFO: at 2838.865 ms batch [45.315] delay 22.657 ms
INFO: at 2838.865 ms fetching 45.315 ms
INFO: at 2861.525 ms batch [45.315] delay 22.657 ms
INFO: at 2861.525 ms fetching 45.315 ms
INFO: at 2884.187 ms batch [45.315] delay 22.657 ms
INFO: at 2884.187 ms fetching 45.315 ms
INFO: at 2906.848 ms batch [45.315] delay 22.657 ms
INFO: at 2906.848 ms fetching 45.315 ms
INFO: at 2929.509 ms batch [45.315] delay 22.657 ms
INFO: at 2929.509 ms fetching 45.315 ms
INFO: at 2952.171 ms batch [45.315] delay 20.598 ms
INFO: at 2952.171 ms fetching 45.315 ms
INFO: at 2972.771 ms batch [45.315] delay 20.598 ms
INFO: at 2972.771 ms fetching 45.315 ms
INFO: at 2993.372 ms batch [45.315] delay 20.598 ms
INFO: at 2993.372 ms fetching 45.315 ms
INFO: at 3013.973 ms batch [45.315] delay 20.598 ms
INFO: at 3013.973 ms fetching 45.315 ms
INFO: at 3034.573 ms batch [45.315] delay 20.598 ms
INFO: at 3034.573 ms fetching 45.315 ms
INFO: at 3055.174 ms batch [45.315] delay 20.598 ms
INFO: at 3055.174 ms fetching 45.315 ms
INFO: at 3075.775 ms batch [45.315] delay 20.598 ms
INFO: at 3075.775 ms fetching 45.315 ms
INFO: at 3096.377 ms batch [45.315] delay 20.598 ms
INFO: at 3096.377 ms fetching 45.315 ms
INFO: at 3116.981 ms batch [45.315] delay 20.598 ms
INFO: at 3116.981 ms fetching 45.315 ms
INFO: at 3137.582 ms batch [45.315] delay 20.598 ms
INFO: at 3137.582 ms fetching 45.315 ms
INFO: at 3158.183 ms batch [45.315] delay 20.598 ms
INFO: at 3158.183 ms fetching 45.315 ms
INFO: at 3178.785 ms batch [45.315] delay 25.175 ms
INFO: at 3178.785 ms fetching 45.315 ms
INFO: at 3203.963 ms batch [45.315] delay 25.175 ms
INFO: at 3203.963 ms fetching 45.315 ms
INFO: at 3229.140 ms batch [45.315] delay 25.175 ms
INFO: at 3229.140 ms fetching 45.315 ms
INFO: at 3254.319 ms batch [45.315] delay 25.175 ms
INFO: at 3254.319 ms fetching 45.315 ms
INFO: at 3279.497 ms batch [45.315] delay 25.175 ms
INFO: at 3279.497 ms fetching 45.315 ms
INFO: at 3304.674 ms batch [45.315] delay 25.175 ms
INFO: at 3304.674 ms fetching 45.315 ms
INFO: at 3329.853 ms batch [45.315] delay 25.175 ms
INFO: at 3329.853 ms fetching 45.315 ms
INFO: at 3355.032 ms batch [45.315] delay 25.175 ms
INFO: at 3355.032 ms fetching 45.315 ms
INFO: at 3380.210 ms batch [45.315] delay 25.175 ms
INFO: at 3380.210 ms fetching 45.315 ms
INFO: at 3405.389 ms batch [45.315] delay 17.429 ms
INFO: at 3405.389 ms fetching 45.315 ms
INFO: at 3422.819 ms batch [45.315] delay 17.429 ms
INFO: at 3422.819 ms fetching 45.315 ms
INFO: at 3440.250 ms batch [45.315] delay 17.429 ms
INFO: at 3440.250 ms fetching 45.315 ms
INFO: at 3457.682 ms batch [45.315] delay 17.429 ms
INFO: at 3457.682 ms fetching 45.315 ms
INFO: at 3475.114 ms batch [45.315] delay 17.429 ms
INFO: at 3475.114 ms fetching 45.315 ms
INFO: at 3492.547 ms batch [45.315] delay 17.429 ms
INFO: at 3492.547 ms fetching 45.315 ms
INFO: at 3509.978 ms batch [45.315] delay 17.429 ms
INFO: at 3509.978 ms fetching 45.315 ms
INFO: at 3527.410 ms batch [45.315] delay 17.429 ms
INFO: at 3527.410 ms fetching 45.315 ms
INFO: at 3544.841 ms batch [45.315] delay 17.429 ms
INFO: at 3544.841 ms fetching 45.315 ms
INFO: at 3562.274 ms batch [45.315] delay 17.429 ms
INFO: at 3562.274 ms fetching 45.315 ms
INFO: at 3579.707 ms batch [45.315] delay 17.429 ms
INFO: at 3579.707 ms fetching 45.315 ms
INFO: at 3597.138 ms batch [45.315] delay 17.429 ms
INFO: at 3597.138 ms fetching 45.315 ms
INFO: at 3614.570 ms batch [45.315] delay 17.429 ms
INFO: at 3614.570 ms fetching 45.315 ms
INFO: at 3632.001 ms batch [45.315] delay 25.175 ms
INFO: at 3632.001 ms fetching 45.315 ms
INFO: at 3657.180 ms batch [45.315] delay 25.175 ms
INFO: at 3657.180 ms fetching 45.315 ms
INFO: at 3682.359 ms batch [45.315] delay 25.175 ms
INFO: at 3682.359 ms fetching 45.315 ms
INFO: at 3707.537 ms batch [45.315] delay 25.175 ms
INFO: at 3707.537 ms fetching 45.315 ms
INFO: at 3732.716 ms batch [45.315] delay 25.175 ms
INFO: at 3732.716 ms fetching 45.315 ms
INFO: at 3757.893 ms batch [45.315] delay 25.175 ms
INFO: at 3757.893 ms fetching 45.315 ms
INFO: at 3783.071 ms batch [45.315] delay 25.175 ms
INFO: at 3783.071 ms fetching 45.315 ms
INFO: at 3808.251 ms batch [45.315] delay 25.175 ms
INFO: at 3808.251 ms fetching 45.315 ms
INFO: at 3833.428 ms batch [45.315] delay 25.175 ms
INFO: at 3833.428 ms fetching 45.315 ms
INFO: at 3858.606 ms batch [45.315] delay 37.762 ms
INFO: at 3858.606 ms fetching 45.315 ms
INFO: at 3896.370 ms batch [45.315] delay 37.762 ms
INFO: at 3896.370 ms fetching 45.315 ms
INFO: at 3934.137 ms batch [45.315] delay 37.762 ms
INFO: at 3934.137 ms fetching 45.315 ms
INFO: at 3971.903 ms batch [45.315] delay 37.762 ms
INFO: at 3971.903 ms fetching 45.315 ms
INFO: at 4009.667 ms batch [45.315] delay 37.762 ms
INFO: at 4009.667 ms fetching 45.315 ms
INFO: at 4047.431 ms batch [45.315] delay 37.762 ms
INFO: at 4047.431 ms fetching 45.315 ms
INFO: at 4085.197 ms batch [45.315] delay 25.175 ms
INFO: at 4085.197 ms fetching 45.315 ms
INFO: at 4110.388 ms batch [45.315] delay 25.175 ms
INFO: at 4110.388 ms fetching 45.315 ms
INFO: at 4135.565 ms batch [45.315] delay 25.175 ms
INFO: at 4135.565 ms fetching 45.315 ms
INFO: at 4160.744 ms batch [45.315] delay 25.175 ms
INFO: at 4160.744 ms fetching 45.315 ms
INFO: at 4185.923 ms batch [45.315] delay 25.175 ms
INFO: at 4185.923 ms fetching 45.315 ms
INFO: at 4211.102 ms batch [45.315] delay 25.175 ms
INFO: at 4211.102 ms fetching 45.315 ms
INFO: at 4236.281 ms batch [45.315] delay 25.175 ms
INFO: at 4236.281 ms fetching 45.315 ms
INFO: at 4261.458 ms batch [45.315] delay 25.175 ms
INFO: at 4261.458 ms fetching 45.315 ms
INFO: at 4286.636 ms batch [45.315] delay 25.175 ms
INFO: at 4286.636 ms fetching 45.315 ms
INFO: at 4311.816 ms batch [45.315] delay 25.175 ms
INFO: at 4311.816 ms fetching 45.315 ms
INFO: at 4336.994 ms batch [45.315] delay 25.175 ms
INFO: at 4336.994 ms fetching 45.315 ms
INFO: at 4362.173 ms batch [45.315] delay 25.175 ms
INFO: at 4362.173 ms fetching 45.315 ms
INFO: at 4387.349 ms batch [45.315] delay 25.175 ms
INFO: at 4387.349 ms fetching 45.315 ms
INFO: at 4412.528 ms batch [45.315] delay 25.175 ms
INFO: at 4412.528 ms fetching 45.315 ms
INFO: at 4437.707 ms batch [45.315] delay 25.175 ms
INFO: at 4437.707 ms fetching 45.315 ms
INFO: at 4462.885 ms batch [45.315] delay 25.175 ms
INFO: at 4462.885 ms fetching 45.315 ms
INFO: at 4488.063 ms batch [45.315] delay 25.175 ms
INFO: at 4488.063 ms fetching 45.315 ms
INFO: at 4513.242 ms batch [45.315] delay 25.175 ms
INFO: at 4513.242 ms fetching 45.315 ms
INFO: at 4538.421 ms batch [45.315] delay 37.762 ms
INFO: at 4538.421 ms fetching 45.315 ms
INFO: at 4576.185 ms batch [45.315] delay 37.762 ms
INFO: at 4576.185 ms fetching 45.315 ms
INFO: at 4613.952 ms batch [45.315] delay 37.762 ms
INFO: at 4613.952 ms fetching 45.315 ms
INFO: at 4651.718 ms batch [45.315] delay 37.762 ms
INFO: at 4651.718 ms fetching 45.315 ms
INFO: at 4689.481 ms batch [45.315] delay 37.762 ms
INFO: at 4689.481 ms fetching 45.315 ms
INFO: at 4727.245 ms batch [45.315] delay 37.762 ms
INFO: at 4727.245 ms fetching 45.315 ms
INFO: at 4765.015 ms batch [45.315] delay 20.598 ms
INFO: at 4765.015 ms fetching 45.315 ms
INFO: at 4785.616 ms batch [45.315] delay 20.598 ms
INFO: at 4785.616 ms fetching 45.315 ms
INFO: at 4806.218 ms batch [45.315] delay 20.598 ms
INFO: at 4806.218 ms fetching 45.315 ms
INFO: at 4826.820 ms batch [45.315] delay 20.598 ms
INFO: at 4826.820 ms fetching 45.315 ms
INFO: at 4847.420 ms batch [45.315] delay 20.598 ms
INFO: at 4847.420 ms fetching 45.315 ms
INFO: at 4868.022 ms batch [45.315] delay 20.598 ms
INFO: at 4868.022 ms fetching 45.315 ms
INFO: at 4888.622 ms batch [45.315] delay 20.598 ms
INFO: at 4888.622 ms fetching 45.315 ms
INFO: at 4909.225 ms batch [45.315] delay 20.598 ms
INFO: at 4909.225 ms fetching 45.315 ms
INFO: at 4929.826 ms batch [45.315] delay 20.598 ms
INFO: at 4929.826 ms fetching 45.315 ms
INFO: at 4950.427 ms batch [45.315] delay 20.598 ms
INFO: at 4950.427 ms fetching 45.315 ms
INFO: at 4971.028 ms batch [45.315] delay 20.598 ms
INFO: at 4971.028 ms fetching 45.315 ms
INFO: at 4991.630 ms batch [45.315] delay 22.657 ms
INFO: at 4991.630 ms fetching 45.315 ms
INFO: at 5014.291 ms batch [45.315] delay 22.657 ms
INFO: at 5014.291 ms fetching 45.315 ms
INFO: at 5036.952 ms batch [45.315] delay 22.657 ms
INFO: at 5036.952 ms fetching 45.315 ms
INFO: at 5059.614 ms batch [45.315] delay 22.657 ms
INFO: at 5059.614 ms fetching 45.315 ms
INFO: at 5082.275 ms batch [45.315] delay 22.657 ms
INFO: at 5082.275 ms fetching 45.315 ms
INFO: at 5104.937 ms batch [45.315] delay 22.657 ms
INFO: at 5104.937 ms fetching 45.315 ms
INFO: at 5127.598 ms batch [45.315] delay 22.657 ms
INFO: at 5127.598 ms fetching 45.315 ms
INFO: at 5150.259 ms batch [45.315] delay 22.657 ms
INFO: at 5150.259 ms fetching 45.315 ms
INFO: at 5172.922 ms batch [45.315] delay 22.657 ms
INFO: at 5172.922 ms fetching 45.315 ms
INFO: at 5195.583 ms batch [45.315] delay 22.657 ms
INFO: at 5195.583 ms fetching 45.315 ms
INFO: at 5218.243 ms batch [45.315] delay 20.598 ms
INFO: at 5218.243 ms fetching 45.315 ms
INFO: at 5238.845 ms batch [45.315] delay 20.598 ms
INFO: at 5238.845 ms fetching 45.315 ms
INFO: at 5259.446 ms batch [45.315] delay 20.598 ms
INFO: at 5259.446 ms fetching 45.315 ms
INFO: at 5280.047 ms batch [45.315] delay 20.598 ms
INFO: at 5280.047 ms fetching 45.315 ms
INFO: at 5300.648 ms batch [45.315] delay 20.598 ms
INFO: at 5300.648 ms fetching 45.315 ms
INFO: at 5321.249 ms batch [45.315] delay 20.598 ms
INFO: at 5321.249 ms fetching 45.315 ms
INFO: at 5341.850 ms batch [45.315] delay 20.598 ms
INFO: at 5341.850 ms fetching 45.315 ms
INFO: at 5362.451 ms batch [45.315] delay 20.598 ms
INFO: at 5362.451 ms fetching 45.315 ms
INFO: at 5383.052 ms batch [45.315] delay 20.598 ms
INFO: at 5383.052 ms fetching 45.315 ms
INFO: at 5403.651 ms batch [45.315] delay 20.598 ms
INFO: at 5403.651 ms fetching 45.315 ms
INFO: at 5424.252 ms batch [45.315] delay 20.598 ms
INFO: at 5424.252 ms fetching 45.315 ms
INFO: at 5444.853 ms batch [45.315] delay 20.598 ms
INFO: at 5444.853 ms fetching 45.315 ms
INFO: at 5465.453 ms batch [45.315] delay 20.598 ms
INFO: at 5465.453 ms fetching 45.315 ms
INFO: at 5486.054 ms batch [45.315] delay 20.598 ms
INFO: at 5486.054 ms fetching 45.315 ms
INFO: at 5506.655 ms batch [45.315] delay 20.598 ms
INFO: at 5506.655 ms fetching 45.315 ms
INFO: at 5527.257 ms batch [45.315] delay 20.598 ms
INFO: at 5527.257 ms fetching 45.315 ms
INFO: at 5547.858 ms batch [45.315] delay 20.598 ms
INFO: at 5547.858 ms fetching 45.315 ms
INFO: at 5568.459 ms batch [45.315] delay 20.598 ms
INFO: at 5568.459 ms fetching 45.315 ms
INFO: at 5589.060 ms batch [45.315] delay 20.598 ms
INFO: at 5589.060 ms fetching 45.315 ms
INFO: at 5609.659 ms batch [45.315] delay 20.598 ms
INFO: at 5609.659 ms fetching 45.315 ms
INFO: at 5630.260 ms batch [45.315] delay 20.598 ms
INFO: at 5630.260 ms fetching 45.315 ms
INFO: at 5650.861 ms batch [45.315] delay 20.598 ms
INFO: at 5650.861 ms fetching 45.315 ms
INFO: at 5671.462 ms batch [45.315] delay 16.184 ms
INFO: at 5671.462 ms fetching 45.315 ms
INFO: at 5687.649 ms batch [45.315] delay 16.184 ms
INFO: at 5687.649 ms fetching 45.315 ms
INFO: at 5703.836 ms batch [45.315] delay 16.184 ms
INFO: at 5703.836 ms fetching 45.315 ms
INFO: at 5720.024 ms batch [45.315] delay 16.184 ms
INFO: at 5720.024 ms fetching 45.315 ms
INFO: at 5736.210 ms batch [45.315] delay 16.184 ms
INFO: at 5736.210 ms fetching 45.315 ms
INFO: at 5752.397 ms batch [45.315] delay 16.184 ms
INFO: at 5752.397 ms fetching 45.315 ms
INFO: at 5768.585 ms batch [45.315] delay 16.184 ms
INFO: at 5768.585 ms fetching 45.315 ms
INFO: at 5784.772 ms batch [45.315] delay 16.184 ms
INFO: at 5784.772 ms fetching 45.315 ms
INFO: at 5800.959 ms batch [45.315] delay 16.184 ms
INFO: at 5800.959 ms fetching 45.315 ms
INFO: at 5817.145 ms batch [45.315] delay 16.184 ms
INFO: at 5817.145 ms fetching 45.315 ms
INFO: at 5833.330 ms batch [45.315] delay 16.184 ms
INFO: at 5833.330 ms fetching 45.315 ms
INFO: at 5849.518 ms batch [45.315] delay 16.184 ms
INFO: at 5849.518 ms fetching 45.315 ms
INFO: at 5865.705 ms batch [45.315] delay 16.184 ms
INFO: at 5865.705 ms fetching 45.315 ms
INFO: at 5881.892 ms batch [45.315] delay 16.184 ms
INFO: at 5881.892 ms fetching 45.315 ms
INFO: at 5898.078 ms batch [45.315] delay 22.657 ms
INFO: at 5898.078 ms fetching 45.315 ms
INFO: at 5920.740 ms batch [45.315] delay 22.657 ms
INFO: at 5920.740 ms fetching 45.315 ms
INFO: at 5943.404 ms batch [45.315] delay 22.657 ms
INFO: at 5943.404 ms fetching 45.315 ms
INFO: at 5966.065 ms batch [45.315] delay 22.657 ms
INFO: at 5966.065 ms fetching 45.315 ms
INFO: at 5988.725 ms batch [45.315] delay 22.657 ms
INFO: at 5988.725 ms fetching 45.315 ms
INFO: at 6011.387 ms batch [45.315] delay 22.657 ms
INFO: at 6011.387 ms fetching 45.315 ms
INFO: at 6034.050 ms batch [45.315] delay 22.657 ms
INFO: at 6034.050 ms fetching 45.315 ms
INFO: at 6056.710 ms batch [45.315] delay 22.657 ms
INFO: at 6056.710 ms fetching 45.315 ms
INFO: at 6079.372 ms batch [45.315] delay 22.657 ms
INFO: at 6079.372 ms fetching 45.315 ms
INFO: at 6102.033 ms batch [45.315] delay 22.657 ms
INFO: at 6102.033 ms fetching 45.315 ms
INFO: at 6124.693 ms batch [45.315] delay 18.881 ms
INFO: at 6124.693 ms fetching 45.315 ms
INFO: at 6143.579 ms batch [45.315] delay 18.881 ms
INFO: at 6143.579 ms fetching 45.315 ms
INFO: at 6162.465 ms batch [45.315] delay 18.881 ms
INFO: at 6162.465 ms fetching 45.315 ms
INFO: at 6181.349 ms batch [45.315] delay 18.881 ms
INFO: at 6181.349 ms fetching 45.315 ms
INFO: at 6200.234 ms batch [45.315] delay 18.881 ms
INFO: at 6200.234 ms fetching 45.315 ms
INFO: at 6219.119 ms batch [45.315] delay 18.881 ms
INFO: at 6219.119 ms fetching 45.315 ms
INFO: at 6238.002 ms batch [45.315] delay 18.881 ms
INFO: at 6238.002 ms fetching 45.315 ms
INFO: at 6256.886 ms batch [45.315] delay 18.881 ms
INFO: at 6256.886 ms fetching 45.315 ms
INFO: at 6275.771 ms batch [45.315] delay 18.881 ms
INFO: at 6275.771 ms fetching 45.315 ms
INFO: at 6294.653 ms batch [45.315] delay 18.881 ms
INFO: at 6294.653 ms fetching 45.315 ms
INFO: at 6313.538 ms batch [45.315] delay 18.881 ms
INFO: at 6313.538 ms fetching 45.315 ms
INFO: at 6332.422 ms batch [45.315] delay 18.881 ms
INFO: at 6332.422 ms fetching 45.315 ms
INFO: at 6351.307 ms batch [45.315] delay 22.657 ms
INFO: at 6351.307 ms fetching 45.315 ms
INFO: at 6373.966 ms batch [45.315] delay 22.657 ms
INFO: at 6373.966 ms fetching 45.315 ms
INFO: at 6396.627 ms batch [45.315] delay 22.657 ms
INFO: at 6396.627 ms fetching 45.315 ms
INFO: at 6419.288 ms batch [45.315] delay 22.657 ms
INFO: at 6419.288 ms fetching 45.315 ms
INFO: at 6441.951 ms batch [45.315] delay 22.657 ms
INFO: at 6441.951 ms fetching 45.315 ms
INFO: at 6464.612 ms batch [45.315] delay 22.657 ms
INFO: at 6464.612 ms fetching 45.315 ms
INFO: at 6487.272 ms batch [45.315] delay 22.657 ms
INFO: at 6487.272 ms fetching 45.315 ms
INFO: at 6509.933 ms batch [45.315] delay 22.657 ms
INFO: at 6509.933 ms fetching 45.315 ms
INFO: at 6532.594 ms batch [45.315] delay 22.657 ms
INFO: at 6532.594 ms fetching 45.315 ms
INFO: at 6555.255 ms batch [45.315] delay 22.657 ms
INFO: at 6555.255 ms fetching 45.315 ms
INFO: at 6577.915 ms batch [45.315] delay 25.175 ms
INFO: at 6577.915 ms fetching 45.315 ms
INFO: at 6603.093 ms batch [45.315] delay 25.175 ms
INFO: at 6603.093 ms fetching 45.315 ms
INFO: at 6628.272 ms batch [45.315] delay 25.175 ms
INFO: at 6628.272 ms fetching 45.315 ms
INFO: at 6653.451 ms batch [45.315] delay 25.175 ms
INFO: at 6653.451 ms fetching 45.315 ms
INFO: at 6678.628 ms batch [45.315] delay 25.175 ms
INFO: at 6678.628 ms fetching 45.315 ms
INFO: at 6703.805 ms batch [45.315] delay 25.175 ms
INFO: at 6703.805 ms fetching 45.315 ms
INFO: at 6728.982 ms batch [45.315] delay 25.175 ms
INFO: at 6728.982 ms fetching 45.315 ms
INFO: at 6754.160 ms batch [45.315] delay 25.175 ms
INFO: at 6754.160 ms fetching 45.315 ms
INFO: at 6779.338 ms batch [45.315] delay 25.175 ms
INFO: at 6779.338 ms fetching 45.315 ms
INFO: at 6804.517 ms batch [45.315] delay 28.322 ms
INFO: at 6804.517 ms fetching 45.315 ms
INFO: at 6832.843 ms batch [45.315] delay 28.322 ms
INFO: at 6832.843 ms fetching 45.315 ms
INFO: at 6861.170 ms batch [45.315] delay 28.322 ms
INFO: at 6861.170 ms fetching 45.315 ms
INFO: at 6889.497 ms batch [45.315] delay 28.322 ms
INFO: at 6889.497 ms fetching 45.315 ms
INFO: at 6917.823 ms batch [45.315] delay 28.322 ms
INFO: at 6917.823 ms fetching 45.315 ms
INFO: at 6946.150 ms batch [45.315] delay 28.322 ms
INFO: at 6946.150 ms fetching 45.315 ms
INFO: at 6974.475 ms batch [45.315] delay 28.322 ms
INFO: at 6974.475 ms fetching 45.315 ms
INFO: at 7002.802 ms batch [45.315] delay 28.322 ms
INFO: at 7002.802 ms fetching 45.315 ms
INFO: at 7031.127 ms batch [45.315] delay 32.368 ms
INFO: at 7031.127 ms fetching 45.315 ms
INFO: at 7063.499 ms batch [45.315] delay 32.368 ms
INFO: at 7063.499 ms fetching 45.315 ms
INFO: at 7095.870 ms batch [45.315] delay 32.368 ms
INFO: at 7095.870 ms fetching 45.315 ms
INFO: at 7128.249 ms batch [45.315] delay 32.368 ms
INFO: at 7128.249 ms fetching 45.315 ms
INFO: at 7160.618 ms batch [45.315] delay 32.368 ms
INFO: at 7160.618 ms fetching 45.315 ms
INFO: at 7192.990 ms batch [45.315] delay 32.368 ms
INFO: at 7192.990 ms fetching 45.315 ms
INFO: at 7225.359 ms batch [45.315] delay 32.368 ms
INFO: at 7225.359 ms fetching 45.315 ms
INFO: at 7257.730 ms batch [45.315] delay 25.175 ms
INFO: at 7257.730 ms fetching 45.315 ms
INFO: at 7282.908 ms batch [45.315] delay 25.175 ms
INFO: at 7282.908 ms fetching 45.315 ms
INFO: at 7308.088 ms batch [45.315] delay 25.175 ms
INFO: at 7308.088 ms fetching 45.315 ms
INFO: at 7333.266 ms batch [45.315] delay 25.175 ms
INFO: at 7333.266 ms fetching 45.315 ms
INFO: at 7358.444 ms batch [45.315] delay 25.175 ms
INFO: at 7358.444 ms fetching 45.315 ms
INFO: at 7383.622 ms batch [45.315] delay 25.175 ms
INFO: at 7383.622 ms fetching 45.315 ms
INFO: at 7408.802 ms batch [45.315] delay 25.175 ms
INFO: at 7408.802 ms fetching 45.315 ms
INFO: at 7433.979 ms batch [45.315] delay 25.175 ms
INFO: at 7433.979 ms fetching 45.315 ms
INFO: at 7459.157 ms batch [45.315] delay 25.175 ms
INFO: at 7459.157 ms fetching 45.315 ms
INFO: at 7484.336 ms batch [45.315] delay 32.368 ms
INFO: at 7484.336 ms fetching 45.315 ms
INFO: at 7516.708 ms batch [45.315] delay 32.368 ms
INFO: at 7516.708 ms fetching 45.315 ms
INFO: at 7549.077 ms batch [45.315] delay 32.368 ms
INFO: at 7549.077 ms fetching 45.315 ms
INFO: at 7581.449 ms batch [45.315] delay 32.368 ms
INFO: at 7581.449 ms fetching 45.315 ms
INFO: at 7613.821 ms batch [45.315] delay 32.368 ms
INFO: at 7613.821 ms fetching 45.315 ms
INFO: at 7646.193 ms batch [45.315] delay 32.368 ms
INFO: at 7646.193 ms fetching 45.315 ms
INFO: at 7678.562 ms batch [45.315] delay 32.368 ms
INFO: at 7678.562 ms fetching 45.315 ms
INFO: at 7710.933 ms batch [45.315] delay 18.881 ms
INFO: at 7710.933 ms fetching 45.315 ms
INFO: at 7729.818 ms batch [45.315] delay 18.881 ms
INFO: at 7729.818 ms fetching 45.315 ms
INFO: at 7748.702 ms batch [45.315] delay 18.881 ms
INFO: at 7748.702 ms fetching 45.315 ms
INFO: at 7767.585 ms batch [45.315] delay 18.881 ms
INFO: at 7767.585 ms fetching 45.315 ms
INFO: at 7786.469 ms batch [45.315] delay 18.881 ms
INFO: at 7786.469 ms fetching 45.315 ms
INFO: at 7805.354 ms batch [45.315] delay 18.881 ms
INFO: at 7805.354 ms fetching 45.315 ms
INFO: at 7824.238 ms batch [45.315] delay 18.881 ms
INFO: at 7824.238 ms fetching 45.315 ms
INFO: at 7843.123 ms batch [45.315] delay 18.881 ms
INFO: at 7843.123 ms fetching 45.315 ms
INFO: at 7862.007 ms batch [45.315] delay 18.881 ms
INFO: at 7862.007 ms fetching 45.315 ms
INFO: at 7880.892 ms batch [45.315] delay 18.881 ms
INFO: at 7880.892 ms fetching 45.315 ms
INFO: at 7899.775 ms batch [45.315] delay 18.881 ms
INFO: at 7899.775 ms fetching 45.315 ms
INFO: at 7918.659 ms batch [45.315] delay 18.881 ms
INFO: at 7918.659 ms fetching 45.315 ms
INFO: at 7937.544 ms batch [45.315] delay 25.175 ms
INFO: at 7937.544 ms fetching 45.315 ms
INFO: at 7962.723 ms batch [45.315] delay 25.175 ms
INFO: at 7962.723 ms fetching 45.315 ms
INFO: at 7987.902 ms batch [45.315] delay 25.175 ms
INFO: at 7987.902 ms fetching 45.315 ms
INFO: at 8013.082 ms batch [45.315] delay 25.175 ms
INFO: at 8013.082 ms fetching 45.315 ms
INFO: at 8038.259 ms batch [45.315] delay 25.175 ms
INFO: at 8038.259 ms fetching 45.315 ms
INFO: at 8063.437 ms batch [45.315] delay 25.175 ms
INFO: at 8063.437 ms fetching 45.315 ms
INFO: at 8088.618 ms batch [45.315] delay 25.175 ms
INFO: at 8088.618 ms fetching 45.315 ms
INFO: at 8113.796 ms batch [45.315] delay 25.175 ms
INFO: at 8113.796 ms fetching 45.315 ms
INFO: at 8138.975 ms batch [45.315] delay 25.175 ms
INFO: at 8138.975 ms fetching 45.315 ms
INFO: at 8164.151 ms batch [45.315] delay 25.175 ms
INFO: at 8164.151 ms fetching 45.315 ms
INFO: at 8189.330 ms batch [45.315] delay 25.175 ms
INFO: at 8189.330 ms fetching 45.315 ms
INFO: at 8214.510 ms batch [45.315] delay 25.175 ms
INFO: at 8214.510 ms fetching 45.315 ms
INFO: at 8239.689 ms batch [45.315] delay 25.175 ms
INFO: at 8239.689 ms fetching 45.315 ms
INFO: at 8264.867 ms batch [45.315] delay 25.175 ms
INFO: at 8264.867 ms fetching 45.315 ms
INFO: at 8290.043 ms batch [45.315] delay 25.175 ms
INFO: at 8290.043 ms fetching 45.315 ms
INFO: at 8315.221 ms batch [45.315] delay 25.175 ms
INFO: at 8315.221 ms fetching 45.315 ms
INFO: at 8340.399 ms batch [45.315] delay 25.175 ms
INFO: at 8340.399 ms fetching 45.315 ms
INFO: at 8365.578 ms batch [45.315] delay 25.175 ms
INFO: at 8365.578 ms fetching 45.315 ms
INFO: at 8390.756 ms batch [45.315] delay 28.322 ms
INFO: at 8390.756 ms fetching 45.315 ms
INFO: at 8419.082 ms batch [45.315] delay 28.322 ms
INFO: at 8419.082 ms fetching 45.315 ms
INFO: at 8447.408 ms batch [45.315] delay 28.322 ms
INFO: at 8447.408 ms fetching 45.315 ms
INFO: at 8475.733 ms batch [45.315] delay 28.322 ms
INFO: at 8475.733 ms fetching 45.315 ms
INFO: at 8504.060 ms batch [45.315] delay 28.322 ms
INFO: at 8504.060 ms fetching 45.315 ms
INFO: at 8532.386 ms batch [45.315] delay 28.322 ms
INFO: at 8532.386 ms fetching 45.315 ms
INFO: at 8560.713 ms batch [45.315] delay 28.322 ms
INFO: at 8560.713 ms fetching 45.315 ms
INFO: at 8589.039 ms batch [45.315] delay 28.322 ms
INFO: at 8589.039 ms fetching 45.315 ms
INFO: at 8617.365 ms batch [45.315] delay 28.322 ms
INFO: at 8617.365 ms fetching 45.315 ms
INFO: at 8645.691 ms batch [45.315] delay 28.322 ms
INFO: at 8645.691 ms fetching 45.315 ms
INFO: at 8674.018 ms batch [45.315] delay 28.322 ms
INFO: at 8674.018 ms fetching 45.315 ms
INFO: at 8702.343 ms batch [45.315] delay 28.322 ms
INFO: at 8702.343 ms fetching 45.315 ms
INFO: at 8730.671 ms batch [45.315] delay 28.322 ms
INFO: at 8730.671 ms fetching 45.315 ms
INFO: at 8758.996 ms batch [45.315] delay 28.322 ms
INFO: at 8758.996 ms fetching 45.315 ms
INFO: at 8787.324 ms batch [45.315] delay 28.322 ms
INFO: at 8787.324 ms fetching 45.315 ms
INFO: at 8815.650 ms batch [45.315] delay 28.322 ms
INFO: at 8815.650 ms fetching 45.315 ms
INFO: at 8843.976 ms batch [45.315] delay 7.813 ms
INFO: at 8843.976 ms fetching 45.315 ms
INFO: at 8851.791 ms batch [45.315] delay 7.813 ms
INFO: at 8851.791 ms fetching 45.315 ms
INFO: at 8859.607 ms batch [45.315] delay 7.813 ms
INFO: at 8859.607 ms fetching 45.315 ms
INFO: at 8867.422 ms batch [45.315] delay 7.813 ms
INFO: at 8867.422 ms fetching 45.315 ms
INFO: at 8875.237 ms batch [45.315] delay 7.813 ms
INFO: at 8875.237 ms fetching 45.315 ms
INFO: at 8883.052 ms batch [45.315] delay 7.813 ms
INFO: at 8883.052 ms fetching 45.315 ms
INFO: at 8890.867 ms batch [45.315] delay 7.813 ms
INFO: at 8890.867 ms fetching 45.315 ms
INFO: at 8898.682 ms batch [45.315] delay 7.813 ms
INFO: at 8898.682 ms fetching 45.315 ms
INFO: at 8906.496 ms batch [45.315] delay 7.813 ms
INFO: at 8906.496 ms fetching 45.315 ms
INFO: at 8914.311 ms batch [45.315] delay 7.813 ms
INFO: at 8914.311 ms fetching 45.315 ms
INFO: at 8922.125 ms batch [45.315] delay 7.813 ms
INFO: at 8922.125 ms fetching 45.315 ms
INFO: at 8929.940 ms batch [45.315] delay 7.813 ms
INFO: at 8929.940 ms fetching 45.315 ms
INFO: at 8937.755 ms batch [45.315] delay 7.813 ms
INFO: at 8937.755 ms fetching 45.315 ms
INFO: at 8945.569 ms batch [45.315] delay 7.813 ms
INFO: at 8945.569 ms fetching 45.315 ms
INFO: at 8953.388 ms batch [45.315] delay 7.813 ms
INFO: at 8953.388 ms fetching 45.315 ms
INFO: at 8961.203 ms batch [45.315] delay 7.813 ms
INFO: at 8961.203 ms fetching 45.315 ms
INFO: at 8969.018 ms batch [45.315] delay 7.813 ms
INFO: at 8969.018 ms fetching 45.315 ms
INFO: at 8976.833 ms batch [45.315] delay 7.813 ms
INFO: at 8976.833 ms fetching 45.315 ms
INFO: at 8984.648 ms batch [45.315] delay 7.813 ms
INFO: at 8984.648 ms fetching 45.315 ms
INFO: at 8992.462 ms batch [45.315] delay 7.813 ms
INFO: at 8992.462 ms fetching 45.315 ms
INFO: at 9000.277 ms batch [45.315] delay 7.813 ms
INFO: at 9000.277 ms fetching 45.315 ms
INFO: at 9008.093 ms batch [45.315] delay 7.813 ms
INFO: at 9008.093 ms fetching 45.315 ms
INFO: at 9015.908 ms batch [45.315] delay 7.813 ms
INFO: at 9015.908 ms fetching 45.315 ms
INFO: at 9023.723 ms batch [45.315] delay 7.813 ms
INFO: at 9023.723 ms fetching 45.315 ms
INFO: at 9031.538 ms batch [45.315] delay 7.813 ms
INFO: at 9031.538 ms fetching 45.315 ms
INFO: at 9039.353 ms batch [45.315] delay 7.813 ms
INFO: at 9039.353 ms fetching 45.315 ms
INFO: at 9047.168 ms batch [45.315] delay 7.813 ms
INFO: at 9047.168 ms fetching 45.315 ms
INFO: at 9054.982 ms batch [45.315] delay 7.813 ms
INFO: at 9054.982 ms fetching 45.315 ms
INFO: at 9062.797 ms batch [45.315] delay 7.813 ms
INFO: at 9062.797 ms fetching 45.315 ms
INFO: at 9070.611 ms batch [45.315] delay 20.598 ms
INFO: at 9070.611 ms fetching 45.315 ms
INFO: at 9091.211 ms batch [45.315] delay 20.598 ms
INFO: at 9091.211 ms fetching 45.315 ms
INFO: at 9111.812 ms batch [45.315] delay 20.598 ms
INFO: at 9111.812 ms fetching 45.315 ms
INFO: at 9132.413 ms batch [45.315] delay 20.598 ms
INFO: at 9132.413 ms fetching 45.315 ms
INFO: at 9153.015 ms batch [45.315] delay 20.598 ms
INFO: at 9153.015 ms fetching 45.315 ms
INFO: at 9173.615 ms batch [45.315] delay 20.598 ms
INFO: at 9173.615 ms fetching 45.315 ms
INFO: at 9194.216 ms batch [45.315] delay 20.598 ms
INFO: at 9194.216 ms fetching 45.315 ms
INFO: at 9214.817 ms batch [45.315] delay 20.598 ms
INFO: at 9214.817 ms fetching 45.315 ms
INFO: at 9235.418 ms batch [45.315] delay 20.598 ms
INFO: at 9235.418 ms fetching 45.315 ms
INFO: at 9256.020 ms batch [45.315] delay 20.598 ms
INFO: at 9256.020 ms fetching 45.315 ms
INFO: at 9276.620 ms batch [45.315] delay 20.598 ms
INFO: at 9276.620 ms fetching 45.315 ms
INFO: at 9297.220 ms batch [45.315] delay 22.657 ms
INFO: at 9297.220 ms fetching 45.315 ms
INFO: at 9319.882 ms batch [45.315] delay 22.657 ms
INFO: at 9319.882 ms fetching 45.315 ms
INFO: at 9342.543 ms batch [45.315] delay 22.657 ms
INFO: at 9342.543 ms fetching 45.315 ms
INFO: at 9365.205 ms batch [45.315] delay 22.657 ms
INFO: at 9365.205 ms fetching 45.315 ms
INFO: at 9387.866 ms batch [45.315] delay 22.657 ms
INFO: at 9387.866 ms fetching 45.315 ms
INFO: at 9410.526 ms batch [45.315] delay 22.657 ms
INFO: at 9410.526 ms fetching 45.315 ms
INFO: at 9433.186 ms batch [45.315] delay 22.657 ms
INFO: at 9433.186 ms fetching 45.315 ms
INFO: at 9455.846 ms batch [45.315] delay 22.657 ms
INFO: at 9455.846 ms fetching 45.315 ms
INFO: at 9478.505 ms batch [45.315] delay 22.657 ms
INFO: at 9478.505 ms fetching 45.315 ms
INFO: at 9501.165 ms batch [45.315] delay 22.657 ms
INFO: at 9501.165 ms fetching 45.315 ms
INFO: at 9523.826 ms batch [45.315] delay 28.322 ms
INFO: at 9523.826 ms fetching 45.315 ms
INFO: at 9552.149 ms batch [45.315] delay 28.322 ms
INFO: at 9552.149 ms fetching 45.315 ms
INFO: at 9580.475 ms batch [45.315] delay 28.322 ms
INFO: at 9580.475 ms fetching 45.315 ms
INFO: at 9608.798 ms batch [45.315] delay 28.322 ms
INFO: at 9608.798 ms fetching 45.315 ms
INFO: at 9637.123 ms batch [45.315] delay 28.322 ms
INFO: at 9637.123 ms fetching 45.315 ms
INFO: at 9665.446 ms batch [45.315] delay 28.322 ms
INFO: at 9665.446 ms fetching 45.315 ms
INFO: at 9693.772 ms batch [45.315] delay 28.322 ms
INFO: at 9693.772 ms fetching 45.315 ms
INFO: at 9722.095 ms batch [45.315] delay 28.322 ms
INFO: at 9722.095 ms fetching 45.315 ms
INFO: at 9750.420 ms batch [45.315] delay 15.105 ms
INFO: at 9750.420 ms fetching 45.315 ms
INFO: at 9765.570 ms batch [45.315] delay 15.105 ms
INFO: at 9765.570 ms fetching 45.315 ms
INFO: at 9780.677 ms batch [45.315] delay 15.105 ms
INFO: at 9780.677 ms fetching 45.315 ms
INFO: at 9795.784 ms batch [45.315] delay 15.105 ms
INFO: at 9795.784 ms fetching 45.315 ms
INFO: at 9810.892 ms batch [45.315] delay 15.105 ms
INFO: at 9810.892 ms fetching 45.315 ms
INFO: at 9825.999 ms batch [45.315] delay 15.105 ms
INFO: at 9825.999 ms fetching 45.315 ms
INFO: at 9841.107 ms batch [45.315] delay 15.105 ms
INFO: at 9841.107 ms fetching 45.315 ms
INFO: at 9856.215 ms batch [45.315] delay 15.105 ms
INFO: at 9856.215 ms fetching 45.315 ms
INFO: at 9871.323 ms batch [45.315] delay 15.105 ms
INFO: at 9871.323 ms fetching 45.315 ms
INFO: at 9886.433 ms batch [45.315] delay 15.105 ms
INFO: at 9886.433 ms fetching 45.315 ms
INFO: at 9901.540 ms batch [45.315] delay 15.105 ms
INFO: at 9901.540 ms fetching 45.315 ms
INFO: at 9916.647 ms batch [45.315] delay 15.105 ms
INFO: at 9916.647 ms fetching 45.315 ms
INFO: at 9931.756 ms batch [45.315] delay 15.105 ms
INFO: at 9931.756 ms fetching 45.315 ms
INFO: at 9946.863 ms batch [45.315] delay 15.105 ms
INFO: at 9946.863 ms fetching 45.315 ms
INFO: at 9961.973 ms batch [45.315] delay 15.105 ms
INFO: at 9961.973 ms fetching 45.315 ms
INFO: at 9977.080 ms batch [45.315] delay 20.598 ms
INFO: at 9977.080 ms fetching 45.315 ms
INFO: at 9997.680 ms batch [45.315] delay 20.598 ms
INFO: at 9997.680 ms fetching 45.315 ms
INFO: at 10018.282 ms batch [45.315] delay 20.598 ms
INFO: at 10018.282 ms fetching 45.315 ms
INFO: at 10038.883 ms batch [45.315] delay 20.598 ms
INFO: at 10038.883 ms fetching 45.315 ms
INFO: at 10059.488 ms batch [45.315] delay 20.598 ms
INFO: at 10059.488 ms fetching 45.315 ms
INFO: at 10080.088 ms batch [45.315] delay 20.598 ms
INFO: at 10080.088 ms fetching 45.315 ms
INFO: at 10100.689 ms batch [45.315] delay 20.598 ms
INFO: at 10100.689 ms fetching 45.315 ms
INFO: at 10121.290 ms batch [45.315] delay 20.598 ms
INFO: at 10121.290 ms fetching 45.315 ms
INFO: at 10141.891 ms batch [45.315] delay 20.598 ms
INFO: at 10141.891 ms fetching 45.315 ms
INFO: at 10162.492 ms batch [45.315] delay 20.598 ms
INFO: at 10162.492 ms fetching 45.315 ms
INFO: at 10183.094 ms batch [45.315] delay 20.598 ms
INFO: at 10183.094 ms fetching 45.315 ms
INFO: at 10203.699 ms batch [45.315] delay 20.598 ms
INFO: at 10203.699 ms fetching 45.315 ms
INFO: at 10224.299 ms batch [45.315] delay 20.598 ms
INFO: at 10224.299 ms fetching 45.315 ms
INFO: at 10244.901 ms batch [45.315] delay 20.598 ms
INFO: at 10244.901 ms fetching 45.315 ms
INFO: at 10265.500 ms batch [45.315] delay 20.598 ms
INFO: at 10265.500 ms fetching 45.315 ms
INFO: at 10286.099 ms batch [45.315] delay 20.598 ms
INFO: at 10286.099 ms fetching 45.315 ms
INFO: at 10306.701 ms batch [45.315] delay 20.598 ms
INFO: at 10306.701 ms fetching 45.315 ms
INFO: at 10327.302 ms batch [45.315] delay 20.598 ms
INFO: at 10327.302 ms fetching 45.315 ms
INFO: at 10347.904 ms batch [45.315] delay 20.598 ms
INFO: at 10347.904 ms fetching 45.315 ms
INFO: at 10368.505 ms batch [45.315] delay 20.598 ms
INFO: at 10368.505 ms fetching 45.315 ms
INFO: at 10389.105 ms batch [45.315] delay 20.598 ms
INFO: at 10389.105 ms fetching 45.315 ms
INFO: at 10409.706 ms batch [45.315] delay 20.598 ms
INFO: at 10409.706 ms fetching 45.315 ms
INFO: at 10430.308 ms batch [45.315] delay 25.175 ms
INFO: at 10430.308 ms fetching 45.315 ms
INFO: at 10455.486 ms batch [45.315] delay 25.175 ms
INFO: at 10455.486 ms fetching 45.315 ms
INFO: at 10480.665 ms batch [45.315] delay 25.175 ms
INFO: at 10480.665 ms fetching 45.315 ms
INFO: at 10505.843 ms batch [45.315] delay 25.175 ms
INFO: at 10505.843 ms fetching 45.315 ms
INFO: at 10531.021 ms batch [45.315] delay 25.175 ms
INFO: at 10531.021 ms fetching 45.315 ms
INFO: at 10556.200 ms batch [45.315] delay 25.175 ms
INFO: at 10556.200 ms fetching 45.315 ms
INFO: at 10581.378 ms batch [45.315] delay 25.175 ms
INFO: at 10581.378 ms fetching 45.315 ms
INFO: at 10606.555 ms batch [45.315] delay 25.175 ms
INFO: at 10606.555 ms fetching 45.315 ms
INFO: at 10631.733 ms batch [45.315] delay 25.175 ms
INFO: at 10631.733 ms fetching 45.315 ms
INFO: at 10656.911 ms batch [45.315] delay 25.175 ms
INFO: at 10656.911 ms fetching 45.315 ms
INFO: at 10682.090 ms batch [45.315] delay 25.175 ms
INFO: at 10682.090 ms fetching 45.315 ms
INFO: at 10707.268 ms batch [45.315] delay 25.175 ms
INFO: at 10707.268 ms fetching 45.315 ms
INFO: at 10732.446 ms batch [45.315] delay 25.175 ms
INFO: at 10732.446 ms fetching 45.315 ms
INFO: at 10757.626 ms batch [45.315] delay 25.175 ms
INFO: at 10757.626 ms fetching 45.315 ms
INFO: at 10782.802 ms batch [45.315] delay 25.175 ms
INFO: at 10782.802 ms fetching 45.315 ms
INFO: at 10807.981 ms batch [45.315] delay 25.175 ms
INFO: at 10807.981 ms fetching 45.315 ms
INFO: at 10833.161 ms batch [45.315] delay 25.175 ms
INFO: at 10833.161 ms fetching 45.315 ms
INFO: at 10858.338 ms batch [45.315] delay 25.175 ms
INFO: at 10858.338 ms fetching 45.315 ms
INFO: at 10883.516 ms batch [45.315] delay 18.881 ms
INFO: at 10883.516 ms fetching 45.315 ms
INFO: at 10902.401 ms batch [45.315] delay 18.881 ms
INFO: at 10902.401 ms fetching 45.315 ms
INFO: at 10921.286 ms batch [45.315] delay 18.881 ms
INFO: at 10921.286 ms fetching 45.315 ms
INFO: at 10940.171 ms batch [45.315] delay 18.881 ms
INFO: at 10940.171 ms fetching 45.315 ms
INFO: at 10959.055 ms batch [45.315] delay 18.881 ms
INFO: at 10959.055 ms fetching 45.315 ms
INFO: at 10977.941 ms batch [45.315] delay 18.881 ms
INFO: at 10977.941 ms fetching 45.315 ms
INFO: at 10996.826 ms batch [45.315] delay 18.881 ms
INFO: at 10996.826 ms fetching 45.315 ms
INFO: at 11015.709 ms batch [45.315] delay 18.881 ms
INFO: at 11015.709 ms fetching 45.315 ms
INFO: at 11034.592 ms batch [45.315] delay 18.881 ms
INFO: at 11034.592 ms fetching 45.315 ms
INFO: at 11053.477 ms batch [45.315] delay 18.881 ms
INFO: at 11053.477 ms fetching 45.315 ms
INFO: at 11072.362 ms batch [45.315] delay 18.881 ms
INFO: at 11072.362 ms fetching 45.315 ms
INFO: at 11091.245 ms batch [45.315] delay 18.881 ms
INFO: at 11091.245 ms fetching 45.315 ms
INFO: at 11110.129 ms batch [45.315] delay 25.175 ms
INFO: at 11110.129 ms fetching 45.315 ms
INFO: at 11135.307 ms batch [45.315] delay 25.175 ms
INFO: at 11135.307 ms fetching 45.315 ms
INFO: at 11160.487 ms batch [45.315] delay 25.175 ms
INFO: at 11160.487 ms fetching 45.315 ms
INFO: at 11185.667 ms batch [45.315] delay 25.175 ms
INFO: at 11185.667 ms fetching 45.315 ms
INFO: at 11210.846 ms batch [45.315] delay 25.175 ms
INFO: at 11210.846 ms fetching 45.315 ms
INFO: at 11236.022 ms batch [45.315] delay 25.175 ms
INFO: at 11236.022 ms fetching 45.315 ms
INFO: at 11261.201 ms batch [45.315] delay 25.175 ms
INFO: at 11261.201 ms fetching 45.315 ms
INFO: at 11286.379 ms batch [45.315] delay 25.175 ms
INFO: at 11286.379 ms fetching 45.315 ms
INFO: at 11311.559 ms batch [45.315] delay 25.175 ms
INFO: at 11311.559 ms fetching 45.315 ms
INFO: at 11336.744 ms batch [45.315] delay 22.657 ms
INFO: at 11336.744 ms fetching 45.315 ms
INFO: at 11359.403 ms batch [45.315] delay 22.657 ms
INFO: at 11359.403 ms fetching 45.315 ms
INFO: at 11382.063 ms batch [45.315] delay 22.657 ms
INFO: at 11382.063 ms fetching 45.315 ms
INFO: at 11404.725 ms batch [45.315] delay 22.657 ms
INFO: at 11404.725 ms fetching 45.315 ms
INFO: at 11427.383 ms batch [45.315] delay 22.657 ms
INFO: at 11427.383 ms fetching 45.315 ms
INFO: at 11450.043 ms batch [45.315] delay 22.657 ms
INFO: at 11450.043 ms fetching 45.315 ms
INFO: at 11472.708 ms batch [45.315] delay 22.657 ms
INFO: at 11472.708 ms fetching 45.315 ms
INFO: at 11495.369 ms batch [45.315] delay 22.657 ms
INFO: at 11495.369 ms fetching 45.315 ms
INFO: at 11518.030 ms batch [45.315] delay 22.657 ms
INFO: at 11518.030 ms fetching 45.315 ms
INFO: at 11540.691 ms batch [45.315] delay 22.657 ms
INFO: at 11540.691 ms fetching 45.315 ms
INFO: at 11563.351 ms batch [45.315] delay 17.429 ms
INFO: at 11563.351 ms fetching 45.315 ms
INFO: at 11580.784 ms batch [45.315] delay 17.429 ms
INFO: at 11580.784 ms fetching 45.315 ms
INFO: at 11598.215 ms batch [45.315] delay 17.429 ms
INFO: at 11598.215 ms fetching 45.315 ms
INFO: at 11615.648 ms batch [45.315] delay 17.429 ms
INFO: at 11615.648 ms fetching 45.315 ms
INFO: at 11633.081 ms batch [45.315] delay 17.429 ms
INFO: at 11633.081 ms fetching 45.315 ms
INFO: at 11650.512 ms batch [45.315] delay 17.429 ms
INFO: at 11650.512 ms fetching 45.315 ms
INFO: at 11667.945 ms batch [45.315] delay 17.429 ms
INFO: at 11667.945 ms fetching 45.315 ms
INFO: at 11685.375 ms batch [45.315] delay 17.429 ms
INFO: at 11685.375 ms fetching 45.315 ms
INFO: at 11702.807 ms batch [45.315] delay 17.429 ms
INFO: at 11702.807 ms fetching 45.315 ms
INFO: at 11720.239 ms batch [45.315] delay 17.429 ms
INFO: at 11720.239 ms fetching 45.315 ms
INFO: at 11737.670 ms batch [45.315] delay 17.429 ms
INFO: at 11737.670 ms fetching 45.315 ms
INFO: at 11755.102 ms batch [45.315] delay 17.429 ms
INFO: at 11755.102 ms fetching 45.315 ms
INFO: at 11772.534 ms batch [45.315] delay 17.429 ms
INFO: at 11772.534 ms fetching 45.315 ms
INFO: at 11789.966 ms batch [45.315] delay 28.322 ms
INFO: at 11789.966 ms fetching 45.315 ms
INFO: at 11818.291 ms batch [45.315] delay 28.322 ms
INFO: at 11818.291 ms fetching 45.315 ms
INFO: at 11846.616 ms batch [45.315] delay 28.322 ms
INFO: at 11846.616 ms fetching 45.315 ms
INFO: at 11874.941 ms batch [45.315] delay 28.322 ms
INFO: at 11874.941 ms fetching 45.315 ms
INFO: at 11903.268 ms batch [45.315] delay 28.322 ms
INFO: at 11903.268 ms fetching 45.315 ms
INFO: at 11931.594 ms batch [45.315] delay 28.322 ms
INFO: at 11931.594 ms fetching 45.315 ms
INFO: at 11959.919 ms batch [45.315] delay 28.322 ms
INFO: at 11959.919 ms fetching 45.315 ms
INFO: at 11988.247 ms batch [45.315] delay 28.322 ms
INFO: at 11988.247 ms fetching 45.315 ms
INFO: at 12016.574 ms batch [45.315] delay 22.657 ms
INFO: at 12016.574 ms fetching 45.315 ms
INFO: at 12039.235 ms batch [45.315] delay 22.657 ms
INFO: at 12039.235 ms fetching 45.315 ms
INFO: at 12061.894 ms batch [45.315] delay 22.657 ms
INFO: at 12061.894 ms fetching 45.315 ms
INFO: at 12084.554 ms batch [45.315] delay 22.657 ms
INFO: at 12084.554 ms fetching 45.315 ms
INFO: at 12107.215 ms batch [45.315] delay 22.657 ms
INFO: at 12107.215 ms fetching 45.315 ms
INFO: at 12129.873 ms batch [45.315] delay 22.657 ms
INFO: at 12129.873 ms fetching 45.315 ms
INFO: at 12152.534 ms batch [45.315] delay 22.657 ms
INFO: at 12152.534 ms fetching 45.315 ms
INFO: at 12175.194 ms batch [45.315] delay 22.657 ms
INFO: at 12175.194 ms fetching 45.315 ms
INFO: at 12197.856 ms batch [45.315] delay 22.657 ms
INFO: at 12197.856 ms fetching 45.315 ms
INFO: at 12220.517 ms batch [45.315] delay 22.657 ms
INFO: at 12220.517 ms fetching 45.315 ms
INFO: at 12243.178 ms batch [45.315] delay 32.368 ms
INFO: at 12243.178 ms fetching 45.315 ms
INFO: at 12275.550 ms batch [45.315] delay 32.368 ms
INFO: at 12275.550 ms fetching 45.315 ms
INFO: at 12307.921 ms batch [45.315] delay 32.368 ms
INFO: at 12307.921 ms fetching 45.315 ms
INFO: at 12340.293 ms batch [45.315] delay 32.368 ms
INFO: at 12340.293 ms fetching 45.315 ms
INFO: at 12372.663 ms batch [45.315] delay 32.368 ms
INFO: at 12372.663 ms fetching 45.315 ms
INFO: at 12405.035 ms batch [45.315] delay 32.368 ms
INFO: at 12405.035 ms fetching 45.315 ms
INFO: at 12437.404 ms batch [45.315] delay 32.368 ms
INFO: at 12437.404 ms fetching 45.315 ms
INFO: at 12469.777 ms batch [45.315] delay 22.657 ms
INFO: at 12469.777 ms fetching 45.315 ms
INFO: at 12492.438 ms batch [45.315] delay 22.657 ms
INFO: at 12492.438 ms fetching 45.315 ms
INFO: at 12515.103 ms batch [45.315] delay 22.657 ms
INFO: at 12515.103 ms fetching 45.315 ms
INFO: at 12537.764 ms batch [45.315] delay 22.657 ms
INFO: at 12537.764 ms fetching 45.315 ms
INFO: at 12560.426 ms batch [45.315] delay 22.657 ms
INFO: at 12560.426 ms fetching 45.315 ms
INFO: at 12583.086 ms batch [45.315] delay 22.657 ms
INFO: at 12583.086 ms fetching 45.315 ms
INFO: at 12605.746 ms batch [45.315] delay 22.657 ms
INFO: at 12605.746 ms fetching 45.315 ms
INFO: at 12628.407 ms batch [45.315] delay 22.657 ms
INFO: at 12628.407 ms fetching 45.315 ms
INFO: at 12651.066 ms batch [45.315] delay 22.657 ms
INFO: at 12651.066 ms fetching 45.315 ms
INFO: at 12673.726 ms batch [45.315] delay 22.657 ms
INFO: at 12673.726 ms fetching 45.315 ms
INFO: at 12696.387 ms batch [45.315] delay 28.322 ms
INFO: at 12696.387 ms fetching 45.315 ms
INFO: at 12724.711 ms batch [45.315] delay 28.322 ms
INFO: at 12724.711 ms fetching 45.315 ms
INFO: at 12753.037 ms batch [45.315] delay 28.322 ms
INFO: at 12753.037 ms fetching 45.315 ms
INFO: at 12781.360 ms batch [45.315] delay 28.322 ms
INFO: at 12781.360 ms fetching 45.315 ms
INFO: at 12809.686 ms batch [45.315] delay 28.322 ms
INFO: at 12809.686 ms fetching 45.315 ms
INFO: at 12838.009 ms batch [45.315] delay 28.322 ms
INFO: at 12838.009 ms fetching 45.315 ms
INFO: at 12866.335 ms batch [45.315] delay 28.322 ms
INFO: at 12866.335 ms fetching 45.315 ms
INFO: at 12894.658 ms batch [45.315] delay 28.322 ms
INFO: at 12894.658 ms fetching 45.315 ms
INFO: at 12922.983 ms batch [45.315] delay 20.598 ms
INFO: at 12922.983 ms fetching 45.315 ms
INFO: at 12943.584 ms batch [45.315] delay 20.598 ms
INFO: at 12943.584 ms fetching 45.315 ms
INFO: at 12964.185 ms batch [45.315] delay 20.598 ms
INFO: at 12964.185 ms fetching 45.315 ms
INFO: at 12984.791 ms batch [45.315] delay 20.598 ms
INFO: at 12984.791 ms fetching 45.315 ms
INFO: at 13005.390 ms batch [45.315] delay 20.598 ms
INFO: at 13005.390 ms fetching 45.315 ms
INFO: at 13025.991 ms batch [45.315] delay 20.598 ms
INFO: at 13025.991 ms fetching 45.315 ms
INFO: at 13046.593 ms batch [45.315] delay 20.598 ms
INFO: at 13046.593 ms fetching 45.315 ms
INFO: at 13067.193 ms batch [45.315] delay 20.598 ms
INFO: at 13067.193 ms fetching 45.315 ms
INFO: at 13087.794 ms batch [45.315] delay 20.598 ms
INFO: at 13087.794 ms fetching 45.315 ms
INFO: at 13108.395 ms batch [45.315] delay 20.598 ms
INFO: at 13108.395 ms fetching 45.315 ms
INFO: at 13128.996 ms batch [45.315] delay 20.598 ms
INFO: at 13128.996 ms fetching 45.315 ms
INFO: at 13149.596 ms batch [45.315] delay 22.657 ms
INFO: at 13149.596 ms fetching 45.315 ms
INFO: at 13172.258 ms batch [45.315] delay 22.657 ms
INFO: at 13172.258 ms fetching 45.315 ms
INFO: at 13194.918 ms batch [45.315] delay 22.657 ms
INFO: at 13194.918 ms fetching 45.315 ms
INFO: at 13217.579 ms batch [45.315] delay 22.657 ms
INFO: at 13217.579 ms fetching 45.315 ms
INFO: at 13240.241 ms batch [45.315] delay 22.657 ms
INFO: at 13240.241 ms fetching 45.315 ms
INFO: at 13262.900 ms batch [45.315] delay 22.657 ms
INFO: at 13262.900 ms fetching 45.315 ms
INFO: at 13285.560 ms batch [45.315] delay 22.657 ms
INFO: at 13285.560 ms fetching 45.315 ms
INFO: at 13308.222 ms batch [45.315] delay 22.657 ms
INFO: at 13308.222 ms fetching 45.315 ms
INFO: at 13330.882 ms batch [45.315] delay 22.657 ms
INFO: at 13330.882 ms fetching 45.315 ms
INFO: at 13353.542 ms batch [45.315] delay 22.657 ms
INFO: at 13353.542 ms fetching 45.315 ms
INFO: at 13376.203 ms batch [45.315] delay 25.175 ms
INFO: at 13376.203 ms fetching 45.315 ms
INFO: at 13401.380 ms batch [45.315] delay 25.175 ms
INFO: at 13401.380 ms fetching 45.315 ms
INFO: at 13426.557 ms batch [45.315] delay 25.175 ms
INFO: at 13426.557 ms fetching 45.315 ms
INFO: at 13451.737 ms batch [45.315] delay 25.175 ms
INFO: at 13451.737 ms fetching 45.315 ms
INFO: at 13476.915 ms batch [45.315] delay 25.175 ms
INFO: at 13476.915 ms fetching 45.315 ms
INFO: at 13502.094 ms batch [45.315] delay 25.175 ms
INFO: at 13502.094 ms fetching 45.315 ms
INFO: at 13527.271 ms batch [45.315] delay 25.175 ms
INFO: at 13527.271 ms fetching 45.315 ms
INFO: at 13552.449 ms batch [45.315] delay 25.175 ms
INFO: at 13552.449 ms fetching 45.315 ms
INFO: at 13577.629 ms batch [45.315] delay 25.175 ms
INFO: at 13577.629 ms fetching 45.315 ms
INFO: at 13602.807 ms batch [45.315] delay 22.657 ms
INFO: at 13602.807 ms fetching 45.315 ms
INFO: at 13625.468 ms batch [45.315] delay 22.657 ms
INFO: at 13625.468 ms fetching 45.315 ms
INFO: at 13648.127 ms batch [45.315] delay 22.657 ms
INFO: at 13648.127 ms fetching 45.315 ms
INFO: at 13670.787 ms batch [45.315] delay 22.657 ms
INFO: at 13670.787 ms fetching 45.315 ms
INFO: at 13693.452 ms batch [45.315] delay 22.657 ms
INFO: at 13693.452 ms fetching 45.315 ms
INFO: at 13716.113 ms batch [45.315] delay 22.657 ms
INFO: at 13716.113 ms fetching 45.315 ms
INFO: at 13738.773 ms batch [45.315] delay 22.657 ms
INFO: at 13738.773 ms fetching 45.315 ms
INFO: at 13761.434 ms batch [45.315] delay 22.657 ms
INFO: at 13761.434 ms fetching 45.315 ms
INFO: at 13784.095 ms batch [45.315] delay 22.657 ms
INFO: at 13784.095 ms fetching 45.315 ms
INFO: at 13806.755 ms batch [45.315] delay 22.657 ms
INFO: at 13806.755 ms fetching 45.315 ms
INFO: at 13829.416 ms batch [45.315] delay 22.657 ms
INFO: at 13829.416 ms fetching 45.315 ms
INFO: at 13852.076 ms batch [45.315] delay 22.657 ms
INFO: at 13852.076 ms fetching 45.315 ms
INFO: at 13874.736 ms batch [45.315] delay 22.657 ms
INFO: at 13874.736 ms fetching 45.315 ms
INFO: at 13897.395 ms batch [45.315] delay 22.657 ms
INFO: at 13897.395 ms fetching 45.315 ms
INFO: at 13920.055 ms batch [45.315] delay 22.657 ms
INFO: at 13920.055 ms fetching 45.315 ms
INFO: at 13942.716 ms batch [45.315] delay 22.657 ms
INFO: at 13942.716 ms fetching 45.315 ms
INFO: at 13965.374 ms batch [45.315] delay 22.657 ms
INFO: at 13965.374 ms fetching 45.315 ms
INFO: at 13988.035 ms batch [45.315] delay 22.657 ms
INFO: at 13988.035 ms fetching 45.315 ms
INFO: at 14010.695 ms batch [45.315] delay 22.657 ms
INFO: at 14010.695 ms fetching 45.315 ms
INFO: at 14033.357 ms batch [45.315] delay 22.657 ms
INFO: at 14033.357 ms fetching 45.315 ms
INFO: at 14056.019 ms batch [45.315] delay 28.322 ms
INFO: at 14056.019 ms fetching 45.315 ms
INFO: at 14084.342 ms batch [45.315] delay 28.322 ms
INFO: at 14084.342 ms fetching 45.315 ms
INFO: at 14112.668 ms batch [45.315] delay 28.322 ms
INFO: at 14112.668 ms fetching 45.315 ms
INFO: at 14140.993 ms batch [45.315] delay 28.322 ms
INFO: at 14140.993 ms fetching 45.315 ms
INFO: at 14169.319 ms batch [45.315] delay 28.322 ms
INFO: at 14169.319 ms fetching 45.315 ms
INFO: at 14197.644 ms batch [45.315] delay 28.322 ms
INFO: at 14197.644 ms fetching 45.315 ms
INFO: at 14225.970 ms batch [45.315] delay 28.322 ms
INFO: at 14225.970 ms fetching 45.315 ms
INFO: at 14254.295 ms batch [45.315] delay 28.322 ms
INFO: at 14254.295 ms fetching 45.315 ms
INFO: at 14282.622 ms batch [45.315] delay 25.175 ms
INFO: at 14282.622 ms fetching 45.315 ms
INFO: at 14307.800 ms batch [45.315] delay 25.175 ms
INFO: at 14307.800 ms fetching 45.315 ms
INFO: at 14332.979 ms batch [45.315] delay 25.175 ms
INFO: at 14332.979 ms fetching 45.315 ms
INFO: at 14358.157 ms batch [45.315] delay 25.175 ms
INFO: at 14358.157 ms fetching 45.315 ms
INFO: at 14383.335 ms batch [45.315] delay 25.175 ms
INFO: at 14383.335 ms fetching 45.315 ms
INFO: at 14408.514 ms batch [45.315] delay 25.175 ms
INFO: at 14408.514 ms fetching 45.315 ms
INFO: at 14433.690 ms batch [45.315] delay 25.175 ms
INFO: at 14433.690 ms fetching 45.315 ms
INFO: at 14459.460 ms batch [45.315] delay 25.175 ms
INFO: at 14459.460 ms fetching 45.315 ms
INFO: at 14484.640 ms batch [45.315] delay 25.175 ms
INFO: at 14484.640 ms fetching 45.315 ms
INFO: at 14509.818 ms batch [45.315] delay 32.368 ms
INFO: at 14509.818 ms fetching 45.315 ms
INFO: at 14542.188 ms batch [45.315] delay 32.368 ms
INFO: at 14542.188 ms fetching 45.315 ms
INFO: at 14574.559 ms batch [45.315] delay 32.368 ms
INFO: at 14574.559 ms fetching 45.315 ms
INFO: at 14606.929 ms batch [45.315] delay 32.368 ms
INFO: at 14606.929 ms fetching 45.315 ms
INFO: at 14639.300 ms batch [45.315] delay 32.368 ms
INFO: at 14639.300 ms fetching 45.315 ms
INFO: at 14671.669 ms batch [45.315] delay 32.368 ms
INFO: at 14671.669 ms fetching 45.315 ms
INFO: at 14704.041 ms batch [45.315] delay 32.368 ms
INFO: at 14704.041 ms fetching 45.315 ms
INFO: at 14736.413 ms batch [45.315] delay 25.175 ms
INFO: at 14736.413 ms fetching 45.315 ms
INFO: at 14761.591 ms batch [45.315] delay 25.175 ms
INFO: at 14761.591 ms fetching 45.315 ms
INFO: at 14786.770 ms batch [45.315] delay 25.175 ms
INFO: at 14786.770 ms fetching 45.315 ms
INFO: at 14811.949 ms batch [45.315] delay 25.175 ms
INFO: at 14811.949 ms fetching 45.315 ms
INFO: at 14837.127 ms batch [45.315] delay 25.175 ms
INFO: at 14837.127 ms fetching 45.315 ms
INFO: at 14862.306 ms batch [45.315] delay 25.175 ms
INFO: at 14862.306 ms fetching 45.315 ms
INFO: at 14887.482 ms batch [45.315] delay 25.175 ms
INFO: at 14887.482 ms fetching 45.315 ms
INFO: at 14912.661 ms batch [45.315] delay 25.175 ms
INFO: at 14912.661 ms fetching 45.315 ms
INFO: at 14937.840 ms batch [45.315] delay 25.175 ms
INFO: at 14937.840 ms fetching 45.315 ms
INFO: at 14963.018 ms batch [45.315] delay 18.881 ms
INFO: at 14963.018 ms fetching 45.315 ms
INFO: at 14981.910 ms batch [45.315] delay 18.881 ms
INFO: at 14981.910 ms fetching 45.315 ms
INFO: at 15000.793 ms batch [45.315] delay 18.881 ms
INFO: at 15000.793 ms fetching 45.315 ms
INFO: at 15019.676 ms batch [45.315] delay 18.881 ms
INFO: at 15019.676 ms fetching 45.315 ms
INFO: at 15038.560 ms batch [45.315] delay 18.881 ms
INFO: at 15038.560 ms fetching 45.315 ms
INFO: at 15057.445 ms batch [45.315] delay 18.881 ms
INFO: at 15057.445 ms fetching 45.315 ms
INFO: at 15076.330 ms batch [45.315] delay 18.881 ms
INFO: at 15076.330 ms fetching 45.315 ms
INFO: at 15095.215 ms batch [45.315] delay 18.881 ms
INFO: at 15095.215 ms fetching 45.315 ms
INFO: at 15114.099 ms batch [45.315] delay 18.881 ms
INFO: at 15114.099 ms fetching 45.315 ms
INFO: at 15132.982 ms batch [45.315] delay 18.881 ms
INFO: at 15132.982 ms fetching 45.315 ms
INFO: at 15151.866 ms batch [45.315] delay 18.881 ms
INFO: at 15151.866 ms fetching 45.315 ms
INFO: at 15170.761 ms batch [45.315] delay 18.881 ms
INFO: at 15170.761 ms fetching 45.315 ms
INFO: at 15189.647 ms batch [45.315] delay 20.598 ms
INFO: at 15189.647 ms fetching 45.315 ms
INFO: at 15210.246 ms batch [45.315] delay 20.598 ms
INFO: at 15210.246 ms fetching 45.315 ms
INFO: at 15230.846 ms batch [45.315] delay 20.598 ms
INFO: at 15230.846 ms fetching 45.315 ms
INFO: at 15251.448 ms batch [45.315] delay 20.598 ms
INFO: at 15251.448 ms fetching 45.315 ms
INFO: at 15272.049 ms batch [45.315] delay 20.598 ms
INFO: at 15272.049 ms fetching 45.315 ms
INFO: at 15292.651 ms batch [45.315] delay 20.598 ms
INFO: at 15292.651 ms fetching 45.315 ms
INFO: at 15313.252 ms batch [45.315] delay 20.598 ms
INFO: at 15313.252 ms fetching 45.315 ms
INFO: at 15333.853 ms batch [45.315] delay 20.598 ms
INFO: at 15333.853 ms fetching 45.315 ms
INFO: at 15354.453 ms batch [45.315] delay 20.598 ms
INFO: at 15354.453 ms fetching 45.315 ms
INFO: at 15375.054 ms batch [45.315] delay 20.598 ms
INFO: at 15375.054 ms fetching 45.315 ms
INFO: at 15395.655 ms batch [45.315] delay 20.598 ms
INFO: at 15395.655 ms fetching 45.315 ms
INFO: at 15416.254 ms batch [45.315] delay 18.881 ms
INFO: at 15416.254 ms fetching 45.315 ms
INFO: at 15435.138 ms batch [45.315] delay 18.881 ms
INFO: at 15435.138 ms fetching 45.315 ms
INFO: at 15454.023 ms batch [45.315] delay 18.881 ms
INFO: at 15454.023 ms fetching 45.315 ms
INFO: at 15472.907 ms batch [45.315] delay 18.881 ms
INFO: at 15472.907 ms fetching 45.315 ms
INFO: at 15491.791 ms batch [45.315] delay 18.881 ms
INFO: at 15491.791 ms fetching 45.315 ms
INFO: at 15510.675 ms batch [45.315] delay 18.881 ms
INFO: at 15510.675 ms fetching 45.315 ms
INFO: at 15529.560 ms batch [45.315] delay 18.881 ms
INFO: at 15529.560 ms fetching 45.315 ms
INFO: at 15548.443 ms batch [45.315] delay 18.881 ms
INFO: at 15548.443 ms fetching 45.315 ms
INFO: at 15567.327 ms batch [45.315] delay 18.881 ms
INFO: at 15567.327 ms fetching 45.315 ms
INFO: at 15586.211 ms batch [45.315] delay 18.881 ms
INFO: at 15586.211 ms fetching 45.315 ms
INFO: at 15605.096 ms batch [45.315] delay 18.881 ms
INFO: at 15605.096 ms fetching 45.315 ms
INFO: at 15623.979 ms batch [45.315] delay 18.881 ms
INFO: at 15623.979 ms fetching 45.315 ms
INFO: at 15642.862 ms batch [45.315] delay 18.881 ms
INFO: at 15642.862 ms fetching 45.315 ms
INFO: at 15661.747 ms batch [45.315] delay 18.881 ms
INFO: at 15661.747 ms fetching 45.315 ms
INFO: at 15680.631 ms batch [45.315] delay 18.881 ms
INFO: at 15680.631 ms fetching 45.315 ms
INFO: at 15699.514 ms batch [45.315] delay 18.881 ms
INFO: at 15699.514 ms fetching 45.315 ms
INFO: at 15718.398 ms batch [45.315] delay 18.881 ms
INFO: at 15718.398 ms fetching 45.315 ms
INFO: at 15737.282 ms batch [45.315] delay 18.881 ms
INFO: at 15737.282 ms fetching 45.315 ms
INFO: at 15756.168 ms batch [45.315] delay 18.881 ms
INFO: at 15756.168 ms fetching 45.315 ms
INFO: at 15775.051 ms batch [45.315] delay 18.881 ms
INFO: at 15775.051 ms fetching 45.315 ms
INFO: at 15793.935 ms batch [45.315] delay 18.881 ms
INFO: at 15793.935 ms fetching 45.315 ms
INFO: at 15812.820 ms batch [45.315] delay 18.881 ms
INFO: at 15812.820 ms fetching 45.315 ms
INFO: at 15831.704 ms batch [45.315] delay 18.881 ms
INFO: at 15831.704 ms fetching 45.315 ms
INFO: at 15850.589 ms batch [45.315] delay 18.881 ms
INFO: at 15850.589 ms fetching 45.315 ms
INFO: at 15869.473 ms batch [45.315] delay 15.105 ms
INFO: at 15869.473 ms fetching 45.315 ms
INFO: at 15884.580 ms batch [45.315] delay 15.105 ms
INFO: at 15884.580 ms fetching 45.315 ms
INFO: at 15899.689 ms batch [45.315] delay 15.105 ms
INFO: at 15899.689 ms fetching 45.315 ms
INFO: at 15914.798 ms batch [45.315] delay 15.105 ms
INFO: at 15914.798 ms fetching 45.315 ms
INFO: at 15929.907 ms batch [45.315] delay 15.105 ms
INFO: at 15929.907 ms fetching 45.315 ms
INFO: at 15945.016 ms batch [45.315] delay 15.105 ms
INFO: at 15945.016 ms fetching 45.315 ms
INFO: at 15960.124 ms batch [45.315] delay 15.105 ms
INFO: at 15960.124 ms fetching 45.315 ms
INFO: at 15975.232 ms batch [45.315] delay 15.105 ms
INFO: at 15975.232 ms fetching 45.315 ms
INFO: at 15990.339 ms batch [45.315] delay 15.105 ms
INFO: at 15990.339 ms fetching 45.315 ms
INFO: at 16005.447 ms batch [45.315] delay 15.105 ms
INFO: at 16005.447 ms fetching 45.315 ms
INFO: at 16020.555 ms batch [45.315] delay 15.105 ms
INFO: at 16020.555 ms fetching 45.315 ms
INFO: at 16035.663 ms batch [45.315] delay 15.105 ms
INFO: at 16035.663 ms fetching 45.315 ms
INFO: at 16050.770 ms batch [45.315] delay 15.105 ms
INFO: at 16050.770 ms fetching 45.315 ms
INFO: at 16065.878 ms batch [45.315] delay 15.105 ms
INFO: at 16065.878 ms fetching 45.315 ms
INFO: at 16080.985 ms batch [45.315] delay 15.105 ms
INFO: at 16080.985 ms fetching 45.315 ms
INFO: at 16096.093 ms batch [45.315] delay 28.322 ms
INFO: at 16096.093 ms fetching 45.315 ms
INFO: at 16124.419 ms batch [45.315] delay 28.322 ms
INFO: at 16124.419 ms fetching 45.315 ms
INFO: at 16152.743 ms batch [45.315] delay 28.322 ms
INFO: at 16152.743 ms fetching 45.315 ms
INFO: at 16181.069 ms batch [45.315] delay 28.322 ms
INFO: at 16181.069 ms fetching 45.315 ms
INFO: at 16209.395 ms batch [45.315] delay 28.322 ms
INFO: at 16209.395 ms fetching 45.315 ms
INFO: at 16237.720 ms batch [45.315] delay 28.322 ms
INFO: at 16237.720 ms fetching 45.315 ms
INFO: at 16266.045 ms batch [45.315] delay 28.322 ms
INFO: at 16266.045 ms fetching 45.315 ms
INFO: at 16294.373 ms batch [45.315] delay 28.322 ms
INFO: at 16294.373 ms fetching 45.315 ms
INFO: at 16322.700 ms batch [45.315] delay 22.657 ms
INFO: at 16322.700 ms fetching 45.315 ms
INFO: at 16345.360 ms batch [45.315] delay 22.657 ms
INFO: at 16345.360 ms fetching 45.315 ms
INFO: at 16368.021 ms batch [45.315] delay 22.657 ms
INFO: at 16368.021 ms fetching 45.315 ms
INFO: at 16390.682 ms batch [45.315] delay 22.657 ms
INFO: at 16390.682 ms fetching 45.315 ms
INFO: at 16413.342 ms batch [45.315] delay 22.657 ms
INFO: at 16413.342 ms fetching 45.315 ms
INFO: at 16436.003 ms batch [45.315] delay 22.657 ms
INFO: at 16436.003 ms fetching 45.315 ms
INFO: at 16458.663 ms batch [45.315] delay 22.657 ms
INFO: at 16458.663 ms fetching 45.315 ms
INFO: at 16481.323 ms batch [45.315] delay 22.657 ms
INFO: at 16481.323 ms fetching 45.315 ms
INFO: at 16503.984 ms batch [45.315] delay 22.657 ms
INFO: at 16503.984 ms fetching 45.315 ms
INFO: at 16526.643 ms batch [45.315] delay 22.657 ms
INFO: at 16526.643 ms fetching 45.315 ms
INFO: at 16549.304 ms batch [45.315] delay 25.175 ms
INFO: at 16549.304 ms fetching 45.315 ms
INFO: at 16574.482 ms batch [45.315] delay 25.175 ms
INFO: at 16574.482 ms fetching 45.315 ms
INFO: at 16599.661 ms batch [45.315] delay 25.175 ms
INFO: at 16599.661 ms fetching 45.315 ms
INFO: at 16624.841 ms batch [45.315] delay 25.175 ms
INFO: at 16624.841 ms fetching 45.315 ms
INFO: at 16650.017 ms batch [45.315] delay 25.175 ms
INFO: at 16650.017 ms fetching 45.315 ms
INFO: at 16675.196 ms batch [45.315] delay 25.175 ms
INFO: at 16675.196 ms fetching 45.315 ms
INFO: at 16700.376 ms batch [45.315] delay 25.175 ms
INFO: at 16700.376 ms fetching 45.315 ms
INFO: at 16725.553 ms batch [45.315] delay 25.175 ms
INFO: at 16725.553 ms fetching 45.315 ms
INFO: at 16750.731 ms batch [45.315] delay 25.175 ms
INFO: at 16750.731 ms fetching 45.315 ms
INFO: at 16775.908 ms batch [45.315] delay 18.881 ms
INFO: at 16775.908 ms fetching 45.315 ms
INFO: at 16794.791 ms batch [45.315] delay 18.881 ms
INFO: at 16794.791 ms fetching 45.315 ms
INFO: at 16813.676 ms batch [45.315] delay 18.881 ms
INFO: at 16813.676 ms fetching 45.315 ms
INFO: at 16832.558 ms batch [45.315] delay 18.881 ms
INFO: at 16832.558 ms fetching 45.315 ms
INFO: at 16851.442 ms batch [45.315] delay 18.881 ms
INFO: at 16851.442 ms fetching 45.315 ms
INFO: at 16870.327 ms batch [45.315] delay 18.881 ms
INFO: at 16870.327 ms fetching 45.315 ms
INFO: at 16889.211 ms batch [45.315] delay 18.881 ms
INFO: at 16889.211 ms fetching 45.315 ms
INFO: at 16908.095 ms batch [45.315] delay 18.881 ms
INFO: at 16908.095 ms fetching 45.315 ms
INFO: at 16926.980 ms batch [45.315] delay 18.881 ms
INFO: at 16926.980 ms fetching 45.315 ms
INFO: at 16945.865 ms batch [45.315] delay 18.881 ms
INFO: at 16945.865 ms fetching 45.315 ms
INFO: at 16964.748 ms batch [45.315] delay 18.881 ms
INFO: at 16964.748 ms fetching 45.315 ms
INFO: at 16983.632 ms batch [45.315] delay 18.881 ms
INFO: at 16983.632 ms fetching 45.315 ms
INFO: at 17002.524 ms batch [45.315] delay 11.329 ms
INFO: at 17002.524 ms fetching 45.315 ms
INFO: at 17013.854 ms batch [45.315] delay 11.329 ms
INFO: at 17013.854 ms fetching 45.315 ms
INFO: at 17025.185 ms batch [45.315] delay 11.329 ms
INFO: at 17025.185 ms fetching 45.315 ms
INFO: at 17036.516 ms batch [45.315] delay 11.329 ms
INFO: at 17036.516 ms fetching 45.315 ms
INFO: at 17047.848 ms batch [45.315] delay 11.329 ms
INFO: at 17047.848 ms fetching 45.315 ms
INFO: at 17059.179 ms batch [45.315] delay 11.329 ms
INFO: at 17059.179 ms fetching 45.315 ms
INFO: at 17070.511 ms batch [45.315] delay 11.329 ms
INFO: at 17070.511 ms fetching 45.315 ms
INFO: at 17081.842 ms batch [45.315] delay 11.329 ms
INFO: at 17081.842 ms fetching 45.315 ms
INFO: at 17093.175 ms batch [45.315] delay 11.329 ms
INFO: at 17093.175 ms fetching 45.315 ms
INFO: at 17104.506 ms batch [45.315] delay 11.329 ms
INFO: at 17104.506 ms fetching 45.315 ms
INFO: at 17115.836 ms batch [45.315] delay 11.329 ms
INFO: at 17115.836 ms fetching 45.315 ms
INFO: at 17127.167 ms batch [45.315] delay 11.329 ms
INFO: at 17127.167 ms fetching 45.315 ms
INFO: at 17138.498 ms batch [45.315] delay 11.329 ms
INFO: at 17138.498 ms fetching 45.315 ms
INFO: at 17149.830 ms batch [45.315] delay 11.329 ms
INFO: at 17149.830 ms fetching 45.315 ms
INFO: at 17161.161 ms batch [45.315] delay 11.329 ms
INFO: at 17161.161 ms fetching 45.315 ms
INFO: at 17172.492 ms batch [45.315] delay 11.329 ms
INFO: at 17172.492 ms fetching 45.315 ms
INFO: at 17183.823 ms batch [45.315] delay 11.329 ms
INFO: at 17183.823 ms fetching 45.315 ms
INFO: at 17195.154 ms batch [45.315] delay 11.329 ms
INFO: at 17195.154 ms fetching 45.315 ms
INFO: at 17206.486 ms batch [45.315] delay 11.329 ms
INFO: at 17206.486 ms fetching 45.315 ms
INFO: at 17217.817 ms batch [45.315] delay 11.329 ms
INFO: at 17217.817 ms fetching 45.315 ms
INFO: at 17229.149 ms batch [45.315] delay 20.598 ms
INFO: at 17229.149 ms fetching 45.315 ms
INFO: at 17249.750 ms batch [45.315] delay 20.598 ms
INFO: at 17249.750 ms fetching 45.315 ms
INFO: at 17270.352 ms batch [45.315] delay 20.598 ms
INFO: at 17270.352 ms fetching 45.315 ms
INFO: at 17290.953 ms batch [45.315] delay 20.598 ms
INFO: at 17290.953 ms fetching 45.315 ms
INFO: at 17311.554 ms batch [45.315] delay 20.598 ms
INFO: at 17311.554 ms fetching 45.315 ms
INFO: at 17332.156 ms batch [45.315] delay 20.598 ms
INFO: at 17332.156 ms fetching 45.315 ms
INFO: at 17352.757 ms batch [45.315] delay 20.598 ms
INFO: at 17352.757 ms fetching 45.315 ms
INFO: at 17373.356 ms batch [45.315] delay 20.598 ms
INFO: at 17373.356 ms fetching 45.315 ms
INFO: at 17393.956 ms batch [45.315] delay 20.598 ms
INFO: at 17393.956 ms fetching 45.315 ms
INFO: at 17414.557 ms batch [45.315] delay 20.598 ms
INFO: at 17414.557 ms fetching 45.315 ms
INFO: at 17435.158 ms batch [45.315] delay 20.598 ms
INFO: at 17435.158 ms fetching 45.315 ms
INFO: at 17455.759 ms batch [45.315] delay 28.322 ms
INFO: at 17455.759 ms fetching 45.315 ms
INFO: at 17484.084 ms batch [45.315] delay 28.322 ms
INFO: at 17484.084 ms fetching 45.315 ms
INFO: at 17512.408 ms batch [45.315] delay 28.322 ms
INFO: at 17512.408 ms fetching 45.315 ms
INFO: at 17540.733 ms batch [45.315] delay 28.322 ms
INFO: at 17540.733 ms fetching 45.315 ms
INFO: at 17569.058 ms batch [45.315] delay 28.322 ms
INFO: at 17569.058 ms fetching 45.315 ms
INFO: at 17597.384 ms batch [45.315] delay 28.322 ms
INFO: at 17597.384 ms fetching 45.315 ms
INFO: at 17625.709 ms batch [45.315] delay 28.322 ms
INFO: at 17625.709 ms fetching 45.315 ms
INFO: at 17654.034 ms batch [45.315] delay 28.322 ms
INFO: at 17654.034 ms fetching 45.315 ms
INFO: at 17682.359 ms batch [45.315] delay 28.322 ms
INFO: at 17682.359 ms fetching 45.315 ms
INFO: at 17710.685 ms batch [45.315] delay 28.322 ms
INFO: at 17710.685 ms fetching 45.315 ms
INFO: at 17739.010 ms batch [45.315] delay 28.322 ms
INFO: at 17739.010 ms fetching 45.315 ms
INFO: at 17767.335 ms batch [45.315] delay 28.322 ms
INFO: at 17767.335 ms fetching 45.315 ms
INFO: at 17795.660 ms batch [45.315] delay 28.322 ms
INFO: at 17795.660 ms fetching 45.315 ms
INFO: at 17823.985 ms batch [45.315] delay 28.322 ms
INFO: at 17823.985 ms fetching 45.315 ms
INFO: at 17852.310 ms batch [45.315] delay 28.322 ms
INFO: at 17852.310 ms fetching 45.315 ms
INFO: at 17880.635 ms batch [45.315] delay 28.322 ms
INFO: at 17880.635 ms fetching 45.315 ms
INFO: at 17908.960 ms batch [45.315] delay 20.598 ms
INFO: at 17908.960 ms fetching 45.315 ms
INFO: at 17929.561 ms batch [45.315] delay 20.598 ms
INFO: at 17929.561 ms fetching 45.315 ms
INFO: at 17950.163 ms batch [45.315] delay 20.598 ms
INFO: at 17950.163 ms fetching 45.315 ms
INFO: at 17970.768 ms batch [45.315] delay 20.598 ms
INFO: at 17970.768 ms fetching 45.315 ms
INFO: at 17991.368 ms batch [45.315] delay 20.598 ms
INFO: at 17991.368 ms fetching 45.315 ms
INFO: at 18011.970 ms batch [45.315] delay 20.598 ms
INFO: at 18011.970 ms fetching 45.315 ms
INFO: at 18032.570 ms batch [45.315] delay 20.598 ms
INFO: at 18032.570 ms fetching 45.315 ms
INFO: at 18053.171 ms batch [45.315] delay 20.598 ms
INFO: at 18053.171 ms fetching 45.315 ms
INFO: at 18073.772 ms batch [45.315] delay 20.598 ms
INFO: at 18073.772 ms fetching 45.315 ms
INFO: at 18094.373 ms batch [45.315] delay 20.598 ms
INFO: at 18094.373 ms fetching 45.315 ms
INFO: at 18114.974 ms batch [45.315] delay 20.598 ms
INFO: at 18114.974 ms fetching 45.315 ms
INFO: at 18135.576 ms batch [45.315] delay 16.184 ms
INFO: at 18135.576 ms fetching 45.315 ms
INFO: at 18151.763 ms batch [45.315] delay 16.184 ms
INFO: at 18151.763 ms fetching 45.315 ms
INFO: at 18167.948 ms batch [45.315] delay 16.184 ms
INFO: at 18167.948 ms fetching 45.315 ms
INFO: at 18184.135 ms batch [45.315] delay 16.184 ms
INFO: at 18184.135 ms fetching 45.315 ms
INFO: at 18200.321 ms batch [45.315] delay 16.184 ms
INFO: at 18200.321 ms fetching 45.315 ms
INFO: at 18216.509 ms batch [45.315] delay 16.184 ms
INFO: at 18216.509 ms fetching 45.315 ms
INFO: at 18232.695 ms batch [45.315] delay 16.184 ms
INFO: at 18232.695 ms fetching 45.315 ms
INFO: at 18248.883 ms batch [45.315] delay 16.184 ms
INFO: at 18248.883 ms fetching 45.315 ms
INFO: at 18265.069 ms batch [45.315] delay 16.184 ms
INFO: at 18265.069 ms fetching 45.315 ms
INFO: at 18281.257 ms batch [45.315] delay 16.184 ms
INFO: at 18281.257 ms fetching 45.315 ms
INFO: at 18297.443 ms batch [45.315] delay 16.184 ms
INFO: at 18297.443 ms fetching 45.315 ms
INFO: at 18313.629 ms batch [45.315] delay 16.184 ms
INFO: at 18313.629 ms fetching 45.315 ms
INFO: at 18329.815 ms batch [45.315] delay 16.184 ms
INFO: at 18329.815 ms fetching 45.315 ms
INFO: at 18346.006 ms batch [45.315] delay 16.184 ms
INFO: at 18346.006 ms fetching 45.315 ms
INFO: at 18362.192 ms batch [45.315] delay 20.598 ms
INFO: at 18362.192 ms fetching 45.315 ms
INFO: at 18382.794 ms batch [45.315] delay 20.598 ms
INFO: at 18382.794 ms fetching 45.315 ms
INFO: at 18403.394 ms batch [45.315] delay 20.598 ms
INFO: at 18403.394 ms fetching 45.315 ms
INFO: at 18423.996 ms batch [45.315] delay 20.598 ms
INFO: at 18423.996 ms fetching 45.315 ms
INFO: at 18444.597 ms batch [45.315] delay 20.598 ms
INFO: at 18444.597 ms fetching 45.315 ms
INFO: at 18465.196 ms batch [45.315] delay 20.598 ms
INFO: at 18465.196 ms fetching 45.315 ms
INFO: at 18485.796 ms batch [45.315] delay 20.598 ms
INFO: at 18485.796 ms fetching 45.315 ms
INFO: at 18506.398 ms batch [45.315] delay 20.598 ms
INFO: at 18506.398 ms fetching 45.315 ms
INFO: at 18526.999 ms batch [45.315] delay 20.598 ms
INFO: at 18526.999 ms fetching 45.315 ms
INFO: at 18547.599 ms batch [45.315] delay 20.598 ms
INFO: at 18547.599 ms fetching 45.315 ms
INFO: at 18568.200 ms batch [45.315] delay 20.598 ms
INFO: at 18568.200 ms fetching 45.315 ms
INFO: at 18588.802 ms batch [45.315] delay 25.175 ms
INFO: at 18588.802 ms fetching 45.315 ms
INFO: at 18613.981 ms batch [45.315] delay 25.175 ms
INFO: at 18613.981 ms fetching 45.315 ms
INFO: at 18639.160 ms batch [45.315] delay 25.175 ms
INFO: at 18639.160 ms fetching 45.315 ms
INFO: at 18664.337 ms batch [45.315] delay 25.175 ms
INFO: at 18664.337 ms fetching 45.315 ms
INFO: at 18689.514 ms batch [45.315] delay 25.175 ms
INFO: at 18689.514 ms fetching 45.315 ms
INFO: at 18714.693 ms batch [45.315] delay 25.175 ms
INFO: at 18714.693 ms fetching 45.315 ms
INFO: at 18739.871 ms batch [45.315] delay 25.175 ms
INFO: at 18739.871 ms fetching 45.315 ms
INFO: at 18765.050 ms batch [45.315] delay 25.175 ms
INFO: at 18765.050 ms fetching 45.315 ms
INFO: at 18790.227 ms batch [45.315] delay 25.175 ms
INFO: at 18790.227 ms fetching 45.315 ms
INFO: at 18815.405 ms batch [45.315] delay 20.598 ms
INFO: at 18815.405 ms fetching 45.315 ms
INFO: at 18836.006 ms batch [45.315] delay 20.598 ms
INFO: at 18836.006 ms fetching 45.315 ms
INFO: at 18856.607 ms batch [45.315] delay 20.598 ms
INFO: at 18856.607 ms fetching 45.315 ms
INFO: at 18877.208 ms batch [45.315] delay 20.598 ms
INFO: at 18877.208 ms fetching 45.315 ms
INFO: at 18897.810 ms batch [45.315] delay 20.598 ms
INFO: at 18897.810 ms fetching 45.315 ms
INFO: at 18918.411 ms batch [45.315] delay 20.598 ms
INFO: at 18918.411 ms fetching 45.315 ms
INFO: at 18939.012 ms batch [45.315] delay 20.598 ms
INFO: at 18939.012 ms fetching 45.315 ms
INFO: at 18959.614 ms batch [45.315] delay 20.598 ms
INFO: at 18959.614 ms fetching 45.315 ms
INFO: at 18980.219 ms batch [45.315] delay 20.598 ms
INFO: at 18980.219 ms fetching 45.315 ms
INFO: at 19000.821 ms batch [45.315] delay 20.598 ms
INFO: at 19000.821 ms fetching 45.315 ms
INFO: at 19021.422 ms batch [45.315] delay 20.598 ms
INFO: at 19021.422 ms fetching 45.315 ms
INFO: at 19042.021 ms batch [45.315] delay 18.881 ms
INFO: at 19042.021 ms fetching 45.315 ms
INFO: at 19060.904 ms batch [45.315] delay 18.881 ms
INFO: at 19060.904 ms fetching 45.315 ms
INFO: at 19079.789 ms batch [45.315] delay 18.881 ms
INFO: at 19079.789 ms fetching 45.315 ms
INFO: at 19098.673 ms batch [45.315] delay 18.881 ms
INFO: at 19098.673 ms fetching 45.315 ms
INFO: at 19117.556 ms batch [45.315] delay 18.881 ms
INFO: at 19117.556 ms fetching 45.315 ms
INFO: at 19136.441 ms batch [45.315] delay 18.881 ms
INFO: at 19136.441 ms fetching 45.315 ms
INFO: at 19155.325 ms batch [45.315] delay 18.881 ms
INFO: at 19155.325 ms fetching 45.315 ms
INFO: at 19174.208 ms batch [45.315] delay 18.881 ms
INFO: at 19174.208 ms fetching 45.315 ms
INFO: at 19193.093 ms batch [45.315] delay 18.881 ms
INFO: at 19193.093 ms fetching 45.315 ms
INFO: at 19211.977 ms batch [45.315] delay 18.881 ms
INFO: at 19211.977 ms fetching 45.315 ms
INFO: at 19230.862 ms batch [45.315] delay 18.881 ms
INFO: at 19230.862 ms fetching 45.315 ms
INFO: at 19249.745 ms batch [45.315] delay 18.881 ms
INFO: at 19249.745 ms fetching 45.315 ms
INFO: at 19268.629 ms batch [45.315] delay 20.598 ms
INFO: at 19268.629 ms fetching 45.315 ms
INFO: at 19289.230 ms batch [45.315] delay 20.598 ms
INFO: at 19289.230 ms fetching 45.315 ms
INFO: at 19309.832 ms batch [45.315] delay 20.598 ms
INFO: at 19309.832 ms fetching 45.315 ms
INFO: at 19330.432 ms batch [45.315] delay 20.598 ms
INFO: at 19330.432 ms fetching 45.315 ms
INFO: at 19351.032 ms batch [45.315] delay 20.598 ms
INFO: at 19351.032 ms fetching 45.315 ms
INFO: at 19371.633 ms batch [45.315] delay 20.598 ms
INFO: at 19371.633 ms fetching 45.315 ms
INFO: at 19392.233 ms batch [45.315] delay 20.598 ms
INFO: at 19392.233 ms fetching 45.315 ms
INFO: at 19412.834 ms batch [45.315] delay 20.598 ms
INFO: at 19412.834 ms fetching 45.315 ms
INFO: at 19433.436 ms batch [45.315] delay 20.598 ms
INFO: at 19433.436 ms fetching 45.315 ms
INFO: at 19454.037 ms batch [45.315] delay 20.598 ms
INFO: at 19454.037 ms fetching 45.315 ms
INFO: at 19474.638 ms batch [45.315] delay 20.598 ms
INFO: at 19474.638 ms fetching 45.315 ms
INFO: at 19495.240 ms batch [45.315] delay 15.105 ms
INFO: at 19495.240 ms fetching 45.315 ms
INFO: at 19510.347 ms batch [45.315] delay 15.105 ms
INFO: at 19510.347 ms fetching 45.315 ms
INFO: at 19525.455 ms batch [45.315] delay 15.105 ms
INFO: at 19525.455 ms fetching 45.315 ms
INFO: at 19540.563 ms batch [45.315] delay 15.105 ms
INFO: at 19540.563 ms fetching 45.315 ms
INFO: at 19555.671 ms batch [45.315] delay 15.105 ms
INFO: at 19555.671 ms fetching 45.315 ms
INFO: at 19570.779 ms batch [45.315] delay 15.105 ms
INFO: at 19570.779 ms fetching 45.315 ms
INFO: at 19585.886 ms batch [45.315] delay 15.105 ms
INFO: at 19585.886 ms fetching 45.315 ms
INFO: at 19600.993 ms batch [45.315] delay 15.105 ms
INFO: at 19600.993 ms fetching 45.315 ms
INFO: at 19616.105 ms batch [45.315] delay 15.105 ms
INFO: at 19616.105 ms fetching 45.315 ms
INFO: at 19631.213 ms batch [45.315] delay 15.105 ms
INFO: at 19631.213 ms fetching 45.315 ms
INFO: at 19646.321 ms batch [45.315] delay 15.105 ms
INFO: at 19646.321 ms fetching 45.315 ms
INFO: at 19661.428 ms batch [45.315] delay 15.105 ms
INFO: at 19661.428 ms fetching 45.315 ms
INFO: at 19676.536 ms batch [45.315] delay 15.105 ms
INFO: at 19676.536 ms fetching 45.315 ms
INFO: at 19691.643 ms batch [45.315] delay 15.105 ms
INFO: at 19691.643 ms fetching 45.315 ms
INFO: at 19706.751 ms batch [45.315] delay 15.105 ms
INFO: at 19706.751 ms fetching 45.315 ms
INFO: at 19721.859 ms batch [45.315] delay 25.175 ms
INFO: at 19721.859 ms fetching 45.315 ms
INFO: at 19747.037 ms batch [45.315] delay 25.175 ms
INFO: at 19747.037 ms fetching 45.315 ms
INFO: at 19772.214 ms batch [45.315] delay 25.175 ms
INFO: at 19772.214 ms fetching 45.315 ms
INFO: at 19797.393 ms batch [45.315] delay 25.175 ms
INFO: at 19797.393 ms fetching 45.315 ms
INFO: at 19822.572 ms batch [45.315] delay 25.175 ms
INFO: at 19822.572 ms fetching 45.315 ms
INFO: at 19847.748 ms batch [45.315] delay 25.175 ms
INFO: at 19847.748 ms fetching 45.315 ms
INFO: at 19872.928 ms batch [45.315] delay 25.175 ms
INFO: at 19872.928 ms fetching 45.315 ms
INFO: at 19898.106 ms batch [45.315] delay 25.175 ms
INFO: at 19898.106 ms fetching 45.315 ms
INFO: at 19923.285 ms batch [45.315] delay 25.175 ms
INFO: at 19923.285 ms fetching 45.315 ms
INFO: at 19948.467 ms batch [45.315] delay 22.657 ms
INFO: at 19948.467 ms fetching 45.315 ms
INFO: at 19971.127 ms batch [45.315] delay 22.657 ms
INFO: at 19971.127 ms fetching 45.315 ms
INFO: at 19993.788 ms batch [45.315] delay 22.657 ms
INFO: at 19993.788 ms fetching 45.315 ms
INFO: at 20016.448 ms batch [45.315] delay 22.657 ms
INFO: at 20016.448 ms fetching 45.315 ms
INFO: at 20039.108 ms batch [45.315] delay 22.657 ms
INFO: at 20039.108 ms fetching 45.315 ms
INFO: at 20061.770 ms batch [45.315] delay 22.657 ms
INFO: at 20061.770 ms fetching 45.315 ms
INFO: at 20084.430 ms batch [45.315] delay 22.657 ms
INFO: at 20084.430 ms fetching 45.315 ms
INFO: at 20107.091 ms batch [45.315] delay 22.657 ms
INFO: at 20107.091 ms fetching 45.315 ms
INFO: at 20129.752 ms batch [45.315] delay 22.657 ms
INFO: at 20129.752 ms fetching 45.315 ms
INFO: at 20152.411 ms batch [45.315] delay 22.657 ms
INFO: at 20152.411 ms fetching 45.315 ms
INFO: at 20175.071 ms batch [45.315] delay 20.598 ms
INFO: at 20175.071 ms fetching 45.315 ms
INFO: at 20195.673 ms batch [45.315] delay 20.598 ms
INFO: at 20195.673 ms fetching 45.315 ms
INFO: at 20216.272 ms batch [45.315] delay 20.598 ms
INFO: at 20216.272 ms fetching 45.315 ms
INFO: at 20236.873 ms batch [45.315] delay 20.598 ms
INFO: at 20236.873 ms fetching 45.315 ms
INFO: at 20257.475 ms batch [45.315] delay 20.598 ms
INFO: at 20257.475 ms fetching 45.315 ms
INFO: at 20278.075 ms batch [45.315] delay 20.598 ms
INFO: at 20278.075 ms fetching 45.315 ms
INFO: at 20298.675 ms batch [45.315] delay 20.598 ms
INFO: at 20298.675 ms fetching 45.315 ms
INFO: at 20319.277 ms batch [45.315] delay 20.598 ms
INFO: at 20319.277 ms fetching 45.315 ms
INFO: at 20339.878 ms batch [45.315] delay 20.598 ms
INFO: at 20339.878 ms fetching 45.315 ms
INFO: at 20360.478 ms batch [45.315] delay 20.598 ms
INFO: at 20360.478 ms fetching 45.315 ms
INFO: at 20381.080 ms batch [45.315] delay 20.598 ms
INFO: at 20381.080 ms fetching 45.315 ms
INFO: at 20401.681 ms batch [45.315] delay 17.429 ms
INFO: at 20401.681 ms fetching 45.315 ms
INFO: at 20419.284 ms batch [45.315] delay 17.429 ms
INFO: at 20419.284 ms fetching 45.315 ms
INFO: at 20436.715 ms batch [45.315] delay 17.429 ms
INFO: at 20436.715 ms fetching 45.315 ms
INFO: at 20454.147 ms batch [45.315] delay 17.429 ms
INFO: at 20454.147 ms fetching 45.315 ms
INFO: at 20471.578 ms batch [45.315] delay 17.429 ms
INFO: at 20471.578 ms fetching 45.315 ms
INFO: at 20489.010 ms batch [45.315] delay 17.429 ms
INFO: at 20489.010 ms fetching 45.315 ms
INFO: at 20506.442 ms batch [45.315] delay 17.429 ms
INFO: at 20506.442 ms fetching 45.315 ms
INFO: at 20523.874 ms batch [45.315] delay 17.429 ms
INFO: at 20523.874 ms fetching 45.315 ms
INFO: at 20541.306 ms batch [45.315] delay 17.429 ms
INFO: at 20541.306 ms fetching 45.315 ms
INFO: at 20558.737 ms batch [45.315] delay 17.429 ms
INFO: at 20558.737 ms fetching 45.315 ms
INFO: at 20576.170 ms batch [45.315] delay 17.429 ms
INFO: at 20576.170 ms fetching 45.315 ms
INFO: at 20593.600 ms batch [45.315] delay 17.429 ms
INFO: at 20593.600 ms fetching 45.315 ms
INFO: at 20611.033 ms batch [45.315] delay 17.429 ms
INFO: at 20611.033 ms fetching 45.315 ms
INFO: at 20628.464 ms batch [45.315] delay 16.184 ms
INFO: at 20628.464 ms fetching 45.315 ms
INFO: at 20644.651 ms batch [45.315] delay 16.184 ms
INFO: at 20644.651 ms fetching 45.315 ms
INFO: at 20660.839 ms batch [45.315] delay 16.184 ms
INFO: at 20660.839 ms fetching 45.315 ms
INFO: at 20677.025 ms batch [45.315] delay 16.184 ms
INFO: at 20677.025 ms fetching 45.315 ms
INFO: at 20693.212 ms batch [45.315] delay 16.184 ms
INFO: at 20693.212 ms fetching 45.315 ms
INFO: at 20709.399 ms batch [45.315] delay 16.184 ms
INFO: at 20709.399 ms fetching 45.315 ms
INFO: at 20725.586 ms batch [45.315] delay 16.184 ms
INFO: at 20725.586 ms fetching 45.315 ms
INFO: at 20741.774 ms batch [45.315] delay 16.184 ms
INFO: at 20741.774 ms fetching 45.315 ms
INFO: at 20757.960 ms batch [45.315] delay 16.184 ms
INFO: at 20757.960 ms fetching 45.315 ms
INFO: at 20774.147 ms batch [45.315] delay 16.184 ms
INFO: at 20774.147 ms fetching 45.315 ms
INFO: at 20790.334 ms batch [45.315] delay 16.184 ms
INFO: at 20790.334 ms fetching 45.315 ms
INFO: at 20806.521 ms batch [45.315] delay 16.184 ms
INFO: at 20806.521 ms fetching 45.315 ms
INFO: at 20822.708 ms batch [45.315] delay 16.184 ms
INFO: at 20822.708 ms fetching 45.315 ms
INFO: at 20838.894 ms batch [45.315] delay 16.184 ms
INFO: at 20838.894 ms fetching 45.315 ms
INFO: at 20855.081 ms batch [45.315] delay 20.598 ms
INFO: at 20855.081 ms fetching 45.315 ms
INFO: at 20875.681 ms batch [45.315] delay 20.598 ms
INFO: at 20875.681 ms fetching 45.315 ms
INFO: at 20896.281 ms batch [45.315] delay 20.598 ms
INFO: at 20896.281 ms fetching 45.315 ms
INFO: at 20916.880 ms batch [45.315] delay 20.598 ms
INFO: at 20916.880 ms fetching 45.315 ms
INFO: at 20937.481 ms batch [45.315] delay 20.598 ms
INFO: at 20937.481 ms fetching 45.315 ms
INFO: at 20958.083 ms batch [45.315] delay 20.598 ms
INFO: at 20958.083 ms fetching 45.315 ms
INFO: at 20978.684 ms batch [45.315] delay 20.598 ms
INFO: at 20978.684 ms fetching 45.315 ms
INFO: at 20999.285 ms batch [45.315] delay 20.598 ms
INFO: at 20999.285 ms fetching 45.315 ms
INFO: at 21019.887 ms batch [45.315] delay 20.598 ms
INFO: at 21019.887 ms fetching 45.315 ms
INFO: at 21040.489 ms batch [45.315] delay 20.598 ms
INFO: at 21040.489 ms fetching 45.315 ms
INFO: at 21061.090 ms batch [45.315] delay 20.598 ms
INFO: at 21061.090 ms fetching 45.315 ms
INFO: at 21081.691 ms batch [45.315] delay 22.657 ms
INFO: at 21081.691 ms fetching 45.315 ms
INFO: at 21104.352 ms batch [45.315] delay 22.657 ms
INFO: at 21104.352 ms fetching 45.315 ms
INFO: at 21127.013 ms batch [45.315] delay 22.657 ms
INFO: at 21127.013 ms fetching 45.315 ms
INFO: at 21149.675 ms batch [45.315] delay 22.657 ms
INFO: at 21149.675 ms fetching 45.315 ms
INFO: at 21172.337 ms batch [45.315] delay 22.657 ms
INFO: at 21172.337 ms fetching 45.315 ms
INFO: at 21194.998 ms batch [45.315] delay 22.657 ms
INFO: at 21194.998 ms fetching 45.315 ms
INFO: at 21217.659 ms batch [45.315] delay 22.657 ms
INFO: at 21217.659 ms fetching 45.315 ms
INFO: at 21240.321 ms batch [45.315] delay 22.657 ms
INFO: at 21240.321 ms fetching 45.315 ms
INFO: at 21262.981 ms batch [45.315] delay 22.657 ms
INFO: at 21262.981 ms fetching 45.315 ms
INFO: at 21285.643 ms batch [45.315] delay 22.657 ms
INFO: at 21285.643 ms fetching 45.315 ms
INFO: at 21308.304 ms batch [45.315] delay 16.184 ms
INFO: at 21308.304 ms fetching 45.315 ms
INFO: at 21324.490 ms batch [45.315] delay 16.184 ms
INFO: at 21324.490 ms fetching 45.315 ms
INFO: at 21340.677 ms batch [45.315] delay 16.184 ms
INFO: at 21340.677 ms fetching 45.315 ms
INFO: at 21356.864 ms batch [45.315] delay 16.184 ms
INFO: at 21356.864 ms fetching 45.315 ms
INFO: at 21373.053 ms batch [45.315] delay 16.184 ms
INFO: at 21373.053 ms fetching 45.315 ms
INFO: at 21389.239 ms batch [45.315] delay 16.184 ms
INFO: at 21389.239 ms fetching 45.315 ms
INFO: at 21405.426 ms batch [45.315] delay 16.184 ms
INFO: at 21405.426 ms fetching 45.315 ms
INFO: at 21421.612 ms batch [45.315] delay 16.184 ms
INFO: at 21421.612 ms fetching 45.315 ms
INFO: at 21437.799 ms batch [45.315] delay 16.184 ms
INFO: at 21437.799 ms fetching 45.315 ms
INFO: at 21453.984 ms batch [45.315] delay 16.184 ms
INFO: at 21453.984 ms fetching 45.315 ms
INFO: at 21470.170 ms batch [45.315] delay 16.184 ms
INFO: at 21470.170 ms fetching 45.315 ms
INFO: at 21486.357 ms batch [45.315] delay 16.184 ms
INFO: at 21486.357 ms fetching 45.315 ms
INFO: at 21502.543 ms batch [45.315] delay 0.000 ms
INFO: at 21502.543 ms fetching 45.315 ms
INFO: done
22-04-13:06:26:23 INFO     [docker_logging_utils.py:19] [default-cluster] Created logging directory: /home/cc/DynWork/multimodal_dataset/repeat-3/Static_CV/Azure/classification/inception_imagenet/1.5_x_P99/clipper/logs
22-04-13:06:27:06 INFO     [clipper_admin.py:1424] [default-cluster] Stopped all Clipper cluster and all model containers
