22-01-26:16:07:39 INFO     [docker_container_manager.py:192] [default-cluster] Starting managed Redis instance in Docker
22-01-26:16:07:47 INFO     [docker_container_manager.py:294] [default-cluster] Metric Configuration Saved at /tmp/tmp7gi2_0is.yml
22-01-26:16:07:49 INFO     [clipper_admin.py:162] [default-cluster] Clipper is running
22-01-26:16:07:49 INFO     [clipper_admin.py:236] [default-cluster] Application fake-model was successfully registered
22-01-26:16:07:49 INFO     [deployer_utils.py:41] Saving function to /tmp/tmpuj0mqhdcclipper
22-01-26:16:07:49 INFO     [deployer_utils.py:51] Serialized and supplied predict function
22-01-26:16:07:49 INFO     [python.py:192] Python closure saved
22-01-26:16:07:49 INFO     [python.py:210] Using Python 3.7 base image
22-01-26:16:07:49 INFO     [clipper_admin.py:534] [default-cluster] Building model Docker image with model data from /tmp/tmpuj0mqhdcclipper
22-01-26:16:07:50 INFO     [clipper_admin.py:539] [default-cluster] Step 1/2 : FROM clipper/python37-closure-container:develop
22-01-26:16:07:50 INFO     [clipper_admin.py:539] [default-cluster]  ---> 2660542c0759
22-01-26:16:07:50 INFO     [clipper_admin.py:539] [default-cluster] Step 2/2 : COPY /tmp/tmpuj0mqhdcclipper /model/
22-01-26:16:07:50 INFO     [clipper_admin.py:539] [default-cluster]  ---> defe57af1a46
22-01-26:16:07:50 INFO     [clipper_admin.py:539] [default-cluster] Successfully built defe57af1a46
22-01-26:16:07:50 INFO     [clipper_admin.py:539] [default-cluster] Successfully tagged default-cluster-fake-model:1
22-01-26:16:07:50 INFO     [clipper_admin.py:541] [default-cluster] Pushing model Docker image to default-cluster-fake-model:1
22-01-26:16:07:50 INFO     [docker_container_manager.py:433] [default-cluster] Found 0 replicas for fake-model:1. Adding 1
22-01-26:16:07:52 INFO     [clipper_admin.py:724] [default-cluster] Successfully registered model fake-model:1
22-01-26:16:07:52 INFO     [clipper_admin.py:642] [default-cluster] Done deploying model fake-model:1.
22-01-26:16:07:52 INFO     [clipper_admin.py:303] [default-cluster] Model fake-model is now linked to application fake-model
INFO: waiting for ready to serve
INFO: waiting for ready to serve
INFO: waiting for ready to serve
INFO: waiting for ready to serve
INFO: ready to go
INFO: rock and roll
INFO: at 2.057 ms batch [44.238] delay 27.500 ms
INFO: at 2.057 ms fetching 44.238 ms
INFO: at 29.561 ms batch [55.035] delay 27.500 ms
INFO: at 29.561 ms fetching 55.035 ms
INFO: at 57.065 ms batch [70.742] delay 27.500 ms
INFO: at 57.065 ms fetching 70.742 ms
INFO: at 84.568 ms batch [35.411] delay 27.500 ms
INFO: at 84.568 ms fetching 35.411 ms
INFO: at 112.084 ms batch [44.646] delay 27.500 ms
INFO: at 112.084 ms fetching 44.646 ms
INFO: at 139.588 ms batch [60.917] delay 27.500 ms
INFO: at 139.588 ms fetching 60.917 ms
INFO: at 167.093 ms batch [62.724] delay 27.500 ms
INFO: at 167.093 ms fetching 62.724 ms
INFO: at 194.598 ms batch [61.841] delay 13.750 ms
INFO: at 194.598 ms fetching 61.841 ms
INFO: at 208.351 ms batch [68.077] delay 13.750 ms
INFO: at 208.351 ms fetching 68.077 ms
INFO: at 222.105 ms batch [33.005] delay 13.750 ms
INFO: at 222.105 ms fetching 33.005 ms
INFO: at 235.859 ms batch [46.556] delay 13.750 ms
INFO: at 235.859 ms fetching 46.556 ms
INFO: at 249.611 ms batch [57.637] delay 13.750 ms
INFO: at 249.611 ms fetching 57.637 ms
INFO: at 263.363 ms batch [75.057] delay 13.750 ms
INFO: at 263.363 ms fetching 75.057 ms
INFO: at 277.116 ms batch [52.551] delay 13.750 ms
INFO: at 277.116 ms fetching 52.551 ms
INFO: at 290.871 ms batch [38.428] delay 13.750 ms
INFO: at 290.871 ms fetching 38.428 ms
INFO: at 304.624 ms batch [39.891] delay 13.750 ms
INFO: at 304.624 ms fetching 39.891 ms
INFO: at 318.377 ms batch [61.612] delay 13.750 ms
INFO: at 318.377 ms fetching 61.612 ms
INFO: at 332.130 ms batch [62.512] delay 13.750 ms
INFO: at 332.130 ms fetching 62.512 ms
INFO: at 345.884 ms batch [31.137] delay 13.750 ms
INFO: at 345.884 ms fetching 31.137 ms
INFO: at 359.638 ms batch [58.759] delay 13.750 ms
INFO: at 359.638 ms fetching 58.759 ms
INFO: at 373.390 ms batch [56.790] delay 13.750 ms
INFO: at 373.390 ms fetching 56.790 ms
INFO: at 387.143 ms batch [44.445] delay 13.750 ms
INFO: at 387.143 ms fetching 44.445 ms
INFO: at 400.896 ms batch [36.768] delay 13.750 ms
INFO: at 400.896 ms fetching 36.768 ms
INFO: at 414.686 ms batch [58.204] delay 6.875 ms
INFO: at 414.686 ms fetching 58.204 ms
INFO: at 421.565 ms batch [71.457] delay 6.875 ms
INFO: at 421.565 ms fetching 71.457 ms
INFO: at 428.442 ms batch [36.256] delay 6.875 ms
INFO: at 428.442 ms fetching 36.256 ms
INFO: at 435.320 ms batch [27.205] delay 6.875 ms
INFO: at 435.320 ms fetching 27.205 ms
INFO: at 442.198 ms batch [62.284] delay 4.583 ms
INFO: at 446.783 ms batch [29.927] delay 4.583 ms
INFO: at 451.368 ms batch [71.215] delay 4.583 ms
INFO: at 455.953 ms batch [44.851] delay 4.583 ms
INFO: at 460.538 ms batch [77.881] delay 4.583 ms
INFO: at 465.123 ms batch [48.664] delay 4.583 ms
INFO: at 469.708 ms batch [54.747] delay 3.438 ms
INFO: at 473.147 ms batch [38.008] delay 3.438 ms
INFO: at 476.586 ms batch [39.082] delay 3.438 ms
INFO: at 480.029 ms batch [55.631] delay 3.438 ms
INFO: at 483.468 ms batch [42.664] delay 3.438 ms
INFO: at 486.907 ms batch [34.475] delay 3.438 ms
INFO: at 490.346 ms batch [60.028] delay 3.438 ms
INFO: at 493.786 ms batch [40.691] delay 3.438 ms
INFO: at 497.225 ms batch [58.498] delay 3.929 ms
INFO: at 501.155 ms batch [30.595] delay 3.929 ms
INFO: at 505.085 ms batch [73.345] delay 3.929 ms
INFO: at 509.015 ms batch [65.752] delay 3.929 ms
INFO: at 512.956 ms batch [31.607] delay 3.929 ms
INFO: at 516.886 ms batch [35.099] delay 3.929 ms
INFO: at 520.816 ms batch [41.083] delay 3.929 ms
INFO: at 524.746 ms batch [74.008] delay 3.056 ms
INFO: at 527.814 ms batch [47.727] delay 3.056 ms
INFO: at 530.871 ms batch [41.896] delay 3.056 ms
INFO: at 533.931 ms batch [60.488] delay 3.056 ms
INFO: at 536.988 ms batch [54.458] delay 3.056 ms
INFO: at 540.045 ms batch [43.841] delay 3.056 ms
INFO: at 543.102 ms batch [74.339] delay 3.056 ms
INFO: at 546.158 ms batch [70.950] delay 3.056 ms
INFO: at 549.215 ms batch [51.940] delay 3.056 ms
INFO: at 552.274 ms batch [43.640] delay 3.056 ms
INFO: at 555.331 ms batch [39.263] delay 3.056 ms
INFO: at 558.388 ms batch [32.104] delay 3.056 ms
INFO: at 561.445 ms batch [45.889] delay 3.056 ms
INFO: at 564.503 ms batch [72.798] delay 3.056 ms
INFO: at 567.559 ms batch [47.490] delay 3.056 ms
INFO: at 570.616 ms batch [47.976] delay 3.056 ms
INFO: at 573.673 ms batch [64.168] delay 3.056 ms
INFO: at 576.733 ms batch [35.702] delay 3.056 ms
INFO: at 579.789 ms batch [63.760] delay 2.750 ms
INFO: at 582.540 ms batch [56.243] delay 2.750 ms
INFO: at 585.292 ms batch [53.488] delay 2.750 ms
INFO: at 588.044 ms batch [67.309] delay 2.750 ms
INFO: at 590.795 ms batch [45.499] delay 2.750 ms
INFO: at 593.546 ms batch [64.368] delay 2.750 ms
INFO: at 596.298 ms batch [70.002] delay 2.750 ms
INFO: at 599.049 ms batch [49.386] delay 2.750 ms
INFO: at 601.801 ms batch [70.496] delay 2.750 ms
INFO: at 604.553 ms batch [46.798] delay 2.750 ms
INFO: at 607.304 ms batch [81.034] delay 3.056 ms
INFO: at 610.361 ms batch [59.532] delay 3.056 ms
INFO: at 613.418 ms batch [48.208] delay 3.056 ms
INFO: at 616.477 ms batch [46.305] delay 3.056 ms
INFO: at 619.534 ms batch [63.976] delay 3.056 ms
INFO: at 622.591 ms batch [39.677] delay 3.056 ms
INFO: at 625.648 ms batch [51.647] delay 3.056 ms
INFO: at 628.704 ms batch [75.437] delay 3.056 ms
INFO: at 631.761 ms batch [68.282] delay 3.056 ms
INFO: at 634.818 ms batch [54.155] delay 3.929 ms
INFO: at 638.748 ms batch [50.790] delay 3.929 ms
INFO: at 642.678 ms batch [36.517] delay 3.929 ms
INFO: at 646.608 ms batch [33.382] delay 3.929 ms
INFO: at 650.538 ms batch [63.152] delay 3.929 ms
INFO: at 654.468 ms batch [10.000] delay 3.929 ms
INFO: at 658.398 ms batch [47.247] delay 3.929 ms
INFO: at 662.328 ms batch [57.944] delay 3.929 ms
INFO: at 666.259 ms batch [25.833] delay 3.929 ms
INFO: at 670.188 ms batch [46.087] delay 3.929 ms
INFO: at 674.118 ms batch [64.943] delay 3.929 ms
INFO: at 678.048 ms batch [79.176] delay 3.929 ms
INFO: at 681.978 ms batch [59.019] delay 3.929 ms
INFO: at 685.908 ms batch [28.288] delay 3.929 ms
INFO: at 689.838 ms batch [53.821] delay 4.583 ms
INFO: at 694.423 ms batch [64.735] delay 4.583 ms
INFO: at 699.008 ms batch [37.023] delay 4.583 ms
INFO: at 703.593 ms batch [42.851] delay 4.583 ms
INFO: at 708.177 ms batch [41.481] delay 4.583 ms
INFO: at 712.762 ms batch [45.699] delay 4.583 ms
INFO: at 717.347 ms batch [51.345] delay 4.583 ms
INFO: at 721.931 ms batch [52.244] delay 4.583 ms
INFO: at 726.516 ms batch [43.064] delay 4.583 ms
INFO: at 731.101 ms batch [50.462] delay 4.583 ms
INFO: at 735.686 ms batch [74.689] delay 4.583 ms
INFO: at 740.270 ms batch [50.177] delay 4.583 ms
INFO: at 744.855 ms batch [59.273] delay 4.583 ms
INFO: at 749.440 ms batch [34.123] delay 4.583 ms
INFO: at 754.025 ms batch [35.998] delay 4.583 ms
INFO: at 758.610 ms batch [68.493] delay 4.583 ms
INFO: at 763.195 ms batch [60.265] delay 4.583 ms
INFO: at 767.779 ms batch [67.700] delay 4.583 ms
INFO: at 772.364 ms batch [67.103] delay 4.583 ms
INFO: at 776.949 ms batch [40.305] delay 4.583 ms
INFO: at 781.533 ms batch [71.726] delay 4.583 ms
INFO: at 786.118 ms batch [66.143] delay 4.583 ms
INFO: at 790.703 ms batch [40.513] delay 4.583 ms
INFO: at 795.288 ms batch [79.929] delay 4.583 ms
INFO: at 799.872 ms batch [64.554] delay 5.500 ms
INFO: at 442.198 ms fetching 62.284 ms
INFO: at 446.783 ms fetching 29.927 ms
INFO: at 451.368 ms fetching 71.215 ms
INFO: at 455.953 ms fetching 44.851 ms
INFO: at 460.538 ms fetching 77.881 ms
INFO: at 465.123 ms fetching 48.664 ms
INFO: at 469.708 ms fetching 54.747 ms
INFO: at 473.147 ms fetching 38.008 ms
INFO: at 476.586 ms fetching 39.082 ms
INFO: at 480.029 ms fetching 55.631 ms
INFO: at 483.468 ms fetching 42.664 ms
INFO: at 486.907 ms fetching 34.475 ms
INFO: at 490.346 ms fetching 60.028 ms
INFO: at 493.786 ms fetching 40.691 ms
INFO: at 497.225 ms fetching 58.498 ms
INFO: at 501.155 ms fetching 30.595 ms
INFO: at 505.085 ms fetching 73.345 ms
INFO: at 509.015 ms fetching 65.752 ms
INFO: at 512.956 ms fetching 31.607 ms
INFO: at 516.886 ms fetching 35.099 ms
INFO: at 520.816 ms fetching 41.083 ms
INFO: at 524.746 ms fetching 74.008 ms
INFO: at 527.814 ms fetching 47.727 ms
INFO: at 530.871 ms fetching 41.896 ms
INFO: at 533.931 ms fetching 60.488 ms
INFO: at 536.988 ms fetching 54.458 ms
INFO: at 540.045 ms fetching 43.841 ms
INFO: at 543.102 ms fetching 74.339 ms
INFO: at 546.158 ms fetching 70.950 ms
INFO: at 549.215 ms fetching 51.940 ms
INFO: at 552.274 ms fetching 43.640 ms
INFO: at 555.331 ms fetching 39.263 ms
INFO: at 558.388 ms fetching 32.104 ms
INFO: at 561.445 ms fetching 45.889 ms
INFO: at 564.503 ms fetching 72.798 ms
INFO: at 567.559 ms fetching 47.490 ms
INFO: at 570.616 ms fetching 47.976 ms
INFO: at 573.673 ms fetching 64.168 ms
INFO: at 576.733 ms fetching 35.702 ms
INFO: at 579.789 ms fetching 63.760 ms
INFO: at 582.540 ms fetching 56.243 ms
INFO: at 585.292 ms fetching 53.488 ms
INFO: at 588.044 ms fetching 67.309 ms
INFO: at 590.795 ms fetching 45.499 ms
INFO: at 593.546 ms fetching 64.368 ms
INFO: at 596.298 ms fetching 70.002 ms
INFO: at 599.049 ms fetching 49.386 ms
INFO: at 601.801 ms fetching 70.496 ms
INFO: at 604.553 ms fetching 46.798 ms
INFO: at 607.304 ms fetching 81.034 ms
INFO: at 610.361 ms fetching 59.532 ms
INFO: at 613.418 ms fetching 48.208 ms
INFO: at 616.477 ms fetching 46.305 ms
INFO: at 619.534 ms fetching 63.976 ms
INFO: at 622.591 ms fetching 39.677 ms
INFO: at 625.648 ms fetching 51.647 ms
INFO: at 628.704 ms fetching 75.437 ms
INFO: at 631.761 ms fetching 68.282 ms
INFO: at 634.818 ms fetching 54.155 ms
INFO: at 638.748 ms fetching 50.790 ms
INFO: at 642.678 ms fetching 36.517 ms
INFO: at 646.608 ms fetching 33.382 ms
INFO: at 650.538 ms fetching 63.152 ms
INFO: at 654.468 ms fetching 10.000 ms
INFO: at 658.398 ms fetching 47.247 ms
INFO: at 662.328 ms fetching 57.944 ms
INFO: at 666.259 ms fetching 25.833 ms
INFO: at 670.188 ms fetching 46.087 ms
INFO: at 674.118 ms fetching 64.943 ms
INFO: at 678.048 ms fetching 79.176 ms
INFO: at 681.978 ms fetching 59.019 ms
INFO: at 685.908 ms fetching 28.288 ms
INFO: at 689.838 ms fetching 53.821 ms
INFO: at 694.423 ms fetching 64.735 ms
INFO: at 699.008 ms fetching 37.023 ms
INFO: at 703.593 ms fetching 42.851 ms
INFO: at 708.177 ms fetching 41.481 ms
INFO: at 712.762 ms fetching 45.699 ms
INFO: at 717.347 ms fetching 51.345 ms
INFO: at 721.931 ms fetching 52.244 ms
INFO: at 726.516 ms fetching 43.064 ms
INFO: at 731.101 ms fetching 50.462 ms
INFO: at 735.686 ms fetching 74.689 ms
INFO: at 740.270 ms fetching 50.177 ms
INFO: at 744.855 ms fetching 59.273 ms
INFO: at 749.440 ms fetching 34.123 ms
INFO: at 754.025 ms fetching 35.998 ms
INFO: at 758.610 ms fetching 68.493 ms
INFO: at 763.195 ms fetching 60.265 ms
INFO: at 767.779 ms fetching 67.700 ms
INFO: at 772.364 ms fetching 67.103 ms
INFO: at 776.949 ms fetching 40.305 ms
INFO: at 781.533 ms fetching 71.726 ms
INFO: at 786.118 ms fetching 66.143 ms
INFO: at 790.703 ms fetching 40.513 ms
INFO: at 795.288 ms fetching 79.929 ms
INFO: at 799.872 ms fetching 64.554 ms
WARNING: bookkeeping for too long: -26.428792014718056ms
INFO: at 831.810 ms batch [37.797] delay 5.500 ms
INFO: at 831.810 ms fetching 37.797 ms
WARNING: bookkeeping for too long: -82.57643902301788ms
INFO: at 919.896 ms batch [43.430] delay 5.500 ms
INFO: at 919.896 ms fetching 43.430 ms
WARNING: bookkeeping for too long: -7.6898199915885925ms
INFO: at 933.097 ms batch [52.872] delay 5.500 ms
INFO: at 933.097 ms fetching 52.872 ms
INFO: at 938.599 ms batch [65.941] delay 5.500 ms
INFO: at 938.599 ms fetching 65.941 ms
INFO: at 944.102 ms batch [37.286] delay 5.500 ms
INFO: at 944.102 ms fetching 37.286 ms
INFO: at 949.605 ms batch [57.326] delay 5.500 ms
INFO: at 949.605 ms fetching 57.326 ms
INFO: at 955.107 ms batch [43.234] delay 5.500 ms
INFO: at 955.107 ms fetching 43.234 ms
INFO: at 960.610 ms batch [67.869] delay 5.500 ms
INFO: at 960.610 ms fetching 67.869 ms
INFO: at 966.112 ms batch [40.887] delay 5.500 ms
INFO: at 966.112 ms fetching 40.887 ms
INFO: at 971.614 ms batch [84.615] delay 5.500 ms
INFO: at 971.614 ms fetching 84.615 ms
INFO: at 977.117 ms batch [63.562] delay 5.500 ms
INFO: at 977.117 ms fetching 63.562 ms
INFO: at 982.619 ms batch [62.934] delay 5.500 ms
INFO: at 982.619 ms fetching 62.934 ms
INFO: at 988.122 ms batch [75.882] delay 5.500 ms
INFO: at 988.122 ms fetching 75.882 ms
INFO: at 993.624 ms batch [76.836] delay 5.500 ms
INFO: at 993.624 ms fetching 76.836 ms
INFO: at 999.127 ms batch [48.902] delay 5.500 ms
INFO: at 999.127 ms fetching 48.902 ms
INFO: at 1004.629 ms batch [66.510] delay 5.500 ms
INFO: at 1004.629 ms fetching 66.510 ms
INFO: at 1010.132 ms batch [73.672] delay 5.500 ms
INFO: at 1010.132 ms fetching 73.672 ms
INFO: at 1015.634 ms batch [66.709] delay 5.500 ms
INFO: at 1015.634 ms fetching 66.709 ms
INFO: at 1021.136 ms batch [33.769] delay 5.500 ms
INFO: at 1021.136 ms fetching 33.769 ms
INFO: at 1026.638 ms batch [69.155] delay 4.583 ms
INFO: at 1031.224 ms batch [45.284] delay 4.583 ms
INFO: at 1035.809 ms batch [59.808] delay 4.583 ms
INFO: at 1040.394 ms batch [67.509] delay 4.583 ms
INFO: at 1044.979 ms batch [42.474] delay 4.583 ms
INFO: at 1049.563 ms batch [44.032] delay 4.583 ms
INFO: at 1054.148 ms batch [32.563] delay 3.438 ms
INFO: at 1057.587 ms batch [46.999] delay 3.438 ms
INFO: at 1061.026 ms batch [49.904] delay 3.438 ms
INFO: at 1064.466 ms batch [72.518] delay 3.438 ms
INFO: at 1067.905 ms batch [82.368] delay 3.438 ms
INFO: at 1071.344 ms batch [51.079] delay 3.438 ms
INFO: at 1074.782 ms batch [63.352] delay 3.438 ms
INFO: at 1078.221 ms batch [29.254] delay 3.438 ms
INFO: at 1081.660 ms batch [72.254] delay 3.438 ms
INFO: at 1085.099 ms batch [56.502] delay 3.438 ms
INFO: at 1088.538 ms batch [40.092] delay 3.438 ms
INFO: at 1091.976 ms batch [49.137] delay 3.438 ms
INFO: at 1095.415 ms batch [65.144] delay 3.438 ms
INFO: at 1098.854 ms batch [45.069] delay 3.438 ms
INFO: at 1102.292 ms batch [76.335] delay 3.438 ms
INFO: at 1105.731 ms batch [53.182] delay 3.438 ms
INFO: at 1109.170 ms batch [100.000] delay 3.438 ms
INFO: at 1112.609 ms batch [42.103] delay 3.438 ms
INFO: at 1116.047 ms batch [69.793] delay 3.438 ms
INFO: at 1119.486 ms batch [66.903] delay 3.438 ms
INFO: at 1122.925 ms batch [38.219] delay 3.438 ms
INFO: at 1126.363 ms batch [60.688] delay 3.438 ms
INFO: at 1129.802 ms batch [77.366] delay 3.438 ms
INFO: at 1133.241 ms batch [69.582] delay 3.438 ms
INFO: at 1136.679 ms batch [41.670] delay 3.438 ms
INFO: at 1140.119 ms batch [39.468] delay 3.437 ms
INFO: at 1143.557 ms batch [73.045] delay 3.438 ms
INFO: at 1146.997 ms batch [38.870] delay 3.438 ms
INFO: at 1150.435 ms batch [38.646] delay 3.438 ms
INFO: at 1153.874 ms batch [49.626] delay 3.438 ms
INFO: at 1157.313 ms batch [70.254] delay 3.438 ms
INFO: at 1160.752 ms batch [69.364] delay 3.438 ms
INFO: at 1164.191 ms batch [55.928] delay 2.750 ms
INFO: at 1166.942 ms batch [34.794] delay 2.750 ms
INFO: at 1169.693 ms batch [48.433] delay 2.750 ms
INFO: at 1172.445 ms batch [42.279] delay 2.750 ms
INFO: at 1175.196 ms batch [23.429] delay 2.750 ms
INFO: at 1177.947 ms batch [78.486] delay 2.750 ms
INFO: at 1180.698 ms batch [62.051] delay 2.750 ms
INFO: at 1183.450 ms batch [57.076] delay 2.750 ms
INFO: at 1186.204 ms batch [61.165] delay 2.750 ms
INFO: at 1188.956 ms batch [65.350] delay 2.750 ms
INFO: at 1191.707 ms batch [37.544] delay 3.056 ms
INFO: at 1194.764 ms batch [71.984] delay 3.056 ms
INFO: at 1197.821 ms batch [65.554] delay 3.056 ms
INFO: at 1200.878 ms batch [41.268] delay 3.056 ms
INFO: at 1203.935 ms batch [68.710] delay 3.056 ms
INFO: at 1206.991 ms batch [61.397] delay 3.056 ms
INFO: at 1210.048 ms batch [68.958] delay 3.056 ms
INFO: at 1213.105 ms batch [66.340] delay 3.056 ms
INFO: at 1216.162 ms batch [55.326] delay 0.000 ms
INFO: at 1026.638 ms fetching 69.155 ms
INFO: at 1031.224 ms fetching 45.284 ms
INFO: at 1035.809 ms fetching 59.808 ms
INFO: at 1040.394 ms fetching 67.509 ms
INFO: at 1044.979 ms fetching 42.474 ms
INFO: at 1049.563 ms fetching 44.032 ms
INFO: at 1054.148 ms fetching 32.563 ms
INFO: at 1057.587 ms fetching 46.999 ms
INFO: at 1061.026 ms fetching 49.904 ms
INFO: at 1064.466 ms fetching 72.518 ms
INFO: at 1067.905 ms fetching 82.368 ms
INFO: at 1071.344 ms fetching 51.079 ms
INFO: at 1074.782 ms fetching 63.352 ms
INFO: at 1078.221 ms fetching 29.254 ms
INFO: at 1081.660 ms fetching 72.254 ms
INFO: at 1085.099 ms fetching 56.502 ms
INFO: at 1088.538 ms fetching 40.092 ms
INFO: at 1091.976 ms fetching 49.137 ms
INFO: at 1095.415 ms fetching 65.144 ms
INFO: at 1098.854 ms fetching 45.069 ms
INFO: at 1102.292 ms fetching 76.335 ms
INFO: at 1105.731 ms fetching 53.182 ms
INFO: at 1109.170 ms fetching 100.000 ms
INFO: at 1112.609 ms fetching 42.103 ms
INFO: at 1116.047 ms fetching 69.793 ms
INFO: at 1119.486 ms fetching 66.903 ms
INFO: at 1122.925 ms fetching 38.219 ms
INFO: at 1126.363 ms fetching 60.688 ms
INFO: at 1129.802 ms fetching 77.366 ms
INFO: at 1133.241 ms fetching 69.582 ms
INFO: at 1136.679 ms fetching 41.670 ms
INFO: at 1140.119 ms fetching 39.468 ms
INFO: at 1143.557 ms fetching 73.045 ms
INFO: at 1146.997 ms fetching 38.870 ms
INFO: at 1150.435 ms fetching 38.646 ms
INFO: at 1153.874 ms fetching 49.626 ms
INFO: at 1157.313 ms fetching 70.254 ms
INFO: at 1160.752 ms fetching 69.364 ms
INFO: at 1164.191 ms fetching 55.928 ms
INFO: at 1166.942 ms fetching 34.794 ms
INFO: at 1169.693 ms fetching 48.433 ms
INFO: at 1172.445 ms fetching 42.279 ms
INFO: at 1175.196 ms fetching 23.429 ms
INFO: at 1177.947 ms fetching 78.486 ms
INFO: at 1180.698 ms fetching 62.051 ms
INFO: at 1183.450 ms fetching 57.076 ms
INFO: at 1186.204 ms fetching 61.165 ms
INFO: at 1188.956 ms fetching 65.350 ms
INFO: at 1191.707 ms fetching 37.544 ms
INFO: at 1194.764 ms fetching 71.984 ms
INFO: at 1197.821 ms fetching 65.554 ms
INFO: at 1200.878 ms fetching 41.268 ms
INFO: at 1203.935 ms fetching 68.710 ms
INFO: at 1206.991 ms fetching 61.397 ms
INFO: at 1210.048 ms fetching 68.958 ms
INFO: at 1213.105 ms fetching 66.340 ms
INFO: at 1216.162 ms fetching 55.326 ms
INFO: done
22-01-26:16:08:00 INFO     [docker_logging_utils.py:19] [default-cluster] Created logging directory: /home/cc/yuqing/log/sigma/two/1.5_x_P99/clipper/logs
22-01-26:16:08:57 INFO     [clipper_admin.py:1424] [default-cluster] Stopped all Clipper cluster and all model containers
