22-04-16:17:10:55 INFO     [docker_container_manager.py:192] [default-cluster] Starting managed Redis instance in Docker
22-04-16:17:10:57 INFO     [docker_container_manager.py:294] [default-cluster] Metric Configuration Saved at /tmp/tmpt1c77pn5.yml
22-04-16:17:10:57 INFO     [clipper_admin.py:162] [default-cluster] Clipper is running
22-04-16:17:10:57 INFO     [clipper_admin.py:236] [default-cluster] Application fake-model was successfully registered
22-04-16:17:10:57 INFO     [deployer_utils.py:41] Saving function to /tmp/tmpt1evqn7tclipper
22-04-16:17:10:57 INFO     [deployer_utils.py:51] Serialized and supplied predict function
22-04-16:17:10:57 INFO     [python.py:192] Python closure saved
22-04-16:17:10:57 INFO     [python.py:210] Using Python 3.7 base image
22-04-16:17:10:57 INFO     [clipper_admin.py:534] [default-cluster] Building model Docker image with model data from /tmp/tmpt1evqn7tclipper
22-04-16:17:10:58 INFO     [clipper_admin.py:539] [default-cluster] Step 1/2 : FROM clipper/python37-closure-container:develop
22-04-16:17:10:58 INFO     [clipper_admin.py:539] [default-cluster]  ---> 2660542c0759
22-04-16:17:10:58 INFO     [clipper_admin.py:539] [default-cluster] Step 2/2 : COPY /tmp/tmpt1evqn7tclipper /model/
22-04-16:17:10:58 INFO     [clipper_admin.py:539] [default-cluster]  ---> 782b73639faf
22-04-16:17:10:58 INFO     [clipper_admin.py:539] [default-cluster] Successfully built 782b73639faf
22-04-16:17:10:58 INFO     [clipper_admin.py:539] [default-cluster] Successfully tagged default-cluster-fake-model:1
22-04-16:17:10:58 INFO     [clipper_admin.py:541] [default-cluster] Pushing model Docker image to default-cluster-fake-model:1
22-04-16:17:10:58 INFO     [docker_container_manager.py:433] [default-cluster] Found 0 replicas for fake-model:1. Adding 1
22-04-16:17:10:58 INFO     [clipper_admin.py:724] [default-cluster] Successfully registered model fake-model:1
22-04-16:17:10:58 INFO     [clipper_admin.py:642] [default-cluster] Done deploying model fake-model:1.
22-04-16:17:10:58 INFO     [clipper_admin.py:303] [default-cluster] Model fake-model is now linked to application fake-model
INFO: waiting for ready to serve
INFO: waiting for ready to serve
INFO: waiting for ready to serve
INFO: waiting for ready to serve
INFO: ready to go
INFO: rock and roll
INFO: at 6.225 ms batch [45.315] delay 22.657 ms
INFO: at 6.225 ms fetching 45.315 ms
INFO: at 28.891 ms batch [45.315] delay 22.657 ms
INFO: at 28.891 ms fetching 45.315 ms
INFO: at 51.551 ms batch [45.315] delay 22.657 ms
INFO: at 51.551 ms fetching 45.315 ms
INFO: at 74.215 ms batch [45.315] delay 22.657 ms
INFO: at 74.215 ms fetching 45.315 ms
INFO: at 96.875 ms batch [45.315] delay 22.657 ms
INFO: at 96.875 ms fetching 45.315 ms
INFO: at 119.535 ms batch [45.315] delay 22.657 ms
INFO: at 119.535 ms fetching 45.315 ms
INFO: at 142.196 ms batch [45.315] delay 22.657 ms
INFO: at 142.196 ms fetching 45.315 ms
INFO: at 164.858 ms batch [45.315] delay 22.657 ms
INFO: at 164.858 ms fetching 45.315 ms
INFO: at 187.520 ms batch [45.315] delay 22.657 ms
INFO: at 187.520 ms fetching 45.315 ms
INFO: at 210.181 ms batch [45.315] delay 22.657 ms
INFO: at 210.181 ms fetching 45.315 ms
INFO: at 232.844 ms batch [45.315] delay 28.322 ms
INFO: at 232.844 ms fetching 45.315 ms
INFO: at 261.171 ms batch [45.315] delay 28.322 ms
INFO: at 261.171 ms fetching 45.315 ms
INFO: at 289.497 ms batch [45.315] delay 28.322 ms
INFO: at 289.497 ms fetching 45.315 ms
INFO: at 317.823 ms batch [45.315] delay 28.322 ms
INFO: at 317.823 ms fetching 45.315 ms
INFO: at 346.149 ms batch [45.315] delay 28.322 ms
INFO: at 346.149 ms fetching 45.315 ms
INFO: at 374.474 ms batch [45.315] delay 28.322 ms
INFO: at 374.474 ms fetching 45.315 ms
INFO: at 402.802 ms batch [45.315] delay 28.322 ms
INFO: at 402.802 ms fetching 45.315 ms
INFO: at 431.128 ms batch [45.315] delay 28.322 ms
INFO: at 431.128 ms fetching 45.315 ms
INFO: at 459.456 ms batch [45.315] delay 18.881 ms
INFO: at 459.456 ms fetching 45.315 ms
INFO: at 478.340 ms batch [45.315] delay 18.881 ms
INFO: at 478.340 ms fetching 45.315 ms
INFO: at 497.225 ms batch [45.315] delay 18.881 ms
INFO: at 497.225 ms fetching 45.315 ms
INFO: at 516.110 ms batch [45.315] delay 18.881 ms
INFO: at 516.110 ms fetching 45.315 ms
INFO: at 534.995 ms batch [45.315] delay 18.881 ms
INFO: at 534.995 ms fetching 45.315 ms
INFO: at 553.880 ms batch [45.315] delay 18.881 ms
INFO: at 553.880 ms fetching 45.315 ms
INFO: at 572.764 ms batch [45.315] delay 18.881 ms
INFO: at 572.764 ms fetching 45.315 ms
INFO: at 591.649 ms batch [45.315] delay 18.881 ms
INFO: at 591.649 ms fetching 45.315 ms
INFO: at 610.533 ms batch [45.315] delay 18.881 ms
INFO: at 610.533 ms fetching 45.315 ms
INFO: at 629.418 ms batch [45.315] delay 18.881 ms
INFO: at 629.418 ms fetching 45.315 ms
INFO: at 648.302 ms batch [45.315] delay 18.881 ms
INFO: at 648.302 ms fetching 45.315 ms
INFO: at 667.186 ms batch [45.315] delay 18.881 ms
INFO: at 667.186 ms fetching 45.315 ms
INFO: at 686.071 ms batch [45.315] delay 15.105 ms
INFO: at 686.071 ms fetching 45.315 ms
INFO: at 701.178 ms batch [45.315] delay 15.105 ms
INFO: at 701.178 ms fetching 45.315 ms
INFO: at 716.286 ms batch [45.315] delay 15.105 ms
INFO: at 716.286 ms fetching 45.315 ms
INFO: at 731.395 ms batch [45.315] delay 15.105 ms
INFO: at 731.395 ms fetching 45.315 ms
INFO: at 746.502 ms batch [45.315] delay 15.105 ms
INFO: at 746.502 ms fetching 45.315 ms
INFO: at 761.611 ms batch [45.315] delay 15.105 ms
INFO: at 761.611 ms fetching 45.315 ms
INFO: at 776.718 ms batch [45.315] delay 15.105 ms
INFO: at 776.718 ms fetching 45.315 ms
INFO: at 791.826 ms batch [45.315] delay 15.105 ms
INFO: at 791.826 ms fetching 45.315 ms
INFO: at 807.750 ms batch [45.315] delay 15.105 ms
INFO: at 807.750 ms fetching 45.315 ms
INFO: at 822.857 ms batch [45.315] delay 15.105 ms
INFO: at 822.857 ms fetching 45.315 ms
INFO: at 837.964 ms batch [45.315] delay 15.105 ms
INFO: at 837.964 ms fetching 45.315 ms
INFO: at 853.073 ms batch [45.315] delay 15.105 ms
INFO: at 853.073 ms fetching 45.315 ms
INFO: at 868.184 ms batch [45.315] delay 15.105 ms
INFO: at 868.184 ms fetching 45.315 ms
INFO: at 883.293 ms batch [45.315] delay 15.105 ms
INFO: at 883.293 ms fetching 45.315 ms
INFO: at 898.399 ms batch [45.315] delay 15.105 ms
INFO: at 898.399 ms fetching 45.315 ms
INFO: at 913.507 ms batch [45.315] delay 25.175 ms
INFO: at 913.507 ms fetching 45.315 ms
INFO: at 938.685 ms batch [45.315] delay 25.175 ms
INFO: at 938.685 ms fetching 45.315 ms
INFO: at 963.864 ms batch [45.315] delay 25.175 ms
INFO: at 963.864 ms fetching 45.315 ms
INFO: at 989.055 ms batch [45.315] delay 25.175 ms
INFO: at 989.055 ms fetching 45.315 ms
INFO: at 1014.233 ms batch [45.315] delay 25.175 ms
INFO: at 1014.233 ms fetching 45.315 ms
INFO: at 1039.412 ms batch [45.315] delay 25.175 ms
INFO: at 1039.412 ms fetching 45.315 ms
INFO: at 1064.593 ms batch [45.315] delay 25.175 ms
INFO: at 1064.593 ms fetching 45.315 ms
INFO: at 1089.772 ms batch [45.315] delay 25.175 ms
INFO: at 1089.772 ms fetching 45.315 ms
INFO: at 1114.951 ms batch [45.315] delay 25.175 ms
INFO: at 1114.951 ms fetching 45.315 ms
INFO: at 1140.130 ms batch [45.315] delay 22.657 ms
INFO: at 1140.130 ms fetching 45.315 ms
INFO: at 1162.795 ms batch [45.315] delay 22.657 ms
INFO: at 1162.795 ms fetching 45.315 ms
INFO: at 1185.456 ms batch [45.315] delay 22.657 ms
INFO: at 1185.456 ms fetching 45.315 ms
INFO: at 1208.117 ms batch [45.315] delay 22.657 ms
INFO: at 1208.117 ms fetching 45.315 ms
INFO: at 1230.792 ms batch [45.315] delay 22.657 ms
INFO: at 1230.792 ms fetching 45.315 ms
INFO: at 1253.453 ms batch [45.315] delay 22.657 ms
INFO: at 1253.453 ms fetching 45.315 ms
INFO: at 1276.114 ms batch [45.315] delay 22.657 ms
INFO: at 1276.114 ms fetching 45.315 ms
INFO: at 1298.775 ms batch [45.315] delay 22.657 ms
INFO: at 1298.775 ms fetching 45.315 ms
INFO: at 1321.437 ms batch [45.315] delay 22.657 ms
INFO: at 1321.437 ms fetching 45.315 ms
INFO: at 1344.098 ms batch [45.315] delay 22.657 ms
INFO: at 1344.098 ms fetching 45.315 ms
INFO: at 1366.759 ms batch [45.315] delay 20.598 ms
INFO: at 1366.759 ms fetching 45.315 ms
INFO: at 1387.362 ms batch [45.315] delay 20.598 ms
INFO: at 1387.362 ms fetching 45.315 ms
INFO: at 1407.963 ms batch [45.315] delay 20.598 ms
INFO: at 1407.963 ms fetching 45.315 ms
INFO: at 1428.564 ms batch [45.315] delay 20.598 ms
INFO: at 1428.564 ms fetching 45.315 ms
INFO: at 1449.165 ms batch [45.315] delay 20.598 ms
INFO: at 1449.165 ms fetching 45.315 ms
INFO: at 1469.766 ms batch [45.315] delay 20.598 ms
INFO: at 1469.766 ms fetching 45.315 ms
INFO: at 1490.369 ms batch [45.315] delay 20.598 ms
INFO: at 1490.369 ms fetching 45.315 ms
INFO: at 1510.970 ms batch [45.315] delay 20.598 ms
INFO: at 1510.970 ms fetching 45.315 ms
INFO: at 1531.571 ms batch [45.315] delay 20.598 ms
INFO: at 1531.571 ms fetching 45.315 ms
INFO: at 1552.175 ms batch [45.315] delay 20.598 ms
INFO: at 1552.175 ms fetching 45.315 ms
INFO: at 1572.777 ms batch [45.315] delay 20.598 ms
INFO: at 1572.777 ms fetching 45.315 ms
INFO: at 1593.378 ms batch [45.315] delay 25.175 ms
INFO: at 1593.378 ms fetching 45.315 ms
INFO: at 1618.557 ms batch [45.315] delay 25.175 ms
INFO: at 1618.557 ms fetching 45.315 ms
INFO: at 1643.735 ms batch [45.315] delay 25.175 ms
INFO: at 1643.735 ms fetching 45.315 ms
INFO: at 1668.915 ms batch [45.315] delay 25.175 ms
INFO: at 1668.915 ms fetching 45.315 ms
INFO: at 1694.093 ms batch [45.315] delay 25.175 ms
INFO: at 1694.093 ms fetching 45.315 ms
INFO: at 1719.271 ms batch [45.315] delay 25.175 ms
INFO: at 1719.271 ms fetching 45.315 ms
INFO: at 1744.450 ms batch [45.315] delay 25.175 ms
INFO: at 1744.450 ms fetching 45.315 ms
INFO: at 1769.629 ms batch [45.315] delay 25.175 ms
INFO: at 1769.629 ms fetching 45.315 ms
INFO: at 1794.807 ms batch [45.315] delay 25.175 ms
INFO: at 1794.807 ms fetching 45.315 ms
INFO: at 1819.987 ms batch [45.315] delay 22.657 ms
INFO: at 1819.987 ms fetching 45.315 ms
INFO: at 1842.648 ms batch [45.315] delay 22.657 ms
INFO: at 1842.648 ms fetching 45.315 ms
INFO: at 1865.309 ms batch [45.315] delay 22.657 ms
INFO: at 1865.309 ms fetching 45.315 ms
INFO: at 1887.971 ms batch [45.315] delay 22.657 ms
INFO: at 1887.971 ms fetching 45.315 ms
INFO: at 1910.631 ms batch [45.315] delay 22.657 ms
INFO: at 1910.631 ms fetching 45.315 ms
INFO: at 1933.292 ms batch [45.315] delay 22.657 ms
INFO: at 1933.292 ms fetching 45.315 ms
INFO: at 1955.953 ms batch [45.315] delay 22.657 ms
INFO: at 1955.953 ms fetching 45.315 ms
INFO: at 1978.614 ms batch [45.315] delay 22.657 ms
INFO: at 1978.614 ms fetching 45.315 ms
INFO: at 2001.275 ms batch [45.315] delay 22.657 ms
INFO: at 2001.275 ms fetching 45.315 ms
INFO: at 2023.937 ms batch [45.315] delay 22.657 ms
INFO: at 2023.937 ms fetching 45.315 ms
INFO: at 2046.599 ms batch [45.315] delay 20.598 ms
INFO: at 2046.599 ms fetching 45.315 ms
INFO: at 2067.201 ms batch [45.315] delay 20.598 ms
INFO: at 2067.201 ms fetching 45.315 ms
INFO: at 2087.803 ms batch [45.315] delay 20.598 ms
INFO: at 2087.803 ms fetching 45.315 ms
INFO: at 2108.404 ms batch [45.315] delay 20.598 ms
INFO: at 2108.404 ms fetching 45.315 ms
INFO: at 2129.005 ms batch [45.315] delay 20.598 ms
INFO: at 2129.005 ms fetching 45.315 ms
INFO: at 2149.607 ms batch [45.315] delay 20.598 ms
INFO: at 2149.607 ms fetching 45.315 ms
INFO: at 2170.208 ms batch [45.315] delay 20.598 ms
INFO: at 2170.208 ms fetching 45.315 ms
INFO: at 2190.809 ms batch [45.315] delay 20.598 ms
INFO: at 2190.809 ms fetching 45.315 ms
INFO: at 2211.410 ms batch [45.315] delay 20.598 ms
INFO: at 2211.410 ms fetching 45.315 ms
INFO: at 2232.011 ms batch [45.315] delay 20.598 ms
INFO: at 2232.011 ms fetching 45.315 ms
INFO: at 2252.612 ms batch [45.315] delay 20.598 ms
INFO: at 2252.612 ms fetching 45.315 ms
INFO: at 2273.215 ms batch [45.315] delay 22.657 ms
INFO: at 2273.215 ms fetching 45.315 ms
INFO: at 2295.878 ms batch [45.315] delay 22.657 ms
INFO: at 2295.878 ms fetching 45.315 ms
INFO: at 2318.539 ms batch [45.315] delay 22.657 ms
INFO: at 2318.539 ms fetching 45.315 ms
INFO: at 2341.201 ms batch [45.315] delay 22.657 ms
INFO: at 2341.201 ms fetching 45.315 ms
INFO: at 2363.861 ms batch [45.315] delay 22.657 ms
INFO: at 2363.861 ms fetching 45.315 ms
INFO: at 2386.523 ms batch [45.315] delay 22.657 ms
INFO: at 2386.523 ms fetching 45.315 ms
INFO: at 2409.185 ms batch [45.315] delay 22.657 ms
INFO: at 2409.185 ms fetching 45.315 ms
INFO: at 2431.846 ms batch [45.315] delay 22.657 ms
INFO: at 2431.846 ms fetching 45.315 ms
INFO: at 2454.506 ms batch [45.315] delay 22.657 ms
INFO: at 2454.506 ms fetching 45.315 ms
INFO: at 2477.168 ms batch [45.315] delay 22.657 ms
INFO: at 2477.168 ms fetching 45.315 ms
INFO: at 2499.829 ms batch [45.315] delay 18.881 ms
INFO: at 2499.829 ms fetching 45.315 ms
INFO: at 2518.713 ms batch [45.315] delay 18.881 ms
INFO: at 2518.713 ms fetching 45.315 ms
INFO: at 2537.598 ms batch [45.315] delay 18.881 ms
INFO: at 2537.598 ms fetching 45.315 ms
INFO: at 2556.482 ms batch [45.315] delay 18.881 ms
INFO: at 2556.482 ms fetching 45.315 ms
INFO: at 2575.367 ms batch [45.315] delay 18.881 ms
INFO: at 2575.367 ms fetching 45.315 ms
INFO: at 2594.251 ms batch [45.315] delay 18.881 ms
INFO: at 2594.251 ms fetching 45.315 ms
INFO: at 2613.135 ms batch [45.315] delay 18.881 ms
INFO: at 2613.135 ms fetching 45.315 ms
INFO: at 2632.020 ms batch [45.315] delay 18.881 ms
INFO: at 2632.020 ms fetching 45.315 ms
INFO: at 2650.904 ms batch [45.315] delay 18.881 ms
INFO: at 2650.904 ms fetching 45.315 ms
INFO: at 2669.789 ms batch [45.315] delay 18.881 ms
INFO: at 2669.789 ms fetching 45.315 ms
INFO: at 2688.673 ms batch [45.315] delay 18.881 ms
INFO: at 2688.673 ms fetching 45.315 ms
INFO: at 2707.558 ms batch [45.315] delay 18.881 ms
INFO: at 2707.558 ms fetching 45.315 ms
INFO: at 2726.443 ms batch [45.315] delay 22.657 ms
INFO: at 2726.443 ms fetching 45.315 ms
INFO: at 2749.104 ms batch [45.315] delay 22.657 ms
INFO: at 2749.104 ms fetching 45.315 ms
INFO: at 2771.765 ms batch [45.315] delay 22.657 ms
INFO: at 2771.765 ms fetching 45.315 ms
INFO: at 2794.426 ms batch [45.315] delay 22.657 ms
INFO: at 2794.426 ms fetching 45.315 ms
INFO: at 2817.089 ms batch [45.315] delay 22.657 ms
INFO: at 2817.089 ms fetching 45.315 ms
INFO: at 2839.750 ms batch [45.315] delay 22.657 ms
INFO: at 2839.750 ms fetching 45.315 ms
INFO: at 2862.411 ms batch [45.315] delay 22.657 ms
INFO: at 2862.411 ms fetching 45.315 ms
INFO: at 2885.072 ms batch [45.315] delay 22.657 ms
INFO: at 2885.072 ms fetching 45.315 ms
INFO: at 2907.733 ms batch [45.315] delay 22.657 ms
INFO: at 2907.733 ms fetching 45.315 ms
INFO: at 2930.395 ms batch [45.315] delay 22.657 ms
INFO: at 2930.395 ms fetching 45.315 ms
INFO: at 2953.057 ms batch [45.315] delay 20.598 ms
INFO: at 2953.057 ms fetching 45.315 ms
INFO: at 2973.658 ms batch [45.315] delay 20.598 ms
INFO: at 2973.658 ms fetching 45.315 ms
INFO: at 2994.260 ms batch [45.315] delay 20.598 ms
INFO: at 2994.260 ms fetching 45.315 ms
INFO: at 3014.861 ms batch [45.315] delay 20.598 ms
INFO: at 3014.861 ms fetching 45.315 ms
INFO: at 3035.463 ms batch [45.315] delay 20.598 ms
INFO: at 3035.463 ms fetching 45.315 ms
INFO: at 3056.064 ms batch [45.315] delay 20.598 ms
INFO: at 3056.064 ms fetching 45.315 ms
INFO: at 3076.665 ms batch [45.315] delay 20.598 ms
INFO: at 3076.665 ms fetching 45.315 ms
INFO: at 3097.266 ms batch [45.315] delay 20.598 ms
INFO: at 3097.266 ms fetching 45.315 ms
INFO: at 3117.867 ms batch [45.315] delay 20.598 ms
INFO: at 3117.867 ms fetching 45.315 ms
INFO: at 3138.468 ms batch [45.315] delay 20.598 ms
INFO: at 3138.468 ms fetching 45.315 ms
INFO: at 3159.070 ms batch [45.315] delay 20.598 ms
INFO: at 3159.070 ms fetching 45.315 ms
INFO: at 3179.671 ms batch [45.315] delay 25.175 ms
INFO: at 3179.671 ms fetching 45.315 ms
INFO: at 3204.851 ms batch [45.315] delay 25.175 ms
INFO: at 3204.851 ms fetching 45.315 ms
INFO: at 3230.029 ms batch [45.315] delay 25.175 ms
INFO: at 3230.029 ms fetching 45.315 ms
INFO: at 3255.209 ms batch [45.315] delay 25.175 ms
INFO: at 3255.209 ms fetching 45.315 ms
INFO: at 3280.388 ms batch [45.315] delay 25.175 ms
INFO: at 3280.388 ms fetching 45.315 ms
INFO: at 3305.567 ms batch [45.315] delay 25.175 ms
INFO: at 3305.567 ms fetching 45.315 ms
INFO: at 3330.745 ms batch [45.315] delay 25.175 ms
INFO: at 3330.745 ms fetching 45.315 ms
INFO: at 3355.924 ms batch [45.315] delay 25.175 ms
INFO: at 3355.924 ms fetching 45.315 ms
INFO: at 3381.103 ms batch [45.315] delay 25.175 ms
INFO: at 3381.103 ms fetching 45.315 ms
INFO: at 3406.282 ms batch [45.315] delay 17.429 ms
INFO: at 3406.282 ms fetching 45.315 ms
INFO: at 3423.714 ms batch [45.315] delay 17.429 ms
INFO: at 3423.714 ms fetching 45.315 ms
INFO: at 3441.147 ms batch [45.315] delay 17.429 ms
INFO: at 3441.147 ms fetching 45.315 ms
INFO: at 3458.580 ms batch [45.315] delay 17.429 ms
INFO: at 3458.580 ms fetching 45.315 ms
INFO: at 3476.011 ms batch [45.315] delay 17.429 ms
INFO: at 3476.011 ms fetching 45.315 ms
INFO: at 3493.443 ms batch [45.315] delay 17.429 ms
INFO: at 3493.443 ms fetching 45.315 ms
INFO: at 3510.875 ms batch [45.315] delay 17.429 ms
INFO: at 3510.875 ms fetching 45.315 ms
INFO: at 3528.307 ms batch [45.315] delay 17.429 ms
INFO: at 3528.307 ms fetching 45.315 ms
INFO: at 3545.738 ms batch [45.315] delay 17.429 ms
INFO: at 3545.738 ms fetching 45.315 ms
INFO: at 3563.170 ms batch [45.315] delay 17.429 ms
INFO: at 3563.170 ms fetching 45.315 ms
INFO: at 3580.602 ms batch [45.315] delay 17.429 ms
INFO: at 3580.602 ms fetching 45.315 ms
INFO: at 3598.034 ms batch [45.315] delay 17.429 ms
INFO: at 3598.034 ms fetching 45.315 ms
INFO: at 3615.468 ms batch [45.315] delay 17.429 ms
INFO: at 3615.468 ms fetching 45.315 ms
INFO: at 3632.900 ms batch [45.315] delay 25.175 ms
INFO: at 3632.900 ms fetching 45.315 ms
INFO: at 3658.080 ms batch [45.315] delay 25.175 ms
INFO: at 3658.080 ms fetching 45.315 ms
INFO: at 3683.258 ms batch [45.315] delay 25.175 ms
INFO: at 3683.258 ms fetching 45.315 ms
INFO: at 3708.437 ms batch [45.315] delay 25.175 ms
INFO: at 3708.437 ms fetching 45.315 ms
INFO: at 3733.616 ms batch [45.315] delay 25.175 ms
INFO: at 3733.616 ms fetching 45.315 ms
INFO: at 3758.795 ms batch [45.315] delay 25.175 ms
INFO: at 3758.795 ms fetching 45.315 ms
INFO: at 3783.974 ms batch [45.315] delay 25.175 ms
INFO: at 3783.974 ms fetching 45.315 ms
INFO: at 3809.152 ms batch [45.315] delay 25.175 ms
INFO: at 3809.152 ms fetching 45.315 ms
INFO: at 3834.331 ms batch [45.315] delay 25.175 ms
INFO: at 3834.331 ms fetching 45.315 ms
INFO: at 3859.510 ms batch [45.315] delay 37.762 ms
INFO: at 3859.510 ms fetching 45.315 ms
INFO: at 3897.278 ms batch [45.315] delay 37.762 ms
INFO: at 3897.278 ms fetching 45.315 ms
INFO: at 3935.044 ms batch [45.315] delay 37.762 ms
INFO: at 3935.044 ms fetching 45.315 ms
INFO: at 3972.810 ms batch [45.315] delay 37.762 ms
INFO: at 3972.810 ms fetching 45.315 ms
INFO: at 4010.577 ms batch [45.315] delay 37.762 ms
INFO: at 4010.577 ms fetching 45.315 ms
INFO: at 4048.345 ms batch [45.315] delay 37.762 ms
INFO: at 4048.345 ms fetching 45.315 ms
INFO: at 4086.112 ms batch [45.315] delay 25.175 ms
INFO: at 4086.112 ms fetching 45.315 ms
INFO: at 4111.290 ms batch [45.315] delay 25.175 ms
INFO: at 4111.290 ms fetching 45.315 ms
INFO: at 4136.471 ms batch [45.315] delay 25.175 ms
INFO: at 4136.471 ms fetching 45.315 ms
INFO: at 4161.649 ms batch [45.315] delay 25.175 ms
INFO: at 4161.649 ms fetching 45.315 ms
INFO: at 4186.829 ms batch [45.315] delay 25.175 ms
INFO: at 4186.829 ms fetching 45.315 ms
INFO: at 4212.009 ms batch [45.315] delay 25.175 ms
INFO: at 4212.009 ms fetching 45.315 ms
INFO: at 4237.188 ms batch [45.315] delay 25.175 ms
INFO: at 4237.188 ms fetching 45.315 ms
INFO: at 4262.366 ms batch [45.315] delay 25.175 ms
INFO: at 4262.366 ms fetching 45.315 ms
INFO: at 4287.545 ms batch [45.315] delay 25.175 ms
INFO: at 4287.545 ms fetching 45.315 ms
INFO: at 4312.724 ms batch [45.315] delay 25.175 ms
INFO: at 4312.724 ms fetching 45.315 ms
INFO: at 4337.903 ms batch [45.315] delay 25.175 ms
INFO: at 4337.903 ms fetching 45.315 ms
INFO: at 4363.082 ms batch [45.315] delay 25.175 ms
INFO: at 4363.082 ms fetching 45.315 ms
INFO: at 4388.263 ms batch [45.315] delay 25.175 ms
INFO: at 4388.263 ms fetching 45.315 ms
INFO: at 4413.441 ms batch [45.315] delay 25.175 ms
INFO: at 4413.441 ms fetching 45.315 ms
INFO: at 4438.619 ms batch [45.315] delay 25.175 ms
INFO: at 4438.619 ms fetching 45.315 ms
INFO: at 4463.799 ms batch [45.315] delay 25.175 ms
INFO: at 4463.799 ms fetching 45.315 ms
INFO: at 4488.977 ms batch [45.315] delay 25.175 ms
INFO: at 4488.977 ms fetching 45.315 ms
INFO: at 4514.156 ms batch [45.315] delay 25.175 ms
INFO: at 4514.156 ms fetching 45.315 ms
INFO: at 4539.335 ms batch [45.315] delay 37.762 ms
INFO: at 4539.335 ms fetching 45.315 ms
INFO: at 4577.103 ms batch [45.315] delay 37.762 ms
INFO: at 4577.103 ms fetching 45.315 ms
INFO: at 4614.870 ms batch [45.315] delay 37.762 ms
INFO: at 4614.870 ms fetching 45.315 ms
INFO: at 4652.638 ms batch [45.315] delay 37.762 ms
INFO: at 4652.638 ms fetching 45.315 ms
INFO: at 4690.405 ms batch [45.315] delay 37.762 ms
INFO: at 4690.405 ms fetching 45.315 ms
INFO: at 4728.173 ms batch [45.315] delay 37.762 ms
INFO: at 4728.173 ms fetching 45.315 ms
INFO: at 4765.939 ms batch [45.315] delay 20.598 ms
INFO: at 4765.939 ms fetching 45.315 ms
INFO: at 4786.540 ms batch [45.315] delay 20.598 ms
INFO: at 4786.540 ms fetching 45.315 ms
INFO: at 4807.143 ms batch [45.315] delay 20.598 ms
INFO: at 4807.143 ms fetching 45.315 ms
INFO: at 4827.746 ms batch [45.315] delay 20.598 ms
INFO: at 4827.746 ms fetching 45.315 ms
INFO: at 4848.351 ms batch [45.315] delay 20.598 ms
INFO: at 4848.351 ms fetching 45.315 ms
INFO: at 4868.978 ms batch [45.315] delay 20.598 ms
INFO: at 4868.978 ms fetching 45.315 ms
INFO: at 4889.582 ms batch [45.315] delay 20.598 ms
INFO: at 4889.582 ms fetching 45.315 ms
INFO: at 4910.185 ms batch [45.315] delay 20.598 ms
INFO: at 4910.185 ms fetching 45.315 ms
INFO: at 4930.788 ms batch [45.315] delay 20.598 ms
INFO: at 4930.788 ms fetching 45.315 ms
INFO: at 4951.392 ms batch [45.315] delay 20.598 ms
INFO: at 4951.392 ms fetching 45.315 ms
INFO: at 4971.994 ms batch [45.315] delay 20.598 ms
INFO: at 4971.994 ms fetching 45.315 ms
INFO: at 4992.595 ms batch [45.315] delay 22.657 ms
INFO: at 4992.595 ms fetching 45.315 ms
INFO: at 5015.258 ms batch [45.315] delay 22.657 ms
INFO: at 5015.258 ms fetching 45.315 ms
INFO: at 5037.921 ms batch [45.315] delay 22.657 ms
INFO: at 5037.921 ms fetching 45.315 ms
INFO: at 5060.584 ms batch [45.315] delay 22.657 ms
INFO: at 5060.584 ms fetching 45.315 ms
INFO: at 5083.246 ms batch [45.315] delay 22.657 ms
INFO: at 5083.246 ms fetching 45.315 ms
INFO: at 5105.910 ms batch [45.315] delay 22.657 ms
INFO: at 5105.910 ms fetching 45.315 ms
INFO: at 5128.572 ms batch [45.315] delay 22.657 ms
INFO: at 5128.572 ms fetching 45.315 ms
INFO: at 5151.235 ms batch [45.315] delay 22.657 ms
INFO: at 5151.235 ms fetching 45.315 ms
INFO: at 5173.899 ms batch [45.315] delay 22.657 ms
INFO: at 5173.899 ms fetching 45.315 ms
INFO: at 5196.562 ms batch [45.315] delay 22.657 ms
INFO: at 5196.562 ms fetching 45.315 ms
INFO: at 5219.223 ms batch [45.315] delay 20.598 ms
INFO: at 5219.223 ms fetching 45.315 ms
INFO: at 5239.825 ms batch [45.315] delay 20.598 ms
INFO: at 5239.825 ms fetching 45.315 ms
INFO: at 5260.427 ms batch [45.315] delay 20.598 ms
INFO: at 5260.427 ms fetching 45.315 ms
INFO: at 5281.052 ms batch [45.315] delay 20.598 ms
INFO: at 5281.052 ms fetching 45.315 ms
INFO: at 5301.656 ms batch [45.315] delay 20.598 ms
INFO: at 5301.656 ms fetching 45.315 ms
INFO: at 5322.260 ms batch [45.315] delay 20.598 ms
INFO: at 5322.260 ms fetching 45.315 ms
INFO: at 5342.864 ms batch [45.315] delay 20.598 ms
INFO: at 5342.864 ms fetching 45.315 ms
INFO: at 5363.469 ms batch [45.315] delay 20.598 ms
INFO: at 5363.469 ms fetching 45.315 ms
INFO: at 5384.073 ms batch [45.315] delay 20.598 ms
INFO: at 5384.073 ms fetching 45.315 ms
INFO: at 5404.678 ms batch [45.315] delay 20.598 ms
INFO: at 5404.678 ms fetching 45.315 ms
INFO: at 5425.280 ms batch [45.315] delay 20.598 ms
INFO: at 5425.280 ms fetching 45.315 ms
INFO: at 5445.882 ms batch [45.315] delay 20.598 ms
INFO: at 5445.882 ms fetching 45.315 ms
INFO: at 5466.482 ms batch [45.315] delay 20.598 ms
INFO: at 5466.482 ms fetching 45.315 ms
INFO: at 5487.084 ms batch [45.315] delay 20.598 ms
INFO: at 5487.084 ms fetching 45.315 ms
INFO: at 5507.689 ms batch [45.315] delay 20.598 ms
INFO: at 5507.689 ms fetching 45.315 ms
INFO: at 5528.292 ms batch [45.315] delay 20.598 ms
INFO: at 5528.292 ms fetching 45.315 ms
INFO: at 5548.897 ms batch [45.315] delay 20.598 ms
INFO: at 5548.897 ms fetching 45.315 ms
INFO: at 5569.501 ms batch [45.315] delay 20.598 ms
INFO: at 5569.501 ms fetching 45.315 ms
INFO: at 5590.106 ms batch [45.315] delay 20.598 ms
INFO: at 5590.106 ms fetching 45.315 ms
INFO: at 5610.709 ms batch [45.315] delay 20.598 ms
INFO: at 5610.709 ms fetching 45.315 ms
INFO: at 5631.313 ms batch [45.315] delay 20.598 ms
INFO: at 5631.313 ms fetching 45.315 ms
INFO: at 5651.917 ms batch [45.315] delay 20.598 ms
INFO: at 5651.917 ms fetching 45.315 ms
INFO: at 5672.519 ms batch [45.315] delay 16.184 ms
INFO: at 5672.519 ms fetching 45.315 ms
INFO: at 5688.705 ms batch [45.315] delay 16.184 ms
INFO: at 5688.705 ms fetching 45.315 ms
INFO: at 5704.894 ms batch [45.315] delay 16.184 ms
INFO: at 5704.894 ms fetching 45.315 ms
INFO: at 5721.080 ms batch [45.315] delay 16.184 ms
INFO: at 5721.080 ms fetching 45.315 ms
INFO: at 5737.267 ms batch [45.315] delay 16.184 ms
INFO: at 5737.267 ms fetching 45.315 ms
INFO: at 5753.454 ms batch [45.315] delay 16.184 ms
INFO: at 5753.454 ms fetching 45.315 ms
INFO: at 5769.641 ms batch [45.315] delay 16.184 ms
INFO: at 5769.641 ms fetching 45.315 ms
INFO: at 5785.827 ms batch [45.315] delay 16.184 ms
INFO: at 5785.827 ms fetching 45.315 ms
INFO: at 5802.014 ms batch [45.315] delay 16.184 ms
INFO: at 5802.014 ms fetching 45.315 ms
INFO: at 5818.200 ms batch [45.315] delay 16.184 ms
INFO: at 5818.200 ms fetching 45.315 ms
INFO: at 5834.390 ms batch [45.315] delay 16.184 ms
INFO: at 5834.390 ms fetching 45.315 ms
INFO: at 5850.576 ms batch [45.315] delay 16.184 ms
INFO: at 5850.576 ms fetching 45.315 ms
INFO: at 5866.786 ms batch [45.315] delay 16.184 ms
INFO: at 5866.786 ms fetching 45.315 ms
INFO: at 5882.972 ms batch [45.315] delay 16.184 ms
INFO: at 5882.972 ms fetching 45.315 ms
INFO: at 5899.159 ms batch [45.315] delay 22.657 ms
INFO: at 5899.159 ms fetching 45.315 ms
INFO: at 5921.822 ms batch [45.315] delay 22.657 ms
INFO: at 5921.822 ms fetching 45.315 ms
INFO: at 5944.487 ms batch [45.315] delay 22.657 ms
INFO: at 5944.487 ms fetching 45.315 ms
INFO: at 5967.150 ms batch [45.315] delay 22.657 ms
INFO: at 5967.150 ms fetching 45.315 ms
INFO: at 5989.812 ms batch [45.315] delay 22.657 ms
INFO: at 5989.812 ms fetching 45.315 ms
INFO: at 6012.475 ms batch [45.315] delay 22.657 ms
INFO: at 6012.475 ms fetching 45.315 ms
INFO: at 6035.138 ms batch [45.315] delay 22.657 ms
INFO: at 6035.138 ms fetching 45.315 ms
INFO: at 6057.801 ms batch [45.315] delay 22.657 ms
INFO: at 6057.801 ms fetching 45.315 ms
INFO: at 6080.466 ms batch [45.315] delay 22.657 ms
INFO: at 6080.466 ms fetching 45.315 ms
INFO: at 6103.126 ms batch [45.315] delay 22.657 ms
INFO: at 6103.126 ms fetching 45.315 ms
INFO: at 6125.788 ms batch [45.315] delay 18.881 ms
INFO: at 6125.788 ms fetching 45.315 ms
INFO: at 6144.675 ms batch [45.315] delay 18.881 ms
INFO: at 6144.675 ms fetching 45.315 ms
INFO: at 6163.561 ms batch [45.315] delay 18.881 ms
INFO: at 6163.561 ms fetching 45.315 ms
INFO: at 6182.445 ms batch [45.315] delay 18.881 ms
INFO: at 6182.445 ms fetching 45.315 ms
INFO: at 6201.332 ms batch [45.315] delay 18.881 ms
INFO: at 6201.332 ms fetching 45.315 ms
INFO: at 6220.218 ms batch [45.315] delay 18.881 ms
INFO: at 6220.218 ms fetching 45.315 ms
INFO: at 6239.101 ms batch [45.315] delay 18.881 ms
INFO: at 6239.101 ms fetching 45.315 ms
INFO: at 6257.985 ms batch [45.315] delay 18.881 ms
INFO: at 6257.985 ms fetching 45.315 ms
INFO: at 6276.871 ms batch [45.315] delay 18.881 ms
INFO: at 6276.871 ms fetching 45.315 ms
INFO: at 6295.756 ms batch [45.315] delay 18.881 ms
INFO: at 6295.756 ms fetching 45.315 ms
INFO: at 6314.640 ms batch [45.315] delay 18.881 ms
INFO: at 6314.640 ms fetching 45.315 ms
INFO: at 6333.525 ms batch [45.315] delay 18.881 ms
INFO: at 6333.525 ms fetching 45.315 ms
INFO: at 6352.412 ms batch [45.315] delay 22.657 ms
INFO: at 6352.412 ms fetching 45.315 ms
INFO: at 6375.076 ms batch [45.315] delay 22.657 ms
INFO: at 6375.076 ms fetching 45.315 ms
INFO: at 6397.737 ms batch [45.315] delay 22.657 ms
INFO: at 6397.737 ms fetching 45.315 ms
INFO: at 6420.399 ms batch [45.315] delay 22.657 ms
INFO: at 6420.399 ms fetching 45.315 ms
INFO: at 6443.059 ms batch [45.315] delay 22.657 ms
INFO: at 6443.059 ms fetching 45.315 ms
INFO: at 6465.721 ms batch [45.315] delay 22.657 ms
INFO: at 6465.721 ms fetching 45.315 ms
INFO: at 6488.384 ms batch [45.315] delay 22.657 ms
INFO: at 6488.384 ms fetching 45.315 ms
INFO: at 6511.044 ms batch [45.315] delay 22.657 ms
INFO: at 6511.044 ms fetching 45.315 ms
INFO: at 6533.729 ms batch [45.315] delay 22.657 ms
INFO: at 6533.729 ms fetching 45.315 ms
INFO: at 6556.392 ms batch [45.315] delay 22.657 ms
INFO: at 6556.392 ms fetching 45.315 ms
INFO: at 6579.055 ms batch [45.315] delay 25.175 ms
INFO: at 6579.055 ms fetching 45.315 ms
INFO: at 6604.234 ms batch [45.315] delay 25.175 ms
INFO: at 6604.234 ms fetching 45.315 ms
INFO: at 6629.414 ms batch [45.315] delay 25.175 ms
INFO: at 6629.414 ms fetching 45.315 ms
INFO: at 6654.595 ms batch [45.315] delay 25.175 ms
INFO: at 6654.595 ms fetching 45.315 ms
INFO: at 6679.773 ms batch [45.315] delay 25.175 ms
INFO: at 6679.773 ms fetching 45.315 ms
INFO: at 6704.953 ms batch [45.315] delay 25.175 ms
INFO: at 6704.953 ms fetching 45.315 ms
INFO: at 6730.133 ms batch [45.315] delay 25.175 ms
INFO: at 6730.133 ms fetching 45.315 ms
INFO: at 6755.312 ms batch [45.315] delay 25.175 ms
INFO: at 6755.312 ms fetching 45.315 ms
INFO: at 6780.491 ms batch [45.315] delay 25.175 ms
INFO: at 6780.491 ms fetching 45.315 ms
INFO: at 6805.672 ms batch [45.315] delay 28.322 ms
INFO: at 6805.672 ms fetching 45.315 ms
INFO: at 6833.998 ms batch [45.315] delay 28.322 ms
INFO: at 6833.998 ms fetching 45.315 ms
INFO: at 6862.325 ms batch [45.315] delay 28.322 ms
INFO: at 6862.325 ms fetching 45.315 ms
INFO: at 6890.652 ms batch [45.315] delay 28.322 ms
INFO: at 6890.652 ms fetching 45.315 ms
INFO: at 6918.976 ms batch [45.315] delay 28.322 ms
INFO: at 6918.976 ms fetching 45.315 ms
INFO: at 6947.304 ms batch [45.315] delay 28.322 ms
INFO: at 6947.304 ms fetching 45.315 ms
INFO: at 6975.631 ms batch [45.315] delay 28.322 ms
INFO: at 6975.631 ms fetching 45.315 ms
INFO: at 7003.969 ms batch [45.315] delay 28.322 ms
INFO: at 7003.969 ms fetching 45.315 ms
INFO: at 7032.297 ms batch [45.315] delay 32.368 ms
INFO: at 7032.297 ms fetching 45.315 ms
INFO: at 7064.670 ms batch [45.315] delay 32.368 ms
INFO: at 7064.670 ms fetching 45.315 ms
INFO: at 7097.043 ms batch [45.315] delay 32.368 ms
INFO: at 7097.043 ms fetching 45.315 ms
INFO: at 7129.416 ms batch [45.315] delay 32.368 ms
INFO: at 7129.416 ms fetching 45.315 ms
INFO: at 7161.789 ms batch [45.315] delay 32.368 ms
INFO: at 7161.789 ms fetching 45.315 ms
INFO: at 7194.162 ms batch [45.315] delay 32.368 ms
INFO: at 7194.162 ms fetching 45.315 ms
INFO: at 7226.536 ms batch [45.315] delay 32.368 ms
INFO: at 7226.536 ms fetching 45.315 ms
INFO: at 7258.907 ms batch [45.315] delay 25.175 ms
INFO: at 7258.907 ms fetching 45.315 ms
INFO: at 7284.087 ms batch [45.315] delay 25.175 ms
INFO: at 7284.087 ms fetching 45.315 ms
INFO: at 7309.268 ms batch [45.315] delay 25.175 ms
INFO: at 7309.268 ms fetching 45.315 ms
INFO: at 7334.449 ms batch [45.315] delay 25.175 ms
INFO: at 7334.449 ms fetching 45.315 ms
INFO: at 7359.626 ms batch [45.315] delay 25.175 ms
INFO: at 7359.626 ms fetching 45.315 ms
INFO: at 7384.806 ms batch [45.315] delay 25.175 ms
INFO: at 7384.806 ms fetching 45.315 ms
INFO: at 7409.988 ms batch [45.315] delay 25.175 ms
INFO: at 7409.988 ms fetching 45.315 ms
INFO: at 7435.188 ms batch [45.315] delay 25.175 ms
INFO: at 7435.188 ms fetching 45.315 ms
INFO: at 7460.368 ms batch [45.315] delay 25.175 ms
INFO: at 7460.368 ms fetching 45.315 ms
INFO: at 7485.549 ms batch [45.315] delay 32.368 ms
INFO: at 7485.549 ms fetching 45.315 ms
INFO: at 7517.922 ms batch [45.315] delay 32.368 ms
INFO: at 7517.922 ms fetching 45.315 ms
INFO: at 7550.296 ms batch [45.315] delay 32.368 ms
INFO: at 7550.296 ms fetching 45.315 ms
INFO: at 7582.671 ms batch [45.315] delay 32.368 ms
INFO: at 7582.671 ms fetching 45.315 ms
INFO: at 7615.044 ms batch [45.315] delay 32.368 ms
INFO: at 7615.044 ms fetching 45.315 ms
INFO: at 7647.417 ms batch [45.315] delay 32.368 ms
INFO: at 7647.417 ms fetching 45.315 ms
INFO: at 7679.789 ms batch [45.315] delay 32.368 ms
INFO: at 7679.789 ms fetching 45.315 ms
INFO: at 7712.161 ms batch [45.315] delay 18.881 ms
INFO: at 7712.161 ms fetching 45.315 ms
INFO: at 7731.045 ms batch [45.315] delay 18.881 ms
INFO: at 7731.045 ms fetching 45.315 ms
INFO: at 7749.930 ms batch [45.315] delay 18.881 ms
INFO: at 7749.930 ms fetching 45.315 ms
INFO: at 7768.813 ms batch [45.315] delay 18.881 ms
INFO: at 7768.813 ms fetching 45.315 ms
INFO: at 7787.699 ms batch [45.315] delay 18.881 ms
INFO: at 7787.699 ms fetching 45.315 ms
INFO: at 7806.583 ms batch [45.315] delay 18.881 ms
INFO: at 7806.583 ms fetching 45.315 ms
INFO: at 7825.468 ms batch [45.315] delay 18.881 ms
INFO: at 7825.468 ms fetching 45.315 ms
INFO: at 7844.352 ms batch [45.315] delay 18.881 ms
INFO: at 7844.352 ms fetching 45.315 ms
INFO: at 7863.236 ms batch [45.315] delay 18.881 ms
INFO: at 7863.236 ms fetching 45.315 ms
INFO: at 7882.122 ms batch [45.315] delay 18.881 ms
INFO: at 7882.122 ms fetching 45.315 ms
INFO: at 7901.006 ms batch [45.315] delay 18.881 ms
INFO: at 7901.006 ms fetching 45.315 ms
INFO: at 7919.890 ms batch [45.315] delay 18.881 ms
INFO: at 7919.890 ms fetching 45.315 ms
INFO: at 7938.774 ms batch [45.315] delay 25.175 ms
INFO: at 7938.774 ms fetching 45.315 ms
INFO: at 7963.953 ms batch [45.315] delay 25.175 ms
INFO: at 7963.953 ms fetching 45.315 ms
INFO: at 7989.132 ms batch [45.315] delay 25.175 ms
INFO: at 7989.132 ms fetching 45.315 ms
INFO: at 8014.311 ms batch [45.315] delay 25.175 ms
INFO: at 8014.311 ms fetching 45.315 ms
INFO: at 8039.490 ms batch [45.315] delay 25.175 ms
INFO: at 8039.490 ms fetching 45.315 ms
INFO: at 8064.670 ms batch [45.315] delay 25.175 ms
INFO: at 8064.670 ms fetching 45.315 ms
INFO: at 8089.848 ms batch [45.315] delay 25.175 ms
INFO: at 8089.848 ms fetching 45.315 ms
INFO: at 8115.026 ms batch [45.315] delay 25.175 ms
INFO: at 8115.026 ms fetching 45.315 ms
INFO: at 8140.207 ms batch [45.315] delay 25.175 ms
INFO: at 8140.207 ms fetching 45.315 ms
INFO: at 8165.402 ms batch [45.315] delay 25.175 ms
INFO: at 8165.402 ms fetching 45.315 ms
INFO: at 8190.580 ms batch [45.315] delay 25.175 ms
INFO: at 8190.580 ms fetching 45.315 ms
INFO: at 8215.758 ms batch [45.315] delay 25.175 ms
INFO: at 8215.758 ms fetching 45.315 ms
INFO: at 8240.938 ms batch [45.315] delay 25.175 ms
INFO: at 8240.938 ms fetching 45.315 ms
INFO: at 8266.117 ms batch [45.315] delay 25.175 ms
INFO: at 8266.117 ms fetching 45.315 ms
INFO: at 8291.295 ms batch [45.315] delay 25.175 ms
INFO: at 8291.295 ms fetching 45.315 ms
INFO: at 8316.476 ms batch [45.315] delay 25.175 ms
INFO: at 8316.476 ms fetching 45.315 ms
INFO: at 8341.654 ms batch [45.315] delay 25.175 ms
INFO: at 8341.654 ms fetching 45.315 ms
INFO: at 8366.832 ms batch [45.315] delay 25.175 ms
INFO: at 8366.832 ms fetching 45.315 ms
INFO: at 8392.012 ms batch [45.315] delay 28.322 ms
INFO: at 8392.012 ms fetching 45.315 ms
INFO: at 8420.337 ms batch [45.315] delay 28.322 ms
INFO: at 8420.337 ms fetching 45.315 ms
INFO: at 8448.664 ms batch [45.315] delay 28.322 ms
INFO: at 8448.664 ms fetching 45.315 ms
INFO: at 8476.990 ms batch [45.315] delay 28.322 ms
INFO: at 8476.990 ms fetching 45.315 ms
INFO: at 8505.316 ms batch [45.315] delay 28.322 ms
INFO: at 8505.316 ms fetching 45.315 ms
INFO: at 8533.642 ms batch [45.315] delay 28.322 ms
INFO: at 8533.642 ms fetching 45.315 ms
INFO: at 8561.968 ms batch [45.315] delay 28.322 ms
INFO: at 8561.968 ms fetching 45.315 ms
INFO: at 8590.294 ms batch [45.315] delay 28.322 ms
INFO: at 8590.294 ms fetching 45.315 ms
INFO: at 8618.621 ms batch [45.315] delay 28.322 ms
INFO: at 8618.621 ms fetching 45.315 ms
INFO: at 8646.946 ms batch [45.315] delay 28.322 ms
INFO: at 8646.946 ms fetching 45.315 ms
INFO: at 8675.273 ms batch [45.315] delay 28.322 ms
INFO: at 8675.273 ms fetching 45.315 ms
INFO: at 8703.600 ms batch [45.315] delay 28.322 ms
INFO: at 8703.600 ms fetching 45.315 ms
INFO: at 8731.925 ms batch [45.315] delay 28.322 ms
INFO: at 8731.925 ms fetching 45.315 ms
INFO: at 8760.253 ms batch [45.315] delay 28.322 ms
INFO: at 8760.253 ms fetching 45.315 ms
INFO: at 8788.579 ms batch [45.315] delay 28.322 ms
INFO: at 8788.579 ms fetching 45.315 ms
INFO: at 8816.904 ms batch [45.315] delay 28.322 ms
INFO: at 8816.904 ms fetching 45.315 ms
INFO: at 8845.232 ms batch [45.315] delay 7.813 ms
INFO: at 8845.232 ms fetching 45.315 ms
INFO: at 8853.047 ms batch [45.315] delay 7.813 ms
INFO: at 8853.047 ms fetching 45.315 ms
INFO: at 8860.861 ms batch [45.315] delay 7.813 ms
INFO: at 8860.861 ms fetching 45.315 ms
INFO: at 8868.675 ms batch [45.315] delay 7.813 ms
INFO: at 8868.675 ms fetching 45.315 ms
INFO: at 8876.490 ms batch [45.315] delay 7.813 ms
INFO: at 8876.490 ms fetching 45.315 ms
INFO: at 8884.305 ms batch [45.315] delay 7.813 ms
INFO: at 8884.305 ms fetching 45.315 ms
INFO: at 8892.120 ms batch [45.315] delay 7.813 ms
INFO: at 8892.120 ms fetching 45.315 ms
INFO: at 8899.934 ms batch [45.315] delay 7.813 ms
INFO: at 8899.934 ms fetching 45.315 ms
INFO: at 8907.749 ms batch [45.315] delay 7.813 ms
INFO: at 8907.749 ms fetching 45.315 ms
INFO: at 8915.564 ms batch [45.315] delay 7.813 ms
INFO: at 8915.564 ms fetching 45.315 ms
INFO: at 8923.379 ms batch [45.315] delay 7.813 ms
INFO: at 8923.379 ms fetching 45.315 ms
INFO: at 8931.194 ms batch [45.315] delay 7.813 ms
INFO: at 8931.194 ms fetching 45.315 ms
INFO: at 8939.008 ms batch [45.315] delay 7.813 ms
INFO: at 8939.008 ms fetching 45.315 ms
INFO: at 8946.823 ms batch [45.315] delay 7.813 ms
INFO: at 8946.823 ms fetching 45.315 ms
INFO: at 8954.638 ms batch [45.315] delay 7.813 ms
INFO: at 8954.638 ms fetching 45.315 ms
INFO: at 8962.452 ms batch [45.315] delay 7.813 ms
INFO: at 8962.452 ms fetching 45.315 ms
INFO: at 8970.267 ms batch [45.315] delay 7.813 ms
INFO: at 8970.267 ms fetching 45.315 ms
INFO: at 8978.083 ms batch [45.315] delay 7.813 ms
INFO: at 8978.083 ms fetching 45.315 ms
INFO: at 8985.897 ms batch [45.315] delay 7.813 ms
INFO: at 8985.897 ms fetching 45.315 ms
INFO: at 8993.713 ms batch [45.315] delay 7.813 ms
INFO: at 8993.713 ms fetching 45.315 ms
INFO: at 9001.528 ms batch [45.315] delay 7.813 ms
INFO: at 9001.528 ms fetching 45.315 ms
INFO: at 9009.342 ms batch [45.315] delay 7.813 ms
INFO: at 9009.342 ms fetching 45.315 ms
INFO: at 9017.157 ms batch [45.315] delay 7.813 ms
INFO: at 9017.157 ms fetching 45.315 ms
INFO: at 9024.972 ms batch [45.315] delay 7.813 ms
INFO: at 9024.972 ms fetching 45.315 ms
INFO: at 9032.787 ms batch [45.315] delay 7.813 ms
INFO: at 9032.787 ms fetching 45.315 ms
INFO: at 9040.602 ms batch [45.315] delay 7.813 ms
INFO: at 9040.602 ms fetching 45.315 ms
INFO: at 9048.416 ms batch [45.315] delay 7.813 ms
INFO: at 9048.416 ms fetching 45.315 ms
INFO: at 9056.231 ms batch [45.315] delay 7.813 ms
INFO: at 9056.231 ms fetching 45.315 ms
INFO: at 9064.046 ms batch [45.315] delay 7.813 ms
INFO: at 9064.046 ms fetching 45.315 ms
INFO: at 9071.861 ms batch [45.315] delay 20.598 ms
INFO: at 9071.861 ms fetching 45.315 ms
INFO: at 9092.461 ms batch [45.315] delay 20.598 ms
INFO: at 9092.461 ms fetching 45.315 ms
INFO: at 9113.062 ms batch [45.315] delay 20.598 ms
INFO: at 9113.062 ms fetching 45.315 ms
INFO: at 9133.663 ms batch [45.315] delay 20.598 ms
INFO: at 9133.663 ms fetching 45.315 ms
INFO: at 9154.264 ms batch [45.315] delay 20.598 ms
INFO: at 9154.264 ms fetching 45.315 ms
INFO: at 9174.865 ms batch [45.315] delay 20.598 ms
INFO: at 9174.865 ms fetching 45.315 ms
INFO: at 9195.466 ms batch [45.315] delay 20.598 ms
INFO: at 9195.466 ms fetching 45.315 ms
INFO: at 9216.067 ms batch [45.315] delay 20.598 ms
INFO: at 9216.067 ms fetching 45.315 ms
INFO: at 9236.668 ms batch [45.315] delay 20.598 ms
INFO: at 9236.668 ms fetching 45.315 ms
INFO: at 9257.290 ms batch [45.315] delay 20.598 ms
INFO: at 9257.290 ms fetching 45.315 ms
INFO: at 9277.892 ms batch [45.315] delay 20.598 ms
INFO: at 9277.892 ms fetching 45.315 ms
INFO: at 9298.492 ms batch [45.315] delay 22.657 ms
INFO: at 9298.492 ms fetching 45.315 ms
INFO: at 9321.153 ms batch [45.315] delay 22.657 ms
INFO: at 9321.153 ms fetching 45.315 ms
INFO: at 9343.814 ms batch [45.315] delay 22.657 ms
INFO: at 9343.814 ms fetching 45.315 ms
INFO: at 9366.475 ms batch [45.315] delay 22.657 ms
INFO: at 9366.475 ms fetching 45.315 ms
INFO: at 9389.136 ms batch [45.315] delay 22.657 ms
INFO: at 9389.136 ms fetching 45.315 ms
INFO: at 9411.797 ms batch [45.315] delay 22.657 ms
INFO: at 9411.797 ms fetching 45.315 ms
INFO: at 9434.458 ms batch [45.315] delay 22.657 ms
INFO: at 9434.458 ms fetching 45.315 ms
INFO: at 9457.118 ms batch [45.315] delay 22.657 ms
INFO: at 9457.118 ms fetching 45.315 ms
INFO: at 9479.779 ms batch [45.315] delay 22.657 ms
INFO: at 9479.779 ms fetching 45.315 ms
INFO: at 9502.440 ms batch [45.315] delay 22.657 ms
INFO: at 9502.440 ms fetching 45.315 ms
INFO: at 9525.101 ms batch [45.315] delay 28.322 ms
INFO: at 9525.101 ms fetching 45.315 ms
INFO: at 9553.426 ms batch [45.315] delay 28.322 ms
INFO: at 9553.426 ms fetching 45.315 ms
INFO: at 9581.750 ms batch [45.315] delay 28.322 ms
INFO: at 9581.750 ms fetching 45.315 ms
INFO: at 9610.076 ms batch [45.315] delay 28.322 ms
INFO: at 9610.076 ms fetching 45.315 ms
INFO: at 9638.401 ms batch [45.315] delay 28.322 ms
INFO: at 9638.401 ms fetching 45.315 ms
INFO: at 9666.727 ms batch [45.315] delay 28.322 ms
INFO: at 9666.727 ms fetching 45.315 ms
INFO: at 9695.052 ms batch [45.315] delay 28.322 ms
INFO: at 9695.052 ms fetching 45.315 ms
INFO: at 9723.377 ms batch [45.315] delay 28.322 ms
INFO: at 9723.377 ms fetching 45.315 ms
INFO: at 9751.701 ms batch [45.315] delay 15.105 ms
INFO: at 9751.701 ms fetching 45.315 ms
INFO: at 9766.809 ms batch [45.315] delay 15.105 ms
INFO: at 9766.809 ms fetching 45.315 ms
INFO: at 9781.918 ms batch [45.315] delay 15.105 ms
INFO: at 9781.918 ms fetching 45.315 ms
INFO: at 9797.025 ms batch [45.315] delay 15.105 ms
INFO: at 9797.025 ms fetching 45.315 ms
INFO: at 9812.134 ms batch [45.315] delay 15.105 ms
INFO: at 9812.134 ms fetching 45.315 ms
INFO: at 9827.242 ms batch [45.315] delay 15.105 ms
INFO: at 9827.242 ms fetching 45.315 ms
INFO: at 9842.350 ms batch [45.315] delay 15.105 ms
INFO: at 9842.350 ms fetching 45.315 ms
INFO: at 9857.459 ms batch [45.315] delay 15.105 ms
INFO: at 9857.459 ms fetching 45.315 ms
INFO: at 9872.565 ms batch [45.315] delay 15.105 ms
INFO: at 9872.565 ms fetching 45.315 ms
INFO: at 9887.673 ms batch [45.315] delay 15.105 ms
INFO: at 9887.673 ms fetching 45.315 ms
INFO: at 9902.781 ms batch [45.315] delay 15.105 ms
INFO: at 9902.781 ms fetching 45.315 ms
INFO: at 9917.889 ms batch [45.315] delay 15.105 ms
INFO: at 9917.889 ms fetching 45.315 ms
INFO: at 9932.998 ms batch [45.315] delay 15.105 ms
INFO: at 9932.998 ms fetching 45.315 ms
INFO: at 9948.106 ms batch [45.315] delay 15.105 ms
INFO: at 9948.106 ms fetching 45.315 ms
INFO: at 9963.214 ms batch [45.315] delay 15.105 ms
INFO: at 9963.214 ms fetching 45.315 ms
INFO: at 9978.323 ms batch [45.315] delay 20.598 ms
INFO: at 9978.323 ms fetching 45.315 ms
INFO: at 9998.925 ms batch [45.315] delay 20.598 ms
INFO: at 9998.925 ms fetching 45.315 ms
INFO: at 10019.525 ms batch [45.315] delay 20.598 ms
INFO: at 10019.525 ms fetching 45.315 ms
INFO: at 10040.126 ms batch [45.315] delay 20.598 ms
INFO: at 10040.126 ms fetching 45.315 ms
INFO: at 10060.727 ms batch [45.315] delay 20.598 ms
INFO: at 10060.727 ms fetching 45.315 ms
INFO: at 10081.328 ms batch [45.315] delay 20.598 ms
INFO: at 10081.328 ms fetching 45.315 ms
INFO: at 10101.929 ms batch [45.315] delay 20.598 ms
INFO: at 10101.929 ms fetching 45.315 ms
INFO: at 10122.550 ms batch [45.315] delay 20.598 ms
INFO: at 10122.550 ms fetching 45.315 ms
INFO: at 10143.150 ms batch [45.315] delay 20.598 ms
INFO: at 10143.150 ms fetching 45.315 ms
INFO: at 10163.751 ms batch [45.315] delay 20.598 ms
INFO: at 10163.751 ms fetching 45.315 ms
INFO: at 10184.352 ms batch [45.315] delay 20.598 ms
INFO: at 10184.352 ms fetching 45.315 ms
INFO: at 10204.953 ms batch [45.315] delay 20.598 ms
INFO: at 10204.953 ms fetching 45.315 ms
INFO: at 10225.553 ms batch [45.315] delay 20.598 ms
INFO: at 10225.553 ms fetching 45.315 ms
INFO: at 10246.154 ms batch [45.315] delay 20.598 ms
INFO: at 10246.154 ms fetching 45.315 ms
INFO: at 10266.754 ms batch [45.315] delay 20.598 ms
INFO: at 10266.754 ms fetching 45.315 ms
INFO: at 10287.355 ms batch [45.315] delay 20.598 ms
INFO: at 10287.355 ms fetching 45.315 ms
INFO: at 10307.958 ms batch [45.315] delay 20.598 ms
INFO: at 10307.958 ms fetching 45.315 ms
INFO: at 10328.559 ms batch [45.315] delay 20.598 ms
INFO: at 10328.559 ms fetching 45.315 ms
INFO: at 10349.160 ms batch [45.315] delay 20.598 ms
INFO: at 10349.160 ms fetching 45.315 ms
INFO: at 10369.762 ms batch [45.315] delay 20.598 ms
INFO: at 10369.762 ms fetching 45.315 ms
INFO: at 10390.363 ms batch [45.315] delay 20.598 ms
INFO: at 10390.363 ms fetching 45.315 ms
INFO: at 10410.964 ms batch [45.315] delay 20.598 ms
INFO: at 10410.964 ms fetching 45.315 ms
INFO: at 10431.565 ms batch [45.315] delay 25.175 ms
INFO: at 10431.565 ms fetching 45.315 ms
INFO: at 10456.744 ms batch [45.315] delay 25.175 ms
INFO: at 10456.744 ms fetching 45.315 ms
INFO: at 10481.922 ms batch [45.315] delay 25.175 ms
INFO: at 10481.922 ms fetching 45.315 ms
INFO: at 10507.101 ms batch [45.315] delay 25.175 ms
INFO: at 10507.101 ms fetching 45.315 ms
INFO: at 10532.281 ms batch [45.315] delay 25.175 ms
INFO: at 10532.281 ms fetching 45.315 ms
INFO: at 10557.459 ms batch [45.315] delay 25.175 ms
INFO: at 10557.459 ms fetching 45.315 ms
INFO: at 10582.669 ms batch [45.315] delay 25.175 ms
INFO: at 10582.669 ms fetching 45.315 ms
INFO: at 10607.848 ms batch [45.315] delay 25.175 ms
INFO: at 10607.848 ms fetching 45.315 ms
INFO: at 10633.027 ms batch [45.315] delay 25.175 ms
INFO: at 10633.027 ms fetching 45.315 ms
INFO: at 10658.206 ms batch [45.315] delay 25.175 ms
INFO: at 10658.206 ms fetching 45.315 ms
INFO: at 10683.385 ms batch [45.315] delay 25.175 ms
INFO: at 10683.385 ms fetching 45.315 ms
INFO: at 10708.564 ms batch [45.315] delay 25.175 ms
INFO: at 10708.564 ms fetching 45.315 ms
INFO: at 10733.742 ms batch [45.315] delay 25.175 ms
INFO: at 10733.742 ms fetching 45.315 ms
INFO: at 10758.921 ms batch [45.315] delay 25.175 ms
INFO: at 10758.921 ms fetching 45.315 ms
INFO: at 10784.100 ms batch [45.315] delay 25.175 ms
INFO: at 10784.100 ms fetching 45.315 ms
INFO: at 10809.279 ms batch [45.315] delay 25.175 ms
INFO: at 10809.279 ms fetching 45.315 ms
INFO: at 10834.458 ms batch [45.315] delay 25.175 ms
INFO: at 10834.458 ms fetching 45.315 ms
INFO: at 10859.635 ms batch [45.315] delay 25.175 ms
INFO: at 10859.635 ms fetching 45.315 ms
INFO: at 10884.815 ms batch [45.315] delay 18.881 ms
INFO: at 10884.815 ms fetching 45.315 ms
INFO: at 10903.699 ms batch [45.315] delay 18.881 ms
INFO: at 10903.699 ms fetching 45.315 ms
INFO: at 10922.584 ms batch [45.315] delay 18.881 ms
INFO: at 10922.584 ms fetching 45.315 ms
INFO: at 10941.469 ms batch [45.315] delay 18.881 ms
INFO: at 10941.469 ms fetching 45.315 ms
INFO: at 10960.353 ms batch [45.315] delay 18.881 ms
INFO: at 10960.353 ms fetching 45.315 ms
INFO: at 10979.238 ms batch [45.315] delay 18.881 ms
INFO: at 10979.238 ms fetching 45.315 ms
INFO: at 10998.122 ms batch [45.315] delay 18.881 ms
INFO: at 10998.122 ms fetching 45.315 ms
INFO: at 11017.007 ms batch [45.315] delay 18.881 ms
INFO: at 11017.007 ms fetching 45.315 ms
INFO: at 11035.891 ms batch [45.315] delay 18.881 ms
INFO: at 11035.891 ms fetching 45.315 ms
INFO: at 11054.775 ms batch [45.315] delay 18.881 ms
INFO: at 11054.775 ms fetching 45.315 ms
INFO: at 11073.660 ms batch [45.315] delay 18.881 ms
INFO: at 11073.660 ms fetching 45.315 ms
INFO: at 11092.544 ms batch [45.315] delay 18.881 ms
INFO: at 11092.544 ms fetching 45.315 ms
INFO: at 11111.428 ms batch [45.315] delay 25.175 ms
INFO: at 11111.428 ms fetching 45.315 ms
INFO: at 11136.607 ms batch [45.315] delay 25.175 ms
INFO: at 11136.607 ms fetching 45.315 ms
INFO: at 11161.786 ms batch [45.315] delay 25.175 ms
INFO: at 11161.786 ms fetching 45.315 ms
INFO: at 11186.964 ms batch [45.315] delay 25.175 ms
INFO: at 11186.964 ms fetching 45.315 ms
INFO: at 11212.143 ms batch [45.315] delay 25.175 ms
INFO: at 11212.143 ms fetching 45.315 ms
INFO: at 11237.441 ms batch [45.315] delay 25.175 ms
INFO: at 11237.441 ms fetching 45.315 ms
INFO: at 11262.622 ms batch [45.315] delay 25.175 ms
INFO: at 11262.622 ms fetching 45.315 ms
INFO: at 11287.803 ms batch [45.315] delay 25.175 ms
INFO: at 11287.803 ms fetching 45.315 ms
INFO: at 11312.981 ms batch [45.315] delay 25.175 ms
INFO: at 11312.981 ms fetching 45.315 ms
INFO: at 11338.160 ms batch [45.315] delay 22.657 ms
INFO: at 11338.160 ms fetching 45.315 ms
INFO: at 11360.821 ms batch [45.315] delay 22.657 ms
INFO: at 11360.821 ms fetching 45.315 ms
INFO: at 11383.483 ms batch [45.315] delay 22.657 ms
INFO: at 11383.483 ms fetching 45.315 ms
INFO: at 11406.145 ms batch [45.315] delay 22.657 ms
INFO: at 11406.145 ms fetching 45.315 ms
INFO: at 11428.809 ms batch [45.315] delay 22.657 ms
INFO: at 11428.809 ms fetching 45.315 ms
INFO: at 11451.470 ms batch [45.315] delay 22.657 ms
INFO: at 11451.470 ms fetching 45.315 ms
INFO: at 11474.131 ms batch [45.315] delay 22.657 ms
INFO: at 11474.131 ms fetching 45.315 ms
INFO: at 11496.793 ms batch [45.315] delay 22.657 ms
INFO: at 11496.793 ms fetching 45.315 ms
INFO: at 11519.454 ms batch [45.315] delay 22.657 ms
INFO: at 11519.454 ms fetching 45.315 ms
INFO: at 11542.115 ms batch [45.315] delay 22.657 ms
INFO: at 11542.115 ms fetching 45.315 ms
INFO: at 11564.777 ms batch [45.315] delay 17.429 ms
INFO: at 11564.777 ms fetching 45.315 ms
INFO: at 11582.210 ms batch [45.315] delay 17.429 ms
INFO: at 11582.210 ms fetching 45.315 ms
INFO: at 11600.378 ms batch [45.315] delay 17.429 ms
INFO: at 11600.378 ms fetching 45.315 ms
INFO: at 11617.809 ms batch [45.315] delay 17.429 ms
INFO: at 11617.809 ms fetching 45.315 ms
INFO: at 11635.242 ms batch [45.315] delay 17.429 ms
INFO: at 11635.242 ms fetching 45.315 ms
INFO: at 11652.674 ms batch [45.315] delay 17.429 ms
INFO: at 11652.674 ms fetching 45.315 ms
INFO: at 11670.106 ms batch [45.315] delay 17.429 ms
INFO: at 11670.106 ms fetching 45.315 ms
INFO: at 11687.538 ms batch [45.315] delay 17.429 ms
INFO: at 11687.538 ms fetching 45.315 ms
INFO: at 11704.970 ms batch [45.315] delay 17.429 ms
INFO: at 11704.970 ms fetching 45.315 ms
INFO: at 11722.403 ms batch [45.315] delay 17.429 ms
INFO: at 11722.403 ms fetching 45.315 ms
INFO: at 11739.835 ms batch [45.315] delay 17.429 ms
INFO: at 11739.835 ms fetching 45.315 ms
INFO: at 11757.267 ms batch [45.315] delay 17.429 ms
INFO: at 11757.267 ms fetching 45.315 ms
INFO: at 11774.698 ms batch [45.315] delay 17.429 ms
INFO: at 11774.698 ms fetching 45.315 ms
INFO: at 11792.131 ms batch [45.315] delay 28.322 ms
INFO: at 11792.131 ms fetching 45.315 ms
INFO: at 11820.456 ms batch [45.315] delay 28.322 ms
INFO: at 11820.456 ms fetching 45.315 ms
INFO: at 11848.782 ms batch [45.315] delay 28.322 ms
INFO: at 11848.782 ms fetching 45.315 ms
INFO: at 11877.108 ms batch [45.315] delay 28.322 ms
INFO: at 11877.108 ms fetching 45.315 ms
INFO: at 11905.433 ms batch [45.315] delay 28.322 ms
INFO: at 11905.433 ms fetching 45.315 ms
INFO: at 11933.760 ms batch [45.315] delay 28.322 ms
INFO: at 11933.760 ms fetching 45.315 ms
INFO: at 11962.085 ms batch [45.315] delay 28.322 ms
INFO: at 11962.085 ms fetching 45.315 ms
INFO: at 11990.430 ms batch [45.315] delay 28.322 ms
INFO: at 11990.430 ms fetching 45.315 ms
INFO: at 12018.756 ms batch [45.315] delay 22.657 ms
INFO: at 12018.756 ms fetching 45.315 ms
INFO: at 12041.418 ms batch [45.315] delay 22.657 ms
INFO: at 12041.418 ms fetching 45.315 ms
INFO: at 12064.079 ms batch [45.315] delay 22.657 ms
INFO: at 12064.079 ms fetching 45.315 ms
INFO: at 12086.740 ms batch [45.315] delay 22.657 ms
INFO: at 12086.740 ms fetching 45.315 ms
INFO: at 12109.401 ms batch [45.315] delay 22.657 ms
INFO: at 12109.401 ms fetching 45.315 ms
INFO: at 12132.061 ms batch [45.315] delay 22.657 ms
INFO: at 12132.061 ms fetching 45.315 ms
INFO: at 12154.723 ms batch [45.315] delay 22.657 ms
INFO: at 12154.723 ms fetching 45.315 ms
INFO: at 12177.384 ms batch [45.315] delay 22.657 ms
INFO: at 12177.384 ms fetching 45.315 ms
INFO: at 12200.045 ms batch [45.315] delay 22.657 ms
INFO: at 12200.045 ms fetching 45.315 ms
INFO: at 12222.707 ms batch [45.315] delay 22.657 ms
INFO: at 12222.707 ms fetching 45.315 ms
INFO: at 12245.368 ms batch [45.315] delay 32.368 ms
INFO: at 12245.368 ms fetching 45.315 ms
INFO: at 12277.741 ms batch [45.315] delay 32.368 ms
INFO: at 12277.741 ms fetching 45.315 ms
INFO: at 12310.113 ms batch [45.315] delay 32.368 ms
INFO: at 12310.113 ms fetching 45.315 ms
INFO: at 12342.484 ms batch [45.315] delay 32.368 ms
INFO: at 12342.484 ms fetching 45.315 ms
INFO: at 12374.855 ms batch [45.315] delay 32.368 ms
INFO: at 12374.855 ms fetching 45.315 ms
INFO: at 12407.236 ms batch [45.315] delay 32.368 ms
INFO: at 12407.236 ms fetching 45.315 ms
INFO: at 12439.606 ms batch [45.315] delay 32.368 ms
INFO: at 12439.606 ms fetching 45.315 ms
INFO: at 12471.977 ms batch [45.315] delay 22.657 ms
INFO: at 12471.977 ms fetching 45.315 ms
INFO: at 12494.639 ms batch [45.315] delay 22.657 ms
INFO: at 12494.639 ms fetching 45.315 ms
INFO: at 12517.300 ms batch [45.315] delay 22.657 ms
INFO: at 12517.300 ms fetching 45.315 ms
INFO: at 12539.962 ms batch [45.315] delay 22.657 ms
INFO: at 12539.962 ms fetching 45.315 ms
INFO: at 12562.623 ms batch [45.315] delay 22.657 ms
INFO: at 12562.623 ms fetching 45.315 ms
INFO: at 12585.284 ms batch [45.315] delay 22.657 ms
INFO: at 12585.284 ms fetching 45.315 ms
INFO: at 12607.946 ms batch [45.315] delay 22.657 ms
INFO: at 12607.946 ms fetching 45.315 ms
INFO: at 12630.607 ms batch [45.315] delay 22.657 ms
INFO: at 12630.607 ms fetching 45.315 ms
INFO: at 12653.268 ms batch [45.315] delay 22.657 ms
INFO: at 12653.268 ms fetching 45.315 ms
INFO: at 12675.930 ms batch [45.315] delay 22.657 ms
INFO: at 12675.930 ms fetching 45.315 ms
INFO: at 12698.591 ms batch [45.315] delay 28.322 ms
INFO: at 12698.591 ms fetching 45.315 ms
INFO: at 12726.917 ms batch [45.315] delay 28.322 ms
INFO: at 12726.917 ms fetching 45.315 ms
INFO: at 12755.243 ms batch [45.315] delay 28.322 ms
INFO: at 12755.243 ms fetching 45.315 ms
INFO: at 12783.569 ms batch [45.315] delay 28.322 ms
INFO: at 12783.569 ms fetching 45.315 ms
INFO: at 12811.894 ms batch [45.315] delay 28.322 ms
INFO: at 12811.894 ms fetching 45.315 ms
INFO: at 12840.220 ms batch [45.315] delay 28.322 ms
INFO: at 12840.220 ms fetching 45.315 ms
INFO: at 12868.546 ms batch [45.315] delay 28.322 ms
INFO: at 12868.546 ms fetching 45.315 ms
INFO: at 12896.871 ms batch [45.315] delay 28.322 ms
INFO: at 12896.871 ms fetching 45.315 ms
INFO: at 12925.197 ms batch [45.315] delay 20.598 ms
INFO: at 12925.197 ms fetching 45.315 ms
INFO: at 12945.798 ms batch [45.315] delay 20.598 ms
INFO: at 12945.798 ms fetching 45.315 ms
INFO: at 12966.400 ms batch [45.315] delay 20.598 ms
INFO: at 12966.400 ms fetching 45.315 ms
INFO: at 12987.001 ms batch [45.315] delay 20.598 ms
INFO: at 12987.001 ms fetching 45.315 ms
INFO: at 13007.602 ms batch [45.315] delay 20.598 ms
INFO: at 13007.602 ms fetching 45.315 ms
INFO: at 13028.203 ms batch [45.315] delay 20.598 ms
INFO: at 13028.203 ms fetching 45.315 ms
INFO: at 13048.804 ms batch [45.315] delay 20.598 ms
INFO: at 13048.804 ms fetching 45.315 ms
INFO: at 13069.405 ms batch [45.315] delay 20.598 ms
INFO: at 13069.405 ms fetching 45.315 ms
INFO: at 13090.006 ms batch [45.315] delay 20.598 ms
INFO: at 13090.006 ms fetching 45.315 ms
INFO: at 13110.607 ms batch [45.315] delay 20.598 ms
INFO: at 13110.607 ms fetching 45.315 ms
INFO: at 13131.207 ms batch [45.315] delay 20.598 ms
INFO: at 13131.207 ms fetching 45.315 ms
INFO: at 13151.809 ms batch [45.315] delay 22.657 ms
INFO: at 13151.809 ms fetching 45.315 ms
INFO: at 13174.469 ms batch [45.315] delay 22.657 ms
INFO: at 13174.469 ms fetching 45.315 ms
INFO: at 13197.131 ms batch [45.315] delay 22.657 ms
INFO: at 13197.131 ms fetching 45.315 ms
INFO: at 13219.792 ms batch [45.315] delay 22.657 ms
INFO: at 13219.792 ms fetching 45.315 ms
INFO: at 13242.453 ms batch [45.315] delay 22.657 ms
INFO: at 13242.453 ms fetching 45.315 ms
INFO: at 13265.115 ms batch [45.315] delay 22.657 ms
INFO: at 13265.115 ms fetching 45.315 ms
INFO: at 13287.776 ms batch [45.315] delay 22.657 ms
INFO: at 13287.776 ms fetching 45.315 ms
INFO: at 13310.437 ms batch [45.315] delay 22.657 ms
INFO: at 13310.437 ms fetching 45.315 ms
INFO: at 13333.099 ms batch [45.315] delay 22.657 ms
INFO: at 13333.099 ms fetching 45.315 ms
INFO: at 13355.759 ms batch [45.315] delay 22.657 ms
INFO: at 13355.759 ms fetching 45.315 ms
INFO: at 13378.420 ms batch [45.315] delay 25.175 ms
INFO: at 13378.420 ms fetching 45.315 ms
INFO: at 13403.599 ms batch [45.315] delay 25.175 ms
INFO: at 13403.599 ms fetching 45.315 ms
INFO: at 13428.776 ms batch [45.315] delay 25.175 ms
INFO: at 13428.776 ms fetching 45.315 ms
INFO: at 13453.955 ms batch [45.315] delay 25.175 ms
INFO: at 13453.955 ms fetching 45.315 ms
INFO: at 13479.134 ms batch [45.315] delay 25.175 ms
INFO: at 13479.134 ms fetching 45.315 ms
INFO: at 13504.313 ms batch [45.315] delay 25.175 ms
INFO: at 13504.313 ms fetching 45.315 ms
INFO: at 13529.505 ms batch [45.315] delay 25.175 ms
INFO: at 13529.505 ms fetching 45.315 ms
INFO: at 13554.684 ms batch [45.315] delay 25.175 ms
INFO: at 13554.684 ms fetching 45.315 ms
INFO: at 13579.863 ms batch [45.315] delay 25.175 ms
INFO: at 13579.863 ms fetching 45.315 ms
INFO: at 13605.054 ms batch [45.315] delay 22.657 ms
INFO: at 13605.054 ms fetching 45.315 ms
INFO: at 13627.715 ms batch [45.315] delay 22.657 ms
INFO: at 13627.715 ms fetching 45.315 ms
INFO: at 13650.375 ms batch [45.315] delay 22.657 ms
INFO: at 13650.375 ms fetching 45.315 ms
INFO: at 13673.036 ms batch [45.315] delay 22.657 ms
INFO: at 13673.036 ms fetching 45.315 ms
INFO: at 13695.697 ms batch [45.315] delay 22.657 ms
INFO: at 13695.697 ms fetching 45.315 ms
INFO: at 13718.359 ms batch [45.315] delay 22.657 ms
INFO: at 13718.359 ms fetching 45.315 ms
INFO: at 13741.020 ms batch [45.315] delay 22.657 ms
INFO: at 13741.020 ms fetching 45.315 ms
INFO: at 13763.681 ms batch [45.315] delay 22.657 ms
INFO: at 13763.681 ms fetching 45.315 ms
INFO: at 13786.342 ms batch [45.315] delay 22.657 ms
INFO: at 13786.342 ms fetching 45.315 ms
INFO: at 13809.003 ms batch [45.315] delay 22.657 ms
INFO: at 13809.003 ms fetching 45.315 ms
INFO: at 13831.664 ms batch [45.315] delay 22.657 ms
INFO: at 13831.664 ms fetching 45.315 ms
INFO: at 13854.324 ms batch [45.315] delay 22.657 ms
INFO: at 13854.324 ms fetching 45.315 ms
INFO: at 13876.985 ms batch [45.315] delay 22.657 ms
INFO: at 13876.985 ms fetching 45.315 ms
INFO: at 13899.647 ms batch [45.315] delay 22.657 ms
INFO: at 13899.647 ms fetching 45.315 ms
INFO: at 13922.308 ms batch [45.315] delay 22.657 ms
INFO: at 13922.308 ms fetching 45.315 ms
INFO: at 13944.969 ms batch [45.315] delay 22.657 ms
INFO: at 13944.969 ms fetching 45.315 ms
INFO: at 13967.629 ms batch [45.315] delay 22.657 ms
INFO: at 13967.629 ms fetching 45.315 ms
INFO: at 13990.290 ms batch [45.315] delay 22.657 ms
INFO: at 13990.290 ms fetching 45.315 ms
INFO: at 14012.951 ms batch [45.315] delay 22.657 ms
INFO: at 14012.951 ms fetching 45.315 ms
INFO: at 14035.612 ms batch [45.315] delay 22.657 ms
INFO: at 14035.612 ms fetching 45.315 ms
INFO: at 14058.274 ms batch [45.315] delay 28.322 ms
INFO: at 14058.274 ms fetching 45.315 ms
INFO: at 14086.599 ms batch [45.315] delay 28.322 ms
INFO: at 14086.599 ms fetching 45.315 ms
INFO: at 14114.925 ms batch [45.315] delay 28.322 ms
INFO: at 14114.925 ms fetching 45.315 ms
INFO: at 14143.251 ms batch [45.315] delay 28.322 ms
INFO: at 14143.251 ms fetching 45.315 ms
INFO: at 14171.576 ms batch [45.315] delay 28.322 ms
INFO: at 14171.576 ms fetching 45.315 ms
INFO: at 14199.901 ms batch [45.315] delay 28.322 ms
INFO: at 14199.901 ms fetching 45.315 ms
INFO: at 14228.227 ms batch [45.315] delay 28.322 ms
INFO: at 14228.227 ms fetching 45.315 ms
INFO: at 14256.553 ms batch [45.315] delay 28.322 ms
INFO: at 14256.553 ms fetching 45.315 ms
INFO: at 14284.878 ms batch [45.315] delay 25.175 ms
INFO: at 14284.878 ms fetching 45.315 ms
INFO: at 14310.057 ms batch [45.315] delay 25.175 ms
INFO: at 14310.057 ms fetching 45.315 ms
INFO: at 14335.235 ms batch [45.315] delay 25.175 ms
INFO: at 14335.235 ms fetching 45.315 ms
INFO: at 14360.414 ms batch [45.315] delay 25.175 ms
INFO: at 14360.414 ms fetching 45.315 ms
INFO: at 14385.593 ms batch [45.315] delay 25.175 ms
INFO: at 14385.593 ms fetching 45.315 ms
INFO: at 14410.771 ms batch [45.315] delay 25.175 ms
INFO: at 14410.771 ms fetching 45.315 ms
INFO: at 14435.950 ms batch [45.315] delay 25.175 ms
INFO: at 14435.950 ms fetching 45.315 ms
INFO: at 14461.128 ms batch [45.315] delay 25.175 ms
INFO: at 14461.128 ms fetching 45.315 ms
INFO: at 14486.307 ms batch [45.315] delay 25.175 ms
INFO: at 14486.307 ms fetching 45.315 ms
INFO: at 14511.485 ms batch [45.315] delay 32.368 ms
INFO: at 14511.485 ms fetching 45.315 ms
INFO: at 14543.856 ms batch [45.315] delay 32.368 ms
INFO: at 14543.856 ms fetching 45.315 ms
INFO: at 14576.226 ms batch [45.315] delay 32.368 ms
INFO: at 14576.226 ms fetching 45.315 ms
INFO: at 14608.598 ms batch [45.315] delay 32.368 ms
INFO: at 14608.598 ms fetching 45.315 ms
INFO: at 14640.969 ms batch [45.315] delay 32.368 ms
INFO: at 14640.969 ms fetching 45.315 ms
INFO: at 14673.340 ms batch [45.315] delay 32.368 ms
INFO: at 14673.340 ms fetching 45.315 ms
INFO: at 14705.712 ms batch [45.315] delay 32.368 ms
INFO: at 14705.712 ms fetching 45.315 ms
INFO: at 14738.084 ms batch [45.315] delay 25.175 ms
INFO: at 14738.084 ms fetching 45.315 ms
INFO: at 14763.262 ms batch [45.315] delay 25.175 ms
INFO: at 14763.262 ms fetching 45.315 ms
INFO: at 14788.440 ms batch [45.315] delay 25.175 ms
INFO: at 14788.440 ms fetching 45.315 ms
INFO: at 14813.619 ms batch [45.315] delay 25.175 ms
INFO: at 14813.619 ms fetching 45.315 ms
INFO: at 14838.798 ms batch [45.315] delay 25.175 ms
INFO: at 14838.798 ms fetching 45.315 ms
INFO: at 14863.977 ms batch [45.315] delay 25.175 ms
INFO: at 14863.977 ms fetching 45.315 ms
INFO: at 14889.171 ms batch [45.315] delay 25.175 ms
INFO: at 14889.171 ms fetching 45.315 ms
INFO: at 14914.349 ms batch [45.315] delay 25.175 ms
INFO: at 14914.349 ms fetching 45.315 ms
INFO: at 14939.528 ms batch [45.315] delay 25.175 ms
INFO: at 14939.528 ms fetching 45.315 ms
INFO: at 14964.706 ms batch [45.315] delay 18.881 ms
INFO: at 14964.706 ms fetching 45.315 ms
INFO: at 14983.591 ms batch [45.315] delay 18.881 ms
INFO: at 14983.591 ms fetching 45.315 ms
INFO: at 15002.475 ms batch [45.315] delay 18.881 ms
INFO: at 15002.475 ms fetching 45.315 ms
INFO: at 15021.360 ms batch [45.315] delay 18.881 ms
INFO: at 15021.360 ms fetching 45.315 ms
INFO: at 15040.244 ms batch [45.315] delay 18.881 ms
INFO: at 15040.244 ms fetching 45.315 ms
INFO: at 15059.128 ms batch [45.315] delay 18.881 ms
INFO: at 15059.128 ms fetching 45.315 ms
INFO: at 15078.013 ms batch [45.315] delay 18.881 ms
INFO: at 15078.013 ms fetching 45.315 ms
INFO: at 15096.912 ms batch [45.315] delay 18.881 ms
INFO: at 15096.912 ms fetching 45.315 ms
INFO: at 15115.796 ms batch [45.315] delay 18.881 ms
INFO: at 15115.796 ms fetching 45.315 ms
INFO: at 15134.686 ms batch [45.315] delay 18.881 ms
INFO: at 15134.686 ms fetching 45.315 ms
INFO: at 15153.569 ms batch [45.315] delay 18.881 ms
INFO: at 15153.569 ms fetching 45.315 ms
INFO: at 15172.454 ms batch [45.315] delay 18.881 ms
INFO: at 15172.454 ms fetching 45.315 ms
INFO: at 15191.339 ms batch [45.315] delay 20.598 ms
INFO: at 15191.339 ms fetching 45.315 ms
INFO: at 15211.940 ms batch [45.315] delay 20.598 ms
INFO: at 15211.940 ms fetching 45.315 ms
INFO: at 15232.542 ms batch [45.315] delay 20.598 ms
INFO: at 15232.542 ms fetching 45.315 ms
INFO: at 15253.143 ms batch [45.315] delay 20.598 ms
INFO: at 15253.143 ms fetching 45.315 ms
INFO: at 15273.744 ms batch [45.315] delay 20.598 ms
INFO: at 15273.744 ms fetching 45.315 ms
INFO: at 15294.345 ms batch [45.315] delay 20.598 ms
INFO: at 15294.345 ms fetching 45.315 ms
INFO: at 15314.946 ms batch [45.315] delay 20.598 ms
INFO: at 15314.946 ms fetching 45.315 ms
INFO: at 15335.546 ms batch [45.315] delay 20.598 ms
INFO: at 15335.546 ms fetching 45.315 ms
INFO: at 15356.147 ms batch [45.315] delay 20.598 ms
INFO: at 15356.147 ms fetching 45.315 ms
INFO: at 15376.748 ms batch [45.315] delay 20.598 ms
INFO: at 15376.748 ms fetching 45.315 ms
INFO: at 15397.349 ms batch [45.315] delay 20.598 ms
INFO: at 15397.349 ms fetching 45.315 ms
INFO: at 15417.951 ms batch [45.315] delay 18.881 ms
INFO: at 15417.951 ms fetching 45.315 ms
INFO: at 15436.834 ms batch [45.315] delay 18.881 ms
INFO: at 15436.834 ms fetching 45.315 ms
INFO: at 15455.720 ms batch [45.315] delay 18.881 ms
INFO: at 15455.720 ms fetching 45.315 ms
INFO: at 15474.605 ms batch [45.315] delay 18.881 ms
INFO: at 15474.605 ms fetching 45.315 ms
INFO: at 15493.489 ms batch [45.315] delay 18.881 ms
INFO: at 15493.489 ms fetching 45.315 ms
INFO: at 15512.374 ms batch [45.315] delay 18.881 ms
INFO: at 15512.374 ms fetching 45.315 ms
INFO: at 15531.258 ms batch [45.315] delay 18.881 ms
INFO: at 15531.258 ms fetching 45.315 ms
INFO: at 15550.142 ms batch [45.315] delay 18.881 ms
INFO: at 15550.142 ms fetching 45.315 ms
INFO: at 15569.026 ms batch [45.315] delay 18.881 ms
INFO: at 15569.026 ms fetching 45.315 ms
INFO: at 15587.910 ms batch [45.315] delay 18.881 ms
INFO: at 15587.910 ms fetching 45.315 ms
INFO: at 15606.794 ms batch [45.315] delay 18.881 ms
INFO: at 15606.794 ms fetching 45.315 ms
INFO: at 15625.679 ms batch [45.315] delay 18.881 ms
INFO: at 15625.679 ms fetching 45.315 ms
INFO: at 15644.564 ms batch [45.315] delay 18.881 ms
INFO: at 15644.564 ms fetching 45.315 ms
INFO: at 15663.448 ms batch [45.315] delay 18.881 ms
INFO: at 15663.448 ms fetching 45.315 ms
INFO: at 15682.332 ms batch [45.315] delay 18.881 ms
INFO: at 15682.332 ms fetching 45.315 ms
INFO: at 15701.216 ms batch [45.315] delay 18.881 ms
INFO: at 15701.216 ms fetching 45.315 ms
INFO: at 15720.100 ms batch [45.315] delay 18.881 ms
INFO: at 15720.100 ms fetching 45.315 ms
INFO: at 15738.984 ms batch [45.315] delay 18.881 ms
INFO: at 15738.984 ms fetching 45.315 ms
INFO: at 15757.869 ms batch [45.315] delay 18.881 ms
INFO: at 15757.869 ms fetching 45.315 ms
INFO: at 15776.754 ms batch [45.315] delay 18.881 ms
INFO: at 15776.754 ms fetching 45.315 ms
INFO: at 15795.638 ms batch [45.315] delay 18.881 ms
INFO: at 15795.638 ms fetching 45.315 ms
INFO: at 15814.522 ms batch [45.315] delay 18.881 ms
INFO: at 15814.522 ms fetching 45.315 ms
INFO: at 15833.407 ms batch [45.315] delay 18.881 ms
INFO: at 15833.407 ms fetching 45.315 ms
INFO: at 15852.291 ms batch [45.315] delay 18.881 ms
INFO: at 15852.291 ms fetching 45.315 ms
INFO: at 15871.187 ms batch [45.315] delay 15.105 ms
INFO: at 15871.187 ms fetching 45.315 ms
INFO: at 15886.295 ms batch [45.315] delay 15.105 ms
INFO: at 15886.295 ms fetching 45.315 ms
INFO: at 15901.402 ms batch [45.315] delay 15.105 ms
INFO: at 15901.402 ms fetching 45.315 ms
INFO: at 15916.510 ms batch [45.315] delay 15.105 ms
INFO: at 15916.510 ms fetching 45.315 ms
INFO: at 15931.618 ms batch [45.315] delay 15.105 ms
INFO: at 15931.618 ms fetching 45.315 ms
INFO: at 15946.724 ms batch [45.315] delay 15.105 ms
INFO: at 15946.724 ms fetching 45.315 ms
INFO: at 15961.833 ms batch [45.315] delay 15.105 ms
INFO: at 15961.833 ms fetching 45.315 ms
INFO: at 15976.941 ms batch [45.315] delay 15.105 ms
INFO: at 15976.941 ms fetching 45.315 ms
INFO: at 15992.049 ms batch [45.315] delay 15.105 ms
INFO: at 15992.049 ms fetching 45.315 ms
INFO: at 16007.157 ms batch [45.315] delay 15.105 ms
INFO: at 16007.157 ms fetching 45.315 ms
INFO: at 16022.263 ms batch [45.315] delay 15.105 ms
INFO: at 16022.263 ms fetching 45.315 ms
INFO: at 16037.371 ms batch [45.315] delay 15.105 ms
INFO: at 16037.371 ms fetching 45.315 ms
INFO: at 16052.479 ms batch [45.315] delay 15.105 ms
INFO: at 16052.479 ms fetching 45.315 ms
INFO: at 16067.586 ms batch [45.315] delay 15.105 ms
INFO: at 16067.586 ms fetching 45.315 ms
INFO: at 16082.695 ms batch [45.315] delay 15.105 ms
INFO: at 16082.695 ms fetching 45.315 ms
INFO: at 16097.801 ms batch [45.315] delay 28.322 ms
INFO: at 16097.801 ms fetching 45.315 ms
INFO: at 16126.128 ms batch [45.315] delay 28.322 ms
INFO: at 16126.128 ms fetching 45.315 ms
INFO: at 16154.455 ms batch [45.315] delay 28.322 ms
INFO: at 16154.455 ms fetching 45.315 ms
INFO: at 16182.780 ms batch [45.315] delay 28.322 ms
INFO: at 16182.780 ms fetching 45.315 ms
INFO: at 16211.106 ms batch [45.315] delay 28.322 ms
INFO: at 16211.106 ms fetching 45.315 ms
INFO: at 16239.431 ms batch [45.315] delay 28.322 ms
INFO: at 16239.431 ms fetching 45.315 ms
INFO: at 16267.756 ms batch [45.315] delay 28.322 ms
INFO: at 16267.756 ms fetching 45.315 ms
INFO: at 16296.081 ms batch [45.315] delay 28.322 ms
INFO: at 16296.081 ms fetching 45.315 ms
INFO: at 16324.423 ms batch [45.315] delay 22.657 ms
INFO: at 16324.423 ms fetching 45.315 ms
INFO: at 16347.083 ms batch [45.315] delay 22.657 ms
INFO: at 16347.083 ms fetching 45.315 ms
INFO: at 16369.744 ms batch [45.315] delay 22.657 ms
INFO: at 16369.744 ms fetching 45.315 ms
INFO: at 16392.406 ms batch [45.315] delay 22.657 ms
INFO: at 16392.406 ms fetching 45.315 ms
INFO: at 16415.070 ms batch [45.315] delay 22.657 ms
INFO: at 16415.070 ms fetching 45.315 ms
INFO: at 16437.731 ms batch [45.315] delay 22.657 ms
INFO: at 16437.731 ms fetching 45.315 ms
INFO: at 16460.393 ms batch [45.315] delay 22.657 ms
INFO: at 16460.393 ms fetching 45.315 ms
INFO: at 16483.054 ms batch [45.315] delay 22.657 ms
INFO: at 16483.054 ms fetching 45.315 ms
INFO: at 16505.715 ms batch [45.315] delay 22.657 ms
INFO: at 16505.715 ms fetching 45.315 ms
INFO: at 16528.377 ms batch [45.315] delay 22.657 ms
INFO: at 16528.377 ms fetching 45.315 ms
INFO: at 16551.038 ms batch [45.315] delay 25.175 ms
INFO: at 16551.038 ms fetching 45.315 ms
INFO: at 16576.218 ms batch [45.315] delay 25.175 ms
INFO: at 16576.218 ms fetching 45.315 ms
INFO: at 16601.396 ms batch [45.315] delay 25.175 ms
INFO: at 16601.396 ms fetching 45.315 ms
INFO: at 16626.574 ms batch [45.315] delay 25.175 ms
INFO: at 16626.574 ms fetching 45.315 ms
INFO: at 16651.753 ms batch [45.315] delay 25.175 ms
INFO: at 16651.753 ms fetching 45.315 ms
INFO: at 16676.932 ms batch [45.315] delay 25.175 ms
INFO: at 16676.932 ms fetching 45.315 ms
INFO: at 16702.110 ms batch [45.315] delay 25.175 ms
INFO: at 16702.110 ms fetching 45.315 ms
INFO: at 16727.288 ms batch [45.315] delay 25.175 ms
INFO: at 16727.288 ms fetching 45.315 ms
INFO: at 16752.468 ms batch [45.315] delay 25.175 ms
INFO: at 16752.468 ms fetching 45.315 ms
INFO: at 16777.647 ms batch [45.315] delay 18.881 ms
INFO: at 16777.647 ms fetching 45.315 ms
INFO: at 16796.531 ms batch [45.315] delay 18.881 ms
INFO: at 16796.531 ms fetching 45.315 ms
INFO: at 16815.415 ms batch [45.315] delay 18.881 ms
INFO: at 16815.415 ms fetching 45.315 ms
INFO: at 16834.300 ms batch [45.315] delay 18.881 ms
INFO: at 16834.300 ms fetching 45.315 ms
INFO: at 16853.184 ms batch [45.315] delay 18.881 ms
INFO: at 16853.184 ms fetching 45.315 ms
INFO: at 16872.069 ms batch [45.315] delay 18.881 ms
INFO: at 16872.069 ms fetching 45.315 ms
INFO: at 16890.952 ms batch [45.315] delay 18.881 ms
INFO: at 16890.952 ms fetching 45.315 ms
INFO: at 16909.837 ms batch [45.315] delay 18.881 ms
INFO: at 16909.837 ms fetching 45.315 ms
INFO: at 16928.735 ms batch [45.315] delay 18.881 ms
INFO: at 16928.735 ms fetching 45.315 ms
INFO: at 16947.619 ms batch [45.315] delay 18.881 ms
INFO: at 16947.619 ms fetching 45.315 ms
INFO: at 16966.504 ms batch [45.315] delay 18.881 ms
INFO: at 16966.504 ms fetching 45.315 ms
INFO: at 16985.389 ms batch [45.315] delay 18.881 ms
INFO: at 16985.389 ms fetching 45.315 ms
INFO: at 17004.273 ms batch [45.315] delay 11.329 ms
INFO: at 17004.273 ms fetching 45.315 ms
INFO: at 17015.604 ms batch [45.315] delay 11.329 ms
INFO: at 17015.604 ms fetching 45.315 ms
INFO: at 17026.936 ms batch [45.315] delay 11.329 ms
INFO: at 17026.936 ms fetching 45.315 ms
INFO: at 17038.267 ms batch [45.315] delay 11.329 ms
INFO: at 17038.267 ms fetching 45.315 ms
INFO: at 17049.598 ms batch [45.315] delay 11.329 ms
INFO: at 17049.598 ms fetching 45.315 ms
INFO: at 17060.929 ms batch [45.315] delay 11.329 ms
INFO: at 17060.929 ms fetching 45.315 ms
INFO: at 17072.260 ms batch [45.315] delay 11.329 ms
INFO: at 17072.260 ms fetching 45.315 ms
INFO: at 17083.591 ms batch [45.315] delay 11.329 ms
INFO: at 17083.591 ms fetching 45.315 ms
INFO: at 17094.922 ms batch [45.315] delay 11.329 ms
INFO: at 17094.922 ms fetching 45.315 ms
INFO: at 17106.253 ms batch [45.315] delay 11.329 ms
INFO: at 17106.253 ms fetching 45.315 ms
INFO: at 17117.585 ms batch [45.315] delay 11.329 ms
INFO: at 17117.585 ms fetching 45.315 ms
INFO: at 17128.916 ms batch [45.315] delay 11.329 ms
INFO: at 17128.916 ms fetching 45.315 ms
INFO: at 17140.247 ms batch [45.315] delay 11.329 ms
INFO: at 17140.247 ms fetching 45.315 ms
INFO: at 17151.578 ms batch [45.315] delay 11.329 ms
INFO: at 17151.578 ms fetching 45.315 ms
INFO: at 17162.909 ms batch [45.315] delay 11.329 ms
INFO: at 17162.909 ms fetching 45.315 ms
INFO: at 17174.240 ms batch [45.315] delay 11.329 ms
INFO: at 17174.240 ms fetching 45.315 ms
INFO: at 17185.571 ms batch [45.315] delay 11.329 ms
INFO: at 17185.571 ms fetching 45.315 ms
INFO: at 17196.902 ms batch [45.315] delay 11.329 ms
INFO: at 17196.902 ms fetching 45.315 ms
INFO: at 17208.233 ms batch [45.315] delay 11.329 ms
INFO: at 17208.233 ms fetching 45.315 ms
INFO: at 17219.564 ms batch [45.315] delay 11.329 ms
INFO: at 17219.564 ms fetching 45.315 ms
INFO: at 17230.895 ms batch [45.315] delay 20.598 ms
INFO: at 17230.895 ms fetching 45.315 ms
INFO: at 17251.496 ms batch [45.315] delay 20.598 ms
INFO: at 17251.496 ms fetching 45.315 ms
INFO: at 17272.097 ms batch [45.315] delay 20.598 ms
INFO: at 17272.097 ms fetching 45.315 ms
INFO: at 17292.698 ms batch [45.315] delay 20.598 ms
INFO: at 17292.698 ms fetching 45.315 ms
INFO: at 17313.299 ms batch [45.315] delay 20.598 ms
INFO: at 17313.299 ms fetching 45.315 ms
INFO: at 17333.900 ms batch [45.315] delay 20.598 ms
INFO: at 17333.900 ms fetching 45.315 ms
INFO: at 17354.501 ms batch [45.315] delay 20.598 ms
INFO: at 17354.501 ms fetching 45.315 ms
INFO: at 17375.103 ms batch [45.315] delay 20.598 ms
INFO: at 17375.103 ms fetching 45.315 ms
INFO: at 17395.703 ms batch [45.315] delay 20.598 ms
INFO: at 17395.703 ms fetching 45.315 ms
INFO: at 17416.304 ms batch [45.315] delay 20.598 ms
INFO: at 17416.304 ms fetching 45.315 ms
INFO: at 17436.906 ms batch [45.315] delay 20.598 ms
INFO: at 17436.906 ms fetching 45.315 ms
INFO: at 17457.507 ms batch [45.315] delay 28.322 ms
INFO: at 17457.507 ms fetching 45.315 ms
INFO: at 17485.848 ms batch [45.315] delay 28.322 ms
INFO: at 17485.848 ms fetching 45.315 ms
INFO: at 17514.175 ms batch [45.315] delay 28.322 ms
INFO: at 17514.175 ms fetching 45.315 ms
INFO: at 17542.501 ms batch [45.315] delay 28.322 ms
INFO: at 17542.501 ms fetching 45.315 ms
INFO: at 17570.826 ms batch [45.315] delay 28.322 ms
INFO: at 17570.826 ms fetching 45.315 ms
INFO: at 17599.152 ms batch [45.315] delay 28.322 ms
INFO: at 17599.152 ms fetching 45.315 ms
INFO: at 17627.477 ms batch [45.315] delay 28.322 ms
INFO: at 17627.477 ms fetching 45.315 ms
INFO: at 17655.804 ms batch [45.315] delay 28.322 ms
INFO: at 17655.804 ms fetching 45.315 ms
INFO: at 17684.129 ms batch [45.315] delay 28.322 ms
INFO: at 17684.129 ms fetching 45.315 ms
INFO: at 17712.456 ms batch [45.315] delay 28.322 ms
INFO: at 17712.456 ms fetching 45.315 ms
INFO: at 17740.783 ms batch [45.315] delay 28.322 ms
INFO: at 17740.783 ms fetching 45.315 ms
INFO: at 17769.109 ms batch [45.315] delay 28.322 ms
INFO: at 17769.109 ms fetching 45.315 ms
INFO: at 17797.436 ms batch [45.315] delay 28.322 ms
INFO: at 17797.436 ms fetching 45.315 ms
INFO: at 17825.763 ms batch [45.315] delay 28.322 ms
INFO: at 17825.763 ms fetching 45.315 ms
INFO: at 17854.088 ms batch [45.315] delay 28.322 ms
INFO: at 17854.088 ms fetching 45.315 ms
INFO: at 17882.431 ms batch [45.315] delay 28.322 ms
INFO: at 17882.431 ms fetching 45.315 ms
INFO: at 17910.756 ms batch [45.315] delay 20.598 ms
INFO: at 17910.756 ms fetching 45.315 ms
INFO: at 17931.359 ms batch [45.315] delay 20.598 ms
INFO: at 17931.359 ms fetching 45.315 ms
INFO: at 17951.960 ms batch [45.315] delay 20.598 ms
INFO: at 17951.960 ms fetching 45.315 ms
INFO: at 17972.562 ms batch [45.315] delay 20.598 ms
INFO: at 17972.562 ms fetching 45.315 ms
INFO: at 17993.163 ms batch [45.315] delay 20.598 ms
INFO: at 17993.163 ms fetching 45.315 ms
INFO: at 18013.764 ms batch [45.315] delay 20.598 ms
INFO: at 18013.764 ms fetching 45.315 ms
INFO: at 18034.365 ms batch [45.315] delay 20.598 ms
INFO: at 18034.365 ms fetching 45.315 ms
INFO: at 18054.967 ms batch [45.315] delay 20.598 ms
INFO: at 18054.967 ms fetching 45.315 ms
INFO: at 18075.568 ms batch [45.315] delay 20.598 ms
INFO: at 18075.568 ms fetching 45.315 ms
INFO: at 18096.168 ms batch [45.315] delay 20.598 ms
INFO: at 18096.168 ms fetching 45.315 ms
INFO: at 18116.770 ms batch [45.315] delay 20.598 ms
INFO: at 18116.770 ms fetching 45.315 ms
INFO: at 18137.371 ms batch [45.315] delay 16.184 ms
INFO: at 18137.371 ms fetching 45.315 ms
INFO: at 18153.559 ms batch [45.315] delay 16.184 ms
INFO: at 18153.559 ms fetching 45.315 ms
INFO: at 18169.745 ms batch [45.315] delay 16.184 ms
INFO: at 18169.745 ms fetching 45.315 ms
INFO: at 18185.932 ms batch [45.315] delay 16.184 ms
INFO: at 18185.932 ms fetching 45.315 ms
INFO: at 18202.119 ms batch [45.315] delay 16.184 ms
INFO: at 18202.119 ms fetching 45.315 ms
INFO: at 18218.306 ms batch [45.315] delay 16.184 ms
INFO: at 18218.306 ms fetching 45.315 ms
INFO: at 18234.492 ms batch [45.315] delay 16.184 ms
INFO: at 18234.492 ms fetching 45.315 ms
INFO: at 18250.680 ms batch [45.315] delay 16.184 ms
INFO: at 18250.680 ms fetching 45.315 ms
INFO: at 18266.866 ms batch [45.315] delay 16.184 ms
INFO: at 18266.866 ms fetching 45.315 ms
INFO: at 18283.054 ms batch [45.315] delay 16.184 ms
INFO: at 18283.054 ms fetching 45.315 ms
INFO: at 18299.240 ms batch [45.315] delay 16.184 ms
INFO: at 18299.240 ms fetching 45.315 ms
INFO: at 18315.427 ms batch [45.315] delay 16.184 ms
INFO: at 18315.427 ms fetching 45.315 ms
INFO: at 18331.614 ms batch [45.315] delay 16.184 ms
INFO: at 18331.614 ms fetching 45.315 ms
INFO: at 18347.801 ms batch [45.315] delay 16.184 ms
INFO: at 18347.801 ms fetching 45.315 ms
INFO: at 18363.989 ms batch [45.315] delay 20.598 ms
INFO: at 18363.989 ms fetching 45.315 ms
INFO: at 18384.590 ms batch [45.315] delay 20.598 ms
INFO: at 18384.590 ms fetching 45.315 ms
INFO: at 18405.192 ms batch [45.315] delay 20.598 ms
INFO: at 18405.192 ms fetching 45.315 ms
INFO: at 18425.793 ms batch [45.315] delay 20.598 ms
INFO: at 18425.793 ms fetching 45.315 ms
INFO: at 18446.394 ms batch [45.315] delay 20.598 ms
INFO: at 18446.394 ms fetching 45.315 ms
INFO: at 18466.994 ms batch [45.315] delay 20.598 ms
INFO: at 18466.994 ms fetching 45.315 ms
INFO: at 18487.596 ms batch [45.315] delay 20.598 ms
INFO: at 18487.596 ms fetching 45.315 ms
INFO: at 18508.197 ms batch [45.315] delay 20.598 ms
INFO: at 18508.197 ms fetching 45.315 ms
INFO: at 18528.798 ms batch [45.315] delay 20.598 ms
INFO: at 18528.798 ms fetching 45.315 ms
INFO: at 18549.399 ms batch [45.315] delay 20.598 ms
INFO: at 18549.399 ms fetching 45.315 ms
INFO: at 18570.001 ms batch [45.315] delay 20.598 ms
INFO: at 18570.001 ms fetching 45.315 ms
INFO: at 18590.603 ms batch [45.315] delay 25.175 ms
INFO: at 18590.603 ms fetching 45.315 ms
INFO: at 18615.781 ms batch [45.315] delay 25.175 ms
INFO: at 18615.781 ms fetching 45.315 ms
INFO: at 18640.960 ms batch [45.315] delay 25.175 ms
INFO: at 18640.960 ms fetching 45.315 ms
INFO: at 18666.139 ms batch [45.315] delay 25.175 ms
INFO: at 18666.139 ms fetching 45.315 ms
INFO: at 18691.318 ms batch [45.315] delay 25.175 ms
INFO: at 18691.318 ms fetching 45.315 ms
INFO: at 18716.497 ms batch [45.315] delay 25.175 ms
INFO: at 18716.497 ms fetching 45.315 ms
INFO: at 18741.677 ms batch [45.315] delay 25.175 ms
INFO: at 18741.677 ms fetching 45.315 ms
INFO: at 18766.855 ms batch [45.315] delay 25.175 ms
INFO: at 18766.855 ms fetching 45.315 ms
INFO: at 18792.033 ms batch [45.315] delay 25.175 ms
INFO: at 18792.033 ms fetching 45.315 ms
INFO: at 18817.212 ms batch [45.315] delay 20.598 ms
INFO: at 18817.212 ms fetching 45.315 ms
INFO: at 18837.813 ms batch [45.315] delay 20.598 ms
INFO: at 18837.813 ms fetching 45.315 ms
INFO: at 18858.415 ms batch [45.315] delay 20.598 ms
INFO: at 18858.415 ms fetching 45.315 ms
INFO: at 18879.030 ms batch [45.315] delay 20.598 ms
INFO: at 18879.030 ms fetching 45.315 ms
INFO: at 18899.647 ms batch [45.315] delay 20.598 ms
INFO: at 18899.647 ms fetching 45.315 ms
INFO: at 18920.249 ms batch [45.315] delay 20.598 ms
INFO: at 18920.249 ms fetching 45.315 ms
INFO: at 18940.850 ms batch [45.315] delay 20.598 ms
INFO: at 18940.850 ms fetching 45.315 ms
INFO: at 18961.451 ms batch [45.315] delay 20.598 ms
INFO: at 18961.451 ms fetching 45.315 ms
INFO: at 18982.052 ms batch [45.315] delay 20.598 ms
INFO: at 18982.052 ms fetching 45.315 ms
INFO: at 19002.653 ms batch [45.315] delay 20.598 ms
INFO: at 19002.653 ms fetching 45.315 ms
INFO: at 19023.255 ms batch [45.315] delay 20.598 ms
INFO: at 19023.255 ms fetching 45.315 ms
INFO: at 19043.856 ms batch [45.315] delay 18.881 ms
INFO: at 19043.856 ms fetching 45.315 ms
INFO: at 19062.739 ms batch [45.315] delay 18.881 ms
INFO: at 19062.739 ms fetching 45.315 ms
INFO: at 19081.624 ms batch [45.315] delay 18.881 ms
INFO: at 19081.624 ms fetching 45.315 ms
INFO: at 19100.508 ms batch [45.315] delay 18.881 ms
INFO: at 19100.508 ms fetching 45.315 ms
INFO: at 19119.392 ms batch [45.315] delay 18.881 ms
INFO: at 19119.392 ms fetching 45.315 ms
INFO: at 19138.275 ms batch [45.315] delay 18.881 ms
INFO: at 19138.275 ms fetching 45.315 ms
INFO: at 19157.160 ms batch [45.315] delay 18.881 ms
INFO: at 19157.160 ms fetching 45.315 ms
INFO: at 19176.045 ms batch [45.315] delay 18.881 ms
INFO: at 19176.045 ms fetching 45.315 ms
INFO: at 19194.928 ms batch [45.315] delay 18.881 ms
INFO: at 19194.928 ms fetching 45.315 ms
INFO: at 19213.813 ms batch [45.315] delay 18.881 ms
INFO: at 19213.813 ms fetching 45.315 ms
INFO: at 19232.699 ms batch [45.315] delay 18.881 ms
INFO: at 19232.699 ms fetching 45.315 ms
INFO: at 19251.583 ms batch [45.315] delay 18.881 ms
INFO: at 19251.583 ms fetching 45.315 ms
INFO: at 19270.467 ms batch [45.315] delay 20.598 ms
INFO: at 19270.467 ms fetching 45.315 ms
INFO: at 19291.067 ms batch [45.315] delay 20.598 ms
INFO: at 19291.067 ms fetching 45.315 ms
INFO: at 19311.669 ms batch [45.315] delay 20.598 ms
INFO: at 19311.669 ms fetching 45.315 ms
INFO: at 19332.270 ms batch [45.315] delay 20.598 ms
INFO: at 19332.270 ms fetching 45.315 ms
INFO: at 19352.872 ms batch [45.315] delay 20.598 ms
INFO: at 19352.872 ms fetching 45.315 ms
INFO: at 19373.473 ms batch [45.315] delay 20.598 ms
INFO: at 19373.473 ms fetching 45.315 ms
INFO: at 19394.074 ms batch [45.315] delay 20.598 ms
INFO: at 19394.074 ms fetching 45.315 ms
INFO: at 19414.675 ms batch [45.315] delay 20.598 ms
INFO: at 19414.675 ms fetching 45.315 ms
INFO: at 19435.276 ms batch [45.315] delay 20.598 ms
INFO: at 19435.276 ms fetching 45.315 ms
INFO: at 19455.878 ms batch [45.315] delay 20.598 ms
INFO: at 19455.878 ms fetching 45.315 ms
INFO: at 19476.479 ms batch [45.315] delay 20.598 ms
INFO: at 19476.479 ms fetching 45.315 ms
INFO: at 19497.080 ms batch [45.315] delay 15.105 ms
INFO: at 19497.080 ms fetching 45.315 ms
INFO: at 19512.188 ms batch [45.315] delay 15.105 ms
INFO: at 19512.188 ms fetching 45.315 ms
INFO: at 19527.297 ms batch [45.315] delay 15.105 ms
INFO: at 19527.297 ms fetching 45.315 ms
INFO: at 19542.404 ms batch [45.315] delay 15.105 ms
INFO: at 19542.404 ms fetching 45.315 ms
INFO: at 19557.513 ms batch [45.315] delay 15.105 ms
INFO: at 19557.513 ms fetching 45.315 ms
INFO: at 19572.620 ms batch [45.315] delay 15.105 ms
INFO: at 19572.620 ms fetching 45.315 ms
INFO: at 19587.728 ms batch [45.315] delay 15.105 ms
INFO: at 19587.728 ms fetching 45.315 ms
INFO: at 19602.837 ms batch [45.315] delay 15.105 ms
INFO: at 19602.837 ms fetching 45.315 ms
INFO: at 19617.944 ms batch [45.315] delay 15.105 ms
INFO: at 19617.944 ms fetching 45.315 ms
INFO: at 19633.053 ms batch [45.315] delay 15.105 ms
INFO: at 19633.053 ms fetching 45.315 ms
INFO: at 19648.161 ms batch [45.315] delay 15.105 ms
INFO: at 19648.161 ms fetching 45.315 ms
INFO: at 19663.270 ms batch [45.315] delay 15.105 ms
INFO: at 19663.270 ms fetching 45.315 ms
INFO: at 19678.379 ms batch [45.315] delay 15.105 ms
INFO: at 19678.379 ms fetching 45.315 ms
INFO: at 19693.486 ms batch [45.315] delay 15.105 ms
INFO: at 19693.486 ms fetching 45.315 ms
INFO: at 19708.594 ms batch [45.315] delay 15.105 ms
INFO: at 19708.594 ms fetching 45.315 ms
INFO: at 19723.702 ms batch [45.315] delay 25.175 ms
INFO: at 19723.702 ms fetching 45.315 ms
INFO: at 19748.880 ms batch [45.315] delay 25.175 ms
INFO: at 19748.880 ms fetching 45.315 ms
INFO: at 19774.061 ms batch [45.315] delay 25.175 ms
INFO: at 19774.061 ms fetching 45.315 ms
INFO: at 19799.238 ms batch [45.315] delay 25.175 ms
INFO: at 19799.238 ms fetching 45.315 ms
INFO: at 19824.417 ms batch [45.315] delay 25.175 ms
INFO: at 19824.417 ms fetching 45.315 ms
INFO: at 19849.615 ms batch [45.315] delay 25.175 ms
INFO: at 19849.615 ms fetching 45.315 ms
INFO: at 19874.794 ms batch [45.315] delay 25.175 ms
INFO: at 19874.794 ms fetching 45.315 ms
INFO: at 19899.973 ms batch [45.315] delay 25.175 ms
INFO: at 19899.973 ms fetching 45.315 ms
INFO: at 19925.152 ms batch [45.315] delay 25.175 ms
INFO: at 19925.152 ms fetching 45.315 ms
INFO: at 19950.331 ms batch [45.315] delay 22.657 ms
INFO: at 19950.331 ms fetching 45.315 ms
INFO: at 19972.992 ms batch [45.315] delay 22.657 ms
INFO: at 19972.992 ms fetching 45.315 ms
INFO: at 19995.654 ms batch [45.315] delay 22.657 ms
INFO: at 19995.654 ms fetching 45.315 ms
INFO: at 20018.315 ms batch [45.315] delay 22.657 ms
INFO: at 20018.315 ms fetching 45.315 ms
INFO: at 20040.976 ms batch [45.315] delay 22.657 ms
INFO: at 20040.976 ms fetching 45.315 ms
INFO: at 20063.637 ms batch [45.315] delay 22.657 ms
INFO: at 20063.637 ms fetching 45.315 ms
INFO: at 20086.298 ms batch [45.315] delay 22.657 ms
INFO: at 20086.298 ms fetching 45.315 ms
INFO: at 20108.960 ms batch [45.315] delay 22.657 ms
INFO: at 20108.960 ms fetching 45.315 ms
INFO: at 20131.632 ms batch [45.315] delay 22.657 ms
INFO: at 20131.632 ms fetching 45.315 ms
INFO: at 20154.294 ms batch [45.315] delay 22.657 ms
INFO: at 20154.294 ms fetching 45.315 ms
INFO: at 20176.956 ms batch [45.315] delay 20.598 ms
INFO: at 20176.956 ms fetching 45.315 ms
INFO: at 20197.558 ms batch [45.315] delay 20.598 ms
INFO: at 20197.558 ms fetching 45.315 ms
INFO: at 20218.159 ms batch [45.315] delay 20.598 ms
INFO: at 20218.159 ms fetching 45.315 ms
INFO: at 20238.761 ms batch [45.315] delay 20.598 ms
INFO: at 20238.761 ms fetching 45.315 ms
INFO: at 20259.362 ms batch [45.315] delay 20.598 ms
INFO: at 20259.362 ms fetching 45.315 ms
INFO: at 20279.963 ms batch [45.315] delay 20.598 ms
INFO: at 20279.963 ms fetching 45.315 ms
INFO: at 20300.565 ms batch [45.315] delay 20.598 ms
INFO: at 20300.565 ms fetching 45.315 ms
INFO: at 20321.165 ms batch [45.315] delay 20.598 ms
INFO: at 20321.165 ms fetching 45.315 ms
INFO: at 20341.767 ms batch [45.315] delay 20.598 ms
INFO: at 20341.767 ms fetching 45.315 ms
INFO: at 20362.369 ms batch [45.315] delay 20.598 ms
INFO: at 20362.369 ms fetching 45.315 ms
INFO: at 20382.969 ms batch [45.315] delay 20.598 ms
INFO: at 20382.969 ms fetching 45.315 ms
INFO: at 20403.570 ms batch [45.315] delay 17.429 ms
INFO: at 20403.570 ms fetching 45.315 ms
INFO: at 20421.003 ms batch [45.315] delay 17.429 ms
INFO: at 20421.003 ms fetching 45.315 ms
INFO: at 20438.434 ms batch [45.315] delay 17.429 ms
INFO: at 20438.434 ms fetching 45.315 ms
INFO: at 20455.867 ms batch [45.315] delay 17.429 ms
INFO: at 20455.867 ms fetching 45.315 ms
INFO: at 20473.299 ms batch [45.315] delay 17.429 ms
INFO: at 20473.299 ms fetching 45.315 ms
INFO: at 20490.730 ms batch [45.315] delay 17.429 ms
INFO: at 20490.730 ms fetching 45.315 ms
INFO: at 20508.163 ms batch [45.315] delay 17.429 ms
INFO: at 20508.163 ms fetching 45.315 ms
INFO: at 20525.595 ms batch [45.315] delay 17.429 ms
INFO: at 20525.595 ms fetching 45.315 ms
INFO: at 20543.027 ms batch [45.315] delay 17.429 ms
INFO: at 20543.027 ms fetching 45.315 ms
INFO: at 20560.458 ms batch [45.315] delay 17.429 ms
INFO: at 20560.458 ms fetching 45.315 ms
INFO: at 20577.890 ms batch [45.315] delay 17.429 ms
INFO: at 20577.890 ms fetching 45.315 ms
INFO: at 20595.322 ms batch [45.315] delay 17.429 ms
INFO: at 20595.322 ms fetching 45.315 ms
INFO: at 20612.754 ms batch [45.315] delay 17.429 ms
INFO: at 20612.754 ms fetching 45.315 ms
INFO: at 20630.185 ms batch [45.315] delay 16.184 ms
INFO: at 20630.185 ms fetching 45.315 ms
INFO: at 20646.373 ms batch [45.315] delay 16.184 ms
INFO: at 20646.373 ms fetching 45.315 ms
INFO: at 20662.559 ms batch [45.315] delay 16.184 ms
INFO: at 20662.559 ms fetching 45.315 ms
INFO: at 20678.746 ms batch [45.315] delay 16.184 ms
INFO: at 20678.746 ms fetching 45.315 ms
INFO: at 20694.932 ms batch [45.315] delay 16.184 ms
INFO: at 20694.932 ms fetching 45.315 ms
INFO: at 20711.119 ms batch [45.315] delay 16.184 ms
INFO: at 20711.119 ms fetching 45.315 ms
INFO: at 20727.305 ms batch [45.315] delay 16.184 ms
INFO: at 20727.305 ms fetching 45.315 ms
INFO: at 20743.492 ms batch [45.315] delay 16.184 ms
INFO: at 20743.492 ms fetching 45.315 ms
INFO: at 20759.678 ms batch [45.315] delay 16.184 ms
INFO: at 20759.678 ms fetching 45.315 ms
INFO: at 20775.865 ms batch [45.315] delay 16.184 ms
INFO: at 20775.865 ms fetching 45.315 ms
INFO: at 20792.052 ms batch [45.315] delay 16.184 ms
INFO: at 20792.052 ms fetching 45.315 ms
INFO: at 20808.239 ms batch [45.315] delay 16.184 ms
INFO: at 20808.239 ms fetching 45.315 ms
INFO: at 20824.425 ms batch [45.315] delay 16.184 ms
INFO: at 20824.425 ms fetching 45.315 ms
INFO: at 20840.612 ms batch [45.315] delay 16.184 ms
INFO: at 20840.612 ms fetching 45.315 ms
INFO: at 20856.798 ms batch [45.315] delay 20.598 ms
INFO: at 20856.798 ms fetching 45.315 ms
INFO: at 20877.399 ms batch [45.315] delay 20.598 ms
INFO: at 20877.399 ms fetching 45.315 ms
INFO: at 20898.000 ms batch [45.315] delay 20.598 ms
INFO: at 20898.000 ms fetching 45.315 ms
INFO: at 20918.601 ms batch [45.315] delay 20.598 ms
INFO: at 20918.601 ms fetching 45.315 ms
INFO: at 20939.202 ms batch [45.315] delay 20.598 ms
INFO: at 20939.202 ms fetching 45.315 ms
INFO: at 20959.804 ms batch [45.315] delay 20.598 ms
INFO: at 20959.804 ms fetching 45.315 ms
INFO: at 20980.404 ms batch [45.315] delay 20.598 ms
INFO: at 20980.404 ms fetching 45.315 ms
INFO: at 21001.006 ms batch [45.315] delay 20.598 ms
INFO: at 21001.006 ms fetching 45.315 ms
INFO: at 21021.607 ms batch [45.315] delay 20.598 ms
INFO: at 21021.607 ms fetching 45.315 ms
INFO: at 21042.208 ms batch [45.315] delay 20.598 ms
INFO: at 21042.208 ms fetching 45.315 ms
INFO: at 21062.809 ms batch [45.315] delay 20.598 ms
INFO: at 21062.809 ms fetching 45.315 ms
INFO: at 21083.410 ms batch [45.315] delay 22.657 ms
INFO: at 21083.410 ms fetching 45.315 ms
INFO: at 21106.070 ms batch [45.315] delay 22.657 ms
INFO: at 21106.070 ms fetching 45.315 ms
INFO: at 21128.732 ms batch [45.315] delay 22.657 ms
INFO: at 21128.732 ms fetching 45.315 ms
INFO: at 21151.391 ms batch [45.315] delay 22.657 ms
INFO: at 21151.391 ms fetching 45.315 ms
INFO: at 21174.052 ms batch [45.315] delay 22.657 ms
INFO: at 21174.052 ms fetching 45.315 ms
INFO: at 21196.713 ms batch [45.315] delay 22.657 ms
INFO: at 21196.713 ms fetching 45.315 ms
INFO: at 21219.372 ms batch [45.315] delay 22.657 ms
INFO: at 21219.372 ms fetching 45.315 ms
INFO: at 21242.034 ms batch [45.315] delay 22.657 ms
INFO: at 21242.034 ms fetching 45.315 ms
INFO: at 21264.695 ms batch [45.315] delay 22.657 ms
INFO: at 21264.695 ms fetching 45.315 ms
INFO: at 21287.355 ms batch [45.315] delay 22.657 ms
INFO: at 21287.355 ms fetching 45.315 ms
INFO: at 21310.017 ms batch [45.315] delay 16.184 ms
INFO: at 21310.017 ms fetching 45.315 ms
INFO: at 21326.205 ms batch [45.315] delay 16.184 ms
INFO: at 21326.205 ms fetching 45.315 ms
INFO: at 21342.391 ms batch [45.315] delay 16.184 ms
INFO: at 21342.391 ms fetching 45.315 ms
INFO: at 21358.578 ms batch [45.315] delay 16.184 ms
INFO: at 21358.578 ms fetching 45.315 ms
INFO: at 21374.766 ms batch [45.315] delay 16.184 ms
INFO: at 21374.766 ms fetching 45.315 ms
INFO: at 21390.953 ms batch [45.315] delay 16.184 ms
INFO: at 21390.953 ms fetching 45.315 ms
INFO: at 21407.140 ms batch [45.315] delay 16.184 ms
INFO: at 21407.140 ms fetching 45.315 ms
INFO: at 21423.328 ms batch [45.315] delay 16.184 ms
INFO: at 21423.328 ms fetching 45.315 ms
INFO: at 21439.514 ms batch [45.315] delay 16.184 ms
INFO: at 21439.514 ms fetching 45.315 ms
INFO: at 21455.701 ms batch [45.315] delay 16.184 ms
INFO: at 21455.701 ms fetching 45.315 ms
INFO: at 21471.888 ms batch [45.315] delay 16.184 ms
INFO: at 21471.888 ms fetching 45.315 ms
INFO: at 21488.075 ms batch [45.315] delay 16.184 ms
INFO: at 21488.075 ms fetching 45.315 ms
INFO: at 21504.261 ms batch [45.315] delay 0.000 ms
INFO: at 21504.261 ms fetching 45.315 ms
INFO: done
22-04-16:17:11:26 INFO     [docker_logging_utils.py:19] [default-cluster] Created logging directory: /home/cc/DynWork/multimodal_dataset/repeat-2/Static_CV/Azure/classification/inception_imagenet/5_x_P99/clipper/logs
22-04-16:17:12:09 INFO     [clipper_admin.py:1424] [default-cluster] Stopped all Clipper cluster and all model containers
