INFO: nexus_dir=/workdir/nexus model_dir=/workdir/DynWork/Multimodal/Azure/incoming_rate_36.36/Equal_Std/std_0.5/3_x_P99/nexus/models log_dir=/workdir/DynWork/Multimodal/Azure/incoming_rate_36.36/Equal_Std/std_0.5/3_x_P99/nexus/logs model=fake_0
INFO: waiting frontend to spin up
INFO: ready to go
INFO: rock and roll
INFO: at 2.574 ms batch [19.454] delay 22.000 ms
INFO: at 2.574 ms fetching 19.454 ms
INFO: at 25.153 ms batch [81.414] delay 22.000 ms
INFO: at 25.153 ms fetching 81.414 ms
INFO: at 48.138 ms batch [27.306] delay 22.000 ms
INFO: at 48.138 ms fetching 27.306 ms
INFO: at 70.863 ms batch [38.134] delay 22.000 ms
INFO: at 70.863 ms fetching 38.134 ms
INFO: at 93.869 ms batch [32.026] delay 22.000 ms
INFO: at 93.869 ms fetching 32.026 ms
INFO: at 117.078 ms batch [28.463] delay 22.000 ms
INFO: at 117.078 ms fetching 28.463 ms
INFO: at 139.635 ms batch [81.976] delay 22.000 ms
INFO: at 139.635 ms fetching 81.976 ms
INFO: at 162.582 ms batch [82.827] delay 22.000 ms
INFO: at 162.582 ms fetching 82.827 ms
INFO: at 186.733 ms batch [30.956] delay 22.000 ms
INFO: at 186.733 ms fetching 30.956 ms
INFO: at 209.489 ms batch [22.697] delay 22.000 ms
INFO: at 209.489 ms fetching 22.697 ms
INFO: at 232.450 ms batch [10.000] delay 27.500 ms
INFO: at 232.450 ms fetching 10.000 ms
INFO: at 260.423 ms batch [80.593] delay 27.500 ms
INFO: at 260.423 ms fetching 80.593 ms
INFO: at 288.607 ms batch [82.704] delay 27.500 ms
INFO: at 288.607 ms fetching 82.704 ms
INFO: at 317.082 ms batch [21.416] delay 27.500 ms
INFO: at 317.082 ms fetching 21.416 ms
INFO: at 345.760 ms batch [78.217] delay 22.000 ms
INFO: at 345.760 ms fetching 78.217 ms
INFO: at 368.797 ms batch [27.768] delay 22.000 ms
INFO: at 368.797 ms fetching 27.768 ms
INFO: at 391.740 ms batch [80.958] delay 22.000 ms
INFO: at 391.740 ms fetching 80.958 ms
INFO: at 414.066 ms batch [81.873] delay 22.000 ms
INFO: at 414.066 ms fetching 81.873 ms
INFO: at 437.292 ms batch [85.325] delay 22.000 ms
INFO: at 437.292 ms fetching 85.325 ms
INFO: at 459.642 ms batch [21.666] delay 27.500 ms
INFO: at 459.642 ms fetching 21.666 ms
INFO: at 487.429 ms batch [81.526] delay 27.500 ms
INFO: at 487.429 ms fetching 81.526 ms
INFO: at 515.313 ms batch [29.216] delay 27.500 ms
INFO: at 515.313 ms fetching 29.216 ms
INFO: at 543.737 ms batch [87.324] delay 27.500 ms
INFO: at 543.737 ms fetching 87.324 ms
INFO: at 571.490 ms batch [36.731] delay 27.500 ms
INFO: at 571.490 ms fetching 36.731 ms
INFO: at 599.414 ms batch [80.239] delay 27.500 ms
INFO: at 599.414 ms fetching 80.239 ms
INFO: at 627.534 ms batch [25.342] delay 27.500 ms
INFO: at 627.534 ms fetching 25.342 ms
INFO: at 655.834 ms batch [31.448] delay 27.500 ms
INFO: at 655.834 ms fetching 31.448 ms
INFO: at 685.441 ms batch [26.154] delay 27.500 ms
INFO: at 685.441 ms fetching 26.154 ms
INFO: at 713.539 ms batch [23.386] delay 27.500 ms
INFO: at 713.539 ms fetching 23.386 ms
INFO: at 741.655 ms batch [86.673] delay 27.500 ms
INFO: at 741.655 ms fetching 86.673 ms
INFO: at 769.747 ms batch [90.547] delay 27.500 ms
INFO: at 769.747 ms fetching 90.547 ms
INFO: at 797.879 ms batch [79.088] delay 27.500 ms
INFO: at 797.879 ms fetching 79.088 ms
INFO: at 826.153 ms batch [85.651] delay 27.500 ms
INFO: at 826.153 ms fetching 85.651 ms
INFO: at 854.174 ms batch [89.064] delay 27.500 ms
INFO: at 854.174 ms fetching 89.064 ms
INFO: at 882.592 ms batch [84.349] delay 27.500 ms
INFO: at 882.592 ms fetching 84.349 ms
INFO: at 910.462 ms batch [74.121] delay 27.500 ms
INFO: at 910.462 ms fetching 74.121 ms
INFO: at 938.541 ms batch [28.341] delay 27.500 ms
INFO: at 938.541 ms fetching 28.341 ms
INFO: at 966.656 ms batch [29.608] delay 27.500 ms
INFO: at 966.656 ms fetching 29.608 ms
INFO: at 994.428 ms batch [26.486] delay 27.500 ms
INFO: at 994.428 ms fetching 26.486 ms
INFO: at 1022.228 ms batch [86.493] delay 27.500 ms
INFO: at 1022.228 ms fetching 86.493 ms
INFO: at 1050.052 ms batch [77.534] delay 27.500 ms
INFO: at 1050.052 ms fetching 77.534 ms
INFO: at 1078.058 ms batch [30.645] delay 27.500 ms
INFO: at 1078.058 ms fetching 30.645 ms
INFO: at 1106.495 ms batch [24.442] delay 27.500 ms
INFO: at 1106.495 ms fetching 24.442 ms
INFO: at 1134.569 ms batch [30.044] delay 36.667 ms
INFO: at 1134.569 ms fetching 30.044 ms
INFO: at 1172.275 ms batch [84.213] delay 36.667 ms
INFO: at 1172.275 ms fetching 84.213 ms
INFO: at 1210.554 ms batch [79.355] delay 36.667 ms
INFO: at 1210.554 ms fetching 79.355 ms
INFO: at 1248.704 ms batch [79.615] delay 22.000 ms
INFO: at 1248.704 ms fetching 79.615 ms
INFO: at 1271.848 ms batch [26.845] delay 22.000 ms
INFO: at 1271.848 ms fetching 26.845 ms
INFO: at 1295.005 ms batch [83.201] delay 22.000 ms
INFO: at 1295.005 ms fetching 83.201 ms
INFO: at 1318.061 ms batch [28.590] delay 22.000 ms
INFO: at 1318.061 ms fetching 28.590 ms
INFO: at 1341.244 ms batch [76.433] delay 22.000 ms
INFO: at 1341.244 ms fetching 76.433 ms
INFO: at 1364.284 ms batch [33.923] delay 22.000 ms
INFO: at 1364.284 ms fetching 33.923 ms
INFO: at 1386.661 ms batch [32.714] delay 22.000 ms
INFO: at 1386.661 ms fetching 32.714 ms
INFO: at 1409.313 ms batch [23.065] delay 22.000 ms
INFO: at 1409.313 ms fetching 23.065 ms
INFO: at 1432.325 ms batch [22.093] delay 22.000 ms
INFO: at 1432.325 ms fetching 22.093 ms
INFO: at 1455.486 ms batch [23.554] delay 22.000 ms
INFO: at 1455.486 ms fetching 23.554 ms
INFO: at 1478.588 ms batch [24.142] delay 22.000 ms
INFO: at 1478.588 ms fetching 24.142 ms
INFO: at 1501.758 ms batch [80.118] delay 22.000 ms
INFO: at 1501.758 ms fetching 80.118 ms
INFO: at 1524.908 ms batch [30.493] delay 22.000 ms
INFO: at 1524.908 ms fetching 30.493 ms
INFO: at 1547.827 ms batch [83.825] delay 22.000 ms
INFO: at 1547.827 ms fetching 83.825 ms
INFO: at 1571.002 ms batch [82.949] delay 22.000 ms
INFO: at 1571.002 ms fetching 82.949 ms
INFO: at 1594.087 ms batch [77.896] delay 27.500 ms
INFO: at 1594.087 ms fetching 77.896 ms
INFO: at 1622.443 ms batch [16.339] delay 27.500 ms
INFO: at 1622.443 ms fetching 16.339 ms
INFO: at 1652.107 ms batch [27.871] delay 27.500 ms
INFO: at 1652.107 ms fetching 27.871 ms
INFO: at 1680.316 ms batch [30.338] delay 27.500 ms
INFO: at 1680.316 ms fetching 30.338 ms
INFO: at 1708.432 ms batch [78.375] delay 36.667 ms
INFO: at 1708.432 ms fetching 78.375 ms
INFO: at 1746.157 ms batch [75.320] delay 36.667 ms
INFO: at 1746.157 ms fetching 75.320 ms
INFO: at 1784.320 ms batch [78.670] delay 36.667 ms
INFO: at 1784.320 ms fetching 78.670 ms
INFO: at 1822.462 ms batch [78.056] delay 27.500 ms
INFO: at 1822.462 ms fetching 78.056 ms
INFO: at 1850.209 ms batch [28.708] delay 27.500 ms
INFO: at 1850.209 ms fetching 28.708 ms
INFO: at 1879.267 ms batch [18.360] delay 27.500 ms
INFO: at 1879.267 ms fetching 18.360 ms
INFO: at 1907.381 ms batch [73.582] delay 27.500 ms
INFO: at 1907.381 ms fetching 73.582 ms
INFO: at 1935.446 ms batch [26.266] delay 22.000 ms
INFO: at 1935.446 ms fetching 26.266 ms
INFO: at 1958.520 ms batch [26.955] delay 22.000 ms
INFO: at 1958.520 ms fetching 26.955 ms
INFO: at 1981.286 ms batch [82.084] delay 22.000 ms
INFO: at 1981.286 ms fetching 82.084 ms
INFO: at 2004.193 ms batch [86.175] delay 22.000 ms
INFO: at 2004.193 ms fetching 86.175 ms
INFO: at 2027.212 ms batch [87.090] delay 22.000 ms
INFO: at 2027.212 ms fetching 87.090 ms
INFO: at 2050.309 ms batch [81.638] delay 27.500 ms
INFO: at 2050.309 ms fetching 81.638 ms
INFO: at 2078.220 ms batch [33.552] delay 27.500 ms
INFO: at 2078.220 ms fetching 33.552 ms
INFO: at 2107.472 ms batch [26.044] delay 27.500 ms
INFO: at 2107.472 ms fetching 26.044 ms
INFO: at 2136.081 ms batch [83.583] delay 27.500 ms
INFO: at 2136.081 ms fetching 83.583 ms
INFO: at 2163.927 ms batch [27.428] delay 27.500 ms
INFO: at 2163.927 ms fetching 27.428 ms
INFO: at 2191.859 ms batch [17.535] delay 27.500 ms
INFO: at 2191.859 ms fetching 17.535 ms
INFO: at 2219.971 ms batch [75.651] delay 27.500 ms
INFO: at 2219.971 ms fetching 75.651 ms
INFO: at 2248.048 ms batch [79.871] delay 27.500 ms
INFO: at 2248.048 ms fetching 79.871 ms
INFO: at 2276.015 ms batch [21.871] delay 22.000 ms
INFO: at 2276.015 ms fetching 21.871 ms
INFO: at 2299.167 ms batch [76.675] delay 22.000 ms
INFO: at 2299.167 ms fetching 76.675 ms
INFO: at 2322.286 ms batch [81.083] delay 22.000 ms
INFO: at 2322.286 ms fetching 81.083 ms
INFO: at 2344.566 ms batch [26.718] delay 22.000 ms
INFO: at 2344.566 ms fetching 26.718 ms
INFO: at 2366.929 ms batch [85.180] delay 22.000 ms
INFO: at 2366.929 ms fetching 85.180 ms
INFO: at 2389.257 ms batch [18.931] delay 27.500 ms
INFO: at 2389.257 ms fetching 18.931 ms
INFO: at 2417.597 ms batch [26.375] delay 27.500 ms
INFO: at 2417.597 ms fetching 26.375 ms
INFO: at 2445.959 ms batch [85.473] delay 27.500 ms
INFO: at 2445.959 ms fetching 85.473 ms
INFO: at 2474.318 ms batch [32.270] delay 27.500 ms
INFO: at 2474.318 ms fetching 32.270 ms
INFO: at 2502.660 ms batch [83.705] delay 22.000 ms
INFO: at 2502.660 ms fetching 83.705 ms
INFO: at 2524.998 ms batch [76.918] delay 22.000 ms
INFO: at 2524.998 ms fetching 76.918 ms
INFO: at 2547.359 ms batch [28.957] delay 22.000 ms
INFO: at 2547.359 ms fetching 28.957 ms
INFO: at 2569.603 ms batch [81.195] delay 22.000 ms
INFO: at 2569.603 ms fetching 81.195 ms
INFO: at 2592.413 ms batch [28.842] delay 22.000 ms
INFO: at 2592.413 ms fetching 28.842 ms
INFO: at 2614.817 ms batch [25.931] delay 27.500 ms
INFO: at 2614.817 ms fetching 25.931 ms
INFO: at 2643.165 ms batch [27.191] delay 27.500 ms
INFO: at 2643.165 ms fetching 27.191 ms
INFO: at 2671.488 ms batch [84.878] delay 27.500 ms
INFO: at 2671.488 ms fetching 84.878 ms
INFO: at 2699.867 ms batch [20.890] delay 27.500 ms
INFO: at 2699.867 ms fetching 20.890 ms
INFO: at 2728.225 ms batch [34.289] delay 22.000 ms
INFO: at 2728.225 ms fetching 34.289 ms
INFO: at 2750.563 ms batch [25.470] delay 22.000 ms
INFO: at 2750.563 ms fetching 25.470 ms
INFO: at 2772.887 ms batch [84.482] delay 22.000 ms
INFO: at 2772.887 ms fetching 84.482 ms
INFO: at 2795.304 ms batch [86.868] delay 22.000 ms
INFO: at 2795.304 ms fetching 86.868 ms
INFO: at 2817.860 ms batch [83.330] delay 22.000 ms
INFO: at 2817.860 ms fetching 83.330 ms
INFO: at 2840.248 ms batch [32.980] delay 22.000 ms
INFO: at 2840.248 ms fetching 32.980 ms
INFO: at 2862.593 ms batch [27.531] delay 22.000 ms
INFO: at 2862.593 ms fetching 27.531 ms
INFO: at 2884.950 ms batch [74.950] delay 22.000 ms
INFO: at 2884.950 ms fetching 74.950 ms
INFO: at 2907.291 ms batch [29.910] delay 22.000 ms
INFO: at 2907.291 ms fetching 29.910 ms
INFO: at 2929.637 ms batch [86.003] delay 22.000 ms
INFO: at 2929.637 ms fetching 86.003 ms
INFO: at 2951.982 ms batch [31.641] delay 27.500 ms
INFO: at 2951.982 ms fetching 31.641 ms
INFO: at 2980.333 ms batch [34.751] delay 27.500 ms
INFO: at 2980.333 ms fetching 34.751 ms
INFO: at 3008.707 ms batch [25.088] delay 27.500 ms
INFO: at 3008.707 ms fetching 25.088 ms
INFO: at 3037.065 ms batch [82.458] delay 27.500 ms
INFO: at 3037.065 ms fetching 82.458 ms
INFO: at 3065.435 ms batch [75.943] delay 36.667 ms
INFO: at 3065.435 ms fetching 75.943 ms
INFO: at 3102.793 ms batch [24.967] delay 36.667 ms
INFO: at 3102.793 ms fetching 24.967 ms
INFO: at 3140.143 ms batch [80.838] delay 36.667 ms
INFO: at 3140.143 ms fetching 80.838 ms
INFO: at 3177.465 ms batch [31.829] delay 27.500 ms
INFO: at 3177.465 ms fetching 31.829 ms
INFO: at 3205.808 ms batch [78.527] delay 27.500 ms
INFO: at 3205.808 ms fetching 78.527 ms
INFO: at 3234.181 ms batch [20.257] delay 27.500 ms
INFO: at 3234.181 ms fetching 20.257 ms
INFO: at 3262.525 ms batch [71.740] delay 27.500 ms
INFO: at 3262.525 ms fetching 71.740 ms
INFO: at 3290.862 ms batch [78.808] delay 22.000 ms
INFO: at 3290.862 ms fetching 78.808 ms
INFO: at 3314.194 ms batch [28.101] delay 22.000 ms
INFO: at 3314.194 ms fetching 28.101 ms
INFO: at 3336.590 ms batch [85.020] delay 22.000 ms
INFO: at 3336.590 ms fetching 85.020 ms
INFO: at 3358.932 ms batch [82.577] delay 22.000 ms
INFO: at 3358.932 ms fetching 82.577 ms
INFO: at 3381.256 ms batch [24.577] delay 22.000 ms
INFO: at 3381.256 ms fetching 24.577 ms
INFO: at 3403.585 ms batch [26.595] delay 27.500 ms
INFO: at 3403.585 ms fetching 26.595 ms
INFO: at 3431.923 ms batch [87.800] delay 27.500 ms
INFO: at 3431.923 ms fetching 87.800 ms
INFO: at 3460.267 ms batch [81.754] delay 27.500 ms
INFO: at 3460.267 ms fetching 81.754 ms
INFO: at 3488.602 ms batch [80.364] delay 27.500 ms
INFO: at 3488.602 ms fetching 80.364 ms
INFO: at 3516.918 ms batch [24.005] delay 27.500 ms
INFO: at 3516.918 ms fetching 24.005 ms
INFO: at 3545.229 ms batch [81.299] delay 27.500 ms
INFO: at 3545.229 ms fetching 81.299 ms
INFO: at 3573.579 ms batch [79.743] delay 27.500 ms
INFO: at 3573.579 ms fetching 79.743 ms
INFO: at 3601.901 ms batch [29.332] delay 27.500 ms
INFO: at 3601.901 ms fetching 29.332 ms
INFO: at 3630.248 ms batch [76.214] delay 36.667 ms
INFO: at 3630.248 ms fetching 76.214 ms
INFO: at 3667.557 ms batch [83.455] delay 36.667 ms
INFO: at 3667.557 ms fetching 83.455 ms
INFO: at 3704.894 ms batch [25.704] delay 36.667 ms
INFO: at 3704.894 ms fetching 25.704 ms
INFO: at 3742.252 ms batch [88.721] delay 22.000 ms
INFO: at 3742.252 ms fetching 88.721 ms
INFO: at 3764.594 ms batch [82.210] delay 22.000 ms
INFO: at 3764.594 ms fetching 82.210 ms
INFO: at 3787.654 ms batch [92.510] delay 22.000 ms
INFO: at 3787.654 ms fetching 92.510 ms
INFO: at 3810.506 ms batch [91.277] delay 22.000 ms
INFO: at 3810.506 ms fetching 91.277 ms
INFO: at 3833.621 ms batch [80.714] delay 22.000 ms
INFO: at 3833.621 ms fetching 80.714 ms
INFO: at 3856.560 ms batch [88.380] delay 22.000 ms
INFO: at 3856.560 ms fetching 88.380 ms
INFO: at 3879.561 ms batch [27.079] delay 22.000 ms
INFO: at 3879.561 ms fetching 27.079 ms
INFO: at 3902.648 ms batch [24.840] delay 22.000 ms
INFO: at 3902.648 ms fetching 24.840 ms
INFO: at 3925.697 ms batch [83.071] delay 22.000 ms
INFO: at 3925.697 ms fetching 83.071 ms
INFO: at 3948.669 ms batch [25.585] delay 22.000 ms
INFO: at 3948.669 ms fetching 25.585 ms
INFO: at 3971.780 ms batch [30.799] delay 18.333 ms
INFO: at 3971.780 ms fetching 30.799 ms
INFO: at 3991.908 ms batch [21.152] delay 18.333 ms
INFO: at 3991.908 ms fetching 21.152 ms
INFO: at 4012.056 ms batch [68.665] delay 18.333 ms
INFO: at 4012.056 ms fetching 68.665 ms
INFO: at 4032.102 ms batch [80.000] delay 18.333 ms
INFO: at 4032.102 ms fetching 80.000 ms
INFO: at 4051.522 ms batch [22.300] delay 18.333 ms
INFO: at 4051.522 ms fetching 22.300 ms
INFO: at 4071.755 ms batch [23.232] delay 18.333 ms
INFO: at 4071.755 ms fetching 23.232 ms
INFO: at 4091.815 ms batch [87.575] delay 22.000 ms
INFO: at 4091.815 ms fetching 87.575 ms
INFO: at 4114.912 ms batch [27.977] delay 22.000 ms
INFO: at 4114.912 ms fetching 27.977 ms
INFO: at 4137.978 ms batch [80.490] delay 22.000 ms
INFO: at 4137.978 ms fetching 80.490 ms
INFO: at 4160.949 ms batch [33.242] delay 22.000 ms
INFO: at 4160.949 ms fetching 33.242 ms
INFO: at 4184.029 ms batch [84.080] delay 22.000 ms
INFO: at 4184.029 ms fetching 84.080 ms
INFO: at 4207.092 ms batch [22.506] delay 22.000 ms
INFO: at 4207.092 ms fetching 22.506 ms
INFO: at 4230.185 ms batch [79.222] delay 22.000 ms
INFO: at 4230.185 ms fetching 79.222 ms
INFO: at 4253.343 ms batch [100.000] delay 22.000 ms
INFO: at 4253.343 ms fetching 100.000 ms
INFO: at 4275.811 ms batch [89.962] delay 22.000 ms
INFO: at 4275.811 ms fetching 89.962 ms
INFO: at 4298.426 ms batch [29.074] delay 22.000 ms
INFO: at 4298.426 ms fetching 29.074 ms
INFO: at 4321.075 ms batch [19.862] delay 22.000 ms
INFO: at 4321.075 ms fetching 19.862 ms
INFO: at 4343.798 ms batch [89.498] delay 22.000 ms
INFO: at 4343.798 ms fetching 89.498 ms
INFO: at 4366.686 ms batch [29.752] delay 22.000 ms
INFO: at 4366.686 ms fetching 29.752 ms
INFO: at 4389.745 ms batch [32.471] delay 22.000 ms
INFO: at 4389.745 ms fetching 32.471 ms
INFO: at 4412.803 ms batch [78.948] delay 22.000 ms
INFO: at 4412.803 ms fetching 78.948 ms
INFO: at 4435.885 ms batch [20.592] delay 27.500 ms
INFO: at 4435.885 ms fetching 20.592 ms
INFO: at 4464.049 ms batch [23.723] delay 27.500 ms
INFO: at 4464.049 ms fetching 23.723 ms
INFO: at 4492.372 ms batch [23.866] delay 27.500 ms
INFO: at 4492.372 ms fetching 23.866 ms
INFO: at 4520.840 ms batch [77.149] delay 27.500 ms
INFO: at 4520.840 ms fetching 77.149 ms
INFO: at 4548.873 ms batch [35.278] delay 18.333 ms
INFO: at 4548.873 ms fetching 35.278 ms
INFO: at 4569.157 ms batch [29.466] delay 18.333 ms
INFO: at 4569.157 ms fetching 29.466 ms
INFO: at 4589.250 ms batch [31.128] delay 18.333 ms
INFO: at 4589.250 ms fetching 31.128 ms
INFO: at 4609.137 ms batch [79.490] delay 18.333 ms
INFO: at 4609.137 ms fetching 79.490 ms
INFO: at 4629.110 ms batch [22.886] delay 18.333 ms
INFO: at 4629.110 ms fetching 22.886 ms
INFO: at 4648.934 ms batch [83.962] delay 18.333 ms
INFO: at 4648.934 ms fetching 83.962 ms
INFO: at 4668.919 ms batch [72.871] delay 27.500 ms
INFO: at 4668.919 ms fetching 72.871 ms
INFO: at 4696.913 ms batch [28.224] delay 27.500 ms
INFO: at 4696.913 ms fetching 28.224 ms
INFO: at 4725.076 ms batch [35.901] delay 27.500 ms
INFO: at 4725.076 ms fetching 35.901 ms
INFO: at 4753.286 ms batch [74.561] delay 27.500 ms
INFO: at 4753.286 ms fetching 74.561 ms
INFO: at 4781.530 ms batch [84.622] delay 22.000 ms
INFO: at 4781.530 ms fetching 84.622 ms
INFO: at 4804.711 ms batch [86.326] delay 22.000 ms
INFO: at 4804.711 ms fetching 86.326 ms
INFO: at 4827.456 ms batch [27.657] delay 22.000 ms
INFO: at 4827.456 ms fetching 27.657 ms
INFO: at 4850.333 ms batch [82.331] delay 22.000 ms
INFO: at 4850.333 ms fetching 82.331 ms
INFO: at 4873.289 ms batch [88.073] delay 22.000 ms
INFO: at 4873.289 ms fetching 88.073 ms
INFO: at 4896.467 ms batch [84.749] delay 18.333 ms
INFO: at 4896.467 ms fetching 84.749 ms
INFO: at 4916.511 ms batch [25.820] delay 18.333 ms
INFO: at 4916.511 ms fetching 25.820 ms
INFO: at 4936.647 ms batch [24.295] delay 18.333 ms
INFO: at 4936.647 ms fetching 24.295 ms
INFO: at 4956.644 ms batch [31.281] delay 18.333 ms
INFO: at 4956.644 ms fetching 31.281 ms
INFO: at 4976.746 ms batch [25.218] delay 18.333 ms
INFO: at 4976.746 ms fetching 25.218 ms
INFO: at 4996.817 ms batch [77.345] delay 18.333 ms
INFO: at 4996.817 ms fetching 77.345 ms
INFO: at 5016.746 ms batch [77.726] delay 27.500 ms
INFO: at 5016.746 ms fetching 77.726 ms
INFO: at 5045.454 ms batch [85.812] delay 27.500 ms
INFO: at 5045.454 ms fetching 85.812 ms
INFO: at 5073.269 ms batch [30.192] delay 27.500 ms
INFO: at 5073.269 ms fetching 30.192 ms
INFO: done
INFO: stopping nexus
