22-04-18:08:05:49 INFO     [docker_container_manager.py:192] [default-cluster] Starting managed Redis instance in Docker
22-04-18:08:05:52 INFO     [docker_container_manager.py:294] [default-cluster] Metric Configuration Saved at /tmp/tmp08i3ki2n.yml
22-04-18:08:05:52 INFO     [clipper_admin.py:162] [default-cluster] Clipper is running
22-04-18:08:05:52 INFO     [clipper_admin.py:236] [default-cluster] Application fake-model was successfully registered
22-04-18:08:05:52 INFO     [deployer_utils.py:41] Saving function to /tmp/tmpvv7ellb1clipper
22-04-18:08:05:52 INFO     [deployer_utils.py:51] Serialized and supplied predict function
22-04-18:08:05:52 INFO     [python.py:192] Python closure saved
22-04-18:08:05:52 INFO     [python.py:210] Using Python 3.7 base image
22-04-18:08:05:52 INFO     [clipper_admin.py:534] [default-cluster] Building model Docker image with model data from /tmp/tmpvv7ellb1clipper
22-04-18:08:05:53 INFO     [clipper_admin.py:539] [default-cluster] Step 1/2 : FROM clipper/python37-closure-container:develop
22-04-18:08:05:53 INFO     [clipper_admin.py:539] [default-cluster]  ---> 2660542c0759
22-04-18:08:05:53 INFO     [clipper_admin.py:539] [default-cluster] Step 2/2 : COPY /tmp/tmpvv7ellb1clipper /model/
22-04-18:08:05:53 INFO     [clipper_admin.py:539] [default-cluster]  ---> c01c1f05a0cc
22-04-18:08:05:53 INFO     [clipper_admin.py:539] [default-cluster] Successfully built c01c1f05a0cc
22-04-18:08:05:53 INFO     [clipper_admin.py:539] [default-cluster] Successfully tagged default-cluster-fake-model:1
22-04-18:08:05:53 INFO     [clipper_admin.py:541] [default-cluster] Pushing model Docker image to default-cluster-fake-model:1
22-04-18:08:05:53 INFO     [docker_container_manager.py:433] [default-cluster] Found 0 replicas for fake-model:1. Adding 1
22-04-18:08:05:53 INFO     [clipper_admin.py:724] [default-cluster] Successfully registered model fake-model:1
22-04-18:08:05:53 INFO     [clipper_admin.py:642] [default-cluster] Done deploying model fake-model:1.
22-04-18:08:05:53 INFO     [clipper_admin.py:303] [default-cluster] Model fake-model is now linked to application fake-model
INFO: ready to go
INFO: rock and roll
INFO: at 3.962 ms batch [163.167] delay 98.006 ms
INFO: at 3.962 ms fetching 163.167 ms
INFO: at 101.970 ms batch [163.454] delay 98.006 ms
INFO: at 101.970 ms fetching 163.454 ms
INFO: at 199.977 ms batch [163.592] delay 98.006 ms
INFO: at 199.977 ms fetching 163.592 ms
INFO: at 298.023 ms batch [163.129] delay 98.006 ms
INFO: at 298.023 ms fetching 163.129 ms
INFO: at 396.034 ms batch [163.092] delay 98.006 ms
INFO: at 396.034 ms fetching 163.092 ms
INFO: at 494.049 ms batch [163.021] delay 98.006 ms
INFO: at 494.049 ms fetching 163.021 ms
INFO: at 592.056 ms batch [242.119] delay 98.006 ms
INFO: at 592.056 ms fetching 242.119 ms
INFO: at 690.064 ms batch [243.580] delay 98.006 ms
INFO: at 690.064 ms fetching 243.580 ms
INFO: at 788.071 ms batch [247.583] delay 98.006 ms
INFO: at 788.071 ms fetching 247.583 ms
INFO: at 886.078 ms batch [244.173] delay 98.006 ms
INFO: at 886.078 ms fetching 244.173 ms
INFO: at 984.086 ms batch [242.824] delay 122.507 ms
INFO: at 984.086 ms fetching 242.824 ms
INFO: at 1106.598 ms batch [243.568] delay 122.507 ms
INFO: at 1106.598 ms fetching 243.568 ms
INFO: at 1229.108 ms batch [245.237] delay 122.507 ms
INFO: at 1229.108 ms fetching 245.237 ms
INFO: at 1351.618 ms batch [163.982] delay 122.507 ms
INFO: at 1351.618 ms fetching 163.982 ms
INFO: at 1474.127 ms batch [163.361] delay 122.507 ms
INFO: at 1474.127 ms fetching 163.361 ms
INFO: at 1596.636 ms batch [243.914] delay 122.507 ms
INFO: at 1596.636 ms fetching 243.914 ms
INFO: at 1719.145 ms batch [163.715] delay 122.507 ms
INFO: at 1719.145 ms fetching 163.715 ms
INFO: at 1841.654 ms batch [163.457] delay 122.507 ms
INFO: at 1841.654 ms fetching 163.457 ms
INFO: at 1964.163 ms batch [241.864] delay 81.671 ms
INFO: at 1964.163 ms fetching 241.864 ms
INFO: at 2045.836 ms batch [162.189] delay 81.671 ms
INFO: at 2045.836 ms fetching 162.189 ms
INFO: at 2127.510 ms batch [243.413] delay 81.671 ms
INFO: at 2127.510 ms fetching 243.413 ms
INFO: at 2209.195 ms batch [241.736] delay 81.671 ms
INFO: at 2209.195 ms fetching 241.736 ms
INFO: at 2290.869 ms batch [162.439] delay 81.671 ms
INFO: at 2290.869 ms fetching 162.439 ms
INFO: at 2372.575 ms batch [246.177] delay 81.671 ms
INFO: at 2372.575 ms fetching 246.177 ms
INFO: at 2454.249 ms batch [241.559] delay 81.671 ms
INFO: at 2454.249 ms fetching 241.559 ms
INFO: at 2535.922 ms batch [242.777] delay 81.671 ms
INFO: at 2535.922 ms fetching 242.777 ms
INFO: at 2617.595 ms batch [242.107] delay 81.671 ms
INFO: at 2617.595 ms fetching 242.107 ms
INFO: at 2699.268 ms batch [245.037] delay 81.671 ms
INFO: at 2699.268 ms fetching 245.037 ms
INFO: at 2780.941 ms batch [163.239] delay 81.671 ms
INFO: at 2780.941 ms fetching 163.239 ms
INFO: at 2862.614 ms batch [244.293] delay 81.671 ms
INFO: at 2862.614 ms fetching 244.293 ms
INFO: at 2944.288 ms batch [163.184] delay 65.337 ms
INFO: at 2944.288 ms fetching 163.184 ms
INFO: at 3009.627 ms batch [242.560] delay 65.337 ms
INFO: at 3009.627 ms fetching 242.560 ms
INFO: at 3074.966 ms batch [240.006] delay 65.337 ms
INFO: at 3074.966 ms fetching 240.006 ms
INFO: at 3140.306 ms batch [244.279] delay 65.337 ms
INFO: at 3140.306 ms fetching 244.279 ms
INFO: at 3205.660 ms batch [162.917] delay 65.337 ms
INFO: at 3205.660 ms fetching 162.917 ms
INFO: at 3270.998 ms batch [162.403] delay 65.337 ms
INFO: at 3270.998 ms fetching 162.403 ms
INFO: at 3336.337 ms batch [240.993] delay 65.337 ms
INFO: at 3336.337 ms fetching 240.993 ms
INFO: at 3401.676 ms batch [239.559] delay 65.337 ms
INFO: at 3401.676 ms fetching 239.559 ms
INFO: at 3467.023 ms batch [245.458] delay 65.337 ms
INFO: at 3467.023 ms fetching 245.458 ms
INFO: at 3532.362 ms batch [244.161] delay 65.337 ms
INFO: at 3532.362 ms fetching 244.161 ms
INFO: at 3597.701 ms batch [163.214] delay 65.337 ms
INFO: at 3597.701 ms fetching 163.214 ms
INFO: at 3663.041 ms batch [163.569] delay 65.337 ms
INFO: at 3663.041 ms fetching 163.569 ms
INFO: at 3728.381 ms batch [164.191] delay 65.337 ms
INFO: at 3728.381 ms fetching 164.191 ms
INFO: at 3793.930 ms batch [163.428] delay 65.337 ms
INFO: at 3793.930 ms fetching 163.428 ms
INFO: at 3859.272 ms batch [162.712] delay 65.337 ms
INFO: at 3859.272 ms fetching 162.712 ms
INFO: at 3924.615 ms batch [240.059] delay 108.895 ms
INFO: at 3924.615 ms fetching 240.059 ms
INFO: at 4033.514 ms batch [163.828] delay 108.895 ms
INFO: at 4033.514 ms fetching 163.828 ms
INFO: at 4142.416 ms batch [163.663] delay 108.895 ms
INFO: at 4142.416 ms fetching 163.663 ms
INFO: at 4251.318 ms batch [163.491] delay 108.895 ms
INFO: at 4251.318 ms fetching 163.491 ms
INFO: at 4360.221 ms batch [163.117] delay 108.895 ms
INFO: at 4360.221 ms fetching 163.117 ms
INFO: at 4469.124 ms batch [163.533] delay 108.895 ms
INFO: at 4469.124 ms fetching 163.533 ms
INFO: at 4578.023 ms batch [241.796] delay 108.895 ms
INFO: at 4578.023 ms fetching 241.796 ms
INFO: at 4686.933 ms batch [163.543] delay 108.895 ms
INFO: at 4686.933 ms fetching 163.543 ms
INFO: at 4795.835 ms batch [245.131] delay 108.895 ms
INFO: at 4795.835 ms fetching 245.131 ms
INFO: at 4904.734 ms batch [241.071] delay 98.006 ms
INFO: at 4904.734 ms fetching 241.071 ms
INFO: at 5002.746 ms batch [162.727] delay 98.006 ms
INFO: at 5002.746 ms fetching 162.727 ms
INFO: at 5100.754 ms batch [162.258] delay 98.006 ms
INFO: at 5100.754 ms fetching 162.258 ms
INFO: at 5198.767 ms batch [242.628] delay 98.006 ms
INFO: at 5198.767 ms fetching 242.628 ms
INFO: at 5296.779 ms batch [241.545] delay 98.006 ms
INFO: at 5296.779 ms fetching 241.545 ms
INFO: at 5394.811 ms batch [238.986] delay 98.006 ms
INFO: at 5394.811 ms fetching 238.986 ms
INFO: at 5492.832 ms batch [241.341] delay 98.006 ms
INFO: at 5492.832 ms fetching 241.341 ms
INFO: at 5590.840 ms batch [244.526] delay 98.006 ms
INFO: at 5590.840 ms fetching 244.526 ms
INFO: at 5688.848 ms batch [163.159] delay 98.006 ms
INFO: at 5688.848 ms fetching 163.159 ms
INFO: at 5786.856 ms batch [242.310] delay 98.006 ms
INFO: at 5786.856 ms fetching 242.310 ms
INFO: at 5884.864 ms batch [242.814] delay 89.096 ms
INFO: at 5884.864 ms fetching 242.814 ms
INFO: at 5973.964 ms batch [162.825] delay 89.096 ms
INFO: at 5973.964 ms fetching 162.825 ms
INFO: at 6063.065 ms batch [162.572] delay 89.096 ms
INFO: at 6063.065 ms fetching 162.572 ms
INFO: at 6152.170 ms batch [164.007] delay 89.096 ms
INFO: at 6152.170 ms fetching 164.007 ms
INFO: at 6241.273 ms batch [162.618] delay 89.096 ms
INFO: at 6241.273 ms fetching 162.618 ms
INFO: at 6330.373 ms batch [162.954] delay 89.096 ms
INFO: at 6330.373 ms fetching 162.954 ms
INFO: at 6419.479 ms batch [244.087] delay 89.096 ms
INFO: at 6419.479 ms fetching 244.087 ms
INFO: at 6508.581 ms batch [244.077] delay 89.096 ms
INFO: at 6508.581 ms fetching 244.077 ms
INFO: at 6597.680 ms batch [163.403] delay 89.096 ms
INFO: at 6597.680 ms fetching 163.403 ms
INFO: at 6686.783 ms batch [241.830] delay 89.096 ms
INFO: at 6686.783 ms fetching 241.830 ms
INFO: at 6775.885 ms batch [163.134] delay 89.096 ms
INFO: at 6775.885 ms fetching 163.134 ms
INFO: at 6864.983 ms batch [163.681] delay 108.895 ms
INFO: at 6864.983 ms fetching 163.681 ms
INFO: at 6973.884 ms batch [242.064] delay 108.895 ms
INFO: at 6973.884 ms fetching 242.064 ms
INFO: at 7082.785 ms batch [244.211] delay 108.895 ms
INFO: at 7082.785 ms fetching 244.211 ms
INFO: at 7191.687 ms batch [242.953] delay 108.895 ms
INFO: at 7191.687 ms fetching 242.953 ms
INFO: at 7300.589 ms batch [242.429] delay 108.895 ms
INFO: at 7300.589 ms fetching 242.429 ms
INFO: at 7409.491 ms batch [163.348] delay 108.895 ms
INFO: at 7409.491 ms fetching 163.348 ms
INFO: at 7518.391 ms batch [163.460] delay 108.895 ms
INFO: at 7518.391 ms fetching 163.460 ms
INFO: at 7627.290 ms batch [162.913] delay 108.895 ms
INFO: at 7627.290 ms fetching 162.913 ms
INFO: at 7736.188 ms batch [162.928] delay 108.895 ms
INFO: at 7736.188 ms fetching 162.928 ms
INFO: at 7845.087 ms batch [243.267] delay 98.006 ms
INFO: at 7845.087 ms fetching 243.267 ms
INFO: at 7943.096 ms batch [239.949] delay 98.006 ms
INFO: at 7943.096 ms fetching 239.949 ms
INFO: at 8041.127 ms batch [247.141] delay 98.006 ms
INFO: at 8041.127 ms fetching 247.141 ms
INFO: at 8139.136 ms batch [163.398] delay 98.006 ms
INFO: at 8139.136 ms fetching 163.398 ms
INFO: at 8237.146 ms batch [163.678] delay 98.006 ms
INFO: at 8237.146 ms fetching 163.678 ms
INFO: at 8335.155 ms batch [163.089] delay 98.006 ms
INFO: at 8335.155 ms fetching 163.089 ms
INFO: at 8433.199 ms batch [240.299] delay 98.006 ms
INFO: at 8433.199 ms fetching 240.299 ms
INFO: at 8531.212 ms batch [162.242] delay 98.006 ms
INFO: at 8531.212 ms fetching 162.242 ms
INFO: at 8629.225 ms batch [242.991] delay 98.006 ms
INFO: at 8629.225 ms fetching 242.991 ms
INFO: at 8727.239 ms batch [242.855] delay 98.006 ms
INFO: at 8727.239 ms fetching 242.855 ms
INFO: at 8825.248 ms batch [163.124] delay 89.096 ms
INFO: at 8825.248 ms fetching 163.124 ms
INFO: at 8914.359 ms batch [163.066] delay 89.096 ms
INFO: at 8914.359 ms fetching 163.066 ms
INFO: at 9003.468 ms batch [244.381] delay 89.096 ms
INFO: at 9003.468 ms fetching 244.381 ms
INFO: at 9092.570 ms batch [243.183] delay 89.096 ms
INFO: at 9092.570 ms fetching 243.183 ms
INFO: at 9181.673 ms batch [243.686] delay 89.096 ms
INFO: at 9181.673 ms fetching 243.686 ms
INFO: at 9270.774 ms batch [240.369] delay 89.096 ms
INFO: at 9270.774 ms fetching 240.369 ms
INFO: at 9359.875 ms batch [164.129] delay 89.096 ms
INFO: at 9359.875 ms fetching 164.129 ms
INFO: at 9448.977 ms batch [162.858] delay 89.096 ms
INFO: at 9448.977 ms fetching 162.858 ms
INFO: at 9538.079 ms batch [163.081] delay 89.096 ms
INFO: at 9538.079 ms fetching 163.081 ms
INFO: at 9627.182 ms batch [243.644] delay 89.096 ms
INFO: at 9627.182 ms fetching 243.644 ms
INFO: at 9716.282 ms batch [162.821] delay 89.096 ms
INFO: at 9716.282 ms fetching 162.821 ms
INFO: at 9805.385 ms batch [241.725] delay 98.006 ms
INFO: at 9805.385 ms fetching 241.725 ms
INFO: at 9903.399 ms batch [163.147] delay 98.006 ms
INFO: at 9903.399 ms fetching 163.147 ms
INFO: at 10001.409 ms batch [243.623] delay 98.006 ms
INFO: at 10001.409 ms fetching 243.623 ms
INFO: at 10099.420 ms batch [242.203] delay 98.006 ms
INFO: at 10099.420 ms fetching 242.203 ms
INFO: at 10197.433 ms batch [244.366] delay 98.006 ms
INFO: at 10197.433 ms fetching 244.366 ms
INFO: at 10295.447 ms batch [163.659] delay 98.006 ms
INFO: at 10295.447 ms fetching 163.659 ms
INFO: at 10393.459 ms batch [162.925] delay 98.006 ms
INFO: at 10393.459 ms fetching 162.925 ms
INFO: at 10491.472 ms batch [242.362] delay 98.006 ms
INFO: at 10491.472 ms fetching 242.362 ms
INFO: at 10589.481 ms batch [245.353] delay 98.006 ms
INFO: at 10589.481 ms fetching 245.353 ms
INFO: at 10687.492 ms batch [162.627] delay 98.006 ms
INFO: at 10687.492 ms fetching 162.627 ms
INFO: at 10785.504 ms batch [163.301] delay 81.671 ms
INFO: at 10785.504 ms fetching 163.301 ms
INFO: at 10867.181 ms batch [242.264] delay 81.671 ms
INFO: at 10867.181 ms fetching 242.264 ms
INFO: at 10948.859 ms batch [163.507] delay 81.671 ms
INFO: at 10948.859 ms fetching 163.507 ms
INFO: at 11030.534 ms batch [163.265] delay 81.671 ms
INFO: at 11030.534 ms fetching 163.265 ms
INFO: at 11112.212 ms batch [242.459] delay 81.671 ms
INFO: at 11112.212 ms fetching 242.459 ms
INFO: at 11193.921 ms batch [163.625] delay 81.671 ms
INFO: at 11193.921 ms fetching 163.625 ms
INFO: at 11275.601 ms batch [162.745] delay 81.671 ms
INFO: at 11275.601 ms fetching 162.745 ms
INFO: at 11357.282 ms batch [163.056] delay 81.671 ms
INFO: at 11357.282 ms fetching 163.056 ms
INFO: at 11438.962 ms batch [162.699] delay 81.671 ms
INFO: at 11438.962 ms fetching 162.699 ms
INFO: at 11520.637 ms batch [247.230] delay 81.671 ms
INFO: at 11520.637 ms fetching 247.230 ms
INFO: at 11602.313 ms batch [239.466] delay 81.671 ms
INFO: at 11602.313 ms fetching 239.466 ms
INFO: at 11683.991 ms batch [242.171] delay 81.671 ms
INFO: at 11683.991 ms fetching 242.171 ms
INFO: at 11765.667 ms batch [244.100] delay 98.006 ms
INFO: at 11765.667 ms fetching 244.100 ms
INFO: at 11863.676 ms batch [243.946] delay 98.006 ms
INFO: at 11863.676 ms fetching 243.946 ms
INFO: at 11961.689 ms batch [163.229] delay 98.006 ms
INFO: at 11961.689 ms fetching 163.229 ms
INFO: at 12059.699 ms batch [164.089] delay 98.006 ms
INFO: at 12059.699 ms fetching 164.089 ms
INFO: at 12157.710 ms batch [243.298] delay 98.006 ms
INFO: at 12157.710 ms fetching 243.298 ms
INFO: at 12255.719 ms batch [242.254] delay 98.006 ms
INFO: at 12255.719 ms fetching 242.254 ms
INFO: at 12353.729 ms batch [163.273] delay 98.006 ms
INFO: at 12353.729 ms fetching 163.273 ms
INFO: at 12451.738 ms batch [244.804] delay 98.006 ms
INFO: at 12451.738 ms fetching 244.804 ms
INFO: at 12549.748 ms batch [162.966] delay 98.006 ms
INFO: at 12549.748 ms fetching 162.966 ms
INFO: at 12647.758 ms batch [245.019] delay 98.006 ms
INFO: at 12647.758 ms fetching 245.019 ms
INFO: at 12745.769 ms batch [243.751] delay 89.096 ms
INFO: at 12745.769 ms fetching 243.751 ms
INFO: at 12834.871 ms batch [245.152] delay 89.096 ms
INFO: at 12834.871 ms fetching 245.152 ms
INFO: at 12923.972 ms batch [242.787] delay 89.096 ms
INFO: at 12923.972 ms fetching 242.787 ms
INFO: at 13013.071 ms batch [163.525] delay 89.096 ms
INFO: at 13013.071 ms fetching 163.525 ms
INFO: at 13102.173 ms batch [163.040] delay 89.096 ms
INFO: at 13102.173 ms fetching 163.040 ms
INFO: at 13191.277 ms batch [242.569] delay 89.096 ms
INFO: at 13191.277 ms fetching 242.569 ms
INFO: at 13280.380 ms batch [163.849] delay 89.096 ms
INFO: at 13280.380 ms fetching 163.849 ms
INFO: at 13369.481 ms batch [242.608] delay 89.096 ms
INFO: at 13369.481 ms fetching 242.608 ms
INFO: at 13458.580 ms batch [162.818] delay 89.096 ms
INFO: at 13458.580 ms fetching 162.818 ms
INFO: at 13547.680 ms batch [243.592] delay 89.096 ms
INFO: at 13547.680 ms fetching 243.592 ms
INFO: at 13636.780 ms batch [246.293] delay 89.096 ms
INFO: at 13636.780 ms fetching 246.293 ms
INFO: at 13725.879 ms batch [238.149] delay 108.895 ms
INFO: at 13725.879 ms fetching 238.149 ms
INFO: at 13834.778 ms batch [162.738] delay 108.895 ms
INFO: at 13834.778 ms fetching 162.738 ms
INFO: at 13943.677 ms batch [243.151] delay 108.895 ms
INFO: at 13943.677 ms fetching 243.151 ms
INFO: at 14052.576 ms batch [244.624] delay 108.895 ms
INFO: at 14052.576 ms fetching 244.624 ms
INFO: at 14161.476 ms batch [241.973] delay 108.895 ms
INFO: at 14161.476 ms fetching 241.973 ms
INFO: at 14270.376 ms batch [162.753] delay 108.895 ms
INFO: at 14270.376 ms fetching 162.753 ms
INFO: at 14379.276 ms batch [241.995] delay 108.895 ms
INFO: at 14379.276 ms fetching 241.995 ms
INFO: at 14488.180 ms batch [163.536] delay 108.895 ms
INFO: at 14488.180 ms fetching 163.536 ms
INFO: at 14597.083 ms batch [163.495] delay 108.895 ms
INFO: at 14597.083 ms fetching 163.495 ms
INFO: at 14705.984 ms batch [242.374] delay 75.389 ms
INFO: at 14705.984 ms fetching 242.374 ms
INFO: at 14781.386 ms batch [243.824] delay 75.389 ms
INFO: at 14781.386 ms fetching 243.824 ms
INFO: at 14856.778 ms batch [244.122] delay 75.389 ms
INFO: at 14856.778 ms fetching 244.122 ms
INFO: at 14932.176 ms batch [162.957] delay 75.389 ms
INFO: at 14932.176 ms fetching 162.957 ms
INFO: at 15007.571 ms batch [162.951] delay 75.389 ms
INFO: at 15007.571 ms fetching 162.951 ms
INFO: at 15082.967 ms batch [163.723] delay 75.389 ms
INFO: at 15082.967 ms fetching 163.723 ms
INFO: at 15158.363 ms batch [243.706] delay 75.389 ms
INFO: at 15158.363 ms fetching 243.706 ms
INFO: at 15233.760 ms batch [163.727] delay 75.389 ms
INFO: at 15233.760 ms fetching 163.727 ms
INFO: at 15309.157 ms batch [161.740] delay 75.389 ms
INFO: at 15309.157 ms fetching 161.740 ms
INFO: at 15384.552 ms batch [245.003] delay 75.389 ms
INFO: at 15384.552 ms fetching 245.003 ms
INFO: at 15459.949 ms batch [241.665] delay 75.389 ms
INFO: at 15459.949 ms fetching 241.665 ms
INFO: at 15535.344 ms batch [163.038] delay 75.389 ms
INFO: at 15535.344 ms fetching 163.038 ms
INFO: at 15610.771 ms batch [243.256] delay 75.389 ms
INFO: at 15610.771 ms fetching 243.256 ms
INFO: at 15686.167 ms batch [163.521] delay 108.895 ms
INFO: at 15686.167 ms fetching 163.521 ms
INFO: at 15795.069 ms batch [241.961] delay 108.895 ms
INFO: at 15795.069 ms fetching 241.961 ms
INFO: at 15903.972 ms batch [163.559] delay 108.895 ms
INFO: at 15903.972 ms fetching 163.559 ms
INFO: at 16012.875 ms batch [245.507] delay 108.895 ms
INFO: at 16012.875 ms fetching 245.507 ms
INFO: at 16121.776 ms batch [163.364] delay 108.895 ms
INFO: at 16121.776 ms fetching 163.364 ms
INFO: at 16230.678 ms batch [242.129] delay 108.895 ms
INFO: at 16230.678 ms fetching 242.129 ms
INFO: at 16339.582 ms batch [242.806] delay 108.895 ms
INFO: at 16339.582 ms fetching 242.806 ms
INFO: at 16448.486 ms batch [244.198] delay 108.895 ms
INFO: at 16448.486 ms fetching 244.198 ms
INFO: at 16557.389 ms batch [163.262] delay 108.895 ms
INFO: at 16557.389 ms fetching 163.262 ms
INFO: at 16666.289 ms batch [241.179] delay 163.343 ms
INFO: at 16666.289 ms fetching 241.179 ms
INFO: at 16829.638 ms batch [162.834] delay 163.343 ms
INFO: at 16829.638 ms fetching 162.834 ms
INFO: at 16992.986 ms batch [163.702] delay 163.343 ms
INFO: at 16992.986 ms fetching 163.702 ms
INFO: at 17156.336 ms batch [162.517] delay 163.343 ms
INFO: at 17156.336 ms fetching 162.517 ms
INFO: at 17319.686 ms batch [162.004] delay 163.343 ms
INFO: at 17319.686 ms fetching 162.004 ms
INFO: at 17483.034 ms batch [246.000] delay 163.343 ms
INFO: at 17483.034 ms fetching 246.000 ms
INFO: at 17646.384 ms batch [163.468] delay 108.895 ms
INFO: at 17646.384 ms fetching 163.468 ms
INFO: at 17755.285 ms batch [163.176] delay 108.895 ms
INFO: at 17755.285 ms fetching 163.176 ms
INFO: at 17864.187 ms batch [163.103] delay 108.895 ms
INFO: at 17864.187 ms fetching 163.103 ms
INFO: at 17973.088 ms batch [162.891] delay 108.895 ms
INFO: at 17973.088 ms fetching 162.891 ms
INFO: at 18081.991 ms batch [243.203] delay 108.895 ms
INFO: at 18081.991 ms fetching 243.203 ms
INFO: at 18190.894 ms batch [163.628] delay 108.895 ms
INFO: at 18190.894 ms fetching 163.628 ms
INFO: at 18299.798 ms batch [163.420] delay 108.895 ms
INFO: at 18299.798 ms fetching 163.420 ms
INFO: at 18408.703 ms batch [163.340] delay 108.895 ms
INFO: at 18408.703 ms fetching 163.340 ms
INFO: at 18517.603 ms batch [244.396] delay 108.895 ms
INFO: at 18517.603 ms fetching 244.396 ms
INFO: at 18626.505 ms batch [164.208] delay 108.895 ms
INFO: at 18626.505 ms fetching 164.208 ms
INFO: at 18735.407 ms batch [240.781] delay 108.895 ms
INFO: at 18735.407 ms fetching 240.781 ms
INFO: at 18844.309 ms batch [163.219] delay 108.895 ms
INFO: at 18844.309 ms fetching 163.219 ms
INFO: at 18953.209 ms batch [241.874] delay 108.895 ms
INFO: at 18953.209 ms fetching 241.874 ms
INFO: at 19062.110 ms batch [163.466] delay 108.895 ms
INFO: at 19062.110 ms fetching 163.466 ms
INFO: at 19171.011 ms batch [162.750] delay 108.895 ms
INFO: at 19171.011 ms fetching 162.750 ms
INFO: at 19279.915 ms batch [246.638] delay 108.895 ms
INFO: at 19279.915 ms fetching 246.638 ms
INFO: at 19388.813 ms batch [241.024] delay 108.895 ms
INFO: at 19388.813 ms fetching 241.024 ms
INFO: at 19497.715 ms batch [163.179] delay 108.895 ms
INFO: at 19497.715 ms fetching 163.179 ms
INFO: at 19606.626 ms batch [163.225] delay 163.343 ms
INFO: at 19606.626 ms fetching 163.225 ms
INFO: at 19769.976 ms batch [244.819] delay 163.343 ms
INFO: at 19769.976 ms fetching 244.819 ms
INFO: at 19933.327 ms batch [243.457] delay 163.343 ms
INFO: at 19933.327 ms fetching 243.457 ms
INFO: at 20096.676 ms batch [163.426] delay 163.343 ms
INFO: at 20096.676 ms fetching 163.426 ms
INFO: at 20260.026 ms batch [244.571] delay 163.343 ms
INFO: at 20260.026 ms fetching 244.571 ms
INFO: at 20423.375 ms batch [163.436] delay 163.343 ms
INFO: at 20423.375 ms fetching 163.436 ms
INFO: at 20586.726 ms batch [245.682] delay 89.096 ms
INFO: at 20586.726 ms fetching 245.682 ms
INFO: at 20675.829 ms batch [243.601] delay 89.096 ms
INFO: at 20675.829 ms fetching 243.601 ms
INFO: at 20764.930 ms batch [164.399] delay 89.096 ms
INFO: at 20764.930 ms fetching 164.399 ms
INFO: at 20854.035 ms batch [163.227] delay 89.096 ms
INFO: at 20854.035 ms fetching 163.227 ms
INFO: at 20943.136 ms batch [161.941] delay 89.096 ms
INFO: at 20943.136 ms fetching 161.941 ms
INFO: at 21032.241 ms batch [243.761] delay 89.096 ms
INFO: at 21032.241 ms fetching 243.761 ms
INFO: at 21121.340 ms batch [163.196] delay 89.096 ms
INFO: at 21121.340 ms fetching 163.196 ms
INFO: at 21210.444 ms batch [162.326] delay 89.096 ms
INFO: at 21210.444 ms fetching 162.326 ms
INFO: at 21299.547 ms batch [243.030] delay 89.096 ms
INFO: at 21299.547 ms fetching 243.030 ms
INFO: at 21388.649 ms batch [240.724] delay 89.096 ms
INFO: at 21388.649 ms fetching 240.724 ms
INFO: at 21477.752 ms batch [162.724] delay 89.096 ms
INFO: at 21477.752 ms fetching 162.724 ms
INFO: at 21566.853 ms batch [241.531] delay 98.006 ms
INFO: at 21566.853 ms fetching 241.531 ms
INFO: at 21664.865 ms batch [241.300] delay 98.006 ms
INFO: at 21664.865 ms fetching 241.300 ms
INFO: at 21762.874 ms batch [242.707] delay 98.006 ms
INFO: at 21762.874 ms fetching 242.707 ms
INFO: at 21860.887 ms batch [162.940] delay 98.006 ms
INFO: at 21860.887 ms fetching 162.940 ms
INFO: at 21958.899 ms batch [163.142] delay 98.006 ms
INFO: at 21958.899 ms fetching 163.142 ms
INFO: at 22056.907 ms batch [242.179] delay 98.006 ms
INFO: at 22056.907 ms fetching 242.179 ms
INFO: at 22154.919 ms batch [245.400] delay 98.006 ms
INFO: at 22154.919 ms fetching 245.400 ms
INFO: at 22252.933 ms batch [240.688] delay 98.006 ms
INFO: at 22252.933 ms fetching 240.688 ms
INFO: at 22350.946 ms batch [245.171] delay 98.006 ms
INFO: at 22350.946 ms fetching 245.171 ms
INFO: at 22448.966 ms batch [163.386] delay 98.006 ms
INFO: at 22448.966 ms fetching 163.386 ms
INFO: at 22546.978 ms batch [163.711] delay 89.096 ms
INFO: at 22546.978 ms fetching 163.711 ms
INFO: at 22636.081 ms batch [241.149] delay 89.096 ms
INFO: at 22636.081 ms fetching 241.149 ms
INFO: at 22725.180 ms batch [241.641] delay 89.096 ms
INFO: at 22725.180 ms fetching 241.641 ms
INFO: at 22814.283 ms batch [164.159] delay 89.096 ms
INFO: at 22814.283 ms fetching 164.159 ms
INFO: at 22903.387 ms batch [242.911] delay 89.096 ms
INFO: at 22903.387 ms fetching 242.911 ms
INFO: at 22992.489 ms batch [163.294] delay 89.096 ms
INFO: at 22992.489 ms fetching 163.294 ms
INFO: at 23081.591 ms batch [245.258] delay 89.096 ms
INFO: at 23081.591 ms fetching 245.258 ms
INFO: at 23170.692 ms batch [244.788] delay 89.096 ms
INFO: at 23170.692 ms fetching 244.788 ms
INFO: at 23259.794 ms batch [241.055] delay 89.096 ms
INFO: at 23259.794 ms fetching 241.055 ms
INFO: at 23348.892 ms batch [241.928] delay 89.096 ms
INFO: at 23348.892 ms fetching 241.928 ms
INFO: at 23437.994 ms batch [163.194] delay 89.096 ms
INFO: at 23437.994 ms fetching 163.194 ms
INFO: at 23527.095 ms batch [163.209] delay 89.096 ms
INFO: at 23527.095 ms fetching 163.209 ms
INFO: at 23616.195 ms batch [243.039] delay 89.096 ms
INFO: at 23616.195 ms fetching 243.039 ms
INFO: at 23705.295 ms batch [243.696] delay 89.096 ms
INFO: at 23705.295 ms fetching 243.696 ms
INFO: at 23794.395 ms batch [163.154] delay 89.096 ms
INFO: at 23794.395 ms fetching 163.154 ms
INFO: at 23883.496 ms batch [244.185] delay 89.096 ms
INFO: at 23883.496 ms fetching 244.185 ms
INFO: at 23972.597 ms batch [243.247] delay 89.096 ms
INFO: at 23972.597 ms fetching 243.247 ms
INFO: at 24061.697 ms batch [244.331] delay 89.096 ms
INFO: at 24061.697 ms fetching 244.331 ms
INFO: at 24150.798 ms batch [243.341] delay 89.096 ms
INFO: at 24150.798 ms fetching 243.341 ms
INFO: at 24239.899 ms batch [244.694] delay 89.096 ms
INFO: at 24239.899 ms fetching 244.694 ms
INFO: at 24328.999 ms batch [242.300] delay 89.096 ms
INFO: at 24328.999 ms fetching 242.300 ms
INFO: at 24418.103 ms batch [246.529] delay 89.096 ms
INFO: at 24418.103 ms fetching 246.529 ms
INFO: at 24507.204 ms batch [244.967] delay 70.004 ms
INFO: at 24507.204 ms fetching 244.967 ms
INFO: at 24577.215 ms batch [162.085] delay 70.004 ms
INFO: at 24577.215 ms fetching 162.085 ms
INFO: at 24647.224 ms batch [244.900] delay 70.004 ms
INFO: at 24647.224 ms fetching 244.900 ms
INFO: at 24717.235 ms batch [162.991] delay 70.004 ms
INFO: at 24717.235 ms fetching 162.991 ms
INFO: at 24787.244 ms batch [239.511] delay 70.004 ms
INFO: at 24787.244 ms fetching 239.511 ms
INFO: at 24857.253 ms batch [243.877] delay 70.004 ms
INFO: at 24857.253 ms fetching 243.877 ms
INFO: at 24927.262 ms batch [243.060] delay 70.004 ms
INFO: at 24927.262 ms fetching 243.060 ms
INFO: at 24997.272 ms batch [243.089] delay 70.004 ms
INFO: at 24997.272 ms fetching 243.089 ms
INFO: at 25067.281 ms batch [163.314] delay 70.004 ms
INFO: at 25067.281 ms fetching 163.314 ms
INFO: at 25137.290 ms batch [244.240] delay 70.004 ms
INFO: at 25137.290 ms fetching 244.240 ms
INFO: at 25207.301 ms batch [162.937] delay 70.004 ms
INFO: at 25207.301 ms fetching 162.937 ms
INFO: at 25277.310 ms batch [243.080] delay 70.004 ms
INFO: at 25277.310 ms fetching 243.080 ms
INFO: at 25347.320 ms batch [242.834] delay 70.004 ms
INFO: at 25347.320 ms fetching 242.834 ms
INFO: at 25417.330 ms batch [244.265] delay 70.004 ms
INFO: at 25417.330 ms fetching 244.265 ms
INFO: at 25487.339 ms batch [244.032] delay 98.006 ms
INFO: at 25487.339 ms fetching 244.032 ms
INFO: at 25585.349 ms batch [163.694] delay 98.006 ms
INFO: at 25585.349 ms fetching 163.694 ms
INFO: at 25683.361 ms batch [162.602] delay 98.006 ms
INFO: at 25683.361 ms fetching 162.602 ms
INFO: at 25781.373 ms batch [163.603] delay 98.006 ms
INFO: at 25781.373 ms fetching 163.603 ms
INFO: at 25879.383 ms batch [163.546] delay 98.006 ms
INFO: at 25879.383 ms fetching 163.546 ms
INFO: at 25977.398 ms batch [163.719] delay 98.006 ms
INFO: at 25977.398 ms fetching 163.719 ms
INFO: at 26075.410 ms batch [163.796] delay 98.006 ms
INFO: at 26075.410 ms fetching 163.796 ms
INFO: at 26173.423 ms batch [163.572] delay 98.006 ms
INFO: at 26173.423 ms fetching 163.572 ms
INFO: at 26271.448 ms batch [163.833] delay 98.006 ms
INFO: at 26271.448 ms fetching 163.833 ms
INFO: at 26369.456 ms batch [163.463] delay 98.006 ms
INFO: at 26369.456 ms fetching 163.463 ms
INFO: at 26467.468 ms batch [246.342] delay 81.671 ms
INFO: at 26467.468 ms fetching 246.342 ms
INFO: at 26549.143 ms batch [240.742] delay 81.671 ms
INFO: at 26549.143 ms fetching 240.742 ms
INFO: at 26630.818 ms batch [242.921] delay 81.671 ms
INFO: at 26630.818 ms fetching 242.921 ms
INFO: at 26712.494 ms batch [162.300] delay 81.671 ms
INFO: at 26712.494 ms fetching 162.300 ms
INFO: at 26794.170 ms batch [240.148] delay 81.671 ms
INFO: at 26794.170 ms fetching 240.148 ms
INFO: at 26875.848 ms batch [164.328] delay 81.671 ms
INFO: at 26875.848 ms fetching 164.328 ms
INFO: at 26957.524 ms batch [243.632] delay 81.671 ms
INFO: at 26957.524 ms fetching 243.632 ms
INFO: at 27039.198 ms batch [163.071] delay 81.671 ms
INFO: at 27039.198 ms fetching 163.071 ms
INFO: at 27120.875 ms batch [163.289] delay 81.671 ms
INFO: at 27120.875 ms fetching 163.289 ms
INFO: at 27202.549 ms batch [242.322] delay 81.671 ms
INFO: at 27202.549 ms fetching 242.322 ms
INFO: at 27284.223 ms batch [239.114] delay 81.671 ms
INFO: at 27284.223 ms fetching 239.114 ms
INFO: at 27365.898 ms batch [241.938] delay 81.671 ms
INFO: at 27365.898 ms fetching 241.938 ms
INFO: at 27447.575 ms batch [164.300] delay 98.006 ms
INFO: at 27447.575 ms fetching 164.300 ms
INFO: at 27545.584 ms batch [163.216] delay 98.006 ms
INFO: at 27545.584 ms fetching 163.216 ms
INFO: at 27643.597 ms batch [163.445] delay 98.006 ms
INFO: at 27643.597 ms fetching 163.445 ms
INFO: at 27741.608 ms batch [163.051] delay 98.006 ms
INFO: at 27741.608 ms fetching 163.051 ms
INFO: at 27839.620 ms batch [164.054] delay 98.006 ms
INFO: at 27839.620 ms fetching 164.054 ms
INFO: at 27937.630 ms batch [163.356] delay 98.006 ms
INFO: at 27937.630 ms fetching 163.356 ms
INFO: at 28035.642 ms batch [162.963] delay 98.006 ms
INFO: at 28035.642 ms fetching 162.963 ms
INFO: at 28133.655 ms batch [162.482] delay 98.006 ms
INFO: at 28133.655 ms fetching 162.482 ms
INFO: at 28231.669 ms batch [241.465] delay 98.006 ms
INFO: at 28231.669 ms fetching 241.465 ms
INFO: at 28329.677 ms batch [162.960] delay 98.006 ms
INFO: at 28329.677 ms fetching 162.960 ms
INFO: at 28427.691 ms batch [163.488] delay 108.895 ms
INFO: at 28427.691 ms fetching 163.488 ms
INFO: at 28536.593 ms batch [163.304] delay 108.895 ms
INFO: at 28536.593 ms fetching 163.304 ms
INFO: at 28645.492 ms batch [163.053] delay 108.895 ms
INFO: at 28645.492 ms fetching 163.053 ms
INFO: at 28754.393 ms batch [243.119] delay 108.895 ms
INFO: at 28754.393 ms fetching 243.119 ms
INFO: at 28863.292 ms batch [242.539] delay 108.895 ms
INFO: at 28863.292 ms fetching 242.539 ms
INFO: at 28972.195 ms batch [240.321] delay 108.895 ms
INFO: at 28972.195 ms fetching 240.321 ms
INFO: at 29081.097 ms batch [243.547] delay 108.895 ms
INFO: at 29081.097 ms fetching 243.547 ms
INFO: at 29189.997 ms batch [163.317] delay 108.895 ms
INFO: at 29189.997 ms fetching 163.317 ms
INFO: at 29298.899 ms batch [163.887] delay 108.895 ms
INFO: at 29298.899 ms fetching 163.887 ms
INFO: at 29407.800 ms batch [163.353] delay 122.507 ms
INFO: at 29407.800 ms fetching 163.353 ms
INFO: at 29530.315 ms batch [163.958] delay 122.507 ms
INFO: at 29530.315 ms fetching 163.958 ms
INFO: at 29652.827 ms batch [246.823] delay 122.507 ms
INFO: at 29652.827 ms fetching 246.823 ms
INFO: at 29775.342 ms batch [161.138] delay 122.507 ms
INFO: at 29775.342 ms fetching 161.138 ms
INFO: at 29897.855 ms batch [239.859] delay 122.507 ms
INFO: at 29897.855 ms fetching 239.859 ms
INFO: at 30020.371 ms batch [241.009] delay 122.507 ms
INFO: at 30020.371 ms fetching 241.009 ms
INFO: at 30142.886 ms batch [162.972] delay 122.507 ms
INFO: at 30142.886 ms fetching 162.972 ms
INFO: at 30265.400 ms batch [162.855] delay 122.507 ms
INFO: at 30265.400 ms fetching 162.855 ms
INFO: at 30387.915 ms batch [242.215] delay 140.008 ms
INFO: at 30387.915 ms fetching 242.215 ms
INFO: at 30527.931 ms batch [244.599] delay 140.008 ms
INFO: at 30527.931 ms fetching 244.599 ms
INFO: at 30667.946 ms batch [162.431] delay 140.008 ms
INFO: at 30667.946 ms fetching 162.431 ms
INFO: at 30807.958 ms batch [240.499] delay 140.008 ms
INFO: at 30807.958 ms fetching 240.499 ms
INFO: at 30947.984 ms batch [163.477] delay 140.008 ms
INFO: at 30947.984 ms fetching 163.477 ms
INFO: at 31087.995 ms batch [240.761] delay 140.008 ms
INFO: at 31087.995 ms fetching 240.761 ms
INFO: at 31228.009 ms batch [162.338] delay 140.008 ms
INFO: at 31228.009 ms fetching 162.338 ms
INFO: at 31368.023 ms batch [163.480] delay 108.895 ms
INFO: at 31368.023 ms fetching 163.480 ms
INFO: at 31476.921 ms batch [244.409] delay 108.895 ms
INFO: at 31476.921 ms fetching 244.409 ms
INFO: at 31585.826 ms batch [164.065] delay 108.895 ms
INFO: at 31585.826 ms fetching 164.065 ms
INFO: at 31694.729 ms batch [163.046] delay 108.895 ms
INFO: at 31694.729 ms fetching 163.046 ms
INFO: at 31803.630 ms batch [241.506] delay 108.895 ms
INFO: at 31803.630 ms fetching 241.506 ms
INFO: at 31912.530 ms batch [238.752] delay 108.895 ms
INFO: at 31912.530 ms fetching 238.752 ms
INFO: at 32021.428 ms batch [242.961] delay 108.895 ms
INFO: at 32021.428 ms fetching 242.961 ms
INFO: at 32130.331 ms batch [246.476] delay 108.895 ms
INFO: at 32130.331 ms fetching 246.476 ms
INFO: at 32239.234 ms batch [163.358] delay 108.895 ms
INFO: at 32239.234 ms fetching 163.358 ms
INFO: at 32348.137 ms batch [163.204] delay 140.008 ms
INFO: at 32348.137 ms fetching 163.204 ms
INFO: at 32488.151 ms batch [239.597] delay 140.008 ms
INFO: at 32488.151 ms fetching 239.597 ms
INFO: at 32628.173 ms batch [163.855] delay 140.008 ms
INFO: at 32628.173 ms fetching 163.855 ms
INFO: at 32768.190 ms batch [162.878] delay 140.008 ms
INFO: at 32768.190 ms fetching 162.878 ms
INFO: at 32908.204 ms batch [241.233] delay 140.008 ms
INFO: at 32908.204 ms fetching 241.233 ms
INFO: at 33048.220 ms batch [163.811] delay 140.008 ms
INFO: at 33048.220 ms fetching 163.811 ms
INFO: at 33188.236 ms batch [243.235] delay 140.008 ms
INFO: at 33188.236 ms fetching 243.235 ms
INFO: at 33328.250 ms batch [164.501] delay 81.671 ms
INFO: at 33328.250 ms fetching 164.501 ms
INFO: at 33409.928 ms batch [245.057] delay 81.671 ms
INFO: at 33409.928 ms fetching 245.057 ms
INFO: at 33491.605 ms batch [163.206] delay 81.671 ms
INFO: at 33491.605 ms fetching 163.206 ms
INFO: at 33573.280 ms batch [244.882] delay 81.671 ms
INFO: at 33573.280 ms fetching 244.882 ms
INFO: at 33654.956 ms batch [162.779] delay 81.671 ms
INFO: at 33654.956 ms fetching 162.779 ms
INFO: at 33736.634 ms batch [244.044] delay 81.671 ms
INFO: at 33736.634 ms fetching 244.044 ms
INFO: at 33818.311 ms batch [245.708] delay 81.671 ms
INFO: at 33818.311 ms fetching 245.708 ms
INFO: at 33899.989 ms batch [241.132] delay 81.671 ms
INFO: at 33899.989 ms fetching 241.132 ms
INFO: at 33981.663 ms batch [242.234] delay 81.671 ms
INFO: at 33981.663 ms fetching 242.234 ms
INFO: at 34063.348 ms batch [237.709] delay 81.671 ms
INFO: at 34063.348 ms fetching 237.709 ms
INFO: at 34145.026 ms batch [163.821] delay 81.671 ms
INFO: at 34145.026 ms fetching 163.821 ms
INFO: at 34226.701 ms batch [243.109] delay 81.671 ms
INFO: at 34226.701 ms fetching 243.109 ms
INFO: at 34308.380 ms batch [162.679] delay 108.895 ms
INFO: at 34308.380 ms fetching 162.679 ms
INFO: at 34417.279 ms batch [240.815] delay 108.895 ms
INFO: at 34417.279 ms fetching 240.815 ms
INFO: at 34526.178 ms batch [163.674] delay 108.895 ms
INFO: at 34526.178 ms fetching 163.674 ms
INFO: at 34635.080 ms batch [243.653] delay 108.895 ms
INFO: at 34635.080 ms fetching 243.653 ms
INFO: at 34743.978 ms batch [162.742] delay 108.895 ms
INFO: at 34743.978 ms fetching 162.742 ms
INFO: at 34852.876 ms batch [242.518] delay 108.895 ms
INFO: at 34852.876 ms fetching 242.518 ms
INFO: at 34961.773 ms batch [240.175] delay 108.895 ms
INFO: at 34961.773 ms fetching 240.175 ms
INFO: at 35070.670 ms batch [240.670] delay 108.895 ms
INFO: at 35070.670 ms fetching 240.670 ms
INFO: at 35179.568 ms batch [162.661] delay 108.895 ms
INFO: at 35179.568 ms fetching 162.661 ms
INFO: at 35288.465 ms batch [163.062] delay 108.895 ms
INFO: at 35288.465 ms fetching 163.062 ms
INFO: at 35397.363 ms batch [241.369] delay 108.895 ms
INFO: at 35397.363 ms fetching 241.369 ms
INFO: at 35506.260 ms batch [163.758] delay 108.895 ms
INFO: at 35506.260 ms fetching 163.758 ms
INFO: at 35615.158 ms batch [240.834] delay 108.895 ms
INFO: at 35615.158 ms fetching 240.834 ms
INFO: at 35724.056 ms batch [162.983] delay 108.895 ms
INFO: at 35724.056 ms fetching 162.983 ms
INFO: at 35832.953 ms batch [241.771] delay 108.895 ms
INFO: at 35832.953 ms fetching 241.771 ms
INFO: at 35941.851 ms batch [242.042] delay 108.895 ms
INFO: at 35941.851 ms fetching 242.042 ms
INFO: at 36050.750 ms batch [162.811] delay 108.895 ms
INFO: at 36050.750 ms fetching 162.811 ms
INFO: at 36159.648 ms batch [163.642] delay 108.895 ms
INFO: at 36159.648 ms fetching 163.642 ms
INFO: at 36268.546 ms batch [242.162] delay 122.507 ms
INFO: at 36268.546 ms fetching 242.162 ms
INFO: at 36391.055 ms batch [242.550] delay 122.507 ms
INFO: at 36391.055 ms fetching 242.550 ms
INFO: at 36513.565 ms batch [248.633] delay 122.507 ms
INFO: at 36513.565 ms fetching 248.633 ms
INFO: at 36636.075 ms batch [163.893] delay 122.507 ms
INFO: at 36636.075 ms fetching 163.893 ms
INFO: at 36758.584 ms batch [244.511] delay 122.507 ms
INFO: at 36758.584 ms fetching 244.511 ms
INFO: at 36881.093 ms batch [243.445] delay 122.507 ms
INFO: at 36881.093 ms fetching 243.445 ms
INFO: at 37003.606 ms batch [241.380] delay 122.507 ms
INFO: at 37003.606 ms fetching 241.380 ms
INFO: at 37126.117 ms batch [163.417] delay 122.507 ms
INFO: at 37126.117 ms fetching 163.417 ms
INFO: at 37248.632 ms batch [162.787] delay 122.507 ms
INFO: at 37248.632 ms fetching 162.787 ms
INFO: at 37371.145 ms batch [163.880] delay 122.507 ms
INFO: at 37371.145 ms fetching 163.880 ms
INFO: at 37493.656 ms batch [242.152] delay 122.507 ms
INFO: at 37493.656 ms fetching 242.152 ms
INFO: at 37616.175 ms batch [162.636] delay 122.507 ms
INFO: at 37616.175 ms fetching 162.636 ms
INFO: at 37738.688 ms batch [241.853] delay 122.507 ms
INFO: at 37738.688 ms fetching 241.853 ms
INFO: at 37861.200 ms batch [244.253] delay 122.507 ms
INFO: at 37861.200 ms fetching 244.253 ms
INFO: at 37983.716 ms batch [242.396] delay 122.507 ms
INFO: at 37983.716 ms fetching 242.396 ms
INFO: at 38106.231 ms batch [162.772] delay 122.507 ms
INFO: at 38106.231 ms fetching 162.772 ms
INFO: at 38228.741 ms batch [243.193] delay 33.795 ms
INFO: at 38228.741 ms fetching 243.193 ms
INFO: at 38262.541 ms batch [163.667] delay 33.795 ms
INFO: at 38262.541 ms fetching 163.667 ms
INFO: at 38296.341 ms batch [242.291] delay 33.795 ms
INFO: at 38296.341 ms fetching 242.291 ms
INFO: at 38330.140 ms batch [163.965] delay 33.795 ms
INFO: at 38330.140 ms fetching 163.965 ms
INFO: at 38363.940 ms batch [163.076] delay 33.795 ms
INFO: at 38363.940 ms fetching 163.076 ms
INFO: at 38397.741 ms batch [243.099] delay 33.795 ms
INFO: at 38397.741 ms fetching 243.099 ms
INFO: at 38431.541 ms batch [163.234] delay 33.795 ms
INFO: at 38431.541 ms fetching 163.234 ms
INFO: at 38465.340 ms batch [163.254] delay 33.795 ms
INFO: at 38465.340 ms fetching 163.254 ms
INFO: at 38499.139 ms batch [162.980] delay 33.795 ms
INFO: at 38499.139 ms fetching 162.980 ms
INFO: at 38532.942 ms batch [163.763] delay 33.795 ms
INFO: at 38532.942 ms fetching 163.763 ms
INFO: at 38566.742 ms batch [243.212] delay 33.795 ms
INFO: at 38566.742 ms fetching 243.212 ms
INFO: at 38600.540 ms batch [163.114] delay 33.795 ms
INFO: at 38600.540 ms fetching 163.114 ms
INFO: at 38634.338 ms batch [163.105] delay 33.795 ms
INFO: at 38634.338 ms fetching 163.105 ms
INFO: at 38668.138 ms batch [162.577] delay 33.795 ms
INFO: at 38668.138 ms fetching 162.577 ms
INFO: at 38701.937 ms batch [163.512] delay 33.795 ms
INFO: at 38701.937 ms fetching 163.512 ms
INFO: at 38735.737 ms batch [243.383] delay 33.795 ms
INFO: at 38735.737 ms fetching 243.383 ms
INFO: at 38769.537 ms batch [242.658] delay 33.795 ms
INFO: at 38769.537 ms fetching 242.658 ms
INFO: at 38803.336 ms batch [163.383] delay 33.795 ms
INFO: at 38803.336 ms fetching 163.383 ms
INFO: at 38837.134 ms batch [244.725] delay 33.795 ms
INFO: at 38837.134 ms fetching 244.725 ms
INFO: at 38870.933 ms batch [162.377] delay 33.795 ms
INFO: at 38870.933 ms fetching 162.377 ms
INFO: at 38904.731 ms batch [162.864] delay 33.795 ms
INFO: at 38904.731 ms fetching 162.864 ms
INFO: at 38938.530 ms batch [244.480] delay 33.795 ms
INFO: at 38938.530 ms fetching 244.480 ms
INFO: at 38972.329 ms batch [244.933] delay 33.795 ms
INFO: at 38972.329 ms fetching 244.933 ms
INFO: at 39006.127 ms batch [162.209] delay 33.795 ms
INFO: at 39006.127 ms fetching 162.209 ms
INFO: at 39039.924 ms batch [244.426] delay 33.795 ms
INFO: at 39039.924 ms fetching 244.426 ms
INFO: at 39073.721 ms batch [244.949] delay 33.795 ms
INFO: at 39073.721 ms fetching 244.949 ms
INFO: at 39107.520 ms batch [163.414] delay 33.795 ms
INFO: at 39107.520 ms fetching 163.414 ms
INFO: at 39141.318 ms batch [163.162] delay 33.795 ms
INFO: at 39141.318 ms fetching 163.162 ms
INFO: at 39175.117 ms batch [241.984] delay 33.795 ms
INFO: at 39175.117 ms fetching 241.984 ms
INFO: at 39208.916 ms batch [162.931] delay 89.096 ms
INFO: at 39208.916 ms fetching 162.931 ms
INFO: at 39298.015 ms batch [163.411] delay 89.096 ms
INFO: at 39298.015 ms fetching 163.411 ms
INFO: at 39387.118 ms batch [242.498] delay 89.096 ms
INFO: at 39387.118 ms fetching 242.498 ms
INFO: at 39476.219 ms batch [238.309] delay 89.096 ms
INFO: at 39476.219 ms fetching 238.309 ms
INFO: at 39565.318 ms batch [241.274] delay 89.096 ms
INFO: at 39565.318 ms fetching 241.274 ms
INFO: at 39654.416 ms batch [244.850] delay 89.096 ms
INFO: at 39654.416 ms fetching 244.850 ms
INFO: at 39743.514 ms batch [245.782] delay 89.096 ms
INFO: at 39743.514 ms fetching 245.782 ms
INFO: at 39832.614 ms batch [163.199] delay 89.096 ms
INFO: at 39832.614 ms fetching 163.199 ms
INFO: at 39921.713 ms batch [163.936] delay 89.096 ms
INFO: at 39921.713 ms fetching 163.936 ms
INFO: at 40010.812 ms batch [163.137] delay 89.096 ms
INFO: at 40010.812 ms fetching 163.137 ms
INFO: at 40099.916 ms batch [163.069] delay 89.096 ms
INFO: at 40099.916 ms fetching 163.069 ms
INFO: at 40189.022 ms batch [241.517] delay 98.006 ms
INFO: at 40189.022 ms fetching 241.517 ms
INFO: at 40287.034 ms batch [163.974] delay 98.006 ms
INFO: at 40287.034 ms fetching 163.974 ms
INFO: at 40385.043 ms batch [162.888] delay 98.006 ms
INFO: at 40385.043 ms fetching 162.888 ms
INFO: at 40483.055 ms batch [245.313] delay 98.006 ms
INFO: at 40483.055 ms fetching 245.313 ms
INFO: at 40581.067 ms batch [163.610] delay 98.006 ms
INFO: at 40581.067 ms fetching 163.610 ms
INFO: at 40679.077 ms batch [241.712] delay 98.006 ms
INFO: at 40679.077 ms fetching 241.712 ms
INFO: at 40777.085 ms batch [239.421] delay 98.006 ms
INFO: at 40777.085 ms fetching 239.421 ms
INFO: at 40875.093 ms batch [240.798] delay 98.006 ms
INFO: at 40875.093 ms fetching 240.798 ms
INFO: at 40973.101 ms batch [163.596] delay 98.006 ms
INFO: at 40973.101 ms fetching 163.596 ms
INFO: at 41071.110 ms batch [245.658] delay 98.006 ms
INFO: at 41071.110 ms fetching 245.658 ms
INFO: at 41169.118 ms batch [242.619] delay 122.507 ms
INFO: at 41169.118 ms fetching 242.619 ms
INFO: at 41291.628 ms batch [241.164] delay 122.507 ms
INFO: at 41291.628 ms fetching 241.164 ms
INFO: at 41414.137 ms batch [247.460] delay 122.507 ms
INFO: at 41414.137 ms fetching 247.460 ms
INFO: at 41536.646 ms batch [163.439] delay 122.507 ms
INFO: at 41536.646 ms fetching 163.439 ms
INFO: at 41659.157 ms batch [162.847] delay 122.507 ms
INFO: at 41659.157 ms fetching 162.847 ms
INFO: at 41781.667 ms batch [163.276] delay 122.507 ms
INFO: at 41781.667 ms fetching 163.276 ms
INFO: at 41904.180 ms batch [162.720] delay 122.507 ms
INFO: at 41904.180 ms fetching 162.720 ms
INFO: at 42026.691 ms batch [243.331] delay 122.507 ms
INFO: at 42026.691 ms fetching 243.331 ms
INFO: at 42149.203 ms batch [241.492] delay 65.337 ms
INFO: at 42149.203 ms fetching 241.492 ms
INFO: at 42214.544 ms batch [242.727] delay 65.337 ms
INFO: at 42214.544 ms fetching 242.727 ms
INFO: at 42279.886 ms batch [247.742] delay 65.337 ms
INFO: at 42279.886 ms fetching 247.742 ms
INFO: at 42345.227 ms batch [241.701] delay 65.337 ms
INFO: at 42345.227 ms fetching 241.701 ms
INFO: at 42410.569 ms batch [162.757] delay 65.337 ms
INFO: at 42410.569 ms fetching 162.757 ms
INFO: at 42475.910 ms batch [163.631] delay 65.337 ms
INFO: at 42475.910 ms fetching 163.631 ms
INFO: at 42541.254 ms batch [162.904] delay 65.337 ms
INFO: at 42541.254 ms fetching 162.904 ms
INFO: at 42606.593 ms batch [163.434] delay 65.337 ms
INFO: at 42606.593 ms fetching 163.434 ms
INFO: at 42671.933 ms batch [163.649] delay 65.337 ms
INFO: at 42671.933 ms fetching 163.649 ms
INFO: at 42737.272 ms batch [163.048] delay 65.337 ms
INFO: at 42737.272 ms fetching 163.048 ms
INFO: at 42802.611 ms batch [163.951] delay 65.337 ms
INFO: at 42802.611 ms fetching 163.951 ms
INFO: at 42867.951 ms batch [244.636] delay 65.337 ms
INFO: at 42867.951 ms fetching 244.636 ms
INFO: at 42933.290 ms batch [162.861] delay 65.337 ms
INFO: at 42933.290 ms fetching 162.861 ms
INFO: at 42998.629 ms batch [163.201] delay 65.337 ms
INFO: at 42998.629 ms fetching 163.201 ms
INFO: at 43063.968 ms batch [243.855] delay 65.337 ms
INFO: at 43063.968 ms fetching 243.855 ms
INFO: at 43129.308 ms batch [243.814] delay 89.096 ms
INFO: at 43129.308 ms fetching 243.814 ms
INFO: at 43218.408 ms batch [241.594] delay 89.096 ms
INFO: at 43218.408 ms fetching 241.594 ms
INFO: at 43307.506 ms batch [162.537] delay 89.096 ms
INFO: at 43307.506 ms fetching 162.537 ms
INFO: at 43396.605 ms batch [244.742] delay 89.096 ms
INFO: at 43396.605 ms fetching 244.742 ms
INFO: at 43485.704 ms batch [163.450] delay 89.096 ms
INFO: at 43485.704 ms fetching 163.450 ms
INFO: at 43574.802 ms batch [242.971] delay 89.096 ms
INFO: at 43574.802 ms fetching 242.971 ms
INFO: at 43663.902 ms batch [163.381] delay 89.096 ms
INFO: at 43663.902 ms fetching 163.381 ms
INFO: at 43753.000 ms batch [250.747] delay 89.096 ms
INFO: at 43753.000 ms fetching 250.747 ms
INFO: at 43842.098 ms batch [163.635] delay 89.096 ms
INFO: at 43842.098 ms fetching 163.635 ms
INFO: at 43931.197 ms batch [242.981] delay 89.096 ms
INFO: at 43931.197 ms fetching 242.981 ms
INFO: at 44020.295 ms batch [244.833] delay 89.096 ms
INFO: at 44020.295 ms fetching 244.833 ms
INFO: at 44109.393 ms batch [162.593] delay 89.096 ms
INFO: at 44109.393 ms fetching 162.593 ms
INFO: at 44198.491 ms batch [241.919] delay 89.096 ms
INFO: at 44198.491 ms fetching 241.919 ms
INFO: at 44287.590 ms batch [162.549] delay 89.096 ms
INFO: at 44287.590 ms fetching 162.549 ms
INFO: at 44376.689 ms batch [242.005] delay 89.096 ms
INFO: at 44376.689 ms fetching 242.005 ms
INFO: at 44465.788 ms batch [163.498] delay 89.096 ms
INFO: at 44465.788 ms fetching 163.498 ms
INFO: at 44554.891 ms batch [162.114] delay 89.096 ms
INFO: at 44554.891 ms fetching 162.114 ms
INFO: at 44643.992 ms batch [245.437] delay 89.096 ms
INFO: at 44643.992 ms fetching 245.437 ms
INFO: at 44733.091 ms batch [163.656] delay 89.096 ms
INFO: at 44733.091 ms fetching 163.656 ms
INFO: at 44822.189 ms batch [244.135] delay 89.096 ms
INFO: at 44822.189 ms fetching 244.135 ms
INFO: at 44911.288 ms batch [244.678] delay 89.096 ms
INFO: at 44911.288 ms fetching 244.678 ms
INFO: at 45000.386 ms batch [162.802] delay 89.096 ms
INFO: at 45000.386 ms fetching 162.802 ms
INFO: at 45089.485 ms batch [163.867] delay 108.895 ms
INFO: at 45089.485 ms fetching 163.867 ms
INFO: at 45198.382 ms batch [163.086] delay 108.895 ms
INFO: at 45198.382 ms fetching 163.086 ms
INFO: at 45307.280 ms batch [163.342] delay 108.895 ms
INFO: at 45307.280 ms fetching 163.342 ms
INFO: at 45416.183 ms batch [163.378] delay 108.895 ms
INFO: at 45416.183 ms fetching 163.378 ms
INFO: at 45525.085 ms batch [240.204] delay 108.895 ms
INFO: at 45525.085 ms fetching 240.204 ms
INFO: at 45633.989 ms batch [242.747] delay 108.895 ms
INFO: at 45633.989 ms fetching 242.747 ms
INFO: at 45742.891 ms batch [163.753] delay 108.895 ms
INFO: at 45742.891 ms fetching 163.753 ms
INFO: at 45851.791 ms batch [162.735] delay 108.895 ms
INFO: at 45851.791 ms fetching 162.735 ms
INFO: at 45960.689 ms batch [163.012] delay 108.895 ms
INFO: at 45960.689 ms fetching 163.012 ms
INFO: at 46069.588 ms batch [243.402] delay 108.895 ms
INFO: at 46069.588 ms fetching 243.402 ms
INFO: at 46178.488 ms batch [163.689] delay 108.895 ms
INFO: at 46178.488 ms fetching 163.689 ms
INFO: at 46287.389 ms batch [163.613] delay 108.895 ms
INFO: at 46287.389 ms fetching 163.613 ms
INFO: at 46396.290 ms batch [240.977] delay 108.895 ms
INFO: at 46396.290 ms fetching 240.977 ms
INFO: at 46505.191 ms batch [242.757] delay 108.895 ms
INFO: at 46505.191 ms fetching 242.757 ms
INFO: at 46614.089 ms batch [163.447] delay 108.895 ms
INFO: at 46614.089 ms fetching 163.447 ms
INFO: at 46722.987 ms batch [163.074] delay 108.895 ms
INFO: at 46722.987 ms fetching 163.074 ms
INFO: at 46831.884 ms batch [243.781] delay 108.895 ms
INFO: at 46831.884 ms fetching 243.781 ms
INFO: at 46940.782 ms batch [242.738] delay 108.895 ms
INFO: at 46940.782 ms fetching 242.738 ms
INFO: at 47049.679 ms batch [241.248] delay 81.671 ms
INFO: at 47049.679 ms fetching 241.248 ms
INFO: at 47131.354 ms batch [245.731] delay 81.671 ms
INFO: at 47131.354 ms fetching 245.731 ms
INFO: at 47213.028 ms batch [243.516] delay 81.671 ms
INFO: at 47213.028 ms fetching 243.516 ms
INFO: at 47294.702 ms batch [162.996] delay 81.671 ms
INFO: at 47294.702 ms fetching 162.996 ms
INFO: at 47376.378 ms batch [242.225] delay 81.671 ms
INFO: at 47376.378 ms fetching 242.225 ms
INFO: at 47458.056 ms batch [240.254] delay 81.671 ms
INFO: at 47458.056 ms fetching 240.254 ms
INFO: at 47539.735 ms batch [163.322] delay 81.671 ms
INFO: at 47539.735 ms fetching 163.322 ms
INFO: at 47621.410 ms batch [163.126] delay 81.671 ms
INFO: at 47621.410 ms fetching 163.126 ms
INFO: at 47703.086 ms batch [163.212] delay 81.671 ms
INFO: at 47703.086 ms fetching 163.212 ms
INFO: at 47784.764 ms batch [243.392] delay 81.671 ms
INFO: at 47784.764 ms fetching 243.392 ms
INFO: at 47866.440 ms batch [162.530] delay 81.671 ms
INFO: at 47866.440 ms fetching 162.530 ms
INFO: at 47948.119 ms batch [163.345] delay 81.671 ms
INFO: at 47948.119 ms fetching 163.345 ms
INFO: at 48029.795 ms batch [243.225] delay 108.895 ms
INFO: at 48029.795 ms fetching 243.225 ms
INFO: at 48138.695 ms batch [163.244] delay 108.895 ms
INFO: at 48138.695 ms fetching 163.244 ms
INFO: at 48247.596 ms batch [164.146] delay 108.895 ms
INFO: at 48247.596 ms fetching 164.146 ms
INFO: at 48356.496 ms batch [163.816] delay 108.895 ms
INFO: at 48356.496 ms fetching 163.816 ms
INFO: at 48465.394 ms batch [163.698] delay 108.895 ms
INFO: at 48465.394 ms fetching 163.698 ms
INFO: at 48574.293 ms batch [244.769] delay 108.895 ms
INFO: at 48574.293 ms fetching 244.769 ms
INFO: at 48683.196 ms batch [241.312] delay 108.895 ms
INFO: at 48683.196 ms fetching 241.312 ms
INFO: at 48792.097 ms batch [163.152] delay 108.895 ms
INFO: at 48792.097 ms fetching 163.152 ms
INFO: at 48900.998 ms batch [246.888] delay 108.895 ms
INFO: at 48900.998 ms fetching 246.888 ms
INFO: at 49009.899 ms batch [163.324] delay 98.006 ms
INFO: at 49009.899 ms fetching 163.324 ms
INFO: at 49107.908 ms batch [163.164] delay 98.006 ms
INFO: at 49107.908 ms fetching 163.164 ms
INFO: at 49205.917 ms batch [163.329] delay 98.006 ms
INFO: at 49205.917 ms fetching 163.329 ms
INFO: at 49303.927 ms batch [163.565] delay 98.006 ms
INFO: at 49303.927 ms fetching 163.565 ms
INFO: at 49401.937 ms batch [164.102] delay 98.006 ms
INFO: at 49401.937 ms fetching 164.102 ms
INFO: at 49499.950 ms batch [162.394] delay 98.006 ms
INFO: at 49499.950 ms fetching 162.394 ms
INFO: at 49597.972 ms batch [162.999] delay 98.006 ms
INFO: at 49597.972 ms fetching 162.999 ms
INFO: at 49695.984 ms batch [243.924] delay 98.006 ms
INFO: at 49695.984 ms fetching 243.924 ms
INFO: at 49793.995 ms batch [243.525] delay 98.006 ms
INFO: at 49793.995 ms fetching 243.525 ms
INFO: at 49892.006 ms batch [246.062] delay 98.006 ms
INFO: at 49892.006 ms fetching 246.062 ms
INFO: at 49990.017 ms batch [237.961] delay 75.389 ms
INFO: at 49990.017 ms fetching 237.961 ms
INFO: at 50065.411 ms batch [240.434] delay 75.389 ms
INFO: at 50065.411 ms fetching 240.434 ms
INFO: at 50140.803 ms batch [242.599] delay 75.389 ms
INFO: at 50140.803 ms fetching 242.599 ms
INFO: at 50216.199 ms batch [242.844] delay 75.389 ms
INFO: at 50216.199 ms fetching 242.844 ms
INFO: at 50291.594 ms batch [243.425] delay 75.389 ms
INFO: at 50291.594 ms fetching 243.425 ms
INFO: at 50366.989 ms batch [162.368] delay 75.389 ms
INFO: at 50366.989 ms fetching 162.368 ms
INFO: at 50442.380 ms batch [163.392] delay 75.389 ms
INFO: at 50442.380 ms fetching 163.392 ms
INFO: at 50517.774 ms batch [244.018] delay 75.389 ms
INFO: at 50517.774 ms fetching 244.018 ms
INFO: at 50593.171 ms batch [241.262] delay 75.389 ms
INFO: at 50593.171 ms fetching 241.262 ms
INFO: at 50668.563 ms batch [240.391] delay 75.389 ms
INFO: at 50668.563 ms fetching 240.391 ms
INFO: at 50743.958 ms batch [246.698] delay 75.389 ms
INFO: at 50743.958 ms fetching 246.698 ms
INFO: at 50819.354 ms batch [163.504] delay 75.389 ms
INFO: at 50819.354 ms fetching 163.504 ms
INFO: at 50894.750 ms batch [163.169] delay 75.389 ms
INFO: at 50894.750 ms fetching 163.169 ms
INFO: at 50970.146 ms batch [240.277] delay 122.507 ms
INFO: at 50970.146 ms fetching 240.277 ms
INFO: at 51092.660 ms batch [163.736] delay 122.507 ms
INFO: at 51092.660 ms fetching 163.736 ms
INFO: at 51215.173 ms batch [162.907] delay 122.507 ms
INFO: at 51215.173 ms fetching 162.907 ms
INFO: at 51337.688 ms batch [162.386] delay 122.507 ms
INFO: at 51337.688 ms fetching 162.386 ms
INFO: at 51460.198 ms batch [245.419] delay 122.507 ms
INFO: at 51460.198 ms fetching 245.419 ms
INFO: at 51582.709 ms batch [163.111] delay 122.507 ms
INFO: at 51582.709 ms fetching 163.111 ms
INFO: at 51705.221 ms batch [240.648] delay 122.507 ms
INFO: at 51705.221 ms fetching 240.648 ms
INFO: at 51827.732 ms batch [163.998] delay 122.507 ms
INFO: at 51827.732 ms fetching 163.998 ms
INFO: at 51950.246 ms batch [162.851] delay 98.006 ms
INFO: at 51950.246 ms fetching 162.851 ms
INFO: at 52048.255 ms batch [238.925] delay 98.006 ms
INFO: at 52048.255 ms fetching 238.925 ms
INFO: at 52146.263 ms batch [241.218] delay 98.006 ms
INFO: at 52146.263 ms fetching 241.218 ms
INFO: at 52244.271 ms batch [163.296] delay 98.006 ms
INFO: at 52244.271 ms fetching 163.296 ms
INFO: at 52342.281 ms batch [246.096] delay 98.006 ms
INFO: at 52342.281 ms fetching 246.096 ms
INFO: at 52440.294 ms batch [240.612] delay 98.006 ms
INFO: at 52440.294 ms fetching 240.612 ms
INFO: at 52538.307 ms batch [240.962] delay 98.006 ms
INFO: at 52538.307 ms fetching 240.962 ms
INFO: at 52636.320 ms batch [243.011] delay 98.006 ms
INFO: at 52636.320 ms fetching 243.011 ms
INFO: at 52734.330 ms batch [163.337] delay 98.006 ms
INFO: at 52734.330 ms fetching 163.337 ms
INFO: at 52832.342 ms batch [162.897] delay 98.006 ms
INFO: at 52832.342 ms fetching 162.897 ms
INFO: at 52930.352 ms batch [246.587] delay 140.008 ms
INFO: at 52930.352 ms fetching 246.587 ms
INFO: at 53070.367 ms batch [240.229] delay 140.008 ms
INFO: at 53070.367 ms fetching 240.229 ms
INFO: at 53210.378 ms batch [245.905] delay 140.008 ms
INFO: at 53210.378 ms fetching 245.905 ms
INFO: at 53350.391 ms batch [242.405] delay 140.008 ms
INFO: at 53350.391 ms fetching 242.405 ms
INFO: at 53490.406 ms batch [163.157] delay 140.008 ms
INFO: at 53490.406 ms fetching 163.157 ms
INFO: at 53630.419 ms batch [163.007] delay 140.008 ms
INFO: at 53630.419 ms fetching 163.007 ms
INFO: at 53770.435 ms batch [241.406] delay 140.008 ms
INFO: at 53770.435 ms fetching 241.406 ms
INFO: at 53910.452 ms batch [162.791] delay 98.006 ms
INFO: at 53910.452 ms fetching 162.791 ms
INFO: at 54008.460 ms batch [239.640] delay 98.006 ms
INFO: at 54008.460 ms fetching 239.640 ms
INFO: at 54106.470 ms batch [244.452] delay 98.006 ms
INFO: at 54106.470 ms fetching 244.452 ms
INFO: at 54204.481 ms batch [240.576] delay 98.006 ms
INFO: at 54204.481 ms fetching 240.576 ms
INFO: at 54302.491 ms batch [242.140] delay 98.006 ms
INFO: at 54302.491 ms fetching 242.140 ms
INFO: at 54400.502 ms batch [242.052] delay 98.006 ms
INFO: at 54400.502 ms fetching 242.052 ms
INFO: at 54498.513 ms batch [163.299] delay 98.006 ms
INFO: at 54498.513 ms fetching 163.299 ms
INFO: at 54596.523 ms batch [240.344] delay 98.006 ms
INFO: at 54596.523 ms fetching 240.344 ms
INFO: at 54694.539 ms batch [163.860] delay 98.006 ms
INFO: at 54694.539 ms fetching 163.860 ms
INFO: at 54792.553 ms batch [240.593] delay 98.006 ms
INFO: at 54792.553 ms fetching 240.593 ms
INFO: at 54890.567 ms batch [242.469] delay 122.507 ms
INFO: at 54890.567 ms fetching 242.469 ms
INFO: at 55013.081 ms batch [162.461] delay 122.507 ms
INFO: at 55013.081 ms fetching 162.461 ms
INFO: at 55135.594 ms batch [246.215] delay 122.507 ms
INFO: at 55135.594 ms fetching 246.215 ms
INFO: at 55258.105 ms batch [243.970] delay 122.507 ms
INFO: at 55258.105 ms fetching 243.970 ms
INFO: at 55380.615 ms batch [241.949] delay 122.507 ms
INFO: at 55380.615 ms fetching 241.949 ms
INFO: at 55503.126 ms batch [246.958] delay 122.507 ms
INFO: at 55503.126 ms fetching 246.958 ms
INFO: at 55625.637 ms batch [241.783] delay 122.507 ms
INFO: at 55625.637 ms fetching 241.783 ms
INFO: at 55748.149 ms batch [162.948] delay 122.507 ms
INFO: at 55748.149 ms fetching 162.948 ms
INFO: at 55870.662 ms batch [244.148] delay 89.096 ms
INFO: at 55870.662 ms fetching 244.148 ms
INFO: at 55959.764 ms batch [239.370] delay 89.096 ms
INFO: at 55959.764 ms fetching 239.370 ms
INFO: at 56048.870 ms batch [162.561] delay 89.096 ms
INFO: at 56048.870 ms fetching 162.561 ms
INFO: at 56137.974 ms batch [242.018] delay 89.096 ms
INFO: at 56137.974 ms fetching 242.018 ms
INFO: at 56227.141 ms batch [163.583] delay 89.096 ms
INFO: at 56227.141 ms fetching 163.583 ms
INFO: at 56316.245 ms batch [243.350] delay 89.096 ms
INFO: at 56316.245 ms fetching 243.350 ms
INFO: at 56405.348 ms batch [243.288] delay 89.096 ms
INFO: at 56405.348 ms fetching 243.288 ms
INFO: at 56494.450 ms batch [243.360] delay 89.096 ms
INFO: at 56494.450 ms fetching 243.360 ms
INFO: at 56583.552 ms batch [245.564] delay 89.096 ms
INFO: at 56583.552 ms fetching 245.564 ms
INFO: at 56672.652 ms batch [162.975] delay 89.096 ms
INFO: at 56672.652 ms fetching 162.975 ms
INFO: at 56761.754 ms batch [241.083] delay 89.096 ms
INFO: at 56761.754 ms fetching 241.083 ms
INFO: at 56850.856 ms batch [242.192] delay 98.006 ms
INFO: at 56850.856 ms fetching 242.192 ms
INFO: at 56948.865 ms batch [239.893] delay 98.006 ms
INFO: at 56948.865 ms fetching 239.893 ms
INFO: at 57046.875 ms batch [242.244] delay 98.006 ms
INFO: at 57046.875 ms fetching 242.244 ms
INFO: at 57144.887 ms batch [243.903] delay 98.006 ms
INFO: at 57144.887 ms fetching 243.903 ms
INFO: at 57242.905 ms batch [164.799] delay 98.006 ms
INFO: at 57242.905 ms fetching 164.799 ms
INFO: at 57340.919 ms batch [163.670] delay 98.006 ms
INFO: at 57340.919 ms fetching 163.670 ms
INFO: at 57438.930 ms batch [240.122] delay 98.006 ms
INFO: at 57438.930 ms fetching 240.122 ms
INFO: at 57536.938 ms batch [162.809] delay 98.006 ms
INFO: at 57536.938 ms fetching 162.809 ms
INFO: at 57634.951 ms batch [163.284] delay 98.006 ms
INFO: at 57634.951 ms fetching 163.284 ms
INFO: at 57732.962 ms batch [239.718] delay 98.006 ms
INFO: at 57732.962 ms fetching 239.718 ms
INFO: at 57830.972 ms batch [162.768] delay 108.895 ms
INFO: at 57830.972 ms fetching 162.768 ms
INFO: at 57939.874 ms batch [162.871] delay 108.895 ms
INFO: at 57939.874 ms fetching 162.871 ms
INFO: at 58048.772 ms batch [243.475] delay 108.895 ms
INFO: at 58048.772 ms fetching 243.475 ms
INFO: at 58157.671 ms batch [162.474] delay 108.895 ms
INFO: at 58157.671 ms fetching 162.474 ms
INFO: at 58266.574 ms batch [164.595] delay 108.895 ms
INFO: at 58266.574 ms fetching 164.595 ms
INFO: at 58375.476 ms batch [162.490] delay 108.895 ms
INFO: at 58375.476 ms fetching 162.490 ms
INFO: at 58484.379 ms batch [162.799] delay 108.895 ms
INFO: at 58484.379 ms fetching 162.799 ms
INFO: at 58593.278 ms batch [162.046] delay 108.895 ms
INFO: at 58593.278 ms fetching 162.046 ms
INFO: at 58702.179 ms batch [162.588] delay 108.895 ms
INFO: at 58702.179 ms fetching 162.588 ms
INFO: at 58811.083 ms batch [245.275] delay 98.006 ms
INFO: at 58811.083 ms fetching 245.275 ms
INFO: at 58909.095 ms batch [243.435] delay 98.006 ms
INFO: at 58909.095 ms fetching 243.435 ms
INFO: at 59007.106 ms batch [163.442] delay 98.006 ms
INFO: at 59007.106 ms fetching 163.442 ms
INFO: at 59105.118 ms batch [162.656] delay 98.006 ms
INFO: at 59105.118 ms fetching 162.656 ms
INFO: at 59203.128 ms batch [162.167] delay 98.006 ms
INFO: at 59203.128 ms fetching 162.167 ms
INFO: at 59301.138 ms batch [163.782] delay 98.006 ms
INFO: at 59301.138 ms fetching 163.782 ms
INFO: at 59399.151 ms batch [162.143] delay 98.006 ms
INFO: at 59399.151 ms fetching 162.143 ms
INFO: at 59497.164 ms batch [163.618] delay 98.006 ms
INFO: at 59497.164 ms fetching 163.618 ms
INFO: at 59595.174 ms batch [163.268] delay 98.006 ms
INFO: at 59595.174 ms fetching 163.268 ms
INFO: at 59693.182 ms batch [240.866] delay 98.006 ms
INFO: at 59693.182 ms fetching 240.866 ms
INFO: at 59791.199 ms batch [245.094] delay 98.006 ms
INFO: at 59791.199 ms fetching 245.094 ms
INFO: at 59889.208 ms batch [163.222] delay 98.006 ms
INFO: at 59889.208 ms fetching 163.222 ms
INFO: at 59987.221 ms batch [164.043] delay 98.006 ms
INFO: at 59987.221 ms fetching 164.043 ms
INFO: at 60085.233 ms batch [238.460] delay 98.006 ms
INFO: at 60085.233 ms fetching 238.460 ms
INFO: at 60183.247 ms batch [163.806] delay 98.006 ms
INFO: at 60183.247 ms fetching 163.806 ms
INFO: at 60281.256 ms batch [244.466] delay 98.006 ms
INFO: at 60281.256 ms fetching 244.466 ms
INFO: at 60379.266 ms batch [162.446] delay 98.006 ms
INFO: at 60379.266 ms fetching 162.446 ms
INFO: at 60477.279 ms batch [242.688] delay 98.006 ms
INFO: at 60477.279 ms fetching 242.688 ms
INFO: at 60575.292 ms batch [163.241] delay 98.006 ms
INFO: at 60575.292 ms fetching 163.241 ms
INFO: at 60673.305 ms batch [244.054] delay 98.006 ms
INFO: at 60673.305 ms fetching 244.054 ms
INFO: at 60771.317 ms batch [163.748] delay 122.507 ms
INFO: at 60771.317 ms fetching 163.748 ms
INFO: at 60893.831 ms batch [245.760] delay 122.507 ms
INFO: at 60893.831 ms fetching 245.760 ms
INFO: at 61016.344 ms batch [162.348] delay 122.507 ms
INFO: at 61016.344 ms fetching 162.348 ms
INFO: at 61138.858 ms batch [162.943] delay 122.507 ms
INFO: at 61138.858 ms fetching 162.943 ms
INFO: at 61261.369 ms batch [163.251] delay 122.507 ms
INFO: at 61261.369 ms fetching 163.251 ms
INFO: at 61383.880 ms batch [163.639] delay 122.507 ms
INFO: at 61383.880 ms fetching 163.639 ms
INFO: at 61506.393 ms batch [240.557] delay 122.507 ms
INFO: at 61506.393 ms fetching 240.557 ms
INFO: at 61628.903 ms batch [162.841] delay 122.507 ms
INFO: at 61628.903 ms fetching 162.841 ms
INFO: at 61751.418 ms batch [162.838] delay 108.895 ms
INFO: at 61751.418 ms fetching 162.838 ms
INFO: at 61860.322 ms batch [162.358] delay 108.895 ms
INFO: at 61860.322 ms fetching 162.358 ms
INFO: at 61969.223 ms batch [246.036] delay 108.895 ms
INFO: at 61969.223 ms fetching 246.036 ms
INFO: at 62078.123 ms batch [245.635] delay 108.895 ms
INFO: at 62078.123 ms fetching 245.635 ms
INFO: at 62187.021 ms batch [164.228] delay 108.895 ms
INFO: at 62187.021 ms fetching 164.228 ms
INFO: at 62295.922 ms batch [242.697] delay 108.895 ms
INFO: at 62295.922 ms fetching 242.697 ms
INFO: at 62404.823 ms batch [163.483] delay 108.895 ms
INFO: at 62404.823 ms fetching 163.483 ms
INFO: at 62513.722 ms batch [163.108] delay 108.895 ms
INFO: at 62513.722 ms fetching 163.108 ms
INFO: at 62622.621 ms batch [243.130] delay 108.895 ms
INFO: at 62622.621 ms fetching 243.130 ms
INFO: at 62731.523 ms batch [242.865] delay 140.008 ms
INFO: at 62731.523 ms fetching 242.865 ms
INFO: at 62871.534 ms batch [163.900] delay 140.008 ms
INFO: at 62871.534 ms fetching 163.900 ms
INFO: at 63011.544 ms batch [241.569] delay 140.008 ms
INFO: at 63011.544 ms fetching 241.569 ms
INFO: at 63151.556 ms batch [163.787] delay 140.008 ms
INFO: at 63151.556 ms fetching 163.787 ms
INFO: at 63291.567 ms batch [163.282] delay 140.008 ms
INFO: at 63291.567 ms fetching 163.282 ms
INFO: at 63431.577 ms batch [163.471] delay 140.008 ms
INFO: at 63431.577 ms fetching 163.471 ms
INFO: at 63571.588 ms batch [163.119] delay 140.008 ms
INFO: at 63571.588 ms fetching 163.119 ms
INFO: at 63711.599 ms batch [163.174] delay 108.895 ms
INFO: at 63711.599 ms fetching 163.174 ms
INFO: at 63820.498 ms batch [236.785] delay 108.895 ms
INFO: at 63820.498 ms fetching 236.785 ms
INFO: at 63929.395 ms batch [163.423] delay 108.895 ms
INFO: at 63929.395 ms fetching 163.423 ms
INFO: at 64038.293 ms batch [162.497] delay 108.895 ms
INFO: at 64038.293 ms fetching 162.497 ms
INFO: at 64147.194 ms batch [163.773] delay 108.895 ms
INFO: at 64147.194 ms fetching 163.773 ms
INFO: at 64256.091 ms batch [242.440] delay 108.895 ms
INFO: at 64256.091 ms fetching 242.440 ms
INFO: at 64364.988 ms batch [163.032] delay 108.895 ms
INFO: at 64364.988 ms fetching 163.032 ms
INFO: at 64473.888 ms batch [163.486] delay 108.895 ms
INFO: at 64473.888 ms fetching 163.486 ms
INFO: at 64582.785 ms batch [163.191] delay 108.895 ms
INFO: at 64582.785 ms fetching 163.191 ms
INFO: at 64691.683 ms batch [163.389] delay 81.671 ms
INFO: at 64691.683 ms fetching 163.389 ms
INFO: at 64773.356 ms batch [162.919] delay 81.671 ms
INFO: at 64773.356 ms fetching 162.919 ms
INFO: at 64855.033 ms batch [242.478] delay 81.671 ms
INFO: at 64855.033 ms fetching 242.478 ms
INFO: at 64936.707 ms batch [164.034] delay 81.671 ms
INFO: at 64936.707 ms fetching 164.034 ms
INFO: at 65018.381 ms batch [162.645] delay 81.671 ms
INFO: at 65018.381 ms fetching 162.645 ms
INFO: at 65100.055 ms batch [163.097] delay 81.671 ms
INFO: at 65100.055 ms fetching 163.097 ms
INFO: at 65181.729 ms batch [163.791] delay 81.671 ms
INFO: at 65181.729 ms fetching 163.791 ms
INFO: at 65263.405 ms batch [245.114] delay 81.671 ms
INFO: at 65263.405 ms fetching 245.114 ms
INFO: at 65345.079 ms batch [163.306] delay 81.671 ms
INFO: at 65345.079 ms fetching 163.306 ms
INFO: at 65426.754 ms batch [163.079] delay 81.671 ms
INFO: at 65426.754 ms fetching 163.079 ms
INFO: at 65508.428 ms batch [239.172] delay 81.671 ms
INFO: at 65508.428 ms fetching 239.172 ms
INFO: at 65590.101 ms batch [162.901] delay 81.671 ms
INFO: at 65590.101 ms fetching 162.901 ms
INFO: at 65671.775 ms batch [245.814] delay 89.096 ms
INFO: at 65671.775 ms fetching 245.814 ms
INFO: at 65760.874 ms batch [163.606] delay 89.096 ms
INFO: at 65760.874 ms fetching 163.606 ms
INFO: at 65849.982 ms batch [244.985] delay 89.096 ms
INFO: at 65849.982 ms fetching 244.985 ms
INFO: at 65939.081 ms batch [242.032] delay 89.096 ms
INFO: at 65939.081 ms fetching 242.032 ms
INFO: at 66028.180 ms batch [241.630] delay 89.096 ms
INFO: at 66028.180 ms fetching 241.630 ms
INFO: at 66117.280 ms batch [242.507] delay 89.096 ms
INFO: at 66117.280 ms fetching 242.507 ms
INFO: at 66206.378 ms batch [242.902] delay 89.096 ms
INFO: at 66206.378 ms fetching 242.902 ms
INFO: at 66295.477 ms batch [245.536] delay 89.096 ms
INFO: at 66295.477 ms fetching 245.536 ms
INFO: at 66384.576 ms batch [163.599] delay 89.096 ms
INFO: at 66384.576 ms fetching 163.599 ms
INFO: at 66473.674 ms batch [242.932] delay 89.096 ms
INFO: at 66473.674 ms fetching 242.932 ms
INFO: at 66562.773 ms batch [242.648] delay 89.096 ms
INFO: at 66562.773 ms fetching 242.648 ms
INFO: at 66651.871 ms batch [163.027] delay 81.671 ms
INFO: at 66651.871 ms fetching 163.027 ms
INFO: at 66733.549 ms batch [163.100] delay 81.671 ms
INFO: at 66733.549 ms fetching 163.100 ms
INFO: at 66815.225 ms batch [240.413] delay 81.671 ms
INFO: at 66815.225 ms fetching 240.413 ms
INFO: at 66896.900 ms batch [240.458] delay 81.671 ms
INFO: at 66896.900 ms fetching 240.458 ms
INFO: at 66978.577 ms batch [243.310] delay 81.671 ms
INFO: at 66978.577 ms fetching 243.310 ms
INFO: at 67060.254 ms batch [242.884] delay 81.671 ms
INFO: at 67060.254 ms fetching 242.884 ms
INFO: at 67141.928 ms batch [162.716] delay 81.671 ms
INFO: at 67141.928 ms fetching 162.716 ms
INFO: at 67223.606 ms batch [162.622] delay 81.671 ms
INFO: at 67223.606 ms fetching 162.622 ms
INFO: at 67305.282 ms batch [242.578] delay 81.671 ms
INFO: at 67305.282 ms fetching 242.578 ms
INFO: at 67386.957 ms batch [244.916] delay 81.671 ms
INFO: at 67386.957 ms fetching 244.916 ms
INFO: at 67468.636 ms batch [163.552] delay 81.671 ms
INFO: at 67468.636 ms fetching 163.552 ms
INFO: at 67550.314 ms batch [163.621] delay 81.671 ms
INFO: at 67550.314 ms fetching 163.621 ms
INFO: at 67631.992 ms batch [162.988] delay 81.671 ms
INFO: at 67631.992 ms fetching 162.988 ms
INFO: at 67713.672 ms batch [245.376] delay 81.671 ms
INFO: at 67713.672 ms fetching 245.376 ms
INFO: at 67795.349 ms batch [163.270] delay 81.671 ms
INFO: at 67795.349 ms fetching 163.270 ms
INFO: at 67877.024 ms batch [241.748] delay 81.671 ms
INFO: at 67877.024 ms fetching 241.748 ms
INFO: at 67958.702 ms batch [163.652] delay 81.671 ms
INFO: at 67958.702 ms fetching 163.652 ms
INFO: at 68040.380 ms batch [163.035] delay 81.671 ms
INFO: at 68040.380 ms fetching 163.035 ms
INFO: at 68122.056 ms batch [164.361] delay 81.671 ms
INFO: at 68122.056 ms fetching 164.361 ms
INFO: at 68203.733 ms batch [162.651] delay 81.671 ms
INFO: at 68203.733 ms fetching 162.651 ms
INFO: at 68285.410 ms batch [163.095] delay 81.671 ms
INFO: at 68285.410 ms fetching 163.095 ms
INFO: at 68367.088 ms batch [162.731] delay 81.671 ms
INFO: at 68367.088 ms fetching 162.731 ms
INFO: at 68448.762 ms batch [162.687] delay 81.671 ms
INFO: at 68448.762 ms fetching 162.687 ms
INFO: at 68530.438 ms batch [162.612] delay 81.671 ms
INFO: at 68530.438 ms fetching 162.612 ms
INFO: at 68612.116 ms batch [239.051] delay 65.337 ms
INFO: at 68612.116 ms fetching 239.051 ms
INFO: at 68677.461 ms batch [242.341] delay 65.337 ms
INFO: at 68677.461 ms fetching 242.341 ms
INFO: at 68742.800 ms batch [162.844] delay 65.337 ms
INFO: at 68742.800 ms fetching 162.844 ms
INFO: at 68808.140 ms batch [244.865] delay 65.337 ms
INFO: at 68808.140 ms fetching 244.865 ms
INFO: at 68873.479 ms batch [241.393] delay 65.337 ms
INFO: at 68873.479 ms fetching 241.393 ms
INFO: at 68938.819 ms batch [240.881] delay 65.337 ms
INFO: at 68938.819 ms fetching 240.881 ms
INFO: at 69004.158 ms batch [162.831] delay 65.337 ms
INFO: at 69004.158 ms fetching 162.831 ms
INFO: at 69069.499 ms batch [162.814] delay 65.337 ms
INFO: at 69069.499 ms fetching 162.814 ms
INFO: at 69134.842 ms batch [163.579] delay 65.337 ms
INFO: at 69134.842 ms fetching 163.579 ms
INFO: at 69200.186 ms batch [162.695] delay 65.337 ms
INFO: at 69200.186 ms fetching 162.695 ms
INFO: at 69265.535 ms batch [162.542] delay 65.337 ms
INFO: at 69265.535 ms fetching 162.542 ms
INFO: at 69330.882 ms batch [245.076] delay 65.337 ms
INFO: at 69330.882 ms fetching 245.076 ms
INFO: at 69396.226 ms batch [163.332] delay 65.337 ms
INFO: at 69396.226 ms fetching 163.332 ms
INFO: at 69461.569 ms batch [242.893] delay 65.337 ms
INFO: at 69461.569 ms fetching 242.893 ms
INFO: at 69526.912 ms batch [241.818] delay 65.337 ms
INFO: at 69526.912 ms fetching 241.818 ms
INFO: at 69592.258 ms batch [242.677] delay 122.507 ms
INFO: at 69592.258 ms fetching 242.677 ms
INFO: at 69714.771 ms batch [243.612] delay 122.507 ms
INFO: at 69714.771 ms fetching 243.612 ms
INFO: at 69837.284 ms batch [242.274] delay 122.507 ms
INFO: at 69837.284 ms fetching 242.274 ms
INFO: at 69959.796 ms batch [162.922] delay 122.507 ms
INFO: at 69959.796 ms fetching 162.922 ms
INFO: at 70082.314 ms batch [242.797] delay 122.507 ms
INFO: at 70082.314 ms fetching 242.797 ms
INFO: at 70204.830 ms batch [162.227] delay 122.507 ms
INFO: at 70204.830 ms fetching 162.227 ms
INFO: at 70327.341 ms batch [239.980] delay 122.507 ms
INFO: at 70327.341 ms fetching 239.980 ms
INFO: at 70449.856 ms batch [163.645] delay 122.507 ms
INFO: at 70449.856 ms fetching 163.645 ms
INFO: at 70572.370 ms batch [248.246] delay 98.006 ms
INFO: at 70572.370 ms fetching 248.246 ms
INFO: at 70670.378 ms batch [244.439] delay 98.006 ms
INFO: at 70670.378 ms fetching 244.439 ms
INFO: at 70768.386 ms batch [246.388] delay 98.006 ms
INFO: at 70768.386 ms fetching 246.388 ms
INFO: at 70866.399 ms batch [242.075] delay 98.006 ms
INFO: at 70866.399 ms fetching 242.075 ms
INFO: at 70964.410 ms batch [162.583] delay 98.006 ms
INFO: at 70964.410 ms fetching 162.583 ms
INFO: at 71062.420 ms batch [163.189] delay 98.006 ms
INFO: at 71062.420 ms fetching 163.189 ms
INFO: at 71160.429 ms batch [245.215] delay 98.006 ms
INFO: at 71160.429 ms fetching 245.215 ms
INFO: at 71258.441 ms batch [163.740] delay 98.006 ms
INFO: at 71258.441 ms fetching 163.740 ms
INFO: at 71356.454 ms batch [242.942] delay 98.006 ms
INFO: at 71356.454 ms fetching 242.942 ms
INFO: at 71454.465 ms batch [243.536] delay 98.006 ms
INFO: at 71454.465 ms fetching 243.536 ms
INFO: at 71552.476 ms batch [243.069] delay 108.895 ms
INFO: at 71552.476 ms fetching 243.069 ms
INFO: at 71661.375 ms batch [163.395] delay 108.895 ms
INFO: at 71661.375 ms fetching 163.395 ms
INFO: at 71770.276 ms batch [163.913] delay 108.895 ms
INFO: at 71770.276 ms fetching 163.913 ms
INFO: at 71879.176 ms batch [163.350] delay 108.895 ms
INFO: at 71879.176 ms fetching 163.350 ms
INFO: at 71988.075 ms batch [162.567] delay 108.895 ms
INFO: at 71988.075 ms fetching 162.567 ms
INFO: at 72096.973 ms batch [244.006] delay 108.895 ms
INFO: at 72096.973 ms fetching 244.006 ms
INFO: at 72205.875 ms batch [163.531] delay 108.895 ms
INFO: at 72205.875 ms fetching 163.531 ms
INFO: at 72314.775 ms batch [163.928] delay 108.895 ms
INFO: at 72314.775 ms fetching 163.928 ms
INFO: at 72423.675 ms batch [237.400] delay 108.895 ms
INFO: at 72423.675 ms fetching 237.400 ms
INFO: at 72532.575 ms batch [163.186] delay 81.671 ms
INFO: at 72532.575 ms fetching 163.186 ms
INFO: at 72614.250 ms batch [244.755] delay 81.671 ms
INFO: at 72614.250 ms fetching 244.755 ms
INFO: at 72695.930 ms batch [164.250] delay 81.671 ms
INFO: at 72695.930 ms fetching 164.250 ms
INFO: at 72777.605 ms batch [163.474] delay 81.671 ms
INFO: at 72777.605 ms fetching 163.474 ms
INFO: at 72859.283 ms batch [162.934] delay 81.671 ms
INFO: at 72859.283 ms fetching 162.934 ms
INFO: at 72940.958 ms batch [241.479] delay 81.671 ms
INFO: at 72940.958 ms fetching 241.479 ms
INFO: at 73022.636 ms batch [243.020] delay 81.671 ms
INFO: at 73022.636 ms fetching 243.020 ms
INFO: at 73104.311 ms batch [162.665] delay 81.671 ms
INFO: at 73104.311 ms fetching 162.665 ms
INFO: at 73185.987 ms batch [163.319] delay 81.671 ms
INFO: at 73185.987 ms fetching 163.319 ms
INFO: at 73267.664 ms batch [161.858] delay 81.671 ms
INFO: at 73267.664 ms fetching 161.858 ms
INFO: at 73349.341 ms batch [163.375] delay 81.671 ms
INFO: at 73349.341 ms fetching 163.375 ms
INFO: at 73431.020 ms batch [239.822] delay 81.671 ms
INFO: at 73431.020 ms fetching 239.822 ms
INFO: at 73512.703 ms batch [162.504] delay 49.003 ms
INFO: at 73512.703 ms fetching 162.504 ms
INFO: at 73561.710 ms batch [163.844] delay 49.003 ms
INFO: at 73561.710 ms fetching 163.844 ms
INFO: at 73610.721 ms batch [163.291] delay 49.003 ms
INFO: at 73610.721 ms fetching 163.291 ms
INFO: at 73659.729 ms batch [162.977] delay 49.003 ms
INFO: at 73659.729 ms fetching 162.977 ms
INFO: at 73708.738 ms batch [162.599] delay 49.003 ms
INFO: at 73708.738 ms fetching 162.599 ms
INFO: at 73757.751 ms batch [243.493] delay 49.003 ms
INFO: at 73757.751 ms fetching 243.493 ms
INFO: at 73806.757 ms batch [163.232] delay 49.003 ms
INFO: at 73806.757 ms fetching 163.232 ms
INFO: at 73855.764 ms batch [163.312] delay 49.003 ms
INFO: at 73855.764 ms fetching 163.312 ms
INFO: at 73904.770 ms batch [163.549] delay 49.003 ms
INFO: at 73904.770 ms fetching 163.549 ms
INFO: at 73953.776 ms batch [163.326] delay 49.003 ms
INFO: at 73953.776 ms fetching 163.326 ms
INFO: at 74002.783 ms batch [241.435] delay 49.003 ms
INFO: at 74002.783 ms fetching 241.435 ms
INFO: at 74051.790 ms batch [164.025] delay 49.003 ms
INFO: at 74051.790 ms fetching 164.025 ms
INFO: at 74100.795 ms batch [162.422] delay 49.003 ms
INFO: at 74100.795 ms fetching 162.422 ms
INFO: at 74149.802 ms batch [163.334] delay 49.003 ms
INFO: at 74149.802 ms fetching 163.334 ms
INFO: at 74198.810 ms batch [162.868] delay 49.003 ms
INFO: at 74198.810 ms fetching 162.868 ms
INFO: at 74247.818 ms batch [242.488] delay 49.003 ms
INFO: at 74247.818 ms fetching 242.488 ms
INFO: at 74296.825 ms batch [243.466] delay 49.003 ms
INFO: at 74296.825 ms fetching 243.466 ms
INFO: at 74345.831 ms batch [242.767] delay 49.003 ms
INFO: at 74345.831 ms fetching 242.767 ms
INFO: at 74394.838 ms batch [243.371] delay 49.003 ms
INFO: at 74394.838 ms fetching 243.371 ms
INFO: at 74443.846 ms batch [163.259] delay 49.003 ms
INFO: at 74443.846 ms fetching 163.259 ms
INFO: at 74492.858 ms batch [243.866] delay 89.096 ms
INFO: at 74492.858 ms fetching 243.866 ms
INFO: at 74581.958 ms batch [239.271] delay 89.096 ms
INFO: at 74581.958 ms fetching 239.271 ms
INFO: at 74671.062 ms batch [163.001] delay 89.096 ms
INFO: at 74671.062 ms fetching 163.001 ms
INFO: at 74760.173 ms batch [243.936] delay 89.096 ms
INFO: at 74760.173 ms fetching 243.936 ms
INFO: at 74849.275 ms batch [163.432] delay 89.096 ms
INFO: at 74849.275 ms fetching 163.432 ms
INFO: at 74938.376 ms batch [243.845] delay 89.096 ms
INFO: at 74938.376 ms fetching 243.845 ms
INFO: at 75027.476 ms batch [241.653] delay 89.096 ms
INFO: at 75027.476 ms fetching 241.653 ms
INFO: at 75116.576 ms batch [162.691] delay 89.096 ms
INFO: at 75116.576 ms fetching 162.691 ms
INFO: at 75205.676 ms batch [245.846] delay 89.096 ms
INFO: at 75205.676 ms fetching 245.846 ms
INFO: at 75294.777 ms batch [163.016] delay 89.096 ms
INFO: at 75294.777 ms fetching 163.016 ms
INFO: at 75383.879 ms batch [241.907] delay 89.096 ms
INFO: at 75383.879 ms fetching 241.907 ms
INFO: at 75472.981 ms batch [242.638] delay 122.507 ms
INFO: at 75472.981 ms fetching 242.638 ms
INFO: at 75595.494 ms batch [240.707] delay 122.507 ms
INFO: at 75595.494 ms fetching 240.707 ms
INFO: at 75718.009 ms batch [163.139] delay 122.507 ms
INFO: at 75718.009 ms fetching 163.139 ms
INFO: at 75840.520 ms batch [240.912] delay 122.507 ms
INFO: at 75840.520 ms fetching 240.912 ms
INFO: at 75963.030 ms batch [242.528] delay 122.507 ms
INFO: at 75963.030 ms fetching 242.528 ms
INFO: at 76085.539 ms batch [243.728] delay 122.507 ms
INFO: at 76085.539 ms fetching 243.728 ms
INFO: at 76208.048 ms batch [241.355] delay 122.507 ms
INFO: at 76208.048 ms fetching 241.355 ms
INFO: at 76330.562 ms batch [162.765] delay 122.507 ms
INFO: at 76330.562 ms fetching 162.765 ms
INFO: at 76453.077 ms batch [163.286] delay 122.507 ms
INFO: at 76453.077 ms fetching 163.286 ms
INFO: at 76575.589 ms batch [162.882] delay 122.507 ms
INFO: at 76575.589 ms fetching 162.882 ms
INFO: at 76698.101 ms batch [163.555] delay 122.507 ms
INFO: at 76698.101 ms fetching 163.555 ms
INFO: at 76820.611 ms batch [240.538] delay 122.507 ms
INFO: at 76820.611 ms fetching 240.538 ms
INFO: at 76943.124 ms batch [162.969] delay 122.507 ms
INFO: at 76943.124 ms fetching 162.969 ms
INFO: at 77065.637 ms batch [242.086] delay 122.507 ms
INFO: at 77065.637 ms fetching 242.086 ms
INFO: at 77188.152 ms batch [242.588] delay 122.507 ms
INFO: at 77188.152 ms fetching 242.588 ms
INFO: at 77310.664 ms batch [241.421] delay 122.507 ms
INFO: at 77310.664 ms fetching 241.421 ms
INFO: at 77433.177 ms batch [242.283] delay 89.096 ms
INFO: at 77433.177 ms fetching 242.283 ms
INFO: at 77522.279 ms batch [244.651] delay 89.096 ms
INFO: at 77522.279 ms fetching 244.651 ms
INFO: at 77611.381 ms batch [162.795] delay 89.096 ms
INFO: at 77611.381 ms fetching 162.795 ms
INFO: at 77700.485 ms batch [162.707] delay 89.096 ms
INFO: at 77700.485 ms fetching 162.707 ms
INFO: at 77789.587 ms batch [163.409] delay 89.096 ms
INFO: at 77789.587 ms fetching 163.409 ms
INFO: at 77878.687 ms batch [241.617] delay 89.096 ms
INFO: at 77878.687 ms fetching 241.617 ms
INFO: at 77967.789 ms batch [163.024] delay 89.096 ms
INFO: at 77967.789 ms fetching 163.024 ms
INFO: at 78056.888 ms batch [163.279] delay 89.096 ms
INFO: at 78056.888 ms fetching 163.279 ms
INFO: at 78145.989 ms batch [243.716] delay 89.096 ms
INFO: at 78145.989 ms fetching 243.716 ms
INFO: at 78235.089 ms batch [242.718] delay 89.096 ms
INFO: at 78235.089 ms fetching 242.718 ms
INFO: at 78324.193 ms batch [162.994] delay 89.096 ms
INFO: at 78324.193 ms fetching 162.994 ms
INFO: at 78413.292 ms batch [239.919] delay 70.004 ms
INFO: at 78413.292 ms fetching 239.919 ms
INFO: at 78483.304 ms batch [162.632] delay 70.004 ms
INFO: at 78483.304 ms fetching 162.632 ms
INFO: at 78553.313 ms batch [162.455] delay 70.004 ms
INFO: at 78553.313 ms fetching 162.455 ms
INFO: at 78623.320 ms batch [243.483] delay 70.004 ms
INFO: at 78623.320 ms fetching 243.483 ms
INFO: at 78693.328 ms batch [241.326] delay 70.004 ms
INFO: at 78693.328 ms fetching 241.326 ms
INFO: at 78763.338 ms batch [163.249] delay 70.004 ms
INFO: at 78763.338 ms fetching 163.249 ms
INFO: at 78833.344 ms batch [245.878] delay 70.004 ms
INFO: at 78833.344 ms fetching 245.878 ms
INFO: at 78903.356 ms batch [242.998] delay 70.004 ms
INFO: at 78903.356 ms fetching 242.998 ms
INFO: at 78973.364 ms batch [245.613] delay 70.004 ms
INFO: at 78973.364 ms fetching 245.613 ms
INFO: at 79043.374 ms batch [245.192] delay 70.004 ms
INFO: at 79043.374 ms fetching 245.192 ms
INFO: at 79113.384 ms batch [163.246] delay 70.004 ms
INFO: at 79113.384 ms fetching 163.246 ms
INFO: at 79183.394 ms batch [245.934] delay 70.004 ms
INFO: at 79183.394 ms fetching 245.934 ms
INFO: at 79253.402 ms batch [243.050] delay 70.004 ms
INFO: at 79253.402 ms fetching 243.050 ms
INFO: at 79323.412 ms batch [163.030] delay 70.004 ms
INFO: at 79323.412 ms fetching 163.030 ms
INFO: at 79393.421 ms batch [162.287] delay 89.096 ms
INFO: at 79393.421 ms fetching 162.287 ms
INFO: at 79482.522 ms batch [244.226] delay 89.096 ms
INFO: at 79482.522 ms fetching 244.226 ms
INFO: at 79571.625 ms batch [163.172] delay 89.096 ms
INFO: at 79571.625 ms fetching 163.172 ms
INFO: at 79660.727 ms batch [241.581] delay 89.096 ms
INFO: at 79660.727 ms fetching 241.581 ms
INFO: at 79749.830 ms batch [243.739] delay 89.096 ms
INFO: at 79749.830 ms fetching 243.739 ms
INFO: at 79838.930 ms batch [240.946] delay 89.096 ms
INFO: at 79838.930 ms fetching 240.946 ms
INFO: at 79928.031 ms batch [242.668] delay 89.096 ms
INFO: at 79928.031 ms fetching 242.668 ms
INFO: at 80017.130 ms batch [162.413] delay 89.096 ms
INFO: at 80017.130 ms fetching 162.413 ms
INFO: at 80106.232 ms batch [243.677] delay 89.096 ms
INFO: at 80106.232 ms fetching 243.677 ms
INFO: at 80195.331 ms batch [163.406] delay 89.096 ms
INFO: at 80195.331 ms fetching 163.406 ms
INFO: at 80284.429 ms batch [163.743] delay 89.096 ms
INFO: at 80284.429 ms fetching 163.743 ms
INFO: at 80373.534 ms batch [163.257] delay 108.895 ms
INFO: at 80373.534 ms fetching 163.257 ms
INFO: at 80482.432 ms batch [244.343] delay 108.895 ms
INFO: at 80482.432 ms fetching 244.343 ms
INFO: at 80591.333 ms batch [162.828] delay 108.895 ms
INFO: at 80591.333 ms fetching 162.828 ms
INFO: at 80700.233 ms batch [239.218] delay 108.895 ms
INFO: at 80700.233 ms fetching 239.218 ms
INFO: at 80809.134 ms batch [163.516] delay 108.895 ms
INFO: at 80809.134 ms fetching 163.516 ms
INFO: at 80918.033 ms batch [244.612] delay 108.895 ms
INFO: at 80918.033 ms fetching 244.612 ms
INFO: at 81026.931 ms batch [163.921] delay 108.895 ms
INFO: at 81026.931 ms fetching 163.921 ms
INFO: at 81135.830 ms batch [163.768] delay 108.895 ms
INFO: at 81135.830 ms fetching 163.768 ms
INFO: at 81244.728 ms batch [242.385] delay 108.895 ms
INFO: at 81244.728 ms fetching 242.385 ms
INFO: at 81353.626 ms batch [164.075] delay 89.096 ms
INFO: at 81353.626 ms fetching 164.075 ms
INFO: at 81442.727 ms batch [244.586] delay 89.096 ms
INFO: at 81442.727 ms fetching 244.586 ms
INFO: at 81531.829 ms batch [238.845] delay 89.096 ms
INFO: at 81531.829 ms fetching 238.845 ms
INFO: at 81620.931 ms batch [244.709] delay 89.096 ms
INFO: at 81620.931 ms fetching 244.709 ms
INFO: at 81710.032 ms batch [163.539] delay 89.096 ms
INFO: at 81710.032 ms fetching 163.539 ms
INFO: at 81799.136 ms batch [163.367] delay 89.096 ms
INFO: at 81799.136 ms fetching 163.367 ms
INFO: at 81888.237 ms batch [163.562] delay 89.096 ms
INFO: at 81888.237 ms fetching 163.562 ms
INFO: at 81977.339 ms batch [163.943] delay 89.096 ms
INFO: at 81977.339 ms fetching 163.943 ms
INFO: at 82066.439 ms batch [240.033] delay 89.096 ms
INFO: at 82066.439 ms fetching 240.033 ms
INFO: at 82155.540 ms batch [240.479] delay 89.096 ms
INFO: at 82155.540 ms fetching 240.479 ms
INFO: at 82244.641 ms batch [243.505] delay 89.096 ms
INFO: at 82244.641 ms fetching 243.505 ms
INFO: at 82333.740 ms batch [245.336] delay 81.671 ms
INFO: at 82333.740 ms fetching 245.336 ms
INFO: at 82415.416 ms batch [241.037] delay 81.671 ms
INFO: at 82415.416 ms fetching 241.037 ms
INFO: at 82497.092 ms batch [241.841] delay 81.671 ms
INFO: at 82497.092 ms fetching 241.841 ms
INFO: at 82578.768 ms batch [163.004] delay 81.671 ms
INFO: at 82578.768 ms fetching 163.004 ms
INFO: at 82660.445 ms batch [163.122] delay 81.671 ms
INFO: at 82660.445 ms fetching 163.122 ms
INFO: at 82742.121 ms batch [163.575] delay 81.671 ms
INFO: at 82742.121 ms fetching 163.575 ms
INFO: at 82823.797 ms batch [243.171] delay 81.671 ms
INFO: at 82823.797 ms fetching 243.171 ms
INFO: at 82905.472 ms batch [162.946] delay 81.671 ms
INFO: at 82905.472 ms fetching 162.946 ms
INFO: at 82987.148 ms batch [244.543] delay 81.671 ms
INFO: at 82987.148 ms fetching 244.543 ms
INFO: at 83068.823 ms batch [162.911] delay 81.671 ms
INFO: at 83068.823 ms fetching 162.911 ms
INFO: at 83150.502 ms batch [243.141] delay 81.671 ms
INFO: at 83150.502 ms fetching 243.141 ms
INFO: at 83232.180 ms batch [241.887] delay 81.671 ms
INFO: at 83232.180 ms fetching 241.887 ms
INFO: at 83313.858 ms batch [163.059] delay 89.096 ms
INFO: at 83313.858 ms fetching 163.059 ms
INFO: at 83402.960 ms batch [242.417] delay 89.096 ms
INFO: at 83402.960 ms fetching 242.417 ms
INFO: at 83492.064 ms batch [163.181] delay 89.096 ms
INFO: at 83492.064 ms fetching 163.181 ms
INFO: at 83581.166 ms batch [162.761] delay 89.096 ms
INFO: at 83581.166 ms fetching 162.761 ms
INFO: at 83670.266 ms batch [246.761] delay 89.096 ms
INFO: at 83670.266 ms fetching 246.761 ms
INFO: at 83759.368 ms batch [162.894] delay 89.096 ms
INFO: at 83759.368 ms fetching 162.894 ms
INFO: at 83848.466 ms batch [244.066] delay 89.096 ms
INFO: at 83848.466 ms fetching 244.066 ms
INFO: at 83937.569 ms batch [162.641] delay 89.096 ms
INFO: at 83937.569 ms fetching 162.641 ms
INFO: at 84026.669 ms batch [163.501] delay 89.096 ms
INFO: at 84026.669 ms fetching 163.501 ms
INFO: at 84115.770 ms batch [241.115] delay 89.096 ms
INFO: at 84115.770 ms fetching 241.115 ms
INFO: at 84204.871 ms batch [241.679] delay 89.096 ms
INFO: at 84204.871 ms fetching 241.679 ms
INFO: at 84293.970 ms batch [163.801] delay 65.337 ms
INFO: at 84293.970 ms fetching 163.801 ms
INFO: at 84359.309 ms batch [163.144] delay 65.337 ms
INFO: at 84359.309 ms fetching 163.144 ms
INFO: at 84424.649 ms batch [164.276] delay 65.337 ms
INFO: at 84424.649 ms fetching 164.276 ms
INFO: at 84489.988 ms batch [162.312] delay 65.337 ms
INFO: at 84489.988 ms fetching 162.312 ms
INFO: at 84555.328 ms batch [163.990] delay 65.337 ms
INFO: at 84555.328 ms fetching 163.990 ms
INFO: at 84620.667 ms batch [241.808] delay 65.337 ms
INFO: at 84620.667 ms fetching 241.808 ms
INFO: at 84686.007 ms batch [163.586] delay 65.337 ms
INFO: at 84686.007 ms fetching 163.586 ms
INFO: at 84751.347 ms batch [243.771] delay 65.337 ms
INFO: at 84751.347 ms fetching 243.771 ms
INFO: at 84816.687 ms batch [243.957] delay 65.337 ms
INFO: at 84816.687 ms fetching 243.957 ms
INFO: at 84882.027 ms batch [163.706] delay 65.337 ms
INFO: at 84882.027 ms fetching 163.706 ms
INFO: at 84947.366 ms batch [162.555] delay 65.337 ms
INFO: at 84947.366 ms fetching 162.555 ms
INFO: at 85012.705 ms batch [163.009] delay 65.337 ms
INFO: at 85012.705 ms fetching 163.009 ms
INFO: at 85078.051 ms batch [163.309] delay 65.337 ms
INFO: at 85078.051 ms fetching 163.309 ms
INFO: at 85143.395 ms batch [238.663] delay 65.337 ms
INFO: at 85143.395 ms fetching 238.663 ms
INFO: at 85208.735 ms batch [243.792] delay 65.337 ms
INFO: at 85208.735 ms fetching 243.792 ms
INFO: at 85274.076 ms batch [243.833] delay 108.895 ms
INFO: at 85274.076 ms fetching 243.833 ms
INFO: at 85382.978 ms batch [162.608] delay 108.895 ms
INFO: at 85382.978 ms fetching 162.608 ms
INFO: at 85491.881 ms batch [163.873] delay 108.895 ms
INFO: at 85491.881 ms fetching 163.873 ms
INFO: at 85600.780 ms batch [164.447] delay 108.895 ms
INFO: at 85600.780 ms fetching 164.447 ms
INFO: at 85709.679 ms batch [242.097] delay 108.895 ms
INFO: at 85709.679 ms fetching 242.097 ms
INFO: at 85818.593 ms batch [239.321] delay 108.895 ms
INFO: at 85818.593 ms fetching 239.321 ms
INFO: at 85927.492 ms batch [241.606] delay 108.895 ms
INFO: at 85927.492 ms fetching 241.606 ms
INFO: at 86036.403 ms batch [238.557] delay 108.895 ms
INFO: at 86036.403 ms fetching 238.557 ms
INFO: at 86145.302 ms batch [243.664] delay 108.895 ms
INFO: at 86145.302 ms fetching 243.664 ms
INFO: at 86254.204 ms batch [163.838] delay 98.006 ms
INFO: at 86254.204 ms fetching 163.838 ms
INFO: at 86352.213 ms batch [163.906] delay 98.006 ms
INFO: at 86352.213 ms fetching 163.906 ms
INFO: at 86450.221 ms batch [240.851] delay 98.006 ms
INFO: at 86450.221 ms fetching 240.851 ms
INFO: at 86548.229 ms batch [244.353] delay 98.006 ms
INFO: at 86548.229 ms fetching 244.353 ms
INFO: at 86646.238 ms batch [246.426] delay 98.006 ms
INFO: at 86646.238 ms fetching 246.426 ms
INFO: at 86744.247 ms batch [243.320] delay 98.006 ms
INFO: at 86744.247 ms fetching 243.320 ms
INFO: at 86842.258 ms batch [163.149] delay 98.006 ms
INFO: at 86842.258 ms fetching 163.149 ms
INFO: at 86940.268 ms batch [241.191] delay 98.006 ms
INFO: at 86940.268 ms fetching 241.191 ms
INFO: at 87038.278 ms batch [243.803] delay 98.006 ms
INFO: at 87038.278 ms fetching 243.803 ms
INFO: at 87136.289 ms batch [162.703] delay 98.006 ms
INFO: at 87136.289 ms fetching 162.703 ms
INFO: at 87234.297 ms batch [163.018] delay 89.096 ms
INFO: at 87234.297 ms fetching 163.018 ms
INFO: at 87323.396 ms batch [240.517] delay 89.096 ms
INFO: at 87323.396 ms fetching 240.517 ms
INFO: at 87412.494 ms batch [162.511] delay 89.096 ms
INFO: at 87412.494 ms fetching 162.511 ms
INFO: at 87501.593 ms batch [244.554] delay 89.096 ms
INFO: at 87501.593 ms fetching 244.554 ms
INFO: at 87590.696 ms batch [246.138] delay 89.096 ms
INFO: at 87590.696 ms fetching 246.138 ms
INFO: at 87679.799 ms batch [162.885] delay 89.096 ms
INFO: at 87679.799 ms fetching 162.885 ms
INFO: at 87768.903 ms batch [247.342] delay 89.096 ms
INFO: at 87768.903 ms fetching 247.342 ms
INFO: at 87858.002 ms batch [239.788] delay 89.096 ms
INFO: at 87858.002 ms fetching 239.788 ms
INFO: at 87947.104 ms batch [162.670] delay 89.096 ms
INFO: at 87947.104 ms fetching 162.670 ms
INFO: at 88036.206 ms batch [240.896] delay 89.096 ms
INFO: at 88036.206 ms fetching 240.896 ms
INFO: at 88125.311 ms batch [163.685] delay 89.096 ms
INFO: at 88125.311 ms fetching 163.685 ms
INFO: at 88214.410 ms batch [162.675] delay 75.389 ms
INFO: at 88214.410 ms fetching 162.675 ms
INFO: at 88289.803 ms batch [162.683] delay 75.389 ms
INFO: at 88289.803 ms fetching 162.683 ms
INFO: at 88365.198 ms batch [164.016] delay 75.389 ms
INFO: at 88365.198 ms fetching 164.016 ms
INFO: at 88440.591 ms batch [241.689] delay 75.389 ms
INFO: at 88440.591 ms fetching 241.689 ms
INFO: at 88515.987 ms batch [162.986] delay 75.389 ms
INFO: at 88515.987 ms fetching 162.986 ms
INFO: at 88591.381 ms batch [242.332] delay 75.389 ms
INFO: at 88591.381 ms fetching 242.332 ms
INFO: at 88666.775 ms batch [163.064] delay 75.389 ms
INFO: at 88666.775 ms fetching 163.064 ms
INFO: at 88742.169 ms batch [163.510] delay 75.389 ms
INFO: at 88742.169 ms fetching 163.510 ms
INFO: at 88817.560 ms batch [163.731] delay 75.389 ms
INFO: at 88817.560 ms fetching 163.731 ms
INFO: at 88892.952 ms batch [163.518] delay 75.389 ms
INFO: at 88892.952 ms fetching 163.518 ms
INFO: at 88968.344 ms batch [241.203] delay 75.389 ms
INFO: at 88968.344 ms fetching 241.203 ms
INFO: at 89043.736 ms batch [241.450] delay 75.389 ms
INFO: at 89043.736 ms fetching 241.450 ms
INFO: at 89119.128 ms batch [162.783] delay 75.389 ms
INFO: at 89119.128 ms fetching 162.783 ms
INFO: at 89194.520 ms batch [242.351] delay 70.004 ms
INFO: at 89194.520 ms fetching 242.351 ms
INFO: at 89264.526 ms batch [247.042] delay 70.004 ms
INFO: at 89264.526 ms fetching 247.042 ms
INFO: at 89334.533 ms batch [243.993] delay 70.004 ms
INFO: at 89334.533 ms fetching 243.993 ms
INFO: at 89404.539 ms batch [244.664] delay 70.004 ms
INFO: at 89404.539 ms fetching 244.664 ms
INFO: at 89474.547 ms batch [162.805] delay 70.004 ms
INFO: at 89474.547 ms fetching 162.805 ms
INFO: at 89544.557 ms batch [240.086] delay 70.004 ms
INFO: at 89544.557 ms fetching 240.086 ms
INFO: at 89614.564 ms batch [164.116] delay 70.004 ms
INFO: at 89614.564 ms fetching 164.116 ms
INFO: at 89684.572 ms batch [239.753] delay 70.004 ms
INFO: at 89684.572 ms fetching 239.753 ms
INFO: at 89754.582 ms batch [163.528] delay 70.004 ms
INFO: at 89754.582 ms fetching 163.528 ms
INFO: at 89824.593 ms batch [240.629] delay 70.004 ms
INFO: at 89824.593 ms fetching 240.629 ms
INFO: at 89894.600 ms batch [163.043] delay 70.004 ms
INFO: at 89894.600 ms fetching 163.043 ms
INFO: at 89964.611 ms batch [245.294] delay 70.004 ms
INFO: at 89964.611 ms fetching 245.294 ms
INFO: at 90034.621 ms batch [243.889] delay 70.004 ms
INFO: at 90034.621 ms fetching 243.889 ms
INFO: at 90104.633 ms batch [163.401] delay 70.004 ms
INFO: at 90104.633 ms fetching 163.401 ms
INFO: at 90174.644 ms batch [241.759] delay 89.096 ms
INFO: at 90174.644 ms fetching 241.759 ms
INFO: at 90263.742 ms batch [245.970] delay 89.096 ms
INFO: at 90263.742 ms fetching 245.970 ms
INFO: at 90352.840 ms batch [243.557] delay 89.096 ms
INFO: at 90352.840 ms fetching 243.557 ms
INFO: at 90441.939 ms batch [239.677] delay 89.096 ms
INFO: at 90441.939 ms fetching 239.677 ms
INFO: at 90531.038 ms batch [163.084] delay 89.096 ms
INFO: at 90531.038 ms fetching 163.084 ms
INFO: at 90620.136 ms batch [243.981] delay 89.096 ms
INFO: at 90620.136 ms fetching 243.981 ms
INFO: at 90709.235 ms batch [242.874] delay 89.096 ms
INFO: at 90709.235 ms fetching 242.874 ms
INFO: at 90798.333 ms batch [242.450] delay 89.096 ms
INFO: at 90798.333 ms fetching 242.450 ms
INFO: at 90887.436 ms batch [241.099] delay 89.096 ms
INFO: at 90887.436 ms fetching 241.099 ms
INFO: at 90976.534 ms batch [162.875] delay 89.096 ms
INFO: at 90976.534 ms fetching 162.875 ms
INFO: at 91065.636 ms batch [244.317] delay 89.096 ms
INFO: at 91065.636 ms fetching 244.317 ms
INFO: at 91154.739 ms batch [241.287] delay 98.006 ms
INFO: at 91154.739 ms fetching 241.287 ms
INFO: at 91252.747 ms batch [162.775] delay 98.006 ms
INFO: at 91252.747 ms fetching 162.775 ms
INFO: at 91350.759 ms batch [163.777] delay 98.006 ms
INFO: at 91350.759 ms fetching 163.777 ms
INFO: at 91448.773 ms batch [240.928] delay 98.006 ms
INFO: at 91448.773 ms fetching 240.928 ms
INFO: at 91546.785 ms batch [163.372] delay 98.006 ms
INFO: at 91546.785 ms fetching 163.372 ms
INFO: at 91644.793 ms batch [162.468] delay 98.006 ms
INFO: at 91644.793 ms fetching 162.468 ms
INFO: at 91742.805 ms batch [163.236] delay 98.006 ms
INFO: at 91742.805 ms fetching 163.236 ms
INFO: at 91840.817 ms batch [243.162] delay 98.006 ms
INFO: at 91840.817 ms fetching 243.162 ms
INFO: at 91938.830 ms batch [246.254] delay 98.006 ms
INFO: at 91938.830 ms fetching 246.254 ms
INFO: at 92036.846 ms batch [244.304] delay 98.006 ms
INFO: at 92036.846 ms fetching 244.304 ms
INFO: at 92134.857 ms batch [162.524] delay 70.004 ms
INFO: at 92134.857 ms fetching 162.524 ms
INFO: at 92204.864 ms batch [164.173] delay 70.004 ms
INFO: at 92204.864 ms fetching 164.173 ms
INFO: at 92274.873 ms batch [241.899] delay 70.004 ms
INFO: at 92274.873 ms fetching 241.899 ms
INFO: at 92344.880 ms batch [163.369] delay 70.004 ms
INFO: at 92344.880 ms fetching 163.369 ms
INFO: at 92414.888 ms batch [244.497] delay 70.004 ms
INFO: at 92414.888 ms fetching 244.497 ms
INFO: at 92484.896 ms batch [245.591] delay 70.004 ms
INFO: at 92484.896 ms fetching 245.591 ms
INFO: at 92554.903 ms batch [163.132] delay 70.004 ms
INFO: at 92554.903 ms fetching 163.132 ms
INFO: at 92624.911 ms batch [162.272] delay 70.004 ms
INFO: at 92624.911 ms fetching 162.272 ms
INFO: at 92694.921 ms batch [247.950] delay 70.004 ms
INFO: at 92694.921 ms fetching 247.950 ms
INFO: at 92764.929 ms batch [244.111] delay 70.004 ms
INFO: at 92764.929 ms fetching 244.111 ms
INFO: at 92834.938 ms batch [245.486] delay 70.004 ms
INFO: at 92834.938 ms fetching 245.486 ms
INFO: at 92904.946 ms batch [243.277] delay 70.004 ms
INFO: at 92904.946 ms fetching 243.277 ms
INFO: at 92974.954 ms batch [163.589] delay 0.000 ms
INFO: at 92974.954 ms fetching 163.589 ms
INFO: done
22-04-18:08:07:29 INFO     [docker_logging_utils.py:19] [default-cluster] Created logging directory: /home/cc/DynWork/multimodal_dataset_gpu/repeat-2/Multimodal_Real_Dataset/Azure/chatbot/blenderbot_cornell/2_x_P99/clipper/logs
22-04-18:08:08:11 INFO     [clipper_admin.py:1424] [default-cluster] Stopped all Clipper cluster and all model containers
