INFO: nexus_dir=/workdir/nexus model_dir=/workdir/DynWork/Multimodal/Azure/incoming_rate_36.36/Equal_Std/std_0.5/3_x_P99/nexus/models log_dir=/workdir/DynWork/Multimodal/Azure/incoming_rate_36.36/Equal_Std/std_0.5/3_x_P99/nexus/logs model=fake_0
INFO: waiting frontend to spin up
INFO: ready to go
INFO: rock and roll
INFO: at 1.062 ms batch [90.736] delay 22.000 ms
INFO: at 1.062 ms fetching 90.736 ms
INFO: at 23.648 ms batch [80.056] delay 22.000 ms
INFO: at 23.648 ms fetching 80.056 ms
INFO: at 46.378 ms batch [26.667] delay 22.000 ms
INFO: at 46.378 ms fetching 26.667 ms
INFO: at 69.219 ms batch [31.512] delay 22.000 ms
INFO: at 69.219 ms fetching 31.512 ms
INFO: at 92.279 ms batch [82.902] delay 22.000 ms
INFO: at 92.279 ms fetching 82.902 ms
INFO: at 115.679 ms batch [28.025] delay 22.000 ms
INFO: at 115.679 ms fetching 28.025 ms
INFO: at 138.552 ms batch [83.259] delay 22.000 ms
INFO: at 138.552 ms fetching 83.259 ms
INFO: at 161.341 ms batch [83.504] delay 22.000 ms
INFO: at 161.341 ms fetching 83.504 ms
INFO: at 184.506 ms batch [87.569] delay 22.000 ms
INFO: at 184.506 ms fetching 87.569 ms
INFO: at 206.809 ms batch [80.195] delay 22.000 ms
INFO: at 206.809 ms fetching 80.195 ms
INFO: at 229.285 ms batch [31.964] delay 27.500 ms
INFO: at 229.285 ms fetching 31.964 ms
INFO: at 257.281 ms batch [26.787] delay 27.500 ms
INFO: at 257.281 ms fetching 26.787 ms
INFO: at 285.201 ms batch [75.389] delay 27.500 ms
INFO: at 285.201 ms fetching 75.389 ms
INFO: at 313.504 ms batch [40.647] delay 27.500 ms
INFO: at 313.504 ms fetching 40.647 ms
INFO: at 341.601 ms batch [30.969] delay 22.000 ms
INFO: at 341.601 ms fetching 30.969 ms
INFO: at 363.996 ms batch [81.606] delay 22.000 ms
INFO: at 363.996 ms fetching 81.606 ms
INFO: at 387.188 ms batch [27.669] delay 22.000 ms
INFO: at 387.188 ms fetching 27.669 ms
INFO: at 410.449 ms batch [30.114] delay 22.000 ms
INFO: at 410.449 ms fetching 30.114 ms
INFO: at 432.650 ms batch [34.406] delay 22.000 ms
INFO: at 432.650 ms fetching 34.406 ms
INFO: at 455.388 ms batch [77.446] delay 27.500 ms
INFO: at 455.388 ms fetching 77.446 ms
INFO: at 483.284 ms batch [88.938] delay 27.500 ms
INFO: at 483.284 ms fetching 88.938 ms
INFO: at 511.369 ms batch [25.915] delay 27.500 ms
INFO: at 511.369 ms fetching 25.915 ms
INFO: at 539.438 ms batch [19.875] delay 27.500 ms
INFO: at 539.438 ms fetching 19.875 ms
INFO: at 567.691 ms batch [79.191] delay 27.500 ms
INFO: at 567.691 ms fetching 79.191 ms
INFO: at 596.009 ms batch [26.563] delay 27.500 ms
INFO: at 596.009 ms fetching 26.563 ms
INFO: at 624.673 ms batch [85.518] delay 27.500 ms
INFO: at 624.673 ms fetching 85.518 ms
INFO: at 653.099 ms batch [32.964] delay 27.500 ms
INFO: at 653.099 ms fetching 32.964 ms
INFO: at 681.632 ms batch [28.481] delay 27.500 ms
INFO: at 681.632 ms fetching 28.481 ms
INFO: at 709.500 ms batch [80.335] delay 27.500 ms
INFO: at 709.500 ms fetching 80.335 ms
INFO: at 737.603 ms batch [73.680] delay 27.500 ms
INFO: at 737.603 ms fetching 73.680 ms
INFO: at 765.707 ms batch [81.240] delay 27.500 ms
INFO: at 765.707 ms fetching 81.240 ms
INFO: at 793.732 ms batch [23.403] delay 27.500 ms
INFO: at 793.732 ms fetching 23.403 ms
INFO: at 821.776 ms batch [85.627] delay 27.500 ms
INFO: at 821.776 ms fetching 85.627 ms
INFO: at 849.570 ms batch [87.101] delay 27.500 ms
INFO: at 849.570 ms fetching 87.101 ms
INFO: at 877.764 ms batch [33.113] delay 27.500 ms
INFO: at 877.764 ms fetching 33.113 ms
INFO: at 906.176 ms batch [82.766] delay 27.500 ms
INFO: at 906.176 ms fetching 82.766 ms
INFO: at 933.993 ms batch [33.953] delay 27.500 ms
INFO: at 933.993 ms fetching 33.953 ms
INFO: at 962.714 ms batch [22.128] delay 27.500 ms
INFO: at 962.714 ms fetching 22.128 ms
INFO: at 990.747 ms batch [19.081] delay 27.500 ms
INFO: at 990.747 ms fetching 19.081 ms
INFO: at 1018.746 ms batch [33.504] delay 27.500 ms
INFO: at 1018.746 ms fetching 33.504 ms
INFO: at 1046.811 ms batch [78.830] delay 27.500 ms
INFO: at 1046.811 ms fetching 78.830 ms
INFO: at 1074.903 ms batch [24.860] delay 27.500 ms
INFO: at 1074.903 ms fetching 24.860 ms
INFO: at 1103.027 ms batch [85.119] delay 27.500 ms
INFO: at 1103.027 ms fetching 85.119 ms
INFO: at 1131.335 ms batch [18.000] delay 36.667 ms
INFO: at 1131.335 ms fetching 18.000 ms
INFO: at 1169.097 ms batch [75.928] delay 36.667 ms
INFO: at 1169.097 ms fetching 75.928 ms
INFO: at 1207.254 ms batch [28.590] delay 36.667 ms
INFO: at 1207.254 ms fetching 28.590 ms
INFO: at 1245.330 ms batch [21.454] delay 22.000 ms
INFO: at 1245.330 ms fetching 21.454 ms
INFO: at 1268.346 ms batch [89.709] delay 22.000 ms
INFO: at 1268.346 ms fetching 89.709 ms
INFO: at 1291.390 ms batch [84.643] delay 22.000 ms
INFO: at 1291.390 ms fetching 84.643 ms
INFO: at 1314.460 ms batch [85.376] delay 22.000 ms
INFO: at 1314.460 ms fetching 85.376 ms
INFO: at 1337.605 ms batch [34.874] delay 22.000 ms
INFO: at 1337.605 ms fetching 34.874 ms
INFO: at 1360.530 ms batch [89.208] delay 22.000 ms
INFO: at 1360.530 ms fetching 89.208 ms
INFO: at 1382.873 ms batch [22.421] delay 22.000 ms
INFO: at 1382.873 ms fetching 22.421 ms
INFO: at 1406.791 ms batch [36.228] delay 22.000 ms
INFO: at 1406.791 ms fetching 36.228 ms
INFO: at 1429.056 ms batch [76.421] delay 22.000 ms
INFO: at 1429.056 ms fetching 76.421 ms
INFO: at 1451.919 ms batch [24.502] delay 22.000 ms
INFO: at 1451.919 ms fetching 24.502 ms
INFO: at 1475.057 ms batch [35.528] delay 22.000 ms
INFO: at 1475.057 ms fetching 35.528 ms
INFO: at 1498.141 ms batch [85.983] delay 22.000 ms
INFO: at 1498.141 ms fetching 85.983 ms
INFO: at 1521.265 ms batch [30.601] delay 22.000 ms
INFO: at 1521.265 ms fetching 30.601 ms
INFO: at 1544.209 ms batch [29.412] delay 22.000 ms
INFO: at 1544.209 ms fetching 29.412 ms
INFO: at 1567.352 ms batch [80.486] delay 22.000 ms
INFO: at 1567.352 ms fetching 80.486 ms
INFO: at 1590.541 ms batch [23.143] delay 27.500 ms
INFO: at 1590.541 ms fetching 23.143 ms
INFO: at 1618.539 ms batch [31.637] delay 27.500 ms
INFO: at 1618.539 ms fetching 31.637 ms
INFO: at 1646.342 ms batch [24.672] delay 27.500 ms
INFO: at 1646.342 ms fetching 24.672 ms
INFO: at 1674.456 ms batch [37.456] delay 27.500 ms
INFO: at 1674.456 ms fetching 37.456 ms
INFO: at 1702.211 ms batch [26.315] delay 36.667 ms
INFO: at 1702.211 ms fetching 26.315 ms
INFO: at 1740.309 ms batch [79.554] delay 36.667 ms
INFO: at 1740.309 ms fetching 79.554 ms
INFO: at 1778.487 ms batch [83.004] delay 36.667 ms
INFO: at 1778.487 ms fetching 83.004 ms
INFO: at 1816.660 ms batch [29.061] delay 27.500 ms
INFO: at 1816.660 ms fetching 29.061 ms
INFO: at 1844.824 ms batch [29.642] delay 27.500 ms
INFO: at 1844.824 ms fetching 29.642 ms
INFO: at 1872.881 ms batch [81.974] delay 27.500 ms
INFO: at 1872.881 ms fetching 81.974 ms
INFO: at 1900.924 ms batch [30.484] delay 27.500 ms
INFO: at 1900.924 ms fetching 30.484 ms
INFO: at 1928.989 ms batch [83.634] delay 22.000 ms
INFO: at 1928.989 ms fetching 83.634 ms
INFO: at 1952.018 ms batch [85.741] delay 22.000 ms
INFO: at 1952.018 ms fetching 85.741 ms
INFO: at 1975.107 ms batch [24.332] delay 22.000 ms
INFO: at 1975.107 ms fetching 24.332 ms
INFO: at 1998.171 ms batch [29.273] delay 22.000 ms
INFO: at 1998.171 ms fetching 29.273 ms
INFO: at 2021.262 ms batch [79.921] delay 22.000 ms
INFO: at 2021.262 ms fetching 79.921 ms
INFO: at 2044.141 ms batch [83.752] delay 27.500 ms
INFO: at 2044.141 ms fetching 83.752 ms
INFO: at 2072.258 ms batch [30.223] delay 27.500 ms
INFO: at 2072.258 ms fetching 30.223 ms
INFO: at 2100.441 ms batch [29.986] delay 27.500 ms
INFO: at 2100.441 ms fetching 29.986 ms
INFO: at 2128.706 ms batch [28.953] delay 27.500 ms
INFO: at 2128.706 ms fetching 28.953 ms
INFO: at 2156.783 ms batch [25.123] delay 27.500 ms
INFO: at 2156.783 ms fetching 25.123 ms
INFO: at 2184.824 ms batch [25.277] delay 27.500 ms
INFO: at 2184.824 ms fetching 25.277 ms
INFO: at 2212.923 ms batch [84.331] delay 27.500 ms
INFO: at 2212.923 ms fetching 84.331 ms
INFO: at 2241.038 ms batch [85.255] delay 27.500 ms
INFO: at 2241.038 ms fetching 85.255 ms
INFO: at 2269.188 ms batch [84.522] delay 22.000 ms
INFO: at 2269.188 ms fetching 84.522 ms
INFO: at 2292.307 ms batch [89.452] delay 22.000 ms
INFO: at 2292.307 ms fetching 89.452 ms
INFO: at 2314.578 ms batch [81.859] delay 22.000 ms
INFO: at 2314.578 ms fetching 81.859 ms
INFO: at 2337.577 ms batch [86.096] delay 22.000 ms
INFO: at 2337.577 ms fetching 86.096 ms
INFO: at 2360.705 ms batch [33.736] delay 22.000 ms
INFO: at 2360.705 ms fetching 33.736 ms
INFO: at 2382.931 ms batch [88.110] delay 27.500 ms
INFO: at 2382.931 ms fetching 88.110 ms
INFO: at 2410.699 ms batch [74.708] delay 27.500 ms
INFO: at 2410.699 ms fetching 74.708 ms
INFO: at 2438.706 ms batch [91.232] delay 27.500 ms
INFO: at 2438.706 ms fetching 91.232 ms
INFO: at 2466.874 ms batch [87.936] delay 27.500 ms
INFO: at 2466.874 ms fetching 87.936 ms
INFO: at 2494.990 ms batch [90.022] delay 22.000 ms
INFO: at 2494.990 ms fetching 90.022 ms
INFO: at 2517.944 ms batch [21.749] delay 22.000 ms
INFO: at 2517.944 ms fetching 21.749 ms
INFO: at 2540.961 ms batch [24.153] delay 22.000 ms
INFO: at 2540.961 ms fetching 24.153 ms
INFO: at 2563.912 ms batch [30.849] delay 22.000 ms
INFO: at 2563.912 ms fetching 30.849 ms
INFO: at 2586.257 ms batch [26.914] delay 22.000 ms
INFO: at 2586.257 ms fetching 26.914 ms
INFO: at 2608.608 ms batch [27.159] delay 27.500 ms
INFO: at 2608.608 ms fetching 27.159 ms
INFO: at 2637.078 ms batch [81.096] delay 27.500 ms
INFO: at 2637.078 ms fetching 81.096 ms
INFO: at 2665.747 ms batch [23.957] delay 27.500 ms
INFO: at 2665.747 ms fetching 23.957 ms
INFO: at 2693.789 ms batch [84.195] delay 27.500 ms
INFO: at 2693.789 ms fetching 84.195 ms
INFO: at 2721.910 ms batch [29.868] delay 22.000 ms
INFO: at 2721.910 ms fetching 29.868 ms
INFO: at 2744.929 ms batch [87.756] delay 22.000 ms
INFO: at 2744.929 ms fetching 87.756 ms
INFO: at 2767.879 ms batch [23.788] delay 22.000 ms
INFO: at 2767.879 ms fetching 23.788 ms
INFO: at 2791.053 ms batch [35.856] delay 22.000 ms
INFO: at 2791.053 ms fetching 35.856 ms
INFO: at 2814.151 ms batch [87.271] delay 22.000 ms
INFO: at 2814.151 ms fetching 87.271 ms
INFO: at 2837.125 ms batch [27.535] delay 22.000 ms
INFO: at 2837.125 ms fetching 27.535 ms
INFO: at 2860.293 ms batch [35.186] delay 22.000 ms
INFO: at 2860.293 ms fetching 35.186 ms
INFO: at 2883.328 ms batch [82.109] delay 22.000 ms
INFO: at 2883.328 ms fetching 82.109 ms
INFO: at 2906.403 ms batch [92.966] delay 22.000 ms
INFO: at 2906.403 ms fetching 92.966 ms
INFO: at 2929.421 ms batch [38.270] delay 22.000 ms
INFO: at 2929.421 ms fetching 38.270 ms
INFO: at 2952.590 ms batch [34.638] delay 27.500 ms
INFO: at 2952.590 ms fetching 34.638 ms
INFO: at 2980.750 ms batch [82.228] delay 27.500 ms
INFO: at 2980.750 ms fetching 82.228 ms
INFO: at 3008.864 ms batch [28.831] delay 27.500 ms
INFO: at 3008.864 ms fetching 28.831 ms
INFO: at 3036.742 ms batch [83.389] delay 27.500 ms
INFO: at 3036.742 ms fetching 83.389 ms
INFO: at 3064.787 ms batch [85.860] delay 36.667 ms
INFO: at 3064.787 ms fetching 85.860 ms
INFO: at 3102.366 ms batch [32.790] delay 36.667 ms
INFO: at 3102.366 ms fetching 32.790 ms
INFO: at 3140.047 ms batch [83.866] delay 36.667 ms
INFO: at 3140.047 ms fetching 83.866 ms
INFO: at 3178.255 ms batch [88.524] delay 27.500 ms
INFO: at 3178.255 ms fetching 88.524 ms
INFO: at 3206.413 ms batch [31.259] delay 27.500 ms
INFO: at 3206.413 ms fetching 31.259 ms
INFO: at 3234.520 ms batch [25.460] delay 27.500 ms
INFO: at 3234.520 ms fetching 25.460 ms
INFO: at 3262.615 ms batch [82.373] delay 27.500 ms
INFO: at 3262.615 ms fetching 82.373 ms
INFO: at 3290.764 ms batch [77.165] delay 22.000 ms
INFO: at 3290.764 ms fetching 77.165 ms
INFO: at 3313.922 ms batch [82.498] delay 22.000 ms
INFO: at 3313.922 ms fetching 82.498 ms
INFO: at 3336.814 ms batch [25.011] delay 22.000 ms
INFO: at 3336.814 ms fetching 25.011 ms
INFO: at 3359.888 ms batch [92.309] delay 22.000 ms
INFO: at 3359.888 ms fetching 92.309 ms
INFO: at 3382.187 ms batch [31.804] delay 22.000 ms
INFO: at 3382.187 ms fetching 31.804 ms
INFO: at 3404.583 ms batch [81.484] delay 27.500 ms
INFO: at 3404.583 ms fetching 81.484 ms
INFO: at 3433.072 ms batch [31.400] delay 27.500 ms
INFO: at 3433.072 ms fetching 31.400 ms
INFO: at 3461.591 ms batch [100.000] delay 27.500 ms
INFO: at 3461.591 ms fetching 100.000 ms
INFO: at 3489.245 ms batch [32.118] delay 27.500 ms
INFO: at 3489.245 ms fetching 32.118 ms
INFO: at 3516.878 ms batch [28.367] delay 27.500 ms
INFO: at 3516.878 ms fetching 28.367 ms
INFO: at 3545.019 ms batch [86.397] delay 27.500 ms
INFO: at 3545.019 ms fetching 86.397 ms
INFO: at 3573.612 ms batch [79.734] delay 27.500 ms
INFO: at 3573.612 ms fetching 79.734 ms
INFO: at 3602.107 ms batch [86.800] delay 27.500 ms
INFO: at 3602.107 ms fetching 86.800 ms
INFO: at 3630.590 ms batch [80.784] delay 36.667 ms
INFO: at 3630.590 ms fetching 80.784 ms
INFO: at 3667.638 ms batch [86.546] delay 36.667 ms
INFO: at 3667.638 ms fetching 86.546 ms
INFO: at 3705.147 ms batch [84.883] delay 36.667 ms
INFO: at 3705.147 ms fetching 84.883 ms
INFO: at 3742.634 ms batch [28.255] delay 22.000 ms
INFO: at 3742.634 ms fetching 28.255 ms
INFO: at 3765.115 ms batch [86.659] delay 22.000 ms
INFO: at 3765.115 ms fetching 86.659 ms
INFO: at 3787.599 ms batch [25.612] delay 22.000 ms
INFO: at 3787.599 ms fetching 25.612 ms
INFO: at 3810.059 ms batch [36.729] delay 22.000 ms
INFO: at 3810.059 ms fetching 36.729 ms
INFO: at 3832.537 ms batch [86.248] delay 22.000 ms
INFO: at 3832.537 ms fetching 86.248 ms
INFO: at 3855.006 ms batch [79.377] delay 22.000 ms
INFO: at 3855.006 ms fetching 79.377 ms
INFO: at 3877.463 ms batch [77.741] delay 22.000 ms
INFO: at 3877.463 ms fetching 77.741 ms
INFO: at 3899.926 ms batch [27.909] delay 22.000 ms
INFO: at 3899.926 ms fetching 27.909 ms
INFO: at 3922.245 ms batch [88.343] delay 22.000 ms
INFO: at 3922.245 ms fetching 88.343 ms
INFO: at 3945.122 ms batch [27.049] delay 22.000 ms
INFO: at 3945.122 ms fetching 27.049 ms
INFO: at 3967.677 ms batch [84.083] delay 18.333 ms
INFO: at 3967.677 ms fetching 84.083 ms
INFO: at 3987.117 ms batch [80.655] delay 18.333 ms
INFO: at 3987.117 ms fetching 80.655 ms
INFO: at 4006.553 ms batch [85.012] delay 18.333 ms
INFO: at 4006.553 ms fetching 85.012 ms
INFO: at 4026.014 ms batch [72.177] delay 18.333 ms
INFO: at 4026.014 ms fetching 72.177 ms
INFO: at 4045.452 ms batch [25.776] delay 18.333 ms
INFO: at 4045.452 ms fetching 25.776 ms
INFO: at 4064.893 ms batch [20.483] delay 18.333 ms
INFO: at 4064.893 ms fetching 20.483 ms
INFO: at 4084.342 ms batch [21.011] delay 22.000 ms
INFO: at 4084.342 ms fetching 21.011 ms
INFO: at 4106.796 ms batch [22.652] delay 22.000 ms
INFO: at 4106.796 ms fetching 22.652 ms
INFO: at 4129.271 ms batch [33.295] delay 22.000 ms
INFO: at 4129.271 ms fetching 33.295 ms
INFO: at 4151.699 ms batch [90.343] delay 22.000 ms
INFO: at 4151.699 ms fetching 90.343 ms
INFO: at 4174.634 ms batch [23.603] delay 22.000 ms
INFO: at 4174.634 ms fetching 23.603 ms
INFO: at 4197.123 ms batch [83.116] delay 22.000 ms
INFO: at 4197.123 ms fetching 83.116 ms
INFO: at 4219.571 ms batch [27.407] delay 22.000 ms
INFO: at 4219.571 ms fetching 27.407 ms
INFO: at 4242.041 ms batch [28.706] delay 22.000 ms
INFO: at 4242.041 ms fetching 28.706 ms
INFO: at 4264.495 ms batch [82.616] delay 22.000 ms
INFO: at 4264.495 ms fetching 82.616 ms
INFO: at 4286.953 ms batch [87.417] delay 22.000 ms
INFO: at 4286.953 ms fetching 87.417 ms
INFO: at 4309.399 ms batch [77.936] delay 22.000 ms
INFO: at 4309.399 ms fetching 77.936 ms
INFO: at 4331.873 ms batch [30.355] delay 22.000 ms
INFO: at 4331.873 ms fetching 30.355 ms
INFO: at 4354.350 ms batch [30.732] delay 22.000 ms
INFO: at 4354.350 ms fetching 30.732 ms
INFO: at 4376.796 ms batch [29.765] delay 22.000 ms
INFO: at 4376.796 ms fetching 29.765 ms
INFO: at 4399.223 ms batch [76.824] delay 22.000 ms
INFO: at 4399.223 ms fetching 76.824 ms
INFO: at 4421.781 ms batch [83.971] delay 27.500 ms
INFO: at 4421.781 ms fetching 83.971 ms
INFO: at 4450.315 ms batch [27.287] delay 27.500 ms
INFO: at 4450.315 ms fetching 27.287 ms
INFO: at 4478.830 ms batch [78.187] delay 27.500 ms
INFO: at 4478.830 ms fetching 78.187 ms
INFO: at 4507.278 ms batch [29.543] delay 27.500 ms
INFO: at 4507.278 ms fetching 29.543 ms
INFO: at 4535.782 ms batch [26.459] delay 18.333 ms
INFO: at 4535.782 ms fetching 26.459 ms
INFO: at 4555.324 ms batch [22.900] delay 18.333 ms
INFO: at 4555.324 ms fetching 22.900 ms
INFO: at 4574.789 ms batch [94.238] delay 18.333 ms
INFO: at 4574.789 ms fetching 94.238 ms
INFO: at 4594.228 ms batch [86.956] delay 18.333 ms
INFO: at 4594.228 ms fetching 86.956 ms
INFO: at 4613.703 ms batch [10.000] delay 18.333 ms
INFO: at 4613.703 ms fetching 10.000 ms
INFO: at 4633.302 ms batch [84.768] delay 18.333 ms
INFO: at 4633.302 ms fetching 84.768 ms
INFO: at 4652.907 ms batch [80.939] delay 27.500 ms
INFO: at 4652.907 ms fetching 80.939 ms
INFO: at 4681.369 ms batch [88.738] delay 27.500 ms
INFO: at 4681.369 ms fetching 88.738 ms
INFO: at 4709.949 ms batch [32.443] delay 27.500 ms
INFO: at 4709.949 ms fetching 32.443 ms
INFO: at 4738.466 ms batch [27.790] delay 27.500 ms
INFO: at 4738.466 ms fetching 27.790 ms
INFO: at 4766.625 ms batch [78.632] delay 22.000 ms
INFO: at 4766.625 ms fetching 78.632 ms
INFO: at 4789.096 ms batch [31.107] delay 22.000 ms
INFO: at 4789.096 ms fetching 31.107 ms
INFO: at 4811.541 ms batch [81.746] delay 22.000 ms
INFO: at 4811.541 ms fetching 81.746 ms
INFO: at 4834.019 ms batch [79.036] delay 22.000 ms
INFO: at 4834.019 ms fetching 79.036 ms
INFO: at 4856.507 ms batch [78.375] delay 22.000 ms
INFO: at 4856.507 ms fetching 78.375 ms
INFO: at 4879.597 ms batch [91.701] delay 18.333 ms
INFO: at 4879.597 ms fetching 91.701 ms
INFO: at 4899.073 ms batch [34.171] delay 18.333 ms
INFO: at 4899.073 ms fetching 34.171 ms
INFO: at 4918.550 ms batch [29.176] delay 18.333 ms
INFO: at 4918.550 ms fetching 29.176 ms
INFO: at 4937.997 ms batch [28.135] delay 18.333 ms
INFO: at 4937.997 ms fetching 28.135 ms
INFO: at 4957.323 ms batch [32.278] delay 18.333 ms
INFO: at 4957.323 ms fetching 32.278 ms
INFO: at 4976.817 ms batch [26.179] delay 18.333 ms
INFO: at 4976.817 ms fetching 26.179 ms
INFO: at 4996.254 ms batch [32.605] delay 27.500 ms
INFO: at 4996.254 ms fetching 32.605 ms
INFO: at 5024.673 ms batch [26.049] delay 27.500 ms
INFO: at 5024.673 ms fetching 26.049 ms
INFO: at 5053.122 ms batch [81.369] delay 27.500 ms
INFO: at 5053.122 ms fetching 81.369 ms
INFO: done
INFO: stopping nexus
