Starting Python Closure container
Connecting to Clipper with default port: 7000
/usr/local/lib/python3.7/runpy.py:125: RuntimeWarning: 'clipper_admin.metrics.server' found in sys.modules after import of package 'clipper_admin.metrics', but prior to execution of 'clipper_admin.metrics.server'; this may result in unpredictable behaviour
  warn(RuntimeWarning(msg))
22-03-27:21:10:25 INFO     [server.py:80] Metric Server Started!
22-03-27:21:10:25 INFO     [server.py:85] Redis Connected! Waiting for messages...
Serving predictions for floats input type.
Sent heartbeat!
Received heartbeat!
Sent container metadata!
Got start of message 0 
fake_model: serving batch [[1.]], sleeping for 1.00ms = 0.74 + 0.26 * 1 * 1.00
fake_model: returning [1.0]
recv: 0.000516 s, parse: 0.000010 s, handle: 0.002088 s
Got start of message 1 
fake_model: serving batch [[79.01383]], sleeping for 79.01ms = 58.55 + 0.26 * 1 * 79.01
fake_model: returning [79.01383]
recv: 0.000129 s, parse: 0.000004 s, handle: 0.079326 s
Got start of message 2 
fake_model: serving batch [[46.495533]
 [29.689594]
 [45.85179 ]], sleeping for 70.58ms = 34.46 + 0.26 * 3 * 46.50
fake_model: returning [46.495533, 29.689594, 45.85179]
recv: 0.000066 s, parse: 0.000002 s, handle: 0.070767 s
Got start of message 3 
fake_model: serving batch [[47.038513]
 [31.430481]], sleeping for 59.22ms = 34.86 + 0.26 * 2 * 47.04
fake_model: returning [47.038513, 31.430481]
recv: 0.000060 s, parse: 0.000002 s, handle: 0.059384 s
Got start of message 4 
fake_model: serving batch [[14.476433]
 [95.194275]
 [80.829895]], sleeping for 144.49ms = 70.54 + 0.26 * 3 * 95.19
fake_model: returning [14.476433, 95.194275, 80.829895]
recv: 0.000063 s, parse: 0.000002 s, handle: 0.144673 s
Got start of message 5 
fake_model: serving batch [[62.91123 ]
 [13.005628]
 [13.462285]
 [46.628548]
 [63.076958]], sleeping for 128.41ms = 46.74 + 0.26 * 5 * 63.08
fake_model: returning [62.91123, 13.005628, 13.462285, 46.628548, 63.076958]
recv: 0.000068 s, parse: 0.000002 s, handle: 0.128613 s
Got start of message 6 
fake_model: serving batch [[45.677303]
 [63.98528 ]
 [80.4898  ]
 [96.20045 ]
 [96.989685]
 [79.96607 ]], sleeping for 222.56ms = 71.87 + 0.26 * 6 * 96.99
fake_model: returning [45.677303, 63.98528, 80.4898, 96.20045, 96.989685, 79.96607]
recv: 0.000071 s, parse: 0.000002 s, handle: 0.222796 s
Got start of message 7 
fake_model: serving batch [[80.78097 ]
 [46.71708 ]
 [79.29441 ]
 [79.521935]
 [46.988075]
 [30.73298 ]
 [63.126575]
 [78.64447 ]], sleeping for 227.21ms = 59.86 + 0.26 * 8 * 80.78
fake_model: returning [80.78097, 46.71708, 79.29441, 79.521935, 46.988075, 30.73298, 63.126575, 78.64447]
recv: 0.000076 s, parse: 0.000002 s, handle: 0.227479 s
Got start of message 8 
fake_model: serving batch [[80.87701 ]
 [80.80846 ]
 [81.2042  ]
 [46.658108]
 [96.92011 ]
 [47.941208]
 [29.985622]
 [64.51112 ]], sleeping for 272.60ms = 71.82 + 0.26 * 8 * 96.92
fake_model: returning [80.87701, 80.80846, 81.2042, 46.658108, 96.92011, 47.941208, 29.985622, 64.51112]
recv: 0.000078 s, parse: 0.000002 s, handle: 0.272842 s
Got start of message 9 
fake_model: serving batch [[10.      ]
 [64.047646]
 [61.848648]
 [46.795807]
 [46.191513]
 [45.903122]
 [63.579926]
 [97.49743 ]], sleeping for 274.22ms = 72.25 + 0.26 * 8 * 97.50
fake_model: returning [10.0, 64.047646, 61.848648, 46.795807, 46.191513, 45.903122, 63.579926, 97.49743]
recv: 0.000076 s, parse: 0.000002 s, handle: 0.274501 s
Got start of message 10 
fake_model: serving batch [[13.347647]
 [62.85268 ]
 [79.844345]
 [31.105595]
 [47.170002]
 [78.41423 ]
 [62.98534 ]
 [13.949908]], sleeping for 224.57ms = 59.17 + 0.26 * 8 * 79.84
fake_model: returning [13.347647, 62.85268, 79.844345, 31.105595, 47.170002, 78.41423, 62.98534, 13.949908]
recv: 0.000160 s, parse: 0.000003 s, handle: 0.224963 s
Got start of message 11 
fake_model: serving batch [[46.26884 ]
 [45.953487]
 [79.63068 ]
 [62.6105  ]
 [11.322682]
 [48.219566]
 [80.01606 ]
 [97.449715]], sleeping for 274.09ms = 72.22 + 0.26 * 8 * 97.45
fake_model: returning [46.26884, 45.953487, 79.63068, 62.6105, 11.322682, 48.219566, 80.01606, 97.449715]
recv: 0.000077 s, parse: 0.000002 s, handle: 0.274326 s
Got start of message 12 
fake_model: serving batch [[30.625786]
 [30.05657 ]
 [80.63834 ]
 [45.767937]
 [79.55968 ]
 [30.609676]
 [65.082436]
 [14.551294]], sleeping for 226.80ms = 59.76 + 0.26 * 8 * 80.64
fake_model: returning [30.625786, 30.05657, 80.63834, 45.767937, 79.55968, 30.609676, 65.082436, 14.551294]
recv: 0.000079 s, parse: 0.000003 s, handle: 0.227144 s
Got start of message 13 
fake_model: serving batch [[80.47295 ]
 [80.45487 ]
 [96.8384  ]
 [80.252914]
 [14.745535]
 [78.5721  ]
 [13.723848]
 [96.43332 ]], sleeping for 272.37ms = 71.76 + 0.26 * 8 * 96.84
fake_model: returning [80.47295, 80.45487, 96.8384, 80.252914, 14.745535, 78.5721, 13.723848, 96.43332]
recv: 0.000160 s, parse: 0.000004 s, handle: 0.272817 s
Got start of message 14 
fake_model: serving batch [[30.378803]
 [13.068671]
 [29.09335 ]
 [79.04838 ]
 [96.613846]
 [79.46503 ]
 [13.444754]
 [96.52728 ]], sleeping for 271.74ms = 71.60 + 0.26 * 8 * 96.61
fake_model: returning [30.378803, 13.068671, 29.09335, 79.04838, 96.613846, 79.46503, 13.444754, 96.52728]
recv: 0.000130 s, parse: 0.000003 s, handle: 0.272113 s
Got start of message 15 
fake_model: serving batch [[47.70151 ]
 [46.390274]
 [28.749899]
 [12.264348]
 [97.63428 ]
 [29.414652]
 [12.853291]
 [80.98008 ]], sleeping for 274.61ms = 72.35 + 0.26 * 8 * 97.63
fake_model: returning [47.70151, 46.390274, 28.749899, 12.264348, 97.63428, 29.414652, 12.853291, 80.98008]
recv: 0.000079 s, parse: 0.000002 s, handle: 0.274842 s
Got start of message 16 
fake_model: serving batch [[63.330566]
 [30.775942]
 [62.503567]
 [45.26158 ]
 [64.09299 ]
 [80.00108 ]
 [13.822016]
 [29.654528]], sleeping for 225.01ms = 59.29 + 0.26 * 8 * 80.00
fake_model: returning [63.330566, 30.775942, 62.503567, 45.26158, 64.09299, 80.00108, 13.822016, 29.654528]
recv: 0.000073 s, parse: 0.000002 s, handle: 0.225250 s
Got start of message 17 
fake_model: serving batch [[95.756035]
 [80.33597 ]
 [30.590445]
 [77.37756 ]
 [31.037104]
 [29.882824]
 [96.58015 ]
 [13.282111]], sleeping for 271.64ms = 71.57 + 0.26 * 8 * 96.58
fake_model: returning [95.756035, 80.33597, 30.590445, 77.37756, 31.037104, 29.882824, 96.58015, 13.282111]
recv: 0.000074 s, parse: 0.000002 s, handle: 0.271911 s
Got start of message 18 
fake_model: serving batch [[62.33414 ]
 [98.015884]
 [12.954242]
 [47.282352]
 [79.1944  ]
 [12.12393 ]
 [13.929619]
 [47.991367]], sleeping for 275.68ms = 72.64 + 0.26 * 8 * 98.02
fake_model: returning [62.33414, 98.015884, 12.954242, 47.282352, 79.1944, 12.12393, 13.929619, 47.991367]
recv: 0.000088 s, parse: 0.000003 s, handle: 0.275977 s
Got start of message 19 
fake_model: serving batch [[63.748463]
 [62.633217]
 [13.510131]
 [46.131912]
 [81.587234]
 [81.1662  ]
 [12.777608]
 [13.65533 ]], sleeping for 229.47ms = 60.46 + 0.26 * 8 * 81.59
fake_model: returning [63.748463, 62.633217, 13.510131, 46.131912, 81.587234, 81.1662, 12.777608, 13.65533]
recv: 0.000075 s, parse: 0.000002 s, handle: 0.229709 s
Got start of message 20 
fake_model: serving batch [[45.190296]
 [12.729712]
 [30.431229]
 [13.495473]
 [62.836876]
 [80.6763  ]
 [97.57787 ]
 [13.620351]], sleeping for 274.45ms = 72.31 + 0.26 * 8 * 97.58
fake_model: returning [45.190296, 12.729712, 30.431229, 13.495473, 62.836876, 80.6763, 97.57787, 13.620351]
recv: 0.000089 s, parse: 0.000002 s, handle: 0.274685 s
Got start of message 21 
fake_model: serving batch [[46.460987]
 [13.672658]
 [96.804146]
 [97.728264]
 [95.94226 ]
 [28.799274]
 [97.54682 ]
 [63.23731 ]], sleeping for 274.87ms = 72.42 + 0.26 * 8 * 97.73
fake_model: returning [46.460987, 13.672658, 96.804146, 97.728264, 95.94226, 28.799274, 97.54682, 63.23731]
recv: 0.000076 s, parse: 0.000002 s, handle: 0.275402 s
Got start of message 22 
fake_model: serving batch [[78.05486 ]
 [30.212921]
 [63.409084]
 [96.257454]
 [30.329554]
 [61.982788]
 [96.97189 ]], sleeping for 247.63ms = 71.86 + 0.26 * 7 * 96.97
fake_model: returning [78.05486, 30.212921, 63.409084, 96.257454, 30.329554, 61.982788, 96.97189]
recv: 0.000201 s, parse: 0.000002 s, handle: 0.248200 s
Got start of message 23 
fake_model: serving batch [[46.893513]
 [30.293451]
 [45.93087 ]
 [30.648304]
 [29.473825]
 [13.052726]
 [47.501503]], sleeping for 121.30ms = 35.20 + 0.26 * 7 * 47.50
fake_model: returning [46.893513, 30.293451, 45.93087, 30.648304, 29.473825, 13.052726, 47.501503]
recv: 0.000334 s, parse: 0.000010 s, handle: 0.122251 s
Got start of message 24 
fake_model: serving batch [[48.454865]
 [96.124146]
 [31.982655]
 [45.73555 ]], sleeping for 170.80ms = 71.23 + 0.26 * 4 * 96.12
fake_model: returning [48.454865, 96.124146, 31.982655, 45.73555]
recv: 0.000073 s, parse: 0.000002 s, handle: 0.171158 s
Got start of message 25 
fake_model: serving batch [[61.766808]
 [30.948177]
 [30.002935]
 [29.672619]
 [29.703781]
 [31.372795]
 [96.06487 ]], sleeping for 245.32ms = 71.19 + 0.26 * 7 * 96.06
fake_model: returning [61.766808, 30.948177, 30.002935, 29.672619, 29.703781, 31.372795, 96.06487]
recv: 0.000078 s, parse: 0.000002 s, handle: 0.245599 s
Got start of message 26 
fake_model: serving batch [[46.339466]
 [47.646133]
 [13.968022]
 [30.845598]
 [13.429821]
 [95.51058 ]
 [79.61071 ]
 [14.083603]], sleeping for 268.63ms = 70.78 + 0.26 * 8 * 95.51
fake_model: returning [46.339466, 47.646133, 13.968022, 30.845598, 13.429821, 95.51058, 79.61071, 14.083603]
recv: 0.000142 s, parse: 0.000004 s, handle: 0.269061 s
Got start of message 27 
fake_model: serving batch [[97.07186 ]
 [98.13843 ]
 [12.708104]
 [29.95212 ]
 [80.370476]
 [29.148594]
 [47.24636 ]
 [29.577564]], sleeping for 276.03ms = 72.73 + 0.26 * 8 * 98.14
fake_model: returning [97.07186, 98.13843, 12.708104, 29.95212, 80.370476, 29.148594, 47.24636, 29.577564]
recv: 0.000094 s, parse: 0.000002 s, handle: 0.276297 s
Got start of message 28 
fake_model: serving batch [[62.469444]
 [62.267326]
 [64.00552 ]
 [95.81974 ]
 [63.90747 ]
 [80.04484 ]
 [96.885666]
 [28.17212 ]], sleeping for 272.50ms = 71.80 + 0.26 * 8 * 96.89
fake_model: returning [62.469444, 62.267326, 64.00552, 95.81974, 63.90747, 80.04484, 96.885666, 28.17212]
recv: 0.000075 s, parse: 0.000002 s, handle: 0.272737 s
Got start of message 29 
fake_model: serving batch [[97.92368 ]
 [28.685095]
 [13.541738]
 [31.80796 ]
 [81.01108 ]
 [62.965576]
 [63.76865 ]
 [45.326492]], sleeping for 275.42ms = 72.57 + 0.26 * 8 * 97.92
fake_model: returning [97.92368, 28.685095, 13.541738, 31.80796, 81.01108, 62.965576, 63.76865, 45.326492]
recv: 0.000084 s, parse: 0.000003 s, handle: 0.275659 s
Got start of message 30 
fake_model: serving batch [[13.396162 ]
 [13.4128065]
 [12.596238 ]
 [80.09199  ]
 [29.633608 ]
 [96.869125 ]
 [47.02071  ]
 [29.50913  ]], sleeping for 272.46ms = 71.79 + 0.26 * 8 * 96.87
fake_model: returning [13.396162, 13.4128065, 12.596238, 80.09199, 29.633608, 96.869125, 47.02071, 29.50913]
recv: 0.000085 s, parse: 0.000002 s, handle: 0.272718 s
Got start of message 31 
fake_model: serving batch [[63.967262]
 [62.817154]
 [14.311946]
 [48.04103 ]
 [97.6661  ]
 [12.814571]
 [63.82339 ]
 [63.890957]], sleeping for 274.70ms = 72.38 + 0.26 * 8 * 97.67
fake_model: returning [63.967262, 62.817154, 14.311946, 48.04103, 97.6661, 12.814571, 63.82339, 63.890957]
recv: 0.000074 s, parse: 0.000002 s, handle: 0.274942 s
Got start of message 32 
fake_model: serving batch [[64.02815 ]
 [80.30243 ]
 [47.151646]
 [48.09094 ]
 [47.430817]
 [46.110462]
 [95.921486]
 [29.757187]], sleeping for 269.79ms = 71.08 + 0.26 * 8 * 95.92
fake_model: returning [64.02815, 80.30243, 47.151646, 48.09094, 47.430817, 46.110462, 95.921486, 29.757187]
recv: 0.000077 s, parse: 0.000003 s, handle: 0.270033 s
Got start of message 33 
fake_model: serving batch [[79.44295 ]
 [62.65265 ]
 [13.558745]
 [13.605567]
 [95.2731  ]
 [80.421074]
 [64.89671 ]
 [63.360588]], sleeping for 267.97ms = 70.60 + 0.26 * 8 * 95.27
fake_model: returning [79.44295, 62.65265, 13.558745, 13.605567, 95.2731, 80.421074, 64.89671, 63.360588]
recv: 0.000076 s, parse: 0.000002 s, handle: 0.268280 s
Got start of message 34 
fake_model: serving batch [[97.882454]
 [47.845196]
 [29.433918]
 [29.721794]
 [13.89153 ]
 [29.062824]
 [62.22779 ]
 [12.011997]], sleeping for 275.31ms = 72.54 + 0.26 * 8 * 97.88
fake_model: returning [97.882454, 47.845196, 29.433918, 29.721794, 13.89153, 29.062824, 62.22779, 12.011997]
recv: 0.000106 s, parse: 0.000002 s, handle: 0.275602 s
Got start of message 35 
fake_model: serving batch [[30.166397]
 [30.021122]
 [97.25418 ]
 [63.661278]
 [46.688232]
 [31.59945 ]
 [95.72549 ]
 [46.15214 ]], sleeping for 273.54ms = 72.07 + 0.26 * 8 * 97.25
fake_model: returning [30.166397, 30.021122, 97.25418, 63.661278, 46.688232, 31.59945, 95.72549, 46.15214]
recv: 0.000075 s, parse: 0.000002 s, handle: 0.273775 s
Got start of message 36 
fake_model: serving batch [[80.52418 ]
 [46.073555]
 [62.43578 ]
 [64.25621 ]
 [14.248595]
 [96.18198 ]
 [96.16131 ]
 [79.247505]], sleeping for 270.52ms = 71.28 + 0.26 * 8 * 96.18
fake_model: returning [80.52418, 46.073555, 62.43578, 64.25621, 14.248595, 96.18198, 96.16131, 79.247505]
recv: 0.000077 s, parse: 0.000002 s, handle: 0.270759 s
Got start of message 37 
fake_model: serving batch [[47.617104]
 [63.595615]
 [62.30413 ]
 [47.36058 ]
 [78.707375]
 [31.13959 ]
 [62.76095 ]
 [78.76055 ]], sleeping for 221.52ms = 58.37 + 0.26 * 8 * 78.76
fake_model: returning [47.617104, 63.595615, 62.30413, 47.36058, 78.707375, 31.13959, 62.76095, 78.76055]
recv: 0.000075 s, parse: 0.000002 s, handle: 0.221759 s
Got start of message 38 
fake_model: serving batch [[78.5011  ]
 [45.98251 ]
 [29.806473]
 [63.31151 ]
 [30.276558]
 [79.92101 ]
 [63.787888]
 [79.54093 ]], sleeping for 224.79ms = 59.23 + 0.26 * 8 * 79.92
fake_model: returning [78.5011, 45.98251, 29.806473, 63.31151, 30.276558, 79.92101, 63.787888, 79.54093]
recv: 0.000076 s, parse: 0.000002 s, handle: 0.225038 s
Got start of message 39 
fake_model: serving batch [[12.577255]
 [97.47357 ]
 [12.971519]
 [47.228275]
 [78.94092 ]
 [29.228771]
 [62.588303]
 [13.330711]], sleeping for 274.16ms = 72.23 + 0.26 * 8 * 97.47
fake_model: returning [12.577255, 97.47357, 12.971519, 47.228275, 78.94092, 29.228771, 62.588303, 13.330711]
recv: 0.000092 s, parse: 0.000002 s, handle: 0.274425 s
Got start of message 40 
fake_model: serving batch [[97.37963 ]
 [64.15756 ]
 [80.954216]
 [96.72647 ]
 [80.38771 ]
 [29.181797]
 [45.480663]
 [98.07272 ]], sleeping for 275.84ms = 72.68 + 0.26 * 8 * 98.07
fake_model: returning [97.37963, 64.15756, 80.954216, 96.72647, 80.38771, 29.181797, 45.480663, 98.07272]
recv: 0.000080 s, parse: 0.000002 s, handle: 0.276112 s
Got start of message 41 
fake_model: serving batch [[47.48087 ]
 [63.040707]
 [47.116077]
 [46.40754 ]
 [12.335191]
 [96.7115  ]
 [63.87369 ]
 [61.46436 ]], sleeping for 272.01ms = 71.67 + 0.26 * 8 * 96.71
fake_model: returning [47.48087, 63.040707, 47.116077, 46.40754, 12.335191, 96.7115, 63.87369, 61.46436]
recv: 0.000105 s, parse: 0.000003 s, handle: 0.272309 s
Got start of message 42 
fake_model: serving batch [[30.346529]
 [28.930452]
 [80.28597 ]
 [62.090137]
 [96.93597 ]
 [63.156776]
 [63.189625]
 [96.78691 ]], sleeping for 272.64ms = 71.83 + 0.26 * 8 * 96.94
fake_model: returning [30.346529, 28.930452, 80.28597, 62.090137, 96.93597, 63.156776, 63.189625, 96.78691]
recv: 0.000108 s, parse: 0.000003 s, handle: 0.272908 s
Got start of message 43 
fake_model: serving batch [[30.39574 ]
 [63.2693  ]
 [45.825645]
 [47.19021 ]
 [63.64564 ]
 [78.899864]
 [12.79465 ]
 [63.487907]], sleeping for 221.92ms = 58.47 + 0.26 * 8 * 78.90
fake_model: returning [30.39574, 63.2693, 45.825645, 47.19021, 63.64564, 78.899864, 12.79465, 63.487907]
recv: 0.000098 s, parse: 0.000003 s, handle: 0.222197 s
Got start of message 44 
fake_model: serving batch [[81.03887 ]
 [13.24904 ]
 [63.564507]
 [96.291145]
 [79.777626]
 [96.38207 ]
 [81.69782 ]
 [13.380898]], sleeping for 271.09ms = 71.42 + 0.26 * 8 * 96.38
fake_model: returning [81.03887, 13.24904, 63.564507, 96.291145, 79.777626, 96.38207, 81.69782, 13.380898]
recv: 0.000075 s, parse: 0.000002 s, handle: 0.271319 s
Got start of message 45 
fake_model: serving batch [[29.85076  ]
 [29.372686 ]
 [14.602386 ]
 [97.69768  ]
 [31.180204 ]
 [14.4067335]
 [79.6993   ]
 [44.937252 ]], sleeping for 274.79ms = 72.40 + 0.26 * 8 * 97.70
fake_model: returning [29.85076, 29.372686, 14.602386, 97.69768, 31.180204, 14.4067335, 79.6993, 44.937252]
recv: 0.000075 s, parse: 0.000002 s, handle: 0.275025 s
Got start of message 46 
fake_model: serving batch [[96.85318 ]
 [80.61955 ]
 [14.88886 ]
 [46.561386]
 [96.56344 ]
 [63.09419 ]
 [63.11186 ]
 [79.5032  ]], sleeping for 272.41ms = 71.77 + 0.26 * 8 * 96.85
fake_model: returning [96.85318, 80.61955, 14.88886, 46.561386, 96.56344, 63.09419, 63.11186, 79.5032]
recv: 0.000080 s, parse: 0.000002 s, handle: 0.272645 s
Got start of message 47 
fake_model: serving batch [[13.23461 ]
 [13.790972]
 [46.092415]
 [12.403235]
 [30.483122]
 [13.590527]
 [64.551285]
 [12.069684]], sleeping for 181.56ms = 47.84 + 0.26 * 8 * 64.55
fake_model: returning [13.23461, 13.790972, 46.092415, 12.403235, 30.483122, 13.590527, 64.551285, 12.069684]
recv: 0.000073 s, parse: 0.000002 s, handle: 0.181873 s
Got start of message 48 
fake_model: serving batch [[80.112175]
 [46.610756]
 [64.18188 ]
 [30.499815]
 [96.66298 ]
 [47.55729 ]
 [46.212017]
 [64.37006 ]], sleeping for 271.88ms = 71.63 + 0.26 * 8 * 96.66
fake_model: returning [80.112175, 46.610756, 64.18188, 30.499815, 96.66298, 47.55729, 46.212017, 64.37006]
recv: 0.000110 s, parse: 0.000002 s, handle: 0.272318 s
Got start of message 49 
fake_model: serving batch [[30.198805]
 [47.20541 ]
 [63.172005]
 [30.22961 ]
 [46.029564]
 [31.069298]
 [79.74632 ]
 [47.26438 ]], sleeping for 224.30ms = 59.10 + 0.26 * 8 * 79.75
fake_model: returning [30.198805, 47.20541, 63.172005, 30.22961, 46.029564, 31.069298, 79.74632, 47.26438]
recv: 0.000076 s, parse: 0.000002 s, handle: 0.224531 s
Got start of message 50 
fake_model: serving batch [[13.704315 ]
 [62.033154 ]
 [63.394844 ]
 [46.371292 ]
 [62.799133 ]
 [79.11247  ]
 [15.5409155]
 [80.65898  ]], sleeping for 226.86ms = 59.77 + 0.26 * 8 * 80.66
fake_model: returning [13.704315, 62.033154, 63.394844, 46.371292, 62.799133, 79.11247, 15.5409155, 80.65898]
recv: 0.000073 s, parse: 0.000002 s, handle: 0.227098 s
Got start of message 51 
fake_model: serving batch [[46.940617]
 [97.21716 ]
 [62.18729 ]
 [94.9743  ]
 [46.874866]
 [97.2743  ]
 [80.403755]], sleeping for 248.41ms = 72.09 + 0.26 * 7 * 97.27
fake_model: returning [46.940617, 97.21716, 62.18729, 94.9743, 46.874866, 97.2743, 80.403755]
recv: 0.000073 s, parse: 0.000002 s, handle: 0.248642 s
Got start of message 52 
fake_model: serving batch [[12.873872]
 [12.301939]
 [80.127846]
 [97.087296]
 [13.218619]
 [12.519468]], sleeping for 222.79ms = 71.95 + 0.26 * 6 * 97.09
fake_model: returning [12.873872, 12.301939, 80.127846, 97.087296, 13.218619, 12.519468]
recv: 0.000075 s, parse: 0.000002 s, handle: 0.223038 s
Got start of message 53 
fake_model: serving batch [[30.120667]
 [78.86213 ]
 [80.54189 ]
 [14.688886]
 [64.30906 ]
 [96.106636]], sleeping for 220.54ms = 71.22 + 0.26 * 6 * 96.11
fake_model: returning [30.120667, 78.86213, 80.54189, 14.688886, 64.30906, 96.106636]
recv: 0.000071 s, parse: 0.000002 s, handle: 0.220755 s
Got start of message 54 
fake_model: serving batch [[13.990461]
 [96.75778 ]
 [14.222779]
 [63.344837]
 [80.759476]
 [46.596245]
 [11.870633]], sleeping for 247.09ms = 71.70 + 0.26 * 7 * 96.76
fake_model: returning [13.990461, 96.75778, 14.222779, 63.344837, 80.759476, 46.596245, 11.870633]
recv: 0.000082 s, parse: 0.000002 s, handle: 0.247353 s
Got start of message 55 
fake_model: serving batch [[12.757683]
 [30.711258]
 [97.16105 ]
 [80.856285]
 [62.92851 ]
 [29.49395 ]
 [14.03253 ]
 [64.59256 ]], sleeping for 273.28ms = 72.00 + 0.26 * 8 * 97.16
fake_model: returning [12.757683, 30.711258, 97.16105, 80.856285, 62.92851, 29.49395, 14.03253, 64.59256]
recv: 0.000096 s, parse: 0.000002 s, handle: 0.273551 s
Got start of message 56 
fake_model: serving batch [[46.545727]
 [12.219756]
 [13.841336]
 [97.313934]
 [62.742363]
 [45.794754]
 [63.25405 ]
 [13.038747]], sleeping for 273.71ms = 72.11 + 0.26 * 8 * 97.31
fake_model: returning [46.545727, 12.219756, 13.841336, 97.313934, 62.742363, 45.794754, 63.25405, 13.038747]
recv: 0.000077 s, parse: 0.000002 s, handle: 0.273944 s
Got start of message 57 
fake_model: serving batch [[96.327156]
 [11.702549]
 [29.790342]
 [95.40193 ]
 [79.98301 ]
 [65.43489 ]
 [97.29292 ]
 [97.180244]], sleeping for 273.65ms = 72.10 + 0.26 * 8 * 97.29
fake_model: returning [96.327156, 11.702549, 29.790342, 95.40193, 79.98301, 65.43489, 97.29292, 97.180244]
recv: 0.000074 s, parse: 0.000002 s, handle: 0.273884 s
Got start of message 58 
fake_model: serving batch [[82.3714  ]
 [47.132717]
 [30.554981]
 [97.19897 ]
 [98.50426 ]
 [46.860046]
 [13.202631]
 [98.28314 ]], sleeping for 277.05ms = 73.00 + 0.26 * 8 * 98.50
fake_model: returning [82.3714, 47.132717, 30.554981, 97.19897, 98.50426, 46.860046, 13.202631, 98.28314]
recv: 0.000075 s, parse: 0.000003 s, handle: 0.277293 s
Got start of message 59 
fake_model: serving batch [[81.98063 ]
 [30.918423]
 [31.007475]
 [47.323284]
 [95.78545 ]
 [11.794645]
 [13.185777]
 [46.70261 ]], sleeping for 269.41ms = 70.98 + 0.26 * 8 * 95.79
fake_model: returning [81.98063, 30.918423, 31.007475, 47.323284, 95.78545, 11.794645, 13.185777, 46.70261]
recv: 0.000075 s, parse: 0.000002 s, handle: 0.269674 s
Got start of message 60 
fake_model: serving batch [[45.56753 ]
 [30.800314]
 [45.876427]
 [30.667212]
 [46.579327]
 [97.80477 ]
 [46.05271 ]
 [96.67984 ]], sleeping for 275.09ms = 72.48 + 0.26 * 8 * 97.80
fake_model: returning [45.56753, 30.800314, 45.876427, 30.667212, 46.579327, 97.80477, 46.05271, 96.67984]
recv: 0.000097 s, parse: 0.000002 s, handle: 0.275341 s
Got start of message 61 
fake_model: serving batch [[12.663664]
 [30.086348]
 [95.660805]
 [47.0769  ]
 [79.827126]
 [96.95329 ]
 [13.085899]
 [96.2191  ]], sleeping for 272.69ms = 71.85 + 0.26 * 8 * 96.95
fake_model: returning [12.663664, 30.086348, 95.660805, 47.0769, 79.827126, 96.95329, 13.085899, 96.2191]
recv: 0.000077 s, parse: 0.000002 s, handle: 0.272929 s
Got start of message 62 
fake_model: serving batch [[64.07113 ]
 [47.894722]
 [31.26613 ]
 [79.57537 ]
 [30.446276]
 [62.723423]
 [96.90392 ]
 [28.45666 ]], sleeping for 272.55ms = 71.81 + 0.26 * 8 * 96.90
fake_model: returning [64.07113, 47.894722, 31.26613, 79.57537, 30.446276, 62.723423, 96.90392, 28.45666]
recv: 0.000076 s, parse: 0.000002 s, handle: 0.272797 s
Got start of message 63 
fake_model: serving batch [[81.43299 ]
 [48.878723]
 [64.22501 ]
 [80.20621 ]
 [29.969194]
 [64.469124]
 [81.3266  ]
 [28.892939]], sleeping for 229.04ms = 60.35 + 0.26 * 8 * 81.43
fake_model: returning [81.43299, 48.878723, 64.22501, 80.20621, 29.969194, 64.469124, 81.3266, 28.892939]
recv: 0.000074 s, parse: 0.000002 s, handle: 0.229272 s
Got start of message 64 
fake_model: serving batch [[46.35577 ]
 [29.82196 ]
 [13.104807]
 [46.173542]
 [30.890789]
 [79.64611 ]
 [46.32447 ]
 [47.73541 ]], sleeping for 224.01ms = 59.02 + 0.26 * 8 * 79.65
fake_model: returning [46.35577, 29.82196, 13.104807, 46.173542, 30.890789, 79.64611, 46.32447, 47.73541]
recv: 0.000074 s, parse: 0.000002 s, handle: 0.224247 s
Got start of message 65 
fake_model: serving batch [[95.99292 ]
 [30.309044]
 [46.47965 ]
 [46.747948]
 [63.28315 ]
 [97.23448 ]
 [14.012   ]
 [47.45302 ]], sleeping for 273.48ms = 72.06 + 0.26 * 8 * 97.23
fake_model: returning [95.99292, 30.309044, 46.47965, 46.747948, 63.28315, 97.23448, 14.012, 47.45302]
recv: 0.000074 s, parse: 0.000002 s, handle: 0.273718 s
Got start of message 66 
fake_model: serving batch [[45.38158]
 [96.02193]
 [80.90425]
 [47.00519]
 [97.1039 ]
 [96.39733]
 [62.77908]
 [98.21528]], sleeping for 276.24ms = 72.78 + 0.26 * 8 * 98.22
fake_model: returning [45.38158, 96.02193, 80.90425, 47.00519, 97.1039, 96.39733, 62.77908, 98.21528]
recv: 0.000076 s, parse: 0.000002 s, handle: 0.276557 s
Got start of message 67 
fake_model: serving batch [[30.690262 ]
 [13.774861 ]
 [14.1747675]
 [12.639353 ]
 [96.142296 ]
 [30.363768 ]
 [96.46678  ]
 [65.23226  ]], sleeping for 271.32ms = 71.49 + 0.26 * 8 * 96.47
fake_model: returning [30.690262, 13.774861, 14.1747675, 12.639353, 96.142296, 30.363768, 96.46678, 65.23226]
recv: 0.000104 s, parse: 0.000003 s, handle: 0.271626 s
Got start of message 68 
fake_model: serving batch [[63.946114]
 [79.40431 ]
 [46.443695]
 [79.811676]
 [63.842594]
 [46.28885 ]
 [63.21975 ]
 [79.79359 ]], sleeping for 224.48ms = 59.14 + 0.26 * 8 * 79.81
fake_model: returning [63.946114, 79.40431, 46.443695, 79.811676, 63.842594, 46.28885, 63.21975, 79.79359]
recv: 0.000077 s, parse: 0.000003 s, handle: 0.224716 s
Got start of message 69 
fake_model: serving batch [[29.207472]
 [63.732906]
 [30.260582]
 [12.175628]
 [30.533562]
 [96.59622 ]
 [28.963326]
 [46.95814 ]], sleeping for 271.69ms = 71.58 + 0.26 * 8 * 96.60
fake_model: returning [29.207472, 63.732906, 30.260582, 12.175628, 30.533562, 96.59622, 28.963326, 46.95814]
recv: 0.000076 s, parse: 0.000003 s, handle: 0.271923 s
Got start of message 70 
fake_model: serving batch [[96.54367 ]
 [13.804905]
 [13.021559]
 [30.821163]
 [30.136522]
 [30.98117 ]
 [29.252018]
 [95.094246]], sleeping for 271.54ms = 71.54 + 0.26 * 8 * 96.54
fake_model: returning [96.54367, 13.804905, 13.021559, 30.821163, 30.136522, 30.98117, 29.252018, 95.094246]
recv: 0.000077 s, parse: 0.000002 s, handle: 0.271785 s
Got start of message 71 
fake_model: serving batch [[44.73823 ]
 [46.52734 ]
 [46.779835]
 [14.440956]
 [96.48204 ]
 [97.03678 ]
 [12.369257]
 [95.89846 ]], sleeping for 272.93ms = 71.91 + 0.26 * 8 * 97.04
fake_model: returning [44.73823, 46.52734, 46.779835, 14.440956, 96.48204, 97.03678, 12.369257, 95.89846]
recv: 0.000077 s, parse: 0.000003 s, handle: 0.273164 s
Got start of message 72 
fake_model: serving batch [[62.699787]
 [79.73145 ]
 [96.49911 ]
 [80.58321 ]
 [96.08698 ]
 [11.947426]
 [31.224209]
 [29.325472]], sleeping for 271.42ms = 71.51 + 0.26 * 8 * 96.50
fake_model: returning [62.699787, 79.73145, 96.49911, 80.58321, 96.08698, 11.947426, 31.224209, 29.325472]
recv: 0.000101 s, parse: 0.000002 s, handle: 0.271661 s
Got start of message 73 
fake_model: serving batch [[63.29744 ]
 [27.797766]
 [30.46532 ]
 [45.09423 ]
 [81.09574 ]
 [79.93757 ]
 [14.275665]
 [64.404144]], sleeping for 228.09ms = 60.10 + 0.26 * 8 * 81.10
fake_model: returning [63.29744, 27.797766, 30.46532, 45.09423, 81.09574, 79.93757, 14.275665, 64.404144]
recv: 0.000100 s, parse: 0.000003 s, handle: 0.228482 s
Got start of message 74 
fake_model: serving batch [[64.3414  ]
 [64.6282  ]
 [80.5079  ]
 [79.33998 ]
 [12.618442]
 [12.688621]
 [97.335396]
 [80.92881 ]], sleeping for 273.77ms = 72.13 + 0.26 * 8 * 97.34
fake_model: returning [64.3414, 64.6282, 80.5079, 79.33998, 12.618442, 12.688621, 97.335396, 80.92881]
recv: 0.000107 s, parse: 0.000002 s, handle: 0.274037 s
Got start of message 75 
fake_model: serving batch [[30.411236]
 [81.28511 ]
 [47.058987]
 [30.515265]
 [46.307617]
 [30.755598]
 [13.153913]
 [29.935232]], sleeping for 228.62ms = 60.24 + 0.26 * 8 * 81.29
fake_model: returning [30.411236, 81.28511, 47.058987, 30.515265, 46.307617, 30.755598, 13.153913, 29.935232]
recv: 0.000074 s, parse: 0.000002 s, handle: 0.228858 s
Got start of message 76 
fake_model: serving batch [[96.51177 ]
 [13.171426]
 [47.09629 ]
 [62.144394]
 [46.76334 ]
 [62.53286 ]
 [80.05984 ]
 [80.189125]], sleeping for 271.45ms = 71.52 + 0.26 * 8 * 96.51
fake_model: returning [96.51177, 13.171426, 47.09629, 62.144394, 46.76334, 62.53286, 80.05984, 80.189125]
recv: 0.000073 s, parse: 0.000002 s, handle: 0.271690 s
Got start of message 77 
fake_model: serving batch [[44.343777]
 [62.371418]
 [79.88966 ]
 [30.037285]
 [62.401325]
 [30.246454]
 [13.856808]
 [12.834547]], sleeping for 224.70ms = 59.20 + 0.26 * 8 * 79.89
fake_model: returning [44.343777, 62.371418, 79.88966, 30.037285, 62.401325, 30.246454, 13.856808, 12.834547]
recv: 0.000075 s, parse: 0.000002 s, handle: 0.224935 s
Got start of message 78 
fake_model: serving batch [[48.310944]
 [46.97352 ]
 [63.427273]
 [32.295395]
 [97.8387  ]
 [78.97699 ]
 [14.512048]
 [46.926086]], sleeping for 275.18ms = 72.50 + 0.26 * 8 * 97.84
fake_model: returning [48.310944, 46.97352, 63.427273, 32.295395, 97.8387, 78.97699, 14.512048, 46.926086]
recv: 0.000079 s, parse: 0.000002 s, handle: 0.275447 s
Got start of message 79 
fake_model: serving batch [[11.551837]
 [29.120543]
 [12.916422]
 [80.07571 ]
 [63.204315]
 [62.872017]
 [79.08032 ]
 [14.201331]], sleeping for 225.22ms = 59.34 + 0.26 * 8 * 80.08
fake_model: returning [11.551837, 29.120543, 12.916422, 80.07571, 63.204315, 62.872017, 79.08032, 14.201331]
recv: 0.000092 s, parse: 0.000002 s, handle: 0.225505 s
Got start of message 80 
fake_model: serving batch [[81.38056 ]
 [15.087891]
 [47.301075]
 [13.688971]
 [80.31923 ]
 [62.675465]
 [63.697205]
 [12.988678]], sleeping for 228.89ms = 60.31 + 0.26 * 8 * 81.38
fake_model: returning [81.38056, 15.087891, 47.301075, 13.688971, 80.31923, 62.675465, 63.697205, 12.988678]
recv: 0.000075 s, parse: 0.000002 s, handle: 0.229132 s
Got start of message 81 
fake_model: serving batch [[14.342407]
 [95.54954 ]
 [79.48159 ]
 [13.480093]
 [80.35252 ]
 [95.872765]
 [29.900536]
 [47.52881 ]], sleeping for 269.65ms = 71.05 + 0.26 * 8 * 95.87
fake_model: returning [14.342407, 95.54954, 79.48159, 13.480093, 80.35252, 95.872765, 29.900536, 47.52881]
recv: 0.000085 s, parse: 0.000002 s, handle: 0.269914 s
Got start of message 82 
fake_model: serving batch [[13.138403]
 [46.64326 ]
 [13.639887]
 [14.986602]
 [29.557783]
 [63.1417  ]
 [96.44884 ]
 [95.6248  ]], sleeping for 271.27ms = 71.47 + 0.26 * 8 * 96.45
fake_model: returning [13.138403, 46.64326, 13.639887, 14.986602, 29.557783, 63.1417, 96.44884, 95.6248]
recv: 0.000074 s, parse: 0.000002 s, handle: 0.271508 s
Got start of message 83 
fake_model: serving batch [[81.50208 ]
 [63.43967 ]
 [80.695015]
 [13.87445 ]
 [97.0228  ]
 [96.04453 ]
 [81.81621 ]
 [94.79862 ]], sleeping for 272.89ms = 71.90 + 0.26 * 8 * 97.02
fake_model: returning [81.50208, 63.43967, 80.695015, 13.87445, 97.0228, 96.04453, 81.81621, 94.79862]
recv: 0.000078 s, parse: 0.000002 s, handle: 0.273123 s
Got start of message 84 
fake_model: serving batch [[45.707706]
 [46.23065 ]
 [29.540909]
 [97.05488 ]
 [29.918358]
 [13.31453 ]
 [79.95096 ]
 [13.121385]], sleeping for 272.98ms = 71.92 + 0.26 * 8 * 97.05
fake_model: returning [45.707706, 46.23065, 29.540909, 97.05488, 29.918358, 13.31453, 79.95096, 13.121385]
recv: 0.000086 s, parse: 0.000002 s, handle: 0.273213 s
Got start of message 85 
fake_model: serving batch [[79.877304]
 [45.60961 ]
 [64.43349 ]
 [80.23679 ]
 [48.61881 ]
 [15.232383]
 [64.13824 ]
 [64.68133 ]], sleeping for 225.68ms = 59.46 + 0.26 * 8 * 80.24
fake_model: returning [79.877304, 45.60961, 64.43349, 80.23679, 48.61881, 15.232383, 64.13824, 64.68133]
recv: 0.000074 s, parse: 0.000002 s, handle: 0.225909 s
Got start of message 86 
fake_model: serving batch [[97.970726]
 [29.302576]
 [47.774265]
 [14.81092 ]
 [14.150655]
 [13.263471]
 [29.739141]
 [61.920082]], sleeping for 275.55ms = 72.60 + 0.26 * 8 * 97.97
fake_model: returning [97.970726, 29.302576, 47.774265, 14.81092, 14.150655, 13.263471, 29.739141, 61.920082]
recv: 0.000074 s, parse: 0.000002 s, handle: 0.275789 s
Got start of message 87 
fake_model: serving batch [[63.023598]
 [64.81419 ]
 [12.490879]
 [80.43824 ]
 [64.20227 ]
 [80.26914 ]
 [63.37743 ]
 [13.910617]], sleeping for 226.24ms = 59.61 + 0.26 * 8 * 80.44
fake_model: returning [63.023598, 64.81419, 12.490879, 80.43824, 64.20227, 80.26914, 63.37743, 13.910617]
recv: 0.000073 s, parse: 0.000002 s, handle: 0.226555 s
