22-04-02:20:32:02 INFO     [docker_container_manager.py:192] [default-cluster] Starting managed Redis instance in Docker
22-04-02:20:32:05 INFO     [docker_container_manager.py:294] [default-cluster] Metric Configuration Saved at /tmp/tmp_y9aaq1b.yml
22-04-02:20:32:05 INFO     [clipper_admin.py:162] [default-cluster] Clipper is running
22-04-02:20:32:05 INFO     [clipper_admin.py:236] [default-cluster] Application fake-model was successfully registered
22-04-02:20:32:05 INFO     [deployer_utils.py:41] Saving function to /tmp/tmpequn7tmzclipper
22-04-02:20:32:05 INFO     [deployer_utils.py:51] Serialized and supplied predict function
22-04-02:20:32:05 INFO     [python.py:192] Python closure saved
22-04-02:20:32:05 INFO     [python.py:210] Using Python 3.7 base image
22-04-02:20:32:05 INFO     [clipper_admin.py:534] [default-cluster] Building model Docker image with model data from /tmp/tmpequn7tmzclipper
22-04-02:20:32:06 INFO     [clipper_admin.py:539] [default-cluster] Step 1/2 : FROM clipper/python37-closure-container:develop
22-04-02:20:32:06 INFO     [clipper_admin.py:539] [default-cluster]  ---> 2660542c0759
22-04-02:20:32:06 INFO     [clipper_admin.py:539] [default-cluster] Step 2/2 : COPY /tmp/tmpequn7tmzclipper /model/
22-04-02:20:32:06 INFO     [clipper_admin.py:539] [default-cluster]  ---> 1426d159b737
22-04-02:20:32:06 INFO     [clipper_admin.py:539] [default-cluster] Successfully built 1426d159b737
22-04-02:20:32:06 INFO     [clipper_admin.py:539] [default-cluster] Successfully tagged default-cluster-fake-model:1
22-04-02:20:32:06 INFO     [clipper_admin.py:541] [default-cluster] Pushing model Docker image to default-cluster-fake-model:1
22-04-02:20:32:06 INFO     [docker_container_manager.py:433] [default-cluster] Found 0 replicas for fake-model:1. Adding 1
22-04-02:20:32:07 INFO     [clipper_admin.py:724] [default-cluster] Successfully registered model fake-model:1
22-04-02:20:32:07 INFO     [clipper_admin.py:642] [default-cluster] Done deploying model fake-model:1.
22-04-02:20:32:07 INFO     [clipper_admin.py:303] [default-cluster] Model fake-model is now linked to application fake-model
INFO: waiting for ready to serve
INFO: waiting for ready to serve
INFO: waiting for ready to serve
INFO: waiting for ready to serve
INFO: ready to go
INFO: rock and roll
INFO: at 7.245 ms batch [8.574] delay 3.216 ms
INFO: at 10.462 ms batch [5.273] delay 3.216 ms
INFO: at 13.679 ms batch [8.701] delay 3.216 ms
INFO: at 16.896 ms batch [5.173] delay 3.216 ms
INFO: at 20.113 ms batch [4.879] delay 3.216 ms
INFO: at 23.330 ms batch [12.628] delay 3.216 ms
INFO: at 26.546 ms batch [4.935] delay 3.216 ms
INFO: at 29.763 ms batch [5.157] delay 3.216 ms
INFO: at 32.980 ms batch [4.656] delay 3.216 ms
INFO: at 36.196 ms batch [10.795] delay 3.216 ms
INFO: at 39.413 ms batch [5.307] delay 4.020 ms
INFO: at 43.433 ms batch [5.116] delay 4.020 ms
INFO: at 47.454 ms batch [5.100] delay 4.020 ms
INFO: at 51.474 ms batch [11.829] delay 4.020 ms
INFO: at 55.495 ms batch [7.431] delay 4.020 ms
INFO: at 59.515 ms batch [4.274] delay 4.020 ms
INFO: at 63.536 ms batch [8.118] delay 4.020 ms
INFO: at 67.556 ms batch [4.651] delay 4.020 ms
INFO: at 71.577 ms batch [7.976] delay 2.680 ms
INFO: at 74.257 ms batch [4.818] delay 2.680 ms
INFO: at 76.938 ms batch [4.530] delay 2.680 ms
INFO: at 79.618 ms batch [5.764] delay 2.680 ms
INFO: at 82.299 ms batch [5.593] delay 2.680 ms
INFO: at 84.980 ms batch [5.057] delay 2.680 ms
INFO: at 87.661 ms batch [4.624] delay 2.680 ms
INFO: at 90.341 ms batch [3.677] delay 2.680 ms
INFO: at 93.022 ms batch [8.298] delay 2.680 ms
INFO: at 95.703 ms batch [5.222] delay 2.680 ms
INFO: at 98.384 ms batch [9.740] delay 2.680 ms
INFO: at 101.065 ms batch [10.280] delay 2.680 ms
INFO: at 103.745 ms batch [5.992] delay 2.144 ms
INFO: at 105.890 ms batch [8.089] delay 2.144 ms
INFO: at 108.035 ms batch [7.503] delay 2.144 ms
INFO: at 110.179 ms batch [5.106] delay 2.144 ms
INFO: at 112.324 ms batch [5.047] delay 2.144 ms
INFO: at 114.469 ms batch [7.544] delay 2.144 ms
INFO: at 116.613 ms batch [5.338] delay 2.144 ms
INFO: at 118.758 ms batch [7.532] delay 2.144 ms
INFO: at 120.902 ms batch [9.665] delay 2.144 ms
INFO: at 123.047 ms batch [7.847] delay 2.144 ms
INFO: at 125.192 ms batch [7.461] delay 2.144 ms
INFO: at 127.338 ms batch [5.217] delay 2.144 ms
INFO: at 129.482 ms batch [5.596] delay 2.144 ms
INFO: at 131.627 ms batch [5.042] delay 2.144 ms
INFO: at 133.771 ms batch [7.897] delay 2.144 ms
INFO: at 135.916 ms batch [4.240] delay 3.573 ms
INFO: at 139.490 ms batch [5.465] delay 3.573 ms
INFO: at 143.064 ms batch [6.914] delay 3.573 ms
INFO: at 146.638 ms batch [5.085] delay 3.573 ms
INFO: at 150.212 ms batch [4.689] delay 3.573 ms
INFO: at 153.786 ms batch [6.926] delay 3.573 ms
INFO: at 157.359 ms batch [4.975] delay 3.573 ms
INFO: at 160.934 ms batch [8.018] delay 3.573 ms
INFO: at 164.508 ms batch [4.648] delay 3.573 ms
INFO: at 168.082 ms batch [11.272] delay 3.216 ms
INFO: at 171.298 ms batch [9.467] delay 3.216 ms
INFO: at 174.515 ms batch [3.923] delay 3.216 ms
INFO: at 177.731 ms batch [8.137] delay 3.216 ms
INFO: at 180.948 ms batch [4.262] delay 3.216 ms
INFO: at 184.165 ms batch [4.453] delay 3.216 ms
INFO: at 187.382 ms batch [4.515] delay 3.216 ms
INFO: at 190.598 ms batch [5.050] delay 3.216 ms
INFO: at 193.814 ms batch [8.593] delay 3.216 ms
INFO: at 197.031 ms batch [10.472] delay 3.216 ms
INFO: at 200.248 ms batch [4.890] delay 2.923 ms
INFO: at 203.172 ms batch [9.380] delay 2.923 ms
INFO: at 206.097 ms batch [8.627] delay 2.923 ms
INFO: at 209.021 ms batch [4.809] delay 2.923 ms
INFO: at 211.945 ms batch [11.240] delay 2.923 ms
INFO: at 214.869 ms batch [9.077] delay 2.923 ms
INFO: at 217.817 ms batch [7.817] delay 2.923 ms
INFO: at 220.742 ms batch [5.164] delay 2.923 ms
INFO: at 223.669 ms batch [4.772] delay 2.923 ms
INFO: at 226.594 ms batch [5.420] delay 2.923 ms
INFO: at 229.519 ms batch [5.362] delay 2.923 ms
INFO: at 232.447 ms batch [5.628] delay 3.573 ms
INFO: at 236.024 ms batch [5.060] delay 3.573 ms
INFO: at 239.598 ms batch [4.921] delay 3.573 ms
INFO: at 243.175 ms batch [5.175] delay 3.573 ms
INFO: at 246.753 ms batch [6.811] delay 3.573 ms
INFO: at 250.327 ms batch [8.922] delay 3.573 ms
INFO: at 253.901 ms batch [4.748] delay 3.573 ms
INFO: at 257.475 ms batch [3.148] delay 3.573 ms
INFO: at 261.050 ms batch [6.013] delay 3.573 ms
INFO: at 264.623 ms batch [5.120] delay 3.216 ms
INFO: at 267.840 ms batch [6.639] delay 3.216 ms
INFO: at 271.058 ms batch [6.413] delay 3.216 ms
INFO: at 274.275 ms batch [6.449] delay 3.216 ms
INFO: at 277.492 ms batch [11.211] delay 3.216 ms
INFO: at 280.708 ms batch [4.558] delay 3.216 ms
INFO: at 283.924 ms batch [5.612] delay 3.216 ms
INFO: at 287.142 ms batch [9.576] delay 3.216 ms
INFO: at 290.359 ms batch [7.067] delay 3.216 ms
INFO: at 293.575 ms batch [6.760] delay 3.216 ms
INFO: at 296.792 ms batch [7.417] delay 2.923 ms
INFO: at 299.716 ms batch [7.056] delay 2.923 ms
INFO: at 302.641 ms batch [6.838] delay 2.923 ms
INFO: at 305.565 ms batch [7.345] delay 2.923 ms
INFO: at 308.490 ms batch [4.486] delay 2.923 ms
INFO: at 311.415 ms batch [4.765] delay 2.923 ms
INFO: at 314.340 ms batch [7.189] delay 2.923 ms
INFO: at 317.264 ms batch [5.732] delay 2.923 ms
INFO: at 320.189 ms batch [5.529] delay 2.923 ms
INFO: at 323.113 ms batch [4.415] delay 2.923 ms
INFO: at 326.037 ms batch [5.314] delay 2.923 ms
INFO: at 328.961 ms batch [9.838] delay 3.216 ms
INFO: at 332.178 ms batch [6.134] delay 3.216 ms
INFO: at 335.394 ms batch [5.923] delay 3.216 ms
INFO: at 338.611 ms batch [6.539] delay 3.216 ms
INFO: at 341.828 ms batch [8.128] delay 3.216 ms
INFO: at 345.044 ms batch [4.923] delay 3.216 ms
INFO: at 348.270 ms batch [7.726] delay 3.216 ms
INFO: at 351.487 ms batch [5.787] delay 3.216 ms
INFO: at 354.704 ms batch [6.574] delay 3.216 ms
INFO: at 357.920 ms batch [5.097] delay 3.216 ms
INFO: at 361.137 ms batch [4.499] delay 2.680 ms
INFO: at 363.817 ms batch [5.331] delay 2.680 ms
INFO: at 366.498 ms batch [10.527] delay 2.680 ms
INFO: at 369.179 ms batch [7.285] delay 2.680 ms
INFO: at 371.859 ms batch [4.882] delay 2.680 ms
INFO: at 374.540 ms batch [4.754] delay 2.680 ms
INFO: at 377.221 ms batch [5.791] delay 2.680 ms
INFO: at 379.902 ms batch [4.928] delay 2.680 ms
INFO: at 382.583 ms batch [5.541] delay 2.680 ms
INFO: at 385.264 ms batch [10.980] delay 2.680 ms
INFO: at 387.944 ms batch [5.652] delay 2.680 ms
INFO: at 390.625 ms batch [9.851] delay 2.680 ms
INFO: at 393.305 ms batch [7.987] delay 3.216 ms
INFO: at 396.522 ms batch [8.336] delay 3.216 ms
INFO: at 399.738 ms batch [5.589] delay 3.216 ms
INFO: at 402.955 ms batch [5.092] delay 3.216 ms
INFO: at 406.171 ms batch [5.127] delay 3.216 ms
INFO: at 409.388 ms batch [5.405] delay 3.216 ms
INFO: at 412.604 ms batch [5.782] delay 3.216 ms
INFO: at 415.821 ms batch [9.550] delay 3.216 ms
INFO: at 419.038 ms batch [6.310] delay 3.216 ms
INFO: at 422.255 ms batch [5.556] delay 3.216 ms
INFO: at 425.471 ms batch [3.887] delay 2.923 ms
INFO: at 428.395 ms batch [4.126] delay 2.923 ms
INFO: at 431.319 ms batch [5.554] delay 2.923 ms
INFO: at 434.244 ms batch [5.471] delay 2.923 ms
INFO: at 437.168 ms batch [-0.260] delay 2.923 ms
INFO: at 440.092 ms batch [5.263] delay 2.923 ms
INFO: at 443.017 ms batch [4.549] delay 2.923 ms
INFO: at 445.941 ms batch [4.913] delay 2.923 ms
INFO: at 448.865 ms batch [4.372] delay 2.923 ms
INFO: at 451.789 ms batch [5.371] delay 2.923 ms
INFO: at 454.713 ms batch [5.581] delay 2.923 ms
INFO: at 457.638 ms batch [7.639] delay 3.573 ms
INFO: at 461.212 ms batch [4.893] delay 3.573 ms
INFO: at 464.786 ms batch [5.194] delay 3.573 ms
INFO: at 468.360 ms batch [5.143] delay 3.573 ms
INFO: at 471.933 ms batch [7.134] delay 3.573 ms
INFO: at 475.507 ms batch [5.506] delay 3.573 ms
INFO: at 479.081 ms batch [5.802] delay 3.573 ms
INFO: at 482.655 ms batch [9.769] delay 3.573 ms
INFO: at 486.229 ms batch [6.743] delay 3.573 ms
INFO: at 489.803 ms batch [9.325] delay 2.474 ms
INFO: at 492.278 ms batch [6.356] delay 2.474 ms
INFO: at 494.752 ms batch [5.284] delay 2.474 ms
INFO: at 497.227 ms batch [5.213] delay 2.474 ms
INFO: at 499.702 ms batch [5.997] delay 2.474 ms
INFO: at 502.176 ms batch [5.241] delay 2.474 ms
INFO: at 504.651 ms batch [5.386] delay 2.474 ms
INFO: at 507.125 ms batch [5.646] delay 2.474 ms
INFO: at 509.600 ms batch [5.736] delay 2.474 ms
INFO: at 512.075 ms batch [4.778] delay 2.474 ms
INFO: at 514.549 ms batch [5.125] delay 2.474 ms
INFO: at 517.025 ms batch [5.238] delay 2.474 ms
INFO: at 519.499 ms batch [5.701] delay 2.474 ms
INFO: at 521.974 ms batch [4.790] delay 3.573 ms
INFO: at 525.548 ms batch [7.867] delay 3.573 ms
INFO: at 529.122 ms batch [8.148] delay 3.573 ms
INFO: at 532.696 ms batch [3.981] delay 3.573 ms
INFO: at 536.270 ms batch [6.021] delay 3.573 ms
INFO: at 539.844 ms batch [5.384] delay 3.573 ms
INFO: at 543.418 ms batch [5.413] delay 3.573 ms
INFO: at 546.992 ms batch [8.860] delay 3.573 ms
INFO: at 550.566 ms batch [7.587] delay 3.573 ms
INFO: at 554.140 ms batch [7.312] delay 5.360 ms
INFO: at 7.245 ms fetching 8.574 ms
INFO: at 10.462 ms fetching 5.273 ms
INFO: at 13.679 ms fetching 8.701 ms
INFO: at 16.896 ms fetching 5.173 ms
INFO: at 20.113 ms fetching 4.879 ms
INFO: at 23.330 ms fetching 12.628 ms
INFO: at 26.546 ms fetching 4.935 ms
INFO: at 29.763 ms fetching 5.157 ms
INFO: at 32.980 ms fetching 4.656 ms
INFO: at 36.196 ms fetching 10.795 ms
INFO: at 39.413 ms fetching 5.307 ms
INFO: at 43.433 ms fetching 5.116 ms
INFO: at 47.454 ms fetching 5.100 ms
INFO: at 51.474 ms fetching 11.829 ms
INFO: at 55.495 ms fetching 7.431 ms
INFO: at 59.515 ms fetching 4.274 ms
INFO: at 63.536 ms fetching 8.118 ms
INFO: at 67.556 ms fetching 4.651 ms
INFO: at 71.577 ms fetching 7.976 ms
INFO: at 74.257 ms fetching 4.818 ms
INFO: at 76.938 ms fetching 4.530 ms
INFO: at 79.618 ms fetching 5.764 ms
INFO: at 82.299 ms fetching 5.593 ms
INFO: at 84.980 ms fetching 5.057 ms
INFO: at 87.661 ms fetching 4.624 ms
INFO: at 90.341 ms fetching 3.677 ms
INFO: at 93.022 ms fetching 8.298 ms
INFO: at 95.703 ms fetching 5.222 ms
INFO: at 98.384 ms fetching 9.740 ms
INFO: at 101.065 ms fetching 10.280 ms
INFO: at 103.745 ms fetching 5.992 ms
INFO: at 105.890 ms fetching 8.089 ms
INFO: at 108.035 ms fetching 7.503 ms
INFO: at 110.179 ms fetching 5.106 ms
INFO: at 112.324 ms fetching 5.047 ms
INFO: at 114.469 ms fetching 7.544 ms
INFO: at 116.613 ms fetching 5.338 ms
INFO: at 118.758 ms fetching 7.532 ms
INFO: at 120.902 ms fetching 9.665 ms
INFO: at 123.047 ms fetching 7.847 ms
INFO: at 125.192 ms fetching 7.461 ms
INFO: at 127.338 ms fetching 5.217 ms
INFO: at 129.482 ms fetching 5.596 ms
INFO: at 131.627 ms fetching 5.042 ms
INFO: at 133.771 ms fetching 7.897 ms
INFO: at 135.916 ms fetching 4.240 ms
INFO: at 139.490 ms fetching 5.465 ms
INFO: at 143.064 ms fetching 6.914 ms
INFO: at 146.638 ms fetching 5.085 ms
INFO: at 150.212 ms fetching 4.689 ms
INFO: at 153.786 ms fetching 6.926 ms
INFO: at 157.359 ms fetching 4.975 ms
INFO: at 160.934 ms fetching 8.018 ms
INFO: at 164.508 ms fetching 4.648 ms
INFO: at 168.082 ms fetching 11.272 ms
INFO: at 171.298 ms fetching 9.467 ms
INFO: at 174.515 ms fetching 3.923 ms
INFO: at 177.731 ms fetching 8.137 ms
INFO: at 180.948 ms fetching 4.262 ms
INFO: at 184.165 ms fetching 4.453 ms
INFO: at 187.382 ms fetching 4.515 ms
INFO: at 190.598 ms fetching 5.050 ms
INFO: at 193.814 ms fetching 8.593 ms
INFO: at 197.031 ms fetching 10.472 ms
INFO: at 200.248 ms fetching 4.890 ms
INFO: at 203.172 ms fetching 9.380 ms
INFO: at 206.097 ms fetching 8.627 ms
INFO: at 209.021 ms fetching 4.809 ms
INFO: at 211.945 ms fetching 11.240 ms
INFO: at 214.869 ms fetching 9.077 ms
INFO: at 217.817 ms fetching 7.817 ms
INFO: at 220.742 ms fetching 5.164 ms
INFO: at 223.669 ms fetching 4.772 ms
INFO: at 226.594 ms fetching 5.420 ms
INFO: at 229.519 ms fetching 5.362 ms
INFO: at 232.447 ms fetching 5.628 ms
INFO: at 236.024 ms fetching 5.060 ms
INFO: at 239.598 ms fetching 4.921 ms
INFO: at 243.175 ms fetching 5.175 ms
INFO: at 246.753 ms fetching 6.811 ms
INFO: at 250.327 ms fetching 8.922 ms
INFO: at 253.901 ms fetching 4.748 ms
INFO: at 257.475 ms fetching 3.148 ms
INFO: at 261.050 ms fetching 6.013 ms
INFO: at 264.623 ms fetching 5.120 ms
INFO: at 267.840 ms fetching 6.639 ms
INFO: at 271.058 ms fetching 6.413 ms
INFO: at 274.275 ms fetching 6.449 ms
INFO: at 277.492 ms fetching 11.211 ms
INFO: at 280.708 ms fetching 4.558 ms
INFO: at 283.924 ms fetching 5.612 ms
INFO: at 287.142 ms fetching 9.576 ms
INFO: at 290.359 ms fetching 7.067 ms
INFO: at 293.575 ms fetching 6.760 ms
INFO: at 296.792 ms fetching 7.417 ms
INFO: at 299.716 ms fetching 7.056 ms
INFO: at 302.641 ms fetching 6.838 ms
INFO: at 305.565 ms fetching 7.345 ms
INFO: at 308.490 ms fetching 4.486 ms
INFO: at 311.415 ms fetching 4.765 ms
INFO: at 314.340 ms fetching 7.189 ms
INFO: at 317.264 ms fetching 5.732 ms
INFO: at 320.189 ms fetching 5.529 ms
INFO: at 323.113 ms fetching 4.415 ms
INFO: at 326.037 ms fetching 5.314 ms
INFO: at 328.961 ms fetching 9.838 ms
INFO: at 332.178 ms fetching 6.134 ms
INFO: at 335.394 ms fetching 5.923 ms
INFO: at 338.611 ms fetching 6.539 ms
INFO: at 341.828 ms fetching 8.128 ms
INFO: at 345.044 ms fetching 4.923 ms
INFO: at 348.270 ms fetching 7.726 ms
INFO: at 351.487 ms fetching 5.787 ms
INFO: at 354.704 ms fetching 6.574 ms
INFO: at 357.920 ms fetching 5.097 ms
INFO: at 361.137 ms fetching 4.499 ms
INFO: at 363.817 ms fetching 5.331 ms
INFO: at 366.498 ms fetching 10.527 ms
INFO: at 369.179 ms fetching 7.285 ms
INFO: at 371.859 ms fetching 4.882 ms
INFO: at 374.540 ms fetching 4.754 ms
INFO: at 377.221 ms fetching 5.791 ms
INFO: at 379.902 ms fetching 4.928 ms
INFO: at 382.583 ms fetching 5.541 ms
INFO: at 385.264 ms fetching 10.980 ms
INFO: at 387.944 ms fetching 5.652 ms
INFO: at 390.625 ms fetching 9.851 ms
INFO: at 393.305 ms fetching 7.987 ms
INFO: at 396.522 ms fetching 8.336 ms
INFO: at 399.738 ms fetching 5.589 ms
INFO: at 402.955 ms fetching 5.092 ms
INFO: at 406.171 ms fetching 5.127 ms
INFO: at 409.388 ms fetching 5.405 ms
INFO: at 412.604 ms fetching 5.782 ms
INFO: at 415.821 ms fetching 9.550 ms
INFO: at 419.038 ms fetching 6.310 ms
INFO: at 422.255 ms fetching 5.556 ms
INFO: at 425.471 ms fetching 3.887 ms
INFO: at 428.395 ms fetching 4.126 ms
INFO: at 431.319 ms fetching 5.554 ms
INFO: at 434.244 ms fetching 5.471 ms
INFO: at 437.168 ms fetching -0.260 ms
INFO: at 440.092 ms fetching 5.263 ms
INFO: at 443.017 ms fetching 4.549 ms
INFO: at 445.941 ms fetching 4.913 ms
INFO: at 448.865 ms fetching 4.372 ms
INFO: at 451.789 ms fetching 5.371 ms
INFO: at 454.713 ms fetching 5.581 ms
INFO: at 457.638 ms fetching 7.639 ms
INFO: at 461.212 ms fetching 4.893 ms
INFO: at 464.786 ms fetching 5.194 ms
INFO: at 468.360 ms fetching 5.143 ms
INFO: at 471.933 ms fetching 7.134 ms
INFO: at 475.507 ms fetching 5.506 ms
INFO: at 479.081 ms fetching 5.802 ms
INFO: at 482.655 ms fetching 9.769 ms
INFO: at 486.229 ms fetching 6.743 ms
INFO: at 489.803 ms fetching 9.325 ms
INFO: at 492.278 ms fetching 6.356 ms
INFO: at 494.752 ms fetching 5.284 ms
INFO: at 497.227 ms fetching 5.213 ms
INFO: at 499.702 ms fetching 5.997 ms
INFO: at 502.176 ms fetching 5.241 ms
INFO: at 504.651 ms fetching 5.386 ms
INFO: at 507.125 ms fetching 5.646 ms
INFO: at 509.600 ms fetching 5.736 ms
INFO: at 512.075 ms fetching 4.778 ms
INFO: at 514.549 ms fetching 5.125 ms
INFO: at 517.025 ms fetching 5.238 ms
INFO: at 519.499 ms fetching 5.701 ms
INFO: at 521.974 ms fetching 4.790 ms
INFO: at 525.548 ms fetching 7.867 ms
INFO: at 529.122 ms fetching 8.148 ms
INFO: at 532.696 ms fetching 3.981 ms
INFO: at 536.270 ms fetching 6.021 ms
INFO: at 539.844 ms fetching 5.384 ms
INFO: at 543.418 ms fetching 5.413 ms
INFO: at 546.992 ms fetching 8.860 ms
INFO: at 550.566 ms fetching 7.587 ms
INFO: at 554.140 ms fetching 7.312 ms
WARNING: bookkeeping for too long: -27.67901115603115ms
INFO: at 587.186 ms batch [5.852] delay 5.360 ms
INFO: at 587.186 ms fetching 5.852 ms
WARNING: bookkeeping for too long: -69.51997414714958ms
INFO: at 662.091 ms batch [14.010] delay 5.360 ms
INFO: at 662.091 ms fetching 14.010 ms
WARNING: bookkeeping for too long: -8.49499014503624ms
INFO: at 675.962 ms batch [5.477] delay 5.360 ms
INFO: at 675.962 ms fetching 5.477 ms
INFO: at 682.844 ms batch [9.369] delay 5.360 ms
INFO: at 682.844 ms fetching 9.369 ms
INFO: at 688.205 ms batch [9.063] delay 5.360 ms
INFO: at 688.205 ms fetching 9.063 ms
INFO: at 693.566 ms batch [5.070] delay 3.573 ms
INFO: at 697.141 ms batch [3.477] delay 3.573 ms
INFO: at 700.714 ms batch [2.452] delay 3.573 ms
INFO: at 704.289 ms batch [5.111] delay 3.573 ms
INFO: at 707.862 ms batch [10.675] delay 3.573 ms
INFO: at 711.437 ms batch [6.180] delay 3.573 ms
INFO: at 715.011 ms batch [7.238] delay 3.573 ms
INFO: at 718.585 ms batch [4.055] delay 3.573 ms
INFO: at 722.159 ms batch [8.038] delay 3.573 ms
INFO: at 725.733 ms batch [5.523] delay 3.573 ms
INFO: at 729.307 ms batch [9.513] delay 3.573 ms
INFO: at 732.881 ms batch [5.037] delay 3.573 ms
INFO: at 736.455 ms batch [5.490] delay 3.573 ms
INFO: at 740.029 ms batch [8.967] delay 3.573 ms
INFO: at 743.603 ms batch [6.426] delay 3.573 ms
INFO: at 747.177 ms batch [5.305] delay 3.573 ms
INFO: at 750.751 ms batch [8.028] delay 3.573 ms
INFO: at 754.325 ms batch [5.135] delay 3.573 ms
INFO: at 757.899 ms batch [9.121] delay 5.360 ms
INFO: at 693.566 ms fetching 5.070 ms
INFO: at 697.141 ms fetching 3.477 ms
INFO: at 700.714 ms fetching 2.452 ms
INFO: at 704.289 ms fetching 5.111 ms
INFO: at 707.862 ms fetching 10.675 ms
INFO: at 711.437 ms fetching 6.180 ms
INFO: at 715.011 ms fetching 7.238 ms
INFO: at 718.585 ms fetching 4.055 ms
INFO: at 722.159 ms fetching 8.038 ms
INFO: at 725.733 ms fetching 5.523 ms
INFO: at 729.307 ms fetching 9.513 ms
INFO: at 732.881 ms fetching 5.037 ms
INFO: at 736.455 ms fetching 5.490 ms
INFO: at 740.029 ms fetching 8.967 ms
INFO: at 743.603 ms fetching 6.426 ms
INFO: at 747.177 ms fetching 5.305 ms
INFO: at 750.751 ms fetching 8.028 ms
INFO: at 754.325 ms fetching 5.135 ms
INFO: at 757.899 ms fetching 9.121 ms
WARNING: bookkeeping for too long: -12.130314146348496ms
INFO: at 775.396 ms batch [8.637] delay 5.360 ms
INFO: at 775.396 ms fetching 8.637 ms
INFO: at 780.759 ms batch [9.290] delay 5.360 ms
INFO: at 780.759 ms fetching 9.290 ms
INFO: at 786.120 ms batch [5.190] delay 5.360 ms
INFO: at 786.120 ms fetching 5.190 ms
INFO: at 791.481 ms batch [5.498] delay 5.360 ms
INFO: at 791.481 ms fetching 5.498 ms
INFO: at 800.364 ms batch [4.428] delay 5.360 ms
INFO: at 800.364 ms fetching 4.428 ms
INFO: at 805.725 ms batch [8.882] delay 2.923 ms
INFO: at 808.650 ms batch [5.246] delay 2.923 ms
INFO: at 811.574 ms batch [5.728] delay 2.923 ms
INFO: at 814.499 ms batch [5.757] delay 2.923 ms
INFO: at 817.423 ms batch [6.079] delay 2.923 ms
INFO: at 820.348 ms batch [5.366] delay 2.923 ms
INFO: at 823.272 ms batch [4.876] delay 2.923 ms
INFO: at 826.197 ms batch [5.837] delay 2.923 ms
INFO: at 829.121 ms batch [10.397] delay 2.923 ms
INFO: at 832.045 ms batch [5.571] delay 2.923 ms
INFO: at 834.970 ms batch [3.335] delay 2.923 ms
INFO: at 837.894 ms batch [10.158] delay 3.216 ms
INFO: at 841.110 ms batch [8.533] delay 3.216 ms
INFO: at 844.327 ms batch [10.768] delay 3.216 ms
INFO: at 847.543 ms batch [5.446] delay 3.216 ms
INFO: at 850.760 ms batch [4.640] delay 3.216 ms
INFO: at 853.977 ms batch [4.697] delay 3.216 ms
INFO: at 857.195 ms batch [8.772] delay 3.216 ms
INFO: at 860.412 ms batch [8.427] delay 3.216 ms
INFO: at 863.628 ms batch [11.010] delay 3.216 ms
INFO: at 866.845 ms batch [4.458] delay 3.216 ms
INFO: at 870.061 ms batch [10.816] delay 2.923 ms
INFO: at 872.986 ms batch [4.329] delay 2.923 ms
INFO: at 875.910 ms batch [5.678] delay 2.923 ms
INFO: at 878.835 ms batch [5.369] delay 2.923 ms
INFO: at 881.759 ms batch [5.709] delay 2.923 ms
INFO: at 884.683 ms batch [4.905] delay 2.923 ms
INFO: at 887.607 ms batch [8.670] delay 2.923 ms
INFO: at 890.532 ms batch [10.611] delay 2.923 ms
INFO: at 893.456 ms batch [9.726] delay 2.923 ms
INFO: at 896.381 ms batch [6.438] delay 2.923 ms
INFO: at 899.305 ms batch [4.932] delay 2.923 ms
INFO: at 902.229 ms batch [6.864] delay 2.923 ms
INFO: at 905.153 ms batch [7.215] delay 2.923 ms
INFO: at 908.077 ms batch [8.604] delay 2.923 ms
INFO: at 911.002 ms batch [11.042] delay 2.923 ms
INFO: at 913.926 ms batch [7.767] delay 2.923 ms
INFO: at 916.850 ms batch [4.823] delay 2.923 ms
INFO: at 919.774 ms batch [4.394] delay 2.923 ms
INFO: at 922.699 ms batch [4.567] delay 2.923 ms
INFO: at 925.623 ms batch [6.586] delay 2.923 ms
INFO: at 928.547 ms batch [7.577] delay 2.923 ms
INFO: at 931.471 ms batch [5.079] delay 2.923 ms
INFO: at 934.396 ms batch [5.551] delay 2.297 ms
INFO: at 936.693 ms batch [5.479] delay 2.297 ms
INFO: at 938.991 ms batch [4.615] delay 2.297 ms
INFO: at 941.289 ms batch [11.450] delay 2.297 ms
INFO: at 943.587 ms batch [5.918] delay 2.297 ms
INFO: at 945.885 ms batch [5.428] delay 2.297 ms
INFO: at 948.182 ms batch [6.228] delay 2.297 ms
INFO: at 950.480 ms batch [5.457] delay 2.297 ms
INFO: at 952.778 ms batch [6.824] delay 2.297 ms
INFO: at 955.075 ms batch [4.707] delay 2.297 ms
INFO: at 957.373 ms batch [7.673] delay 2.297 ms
INFO: at 959.671 ms batch [9.407] delay 2.297 ms
INFO: at 961.969 ms batch [5.656] delay 2.297 ms
INFO: at 964.267 ms batch [4.409] delay 2.297 ms
INFO: at 966.564 ms batch [4.663] delay 3.216 ms
INFO: at 969.781 ms batch [5.114] delay 3.216 ms
INFO: at 972.997 ms batch [11.123] delay 3.216 ms
INFO: at 976.214 ms batch [7.262] delay 3.216 ms
INFO: at 979.430 ms batch [5.188] delay 3.216 ms
INFO: at 982.647 ms batch [7.916] delay 3.216 ms
INFO: at 985.864 ms batch [5.040] delay 3.216 ms
INFO: at 989.080 ms batch [9.312] delay 3.216 ms
INFO: at 992.297 ms batch [5.833] delay 3.216 ms
INFO: at 995.513 ms batch [5.227] delay 3.216 ms
INFO: at 998.730 ms batch [5.819] delay 2.680 ms
INFO: at 1001.411 ms batch [6.028] delay 2.680 ms
INFO: at 1004.091 ms batch [4.873] delay 2.680 ms
INFO: at 1006.772 ms batch [6.152] delay 2.680 ms
INFO: at 1009.452 ms batch [5.309] delay 2.680 ms
INFO: at 1012.133 ms batch [4.347] delay 2.680 ms
INFO: at 1014.814 ms batch [11.931] delay 2.680 ms
INFO: at 1017.494 ms batch [4.293] delay 2.680 ms
INFO: at 1020.175 ms batch [12.745] delay 2.680 ms
INFO: at 1022.856 ms batch [4.982] delay 2.680 ms
INFO: at 1025.537 ms batch [6.900] delay 2.680 ms
INFO: at 1028.218 ms batch [5.357] delay 2.680 ms
INFO: at 1030.898 ms batch [6.525] delay 3.216 ms
INFO: at 1034.116 ms batch [4.955] delay 3.216 ms
INFO: at 1037.332 ms batch [4.435] delay 3.216 ms
INFO: at 1040.549 ms batch [8.522] delay 3.216 ms
INFO: at 1043.766 ms batch [7.355] delay 3.216 ms
INFO: at 1046.982 ms batch [5.638] delay 3.216 ms
INFO: at 1050.199 ms batch [5.568] delay 3.216 ms
INFO: at 1053.415 ms batch [7.472] delay 3.216 ms
INFO: at 1056.632 ms batch [5.025] delay 3.216 ms
INFO: at 1059.849 ms batch [5.984] delay 3.216 ms
INFO: at 1063.065 ms batch [5.724] delay 3.573 ms
INFO: at 1066.639 ms batch [6.717] delay 3.573 ms
INFO: at 1070.213 ms batch [5.155] delay 3.573 ms
INFO: at 1073.786 ms batch [9.335] delay 3.573 ms
INFO: at 1077.360 ms batch [5.796] delay 3.573 ms
INFO: at 1080.934 ms batch [5.201] delay 3.573 ms
INFO: at 1084.509 ms batch [6.127] delay 3.573 ms
INFO: at 1088.082 ms batch [5.892] delay 3.573 ms
INFO: at 1091.656 ms batch [6.485] delay 3.573 ms
INFO: at 1095.230 ms batch [6.460] delay 4.020 ms
INFO: at 1099.250 ms batch [6.199] delay 4.020 ms
INFO: at 1103.271 ms batch [7.661] delay 4.020 ms
INFO: at 1107.292 ms batch [7.077] delay 4.020 ms
INFO: at 1111.312 ms batch [9.348] delay 4.020 ms
INFO: at 1115.333 ms batch [6.652] delay 4.020 ms
INFO: at 1119.353 ms batch [8.659] delay 4.020 ms
INFO: at 1123.373 ms batch [8.208] delay 4.020 ms
INFO: at 1127.394 ms batch [7.300] delay 4.594 ms
INFO: at 1131.989 ms batch [10.172] delay 4.594 ms
INFO: at 1136.584 ms batch [9.040] delay 4.594 ms
INFO: at 1141.178 ms batch [6.552] delay 4.594 ms
INFO: at 1145.773 ms batch [9.713] delay 4.594 ms
INFO: at 1150.368 ms batch [4.644] delay 4.594 ms
INFO: at 1154.963 ms batch [5.027] delay 4.594 ms
INFO: at 1159.557 ms batch [5.148] delay 3.573 ms
INFO: at 1163.131 ms batch [11.342] delay 3.573 ms
INFO: at 1166.705 ms batch [4.520] delay 3.573 ms
INFO: at 1170.279 ms batch [4.571] delay 3.573 ms
INFO: at 1173.853 ms batch [9.916] delay 3.573 ms
INFO: at 1177.427 ms batch [5.343] delay 3.573 ms
INFO: at 1181.000 ms batch [5.209] delay 3.573 ms
INFO: at 1184.574 ms batch [5.150] delay 3.573 ms
INFO: at 1188.148 ms batch [5.538] delay 3.573 ms
INFO: at 1191.722 ms batch [5.518] delay 4.594 ms
INFO: at 1196.317 ms batch [12.123] delay 4.594 ms
INFO: at 1200.912 ms batch [3.958] delay 4.594 ms
INFO: at 1205.507 ms batch [4.628] delay 4.594 ms
INFO: at 1210.102 ms batch [10.901] delay 4.594 ms
INFO: at 1214.696 ms batch [5.520] delay 4.594 ms
INFO: at 1219.291 ms batch [4.111] delay 4.594 ms
INFO: at 1223.886 ms batch [10.139] delay 2.680 ms
INFO: at 1226.566 ms batch [5.871] delay 2.680 ms
INFO: at 1229.247 ms batch [5.255] delay 2.680 ms
INFO: at 1231.927 ms batch [9.417] delay 2.680 ms
INFO: at 1234.608 ms batch [9.179] delay 2.680 ms
INFO: at 1237.288 ms batch [9.536] delay 2.680 ms
INFO: at 1239.969 ms batch [5.243] delay 2.680 ms
INFO: at 1242.650 ms batch [4.800] delay 2.680 ms
INFO: at 1245.330 ms batch [9.022] delay 2.680 ms
INFO: at 1248.011 ms batch [5.584] delay 2.680 ms
INFO: at 1250.692 ms batch [5.642] delay 2.680 ms
INFO: at 1253.373 ms batch [5.224] delay 2.680 ms
INFO: at 1256.054 ms batch [4.784] delay 3.573 ms
INFO: at 1259.628 ms batch [8.782] delay 3.573 ms
INFO: at 1263.204 ms batch [5.090] delay 3.573 ms
INFO: at 1266.779 ms batch [5.773] delay 3.573 ms
INFO: at 1270.353 ms batch [8.387] delay 3.573 ms
INFO: at 1273.927 ms batch [4.863] delay 3.573 ms
INFO: at 1277.500 ms batch [4.793] delay 3.573 ms
INFO: at 1281.075 ms batch [5.065] delay 3.573 ms
INFO: at 1284.649 ms batch [5.340] delay 3.573 ms
INFO: at 1288.223 ms batch [6.948] delay 3.573 ms
INFO: at 1291.797 ms batch [4.718] delay 3.573 ms
INFO: at 1295.371 ms batch [5.912] delay 3.573 ms
INFO: at 1298.944 ms batch [9.011] delay 3.573 ms
INFO: at 1302.518 ms batch [5.250] delay 3.573 ms
INFO: at 1306.092 ms batch [6.788] delay 3.573 ms
INFO: at 1309.666 ms batch [10.045] delay 3.573 ms
INFO: at 1313.240 ms batch [4.610] delay 3.573 ms
INFO: at 1316.814 ms batch [9.131] delay 3.573 ms
INFO: at 1320.387 ms batch [4.738] delay 4.020 ms
INFO: at 1324.408 ms batch [7.945] delay 4.020 ms
INFO: at 1328.429 ms batch [5.054] delay 4.020 ms
INFO: at 1332.450 ms batch [11.485] delay 4.020 ms
INFO: at 1336.470 ms batch [10.855] delay 4.020 ms
INFO: at 1340.491 ms batch [5.211] delay 4.020 ms
INFO: at 1344.511 ms batch [8.327] delay 4.020 ms
INFO: at 1348.532 ms batch [4.990] delay 4.020 ms
INFO: at 1352.552 ms batch [5.321] delay 4.020 ms
INFO: at 1356.573 ms batch [8.008] delay 4.020 ms
INFO: at 1360.593 ms batch [6.343] delay 4.020 ms
INFO: at 1364.614 ms batch [5.824] delay 4.020 ms
INFO: at 1368.634 ms batch [5.030] delay 4.020 ms
INFO: at 1372.654 ms batch [8.458] delay 4.020 ms
INFO: at 1376.675 ms batch [5.468] delay 4.020 ms
INFO: at 1380.695 ms batch [5.324] delay 4.020 ms
INFO: at 1384.716 ms batch [7.365] delay 1.109 ms
INFO: at 1385.826 ms batch [5.328] delay 1.109 ms
INFO: at 1386.936 ms batch [9.051] delay 1.109 ms
INFO: at 1388.046 ms batch [13.562] delay 1.109 ms
INFO: at 1389.155 ms batch [5.374] delay 1.109 ms
INFO: at 1390.265 ms batch [9.899] delay 1.109 ms
INFO: at 1391.374 ms batch [5.231] delay 1.109 ms
INFO: at 1392.484 ms batch [4.727] delay 1.109 ms
INFO: at 1393.594 ms batch [8.469] delay 1.109 ms
INFO: at 1394.703 ms batch [4.217] delay 1.109 ms
INFO: at 1395.813 ms batch [4.885] delay 1.109 ms
INFO: at 1396.923 ms batch [6.160] delay 1.109 ms
INFO: at 1398.033 ms batch [4.780] delay 1.109 ms
INFO: at 1399.143 ms batch [8.500] delay 1.109 ms
INFO: at 1400.268 ms batch [7.157] delay 1.109 ms
INFO: at 1401.378 ms batch [10.119] delay 1.109 ms
INFO: at 1402.488 ms batch [5.260] delay 1.109 ms
INFO: at 1403.598 ms batch [9.866] delay 1.109 ms
INFO: at 1404.708 ms batch [7.557] delay 1.109 ms
INFO: at 1405.817 ms batch [5.972] delay 1.109 ms
INFO: at 1406.927 ms batch [5.296] delay 1.109 ms
INFO: at 1408.037 ms batch [7.704] delay 1.109 ms
INFO: at 1409.147 ms batch [8.817] delay 1.109 ms
INFO: at 1410.256 ms batch [5.896] delay 1.109 ms
INFO: at 1411.366 ms batch [8.060] delay 1.109 ms
INFO: at 1412.476 ms batch [6.380] delay 1.109 ms
INFO: at 1413.586 ms batch [8.098] delay 1.109 ms
INFO: at 1414.695 ms batch [5.192] delay 1.109 ms
INFO: at 1415.805 ms batch [9.958] delay 1.109 ms
INFO: at 1416.914 ms batch [5.171] delay 2.923 ms
INFO: at 1419.839 ms batch [4.948] delay 2.923 ms
INFO: at 1422.764 ms batch [4.774] delay 2.923 ms
INFO: at 1425.688 ms batch [5.749] delay 2.923 ms
INFO: at 1428.613 ms batch [5.063] delay 2.923 ms
INFO: at 1431.537 ms batch [5.415] delay 2.923 ms
INFO: at 1434.461 ms batch [8.247] delay 2.923 ms
INFO: at 1437.386 ms batch [5.625] delay 2.923 ms
INFO: at 1440.310 ms batch [8.238] delay 2.923 ms
INFO: at 1443.235 ms batch [8.828] delay 2.923 ms
INFO: at 1446.159 ms batch [10.189] delay 2.923 ms
INFO: at 1449.083 ms batch [9.811] delay 3.216 ms
INFO: at 1452.300 ms batch [5.020] delay 3.216 ms
INFO: at 1455.517 ms batch [5.806] delay 3.216 ms
INFO: at 1458.733 ms batch [5.294] delay 3.216 ms
INFO: at 1461.950 ms batch [4.841] delay 3.216 ms
INFO: at 1465.166 ms batch [4.987] delay 3.216 ms
INFO: at 1468.383 ms batch [5.423] delay 3.216 ms
INFO: at 1471.600 ms batch [4.965] delay 3.216 ms
INFO: at 1474.816 ms batch [7.967] delay 3.216 ms
INFO: at 1478.033 ms batch [6.249] delay 3.216 ms
INFO: at 1481.249 ms batch [5.001] delay 4.020 ms
INFO: at 1485.270 ms batch [7.808] delay 4.020 ms
INFO: at 1489.290 ms batch [5.559] delay 4.020 ms
INFO: at 1493.311 ms batch [5.289] delay 4.020 ms
INFO: at 1497.332 ms batch [4.942] delay 4.020 ms
INFO: at 1501.352 ms batch [6.103] delay 4.020 ms
INFO: at 1505.373 ms batch [5.408] delay 4.020 ms
INFO: at 1509.401 ms batch [4.967] delay 4.020 ms
INFO: at 1513.422 ms batch [4.908] delay 2.144 ms
INFO: at 1515.567 ms batch [6.690] delay 2.144 ms
INFO: at 1517.711 ms batch [11.782] delay 2.144 ms
INFO: at 1519.856 ms batch [4.253] delay 2.144 ms
INFO: at 1522.001 ms batch [5.814] delay 2.144 ms
INFO: at 1524.145 ms batch [8.356] delay 2.144 ms
INFO: at 1526.290 ms batch [6.986] delay 2.144 ms
INFO: at 1528.435 ms batch [5.449] delay 2.144 ms
INFO: at 1530.580 ms batch [5.635] delay 2.144 ms
INFO: at 1532.725 ms batch [9.701] delay 2.144 ms
INFO: at 1534.869 ms batch [12.357] delay 2.144 ms
INFO: at 1537.014 ms batch [5.352] delay 2.144 ms
INFO: at 1539.158 ms batch [4.029] delay 2.144 ms
INFO: at 1541.303 ms batch [9.525] delay 2.144 ms
INFO: at 1543.448 ms batch [10.429] delay 2.144 ms
INFO: at 1545.592 ms batch [4.762] delay 2.923 ms
INFO: at 1548.517 ms batch [4.787] delay 2.923 ms
INFO: at 1551.441 ms batch [5.068] delay 2.923 ms
INFO: at 1554.365 ms batch [4.821] delay 2.923 ms
INFO: at 1557.289 ms batch [7.755] delay 2.923 ms
INFO: at 1560.213 ms batch [4.206] delay 2.923 ms
INFO: at 1563.138 ms batch [6.048] delay 2.923 ms
INFO: at 1566.062 ms batch [8.366] delay 2.923 ms
INFO: at 1568.986 ms batch [5.901] delay 2.923 ms
INFO: at 1571.910 ms batch [10.242] delay 2.923 ms
INFO: at 1574.834 ms batch [7.323] delay 2.923 ms
INFO: at 1577.758 ms batch [5.146] delay 2.923 ms
INFO: at 1580.683 ms batch [4.815] delay 2.923 ms
INFO: at 1583.607 ms batch [8.649] delay 2.923 ms
INFO: at 1586.531 ms batch [7.439] delay 2.923 ms
INFO: at 1589.456 ms batch [5.376] delay 2.923 ms
INFO: at 1592.380 ms batch [5.577] delay 2.923 ms
INFO: at 1595.304 ms batch [4.860] delay 2.923 ms
INFO: at 1598.228 ms batch [5.364] delay 2.923 ms
INFO: at 1601.152 ms batch [5.720] delay 2.923 ms
INFO: at 1604.077 ms batch [12.877] delay 2.923 ms
INFO: at 1607.002 ms batch [4.806] delay 2.923 ms
INFO: at 1609.937 ms batch [5.769] delay 3.573 ms
INFO: at 1613.511 ms batch [4.958] delay 3.573 ms
INFO: at 1617.085 ms batch [9.454] delay 3.573 ms
INFO: at 1620.659 ms batch [3.587] delay 3.573 ms
INFO: at 1624.233 ms batch [5.032] delay 3.573 ms
INFO: at 1627.807 ms batch [7.045] delay 3.573 ms
INFO: at 1631.381 ms batch [4.092] delay 3.573 ms
INFO: at 1634.955 ms batch [7.936] delay 3.573 ms
INFO: at 1638.529 ms batch [7.252] delay 3.573 ms
INFO: at 1642.103 ms batch [5.861] delay 3.573 ms
INFO: at 1645.677 ms batch [4.585] delay 3.573 ms
INFO: at 1649.251 ms batch [9.785] delay 3.573 ms
INFO: at 1652.825 ms batch [7.837] delay 3.573 ms
INFO: at 1656.399 ms batch [6.113] delay 3.573 ms
INFO: at 1659.973 ms batch [5.196] delay 3.573 ms
INFO: at 1663.547 ms batch [7.629] delay 3.573 ms
INFO: at 1667.121 ms batch [4.493] delay 3.573 ms
INFO: at 1670.695 ms batch [10.650] delay 3.573 ms
INFO: at 1674.269 ms batch [7.512] delay 2.680 ms
INFO: at 1676.950 ms batch [5.282] delay 2.680 ms
INFO: at 1679.631 ms batch [4.178] delay 2.680 ms
INFO: at 1682.311 ms batch [11.566] delay 2.680 ms
INFO: at 1684.992 ms batch [4.160] delay 2.680 ms
INFO: at 1687.673 ms batch [4.953] delay 2.680 ms
INFO: at 1690.354 ms batch [5.810] delay 2.680 ms
INFO: at 1693.034 ms batch [4.422] delay 2.680 ms
INFO: at 1695.715 ms batch [5.740] delay 2.680 ms
INFO: at 1698.396 ms batch [7.022] delay 2.680 ms
INFO: at 1701.077 ms batch [3.846] delay 2.680 ms
INFO: at 1703.757 ms batch [4.465] delay 2.680 ms
INFO: at 1706.438 ms batch [8.489] delay 3.573 ms
INFO: at 1710.012 ms batch [7.167] delay 3.573 ms
INFO: at 1713.586 ms batch [4.193] delay 3.573 ms
INFO: at 1717.160 ms batch [5.166] delay 3.573 ms
INFO: at 1720.734 ms batch [5.204] delay 3.573 ms
INFO: at 1724.308 ms batch [11.309] delay 3.573 ms
INFO: at 1727.882 ms batch [5.485] delay 3.573 ms
INFO: at 1731.456 ms batch [4.897] delay 3.573 ms
INFO: at 1735.030 ms batch [5.609] delay 3.573 ms
INFO: at 1738.604 ms batch [4.858] delay 3.216 ms
INFO: at 1741.820 ms batch [6.321] delay 3.216 ms
INFO: at 1745.037 ms batch [4.302] delay 3.216 ms
INFO: at 1748.267 ms batch [4.361] delay 3.216 ms
INFO: at 1751.483 ms batch [5.184] delay 3.216 ms
INFO: at 1754.700 ms batch [5.667] delay 3.216 ms
INFO: at 1757.917 ms batch [4.471] delay 3.216 ms
INFO: at 1761.133 ms batch [4.721] delay 3.216 ms
INFO: at 1764.350 ms batch [8.416] delay 3.216 ms
INFO: at 1767.566 ms batch [7.407] delay 3.216 ms
INFO: at 1770.783 ms batch [8.722] delay 2.474 ms
INFO: at 1773.257 ms batch [12.052] delay 2.474 ms
INFO: at 1775.731 ms batch [5.162] delay 2.474 ms
INFO: at 1778.206 ms batch [6.006] delay 2.474 ms
INFO: at 1780.680 ms batch [4.714] delay 2.474 ms
INFO: at 1783.154 ms batch [11.095] delay 2.474 ms
INFO: at 1785.629 ms batch [6.938] delay 2.474 ms
INFO: at 1788.104 ms batch [5.441] delay 2.474 ms
INFO: at 1790.578 ms batch [4.525] delay 2.474 ms
INFO: at 1793.053 ms batch [4.505] delay 2.474 ms
INFO: at 1795.527 ms batch [8.170] delay 2.474 ms
INFO: at 1798.002 ms batch [11.518] delay 2.474 ms
INFO: at 1800.476 ms batch [5.455] delay 2.474 ms
INFO: at 1802.952 ms batch [8.309] delay 4.020 ms
INFO: at 1806.973 ms batch [9.357] delay 4.020 ms
INFO: at 1810.993 ms batch [5.076] delay 4.020 ms
INFO: at 1815.014 ms batch [10.298] delay 4.020 ms
INFO: at 1819.035 ms batch [5.954] delay 4.020 ms
INFO: at 1823.055 ms batch [11.734] delay 4.020 ms
INFO: at 1827.076 ms batch [4.636] delay 4.020 ms
INFO: at 1831.097 ms batch [2.876] delay 4.020 ms
INFO: at 1835.117 ms batch [9.142] delay 3.216 ms
INFO: at 1838.334 ms batch [5.302] delay 3.216 ms
INFO: at 1841.550 ms batch [8.268] delay 3.216 ms
INFO: at 1844.767 ms batch [7.482] delay 3.216 ms
INFO: at 1847.983 ms batch [4.380] delay 3.216 ms
INFO: at 1851.200 ms batch [7.086] delay 3.216 ms
INFO: at 1854.416 ms batch [8.199] delay 3.216 ms
INFO: at 1857.633 ms batch [9.430] delay 3.216 ms
INFO: at 1860.850 ms batch [8.753] delay 3.216 ms
INFO: at 1864.066 ms batch [4.895] delay 3.216 ms
INFO: at 1867.283 ms batch [4.844] delay 4.594 ms
INFO: at 1871.878 ms batch [4.354] delay 4.594 ms
INFO: at 1876.473 ms batch [7.493] delay 4.594 ms
INFO: at 1881.067 ms batch [5.074] delay 4.594 ms
INFO: at 1885.662 ms batch [5.686] delay 4.594 ms
INFO: at 1890.257 ms batch [8.070] delay 4.594 ms
INFO: at 1894.852 ms batch [8.989] delay 4.594 ms
INFO: at 1899.446 ms batch [10.588] delay 3.216 ms
INFO: at 1902.663 ms batch [5.941] delay 3.216 ms
INFO: at 1905.879 ms batch [6.268] delay 3.216 ms
INFO: at 1909.096 ms batch [5.438] delay 3.216 ms
INFO: at 1912.312 ms batch [5.411] delay 3.216 ms
INFO: at 1915.529 ms batch [6.997] delay 3.216 ms
INFO: at 1918.745 ms batch [4.984] delay 3.216 ms
INFO: at 1921.962 ms batch [5.565] delay 3.216 ms
INFO: at 1925.178 ms batch [5.760] delay 3.216 ms
INFO: at 1928.395 ms batch [4.575] delay 3.216 ms
INFO: at 1931.612 ms batch [5.618] delay 4.020 ms
INFO: at 1935.633 ms batch [5.258] delay 4.020 ms
INFO: at 1939.653 ms batch [4.734] delay 4.020 ms
INFO: at 1943.673 ms batch [4.925] delay 4.020 ms
INFO: at 1947.694 ms batch [4.847] delay 4.020 ms
INFO: at 1951.715 ms batch [6.627] delay 4.020 ms
INFO: at 1955.735 ms batch [5.698] delay 4.020 ms
INFO: at 1959.755 ms batch [7.997] delay 4.020 ms
INFO: at 1963.782 ms batch [5.418] delay 2.923 ms
INFO: at 1966.706 ms batch [4.700] delay 2.923 ms
INFO: at 1969.631 ms batch [5.102] delay 2.923 ms
INFO: at 1972.555 ms batch [8.999] delay 2.923 ms
INFO: at 1975.479 ms batch [9.943] delay 2.923 ms
INFO: at 1978.404 ms batch [5.206] delay 2.923 ms
INFO: at 1981.328 ms batch [10.702] delay 2.923 ms
INFO: at 1984.268 ms batch [9.110] delay 2.923 ms
INFO: at 1987.192 ms batch [5.104] delay 2.923 ms
INFO: at 1990.116 ms batch [5.179] delay 2.923 ms
INFO: at 1993.041 ms batch [9.653] delay 2.923 ms
INFO: at 1995.965 ms batch [5.299] delay 3.216 ms
INFO: at 1999.182 ms batch [4.768] delay 3.216 ms
INFO: at 2002.398 ms batch [10.877] delay 3.216 ms
INFO: at 2005.615 ms batch [9.245] delay 3.216 ms
INFO: at 2008.831 ms batch [10.723] delay 3.216 ms
INFO: at 2012.048 ms batch [5.866] delay 3.216 ms
INFO: at 2015.265 ms batch [10.835] delay 3.216 ms
INFO: at 2018.481 ms batch [5.199] delay 3.216 ms
INFO: at 2021.698 ms batch [5.045] delay 3.216 ms
INFO: at 2024.916 ms batch [5.379] delay 3.216 ms
INFO: at 2028.132 ms batch [5.436] delay 3.573 ms
INFO: at 2031.706 ms batch [7.683] delay 3.573 ms
INFO: at 2035.280 ms batch [5.482] delay 3.573 ms
INFO: at 2038.854 ms batch [5.023] delay 3.573 ms
INFO: at 2042.427 ms batch [10.383] delay 3.573 ms
INFO: at 2046.001 ms batch [8.680] delay 3.573 ms
INFO: at 2049.575 ms batch [8.259] delay 3.573 ms
INFO: at 2053.149 ms batch [8.849] delay 3.573 ms
INFO: at 2056.723 ms batch [6.391] delay 3.573 ms
INFO: at 2060.297 ms batch [6.218] delay 3.216 ms
INFO: at 2063.514 ms batch [5.095] delay 3.216 ms
INFO: at 2066.730 ms batch [10.546] delay 3.216 ms
INFO: at 2069.947 ms batch [11.068] delay 3.216 ms
INFO: at 2073.164 ms batch [6.072] delay 3.216 ms
INFO: at 2076.381 ms batch [9.477] delay 3.216 ms
INFO: at 2079.597 ms batch [4.320] delay 3.216 ms
INFO: at 2082.814 ms batch [6.189] delay 3.216 ms
INFO: at 2086.031 ms batch [11.686] delay 3.216 ms
INFO: at 2089.247 ms batch [4.711] delay 3.216 ms
INFO: at 2092.464 ms batch [5.663] delay 3.216 ms
INFO: at 2095.681 ms batch [11.151] delay 3.216 ms
INFO: at 2098.897 ms batch [5.360] delay 3.216 ms
INFO: at 2102.114 ms batch [4.802] delay 3.216 ms
INFO: at 2105.331 ms batch [5.493] delay 3.216 ms
INFO: at 2108.547 ms batch [9.088] delay 3.216 ms
INFO: at 2111.764 ms batch [5.350] delay 3.216 ms
INFO: at 2114.981 ms batch [11.887] delay 3.216 ms
INFO: at 2118.197 ms batch [5.671] delay 3.216 ms
INFO: at 2121.414 ms batch [8.942] delay 3.216 ms
INFO: at 2124.631 ms batch [9.824] delay 4.020 ms
INFO: at 2128.651 ms batch [8.542] delay 4.020 ms
INFO: at 2132.671 ms batch [4.589] delay 4.020 ms
INFO: at 2136.692 ms batch [5.186] delay 4.020 ms
INFO: at 2140.712 ms batch [8.179] delay 4.020 ms
INFO: at 2144.733 ms batch [8.397] delay 4.020 ms
INFO: at 2148.753 ms batch [4.945] delay 4.020 ms
INFO: at 2152.774 ms batch [8.449] delay 4.020 ms
INFO: at 2156.794 ms batch [6.973] delay 3.573 ms
INFO: at 2160.368 ms batch [4.980] delay 3.573 ms
INFO: at 2163.942 ms batch [7.876] delay 3.573 ms
INFO: at 2167.516 ms batch [5.400] delay 3.573 ms
INFO: at 2171.090 ms batch [8.287] delay 3.573 ms
INFO: at 2174.664 ms batch [4.598] delay 3.573 ms
INFO: at 2178.237 ms batch [5.713] delay 3.573 ms
INFO: at 2181.811 ms batch [5.236] delay 3.573 ms
INFO: at 2185.385 ms batch [8.480] delay 3.573 ms
INFO: at 2188.959 ms batch [5.907] delay 4.594 ms
INFO: at 2193.554 ms batch [5.544] delay 4.594 ms
INFO: at 2198.149 ms batch [10.072] delay 4.594 ms
INFO: at 2202.744 ms batch [5.072] delay 4.594 ms
INFO: at 2207.338 ms batch [6.563] delay 4.594 ms
INFO: at 2211.933 ms batch [7.926] delay 4.594 ms
INFO: at 2216.528 ms batch [10.926] delay 4.594 ms
INFO: at 2221.123 ms batch [5.355] delay 3.573 ms
INFO: at 2224.697 ms batch [7.745] delay 3.573 ms
INFO: at 2228.271 ms batch [8.511] delay 3.573 ms
INFO: at 2231.844 ms batch [10.207] delay 3.573 ms
INFO: at 2235.418 ms batch [6.512] delay 3.573 ms
INFO: at 2238.992 ms batch [4.562] delay 3.573 ms
INFO: at 2242.566 ms batch [9.973] delay 3.573 ms
INFO: at 2246.140 ms batch [9.501] delay 3.573 ms
INFO: at 2249.714 ms batch [4.510] delay 3.573 ms
INFO: at 2253.289 ms batch [4.703] delay 2.680 ms
INFO: at 2255.970 ms batch [4.758] delay 2.680 ms
INFO: at 2258.650 ms batch [5.705] delay 2.680 ms
INFO: at 2261.331 ms batch [4.284] delay 2.680 ms
INFO: at 2264.012 ms batch [5.694] delay 2.680 ms
INFO: at 2266.692 ms batch [9.488] delay 2.680 ms
INFO: at 2269.373 ms batch [6.095] delay 2.680 ms
INFO: at 2272.054 ms batch [5.433] delay 2.680 ms
INFO: at 2274.735 ms batch [5.088] delay 2.680 ms
INFO: at 2277.416 ms batch [5.138] delay 2.680 ms
INFO: at 2280.097 ms batch [4.544] delay 2.680 ms
INFO: at 2282.777 ms batch [4.535] delay 2.680 ms
INFO: at 2285.458 ms batch [8.080] delay 2.923 ms
INFO: at 2288.382 ms batch [5.716] delay 2.923 ms
INFO: at 2291.306 ms batch [4.796] delay 2.923 ms
INFO: at 2294.230 ms batch [11.985] delay 2.923 ms
INFO: at 2297.160 ms batch [4.679] delay 2.923 ms
INFO: at 2300.084 ms batch [4.852] delay 2.923 ms
INFO: at 2303.008 ms batch [7.598] delay 2.923 ms
INFO: at 2305.932 ms batch [5.010] delay 2.923 ms
INFO: at 2308.857 ms batch [7.111] delay 2.923 ms
INFO: at 2311.781 ms batch [9.564] delay 2.923 ms
INFO: at 2314.705 ms batch [4.829] delay 2.923 ms
INFO: at 2317.630 ms batch [4.580] delay 2.680 ms
INFO: at 2320.310 ms batch [5.268] delay 2.680 ms
INFO: at 2322.991 ms batch [5.003] delay 2.680 ms
INFO: at 2325.671 ms batch [5.381] delay 2.680 ms
INFO: at 2328.352 ms batch [9.988] delay 2.680 ms
INFO: at 2331.033 ms batch [4.477] delay 2.680 ms
INFO: at 2333.713 ms batch [4.144] delay 2.680 ms
INFO: at 2336.394 ms batch [7.202] delay 2.680 ms
INFO: at 2339.074 ms batch [5.752] delay 2.680 ms
INFO: at 2341.755 ms batch [6.613] delay 2.680 ms
INFO: at 2344.436 ms batch [5.265] delay 2.680 ms
INFO: at 2347.116 ms batch [9.883] delay 2.680 ms
INFO: at 2349.797 ms batch [8.978] delay 2.680 ms
INFO: at 2352.478 ms batch [6.852] delay 2.680 ms
INFO: at 2355.158 ms batch [4.826] delay 2.680 ms
INFO: at 2357.839 ms batch [6.499] delay 2.680 ms
INFO: at 2360.520 ms batch [12.266] delay 2.680 ms
INFO: at 2363.201 ms batch [4.888] delay 2.680 ms
INFO: at 2365.881 ms batch [5.978] delay 2.680 ms
INFO: at 2368.562 ms batch [5.152] delay 2.680 ms
INFO: at 2371.242 ms batch [7.607] delay 2.680 ms
INFO: at 2373.923 ms batch [8.902] delay 2.680 ms
INFO: at 2376.603 ms batch [10.450] delay 2.680 ms
INFO: at 2379.284 ms batch [10.058] delay 2.680 ms
INFO: at 2381.964 ms batch [10.412] delay 2.144 ms
INFO: at 2384.109 ms batch [4.835] delay 2.144 ms
INFO: at 2386.254 ms batch [5.159] delay 2.144 ms
INFO: at 2388.399 ms batch [10.315] delay 2.144 ms
INFO: at 2390.543 ms batch [6.368] delay 2.144 ms
INFO: at 2392.688 ms batch [8.690] delay 2.144 ms
INFO: at 2394.833 ms batch [6.887] delay 2.144 ms
INFO: at 2396.978 ms batch [9.687] delay 2.144 ms
INFO: at 2399.123 ms batch [4.671] delay 2.144 ms
INFO: at 2401.267 ms batch [8.892] delay 2.144 ms
INFO: at 2403.412 ms batch [5.291] delay 2.144 ms
INFO: at 2405.557 ms batch [5.877] delay 2.144 ms
INFO: at 2407.702 ms batch [11.184] delay 2.144 ms
INFO: at 2409.846 ms batch [5.391] delay 2.144 ms
INFO: at 2411.991 ms batch [5.280] delay 2.144 ms
INFO: at 2414.136 ms batch [5.605] delay 4.020 ms
INFO: at 2418.157 ms batch [8.407] delay 4.020 ms
INFO: at 2422.178 ms batch [15.809] delay 4.020 ms
INFO: at 2426.198 ms batch [11.651] delay 4.020 ms
INFO: at 2430.219 ms batch [8.792] delay 4.020 ms
INFO: at 2434.240 ms batch [5.005] delay 4.020 ms
INFO: at 2438.260 ms batch [9.677] delay 4.020 ms
INFO: at 2442.281 ms batch [5.460] delay 4.020 ms
INFO: at 2446.301 ms batch [4.230] delay 3.216 ms
INFO: at 2449.518 ms batch [4.724] delay 3.216 ms
INFO: at 2452.735 ms batch [9.212] delay 3.216 ms
INFO: at 2455.951 ms batch [4.937] delay 3.216 ms
INFO: at 2459.168 ms batch [8.712] delay 3.216 ms
INFO: at 2462.384 ms batch [4.960] delay 3.216 ms
INFO: at 2465.601 ms batch [4.659] delay 3.216 ms
INFO: at 2468.818 ms batch [7.906] delay 3.216 ms
INFO: at 2472.034 ms batch [4.970] delay 3.216 ms
INFO: at 2475.251 ms batch [6.403] delay 3.216 ms
INFO: at 2478.467 ms batch [6.170] delay 3.573 ms
INFO: at 2482.041 ms batch [7.735] delay 3.573 ms
INFO: at 2485.615 ms batch [4.312] delay 3.573 ms
INFO: at 2489.189 ms batch [4.950] delay 3.573 ms
INFO: at 2492.763 ms batch [10.743] delay 3.573 ms
INFO: at 2496.337 ms batch [4.812] delay 3.573 ms
INFO: at 2499.911 ms batch [8.347] delay 3.573 ms
INFO: at 2503.485 ms batch [4.339] delay 3.573 ms
INFO: at 2507.059 ms batch [5.348] delay 3.573 ms
INFO: at 2510.633 ms batch [5.119] delay 2.680 ms
INFO: at 2513.314 ms batch [4.606] delay 2.680 ms
INFO: at 2515.994 ms batch [5.682] delay 2.680 ms
INFO: at 2518.675 ms batch [10.103] delay 2.680 ms
INFO: at 2521.356 ms batch [6.877] delay 2.680 ms
INFO: at 2524.036 ms batch [8.956] delay 2.680 ms
INFO: at 2526.717 ms batch [8.376] delay 2.680 ms
INFO: at 2529.397 ms batch [5.276] delay 2.680 ms
INFO: at 2532.078 ms batch [5.828] delay 2.680 ms
INFO: at 2534.758 ms batch [4.731] delay 2.680 ms
INFO: at 2537.439 ms batch [5.168] delay 2.680 ms
INFO: at 2540.119 ms batch [5.856] delay 2.680 ms
INFO: at 2542.800 ms batch [5.317] delay 1.608 ms
INFO: at 2544.408 ms batch [6.035] delay 1.608 ms
INFO: at 2546.017 ms batch [4.685] delay 1.608 ms
INFO: at 2547.625 ms batch [6.665] delay 1.608 ms
INFO: at 2549.234 ms batch [7.227] delay 1.608 ms
INFO: at 2550.843 ms batch [5.847] delay 1.608 ms
INFO: at 2552.451 ms batch [4.855] delay 1.608 ms
INFO: at 2554.060 ms batch [4.008] delay 1.608 ms
INFO: at 2555.668 ms batch [5.248] delay 1.608 ms
INFO: at 2557.277 ms batch [8.049] delay 1.608 ms
INFO: at 2558.885 ms batch [10.004] delay 1.608 ms
INFO: at 2560.494 ms batch [9.627] delay 1.608 ms
INFO: at 2562.103 ms batch [9.930] delay 1.608 ms
INFO: at 2563.711 ms batch [6.239] delay 1.608 ms
INFO: at 2565.320 ms batch [4.682] delay 1.608 ms
INFO: at 2566.929 ms batch [4.751] delay 1.608 ms
INFO: at 2568.538 ms batch [11.376] delay 1.608 ms
INFO: at 2570.146 ms batch [5.035] delay 1.608 ms
INFO: at 2571.755 ms batch [4.594] delay 1.608 ms
INFO: at 2573.363 ms batch [5.233] delay 1.608 ms
INFO: at 2574.972 ms batch [10.348] delay 2.923 ms
INFO: at 2577.896 ms batch [5.123] delay 2.923 ms
INFO: at 2580.820 ms batch [4.741] delay 2.923 ms
INFO: at 2583.744 ms batch [10.506] delay 2.923 ms
INFO: at 2586.669 ms batch [5.690] delay 2.923 ms
INFO: at 2589.604 ms batch [5.270] delay 2.923 ms
INFO: at 2592.528 ms batch [5.333] delay 2.923 ms
INFO: at 2595.452 ms batch [5.526] delay 2.923 ms
INFO: at 2598.377 ms batch [9.613] delay 2.923 ms
INFO: at 2601.301 ms batch [4.973] delay 2.923 ms
INFO: at 2604.226 ms batch [4.868] delay 2.923 ms
INFO: at 2607.150 ms batch [7.797] delay 4.020 ms
INFO: at 2611.170 ms batch [4.554] delay 4.020 ms
INFO: at 2615.191 ms batch [5.452] delay 4.020 ms
INFO: at 2619.211 ms batch [7.451] delay 4.020 ms
INFO: at 2623.232 ms batch [6.288] delay 4.020 ms
INFO: at 2627.252 ms batch [7.826] delay 4.020 ms
INFO: at 2631.273 ms batch [4.440] delay 4.020 ms
INFO: at 2635.293 ms batch [7.886] delay 4.020 ms
INFO: at 2639.314 ms batch [7.384] delay 4.020 ms
INFO: at 2643.334 ms batch [10.259] delay 4.020 ms
INFO: at 2647.355 ms batch [8.226] delay 4.020 ms
INFO: at 2651.375 ms batch [9.030] delay 4.020 ms
INFO: at 2655.396 ms batch [5.130] delay 4.020 ms
INFO: at 2659.416 ms batch [7.122] delay 4.020 ms
INFO: at 2663.437 ms batch [10.491] delay 4.020 ms
INFO: at 2667.457 ms batch [4.992] delay 4.020 ms
INFO: at 2671.478 ms batch [5.535] delay 2.923 ms
INFO: at 2674.402 ms batch [5.960] delay 2.923 ms
INFO: at 2677.326 ms batch [5.744] delay 2.923 ms
INFO: at 2680.267 ms batch [5.287] delay 2.923 ms
INFO: at 2683.191 ms batch [7.098] delay 2.923 ms
INFO: at 2686.115 ms batch [5.660] delay 2.923 ms
INFO: at 2689.039 ms batch [5.253] delay 2.923 ms
INFO: at 2691.963 ms batch [5.501] delay 2.923 ms
INFO: at 2694.887 ms batch [5.632] delay 2.923 ms
INFO: at 2697.812 ms batch [4.667] delay 2.923 ms
INFO: at 2700.736 ms batch [4.910] delay 2.923 ms
INFO: at 2703.660 ms batch [5.504] delay 2.297 ms
INFO: at 2705.958 ms batch [7.010] delay 2.297 ms
INFO: at 2708.266 ms batch [6.730] delay 2.297 ms
INFO: at 2710.564 ms batch [6.961] delay 2.297 ms
INFO: at 2712.862 ms batch [4.745] delay 2.297 ms
INFO: at 2715.160 ms batch [4.838] delay 2.297 ms
INFO: at 2717.461 ms batch [4.447] delay 2.297 ms
INFO: at 2719.759 ms batch [4.915] delay 2.297 ms
INFO: at 2722.057 ms batch [8.870] delay 2.297 ms
INFO: at 2724.355 ms batch [5.140] delay 2.297 ms
INFO: at 2726.653 ms batch [9.641] delay 2.297 ms
INFO: at 2728.950 ms batch [5.966] delay 2.297 ms
INFO: at 2731.248 ms batch [8.912] delay 2.297 ms
INFO: at 2733.546 ms batch [5.182] delay 2.297 ms
INFO: at 2735.844 ms batch [13.033] delay 2.923 ms
INFO: at 2738.768 ms batch [5.463] delay 2.923 ms
INFO: at 2741.692 ms batch [4.995] delay 2.923 ms
INFO: at 2744.616 ms batch [9.601] delay 2.923 ms
INFO: at 2747.541 ms batch [5.532] delay 2.923 ms
INFO: at 2750.465 ms batch [5.887] delay 2.923 ms
INFO: at 2753.389 ms batch [6.333] delay 2.923 ms
INFO: at 2756.314 ms batch [5.083] delay 2.923 ms
INFO: at 2759.238 ms batch [5.052] delay 2.923 ms
INFO: at 2762.162 ms batch [8.553] delay 2.923 ms
INFO: at 2765.086 ms batch [7.333] delay 2.923 ms
INFO: at 2768.010 ms batch [7.396] delay 3.573 ms
INFO: at 2771.584 ms batch [9.300] delay 3.573 ms
INFO: at 2775.158 ms batch [5.488] delay 3.573 ms
INFO: at 2778.733 ms batch [4.693] delay 3.573 ms
INFO: at 2782.306 ms batch [10.563] delay 3.573 ms
INFO: at 2785.881 ms batch [5.394] delay 3.573 ms
INFO: at 2789.455 ms batch [4.998] delay 3.573 ms
INFO: at 2793.028 ms batch [5.215] delay 3.573 ms
INFO: at 2796.602 ms batch [5.842] delay 3.573 ms
INFO: at 2800.176 ms batch [7.177] delay 2.923 ms
INFO: at 2803.100 ms batch [3.751] delay 2.923 ms
INFO: at 2806.024 ms batch [5.515] delay 2.923 ms
INFO: at 2808.949 ms batch [6.678] delay 2.923 ms
INFO: at 2811.873 ms batch [7.777] delay 2.923 ms
INFO: at 2814.797 ms batch [4.075] delay 2.923 ms
INFO: at 2817.721 ms batch [4.866] delay 2.923 ms
INFO: at 2820.645 ms batch [6.055] delay 2.923 ms
INFO: at 2823.570 ms batch [5.278] delay 2.923 ms
INFO: at 2826.494 ms batch [9.224] delay 2.923 ms
INFO: at 2829.418 ms batch [3.798] delay 2.923 ms
INFO: at 2832.342 ms batch [4.401] delay 2.680 ms
INFO: at 2835.023 ms batch [5.496] delay 2.680 ms
INFO: at 2837.704 ms batch [4.675] delay 2.680 ms
INFO: at 2840.385 ms batch [6.704] delay 2.680 ms
INFO: at 2843.065 ms batch [4.832] delay 2.680 ms
INFO: at 2845.746 ms batch [6.143] delay 2.680 ms
INFO: at 2848.427 ms batch [6.473] delay 2.680 ms
INFO: at 2851.107 ms batch [5.929] delay 2.680 ms
INFO: at 2853.788 ms batch [5.018] delay 2.680 ms
INFO: at 2856.469 ms batch [5.229] delay 2.680 ms
INFO: at 2859.149 ms batch [5.882] delay 2.680 ms
INFO: at 2861.830 ms batch [7.957] delay 2.680 ms
INFO: at 2864.510 ms batch [8.159] delay 2.923 ms
INFO: at 2867.435 ms batch [8.189] delay 2.923 ms
INFO: at 2870.359 ms batch [12.201] delay 2.923 ms
INFO: at 2873.283 ms batch [10.632] delay 2.923 ms
INFO: at 2876.208 ms batch [5.509] delay 2.923 ms
INFO: at 2879.132 ms batch [7.034] delay 2.923 ms
INFO: at 2882.056 ms batch [10.332] delay 2.923 ms
INFO: at 2884.981 ms batch [10.031] delay 2.923 ms
INFO: at 2887.905 ms batch [8.804] delay 2.923 ms
INFO: at 2890.829 ms batch [5.602] delay 2.923 ms
INFO: at 2893.753 ms batch [5.326] delay 2.923 ms
INFO: at 2896.678 ms batch [7.522] delay 2.144 ms
INFO: at 2898.823 ms batch [4.977] delay 2.144 ms
INFO: at 2900.967 ms batch [9.167] delay 2.144 ms
INFO: at 2903.112 ms batch [6.298] delay 2.144 ms
INFO: at 2905.257 ms batch [5.622] delay 2.144 ms
INFO: at 2907.401 ms batch [5.319] delay 2.144 ms
INFO: at 2909.546 ms batch [7.618] delay 2.144 ms
INFO: at 2911.691 ms batch [5.599] delay 2.144 ms
INFO: at 2913.836 ms batch [9.588] delay 2.144 ms
INFO: at 2915.981 ms batch [6.278] delay 2.144 ms
INFO: at 2918.125 ms batch [9.798] delay 2.144 ms
INFO: at 2920.270 ms batch [6.800] delay 2.144 ms
INFO: at 2922.415 ms batch [4.850] delay 2.144 ms
INFO: at 2924.559 ms batch [8.615] delay 2.144 ms
INFO: at 2926.704 ms batch [5.345] delay 2.144 ms
INFO: at 2928.848 ms batch [9.156] delay 3.573 ms
INFO: at 2932.422 ms batch [9.190] delay 3.573 ms
INFO: at 2935.996 ms batch [5.948] delay 3.573 ms
INFO: at 2939.570 ms batch [5.177] delay 3.573 ms
INFO: at 2943.144 ms batch [9.278] delay 3.573 ms
INFO: at 2946.718 ms batch [8.109] delay 3.573 ms
INFO: at 2950.292 ms batch [7.145] delay 3.573 ms
INFO: at 2953.865 ms batch [5.512] delay 3.573 ms
INFO: at 2957.439 ms batch [5.574] delay 3.573 ms
INFO: at 2961.013 ms batch [6.064] delay 3.216 ms
INFO: at 2964.232 ms batch [4.540] delay 3.216 ms
INFO: at 2967.449 ms batch [4.963] delay 3.216 ms
INFO: at 2970.665 ms batch [6.041] delay 3.216 ms
INFO: at 2973.882 ms batch [4.930] delay 3.216 ms
INFO: at 2977.098 ms batch [5.548] delay 3.216 ms
INFO: at 2980.315 ms batch [5.444] delay 3.216 ms
INFO: at 2983.532 ms batch [10.223] delay 3.216 ms
INFO: at 2986.748 ms batch [4.481] delay 3.216 ms
INFO: at 2989.965 ms batch [10.090] delay 3.216 ms
INFO: at 2993.181 ms batch [5.936] delay 2.923 ms
INFO: at 2996.106 ms batch [4.388] delay 2.923 ms
INFO: at 2999.030 ms batch [8.741] delay 2.923 ms
INFO: at 3001.954 ms batch [5.132] delay 2.923 ms
INFO: at 3004.878 ms batch [10.366] delay 2.923 ms
INFO: at 3007.803 ms batch [5.007] delay 2.923 ms
INFO: at 3010.727 ms batch [9.099] delay 2.923 ms
INFO: at 3013.651 ms batch [9.254] delay 2.923 ms
INFO: at 3016.575 ms batch [6.260] delay 2.923 ms
INFO: at 3019.499 ms batch [10.018] delay 2.923 ms
INFO: at 3022.424 ms batch [8.277] delay 2.923 ms
INFO: at 3025.348 ms batch [5.397] delay 2.474 ms
INFO: at 3027.822 ms batch [7.567] delay 2.474 ms
INFO: at 3030.297 ms batch [5.426] delay 2.474 ms
INFO: at 3032.771 ms batch [4.918] delay 2.474 ms
INFO: at 3035.246 ms batch [5.312] delay 2.474 ms
INFO: at 3037.721 ms batch [4.902] delay 2.474 ms
INFO: at 3040.195 ms batch [5.562] delay 2.474 ms
INFO: at 3042.670 ms batch [6.120] delay 2.474 ms
INFO: at 3045.144 ms batch [7.788] delay 2.474 ms
INFO: at 3047.619 ms batch [8.584] delay 2.474 ms
INFO: at 3050.093 ms batch [9.755] delay 2.474 ms
INFO: at 3052.567 ms batch [7.375] delay 2.474 ms
INFO: at 3055.042 ms batch [10.953] delay 2.474 ms
INFO: at 3057.516 ms batch [8.217] delay 2.297 ms
INFO: at 3059.814 ms batch [5.403] delay 2.297 ms
INFO: at 3062.112 ms batch [5.335] delay 2.297 ms
INFO: at 3064.409 ms batch [9.200] delay 2.297 ms
INFO: at 3066.707 ms batch [8.763] delay 2.297 ms
INFO: at 3069.005 ms batch [6.209] delay 2.297 ms
INFO: at 3071.302 ms batch [12.534] delay 2.297 ms
INFO: at 3073.600 ms batch [5.220] delay 2.297 ms
INFO: at 3075.898 ms batch [7.274] delay 2.297 ms
INFO: at 3078.196 ms batch [6.088] delay 2.297 ms
INFO: at 3080.493 ms batch [7.857] delay 2.297 ms
INFO: at 3082.791 ms batch [5.615] delay 2.297 ms
INFO: at 3085.089 ms batch [7.695] delay 2.297 ms
INFO: at 3087.387 ms batch [11.607] delay 2.297 ms
INFO: at 3089.685 ms batch [4.619] delay 2.923 ms
INFO: at 3092.609 ms batch [9.266] delay 2.923 ms
INFO: at 3095.534 ms batch [8.564] delay 2.923 ms
INFO: at 3098.458 ms batch [4.632] delay 2.923 ms
INFO: at 3101.382 ms batch [8.438] delay 2.923 ms
INFO: at 3104.306 ms batch [5.431] delay 2.923 ms
INFO: at 3107.231 ms batch [5.012] delay 2.923 ms
INFO: at 3110.155 ms batch [8.839] delay 2.923 ms
INFO: at 3113.079 ms batch [5.015] delay 2.923 ms
INFO: at 3116.003 ms batch [5.778] delay 2.923 ms
INFO: at 3118.928 ms batch [8.934] delay 2.923 ms
INFO: at 3121.852 ms batch [5.389] delay 3.216 ms
INFO: at 3125.068 ms batch [9.395] delay 3.216 ms
INFO: at 3128.285 ms batch [6.775] delay 3.216 ms
INFO: at 3131.501 ms batch [4.940] delay 3.216 ms
INFO: at 3134.718 ms batch [5.081] delay 3.216 ms
INFO: at 3137.934 ms batch [5.109] delay 3.216 ms
INFO: at 3141.151 ms batch [9.234] delay 3.216 ms
INFO: at 3144.368 ms batch [13.251] delay 3.216 ms
INFO: at 3147.585 ms batch [5.674] delay 3.216 ms
INFO: at 3150.801 ms batch [5.586] delay 3.216 ms
INFO: at 3154.018 ms batch [8.318] delay 2.297 ms
INFO: at 3156.316 ms batch [8.731] delay 2.297 ms
INFO: at 3158.614 ms batch [9.442] delay 2.297 ms
INFO: at 3160.912 ms batch [5.649] delay 2.297 ms
INFO: at 3163.209 ms batch [11.415] delay 2.297 ms
INFO: at 3165.507 ms batch [5.474] delay 2.297 ms
INFO: at 3167.805 ms batch [4.871] delay 2.297 ms
INFO: at 3170.103 ms batch [7.649] delay 2.297 ms
INFO: at 3172.401 ms batch [7.713] delay 2.297 ms
INFO: at 3174.698 ms batch [12.440] delay 2.297 ms
INFO: at 3176.996 ms batch [4.900] delay 2.297 ms
INFO: at 3179.294 ms batch [6.599] delay 2.297 ms
INFO: at 3181.592 ms batch [4.602] delay 0.000 ms
INFO: at 805.725 ms fetching 8.882 ms
INFO: at 808.650 ms fetching 5.246 ms
INFO: at 811.574 ms fetching 5.728 ms
INFO: at 814.499 ms fetching 5.757 ms
INFO: at 817.423 ms fetching 6.079 ms
INFO: at 820.348 ms fetching 5.366 ms
INFO: at 823.272 ms fetching 4.876 ms
INFO: at 826.197 ms fetching 5.837 ms
INFO: at 829.121 ms fetching 10.397 ms
INFO: at 832.045 ms fetching 5.571 ms
INFO: at 834.970 ms fetching 3.335 ms
INFO: at 837.894 ms fetching 10.158 ms
INFO: at 841.110 ms fetching 8.533 ms
INFO: at 844.327 ms fetching 10.768 ms
INFO: at 847.543 ms fetching 5.446 ms
INFO: at 850.760 ms fetching 4.640 ms
INFO: at 853.977 ms fetching 4.697 ms
INFO: at 857.195 ms fetching 8.772 ms
INFO: at 860.412 ms fetching 8.427 ms
INFO: at 863.628 ms fetching 11.010 ms
INFO: at 866.845 ms fetching 4.458 ms
INFO: at 870.061 ms fetching 10.816 ms
INFO: at 872.986 ms fetching 4.329 ms
INFO: at 875.910 ms fetching 5.678 ms
INFO: at 878.835 ms fetching 5.369 ms
INFO: at 881.759 ms fetching 5.709 ms
INFO: at 884.683 ms fetching 4.905 ms
INFO: at 887.607 ms fetching 8.670 ms
INFO: at 890.532 ms fetching 10.611 ms
INFO: at 893.456 ms fetching 9.726 ms
INFO: at 896.381 ms fetching 6.438 ms
INFO: at 899.305 ms fetching 4.932 ms
INFO: at 902.229 ms fetching 6.864 ms
INFO: at 905.153 ms fetching 7.215 ms
INFO: at 908.077 ms fetching 8.604 ms
INFO: at 911.002 ms fetching 11.042 ms
INFO: at 913.926 ms fetching 7.767 ms
INFO: at 916.850 ms fetching 4.823 ms
INFO: at 919.774 ms fetching 4.394 ms
INFO: at 922.699 ms fetching 4.567 ms
INFO: at 925.623 ms fetching 6.586 ms
INFO: at 928.547 ms fetching 7.577 ms
INFO: at 931.471 ms fetching 5.079 ms
INFO: at 934.396 ms fetching 5.551 ms
INFO: at 936.693 ms fetching 5.479 ms
INFO: at 938.991 ms fetching 4.615 ms
INFO: at 941.289 ms fetching 11.450 ms
INFO: at 943.587 ms fetching 5.918 ms
INFO: at 945.885 ms fetching 5.428 ms
INFO: at 948.182 ms fetching 6.228 ms
INFO: at 950.480 ms fetching 5.457 ms
INFO: at 952.778 ms fetching 6.824 ms
INFO: at 955.075 ms fetching 4.707 ms
INFO: at 957.373 ms fetching 7.673 ms
INFO: at 959.671 ms fetching 9.407 ms
INFO: at 961.969 ms fetching 5.656 ms
INFO: at 964.267 ms fetching 4.409 ms
INFO: at 966.564 ms fetching 4.663 ms
INFO: at 969.781 ms fetching 5.114 ms
INFO: at 972.997 ms fetching 11.123 ms
INFO: at 976.214 ms fetching 7.262 ms
INFO: at 979.430 ms fetching 5.188 ms
INFO: at 982.647 ms fetching 7.916 ms
INFO: at 985.864 ms fetching 5.040 ms
INFO: at 989.080 ms fetching 9.312 ms
INFO: at 992.297 ms fetching 5.833 ms
INFO: at 995.513 ms fetching 5.227 ms
INFO: at 998.730 ms fetching 5.819 ms
INFO: at 1001.411 ms fetching 6.028 ms
INFO: at 1004.091 ms fetching 4.873 ms
INFO: at 1006.772 ms fetching 6.152 ms
INFO: at 1009.452 ms fetching 5.309 ms
INFO: at 1012.133 ms fetching 4.347 ms
INFO: at 1014.814 ms fetching 11.931 ms
INFO: at 1017.494 ms fetching 4.293 ms
INFO: at 1020.175 ms fetching 12.745 ms
INFO: at 1022.856 ms fetching 4.982 ms
INFO: at 1025.537 ms fetching 6.900 ms
INFO: at 1028.218 ms fetching 5.357 ms
INFO: at 1030.898 ms fetching 6.525 ms
INFO: at 1034.116 ms fetching 4.955 ms
INFO: at 1037.332 ms fetching 4.435 ms
INFO: at 1040.549 ms fetching 8.522 ms
INFO: at 1043.766 ms fetching 7.355 ms
INFO: at 1046.982 ms fetching 5.638 ms
INFO: at 1050.199 ms fetching 5.568 ms
INFO: at 1053.415 ms fetching 7.472 ms
INFO: at 1056.632 ms fetching 5.025 ms
INFO: at 1059.849 ms fetching 5.984 ms
INFO: at 1063.065 ms fetching 5.724 ms
INFO: at 1066.639 ms fetching 6.717 ms
INFO: at 1070.213 ms fetching 5.155 ms
INFO: at 1073.786 ms fetching 9.335 ms
INFO: at 1077.360 ms fetching 5.796 ms
INFO: at 1080.934 ms fetching 5.201 ms
INFO: at 1084.509 ms fetching 6.127 ms
INFO: at 1088.082 ms fetching 5.892 ms
INFO: at 1091.656 ms fetching 6.485 ms
INFO: at 1095.230 ms fetching 6.460 ms
INFO: at 1099.250 ms fetching 6.199 ms
INFO: at 1103.271 ms fetching 7.661 ms
INFO: at 1107.292 ms fetching 7.077 ms
INFO: at 1111.312 ms fetching 9.348 ms
INFO: at 1115.333 ms fetching 6.652 ms
INFO: at 1119.353 ms fetching 8.659 ms
INFO: at 1123.373 ms fetching 8.208 ms
INFO: at 1127.394 ms fetching 7.300 ms
INFO: at 1131.989 ms fetching 10.172 ms
INFO: at 1136.584 ms fetching 9.040 ms
INFO: at 1141.178 ms fetching 6.552 ms
INFO: at 1145.773 ms fetching 9.713 ms
INFO: at 1150.368 ms fetching 4.644 ms
INFO: at 1154.963 ms fetching 5.027 ms
INFO: at 1159.557 ms fetching 5.148 ms
INFO: at 1163.131 ms fetching 11.342 ms
INFO: at 1166.705 ms fetching 4.520 ms
INFO: at 1170.279 ms fetching 4.571 ms
INFO: at 1173.853 ms fetching 9.916 ms
INFO: at 1177.427 ms fetching 5.343 ms
INFO: at 1181.000 ms fetching 5.209 ms
INFO: at 1184.574 ms fetching 5.150 ms
INFO: at 1188.148 ms fetching 5.538 ms
INFO: at 1191.722 ms fetching 5.518 ms
INFO: at 1196.317 ms fetching 12.123 ms
INFO: at 1200.912 ms fetching 3.958 ms
INFO: at 1205.507 ms fetching 4.628 ms
INFO: at 1210.102 ms fetching 10.901 ms
INFO: at 1214.696 ms fetching 5.520 ms
INFO: at 1219.291 ms fetching 4.111 ms
INFO: at 1223.886 ms fetching 10.139 ms
INFO: at 1226.566 ms fetching 5.871 ms
INFO: at 1229.247 ms fetching 5.255 ms
INFO: at 1231.927 ms fetching 9.417 ms
INFO: at 1234.608 ms fetching 9.179 ms
INFO: at 1237.288 ms fetching 9.536 ms
INFO: at 1239.969 ms fetching 5.243 ms
INFO: at 1242.650 ms fetching 4.800 ms
INFO: at 1245.330 ms fetching 9.022 ms
INFO: at 1248.011 ms fetching 5.584 ms
INFO: at 1250.692 ms fetching 5.642 ms
INFO: at 1253.373 ms fetching 5.224 ms
INFO: at 1256.054 ms fetching 4.784 ms
INFO: at 1259.628 ms fetching 8.782 ms
INFO: at 1263.204 ms fetching 5.090 ms
INFO: at 1266.779 ms fetching 5.773 ms
INFO: at 1270.353 ms fetching 8.387 ms
INFO: at 1273.927 ms fetching 4.863 ms
INFO: at 1277.500 ms fetching 4.793 ms
INFO: at 1281.075 ms fetching 5.065 ms
INFO: at 1284.649 ms fetching 5.340 ms
INFO: at 1288.223 ms fetching 6.948 ms
INFO: at 1291.797 ms fetching 4.718 ms
INFO: at 1295.371 ms fetching 5.912 ms
INFO: at 1298.944 ms fetching 9.011 ms
INFO: at 1302.518 ms fetching 5.250 ms
INFO: at 1306.092 ms fetching 6.788 ms
INFO: at 1309.666 ms fetching 10.045 ms
INFO: at 1313.240 ms fetching 4.610 ms
INFO: at 1316.814 ms fetching 9.131 ms
INFO: at 1320.387 ms fetching 4.738 ms
INFO: at 1324.408 ms fetching 7.945 ms
INFO: at 1328.429 ms fetching 5.054 ms
INFO: at 1332.450 ms fetching 11.485 ms
INFO: at 1336.470 ms fetching 10.855 ms
INFO: at 1340.491 ms fetching 5.211 ms
INFO: at 1344.511 ms fetching 8.327 ms
INFO: at 1348.532 ms fetching 4.990 ms
INFO: at 1352.552 ms fetching 5.321 ms
INFO: at 1356.573 ms fetching 8.008 ms
INFO: at 1360.593 ms fetching 6.343 ms
INFO: at 1364.614 ms fetching 5.824 ms
INFO: at 1368.634 ms fetching 5.030 ms
INFO: at 1372.654 ms fetching 8.458 ms
INFO: at 1376.675 ms fetching 5.468 ms
INFO: at 1380.695 ms fetching 5.324 ms
INFO: at 1384.716 ms fetching 7.365 ms
INFO: at 1385.826 ms fetching 5.328 ms
INFO: at 1386.936 ms fetching 9.051 ms
INFO: at 1388.046 ms fetching 13.562 ms
INFO: at 1389.155 ms fetching 5.374 ms
INFO: at 1390.265 ms fetching 9.899 ms
INFO: at 1391.374 ms fetching 5.231 ms
INFO: at 1392.484 ms fetching 4.727 ms
INFO: at 1393.594 ms fetching 8.469 ms
INFO: at 1394.703 ms fetching 4.217 ms
INFO: at 1395.813 ms fetching 4.885 ms
INFO: at 1396.923 ms fetching 6.160 ms
INFO: at 1398.033 ms fetching 4.780 ms
INFO: at 1399.143 ms fetching 8.500 ms
INFO: at 1400.268 ms fetching 7.157 ms
INFO: at 1401.378 ms fetching 10.119 ms
INFO: at 1402.488 ms fetching 5.260 ms
INFO: at 1403.598 ms fetching 9.866 ms
INFO: at 1404.708 ms fetching 7.557 ms
INFO: at 1405.817 ms fetching 5.972 ms
INFO: at 1406.927 ms fetching 5.296 ms
INFO: at 1408.037 ms fetching 7.704 ms
INFO: at 1409.147 ms fetching 8.817 ms
INFO: at 1410.256 ms fetching 5.896 ms
INFO: at 1411.366 ms fetching 8.060 ms
INFO: at 1412.476 ms fetching 6.380 ms
INFO: at 1413.586 ms fetching 8.098 ms
INFO: at 1414.695 ms fetching 5.192 ms
INFO: at 1415.805 ms fetching 9.958 ms
INFO: at 1416.914 ms fetching 5.171 ms
INFO: at 1419.839 ms fetching 4.948 ms
INFO: at 1422.764 ms fetching 4.774 ms
INFO: at 1425.688 ms fetching 5.749 ms
INFO: at 1428.613 ms fetching 5.063 ms
INFO: at 1431.537 ms fetching 5.415 ms
INFO: at 1434.461 ms fetching 8.247 ms
INFO: at 1437.386 ms fetching 5.625 ms
INFO: at 1440.310 ms fetching 8.238 ms
INFO: at 1443.235 ms fetching 8.828 ms
INFO: at 1446.159 ms fetching 10.189 ms
INFO: at 1449.083 ms fetching 9.811 ms
INFO: at 1452.300 ms fetching 5.020 ms
INFO: at 1455.517 ms fetching 5.806 ms
INFO: at 1458.733 ms fetching 5.294 ms
INFO: at 1461.950 ms fetching 4.841 ms
INFO: at 1465.166 ms fetching 4.987 ms
INFO: at 1468.383 ms fetching 5.423 ms
INFO: at 1471.600 ms fetching 4.965 ms
INFO: at 1474.816 ms fetching 7.967 ms
INFO: at 1478.033 ms fetching 6.249 ms
INFO: at 1481.249 ms fetching 5.001 ms
INFO: at 1485.270 ms fetching 7.808 ms
INFO: at 1489.290 ms fetching 5.559 ms
INFO: at 1493.311 ms fetching 5.289 ms
INFO: at 1497.332 ms fetching 4.942 ms
INFO: at 1501.352 ms fetching 6.103 ms
INFO: at 1505.373 ms fetching 5.408 ms
INFO: at 1509.401 ms fetching 4.967 ms
INFO: at 1513.422 ms fetching 4.908 ms
INFO: at 1515.567 ms fetching 6.690 ms
INFO: at 1517.711 ms fetching 11.782 ms
INFO: at 1519.856 ms fetching 4.253 ms
INFO: at 1522.001 ms fetching 5.814 ms
INFO: at 1524.145 ms fetching 8.356 ms
INFO: at 1526.290 ms fetching 6.986 ms
INFO: at 1528.435 ms fetching 5.449 ms
INFO: at 1530.580 ms fetching 5.635 ms
INFO: at 1532.725 ms fetching 9.701 ms
INFO: at 1534.869 ms fetching 12.357 ms
INFO: at 1537.014 ms fetching 5.352 ms
INFO: at 1539.158 ms fetching 4.029 ms
INFO: at 1541.303 ms fetching 9.525 ms
INFO: at 1543.448 ms fetching 10.429 ms
INFO: at 1545.592 ms fetching 4.762 ms
INFO: at 1548.517 ms fetching 4.787 ms
INFO: at 1551.441 ms fetching 5.068 ms
INFO: at 1554.365 ms fetching 4.821 ms
INFO: at 1557.289 ms fetching 7.755 ms
INFO: at 1560.213 ms fetching 4.206 ms
INFO: at 1563.138 ms fetching 6.048 ms
INFO: at 1566.062 ms fetching 8.366 ms
INFO: at 1568.986 ms fetching 5.901 ms
INFO: at 1571.910 ms fetching 10.242 ms
INFO: at 1574.834 ms fetching 7.323 ms
INFO: at 1577.758 ms fetching 5.146 ms
INFO: at 1580.683 ms fetching 4.815 ms
INFO: at 1583.607 ms fetching 8.649 ms
INFO: at 1586.531 ms fetching 7.439 ms
INFO: at 1589.456 ms fetching 5.376 ms
INFO: at 1592.380 ms fetching 5.577 ms
INFO: at 1595.304 ms fetching 4.860 ms
INFO: at 1598.228 ms fetching 5.364 ms
INFO: at 1601.152 ms fetching 5.720 ms
INFO: at 1604.077 ms fetching 12.877 ms
INFO: at 1607.002 ms fetching 4.806 ms
INFO: at 1609.937 ms fetching 5.769 ms
INFO: at 1613.511 ms fetching 4.958 ms
INFO: at 1617.085 ms fetching 9.454 ms
INFO: at 1620.659 ms fetching 3.587 ms
INFO: at 1624.233 ms fetching 5.032 ms
INFO: at 1627.807 ms fetching 7.045 ms
INFO: at 1631.381 ms fetching 4.092 ms
INFO: at 1634.955 ms fetching 7.936 ms
INFO: at 1638.529 ms fetching 7.252 ms
INFO: at 1642.103 ms fetching 5.861 ms
INFO: at 1645.677 ms fetching 4.585 ms
INFO: at 1649.251 ms fetching 9.785 ms
INFO: at 1652.825 ms fetching 7.837 ms
INFO: at 1656.399 ms fetching 6.113 ms
INFO: at 1659.973 ms fetching 5.196 ms
INFO: at 1663.547 ms fetching 7.629 ms
INFO: at 1667.121 ms fetching 4.493 ms
INFO: at 1670.695 ms fetching 10.650 ms
INFO: at 1674.269 ms fetching 7.512 ms
INFO: at 1676.950 ms fetching 5.282 ms
INFO: at 1679.631 ms fetching 4.178 ms
INFO: at 1682.311 ms fetching 11.566 ms
INFO: at 1684.992 ms fetching 4.160 ms
INFO: at 1687.673 ms fetching 4.953 ms
INFO: at 1690.354 ms fetching 5.810 ms
INFO: at 1693.034 ms fetching 4.422 ms
INFO: at 1695.715 ms fetching 5.740 ms
INFO: at 1698.396 ms fetching 7.022 ms
INFO: at 1701.077 ms fetching 3.846 ms
INFO: at 1703.757 ms fetching 4.465 ms
INFO: at 1706.438 ms fetching 8.489 ms
INFO: at 1710.012 ms fetching 7.167 ms
INFO: at 1713.586 ms fetching 4.193 ms
INFO: at 1717.160 ms fetching 5.166 ms
INFO: at 1720.734 ms fetching 5.204 ms
INFO: at 1724.308 ms fetching 11.309 ms
INFO: at 1727.882 ms fetching 5.485 ms
INFO: at 1731.456 ms fetching 4.897 ms
INFO: at 1735.030 ms fetching 5.609 ms
INFO: at 1738.604 ms fetching 4.858 ms
INFO: at 1741.820 ms fetching 6.321 ms
INFO: at 1745.037 ms fetching 4.302 ms
INFO: at 1748.267 ms fetching 4.361 ms
INFO: at 1751.483 ms fetching 5.184 ms
INFO: at 1754.700 ms fetching 5.667 ms
INFO: at 1757.917 ms fetching 4.471 ms
INFO: at 1761.133 ms fetching 4.721 ms
INFO: at 1764.350 ms fetching 8.416 ms
INFO: at 1767.566 ms fetching 7.407 ms
INFO: at 1770.783 ms fetching 8.722 ms
INFO: at 1773.257 ms fetching 12.052 ms
INFO: at 1775.731 ms fetching 5.162 ms
INFO: at 1778.206 ms fetching 6.006 ms
INFO: at 1780.680 ms fetching 4.714 ms
INFO: at 1783.154 ms fetching 11.095 ms
INFO: at 1785.629 ms fetching 6.938 ms
INFO: at 1788.104 ms fetching 5.441 ms
INFO: at 1790.578 ms fetching 4.525 ms
INFO: at 1793.053 ms fetching 4.505 ms
INFO: at 1795.527 ms fetching 8.170 ms
INFO: at 1798.002 ms fetching 11.518 ms
INFO: at 1800.476 ms fetching 5.455 ms
INFO: at 1802.952 ms fetching 8.309 ms
INFO: at 1806.973 ms fetching 9.357 ms
INFO: at 1810.993 ms fetching 5.076 ms
INFO: at 1815.014 ms fetching 10.298 ms
INFO: at 1819.035 ms fetching 5.954 ms
INFO: at 1823.055 ms fetching 11.734 ms
INFO: at 1827.076 ms fetching 4.636 ms
INFO: at 1831.097 ms fetching 2.876 ms
INFO: at 1835.117 ms fetching 9.142 ms
INFO: at 1838.334 ms fetching 5.302 ms
INFO: at 1841.550 ms fetching 8.268 ms
INFO: at 1844.767 ms fetching 7.482 ms
INFO: at 1847.983 ms fetching 4.380 ms
INFO: at 1851.200 ms fetching 7.086 ms
INFO: at 1854.416 ms fetching 8.199 ms
INFO: at 1857.633 ms fetching 9.430 ms
INFO: at 1860.850 ms fetching 8.753 ms
INFO: at 1864.066 ms fetching 4.895 ms
INFO: at 1867.283 ms fetching 4.844 ms
INFO: at 1871.878 ms fetching 4.354 ms
INFO: at 1876.473 ms fetching 7.493 ms
INFO: at 1881.067 ms fetching 5.074 ms
INFO: at 1885.662 ms fetching 5.686 ms
INFO: at 1890.257 ms fetching 8.070 ms
INFO: at 1894.852 ms fetching 8.989 ms
INFO: at 1899.446 ms fetching 10.588 ms
INFO: at 1902.663 ms fetching 5.941 ms
INFO: at 1905.879 ms fetching 6.268 ms
INFO: at 1909.096 ms fetching 5.438 ms
INFO: at 1912.312 ms fetching 5.411 ms
INFO: at 1915.529 ms fetching 6.997 ms
INFO: at 1918.745 ms fetching 4.984 ms
INFO: at 1921.962 ms fetching 5.565 ms
INFO: at 1925.178 ms fetching 5.760 ms
INFO: at 1928.395 ms fetching 4.575 ms
INFO: at 1931.612 ms fetching 5.618 ms
INFO: at 1935.633 ms fetching 5.258 ms
INFO: at 1939.653 ms fetching 4.734 ms
INFO: at 1943.673 ms fetching 4.925 ms
INFO: at 1947.694 ms fetching 4.847 ms
INFO: at 1951.715 ms fetching 6.627 ms
INFO: at 1955.735 ms fetching 5.698 ms
INFO: at 1959.755 ms fetching 7.997 ms
INFO: at 1963.782 ms fetching 5.418 ms
INFO: at 1966.706 ms fetching 4.700 ms
INFO: at 1969.631 ms fetching 5.102 ms
INFO: at 1972.555 ms fetching 8.999 ms
INFO: at 1975.479 ms fetching 9.943 ms
INFO: at 1978.404 ms fetching 5.206 ms
INFO: at 1981.328 ms fetching 10.702 ms
INFO: at 1984.268 ms fetching 9.110 ms
INFO: at 1987.192 ms fetching 5.104 ms
INFO: at 1990.116 ms fetching 5.179 ms
INFO: at 1993.041 ms fetching 9.653 ms
INFO: at 1995.965 ms fetching 5.299 ms
INFO: at 1999.182 ms fetching 4.768 ms
INFO: at 2002.398 ms fetching 10.877 ms
INFO: at 2005.615 ms fetching 9.245 ms
INFO: at 2008.831 ms fetching 10.723 ms
INFO: at 2012.048 ms fetching 5.866 ms
INFO: at 2015.265 ms fetching 10.835 ms
INFO: at 2018.481 ms fetching 5.199 ms
INFO: at 2021.698 ms fetching 5.045 ms
INFO: at 2024.916 ms fetching 5.379 ms
INFO: at 2028.132 ms fetching 5.436 ms
INFO: at 2031.706 ms fetching 7.683 ms
INFO: at 2035.280 ms fetching 5.482 ms
INFO: at 2038.854 ms fetching 5.023 ms
INFO: at 2042.427 ms fetching 10.383 ms
INFO: at 2046.001 ms fetching 8.680 ms
INFO: at 2049.575 ms fetching 8.259 ms
INFO: at 2053.149 ms fetching 8.849 ms
INFO: at 2056.723 ms fetching 6.391 ms
INFO: at 2060.297 ms fetching 6.218 ms
INFO: at 2063.514 ms fetching 5.095 ms
INFO: at 2066.730 ms fetching 10.546 ms
INFO: at 2069.947 ms fetching 11.068 ms
INFO: at 2073.164 ms fetching 6.072 ms
INFO: at 2076.381 ms fetching 9.477 ms
INFO: at 2079.597 ms fetching 4.320 ms
INFO: at 2082.814 ms fetching 6.189 ms
INFO: at 2086.031 ms fetching 11.686 ms
INFO: at 2089.247 ms fetching 4.711 ms
INFO: at 2092.464 ms fetching 5.663 ms
INFO: at 2095.681 ms fetching 11.151 ms
INFO: at 2098.897 ms fetching 5.360 ms
INFO: at 2102.114 ms fetching 4.802 ms
INFO: at 2105.331 ms fetching 5.493 ms
INFO: at 2108.547 ms fetching 9.088 ms
INFO: at 2111.764 ms fetching 5.350 ms
INFO: at 2114.981 ms fetching 11.887 ms
INFO: at 2118.197 ms fetching 5.671 ms
INFO: at 2121.414 ms fetching 8.942 ms
INFO: at 2124.631 ms fetching 9.824 ms
INFO: at 2128.651 ms fetching 8.542 ms
INFO: at 2132.671 ms fetching 4.589 ms
INFO: at 2136.692 ms fetching 5.186 ms
INFO: at 2140.712 ms fetching 8.179 ms
INFO: at 2144.733 ms fetching 8.397 ms
INFO: at 2148.753 ms fetching 4.945 ms
INFO: at 2152.774 ms fetching 8.449 ms
INFO: at 2156.794 ms fetching 6.973 ms
INFO: at 2160.368 ms fetching 4.980 ms
INFO: at 2163.942 ms fetching 7.876 ms
INFO: at 2167.516 ms fetching 5.400 ms
INFO: at 2171.090 ms fetching 8.287 ms
INFO: at 2174.664 ms fetching 4.598 ms
INFO: at 2178.237 ms fetching 5.713 ms
INFO: at 2181.811 ms fetching 5.236 ms
INFO: at 2185.385 ms fetching 8.480 ms
INFO: at 2188.959 ms fetching 5.907 ms
INFO: at 2193.554 ms fetching 5.544 ms
INFO: at 2198.149 ms fetching 10.072 ms
INFO: at 2202.744 ms fetching 5.072 ms
INFO: at 2207.338 ms fetching 6.563 ms
INFO: at 2211.933 ms fetching 7.926 ms
INFO: at 2216.528 ms fetching 10.926 ms
INFO: at 2221.123 ms fetching 5.355 ms
INFO: at 2224.697 ms fetching 7.745 ms
INFO: at 2228.271 ms fetching 8.511 ms
INFO: at 2231.844 ms fetching 10.207 ms
INFO: at 2235.418 ms fetching 6.512 ms
INFO: at 2238.992 ms fetching 4.562 ms
INFO: at 2242.566 ms fetching 9.973 ms
INFO: at 2246.140 ms fetching 9.501 ms
INFO: at 2249.714 ms fetching 4.510 ms
INFO: at 2253.289 ms fetching 4.703 ms
INFO: at 2255.970 ms fetching 4.758 ms
INFO: at 2258.650 ms fetching 5.705 ms
INFO: at 2261.331 ms fetching 4.284 ms
INFO: at 2264.012 ms fetching 5.694 ms
INFO: at 2266.692 ms fetching 9.488 ms
INFO: at 2269.373 ms fetching 6.095 ms
INFO: at 2272.054 ms fetching 5.433 ms
INFO: at 2274.735 ms fetching 5.088 ms
INFO: at 2277.416 ms fetching 5.138 ms
INFO: at 2280.097 ms fetching 4.544 ms
INFO: at 2282.777 ms fetching 4.535 ms
INFO: at 2285.458 ms fetching 8.080 ms
INFO: at 2288.382 ms fetching 5.716 ms
INFO: at 2291.306 ms fetching 4.796 ms
INFO: at 2294.230 ms fetching 11.985 ms
INFO: at 2297.160 ms fetching 4.679 ms
INFO: at 2300.084 ms fetching 4.852 ms
INFO: at 2303.008 ms fetching 7.598 ms
INFO: at 2305.932 ms fetching 5.010 ms
INFO: at 2308.857 ms fetching 7.111 ms
INFO: at 2311.781 ms fetching 9.564 ms
INFO: at 2314.705 ms fetching 4.829 ms
INFO: at 2317.630 ms fetching 4.580 ms
INFO: at 2320.310 ms fetching 5.268 ms
INFO: at 2322.991 ms fetching 5.003 ms
INFO: at 2325.671 ms fetching 5.381 ms
INFO: at 2328.352 ms fetching 9.988 ms
INFO: at 2331.033 ms fetching 4.477 ms
INFO: at 2333.713 ms fetching 4.144 ms
INFO: at 2336.394 ms fetching 7.202 ms
INFO: at 2339.074 ms fetching 5.752 ms
INFO: at 2341.755 ms fetching 6.613 ms
INFO: at 2344.436 ms fetching 5.265 ms
INFO: at 2347.116 ms fetching 9.883 ms
INFO: at 2349.797 ms fetching 8.978 ms
INFO: at 2352.478 ms fetching 6.852 ms
INFO: at 2355.158 ms fetching 4.826 ms
INFO: at 2357.839 ms fetching 6.499 ms
INFO: at 2360.520 ms fetching 12.266 ms
INFO: at 2363.201 ms fetching 4.888 ms
INFO: at 2365.881 ms fetching 5.978 ms
INFO: at 2368.562 ms fetching 5.152 ms
INFO: at 2371.242 ms fetching 7.607 ms
INFO: at 2373.923 ms fetching 8.902 ms
INFO: at 2376.603 ms fetching 10.450 ms
INFO: at 2379.284 ms fetching 10.058 ms
INFO: at 2381.964 ms fetching 10.412 ms
INFO: at 2384.109 ms fetching 4.835 ms
INFO: at 2386.254 ms fetching 5.159 ms
INFO: at 2388.399 ms fetching 10.315 ms
INFO: at 2390.543 ms fetching 6.368 ms
INFO: at 2392.688 ms fetching 8.690 ms
INFO: at 2394.833 ms fetching 6.887 ms
INFO: at 2396.978 ms fetching 9.687 ms
INFO: at 2399.123 ms fetching 4.671 ms
INFO: at 2401.267 ms fetching 8.892 ms
INFO: at 2403.412 ms fetching 5.291 ms
INFO: at 2405.557 ms fetching 5.877 ms
INFO: at 2407.702 ms fetching 11.184 ms
INFO: at 2409.846 ms fetching 5.391 ms
INFO: at 2411.991 ms fetching 5.280 ms
INFO: at 2414.136 ms fetching 5.605 ms
INFO: at 2418.157 ms fetching 8.407 ms
INFO: at 2422.178 ms fetching 15.809 ms
INFO: at 2426.198 ms fetching 11.651 ms
INFO: at 2430.219 ms fetching 8.792 ms
INFO: at 2434.240 ms fetching 5.005 ms
INFO: at 2438.260 ms fetching 9.677 ms
INFO: at 2442.281 ms fetching 5.460 ms
INFO: at 2446.301 ms fetching 4.230 ms
INFO: at 2449.518 ms fetching 4.724 ms
INFO: at 2452.735 ms fetching 9.212 ms
INFO: at 2455.951 ms fetching 4.937 ms
INFO: at 2459.168 ms fetching 8.712 ms
INFO: at 2462.384 ms fetching 4.960 ms
INFO: at 2465.601 ms fetching 4.659 ms
INFO: at 2468.818 ms fetching 7.906 ms
INFO: at 2472.034 ms fetching 4.970 ms
INFO: at 2475.251 ms fetching 6.403 ms
INFO: at 2478.467 ms fetching 6.170 ms
INFO: at 2482.041 ms fetching 7.735 ms
INFO: at 2485.615 ms fetching 4.312 ms
INFO: at 2489.189 ms fetching 4.950 ms
INFO: at 2492.763 ms fetching 10.743 ms
INFO: at 2496.337 ms fetching 4.812 ms
INFO: at 2499.911 ms fetching 8.347 ms
INFO: at 2503.485 ms fetching 4.339 ms
INFO: at 2507.059 ms fetching 5.348 ms
INFO: at 2510.633 ms fetching 5.119 ms
INFO: at 2513.314 ms fetching 4.606 ms
INFO: at 2515.994 ms fetching 5.682 ms
INFO: at 2518.675 ms fetching 10.103 ms
INFO: at 2521.356 ms fetching 6.877 ms
INFO: at 2524.036 ms fetching 8.956 ms
INFO: at 2526.717 ms fetching 8.376 ms
INFO: at 2529.397 ms fetching 5.276 ms
INFO: at 2532.078 ms fetching 5.828 ms
INFO: at 2534.758 ms fetching 4.731 ms
INFO: at 2537.439 ms fetching 5.168 ms
INFO: at 2540.119 ms fetching 5.856 ms
INFO: at 2542.800 ms fetching 5.317 ms
INFO: at 2544.408 ms fetching 6.035 ms
INFO: at 2546.017 ms fetching 4.685 ms
INFO: at 2547.625 ms fetching 6.665 ms
INFO: at 2549.234 ms fetching 7.227 ms
INFO: at 2550.843 ms fetching 5.847 ms
INFO: at 2552.451 ms fetching 4.855 ms
INFO: at 2554.060 ms fetching 4.008 ms
INFO: at 2555.668 ms fetching 5.248 ms
INFO: at 2557.277 ms fetching 8.049 ms
INFO: at 2558.885 ms fetching 10.004 ms
INFO: at 2560.494 ms fetching 9.627 ms
INFO: at 2562.103 ms fetching 9.930 ms
INFO: at 2563.711 ms fetching 6.239 ms
INFO: at 2565.320 ms fetching 4.682 ms
INFO: at 2566.929 ms fetching 4.751 ms
INFO: at 2568.538 ms fetching 11.376 ms
INFO: at 2570.146 ms fetching 5.035 ms
INFO: at 2571.755 ms fetching 4.594 ms
INFO: at 2573.363 ms fetching 5.233 ms
INFO: at 2574.972 ms fetching 10.348 ms
INFO: at 2577.896 ms fetching 5.123 ms
INFO: at 2580.820 ms fetching 4.741 ms
INFO: at 2583.744 ms fetching 10.506 ms
INFO: at 2586.669 ms fetching 5.690 ms
INFO: at 2589.604 ms fetching 5.270 ms
INFO: at 2592.528 ms fetching 5.333 ms
INFO: at 2595.452 ms fetching 5.526 ms
INFO: at 2598.377 ms fetching 9.613 ms
INFO: at 2601.301 ms fetching 4.973 ms
INFO: at 2604.226 ms fetching 4.868 ms
INFO: at 2607.150 ms fetching 7.797 ms
INFO: at 2611.170 ms fetching 4.554 ms
INFO: at 2615.191 ms fetching 5.452 ms
INFO: at 2619.211 ms fetching 7.451 ms
INFO: at 2623.232 ms fetching 6.288 ms
INFO: at 2627.252 ms fetching 7.826 ms
INFO: at 2631.273 ms fetching 4.440 ms
INFO: at 2635.293 ms fetching 7.886 ms
INFO: at 2639.314 ms fetching 7.384 ms
INFO: at 2643.334 ms fetching 10.259 ms
INFO: at 2647.355 ms fetching 8.226 ms
INFO: at 2651.375 ms fetching 9.030 ms
INFO: at 2655.396 ms fetching 5.130 ms
INFO: at 2659.416 ms fetching 7.122 ms
INFO: at 2663.437 ms fetching 10.491 ms
INFO: at 2667.457 ms fetching 4.992 ms
INFO: at 2671.478 ms fetching 5.535 ms
INFO: at 2674.402 ms fetching 5.960 ms
INFO: at 2677.326 ms fetching 5.744 ms
INFO: at 2680.267 ms fetching 5.287 ms
INFO: at 2683.191 ms fetching 7.098 ms
INFO: at 2686.115 ms fetching 5.660 ms
INFO: at 2689.039 ms fetching 5.253 ms
INFO: at 2691.963 ms fetching 5.501 ms
INFO: at 2694.887 ms fetching 5.632 ms
INFO: at 2697.812 ms fetching 4.667 ms
INFO: at 2700.736 ms fetching 4.910 ms
INFO: at 2703.660 ms fetching 5.504 ms
INFO: at 2705.958 ms fetching 7.010 ms
INFO: at 2708.266 ms fetching 6.730 ms
INFO: at 2710.564 ms fetching 6.961 ms
INFO: at 2712.862 ms fetching 4.745 ms
INFO: at 2715.160 ms fetching 4.838 ms
INFO: at 2717.461 ms fetching 4.447 ms
INFO: at 2719.759 ms fetching 4.915 ms
INFO: at 2722.057 ms fetching 8.870 ms
INFO: at 2724.355 ms fetching 5.140 ms
INFO: at 2726.653 ms fetching 9.641 ms
INFO: at 2728.950 ms fetching 5.966 ms
INFO: at 2731.248 ms fetching 8.912 ms
INFO: at 2733.546 ms fetching 5.182 ms
INFO: at 2735.844 ms fetching 13.033 ms
INFO: at 2738.768 ms fetching 5.463 ms
INFO: at 2741.692 ms fetching 4.995 ms
INFO: at 2744.616 ms fetching 9.601 ms
INFO: at 2747.541 ms fetching 5.532 ms
INFO: at 2750.465 ms fetching 5.887 ms
INFO: at 2753.389 ms fetching 6.333 ms
INFO: at 2756.314 ms fetching 5.083 ms
INFO: at 2759.238 ms fetching 5.052 ms
INFO: at 2762.162 ms fetching 8.553 ms
INFO: at 2765.086 ms fetching 7.333 ms
INFO: at 2768.010 ms fetching 7.396 ms
INFO: at 2771.584 ms fetching 9.300 ms
INFO: at 2775.158 ms fetching 5.488 ms
INFO: at 2778.733 ms fetching 4.693 ms
INFO: at 2782.306 ms fetching 10.563 ms
INFO: at 2785.881 ms fetching 5.394 ms
INFO: at 2789.455 ms fetching 4.998 ms
INFO: at 2793.028 ms fetching 5.215 ms
INFO: at 2796.602 ms fetching 5.842 ms
INFO: at 2800.176 ms fetching 7.177 ms
INFO: at 2803.100 ms fetching 3.751 ms
INFO: at 2806.024 ms fetching 5.515 ms
INFO: at 2808.949 ms fetching 6.678 ms
INFO: at 2811.873 ms fetching 7.777 ms
INFO: at 2814.797 ms fetching 4.075 ms
INFO: at 2817.721 ms fetching 4.866 ms
INFO: at 2820.645 ms fetching 6.055 ms
INFO: at 2823.570 ms fetching 5.278 ms
INFO: at 2826.494 ms fetching 9.224 ms
INFO: at 2829.418 ms fetching 3.798 ms
INFO: at 2832.342 ms fetching 4.401 ms
INFO: at 2835.023 ms fetching 5.496 ms
INFO: at 2837.704 ms fetching 4.675 ms
INFO: at 2840.385 ms fetching 6.704 ms
INFO: at 2843.065 ms fetching 4.832 ms
INFO: at 2845.746 ms fetching 6.143 ms
INFO: at 2848.427 ms fetching 6.473 ms
INFO: at 2851.107 ms fetching 5.929 ms
INFO: at 2853.788 ms fetching 5.018 ms
INFO: at 2856.469 ms fetching 5.229 ms
INFO: at 2859.149 ms fetching 5.882 ms
INFO: at 2861.830 ms fetching 7.957 ms
INFO: at 2864.510 ms fetching 8.159 ms
INFO: at 2867.435 ms fetching 8.189 ms
INFO: at 2870.359 ms fetching 12.201 ms
INFO: at 2873.283 ms fetching 10.632 ms
INFO: at 2876.208 ms fetching 5.509 ms
INFO: at 2879.132 ms fetching 7.034 ms
INFO: at 2882.056 ms fetching 10.332 ms
INFO: at 2884.981 ms fetching 10.031 ms
INFO: at 2887.905 ms fetching 8.804 ms
INFO: at 2890.829 ms fetching 5.602 ms
INFO: at 2893.753 ms fetching 5.326 ms
INFO: at 2896.678 ms fetching 7.522 ms
INFO: at 2898.823 ms fetching 4.977 ms
INFO: at 2900.967 ms fetching 9.167 ms
INFO: at 2903.112 ms fetching 6.298 ms
INFO: at 2905.257 ms fetching 5.622 ms
INFO: at 2907.401 ms fetching 5.319 ms
INFO: at 2909.546 ms fetching 7.618 ms
INFO: at 2911.691 ms fetching 5.599 ms
INFO: at 2913.836 ms fetching 9.588 ms
INFO: at 2915.981 ms fetching 6.278 ms
INFO: at 2918.125 ms fetching 9.798 ms
INFO: at 2920.270 ms fetching 6.800 ms
INFO: at 2922.415 ms fetching 4.850 ms
INFO: at 2924.559 ms fetching 8.615 ms
INFO: at 2926.704 ms fetching 5.345 ms
INFO: at 2928.848 ms fetching 9.156 ms
INFO: at 2932.422 ms fetching 9.190 ms
INFO: at 2935.996 ms fetching 5.948 ms
INFO: at 2939.570 ms fetching 5.177 ms
INFO: at 2943.144 ms fetching 9.278 ms
INFO: at 2946.718 ms fetching 8.109 ms
INFO: at 2950.292 ms fetching 7.145 ms
INFO: at 2953.865 ms fetching 5.512 ms
INFO: at 2957.439 ms fetching 5.574 ms
INFO: at 2961.013 ms fetching 6.064 ms
INFO: at 2964.232 ms fetching 4.540 ms
INFO: at 2967.449 ms fetching 4.963 ms
INFO: at 2970.665 ms fetching 6.041 ms
INFO: at 2973.882 ms fetching 4.930 ms
INFO: at 2977.098 ms fetching 5.548 ms
INFO: at 2980.315 ms fetching 5.444 ms
INFO: at 2983.532 ms fetching 10.223 ms
INFO: at 2986.748 ms fetching 4.481 ms
INFO: at 2989.965 ms fetching 10.090 ms
INFO: at 2993.181 ms fetching 5.936 ms
INFO: at 2996.106 ms fetching 4.388 ms
INFO: at 2999.030 ms fetching 8.741 ms
INFO: at 3001.954 ms fetching 5.132 ms
INFO: at 3004.878 ms fetching 10.366 ms
INFO: at 3007.803 ms fetching 5.007 ms
INFO: at 3010.727 ms fetching 9.099 ms
INFO: at 3013.651 ms fetching 9.254 ms
INFO: at 3016.575 ms fetching 6.260 ms
INFO: at 3019.499 ms fetching 10.018 ms
INFO: at 3022.424 ms fetching 8.277 ms
INFO: at 3025.348 ms fetching 5.397 ms
INFO: at 3027.822 ms fetching 7.567 ms
INFO: at 3030.297 ms fetching 5.426 ms
INFO: at 3032.771 ms fetching 4.918 ms
INFO: at 3035.246 ms fetching 5.312 ms
INFO: at 3037.721 ms fetching 4.902 ms
INFO: at 3040.195 ms fetching 5.562 ms
INFO: at 3042.670 ms fetching 6.120 ms
INFO: at 3045.144 ms fetching 7.788 ms
INFO: at 3047.619 ms fetching 8.584 ms
INFO: at 3050.093 ms fetching 9.755 ms
INFO: at 3052.567 ms fetching 7.375 ms
INFO: at 3055.042 ms fetching 10.953 ms
INFO: at 3057.516 ms fetching 8.217 ms
INFO: at 3059.814 ms fetching 5.403 ms
INFO: at 3062.112 ms fetching 5.335 ms
INFO: at 3064.409 ms fetching 9.200 ms
INFO: at 3066.707 ms fetching 8.763 ms
INFO: at 3069.005 ms fetching 6.209 ms
INFO: at 3071.302 ms fetching 12.534 ms
INFO: at 3073.600 ms fetching 5.220 ms
INFO: at 3075.898 ms fetching 7.274 ms
INFO: at 3078.196 ms fetching 6.088 ms
INFO: at 3080.493 ms fetching 7.857 ms
INFO: at 3082.791 ms fetching 5.615 ms
INFO: at 3085.089 ms fetching 7.695 ms
INFO: at 3087.387 ms fetching 11.607 ms
INFO: at 3089.685 ms fetching 4.619 ms
INFO: at 3092.609 ms fetching 9.266 ms
INFO: at 3095.534 ms fetching 8.564 ms
INFO: at 3098.458 ms fetching 4.632 ms
INFO: at 3101.382 ms fetching 8.438 ms
INFO: at 3104.306 ms fetching 5.431 ms
INFO: at 3107.231 ms fetching 5.012 ms
INFO: at 3110.155 ms fetching 8.839 ms
INFO: at 3113.079 ms fetching 5.015 ms
INFO: at 3116.003 ms fetching 5.778 ms
INFO: at 3118.928 ms fetching 8.934 ms
INFO: at 3121.852 ms fetching 5.389 ms
INFO: at 3125.068 ms fetching 9.395 ms
INFO: at 3128.285 ms fetching 6.775 ms
INFO: at 3131.501 ms fetching 4.940 ms
INFO: at 3134.718 ms fetching 5.081 ms
INFO: at 3137.934 ms fetching 5.109 ms
INFO: at 3141.151 ms fetching 9.234 ms
INFO: at 3144.368 ms fetching 13.251 ms
INFO: at 3147.585 ms fetching 5.674 ms
INFO: at 3150.801 ms fetching 5.586 ms
INFO: at 3154.018 ms fetching 8.318 ms
INFO: at 3156.316 ms fetching 8.731 ms
INFO: at 3158.614 ms fetching 9.442 ms
INFO: at 3160.912 ms fetching 5.649 ms
INFO: at 3163.209 ms fetching 11.415 ms
INFO: at 3165.507 ms fetching 5.474 ms
INFO: at 3167.805 ms fetching 4.871 ms
INFO: at 3170.103 ms fetching 7.649 ms
INFO: at 3172.401 ms fetching 7.713 ms
INFO: at 3174.698 ms fetching 12.440 ms
INFO: at 3176.996 ms fetching 4.900 ms
INFO: at 3179.294 ms fetching 6.599 ms
INFO: at 3181.592 ms fetching 4.602 ms
INFO: done
22-04-02:20:32:16 INFO     [docker_logging_utils.py:19] [default-cluster] Created logging directory: /home/cc/DynWork/multimodal_dataset/repeat-4/Multimodal_Real_Dataset/Azure/chatbot/blenderbot_convAI/1_x_P99/clipper/logs
22-04-02:20:32:59 INFO     [clipper_admin.py:1424] [default-cluster] Stopped all Clipper cluster and all model containers
