INFO: nexus_dir=/workdir/nexus model_dir=/workdir/DynWork/multimodal_dataset/repeat-5/Multimodal/Azure/incoming_rate_36.36/Equal_Std/std_2/1.5_x_P99/nexus/models log_dir=/workdir/DynWork/multimodal_dataset/repeat-5/Multimodal/Azure/incoming_rate_36.36/Equal_Std/std_2/1.5_x_P99/nexus/logs model=fake_0
INFO: waiting frontend to spin up
INFO: ready to go
INFO: rock and roll
INFO: at 1.014 ms batch [44.118] delay 22.000 ms
INFO: at 1.014 ms fetching 44.118 ms
INFO: at 23.574 ms batch [10.000] delay 22.000 ms
INFO: at 23.574 ms fetching 10.000 ms
INFO: at 46.354 ms batch [34.891] delay 22.000 ms
INFO: at 46.354 ms fetching 34.891 ms
INFO: at 69.440 ms batch [70.356] delay 22.000 ms
INFO: at 69.440 ms fetching 70.356 ms
INFO: at 92.273 ms batch [67.637] delay 22.000 ms
INFO: at 92.273 ms fetching 67.637 ms
INFO: at 114.905 ms batch [60.624] delay 22.000 ms
INFO: at 114.905 ms fetching 60.624 ms
INFO: at 137.656 ms batch [34.265] delay 22.000 ms
INFO: at 137.656 ms fetching 34.265 ms
INFO: at 159.950 ms batch [53.189] delay 22.000 ms
INFO: at 159.950 ms fetching 53.189 ms
INFO: at 183.384 ms batch [43.677] delay 22.000 ms
INFO: at 183.384 ms fetching 43.677 ms
INFO: at 206.335 ms batch [62.694] delay 22.000 ms
INFO: at 206.335 ms fetching 62.694 ms
INFO: at 229.509 ms batch [83.225] delay 27.500 ms
INFO: at 229.509 ms fetching 83.225 ms
INFO: at 257.643 ms batch [64.970] delay 27.500 ms
INFO: at 257.643 ms fetching 64.970 ms
INFO: at 286.806 ms batch [82.401] delay 27.500 ms
INFO: at 286.806 ms fetching 82.401 ms
INFO: at 314.735 ms batch [58.730] delay 27.500 ms
INFO: at 314.735 ms fetching 58.730 ms
INFO: at 342.606 ms batch [70.541] delay 22.000 ms
INFO: at 342.606 ms fetching 70.541 ms
INFO: at 365.761 ms batch [65.408] delay 22.000 ms
INFO: at 365.761 ms fetching 65.408 ms
INFO: at 388.117 ms batch [31.190] delay 22.000 ms
INFO: at 388.117 ms fetching 31.190 ms
INFO: at 410.394 ms batch [65.863] delay 22.000 ms
INFO: at 410.394 ms fetching 65.863 ms
INFO: at 433.436 ms batch [69.058] delay 22.000 ms
INFO: at 433.436 ms fetching 69.058 ms
INFO: at 457.618 ms batch [61.501] delay 27.500 ms
INFO: at 457.618 ms fetching 61.501 ms
INFO: at 485.485 ms batch [29.708] delay 27.500 ms
INFO: at 485.485 ms fetching 29.708 ms
INFO: at 513.471 ms batch [60.042] delay 27.500 ms
INFO: at 513.471 ms fetching 60.042 ms
INFO: at 541.564 ms batch [44.861] delay 27.500 ms
INFO: at 541.564 ms fetching 44.861 ms
INFO: at 569.636 ms batch [36.310] delay 27.500 ms
INFO: at 569.636 ms fetching 36.310 ms
INFO: at 598.523 ms batch [46.523] delay 27.500 ms
INFO: at 598.523 ms fetching 46.523 ms
INFO: at 626.496 ms batch [47.707] delay 27.500 ms
INFO: at 626.496 ms fetching 47.707 ms
INFO: at 654.289 ms batch [73.597] delay 27.500 ms
INFO: at 654.289 ms fetching 73.597 ms
INFO: at 682.148 ms batch [32.971] delay 27.500 ms
INFO: at 682.148 ms fetching 32.971 ms
INFO: at 709.988 ms batch [73.311] delay 27.500 ms
INFO: at 709.988 ms fetching 73.311 ms
INFO: at 738.186 ms batch [55.886] delay 27.500 ms
INFO: at 738.186 ms fetching 55.886 ms
INFO: at 765.930 ms batch [49.880] delay 27.500 ms
INFO: at 765.930 ms fetching 49.880 ms
INFO: at 793.718 ms batch [66.962] delay 27.500 ms
INFO: at 793.718 ms fetching 66.962 ms
INFO: at 821.651 ms batch [27.640] delay 27.500 ms
INFO: at 821.651 ms fetching 27.640 ms
INFO: at 850.000 ms batch [72.315] delay 27.500 ms
INFO: at 850.000 ms fetching 72.315 ms
INFO: at 877.831 ms batch [75.748] delay 27.500 ms
INFO: at 877.831 ms fetching 75.748 ms
INFO: at 905.723 ms batch [40.473] delay 27.500 ms
INFO: at 905.723 ms fetching 40.473 ms
INFO: at 933.462 ms batch [71.272] delay 27.500 ms
INFO: at 933.462 ms fetching 71.272 ms
INFO: at 961.259 ms batch [58.073] delay 27.500 ms
INFO: at 961.259 ms fetching 58.073 ms
INFO: at 989.119 ms batch [38.255] delay 27.500 ms
INFO: at 989.119 ms fetching 38.255 ms
INFO: at 1016.964 ms batch [72.027] delay 27.500 ms
INFO: at 1016.964 ms fetching 72.027 ms
INFO: at 1044.859 ms batch [32.583] delay 27.500 ms
INFO: at 1044.859 ms fetching 32.583 ms
INFO: at 1073.436 ms batch [40.259] delay 27.500 ms
INFO: at 1073.436 ms fetching 40.259 ms
INFO: at 1101.043 ms batch [26.922] delay 27.500 ms
INFO: at 1101.043 ms fetching 26.922 ms
INFO: at 1129.734 ms batch [100.000] delay 36.667 ms
INFO: at 1129.734 ms fetching 100.000 ms
INFO: at 1167.493 ms batch [77.871] delay 36.667 ms
INFO: at 1167.493 ms fetching 77.871 ms
INFO: at 1205.119 ms batch [89.347] delay 36.667 ms
INFO: at 1205.119 ms fetching 89.347 ms
INFO: at 1242.227 ms batch [50.825] delay 22.000 ms
INFO: at 1242.227 ms fetching 50.825 ms
INFO: at 1265.110 ms batch [50.195] delay 22.000 ms
INFO: at 1265.110 ms fetching 50.195 ms
INFO: at 1287.612 ms batch [31.654] delay 22.000 ms
INFO: at 1287.612 ms fetching 31.654 ms
INFO: at 1310.384 ms batch [74.325] delay 22.000 ms
INFO: at 1310.384 ms fetching 74.325 ms
INFO: at 1333.028 ms batch [59.696] delay 22.000 ms
INFO: at 1333.028 ms fetching 59.696 ms
INFO: at 1355.522 ms batch [47.497] delay 22.000 ms
INFO: at 1355.522 ms fetching 47.497 ms
INFO: at 1378.154 ms batch [72.566] delay 22.000 ms
INFO: at 1378.154 ms fetching 72.566 ms
INFO: at 1400.946 ms batch [32.118] delay 22.000 ms
INFO: at 1400.946 ms fetching 32.118 ms
INFO: at 1423.833 ms batch [51.171] delay 22.000 ms
INFO: at 1423.833 ms fetching 51.171 ms
INFO: at 1446.490 ms batch [53.873] delay 22.000 ms
INFO: at 1446.490 ms fetching 53.873 ms
INFO: at 1469.204 ms batch [60.305] delay 22.000 ms
INFO: at 1469.204 ms fetching 60.305 ms
INFO: at 1491.912 ms batch [68.368] delay 22.000 ms
INFO: at 1491.912 ms fetching 68.368 ms
INFO: at 1514.794 ms batch [78.587] delay 22.000 ms
INFO: at 1514.794 ms fetching 78.587 ms
INFO: at 1537.714 ms batch [37.076] delay 22.000 ms
INFO: at 1537.714 ms fetching 37.076 ms
INFO: at 1559.903 ms batch [51.839] delay 22.000 ms
INFO: at 1559.903 ms fetching 51.839 ms
INFO: at 1582.238 ms batch [63.724] delay 27.500 ms
INFO: at 1582.238 ms fetching 63.724 ms
INFO: at 1610.140 ms batch [35.720] delay 27.500 ms
INFO: at 1610.140 ms fetching 35.720 ms
INFO: at 1638.638 ms batch [56.565] delay 27.500 ms
INFO: at 1638.638 ms fetching 56.565 ms
INFO: at 1667.262 ms batch [56.196] delay 27.500 ms
INFO: at 1667.262 ms fetching 56.196 ms
INFO: at 1695.934 ms batch [49.316] delay 36.667 ms
INFO: at 1695.934 ms fetching 49.316 ms
INFO: at 1733.128 ms batch [52.489] delay 36.667 ms
INFO: at 1733.128 ms fetching 52.489 ms
INFO: at 1771.064 ms batch [69.714] delay 36.667 ms
INFO: at 1771.064 ms fetching 69.714 ms
INFO: at 1809.012 ms batch [64.500] delay 27.500 ms
INFO: at 1809.012 ms fetching 64.500 ms
INFO: at 1837.367 ms batch [49.080] delay 27.500 ms
INFO: at 1837.367 ms fetching 49.080 ms
INFO: at 1865.883 ms batch [70.759] delay 27.500 ms
INFO: at 1865.883 ms fetching 70.759 ms
INFO: at 1894.589 ms batch [62.419] delay 27.500 ms
INFO: at 1894.589 ms fetching 62.419 ms
INFO: at 1923.240 ms batch [42.254] delay 22.000 ms
INFO: at 1923.240 ms fetching 42.254 ms
INFO: at 1945.891 ms batch [21.138] delay 22.000 ms
INFO: at 1945.891 ms fetching 21.138 ms
INFO: at 1968.446 ms batch [46.058] delay 22.000 ms
INFO: at 1968.446 ms fetching 46.058 ms
INFO: at 1991.091 ms batch [66.362] delay 22.000 ms
INFO: at 1991.091 ms fetching 66.362 ms
INFO: at 2013.926 ms batch [23.200] delay 22.000 ms
INFO: at 2013.926 ms fetching 23.200 ms
INFO: at 2036.696 ms batch [47.276] delay 27.500 ms
INFO: at 2036.696 ms fetching 47.276 ms
INFO: at 2065.003 ms batch [66.769] delay 27.500 ms
INFO: at 2065.003 ms fetching 66.769 ms
INFO: at 2092.892 ms batch [58.417] delay 27.500 ms
INFO: at 2092.892 ms fetching 58.417 ms
INFO: at 2120.779 ms batch [33.624] delay 27.500 ms
INFO: at 2120.779 ms fetching 33.624 ms
INFO: at 2149.462 ms batch [38.761] delay 27.500 ms
INFO: at 2149.462 ms fetching 38.761 ms
INFO: at 2178.158 ms batch [57.751] delay 27.500 ms
INFO: at 2178.158 ms fetching 57.751 ms
INFO: at 2205.934 ms batch [79.020] delay 27.500 ms
INFO: at 2205.934 ms fetching 79.020 ms
INFO: at 2233.826 ms batch [87.323] delay 27.500 ms
INFO: at 2233.826 ms fetching 87.323 ms
INFO: at 2261.639 ms batch [36.560] delay 22.000 ms
INFO: at 2261.639 ms fetching 36.560 ms
INFO: at 2284.429 ms batch [66.566] delay 22.000 ms
INFO: at 2284.429 ms fetching 66.566 ms
INFO: at 2307.418 ms batch [71.784] delay 22.000 ms
INFO: at 2307.418 ms fetching 71.784 ms
INFO: at 2330.443 ms batch [45.592] delay 22.000 ms
INFO: at 2330.443 ms fetching 45.592 ms
INFO: at 2353.326 ms batch [74.885] delay 22.000 ms
INFO: at 2353.326 ms fetching 74.885 ms
INFO: at 2376.139 ms batch [44.618] delay 27.500 ms
INFO: at 2376.139 ms fetching 44.618 ms
INFO: at 2404.832 ms batch [68.843] delay 27.500 ms
INFO: at 2404.832 ms fetching 68.843 ms
INFO: at 2432.573 ms batch [41.160] delay 27.500 ms
INFO: at 2432.573 ms fetching 41.160 ms
INFO: at 2460.930 ms batch [42.017] delay 27.500 ms
INFO: at 2460.930 ms fetching 42.017 ms
INFO: at 2489.639 ms batch [52.149] delay 22.000 ms
INFO: at 2489.639 ms fetching 52.149 ms
INFO: at 2512.596 ms batch [60.930] delay 22.000 ms
INFO: at 2512.596 ms fetching 60.930 ms
INFO: at 2535.516 ms batch [30.244] delay 22.000 ms
INFO: at 2535.516 ms fetching 30.244 ms
INFO: at 2558.243 ms batch [57.483] delay 22.000 ms
INFO: at 2558.243 ms fetching 57.483 ms
INFO: at 2581.066 ms batch [30.783] delay 22.000 ms
INFO: at 2581.066 ms fetching 30.783 ms
INFO: at 2604.116 ms batch [54.190] delay 27.500 ms
INFO: at 2604.116 ms fetching 54.190 ms
INFO: at 2632.650 ms batch [74.063] delay 27.500 ms
INFO: at 2632.650 ms fetching 74.063 ms
INFO: at 2660.351 ms batch [77.486] delay 27.500 ms
INFO: at 2660.351 ms fetching 77.486 ms
INFO: at 2688.079 ms batch [42.970] delay 27.500 ms
INFO: at 2688.079 ms fetching 42.970 ms
INFO: at 2715.812 ms batch [73.044] delay 22.000 ms
INFO: at 2715.812 ms fetching 73.044 ms
INFO: at 2739.003 ms batch [51.468] delay 22.000 ms
INFO: at 2739.003 ms fetching 51.468 ms
INFO: at 2762.073 ms batch [65.171] delay 22.000 ms
INFO: at 2762.073 ms fetching 65.171 ms
INFO: at 2785.115 ms batch [76.092] delay 22.000 ms
INFO: at 2785.115 ms fetching 76.092 ms
INFO: at 2808.188 ms batch [25.951] delay 22.000 ms
INFO: at 2808.188 ms fetching 25.951 ms
INFO: at 2831.184 ms batch [40.943] delay 22.000 ms
INFO: at 2831.184 ms fetching 40.943 ms
INFO: at 2853.945 ms batch [37.287] delay 22.000 ms
INFO: at 2853.945 ms fetching 37.287 ms
INFO: at 2877.792 ms batch [75.430] delay 22.000 ms
INFO: at 2877.792 ms fetching 75.430 ms
INFO: at 2900.932 ms batch [84.179] delay 22.000 ms
INFO: at 2900.932 ms fetching 84.179 ms
INFO: at 2923.922 ms batch [56.846] delay 22.000 ms
INFO: at 2923.922 ms fetching 56.846 ms
INFO: at 2946.844 ms batch [47.016] delay 27.500 ms
INFO: at 2946.844 ms fetching 47.016 ms
INFO: at 2974.915 ms batch [53.528] delay 27.500 ms
INFO: at 2974.915 ms fetching 53.528 ms
INFO: at 3003.024 ms batch [67.876] delay 27.500 ms
INFO: at 3003.024 ms fetching 67.876 ms
INFO: at 3031.306 ms batch [54.871] delay 27.500 ms
INFO: at 3031.306 ms fetching 54.871 ms
INFO: at 3059.205 ms batch [37.522] delay 36.667 ms
INFO: at 3059.205 ms fetching 37.522 ms
INFO: at 3097.313 ms batch [39.610] delay 36.667 ms
INFO: at 3097.313 ms fetching 39.610 ms
INFO: at 3135.381 ms batch [57.152] delay 36.667 ms
INFO: at 3135.381 ms fetching 57.152 ms
INFO: at 3173.464 ms batch [85.420] delay 27.500 ms
INFO: at 3173.464 ms fetching 85.420 ms
INFO: at 3201.425 ms batch [43.923] delay 27.500 ms
INFO: at 3201.425 ms fetching 43.923 ms
INFO: at 3229.523 ms batch [76.751] delay 27.500 ms
INFO: at 3229.523 ms fetching 76.751 ms
INFO: at 3257.530 ms batch [41.780] delay 27.500 ms
INFO: at 3257.530 ms fetching 41.780 ms
INFO: at 3285.606 ms batch [67.419] delay 22.000 ms
INFO: at 3285.606 ms fetching 67.419 ms
INFO: at 3308.670 ms batch [55.535] delay 22.000 ms
INFO: at 3308.670 ms fetching 55.535 ms
INFO: at 3331.288 ms batch [35.998] delay 22.000 ms
INFO: at 3331.288 ms fetching 35.998 ms
INFO: at 3354.050 ms batch [55.195] delay 22.000 ms
INFO: at 3354.050 ms fetching 55.195 ms
INFO: at 3376.983 ms batch [43.426] delay 22.000 ms
INFO: at 3376.983 ms fetching 43.426 ms
INFO: at 3399.860 ms batch [71.014] delay 27.500 ms
INFO: at 3399.860 ms fetching 71.014 ms
INFO: at 3427.837 ms batch [65.633] delay 27.500 ms
INFO: at 3427.837 ms fetching 65.633 ms
INFO: at 3455.907 ms batch [38.012] delay 27.500 ms
INFO: at 3455.907 ms fetching 38.012 ms
INFO: at 3483.895 ms batch [81.086] delay 27.500 ms
INFO: at 3483.895 ms fetching 81.086 ms
INFO: at 3511.949 ms batch [69.904] delay 27.500 ms
INFO: at 3511.949 ms fetching 69.904 ms
INFO: at 3539.950 ms batch [43.243] delay 27.500 ms
INFO: at 3539.950 ms fetching 43.243 ms
INFO: at 3567.985 ms batch [64.235] delay 27.500 ms
INFO: at 3567.985 ms fetching 64.235 ms
INFO: at 3596.049 ms batch [45.326] delay 27.500 ms
INFO: at 3596.049 ms fetching 45.326 ms
INFO: at 3624.095 ms batch [64.006] delay 36.667 ms
INFO: at 3624.095 ms fetching 64.006 ms
INFO: at 3661.039 ms batch [61.823] delay 36.667 ms
INFO: at 3661.039 ms fetching 61.823 ms
INFO: at 3699.088 ms batch [37.781] delay 36.667 ms
INFO: at 3699.088 ms fetching 37.781 ms
INFO: at 3737.128 ms batch [68.108] delay 22.000 ms
INFO: at 3737.128 ms fetching 68.108 ms
INFO: at 3759.579 ms batch [62.088] delay 22.000 ms
INFO: at 3759.579 ms fetching 62.088 ms
INFO: at 3782.486 ms batch [72.832] delay 22.000 ms
INFO: at 3782.486 ms fetching 72.832 ms
INFO: at 3805.555 ms batch [38.505] delay 22.000 ms
INFO: at 3805.555 ms fetching 38.505 ms
INFO: at 3828.556 ms batch [69.513] delay 22.000 ms
INFO: at 3828.556 ms fetching 69.513 ms
INFO: at 3851.478 ms batch [63.214] delay 22.000 ms
INFO: at 3851.478 ms fetching 63.214 ms
INFO: at 3874.586 ms batch [79.984] delay 22.000 ms
INFO: at 3874.586 ms fetching 79.984 ms
INFO: at 3897.263 ms batch [41.555] delay 22.000 ms
INFO: at 3897.263 ms fetching 41.555 ms
INFO: at 3920.256 ms batch [46.322] delay 22.000 ms
INFO: at 3920.256 ms fetching 46.322 ms
INFO: at 3943.099 ms batch [67.215] delay 22.000 ms
INFO: at 3943.099 ms fetching 67.215 ms
INFO: at 3966.103 ms batch [45.811] delay 18.333 ms
INFO: at 3966.103 ms fetching 45.811 ms
INFO: at 3986.120 ms batch [78.240] delay 18.333 ms
INFO: at 3986.120 ms fetching 78.240 ms
INFO: at 4005.909 ms batch [75.188] delay 18.333 ms
INFO: at 4005.909 ms fetching 75.188 ms
INFO: at 4024.505 ms batch [39.164] delay 18.333 ms
INFO: at 4024.505 ms fetching 39.164 ms
INFO: at 4043.123 ms batch [69.283] delay 18.333 ms
INFO: at 4043.123 ms fetching 69.283 ms
INFO: at 4063.083 ms batch [44.371] delay 18.333 ms
INFO: at 4063.083 ms fetching 44.371 ms
INFO: at 4083.085 ms batch [35.449] delay 22.000 ms
INFO: at 4083.085 ms fetching 35.449 ms
INFO: at 4106.154 ms batch [48.562] delay 22.000 ms
INFO: at 4106.154 ms fetching 48.562 ms
INFO: at 4129.115 ms batch [33.273] delay 22.000 ms
INFO: at 4129.115 ms fetching 33.273 ms
INFO: at 4151.457 ms batch [50.500] delay 22.000 ms
INFO: at 4151.457 ms fetching 50.500 ms
INFO: at 4174.519 ms batch [48.809] delay 22.000 ms
INFO: at 4174.519 ms fetching 48.809 ms
INFO: at 4196.798 ms batch [42.513] delay 22.000 ms
INFO: at 4196.798 ms fetching 42.513 ms
INFO: at 4220.843 ms batch [29.094] delay 22.000 ms
INFO: at 4220.843 ms fetching 29.094 ms
INFO: at 4243.626 ms batch [52.800] delay 22.000 ms
INFO: at 4243.626 ms fetching 52.800 ms
INFO: at 4266.532 ms batch [66.116] delay 22.000 ms
INFO: at 4266.532 ms fetching 66.116 ms
INFO: at 4289.381 ms batch [33.923] delay 22.000 ms
INFO: at 4289.381 ms fetching 33.923 ms
INFO: at 4311.571 ms batch [48.281] delay 22.000 ms
INFO: at 4311.571 ms fetching 48.281 ms
INFO: at 4334.633 ms batch [49.570] delay 22.000 ms
INFO: at 4334.633 ms fetching 49.570 ms
INFO: at 4357.523 ms batch [39.367] delay 22.000 ms
INFO: at 4357.523 ms fetching 39.367 ms
INFO: at 4380.515 ms batch [70.146] delay 22.000 ms
INFO: at 4380.515 ms fetching 70.146 ms
INFO: at 4403.483 ms batch [45.091] delay 22.000 ms
INFO: at 4403.483 ms fetching 45.091 ms
INFO: at 4426.424 ms batch [34.571] delay 27.500 ms
INFO: at 4426.424 ms fetching 34.571 ms
INFO: at 4455.559 ms batch [63.487] delay 27.500 ms
INFO: at 4455.559 ms fetching 63.487 ms
INFO: at 4483.534 ms batch [48.032] delay 27.500 ms
INFO: at 4483.534 ms fetching 48.032 ms
INFO: at 4511.600 ms batch [80.499] delay 27.500 ms
INFO: at 4511.600 ms fetching 80.499 ms
INFO: at 4539.736 ms batch [59.361] delay 18.333 ms
INFO: at 4539.736 ms fetching 59.361 ms
INFO: at 4559.718 ms batch [62.968] delay 18.333 ms
INFO: at 4559.718 ms fetching 62.968 ms
INFO: at 4579.664 ms batch [81.657] delay 18.333 ms
INFO: at 4579.664 ms fetching 81.657 ms
INFO: at 4599.600 ms batch [64.736] delay 18.333 ms
INFO: at 4599.600 ms fetching 64.736 ms
INFO: at 4619.025 ms batch [28.471] delay 18.333 ms
INFO: at 4619.025 ms fetching 28.471 ms
INFO: at 4638.964 ms batch [36.798] delay 18.333 ms
INFO: at 4638.964 ms fetching 36.798 ms
INFO: at 4658.917 ms batch [71.521] delay 27.500 ms
INFO: at 4658.917 ms fetching 71.521 ms
INFO: at 4687.643 ms batch [61.201] delay 27.500 ms
INFO: at 4687.643 ms fetching 61.201 ms
INFO: at 4715.609 ms batch [59.080] delay 27.500 ms
INFO: at 4715.609 ms fetching 59.080 ms
INFO: at 4743.678 ms batch [24.545] delay 27.500 ms
INFO: at 4743.678 ms fetching 24.545 ms
INFO: at 4771.903 ms batch [46.777] delay 22.000 ms
INFO: at 4771.903 ms fetching 46.777 ms
INFO: at 4794.268 ms batch [79.425] delay 22.000 ms
INFO: at 4794.268 ms fetching 79.425 ms
INFO: at 4817.486 ms batch [38.929] delay 22.000 ms
INFO: at 4817.486 ms fetching 38.929 ms
INFO: at 4840.516 ms batch [76.426] delay 22.000 ms
INFO: at 4840.516 ms fetching 76.426 ms
INFO: at 4863.586 ms batch [35.164] delay 22.000 ms
INFO: at 4863.586 ms fetching 35.164 ms
INFO: at 4886.675 ms batch [74.642] delay 18.333 ms
INFO: at 4886.675 ms fetching 74.642 ms
INFO: at 4905.508 ms batch [73.836] delay 18.333 ms
INFO: at 4905.508 ms fetching 73.836 ms
INFO: at 4924.392 ms batch [40.025] delay 18.333 ms
INFO: at 4924.392 ms fetching 40.025 ms
INFO: at 4944.024 ms batch [41.358] delay 18.333 ms
INFO: at 4944.024 ms fetching 41.358 ms
INFO: at 4963.902 ms batch [39.835] delay 18.333 ms
INFO: at 4963.902 ms fetching 39.835 ms
INFO: at 4983.849 ms batch [42.732] delay 18.333 ms
INFO: at 4983.849 ms fetching 42.732 ms
INFO: at 5003.907 ms batch [40.684] delay 27.500 ms
INFO: at 5003.907 ms fetching 40.684 ms
INFO: at 5031.975 ms batch [68.610] delay 27.500 ms
INFO: at 5031.975 ms fetching 68.610 ms
INFO: at 5060.003 ms batch [54.527] delay 27.500 ms
INFO: at 5060.003 ms fetching 54.527 ms
INFO: done
INFO: stopping nexus
