INFO: nexus_dir=/workdir/nexus model_dir=/workdir/DynWork/multimodal_dataset/repeat-3/Multimodal_Real_Dataset/Azure/chatbot/blenderbot_convAI/4_x_P99/nexus/models log_dir=/workdir/DynWork/multimodal_dataset/repeat-3/Multimodal_Real_Dataset/Azure/chatbot/blenderbot_convAI/4_x_P99/nexus/logs model=fake_0
INFO: waiting frontend to spin up
INFO: ready to go
INFO: rock and roll
INFO: at 4.649 ms batch [8.574] delay 3.216 ms
INFO: at 4.649 ms fetching 8.574 ms
INFO: at 8.225 ms batch [5.273] delay 3.216 ms
INFO: at 8.225 ms fetching 5.273 ms
INFO: at 11.690 ms batch [8.701] delay 3.216 ms
INFO: at 11.690 ms fetching 8.701 ms
INFO: at 15.235 ms batch [5.173] delay 3.216 ms
INFO: at 15.235 ms fetching 5.173 ms
INFO: at 18.921 ms batch [4.879] delay 3.216 ms
INFO: at 18.921 ms fetching 4.879 ms
INFO: at 22.589 ms batch [12.628] delay 3.216 ms
INFO: at 22.589 ms fetching 12.628 ms
INFO: at 26.334 ms batch [4.935] delay 3.216 ms
INFO: at 26.334 ms fetching 4.935 ms
INFO: at 29.702 ms batch [5.157] delay 3.216 ms
INFO: at 29.702 ms fetching 5.157 ms
INFO: at 33.240 ms batch [4.656] delay 3.216 ms
INFO: at 33.240 ms fetching 4.656 ms
INFO: at 37.414 ms batch [10.795] delay 3.216 ms
INFO: at 37.414 ms fetching 10.795 ms
INFO: at 40.752 ms batch [5.307] delay 4.020 ms
INFO: at 40.752 ms fetching 5.307 ms
INFO: at 45.097 ms batch [5.116] delay 4.020 ms
INFO: at 45.097 ms fetching 5.116 ms
INFO: at 49.561 ms batch [5.100] delay 4.020 ms
INFO: at 49.561 ms fetching 5.100 ms
INFO: at 53.998 ms batch [11.829] delay 4.020 ms
INFO: at 53.998 ms fetching 11.829 ms
INFO: at 58.470 ms batch [7.431] delay 4.020 ms
INFO: at 58.470 ms fetching 7.431 ms
INFO: at 63.446 ms batch [4.274] delay 4.020 ms
INFO: at 63.446 ms fetching 4.274 ms
INFO: at 68.115 ms batch [8.118] delay 4.020 ms
INFO: at 68.115 ms fetching 8.118 ms
INFO: at 72.532 ms batch [4.651] delay 4.020 ms
INFO: at 72.532 ms fetching 4.651 ms
INFO: at 76.915 ms batch [7.976] delay 2.680 ms
INFO: at 76.915 ms fetching 7.976 ms
INFO: at 80.313 ms batch [4.818] delay 2.680 ms
INFO: at 80.313 ms fetching 4.818 ms
INFO: at 83.803 ms batch [4.530] delay 2.680 ms
INFO: at 83.803 ms fetching 4.530 ms
INFO: at 87.404 ms batch [5.764] delay 2.680 ms
INFO: at 87.404 ms fetching 5.764 ms
INFO: at 90.813 ms batch [5.593] delay 2.680 ms
INFO: at 90.813 ms fetching 5.593 ms
INFO: at 94.223 ms batch [5.057] delay 2.680 ms
INFO: at 94.223 ms fetching 5.057 ms
INFO: at 97.690 ms batch [4.624] delay 2.680 ms
INFO: at 97.690 ms fetching 4.624 ms
INFO: at 101.165 ms batch [3.677] delay 2.680 ms
INFO: at 101.165 ms fetching 3.677 ms
INFO: at 104.659 ms batch [8.298] delay 2.680 ms
INFO: at 104.659 ms fetching 8.298 ms
INFO: at 108.143 ms batch [5.222] delay 2.680 ms
INFO: at 108.143 ms fetching 5.222 ms
INFO: at 111.625 ms batch [9.740] delay 2.680 ms
INFO: at 111.625 ms fetching 9.740 ms
INFO: at 114.926 ms batch [10.280] delay 2.680 ms
INFO: at 114.926 ms fetching 10.280 ms
INFO: at 118.434 ms batch [5.992] delay 2.144 ms
INFO: at 118.434 ms fetching 5.992 ms
INFO: at 121.012 ms batch [8.089] delay 2.144 ms
INFO: at 121.012 ms fetching 8.089 ms
INFO: at 123.552 ms batch [7.503] delay 2.144 ms
INFO: at 123.552 ms fetching 7.503 ms
INFO: at 126.159 ms batch [5.106] delay 2.144 ms
INFO: at 126.159 ms fetching 5.106 ms
INFO: at 128.685 ms batch [5.047] delay 2.144 ms
INFO: at 128.685 ms fetching 5.047 ms
INFO: at 131.301 ms batch [7.544] delay 2.144 ms
INFO: at 131.301 ms fetching 7.544 ms
INFO: at 133.827 ms batch [5.338] delay 2.144 ms
INFO: at 133.827 ms fetching 5.338 ms
INFO: at 136.393 ms batch [7.532] delay 2.144 ms
INFO: at 136.393 ms fetching 7.532 ms
INFO: at 138.729 ms batch [9.665] delay 2.144 ms
INFO: at 138.729 ms fetching 9.665 ms
INFO: at 141.818 ms batch [7.847] delay 2.144 ms
INFO: at 141.818 ms fetching 7.847 ms
INFO: at 144.306 ms batch [7.461] delay 2.144 ms
INFO: at 144.306 ms fetching 7.461 ms
INFO: at 146.749 ms batch [5.217] delay 2.144 ms
INFO: at 146.749 ms fetching 5.217 ms
INFO: at 149.145 ms batch [5.596] delay 2.144 ms
INFO: at 149.145 ms fetching 5.596 ms
INFO: at 151.607 ms batch [5.042] delay 2.144 ms
INFO: at 151.607 ms fetching 5.042 ms
INFO: at 154.182 ms batch [7.897] delay 2.144 ms
INFO: at 154.182 ms fetching 7.897 ms
INFO: at 156.715 ms batch [4.240] delay 3.573 ms
INFO: at 156.715 ms fetching 4.240 ms
INFO: at 161.261 ms batch [5.465] delay 3.573 ms
INFO: at 161.261 ms fetching 5.465 ms
INFO: at 165.813 ms batch [6.914] delay 3.573 ms
INFO: at 165.813 ms fetching 6.914 ms
INFO: at 169.484 ms batch [5.085] delay 3.573 ms
INFO: at 169.484 ms fetching 5.085 ms
INFO: at 173.911 ms batch [4.689] delay 3.573 ms
INFO: at 173.911 ms fetching 4.689 ms
INFO: at 178.409 ms batch [6.926] delay 3.573 ms
INFO: at 178.409 ms fetching 6.926 ms
INFO: at 182.956 ms batch [4.975] delay 3.573 ms
INFO: at 182.956 ms fetching 4.975 ms
INFO: at 187.401 ms batch [8.018] delay 3.573 ms
INFO: at 187.401 ms fetching 8.018 ms
INFO: at 191.954 ms batch [4.648] delay 3.573 ms
INFO: at 191.954 ms fetching 4.648 ms
INFO: at 196.553 ms batch [11.272] delay 3.216 ms
INFO: at 196.553 ms fetching 11.272 ms
INFO: at 200.263 ms batch [9.467] delay 3.216 ms
INFO: at 200.263 ms fetching 9.467 ms
INFO: at 203.717 ms batch [3.923] delay 3.216 ms
INFO: at 203.717 ms fetching 3.923 ms
INFO: at 207.133 ms batch [8.137] delay 3.216 ms
INFO: at 207.133 ms fetching 8.137 ms
INFO: at 210.648 ms batch [4.262] delay 3.216 ms
INFO: at 210.648 ms fetching 4.262 ms
INFO: at 214.212 ms batch [4.453] delay 3.216 ms
INFO: at 214.212 ms fetching 4.453 ms
INFO: at 217.677 ms batch [4.515] delay 3.216 ms
INFO: at 217.677 ms fetching 4.515 ms
INFO: at 221.058 ms batch [5.050] delay 3.216 ms
INFO: at 221.058 ms fetching 5.050 ms
INFO: at 224.460 ms batch [8.593] delay 3.216 ms
INFO: at 224.460 ms fetching 8.593 ms
INFO: at 227.882 ms batch [10.472] delay 3.216 ms
INFO: at 227.882 ms fetching 10.472 ms
INFO: at 231.345 ms batch [4.890] delay 2.923 ms
INFO: at 231.345 ms fetching 4.890 ms
INFO: at 234.793 ms batch [9.380] delay 2.923 ms
INFO: at 234.793 ms fetching 9.380 ms
INFO: at 238.243 ms batch [8.627] delay 2.923 ms
INFO: at 238.243 ms fetching 8.627 ms
INFO: at 241.663 ms batch [4.809] delay 2.923 ms
INFO: at 241.663 ms fetching 4.809 ms
INFO: at 245.080 ms batch [11.240] delay 2.923 ms
INFO: at 245.080 ms fetching 11.240 ms
INFO: at 248.532 ms batch [9.077] delay 2.923 ms
INFO: at 248.532 ms fetching 9.077 ms
INFO: at 251.957 ms batch [7.817] delay 2.923 ms
INFO: at 251.957 ms fetching 7.817 ms
INFO: at 254.943 ms batch [5.164] delay 2.923 ms
INFO: at 254.943 ms fetching 5.164 ms
INFO: at 258.084 ms batch [4.772] delay 2.923 ms
INFO: at 258.084 ms fetching 4.772 ms
INFO: at 261.572 ms batch [5.420] delay 2.923 ms
INFO: at 261.572 ms fetching 5.420 ms
INFO: at 265.006 ms batch [5.362] delay 2.923 ms
INFO: at 265.006 ms fetching 5.362 ms
INFO: at 268.413 ms batch [5.628] delay 3.573 ms
INFO: at 268.413 ms fetching 5.628 ms
INFO: at 272.874 ms batch [5.060] delay 3.573 ms
INFO: at 272.874 ms fetching 5.060 ms
INFO: at 277.305 ms batch [4.921] delay 3.573 ms
INFO: at 277.305 ms fetching 4.921 ms
INFO: at 281.807 ms batch [5.175] delay 3.573 ms
INFO: at 281.807 ms fetching 5.175 ms
INFO: at 285.969 ms batch [6.811] delay 3.573 ms
INFO: at 285.969 ms fetching 6.811 ms
INFO: at 289.910 ms batch [8.922] delay 3.573 ms
INFO: at 289.910 ms fetching 8.922 ms
INFO: at 294.377 ms batch [4.748] delay 3.573 ms
INFO: at 294.377 ms fetching 4.748 ms
INFO: at 298.882 ms batch [3.148] delay 3.573 ms
INFO: at 298.882 ms fetching 3.148 ms
INFO: at 303.412 ms batch [6.013] delay 3.573 ms
INFO: at 303.412 ms fetching 6.013 ms
INFO: at 307.999 ms batch [5.120] delay 3.216 ms
INFO: at 307.999 ms fetching 5.120 ms
INFO: at 311.459 ms batch [6.639] delay 3.216 ms
INFO: at 311.459 ms fetching 6.639 ms
INFO: at 314.963 ms batch [6.413] delay 3.216 ms
INFO: at 314.963 ms fetching 6.413 ms
INFO: at 318.436 ms batch [6.449] delay 3.216 ms
INFO: at 318.436 ms fetching 6.449 ms
INFO: at 322.115 ms batch [11.211] delay 3.216 ms
INFO: at 322.115 ms fetching 11.211 ms
INFO: at 325.635 ms batch [4.558] delay 3.216 ms
INFO: at 325.635 ms fetching 4.558 ms
INFO: at 329.281 ms batch [5.612] delay 3.216 ms
INFO: at 329.281 ms fetching 5.612 ms
INFO: at 332.942 ms batch [9.576] delay 3.216 ms
INFO: at 332.942 ms fetching 9.576 ms
INFO: at 336.357 ms batch [7.067] delay 3.216 ms
INFO: at 336.357 ms fetching 7.067 ms
INFO: at 339.764 ms batch [6.760] delay 3.216 ms
INFO: at 339.764 ms fetching 6.760 ms
INFO: at 343.179 ms batch [7.417] delay 2.923 ms
INFO: at 343.179 ms fetching 7.417 ms
INFO: at 346.219 ms batch [7.056] delay 2.923 ms
INFO: at 346.219 ms fetching 7.056 ms
INFO: at 350.133 ms batch [6.838] delay 2.923 ms
INFO: at 350.133 ms fetching 6.838 ms
INFO: at 353.550 ms batch [7.345] delay 2.923 ms
INFO: at 353.550 ms fetching 7.345 ms
INFO: at 357.019 ms batch [4.486] delay 2.923 ms
INFO: at 357.019 ms fetching 4.486 ms
INFO: at 360.481 ms batch [4.765] delay 2.923 ms
INFO: at 360.481 ms fetching 4.765 ms
INFO: at 363.850 ms batch [7.189] delay 2.923 ms
INFO: at 363.850 ms fetching 7.189 ms
INFO: at 367.222 ms batch [5.732] delay 2.923 ms
INFO: at 367.222 ms fetching 5.732 ms
INFO: at 370.596 ms batch [5.529] delay 2.923 ms
INFO: at 370.596 ms fetching 5.529 ms
INFO: at 373.974 ms batch [4.415] delay 2.923 ms
INFO: at 373.974 ms fetching 4.415 ms
INFO: at 377.374 ms batch [5.314] delay 2.923 ms
INFO: at 377.374 ms fetching 5.314 ms
INFO: at 380.363 ms batch [9.838] delay 3.216 ms
INFO: at 380.363 ms fetching 9.838 ms
INFO: at 383.878 ms batch [6.134] delay 3.216 ms
INFO: at 383.878 ms fetching 6.134 ms
INFO: at 387.363 ms batch [5.923] delay 3.216 ms
INFO: at 387.363 ms fetching 5.923 ms
INFO: at 390.834 ms batch [6.539] delay 3.216 ms
INFO: at 390.834 ms fetching 6.539 ms
INFO: at 394.243 ms batch [8.128] delay 3.216 ms
INFO: at 394.243 ms fetching 8.128 ms
INFO: at 397.722 ms batch [4.923] delay 3.216 ms
INFO: at 397.722 ms fetching 4.923 ms
INFO: at 401.179 ms batch [7.726] delay 3.216 ms
INFO: at 401.179 ms fetching 7.726 ms
INFO: at 404.535 ms batch [5.787] delay 3.216 ms
INFO: at 404.535 ms fetching 5.787 ms
INFO: at 408.002 ms batch [6.574] delay 3.216 ms
INFO: at 408.002 ms fetching 6.574 ms
INFO: at 411.520 ms batch [5.097] delay 3.216 ms
INFO: at 411.520 ms fetching 5.097 ms
INFO: at 414.957 ms batch [4.499] delay 2.680 ms
INFO: at 414.957 ms fetching 4.499 ms
INFO: at 418.408 ms batch [5.331] delay 2.680 ms
INFO: at 418.408 ms fetching 5.331 ms
INFO: at 421.998 ms batch [10.527] delay 2.680 ms
INFO: at 421.998 ms fetching 10.527 ms
INFO: at 425.570 ms batch [7.285] delay 2.680 ms
INFO: at 425.570 ms fetching 7.285 ms
INFO: at 429.022 ms batch [4.882] delay 2.680 ms
INFO: at 429.022 ms fetching 4.882 ms
INFO: at 431.838 ms batch [4.754] delay 2.680 ms
INFO: at 431.838 ms fetching 4.754 ms
INFO: at 435.433 ms batch [5.791] delay 2.680 ms
INFO: at 435.433 ms fetching 5.791 ms
INFO: at 438.931 ms batch [4.928] delay 2.680 ms
INFO: at 438.931 ms fetching 4.928 ms
INFO: at 442.417 ms batch [5.541] delay 2.680 ms
INFO: at 442.417 ms fetching 5.541 ms
INFO: at 446.008 ms batch [10.980] delay 2.680 ms
INFO: at 446.008 ms fetching 10.980 ms
INFO: at 449.558 ms batch [5.652] delay 2.680 ms
INFO: at 449.558 ms fetching 5.652 ms
INFO: at 453.210 ms batch [9.851] delay 2.680 ms
INFO: at 453.210 ms fetching 9.851 ms
INFO: at 456.002 ms batch [7.987] delay 3.216 ms
INFO: at 456.002 ms fetching 7.987 ms
INFO: at 459.855 ms batch [8.336] delay 3.216 ms
INFO: at 459.855 ms fetching 8.336 ms
INFO: at 463.338 ms batch [5.589] delay 3.216 ms
INFO: at 463.338 ms fetching 5.589 ms
INFO: at 466.778 ms batch [5.092] delay 3.216 ms
INFO: at 466.778 ms fetching 5.092 ms
INFO: at 470.197 ms batch [5.127] delay 3.216 ms
INFO: at 470.197 ms fetching 5.127 ms
INFO: at 473.662 ms batch [5.405] delay 3.216 ms
INFO: at 473.662 ms fetching 5.405 ms
INFO: at 477.292 ms batch [5.782] delay 3.216 ms
INFO: at 477.292 ms fetching 5.782 ms
INFO: at 480.797 ms batch [9.550] delay 3.216 ms
INFO: at 480.797 ms fetching 9.550 ms
INFO: at 484.383 ms batch [6.310] delay 3.216 ms
INFO: at 484.383 ms fetching 6.310 ms
INFO: at 487.731 ms batch [5.556] delay 3.216 ms
INFO: at 487.731 ms fetching 5.556 ms
INFO: at 491.254 ms batch [3.887] delay 2.923 ms
INFO: at 491.254 ms fetching 3.887 ms
INFO: at 494.800 ms batch [4.126] delay 2.923 ms
INFO: at 494.800 ms fetching 4.126 ms
INFO: at 498.241 ms batch [5.554] delay 2.923 ms
INFO: at 498.241 ms fetching 5.554 ms
INFO: at 501.716 ms batch [5.471] delay 2.923 ms
INFO: at 501.716 ms fetching 5.471 ms
INFO: at 505.198 ms batch [-0.260] delay 2.923 ms
INFO: at 505.198 ms fetching -0.260 ms
INFO: at 508.649 ms batch [5.263] delay 2.923 ms
INFO: at 508.649 ms fetching 5.263 ms
INFO: at 512.072 ms batch [4.549] delay 2.923 ms
INFO: at 512.072 ms fetching 4.549 ms
INFO: at 515.525 ms batch [4.913] delay 2.923 ms
INFO: at 515.525 ms fetching 4.913 ms
INFO: at 519.014 ms batch [4.372] delay 2.923 ms
INFO: at 519.014 ms fetching 4.372 ms
INFO: at 522.522 ms batch [5.371] delay 2.923 ms
INFO: at 522.522 ms fetching 5.371 ms
INFO: at 525.955 ms batch [5.581] delay 2.923 ms
INFO: at 525.955 ms fetching 5.581 ms
INFO: at 529.340 ms batch [7.639] delay 3.573 ms
INFO: at 529.340 ms fetching 7.639 ms
INFO: at 533.756 ms batch [4.893] delay 3.573 ms
INFO: at 533.756 ms fetching 4.893 ms
INFO: at 538.273 ms batch [5.194] delay 3.573 ms
INFO: at 538.273 ms fetching 5.194 ms
INFO: at 542.781 ms batch [5.143] delay 3.573 ms
INFO: at 542.781 ms fetching 5.143 ms
INFO: at 547.364 ms batch [7.134] delay 3.573 ms
INFO: at 547.364 ms fetching 7.134 ms
INFO: at 551.429 ms batch [5.506] delay 3.573 ms
INFO: at 551.429 ms fetching 5.506 ms
INFO: at 555.869 ms batch [5.802] delay 3.573 ms
INFO: at 555.869 ms fetching 5.802 ms
INFO: at 560.319 ms batch [9.769] delay 3.573 ms
INFO: at 560.319 ms fetching 9.769 ms
INFO: at 564.763 ms batch [6.743] delay 3.573 ms
INFO: at 564.763 ms fetching 6.743 ms
INFO: at 568.620 ms batch [9.325] delay 2.474 ms
INFO: at 568.620 ms fetching 9.325 ms
INFO: at 572.084 ms batch [6.356] delay 2.474 ms
INFO: at 572.084 ms fetching 6.356 ms
INFO: at 575.510 ms batch [5.284] delay 2.474 ms
INFO: at 575.510 ms fetching 5.284 ms
INFO: at 578.883 ms batch [5.213] delay 2.474 ms
INFO: at 578.883 ms fetching 5.213 ms
INFO: at 582.252 ms batch [5.997] delay 2.474 ms
INFO: at 582.252 ms fetching 5.997 ms
INFO: at 585.629 ms batch [5.241] delay 2.474 ms
INFO: at 585.629 ms fetching 5.241 ms
INFO: at 588.453 ms batch [5.386] delay 2.474 ms
INFO: at 588.453 ms fetching 5.386 ms
INFO: at 591.985 ms batch [5.646] delay 2.474 ms
INFO: at 591.985 ms fetching 5.646 ms
INFO: at 595.453 ms batch [5.736] delay 2.474 ms
INFO: at 595.453 ms fetching 5.736 ms
INFO: at 598.869 ms batch [4.778] delay 2.474 ms
INFO: at 598.869 ms fetching 4.778 ms
INFO: at 602.272 ms batch [5.125] delay 2.474 ms
INFO: at 602.272 ms fetching 5.125 ms
INFO: at 605.669 ms batch [5.238] delay 2.474 ms
INFO: at 605.669 ms fetching 5.238 ms
INFO: at 609.077 ms batch [5.701] delay 2.474 ms
INFO: at 609.077 ms fetching 5.701 ms
INFO: at 612.188 ms batch [4.790] delay 3.573 ms
INFO: at 612.188 ms fetching 4.790 ms
INFO: at 616.560 ms batch [7.867] delay 3.573 ms
INFO: at 616.560 ms fetching 7.867 ms
INFO: at 621.012 ms batch [8.148] delay 3.573 ms
INFO: at 621.012 ms fetching 8.148 ms
INFO: at 625.374 ms batch [3.981] delay 3.573 ms
INFO: at 625.374 ms fetching 3.981 ms
INFO: at 629.962 ms batch [6.021] delay 3.573 ms
INFO: at 629.962 ms fetching 6.021 ms
INFO: at 634.424 ms batch [5.384] delay 3.573 ms
INFO: at 634.424 ms fetching 5.384 ms
INFO: at 638.887 ms batch [5.413] delay 3.573 ms
INFO: at 638.887 ms fetching 5.413 ms
INFO: at 643.341 ms batch [8.860] delay 3.573 ms
INFO: at 643.341 ms fetching 8.860 ms
INFO: at 647.969 ms batch [7.587] delay 3.573 ms
INFO: at 647.969 ms fetching 7.587 ms
INFO: at 652.555 ms batch [7.312] delay 5.360 ms
INFO: at 652.555 ms fetching 7.312 ms
INFO: at 658.632 ms batch [5.852] delay 5.360 ms
INFO: at 658.632 ms fetching 5.852 ms
INFO: at 664.265 ms batch [14.010] delay 5.360 ms
INFO: at 664.265 ms fetching 14.010 ms
INFO: at 670.737 ms batch [5.477] delay 5.360 ms
INFO: at 670.737 ms fetching 5.477 ms
INFO: at 676.672 ms batch [9.369] delay 5.360 ms
INFO: at 676.672 ms fetching 9.369 ms
INFO: at 682.265 ms batch [9.063] delay 5.360 ms
INFO: at 682.265 ms fetching 9.063 ms
INFO: at 687.893 ms batch [5.070] delay 3.573 ms
INFO: at 687.893 ms fetching 5.070 ms
INFO: at 692.528 ms batch [3.477] delay 3.573 ms
INFO: at 692.528 ms fetching 3.477 ms
INFO: at 696.586 ms batch [2.452] delay 3.573 ms
INFO: at 696.586 ms fetching 2.452 ms
INFO: at 701.091 ms batch [5.111] delay 3.573 ms
INFO: at 701.091 ms fetching 5.111 ms
INFO: at 705.472 ms batch [10.675] delay 3.573 ms
INFO: at 705.472 ms fetching 10.675 ms
INFO: at 709.171 ms batch [6.180] delay 3.573 ms
INFO: at 709.171 ms fetching 6.180 ms
INFO: at 713.536 ms batch [7.238] delay 3.573 ms
INFO: at 713.536 ms fetching 7.238 ms
INFO: at 717.660 ms batch [4.055] delay 3.573 ms
INFO: at 717.660 ms fetching 4.055 ms
INFO: at 722.268 ms batch [8.038] delay 3.573 ms
INFO: at 722.268 ms fetching 8.038 ms
INFO: at 726.713 ms batch [5.523] delay 3.573 ms
INFO: at 726.713 ms fetching 5.523 ms
INFO: at 731.272 ms batch [9.513] delay 3.573 ms
INFO: at 731.272 ms fetching 9.513 ms
INFO: at 735.634 ms batch [5.037] delay 3.573 ms
INFO: at 735.634 ms fetching 5.037 ms
INFO: at 740.098 ms batch [5.490] delay 3.573 ms
INFO: at 740.098 ms fetching 5.490 ms
INFO: at 744.332 ms batch [8.967] delay 3.573 ms
INFO: at 744.332 ms fetching 8.967 ms
INFO: at 748.943 ms batch [6.426] delay 3.573 ms
INFO: at 748.943 ms fetching 6.426 ms
INFO: at 753.302 ms batch [5.305] delay 3.573 ms
INFO: at 753.302 ms fetching 5.305 ms
INFO: at 757.629 ms batch [8.028] delay 3.573 ms
INFO: at 757.629 ms fetching 8.028 ms
INFO: at 761.809 ms batch [5.135] delay 3.573 ms
INFO: at 761.809 ms fetching 5.135 ms
INFO: at 766.239 ms batch [9.121] delay 5.360 ms
INFO: at 766.239 ms fetching 9.121 ms
INFO: at 772.656 ms batch [8.637] delay 5.360 ms
INFO: at 772.656 ms fetching 8.637 ms
INFO: at 778.208 ms batch [9.290] delay 5.360 ms
INFO: at 778.208 ms fetching 9.290 ms
INFO: at 783.801 ms batch [5.190] delay 5.360 ms
INFO: at 783.801 ms fetching 5.190 ms
INFO: at 790.295 ms batch [5.498] delay 5.360 ms
INFO: at 790.295 ms fetching 5.498 ms
INFO: at 796.050 ms batch [4.428] delay 5.360 ms
INFO: at 796.050 ms fetching 4.428 ms
INFO: at 801.569 ms batch [8.882] delay 2.923 ms
INFO: at 801.569 ms fetching 8.882 ms
INFO: at 805.492 ms batch [5.246] delay 2.923 ms
INFO: at 805.492 ms fetching 5.246 ms
INFO: at 808.879 ms batch [5.728] delay 2.923 ms
INFO: at 808.879 ms fetching 5.728 ms
INFO: at 812.714 ms batch [5.757] delay 2.923 ms
INFO: at 812.714 ms fetching 5.757 ms
INFO: at 816.180 ms batch [6.079] delay 2.923 ms
INFO: at 816.180 ms fetching 6.079 ms
INFO: at 819.617 ms batch [5.366] delay 2.923 ms
INFO: at 819.617 ms fetching 5.366 ms
INFO: at 823.413 ms batch [4.876] delay 2.923 ms
INFO: at 823.413 ms fetching 4.876 ms
INFO: at 826.762 ms batch [5.837] delay 2.923 ms
INFO: at 826.762 ms fetching 5.837 ms
INFO: at 830.136 ms batch [10.397] delay 2.923 ms
INFO: at 830.136 ms fetching 10.397 ms
INFO: at 833.469 ms batch [5.571] delay 2.923 ms
INFO: at 833.469 ms fetching 5.571 ms
INFO: at 837.127 ms batch [3.335] delay 2.923 ms
INFO: at 837.127 ms fetching 3.335 ms
INFO: at 840.479 ms batch [10.158] delay 3.216 ms
INFO: at 840.479 ms fetching 10.158 ms
INFO: at 844.458 ms batch [8.533] delay 3.216 ms
INFO: at 844.458 ms fetching 8.533 ms
INFO: at 847.785 ms batch [10.768] delay 3.216 ms
INFO: at 847.785 ms fetching 10.768 ms
INFO: at 851.158 ms batch [5.446] delay 3.216 ms
INFO: at 851.158 ms fetching 5.446 ms
INFO: at 854.537 ms batch [4.640] delay 3.216 ms
INFO: at 854.537 ms fetching 4.640 ms
INFO: at 857.967 ms batch [4.697] delay 3.216 ms
INFO: at 857.967 ms fetching 4.697 ms
INFO: at 861.987 ms batch [8.772] delay 3.216 ms
INFO: at 861.987 ms fetching 8.772 ms
INFO: at 865.414 ms batch [8.427] delay 3.216 ms
INFO: at 865.414 ms fetching 8.427 ms
INFO: at 868.741 ms batch [11.010] delay 3.216 ms
INFO: at 868.741 ms fetching 11.010 ms
INFO: at 872.070 ms batch [4.458] delay 3.216 ms
INFO: at 872.070 ms fetching 4.458 ms
INFO: at 875.421 ms batch [10.816] delay 2.923 ms
INFO: at 875.421 ms fetching 10.816 ms
INFO: at 878.810 ms batch [4.329] delay 2.923 ms
INFO: at 878.810 ms fetching 4.329 ms
INFO: at 881.883 ms batch [5.678] delay 2.923 ms
INFO: at 881.883 ms fetching 5.678 ms
INFO: at 885.254 ms batch [5.369] delay 2.923 ms
INFO: at 885.254 ms fetching 5.369 ms
INFO: at 888.658 ms batch [5.709] delay 2.923 ms
INFO: at 888.658 ms fetching 5.709 ms
INFO: at 892.085 ms batch [4.905] delay 2.923 ms
INFO: at 892.085 ms fetching 4.905 ms
INFO: at 895.499 ms batch [8.670] delay 2.923 ms
INFO: at 895.499 ms fetching 8.670 ms
INFO: at 898.925 ms batch [10.611] delay 2.923 ms
INFO: at 898.925 ms fetching 10.611 ms
INFO: at 902.372 ms batch [9.726] delay 2.923 ms
INFO: at 902.372 ms fetching 9.726 ms
INFO: at 905.828 ms batch [6.438] delay 2.923 ms
INFO: at 905.828 ms fetching 6.438 ms
INFO: at 908.879 ms batch [4.932] delay 2.923 ms
INFO: at 908.879 ms fetching 4.932 ms
INFO: at 912.405 ms batch [6.864] delay 2.923 ms
INFO: at 912.405 ms fetching 6.864 ms
INFO: at 915.900 ms batch [7.215] delay 2.923 ms
INFO: at 915.900 ms fetching 7.215 ms
INFO: at 919.371 ms batch [8.604] delay 2.923 ms
INFO: at 919.371 ms fetching 8.604 ms
INFO: at 922.829 ms batch [11.042] delay 2.923 ms
INFO: at 922.829 ms fetching 11.042 ms
INFO: at 926.339 ms batch [7.767] delay 2.923 ms
INFO: at 926.339 ms fetching 7.767 ms
INFO: at 929.836 ms batch [4.823] delay 2.923 ms
INFO: at 929.836 ms fetching 4.823 ms
INFO: at 933.340 ms batch [4.394] delay 2.923 ms
INFO: at 933.340 ms fetching 4.394 ms
INFO: at 936.859 ms batch [4.567] delay 2.923 ms
INFO: at 936.859 ms fetching 4.567 ms
INFO: at 940.448 ms batch [6.586] delay 2.923 ms
INFO: at 940.448 ms fetching 6.586 ms
INFO: at 943.844 ms batch [7.577] delay 2.923 ms
INFO: at 943.844 ms fetching 7.577 ms
INFO: at 947.246 ms batch [5.079] delay 2.923 ms
INFO: at 947.246 ms fetching 5.079 ms
INFO: at 950.635 ms batch [5.551] delay 2.297 ms
INFO: at 950.635 ms fetching 5.551 ms
INFO: at 954.053 ms batch [5.479] delay 2.297 ms
INFO: at 954.053 ms fetching 5.479 ms
INFO: at 956.563 ms batch [4.615] delay 2.297 ms
INFO: at 956.563 ms fetching 4.615 ms
INFO: at 959.083 ms batch [11.450] delay 2.297 ms
INFO: at 959.083 ms fetching 11.450 ms
INFO: at 961.588 ms batch [5.918] delay 2.297 ms
INFO: at 961.588 ms fetching 5.918 ms
INFO: at 964.050 ms batch [5.428] delay 2.297 ms
INFO: at 964.050 ms fetching 5.428 ms
INFO: at 966.458 ms batch [6.228] delay 2.297 ms
INFO: at 966.458 ms fetching 6.228 ms
INFO: at 968.899 ms batch [5.457] delay 2.297 ms
INFO: at 968.899 ms fetching 5.457 ms
INFO: at 971.351 ms batch [6.824] delay 2.297 ms
INFO: at 971.351 ms fetching 6.824 ms
INFO: at 974.126 ms batch [4.707] delay 2.297 ms
INFO: at 974.126 ms fetching 4.707 ms
INFO: at 976.672 ms batch [7.673] delay 2.297 ms
INFO: at 976.672 ms fetching 7.673 ms
INFO: at 979.136 ms batch [9.407] delay 2.297 ms
INFO: at 979.136 ms fetching 9.407 ms
INFO: at 981.586 ms batch [5.656] delay 2.297 ms
INFO: at 981.586 ms fetching 5.656 ms
INFO: at 984.017 ms batch [4.409] delay 2.297 ms
INFO: at 984.017 ms fetching 4.409 ms
INFO: at 986.561 ms batch [4.663] delay 3.216 ms
INFO: at 986.561 ms fetching 4.663 ms
INFO: at 990.167 ms batch [5.114] delay 3.216 ms
INFO: at 990.167 ms fetching 5.114 ms
INFO: at 993.682 ms batch [11.123] delay 3.216 ms
INFO: at 993.682 ms fetching 11.123 ms
INFO: at 997.942 ms batch [7.262] delay 3.216 ms
INFO: at 997.942 ms fetching 7.262 ms
INFO: at 1001.428 ms batch [5.188] delay 3.216 ms
INFO: at 1001.428 ms fetching 5.188 ms
INFO: at 1004.874 ms batch [7.916] delay 3.216 ms
INFO: at 1004.874 ms fetching 7.916 ms
INFO: at 1008.409 ms batch [5.040] delay 3.216 ms
INFO: at 1008.409 ms fetching 5.040 ms
INFO: at 1011.978 ms batch [9.312] delay 3.216 ms
INFO: at 1011.978 ms fetching 9.312 ms
INFO: at 1015.502 ms batch [5.833] delay 3.216 ms
INFO: at 1015.502 ms fetching 5.833 ms
INFO: at 1019.096 ms batch [5.227] delay 3.216 ms
INFO: at 1019.096 ms fetching 5.227 ms
INFO: at 1022.721 ms batch [5.819] delay 2.680 ms
INFO: at 1022.721 ms fetching 5.819 ms
INFO: at 1026.241 ms batch [6.028] delay 2.680 ms
INFO: at 1026.241 ms fetching 6.028 ms
INFO: at 1029.060 ms batch [4.873] delay 2.680 ms
INFO: at 1029.060 ms fetching 4.873 ms
INFO: at 1032.336 ms batch [6.152] delay 2.680 ms
INFO: at 1032.336 ms fetching 6.152 ms
INFO: at 1035.918 ms batch [5.309] delay 2.680 ms
INFO: at 1035.918 ms fetching 5.309 ms
INFO: at 1039.444 ms batch [4.347] delay 2.680 ms
INFO: at 1039.444 ms fetching 4.347 ms
INFO: at 1042.961 ms batch [11.931] delay 2.680 ms
INFO: at 1042.961 ms fetching 11.931 ms
INFO: at 1046.437 ms batch [4.293] delay 2.680 ms
INFO: at 1046.437 ms fetching 4.293 ms
INFO: at 1049.916 ms batch [12.745] delay 2.680 ms
INFO: at 1049.916 ms fetching 12.745 ms
INFO: at 1053.423 ms batch [4.982] delay 2.680 ms
INFO: at 1053.423 ms fetching 4.982 ms
INFO: at 1056.953 ms batch [6.900] delay 2.680 ms
INFO: at 1056.953 ms fetching 6.900 ms
INFO: at 1060.516 ms batch [5.357] delay 2.680 ms
INFO: at 1060.516 ms fetching 5.357 ms
INFO: at 1063.497 ms batch [6.525] delay 3.216 ms
INFO: at 1063.497 ms fetching 6.525 ms
INFO: at 1067.014 ms batch [4.955] delay 3.216 ms
INFO: at 1067.014 ms fetching 4.955 ms
INFO: at 1070.589 ms batch [4.435] delay 3.216 ms
INFO: at 1070.589 ms fetching 4.435 ms
INFO: at 1074.042 ms batch [8.522] delay 3.216 ms
INFO: at 1074.042 ms fetching 8.522 ms
INFO: at 1077.548 ms batch [7.355] delay 3.216 ms
INFO: at 1077.548 ms fetching 7.355 ms
INFO: at 1081.095 ms batch [5.638] delay 3.216 ms
INFO: at 1081.095 ms fetching 5.638 ms
INFO: at 1084.521 ms batch [5.568] delay 3.216 ms
INFO: at 1084.521 ms fetching 5.568 ms
INFO: at 1087.960 ms batch [7.472] delay 3.216 ms
INFO: at 1087.960 ms fetching 7.472 ms
INFO: at 1091.692 ms batch [5.025] delay 3.216 ms
INFO: at 1091.692 ms fetching 5.025 ms
INFO: at 1095.277 ms batch [5.984] delay 3.216 ms
INFO: at 1095.277 ms fetching 5.984 ms
INFO: at 1098.841 ms batch [5.724] delay 3.573 ms
INFO: at 1098.841 ms fetching 5.724 ms
INFO: at 1103.382 ms batch [6.717] delay 3.573 ms
INFO: at 1103.382 ms fetching 6.717 ms
INFO: at 1108.084 ms batch [5.155] delay 3.573 ms
INFO: at 1108.084 ms fetching 5.155 ms
INFO: at 1112.715 ms batch [9.335] delay 3.573 ms
INFO: at 1112.715 ms fetching 9.335 ms
INFO: at 1117.397 ms batch [5.796] delay 3.573 ms
INFO: at 1117.397 ms fetching 5.796 ms
INFO: at 1121.194 ms batch [5.201] delay 3.573 ms
INFO: at 1121.194 ms fetching 5.201 ms
INFO: at 1125.740 ms batch [6.127] delay 3.573 ms
INFO: at 1125.740 ms fetching 6.127 ms
INFO: at 1130.311 ms batch [5.892] delay 3.573 ms
INFO: at 1130.311 ms fetching 5.892 ms
INFO: at 1134.986 ms batch [6.485] delay 3.573 ms
INFO: at 1134.986 ms fetching 6.485 ms
INFO: at 1139.538 ms batch [6.460] delay 4.020 ms
INFO: at 1139.538 ms fetching 6.460 ms
INFO: at 1144.499 ms batch [6.199] delay 4.020 ms
INFO: at 1144.499 ms fetching 6.199 ms
INFO: at 1149.109 ms batch [7.661] delay 4.020 ms
INFO: at 1149.109 ms fetching 7.661 ms
INFO: at 1153.388 ms batch [7.077] delay 4.020 ms
INFO: at 1153.388 ms fetching 7.077 ms
INFO: at 1157.832 ms batch [9.348] delay 4.020 ms
INFO: at 1157.832 ms fetching 9.348 ms
INFO: at 1162.236 ms batch [6.652] delay 4.020 ms
INFO: at 1162.236 ms fetching 6.652 ms
INFO: at 1166.683 ms batch [8.659] delay 4.020 ms
INFO: at 1166.683 ms fetching 8.659 ms
INFO: at 1171.078 ms batch [8.208] delay 4.020 ms
INFO: at 1171.078 ms fetching 8.208 ms
INFO: at 1175.464 ms batch [7.300] delay 4.594 ms
INFO: at 1175.464 ms fetching 7.300 ms
INFO: at 1180.689 ms batch [10.172] delay 4.594 ms
INFO: at 1180.689 ms fetching 10.172 ms
INFO: at 1186.378 ms batch [9.040] delay 4.594 ms
INFO: at 1186.378 ms fetching 9.040 ms
INFO: at 1191.888 ms batch [6.552] delay 4.594 ms
INFO: at 1191.888 ms fetching 6.552 ms
INFO: at 1197.329 ms batch [9.713] delay 4.594 ms
INFO: at 1197.329 ms fetching 9.713 ms
INFO: at 1202.433 ms batch [4.644] delay 4.594 ms
INFO: at 1202.433 ms fetching 4.644 ms
INFO: at 1208.012 ms batch [5.027] delay 4.594 ms
INFO: at 1208.012 ms fetching 5.027 ms
INFO: at 1213.514 ms batch [5.148] delay 3.573 ms
INFO: at 1213.514 ms fetching 5.148 ms
INFO: at 1218.073 ms batch [11.342] delay 3.573 ms
INFO: at 1218.073 ms fetching 11.342 ms
INFO: at 1221.769 ms batch [4.520] delay 3.573 ms
INFO: at 1221.769 ms fetching 4.520 ms
INFO: at 1225.559 ms batch [4.571] delay 3.573 ms
INFO: at 1225.559 ms fetching 4.571 ms
INFO: at 1230.052 ms batch [9.916] delay 3.573 ms
INFO: at 1230.052 ms fetching 9.916 ms
INFO: at 1234.631 ms batch [5.343] delay 3.573 ms
INFO: at 1234.631 ms fetching 5.343 ms
INFO: at 1239.069 ms batch [5.209] delay 3.573 ms
INFO: at 1239.069 ms fetching 5.209 ms
INFO: at 1243.288 ms batch [5.150] delay 3.573 ms
INFO: at 1243.288 ms fetching 5.150 ms
INFO: at 1247.791 ms batch [5.538] delay 3.573 ms
INFO: at 1247.791 ms fetching 5.538 ms
INFO: at 1252.191 ms batch [5.518] delay 4.594 ms
INFO: at 1252.191 ms fetching 5.518 ms
INFO: at 1257.568 ms batch [12.123] delay 4.594 ms
INFO: at 1257.568 ms fetching 12.123 ms
INFO: at 1262.999 ms batch [3.958] delay 4.594 ms
INFO: at 1262.999 ms fetching 3.958 ms
INFO: at 1268.439 ms batch [4.628] delay 4.594 ms
INFO: at 1268.439 ms fetching 4.628 ms
INFO: at 1273.188 ms batch [10.901] delay 4.594 ms
INFO: at 1273.188 ms fetching 10.901 ms
INFO: at 1278.236 ms batch [5.520] delay 4.594 ms
INFO: at 1278.236 ms fetching 5.520 ms
INFO: at 1283.094 ms batch [4.111] delay 4.594 ms
INFO: at 1283.094 ms fetching 4.111 ms
INFO: at 1288.512 ms batch [10.139] delay 2.680 ms
INFO: at 1288.512 ms fetching 10.139 ms
INFO: at 1291.500 ms batch [5.871] delay 2.680 ms
INFO: at 1291.500 ms fetching 5.871 ms
INFO: at 1295.125 ms batch [5.255] delay 2.680 ms
INFO: at 1295.125 ms fetching 5.255 ms
INFO: at 1298.672 ms batch [9.417] delay 2.680 ms
INFO: at 1298.672 ms fetching 9.417 ms
INFO: at 1302.053 ms batch [9.179] delay 2.680 ms
INFO: at 1302.053 ms fetching 9.179 ms
INFO: at 1305.466 ms batch [9.536] delay 2.680 ms
INFO: at 1305.466 ms fetching 9.536 ms
INFO: at 1309.073 ms batch [5.243] delay 2.680 ms
INFO: at 1309.073 ms fetching 5.243 ms
INFO: at 1312.495 ms batch [4.800] delay 2.680 ms
INFO: at 1312.495 ms fetching 4.800 ms
INFO: at 1315.893 ms batch [9.022] delay 2.680 ms
INFO: at 1315.893 ms fetching 9.022 ms
INFO: at 1319.345 ms batch [5.584] delay 2.680 ms
INFO: at 1319.345 ms fetching 5.584 ms
INFO: at 1322.765 ms batch [5.642] delay 2.680 ms
INFO: at 1322.765 ms fetching 5.642 ms
INFO: at 1326.194 ms batch [5.224] delay 2.680 ms
INFO: at 1326.194 ms fetching 5.224 ms
INFO: at 1329.795 ms batch [4.784] delay 3.573 ms
INFO: at 1329.795 ms fetching 4.784 ms
INFO: at 1334.272 ms batch [8.782] delay 3.573 ms
INFO: at 1334.272 ms fetching 8.782 ms
INFO: at 1338.847 ms batch [5.090] delay 3.573 ms
INFO: at 1338.847 ms fetching 5.090 ms
INFO: at 1343.350 ms batch [5.773] delay 3.573 ms
INFO: at 1343.350 ms fetching 5.773 ms
INFO: at 1347.865 ms batch [8.387] delay 3.573 ms
INFO: at 1347.865 ms fetching 8.387 ms
INFO: at 1352.264 ms batch [4.863] delay 3.573 ms
INFO: at 1352.264 ms fetching 4.863 ms
INFO: at 1356.835 ms batch [4.793] delay 3.573 ms
INFO: at 1356.835 ms fetching 4.793 ms
INFO: at 1361.371 ms batch [5.065] delay 3.573 ms
INFO: at 1361.371 ms fetching 5.065 ms
INFO: at 1365.758 ms batch [5.340] delay 3.573 ms
INFO: at 1365.758 ms fetching 5.340 ms
INFO: at 1370.162 ms batch [6.948] delay 3.573 ms
INFO: at 1370.162 ms fetching 6.948 ms
INFO: at 1374.555 ms batch [4.718] delay 3.573 ms
INFO: at 1374.555 ms fetching 4.718 ms
INFO: at 1379.121 ms batch [5.912] delay 3.573 ms
INFO: at 1379.121 ms fetching 5.912 ms
INFO: at 1383.716 ms batch [9.011] delay 3.573 ms
INFO: at 1383.716 ms fetching 9.011 ms
INFO: at 1387.529 ms batch [5.250] delay 3.573 ms
INFO: at 1387.529 ms fetching 5.250 ms
INFO: at 1391.573 ms batch [6.788] delay 3.573 ms
INFO: at 1391.573 ms fetching 6.788 ms
INFO: at 1396.208 ms batch [10.045] delay 3.573 ms
INFO: at 1396.208 ms fetching 10.045 ms
INFO: at 1400.506 ms batch [4.610] delay 3.573 ms
INFO: at 1400.506 ms fetching 4.610 ms
INFO: at 1404.472 ms batch [9.131] delay 3.573 ms
INFO: at 1404.472 ms fetching 9.131 ms
INFO: at 1409.004 ms batch [4.738] delay 4.020 ms
INFO: at 1409.004 ms fetching 4.738 ms
INFO: at 1413.473 ms batch [7.945] delay 4.020 ms
INFO: at 1413.473 ms fetching 7.945 ms
INFO: at 1418.270 ms batch [5.054] delay 4.020 ms
INFO: at 1418.270 ms fetching 5.054 ms
INFO: at 1422.845 ms batch [11.485] delay 4.020 ms
INFO: at 1422.845 ms fetching 11.485 ms
INFO: at 1427.302 ms batch [10.855] delay 4.020 ms
INFO: at 1427.302 ms fetching 10.855 ms
INFO: at 1432.097 ms batch [5.211] delay 4.020 ms
INFO: at 1432.097 ms fetching 5.211 ms
INFO: at 1436.666 ms batch [8.327] delay 4.020 ms
INFO: at 1436.666 ms fetching 8.327 ms
INFO: at 1441.092 ms batch [4.990] delay 4.020 ms
INFO: at 1441.092 ms fetching 4.990 ms
INFO: at 1445.536 ms batch [5.321] delay 4.020 ms
INFO: at 1445.536 ms fetching 5.321 ms
INFO: at 1450.182 ms batch [8.008] delay 4.020 ms
INFO: at 1450.182 ms fetching 8.008 ms
INFO: at 1454.410 ms batch [6.343] delay 4.020 ms
INFO: at 1454.410 ms fetching 6.343 ms
INFO: at 1458.807 ms batch [5.824] delay 4.020 ms
INFO: at 1458.807 ms fetching 5.824 ms
INFO: at 1463.190 ms batch [5.030] delay 4.020 ms
INFO: at 1463.190 ms fetching 5.030 ms
INFO: at 1467.602 ms batch [8.458] delay 4.020 ms
INFO: at 1467.602 ms fetching 8.458 ms
INFO: at 1472.159 ms batch [5.468] delay 4.020 ms
INFO: at 1472.159 ms fetching 5.468 ms
INFO: at 1477.001 ms batch [5.324] delay 4.020 ms
INFO: at 1477.001 ms fetching 5.324 ms
INFO: at 1481.559 ms batch [7.365] delay 1.109 ms
INFO: at 1481.559 ms fetching 7.365 ms
INFO: at 1483.155 ms batch [5.328] delay 1.109 ms
INFO: at 1483.155 ms fetching 5.328 ms
INFO: at 1484.649 ms batch [9.051] delay 1.109 ms
INFO: at 1484.649 ms fetching 9.051 ms
INFO: at 1486.151 ms batch [13.562] delay 1.109 ms
INFO: at 1486.151 ms fetching 13.562 ms
INFO: at 1487.696 ms batch [5.374] delay 1.109 ms
INFO: at 1487.696 ms fetching 5.374 ms
INFO: at 1489.190 ms batch [9.899] delay 1.109 ms
INFO: at 1489.190 ms fetching 9.899 ms
INFO: at 1490.810 ms batch [5.231] delay 1.109 ms
INFO: at 1490.810 ms fetching 5.231 ms
INFO: at 1492.352 ms batch [4.727] delay 1.109 ms
INFO: at 1492.352 ms fetching 4.727 ms
INFO: at 1493.701 ms batch [8.469] delay 1.109 ms
INFO: at 1493.701 ms fetching 8.469 ms
INFO: at 1495.524 ms batch [4.217] delay 1.109 ms
INFO: at 1495.524 ms fetching 4.217 ms
INFO: at 1496.999 ms batch [4.885] delay 1.109 ms
INFO: at 1496.999 ms fetching 4.885 ms
INFO: at 1498.721 ms batch [6.160] delay 1.109 ms
INFO: at 1498.721 ms fetching 6.160 ms
INFO: at 1500.202 ms batch [4.780] delay 1.109 ms
INFO: at 1500.202 ms fetching 4.780 ms
INFO: at 1501.610 ms batch [8.500] delay 1.109 ms
INFO: at 1501.610 ms fetching 8.500 ms
INFO: at 1503.010 ms batch [7.157] delay 1.109 ms
INFO: at 1503.010 ms fetching 7.157 ms
INFO: at 1504.430 ms batch [10.119] delay 1.109 ms
INFO: at 1504.430 ms fetching 10.119 ms
INFO: at 1505.843 ms batch [5.260] delay 1.109 ms
INFO: at 1505.843 ms fetching 5.260 ms
INFO: at 1507.453 ms batch [9.866] delay 1.109 ms
INFO: at 1507.453 ms fetching 9.866 ms
INFO: at 1509.300 ms batch [7.557] delay 1.109 ms
INFO: at 1509.300 ms fetching 7.557 ms
INFO: at 1510.705 ms batch [5.972] delay 1.109 ms
INFO: at 1510.705 ms fetching 5.972 ms
INFO: at 1512.118 ms batch [5.296] delay 1.109 ms
INFO: at 1512.118 ms fetching 5.296 ms
INFO: at 1513.604 ms batch [7.704] delay 1.109 ms
INFO: at 1513.604 ms fetching 7.704 ms
INFO: at 1515.055 ms batch [8.817] delay 1.109 ms
INFO: at 1515.055 ms fetching 8.817 ms
INFO: at 1516.735 ms batch [5.896] delay 1.109 ms
INFO: at 1516.735 ms fetching 5.896 ms
INFO: at 1518.227 ms batch [8.060] delay 1.109 ms
INFO: at 1518.227 ms fetching 8.060 ms
INFO: at 1519.715 ms batch [6.380] delay 1.109 ms
INFO: at 1519.715 ms fetching 6.380 ms
INFO: at 1521.167 ms batch [8.098] delay 1.109 ms
INFO: at 1521.167 ms fetching 8.098 ms
INFO: at 1522.601 ms batch [5.192] delay 1.109 ms
INFO: at 1522.601 ms fetching 5.192 ms
INFO: at 1524.568 ms batch [9.958] delay 1.109 ms
INFO: at 1524.568 ms fetching 9.958 ms
INFO: at 1525.751 ms batch [5.171] delay 2.923 ms
INFO: at 1525.751 ms fetching 5.171 ms
INFO: at 1529.411 ms batch [4.948] delay 2.923 ms
INFO: at 1529.411 ms fetching 4.948 ms
INFO: at 1532.981 ms batch [4.774] delay 2.923 ms
INFO: at 1532.981 ms fetching 4.774 ms
INFO: at 1536.493 ms batch [5.749] delay 2.923 ms
INFO: at 1536.493 ms fetching 5.749 ms
INFO: at 1540.018 ms batch [5.063] delay 2.923 ms
INFO: at 1540.018 ms fetching 5.063 ms
INFO: at 1543.648 ms batch [5.415] delay 2.923 ms
INFO: at 1543.648 ms fetching 5.415 ms
INFO: at 1547.259 ms batch [8.247] delay 2.923 ms
INFO: at 1547.259 ms fetching 8.247 ms
INFO: at 1550.927 ms batch [5.625] delay 2.923 ms
INFO: at 1550.927 ms fetching 5.625 ms
INFO: at 1554.588 ms batch [8.238] delay 2.923 ms
INFO: at 1554.588 ms fetching 8.238 ms
INFO: at 1558.529 ms batch [8.828] delay 2.923 ms
INFO: at 1558.529 ms fetching 8.828 ms
INFO: at 1562.072 ms batch [10.189] delay 2.923 ms
INFO: at 1562.072 ms fetching 10.189 ms
INFO: at 1565.558 ms batch [9.811] delay 3.216 ms
INFO: at 1565.558 ms fetching 9.811 ms
INFO: at 1569.009 ms batch [5.020] delay 3.216 ms
INFO: at 1569.009 ms fetching 5.020 ms
INFO: at 1572.421 ms batch [5.806] delay 3.216 ms
INFO: at 1572.421 ms fetching 5.806 ms
INFO: at 1575.855 ms batch [5.294] delay 3.216 ms
INFO: at 1575.855 ms fetching 5.294 ms
INFO: at 1579.321 ms batch [4.841] delay 3.216 ms
INFO: at 1579.321 ms fetching 4.841 ms
INFO: at 1582.836 ms batch [4.987] delay 3.216 ms
INFO: at 1582.836 ms fetching 4.987 ms
INFO: at 1587.138 ms batch [5.423] delay 3.216 ms
INFO: at 1587.138 ms fetching 5.423 ms
INFO: at 1590.655 ms batch [4.965] delay 3.216 ms
INFO: at 1590.655 ms fetching 4.965 ms
INFO: at 1594.114 ms batch [7.967] delay 3.216 ms
INFO: at 1594.114 ms fetching 7.967 ms
INFO: at 1597.559 ms batch [6.249] delay 3.216 ms
INFO: at 1597.559 ms fetching 6.249 ms
INFO: at 1601.087 ms batch [5.001] delay 4.020 ms
INFO: at 1601.087 ms fetching 5.001 ms
INFO: at 1605.956 ms batch [7.808] delay 4.020 ms
INFO: at 1605.956 ms fetching 7.808 ms
INFO: at 1610.513 ms batch [5.559] delay 4.020 ms
INFO: at 1610.513 ms fetching 5.559 ms
INFO: at 1615.317 ms batch [5.289] delay 4.020 ms
INFO: at 1615.317 ms fetching 5.289 ms
INFO: at 1620.382 ms batch [4.942] delay 4.020 ms
INFO: at 1620.382 ms fetching 4.942 ms
INFO: at 1625.248 ms batch [6.103] delay 4.020 ms
INFO: at 1625.248 ms fetching 6.103 ms
INFO: at 1629.987 ms batch [5.408] delay 4.020 ms
INFO: at 1629.987 ms fetching 5.408 ms
INFO: at 1634.837 ms batch [4.967] delay 4.020 ms
INFO: at 1634.837 ms fetching 4.967 ms
INFO: at 1639.334 ms batch [4.908] delay 2.144 ms
INFO: at 1639.334 ms fetching 4.908 ms
INFO: at 1641.910 ms batch [6.690] delay 2.144 ms
INFO: at 1641.910 ms fetching 6.690 ms
INFO: at 1644.508 ms batch [11.782] delay 2.144 ms
INFO: at 1644.508 ms fetching 11.782 ms
INFO: at 1647.764 ms batch [4.253] delay 2.144 ms
INFO: at 1647.764 ms fetching 4.253 ms
INFO: at 1650.335 ms batch [5.814] delay 2.144 ms
INFO: at 1650.335 ms fetching 5.814 ms
INFO: at 1652.875 ms batch [8.356] delay 2.144 ms
INFO: at 1652.875 ms fetching 8.356 ms
INFO: at 1655.322 ms batch [6.986] delay 2.144 ms
INFO: at 1655.322 ms fetching 6.986 ms
INFO: at 1658.026 ms batch [5.449] delay 2.144 ms
INFO: at 1658.026 ms fetching 5.449 ms
INFO: at 1660.475 ms batch [5.635] delay 2.144 ms
INFO: at 1660.475 ms fetching 5.635 ms
INFO: at 1663.118 ms batch [9.701] delay 2.144 ms
INFO: at 1663.118 ms fetching 9.701 ms
INFO: at 1665.744 ms batch [12.357] delay 2.144 ms
INFO: at 1665.744 ms fetching 12.357 ms
INFO: at 1668.299 ms batch [5.352] delay 2.144 ms
INFO: at 1668.299 ms fetching 5.352 ms
INFO: at 1670.717 ms batch [4.029] delay 2.144 ms
INFO: at 1670.717 ms fetching 4.029 ms
INFO: at 1673.754 ms batch [9.525] delay 2.144 ms
INFO: at 1673.754 ms fetching 9.525 ms
INFO: at 1676.278 ms batch [10.429] delay 2.144 ms
INFO: at 1676.278 ms fetching 10.429 ms
INFO: at 1678.787 ms batch [4.762] delay 2.923 ms
INFO: at 1678.787 ms fetching 4.762 ms
INFO: at 1682.320 ms batch [4.787] delay 2.923 ms
INFO: at 1682.320 ms fetching 4.787 ms
INFO: at 1685.855 ms batch [5.068] delay 2.923 ms
INFO: at 1685.855 ms fetching 5.068 ms
INFO: at 1689.400 ms batch [4.821] delay 2.923 ms
INFO: at 1689.400 ms fetching 4.821 ms
INFO: at 1692.971 ms batch [7.755] delay 2.923 ms
INFO: at 1692.971 ms fetching 7.755 ms
INFO: at 1696.506 ms batch [4.206] delay 2.923 ms
INFO: at 1696.506 ms fetching 4.206 ms
INFO: at 1699.997 ms batch [6.048] delay 2.923 ms
INFO: at 1699.997 ms fetching 6.048 ms
INFO: at 1703.101 ms batch [8.366] delay 2.923 ms
INFO: at 1703.101 ms fetching 8.366 ms
INFO: at 1706.720 ms batch [5.901] delay 2.923 ms
INFO: at 1706.720 ms fetching 5.901 ms
INFO: at 1710.298 ms batch [10.242] delay 2.923 ms
INFO: at 1710.298 ms fetching 10.242 ms
INFO: at 1713.829 ms batch [7.323] delay 2.923 ms
INFO: at 1713.829 ms fetching 7.323 ms
INFO: at 1717.354 ms batch [5.146] delay 2.923 ms
INFO: at 1717.354 ms fetching 5.146 ms
INFO: at 1720.892 ms batch [4.815] delay 2.923 ms
INFO: at 1720.892 ms fetching 4.815 ms
INFO: at 1724.424 ms batch [8.649] delay 2.923 ms
INFO: at 1724.424 ms fetching 8.649 ms
INFO: at 1727.896 ms batch [7.439] delay 2.923 ms
INFO: at 1727.896 ms fetching 7.439 ms
INFO: at 1731.373 ms batch [5.376] delay 2.923 ms
INFO: at 1731.373 ms fetching 5.376 ms
INFO: at 1734.855 ms batch [5.577] delay 2.923 ms
INFO: at 1734.855 ms fetching 5.577 ms
INFO: at 1738.413 ms batch [4.860] delay 2.923 ms
INFO: at 1738.413 ms fetching 4.860 ms
INFO: at 1742.069 ms batch [5.364] delay 2.923 ms
INFO: at 1742.069 ms fetching 5.364 ms
INFO: at 1745.589 ms batch [5.720] delay 2.923 ms
INFO: at 1745.589 ms fetching 5.720 ms
INFO: at 1749.003 ms batch [12.877] delay 2.923 ms
INFO: at 1749.003 ms fetching 12.877 ms
INFO: at 1752.435 ms batch [4.806] delay 2.923 ms
INFO: at 1752.435 ms fetching 4.806 ms
INFO: at 1755.950 ms batch [5.769] delay 3.573 ms
INFO: at 1755.950 ms fetching 5.769 ms
INFO: at 1760.527 ms batch [4.958] delay 3.573 ms
INFO: at 1760.527 ms fetching 4.958 ms
INFO: at 1765.142 ms batch [9.454] delay 3.573 ms
INFO: at 1765.142 ms fetching 9.454 ms
INFO: at 1769.556 ms batch [3.587] delay 3.573 ms
INFO: at 1769.556 ms fetching 3.587 ms
INFO: at 1773.562 ms batch [5.032] delay 3.573 ms
INFO: at 1773.562 ms fetching 5.032 ms
INFO: at 1778.025 ms batch [7.045] delay 3.573 ms
INFO: at 1778.025 ms fetching 7.045 ms
INFO: at 1782.525 ms batch [4.092] delay 3.573 ms
INFO: at 1782.525 ms fetching 4.092 ms
INFO: at 1786.547 ms batch [7.936] delay 3.573 ms
INFO: at 1786.547 ms fetching 7.936 ms
INFO: at 1790.350 ms batch [7.252] delay 3.573 ms
INFO: at 1790.350 ms fetching 7.252 ms
INFO: at 1794.858 ms batch [5.861] delay 3.573 ms
INFO: at 1794.858 ms fetching 5.861 ms
INFO: at 1798.907 ms batch [4.585] delay 3.573 ms
INFO: at 1798.907 ms fetching 4.585 ms
INFO: at 1803.573 ms batch [9.785] delay 3.573 ms
INFO: at 1803.573 ms fetching 9.785 ms
INFO: at 1808.184 ms batch [7.837] delay 3.573 ms
INFO: at 1808.184 ms fetching 7.837 ms
INFO: at 1812.741 ms batch [6.113] delay 3.573 ms
INFO: at 1812.741 ms fetching 6.113 ms
INFO: at 1817.405 ms batch [5.196] delay 3.573 ms
INFO: at 1817.405 ms fetching 5.196 ms
INFO: at 1821.147 ms batch [7.629] delay 3.573 ms
INFO: at 1821.147 ms fetching 7.629 ms
INFO: at 1825.807 ms batch [4.493] delay 3.573 ms
INFO: at 1825.807 ms fetching 4.493 ms
INFO: at 1829.557 ms batch [10.650] delay 3.573 ms
INFO: at 1829.557 ms fetching 10.650 ms
INFO: at 1833.720 ms batch [7.512] delay 2.680 ms
INFO: at 1833.720 ms fetching 7.512 ms
INFO: at 1837.279 ms batch [5.282] delay 2.680 ms
INFO: at 1837.279 ms fetching 5.282 ms
INFO: at 1840.929 ms batch [4.178] delay 2.680 ms
INFO: at 1840.929 ms fetching 4.178 ms
INFO: at 1844.491 ms batch [11.566] delay 2.680 ms
INFO: at 1844.491 ms fetching 11.566 ms
INFO: at 1848.024 ms batch [4.160] delay 2.680 ms
INFO: at 1848.024 ms fetching 4.160 ms
INFO: at 1851.650 ms batch [4.953] delay 2.680 ms
INFO: at 1851.650 ms fetching 4.953 ms
INFO: at 1855.259 ms batch [5.810] delay 2.680 ms
INFO: at 1855.259 ms fetching 5.810 ms
INFO: at 1858.801 ms batch [4.422] delay 2.680 ms
INFO: at 1858.801 ms fetching 4.422 ms
INFO: at 1862.298 ms batch [5.740] delay 2.680 ms
INFO: at 1862.298 ms fetching 5.740 ms
INFO: at 1865.268 ms batch [7.022] delay 2.680 ms
INFO: at 1865.268 ms fetching 7.022 ms
INFO: at 1868.980 ms batch [3.846] delay 2.680 ms
INFO: at 1868.980 ms fetching 3.846 ms
INFO: at 1872.836 ms batch [4.465] delay 2.680 ms
INFO: at 1872.836 ms fetching 4.465 ms
INFO: at 1876.456 ms batch [8.489] delay 3.573 ms
INFO: at 1876.456 ms fetching 8.489 ms
INFO: at 1881.111 ms batch [7.167] delay 3.573 ms
INFO: at 1881.111 ms fetching 7.167 ms
INFO: at 1884.851 ms batch [4.193] delay 3.573 ms
INFO: at 1884.851 ms fetching 4.193 ms
INFO: at 1889.518 ms batch [5.166] delay 3.573 ms
INFO: at 1889.518 ms fetching 5.166 ms
INFO: at 1894.057 ms batch [5.204] delay 3.573 ms
INFO: at 1894.057 ms fetching 5.204 ms
INFO: at 1897.790 ms batch [11.309] delay 3.573 ms
INFO: at 1897.790 ms fetching 11.309 ms
INFO: at 1901.647 ms batch [5.485] delay 3.573 ms
INFO: at 1901.647 ms fetching 5.485 ms
INFO: at 1906.192 ms batch [4.897] delay 3.573 ms
INFO: at 1906.192 ms fetching 4.897 ms
INFO: at 1910.689 ms batch [5.609] delay 3.573 ms
INFO: at 1910.689 ms fetching 5.609 ms
INFO: at 1915.120 ms batch [4.858] delay 3.216 ms
INFO: at 1915.120 ms fetching 4.858 ms
INFO: at 1918.617 ms batch [6.321] delay 3.216 ms
INFO: at 1918.617 ms fetching 6.321 ms
INFO: at 1922.090 ms batch [4.302] delay 3.216 ms
INFO: at 1922.090 ms fetching 4.302 ms
INFO: at 1925.788 ms batch [4.361] delay 3.216 ms
INFO: at 1925.788 ms fetching 4.361 ms
INFO: at 1929.373 ms batch [5.184] delay 3.216 ms
INFO: at 1929.373 ms fetching 5.184 ms
INFO: at 1932.888 ms batch [5.667] delay 3.216 ms
INFO: at 1932.888 ms fetching 5.667 ms
INFO: at 1936.335 ms batch [4.471] delay 3.216 ms
INFO: at 1936.335 ms fetching 4.471 ms
INFO: at 1939.739 ms batch [4.721] delay 3.216 ms
INFO: at 1939.739 ms fetching 4.721 ms
INFO: at 1943.154 ms batch [8.416] delay 3.216 ms
INFO: at 1943.154 ms fetching 8.416 ms
INFO: at 1946.652 ms batch [7.407] delay 3.216 ms
INFO: at 1946.652 ms fetching 7.407 ms
INFO: at 1950.149 ms batch [8.722] delay 2.474 ms
INFO: at 1950.149 ms fetching 8.722 ms
INFO: at 1953.660 ms batch [12.052] delay 2.474 ms
INFO: at 1953.660 ms fetching 12.052 ms
INFO: at 1956.320 ms batch [5.162] delay 2.474 ms
INFO: at 1956.320 ms fetching 5.162 ms
INFO: at 1959.643 ms batch [6.006] delay 2.474 ms
INFO: at 1959.643 ms fetching 6.006 ms
INFO: at 1963.101 ms batch [4.714] delay 2.474 ms
INFO: at 1963.101 ms fetching 4.714 ms
INFO: at 1966.611 ms batch [11.095] delay 2.474 ms
INFO: at 1966.611 ms fetching 11.095 ms
INFO: at 1970.100 ms batch [6.938] delay 2.474 ms
INFO: at 1970.100 ms fetching 6.938 ms
INFO: at 1973.620 ms batch [5.441] delay 2.474 ms
INFO: at 1973.620 ms fetching 5.441 ms
INFO: at 1976.133 ms batch [4.525] delay 2.474 ms
INFO: at 1976.133 ms fetching 4.525 ms
INFO: at 1979.652 ms batch [4.505] delay 2.474 ms
INFO: at 1979.652 ms fetching 4.505 ms
INFO: at 1983.035 ms batch [8.170] delay 2.474 ms
INFO: at 1983.035 ms fetching 8.170 ms
INFO: at 1986.458 ms batch [11.518] delay 2.474 ms
INFO: at 1986.458 ms fetching 11.518 ms
INFO: at 1989.972 ms batch [5.455] delay 2.474 ms
INFO: at 1989.972 ms fetching 5.455 ms
INFO: at 1993.406 ms batch [8.309] delay 4.020 ms
INFO: at 1993.406 ms fetching 8.309 ms
INFO: at 1997.788 ms batch [9.357] delay 4.020 ms
INFO: at 1997.788 ms fetching 9.357 ms
INFO: at 2002.238 ms batch [5.076] delay 4.020 ms
INFO: at 2002.238 ms fetching 5.076 ms
INFO: at 2006.880 ms batch [10.298] delay 4.020 ms
INFO: at 2006.880 ms fetching 10.298 ms
INFO: at 2011.275 ms batch [5.954] delay 4.020 ms
INFO: at 2011.275 ms fetching 5.954 ms
INFO: at 2016.247 ms batch [11.734] delay 4.020 ms
INFO: at 2016.247 ms fetching 11.734 ms
INFO: at 2021.080 ms batch [4.636] delay 4.020 ms
INFO: at 2021.080 ms fetching 4.636 ms
INFO: at 2025.701 ms batch [2.876] delay 4.020 ms
INFO: at 2025.701 ms fetching 2.876 ms
INFO: at 2030.356 ms batch [9.142] delay 3.216 ms
INFO: at 2030.356 ms fetching 9.142 ms
INFO: at 2034.135 ms batch [5.302] delay 3.216 ms
INFO: at 2034.135 ms fetching 5.302 ms
INFO: at 2037.981 ms batch [8.268] delay 3.216 ms
INFO: at 2037.981 ms fetching 8.268 ms
INFO: at 2041.524 ms batch [7.482] delay 3.216 ms
INFO: at 2041.524 ms fetching 7.482 ms
INFO: at 2045.242 ms batch [4.380] delay 3.216 ms
INFO: at 2045.242 ms fetching 4.380 ms
INFO: at 2049.388 ms batch [7.086] delay 3.216 ms
INFO: at 2049.388 ms fetching 7.086 ms
INFO: at 2052.902 ms batch [8.199] delay 3.216 ms
INFO: at 2052.902 ms fetching 8.199 ms
INFO: at 2056.392 ms batch [9.430] delay 3.216 ms
INFO: at 2056.392 ms fetching 9.430 ms
INFO: at 2059.903 ms batch [8.753] delay 3.216 ms
INFO: at 2059.903 ms fetching 8.753 ms
INFO: at 2063.323 ms batch [4.895] delay 3.216 ms
INFO: at 2063.323 ms fetching 4.895 ms
INFO: at 2066.890 ms batch [4.844] delay 4.594 ms
INFO: at 2066.890 ms fetching 4.844 ms
INFO: at 2072.517 ms batch [4.354] delay 4.594 ms
INFO: at 2072.517 ms fetching 4.354 ms
INFO: at 2077.992 ms batch [7.493] delay 4.594 ms
INFO: at 2077.992 ms fetching 7.493 ms
INFO: at 2083.390 ms batch [5.074] delay 4.594 ms
INFO: at 2083.390 ms fetching 5.074 ms
INFO: at 2089.111 ms batch [5.686] delay 4.594 ms
INFO: at 2089.111 ms fetching 5.686 ms
INFO: at 2094.872 ms batch [8.070] delay 4.594 ms
INFO: at 2094.872 ms fetching 8.070 ms
INFO: at 2100.624 ms batch [8.989] delay 4.594 ms
INFO: at 2100.624 ms fetching 8.989 ms
INFO: at 2106.334 ms batch [10.588] delay 3.216 ms
INFO: at 2106.334 ms fetching 10.588 ms
INFO: at 2110.233 ms batch [5.941] delay 3.216 ms
INFO: at 2110.233 ms fetching 5.941 ms
INFO: at 2113.923 ms batch [6.268] delay 3.216 ms
INFO: at 2113.923 ms fetching 6.268 ms
INFO: at 2117.564 ms batch [5.438] delay 3.216 ms
INFO: at 2117.564 ms fetching 5.438 ms
INFO: at 2121.155 ms batch [5.411] delay 3.216 ms
INFO: at 2121.155 ms fetching 5.411 ms
INFO: at 2124.675 ms batch [6.997] delay 3.216 ms
INFO: at 2124.675 ms fetching 6.997 ms
INFO: at 2128.187 ms batch [4.984] delay 3.216 ms
INFO: at 2128.187 ms fetching 4.984 ms
INFO: at 2131.891 ms batch [5.565] delay 3.216 ms
INFO: at 2131.891 ms fetching 5.565 ms
INFO: at 2135.456 ms batch [5.760] delay 3.216 ms
INFO: at 2135.456 ms fetching 5.760 ms
INFO: at 2138.896 ms batch [4.575] delay 3.216 ms
INFO: at 2138.896 ms fetching 4.575 ms
INFO: at 2142.347 ms batch [5.618] delay 4.020 ms
INFO: at 2142.347 ms fetching 5.618 ms
INFO: at 2146.929 ms batch [5.258] delay 4.020 ms
INFO: at 2146.929 ms fetching 5.258 ms
INFO: at 2151.616 ms batch [4.734] delay 4.020 ms
INFO: at 2151.616 ms fetching 4.734 ms
INFO: at 2155.781 ms batch [4.925] delay 4.020 ms
INFO: at 2155.781 ms fetching 4.925 ms
INFO: at 2160.204 ms batch [4.847] delay 4.020 ms
INFO: at 2160.204 ms fetching 4.847 ms
INFO: at 2165.045 ms batch [6.627] delay 4.020 ms
INFO: at 2165.045 ms fetching 6.627 ms
INFO: at 2169.659 ms batch [5.698] delay 4.020 ms
INFO: at 2169.659 ms fetching 5.698 ms
INFO: at 2174.307 ms batch [7.997] delay 4.020 ms
INFO: at 2174.307 ms fetching 7.997 ms
INFO: at 2179.225 ms batch [5.418] delay 2.923 ms
INFO: at 2179.225 ms fetching 5.418 ms
INFO: at 2182.825 ms batch [4.700] delay 2.923 ms
INFO: at 2182.825 ms fetching 4.700 ms
INFO: at 2186.335 ms batch [5.102] delay 2.923 ms
INFO: at 2186.335 ms fetching 5.102 ms
INFO: at 2190.422 ms batch [8.999] delay 2.923 ms
INFO: at 2190.422 ms fetching 8.999 ms
INFO: at 2193.865 ms batch [9.943] delay 2.923 ms
INFO: at 2193.865 ms fetching 9.943 ms
INFO: at 2197.266 ms batch [5.206] delay 2.923 ms
INFO: at 2197.266 ms fetching 5.206 ms
INFO: at 2200.345 ms batch [10.702] delay 2.923 ms
INFO: at 2200.345 ms fetching 10.702 ms
INFO: at 2204.020 ms batch [9.110] delay 2.923 ms
INFO: at 2204.020 ms fetching 9.110 ms
INFO: at 2207.546 ms batch [5.104] delay 2.923 ms
INFO: at 2207.546 ms fetching 5.104 ms
INFO: at 2211.039 ms batch [5.179] delay 2.923 ms
INFO: at 2211.039 ms fetching 5.179 ms
INFO: at 2214.201 ms batch [9.653] delay 2.923 ms
INFO: at 2214.201 ms fetching 9.653 ms
INFO: at 2218.070 ms batch [5.299] delay 3.216 ms
INFO: at 2218.070 ms fetching 5.299 ms
INFO: at 2221.556 ms batch [4.768] delay 3.216 ms
INFO: at 2221.556 ms fetching 4.768 ms
INFO: at 2224.988 ms batch [10.877] delay 3.216 ms
INFO: at 2224.988 ms fetching 10.877 ms
INFO: at 2228.461 ms batch [9.245] delay 3.216 ms
INFO: at 2228.461 ms fetching 9.245 ms
INFO: at 2231.934 ms batch [10.723] delay 3.216 ms
INFO: at 2231.934 ms fetching 10.723 ms
INFO: at 2235.379 ms batch [5.866] delay 3.216 ms
INFO: at 2235.379 ms fetching 5.866 ms
INFO: at 2239.627 ms batch [10.835] delay 3.216 ms
INFO: at 2239.627 ms fetching 10.835 ms
INFO: at 2243.096 ms batch [5.199] delay 3.216 ms
INFO: at 2243.096 ms fetching 5.199 ms
INFO: at 2246.551 ms batch [5.045] delay 3.216 ms
INFO: at 2246.551 ms fetching 5.045 ms
INFO: at 2250.066 ms batch [5.379] delay 3.216 ms
INFO: at 2250.066 ms fetching 5.379 ms
INFO: at 2253.585 ms batch [5.436] delay 3.573 ms
INFO: at 2253.585 ms fetching 5.436 ms
INFO: at 2258.012 ms batch [7.683] delay 3.573 ms
INFO: at 2258.012 ms fetching 7.683 ms
INFO: at 2262.560 ms batch [5.482] delay 3.573 ms
INFO: at 2262.560 ms fetching 5.482 ms
INFO: at 2266.414 ms batch [5.023] delay 3.573 ms
INFO: at 2266.414 ms fetching 5.023 ms
INFO: at 2270.951 ms batch [10.383] delay 3.573 ms
INFO: at 2270.951 ms fetching 10.383 ms
INFO: at 2275.658 ms batch [8.680] delay 3.573 ms
INFO: at 2275.658 ms fetching 8.680 ms
INFO: at 2280.221 ms batch [8.259] delay 3.573 ms
INFO: at 2280.221 ms fetching 8.259 ms
INFO: at 2284.894 ms batch [8.849] delay 3.573 ms
INFO: at 2284.894 ms fetching 8.849 ms
INFO: at 2289.547 ms batch [6.391] delay 3.573 ms
INFO: at 2289.547 ms fetching 6.391 ms
INFO: at 2293.219 ms batch [6.218] delay 3.216 ms
INFO: at 2293.219 ms fetching 6.218 ms
INFO: at 2296.665 ms batch [5.095] delay 3.216 ms
INFO: at 2296.665 ms fetching 5.095 ms
INFO: at 2300.041 ms batch [10.546] delay 3.216 ms
INFO: at 2300.041 ms fetching 10.546 ms
INFO: at 2303.427 ms batch [11.068] delay 3.216 ms
INFO: at 2303.427 ms fetching 11.068 ms
INFO: at 2306.931 ms batch [6.072] delay 3.216 ms
INFO: at 2306.931 ms fetching 6.072 ms
INFO: at 2310.357 ms batch [9.477] delay 3.216 ms
INFO: at 2310.357 ms fetching 9.477 ms
INFO: at 2313.771 ms batch [4.320] delay 3.216 ms
INFO: at 2313.771 ms fetching 4.320 ms
INFO: at 2317.163 ms batch [6.189] delay 3.216 ms
INFO: at 2317.163 ms fetching 6.189 ms
INFO: at 2320.492 ms batch [11.686] delay 3.216 ms
INFO: at 2320.492 ms fetching 11.686 ms
INFO: at 2324.180 ms batch [4.711] delay 3.216 ms
INFO: at 2324.180 ms fetching 4.711 ms
INFO: at 2327.673 ms batch [5.663] delay 3.216 ms
INFO: at 2327.673 ms fetching 5.663 ms
INFO: at 2331.051 ms batch [11.151] delay 3.216 ms
INFO: at 2331.051 ms fetching 11.151 ms
INFO: at 2334.421 ms batch [5.360] delay 3.216 ms
INFO: at 2334.421 ms fetching 5.360 ms
INFO: at 2337.825 ms batch [4.802] delay 3.216 ms
INFO: at 2337.825 ms fetching 4.802 ms
INFO: at 2341.303 ms batch [5.493] delay 3.216 ms
INFO: at 2341.303 ms fetching 5.493 ms
INFO: at 2344.823 ms batch [9.088] delay 3.216 ms
INFO: at 2344.823 ms fetching 9.088 ms
INFO: at 2348.232 ms batch [5.350] delay 3.216 ms
INFO: at 2348.232 ms fetching 5.350 ms
INFO: at 2351.621 ms batch [11.887] delay 3.216 ms
INFO: at 2351.621 ms fetching 11.887 ms
INFO: at 2355.521 ms batch [5.671] delay 3.216 ms
INFO: at 2355.521 ms fetching 5.671 ms
INFO: at 2359.117 ms batch [8.942] delay 3.216 ms
INFO: at 2359.117 ms fetching 8.942 ms
INFO: at 2362.669 ms batch [9.824] delay 4.020 ms
INFO: at 2362.669 ms fetching 9.824 ms
INFO: at 2367.247 ms batch [8.542] delay 4.020 ms
INFO: at 2367.247 ms fetching 8.542 ms
INFO: at 2371.691 ms batch [4.589] delay 4.020 ms
INFO: at 2371.691 ms fetching 4.589 ms
INFO: at 2376.159 ms batch [5.186] delay 4.020 ms
INFO: at 2376.159 ms fetching 5.186 ms
INFO: at 2380.652 ms batch [8.179] delay 4.020 ms
INFO: at 2380.652 ms fetching 8.179 ms
INFO: at 2385.196 ms batch [8.397] delay 4.020 ms
INFO: at 2385.196 ms fetching 8.397 ms
INFO: at 2390.272 ms batch [4.945] delay 4.020 ms
INFO: at 2390.272 ms fetching 4.945 ms
INFO: at 2394.870 ms batch [8.449] delay 4.020 ms
INFO: at 2394.870 ms fetching 8.449 ms
INFO: at 2399.611 ms batch [6.973] delay 3.573 ms
INFO: at 2399.611 ms fetching 6.973 ms
INFO: at 2404.289 ms batch [4.980] delay 3.573 ms
INFO: at 2404.289 ms fetching 4.980 ms
INFO: at 2408.830 ms batch [7.876] delay 3.573 ms
INFO: at 2408.830 ms fetching 7.876 ms
INFO: at 2413.386 ms batch [5.400] delay 3.573 ms
INFO: at 2413.386 ms fetching 5.400 ms
INFO: at 2417.962 ms batch [8.287] delay 3.573 ms
INFO: at 2417.962 ms fetching 8.287 ms
INFO: at 2422.561 ms batch [4.598] delay 3.573 ms
INFO: at 2422.561 ms fetching 4.598 ms
INFO: at 2426.978 ms batch [5.713] delay 3.573 ms
INFO: at 2426.978 ms fetching 5.713 ms
INFO: at 2431.524 ms batch [5.236] delay 3.573 ms
INFO: at 2431.524 ms fetching 5.236 ms
INFO: at 2436.121 ms batch [8.480] delay 3.573 ms
INFO: at 2436.121 ms fetching 8.480 ms
INFO: at 2440.740 ms batch [5.907] delay 4.594 ms
INFO: at 2440.740 ms fetching 5.907 ms
INFO: at 2446.299 ms batch [5.544] delay 4.594 ms
INFO: at 2446.299 ms fetching 5.544 ms
INFO: at 2451.895 ms batch [10.072] delay 4.594 ms
INFO: at 2451.895 ms fetching 10.072 ms
INFO: at 2457.536 ms batch [5.072] delay 4.594 ms
INFO: at 2457.536 ms fetching 5.072 ms
INFO: at 2463.278 ms batch [6.563] delay 4.594 ms
INFO: at 2463.278 ms fetching 6.563 ms
INFO: at 2468.930 ms batch [7.926] delay 4.594 ms
INFO: at 2468.930 ms fetching 7.926 ms
INFO: at 2473.703 ms batch [10.926] delay 4.594 ms
INFO: at 2473.703 ms fetching 10.926 ms
INFO: at 2478.465 ms batch [5.355] delay 3.573 ms
INFO: at 2478.465 ms fetching 5.355 ms
INFO: at 2482.898 ms batch [7.745] delay 3.573 ms
INFO: at 2482.898 ms fetching 7.745 ms
INFO: at 2486.845 ms batch [8.511] delay 3.573 ms
INFO: at 2486.845 ms fetching 8.511 ms
INFO: at 2490.677 ms batch [10.207] delay 3.573 ms
INFO: at 2490.677 ms fetching 10.207 ms
INFO: at 2495.306 ms batch [6.512] delay 3.573 ms
INFO: at 2495.306 ms fetching 6.512 ms
INFO: at 2499.863 ms batch [4.562] delay 3.573 ms
INFO: at 2499.863 ms fetching 4.562 ms
INFO: at 2504.241 ms batch [9.973] delay 3.573 ms
INFO: at 2504.241 ms fetching 9.973 ms
INFO: at 2508.367 ms batch [9.501] delay 3.573 ms
INFO: at 2508.367 ms fetching 9.501 ms
INFO: at 2512.798 ms batch [4.510] delay 3.573 ms
INFO: at 2512.798 ms fetching 4.510 ms
INFO: at 2517.302 ms batch [4.703] delay 2.680 ms
INFO: at 2517.302 ms fetching 4.703 ms
INFO: at 2520.865 ms batch [4.758] delay 2.680 ms
INFO: at 2520.865 ms fetching 4.758 ms
INFO: at 2524.374 ms batch [5.705] delay 2.680 ms
INFO: at 2524.374 ms fetching 5.705 ms
INFO: at 2527.820 ms batch [4.284] delay 2.680 ms
INFO: at 2527.820 ms fetching 4.284 ms
INFO: at 2531.292 ms batch [5.694] delay 2.680 ms
INFO: at 2531.292 ms fetching 5.694 ms
INFO: at 2534.679 ms batch [9.488] delay 2.680 ms
INFO: at 2534.679 ms fetching 9.488 ms
INFO: at 2538.051 ms batch [6.095] delay 2.680 ms
INFO: at 2538.051 ms fetching 6.095 ms
INFO: at 2541.391 ms batch [5.433] delay 2.680 ms
INFO: at 2541.391 ms fetching 5.433 ms
INFO: at 2544.752 ms batch [5.088] delay 2.680 ms
INFO: at 2544.752 ms fetching 5.088 ms
INFO: at 2548.077 ms batch [5.138] delay 2.680 ms
INFO: at 2548.077 ms fetching 5.138 ms
INFO: at 2550.827 ms batch [4.544] delay 2.680 ms
INFO: at 2550.827 ms fetching 4.544 ms
INFO: at 2554.290 ms batch [4.535] delay 2.680 ms
INFO: at 2554.290 ms fetching 4.535 ms
INFO: at 2557.777 ms batch [8.080] delay 2.923 ms
INFO: at 2557.777 ms fetching 8.080 ms
INFO: at 2561.239 ms batch [5.716] delay 2.923 ms
INFO: at 2561.239 ms fetching 5.716 ms
INFO: at 2564.737 ms batch [4.796] delay 2.923 ms
INFO: at 2564.737 ms fetching 4.796 ms
INFO: at 2568.194 ms batch [11.985] delay 2.923 ms
INFO: at 2568.194 ms fetching 11.985 ms
INFO: at 2571.717 ms batch [4.679] delay 2.923 ms
INFO: at 2571.717 ms fetching 4.679 ms
INFO: at 2575.212 ms batch [4.852] delay 2.923 ms
INFO: at 2575.212 ms fetching 4.852 ms
INFO: at 2578.879 ms batch [7.598] delay 2.923 ms
INFO: at 2578.879 ms fetching 7.598 ms
INFO: at 2582.439 ms batch [5.010] delay 2.923 ms
INFO: at 2582.439 ms fetching 5.010 ms
INFO: at 2585.847 ms batch [7.111] delay 2.923 ms
INFO: at 2585.847 ms fetching 7.111 ms
INFO: at 2589.247 ms batch [9.564] delay 2.923 ms
INFO: at 2589.247 ms fetching 9.564 ms
INFO: at 2592.769 ms batch [4.829] delay 2.923 ms
INFO: at 2592.769 ms fetching 4.829 ms
INFO: at 2596.291 ms batch [4.580] delay 2.680 ms
INFO: at 2596.291 ms fetching 4.580 ms
INFO: at 2600.026 ms batch [5.268] delay 2.680 ms
INFO: at 2600.026 ms fetching 5.268 ms
INFO: at 2603.622 ms batch [5.003] delay 2.680 ms
INFO: at 2603.622 ms fetching 5.003 ms
INFO: at 2607.178 ms batch [5.381] delay 2.680 ms
INFO: at 2607.178 ms fetching 5.381 ms
INFO: at 2610.607 ms batch [9.988] delay 2.680 ms
INFO: at 2610.607 ms fetching 9.988 ms
INFO: at 2614.150 ms batch [4.477] delay 2.680 ms
INFO: at 2614.150 ms fetching 4.477 ms
INFO: at 2617.601 ms batch [4.144] delay 2.680 ms
INFO: at 2617.601 ms fetching 4.144 ms
INFO: at 2621.010 ms batch [7.202] delay 2.680 ms
INFO: at 2621.010 ms fetching 7.202 ms
INFO: at 2624.439 ms batch [5.752] delay 2.680 ms
INFO: at 2624.439 ms fetching 5.752 ms
INFO: at 2627.916 ms batch [6.613] delay 2.680 ms
INFO: at 2627.916 ms fetching 6.613 ms
INFO: at 2631.402 ms batch [5.265] delay 2.680 ms
INFO: at 2631.402 ms fetching 5.265 ms
INFO: at 2634.916 ms batch [9.883] delay 2.680 ms
INFO: at 2634.916 ms fetching 9.883 ms
INFO: at 2637.663 ms batch [8.978] delay 2.680 ms
INFO: at 2637.663 ms fetching 8.978 ms
INFO: at 2641.212 ms batch [6.852] delay 2.680 ms
INFO: at 2641.212 ms fetching 6.852 ms
INFO: at 2644.743 ms batch [4.826] delay 2.680 ms
INFO: at 2644.743 ms fetching 4.826 ms
INFO: at 2648.347 ms batch [6.499] delay 2.680 ms
INFO: at 2648.347 ms fetching 6.499 ms
INFO: at 2651.918 ms batch [12.266] delay 2.680 ms
INFO: at 2651.918 ms fetching 12.266 ms
INFO: at 2655.390 ms batch [4.888] delay 2.680 ms
INFO: at 2655.390 ms fetching 4.888 ms
INFO: at 2658.898 ms batch [5.978] delay 2.680 ms
INFO: at 2658.898 ms fetching 5.978 ms
INFO: at 2662.371 ms batch [5.152] delay 2.680 ms
INFO: at 2662.371 ms fetching 5.152 ms
INFO: at 2665.883 ms batch [7.607] delay 2.680 ms
INFO: at 2665.883 ms fetching 7.607 ms
INFO: at 2668.865 ms batch [8.902] delay 2.680 ms
INFO: at 2668.865 ms fetching 8.902 ms
INFO: at 2672.439 ms batch [10.450] delay 2.680 ms
INFO: at 2672.439 ms fetching 10.450 ms
INFO: at 2675.941 ms batch [10.058] delay 2.680 ms
INFO: at 2675.941 ms fetching 10.058 ms
INFO: at 2679.389 ms batch [10.412] delay 2.144 ms
INFO: at 2679.389 ms fetching 10.412 ms
INFO: at 2681.900 ms batch [4.835] delay 2.144 ms
INFO: at 2681.900 ms fetching 4.835 ms
INFO: at 2684.450 ms batch [5.159] delay 2.144 ms
INFO: at 2684.450 ms fetching 5.159 ms
INFO: at 2686.954 ms batch [10.315] delay 2.144 ms
INFO: at 2686.954 ms fetching 10.315 ms
INFO: at 2689.460 ms batch [6.368] delay 2.144 ms
INFO: at 2689.460 ms fetching 6.368 ms
INFO: at 2691.859 ms batch [8.690] delay 2.144 ms
INFO: at 2691.859 ms fetching 8.690 ms
INFO: at 2694.276 ms batch [6.887] delay 2.144 ms
INFO: at 2694.276 ms fetching 6.887 ms
INFO: at 2696.787 ms batch [9.687] delay 2.144 ms
INFO: at 2696.787 ms fetching 9.687 ms
INFO: at 2699.382 ms batch [4.671] delay 2.144 ms
INFO: at 2699.382 ms fetching 4.671 ms
INFO: at 2701.892 ms batch [8.892] delay 2.144 ms
INFO: at 2701.892 ms fetching 8.892 ms
INFO: at 2704.589 ms batch [5.291] delay 2.144 ms
INFO: at 2704.589 ms fetching 5.291 ms
INFO: at 2707.025 ms batch [5.877] delay 2.144 ms
INFO: at 2707.025 ms fetching 5.877 ms
INFO: at 2709.512 ms batch [11.184] delay 2.144 ms
INFO: at 2709.512 ms fetching 11.184 ms
INFO: at 2711.931 ms batch [5.391] delay 2.144 ms
INFO: at 2711.931 ms fetching 5.391 ms
INFO: at 2714.342 ms batch [5.280] delay 2.144 ms
INFO: at 2714.342 ms fetching 5.280 ms
INFO: at 2716.803 ms batch [5.605] delay 4.020 ms
INFO: at 2716.803 ms fetching 5.605 ms
INFO: at 2721.318 ms batch [8.407] delay 4.020 ms
INFO: at 2721.318 ms fetching 8.407 ms
INFO: at 2725.908 ms batch [15.809] delay 4.020 ms
INFO: at 2725.908 ms fetching 15.809 ms
INFO: at 2730.532 ms batch [11.651] delay 4.020 ms
INFO: at 2730.532 ms fetching 11.651 ms
INFO: at 2735.637 ms batch [8.792] delay 4.020 ms
INFO: at 2735.637 ms fetching 8.792 ms
INFO: at 2740.261 ms batch [5.005] delay 4.020 ms
INFO: at 2740.261 ms fetching 5.005 ms
INFO: at 2744.898 ms batch [9.677] delay 4.020 ms
INFO: at 2744.898 ms fetching 9.677 ms
INFO: at 2749.703 ms batch [5.460] delay 4.020 ms
INFO: at 2749.703 ms fetching 5.460 ms
INFO: at 2754.356 ms batch [4.230] delay 3.216 ms
INFO: at 2754.356 ms fetching 4.230 ms
INFO: at 2758.108 ms batch [4.724] delay 3.216 ms
INFO: at 2758.108 ms fetching 4.724 ms
INFO: at 2761.740 ms batch [9.212] delay 3.216 ms
INFO: at 2761.740 ms fetching 9.212 ms
INFO: at 2765.132 ms batch [4.937] delay 3.216 ms
INFO: at 2765.132 ms fetching 4.937 ms
INFO: at 2769.221 ms batch [8.712] delay 3.216 ms
INFO: at 2769.221 ms fetching 8.712 ms
INFO: at 2773.015 ms batch [4.960] delay 3.216 ms
INFO: at 2773.015 ms fetching 4.960 ms
INFO: at 2776.600 ms batch [4.659] delay 3.216 ms
INFO: at 2776.600 ms fetching 4.659 ms
INFO: at 2780.137 ms batch [7.906] delay 3.216 ms
INFO: at 2780.137 ms fetching 7.906 ms
INFO: at 2783.706 ms batch [4.970] delay 3.216 ms
INFO: at 2783.706 ms fetching 4.970 ms
INFO: at 2787.285 ms batch [6.403] delay 3.216 ms
INFO: at 2787.285 ms fetching 6.403 ms
INFO: at 2790.922 ms batch [6.170] delay 3.573 ms
INFO: at 2790.922 ms fetching 6.170 ms
INFO: at 2794.698 ms batch [7.735] delay 3.573 ms
INFO: at 2794.698 ms fetching 7.735 ms
INFO: at 2799.305 ms batch [4.312] delay 3.573 ms
INFO: at 2799.305 ms fetching 4.312 ms
INFO: at 2803.181 ms batch [4.950] delay 3.573 ms
INFO: at 2803.181 ms fetching 4.950 ms
INFO: at 2807.054 ms batch [10.743] delay 3.573 ms
INFO: at 2807.054 ms fetching 10.743 ms
INFO: at 2810.847 ms batch [4.812] delay 3.573 ms
INFO: at 2810.847 ms fetching 4.812 ms
INFO: at 2815.449 ms batch [8.347] delay 3.573 ms
INFO: at 2815.449 ms fetching 8.347 ms
INFO: at 2819.421 ms batch [4.339] delay 3.573 ms
INFO: at 2819.421 ms fetching 4.339 ms
INFO: at 2823.959 ms batch [5.348] delay 3.573 ms
INFO: at 2823.959 ms fetching 5.348 ms
INFO: at 2828.481 ms batch [5.119] delay 2.680 ms
INFO: at 2828.481 ms fetching 5.119 ms
INFO: at 2832.093 ms batch [4.606] delay 2.680 ms
INFO: at 2832.093 ms fetching 4.606 ms
INFO: at 2835.641 ms batch [5.682] delay 2.680 ms
INFO: at 2835.641 ms fetching 5.682 ms
INFO: at 2838.387 ms batch [10.103] delay 2.680 ms
INFO: at 2838.387 ms fetching 10.103 ms
INFO: at 2841.237 ms batch [6.877] delay 2.680 ms
INFO: at 2841.237 ms fetching 6.877 ms
INFO: at 2844.855 ms batch [8.956] delay 2.680 ms
INFO: at 2844.855 ms fetching 8.956 ms
INFO: at 2848.448 ms batch [8.376] delay 2.680 ms
INFO: at 2848.448 ms fetching 8.376 ms
INFO: at 2852.126 ms batch [5.276] delay 2.680 ms
INFO: at 2852.126 ms fetching 5.276 ms
INFO: at 2855.557 ms batch [5.828] delay 2.680 ms
INFO: at 2855.557 ms fetching 5.828 ms
INFO: at 2859.075 ms batch [4.731] delay 2.680 ms
INFO: at 2859.075 ms fetching 4.731 ms
INFO: at 2862.703 ms batch [5.168] delay 2.680 ms
INFO: at 2862.703 ms fetching 5.168 ms
INFO: at 2866.267 ms batch [5.856] delay 2.680 ms
INFO: at 2866.267 ms fetching 5.856 ms
INFO: at 2869.693 ms batch [5.317] delay 1.608 ms
INFO: at 2869.693 ms fetching 5.317 ms
INFO: at 2872.241 ms batch [6.035] delay 1.608 ms
INFO: at 2872.241 ms fetching 6.035 ms
INFO: at 2874.798 ms batch [4.685] delay 1.608 ms
INFO: at 2874.798 ms fetching 4.685 ms
INFO: at 2877.253 ms batch [6.665] delay 1.608 ms
INFO: at 2877.253 ms fetching 6.665 ms
INFO: at 2879.675 ms batch [7.227] delay 1.608 ms
INFO: at 2879.675 ms fetching 7.227 ms
INFO: at 2882.126 ms batch [5.847] delay 1.608 ms
INFO: at 2882.126 ms fetching 5.847 ms
INFO: at 2884.635 ms batch [4.855] delay 1.608 ms
INFO: at 2884.635 ms fetching 4.855 ms
INFO: at 2887.055 ms batch [4.008] delay 1.608 ms
INFO: at 2887.055 ms fetching 4.008 ms
INFO: at 2889.568 ms batch [5.248] delay 1.608 ms
INFO: at 2889.568 ms fetching 5.248 ms
INFO: at 2892.120 ms batch [8.049] delay 1.608 ms
INFO: at 2892.120 ms fetching 8.049 ms
INFO: at 2894.597 ms batch [10.004] delay 1.608 ms
INFO: at 2894.597 ms fetching 10.004 ms
INFO: at 2897.038 ms batch [9.627] delay 1.608 ms
INFO: at 2897.038 ms fetching 9.627 ms
INFO: at 2899.576 ms batch [9.930] delay 1.608 ms
INFO: at 2899.576 ms fetching 9.930 ms
INFO: at 2902.084 ms batch [6.239] delay 1.608 ms
INFO: at 2902.084 ms fetching 6.239 ms
INFO: at 2904.739 ms batch [4.682] delay 1.608 ms
INFO: at 2904.739 ms fetching 4.682 ms
INFO: at 2907.262 ms batch [4.751] delay 1.608 ms
INFO: at 2907.262 ms fetching 4.751 ms
INFO: at 2909.730 ms batch [11.376] delay 1.608 ms
INFO: at 2909.730 ms fetching 11.376 ms
INFO: at 2912.268 ms batch [5.035] delay 1.608 ms
INFO: at 2912.268 ms fetching 5.035 ms
INFO: at 2914.798 ms batch [4.594] delay 1.608 ms
INFO: at 2914.798 ms fetching 4.594 ms
INFO: at 2917.330 ms batch [5.233] delay 1.608 ms
INFO: at 2917.330 ms fetching 5.233 ms
INFO: at 2919.035 ms batch [10.348] delay 2.923 ms
INFO: at 2919.035 ms fetching 10.348 ms
INFO: at 2922.475 ms batch [5.123] delay 2.923 ms
INFO: at 2922.475 ms fetching 5.123 ms
INFO: at 2925.864 ms batch [4.741] delay 2.923 ms
INFO: at 2925.864 ms fetching 4.741 ms
INFO: at 2929.351 ms batch [10.506] delay 2.923 ms
INFO: at 2929.351 ms fetching 10.506 ms
INFO: at 2932.734 ms batch [5.690] delay 2.923 ms
INFO: at 2932.734 ms fetching 5.690 ms
INFO: at 2936.139 ms batch [5.270] delay 2.923 ms
INFO: at 2936.139 ms fetching 5.270 ms
INFO: at 2939.559 ms batch [5.333] delay 2.923 ms
INFO: at 2939.559 ms fetching 5.333 ms
INFO: at 2942.998 ms batch [5.526] delay 2.923 ms
INFO: at 2942.998 ms fetching 5.526 ms
INFO: at 2946.429 ms batch [9.613] delay 2.923 ms
INFO: at 2946.429 ms fetching 9.613 ms
INFO: at 2949.476 ms batch [4.973] delay 2.923 ms
INFO: at 2949.476 ms fetching 4.973 ms
INFO: at 2953.363 ms batch [4.868] delay 2.923 ms
INFO: at 2953.363 ms fetching 4.868 ms
INFO: at 2956.954 ms batch [7.797] delay 4.020 ms
INFO: at 2956.954 ms fetching 7.797 ms
INFO: at 2961.466 ms batch [4.554] delay 4.020 ms
INFO: at 2961.466 ms fetching 4.554 ms
INFO: at 2965.981 ms batch [5.452] delay 4.020 ms
INFO: at 2965.981 ms fetching 5.452 ms
INFO: at 2970.452 ms batch [7.451] delay 4.020 ms
INFO: at 2970.452 ms fetching 7.451 ms
INFO: at 2974.973 ms batch [6.288] delay 4.020 ms
INFO: at 2974.973 ms fetching 6.288 ms
INFO: at 2979.573 ms batch [7.826] delay 4.020 ms
INFO: at 2979.573 ms fetching 7.826 ms
INFO: at 2984.108 ms batch [4.440] delay 4.020 ms
INFO: at 2984.108 ms fetching 4.440 ms
INFO: at 2988.658 ms batch [7.886] delay 4.020 ms
INFO: at 2988.658 ms fetching 7.886 ms
INFO: at 2993.282 ms batch [7.384] delay 4.020 ms
INFO: at 2993.282 ms fetching 7.384 ms
INFO: at 2997.898 ms batch [10.259] delay 4.020 ms
INFO: at 2997.898 ms fetching 10.259 ms
INFO: at 3002.357 ms batch [8.226] delay 4.020 ms
INFO: at 3002.357 ms fetching 8.226 ms
INFO: at 3006.852 ms batch [9.030] delay 4.020 ms
INFO: at 3006.852 ms fetching 9.030 ms
INFO: at 3011.259 ms batch [5.130] delay 4.020 ms
INFO: at 3011.259 ms fetching 5.130 ms
INFO: at 3016.217 ms batch [7.122] delay 4.020 ms
INFO: at 3016.217 ms fetching 7.122 ms
INFO: at 3020.722 ms batch [10.491] delay 4.020 ms
INFO: at 3020.722 ms fetching 10.491 ms
INFO: at 3025.158 ms batch [4.992] delay 4.020 ms
INFO: at 3025.158 ms fetching 4.992 ms
INFO: at 3029.806 ms batch [5.535] delay 2.923 ms
INFO: at 3029.806 ms fetching 5.535 ms
INFO: at 3033.243 ms batch [5.960] delay 2.923 ms
INFO: at 3033.243 ms fetching 5.960 ms
INFO: at 3036.423 ms batch [5.744] delay 2.923 ms
INFO: at 3036.423 ms fetching 5.744 ms
INFO: at 3039.947 ms batch [5.287] delay 2.923 ms
INFO: at 3039.947 ms fetching 5.287 ms
INFO: at 3043.333 ms batch [7.098] delay 2.923 ms
INFO: at 3043.333 ms fetching 7.098 ms
INFO: at 3046.766 ms batch [5.660] delay 2.923 ms
INFO: at 3046.766 ms fetching 5.660 ms
INFO: at 3050.196 ms batch [5.253] delay 2.923 ms
INFO: at 3050.196 ms fetching 5.253 ms
INFO: at 3053.640 ms batch [5.501] delay 2.923 ms
INFO: at 3053.640 ms fetching 5.501 ms
INFO: at 3057.086 ms batch [5.632] delay 2.923 ms
INFO: at 3057.086 ms fetching 5.632 ms
INFO: at 3060.487 ms batch [4.667] delay 2.923 ms
INFO: at 3060.487 ms fetching 4.667 ms
INFO: at 3063.525 ms batch [4.910] delay 2.923 ms
INFO: at 3063.525 ms fetching 4.910 ms
INFO: at 3067.299 ms batch [5.504] delay 2.297 ms
INFO: at 3067.299 ms fetching 5.504 ms
INFO: at 3069.750 ms batch [7.010] delay 2.297 ms
INFO: at 3069.750 ms fetching 7.010 ms
INFO: at 3072.142 ms batch [6.730] delay 2.297 ms
INFO: at 3072.142 ms fetching 6.730 ms
INFO: at 3075.479 ms batch [6.961] delay 2.297 ms
INFO: at 3075.479 ms fetching 6.961 ms
INFO: at 3077.906 ms batch [4.745] delay 2.297 ms
INFO: at 3077.906 ms fetching 4.745 ms
INFO: at 3080.312 ms batch [4.838] delay 2.297 ms
INFO: at 3080.312 ms fetching 4.838 ms
INFO: at 3083.687 ms batch [4.447] delay 2.297 ms
INFO: at 3083.687 ms fetching 4.447 ms
INFO: at 3086.611 ms batch [4.915] delay 2.297 ms
INFO: at 3086.611 ms fetching 4.915 ms
INFO: at 3089.082 ms batch [8.870] delay 2.297 ms
INFO: at 3089.082 ms fetching 8.870 ms
INFO: at 3091.479 ms batch [5.140] delay 2.297 ms
INFO: at 3091.479 ms fetching 5.140 ms
INFO: at 3094.848 ms batch [9.641] delay 2.297 ms
INFO: at 3094.848 ms fetching 9.641 ms
INFO: at 3097.264 ms batch [5.966] delay 2.297 ms
INFO: at 3097.264 ms fetching 5.966 ms
INFO: at 3100.658 ms batch [8.912] delay 2.297 ms
INFO: at 3100.658 ms fetching 8.912 ms
INFO: at 3103.119 ms batch [5.182] delay 2.297 ms
INFO: at 3103.119 ms fetching 5.182 ms
INFO: at 3105.574 ms batch [13.033] delay 2.923 ms
INFO: at 3105.574 ms fetching 13.033 ms
INFO: at 3109.230 ms batch [5.463] delay 2.923 ms
INFO: at 3109.230 ms fetching 5.463 ms
INFO: at 3112.699 ms batch [4.995] delay 2.923 ms
INFO: at 3112.699 ms fetching 4.995 ms
INFO: at 3116.227 ms batch [9.601] delay 2.923 ms
INFO: at 3116.227 ms fetching 9.601 ms
INFO: at 3119.786 ms batch [5.532] delay 2.923 ms
INFO: at 3119.786 ms fetching 5.532 ms
INFO: at 3123.349 ms batch [5.887] delay 2.923 ms
INFO: at 3123.349 ms fetching 5.887 ms
INFO: at 3126.819 ms batch [6.333] delay 2.923 ms
INFO: at 3126.819 ms fetching 6.333 ms
INFO: at 3130.261 ms batch [5.083] delay 2.923 ms
INFO: at 3130.261 ms fetching 5.083 ms
INFO: at 3133.795 ms batch [5.052] delay 2.923 ms
INFO: at 3133.795 ms fetching 5.052 ms
INFO: at 3137.338 ms batch [8.553] delay 2.923 ms
INFO: at 3137.338 ms fetching 8.553 ms
INFO: at 3140.892 ms batch [7.333] delay 2.923 ms
INFO: at 3140.892 ms fetching 7.333 ms
INFO: at 3144.426 ms batch [7.396] delay 3.573 ms
INFO: at 3144.426 ms fetching 7.396 ms
INFO: at 3148.947 ms batch [9.300] delay 3.573 ms
INFO: at 3148.947 ms fetching 9.300 ms
INFO: at 3153.616 ms batch [5.488] delay 3.573 ms
INFO: at 3153.616 ms fetching 5.488 ms
INFO: at 3158.190 ms batch [4.693] delay 3.573 ms
INFO: at 3158.190 ms fetching 4.693 ms
INFO: at 3162.768 ms batch [10.563] delay 3.573 ms
INFO: at 3162.768 ms fetching 10.563 ms
INFO: at 3167.407 ms batch [5.394] delay 3.573 ms
INFO: at 3167.407 ms fetching 5.394 ms
INFO: at 3171.098 ms batch [4.998] delay 3.573 ms
INFO: at 3171.098 ms fetching 4.998 ms
INFO: at 3174.961 ms batch [5.215] delay 3.573 ms
INFO: at 3174.961 ms fetching 5.215 ms
INFO: at 3179.567 ms batch [5.842] delay 3.573 ms
INFO: at 3179.567 ms fetching 5.842 ms
INFO: at 3184.177 ms batch [7.177] delay 2.923 ms
INFO: at 3184.177 ms fetching 7.177 ms
INFO: at 3187.724 ms batch [3.751] delay 2.923 ms
INFO: at 3187.724 ms fetching 3.751 ms
INFO: at 3191.280 ms batch [5.515] delay 2.923 ms
INFO: at 3191.280 ms fetching 5.515 ms
INFO: at 3194.793 ms batch [6.678] delay 2.923 ms
INFO: at 3194.793 ms fetching 6.678 ms
INFO: at 3197.849 ms batch [7.777] delay 2.923 ms
INFO: at 3197.849 ms fetching 7.777 ms
INFO: at 3201.082 ms batch [4.075] delay 2.923 ms
INFO: at 3201.082 ms fetching 4.075 ms
INFO: at 3204.613 ms batch [4.866] delay 2.923 ms
INFO: at 3204.613 ms fetching 4.866 ms
INFO: at 3208.170 ms batch [6.055] delay 2.923 ms
INFO: at 3208.170 ms fetching 6.055 ms
INFO: at 3211.708 ms batch [5.278] delay 2.923 ms
INFO: at 3211.708 ms fetching 5.278 ms
INFO: at 3215.233 ms batch [9.224] delay 2.923 ms
INFO: at 3215.233 ms fetching 9.224 ms
INFO: at 3218.743 ms batch [3.798] delay 2.923 ms
INFO: at 3218.743 ms fetching 3.798 ms
INFO: at 3222.259 ms batch [4.401] delay 2.680 ms
INFO: at 3222.259 ms fetching 4.401 ms
INFO: at 3225.816 ms batch [5.496] delay 2.680 ms
INFO: at 3225.816 ms fetching 5.496 ms
INFO: at 3229.292 ms batch [4.675] delay 2.680 ms
INFO: at 3229.292 ms fetching 4.675 ms
INFO: at 3232.857 ms batch [6.704] delay 2.680 ms
INFO: at 3232.857 ms fetching 6.704 ms
INFO: at 3236.609 ms batch [4.832] delay 2.680 ms
INFO: at 3236.609 ms fetching 4.832 ms
INFO: at 3240.026 ms batch [6.143] delay 2.680 ms
INFO: at 3240.026 ms fetching 6.143 ms
INFO: at 3243.549 ms batch [6.473] delay 2.680 ms
INFO: at 3243.549 ms fetching 6.473 ms
INFO: at 3247.031 ms batch [5.929] delay 2.680 ms
INFO: at 3247.031 ms fetching 5.929 ms
INFO: at 3250.461 ms batch [5.018] delay 2.680 ms
INFO: at 3250.461 ms fetching 5.018 ms
INFO: at 3253.901 ms batch [5.229] delay 2.680 ms
INFO: at 3253.901 ms fetching 5.229 ms
INFO: at 3256.852 ms batch [5.882] delay 2.680 ms
INFO: at 3256.852 ms fetching 5.882 ms
INFO: at 3260.042 ms batch [7.957] delay 2.680 ms
INFO: at 3260.042 ms fetching 7.957 ms
INFO: at 3263.653 ms batch [8.159] delay 2.923 ms
INFO: at 3263.653 ms fetching 8.159 ms
INFO: at 3267.204 ms batch [8.189] delay 2.923 ms
INFO: at 3267.204 ms fetching 8.189 ms
INFO: at 3270.685 ms batch [12.201] delay 2.923 ms
INFO: at 3270.685 ms fetching 12.201 ms
INFO: at 3274.155 ms batch [10.632] delay 2.923 ms
INFO: at 3274.155 ms fetching 10.632 ms
INFO: at 3277.315 ms batch [5.509] delay 2.923 ms
INFO: at 3277.315 ms fetching 5.509 ms
INFO: at 3280.519 ms batch [7.034] delay 2.923 ms
INFO: at 3280.519 ms fetching 7.034 ms
INFO: at 3284.027 ms batch [10.332] delay 2.923 ms
INFO: at 3284.027 ms fetching 10.332 ms
INFO: at 3287.548 ms batch [10.031] delay 2.923 ms
INFO: at 3287.548 ms fetching 10.031 ms
INFO: at 3291.075 ms batch [8.804] delay 2.923 ms
INFO: at 3291.075 ms fetching 8.804 ms
INFO: at 3294.551 ms batch [5.602] delay 2.923 ms
INFO: at 3294.551 ms fetching 5.602 ms
INFO: at 3298.029 ms batch [5.326] delay 2.923 ms
INFO: at 3298.029 ms fetching 5.326 ms
INFO: at 3301.550 ms batch [7.522] delay 2.144 ms
INFO: at 3301.550 ms fetching 7.522 ms
INFO: at 3303.968 ms batch [4.977] delay 2.144 ms
INFO: at 3303.968 ms fetching 4.977 ms
INFO: at 3306.346 ms batch [9.167] delay 2.144 ms
INFO: at 3306.346 ms fetching 9.167 ms
INFO: at 3308.688 ms batch [6.298] delay 2.144 ms
INFO: at 3308.688 ms fetching 6.298 ms
INFO: at 3311.228 ms batch [5.622] delay 2.144 ms
INFO: at 3311.228 ms fetching 5.622 ms
INFO: at 3313.488 ms batch [5.319] delay 2.144 ms
INFO: at 3313.488 ms fetching 5.319 ms
INFO: at 3316.713 ms batch [7.618] delay 2.144 ms
INFO: at 3316.713 ms fetching 7.618 ms
INFO: at 3319.294 ms batch [5.599] delay 2.144 ms
INFO: at 3319.294 ms fetching 5.599 ms
INFO: at 3321.719 ms batch [9.588] delay 2.144 ms
INFO: at 3321.719 ms fetching 9.588 ms
INFO: at 3324.180 ms batch [6.278] delay 2.144 ms
INFO: at 3324.180 ms fetching 6.278 ms
INFO: at 3326.659 ms batch [9.798] delay 2.144 ms
INFO: at 3326.659 ms fetching 9.798 ms
INFO: at 3329.154 ms batch [6.800] delay 2.144 ms
INFO: at 3329.154 ms fetching 6.800 ms
INFO: at 3331.641 ms batch [4.850] delay 2.144 ms
INFO: at 3331.641 ms fetching 4.850 ms
INFO: at 3334.141 ms batch [8.615] delay 2.144 ms
INFO: at 3334.141 ms fetching 8.615 ms
INFO: at 3336.644 ms batch [5.345] delay 2.144 ms
INFO: at 3336.644 ms fetching 5.345 ms
INFO: at 3339.182 ms batch [9.156] delay 3.573 ms
INFO: at 3339.182 ms fetching 9.156 ms
INFO: at 3343.752 ms batch [9.190] delay 3.573 ms
INFO: at 3343.752 ms fetching 9.190 ms
INFO: at 3347.680 ms batch [5.948] delay 3.573 ms
INFO: at 3347.680 ms fetching 5.948 ms
INFO: at 3352.168 ms batch [5.177] delay 3.573 ms
INFO: at 3352.168 ms fetching 5.177 ms
INFO: at 3356.540 ms batch [9.278] delay 3.573 ms
INFO: at 3356.540 ms fetching 9.278 ms
INFO: at 3361.012 ms batch [8.109] delay 3.573 ms
INFO: at 3361.012 ms fetching 8.109 ms
INFO: at 3365.504 ms batch [7.145] delay 3.573 ms
INFO: at 3365.504 ms fetching 7.145 ms
INFO: at 3370.146 ms batch [5.512] delay 3.573 ms
INFO: at 3370.146 ms fetching 5.512 ms
INFO: at 3374.606 ms batch [5.574] delay 3.573 ms
INFO: at 3374.606 ms fetching 5.574 ms
INFO: at 3378.619 ms batch [6.064] delay 3.216 ms
INFO: at 3378.619 ms fetching 6.064 ms
INFO: at 3382.360 ms batch [4.540] delay 3.216 ms
INFO: at 3382.360 ms fetching 4.540 ms
INFO: at 3386.090 ms batch [4.963] delay 3.216 ms
INFO: at 3386.090 ms fetching 4.963 ms
INFO: at 3389.536 ms batch [6.041] delay 3.216 ms
INFO: at 3389.536 ms fetching 6.041 ms
INFO: at 3393.130 ms batch [4.930] delay 3.216 ms
INFO: at 3393.130 ms fetching 4.930 ms
INFO: at 3396.696 ms batch [5.548] delay 3.216 ms
INFO: at 3396.696 ms fetching 5.548 ms
INFO: at 3400.371 ms batch [5.444] delay 3.216 ms
INFO: at 3400.371 ms fetching 5.444 ms
INFO: at 3404.582 ms batch [10.223] delay 3.216 ms
INFO: at 3404.582 ms fetching 10.223 ms
INFO: at 3408.023 ms batch [4.481] delay 3.216 ms
INFO: at 3408.023 ms fetching 4.481 ms
INFO: at 3411.525 ms batch [10.090] delay 3.216 ms
INFO: at 3411.525 ms fetching 10.090 ms
INFO: at 3415.208 ms batch [5.936] delay 2.923 ms
INFO: at 3415.208 ms fetching 5.936 ms
INFO: at 3418.839 ms batch [4.388] delay 2.923 ms
INFO: at 3418.839 ms fetching 4.388 ms
INFO: at 3422.413 ms batch [8.741] delay 2.923 ms
INFO: at 3422.413 ms fetching 8.741 ms
INFO: at 3425.856 ms batch [5.132] delay 2.923 ms
INFO: at 3425.856 ms fetching 5.132 ms
INFO: at 3429.276 ms batch [10.366] delay 2.923 ms
INFO: at 3429.276 ms fetching 10.366 ms
INFO: at 3433.050 ms batch [5.007] delay 2.923 ms
INFO: at 3433.050 ms fetching 5.007 ms
INFO: at 3436.804 ms batch [9.099] delay 2.923 ms
INFO: at 3436.804 ms fetching 9.099 ms
INFO: at 3440.440 ms batch [9.254] delay 2.923 ms
INFO: at 3440.440 ms fetching 9.254 ms
INFO: at 3444.127 ms batch [6.260] delay 2.923 ms
INFO: at 3444.127 ms fetching 6.260 ms
INFO: at 3447.791 ms batch [10.018] delay 2.923 ms
INFO: at 3447.791 ms fetching 10.018 ms
INFO: at 3451.409 ms batch [8.277] delay 2.923 ms
INFO: at 3451.409 ms fetching 8.277 ms
INFO: at 3455.046 ms batch [5.397] delay 2.474 ms
INFO: at 3455.046 ms fetching 5.397 ms
INFO: at 3457.688 ms batch [7.567] delay 2.474 ms
INFO: at 3457.688 ms fetching 7.567 ms
INFO: at 3460.337 ms batch [5.426] delay 2.474 ms
INFO: at 3460.337 ms fetching 5.426 ms
INFO: at 3463.374 ms batch [4.918] delay 2.474 ms
INFO: at 3463.374 ms fetching 4.918 ms
INFO: at 3466.838 ms batch [5.312] delay 2.474 ms
INFO: at 3466.838 ms fetching 5.312 ms
INFO: at 3470.248 ms batch [4.902] delay 2.474 ms
INFO: at 3470.248 ms fetching 4.902 ms
INFO: at 3472.858 ms batch [5.562] delay 2.474 ms
INFO: at 3472.858 ms fetching 5.562 ms
INFO: at 3476.434 ms batch [6.120] delay 2.474 ms
INFO: at 3476.434 ms fetching 6.120 ms
INFO: at 3480.013 ms batch [7.788] delay 2.474 ms
INFO: at 3480.013 ms fetching 7.788 ms
INFO: at 3483.586 ms batch [8.584] delay 2.474 ms
INFO: at 3483.586 ms fetching 8.584 ms
INFO: at 3487.146 ms batch [9.755] delay 2.474 ms
INFO: at 3487.146 ms fetching 9.755 ms
INFO: at 3490.281 ms batch [7.375] delay 2.474 ms
INFO: at 3490.281 ms fetching 7.375 ms
INFO: at 3493.289 ms batch [10.953] delay 2.474 ms
INFO: at 3493.289 ms fetching 10.953 ms
INFO: at 3495.926 ms batch [8.217] delay 2.297 ms
INFO: at 3495.926 ms fetching 8.217 ms
INFO: at 3498.449 ms batch [5.403] delay 2.297 ms
INFO: at 3498.449 ms fetching 5.403 ms
INFO: at 3501.063 ms batch [5.335] delay 2.297 ms
INFO: at 3501.063 ms fetching 5.335 ms
INFO: at 3503.593 ms batch [9.200] delay 2.297 ms
INFO: at 3503.593 ms fetching 9.200 ms
INFO: at 3506.072 ms batch [8.763] delay 2.297 ms
INFO: at 3506.072 ms fetching 8.763 ms
INFO: at 3508.625 ms batch [6.209] delay 2.297 ms
INFO: at 3508.625 ms fetching 6.209 ms
INFO: at 3511.423 ms batch [12.534] delay 2.297 ms
INFO: at 3511.423 ms fetching 12.534 ms
INFO: at 3513.914 ms batch [5.220] delay 2.297 ms
INFO: at 3513.914 ms fetching 5.220 ms
INFO: at 3516.619 ms batch [7.274] delay 2.297 ms
INFO: at 3516.619 ms fetching 7.274 ms
INFO: at 3519.415 ms batch [6.088] delay 2.297 ms
INFO: at 3519.415 ms fetching 6.088 ms
INFO: at 3521.786 ms batch [7.857] delay 2.297 ms
INFO: at 3521.786 ms fetching 7.857 ms
INFO: at 3524.584 ms batch [5.615] delay 2.297 ms
INFO: at 3524.584 ms fetching 5.615 ms
INFO: at 3527.277 ms batch [7.695] delay 2.297 ms
INFO: at 3527.277 ms fetching 7.695 ms
INFO: at 3529.949 ms batch [11.607] delay 2.297 ms
INFO: at 3529.949 ms fetching 11.607 ms
INFO: at 3532.415 ms batch [4.619] delay 2.923 ms
INFO: at 3532.415 ms fetching 4.619 ms
INFO: at 3535.933 ms batch [9.266] delay 2.923 ms
INFO: at 3535.933 ms fetching 9.266 ms
INFO: at 3539.421 ms batch [8.564] delay 2.923 ms
INFO: at 3539.421 ms fetching 8.564 ms
INFO: at 3542.936 ms batch [4.632] delay 2.923 ms
INFO: at 3542.936 ms fetching 4.632 ms
INFO: at 3546.479 ms batch [8.438] delay 2.923 ms
INFO: at 3546.479 ms fetching 8.438 ms
INFO: at 3550.107 ms batch [5.431] delay 2.923 ms
INFO: at 3550.107 ms fetching 5.431 ms
INFO: at 3553.213 ms batch [5.012] delay 2.923 ms
INFO: at 3553.213 ms fetching 5.012 ms
INFO: at 3556.423 ms batch [8.839] delay 2.923 ms
INFO: at 3556.423 ms fetching 8.839 ms
INFO: at 3560.013 ms batch [5.015] delay 2.923 ms
INFO: at 3560.013 ms fetching 5.015 ms
INFO: at 3563.617 ms batch [5.778] delay 2.923 ms
INFO: at 3563.617 ms fetching 5.778 ms
INFO: at 3567.282 ms batch [8.934] delay 2.923 ms
INFO: at 3567.282 ms fetching 8.934 ms
INFO: at 3570.721 ms batch [5.389] delay 3.216 ms
INFO: at 3570.721 ms fetching 5.389 ms
INFO: at 3574.280 ms batch [9.395] delay 3.216 ms
INFO: at 3574.280 ms fetching 9.395 ms
INFO: at 3577.854 ms batch [6.775] delay 3.216 ms
INFO: at 3577.854 ms fetching 6.775 ms
INFO: at 3581.442 ms batch [4.940] delay 3.216 ms
INFO: at 3581.442 ms fetching 4.940 ms
INFO: at 3585.083 ms batch [5.081] delay 3.216 ms
INFO: at 3585.083 ms fetching 5.081 ms
INFO: at 3588.727 ms batch [5.109] delay 3.216 ms
INFO: at 3588.727 ms fetching 5.109 ms
INFO: at 3592.276 ms batch [9.234] delay 3.216 ms
INFO: at 3592.276 ms fetching 9.234 ms
INFO: at 3595.888 ms batch [13.251] delay 3.216 ms
INFO: at 3595.888 ms fetching 13.251 ms
INFO: at 3599.794 ms batch [5.674] delay 3.216 ms
INFO: at 3599.794 ms fetching 5.674 ms
INFO: at 3603.434 ms batch [5.586] delay 3.216 ms
INFO: at 3603.434 ms fetching 5.586 ms
INFO: at 3606.995 ms batch [8.318] delay 2.297 ms
INFO: at 3606.995 ms fetching 8.318 ms
INFO: at 3609.607 ms batch [8.731] delay 2.297 ms
INFO: at 3609.607 ms fetching 8.731 ms
INFO: at 3612.225 ms batch [9.442] delay 2.297 ms
INFO: at 3612.225 ms fetching 9.442 ms
INFO: at 3614.832 ms batch [5.649] delay 2.297 ms
INFO: at 3614.832 ms fetching 5.649 ms
INFO: at 3619.070 ms batch [11.415] delay 2.297 ms
INFO: at 3619.070 ms fetching 11.415 ms
INFO: at 3621.526 ms batch [5.474] delay 2.297 ms
INFO: at 3621.526 ms fetching 5.474 ms
INFO: at 3624.783 ms batch [4.871] delay 2.297 ms
INFO: at 3624.783 ms fetching 4.871 ms
INFO: at 3627.784 ms batch [7.649] delay 2.297 ms
INFO: at 3627.784 ms fetching 7.649 ms
INFO: at 3630.324 ms batch [7.713] delay 2.297 ms
INFO: at 3630.324 ms fetching 7.713 ms
INFO: at 3633.108 ms batch [12.440] delay 2.297 ms
INFO: at 3633.108 ms fetching 12.440 ms
INFO: at 3635.926 ms batch [4.900] delay 2.297 ms
INFO: at 3635.926 ms fetching 4.900 ms
INFO: at 3638.714 ms batch [6.599] delay 2.297 ms
INFO: at 3638.714 ms fetching 6.599 ms
INFO: done
INFO: stopping nexus
