22-04-19:08:41:48 INFO     [docker_container_manager.py:192] [default-cluster] Starting managed Redis instance in Docker
22-04-19:08:41:50 INFO     [docker_container_manager.py:294] [default-cluster] Metric Configuration Saved at /tmp/tmpaikfyf_s.yml
22-04-19:08:41:51 INFO     [clipper_admin.py:162] [default-cluster] Clipper is running
22-04-19:08:41:51 INFO     [clipper_admin.py:236] [default-cluster] Application fake-model was successfully registered
22-04-19:08:41:51 INFO     [deployer_utils.py:41] Saving function to /tmp/tmpe21zdhtvclipper
22-04-19:08:41:51 INFO     [deployer_utils.py:51] Serialized and supplied predict function
22-04-19:08:41:51 INFO     [python.py:192] Python closure saved
22-04-19:08:41:51 INFO     [python.py:210] Using Python 3.7 base image
22-04-19:08:41:51 INFO     [clipper_admin.py:534] [default-cluster] Building model Docker image with model data from /tmp/tmpe21zdhtvclipper
22-04-19:08:41:51 INFO     [clipper_admin.py:539] [default-cluster] Step 1/2 : FROM clipper/python37-closure-container:develop
22-04-19:08:41:51 INFO     [clipper_admin.py:539] [default-cluster]  ---> 2660542c0759
22-04-19:08:41:51 INFO     [clipper_admin.py:539] [default-cluster] Step 2/2 : COPY /tmp/tmpe21zdhtvclipper /model/
22-04-19:08:41:51 INFO     [clipper_admin.py:539] [default-cluster]  ---> 60f45a27f16a
22-04-19:08:41:51 INFO     [clipper_admin.py:539] [default-cluster] Successfully built 60f45a27f16a
22-04-19:08:41:51 INFO     [clipper_admin.py:539] [default-cluster] Successfully tagged default-cluster-fake-model:1
22-04-19:08:41:51 INFO     [clipper_admin.py:541] [default-cluster] Pushing model Docker image to default-cluster-fake-model:1
22-04-19:08:41:51 INFO     [docker_container_manager.py:433] [default-cluster] Found 0 replicas for fake-model:1. Adding 1
22-04-19:08:41:52 INFO     [clipper_admin.py:724] [default-cluster] Successfully registered model fake-model:1
22-04-19:08:41:52 INFO     [clipper_admin.py:642] [default-cluster] Done deploying model fake-model:1.
22-04-19:08:41:52 INFO     [clipper_admin.py:303] [default-cluster] Model fake-model is now linked to application fake-model
INFO: ready to go
INFO: rock and roll
INFO: at 8.738 ms batch [3.874] delay 1.937 ms
INFO: at 10.676 ms batch [3.874] delay 1.937 ms
INFO: at 12.614 ms batch [3.874] delay 1.937 ms
INFO: at 14.552 ms batch [3.874] delay 1.937 ms
INFO: at 16.490 ms batch [3.874] delay 1.937 ms
INFO: at 18.428 ms batch [3.874] delay 1.937 ms
INFO: at 20.366 ms batch [3.874] delay 1.937 ms
INFO: at 22.304 ms batch [3.874] delay 1.937 ms
INFO: at 24.242 ms batch [3.874] delay 1.937 ms
INFO: at 26.180 ms batch [3.874] delay 1.937 ms
INFO: at 28.117 ms batch [3.874] delay 2.421 ms
INFO: at 30.540 ms batch [3.874] delay 2.421 ms
INFO: at 32.961 ms batch [3.874] delay 2.421 ms
INFO: at 35.384 ms batch [3.874] delay 2.421 ms
INFO: at 37.806 ms batch [3.874] delay 2.421 ms
INFO: at 40.228 ms batch [3.874] delay 2.421 ms
INFO: at 42.650 ms batch [3.874] delay 2.421 ms
INFO: at 45.072 ms batch [3.874] delay 2.421 ms
INFO: at 47.495 ms batch [3.874] delay 1.614 ms
INFO: at 49.110 ms batch [3.874] delay 1.614 ms
INFO: at 50.725 ms batch [3.874] delay 1.614 ms
INFO: at 52.340 ms batch [3.874] delay 1.614 ms
INFO: at 53.955 ms batch [3.874] delay 1.614 ms
INFO: at 55.570 ms batch [3.874] delay 1.614 ms
INFO: at 57.185 ms batch [3.874] delay 1.614 ms
INFO: at 58.800 ms batch [3.874] delay 1.614 ms
INFO: at 60.415 ms batch [3.874] delay 1.614 ms
INFO: at 62.030 ms batch [3.874] delay 1.614 ms
INFO: at 63.645 ms batch [3.874] delay 1.614 ms
INFO: at 65.260 ms batch [3.874] delay 1.614 ms
INFO: at 66.875 ms batch [3.874] delay 1.291 ms
INFO: at 68.167 ms batch [3.874] delay 1.291 ms
INFO: at 69.459 ms batch [3.874] delay 1.291 ms
INFO: at 70.752 ms batch [3.874] delay 1.291 ms
INFO: at 72.044 ms batch [3.874] delay 1.291 ms
INFO: at 73.336 ms batch [3.874] delay 1.291 ms
INFO: at 74.628 ms batch [3.874] delay 1.291 ms
INFO: at 75.920 ms batch [3.874] delay 1.291 ms
INFO: at 77.212 ms batch [3.874] delay 1.291 ms
INFO: at 78.504 ms batch [3.874] delay 1.291 ms
INFO: at 79.796 ms batch [3.874] delay 1.291 ms
INFO: at 81.088 ms batch [3.874] delay 1.291 ms
INFO: at 82.381 ms batch [3.874] delay 1.291 ms
INFO: at 83.673 ms batch [3.874] delay 1.291 ms
INFO: at 84.965 ms batch [3.874] delay 1.291 ms
INFO: at 86.257 ms batch [3.874] delay 2.152 ms
INFO: at 88.411 ms batch [3.874] delay 2.152 ms
INFO: at 90.563 ms batch [3.874] delay 2.152 ms
INFO: at 92.716 ms batch [3.874] delay 2.152 ms
INFO: at 94.869 ms batch [3.874] delay 2.152 ms
INFO: at 97.022 ms batch [3.874] delay 2.152 ms
INFO: at 99.175 ms batch [3.874] delay 2.152 ms
INFO: at 101.329 ms batch [3.874] delay 2.152 ms
INFO: at 103.482 ms batch [3.874] delay 2.152 ms
INFO: at 105.635 ms batch [3.874] delay 1.937 ms
INFO: at 107.573 ms batch [3.874] delay 1.937 ms
INFO: at 109.511 ms batch [3.874] delay 1.937 ms
INFO: at 111.448 ms batch [3.874] delay 1.937 ms
INFO: at 113.386 ms batch [3.874] delay 1.937 ms
INFO: at 115.324 ms batch [3.874] delay 1.937 ms
INFO: at 117.262 ms batch [3.874] delay 1.937 ms
INFO: at 119.200 ms batch [3.874] delay 1.937 ms
INFO: at 121.138 ms batch [3.874] delay 1.937 ms
INFO: at 123.075 ms batch [3.874] delay 1.937 ms
INFO: at 125.013 ms batch [3.874] delay 1.761 ms
INFO: at 126.775 ms batch [3.874] delay 1.761 ms
INFO: at 128.537 ms batch [3.874] delay 1.761 ms
INFO: at 130.299 ms batch [3.874] delay 1.761 ms
INFO: at 132.061 ms batch [3.874] delay 1.761 ms
INFO: at 133.823 ms batch [3.874] delay 1.761 ms
INFO: at 135.585 ms batch [3.874] delay 1.761 ms
INFO: at 137.347 ms batch [3.874] delay 1.761 ms
INFO: at 139.108 ms batch [3.874] delay 1.761 ms
INFO: at 140.870 ms batch [3.874] delay 1.761 ms
INFO: at 142.632 ms batch [3.874] delay 1.761 ms
INFO: at 144.394 ms batch [3.874] delay 2.152 ms
INFO: at 146.547 ms batch [3.874] delay 2.152 ms
INFO: at 148.700 ms batch [3.874] delay 2.152 ms
INFO: at 150.853 ms batch [3.874] delay 2.152 ms
INFO: at 153.007 ms batch [3.874] delay 2.152 ms
INFO: at 155.160 ms batch [3.874] delay 2.152 ms
INFO: at 157.313 ms batch [3.874] delay 2.152 ms
INFO: at 159.467 ms batch [3.874] delay 2.152 ms
INFO: at 161.620 ms batch [3.874] delay 2.152 ms
INFO: at 163.773 ms batch [3.874] delay 1.937 ms
INFO: at 165.711 ms batch [3.874] delay 1.937 ms
INFO: at 167.649 ms batch [3.874] delay 1.937 ms
INFO: at 169.587 ms batch [3.874] delay 1.937 ms
INFO: at 171.525 ms batch [3.874] delay 1.937 ms
INFO: at 173.463 ms batch [3.874] delay 1.937 ms
INFO: at 175.401 ms batch [3.874] delay 1.937 ms
INFO: at 177.339 ms batch [3.874] delay 1.937 ms
INFO: at 179.277 ms batch [3.874] delay 1.937 ms
INFO: at 181.215 ms batch [3.874] delay 1.937 ms
INFO: at 183.153 ms batch [3.874] delay 1.761 ms
INFO: at 184.915 ms batch [3.874] delay 1.761 ms
INFO: at 186.676 ms batch [3.874] delay 1.761 ms
INFO: at 188.438 ms batch [3.874] delay 1.761 ms
INFO: at 190.200 ms batch [3.874] delay 1.761 ms
INFO: at 191.961 ms batch [3.874] delay 1.761 ms
INFO: at 193.723 ms batch [3.874] delay 1.761 ms
INFO: at 195.485 ms batch [3.874] delay 1.761 ms
INFO: at 197.247 ms batch [3.874] delay 1.761 ms
INFO: at 199.009 ms batch [3.874] delay 1.761 ms
INFO: at 200.772 ms batch [3.874] delay 1.761 ms
INFO: at 202.534 ms batch [3.874] delay 1.937 ms
INFO: at 204.472 ms batch [3.874] delay 1.937 ms
INFO: at 206.410 ms batch [3.874] delay 1.937 ms
INFO: at 208.347 ms batch [3.874] delay 1.937 ms
INFO: at 210.285 ms batch [3.874] delay 1.937 ms
INFO: at 212.223 ms batch [3.874] delay 1.937 ms
INFO: at 214.161 ms batch [3.874] delay 1.937 ms
INFO: at 216.099 ms batch [3.874] delay 1.937 ms
INFO: at 218.037 ms batch [3.874] delay 1.937 ms
INFO: at 219.974 ms batch [3.874] delay 1.937 ms
INFO: at 221.912 ms batch [3.874] delay 1.614 ms
INFO: at 223.527 ms batch [3.874] delay 1.614 ms
INFO: at 225.142 ms batch [3.874] delay 1.614 ms
INFO: at 226.757 ms batch [3.874] delay 1.614 ms
INFO: at 228.372 ms batch [3.874] delay 1.614 ms
INFO: at 229.986 ms batch [3.874] delay 1.614 ms
INFO: at 231.601 ms batch [3.874] delay 1.614 ms
INFO: at 233.216 ms batch [3.874] delay 1.614 ms
INFO: at 234.831 ms batch [3.874] delay 1.614 ms
INFO: at 236.446 ms batch [3.874] delay 1.614 ms
INFO: at 238.062 ms batch [3.874] delay 1.614 ms
INFO: at 239.677 ms batch [3.874] delay 1.614 ms
INFO: at 241.292 ms batch [3.874] delay 1.937 ms
INFO: at 243.230 ms batch [3.874] delay 1.937 ms
INFO: at 245.167 ms batch [3.874] delay 1.937 ms
INFO: at 247.893 ms batch [3.874] delay 1.937 ms
INFO: at 249.834 ms batch [3.874] delay 1.937 ms
INFO: at 251.772 ms batch [3.874] delay 1.937 ms
INFO: at 253.710 ms batch [3.874] delay 1.937 ms
INFO: at 255.648 ms batch [3.874] delay 1.937 ms
INFO: at 257.585 ms batch [3.874] delay 1.937 ms
INFO: at 259.523 ms batch [3.874] delay 1.937 ms
INFO: at 261.461 ms batch [3.874] delay 1.761 ms
INFO: at 263.223 ms batch [3.874] delay 1.761 ms
INFO: at 264.985 ms batch [3.874] delay 1.761 ms
INFO: at 266.750 ms batch [3.874] delay 1.761 ms
INFO: at 268.512 ms batch [3.874] delay 1.761 ms
INFO: at 270.277 ms batch [3.874] delay 1.761 ms
INFO: at 272.039 ms batch [3.874] delay 1.761 ms
INFO: at 273.801 ms batch [3.874] delay 1.761 ms
INFO: at 275.563 ms batch [3.874] delay 1.761 ms
INFO: at 277.324 ms batch [3.874] delay 1.761 ms
INFO: at 279.089 ms batch [3.874] delay 1.761 ms
INFO: at 280.851 ms batch [3.874] delay 2.152 ms
INFO: at 283.004 ms batch [3.874] delay 2.152 ms
INFO: at 285.157 ms batch [3.874] delay 2.152 ms
INFO: at 287.311 ms batch [3.874] delay 2.152 ms
INFO: at 289.464 ms batch [3.874] delay 2.152 ms
INFO: at 291.617 ms batch [3.874] delay 2.152 ms
INFO: at 293.770 ms batch [3.874] delay 2.152 ms
INFO: at 295.923 ms batch [3.874] delay 2.152 ms
INFO: at 298.076 ms batch [3.874] delay 2.152 ms
INFO: at 300.229 ms batch [3.874] delay 1.490 ms
INFO: at 301.724 ms batch [3.874] delay 1.490 ms
INFO: at 303.214 ms batch [3.874] delay 1.490 ms
INFO: at 304.705 ms batch [3.874] delay 1.490 ms
INFO: at 306.196 ms batch [3.874] delay 1.490 ms
INFO: at 307.688 ms batch [3.874] delay 1.490 ms
INFO: at 309.179 ms batch [3.874] delay 1.490 ms
INFO: at 310.671 ms batch [3.874] delay 1.490 ms
INFO: at 312.161 ms batch [3.874] delay 1.490 ms
INFO: at 313.652 ms batch [3.874] delay 1.490 ms
INFO: at 315.143 ms batch [3.874] delay 1.490 ms
INFO: at 316.634 ms batch [3.874] delay 1.490 ms
INFO: at 318.124 ms batch [3.874] delay 1.490 ms
INFO: at 319.620 ms batch [3.874] delay 2.152 ms
INFO: at 321.775 ms batch [3.874] delay 2.152 ms
INFO: at 323.928 ms batch [3.874] delay 2.152 ms
INFO: at 326.081 ms batch [3.874] delay 2.152 ms
INFO: at 328.234 ms batch [3.874] delay 2.152 ms
INFO: at 330.387 ms batch [3.874] delay 2.152 ms
INFO: at 332.540 ms batch [3.874] delay 2.152 ms
INFO: at 334.693 ms batch [3.874] delay 2.152 ms
INFO: at 336.846 ms batch [3.874] delay 2.152 ms
INFO: at 339.000 ms batch [3.874] delay 3.229 ms
INFO: at 342.230 ms batch [3.874] delay 3.229 ms
INFO: at 345.459 ms batch [3.874] delay 3.229 ms
INFO: at 348.688 ms batch [3.874] delay 3.229 ms
INFO: at 351.921 ms batch [3.874] delay 3.229 ms
INFO: at 355.150 ms batch [3.874] delay 3.229 ms
INFO: at 358.380 ms batch [3.874] delay 2.152 ms
INFO: at 360.532 ms batch [3.874] delay 2.152 ms
INFO: at 362.686 ms batch [3.874] delay 2.152 ms
INFO: at 364.839 ms batch [3.874] delay 2.152 ms
INFO: at 366.992 ms batch [3.874] delay 2.152 ms
INFO: at 369.145 ms batch [3.874] delay 2.152 ms
INFO: at 371.298 ms batch [3.874] delay 2.152 ms
INFO: at 373.451 ms batch [3.874] delay 2.152 ms
INFO: at 375.604 ms batch [3.874] delay 2.152 ms
INFO: at 377.757 ms batch [3.874] delay 2.152 ms
INFO: at 379.910 ms batch [3.874] delay 2.152 ms
INFO: at 382.063 ms batch [3.874] delay 2.152 ms
INFO: at 384.216 ms batch [3.874] delay 2.152 ms
INFO: at 386.369 ms batch [3.874] delay 2.152 ms
INFO: at 388.523 ms batch [3.874] delay 2.152 ms
INFO: at 390.676 ms batch [3.874] delay 2.152 ms
INFO: at 392.829 ms batch [3.874] delay 2.152 ms
INFO: at 394.983 ms batch [3.874] delay 2.152 ms
INFO: at 397.136 ms batch [3.874] delay 3.229 ms
INFO: at 400.365 ms batch [3.874] delay 3.229 ms
INFO: at 403.595 ms batch [3.874] delay 3.229 ms
INFO: at 406.824 ms batch [3.874] delay 3.229 ms
INFO: at 410.054 ms batch [3.874] delay 3.229 ms
INFO: at 413.283 ms batch [3.874] delay 3.229 ms
INFO: at 416.512 ms batch [3.874] delay 1.761 ms
INFO: at 418.274 ms batch [3.874] delay 1.761 ms
INFO: at 420.036 ms batch [3.874] delay 1.761 ms
INFO: at 421.797 ms batch [3.874] delay 1.761 ms
INFO: at 423.559 ms batch [3.874] delay 1.761 ms
INFO: at 425.321 ms batch [3.874] delay 1.761 ms
INFO: at 427.083 ms batch [3.874] delay 1.761 ms
INFO: at 428.845 ms batch [3.874] delay 1.761 ms
INFO: at 430.606 ms batch [3.874] delay 1.761 ms
INFO: at 432.368 ms batch [3.874] delay 1.761 ms
INFO: at 434.130 ms batch [3.874] delay 1.761 ms
INFO: at 435.892 ms batch [3.874] delay 1.937 ms
INFO: at 437.829 ms batch [3.874] delay 1.937 ms
INFO: at 439.768 ms batch [3.874] delay 1.937 ms
INFO: at 441.705 ms batch [3.874] delay 1.937 ms
INFO: at 443.643 ms batch [3.874] delay 1.937 ms
INFO: at 445.581 ms batch [3.874] delay 1.937 ms
INFO: at 447.519 ms batch [3.874] delay 1.937 ms
INFO: at 449.457 ms batch [3.874] delay 1.937 ms
INFO: at 451.395 ms batch [3.874] delay 1.937 ms
INFO: at 453.336 ms batch [3.874] delay 1.937 ms
INFO: at 455.275 ms batch [3.874] delay 1.761 ms
INFO: at 457.037 ms batch [3.874] delay 1.761 ms
INFO: at 458.798 ms batch [3.874] delay 1.761 ms
INFO: at 460.560 ms batch [3.874] delay 1.761 ms
INFO: at 462.323 ms batch [3.874] delay 1.761 ms
INFO: at 464.085 ms batch [3.874] delay 1.761 ms
INFO: at 465.846 ms batch [3.874] delay 1.761 ms
INFO: at 467.608 ms batch [3.874] delay 1.761 ms
INFO: at 469.370 ms batch [3.874] delay 1.761 ms
INFO: at 471.132 ms batch [3.874] delay 1.761 ms
INFO: at 472.893 ms batch [3.874] delay 1.761 ms
INFO: at 474.655 ms batch [3.874] delay 1.761 ms
INFO: at 476.417 ms batch [3.874] delay 1.761 ms
INFO: at 478.179 ms batch [3.874] delay 1.761 ms
INFO: at 479.941 ms batch [3.874] delay 1.761 ms
INFO: at 481.703 ms batch [3.874] delay 1.761 ms
INFO: at 483.464 ms batch [3.874] delay 1.761 ms
INFO: at 485.226 ms batch [3.874] delay 1.761 ms
INFO: at 486.988 ms batch [3.874] delay 1.761 ms
INFO: at 488.750 ms batch [3.874] delay 1.761 ms
INFO: at 490.512 ms batch [3.874] delay 1.761 ms
INFO: at 492.273 ms batch [3.874] delay 1.761 ms
INFO: at 494.035 ms batch [3.874] delay 1.384 ms
INFO: at 495.420 ms batch [3.874] delay 1.384 ms
INFO: at 496.804 ms batch [3.874] delay 1.384 ms
INFO: at 498.189 ms batch [3.874] delay 1.384 ms
INFO: at 499.573 ms batch [3.874] delay 1.384 ms
INFO: at 500.957 ms batch [3.874] delay 1.384 ms
INFO: at 502.341 ms batch [3.874] delay 1.384 ms
INFO: at 503.726 ms batch [3.874] delay 1.384 ms
INFO: at 505.110 ms batch [3.874] delay 1.384 ms
INFO: at 506.494 ms batch [3.874] delay 1.384 ms
INFO: at 507.879 ms batch [3.874] delay 1.384 ms
INFO: at 509.263 ms batch [3.874] delay 1.384 ms
INFO: at 510.648 ms batch [3.874] delay 1.384 ms
INFO: at 512.032 ms batch [3.874] delay 1.384 ms
INFO: at 513.417 ms batch [3.874] delay 1.937 ms
INFO: at 515.355 ms batch [3.874] delay 1.937 ms
INFO: at 517.293 ms batch [3.874] delay 1.937 ms
INFO: at 519.231 ms batch [3.874] delay 1.937 ms
INFO: at 521.168 ms batch [3.874] delay 1.937 ms
INFO: at 523.106 ms batch [3.874] delay 1.937 ms
INFO: at 525.044 ms batch [3.874] delay 1.937 ms
INFO: at 526.983 ms batch [3.874] delay 1.937 ms
INFO: at 528.921 ms batch [3.874] delay 1.937 ms
INFO: at 530.858 ms batch [3.874] delay 1.937 ms
INFO: at 532.796 ms batch [3.874] delay 1.614 ms
INFO: at 534.411 ms batch [3.874] delay 1.614 ms
INFO: at 536.026 ms batch [3.874] delay 1.614 ms
INFO: at 537.641 ms batch [3.874] delay 1.614 ms
INFO: at 539.256 ms batch [3.874] delay 1.614 ms
INFO: at 540.871 ms batch [3.874] delay 1.614 ms
INFO: at 542.486 ms batch [3.874] delay 1.614 ms
INFO: at 544.101 ms batch [3.874] delay 1.614 ms
INFO: at 545.716 ms batch [3.874] delay 1.614 ms
INFO: at 547.331 ms batch [3.874] delay 1.614 ms
INFO: at 548.946 ms batch [3.874] delay 1.614 ms
INFO: at 550.561 ms batch [3.874] delay 1.614 ms
INFO: at 552.176 ms batch [3.874] delay 1.937 ms
INFO: at 554.113 ms batch [3.874] delay 1.937 ms
INFO: at 556.051 ms batch [3.874] delay 1.937 ms
INFO: at 557.989 ms batch [3.874] delay 1.937 ms
INFO: at 559.926 ms batch [3.874] delay 1.937 ms
INFO: at 561.864 ms batch [3.874] delay 1.937 ms
INFO: at 563.802 ms batch [3.874] delay 1.937 ms
INFO: at 565.740 ms batch [3.874] delay 1.937 ms
INFO: at 567.678 ms batch [3.874] delay 1.937 ms
INFO: at 569.616 ms batch [3.874] delay 1.937 ms
INFO: at 571.554 ms batch [3.874] delay 2.152 ms
INFO: at 573.707 ms batch [3.874] delay 2.152 ms
INFO: at 575.860 ms batch [3.874] delay 2.152 ms
INFO: at 578.013 ms batch [3.874] delay 2.152 ms
INFO: at 580.166 ms batch [3.874] delay 2.152 ms
INFO: at 582.319 ms batch [3.874] delay 2.152 ms
INFO: at 584.472 ms batch [3.874] delay 2.152 ms
INFO: at 586.625 ms batch [3.874] delay 2.152 ms
INFO: at 588.778 ms batch [3.874] delay 2.152 ms
INFO: at 590.931 ms batch [3.874] delay 2.421 ms
INFO: at 593.353 ms batch [3.874] delay 2.421 ms
INFO: at 595.775 ms batch [3.874] delay 2.421 ms
INFO: at 598.197 ms batch [3.874] delay 2.421 ms
INFO: at 600.620 ms batch [3.874] delay 2.421 ms
INFO: at 603.042 ms batch [3.874] delay 2.421 ms
INFO: at 605.464 ms batch [3.874] delay 2.421 ms
INFO: at 607.886 ms batch [3.874] delay 2.421 ms
INFO: at 610.308 ms batch [3.874] delay 2.767 ms
INFO: at 613.076 ms batch [3.874] delay 2.767 ms
INFO: at 615.844 ms batch [3.874] delay 2.767 ms
INFO: at 618.612 ms batch [3.874] delay 2.767 ms
INFO: at 621.380 ms batch [3.874] delay 2.767 ms
INFO: at 624.148 ms batch [3.874] delay 2.767 ms
INFO: at 626.916 ms batch [3.874] delay 2.767 ms
INFO: at 629.684 ms batch [3.874] delay 2.152 ms
INFO: at 631.837 ms batch [3.874] delay 2.152 ms
INFO: at 633.990 ms batch [3.874] delay 2.152 ms
INFO: at 636.143 ms batch [3.874] delay 2.152 ms
INFO: at 638.296 ms batch [3.874] delay 2.152 ms
INFO: at 640.449 ms batch [3.874] delay 2.152 ms
INFO: at 642.602 ms batch [3.874] delay 2.152 ms
INFO: at 644.755 ms batch [3.874] delay 2.152 ms
INFO: at 646.908 ms batch [3.874] delay 2.152 ms
INFO: at 649.061 ms batch [3.874] delay 2.767 ms
INFO: at 651.829 ms batch [3.874] delay 2.767 ms
INFO: at 654.598 ms batch [3.874] delay 2.767 ms
INFO: at 657.366 ms batch [3.874] delay 2.767 ms
INFO: at 660.134 ms batch [3.874] delay 2.767 ms
INFO: at 662.902 ms batch [3.874] delay 2.767 ms
INFO: at 665.670 ms batch [3.874] delay 2.767 ms
INFO: at 668.438 ms batch [3.874] delay 1.614 ms
INFO: at 670.053 ms batch [3.874] delay 1.614 ms
INFO: at 671.668 ms batch [3.874] delay 1.614 ms
INFO: at 673.283 ms batch [3.874] delay 1.614 ms
INFO: at 674.898 ms batch [3.874] delay 1.614 ms
INFO: at 676.513 ms batch [3.874] delay 1.614 ms
INFO: at 678.128 ms batch [3.874] delay 1.614 ms
INFO: at 679.743 ms batch [3.874] delay 1.614 ms
INFO: at 681.358 ms batch [3.874] delay 1.614 ms
INFO: at 682.973 ms batch [3.874] delay 1.614 ms
INFO: at 684.588 ms batch [3.874] delay 1.614 ms
INFO: at 686.203 ms batch [3.874] delay 1.614 ms
INFO: at 687.818 ms batch [3.874] delay 2.152 ms
INFO: at 689.971 ms batch [3.874] delay 2.152 ms
INFO: at 692.124 ms batch [3.874] delay 2.152 ms
INFO: at 694.277 ms batch [3.874] delay 2.152 ms
INFO: at 696.430 ms batch [3.874] delay 2.152 ms
INFO: at 698.583 ms batch [3.874] delay 2.152 ms
INFO: at 700.738 ms batch [3.874] delay 2.152 ms
INFO: at 702.891 ms batch [3.874] delay 2.152 ms
INFO: at 705.044 ms batch [3.874] delay 2.152 ms
INFO: at 707.197 ms batch [3.874] delay 2.152 ms
INFO: at 709.351 ms batch [3.874] delay 2.152 ms
INFO: at 711.505 ms batch [3.874] delay 2.152 ms
INFO: at 713.658 ms batch [3.874] delay 2.152 ms
INFO: at 715.811 ms batch [3.874] delay 2.152 ms
INFO: at 717.964 ms batch [3.874] delay 2.152 ms
INFO: at 720.117 ms batch [3.874] delay 2.152 ms
INFO: at 722.270 ms batch [3.874] delay 2.152 ms
INFO: at 724.423 ms batch [3.874] delay 2.152 ms
INFO: at 726.576 ms batch [3.874] delay 2.421 ms
INFO: at 728.999 ms batch [3.874] delay 2.421 ms
INFO: at 731.421 ms batch [3.874] delay 2.421 ms
INFO: at 733.843 ms batch [3.874] delay 2.421 ms
INFO: at 736.265 ms batch [3.874] delay 2.421 ms
INFO: at 738.688 ms batch [3.874] delay 2.421 ms
INFO: at 741.110 ms batch [3.874] delay 2.421 ms
INFO: at 743.532 ms batch [3.874] delay 2.421 ms
INFO: at 745.954 ms batch [3.874] delay 2.421 ms
INFO: at 748.376 ms batch [3.874] delay 2.421 ms
INFO: at 750.798 ms batch [3.874] delay 2.421 ms
INFO: at 753.220 ms batch [3.874] delay 2.421 ms
INFO: at 755.642 ms batch [3.874] delay 2.421 ms
INFO: at 758.065 ms batch [3.874] delay 2.421 ms
INFO: at 760.487 ms batch [3.874] delay 2.421 ms
INFO: at 762.909 ms batch [3.874] delay 2.421 ms
INFO: at 765.331 ms batch [3.874] delay 0.668 ms
INFO: at 766.000 ms batch [3.874] delay 0.668 ms
INFO: at 766.668 ms batch [3.874] delay 0.668 ms
INFO: at 767.337 ms batch [3.874] delay 0.668 ms
INFO: at 768.006 ms batch [3.874] delay 0.668 ms
INFO: at 768.674 ms batch [3.874] delay 0.668 ms
INFO: at 769.343 ms batch [3.874] delay 0.668 ms
INFO: at 770.011 ms batch [3.874] delay 0.668 ms
INFO: at 770.680 ms batch [3.874] delay 0.668 ms
INFO: at 771.354 ms batch [3.874] delay 0.668 ms
INFO: at 772.022 ms batch [3.874] delay 0.668 ms
INFO: at 772.691 ms batch [3.874] delay 0.668 ms
INFO: at 773.360 ms batch [3.874] delay 0.668 ms
INFO: at 774.028 ms batch [3.874] delay 0.668 ms
INFO: at 774.697 ms batch [3.874] delay 0.668 ms
INFO: at 775.366 ms batch [3.874] delay 0.668 ms
INFO: at 776.034 ms batch [3.874] delay 0.668 ms
INFO: at 776.703 ms batch [3.874] delay 0.668 ms
INFO: at 777.372 ms batch [3.874] delay 0.668 ms
INFO: at 778.041 ms batch [3.874] delay 0.668 ms
INFO: at 778.709 ms batch [3.874] delay 0.668 ms
INFO: at 779.378 ms batch [3.874] delay 0.668 ms
INFO: at 780.047 ms batch [3.874] delay 0.668 ms
INFO: at 780.715 ms batch [3.874] delay 0.668 ms
INFO: at 781.384 ms batch [3.874] delay 0.668 ms
INFO: at 782.053 ms batch [3.874] delay 0.668 ms
INFO: at 782.721 ms batch [3.874] delay 0.668 ms
INFO: at 783.390 ms batch [3.874] delay 0.668 ms
INFO: at 784.058 ms batch [3.874] delay 0.668 ms
INFO: at 784.727 ms batch [3.874] delay 1.761 ms
INFO: at 786.489 ms batch [3.874] delay 1.761 ms
INFO: at 788.250 ms batch [3.874] delay 1.761 ms
INFO: at 790.012 ms batch [3.874] delay 1.761 ms
INFO: at 791.774 ms batch [3.874] delay 1.761 ms
INFO: at 793.536 ms batch [3.874] delay 1.761 ms
INFO: at 795.297 ms batch [3.874] delay 1.761 ms
INFO: at 797.059 ms batch [3.874] delay 1.761 ms
INFO: at 798.821 ms batch [3.874] delay 1.761 ms
INFO: at 800.583 ms batch [3.874] delay 1.761 ms
INFO: at 802.346 ms batch [3.874] delay 1.761 ms
INFO: at 804.108 ms batch [3.874] delay 1.937 ms
INFO: at 806.046 ms batch [3.874] delay 1.937 ms
INFO: at 807.984 ms batch [3.874] delay 1.937 ms
INFO: at 809.922 ms batch [3.874] delay 1.937 ms
INFO: at 811.860 ms batch [3.874] delay 1.937 ms
INFO: at 813.797 ms batch [3.874] delay 1.937 ms
INFO: at 815.735 ms batch [3.874] delay 1.937 ms
INFO: at 817.673 ms batch [3.874] delay 1.937 ms
INFO: at 819.611 ms batch [3.874] delay 1.937 ms
INFO: at 821.548 ms batch [3.874] delay 1.937 ms
INFO: at 823.486 ms batch [3.874] delay 2.421 ms
INFO: at 825.908 ms batch [3.874] delay 2.421 ms
INFO: at 828.330 ms batch [3.874] delay 2.421 ms
INFO: at 830.752 ms batch [3.874] delay 2.421 ms
INFO: at 833.174 ms batch [3.874] delay 2.421 ms
INFO: at 835.596 ms batch [3.874] delay 2.421 ms
INFO: at 838.019 ms batch [3.874] delay 2.421 ms
INFO: at 840.441 ms batch [3.874] delay 2.421 ms
INFO: at 842.863 ms batch [3.874] delay 1.291 ms
INFO: at 844.155 ms batch [3.874] delay 1.291 ms
INFO: at 845.447 ms batch [3.874] delay 1.291 ms
INFO: at 846.739 ms batch [3.874] delay 1.291 ms
INFO: at 848.031 ms batch [3.874] delay 1.291 ms
INFO: at 849.323 ms batch [3.874] delay 1.291 ms
INFO: at 850.615 ms batch [3.874] delay 1.291 ms
INFO: at 851.907 ms batch [3.874] delay 1.291 ms
INFO: at 853.200 ms batch [3.874] delay 1.291 ms
INFO: at 854.492 ms batch [3.874] delay 1.291 ms
INFO: at 855.784 ms batch [3.874] delay 1.291 ms
INFO: at 857.076 ms batch [3.874] delay 1.291 ms
INFO: at 858.368 ms batch [3.874] delay 1.291 ms
INFO: at 859.661 ms batch [3.874] delay 1.291 ms
INFO: at 860.953 ms batch [3.874] delay 1.291 ms
INFO: at 862.245 ms batch [3.874] delay 1.761 ms
INFO: at 864.006 ms batch [3.874] delay 1.761 ms
INFO: at 865.768 ms batch [3.874] delay 1.761 ms
INFO: at 867.530 ms batch [3.874] delay 1.761 ms
INFO: at 869.292 ms batch [3.874] delay 1.761 ms
INFO: at 871.054 ms batch [3.874] delay 1.761 ms
INFO: at 872.815 ms batch [3.874] delay 1.761 ms
INFO: at 874.577 ms batch [3.874] delay 1.761 ms
INFO: at 876.339 ms batch [3.874] delay 1.761 ms
INFO: at 878.100 ms batch [3.874] delay 1.761 ms
INFO: at 879.862 ms batch [3.874] delay 1.761 ms
INFO: at 881.624 ms batch [3.874] delay 1.761 ms
INFO: at 883.385 ms batch [3.874] delay 1.761 ms
INFO: at 885.147 ms batch [3.874] delay 1.761 ms
INFO: at 886.909 ms batch [3.874] delay 1.761 ms
INFO: at 888.670 ms batch [3.874] delay 1.761 ms
INFO: at 890.433 ms batch [3.874] delay 1.761 ms
INFO: at 892.195 ms batch [3.874] delay 1.761 ms
INFO: at 893.957 ms batch [3.874] delay 1.761 ms
INFO: at 895.719 ms batch [3.874] delay 1.761 ms
INFO: at 897.480 ms batch [3.874] delay 1.761 ms
INFO: at 899.242 ms batch [3.874] delay 1.761 ms
INFO: at 901.004 ms batch [3.874] delay 2.152 ms
INFO: at 903.157 ms batch [3.874] delay 2.152 ms
INFO: at 905.310 ms batch [3.874] delay 2.152 ms
INFO: at 907.464 ms batch [3.874] delay 2.152 ms
INFO: at 909.618 ms batch [3.874] delay 2.152 ms
INFO: at 911.771 ms batch [3.874] delay 2.152 ms
INFO: at 913.924 ms batch [3.874] delay 2.152 ms
INFO: at 916.078 ms batch [3.874] delay 2.152 ms
INFO: at 918.231 ms batch [3.874] delay 2.152 ms
INFO: at 920.384 ms batch [3.874] delay 2.152 ms
INFO: at 922.538 ms batch [3.874] delay 2.152 ms
INFO: at 924.691 ms batch [3.874] delay 2.152 ms
INFO: at 926.844 ms batch [3.874] delay 2.152 ms
INFO: at 928.997 ms batch [3.874] delay 2.152 ms
INFO: at 931.150 ms batch [3.874] delay 2.152 ms
INFO: at 933.303 ms batch [3.874] delay 2.152 ms
INFO: at 935.456 ms batch [3.874] delay 2.152 ms
INFO: at 937.609 ms batch [3.874] delay 2.152 ms
INFO: at 939.763 ms batch [3.874] delay 1.614 ms
INFO: at 941.378 ms batch [3.874] delay 1.614 ms
INFO: at 942.993 ms batch [3.874] delay 1.614 ms
INFO: at 944.608 ms batch [3.874] delay 1.614 ms
INFO: at 946.223 ms batch [3.874] delay 1.614 ms
INFO: at 947.839 ms batch [3.874] delay 1.614 ms
INFO: at 949.454 ms batch [3.874] delay 1.614 ms
INFO: at 951.068 ms batch [3.874] delay 1.614 ms
INFO: at 952.684 ms batch [3.874] delay 1.614 ms
INFO: at 954.299 ms batch [3.874] delay 1.614 ms
INFO: at 955.914 ms batch [3.874] delay 1.614 ms
INFO: at 957.529 ms batch [3.874] delay 1.614 ms
INFO: at 959.144 ms batch [3.874] delay 2.152 ms
INFO: at 961.297 ms batch [3.874] delay 2.152 ms
INFO: at 963.450 ms batch [3.874] delay 2.152 ms
INFO: at 965.603 ms batch [3.874] delay 2.152 ms
INFO: at 967.756 ms batch [3.874] delay 2.152 ms
INFO: at 969.909 ms batch [3.874] delay 2.152 ms
INFO: at 972.062 ms batch [3.874] delay 2.152 ms
INFO: at 974.215 ms batch [3.874] delay 2.152 ms
INFO: at 976.368 ms batch [3.874] delay 2.152 ms
INFO: at 978.521 ms batch [3.874] delay 1.937 ms
INFO: at 980.459 ms batch [3.874] delay 1.937 ms
INFO: at 982.397 ms batch [3.874] delay 1.937 ms
INFO: at 984.335 ms batch [3.874] delay 1.937 ms
INFO: at 986.273 ms batch [3.874] delay 1.937 ms
INFO: at 988.212 ms batch [3.874] delay 1.937 ms
INFO: at 990.150 ms batch [3.874] delay 1.937 ms
INFO: at 992.088 ms batch [3.874] delay 1.937 ms
INFO: at 994.025 ms batch [3.874] delay 1.937 ms
INFO: at 995.963 ms batch [3.874] delay 1.937 ms
INFO: at 997.901 ms batch [3.874] delay 1.490 ms
INFO: at 999.392 ms batch [3.874] delay 1.490 ms
INFO: at 1000.883 ms batch [3.874] delay 1.490 ms
INFO: at 1002.374 ms batch [3.874] delay 1.490 ms
INFO: at 1003.864 ms batch [3.874] delay 1.490 ms
INFO: at 1005.355 ms batch [3.874] delay 1.490 ms
INFO: at 1006.846 ms batch [3.874] delay 1.490 ms
INFO: at 1008.337 ms batch [3.874] delay 1.490 ms
INFO: at 1009.827 ms batch [3.874] delay 1.490 ms
INFO: at 1011.318 ms batch [3.874] delay 1.490 ms
INFO: at 1012.809 ms batch [3.874] delay 1.490 ms
INFO: at 1014.300 ms batch [3.874] delay 1.490 ms
INFO: at 1015.790 ms batch [3.874] delay 1.490 ms
INFO: at 1017.281 ms batch [3.874] delay 2.421 ms
INFO: at 1019.703 ms batch [3.874] delay 2.421 ms
INFO: at 1022.126 ms batch [3.874] delay 2.421 ms
INFO: at 1024.548 ms batch [3.874] delay 2.421 ms
INFO: at 1026.970 ms batch [3.874] delay 2.421 ms
INFO: at 1029.392 ms batch [3.874] delay 2.421 ms
INFO: at 1031.814 ms batch [3.874] delay 2.421 ms
INFO: at 1034.237 ms batch [3.874] delay 2.421 ms
INFO: at 1036.660 ms batch [3.874] delay 1.937 ms
INFO: at 1038.598 ms batch [3.874] delay 1.937 ms
INFO: at 1040.536 ms batch [3.874] delay 1.937 ms
INFO: at 1042.473 ms batch [3.874] delay 1.937 ms
INFO: at 1044.411 ms batch [3.874] delay 1.937 ms
INFO: at 1046.349 ms batch [3.874] delay 1.937 ms
INFO: at 1048.287 ms batch [3.874] delay 1.937 ms
INFO: at 1050.225 ms batch [3.874] delay 1.937 ms
INFO: at 1052.163 ms batch [3.874] delay 1.937 ms
INFO: at 1054.101 ms batch [3.874] delay 1.937 ms
INFO: at 1056.039 ms batch [3.874] delay 2.767 ms
INFO: at 1058.807 ms batch [3.874] delay 2.767 ms
INFO: at 1061.575 ms batch [3.874] delay 2.767 ms
INFO: at 1064.343 ms batch [3.874] delay 2.767 ms
INFO: at 1067.111 ms batch [3.874] delay 2.767 ms
INFO: at 1069.879 ms batch [3.874] delay 2.767 ms
INFO: at 1072.647 ms batch [3.874] delay 2.767 ms
INFO: at 1075.415 ms batch [3.874] delay 1.937 ms
INFO: at 1077.353 ms batch [3.874] delay 1.937 ms
INFO: at 1079.291 ms batch [3.874] delay 1.937 ms
INFO: at 1081.229 ms batch [3.874] delay 1.937 ms
INFO: at 1083.166 ms batch [3.874] delay 1.937 ms
INFO: at 1085.104 ms batch [3.874] delay 1.937 ms
INFO: at 1087.042 ms batch [3.874] delay 1.937 ms
INFO: at 1088.981 ms batch [3.874] delay 1.937 ms
INFO: at 1090.919 ms batch [3.874] delay 1.937 ms
INFO: at 1092.857 ms batch [3.874] delay 1.937 ms
INFO: at 1094.795 ms batch [3.874] delay 2.421 ms
INFO: at 1097.217 ms batch [3.874] delay 2.421 ms
INFO: at 1099.639 ms batch [3.874] delay 2.421 ms
INFO: at 1102.061 ms batch [3.874] delay 2.421 ms
INFO: at 1104.483 ms batch [3.874] delay 2.421 ms
INFO: at 1106.905 ms batch [3.874] delay 2.421 ms
INFO: at 1109.328 ms batch [3.874] delay 2.421 ms
INFO: at 1111.750 ms batch [3.874] delay 2.421 ms
INFO: at 1114.172 ms batch [3.874] delay 1.761 ms
INFO: at 1115.933 ms batch [3.874] delay 1.761 ms
INFO: at 1117.695 ms batch [3.874] delay 1.761 ms
INFO: at 1119.457 ms batch [3.874] delay 1.761 ms
INFO: at 1121.219 ms batch [3.874] delay 1.761 ms
INFO: at 1122.980 ms batch [3.874] delay 1.761 ms
INFO: at 1124.742 ms batch [3.874] delay 1.761 ms
INFO: at 1126.504 ms batch [3.874] delay 1.761 ms
INFO: at 1128.266 ms batch [3.874] delay 1.761 ms
INFO: at 1130.027 ms batch [3.874] delay 1.761 ms
INFO: at 1131.789 ms batch [3.874] delay 1.761 ms
INFO: at 1133.551 ms batch [3.874] delay 1.937 ms
INFO: at 1135.489 ms batch [3.874] delay 1.937 ms
INFO: at 1137.427 ms batch [3.874] delay 1.937 ms
INFO: at 1139.364 ms batch [3.874] delay 1.937 ms
INFO: at 1141.302 ms batch [3.874] delay 1.937 ms
INFO: at 1143.240 ms batch [3.874] delay 1.937 ms
INFO: at 1145.178 ms batch [3.874] delay 1.937 ms
INFO: at 1147.115 ms batch [3.874] delay 1.937 ms
INFO: at 1149.053 ms batch [3.874] delay 1.937 ms
INFO: at 1150.991 ms batch [3.874] delay 1.937 ms
INFO: at 1152.929 ms batch [3.874] delay 2.152 ms
INFO: at 1155.082 ms batch [3.874] delay 2.152 ms
INFO: at 1157.248 ms batch [3.874] delay 2.152 ms
INFO: at 1159.403 ms batch [3.874] delay 2.152 ms
INFO: at 1161.556 ms batch [3.874] delay 2.152 ms
INFO: at 1163.709 ms batch [3.874] delay 2.152 ms
INFO: at 1165.862 ms batch [3.874] delay 2.152 ms
INFO: at 1168.016 ms batch [3.874] delay 2.152 ms
INFO: at 1170.169 ms batch [3.874] delay 2.152 ms
INFO: at 1172.322 ms batch [3.874] delay 1.937 ms
INFO: at 1174.260 ms batch [3.874] delay 1.937 ms
INFO: at 1176.198 ms batch [3.874] delay 1.937 ms
INFO: at 1178.136 ms batch [3.874] delay 1.937 ms
INFO: at 1180.074 ms batch [3.874] delay 1.937 ms
INFO: at 1182.012 ms batch [3.874] delay 1.937 ms
INFO: at 1183.950 ms batch [3.874] delay 1.937 ms
INFO: at 1185.887 ms batch [3.874] delay 1.937 ms
INFO: at 1187.825 ms batch [3.874] delay 1.937 ms
INFO: at 1189.764 ms batch [3.874] delay 1.937 ms
INFO: at 1191.702 ms batch [3.874] delay 1.937 ms
INFO: at 1193.640 ms batch [3.874] delay 1.937 ms
INFO: at 1195.578 ms batch [3.874] delay 1.937 ms
INFO: at 1197.515 ms batch [3.874] delay 1.937 ms
INFO: at 1199.453 ms batch [3.874] delay 1.937 ms
INFO: at 1201.391 ms batch [3.874] delay 1.937 ms
INFO: at 1203.329 ms batch [3.874] delay 1.937 ms
INFO: at 1205.267 ms batch [3.874] delay 1.937 ms
INFO: at 1207.205 ms batch [3.874] delay 1.937 ms
INFO: at 1209.143 ms batch [3.874] delay 1.937 ms
INFO: at 1211.080 ms batch [3.874] delay 2.421 ms
INFO: at 1213.502 ms batch [3.874] delay 2.421 ms
INFO: at 1215.925 ms batch [3.874] delay 2.421 ms
INFO: at 1218.347 ms batch [3.874] delay 2.421 ms
INFO: at 1220.769 ms batch [3.874] delay 2.421 ms
INFO: at 1223.191 ms batch [3.874] delay 2.421 ms
INFO: at 1225.613 ms batch [3.874] delay 2.421 ms
INFO: at 1228.036 ms batch [3.874] delay 2.421 ms
INFO: at 1230.458 ms batch [3.874] delay 2.152 ms
INFO: at 1232.611 ms batch [3.874] delay 2.152 ms
INFO: at 1234.764 ms batch [3.874] delay 2.152 ms
INFO: at 1236.917 ms batch [3.874] delay 2.152 ms
INFO: at 1239.070 ms batch [3.874] delay 2.152 ms
INFO: at 1241.223 ms batch [3.874] delay 2.152 ms
INFO: at 1243.376 ms batch [3.874] delay 2.152 ms
INFO: at 1245.529 ms batch [3.874] delay 2.152 ms
INFO: at 1247.682 ms batch [3.874] delay 2.152 ms
INFO: at 1249.835 ms batch [3.874] delay 2.767 ms
INFO: at 1252.604 ms batch [3.874] delay 2.767 ms
INFO: at 1256.316 ms batch [3.874] delay 2.767 ms
INFO: at 1259.085 ms batch [3.874] delay 2.767 ms
INFO: at 1261.853 ms batch [3.874] delay 2.767 ms
INFO: at 1264.621 ms batch [3.874] delay 2.767 ms
INFO: at 1267.389 ms batch [3.874] delay 2.767 ms
INFO: at 1270.157 ms batch [3.874] delay 2.152 ms
INFO: at 1272.310 ms batch [3.874] delay 2.152 ms
INFO: at 1274.463 ms batch [3.874] delay 2.152 ms
INFO: at 1276.616 ms batch [3.874] delay 2.152 ms
INFO: at 1278.769 ms batch [3.874] delay 2.152 ms
INFO: at 1280.922 ms batch [3.874] delay 2.152 ms
INFO: at 1283.075 ms batch [3.874] delay 2.152 ms
INFO: at 1285.229 ms batch [3.874] delay 2.152 ms
INFO: at 1287.382 ms batch [3.874] delay 2.152 ms
INFO: at 1289.535 ms batch [3.874] delay 1.614 ms
INFO: at 1291.150 ms batch [3.874] delay 1.614 ms
INFO: at 1292.765 ms batch [3.874] delay 1.614 ms
INFO: at 1294.380 ms batch [3.874] delay 1.614 ms
INFO: at 1295.995 ms batch [3.874] delay 1.614 ms
INFO: at 1297.610 ms batch [3.874] delay 1.614 ms
INFO: at 1299.226 ms batch [3.874] delay 1.614 ms
INFO: at 1300.842 ms batch [3.874] delay 1.614 ms
INFO: at 1302.457 ms batch [3.874] delay 1.614 ms
INFO: at 1304.072 ms batch [3.874] delay 1.614 ms
INFO: at 1305.687 ms batch [3.874] delay 1.614 ms
INFO: at 1307.302 ms batch [3.874] delay 1.614 ms
INFO: at 1308.917 ms batch [3.874] delay 1.761 ms
INFO: at 1310.679 ms batch [3.874] delay 1.761 ms
INFO: at 1312.440 ms batch [3.874] delay 1.761 ms
INFO: at 1314.202 ms batch [3.874] delay 1.761 ms
INFO: at 1315.964 ms batch [3.874] delay 1.761 ms
INFO: at 1317.725 ms batch [3.874] delay 1.761 ms
INFO: at 1319.487 ms batch [3.874] delay 1.761 ms
INFO: at 1321.249 ms batch [3.874] delay 1.761 ms
INFO: at 1323.010 ms batch [3.874] delay 1.761 ms
INFO: at 1324.772 ms batch [3.874] delay 1.761 ms
INFO: at 1326.534 ms batch [3.874] delay 1.761 ms
INFO: at 1328.296 ms batch [3.874] delay 1.614 ms
INFO: at 1329.911 ms batch [3.874] delay 1.614 ms
INFO: at 1331.526 ms batch [3.874] delay 1.614 ms
INFO: at 1333.141 ms batch [3.874] delay 1.614 ms
INFO: at 1334.756 ms batch [3.874] delay 1.614 ms
INFO: at 1336.371 ms batch [3.874] delay 1.614 ms
INFO: at 1337.986 ms batch [3.874] delay 1.614 ms
INFO: at 1339.601 ms batch [3.874] delay 1.614 ms
INFO: at 1341.216 ms batch [3.874] delay 1.614 ms
INFO: at 1342.831 ms batch [3.874] delay 1.614 ms
INFO: at 1344.446 ms batch [3.874] delay 1.614 ms
INFO: at 1346.061 ms batch [3.874] delay 1.614 ms
INFO: at 1347.676 ms batch [3.874] delay 1.614 ms
INFO: at 1349.291 ms batch [3.874] delay 1.614 ms
INFO: at 1350.906 ms batch [3.874] delay 1.614 ms
INFO: at 1352.521 ms batch [3.874] delay 1.614 ms
INFO: at 1354.136 ms batch [3.874] delay 1.614 ms
INFO: at 1355.751 ms batch [3.874] delay 1.614 ms
INFO: at 1357.366 ms batch [3.874] delay 1.614 ms
INFO: at 1358.980 ms batch [3.874] delay 1.614 ms
INFO: at 1360.595 ms batch [3.874] delay 1.614 ms
INFO: at 1362.210 ms batch [3.874] delay 1.614 ms
INFO: at 1363.825 ms batch [3.874] delay 1.614 ms
INFO: at 1365.440 ms batch [3.874] delay 1.614 ms
INFO: at 1367.055 ms batch [3.874] delay 1.291 ms
INFO: at 1368.347 ms batch [3.874] delay 1.291 ms
INFO: at 1369.639 ms batch [3.874] delay 1.291 ms
INFO: at 1370.931 ms batch [3.874] delay 1.291 ms
INFO: at 1372.223 ms batch [3.874] delay 1.291 ms
INFO: at 1373.515 ms batch [3.874] delay 1.291 ms
INFO: at 1374.807 ms batch [3.874] delay 1.291 ms
INFO: at 1376.100 ms batch [3.874] delay 1.291 ms
INFO: at 1377.392 ms batch [3.874] delay 1.291 ms
INFO: at 1378.686 ms batch [3.874] delay 1.291 ms
INFO: at 1379.978 ms batch [3.874] delay 1.291 ms
INFO: at 1381.270 ms batch [3.874] delay 1.291 ms
INFO: at 1382.562 ms batch [3.874] delay 1.291 ms
INFO: at 1383.854 ms batch [3.874] delay 1.291 ms
INFO: at 1385.146 ms batch [3.874] delay 1.291 ms
INFO: at 1386.438 ms batch [3.874] delay 2.421 ms
INFO: at 1388.861 ms batch [3.874] delay 2.421 ms
INFO: at 1391.283 ms batch [3.874] delay 2.421 ms
INFO: at 1393.705 ms batch [3.874] delay 2.421 ms
INFO: at 1396.127 ms batch [3.874] delay 2.421 ms
INFO: at 1398.551 ms batch [3.874] delay 2.421 ms
INFO: at 1400.973 ms batch [3.874] delay 2.421 ms
INFO: at 1403.395 ms batch [3.874] delay 2.421 ms
INFO: at 1405.817 ms batch [3.874] delay 1.937 ms
INFO: at 1407.756 ms batch [3.874] delay 1.937 ms
INFO: at 1409.694 ms batch [3.874] delay 1.937 ms
INFO: at 1411.631 ms batch [3.874] delay 1.937 ms
INFO: at 1413.570 ms batch [3.874] delay 1.937 ms
INFO: at 1415.508 ms batch [3.874] delay 1.937 ms
INFO: at 1417.446 ms batch [3.874] delay 1.937 ms
INFO: at 1419.384 ms batch [3.874] delay 1.937 ms
INFO: at 1421.322 ms batch [3.874] delay 1.937 ms
INFO: at 1423.260 ms batch [3.874] delay 1.937 ms
INFO: at 1425.197 ms batch [3.874] delay 2.152 ms
INFO: at 1427.350 ms batch [3.874] delay 2.152 ms
INFO: at 1429.503 ms batch [3.874] delay 2.152 ms
INFO: at 1431.656 ms batch [3.874] delay 2.152 ms
INFO: at 1433.809 ms batch [3.874] delay 2.152 ms
INFO: at 1435.962 ms batch [3.874] delay 2.152 ms
INFO: at 1438.115 ms batch [3.874] delay 2.152 ms
INFO: at 1440.268 ms batch [3.874] delay 2.152 ms
INFO: at 1442.421 ms batch [3.874] delay 2.152 ms
INFO: at 1444.574 ms batch [3.874] delay 1.614 ms
INFO: at 1446.190 ms batch [3.874] delay 1.614 ms
INFO: at 1447.805 ms batch [3.874] delay 1.614 ms
INFO: at 1449.420 ms batch [3.874] delay 1.614 ms
INFO: at 1451.034 ms batch [3.874] delay 1.614 ms
INFO: at 1452.649 ms batch [3.874] delay 1.614 ms
INFO: at 1454.264 ms batch [3.874] delay 1.614 ms
INFO: at 1455.879 ms batch [3.874] delay 1.614 ms
INFO: at 1457.494 ms batch [3.874] delay 1.614 ms
INFO: at 1459.109 ms batch [3.874] delay 1.614 ms
INFO: at 1460.724 ms batch [3.874] delay 1.614 ms
INFO: at 1462.339 ms batch [3.874] delay 1.614 ms
INFO: at 1463.955 ms batch [3.874] delay 0.969 ms
INFO: at 1464.924 ms batch [3.874] delay 0.969 ms
INFO: at 1465.894 ms batch [3.874] delay 0.969 ms
INFO: at 1466.863 ms batch [3.874] delay 0.969 ms
INFO: at 1467.832 ms batch [3.874] delay 0.969 ms
INFO: at 1468.802 ms batch [3.874] delay 0.969 ms
INFO: at 1469.771 ms batch [3.874] delay 0.969 ms
INFO: at 1470.740 ms batch [3.874] delay 0.969 ms
INFO: at 1471.709 ms batch [3.874] delay 0.969 ms
INFO: at 1472.678 ms batch [3.874] delay 0.969 ms
INFO: at 1473.648 ms batch [3.874] delay 0.969 ms
INFO: at 1474.617 ms batch [3.874] delay 0.969 ms
INFO: at 1475.586 ms batch [3.874] delay 0.969 ms
INFO: at 1476.556 ms batch [3.874] delay 0.969 ms
INFO: at 1477.525 ms batch [3.874] delay 0.969 ms
INFO: at 1478.494 ms batch [3.874] delay 0.969 ms
INFO: at 1479.463 ms batch [3.874] delay 0.969 ms
INFO: at 1480.433 ms batch [3.874] delay 0.969 ms
INFO: at 1481.402 ms batch [3.874] delay 0.969 ms
INFO: at 1482.371 ms batch [3.874] delay 0.969 ms
INFO: at 1483.341 ms batch [3.874] delay 1.761 ms
INFO: at 1485.102 ms batch [3.874] delay 1.761 ms
INFO: at 1486.864 ms batch [3.874] delay 1.761 ms
INFO: at 1488.626 ms batch [3.874] delay 1.761 ms
INFO: at 1490.387 ms batch [3.874] delay 1.761 ms
INFO: at 1492.149 ms batch [3.874] delay 1.761 ms
INFO: at 1493.911 ms batch [3.874] delay 1.761 ms
INFO: at 1495.673 ms batch [3.874] delay 1.761 ms
INFO: at 1497.434 ms batch [3.874] delay 1.761 ms
INFO: at 1499.196 ms batch [3.874] delay 1.761 ms
INFO: at 1500.958 ms batch [3.874] delay 1.761 ms
INFO: at 1502.720 ms batch [3.874] delay 2.421 ms
INFO: at 1505.142 ms batch [3.874] delay 2.421 ms
INFO: at 1507.565 ms batch [3.874] delay 2.421 ms
INFO: at 1509.987 ms batch [3.874] delay 2.421 ms
INFO: at 1512.410 ms batch [3.874] delay 2.421 ms
INFO: at 1514.832 ms batch [3.874] delay 2.421 ms
INFO: at 1517.254 ms batch [3.874] delay 2.421 ms
INFO: at 1519.676 ms batch [3.874] delay 2.421 ms
INFO: at 1522.098 ms batch [3.874] delay 2.421 ms
INFO: at 1524.520 ms batch [3.874] delay 2.421 ms
INFO: at 1526.943 ms batch [3.874] delay 2.421 ms
INFO: at 1529.365 ms batch [3.874] delay 2.421 ms
INFO: at 1531.787 ms batch [3.874] delay 2.421 ms
INFO: at 1534.209 ms batch [3.874] delay 2.421 ms
INFO: at 1536.631 ms batch [3.874] delay 2.421 ms
INFO: at 1539.053 ms batch [3.874] delay 2.421 ms
INFO: at 1541.475 ms batch [3.874] delay 1.761 ms
INFO: at 1543.237 ms batch [3.874] delay 1.761 ms
INFO: at 1544.999 ms batch [3.874] delay 1.761 ms
INFO: at 1546.760 ms batch [3.874] delay 1.761 ms
INFO: at 1548.522 ms batch [3.874] delay 1.761 ms
INFO: at 1550.284 ms batch [3.874] delay 1.761 ms
INFO: at 1552.045 ms batch [3.874] delay 1.761 ms
INFO: at 1553.807 ms batch [3.874] delay 1.761 ms
INFO: at 1555.569 ms batch [3.874] delay 1.761 ms
INFO: at 1557.331 ms batch [3.874] delay 1.761 ms
INFO: at 1559.093 ms batch [3.874] delay 1.761 ms
INFO: at 1560.855 ms batch [3.874] delay 1.384 ms
INFO: at 1562.239 ms batch [3.874] delay 1.384 ms
INFO: at 1563.623 ms batch [3.874] delay 1.384 ms
INFO: at 1565.008 ms batch [3.874] delay 1.384 ms
INFO: at 1566.392 ms batch [3.874] delay 1.384 ms
INFO: at 1567.776 ms batch [3.874] delay 1.384 ms
INFO: at 1569.161 ms batch [3.874] delay 1.384 ms
INFO: at 1570.545 ms batch [3.874] delay 1.384 ms
INFO: at 1571.930 ms batch [3.874] delay 1.384 ms
INFO: at 1573.314 ms batch [3.874] delay 1.384 ms
INFO: at 1574.698 ms batch [3.874] delay 1.384 ms
INFO: at 1576.083 ms batch [3.874] delay 1.384 ms
INFO: at 1577.467 ms batch [3.874] delay 1.384 ms
INFO: at 1578.851 ms batch [3.874] delay 1.384 ms
INFO: at 1580.235 ms batch [3.874] delay 1.761 ms
INFO: at 1581.997 ms batch [3.874] delay 1.761 ms
INFO: at 1583.759 ms batch [3.874] delay 1.761 ms
INFO: at 1585.521 ms batch [3.874] delay 1.761 ms
INFO: at 1587.283 ms batch [3.874] delay 1.761 ms
INFO: at 1589.045 ms batch [3.874] delay 1.761 ms
INFO: at 1590.807 ms batch [3.874] delay 1.761 ms
INFO: at 1592.568 ms batch [3.874] delay 1.761 ms
INFO: at 1594.330 ms batch [3.874] delay 1.761 ms
INFO: at 1596.092 ms batch [3.874] delay 1.761 ms
INFO: at 1597.854 ms batch [3.874] delay 1.761 ms
INFO: at 1599.616 ms batch [3.874] delay 2.152 ms
INFO: at 1601.769 ms batch [3.874] delay 2.152 ms
INFO: at 1603.922 ms batch [3.874] delay 2.152 ms
INFO: at 1606.075 ms batch [3.874] delay 2.152 ms
INFO: at 1608.228 ms batch [3.874] delay 2.152 ms
INFO: at 1610.381 ms batch [3.874] delay 2.152 ms
INFO: at 1612.534 ms batch [3.874] delay 2.152 ms
INFO: at 1614.687 ms batch [3.874] delay 2.152 ms
INFO: at 1616.840 ms batch [3.874] delay 2.152 ms
INFO: at 1618.993 ms batch [3.874] delay 1.761 ms
INFO: at 1620.755 ms batch [3.874] delay 1.761 ms
INFO: at 1622.517 ms batch [3.874] delay 1.761 ms
INFO: at 1624.278 ms batch [3.874] delay 1.761 ms
INFO: at 1626.041 ms batch [3.874] delay 1.761 ms
INFO: at 1627.803 ms batch [3.874] delay 1.761 ms
INFO: at 1629.565 ms batch [3.874] delay 1.761 ms
INFO: at 1631.326 ms batch [3.874] delay 1.761 ms
INFO: at 1633.088 ms batch [3.874] delay 1.761 ms
INFO: at 1634.850 ms batch [3.874] delay 1.761 ms
INFO: at 1636.612 ms batch [3.874] delay 1.761 ms
INFO: at 1638.373 ms batch [3.874] delay 1.614 ms
INFO: at 1639.990 ms batch [3.874] delay 1.614 ms
INFO: at 1641.605 ms batch [3.874] delay 1.614 ms
INFO: at 1643.220 ms batch [3.874] delay 1.614 ms
INFO: at 1644.835 ms batch [3.874] delay 1.614 ms
INFO: at 1646.450 ms batch [3.874] delay 1.614 ms
INFO: at 1648.065 ms batch [3.874] delay 1.614 ms
INFO: at 1649.680 ms batch [3.874] delay 1.614 ms
INFO: at 1651.295 ms batch [3.874] delay 1.614 ms
INFO: at 1652.910 ms batch [3.874] delay 1.614 ms
INFO: at 1654.525 ms batch [3.874] delay 1.614 ms
INFO: at 1656.140 ms batch [3.874] delay 1.614 ms
INFO: at 1657.755 ms batch [3.874] delay 1.761 ms
INFO: at 1659.517 ms batch [3.874] delay 1.761 ms
INFO: at 1661.278 ms batch [3.874] delay 1.761 ms
INFO: at 1663.040 ms batch [3.874] delay 1.761 ms
INFO: at 1664.802 ms batch [3.874] delay 1.761 ms
INFO: at 1666.564 ms batch [3.874] delay 1.761 ms
INFO: at 1668.325 ms batch [3.874] delay 1.761 ms
INFO: at 1670.087 ms batch [3.874] delay 1.761 ms
INFO: at 1671.848 ms batch [3.874] delay 1.761 ms
INFO: at 1673.610 ms batch [3.874] delay 1.761 ms
INFO: at 1675.372 ms batch [3.874] delay 1.761 ms
INFO: at 1677.134 ms batch [3.874] delay 1.291 ms
INFO: at 1678.426 ms batch [3.874] delay 1.291 ms
INFO: at 1679.718 ms batch [3.874] delay 1.291 ms
INFO: at 1681.010 ms batch [3.874] delay 1.291 ms
INFO: at 1682.302 ms batch [3.874] delay 1.291 ms
INFO: at 1683.594 ms batch [3.874] delay 1.291 ms
INFO: at 1684.886 ms batch [3.874] delay 1.291 ms
INFO: at 1686.178 ms batch [3.874] delay 1.291 ms
INFO: at 1687.470 ms batch [3.874] delay 1.291 ms
INFO: at 1688.763 ms batch [3.874] delay 1.291 ms
INFO: at 1690.054 ms batch [3.874] delay 1.291 ms
INFO: at 1691.347 ms batch [3.874] delay 1.291 ms
INFO: at 1692.639 ms batch [3.874] delay 1.291 ms
INFO: at 1693.931 ms batch [3.874] delay 1.291 ms
INFO: at 1695.223 ms batch [3.874] delay 1.291 ms
INFO: at 1696.515 ms batch [3.874] delay 2.152 ms
INFO: at 1698.669 ms batch [3.874] delay 2.152 ms
INFO: at 1700.821 ms batch [3.874] delay 2.152 ms
INFO: at 1702.974 ms batch [3.874] delay 2.152 ms
INFO: at 1705.127 ms batch [3.874] delay 2.152 ms
INFO: at 1707.280 ms batch [3.874] delay 2.152 ms
INFO: at 1709.433 ms batch [3.874] delay 2.152 ms
INFO: at 1711.586 ms batch [3.874] delay 2.152 ms
INFO: at 1713.739 ms batch [3.874] delay 2.152 ms
INFO: at 1715.892 ms batch [3.874] delay 1.937 ms
INFO: at 1717.830 ms batch [3.874] delay 1.937 ms
INFO: at 1719.768 ms batch [3.874] delay 1.937 ms
INFO: at 1721.706 ms batch [3.874] delay 1.937 ms
INFO: at 1723.644 ms batch [3.874] delay 1.937 ms
INFO: at 1725.582 ms batch [3.874] delay 1.937 ms
INFO: at 1727.520 ms batch [3.874] delay 1.937 ms
INFO: at 1729.458 ms batch [3.874] delay 1.937 ms
INFO: at 1731.395 ms batch [3.874] delay 1.937 ms
INFO: at 1733.334 ms batch [3.874] delay 1.937 ms
INFO: at 1735.272 ms batch [3.874] delay 1.761 ms
INFO: at 1737.034 ms batch [3.874] delay 1.761 ms
INFO: at 1738.795 ms batch [3.874] delay 1.761 ms
INFO: at 1740.557 ms batch [3.874] delay 1.761 ms
INFO: at 1742.319 ms batch [3.874] delay 1.761 ms
INFO: at 1744.080 ms batch [3.874] delay 1.761 ms
INFO: at 1745.842 ms batch [3.874] delay 1.761 ms
INFO: at 1747.604 ms batch [3.874] delay 1.761 ms
INFO: at 1749.366 ms batch [3.874] delay 1.761 ms
INFO: at 1751.127 ms batch [3.874] delay 1.761 ms
INFO: at 1752.889 ms batch [3.874] delay 1.761 ms
INFO: at 1754.651 ms batch [3.874] delay 1.490 ms
INFO: at 1756.141 ms batch [3.874] delay 1.490 ms
INFO: at 1757.632 ms batch [3.874] delay 1.490 ms
INFO: at 1759.123 ms batch [3.874] delay 1.490 ms
INFO: at 1760.613 ms batch [3.874] delay 1.490 ms
INFO: at 1762.104 ms batch [3.874] delay 1.490 ms
INFO: at 1763.595 ms batch [3.874] delay 1.490 ms
INFO: at 1765.086 ms batch [3.874] delay 1.490 ms
INFO: at 1766.576 ms batch [3.874] delay 1.490 ms
INFO: at 1768.067 ms batch [3.874] delay 1.490 ms
INFO: at 1769.558 ms batch [3.874] delay 1.490 ms
INFO: at 1771.049 ms batch [3.874] delay 1.490 ms
INFO: at 1772.540 ms batch [3.874] delay 1.490 ms
INFO: at 1774.030 ms batch [3.874] delay 1.384 ms
INFO: at 1775.415 ms batch [3.874] delay 1.384 ms
INFO: at 1776.799 ms batch [3.874] delay 1.384 ms
INFO: at 1778.183 ms batch [3.874] delay 1.384 ms
INFO: at 1779.568 ms batch [3.874] delay 1.384 ms
INFO: at 1780.952 ms batch [3.874] delay 1.384 ms
INFO: at 1782.336 ms batch [3.874] delay 1.384 ms
INFO: at 1783.721 ms batch [3.874] delay 1.384 ms
INFO: at 1785.105 ms batch [3.874] delay 1.384 ms
INFO: at 1786.489 ms batch [3.874] delay 1.384 ms
INFO: at 1787.874 ms batch [3.874] delay 1.384 ms
INFO: at 1789.258 ms batch [3.874] delay 1.384 ms
INFO: at 1790.642 ms batch [3.874] delay 1.384 ms
INFO: at 1792.027 ms batch [3.874] delay 1.384 ms
INFO: at 1793.412 ms batch [3.874] delay 1.761 ms
INFO: at 1795.174 ms batch [3.874] delay 1.761 ms
INFO: at 1796.935 ms batch [3.874] delay 1.761 ms
INFO: at 1798.697 ms batch [3.874] delay 1.761 ms
INFO: at 1800.459 ms batch [3.874] delay 1.761 ms
INFO: at 1802.220 ms batch [3.874] delay 1.761 ms
INFO: at 1803.982 ms batch [3.874] delay 1.761 ms
INFO: at 1805.744 ms batch [3.874] delay 1.761 ms
INFO: at 1807.505 ms batch [3.874] delay 1.761 ms
INFO: at 1809.267 ms batch [3.874] delay 1.761 ms
INFO: at 1811.029 ms batch [3.874] delay 1.761 ms
INFO: at 1812.791 ms batch [3.874] delay 1.937 ms
INFO: at 1814.729 ms batch [3.874] delay 1.937 ms
INFO: at 1816.666 ms batch [3.874] delay 1.937 ms
INFO: at 1818.604 ms batch [3.874] delay 1.937 ms
INFO: at 1820.542 ms batch [3.874] delay 1.937 ms
INFO: at 1822.480 ms batch [3.874] delay 1.937 ms
INFO: at 1824.418 ms batch [3.874] delay 1.937 ms
INFO: at 1826.356 ms batch [3.874] delay 1.937 ms
INFO: at 1828.294 ms batch [3.874] delay 1.937 ms
INFO: at 1830.231 ms batch [3.874] delay 1.937 ms
INFO: at 1832.169 ms batch [3.874] delay 1.384 ms
INFO: at 1833.554 ms batch [3.874] delay 1.384 ms
INFO: at 1834.938 ms batch [3.874] delay 1.384 ms
INFO: at 1836.322 ms batch [3.874] delay 1.384 ms
INFO: at 1837.707 ms batch [3.874] delay 1.384 ms
INFO: at 1839.091 ms batch [3.874] delay 1.384 ms
INFO: at 1840.476 ms batch [3.874] delay 1.384 ms
INFO: at 1841.860 ms batch [3.874] delay 1.384 ms
INFO: at 1843.245 ms batch [3.874] delay 1.384 ms
INFO: at 1844.629 ms batch [3.874] delay 1.384 ms
INFO: at 1846.015 ms batch [3.874] delay 1.384 ms
INFO: at 1847.400 ms batch [3.874] delay 1.384 ms
INFO: at 1848.784 ms batch [3.874] delay 0.000 ms
INFO: at 8.738 ms fetching 3.874 ms
INFO: at 10.676 ms fetching 3.874 ms
INFO: at 12.614 ms fetching 3.874 ms
INFO: at 14.552 ms fetching 3.874 ms
INFO: at 16.490 ms fetching 3.874 ms
INFO: at 18.428 ms fetching 3.874 ms
INFO: at 20.366 ms fetching 3.874 ms
INFO: at 22.304 ms fetching 3.874 ms
INFO: at 24.242 ms fetching 3.874 ms
INFO: at 26.180 ms fetching 3.874 ms
INFO: at 28.117 ms fetching 3.874 ms
INFO: at 30.540 ms fetching 3.874 ms
INFO: at 32.961 ms fetching 3.874 ms
INFO: at 35.384 ms fetching 3.874 ms
INFO: at 37.806 ms fetching 3.874 ms
INFO: at 40.228 ms fetching 3.874 ms
INFO: at 42.650 ms fetching 3.874 ms
INFO: at 45.072 ms fetching 3.874 ms
INFO: at 47.495 ms fetching 3.874 ms
INFO: at 49.110 ms fetching 3.874 ms
INFO: at 50.725 ms fetching 3.874 ms
INFO: at 52.340 ms fetching 3.874 ms
INFO: at 53.955 ms fetching 3.874 ms
INFO: at 55.570 ms fetching 3.874 ms
INFO: at 57.185 ms fetching 3.874 ms
INFO: at 58.800 ms fetching 3.874 ms
INFO: at 60.415 ms fetching 3.874 ms
INFO: at 62.030 ms fetching 3.874 ms
INFO: at 63.645 ms fetching 3.874 ms
INFO: at 65.260 ms fetching 3.874 ms
INFO: at 66.875 ms fetching 3.874 ms
INFO: at 68.167 ms fetching 3.874 ms
INFO: at 69.459 ms fetching 3.874 ms
INFO: at 70.752 ms fetching 3.874 ms
INFO: at 72.044 ms fetching 3.874 ms
INFO: at 73.336 ms fetching 3.874 ms
INFO: at 74.628 ms fetching 3.874 ms
INFO: at 75.920 ms fetching 3.874 ms
INFO: at 77.212 ms fetching 3.874 ms
INFO: at 78.504 ms fetching 3.874 ms
INFO: at 79.796 ms fetching 3.874 ms
INFO: at 81.088 ms fetching 3.874 ms
INFO: at 82.381 ms fetching 3.874 ms
INFO: at 83.673 ms fetching 3.874 ms
INFO: at 84.965 ms fetching 3.874 ms
INFO: at 86.257 ms fetching 3.874 ms
INFO: at 88.411 ms fetching 3.874 ms
INFO: at 90.563 ms fetching 3.874 ms
INFO: at 92.716 ms fetching 3.874 ms
INFO: at 94.869 ms fetching 3.874 ms
INFO: at 97.022 ms fetching 3.874 ms
INFO: at 99.175 ms fetching 3.874 ms
INFO: at 101.329 ms fetching 3.874 ms
INFO: at 103.482 ms fetching 3.874 ms
INFO: at 105.635 ms fetching 3.874 ms
INFO: at 107.573 ms fetching 3.874 ms
INFO: at 109.511 ms fetching 3.874 ms
INFO: at 111.448 ms fetching 3.874 ms
INFO: at 113.386 ms fetching 3.874 ms
INFO: at 115.324 ms fetching 3.874 ms
INFO: at 117.262 ms fetching 3.874 ms
INFO: at 119.200 ms fetching 3.874 ms
INFO: at 121.138 ms fetching 3.874 ms
INFO: at 123.075 ms fetching 3.874 ms
INFO: at 125.013 ms fetching 3.874 ms
INFO: at 126.775 ms fetching 3.874 ms
INFO: at 128.537 ms fetching 3.874 ms
INFO: at 130.299 ms fetching 3.874 ms
INFO: at 132.061 ms fetching 3.874 ms
INFO: at 133.823 ms fetching 3.874 ms
INFO: at 135.585 ms fetching 3.874 ms
INFO: at 137.347 ms fetching 3.874 ms
INFO: at 139.108 ms fetching 3.874 ms
INFO: at 140.870 ms fetching 3.874 ms
INFO: at 142.632 ms fetching 3.874 ms
INFO: at 144.394 ms fetching 3.874 ms
INFO: at 146.547 ms fetching 3.874 ms
INFO: at 148.700 ms fetching 3.874 ms
INFO: at 150.853 ms fetching 3.874 ms
INFO: at 153.007 ms fetching 3.874 ms
INFO: at 155.160 ms fetching 3.874 ms
INFO: at 157.313 ms fetching 3.874 ms
INFO: at 159.467 ms fetching 3.874 ms
INFO: at 161.620 ms fetching 3.874 ms
INFO: at 163.773 ms fetching 3.874 ms
INFO: at 165.711 ms fetching 3.874 ms
INFO: at 167.649 ms fetching 3.874 ms
INFO: at 169.587 ms fetching 3.874 ms
INFO: at 171.525 ms fetching 3.874 ms
INFO: at 173.463 ms fetching 3.874 ms
INFO: at 175.401 ms fetching 3.874 ms
INFO: at 177.339 ms fetching 3.874 ms
INFO: at 179.277 ms fetching 3.874 ms
INFO: at 181.215 ms fetching 3.874 ms
INFO: at 183.153 ms fetching 3.874 ms
INFO: at 184.915 ms fetching 3.874 ms
INFO: at 186.676 ms fetching 3.874 ms
INFO: at 188.438 ms fetching 3.874 ms
INFO: at 190.200 ms fetching 3.874 ms
INFO: at 191.961 ms fetching 3.874 ms
INFO: at 193.723 ms fetching 3.874 ms
INFO: at 195.485 ms fetching 3.874 ms
INFO: at 197.247 ms fetching 3.874 ms
INFO: at 199.009 ms fetching 3.874 ms
INFO: at 200.772 ms fetching 3.874 ms
INFO: at 202.534 ms fetching 3.874 ms
INFO: at 204.472 ms fetching 3.874 ms
INFO: at 206.410 ms fetching 3.874 ms
INFO: at 208.347 ms fetching 3.874 ms
INFO: at 210.285 ms fetching 3.874 ms
INFO: at 212.223 ms fetching 3.874 ms
INFO: at 214.161 ms fetching 3.874 ms
INFO: at 216.099 ms fetching 3.874 ms
INFO: at 218.037 ms fetching 3.874 ms
INFO: at 219.974 ms fetching 3.874 ms
INFO: at 221.912 ms fetching 3.874 ms
INFO: at 223.527 ms fetching 3.874 ms
INFO: at 225.142 ms fetching 3.874 ms
INFO: at 226.757 ms fetching 3.874 ms
INFO: at 228.372 ms fetching 3.874 ms
INFO: at 229.986 ms fetching 3.874 ms
INFO: at 231.601 ms fetching 3.874 ms
INFO: at 233.216 ms fetching 3.874 ms
INFO: at 234.831 ms fetching 3.874 ms
INFO: at 236.446 ms fetching 3.874 ms
INFO: at 238.062 ms fetching 3.874 ms
INFO: at 239.677 ms fetching 3.874 ms
INFO: at 241.292 ms fetching 3.874 ms
INFO: at 243.230 ms fetching 3.874 ms
INFO: at 245.167 ms fetching 3.874 ms
INFO: at 247.893 ms fetching 3.874 ms
INFO: at 249.834 ms fetching 3.874 ms
INFO: at 251.772 ms fetching 3.874 ms
INFO: at 253.710 ms fetching 3.874 ms
INFO: at 255.648 ms fetching 3.874 ms
INFO: at 257.585 ms fetching 3.874 ms
INFO: at 259.523 ms fetching 3.874 ms
INFO: at 261.461 ms fetching 3.874 ms
INFO: at 263.223 ms fetching 3.874 ms
INFO: at 264.985 ms fetching 3.874 ms
INFO: at 266.750 ms fetching 3.874 ms
INFO: at 268.512 ms fetching 3.874 ms
INFO: at 270.277 ms fetching 3.874 ms
INFO: at 272.039 ms fetching 3.874 ms
INFO: at 273.801 ms fetching 3.874 ms
INFO: at 275.563 ms fetching 3.874 ms
INFO: at 277.324 ms fetching 3.874 ms
INFO: at 279.089 ms fetching 3.874 ms
INFO: at 280.851 ms fetching 3.874 ms
INFO: at 283.004 ms fetching 3.874 ms
INFO: at 285.157 ms fetching 3.874 ms
INFO: at 287.311 ms fetching 3.874 ms
INFO: at 289.464 ms fetching 3.874 ms
INFO: at 291.617 ms fetching 3.874 ms
INFO: at 293.770 ms fetching 3.874 ms
INFO: at 295.923 ms fetching 3.874 ms
INFO: at 298.076 ms fetching 3.874 ms
INFO: at 300.229 ms fetching 3.874 ms
INFO: at 301.724 ms fetching 3.874 ms
INFO: at 303.214 ms fetching 3.874 ms
INFO: at 304.705 ms fetching 3.874 ms
INFO: at 306.196 ms fetching 3.874 ms
INFO: at 307.688 ms fetching 3.874 ms
INFO: at 309.179 ms fetching 3.874 ms
INFO: at 310.671 ms fetching 3.874 ms
INFO: at 312.161 ms fetching 3.874 ms
INFO: at 313.652 ms fetching 3.874 ms
INFO: at 315.143 ms fetching 3.874 ms
INFO: at 316.634 ms fetching 3.874 ms
INFO: at 318.124 ms fetching 3.874 ms
INFO: at 319.620 ms fetching 3.874 ms
INFO: at 321.775 ms fetching 3.874 ms
INFO: at 323.928 ms fetching 3.874 ms
INFO: at 326.081 ms fetching 3.874 ms
INFO: at 328.234 ms fetching 3.874 ms
INFO: at 330.387 ms fetching 3.874 ms
INFO: at 332.540 ms fetching 3.874 ms
INFO: at 334.693 ms fetching 3.874 ms
INFO: at 336.846 ms fetching 3.874 ms
INFO: at 339.000 ms fetching 3.874 ms
INFO: at 342.230 ms fetching 3.874 ms
INFO: at 345.459 ms fetching 3.874 ms
INFO: at 348.688 ms fetching 3.874 ms
INFO: at 351.921 ms fetching 3.874 ms
INFO: at 355.150 ms fetching 3.874 ms
INFO: at 358.380 ms fetching 3.874 ms
INFO: at 360.532 ms fetching 3.874 ms
INFO: at 362.686 ms fetching 3.874 ms
INFO: at 364.839 ms fetching 3.874 ms
INFO: at 366.992 ms fetching 3.874 ms
INFO: at 369.145 ms fetching 3.874 ms
INFO: at 371.298 ms fetching 3.874 ms
INFO: at 373.451 ms fetching 3.874 ms
INFO: at 375.604 ms fetching 3.874 ms
INFO: at 377.757 ms fetching 3.874 ms
INFO: at 379.910 ms fetching 3.874 ms
INFO: at 382.063 ms fetching 3.874 ms
INFO: at 384.216 ms fetching 3.874 ms
INFO: at 386.369 ms fetching 3.874 ms
INFO: at 388.523 ms fetching 3.874 ms
INFO: at 390.676 ms fetching 3.874 ms
INFO: at 392.829 ms fetching 3.874 ms
INFO: at 394.983 ms fetching 3.874 ms
INFO: at 397.136 ms fetching 3.874 ms
INFO: at 400.365 ms fetching 3.874 ms
INFO: at 403.595 ms fetching 3.874 ms
INFO: at 406.824 ms fetching 3.874 ms
INFO: at 410.054 ms fetching 3.874 ms
INFO: at 413.283 ms fetching 3.874 ms
INFO: at 416.512 ms fetching 3.874 ms
INFO: at 418.274 ms fetching 3.874 ms
INFO: at 420.036 ms fetching 3.874 ms
INFO: at 421.797 ms fetching 3.874 ms
INFO: at 423.559 ms fetching 3.874 ms
INFO: at 425.321 ms fetching 3.874 ms
INFO: at 427.083 ms fetching 3.874 ms
INFO: at 428.845 ms fetching 3.874 ms
INFO: at 430.606 ms fetching 3.874 ms
INFO: at 432.368 ms fetching 3.874 ms
INFO: at 434.130 ms fetching 3.874 ms
INFO: at 435.892 ms fetching 3.874 ms
INFO: at 437.829 ms fetching 3.874 ms
INFO: at 439.768 ms fetching 3.874 ms
INFO: at 441.705 ms fetching 3.874 ms
INFO: at 443.643 ms fetching 3.874 ms
INFO: at 445.581 ms fetching 3.874 ms
INFO: at 447.519 ms fetching 3.874 ms
INFO: at 449.457 ms fetching 3.874 ms
INFO: at 451.395 ms fetching 3.874 ms
INFO: at 453.336 ms fetching 3.874 ms
INFO: at 455.275 ms fetching 3.874 ms
INFO: at 457.037 ms fetching 3.874 ms
INFO: at 458.798 ms fetching 3.874 ms
INFO: at 460.560 ms fetching 3.874 ms
INFO: at 462.323 ms fetching 3.874 ms
INFO: at 464.085 ms fetching 3.874 ms
INFO: at 465.846 ms fetching 3.874 ms
INFO: at 467.608 ms fetching 3.874 ms
INFO: at 469.370 ms fetching 3.874 ms
INFO: at 471.132 ms fetching 3.874 ms
INFO: at 472.893 ms fetching 3.874 ms
INFO: at 474.655 ms fetching 3.874 ms
INFO: at 476.417 ms fetching 3.874 ms
INFO: at 478.179 ms fetching 3.874 ms
INFO: at 479.941 ms fetching 3.874 ms
INFO: at 481.703 ms fetching 3.874 ms
INFO: at 483.464 ms fetching 3.874 ms
INFO: at 485.226 ms fetching 3.874 ms
INFO: at 486.988 ms fetching 3.874 ms
INFO: at 488.750 ms fetching 3.874 ms
INFO: at 490.512 ms fetching 3.874 ms
INFO: at 492.273 ms fetching 3.874 ms
INFO: at 494.035 ms fetching 3.874 ms
INFO: at 495.420 ms fetching 3.874 ms
INFO: at 496.804 ms fetching 3.874 ms
INFO: at 498.189 ms fetching 3.874 ms
INFO: at 499.573 ms fetching 3.874 ms
INFO: at 500.957 ms fetching 3.874 ms
INFO: at 502.341 ms fetching 3.874 ms
INFO: at 503.726 ms fetching 3.874 ms
INFO: at 505.110 ms fetching 3.874 ms
INFO: at 506.494 ms fetching 3.874 ms
INFO: at 507.879 ms fetching 3.874 ms
INFO: at 509.263 ms fetching 3.874 ms
INFO: at 510.648 ms fetching 3.874 ms
INFO: at 512.032 ms fetching 3.874 ms
INFO: at 513.417 ms fetching 3.874 ms
INFO: at 515.355 ms fetching 3.874 ms
INFO: at 517.293 ms fetching 3.874 ms
INFO: at 519.231 ms fetching 3.874 ms
INFO: at 521.168 ms fetching 3.874 ms
INFO: at 523.106 ms fetching 3.874 ms
INFO: at 525.044 ms fetching 3.874 ms
INFO: at 526.983 ms fetching 3.874 ms
INFO: at 528.921 ms fetching 3.874 ms
INFO: at 530.858 ms fetching 3.874 ms
INFO: at 532.796 ms fetching 3.874 ms
INFO: at 534.411 ms fetching 3.874 ms
INFO: at 536.026 ms fetching 3.874 ms
INFO: at 537.641 ms fetching 3.874 ms
INFO: at 539.256 ms fetching 3.874 ms
INFO: at 540.871 ms fetching 3.874 ms
INFO: at 542.486 ms fetching 3.874 ms
INFO: at 544.101 ms fetching 3.874 ms
INFO: at 545.716 ms fetching 3.874 ms
INFO: at 547.331 ms fetching 3.874 ms
INFO: at 548.946 ms fetching 3.874 ms
INFO: at 550.561 ms fetching 3.874 ms
INFO: at 552.176 ms fetching 3.874 ms
INFO: at 554.113 ms fetching 3.874 ms
INFO: at 556.051 ms fetching 3.874 ms
INFO: at 557.989 ms fetching 3.874 ms
INFO: at 559.926 ms fetching 3.874 ms
INFO: at 561.864 ms fetching 3.874 ms
INFO: at 563.802 ms fetching 3.874 ms
INFO: at 565.740 ms fetching 3.874 ms
INFO: at 567.678 ms fetching 3.874 ms
INFO: at 569.616 ms fetching 3.874 ms
INFO: at 571.554 ms fetching 3.874 ms
INFO: at 573.707 ms fetching 3.874 ms
INFO: at 575.860 ms fetching 3.874 ms
INFO: at 578.013 ms fetching 3.874 ms
INFO: at 580.166 ms fetching 3.874 ms
INFO: at 582.319 ms fetching 3.874 ms
INFO: at 584.472 ms fetching 3.874 ms
INFO: at 586.625 ms fetching 3.874 ms
INFO: at 588.778 ms fetching 3.874 ms
INFO: at 590.931 ms fetching 3.874 ms
INFO: at 593.353 ms fetching 3.874 ms
INFO: at 595.775 ms fetching 3.874 ms
INFO: at 598.197 ms fetching 3.874 ms
INFO: at 600.620 ms fetching 3.874 ms
INFO: at 603.042 ms fetching 3.874 ms
INFO: at 605.464 ms fetching 3.874 ms
INFO: at 607.886 ms fetching 3.874 ms
INFO: at 610.308 ms fetching 3.874 ms
INFO: at 613.076 ms fetching 3.874 ms
INFO: at 615.844 ms fetching 3.874 ms
INFO: at 618.612 ms fetching 3.874 ms
INFO: at 621.380 ms fetching 3.874 ms
INFO: at 624.148 ms fetching 3.874 ms
INFO: at 626.916 ms fetching 3.874 ms
INFO: at 629.684 ms fetching 3.874 ms
INFO: at 631.837 ms fetching 3.874 ms
INFO: at 633.990 ms fetching 3.874 ms
INFO: at 636.143 ms fetching 3.874 ms
INFO: at 638.296 ms fetching 3.874 ms
INFO: at 640.449 ms fetching 3.874 ms
INFO: at 642.602 ms fetching 3.874 ms
INFO: at 644.755 ms fetching 3.874 ms
INFO: at 646.908 ms fetching 3.874 ms
INFO: at 649.061 ms fetching 3.874 ms
INFO: at 651.829 ms fetching 3.874 ms
INFO: at 654.598 ms fetching 3.874 ms
INFO: at 657.366 ms fetching 3.874 ms
INFO: at 660.134 ms fetching 3.874 ms
INFO: at 662.902 ms fetching 3.874 ms
INFO: at 665.670 ms fetching 3.874 ms
INFO: at 668.438 ms fetching 3.874 ms
INFO: at 670.053 ms fetching 3.874 ms
INFO: at 671.668 ms fetching 3.874 ms
INFO: at 673.283 ms fetching 3.874 ms
INFO: at 674.898 ms fetching 3.874 ms
INFO: at 676.513 ms fetching 3.874 ms
INFO: at 678.128 ms fetching 3.874 ms
INFO: at 679.743 ms fetching 3.874 ms
INFO: at 681.358 ms fetching 3.874 ms
INFO: at 682.973 ms fetching 3.874 ms
INFO: at 684.588 ms fetching 3.874 ms
INFO: at 686.203 ms fetching 3.874 ms
INFO: at 687.818 ms fetching 3.874 ms
INFO: at 689.971 ms fetching 3.874 ms
INFO: at 692.124 ms fetching 3.874 ms
INFO: at 694.277 ms fetching 3.874 ms
INFO: at 696.430 ms fetching 3.874 ms
INFO: at 698.583 ms fetching 3.874 ms
INFO: at 700.738 ms fetching 3.874 ms
INFO: at 702.891 ms fetching 3.874 ms
INFO: at 705.044 ms fetching 3.874 ms
INFO: at 707.197 ms fetching 3.874 ms
INFO: at 709.351 ms fetching 3.874 ms
INFO: at 711.505 ms fetching 3.874 ms
INFO: at 713.658 ms fetching 3.874 ms
INFO: at 715.811 ms fetching 3.874 ms
INFO: at 717.964 ms fetching 3.874 ms
INFO: at 720.117 ms fetching 3.874 ms
INFO: at 722.270 ms fetching 3.874 ms
INFO: at 724.423 ms fetching 3.874 ms
INFO: at 726.576 ms fetching 3.874 ms
INFO: at 728.999 ms fetching 3.874 ms
INFO: at 731.421 ms fetching 3.874 ms
INFO: at 733.843 ms fetching 3.874 ms
INFO: at 736.265 ms fetching 3.874 ms
INFO: at 738.688 ms fetching 3.874 ms
INFO: at 741.110 ms fetching 3.874 ms
INFO: at 743.532 ms fetching 3.874 ms
INFO: at 745.954 ms fetching 3.874 ms
INFO: at 748.376 ms fetching 3.874 ms
INFO: at 750.798 ms fetching 3.874 ms
INFO: at 753.220 ms fetching 3.874 ms
INFO: at 755.642 ms fetching 3.874 ms
INFO: at 758.065 ms fetching 3.874 ms
INFO: at 760.487 ms fetching 3.874 ms
INFO: at 762.909 ms fetching 3.874 ms
INFO: at 765.331 ms fetching 3.874 ms
INFO: at 766.000 ms fetching 3.874 ms
INFO: at 766.668 ms fetching 3.874 ms
INFO: at 767.337 ms fetching 3.874 ms
INFO: at 768.006 ms fetching 3.874 ms
INFO: at 768.674 ms fetching 3.874 ms
INFO: at 769.343 ms fetching 3.874 ms
INFO: at 770.011 ms fetching 3.874 ms
INFO: at 770.680 ms fetching 3.874 ms
INFO: at 771.354 ms fetching 3.874 ms
INFO: at 772.022 ms fetching 3.874 ms
INFO: at 772.691 ms fetching 3.874 ms
INFO: at 773.360 ms fetching 3.874 ms
INFO: at 774.028 ms fetching 3.874 ms
INFO: at 774.697 ms fetching 3.874 ms
INFO: at 775.366 ms fetching 3.874 ms
INFO: at 776.034 ms fetching 3.874 ms
INFO: at 776.703 ms fetching 3.874 ms
INFO: at 777.372 ms fetching 3.874 ms
INFO: at 778.041 ms fetching 3.874 ms
INFO: at 778.709 ms fetching 3.874 ms
INFO: at 779.378 ms fetching 3.874 ms
INFO: at 780.047 ms fetching 3.874 ms
INFO: at 780.715 ms fetching 3.874 ms
INFO: at 781.384 ms fetching 3.874 ms
INFO: at 782.053 ms fetching 3.874 ms
INFO: at 782.721 ms fetching 3.874 ms
INFO: at 783.390 ms fetching 3.874 ms
INFO: at 784.058 ms fetching 3.874 ms
INFO: at 784.727 ms fetching 3.874 ms
INFO: at 786.489 ms fetching 3.874 ms
INFO: at 788.250 ms fetching 3.874 ms
INFO: at 790.012 ms fetching 3.874 ms
INFO: at 791.774 ms fetching 3.874 ms
INFO: at 793.536 ms fetching 3.874 ms
INFO: at 795.297 ms fetching 3.874 ms
INFO: at 797.059 ms fetching 3.874 ms
INFO: at 798.821 ms fetching 3.874 ms
INFO: at 800.583 ms fetching 3.874 ms
INFO: at 802.346 ms fetching 3.874 ms
INFO: at 804.108 ms fetching 3.874 ms
INFO: at 806.046 ms fetching 3.874 ms
INFO: at 807.984 ms fetching 3.874 ms
INFO: at 809.922 ms fetching 3.874 ms
INFO: at 811.860 ms fetching 3.874 ms
INFO: at 813.797 ms fetching 3.874 ms
INFO: at 815.735 ms fetching 3.874 ms
INFO: at 817.673 ms fetching 3.874 ms
INFO: at 819.611 ms fetching 3.874 ms
INFO: at 821.548 ms fetching 3.874 ms
INFO: at 823.486 ms fetching 3.874 ms
INFO: at 825.908 ms fetching 3.874 ms
INFO: at 828.330 ms fetching 3.874 ms
INFO: at 830.752 ms fetching 3.874 ms
INFO: at 833.174 ms fetching 3.874 ms
INFO: at 835.596 ms fetching 3.874 ms
INFO: at 838.019 ms fetching 3.874 ms
INFO: at 840.441 ms fetching 3.874 ms
INFO: at 842.863 ms fetching 3.874 ms
INFO: at 844.155 ms fetching 3.874 ms
INFO: at 845.447 ms fetching 3.874 ms
INFO: at 846.739 ms fetching 3.874 ms
INFO: at 848.031 ms fetching 3.874 ms
INFO: at 849.323 ms fetching 3.874 ms
INFO: at 850.615 ms fetching 3.874 ms
INFO: at 851.907 ms fetching 3.874 ms
INFO: at 853.200 ms fetching 3.874 ms
INFO: at 854.492 ms fetching 3.874 ms
INFO: at 855.784 ms fetching 3.874 ms
INFO: at 857.076 ms fetching 3.874 ms
INFO: at 858.368 ms fetching 3.874 ms
INFO: at 859.661 ms fetching 3.874 ms
INFO: at 860.953 ms fetching 3.874 ms
INFO: at 862.245 ms fetching 3.874 ms
INFO: at 864.006 ms fetching 3.874 ms
INFO: at 865.768 ms fetching 3.874 ms
INFO: at 867.530 ms fetching 3.874 ms
INFO: at 869.292 ms fetching 3.874 ms
INFO: at 871.054 ms fetching 3.874 ms
INFO: at 872.815 ms fetching 3.874 ms
INFO: at 874.577 ms fetching 3.874 ms
INFO: at 876.339 ms fetching 3.874 ms
INFO: at 878.100 ms fetching 3.874 ms
INFO: at 879.862 ms fetching 3.874 ms
INFO: at 881.624 ms fetching 3.874 ms
INFO: at 883.385 ms fetching 3.874 ms
INFO: at 885.147 ms fetching 3.874 ms
INFO: at 886.909 ms fetching 3.874 ms
INFO: at 888.670 ms fetching 3.874 ms
INFO: at 890.433 ms fetching 3.874 ms
INFO: at 892.195 ms fetching 3.874 ms
INFO: at 893.957 ms fetching 3.874 ms
INFO: at 895.719 ms fetching 3.874 ms
INFO: at 897.480 ms fetching 3.874 ms
INFO: at 899.242 ms fetching 3.874 ms
INFO: at 901.004 ms fetching 3.874 ms
INFO: at 903.157 ms fetching 3.874 ms
INFO: at 905.310 ms fetching 3.874 ms
INFO: at 907.464 ms fetching 3.874 ms
INFO: at 909.618 ms fetching 3.874 ms
INFO: at 911.771 ms fetching 3.874 ms
INFO: at 913.924 ms fetching 3.874 ms
INFO: at 916.078 ms fetching 3.874 ms
INFO: at 918.231 ms fetching 3.874 ms
INFO: at 920.384 ms fetching 3.874 ms
INFO: at 922.538 ms fetching 3.874 ms
INFO: at 924.691 ms fetching 3.874 ms
INFO: at 926.844 ms fetching 3.874 ms
INFO: at 928.997 ms fetching 3.874 ms
INFO: at 931.150 ms fetching 3.874 ms
INFO: at 933.303 ms fetching 3.874 ms
INFO: at 935.456 ms fetching 3.874 ms
INFO: at 937.609 ms fetching 3.874 ms
INFO: at 939.763 ms fetching 3.874 ms
INFO: at 941.378 ms fetching 3.874 ms
INFO: at 942.993 ms fetching 3.874 ms
INFO: at 944.608 ms fetching 3.874 ms
INFO: at 946.223 ms fetching 3.874 ms
INFO: at 947.839 ms fetching 3.874 ms
INFO: at 949.454 ms fetching 3.874 ms
INFO: at 951.068 ms fetching 3.874 ms
INFO: at 952.684 ms fetching 3.874 ms
INFO: at 954.299 ms fetching 3.874 ms
INFO: at 955.914 ms fetching 3.874 ms
INFO: at 957.529 ms fetching 3.874 ms
INFO: at 959.144 ms fetching 3.874 ms
INFO: at 961.297 ms fetching 3.874 ms
INFO: at 963.450 ms fetching 3.874 ms
INFO: at 965.603 ms fetching 3.874 ms
INFO: at 967.756 ms fetching 3.874 ms
INFO: at 969.909 ms fetching 3.874 ms
INFO: at 972.062 ms fetching 3.874 ms
INFO: at 974.215 ms fetching 3.874 ms
INFO: at 976.368 ms fetching 3.874 ms
INFO: at 978.521 ms fetching 3.874 ms
INFO: at 980.459 ms fetching 3.874 ms
INFO: at 982.397 ms fetching 3.874 ms
INFO: at 984.335 ms fetching 3.874 ms
INFO: at 986.273 ms fetching 3.874 ms
INFO: at 988.212 ms fetching 3.874 ms
INFO: at 990.150 ms fetching 3.874 ms
INFO: at 992.088 ms fetching 3.874 ms
INFO: at 994.025 ms fetching 3.874 ms
INFO: at 995.963 ms fetching 3.874 ms
INFO: at 997.901 ms fetching 3.874 ms
INFO: at 999.392 ms fetching 3.874 ms
INFO: at 1000.883 ms fetching 3.874 ms
INFO: at 1002.374 ms fetching 3.874 ms
INFO: at 1003.864 ms fetching 3.874 ms
INFO: at 1005.355 ms fetching 3.874 ms
INFO: at 1006.846 ms fetching 3.874 ms
INFO: at 1008.337 ms fetching 3.874 ms
INFO: at 1009.827 ms fetching 3.874 ms
INFO: at 1011.318 ms fetching 3.874 ms
INFO: at 1012.809 ms fetching 3.874 ms
INFO: at 1014.300 ms fetching 3.874 ms
INFO: at 1015.790 ms fetching 3.874 ms
INFO: at 1017.281 ms fetching 3.874 ms
INFO: at 1019.703 ms fetching 3.874 ms
INFO: at 1022.126 ms fetching 3.874 ms
INFO: at 1024.548 ms fetching 3.874 ms
INFO: at 1026.970 ms fetching 3.874 ms
INFO: at 1029.392 ms fetching 3.874 ms
INFO: at 1031.814 ms fetching 3.874 ms
INFO: at 1034.237 ms fetching 3.874 ms
INFO: at 1036.660 ms fetching 3.874 ms
INFO: at 1038.598 ms fetching 3.874 ms
INFO: at 1040.536 ms fetching 3.874 ms
INFO: at 1042.473 ms fetching 3.874 ms
INFO: at 1044.411 ms fetching 3.874 ms
INFO: at 1046.349 ms fetching 3.874 ms
INFO: at 1048.287 ms fetching 3.874 ms
INFO: at 1050.225 ms fetching 3.874 ms
INFO: at 1052.163 ms fetching 3.874 ms
INFO: at 1054.101 ms fetching 3.874 ms
INFO: at 1056.039 ms fetching 3.874 ms
INFO: at 1058.807 ms fetching 3.874 ms
INFO: at 1061.575 ms fetching 3.874 ms
INFO: at 1064.343 ms fetching 3.874 ms
INFO: at 1067.111 ms fetching 3.874 ms
INFO: at 1069.879 ms fetching 3.874 ms
INFO: at 1072.647 ms fetching 3.874 ms
INFO: at 1075.415 ms fetching 3.874 ms
INFO: at 1077.353 ms fetching 3.874 ms
INFO: at 1079.291 ms fetching 3.874 ms
INFO: at 1081.229 ms fetching 3.874 ms
INFO: at 1083.166 ms fetching 3.874 ms
INFO: at 1085.104 ms fetching 3.874 ms
INFO: at 1087.042 ms fetching 3.874 ms
INFO: at 1088.981 ms fetching 3.874 ms
INFO: at 1090.919 ms fetching 3.874 ms
INFO: at 1092.857 ms fetching 3.874 ms
INFO: at 1094.795 ms fetching 3.874 ms
INFO: at 1097.217 ms fetching 3.874 ms
INFO: at 1099.639 ms fetching 3.874 ms
INFO: at 1102.061 ms fetching 3.874 ms
INFO: at 1104.483 ms fetching 3.874 ms
INFO: at 1106.905 ms fetching 3.874 ms
INFO: at 1109.328 ms fetching 3.874 ms
INFO: at 1111.750 ms fetching 3.874 ms
INFO: at 1114.172 ms fetching 3.874 ms
INFO: at 1115.933 ms fetching 3.874 ms
INFO: at 1117.695 ms fetching 3.874 ms
INFO: at 1119.457 ms fetching 3.874 ms
INFO: at 1121.219 ms fetching 3.874 ms
INFO: at 1122.980 ms fetching 3.874 ms
INFO: at 1124.742 ms fetching 3.874 ms
INFO: at 1126.504 ms fetching 3.874 ms
INFO: at 1128.266 ms fetching 3.874 ms
INFO: at 1130.027 ms fetching 3.874 ms
INFO: at 1131.789 ms fetching 3.874 ms
INFO: at 1133.551 ms fetching 3.874 ms
INFO: at 1135.489 ms fetching 3.874 ms
INFO: at 1137.427 ms fetching 3.874 ms
INFO: at 1139.364 ms fetching 3.874 ms
INFO: at 1141.302 ms fetching 3.874 ms
INFO: at 1143.240 ms fetching 3.874 ms
INFO: at 1145.178 ms fetching 3.874 ms
INFO: at 1147.115 ms fetching 3.874 ms
INFO: at 1149.053 ms fetching 3.874 ms
INFO: at 1150.991 ms fetching 3.874 ms
INFO: at 1152.929 ms fetching 3.874 ms
INFO: at 1155.082 ms fetching 3.874 ms
INFO: at 1157.248 ms fetching 3.874 ms
INFO: at 1159.403 ms fetching 3.874 ms
INFO: at 1161.556 ms fetching 3.874 ms
INFO: at 1163.709 ms fetching 3.874 ms
INFO: at 1165.862 ms fetching 3.874 ms
INFO: at 1168.016 ms fetching 3.874 ms
INFO: at 1170.169 ms fetching 3.874 ms
INFO: at 1172.322 ms fetching 3.874 ms
INFO: at 1174.260 ms fetching 3.874 ms
INFO: at 1176.198 ms fetching 3.874 ms
INFO: at 1178.136 ms fetching 3.874 ms
INFO: at 1180.074 ms fetching 3.874 ms
INFO: at 1182.012 ms fetching 3.874 ms
INFO: at 1183.950 ms fetching 3.874 ms
INFO: at 1185.887 ms fetching 3.874 ms
INFO: at 1187.825 ms fetching 3.874 ms
INFO: at 1189.764 ms fetching 3.874 ms
INFO: at 1191.702 ms fetching 3.874 ms
INFO: at 1193.640 ms fetching 3.874 ms
INFO: at 1195.578 ms fetching 3.874 ms
INFO: at 1197.515 ms fetching 3.874 ms
INFO: at 1199.453 ms fetching 3.874 ms
INFO: at 1201.391 ms fetching 3.874 ms
INFO: at 1203.329 ms fetching 3.874 ms
INFO: at 1205.267 ms fetching 3.874 ms
INFO: at 1207.205 ms fetching 3.874 ms
INFO: at 1209.143 ms fetching 3.874 ms
INFO: at 1211.080 ms fetching 3.874 ms
INFO: at 1213.502 ms fetching 3.874 ms
INFO: at 1215.925 ms fetching 3.874 ms
INFO: at 1218.347 ms fetching 3.874 ms
INFO: at 1220.769 ms fetching 3.874 ms
INFO: at 1223.191 ms fetching 3.874 ms
INFO: at 1225.613 ms fetching 3.874 ms
INFO: at 1228.036 ms fetching 3.874 ms
INFO: at 1230.458 ms fetching 3.874 ms
INFO: at 1232.611 ms fetching 3.874 ms
INFO: at 1234.764 ms fetching 3.874 ms
INFO: at 1236.917 ms fetching 3.874 ms
INFO: at 1239.070 ms fetching 3.874 ms
INFO: at 1241.223 ms fetching 3.874 ms
INFO: at 1243.376 ms fetching 3.874 ms
INFO: at 1245.529 ms fetching 3.874 ms
INFO: at 1247.682 ms fetching 3.874 ms
INFO: at 1249.835 ms fetching 3.874 ms
INFO: at 1252.604 ms fetching 3.874 ms
INFO: at 1256.316 ms fetching 3.874 ms
INFO: at 1259.085 ms fetching 3.874 ms
INFO: at 1261.853 ms fetching 3.874 ms
INFO: at 1264.621 ms fetching 3.874 ms
INFO: at 1267.389 ms fetching 3.874 ms
INFO: at 1270.157 ms fetching 3.874 ms
INFO: at 1272.310 ms fetching 3.874 ms
INFO: at 1274.463 ms fetching 3.874 ms
INFO: at 1276.616 ms fetching 3.874 ms
INFO: at 1278.769 ms fetching 3.874 ms
INFO: at 1280.922 ms fetching 3.874 ms
INFO: at 1283.075 ms fetching 3.874 ms
INFO: at 1285.229 ms fetching 3.874 ms
INFO: at 1287.382 ms fetching 3.874 ms
INFO: at 1289.535 ms fetching 3.874 ms
INFO: at 1291.150 ms fetching 3.874 ms
INFO: at 1292.765 ms fetching 3.874 ms
INFO: at 1294.380 ms fetching 3.874 ms
INFO: at 1295.995 ms fetching 3.874 ms
INFO: at 1297.610 ms fetching 3.874 ms
INFO: at 1299.226 ms fetching 3.874 ms
INFO: at 1300.842 ms fetching 3.874 ms
INFO: at 1302.457 ms fetching 3.874 ms
INFO: at 1304.072 ms fetching 3.874 ms
INFO: at 1305.687 ms fetching 3.874 ms
INFO: at 1307.302 ms fetching 3.874 ms
INFO: at 1308.917 ms fetching 3.874 ms
INFO: at 1310.679 ms fetching 3.874 ms
INFO: at 1312.440 ms fetching 3.874 ms
INFO: at 1314.202 ms fetching 3.874 ms
INFO: at 1315.964 ms fetching 3.874 ms
INFO: at 1317.725 ms fetching 3.874 ms
INFO: at 1319.487 ms fetching 3.874 ms
INFO: at 1321.249 ms fetching 3.874 ms
INFO: at 1323.010 ms fetching 3.874 ms
INFO: at 1324.772 ms fetching 3.874 ms
INFO: at 1326.534 ms fetching 3.874 ms
INFO: at 1328.296 ms fetching 3.874 ms
INFO: at 1329.911 ms fetching 3.874 ms
INFO: at 1331.526 ms fetching 3.874 ms
INFO: at 1333.141 ms fetching 3.874 ms
INFO: at 1334.756 ms fetching 3.874 ms
INFO: at 1336.371 ms fetching 3.874 ms
INFO: at 1337.986 ms fetching 3.874 ms
INFO: at 1339.601 ms fetching 3.874 ms
INFO: at 1341.216 ms fetching 3.874 ms
INFO: at 1342.831 ms fetching 3.874 ms
INFO: at 1344.446 ms fetching 3.874 ms
INFO: at 1346.061 ms fetching 3.874 ms
INFO: at 1347.676 ms fetching 3.874 ms
INFO: at 1349.291 ms fetching 3.874 ms
INFO: at 1350.906 ms fetching 3.874 ms
INFO: at 1352.521 ms fetching 3.874 ms
INFO: at 1354.136 ms fetching 3.874 ms
INFO: at 1355.751 ms fetching 3.874 ms
INFO: at 1357.366 ms fetching 3.874 ms
INFO: at 1358.980 ms fetching 3.874 ms
INFO: at 1360.595 ms fetching 3.874 ms
INFO: at 1362.210 ms fetching 3.874 ms
INFO: at 1363.825 ms fetching 3.874 ms
INFO: at 1365.440 ms fetching 3.874 ms
INFO: at 1367.055 ms fetching 3.874 ms
INFO: at 1368.347 ms fetching 3.874 ms
INFO: at 1369.639 ms fetching 3.874 ms
INFO: at 1370.931 ms fetching 3.874 ms
INFO: at 1372.223 ms fetching 3.874 ms
INFO: at 1373.515 ms fetching 3.874 ms
INFO: at 1374.807 ms fetching 3.874 ms
INFO: at 1376.100 ms fetching 3.874 ms
INFO: at 1377.392 ms fetching 3.874 ms
INFO: at 1378.686 ms fetching 3.874 ms
INFO: at 1379.978 ms fetching 3.874 ms
INFO: at 1381.270 ms fetching 3.874 ms
INFO: at 1382.562 ms fetching 3.874 ms
INFO: at 1383.854 ms fetching 3.874 ms
INFO: at 1385.146 ms fetching 3.874 ms
INFO: at 1386.438 ms fetching 3.874 ms
INFO: at 1388.861 ms fetching 3.874 ms
INFO: at 1391.283 ms fetching 3.874 ms
INFO: at 1393.705 ms fetching 3.874 ms
INFO: at 1396.127 ms fetching 3.874 ms
INFO: at 1398.551 ms fetching 3.874 ms
INFO: at 1400.973 ms fetching 3.874 ms
INFO: at 1403.395 ms fetching 3.874 ms
INFO: at 1405.817 ms fetching 3.874 ms
INFO: at 1407.756 ms fetching 3.874 ms
INFO: at 1409.694 ms fetching 3.874 ms
INFO: at 1411.631 ms fetching 3.874 ms
INFO: at 1413.570 ms fetching 3.874 ms
INFO: at 1415.508 ms fetching 3.874 ms
INFO: at 1417.446 ms fetching 3.874 ms
INFO: at 1419.384 ms fetching 3.874 ms
INFO: at 1421.322 ms fetching 3.874 ms
INFO: at 1423.260 ms fetching 3.874 ms
INFO: at 1425.197 ms fetching 3.874 ms
INFO: at 1427.350 ms fetching 3.874 ms
INFO: at 1429.503 ms fetching 3.874 ms
INFO: at 1431.656 ms fetching 3.874 ms
INFO: at 1433.809 ms fetching 3.874 ms
INFO: at 1435.962 ms fetching 3.874 ms
INFO: at 1438.115 ms fetching 3.874 ms
INFO: at 1440.268 ms fetching 3.874 ms
INFO: at 1442.421 ms fetching 3.874 ms
INFO: at 1444.574 ms fetching 3.874 ms
INFO: at 1446.190 ms fetching 3.874 ms
INFO: at 1447.805 ms fetching 3.874 ms
INFO: at 1449.420 ms fetching 3.874 ms
INFO: at 1451.034 ms fetching 3.874 ms
INFO: at 1452.649 ms fetching 3.874 ms
INFO: at 1454.264 ms fetching 3.874 ms
INFO: at 1455.879 ms fetching 3.874 ms
INFO: at 1457.494 ms fetching 3.874 ms
INFO: at 1459.109 ms fetching 3.874 ms
INFO: at 1460.724 ms fetching 3.874 ms
INFO: at 1462.339 ms fetching 3.874 ms
INFO: at 1463.955 ms fetching 3.874 ms
INFO: at 1464.924 ms fetching 3.874 ms
INFO: at 1465.894 ms fetching 3.874 ms
INFO: at 1466.863 ms fetching 3.874 ms
INFO: at 1467.832 ms fetching 3.874 ms
INFO: at 1468.802 ms fetching 3.874 ms
INFO: at 1469.771 ms fetching 3.874 ms
INFO: at 1470.740 ms fetching 3.874 ms
INFO: at 1471.709 ms fetching 3.874 ms
INFO: at 1472.678 ms fetching 3.874 ms
INFO: at 1473.648 ms fetching 3.874 ms
INFO: at 1474.617 ms fetching 3.874 ms
INFO: at 1475.586 ms fetching 3.874 ms
INFO: at 1476.556 ms fetching 3.874 ms
INFO: at 1477.525 ms fetching 3.874 ms
INFO: at 1478.494 ms fetching 3.874 ms
INFO: at 1479.463 ms fetching 3.874 ms
INFO: at 1480.433 ms fetching 3.874 ms
INFO: at 1481.402 ms fetching 3.874 ms
INFO: at 1482.371 ms fetching 3.874 ms
INFO: at 1483.341 ms fetching 3.874 ms
INFO: at 1485.102 ms fetching 3.874 ms
INFO: at 1486.864 ms fetching 3.874 ms
INFO: at 1488.626 ms fetching 3.874 ms
INFO: at 1490.387 ms fetching 3.874 ms
INFO: at 1492.149 ms fetching 3.874 ms
INFO: at 1493.911 ms fetching 3.874 ms
INFO: at 1495.673 ms fetching 3.874 ms
INFO: at 1497.434 ms fetching 3.874 ms
INFO: at 1499.196 ms fetching 3.874 ms
INFO: at 1500.958 ms fetching 3.874 ms
INFO: at 1502.720 ms fetching 3.874 ms
INFO: at 1505.142 ms fetching 3.874 ms
INFO: at 1507.565 ms fetching 3.874 ms
INFO: at 1509.987 ms fetching 3.874 ms
INFO: at 1512.410 ms fetching 3.874 ms
INFO: at 1514.832 ms fetching 3.874 ms
INFO: at 1517.254 ms fetching 3.874 ms
INFO: at 1519.676 ms fetching 3.874 ms
INFO: at 1522.098 ms fetching 3.874 ms
INFO: at 1524.520 ms fetching 3.874 ms
INFO: at 1526.943 ms fetching 3.874 ms
INFO: at 1529.365 ms fetching 3.874 ms
INFO: at 1531.787 ms fetching 3.874 ms
INFO: at 1534.209 ms fetching 3.874 ms
INFO: at 1536.631 ms fetching 3.874 ms
INFO: at 1539.053 ms fetching 3.874 ms
INFO: at 1541.475 ms fetching 3.874 ms
INFO: at 1543.237 ms fetching 3.874 ms
INFO: at 1544.999 ms fetching 3.874 ms
INFO: at 1546.760 ms fetching 3.874 ms
INFO: at 1548.522 ms fetching 3.874 ms
INFO: at 1550.284 ms fetching 3.874 ms
INFO: at 1552.045 ms fetching 3.874 ms
INFO: at 1553.807 ms fetching 3.874 ms
INFO: at 1555.569 ms fetching 3.874 ms
INFO: at 1557.331 ms fetching 3.874 ms
INFO: at 1559.093 ms fetching 3.874 ms
INFO: at 1560.855 ms fetching 3.874 ms
INFO: at 1562.239 ms fetching 3.874 ms
INFO: at 1563.623 ms fetching 3.874 ms
INFO: at 1565.008 ms fetching 3.874 ms
INFO: at 1566.392 ms fetching 3.874 ms
INFO: at 1567.776 ms fetching 3.874 ms
INFO: at 1569.161 ms fetching 3.874 ms
INFO: at 1570.545 ms fetching 3.874 ms
INFO: at 1571.930 ms fetching 3.874 ms
INFO: at 1573.314 ms fetching 3.874 ms
INFO: at 1574.698 ms fetching 3.874 ms
INFO: at 1576.083 ms fetching 3.874 ms
INFO: at 1577.467 ms fetching 3.874 ms
INFO: at 1578.851 ms fetching 3.874 ms
INFO: at 1580.235 ms fetching 3.874 ms
INFO: at 1581.997 ms fetching 3.874 ms
INFO: at 1583.759 ms fetching 3.874 ms
INFO: at 1585.521 ms fetching 3.874 ms
INFO: at 1587.283 ms fetching 3.874 ms
INFO: at 1589.045 ms fetching 3.874 ms
INFO: at 1590.807 ms fetching 3.874 ms
INFO: at 1592.568 ms fetching 3.874 ms
INFO: at 1594.330 ms fetching 3.874 ms
INFO: at 1596.092 ms fetching 3.874 ms
INFO: at 1597.854 ms fetching 3.874 ms
INFO: at 1599.616 ms fetching 3.874 ms
INFO: at 1601.769 ms fetching 3.874 ms
INFO: at 1603.922 ms fetching 3.874 ms
INFO: at 1606.075 ms fetching 3.874 ms
INFO: at 1608.228 ms fetching 3.874 ms
INFO: at 1610.381 ms fetching 3.874 ms
INFO: at 1612.534 ms fetching 3.874 ms
INFO: at 1614.687 ms fetching 3.874 ms
INFO: at 1616.840 ms fetching 3.874 ms
INFO: at 1618.993 ms fetching 3.874 ms
INFO: at 1620.755 ms fetching 3.874 ms
INFO: at 1622.517 ms fetching 3.874 ms
INFO: at 1624.278 ms fetching 3.874 ms
INFO: at 1626.041 ms fetching 3.874 ms
INFO: at 1627.803 ms fetching 3.874 ms
INFO: at 1629.565 ms fetching 3.874 ms
INFO: at 1631.326 ms fetching 3.874 ms
INFO: at 1633.088 ms fetching 3.874 ms
INFO: at 1634.850 ms fetching 3.874 ms
INFO: at 1636.612 ms fetching 3.874 ms
INFO: at 1638.373 ms fetching 3.874 ms
INFO: at 1639.990 ms fetching 3.874 ms
INFO: at 1641.605 ms fetching 3.874 ms
INFO: at 1643.220 ms fetching 3.874 ms
INFO: at 1644.835 ms fetching 3.874 ms
INFO: at 1646.450 ms fetching 3.874 ms
INFO: at 1648.065 ms fetching 3.874 ms
INFO: at 1649.680 ms fetching 3.874 ms
INFO: at 1651.295 ms fetching 3.874 ms
INFO: at 1652.910 ms fetching 3.874 ms
INFO: at 1654.525 ms fetching 3.874 ms
INFO: at 1656.140 ms fetching 3.874 ms
INFO: at 1657.755 ms fetching 3.874 ms
INFO: at 1659.517 ms fetching 3.874 ms
INFO: at 1661.278 ms fetching 3.874 ms
INFO: at 1663.040 ms fetching 3.874 ms
INFO: at 1664.802 ms fetching 3.874 ms
INFO: at 1666.564 ms fetching 3.874 ms
INFO: at 1668.325 ms fetching 3.874 ms
INFO: at 1670.087 ms fetching 3.874 ms
INFO: at 1671.848 ms fetching 3.874 ms
INFO: at 1673.610 ms fetching 3.874 ms
INFO: at 1675.372 ms fetching 3.874 ms
INFO: at 1677.134 ms fetching 3.874 ms
INFO: at 1678.426 ms fetching 3.874 ms
INFO: at 1679.718 ms fetching 3.874 ms
INFO: at 1681.010 ms fetching 3.874 ms
INFO: at 1682.302 ms fetching 3.874 ms
INFO: at 1683.594 ms fetching 3.874 ms
INFO: at 1684.886 ms fetching 3.874 ms
INFO: at 1686.178 ms fetching 3.874 ms
INFO: at 1687.470 ms fetching 3.874 ms
INFO: at 1688.763 ms fetching 3.874 ms
INFO: at 1690.054 ms fetching 3.874 ms
INFO: at 1691.347 ms fetching 3.874 ms
INFO: at 1692.639 ms fetching 3.874 ms
INFO: at 1693.931 ms fetching 3.874 ms
INFO: at 1695.223 ms fetching 3.874 ms
INFO: at 1696.515 ms fetching 3.874 ms
INFO: at 1698.669 ms fetching 3.874 ms
INFO: at 1700.821 ms fetching 3.874 ms
INFO: at 1702.974 ms fetching 3.874 ms
INFO: at 1705.127 ms fetching 3.874 ms
INFO: at 1707.280 ms fetching 3.874 ms
INFO: at 1709.433 ms fetching 3.874 ms
INFO: at 1711.586 ms fetching 3.874 ms
INFO: at 1713.739 ms fetching 3.874 ms
INFO: at 1715.892 ms fetching 3.874 ms
INFO: at 1717.830 ms fetching 3.874 ms
INFO: at 1719.768 ms fetching 3.874 ms
INFO: at 1721.706 ms fetching 3.874 ms
INFO: at 1723.644 ms fetching 3.874 ms
INFO: at 1725.582 ms fetching 3.874 ms
INFO: at 1727.520 ms fetching 3.874 ms
INFO: at 1729.458 ms fetching 3.874 ms
INFO: at 1731.395 ms fetching 3.874 ms
INFO: at 1733.334 ms fetching 3.874 ms
INFO: at 1735.272 ms fetching 3.874 ms
INFO: at 1737.034 ms fetching 3.874 ms
INFO: at 1738.795 ms fetching 3.874 ms
INFO: at 1740.557 ms fetching 3.874 ms
INFO: at 1742.319 ms fetching 3.874 ms
INFO: at 1744.080 ms fetching 3.874 ms
INFO: at 1745.842 ms fetching 3.874 ms
INFO: at 1747.604 ms fetching 3.874 ms
INFO: at 1749.366 ms fetching 3.874 ms
INFO: at 1751.127 ms fetching 3.874 ms
INFO: at 1752.889 ms fetching 3.874 ms
INFO: at 1754.651 ms fetching 3.874 ms
INFO: at 1756.141 ms fetching 3.874 ms
INFO: at 1757.632 ms fetching 3.874 ms
INFO: at 1759.123 ms fetching 3.874 ms
INFO: at 1760.613 ms fetching 3.874 ms
INFO: at 1762.104 ms fetching 3.874 ms
INFO: at 1763.595 ms fetching 3.874 ms
INFO: at 1765.086 ms fetching 3.874 ms
INFO: at 1766.576 ms fetching 3.874 ms
INFO: at 1768.067 ms fetching 3.874 ms
INFO: at 1769.558 ms fetching 3.874 ms
INFO: at 1771.049 ms fetching 3.874 ms
INFO: at 1772.540 ms fetching 3.874 ms
INFO: at 1774.030 ms fetching 3.874 ms
INFO: at 1775.415 ms fetching 3.874 ms
INFO: at 1776.799 ms fetching 3.874 ms
INFO: at 1778.183 ms fetching 3.874 ms
INFO: at 1779.568 ms fetching 3.874 ms
INFO: at 1780.952 ms fetching 3.874 ms
INFO: at 1782.336 ms fetching 3.874 ms
INFO: at 1783.721 ms fetching 3.874 ms
INFO: at 1785.105 ms fetching 3.874 ms
INFO: at 1786.489 ms fetching 3.874 ms
INFO: at 1787.874 ms fetching 3.874 ms
INFO: at 1789.258 ms fetching 3.874 ms
INFO: at 1790.642 ms fetching 3.874 ms
INFO: at 1792.027 ms fetching 3.874 ms
INFO: at 1793.412 ms fetching 3.874 ms
INFO: at 1795.174 ms fetching 3.874 ms
INFO: at 1796.935 ms fetching 3.874 ms
INFO: at 1798.697 ms fetching 3.874 ms
INFO: at 1800.459 ms fetching 3.874 ms
INFO: at 1802.220 ms fetching 3.874 ms
INFO: at 1803.982 ms fetching 3.874 ms
INFO: at 1805.744 ms fetching 3.874 ms
INFO: at 1807.505 ms fetching 3.874 ms
INFO: at 1809.267 ms fetching 3.874 ms
INFO: at 1811.029 ms fetching 3.874 ms
INFO: at 1812.791 ms fetching 3.874 ms
INFO: at 1814.729 ms fetching 3.874 ms
INFO: at 1816.666 ms fetching 3.874 ms
INFO: at 1818.604 ms fetching 3.874 ms
INFO: at 1820.542 ms fetching 3.874 ms
INFO: at 1822.480 ms fetching 3.874 ms
INFO: at 1824.418 ms fetching 3.874 ms
INFO: at 1826.356 ms fetching 3.874 ms
INFO: at 1828.294 ms fetching 3.874 ms
INFO: at 1830.231 ms fetching 3.874 ms
INFO: at 1832.169 ms fetching 3.874 ms
INFO: at 1833.554 ms fetching 3.874 ms
INFO: at 1834.938 ms fetching 3.874 ms
INFO: at 1836.322 ms fetching 3.874 ms
INFO: at 1837.707 ms fetching 3.874 ms
INFO: at 1839.091 ms fetching 3.874 ms
INFO: at 1840.476 ms fetching 3.874 ms
INFO: at 1841.860 ms fetching 3.874 ms
INFO: at 1843.245 ms fetching 3.874 ms
INFO: at 1844.629 ms fetching 3.874 ms
INFO: at 1846.015 ms fetching 3.874 ms
INFO: at 1847.400 ms fetching 3.874 ms
INFO: at 1848.784 ms fetching 3.874 ms
INFO: done
22-04-19:08:41:56 INFO     [docker_logging_utils.py:19] [default-cluster] Created logging directory: /home/cc/DynWork/multimodal_dataset_gpu/repeat-4/Static_CV/Azure/classification/resnet_imagenet/5_x_P99/clipper/logs
22-04-19:08:42:49 INFO     [clipper_admin.py:1424] [default-cluster] Stopped all Clipper cluster and all model containers
