INFO: nexus_dir=/workdir/nexus model_dir=/workdir/DynWork/multimodal_dataset_gpu/repeat-1/Multimodal_Real_Dataset/Azure/translation/mbart_wmt/4_x_P99/nexus/models log_dir=/workdir/DynWork/multimodal_dataset_gpu/repeat-1/Multimodal_Real_Dataset/Azure/translation/mbart_wmt/4_x_P99/nexus/logs model=fake_0
INFO: waiting frontend to spin up
INFO: ready to go
INFO: rock and roll
INFO: at 5.182 ms batch [726.831] delay 189.898 ms
INFO: at 5.182 ms fetching 726.831 ms
INFO: at 195.975 ms batch [726.649] delay 189.898 ms
INFO: at 195.975 ms fetching 726.649 ms
INFO: at 387.166 ms batch [139.074] delay 189.898 ms
INFO: at 387.166 ms fetching 139.074 ms
INFO: at 578.440 ms batch [723.687] delay 189.898 ms
INFO: at 578.440 ms fetching 723.687 ms
INFO: at 770.618 ms batch [138.890] delay 189.898 ms
INFO: at 770.618 ms fetching 138.890 ms
INFO: at 961.801 ms batch [724.208] delay 189.898 ms
INFO: at 961.801 ms fetching 724.208 ms
INFO: at 1152.283 ms batch [727.971] delay 189.898 ms
INFO: at 1152.283 ms fetching 727.971 ms
INFO: at 1342.782 ms batch [725.508] delay 189.898 ms
INFO: at 1342.782 ms fetching 725.508 ms
INFO: at 1533.247 ms batch [138.341] delay 189.898 ms
INFO: at 1533.247 ms fetching 138.341 ms
INFO: at 1723.750 ms batch [729.566] delay 189.898 ms
INFO: at 1723.750 ms fetching 729.566 ms
INFO: at 1914.909 ms batch [139.224] delay 237.373 ms
INFO: at 1914.909 ms fetching 139.224 ms
INFO: at 2154.138 ms batch [723.787] delay 237.373 ms
INFO: at 2154.138 ms fetching 723.787 ms
INFO: at 2393.251 ms batch [138.752] delay 237.373 ms
INFO: at 2393.251 ms fetching 138.752 ms
INFO: at 2631.252 ms batch [725.167] delay 237.373 ms
INFO: at 2631.252 ms fetching 725.167 ms
INFO: at 2870.550 ms batch [726.951] delay 237.373 ms
INFO: at 2870.550 ms fetching 726.951 ms
INFO: at 3109.809 ms batch [726.168] delay 237.373 ms
INFO: at 3109.809 ms fetching 726.168 ms
INFO: at 3349.040 ms batch [723.635] delay 237.373 ms
INFO: at 3349.040 ms fetching 723.635 ms
INFO: at 3587.508 ms batch [138.973] delay 237.373 ms
INFO: at 3587.508 ms fetching 138.973 ms
INFO: at 3826.630 ms batch [730.158] delay 158.249 ms
INFO: at 3826.630 ms fetching 730.158 ms
INFO: at 3985.471 ms batch [726.149] delay 158.249 ms
INFO: at 3985.471 ms fetching 726.149 ms
INFO: at 4144.480 ms batch [729.288] delay 158.249 ms
INFO: at 4144.480 ms fetching 729.288 ms
INFO: at 4303.455 ms batch [140.352] delay 158.249 ms
INFO: at 4303.455 ms fetching 140.352 ms
INFO: at 4462.632 ms batch [138.602] delay 158.249 ms
INFO: at 4462.632 ms fetching 138.602 ms
INFO: at 4622.482 ms batch [725.934] delay 158.249 ms
INFO: at 4622.482 ms fetching 725.934 ms
INFO: at 4781.811 ms batch [726.684] delay 158.249 ms
INFO: at 4781.811 ms fetching 726.684 ms
INFO: at 4941.016 ms batch [727.953] delay 158.249 ms
INFO: at 4941.016 ms fetching 727.953 ms
INFO: at 5100.226 ms batch [139.127] delay 158.249 ms
INFO: at 5100.226 ms fetching 139.127 ms
INFO: at 5259.419 ms batch [139.371] delay 158.249 ms
INFO: at 5259.419 ms fetching 139.371 ms
INFO: at 5418.912 ms batch [140.021] delay 158.249 ms
INFO: at 5418.912 ms fetching 140.021 ms
INFO: at 5577.818 ms batch [727.731] delay 158.249 ms
INFO: at 5577.818 ms fetching 727.731 ms
INFO: at 5737.037 ms batch [138.352] delay 126.599 ms
INFO: at 5737.037 ms fetching 138.352 ms
INFO: at 5864.569 ms batch [138.910] delay 126.599 ms
INFO: at 5864.569 ms fetching 138.910 ms
INFO: at 5992.072 ms batch [727.266] delay 126.599 ms
INFO: at 5992.072 ms fetching 727.266 ms
INFO: at 6119.562 ms batch [138.474] delay 126.599 ms
INFO: at 6119.562 ms fetching 138.474 ms
INFO: at 6247.050 ms batch [138.661] delay 126.599 ms
INFO: at 6247.050 ms fetching 138.661 ms
INFO: at 6374.495 ms batch [723.499] delay 126.599 ms
INFO: at 6374.495 ms fetching 723.499 ms
INFO: at 6502.001 ms batch [139.027] delay 126.599 ms
INFO: at 6502.001 ms fetching 139.027 ms
INFO: at 6629.281 ms batch [725.426] delay 126.599 ms
INFO: at 6629.281 ms fetching 725.426 ms
INFO: at 6756.622 ms batch [724.021] delay 126.599 ms
INFO: at 6756.622 ms fetching 724.021 ms
INFO: at 6883.846 ms batch [724.926] delay 126.599 ms
INFO: at 6883.846 ms fetching 724.926 ms
INFO: at 7011.005 ms batch [139.149] delay 126.599 ms
INFO: at 7011.005 ms fetching 139.149 ms
INFO: at 7138.170 ms batch [726.296] delay 126.599 ms
INFO: at 7138.170 ms fetching 726.296 ms
INFO: at 7265.367 ms batch [727.134] delay 126.599 ms
INFO: at 7265.367 ms fetching 727.134 ms
INFO: at 7392.585 ms batch [726.786] delay 126.599 ms
INFO: at 7392.585 ms fetching 726.786 ms
INFO: at 7519.844 ms batch [723.770] delay 126.599 ms
INFO: at 7519.844 ms fetching 723.770 ms
INFO: at 7647.213 ms batch [726.972] delay 210.998 ms
INFO: at 7647.213 ms fetching 726.972 ms
INFO: at 7858.899 ms batch [139.615] delay 210.998 ms
INFO: at 7858.899 ms fetching 139.615 ms
INFO: at 8071.266 ms batch [139.919] delay 210.998 ms
INFO: at 8071.266 ms fetching 139.919 ms
INFO: at 8283.575 ms batch [139.482] delay 210.998 ms
INFO: at 8283.575 ms fetching 139.482 ms
INFO: at 8495.869 ms batch [138.729] delay 210.998 ms
INFO: at 8495.869 ms fetching 138.729 ms
INFO: at 8708.186 ms batch [723.314] delay 210.998 ms
INFO: at 8708.186 ms fetching 723.314 ms
INFO: at 8920.503 ms batch [139.186] delay 210.998 ms
INFO: at 8920.503 ms fetching 139.186 ms
INFO: at 9132.608 ms batch [138.279] delay 210.998 ms
INFO: at 9132.608 ms fetching 138.279 ms
INFO: at 9344.067 ms batch [723.867] delay 210.998 ms
INFO: at 9344.067 ms fetching 723.867 ms
INFO: at 9556.340 ms batch [139.569] delay 189.898 ms
INFO: at 9556.340 ms fetching 139.569 ms
INFO: at 9747.583 ms batch [139.447] delay 189.898 ms
INFO: at 9747.583 ms fetching 139.447 ms
INFO: at 9938.836 ms batch [138.370] delay 189.898 ms
INFO: at 9938.836 ms fetching 138.370 ms
INFO: at 10130.098 ms batch [724.060] delay 189.898 ms
INFO: at 10130.098 ms fetching 724.060 ms
INFO: at 10321.168 ms batch [725.112] delay 189.898 ms
INFO: at 10321.168 ms fetching 725.112 ms
INFO: at 10511.536 ms batch [727.162] delay 189.898 ms
INFO: at 10511.536 ms fetching 727.162 ms
INFO: at 10702.766 ms batch [725.416] delay 189.898 ms
INFO: at 10702.766 ms fetching 725.416 ms
INFO: at 10894.000 ms batch [138.978] delay 189.898 ms
INFO: at 10894.000 ms fetching 138.978 ms
INFO: at 11085.253 ms batch [138.681] delay 189.898 ms
INFO: at 11085.253 ms fetching 138.681 ms
INFO: at 11276.309 ms batch [723.434] delay 189.898 ms
INFO: at 11276.309 ms fetching 723.434 ms
INFO: at 11467.628 ms batch [138.918] delay 172.635 ms
INFO: at 11467.628 ms fetching 138.918 ms
INFO: at 11640.851 ms batch [138.562] delay 172.635 ms
INFO: at 11640.851 ms fetching 138.562 ms
INFO: at 11814.098 ms batch [726.348] delay 172.635 ms
INFO: at 11814.098 ms fetching 726.348 ms
INFO: at 11987.322 ms batch [138.512] delay 172.635 ms
INFO: at 11987.322 ms fetching 138.512 ms
INFO: at 12160.550 ms batch [725.204] delay 172.635 ms
INFO: at 12160.550 ms fetching 725.204 ms
INFO: at 12334.107 ms batch [139.141] delay 172.635 ms
INFO: at 12334.107 ms fetching 139.141 ms
INFO: at 12507.402 ms batch [728.487] delay 172.635 ms
INFO: at 12507.402 ms fetching 728.487 ms
INFO: at 12680.604 ms batch [138.720] delay 172.635 ms
INFO: at 12680.604 ms fetching 138.720 ms
INFO: at 12853.825 ms batch [735.458] delay 172.635 ms
INFO: at 12853.825 ms fetching 735.458 ms
INFO: at 13027.036 ms batch [139.470] delay 172.635 ms
INFO: at 13027.036 ms fetching 139.470 ms
INFO: at 13200.248 ms batch [723.137] delay 172.635 ms
INFO: at 13200.248 ms fetching 723.137 ms
INFO: at 13373.514 ms batch [137.800] delay 210.998 ms
INFO: at 13373.514 ms fetching 137.800 ms
INFO: at 13585.820 ms batch [725.283] delay 210.998 ms
INFO: at 13585.820 ms fetching 725.283 ms
INFO: at 13798.076 ms batch [725.316] delay 210.998 ms
INFO: at 13798.076 ms fetching 725.316 ms
INFO: at 14010.482 ms batch [138.717] delay 210.998 ms
INFO: at 14010.482 ms fetching 138.717 ms
INFO: at 14222.625 ms batch [139.045] delay 210.998 ms
INFO: at 14222.625 ms fetching 139.045 ms
INFO: at 14434.404 ms batch [727.864] delay 210.998 ms
INFO: at 14434.404 ms fetching 727.864 ms
INFO: at 14646.733 ms batch [139.858] delay 210.998 ms
INFO: at 14646.733 ms fetching 139.858 ms
INFO: at 14859.113 ms batch [139.085] delay 210.998 ms
INFO: at 14859.113 ms fetching 139.085 ms
INFO: at 15071.354 ms batch [727.294] delay 210.998 ms
INFO: at 15071.354 ms fetching 727.294 ms
INFO: at 15283.601 ms batch [728.363] delay 189.898 ms
INFO: at 15283.601 ms fetching 728.363 ms
INFO: at 15474.039 ms batch [139.111] delay 189.898 ms
INFO: at 15474.039 ms fetching 139.111 ms
INFO: at 15665.356 ms batch [728.340] delay 189.898 ms
INFO: at 15665.356 ms fetching 728.340 ms
INFO: at 15856.578 ms batch [138.036] delay 189.898 ms
INFO: at 15856.578 ms fetching 138.036 ms
INFO: at 16047.826 ms batch [725.293] delay 189.898 ms
INFO: at 16047.826 ms fetching 725.293 ms
INFO: at 16239.037 ms batch [722.007] delay 189.898 ms
INFO: at 16239.037 ms fetching 722.007 ms
INFO: at 16430.861 ms batch [725.773] delay 189.898 ms
INFO: at 16430.861 ms fetching 725.773 ms
INFO: at 16622.135 ms batch [139.279] delay 189.898 ms
INFO: at 16622.135 ms fetching 139.279 ms
INFO: at 16813.400 ms batch [138.648] delay 189.898 ms
INFO: at 16813.400 ms fetching 138.648 ms
INFO: at 17004.617 ms batch [724.369] delay 189.898 ms
INFO: at 17004.617 ms fetching 724.369 ms
INFO: at 17195.869 ms batch [727.585] delay 172.635 ms
INFO: at 17195.869 ms fetching 727.585 ms
INFO: at 17369.076 ms batch [727.376] delay 172.635 ms
INFO: at 17369.076 ms fetching 727.376 ms
INFO: at 17542.642 ms batch [729.447] delay 172.635 ms
INFO: at 17542.642 ms fetching 729.447 ms
INFO: at 17715.921 ms batch [139.788] delay 172.635 ms
INFO: at 17715.921 ms fetching 139.788 ms
INFO: at 17889.145 ms batch [139.836] delay 172.635 ms
INFO: at 17889.145 ms fetching 139.836 ms
INFO: at 18062.391 ms batch [726.961] delay 172.635 ms
INFO: at 18062.391 ms fetching 726.961 ms
INFO: at 18235.597 ms batch [728.460] delay 172.635 ms
INFO: at 18235.597 ms fetching 728.460 ms
INFO: at 18408.807 ms batch [139.113] delay 172.635 ms
INFO: at 18408.807 ms fetching 139.113 ms
INFO: at 18582.166 ms batch [725.552] delay 172.635 ms
INFO: at 18582.166 ms fetching 725.552 ms
INFO: at 18755.428 ms batch [139.345] delay 172.635 ms
INFO: at 18755.428 ms fetching 139.345 ms
INFO: at 18928.652 ms batch [724.606] delay 172.635 ms
INFO: at 18928.652 ms fetching 724.606 ms
INFO: at 19101.881 ms batch [725.793] delay 189.898 ms
INFO: at 19101.881 ms fetching 725.793 ms
INFO: at 19293.049 ms batch [138.403] delay 189.898 ms
INFO: at 19293.049 ms fetching 138.403 ms
INFO: at 19484.317 ms batch [726.245] delay 189.898 ms
INFO: at 19484.317 ms fetching 726.245 ms
INFO: at 19676.238 ms batch [139.323] delay 189.898 ms
INFO: at 19676.238 ms fetching 139.323 ms
INFO: at 19866.503 ms batch [139.050] delay 189.898 ms
INFO: at 19866.503 ms fetching 139.050 ms
INFO: at 20057.727 ms batch [729.027] delay 189.898 ms
INFO: at 20057.727 ms fetching 729.027 ms
INFO: at 20248.959 ms batch [138.789] delay 189.898 ms
INFO: at 20248.959 ms fetching 138.789 ms
INFO: at 20440.221 ms batch [138.967] delay 189.898 ms
INFO: at 20440.221 ms fetching 138.967 ms
INFO: at 20630.650 ms batch [138.887] delay 189.898 ms
INFO: at 20630.650 ms fetching 138.887 ms
INFO: at 20821.913 ms batch [139.284] delay 189.898 ms
INFO: at 20821.913 ms fetching 139.284 ms
INFO: at 21013.148 ms batch [727.095] delay 158.249 ms
INFO: at 21013.148 ms fetching 727.095 ms
INFO: at 21172.357 ms batch [724.075] delay 158.249 ms
INFO: at 21172.357 ms fetching 724.075 ms
INFO: at 21331.551 ms batch [721.587] delay 158.249 ms
INFO: at 21331.551 ms fetching 721.587 ms
INFO: at 21490.755 ms batch [139.549] delay 158.249 ms
INFO: at 21490.755 ms fetching 139.549 ms
INFO: at 21649.787 ms batch [723.851] delay 158.249 ms
INFO: at 21649.787 ms fetching 723.851 ms
INFO: at 21809.033 ms batch [138.256] delay 158.249 ms
INFO: at 21809.033 ms fetching 138.256 ms
INFO: at 21968.244 ms batch [724.520] delay 158.249 ms
INFO: at 21968.244 ms fetching 724.520 ms
INFO: at 22127.419 ms batch [139.545] delay 158.249 ms
INFO: at 22127.419 ms fetching 139.545 ms
INFO: at 22286.598 ms batch [139.154] delay 158.249 ms
INFO: at 22286.598 ms fetching 139.154 ms
INFO: at 22445.786 ms batch [725.254] delay 158.249 ms
INFO: at 22445.786 ms fetching 725.254 ms
INFO: at 22604.974 ms batch [139.816] delay 158.249 ms
INFO: at 22604.974 ms fetching 139.816 ms
INFO: at 22763.780 ms batch [139.207] delay 158.249 ms
INFO: at 22763.780 ms fetching 139.207 ms
INFO: at 22923.049 ms batch [139.796] delay 189.898 ms
INFO: at 22923.049 ms fetching 139.796 ms
INFO: at 23114.290 ms batch [724.290] delay 189.898 ms
INFO: at 23114.290 ms fetching 724.290 ms
INFO: at 23305.529 ms batch [137.907] delay 189.898 ms
INFO: at 23305.529 ms fetching 137.907 ms
INFO: at 23496.782 ms batch [139.495] delay 189.898 ms
INFO: at 23496.782 ms fetching 139.495 ms
INFO: at 23688.052 ms batch [139.037] delay 189.898 ms
INFO: at 23688.052 ms fetching 139.037 ms
INFO: at 23879.171 ms batch [138.392] delay 189.898 ms
INFO: at 23879.171 ms fetching 138.392 ms
INFO: at 24070.479 ms batch [139.364] delay 189.898 ms
INFO: at 24070.479 ms fetching 139.364 ms
INFO: at 24261.714 ms batch [138.828] delay 189.898 ms
INFO: at 24261.714 ms fetching 138.828 ms
INFO: at 24452.929 ms batch [139.387] delay 189.898 ms
INFO: at 24452.929 ms fetching 139.387 ms
INFO: at 24644.176 ms batch [727.059] delay 189.898 ms
INFO: at 24644.176 ms fetching 727.059 ms
INFO: at 24835.406 ms batch [138.870] delay 172.635 ms
INFO: at 24835.406 ms fetching 138.870 ms
INFO: at 25008.460 ms batch [138.578] delay 172.635 ms
INFO: at 25008.460 ms fetching 138.578 ms
INFO: at 25181.777 ms batch [138.408] delay 172.635 ms
INFO: at 25181.777 ms fetching 138.408 ms
INFO: at 25354.989 ms batch [140.126] delay 172.635 ms
INFO: at 25354.989 ms fetching 140.126 ms
INFO: at 25528.184 ms batch [727.361] delay 172.635 ms
INFO: at 25528.184 ms fetching 727.361 ms
INFO: at 25701.415 ms batch [138.726] delay 172.635 ms
INFO: at 25701.415 ms fetching 138.726 ms
INFO: at 25874.619 ms batch [725.091] delay 172.635 ms
INFO: at 25874.619 ms fetching 725.091 ms
INFO: at 26048.011 ms batch [139.403] delay 172.635 ms
INFO: at 26048.011 ms fetching 139.403 ms
INFO: at 26221.289 ms batch [727.348] delay 172.635 ms
INFO: at 26221.289 ms fetching 727.348 ms
INFO: at 26394.465 ms batch [139.167] delay 172.635 ms
INFO: at 26394.465 ms fetching 139.167 ms
INFO: at 26567.671 ms batch [138.809] delay 172.635 ms
INFO: at 26567.671 ms fetching 138.809 ms
INFO: at 26740.885 ms batch [138.820] delay 210.998 ms
INFO: at 26740.885 ms fetching 138.820 ms
INFO: at 26953.196 ms batch [726.625] delay 210.998 ms
INFO: at 26953.196 ms fetching 726.625 ms
INFO: at 27165.883 ms batch [725.923] delay 210.998 ms
INFO: at 27165.883 ms fetching 725.923 ms
INFO: at 27378.222 ms batch [138.120] delay 210.998 ms
INFO: at 27378.222 ms fetching 138.120 ms
INFO: at 27590.399 ms batch [726.326] delay 210.998 ms
INFO: at 27590.399 ms fetching 726.326 ms
INFO: at 27802.617 ms batch [138.451] delay 210.998 ms
INFO: at 27802.617 ms fetching 138.451 ms
INFO: at 28014.849 ms batch [726.216] delay 210.998 ms
INFO: at 28014.849 ms fetching 726.216 ms
INFO: at 28227.848 ms batch [139.648] delay 210.998 ms
INFO: at 28227.848 ms fetching 139.648 ms
INFO: at 28440.144 ms batch [138.949] delay 210.998 ms
INFO: at 28440.144 ms fetching 138.949 ms
INFO: at 28652.383 ms batch [724.303] delay 146.076 ms
INFO: at 28652.383 ms fetching 724.303 ms
INFO: at 28799.552 ms batch [138.376] delay 146.076 ms
INFO: at 28799.552 ms fetching 138.376 ms
INFO: at 28946.573 ms batch [138.986] delay 146.076 ms
INFO: at 28946.573 ms fetching 138.986 ms
INFO: at 29093.292 ms batch [727.647] delay 146.076 ms
INFO: at 29093.292 ms fetching 727.647 ms
INFO: at 29240.494 ms batch [725.340] delay 146.076 ms
INFO: at 29240.494 ms fetching 725.340 ms
INFO: at 29387.670 ms batch [726.407] delay 146.076 ms
INFO: at 29387.670 ms fetching 726.407 ms
INFO: at 29534.830 ms batch [138.164] delay 146.076 ms
INFO: at 29534.830 ms fetching 138.164 ms
INFO: at 29682.011 ms batch [139.221] delay 146.076 ms
INFO: at 29682.011 ms fetching 139.221 ms
INFO: at 29829.193 ms batch [723.599] delay 146.076 ms
INFO: at 29829.193 ms fetching 723.599 ms
INFO: at 29976.397 ms batch [726.378] delay 146.076 ms
INFO: at 29976.397 ms fetching 726.378 ms
INFO: at 30123.563 ms batch [139.878] delay 146.076 ms
INFO: at 30123.563 ms fetching 139.878 ms
INFO: at 30270.793 ms batch [138.622] delay 146.076 ms
INFO: at 30270.793 ms fetching 138.622 ms
INFO: at 30417.959 ms batch [138.786] delay 146.076 ms
INFO: at 30417.959 ms fetching 138.786 ms
INFO: at 30565.128 ms batch [725.883] delay 210.998 ms
INFO: at 30565.128 ms fetching 725.883 ms
INFO: at 30777.434 ms batch [139.296] delay 210.998 ms
INFO: at 30777.434 ms fetching 139.296 ms
INFO: at 30989.690 ms batch [725.215] delay 210.998 ms
INFO: at 30989.690 ms fetching 725.215 ms
INFO: at 31201.951 ms batch [725.562] delay 210.998 ms
INFO: at 31201.951 ms fetching 725.562 ms
INFO: at 31414.025 ms batch [723.007] delay 210.998 ms
INFO: at 31414.025 ms fetching 723.007 ms
INFO: at 31626.349 ms batch [138.183] delay 210.998 ms
INFO: at 31626.349 ms fetching 138.183 ms
INFO: at 31838.604 ms batch [139.098] delay 210.998 ms
INFO: at 31838.604 ms fetching 139.098 ms
INFO: at 32050.849 ms batch [138.863] delay 210.998 ms
INFO: at 32050.849 ms fetching 138.863 ms
INFO: at 32263.099 ms batch [137.999] delay 210.998 ms
INFO: at 32263.099 ms fetching 137.999 ms
INFO: at 32475.424 ms batch [729.794] delay 316.497 ms
INFO: at 32475.424 ms fetching 729.794 ms
INFO: at 32792.877 ms batch [724.453] delay 316.497 ms
INFO: at 32792.877 ms fetching 724.453 ms
INFO: at 33110.270 ms batch [138.954] delay 316.497 ms
INFO: at 33110.270 ms fetching 138.954 ms
INFO: at 33428.200 ms batch [725.605] delay 316.497 ms
INFO: at 33428.200 ms fetching 725.605 ms
INFO: at 33745.600 ms batch [724.771] delay 316.497 ms
INFO: at 33745.600 ms fetching 724.771 ms
INFO: at 34062.920 ms batch [138.975] delay 316.497 ms
INFO: at 34062.920 ms fetching 138.975 ms
INFO: at 34380.162 ms batch [139.063] delay 210.998 ms
INFO: at 34380.162 ms fetching 139.063 ms
INFO: at 34592.409 ms batch [138.493] delay 210.998 ms
INFO: at 34592.409 ms fetching 138.493 ms
INFO: at 34804.607 ms batch [727.697] delay 210.998 ms
INFO: at 34804.607 ms fetching 727.697 ms
INFO: at 35016.815 ms batch [725.224] delay 210.998 ms
INFO: at 35016.815 ms fetching 725.224 ms
INFO: at 35228.638 ms batch [139.599] delay 210.998 ms
INFO: at 35228.638 ms fetching 139.599 ms
INFO: at 35440.899 ms batch [723.990] delay 210.998 ms
INFO: at 35440.899 ms fetching 723.990 ms
INFO: at 35653.111 ms batch [138.447] delay 210.998 ms
INFO: at 35653.111 ms fetching 138.447 ms
INFO: at 35865.314 ms batch [138.540] delay 210.998 ms
INFO: at 35865.314 ms fetching 138.540 ms
INFO: at 36077.136 ms batch [139.393] delay 210.998 ms
INFO: at 36077.136 ms fetching 139.393 ms
INFO: at 36289.435 ms batch [138.749] delay 210.998 ms
INFO: at 36289.435 ms fetching 138.749 ms
INFO: at 36501.623 ms batch [724.967] delay 210.998 ms
INFO: at 36501.623 ms fetching 724.967 ms
INFO: at 36713.842 ms batch [139.478] delay 210.998 ms
INFO: at 36713.842 ms fetching 139.478 ms
INFO: at 36926.069 ms batch [139.124] delay 210.998 ms
INFO: at 36926.069 ms fetching 139.124 ms
INFO: at 37137.509 ms batch [725.520] delay 210.998 ms
INFO: at 37137.509 ms fetching 725.520 ms
INFO: at 37349.737 ms batch [138.868] delay 210.998 ms
INFO: at 37349.737 ms fetching 138.868 ms
INFO: at 37561.950 ms batch [721.669] delay 210.998 ms
INFO: at 37561.950 ms fetching 721.669 ms
INFO: at 37774.158 ms batch [138.293] delay 210.998 ms
INFO: at 37774.158 ms fetching 138.293 ms
INFO: at 37987.288 ms batch [138.885] delay 210.998 ms
INFO: at 37987.288 ms fetching 138.885 ms
INFO: at 38199.544 ms batch [722.649] delay 316.497 ms
INFO: at 38199.544 ms fetching 722.649 ms
INFO: at 38516.877 ms batch [728.191] delay 316.497 ms
INFO: at 38516.877 ms fetching 728.191 ms
INFO: at 38834.235 ms batch [139.610] delay 316.497 ms
INFO: at 38834.235 ms fetching 139.610 ms
INFO: at 39151.503 ms batch [139.891] delay 316.497 ms
INFO: at 39151.503 ms fetching 139.891 ms
INFO: at 39468.895 ms batch [722.463] delay 316.497 ms
INFO: at 39468.895 ms fetching 722.463 ms
INFO: at 39786.234 ms batch [725.944] delay 316.497 ms
INFO: at 39786.234 ms fetching 725.944 ms
INFO: at 40104.185 ms batch [724.532] delay 172.635 ms
INFO: at 40104.185 ms fetching 724.532 ms
INFO: at 40277.409 ms batch [139.039] delay 172.635 ms
INFO: at 40277.409 ms fetching 139.039 ms
INFO: at 40450.572 ms batch [139.320] delay 172.635 ms
INFO: at 40450.572 ms fetching 139.320 ms
INFO: at 40623.725 ms batch [727.680] delay 172.635 ms
INFO: at 40623.725 ms fetching 727.680 ms
INFO: at 40798.150 ms batch [725.020] delay 172.635 ms
INFO: at 40798.150 ms fetching 725.020 ms
INFO: at 40971.354 ms batch [726.660] delay 172.635 ms
INFO: at 40971.354 ms fetching 726.660 ms
INFO: at 41144.513 ms batch [728.799] delay 172.635 ms
INFO: at 41144.513 ms fetching 728.799 ms
INFO: at 41317.659 ms batch [723.376] delay 172.635 ms
INFO: at 41317.659 ms fetching 723.376 ms
INFO: at 41490.762 ms batch [726.716] delay 172.635 ms
INFO: at 41490.762 ms fetching 726.716 ms
INFO: at 41664.537 ms batch [723.557] delay 172.635 ms
INFO: at 41664.537 ms fetching 723.557 ms
INFO: at 41837.790 ms batch [139.108] delay 172.635 ms
INFO: at 41837.790 ms fetching 139.108 ms
INFO: at 42010.834 ms batch [727.146] delay 189.898 ms
INFO: at 42010.834 ms fetching 727.146 ms
INFO: at 42202.025 ms batch [138.609] delay 189.898 ms
INFO: at 42202.025 ms fetching 138.609 ms
INFO: at 42393.219 ms batch [138.732] delay 189.898 ms
INFO: at 42393.219 ms fetching 138.732 ms
INFO: at 42584.453 ms batch [138.575] delay 189.898 ms
INFO: at 42584.453 ms fetching 138.575 ms
INFO: at 42775.436 ms batch [139.355] delay 189.898 ms
INFO: at 42775.436 ms fetching 139.355 ms
INFO: at 42966.729 ms batch [139.246] delay 189.898 ms
INFO: at 42966.729 ms fetching 139.246 ms
INFO: at 43157.929 ms batch [138.690] delay 189.898 ms
INFO: at 43157.929 ms fetching 138.690 ms
INFO: at 43349.120 ms batch [723.035] delay 189.898 ms
INFO: at 43349.120 ms fetching 723.035 ms
INFO: at 43540.350 ms batch [138.981] delay 189.898 ms
INFO: at 43540.350 ms fetching 138.981 ms
INFO: at 43730.963 ms batch [138.694] delay 189.898 ms
INFO: at 43730.963 ms fetching 138.694 ms
INFO: at 43922.218 ms batch [723.931] delay 172.635 ms
INFO: at 43922.218 ms fetching 723.931 ms
INFO: at 44095.401 ms batch [138.760] delay 172.635 ms
INFO: at 44095.401 ms fetching 138.760 ms
INFO: at 44268.579 ms batch [139.686] delay 172.635 ms
INFO: at 44268.579 ms fetching 139.686 ms
INFO: at 44441.797 ms batch [139.314] delay 172.635 ms
INFO: at 44441.797 ms fetching 139.314 ms
INFO: at 44614.998 ms batch [726.671] delay 172.635 ms
INFO: at 44614.998 ms fetching 726.671 ms
INFO: at 44788.534 ms batch [727.227] delay 172.635 ms
INFO: at 44788.534 ms fetching 727.227 ms
INFO: at 44961.873 ms batch [139.308] delay 172.635 ms
INFO: at 44961.873 ms fetching 139.308 ms
INFO: at 45135.079 ms batch [139.435] delay 172.635 ms
INFO: at 45135.079 ms fetching 139.435 ms
INFO: at 45308.263 ms batch [728.252] delay 172.635 ms
INFO: at 45308.263 ms fetching 728.252 ms
INFO: at 45481.479 ms batch [139.511] delay 172.635 ms
INFO: at 45481.479 ms fetching 139.511 ms
INFO: at 45654.679 ms batch [727.882] delay 172.635 ms
INFO: at 45654.679 ms fetching 727.882 ms
INFO: at 45827.689 ms batch [727.618] delay 172.635 ms
INFO: at 45827.689 ms fetching 727.618 ms
INFO: at 46000.953 ms batch [726.984] delay 172.635 ms
INFO: at 46000.953 ms fetching 726.984 ms
INFO: at 46174.174 ms batch [728.154] delay 172.635 ms
INFO: at 46174.174 ms fetching 728.154 ms
INFO: at 46347.361 ms batch [138.359] delay 172.635 ms
INFO: at 46347.361 ms fetching 138.359 ms
INFO: at 46520.556 ms batch [139.240] delay 172.635 ms
INFO: at 46520.556 ms fetching 139.240 ms
INFO: at 46693.789 ms batch [138.835] delay 172.635 ms
INFO: at 46693.789 ms fetching 138.835 ms
INFO: at 46866.890 ms batch [726.418] delay 172.635 ms
INFO: at 46866.890 ms fetching 726.418 ms
INFO: at 47040.181 ms batch [726.109] delay 172.635 ms
INFO: at 47040.181 ms fetching 726.109 ms
INFO: at 47213.406 ms batch [722.619] delay 172.635 ms
INFO: at 47213.406 ms fetching 722.619 ms
INFO: at 47386.598 ms batch [138.830] delay 172.635 ms
INFO: at 47386.598 ms fetching 138.830 ms
INFO: at 47559.918 ms batch [724.618] delay 172.635 ms
INFO: at 47559.918 ms fetching 724.618 ms
INFO: at 47733.130 ms batch [139.846] delay 135.642 ms
INFO: at 47733.130 ms fetching 139.846 ms
INFO: at 47869.382 ms batch [139.226] delay 135.642 ms
INFO: at 47869.382 ms fetching 139.226 ms
INFO: at 48005.817 ms batch [139.006] delay 135.642 ms
INFO: at 48005.817 ms fetching 139.006 ms
INFO: at 48142.074 ms batch [726.440] delay 135.642 ms
INFO: at 48142.074 ms fetching 726.440 ms
INFO: at 48278.258 ms batch [139.088] delay 135.642 ms
INFO: at 48278.258 ms fetching 139.088 ms
INFO: at 48414.416 ms batch [725.009] delay 135.642 ms
INFO: at 48414.416 ms fetching 725.009 ms
INFO: at 48550.595 ms batch [726.038] delay 135.642 ms
INFO: at 48550.595 ms fetching 726.038 ms
INFO: at 48686.780 ms batch [726.569] delay 135.642 ms
INFO: at 48686.780 ms fetching 726.569 ms
INFO: at 48822.980 ms batch [723.181] delay 135.642 ms
INFO: at 48822.980 ms fetching 723.181 ms
INFO: at 48959.475 ms batch [727.108] delay 135.642 ms
INFO: at 48959.475 ms fetching 727.108 ms
INFO: at 49097.154 ms batch [726.516] delay 135.642 ms
INFO: at 49097.154 ms fetching 726.516 ms
INFO: at 49233.474 ms batch [729.383] delay 135.642 ms
INFO: at 49233.474 ms fetching 729.383 ms
INFO: at 49369.655 ms batch [138.817] delay 135.642 ms
INFO: at 49369.655 ms fetching 138.817 ms
INFO: at 49505.823 ms batch [725.754] delay 135.642 ms
INFO: at 49505.823 ms fetching 725.754 ms
INFO: at 49641.997 ms batch [138.935] delay 189.898 ms
INFO: at 49641.997 ms fetching 138.935 ms
INFO: at 49833.238 ms batch [727.901] delay 189.898 ms
INFO: at 49833.238 ms fetching 727.901 ms
INFO: at 50024.508 ms batch [136.840] delay 189.898 ms
INFO: at 50024.508 ms fetching 136.840 ms
INFO: at 50215.811 ms batch [724.509] delay 189.898 ms
INFO: at 50215.811 ms fetching 724.509 ms
INFO: at 50406.373 ms batch [139.282] delay 189.898 ms
INFO: at 50406.373 ms fetching 139.282 ms
INFO: at 50596.668 ms batch [139.013] delay 189.898 ms
INFO: at 50596.668 ms fetching 139.013 ms
INFO: at 50787.937 ms batch [138.928] delay 189.898 ms
INFO: at 50787.937 ms fetching 138.928 ms
INFO: at 50979.176 ms batch [140.098] delay 189.898 ms
INFO: at 50979.176 ms fetching 140.098 ms
INFO: at 51170.432 ms batch [722.859] delay 189.898 ms
INFO: at 51170.432 ms fetching 722.859 ms
INFO: at 51361.749 ms batch [139.451] delay 189.898 ms
INFO: at 51361.749 ms fetching 139.451 ms
INFO: at 51552.954 ms batch [725.194] delay 158.249 ms
INFO: at 51552.954 ms fetching 725.194 ms
INFO: at 51712.302 ms batch [138.456] delay 158.249 ms
INFO: at 51712.302 ms fetching 138.456 ms
INFO: at 51871.504 ms batch [728.959] delay 158.249 ms
INFO: at 51871.504 ms fetching 728.959 ms
INFO: at 52030.686 ms batch [727.542] delay 158.249 ms
INFO: at 52030.686 ms fetching 727.542 ms
INFO: at 52189.895 ms batch [137.878] delay 158.249 ms
INFO: at 52189.895 ms fetching 137.878 ms
INFO: at 52349.116 ms batch [724.829] delay 158.249 ms
INFO: at 52349.116 ms fetching 724.829 ms
INFO: at 52507.719 ms batch [724.897] delay 158.249 ms
INFO: at 52507.719 ms fetching 724.897 ms
INFO: at 52667.252 ms batch [138.386] delay 158.249 ms
INFO: at 52667.252 ms fetching 138.386 ms
INFO: at 52826.551 ms batch [725.244] delay 158.249 ms
INFO: at 52826.551 ms fetching 725.244 ms
INFO: at 52985.736 ms batch [139.351] delay 158.249 ms
INFO: at 52985.736 ms fetching 139.351 ms
INFO: at 53144.908 ms batch [139.261] delay 158.249 ms
INFO: at 53144.908 ms fetching 139.261 ms
INFO: at 53304.117 ms batch [724.487] delay 158.249 ms
INFO: at 53304.117 ms fetching 724.487 ms
INFO: at 53463.309 ms batch [138.424] delay 189.898 ms
INFO: at 53463.309 ms fetching 138.424 ms
INFO: at 53654.242 ms batch [138.908] delay 189.898 ms
INFO: at 53654.242 ms fetching 138.908 ms
INFO: at 53845.534 ms batch [722.763] delay 189.898 ms
INFO: at 53845.534 ms fetching 722.763 ms
INFO: at 54036.760 ms batch [138.825] delay 189.898 ms
INFO: at 54036.760 ms fetching 138.825 ms
INFO: at 54228.037 ms batch [139.964] delay 189.898 ms
INFO: at 54228.037 ms fetching 139.964 ms
INFO: at 54419.270 ms batch [724.748] delay 189.898 ms
INFO: at 54419.270 ms fetching 724.748 ms
INFO: at 54610.523 ms batch [725.683] delay 189.898 ms
INFO: at 54610.523 ms fetching 725.683 ms
INFO: at 54801.605 ms batch [139.290] delay 189.898 ms
INFO: at 54801.605 ms fetching 139.290 ms
INFO: at 54992.930 ms batch [727.121] delay 189.898 ms
INFO: at 54992.930 ms fetching 727.121 ms
INFO: at 55184.171 ms batch [138.705] delay 189.898 ms
INFO: at 55184.171 ms fetching 138.705 ms
INFO: at 55375.408 ms batch [725.329] delay 210.998 ms
INFO: at 55375.408 ms fetching 725.329 ms
INFO: at 55587.670 ms batch [139.637] delay 210.998 ms
INFO: at 55587.670 ms fetching 139.637 ms
INFO: at 55799.006 ms batch [138.483] delay 210.998 ms
INFO: at 55799.006 ms fetching 138.483 ms
INFO: at 56011.330 ms batch [138.723] delay 210.998 ms
INFO: at 56011.330 ms fetching 138.723 ms
INFO: at 56223.584 ms batch [139.486] delay 210.998 ms
INFO: at 56223.584 ms fetching 139.486 ms
INFO: at 56435.819 ms batch [725.233] delay 210.998 ms
INFO: at 56435.819 ms fetching 725.233 ms
INFO: at 56648.048 ms batch [725.305] delay 210.998 ms
INFO: at 56648.048 ms fetching 725.305 ms
INFO: at 56859.838 ms batch [138.658] delay 210.998 ms
INFO: at 56859.838 ms fetching 138.658 ms
INFO: at 57072.135 ms batch [138.071] delay 210.998 ms
INFO: at 57072.135 ms fetching 138.071 ms
INFO: at 57284.368 ms batch [727.215] delay 237.373 ms
INFO: at 57284.368 ms fetching 727.215 ms
INFO: at 57523.617 ms batch [139.805] delay 237.373 ms
INFO: at 57523.617 ms fetching 139.805 ms
INFO: at 57762.889 ms batch [724.477] delay 237.373 ms
INFO: at 57762.889 ms fetching 724.477 ms
INFO: at 58001.665 ms batch [139.458] delay 237.373 ms
INFO: at 58001.665 ms fetching 139.458 ms
INFO: at 58240.987 ms batch [138.569] delay 237.373 ms
INFO: at 58240.987 ms fetching 138.569 ms
INFO: at 58480.273 ms batch [728.992] delay 237.373 ms
INFO: at 58480.273 ms fetching 728.992 ms
INFO: at 58719.553 ms batch [139.396] delay 237.373 ms
INFO: at 58719.553 ms fetching 139.396 ms
INFO: at 58958.001 ms batch [140.270] delay 237.373 ms
INFO: at 58958.001 ms fetching 140.270 ms
INFO: at 59197.320 ms batch [138.668] delay 271.283 ms
INFO: at 59197.320 ms fetching 138.668 ms
INFO: at 59469.633 ms batch [138.714] delay 271.283 ms
INFO: at 59469.633 ms fetching 138.714 ms
INFO: at 59741.798 ms batch [138.741] delay 271.283 ms
INFO: at 59741.798 ms fetching 138.741 ms
INFO: at 60014.175 ms batch [727.032] delay 271.283 ms
INFO: at 60014.175 ms fetching 727.032 ms
INFO: at 60286.310 ms batch [138.892] delay 271.283 ms
INFO: at 60286.310 ms fetching 138.892 ms
INFO: at 60558.473 ms batch [724.263] delay 271.283 ms
INFO: at 60558.473 ms fetching 724.263 ms
INFO: at 60831.013 ms batch [139.144] delay 271.283 ms
INFO: at 60831.013 ms fetching 139.144 ms
INFO: at 61103.167 ms batch [139.654] delay 210.998 ms
INFO: at 61103.167 ms fetching 139.654 ms
INFO: at 61315.334 ms batch [138.418] delay 210.998 ms
INFO: at 61315.334 ms fetching 138.418 ms
INFO: at 61527.516 ms batch [138.605] delay 210.998 ms
INFO: at 61527.516 ms fetching 138.605 ms
INFO: at 61739.137 ms batch [722.543] delay 210.998 ms
INFO: at 61739.137 ms fetching 722.543 ms
INFO: at 61951.407 ms batch [139.173] delay 210.998 ms
INFO: at 61951.407 ms fetching 139.173 ms
INFO: at 62163.549 ms batch [140.158] delay 210.998 ms
INFO: at 62163.549 ms fetching 140.158 ms
INFO: at 62375.692 ms batch [726.526] delay 210.998 ms
INFO: at 62375.692 ms fetching 726.526 ms
INFO: at 62588.027 ms batch [138.781] delay 210.998 ms
INFO: at 62588.027 ms fetching 138.781 ms
INFO: at 62800.198 ms batch [139.342] delay 210.998 ms
INFO: at 62800.198 ms fetching 139.342 ms
INFO: at 63012.373 ms batch [139.500] delay 271.283 ms
INFO: at 63012.373 ms fetching 139.500 ms
INFO: at 63284.612 ms batch [727.555] delay 271.283 ms
INFO: at 63284.612 ms fetching 727.555 ms
INFO: at 63557.096 ms batch [138.857] delay 271.283 ms
INFO: at 63557.096 ms fetching 138.857 ms
INFO: at 63829.435 ms batch [727.834] delay 271.283 ms
INFO: at 63829.435 ms fetching 727.834 ms
INFO: at 64101.784 ms batch [728.295] delay 271.283 ms
INFO: at 64101.784 ms fetching 728.295 ms
INFO: at 64373.496 ms batch [724.760] delay 271.283 ms
INFO: at 64373.496 ms fetching 724.760 ms
INFO: at 64645.783 ms batch [727.046] delay 271.283 ms
INFO: at 64645.783 ms fetching 727.046 ms
INFO: at 64918.027 ms batch [726.079] delay 158.249 ms
INFO: at 64918.027 ms fetching 726.079 ms
INFO: at 65077.145 ms batch [722.911] delay 158.249 ms
INFO: at 65077.145 ms fetching 722.911 ms
INFO: at 65235.921 ms batch [724.738] delay 158.249 ms
INFO: at 65235.921 ms fetching 724.738 ms
INFO: at 65395.089 ms batch [138.364] delay 158.249 ms
INFO: at 65395.089 ms fetching 138.364 ms
INFO: at 65554.181 ms batch [139.180] delay 158.249 ms
INFO: at 65554.181 ms fetching 139.180 ms
INFO: at 65713.410 ms batch [138.677] delay 158.249 ms
INFO: at 65713.410 ms fetching 138.677 ms
INFO: at 65872.594 ms batch [728.437] delay 158.249 ms
INFO: at 65872.594 ms fetching 728.437 ms
INFO: at 66031.811 ms batch [139.042] delay 158.249 ms
INFO: at 66031.811 ms fetching 139.042 ms
INFO: at 66190.569 ms batch [725.594] delay 158.249 ms
INFO: at 66190.569 ms fetching 725.594 ms
INFO: at 66349.542 ms batch [139.068] delay 158.249 ms
INFO: at 66349.542 ms fetching 139.068 ms
INFO: at 66508.709 ms batch [724.249] delay 158.249 ms
INFO: at 66508.709 ms fetching 724.249 ms
INFO: at 66667.907 ms batch [139.826] delay 158.249 ms
INFO: at 66667.907 ms fetching 139.826 ms
INFO: at 66827.093 ms batch [138.860] delay 210.998 ms
INFO: at 66827.093 ms fetching 138.860 ms
INFO: at 67039.340 ms batch [138.815] delay 210.998 ms
INFO: at 67039.340 ms fetching 138.815 ms
INFO: at 67250.953 ms batch [139.194] delay 210.998 ms
INFO: at 67250.953 ms fetching 139.194 ms
INFO: at 67463.237 ms batch [138.872] delay 210.998 ms
INFO: at 67463.237 ms fetching 138.872 ms
INFO: at 67675.491 ms batch [724.594] delay 210.998 ms
INFO: at 67675.491 ms fetching 724.594 ms
INFO: at 67887.753 ms batch [139.421] delay 210.998 ms
INFO: at 67887.753 ms fetching 139.421 ms
INFO: at 68100.007 ms batch [728.590] delay 210.998 ms
INFO: at 68100.007 ms fetching 728.590 ms
INFO: at 68311.381 ms batch [139.103] delay 210.998 ms
INFO: at 68311.381 ms fetching 139.103 ms
INFO: at 68523.709 ms batch [725.834] delay 210.998 ms
INFO: at 68523.709 ms fetching 725.834 ms
INFO: at 68735.955 ms batch [724.688] delay 210.998 ms
INFO: at 68735.955 ms fetching 724.688 ms
INFO: at 68948.189 ms batch [139.642] delay 210.998 ms
INFO: at 68948.189 ms fetching 139.642 ms
INFO: at 69160.415 ms batch [138.501] delay 210.998 ms
INFO: at 69160.415 ms fetching 138.501 ms
INFO: at 69372.132 ms batch [139.661] delay 210.998 ms
INFO: at 69372.132 ms fetching 139.661 ms
INFO: at 69584.423 ms batch [138.853] delay 210.998 ms
INFO: at 69584.423 ms fetching 138.853 ms
INFO: at 69796.646 ms batch [727.239] delay 210.998 ms
INFO: at 69796.646 ms fetching 727.239 ms
INFO: at 70008.884 ms batch [724.806] delay 210.998 ms
INFO: at 70008.884 ms fetching 724.806 ms
INFO: at 70220.399 ms batch [722.791] delay 210.998 ms
INFO: at 70220.399 ms fetching 722.791 ms
INFO: at 70432.660 ms batch [138.428] delay 210.998 ms
INFO: at 70432.660 ms fetching 138.428 ms
INFO: at 70644.919 ms batch [138.317] delay 237.373 ms
INFO: at 70644.919 ms fetching 138.317 ms
INFO: at 70884.140 ms batch [139.136] delay 237.373 ms
INFO: at 70884.140 ms fetching 139.136 ms
INFO: at 71123.384 ms batch [726.842] delay 237.373 ms
INFO: at 71123.384 ms fetching 726.842 ms
INFO: at 71361.773 ms batch [726.695] delay 237.373 ms
INFO: at 71361.773 ms fetching 726.695 ms
INFO: at 71600.850 ms batch [139.287] delay 237.373 ms
INFO: at 71600.850 ms fetching 139.287 ms
INFO: at 71840.148 ms batch [138.520] delay 237.373 ms
INFO: at 71840.148 ms fetching 138.520 ms
INFO: at 72079.328 ms batch [727.920] delay 237.373 ms
INFO: at 72079.328 ms fetching 727.920 ms
INFO: at 72317.148 ms batch [139.079] delay 237.373 ms
INFO: at 72317.148 ms fetching 139.079 ms
INFO: at 72556.445 ms batch [726.368] delay 237.373 ms
INFO: at 72556.445 ms fetching 726.368 ms
INFO: at 72795.685 ms batch [727.779] delay 237.373 ms
INFO: at 72795.685 ms fetching 727.779 ms
INFO: at 73034.919 ms batch [138.744] delay 237.373 ms
INFO: at 73034.919 ms fetching 138.744 ms
INFO: at 73272.837 ms batch [138.762] delay 237.373 ms
INFO: at 73272.837 ms fetching 138.762 ms
INFO: at 73512.132 ms batch [728.727] delay 237.373 ms
INFO: at 73512.132 ms fetching 728.727 ms
INFO: at 73751.394 ms batch [139.368] delay 237.373 ms
INFO: at 73751.394 ms fetching 139.368 ms
INFO: at 73990.641 ms batch [138.509] delay 237.373 ms
INFO: at 73990.641 ms fetching 138.509 ms
INFO: at 74228.865 ms batch [138.840] delay 237.373 ms
INFO: at 74228.865 ms fetching 138.840 ms
INFO: at 74468.187 ms batch [724.998] delay 65.482 ms
INFO: at 74468.187 ms fetching 724.998 ms
INFO: at 74534.256 ms batch [724.629] delay 65.482 ms
INFO: at 74534.256 ms fetching 724.629 ms
INFO: at 74600.312 ms batch [725.714] delay 65.482 ms
INFO: at 74600.312 ms fetching 725.714 ms
INFO: at 74666.327 ms batch [725.966] delay 65.482 ms
INFO: at 74666.327 ms fetching 725.966 ms
INFO: at 74732.388 ms batch [726.129] delay 65.482 ms
INFO: at 74732.388 ms fetching 726.129 ms
INFO: at 74798.465 ms batch [139.564] delay 65.482 ms
INFO: at 74798.465 ms fetching 139.564 ms
INFO: at 74864.567 ms batch [138.708] delay 65.482 ms
INFO: at 74864.567 ms fetching 138.708 ms
INFO: at 74930.524 ms batch [139.215] delay 65.482 ms
INFO: at 74930.524 ms fetching 139.215 ms
INFO: at 74996.914 ms batch [139.327] delay 65.482 ms
INFO: at 74996.914 ms fetching 139.327 ms
INFO: at 75063.068 ms batch [139.157] delay 65.482 ms
INFO: at 75063.068 ms fetching 139.157 ms
INFO: at 75129.157 ms batch [139.090] delay 65.482 ms
INFO: at 75129.157 ms fetching 139.090 ms
INFO: at 75195.273 ms batch [726.028] delay 65.482 ms
INFO: at 75195.273 ms fetching 726.028 ms
INFO: at 75261.432 ms batch [138.897] delay 65.482 ms
INFO: at 75261.432 ms fetching 138.897 ms
INFO: at 75327.710 ms batch [725.633] delay 65.482 ms
INFO: at 75327.710 ms fetching 725.633 ms
INFO: at 75394.052 ms batch [725.531] delay 65.482 ms
INFO: at 75394.052 ms fetching 725.531 ms
INFO: at 75460.501 ms batch [724.005] delay 65.482 ms
INFO: at 75460.501 ms fetching 724.005 ms
INFO: at 75526.970 ms batch [139.440] delay 65.482 ms
INFO: at 75526.970 ms fetching 139.440 ms
INFO: at 75593.446 ms batch [139.004] delay 65.482 ms
INFO: at 75593.446 ms fetching 139.004 ms
INFO: at 75659.920 ms batch [726.017] delay 65.482 ms
INFO: at 75659.920 ms fetching 726.017 ms
INFO: at 75726.401 ms batch [138.652] delay 65.482 ms
INFO: at 75726.401 ms fetching 138.652 ms
INFO: at 75792.897 ms batch [138.629] delay 65.482 ms
INFO: at 75792.897 ms fetching 138.629 ms
INFO: at 75859.430 ms batch [139.333] delay 65.482 ms
INFO: at 75859.430 ms fetching 139.333 ms
INFO: at 75925.932 ms batch [723.620] delay 65.482 ms
INFO: at 75925.932 ms fetching 723.620 ms
INFO: at 75992.443 ms batch [727.434] delay 65.482 ms
INFO: at 75992.443 ms fetching 727.434 ms
INFO: at 76058.987 ms batch [139.632] delay 65.482 ms
INFO: at 76058.987 ms fetching 139.632 ms
INFO: at 76125.521 ms batch [139.210] delay 65.482 ms
INFO: at 76125.521 ms fetching 139.210 ms
INFO: at 76191.611 ms batch [726.737] delay 65.482 ms
INFO: at 76191.611 ms fetching 726.737 ms
INFO: at 76257.854 ms batch [723.900] delay 65.482 ms
INFO: at 76257.854 ms fetching 723.900 ms
INFO: at 76324.076 ms batch [139.047] delay 65.482 ms
INFO: at 76324.076 ms fetching 139.047 ms
INFO: at 76390.288 ms batch [138.544] delay 172.635 ms
INFO: at 76390.288 ms fetching 138.544 ms
INFO: at 76563.594 ms batch [137.746] delay 172.635 ms
INFO: at 76563.594 ms fetching 137.746 ms
INFO: at 76736.914 ms batch [139.579] delay 172.635 ms
INFO: at 76736.914 ms fetching 139.579 ms
INFO: at 76910.217 ms batch [138.642] delay 172.635 ms
INFO: at 76910.217 ms fetching 138.642 ms
INFO: at 77083.856 ms batch [138.329] delay 172.635 ms
INFO: at 77083.856 ms fetching 138.329 ms
INFO: at 77257.508 ms batch [725.407] delay 172.635 ms
INFO: at 77257.508 ms fetching 725.407 ms
INFO: at 77431.319 ms batch [728.230] delay 172.635 ms
INFO: at 77431.319 ms fetching 728.230 ms
INFO: at 77604.979 ms batch [724.948] delay 172.635 ms
INFO: at 77604.979 ms fetching 724.948 ms
INFO: at 77778.684 ms batch [724.978] delay 172.635 ms
INFO: at 77778.684 ms fetching 724.978 ms
INFO: at 77952.374 ms batch [724.699] delay 172.635 ms
INFO: at 77952.374 ms fetching 724.699 ms
INFO: at 78126.084 ms batch [138.711] delay 172.635 ms
INFO: at 78126.084 ms fetching 138.711 ms
INFO: at 78299.783 ms batch [726.461] delay 189.898 ms
INFO: at 78299.783 ms fetching 726.461 ms
INFO: at 78490.505 ms batch [726.198] delay 189.898 ms
INFO: at 78490.505 ms fetching 726.198 ms
INFO: at 78681.642 ms batch [139.528] delay 189.898 ms
INFO: at 78681.642 ms fetching 139.528 ms
INFO: at 78872.172 ms batch [727.468] delay 189.898 ms
INFO: at 78872.172 ms fetching 727.468 ms
INFO: at 79062.603 ms batch [725.069] delay 189.898 ms
INFO: at 79062.603 ms fetching 725.069 ms
INFO: at 79252.943 ms batch [138.461] delay 189.898 ms
INFO: at 79252.943 ms fetching 138.461 ms
INFO: at 79444.062 ms batch [728.047] delay 189.898 ms
INFO: at 79444.062 ms fetching 728.047 ms
INFO: at 79634.457 ms batch [726.397] delay 189.898 ms
INFO: at 79634.457 ms fetching 726.397 ms
INFO: at 79824.794 ms batch [726.450] delay 189.898 ms
INFO: at 79824.794 ms fetching 726.450 ms
INFO: at 80015.304 ms batch [726.178] delay 189.898 ms
INFO: at 80015.304 ms fetching 726.178 ms
INFO: at 80205.660 ms batch [728.511] delay 237.373 ms
INFO: at 80205.660 ms fetching 728.511 ms
INFO: at 80444.923 ms batch [139.106] delay 237.373 ms
INFO: at 80444.923 ms fetching 139.106 ms
INFO: at 80684.400 ms batch [138.903] delay 237.373 ms
INFO: at 80684.400 ms fetching 138.903 ms
INFO: at 80923.927 ms batch [139.204] delay 237.373 ms
INFO: at 80923.927 ms fetching 139.204 ms
INFO: at 81162.109 ms batch [727.278] delay 237.373 ms
INFO: at 81162.109 ms fetching 727.278 ms
INFO: at 81401.645 ms batch [724.105] delay 237.373 ms
INFO: at 81401.645 ms fetching 724.105 ms
INFO: at 81641.059 ms batch [727.449] delay 237.373 ms
INFO: at 81641.059 ms fetching 727.449 ms
INFO: at 81880.515 ms batch [726.637] delay 237.373 ms
INFO: at 81880.515 ms fetching 726.637 ms
INFO: at 82119.976 ms batch [138.532] delay 126.599 ms
INFO: at 82119.976 ms fetching 138.532 ms
INFO: at 82247.586 ms batch [724.725] delay 126.599 ms
INFO: at 82247.586 ms fetching 724.725 ms
INFO: at 82374.983 ms batch [139.523] delay 126.599 ms
INFO: at 82374.983 ms fetching 139.523 ms
INFO: at 82502.279 ms batch [138.875] delay 126.599 ms
INFO: at 82502.279 ms fetching 138.875 ms
INFO: at 82629.558 ms batch [726.705] delay 126.599 ms
INFO: at 82629.558 ms fetching 726.705 ms
INFO: at 82756.825 ms batch [722.983] delay 126.599 ms
INFO: at 82756.825 ms fetching 722.983 ms
INFO: at 82884.130 ms batch [139.747] delay 126.599 ms
INFO: at 82884.130 ms fetching 139.747 ms
INFO: at 83011.423 ms batch [139.554] delay 126.599 ms
INFO: at 83011.423 ms fetching 139.554 ms
INFO: at 83138.742 ms batch [728.113] delay 126.599 ms
INFO: at 83138.742 ms fetching 728.113 ms
INFO: at 83266.037 ms batch [139.066] delay 126.599 ms
INFO: at 83266.037 ms fetching 139.066 ms
INFO: at 83393.359 ms batch [724.404] delay 126.599 ms
INFO: at 83393.359 ms fetching 724.404 ms
INFO: at 83520.541 ms batch [139.077] delay 126.599 ms
INFO: at 83520.541 ms fetching 139.077 ms
INFO: at 83648.057 ms batch [724.841] delay 126.599 ms
INFO: at 83648.057 ms fetching 724.841 ms
INFO: at 83775.321 ms batch [727.406] delay 126.599 ms
INFO: at 83775.321 ms fetching 727.406 ms
INFO: at 83902.562 ms batch [725.572] delay 126.599 ms
INFO: at 83902.562 ms fetching 725.572 ms
INFO: at 84029.797 ms batch [726.727] delay 172.635 ms
INFO: at 84029.797 ms fetching 726.727 ms
INFO: at 84203.077 ms batch [138.241] delay 172.635 ms
INFO: at 84203.077 ms fetching 138.241 ms
INFO: at 84376.370 ms batch [139.410] delay 172.635 ms
INFO: at 84376.370 ms fetching 139.410 ms
INFO: at 84549.670 ms batch [138.674] delay 172.635 ms
INFO: at 84549.670 ms fetching 138.674 ms
INFO: at 84723.719 ms batch [138.665] delay 172.635 ms
INFO: at 84723.719 ms fetching 138.665 ms
INFO: at 84896.994 ms batch [139.235] delay 172.635 ms
INFO: at 84896.994 ms fetching 139.235 ms
INFO: at 85070.720 ms batch [139.584] delay 172.635 ms
INFO: at 85070.720 ms fetching 139.584 ms
INFO: at 85244.478 ms batch [726.471] delay 172.635 ms
INFO: at 85244.478 ms fetching 726.471 ms
INFO: at 85418.079 ms batch [725.903] delay 172.635 ms
INFO: at 85418.079 ms fetching 725.903 ms
INFO: at 85591.633 ms batch [138.505] delay 172.635 ms
INFO: at 85591.633 ms fetching 138.505 ms
INFO: at 85765.221 ms batch [726.138] delay 172.635 ms
INFO: at 85765.221 ms fetching 726.138 ms
INFO: at 85938.389 ms batch [728.411] delay 172.635 ms
INFO: at 85938.389 ms fetching 728.411 ms
INFO: at 86111.471 ms batch [138.746] delay 172.635 ms
INFO: at 86111.471 ms fetching 138.746 ms
INFO: at 86285.007 ms batch [721.270] delay 172.635 ms
INFO: at 86285.007 ms fetching 721.270 ms
INFO: at 86458.552 ms batch [139.999] delay 172.635 ms
INFO: at 86458.552 ms fetching 139.999 ms
INFO: at 86632.073 ms batch [728.174] delay 172.635 ms
INFO: at 86632.073 ms fetching 728.174 ms
INFO: at 86806.057 ms batch [139.358] delay 172.635 ms
INFO: at 86806.057 ms fetching 139.358 ms
INFO: at 86979.843 ms batch [139.532] delay 172.635 ms
INFO: at 86979.843 ms fetching 139.532 ms
INFO: at 87154.418 ms batch [724.164] delay 172.635 ms
INFO: at 87154.418 ms fetching 724.164 ms
INFO: at 87328.190 ms batch [139.723] delay 172.635 ms
INFO: at 87328.190 ms fetching 139.723 ms
INFO: at 87501.787 ms batch [139.243] delay 172.635 ms
INFO: at 87501.787 ms fetching 139.243 ms
INFO: at 87675.528 ms batch [726.818] delay 172.635 ms
INFO: at 87675.528 ms fetching 726.818 ms
INFO: at 87849.480 ms batch [725.892] delay 210.998 ms
INFO: at 87849.480 ms fetching 725.892 ms
INFO: at 88061.495 ms batch [139.709] delay 210.998 ms
INFO: at 88061.495 ms fetching 139.709 ms
INFO: at 88273.486 ms batch [720.528] delay 210.998 ms
INFO: at 88273.486 ms fetching 720.528 ms
INFO: at 88485.349 ms batch [138.768] delay 210.998 ms
INFO: at 88485.349 ms fetching 138.768 ms
INFO: at 88697.072 ms batch [722.961] delay 210.998 ms
INFO: at 88697.072 ms fetching 722.961 ms
INFO: at 88908.622 ms batch [138.083] delay 210.998 ms
INFO: at 88908.622 ms fetching 138.083 ms
INFO: at 89120.147 ms batch [723.157] delay 210.998 ms
INFO: at 89120.147 ms fetching 723.157 ms
INFO: at 89332.567 ms batch [731.515] delay 210.998 ms
INFO: at 89332.567 ms fetching 731.515 ms
INFO: at 89544.209 ms batch [726.006] delay 210.998 ms
INFO: at 89544.209 ms fetching 726.006 ms
INFO: at 89756.643 ms batch [720.832] delay 210.998 ms
INFO: at 89756.643 ms fetching 720.832 ms
INFO: at 89968.969 ms batch [727.189] delay 210.998 ms
INFO: at 89968.969 ms fetching 727.189 ms
INFO: at 90181.267 ms batch [139.674] delay 210.998 ms
INFO: at 90181.267 ms fetching 139.674 ms
INFO: at 90393.582 ms batch [728.211] delay 210.998 ms
INFO: at 90393.582 ms fetching 728.211 ms
INFO: at 90605.030 ms batch [724.417] delay 210.998 ms
INFO: at 90605.030 ms fetching 724.417 ms
INFO: at 90817.459 ms batch [139.147] delay 210.998 ms
INFO: at 90817.459 ms fetching 139.147 ms
INFO: at 91029.680 ms batch [726.774] delay 210.998 ms
INFO: at 91029.680 ms fetching 726.774 ms
INFO: at 91241.922 ms batch [139.519] delay 210.998 ms
INFO: at 91241.922 ms fetching 139.519 ms
INFO: at 91454.155 ms batch [139.029] delay 210.998 ms
INFO: at 91454.155 ms fetching 139.029 ms
INFO: at 91665.773 ms batch [139.298] delay 158.249 ms
INFO: at 91665.773 ms fetching 139.298 ms
INFO: at 91825.022 ms batch [138.381] delay 158.249 ms
INFO: at 91825.022 ms fetching 138.381 ms
INFO: at 91984.226 ms batch [138.755] delay 158.249 ms
INFO: at 91984.226 ms fetching 138.755 ms
INFO: at 92143.388 ms batch [728.088] delay 158.249 ms
INFO: at 92143.388 ms fetching 728.088 ms
INFO: at 92302.551 ms batch [725.125] delay 158.249 ms
INFO: at 92302.551 ms fetching 725.125 ms
INFO: at 92461.724 ms batch [139.491] delay 158.249 ms
INFO: at 92461.724 ms fetching 139.491 ms
INFO: at 92621.308 ms batch [722.391] delay 158.249 ms
INFO: at 92621.308 ms fetching 722.391 ms
INFO: at 92780.703 ms batch [725.802] delay 158.249 ms
INFO: at 92780.703 ms fetching 725.802 ms
INFO: at 92939.905 ms batch [139.407] delay 158.249 ms
INFO: at 92939.905 ms fetching 139.407 ms
INFO: at 93099.060 ms batch [723.088] delay 158.249 ms
INFO: at 93099.060 ms fetching 723.088 ms
INFO: at 93258.247 ms batch [727.252] delay 158.249 ms
INFO: at 93258.247 ms fetching 727.252 ms
INFO: at 93417.450 ms batch [725.476] delay 158.249 ms
INFO: at 93417.450 ms fetching 725.476 ms
INFO: at 93576.644 ms batch [139.949] delay 210.998 ms
INFO: at 93576.644 ms fetching 139.949 ms
INFO: at 93788.529 ms batch [139.022] delay 210.998 ms
INFO: at 93788.529 ms fetching 139.022 ms
INFO: at 94000.849 ms batch [724.341] delay 210.998 ms
INFO: at 94000.849 ms fetching 724.341 ms
INFO: at 94213.141 ms batch [722.887] delay 210.998 ms
INFO: at 94213.141 ms fetching 722.887 ms
INFO: at 94425.430 ms batch [721.893] delay 210.998 ms
INFO: at 94425.430 ms fetching 721.893 ms
INFO: at 94637.705 ms batch [722.707] delay 210.998 ms
INFO: at 94637.705 ms fetching 722.707 ms
INFO: at 94849.205 ms batch [138.757] delay 210.998 ms
INFO: at 94849.205 ms fetching 138.757 ms
INFO: at 95061.554 ms batch [723.354] delay 210.998 ms
INFO: at 95061.554 ms fetching 723.354 ms
INFO: at 95273.791 ms batch [721.162] delay 210.998 ms
INFO: at 95273.791 ms fetching 721.162 ms
INFO: at 95486.022 ms batch [139.311] delay 189.898 ms
INFO: at 95486.022 ms fetching 139.311 ms
INFO: at 95677.250 ms batch [728.274] delay 189.898 ms
INFO: at 95677.250 ms fetching 728.274 ms
INFO: at 95867.951 ms batch [723.652] delay 189.898 ms
INFO: at 95867.951 ms fetching 723.652 ms
INFO: at 96059.264 ms batch [728.027] delay 189.898 ms
INFO: at 96059.264 ms fetching 728.027 ms
INFO: at 96250.477 ms batch [138.488] delay 189.898 ms
INFO: at 96250.477 ms fetching 138.488 ms
INFO: at 96441.659 ms batch [725.396] delay 189.898 ms
INFO: at 96441.659 ms fetching 725.396 ms
INFO: at 96632.861 ms batch [724.678] delay 189.898 ms
INFO: at 96632.861 ms fetching 724.678 ms
INFO: at 96823.452 ms batch [726.388] delay 189.898 ms
INFO: at 96823.452 ms fetching 726.388 ms
INFO: at 97014.710 ms batch [725.488] delay 189.898 ms
INFO: at 97014.710 ms fetching 725.488 ms
INFO: at 97205.918 ms batch [138.993] delay 189.898 ms
INFO: at 97205.918 ms fetching 138.993 ms
INFO: at 97397.027 ms batch [138.133] delay 146.076 ms
INFO: at 97397.027 ms fetching 138.133 ms
INFO: at 97543.829 ms batch [725.705] delay 146.076 ms
INFO: at 97543.829 ms fetching 725.705 ms
INFO: at 97691.013 ms batch [138.996] delay 146.076 ms
INFO: at 97691.013 ms fetching 138.996 ms
INFO: at 97837.994 ms batch [138.558] delay 146.076 ms
INFO: at 97837.994 ms fetching 138.558 ms
INFO: at 97985.232 ms batch [138.589] delay 146.076 ms
INFO: at 97985.232 ms fetching 138.589 ms
INFO: at 98132.429 ms batch [139.238] delay 146.076 ms
INFO: at 98132.429 ms fetching 139.238 ms
INFO: at 98279.584 ms batch [138.999] delay 146.076 ms
INFO: at 98279.584 ms fetching 138.999 ms
INFO: at 98426.742 ms batch [727.632] delay 146.076 ms
INFO: at 98426.742 ms fetching 727.632 ms
INFO: at 98573.921 ms batch [724.498] delay 146.076 ms
INFO: at 98573.921 ms fetching 724.498 ms
INFO: at 98721.119 ms batch [138.848] delay 146.076 ms
INFO: at 98721.119 ms fetching 138.848 ms
INFO: at 98867.492 ms batch [724.936] delay 146.076 ms
INFO: at 98867.492 ms fetching 724.936 ms
INFO: at 99014.724 ms batch [138.310] delay 146.076 ms
INFO: at 99014.724 ms fetching 138.310 ms
INFO: at 99161.926 ms batch [729.238] delay 146.076 ms
INFO: at 99161.926 ms fetching 729.238 ms
INFO: at 99309.095 ms batch [725.059] delay 237.373 ms
INFO: at 99309.095 ms fetching 725.059 ms
INFO: at 99548.421 ms batch [726.913] delay 237.373 ms
INFO: at 99548.421 ms fetching 726.913 ms
INFO: at 99787.732 ms batch [729.716] delay 237.373 ms
INFO: at 99787.732 ms fetching 729.716 ms
INFO: at 100025.708 ms batch [138.551] delay 237.373 ms
INFO: at 100025.708 ms fetching 138.551 ms
INFO: at 100265.080 ms batch [139.680] delay 237.373 ms
INFO: at 100265.080 ms fetching 139.680 ms
INFO: at 100504.389 ms batch [138.547] delay 237.373 ms
INFO: at 100504.389 ms fetching 138.547 ms
INFO: at 100743.652 ms batch [727.989] delay 237.373 ms
INFO: at 100743.652 ms fetching 727.989 ms
INFO: at 100982.923 ms batch [725.613] delay 237.373 ms
INFO: at 100982.923 ms fetching 725.613 ms
INFO: at 101222.211 ms batch [139.317] delay 189.898 ms
INFO: at 101222.211 ms fetching 139.317 ms
INFO: at 101413.522 ms batch [139.001] delay 189.898 ms
INFO: at 101413.522 ms fetching 139.001 ms
INFO: at 101604.728 ms batch [138.877] delay 189.898 ms
INFO: at 101604.728 ms fetching 138.877 ms
INFO: at 101795.947 ms batch [139.162] delay 189.898 ms
INFO: at 101795.947 ms fetching 139.162 ms
INFO: at 101987.157 ms batch [724.221] delay 189.898 ms
INFO: at 101987.157 ms fetching 724.221 ms
INFO: at 102178.225 ms batch [728.538] delay 189.898 ms
INFO: at 102178.225 ms fetching 728.538 ms
INFO: at 102369.518 ms batch [138.837] delay 189.898 ms
INFO: at 102369.518 ms fetching 138.837 ms
INFO: at 102560.752 ms batch [139.034] delay 189.898 ms
INFO: at 102560.752 ms fetching 139.034 ms
INFO: at 102751.976 ms batch [139.301] delay 189.898 ms
INFO: at 102751.976 ms fetching 139.301 ms
INFO: at 102943.182 ms batch [727.071] delay 189.898 ms
INFO: at 102943.182 ms fetching 727.071 ms
INFO: at 103134.356 ms batch [724.545] delay 271.283 ms
INFO: at 103134.356 ms fetching 724.545 ms
INFO: at 103406.705 ms batch [138.920] delay 271.283 ms
INFO: at 103406.705 ms fetching 138.920 ms
INFO: at 103678.977 ms batch [139.011] delay 271.283 ms
INFO: at 103678.977 ms fetching 139.011 ms
INFO: at 103951.254 ms batch [138.625] delay 271.283 ms
INFO: at 103951.254 ms fetching 138.625 ms
INFO: at 104224.181 ms batch [139.739] delay 271.283 ms
INFO: at 104224.181 ms fetching 139.739 ms
INFO: at 104496.507 ms batch [139.189] delay 271.283 ms
INFO: at 104496.507 ms fetching 139.189 ms
INFO: at 104768.775 ms batch [138.438] delay 271.283 ms
INFO: at 104768.775 ms fetching 138.438 ms
INFO: at 105040.893 ms batch [730.418] delay 189.898 ms
INFO: at 105040.893 ms fetching 730.418 ms
INFO: at 105231.163 ms batch [139.443] delay 189.898 ms
INFO: at 105231.163 ms fetching 139.443 ms
INFO: at 105422.393 ms batch [139.178] delay 189.898 ms
INFO: at 105422.393 ms fetching 139.178 ms
INFO: at 105613.564 ms batch [139.417] delay 189.898 ms
INFO: at 105613.564 ms fetching 139.417 ms
INFO: at 105804.701 ms batch [729.874] delay 189.898 ms
INFO: at 105804.701 ms fetching 729.874 ms
INFO: at 105994.967 ms batch [139.197] delay 189.898 ms
INFO: at 105994.967 ms fetching 139.197 ms
INFO: at 106186.121 ms batch [727.512] delay 189.898 ms
INFO: at 106186.121 ms fetching 727.512 ms
INFO: at 106377.286 ms batch [137.983] delay 189.898 ms
INFO: at 106377.286 ms fetching 137.983 ms
INFO: at 106568.472 ms batch [138.203] delay 189.898 ms
INFO: at 106568.472 ms fetching 138.203 ms
INFO: at 106759.643 ms batch [724.035] delay 189.898 ms
INFO: at 106759.643 ms fetching 724.035 ms
INFO: at 106950.494 ms batch [728.671] delay 237.373 ms
INFO: at 106950.494 ms fetching 728.671 ms
INFO: at 107189.760 ms batch [138.900] delay 237.373 ms
INFO: at 107189.760 ms fetching 138.900 ms
INFO: at 107428.996 ms batch [727.938] delay 237.373 ms
INFO: at 107428.996 ms fetching 727.938 ms
INFO: at 107668.242 ms batch [139.183] delay 237.373 ms
INFO: at 107668.242 ms fetching 139.183 ms
INFO: at 107905.926 ms batch [139.982] delay 237.373 ms
INFO: at 107905.926 ms fetching 139.982 ms
INFO: at 108145.177 ms batch [725.825] delay 237.373 ms
INFO: at 108145.177 ms fetching 725.825 ms
INFO: at 108384.449 ms batch [724.315] delay 237.373 ms
INFO: at 108384.449 ms fetching 724.315 ms
INFO: at 108623.693 ms batch [725.976] delay 237.373 ms
INFO: at 108623.693 ms fetching 725.976 ms
INFO: at 108862.319 ms batch [723.293] delay 172.635 ms
INFO: at 108862.319 ms fetching 723.293 ms
INFO: at 109035.531 ms batch [725.782] delay 172.635 ms
INFO: at 109035.531 ms fetching 725.782 ms
INFO: at 109208.693 ms batch [139.604] delay 172.635 ms
INFO: at 109208.693 ms fetching 139.604 ms
INFO: at 109381.991 ms batch [138.595] delay 172.635 ms
INFO: at 109381.991 ms fetching 138.595 ms
INFO: at 109555.152 ms batch [725.352] delay 172.635 ms
INFO: at 109555.152 ms fetching 725.352 ms
INFO: at 109728.318 ms batch [138.988] delay 172.635 ms
INFO: at 109728.318 ms fetching 138.988 ms
INFO: at 109901.531 ms batch [729.068] delay 172.635 ms
INFO: at 109901.531 ms fetching 729.068 ms
INFO: at 110074.711 ms batch [725.583] delay 172.635 ms
INFO: at 110074.711 ms fetching 725.583 ms
INFO: at 110247.883 ms batch [138.638] delay 172.635 ms
INFO: at 110247.883 ms fetching 138.638 ms
INFO: at 110421.061 ms batch [138.779] delay 172.635 ms
INFO: at 110421.061 ms fetching 138.779 ms
INFO: at 110594.263 ms batch [728.697] delay 172.635 ms
INFO: at 110594.263 ms fetching 728.697 ms
INFO: at 110767.496 ms batch [138.983] delay 189.898 ms
INFO: at 110767.496 ms fetching 138.983 ms
INFO: at 110958.754 ms batch [725.853] delay 189.898 ms
INFO: at 110958.754 ms fetching 725.853 ms
INFO: at 111149.955 ms batch [731.000] delay 189.898 ms
INFO: at 111149.955 ms fetching 731.000 ms
INFO: at 111341.139 ms batch [724.194] delay 189.898 ms
INFO: at 111341.139 ms fetching 724.194 ms
INFO: at 111532.364 ms batch [726.492] delay 189.898 ms
INFO: at 111532.364 ms fetching 726.492 ms
INFO: at 111723.578 ms batch [726.274] delay 189.898 ms
INFO: at 111723.578 ms fetching 726.274 ms
INFO: at 111914.607 ms batch [726.188] delay 189.898 ms
INFO: at 111914.607 ms fetching 726.188 ms
INFO: at 112105.868 ms batch [726.903] delay 189.898 ms
INFO: at 112105.868 ms fetching 726.903 ms
INFO: at 112297.084 ms batch [724.235] delay 189.898 ms
INFO: at 112297.084 ms fetching 724.235 ms
INFO: at 112488.317 ms batch [138.335] delay 189.898 ms
INFO: at 112488.317 ms fetching 138.335 ms
INFO: at 112679.540 ms batch [727.202] delay 210.998 ms
INFO: at 112679.540 ms fetching 727.202 ms
INFO: at 112891.621 ms batch [139.082] delay 210.998 ms
INFO: at 112891.621 ms fetching 139.082 ms
INFO: at 113103.930 ms batch [139.755] delay 210.998 ms
INFO: at 113103.930 ms fetching 139.755 ms
INFO: at 113316.159 ms batch [729.111] delay 210.998 ms
INFO: at 113316.159 ms fetching 729.111 ms
INFO: at 113528.371 ms batch [724.818] delay 210.998 ms
INFO: at 113528.371 ms fetching 724.818 ms
INFO: at 113740.602 ms batch [723.721] delay 210.998 ms
INFO: at 113740.602 ms fetching 723.721 ms
INFO: at 113952.565 ms batch [139.131] delay 210.998 ms
INFO: at 113952.565 ms fetching 139.131 ms
INFO: at 114164.916 ms batch [726.547] delay 210.998 ms
INFO: at 114164.916 ms fetching 726.547 ms
INFO: at 114376.494 ms batch [139.055] delay 210.998 ms
INFO: at 114376.494 ms fetching 139.055 ms
INFO: at 114588.716 ms batch [138.516] delay 189.898 ms
INFO: at 114588.716 ms fetching 138.516 ms
INFO: at 114779.950 ms batch [723.753] delay 189.898 ms
INFO: at 114779.950 ms fetching 723.753 ms
INFO: at 114970.395 ms batch [138.944] delay 189.898 ms
INFO: at 114970.395 ms fetching 138.944 ms
INFO: at 115161.668 ms batch [726.306] delay 189.898 ms
INFO: at 115161.668 ms fetching 726.306 ms
INFO: at 115352.858 ms batch [723.838] delay 189.898 ms
INFO: at 115352.858 ms fetching 723.838 ms
INFO: at 115544.066 ms batch [725.385] delay 189.898 ms
INFO: at 115544.066 ms fetching 725.385 ms
INFO: at 115735.260 ms batch [725.653] delay 189.898 ms
INFO: at 115735.260 ms fetching 725.653 ms
INFO: at 115926.095 ms batch [727.600] delay 189.898 ms
INFO: at 115926.095 ms fetching 727.600 ms
INFO: at 116117.351 ms batch [138.635] delay 189.898 ms
INFO: at 116117.351 ms fetching 138.635 ms
INFO: at 116308.552 ms batch [139.258] delay 189.898 ms
INFO: at 116308.552 ms fetching 139.258 ms
INFO: at 116499.771 ms batch [725.435] delay 189.898 ms
INFO: at 116499.771 ms fetching 725.435 ms
INFO: at 116690.972 ms batch [138.738] delay 189.898 ms
INFO: at 116690.972 ms fetching 138.738 ms
INFO: at 116881.847 ms batch [139.381] delay 189.898 ms
INFO: at 116881.847 ms fetching 139.381 ms
INFO: at 117073.108 ms batch [138.479] delay 189.898 ms
INFO: at 117073.108 ms fetching 138.479 ms
INFO: at 117264.331 ms batch [139.474] delay 189.898 ms
INFO: at 117264.331 ms fetching 139.474 ms
INFO: at 117455.519 ms batch [138.297] delay 189.898 ms
INFO: at 117455.519 ms fetching 138.297 ms
INFO: at 117646.720 ms batch [725.499] delay 189.898 ms
INFO: at 117646.720 ms fetching 725.499 ms
INFO: at 117837.925 ms batch [725.081] delay 189.898 ms
INFO: at 117837.925 ms fetching 725.081 ms
INFO: at 118028.325 ms batch [726.265] delay 189.898 ms
INFO: at 118028.325 ms fetching 726.265 ms
INFO: at 118219.602 ms batch [723.977] delay 189.898 ms
INFO: at 118219.602 ms fetching 723.977 ms
INFO: at 118410.806 ms batch [724.917] delay 237.373 ms
INFO: at 118410.806 ms fetching 724.917 ms
INFO: at 118650.043 ms batch [719.225] delay 237.373 ms
INFO: at 118650.043 ms fetching 719.225 ms
INFO: at 118889.291 ms batch [724.327] delay 237.373 ms
INFO: at 118889.291 ms fetching 724.327 ms
INFO: at 119127.237 ms batch [724.783] delay 237.373 ms
INFO: at 119127.237 ms fetching 724.783 ms
INFO: at 119366.548 ms batch [139.121] delay 237.373 ms
INFO: at 119366.548 ms fetching 139.121 ms
INFO: at 119605.801 ms batch [725.912] delay 237.373 ms
INFO: at 119605.801 ms fetching 725.912 ms
INFO: at 119845.037 ms batch [139.255] delay 237.373 ms
INFO: at 119845.037 ms fetching 139.255 ms
INFO: at 120083.676 ms batch [139.249] delay 237.373 ms
INFO: at 120083.676 ms fetching 139.249 ms
INFO: at 120322.973 ms batch [139.339] delay 210.998 ms
INFO: at 120322.973 ms fetching 139.339 ms
INFO: at 120535.182 ms batch [726.050] delay 210.998 ms
INFO: at 120535.182 ms fetching 726.050 ms
INFO: at 120747.398 ms batch [725.663] delay 210.998 ms
INFO: at 120747.398 ms fetching 725.663 ms
INFO: at 120960.194 ms batch [726.357] delay 210.998 ms
INFO: at 120960.194 ms fetching 726.357 ms
INFO: at 121172.477 ms batch [727.797] delay 210.998 ms
INFO: at 121172.477 ms fetching 727.797 ms
INFO: at 121384.683 ms batch [139.058] delay 210.998 ms
INFO: at 121384.683 ms fetching 139.058 ms
INFO: at 121596.898 ms batch [728.564] delay 210.998 ms
INFO: at 121596.898 ms fetching 728.564 ms
INFO: at 121808.935 ms batch [727.421] delay 210.998 ms
INFO: at 121808.935 ms fetching 727.421 ms
INFO: at 122021.206 ms batch [138.792] delay 210.998 ms
INFO: at 122021.206 ms fetching 138.792 ms
INFO: at 122233.472 ms batch [138.801] delay 271.283 ms
INFO: at 122233.472 ms fetching 138.801 ms
INFO: at 122505.724 ms batch [138.696] delay 271.283 ms
INFO: at 122505.724 ms fetching 138.696 ms
INFO: at 122778.221 ms batch [138.528] delay 271.283 ms
INFO: at 122778.221 ms fetching 138.528 ms
INFO: at 123050.550 ms batch [138.303] delay 271.283 ms
INFO: at 123050.550 ms fetching 138.303 ms
INFO: at 123322.816 ms batch [138.443] delay 271.283 ms
INFO: at 123322.816 ms fetching 138.443 ms
INFO: at 123595.079 ms batch [138.970] delay 271.283 ms
INFO: at 123595.079 ms fetching 138.970 ms
INFO: at 123867.306 ms batch [723.062] delay 271.283 ms
INFO: at 123867.306 ms fetching 723.062 ms
INFO: at 124139.690 ms batch [728.824] delay 210.998 ms
INFO: at 124139.690 ms fetching 728.824 ms
INFO: at 124351.859 ms batch [723.111] delay 210.998 ms
INFO: at 124351.859 ms fetching 723.111 ms
INFO: at 124564.004 ms batch [726.099] delay 210.998 ms
INFO: at 124564.004 ms fetching 726.099 ms
INFO: at 124776.252 ms batch [723.395] delay 210.998 ms
INFO: at 124776.252 ms fetching 723.395 ms
INFO: at 124988.417 ms batch [729.647] delay 210.998 ms
INFO: at 124988.417 ms fetching 729.647 ms
INFO: at 125200.592 ms batch [138.572] delay 210.998 ms
INFO: at 125200.592 ms fetching 138.572 ms
INFO: at 125412.790 ms batch [728.896] delay 210.998 ms
INFO: at 125412.790 ms fetching 728.896 ms
INFO: at 125624.563 ms batch [138.915] delay 210.998 ms
INFO: at 125624.563 ms fetching 138.915 ms
INFO: at 125836.810 ms batch [139.574] delay 210.998 ms
INFO: at 125836.810 ms fetching 139.574 ms
INFO: at 126049.031 ms batch [139.252] delay 158.249 ms
INFO: at 126049.031 ms fetching 139.252 ms
INFO: at 126208.185 ms batch [138.701] delay 158.249 ms
INFO: at 126208.185 ms fetching 138.701 ms
INFO: at 126367.322 ms batch [723.706] delay 158.249 ms
INFO: at 126367.322 ms fetching 723.706 ms
INFO: at 126526.272 ms batch [139.218] delay 158.249 ms
INFO: at 126526.272 ms fetching 139.218 ms
INFO: at 126685.452 ms batch [728.133] delay 158.249 ms
INFO: at 126685.452 ms fetching 728.133 ms
INFO: at 126844.597 ms batch [138.765] delay 158.249 ms
INFO: at 126844.597 ms fetching 138.765 ms
INFO: at 127003.775 ms batch [725.744] delay 158.249 ms
INFO: at 127003.775 ms fetching 725.744 ms
INFO: at 127162.940 ms batch [139.095] delay 158.249 ms
INFO: at 127162.940 ms fetching 139.095 ms
INFO: at 127322.111 ms batch [139.454] delay 158.249 ms
INFO: at 127322.111 ms fetching 139.454 ms
INFO: at 127481.660 ms batch [724.428] delay 158.249 ms
INFO: at 127481.660 ms fetching 724.428 ms
INFO: at 127640.866 ms batch [139.213] delay 158.249 ms
INFO: at 127640.866 ms fetching 139.213 ms
INFO: at 127800.062 ms batch [727.307] delay 158.249 ms
INFO: at 127800.062 ms fetching 727.307 ms
INFO: at 127959.230 ms batch [727.571] delay 172.635 ms
INFO: at 127959.230 ms fetching 727.571 ms
INFO: at 128132.413 ms batch [726.504] delay 172.635 ms
INFO: at 128132.413 ms fetching 726.504 ms
INFO: at 128305.617 ms batch [727.849] delay 172.635 ms
INFO: at 128305.617 ms fetching 727.849 ms
INFO: at 128478.500 ms batch [729.195] delay 172.635 ms
INFO: at 128478.500 ms fetching 729.195 ms
INFO: at 128651.716 ms batch [725.050] delay 172.635 ms
INFO: at 128651.716 ms fetching 725.050 ms
INFO: at 128824.906 ms batch [138.599] delay 172.635 ms
INFO: at 128824.906 ms fetching 138.599 ms
INFO: at 128998.122 ms batch [721.010] delay 172.635 ms
INFO: at 128998.122 ms fetching 721.010 ms
INFO: at 129171.305 ms batch [138.865] delay 172.635 ms
INFO: at 129171.305 ms fetching 138.865 ms
INFO: at 129344.498 ms batch [728.760] delay 172.635 ms
INFO: at 129344.498 ms fetching 728.760 ms
INFO: at 129517.698 ms batch [729.154] delay 172.635 ms
INFO: at 129517.698 ms fetching 729.154 ms
INFO: at 129691.887 ms batch [723.883] delay 172.635 ms
INFO: at 129691.887 ms fetching 723.883 ms
INFO: at 129865.144 ms batch [726.593] delay 158.249 ms
INFO: at 129865.144 ms fetching 726.593 ms
INFO: at 130024.359 ms batch [138.582] delay 158.249 ms
INFO: at 130024.359 ms fetching 138.582 ms
INFO: at 130183.559 ms batch [139.276] delay 158.249 ms
INFO: at 130183.559 ms fetching 139.276 ms
INFO: at 130342.760 ms batch [138.882] delay 158.249 ms
INFO: at 130342.760 ms fetching 138.882 ms
INFO: at 130501.952 ms batch [139.374] delay 158.249 ms
INFO: at 130501.952 ms fetching 139.374 ms
INFO: at 130661.170 ms batch [725.274] delay 158.249 ms
INFO: at 130661.170 ms fetching 725.274 ms
INFO: at 130820.641 ms batch [722.311] delay 158.249 ms
INFO: at 130820.641 ms fetching 722.311 ms
INFO: at 130979.971 ms batch [724.557] delay 158.249 ms
INFO: at 130979.971 ms fetching 724.557 ms
INFO: at 131139.163 ms batch [138.807] delay 158.249 ms
INFO: at 131139.163 ms fetching 138.807 ms
INFO: at 131298.346 ms batch [139.779] delay 158.249 ms
INFO: at 131298.346 ms fetching 139.779 ms
INFO: at 131457.561 ms batch [726.536] delay 158.249 ms
INFO: at 131457.561 ms fetching 726.536 ms
INFO: at 131616.760 ms batch [138.926] delay 158.249 ms
INFO: at 131616.760 ms fetching 138.926 ms
INFO: at 131776.004 ms batch [724.133] delay 158.249 ms
INFO: at 131776.004 ms fetching 724.133 ms
INFO: at 131934.631 ms batch [138.286] delay 158.249 ms
INFO: at 131934.631 ms fetching 138.286 ms
INFO: at 132093.927 ms batch [726.604] delay 158.249 ms
INFO: at 132093.927 ms fetching 726.604 ms
INFO: at 132253.116 ms batch [137.933] delay 158.249 ms
INFO: at 132253.116 ms fetching 137.933 ms
INFO: at 132412.311 ms batch [138.687] delay 158.249 ms
INFO: at 132412.311 ms fetching 138.687 ms
INFO: at 132571.486 ms batch [139.016] delay 158.249 ms
INFO: at 132571.486 ms fetching 139.016 ms
INFO: at 132730.672 ms batch [723.737] delay 158.249 ms
INFO: at 132730.672 ms fetching 723.737 ms
INFO: at 132889.862 ms batch [728.008] delay 158.249 ms
INFO: at 132889.862 ms fetching 728.008 ms
INFO: at 133049.344 ms batch [138.770] delay 158.249 ms
INFO: at 133049.344 ms fetching 138.770 ms
INFO: at 133208.621 ms batch [725.956] delay 158.249 ms
INFO: at 133208.621 ms fetching 725.956 ms
INFO: at 133367.834 ms batch [139.170] delay 158.249 ms
INFO: at 133367.834 ms fetching 139.170 ms
INFO: at 133527.013 ms batch [138.497] delay 158.249 ms
INFO: at 133527.013 ms fetching 138.497 ms
INFO: at 133686.203 ms batch [726.615] delay 126.599 ms
INFO: at 133686.203 ms fetching 726.615 ms
INFO: at 133813.378 ms batch [139.159] delay 126.599 ms
INFO: at 133813.378 ms fetching 139.159 ms
INFO: at 133940.533 ms batch [138.347] delay 126.599 ms
INFO: at 133940.533 ms fetching 138.347 ms
INFO: at 134067.733 ms batch [138.913] delay 126.599 ms
INFO: at 134067.733 ms fetching 138.913 ms
INFO: at 134194.752 ms batch [138.671] delay 126.599 ms
INFO: at 134194.752 ms fetching 138.671 ms
INFO: at 134322.012 ms batch [139.138] delay 126.599 ms
INFO: at 134322.012 ms fetching 139.138 ms
INFO: at 134449.185 ms batch [138.413] delay 126.599 ms
INFO: at 134449.185 ms fetching 138.413 ms
INFO: at 134576.356 ms batch [727.765] delay 126.599 ms
INFO: at 134576.356 ms fetching 727.765 ms
INFO: at 134703.517 ms batch [724.667] delay 126.599 ms
INFO: at 134703.517 ms fetching 724.667 ms
INFO: at 134830.671 ms batch [726.750] delay 126.599 ms
INFO: at 134830.671 ms fetching 726.750 ms
INFO: at 134957.835 ms batch [139.199] delay 126.599 ms
INFO: at 134957.835 ms fetching 139.199 ms
INFO: at 135085.011 ms batch [723.914] delay 126.599 ms
INFO: at 135085.011 ms fetching 723.914 ms
INFO: at 135212.271 ms batch [725.157] delay 126.599 ms
INFO: at 135212.271 ms fetching 725.157 ms
INFO: at 135339.193 ms batch [139.431] delay 126.599 ms
INFO: at 135339.193 ms fetching 139.431 ms
INFO: at 135466.450 ms batch [728.642] delay 126.599 ms
INFO: at 135466.450 ms fetching 728.642 ms
INFO: at 135593.630 ms batch [724.875] delay 237.373 ms
INFO: at 135593.630 ms fetching 724.875 ms
INFO: at 135832.911 ms batch [722.830] delay 237.373 ms
INFO: at 135832.911 ms fetching 722.830 ms
INFO: at 136072.249 ms batch [138.941] delay 237.373 ms
INFO: at 136072.249 ms fetching 138.941 ms
INFO: at 136311.560 ms batch [139.702] delay 237.373 ms
INFO: at 136311.560 ms fetching 139.702 ms
INFO: at 136549.502 ms batch [722.585] delay 237.373 ms
INFO: at 136549.502 ms fetching 722.585 ms
INFO: at 136788.909 ms batch [725.364] delay 237.373 ms
INFO: at 136788.909 ms fetching 725.364 ms
INFO: at 137028.230 ms batch [724.654] delay 237.373 ms
INFO: at 137028.230 ms fetching 724.654 ms
INFO: at 137267.501 ms batch [138.933] delay 237.373 ms
INFO: at 137267.501 ms fetching 138.933 ms
INFO: at 137506.803 ms batch [723.333] delay 189.898 ms
INFO: at 137506.803 ms fetching 723.333 ms
INFO: at 137697.272 ms batch [726.581] delay 189.898 ms
INFO: at 137697.272 ms fetching 726.581 ms
INFO: at 137887.639 ms batch [725.184] delay 189.898 ms
INFO: at 137887.639 ms fetching 725.184 ms
INFO: at 138078.846 ms batch [722.175] delay 189.898 ms
INFO: at 138078.846 ms fetching 722.175 ms
INFO: at 138270.042 ms batch [725.467] delay 189.898 ms
INFO: at 138270.042 ms fetching 725.467 ms
INFO: at 138461.242 ms batch [728.928] delay 189.898 ms
INFO: at 138461.242 ms fetching 728.928 ms
INFO: at 138652.372 ms batch [138.776] delay 189.898 ms
INFO: at 138652.372 ms fetching 138.776 ms
INFO: at 138843.624 ms batch [725.623] delay 189.898 ms
INFO: at 138843.624 ms fetching 725.623 ms
INFO: at 139034.838 ms batch [138.272] delay 189.898 ms
INFO: at 139034.838 ms fetching 138.272 ms
INFO: at 139226.031 ms batch [138.735] delay 189.898 ms
INFO: at 139226.031 ms fetching 138.735 ms
INFO: at 139417.241 ms batch [139.437] delay 210.998 ms
INFO: at 139417.241 ms fetching 139.437 ms
INFO: at 139629.499 ms batch [138.108] delay 210.998 ms
INFO: at 139629.499 ms fetching 138.108 ms
INFO: at 139841.756 ms batch [138.946] delay 210.998 ms
INFO: at 139841.756 ms fetching 138.946 ms
INFO: at 140054.057 ms batch [138.144] delay 210.998 ms
INFO: at 140054.057 ms fetching 138.144 ms
INFO: at 140266.283 ms batch [139.588] delay 210.998 ms
INFO: at 140266.283 ms fetching 139.588 ms
INFO: at 140478.595 ms batch [724.355] delay 210.998 ms
INFO: at 140478.595 ms fetching 724.355 ms
INFO: at 140690.816 ms batch [729.510] delay 210.998 ms
INFO: at 140690.816 ms fetching 729.510 ms
INFO: at 140902.961 ms batch [722.348] delay 210.998 ms
INFO: at 140902.961 ms fetching 722.348 ms
INFO: at 141115.236 ms batch [725.733] delay 210.998 ms
INFO: at 141115.236 ms fetching 725.733 ms
INFO: at 141327.464 ms batch [139.019] delay 158.249 ms
INFO: at 141327.464 ms fetching 139.019 ms
INFO: at 141486.630 ms batch [138.616] delay 158.249 ms
INFO: at 141486.630 ms fetching 138.616 ms
INFO: at 141645.792 ms batch [139.032] delay 158.249 ms
INFO: at 141645.792 ms fetching 139.032 ms
INFO: at 141804.680 ms batch [138.850] delay 158.249 ms
INFO: at 141804.680 ms fetching 138.850 ms
INFO: at 141963.940 ms batch [139.536] delay 158.249 ms
INFO: at 141963.940 ms fetching 139.536 ms
INFO: at 142123.116 ms batch [139.263] delay 158.249 ms
INFO: at 142123.116 ms fetching 139.263 ms
INFO: at 142282.275 ms batch [139.400] delay 158.249 ms
INFO: at 142282.275 ms fetching 139.400 ms
INFO: at 142441.451 ms batch [139.175] delay 158.249 ms
INFO: at 142441.451 ms fetching 139.175 ms
INFO: at 142600.617 ms batch [138.173] delay 158.249 ms
INFO: at 142600.617 ms fetching 138.173 ms
INFO: at 142760.611 ms batch [138.632] delay 158.249 ms
INFO: at 142760.611 ms fetching 138.632 ms
INFO: at 142919.875 ms batch [139.933] delay 158.249 ms
INFO: at 142919.875 ms fetching 139.933 ms
INFO: at 143078.989 ms batch [721.494] delay 158.249 ms
INFO: at 143078.989 ms fetching 721.494 ms
INFO: at 143238.091 ms batch [139.202] delay 94.949 ms
INFO: at 143238.091 ms fetching 139.202 ms
INFO: at 143334.160 ms batch [727.321] delay 94.949 ms
INFO: at 143334.160 ms fetching 727.321 ms
INFO: at 143430.197 ms batch [139.731] delay 94.949 ms
INFO: at 143430.197 ms fetching 139.731 ms
INFO: at 143526.240 ms batch [139.129] delay 94.949 ms
INFO: at 143526.240 ms fetching 139.129 ms
INFO: at 143622.289 ms batch [727.749] delay 94.949 ms
INFO: at 143622.289 ms fetching 727.749 ms
INFO: at 143718.344 ms batch [724.863] delay 94.949 ms
INFO: at 143718.344 ms fetching 724.863 ms
INFO: at 143814.412 ms batch [139.071] delay 94.949 ms
INFO: at 143814.412 ms fetching 139.071 ms
INFO: at 143910.491 ms batch [724.957] delay 94.949 ms
INFO: at 143910.491 ms fetching 724.957 ms
INFO: at 144006.520 ms batch [726.938] delay 94.949 ms
INFO: at 144006.520 ms fetching 726.938 ms
INFO: at 144102.606 ms batch [728.317] delay 94.949 ms
INFO: at 144102.606 ms fetching 728.317 ms
INFO: at 144198.713 ms batch [726.256] delay 94.949 ms
INFO: at 144198.713 ms fetching 726.256 ms
INFO: at 144294.823 ms batch [138.773] delay 94.949 ms
INFO: at 144294.823 ms fetching 138.773 ms
INFO: at 144390.934 ms batch [138.796] delay 94.949 ms
INFO: at 144390.934 ms fetching 138.796 ms
INFO: at 144487.067 ms batch [138.465] delay 94.949 ms
INFO: at 144487.067 ms fetching 138.465 ms
INFO: at 144583.210 ms batch [139.119] delay 94.949 ms
INFO: at 144583.210 ms fetching 139.119 ms
INFO: at 144679.351 ms batch [726.808] delay 94.949 ms
INFO: at 144679.351 ms fetching 726.808 ms
INFO: at 144775.508 ms batch [138.843] delay 94.949 ms
INFO: at 144775.508 ms fetching 138.843 ms
INFO: at 144871.666 ms batch [724.582] delay 94.949 ms
INFO: at 144871.666 ms fetching 724.582 ms
INFO: at 144967.828 ms batch [138.619] delay 94.949 ms
INFO: at 144967.828 ms fetching 138.619 ms
INFO: at 145064.009 ms batch [726.761] delay 94.949 ms
INFO: at 145064.009 ms fetching 726.761 ms
INFO: at 145159.949 ms batch [139.009] delay 172.635 ms
INFO: at 145159.949 ms fetching 139.009 ms
INFO: at 145333.238 ms batch [139.093] delay 172.635 ms
INFO: at 145333.238 ms fetching 139.093 ms
INFO: at 145506.531 ms batch [725.997] delay 172.635 ms
INFO: at 145506.531 ms fetching 725.997 ms
INFO: at 145679.788 ms batch [725.985] delay 172.635 ms
INFO: at 145679.788 ms fetching 725.985 ms
INFO: at 145853.045 ms batch [138.055] delay 172.635 ms
INFO: at 145853.045 ms fetching 138.055 ms
INFO: at 146026.362 ms batch [139.717] delay 172.635 ms
INFO: at 146026.362 ms fetching 139.717 ms
INFO: at 146199.966 ms batch [138.095] delay 172.635 ms
INFO: at 146199.966 ms fetching 138.095 ms
INFO: at 146373.805 ms batch [138.524] delay 172.635 ms
INFO: at 146373.805 ms fetching 138.524 ms
INFO: at 146547.091 ms batch [138.469] delay 172.635 ms
INFO: at 146547.091 ms fetching 138.469 ms
INFO: at 146720.726 ms batch [725.135] delay 172.635 ms
INFO: at 146720.726 ms fetching 725.135 ms
INFO: at 146894.096 ms batch [138.249] delay 172.635 ms
INFO: at 146894.096 ms fetching 138.249 ms
INFO: at 147067.728 ms batch [730.278] delay 237.373 ms
INFO: at 147067.728 ms fetching 730.278 ms
INFO: at 147307.418 ms batch [723.475] delay 237.373 ms
INFO: at 147307.418 ms fetching 723.475 ms
INFO: at 147546.844 ms batch [138.554] delay 237.373 ms
INFO: at 147546.844 ms fetching 138.554 ms
INFO: at 147784.826 ms batch [138.833] delay 237.373 ms
INFO: at 147784.826 ms fetching 138.833 ms
INFO: at 148024.339 ms batch [724.047] delay 237.373 ms
INFO: at 148024.339 ms fetching 724.047 ms
INFO: at 148263.716 ms batch [723.454] delay 237.373 ms
INFO: at 148263.716 ms fetching 723.454 ms
INFO: at 148503.071 ms batch [138.822] delay 237.373 ms
INFO: at 148503.071 ms fetching 138.822 ms
INFO: at 148742.438 ms batch [724.712] delay 237.373 ms
INFO: at 148742.438 ms fetching 724.712 ms
INFO: at 148980.997 ms batch [138.958] delay 237.373 ms
INFO: at 148980.997 ms fetching 138.958 ms
INFO: at 149220.559 ms batch [138.211] delay 237.373 ms
INFO: at 149220.559 ms fetching 138.211 ms
INFO: at 149459.882 ms batch [724.276] delay 237.373 ms
INFO: at 149459.882 ms fetching 724.276 ms
INFO: at 149699.157 ms batch [139.763] delay 237.373 ms
INFO: at 149699.157 ms fetching 139.763 ms
INFO: at 149937.550 ms batch [139.229] delay 237.373 ms
INFO: at 149937.550 ms fetching 139.229 ms
INFO: at 150176.906 ms batch [724.440] delay 237.373 ms
INFO: at 150176.906 ms fetching 724.440 ms
INFO: at 150416.199 ms batch [726.316] delay 237.373 ms
INFO: at 150416.199 ms fetching 726.316 ms
INFO: at 150655.445 ms batch [724.569] delay 237.373 ms
INFO: at 150655.445 ms fetching 724.569 ms
INFO: at 150893.473 ms batch [723.246] delay 172.635 ms
INFO: at 150893.473 ms fetching 723.246 ms
INFO: at 151066.728 ms batch [723.205] delay 172.635 ms
INFO: at 151066.728 ms fetching 723.205 ms
INFO: at 151239.909 ms batch [137.536] delay 172.635 ms
INFO: at 151239.909 ms fetching 137.536 ms
INFO: at 151413.062 ms batch [139.273] delay 172.635 ms
INFO: at 151413.062 ms fetching 139.273 ms
INFO: at 151586.256 ms batch [727.391] delay 172.635 ms
INFO: at 151586.256 ms fetching 727.391 ms
INFO: at 151759.814 ms batch [139.304] delay 172.635 ms
INFO: at 151759.814 ms fetching 139.304 ms
INFO: at 151933.027 ms batch [140.206] delay 172.635 ms
INFO: at 151933.027 ms fetching 140.206 ms
INFO: at 152106.225 ms batch [139.504] delay 172.635 ms
INFO: at 152106.225 ms fetching 139.504 ms
INFO: at 152279.405 ms batch [722.062] delay 172.635 ms
INFO: at 152279.405 ms fetching 722.062 ms
INFO: at 152452.585 ms batch [726.877] delay 172.635 ms
INFO: at 152452.585 ms fetching 726.877 ms
INFO: at 152625.821 ms batch [723.537] delay 172.635 ms
INFO: at 152625.821 ms fetching 723.537 ms
INFO: at 152799.137 ms batch [723.818] delay 135.642 ms
INFO: at 152799.137 ms fetching 723.818 ms
INFO: at 152935.331 ms batch [139.330] delay 135.642 ms
INFO: at 152935.331 ms fetching 139.330 ms
INFO: at 153071.494 ms batch [140.067] delay 135.642 ms
INFO: at 153071.494 ms fetching 140.067 ms
INFO: at 153207.645 ms batch [138.397] delay 135.642 ms
INFO: at 153207.645 ms fetching 138.397 ms
INFO: at 153343.796 ms batch [139.559] delay 135.642 ms
INFO: at 153343.796 ms fetching 139.559 ms
INFO: at 153479.963 ms batch [138.895] delay 135.642 ms
INFO: at 153479.963 ms fetching 138.895 ms
INFO: at 153616.132 ms batch [723.669] delay 135.642 ms
INFO: at 153616.132 ms fetching 723.669 ms
INFO: at 153752.342 ms batch [726.226] delay 135.642 ms
INFO: at 153752.342 ms fetching 726.226 ms
INFO: at 153888.398 ms batch [722.679] delay 135.642 ms
INFO: at 153888.398 ms fetching 722.679 ms
INFO: at 154024.791 ms batch [138.684] delay 135.642 ms
INFO: at 154024.791 ms fetching 138.684 ms
INFO: at 154160.996 ms batch [726.559] delay 135.642 ms
INFO: at 154160.996 ms fetching 726.559 ms
INFO: at 154297.179 ms batch [722.430] delay 135.642 ms
INFO: at 154297.179 ms fetching 722.430 ms
INFO: at 154433.411 ms batch [725.844] delay 135.642 ms
INFO: at 154433.411 ms fetching 725.844 ms
INFO: at 154569.592 ms batch [726.285] delay 135.642 ms
INFO: at 154569.592 ms fetching 726.285 ms
INFO: at 154705.786 ms batch [139.390] delay 172.635 ms
INFO: at 154705.786 ms fetching 139.390 ms
INFO: at 154879.048 ms batch [137.839] delay 172.635 ms
INFO: at 154879.048 ms fetching 137.839 ms
INFO: at 155052.934 ms batch [725.724] delay 172.635 ms
INFO: at 155052.934 ms fetching 725.724 ms
INFO: at 155226.260 ms batch [724.394] delay 172.635 ms
INFO: at 155226.260 ms fetching 724.394 ms
INFO: at 155399.482 ms batch [726.855] delay 172.635 ms
INFO: at 155399.482 ms fetching 726.855 ms
INFO: at 155572.705 ms batch [724.987] delay 172.635 ms
INFO: at 155572.705 ms fetching 724.987 ms
INFO: at 155745.974 ms batch [139.061] delay 172.635 ms
INFO: at 155745.974 ms fetching 139.061 ms
INFO: at 155919.222 ms batch [728.067] delay 172.635 ms
INFO: at 155919.222 ms fetching 728.067 ms
INFO: at 156092.484 ms batch [139.293] delay 172.635 ms
INFO: at 156092.484 ms fetching 139.293 ms
INFO: at 156265.431 ms batch [723.948] delay 172.635 ms
INFO: at 156265.431 ms fetching 723.948 ms
INFO: at 156438.786 ms batch [139.267] delay 172.635 ms
INFO: at 156438.786 ms fetching 139.267 ms
INFO: at 156611.990 ms batch [722.500] delay 210.998 ms
INFO: at 156611.990 ms fetching 722.500 ms
INFO: at 156824.237 ms batch [139.466] delay 210.998 ms
INFO: at 156824.237 ms fetching 139.466 ms
INFO: at 157036.492 ms batch [138.963] delay 210.998 ms
INFO: at 157036.492 ms fetching 138.963 ms
INFO: at 157248.788 ms batch [727.334] delay 210.998 ms
INFO: at 157248.788 ms fetching 727.334 ms
INFO: at 157460.991 ms batch [723.225] delay 210.998 ms
INFO: at 157460.991 ms fetching 723.225 ms
INFO: at 157673.431 ms batch [138.879] delay 210.998 ms
INFO: at 157673.431 ms fetching 138.879 ms
INFO: at 157885.686 ms batch [726.157] delay 210.998 ms
INFO: at 157885.686 ms fetching 726.157 ms
INFO: at 158097.915 ms batch [138.019] delay 210.998 ms
INFO: at 158097.915 ms fetching 138.019 ms
INFO: at 158310.150 ms batch [138.951] delay 210.998 ms
INFO: at 158310.150 ms fetching 138.951 ms
INFO: at 158521.997 ms batch [721.945] delay 172.635 ms
INFO: at 158521.997 ms fetching 721.945 ms
INFO: at 158695.251 ms batch [138.799] delay 172.635 ms
INFO: at 158695.251 ms fetching 138.799 ms
INFO: at 158868.444 ms batch [138.804] delay 172.635 ms
INFO: at 158868.444 ms fetching 138.804 ms
INFO: at 159041.635 ms batch [724.852] delay 172.635 ms
INFO: at 159041.635 ms fetching 724.852 ms
INFO: at 159214.826 ms batch [139.428] delay 172.635 ms
INFO: at 159214.826 ms fetching 139.428 ms
INFO: at 159388.027 ms batch [723.964] delay 172.635 ms
INFO: at 159388.027 ms fetching 723.964 ms
INFO: at 159562.231 ms batch [724.178] delay 172.635 ms
INFO: at 159562.231 ms fetching 724.178 ms
INFO: at 159735.497 ms batch [724.466] delay 172.635 ms
INFO: at 159735.497 ms fetching 724.466 ms
INFO: at 159908.672 ms batch [727.021] delay 172.635 ms
INFO: at 159908.672 ms fetching 727.021 ms
INFO: at 160081.874 ms batch [725.458] delay 172.635 ms
INFO: at 160081.874 ms fetching 725.458 ms
INFO: at 160255.066 ms batch [139.165] delay 172.635 ms
INFO: at 160255.066 ms fetching 139.165 ms
INFO: at 160428.260 ms batch [138.323] delay 158.249 ms
INFO: at 160428.260 ms fetching 138.323 ms
INFO: at 160587.055 ms batch [139.867] delay 158.249 ms
INFO: at 160587.055 ms fetching 139.867 ms
INFO: at 160746.282 ms batch [138.226] delay 158.249 ms
INFO: at 160746.282 ms fetching 138.226 ms
INFO: at 160905.469 ms batch [725.763] delay 158.249 ms
INFO: at 160905.469 ms fetching 725.763 ms
INFO: at 161064.636 ms batch [720.175] delay 158.249 ms
INFO: at 161064.636 ms fetching 720.175 ms
INFO: at 161223.828 ms batch [139.348] delay 158.249 ms
INFO: at 161223.828 ms fetching 139.348 ms
INFO: at 161383.004 ms batch [727.527] delay 158.249 ms
INFO: at 161383.004 ms fetching 727.527 ms
INFO: at 161542.209 ms batch [726.926] delay 158.249 ms
INFO: at 161542.209 ms fetching 726.926 ms
INFO: at 161701.162 ms batch [722.735] delay 158.249 ms
INFO: at 161701.162 ms fetching 722.735 ms
INFO: at 161860.427 ms batch [138.784] delay 158.249 ms
INFO: at 161860.427 ms fetching 138.784 ms
INFO: at 162019.608 ms batch [726.235] delay 158.249 ms
INFO: at 162019.608 ms fetching 726.235 ms
INFO: at 162178.785 ms batch [138.612] delay 158.249 ms
INFO: at 162178.785 ms fetching 138.612 ms
INFO: at 162337.968 ms batch [722.266] delay 172.635 ms
INFO: at 162337.968 ms fetching 722.266 ms
INFO: at 162511.181 ms batch [725.028] delay 172.635 ms
INFO: at 162511.181 ms fetching 725.028 ms
INFO: at 162684.403 ms batch [139.626] delay 172.635 ms
INFO: at 162684.403 ms fetching 139.626 ms
INFO: at 162857.580 ms batch [138.536] delay 172.635 ms
INFO: at 162857.580 ms fetching 138.536 ms
INFO: at 163030.755 ms batch [139.361] delay 172.635 ms
INFO: at 163030.755 ms fetching 139.361 ms
INFO: at 163203.968 ms batch [725.813] delay 172.635 ms
INFO: at 163203.968 ms fetching 725.813 ms
INFO: at 163377.164 ms batch [725.146] delay 172.635 ms
INFO: at 163377.164 ms fetching 725.146 ms
INFO: at 163550.389 ms batch [726.207] delay 172.635 ms
INFO: at 163550.389 ms fetching 726.207 ms
INFO: at 163723.592 ms batch [725.447] delay 172.635 ms
INFO: at 163723.592 ms fetching 725.447 ms
INFO: at 163896.986 ms batch [723.413] delay 172.635 ms
INFO: at 163896.986 ms fetching 723.413 ms
INFO: at 164070.307 ms batch [139.336] delay 172.635 ms
INFO: at 164070.307 ms fetching 139.336 ms
INFO: at 164243.507 ms batch [138.812] delay 126.599 ms
INFO: at 164243.507 ms fetching 138.812 ms
INFO: at 164370.651 ms batch [725.039] delay 126.599 ms
INFO: at 164370.651 ms fetching 725.039 ms
INFO: at 164497.793 ms batch [139.507] delay 126.599 ms
INFO: at 164497.793 ms fetching 139.507 ms
INFO: at 164624.953 ms batch [139.463] delay 126.599 ms
INFO: at 164624.953 ms fetching 139.463 ms
INFO: at 164752.135 ms batch [726.428] delay 126.599 ms
INFO: at 164752.135 ms fetching 726.428 ms
INFO: at 164879.309 ms batch [725.874] delay 126.599 ms
INFO: at 164879.309 ms fetching 725.874 ms
INFO: at 165006.403 ms batch [138.991] delay 126.599 ms
INFO: at 165006.403 ms fetching 138.991 ms
INFO: at 165133.653 ms batch [140.042] delay 126.599 ms
INFO: at 165133.653 ms fetching 140.042 ms
INFO: at 165260.812 ms batch [138.264] delay 126.599 ms
INFO: at 165260.812 ms fetching 138.264 ms
INFO: at 165387.990 ms batch [727.084] delay 126.599 ms
INFO: at 165387.990 ms fetching 727.084 ms
INFO: at 165515.156 ms batch [724.120] delay 126.599 ms
INFO: at 165515.156 ms fetching 724.120 ms
INFO: at 165642.329 ms batch [139.424] delay 126.599 ms
INFO: at 165642.329 ms fetching 139.424 ms
INFO: at 165769.522 ms batch [722.120] delay 126.599 ms
INFO: at 165769.522 ms fetching 722.120 ms
INFO: at 165896.726 ms batch [726.995] delay 126.599 ms
INFO: at 165896.726 ms fetching 726.995 ms
INFO: at 166023.985 ms batch [721.755] delay 126.599 ms
INFO: at 166023.985 ms fetching 721.755 ms
INFO: at 166152.430 ms batch [727.496] delay 210.998 ms
INFO: at 166152.430 ms fetching 727.496 ms
INFO: at 166364.843 ms batch [724.090] delay 210.998 ms
INFO: at 166364.843 ms fetching 724.090 ms
INFO: at 166577.128 ms batch [139.100] delay 210.998 ms
INFO: at 166577.128 ms fetching 139.100 ms
INFO: at 166789.430 ms batch [139.152] delay 210.998 ms
INFO: at 166789.430 ms fetching 139.152 ms
INFO: at 167001.674 ms batch [138.855] delay 210.998 ms
INFO: at 167001.674 ms fetching 138.855 ms
INFO: at 167213.928 ms batch [725.102] delay 210.998 ms
INFO: at 167213.928 ms fetching 725.102 ms
INFO: at 167425.353 ms batch [726.797] delay 210.998 ms
INFO: at 167425.353 ms fetching 726.797 ms
INFO: at 167637.698 ms batch [722.229] delay 210.998 ms
INFO: at 167637.698 ms fetching 722.229 ms
INFO: at 167850.053 ms batch [728.392] delay 210.998 ms
INFO: at 167850.053 ms fetching 728.392 ms
INFO: at 168062.280 ms batch [721.815] delay 189.898 ms
INFO: at 168062.280 ms fetching 721.815 ms
INFO: at 168253.507 ms batch [725.541] delay 189.898 ms
INFO: at 168253.507 ms fetching 725.541 ms
INFO: at 168444.736 ms batch [728.864] delay 189.898 ms
INFO: at 168444.736 ms fetching 728.864 ms
INFO: at 168636.031 ms batch [727.714] delay 189.898 ms
INFO: at 168636.031 ms fetching 727.714 ms
INFO: at 168826.362 ms batch [139.232] delay 189.898 ms
INFO: at 168826.362 ms fetching 139.232 ms
INFO: at 169017.587 ms batch [725.864] delay 189.898 ms
INFO: at 169017.587 ms fetching 725.864 ms
INFO: at 169208.788 ms batch [138.655] delay 189.898 ms
INFO: at 169208.788 ms fetching 138.655 ms
INFO: at 169400.032 ms batch [139.134] delay 189.898 ms
INFO: at 169400.032 ms fetching 139.134 ms
INFO: at 169590.710 ms batch [727.175] delay 189.898 ms
INFO: at 169590.710 ms fetching 727.175 ms
INFO: at 169781.992 ms batch [725.674] delay 189.898 ms
INFO: at 169781.992 ms fetching 725.674 ms
INFO: at 169973.199 ms batch [724.642] delay 172.635 ms
INFO: at 169973.199 ms fetching 724.642 ms
INFO: at 170146.407 ms batch [138.845] delay 172.635 ms
INFO: at 170146.407 ms fetching 138.845 ms
INFO: at 170319.593 ms batch [138.585] delay 172.635 ms
INFO: at 170319.593 ms fetching 138.585 ms
INFO: at 170492.785 ms batch [724.796] delay 172.635 ms
INFO: at 170492.785 ms fetching 724.796 ms
INFO: at 170666.283 ms batch [723.581] delay 172.635 ms
INFO: at 170666.283 ms fetching 723.581 ms
INFO: at 170839.564 ms batch [726.891] delay 172.635 ms
INFO: at 170839.564 ms fetching 726.891 ms
INFO: at 171012.772 ms batch [139.515] delay 172.635 ms
INFO: at 171012.772 ms fetching 139.515 ms
INFO: at 171185.969 ms batch [728.617] delay 172.635 ms
INFO: at 171185.969 ms fetching 728.617 ms
INFO: at 171359.159 ms batch [139.116] delay 172.635 ms
INFO: at 171359.159 ms fetching 139.116 ms
INFO: at 171532.352 ms batch [139.771] delay 172.635 ms
INFO: at 171532.352 ms fetching 139.771 ms
INFO: at 171705.482 ms batch [729.960] delay 172.635 ms
INFO: at 171705.482 ms fetching 729.960 ms
INFO: at 171878.737 ms batch [138.930] delay 146.076 ms
INFO: at 171878.737 ms fetching 138.930 ms
INFO: at 172025.914 ms batch [725.175] delay 146.076 ms
INFO: at 172025.914 ms fetching 725.175 ms
INFO: at 172173.073 ms batch [138.960] delay 146.076 ms
INFO: at 172173.073 ms fetching 138.960 ms
INFO: at 172320.268 ms batch [139.269] delay 146.076 ms
INFO: at 172320.268 ms fetching 139.269 ms
INFO: at 172467.446 ms batch [138.965] delay 146.076 ms
INFO: at 172467.446 ms fetching 138.965 ms
INFO: at 172614.623 ms batch [723.517] delay 146.076 ms
INFO: at 172614.623 ms fetching 723.517 ms
INFO: at 172761.838 ms batch [730.049] delay 146.076 ms
INFO: at 172761.838 ms fetching 730.049 ms
INFO: at 172909.104 ms batch [139.620] delay 146.076 ms
INFO: at 172909.104 ms fetching 139.620 ms
INFO: at 173056.294 ms batch [730.569] delay 146.076 ms
INFO: at 173056.294 ms fetching 730.569 ms
INFO: at 173203.464 ms batch [138.938] delay 146.076 ms
INFO: at 173203.464 ms fetching 138.938 ms
INFO: at 173350.625 ms batch [722.934] delay 146.076 ms
INFO: at 173350.625 ms fetching 722.934 ms
INFO: at 173497.798 ms batch [729.330] delay 146.076 ms
INFO: at 173497.798 ms fetching 729.330 ms
INFO: at 173644.974 ms batch [725.695] delay 146.076 ms
INFO: at 173644.974 ms fetching 725.695 ms
INFO: at 173792.188 ms batch [139.541] delay 135.642 ms
INFO: at 173792.188 ms fetching 139.541 ms
INFO: at 173929.807 ms batch [138.923] delay 135.642 ms
INFO: at 173929.807 ms fetching 138.923 ms
INFO: at 174066.049 ms batch [725.263] delay 135.642 ms
INFO: at 174066.049 ms fetching 725.263 ms
INFO: at 174202.228 ms batch [139.384] delay 135.642 ms
INFO: at 174202.228 ms fetching 139.384 ms
INFO: at 174338.404 ms batch [727.481] delay 135.642 ms
INFO: at 174338.404 ms fetching 727.481 ms
INFO: at 174474.581 ms batch [137.959] delay 135.642 ms
INFO: at 174474.581 ms fetching 137.959 ms
INFO: at 174610.762 ms batch [723.269] delay 135.642 ms
INFO: at 174610.762 ms fetching 723.269 ms
INFO: at 174746.976 ms batch [724.885] delay 135.642 ms
INFO: at 174746.976 ms fetching 724.885 ms
INFO: at 174883.202 ms batch [138.193] delay 135.642 ms
INFO: at 174883.202 ms fetching 138.193 ms
INFO: at 175019.429 ms batch [138.153] delay 135.642 ms
INFO: at 175019.429 ms fetching 138.153 ms
INFO: at 175156.854 ms batch [138.233] delay 135.642 ms
INFO: at 175156.854 ms fetching 138.233 ms
INFO: at 175293.347 ms batch [139.191] delay 135.642 ms
INFO: at 175293.347 ms fetching 139.191 ms
INFO: at 175429.572 ms batch [727.815] delay 135.642 ms
INFO: at 175429.572 ms fetching 727.815 ms
INFO: at 175565.765 ms batch [138.592] delay 135.642 ms
INFO: at 175565.765 ms fetching 138.592 ms
INFO: at 175701.975 ms batch [724.149] delay 172.635 ms
INFO: at 175701.975 ms fetching 724.149 ms
INFO: at 175875.231 ms batch [138.956] delay 172.635 ms
INFO: at 175875.231 ms fetching 138.956 ms
INFO: at 176048.501 ms batch [730.750] delay 172.635 ms
INFO: at 176048.501 ms fetching 730.750 ms
INFO: at 176221.811 ms batch [725.642] delay 172.635 ms
INFO: at 176221.811 ms fetching 725.642 ms
INFO: at 176395.205 ms batch [139.053] delay 172.635 ms
INFO: at 176395.205 ms fetching 139.053 ms
INFO: at 176568.542 ms batch [139.668] delay 172.635 ms
INFO: at 176568.542 ms fetching 139.668 ms
INFO: at 176741.742 ms batch [725.375] delay 172.635 ms
INFO: at 176741.742 ms fetching 725.375 ms
INFO: at 176914.967 ms batch [137.670] delay 172.635 ms
INFO: at 176914.967 ms fetching 137.670 ms
INFO: at 177088.229 ms batch [726.119] delay 172.635 ms
INFO: at 177088.229 ms fetching 726.119 ms
INFO: at 177261.503 ms batch [726.070] delay 172.635 ms
INFO: at 177261.503 ms fetching 726.070 ms
INFO: at 177434.783 ms batch [724.381] delay 172.635 ms
INFO: at 177434.783 ms fetching 724.381 ms
INFO: at 177608.046 ms batch [139.594] delay 189.898 ms
INFO: at 177608.046 ms fetching 139.594 ms
INFO: at 177798.436 ms batch [139.414] delay 189.898 ms
INFO: at 177798.436 ms fetching 139.414 ms
INFO: at 177989.700 ms batch [726.866] delay 189.898 ms
INFO: at 177989.700 ms fetching 726.866 ms
INFO: at 178180.939 ms batch [727.663] delay 189.898 ms
INFO: at 178180.939 ms fetching 727.663 ms
INFO: at 178372.216 ms batch [138.219] delay 189.898 ms
INFO: at 178372.216 ms fetching 138.219 ms
INFO: at 178563.476 ms batch [140.464] delay 189.898 ms
INFO: at 178563.476 ms fetching 140.464 ms
INFO: at 178754.701 ms batch [138.566] delay 189.898 ms
INFO: at 178754.701 ms fetching 138.566 ms
INFO: at 178945.037 ms batch [138.906] delay 189.898 ms
INFO: at 178945.037 ms fetching 138.906 ms
INFO: at 179136.303 ms batch [726.335] delay 189.898 ms
INFO: at 179136.303 ms fetching 726.335 ms
INFO: at 179327.538 ms batch [139.377] delay 189.898 ms
INFO: at 179327.538 ms fetching 139.377 ms
INFO: at 179518.711 ms batch [724.907] delay 135.642 ms
INFO: at 179518.711 ms fetching 724.907 ms
INFO: at 179654.897 ms batch [139.904] delay 135.642 ms
INFO: at 179654.897 ms fetching 139.904 ms
INFO: at 179790.958 ms batch [139.694] delay 135.642 ms
INFO: at 179790.958 ms fetching 139.694 ms
INFO: at 179927.269 ms batch [726.060] delay 135.642 ms
INFO: at 179927.269 ms fetching 726.060 ms
INFO: at 180063.442 ms batch [721.401] delay 135.642 ms
INFO: at 180063.442 ms fetching 721.401 ms
INFO: at 180199.612 ms batch [138.645] delay 135.642 ms
INFO: at 180199.612 ms fetching 138.645 ms
INFO: at 180335.782 ms batch [139.024] delay 135.642 ms
INFO: at 180335.782 ms fetching 139.024 ms
INFO: at 180471.943 ms batch [138.433] delay 135.642 ms
INFO: at 180471.943 ms fetching 138.433 ms
INFO: at 180608.126 ms batch [726.089] delay 135.642 ms
INFO: at 180608.126 ms fetching 726.089 ms
INFO: at 180744.312 ms batch [726.481] delay 135.642 ms
INFO: at 180744.312 ms fetching 726.481 ms
INFO: at 180881.004 ms batch [727.008] delay 135.642 ms
INFO: at 180881.004 ms fetching 727.008 ms
INFO: at 181017.318 ms batch [723.803] delay 135.642 ms
INFO: at 181017.318 ms fetching 723.803 ms
INFO: done
INFO: stopping nexus
