Starting Python Closure container
Connecting to Clipper with default port: 7000
/usr/local/lib/python3.7/runpy.py:125: RuntimeWarning: 'clipper_admin.metrics.server' found in sys.modules after import of package 'clipper_admin.metrics', but prior to execution of 'clipper_admin.metrics.server'; this may result in unpredictable behaviour
  warn(RuntimeWarning(msg))
21-12-07:07:07:45 INFO     [server.py:80] Metric Server Started!
21-12-07:07:07:45 INFO     [server.py:85] Redis Connected! Waiting for messages...
Serving predictions for floats input type.
Sent heartbeat!
Received heartbeat!
Sent container metadata!
Got start of message 0 
fake_model: serving batch [[1.]], sleeping for 1.00ms = 0.67 + 0.33 * 1 * 1.00
fake_model: returning [1.0]
recv: 0.000332 s, parse: 0.000005 s, handle: 0.001567 s
Got start of message 1 
fake_model: serving batch [[6.951198]], sleeping for 6.95ms = 4.69 + 0.33 * 1 * 6.95
fake_model: returning [6.951198]
recv: 0.000144 s, parse: 0.000005 s, handle: 0.007240 s
Got start of message 2 
fake_model: serving batch [[5.9550376]
 [6.2854466]
 [5.692325 ]
 [6.5617733]
 [6.4695444]
 [5.6074033]], sleeping for 17.26ms = 4.42 + 0.33 * 6 * 6.56
fake_model: returning [5.9550376, 6.2854466, 5.692325, 6.5617733, 6.4695444, 5.6074033]
recv: 0.000116 s, parse: 0.000003 s, handle: 0.017535 s
Got start of message 3 
fake_model: serving batch [[6.0316057]], sleeping for 6.03ms = 4.07 + 0.33 * 1 * 6.03
fake_model: returning [6.0316057]
recv: 0.000090 s, parse: 0.000002 s, handle: 0.006210 s
Got start of message 4 
fake_model: serving batch [[7.0358276]], sleeping for 7.04ms = 4.74 + 0.33 * 1 * 7.04
fake_model: returning [7.0358276]
recv: 0.000080 s, parse: 0.000002 s, handle: 0.007208 s
Got start of message 5 
fake_model: serving batch [[7.926811 ]
 [5.9498043]
 [7.456821 ]
 [6.9053   ]
 [5.6648045]
 [8.184884 ]
 [5.480033 ]
 [5.317572 ]], sleeping for 26.86ms = 5.52 + 0.33 * 8 * 8.18
fake_model: returning [7.926811, 5.9498043, 7.456821, 6.9053, 5.6648045, 8.184884, 5.480033, 5.317572]
recv: 0.000115 s, parse: 0.000003 s, handle: 0.027167 s
Got start of message 6 
fake_model: serving batch [[9.131747]], sleeping for 9.13ms = 6.16 + 0.33 * 1 * 9.13
fake_model: returning [9.131747]
recv: 0.000123 s, parse: 0.000005 s, handle: 0.009403 s
Got start of message 7 
fake_model: serving batch [[7.0817995]
 [6.3875313]
 [6.373894 ]
 [6.2860556]
 [5.802696 ]
 [5.861909 ]
 [5.758879 ]
 [6.179427 ]], sleeping for 23.24ms = 4.77 + 0.33 * 8 * 7.08
fake_model: returning [7.0817995, 6.3875313, 6.373894, 6.2860556, 5.802696, 5.861909, 5.758879, 6.179427]
recv: 0.000102 s, parse: 0.000003 s, handle: 0.023530 s
Got start of message 8 
fake_model: serving batch [[6.6274986]
 [5.447228 ]
 [7.4957876]
 [6.128058 ]
 [6.0922184]
 [5.756213 ]], sleeping for 19.71ms = 5.05 + 0.33 * 6 * 7.50
fake_model: returning [6.6274986, 5.447228, 7.4957876, 6.128058, 6.0922184, 5.756213]
recv: 0.000101 s, parse: 0.000003 s, handle: 0.019968 s
Got start of message 9 
fake_model: serving batch [[5.2911053]], sleeping for 5.29ms = 3.57 + 0.33 * 1 * 5.29
fake_model: returning [5.2911053]
recv: 0.000112 s, parse: 0.000003 s, handle: 0.005459 s
Got start of message 10 
fake_model: serving batch [[5.650466 ]
 [5.494281 ]
 [5.330508 ]
 [6.7068334]
 [7.4821825]
 [4.2637215]
 [7.6077595]
 [6.712203 ]], sleeping for 24.97ms = 5.13 + 0.33 * 8 * 7.61
fake_model: returning [5.650466, 5.494281, 5.330508, 6.7068334, 7.4821825, 4.2637215, 7.6077595, 6.712203]
recv: 0.000100 s, parse: 0.000003 s, handle: 0.025257 s
Got start of message 11 
fake_model: serving batch [[8.587044 ]
 [5.515346 ]
 [5.9937663]
 [5.0802846]
 [6.031015 ]
 [6.638426 ]
 [5.262306 ]
 [6.7847137]], sleeping for 28.18ms = 5.79 + 0.33 * 8 * 8.59
fake_model: returning [8.587044, 5.515346, 5.9937663, 5.0802846, 6.031015, 6.638426, 5.262306, 6.7847137]
recv: 0.000102 s, parse: 0.000003 s, handle: 0.028469 s
Got start of message 12 
fake_model: serving batch [[5.3479586]], sleeping for 5.35ms = 3.60 + 0.33 * 1 * 5.35
fake_model: returning [5.3479586]
recv: 0.000078 s, parse: 0.000003 s, handle: 0.005512 s
Got start of message 13 
fake_model: serving batch [[5.1950445]], sleeping for 5.20ms = 3.50 + 0.33 * 1 * 5.20
fake_model: returning [5.1950445]
recv: 0.000080 s, parse: 0.000003 s, handle: 0.005359 s
Got start of message 14 
fake_model: serving batch [[5.163247 ]
 [5.715068 ]
 [8.170977 ]
 [6.008618 ]
 [6.5061326]], sleeping for 18.82ms = 5.51 + 0.33 * 5 * 8.17
fake_model: returning [5.163247, 5.715068, 8.170977, 6.008618, 6.5061326]
recv: 0.000087 s, parse: 0.000003 s, handle: 0.019062 s
Got start of message 15 
fake_model: serving batch [[6.2824645]], sleeping for 6.28ms = 4.23 + 0.33 * 1 * 6.28
fake_model: returning [6.2824645]
recv: 0.000117 s, parse: 0.000004 s, handle: 0.006497 s
Got start of message 16 
fake_model: serving batch [[6.288454 ]
 [6.9819117]
 [6.170259 ]
 [5.7180147]
 [5.2429247]
 [9.346199 ]
 [9.417067 ]
 [7.6150603]], sleeping for 30.90ms = 6.35 + 0.33 * 8 * 9.42
fake_model: returning [6.288454, 6.9819117, 6.170259, 5.7180147, 5.2429247, 9.346199, 9.417067, 7.6150603]
recv: 0.000102 s, parse: 0.000003 s, handle: 0.031193 s
Got start of message 17 
fake_model: serving batch [[6.1008005]], sleeping for 6.10ms = 4.11 + 0.33 * 1 * 6.10
fake_model: returning [6.1008005]
recv: 0.000077 s, parse: 0.000002 s, handle: 0.006265 s
Got start of message 18 
fake_model: serving batch [[ 5.8408027]
 [ 6.704365 ]
 [11.930561 ]
 [ 5.2413015]
 [ 6.2458453]
 [ 7.410104 ]
 [ 6.5276756]
 [ 7.704101 ]], sleeping for 39.15ms = 8.04 + 0.33 * 8 * 11.93
fake_model: returning [5.8408027, 6.704365, 11.930561, 5.2413015, 6.2458453, 7.410104, 6.5276756, 7.704101]
recv: 0.000105 s, parse: 0.000003 s, handle: 0.039462 s
Got start of message 19 
fake_model: serving batch [[4.95405]], sleeping for 4.95ms = 3.34 + 0.33 * 1 * 4.95
fake_model: returning [4.95405]
recv: 0.000098 s, parse: 0.000003 s, handle: 0.005162 s
Got start of message 20 
fake_model: serving batch [[ 5.5302324]
 [ 6.704977 ]
 [ 7.7057643]
 [ 4.8864794]
 [ 6.052768 ]
 [ 5.28402  ]
 [10.440516 ]
 [ 6.046469 ]], sleeping for 34.26ms = 7.04 + 0.33 * 8 * 10.44
fake_model: returning [5.5302324, 6.704977, 7.7057643, 4.8864794, 6.052768, 5.28402, 10.440516, 6.046469]
recv: 0.000106 s, parse: 0.000003 s, handle: 0.034555 s
