Starting Python Closure container
Connecting to Clipper with default port: 7000
/usr/local/lib/python3.7/runpy.py:125: RuntimeWarning: 'clipper_admin.metrics.server' found in sys.modules after import of package 'clipper_admin.metrics', but prior to execution of 'clipper_admin.metrics.server'; this may result in unpredictable behaviour
  warn(RuntimeWarning(msg))
22-01-26:16:05:37 INFO     [server.py:80] Metric Server Started!
22-01-26:16:05:37 INFO     [server.py:85] Redis Connected! Waiting for messages...
Serving predictions for floats input type.
Sent heartbeat!
Received heartbeat!
Sent container metadata!
Got start of message 0 
fake_model: serving batch [[1.]], sleeping for 1.00ms = 0.74 + 0.26 * 1 * 1.00
fake_model: returning [1.0]
recv: 0.000408 s, parse: 0.000009 s, handle: 0.001914 s
Got start of message 1 
fake_model: serving batch [[25.743793]], sleeping for 25.74ms = 19.08 + 0.26 * 1 * 25.74
fake_model: returning [25.743793]
recv: 0.000211 s, parse: 0.000008 s, handle: 0.026198 s
Got start of message 2 
fake_model: serving batch [[24.994621]], sleeping for 24.99ms = 18.52 + 0.26 * 1 * 24.99
fake_model: returning [24.994621]
recv: 0.000094 s, parse: 0.000004 s, handle: 0.025225 s
Got start of message 3 
fake_model: serving batch [[78.99001]], sleeping for 78.99ms = 58.54 + 0.26 * 1 * 78.99
fake_model: returning [78.99001]
recv: 0.000097 s, parse: 0.000005 s, handle: 0.079276 s
Got start of message 4 
fake_model: serving batch [[85.23809 ]
 [33.701763]], sleeping for 107.31ms = 63.17 + 0.26 * 2 * 85.24
fake_model: returning [85.23809, 33.701763]
recv: 0.000145 s, parse: 0.000005 s, handle: 0.107667 s
Got start of message 5 
fake_model: serving batch [[82.67912 ]
 [21.505972]
 [81.57761 ]
 [78.64746 ]
 [87.24614 ]
 [81.20842 ]], sleeping for 200.21ms = 64.65 + 0.26 * 6 * 87.25
fake_model: returning [82.67912, 21.505972, 81.57761, 78.64746, 87.24614, 81.20842]
recv: 0.000117 s, parse: 0.000005 s, handle: 0.200611 s
Got start of message 6 
fake_model: serving batch [[25.13557 ]
 [27.412056]
 [83.83736 ]
 [23.732613]
 [36.865257]
 [22.728838]
 [24.722118]
 [29.747608]], sleeping for 235.80ms = 62.13 + 0.26 * 8 * 83.84
fake_model: returning [25.13557, 27.412056, 83.83736, 23.732613, 36.865257, 22.728838, 24.722118, 29.747608]
recv: 0.000118 s, parse: 0.000004 s, handle: 0.236233 s
Got start of message 7 
fake_model: serving batch [[79.63826]], sleeping for 79.64ms = 59.02 + 0.26 * 1 * 79.64
fake_model: returning [79.63826]
recv: 0.000124 s, parse: 0.000005 s, handle: 0.079921 s
Got start of message 8 
fake_model: serving batch [[80.42888 ]
 [23.433308]
 [76.37276 ]
 [34.037083]
 [82.1765  ]
 [88.3349  ]
 [27.756685]
 [30.910769]], sleeping for 248.45ms = 65.46 + 0.26 * 8 * 88.33
fake_model: returning [80.42888, 23.433308, 76.37276, 34.037083, 82.1765, 88.3349, 27.756685, 30.910769]
recv: 0.000119 s, parse: 0.000004 s, handle: 0.248838 s
Got start of message 9 
fake_model: serving batch [[28.104095]], sleeping for 28.10ms = 20.83 + 0.26 * 1 * 28.10
fake_model: returning [28.104095]
recv: 0.000159 s, parse: 0.000007 s, handle: 0.028449 s
