Starting Python Closure container
Connecting to Clipper with default port: 7000
/usr/local/lib/python3.7/runpy.py:125: RuntimeWarning: 'clipper_admin.metrics.server' found in sys.modules after import of package 'clipper_admin.metrics', but prior to execution of 'clipper_admin.metrics.server'; this may result in unpredictable behaviour
  warn(RuntimeWarning(msg))
22-03-07:22:16:59 INFO     [server.py:80] Metric Server Started!
22-03-07:22:16:59 INFO     [server.py:85] Redis Connected! Waiting for messages...
Serving predictions for floats input type.
Sent heartbeat!
Received heartbeat!
Sent container metadata!
Got start of message 0 
fake_model: serving batch [[1.]], sleeping for 1.00ms = 0.74 + 0.26 * 1 * 1.00
fake_model: returning [1.0]
recv: 0.000506 s, parse: 0.000010 s, handle: 0.002055 s
Got start of message 1 
fake_model: serving batch [[81.147484]], sleeping for 81.15ms = 60.13 + 0.26 * 1 * 81.15
fake_model: returning [81.147484]
recv: 0.000294 s, parse: 0.000011 s, handle: 0.081754 s
Got start of message 2 
fake_model: serving batch [[84.35984]], sleeping for 84.36ms = 62.52 + 0.26 * 1 * 84.36
fake_model: returning [84.35984]
recv: 0.000107 s, parse: 0.000004 s, handle: 0.084628 s
Got start of message 3 
fake_model: serving batch [[74.46741]], sleeping for 74.47ms = 55.18 + 0.26 * 1 * 74.47
fake_model: returning [74.46741]
recv: 0.000093 s, parse: 0.000004 s, handle: 0.074690 s
Got start of message 4 
fake_model: serving batch [[22.264015]], sleeping for 22.26ms = 16.50 + 0.26 * 1 * 22.26
fake_model: returning [22.264015]
recv: 0.000164 s, parse: 0.000007 s, handle: 0.022594 s
Got start of message 5 
fake_model: serving batch [[81.96509]], sleeping for 81.97ms = 60.74 + 0.26 * 1 * 81.97
fake_model: returning [81.96509]
recv: 0.000174 s, parse: 0.000006 s, handle: 0.082316 s
Got start of message 6 
fake_model: serving batch [[31.453089]], sleeping for 31.45ms = 23.31 + 0.26 * 1 * 31.45
fake_model: returning [31.453089]
recv: 0.000094 s, parse: 0.000004 s, handle: 0.031697 s
Got start of message 7 
fake_model: serving batch [[84.23205]], sleeping for 84.23ms = 62.42 + 0.26 * 1 * 84.23
fake_model: returning [84.23205]
recv: 0.000199 s, parse: 0.000009 s, handle: 0.084635 s
Got start of message 8 
fake_model: serving batch [[33.788162]], sleeping for 33.79ms = 25.04 + 0.26 * 1 * 33.79
fake_model: returning [33.788162]
recv: 0.000094 s, parse: 0.000005 s, handle: 0.034015 s
Got start of message 9 
fake_model: serving batch [[31.585136]], sleeping for 31.59ms = 23.41 + 0.26 * 1 * 31.59
fake_model: returning [31.585136]
recv: 0.000074 s, parse: 0.000003 s, handle: 0.031766 s
Got start of message 10 
fake_model: serving batch [[21.947216]], sleeping for 21.95ms = 16.26 + 0.26 * 1 * 21.95
fake_model: returning [21.947216]
recv: 0.000074 s, parse: 0.000003 s, handle: 0.022130 s
Got start of message 11 
fake_model: serving batch [[82.183685]], sleeping for 82.18ms = 60.90 + 0.26 * 1 * 82.18
fake_model: returning [82.183685]
recv: 0.000131 s, parse: 0.000005 s, handle: 0.082490 s
Got start of message 12 
fake_model: serving batch [[18.108038]], sleeping for 18.11ms = 13.42 + 0.26 * 1 * 18.11
fake_model: returning [18.108038]
recv: 0.000069 s, parse: 0.000003 s, handle: 0.018248 s
Got start of message 13 
fake_model: serving batch [[23.715296]], sleeping for 23.72ms = 17.57 + 0.26 * 1 * 23.72
fake_model: returning [23.715296]
recv: 0.000060 s, parse: 0.000003 s, handle: 0.023864 s
Got start of message 14 
fake_model: serving batch [[27.340063]], sleeping for 27.34ms = 20.26 + 0.26 * 1 * 27.34
fake_model: returning [27.340063]
recv: 0.000127 s, parse: 0.000005 s, handle: 0.027643 s
Got start of message 15 
fake_model: serving batch [[78.400536]], sleeping for 78.40ms = 58.10 + 0.26 * 1 * 78.40
fake_model: returning [78.400536]
recv: 0.000102 s, parse: 0.000004 s, handle: 0.078648 s
Got start of message 16 
fake_model: serving batch [[81.737625]], sleeping for 81.74ms = 60.57 + 0.26 * 1 * 81.74
fake_model: returning [81.737625]
recv: 0.000060 s, parse: 0.000003 s, handle: 0.081892 s
Got start of message 17 
fake_model: serving batch [[31.737574]], sleeping for 31.74ms = 23.52 + 0.26 * 1 * 31.74
fake_model: returning [31.737574]
recv: 0.000060 s, parse: 0.000003 s, handle: 0.031884 s
Got start of message 18 
fake_model: serving batch [[26.059805]], sleeping for 26.06ms = 19.31 + 0.26 * 1 * 26.06
fake_model: returning [26.059805]
recv: 0.000058 s, parse: 0.000003 s, handle: 0.026215 s
Got start of message 19 
fake_model: serving batch [[28.891108]], sleeping for 28.89ms = 21.41 + 0.26 * 1 * 28.89
fake_model: returning [28.891108]
recv: 0.000065 s, parse: 0.000003 s, handle: 0.029044 s
Got start of message 20 
fake_model: serving batch [[83.51703]], sleeping for 83.52ms = 61.89 + 0.26 * 1 * 83.52
fake_model: returning [83.51703]
recv: 0.000089 s, parse: 0.000004 s, handle: 0.083734 s
Got start of message 21 
fake_model: serving batch [[24.079857]], sleeping for 24.08ms = 17.84 + 0.26 * 1 * 24.08
fake_model: returning [24.079857]
recv: 0.000060 s, parse: 0.000003 s, handle: 0.024236 s
Got start of message 22 
fake_model: serving batch [[23.492107]], sleeping for 23.49ms = 17.41 + 0.26 * 1 * 23.49
fake_model: returning [23.492107]
recv: 0.000067 s, parse: 0.000003 s, handle: 0.023657 s
Got start of message 23 
fake_model: serving batch [[87.26369]], sleeping for 87.26ms = 64.67 + 0.26 * 1 * 87.26
fake_model: returning [87.26369]
recv: 0.000164 s, parse: 0.000007 s, handle: 0.087589 s
Got start of message 24 
fake_model: serving batch [[28.060068]
 [79.8709  ]], sleeping for 100.55ms = 59.19 + 0.26 * 2 * 79.87
fake_model: returning [28.060068, 79.8709]
recv: 0.000065 s, parse: 0.000002 s, handle: 0.100733 s
Got start of message 25 
fake_model: serving batch [[25.07747]
 [30.17905]
 [25.81057]
 [32.45409]], sleeping for 57.67ms = 24.05 + 0.26 * 4 * 32.45
fake_model: returning [25.07747, 30.17905, 25.81057, 32.45409]
recv: 0.000068 s, parse: 0.000003 s, handle: 0.057878 s
Got start of message 26 
fake_model: serving batch [[82.5417  ]
 [22.542732]
 [29.94635 ]], sleeping for 125.29ms = 61.17 + 0.26 * 3 * 82.54
fake_model: returning [82.5417, 22.542732, 29.94635]
recv: 0.000065 s, parse: 0.000014 s, handle: 0.125469 s
Got start of message 27 
fake_model: serving batch [[78.02993 ]
 [80.90729 ]
 [81.8517  ]
 [35.89688 ]
 [83.15163 ]
 [82.067894]
 [30.674458]
 [28.661276]], sleeping for 233.87ms = 61.62 + 0.26 * 8 * 83.15
fake_model: returning [78.02993, 80.90729, 81.8517, 35.89688, 83.15163, 82.067894, 30.674458, 28.661276]
recv: 0.000094 s, parse: 0.000015 s, handle: 0.234136 s
Got start of message 28 
fake_model: serving batch [[84.49715 ]
 [27.690226]
 [84.75494 ]
 [29.599592]
 [85.443146]
 [81.62906 ]
 [30.927702]
 [91.6384  ]], sleeping for 257.74ms = 67.91 + 0.26 * 8 * 91.64
fake_model: returning [84.49715, 27.690226, 84.75494, 29.599592, 85.443146, 81.62906, 30.927702, 91.6384]
recv: 0.000094 s, parse: 0.000003 s, handle: 0.257995 s
Got start of message 29 
fake_model: serving batch [[10.      ]
 [81.26032 ]
 [25.385933]
 [84.11148 ]
 [30.544079]
 [31.167637]
 [23.026093]
 [35.460155]], sleeping for 236.57ms = 62.33 + 0.26 * 8 * 84.11
fake_model: returning [10.0, 81.26032, 25.385933, 84.11148, 30.544079, 31.167637, 23.026093, 35.460155]
recv: 0.000081 s, parse: 0.000002 s, handle: 0.236832 s
Got start of message 30 
fake_model: serving batch [[ 25.529877]
 [ 34.7815  ]
 [ 83.98917 ]
 [ 75.36077 ]
 [ 24.447865]
 [ 82.66029 ]
 [100.      ]
 [ 31.04806 ]], sleeping for 281.26ms = 74.11 + 0.26 * 8 * 100.00
fake_model: returning [25.529877, 34.7815, 83.98917, 75.36077, 24.447865, 82.66029, 100.0, 31.04806]
recv: 0.000110 s, parse: 0.000003 s, handle: 0.281512 s
Got start of message 31 
fake_model: serving batch [[78.724266]
 [77.062294]
 [25.939293]
 [73.1226  ]
 [80.38726 ]
 [27.110817]
 [32.296974]
 [81.393486]], sleeping for 228.93ms = 60.32 + 0.26 * 8 * 81.39
fake_model: returning [78.724266, 77.062294, 25.939293, 73.1226, 80.38726, 27.110817, 32.296974, 81.393486]
recv: 0.000079 s, parse: 0.000003 s, handle: 0.229243 s
Got start of message 32 
fake_model: serving batch [[83.395424]
 [83.03463 ]
 [30.425934]
 [29.000309]
 [88.52274 ]
 [84.61822 ]
 [86.52046 ]
 [24.751047]], sleeping for 248.98ms = 65.60 + 0.26 * 8 * 88.52
fake_model: returning [83.395424, 83.03463, 30.425934, 29.000309, 88.52274, 84.61822, 86.52046, 24.751047]
recv: 0.000232 s, parse: 0.000007 s, handle: 0.249655 s
Got start of message 33 
fake_model: serving batch [[34.50667 ]
 [85.87837 ]
 [83.274315]
 [35.089394]
 [87.06686 ]
 [29.108915]
 [84.884445]
 [31.29797 ]], sleeping for 244.89ms = 64.52 + 0.26 * 8 * 87.07
fake_model: returning [34.50667, 85.87837, 83.274315, 35.089394, 87.06686, 29.108915, 84.884445, 31.29797]
recv: 0.000104 s, parse: 0.000003 s, handle: 0.245186 s
Got start of message 34 
fake_model: serving batch [[25.66581 ]
 [87.70819 ]
 [21.17449 ]
 [32.15015 ]
 [76.36006 ]
 [26.428215]
 [88.23412 ]
 [83.873085]], sleeping for 248.17ms = 65.39 + 0.26 * 8 * 88.23
fake_model: returning [25.66581, 87.70819, 21.17449, 32.15015, 76.36006, 26.428215, 88.23412, 83.873085]
recv: 0.000083 s, parse: 0.000003 s, handle: 0.248568 s
Got start of message 35 
fake_model: serving batch [[37.763046]
 [80.13555 ]
 [36.328506]
 [79.61163 ]
 [21.597443]
 [80.65199 ]
 [77.84718 ]
 [89.46384 ]], sleeping for 251.63ms = 66.30 + 0.26 * 8 * 89.46
fake_model: returning [37.763046, 80.13555, 36.328506, 79.61163, 21.597443, 80.65199, 77.84718, 89.46384]
recv: 0.000142 s, parse: 0.000004 s, handle: 0.251985 s
Got start of message 36 
fake_model: serving batch [[26.180387]
 [27.450907]
 [31.995659]
 [86.865456]
 [76.86692 ]
 [85.02841 ]
 [32.610023]
 [74.953285]], sleeping for 244.32ms = 64.37 + 0.26 * 8 * 86.87
fake_model: returning [26.180387, 27.450907, 31.995659, 86.865456, 76.86692, 85.02841, 32.610023, 74.953285]
recv: 0.000099 s, parse: 0.000003 s, handle: 0.244578 s
