22-02-02:00:57:10 INFO     [docker_container_manager.py:192] [default-cluster] Starting managed Redis instance in Docker
22-02-02:00:57:12 INFO     [docker_container_manager.py:294] [default-cluster] Metric Configuration Saved at /tmp/tmpr8065eu_.yml
22-02-02:00:57:13 INFO     [clipper_admin.py:162] [default-cluster] Clipper is running
22-02-02:00:57:13 INFO     [clipper_admin.py:236] [default-cluster] Application fake-model was successfully registered
22-02-02:00:57:13 INFO     [deployer_utils.py:41] Saving function to /tmp/tmpejplviojclipper
22-02-02:00:57:13 INFO     [deployer_utils.py:51] Serialized and supplied predict function
22-02-02:00:57:13 INFO     [python.py:192] Python closure saved
22-02-02:00:57:13 INFO     [python.py:210] Using Python 3.7 base image
22-02-02:00:57:13 INFO     [clipper_admin.py:534] [default-cluster] Building model Docker image with model data from /tmp/tmpejplviojclipper
22-02-02:00:57:13 INFO     [clipper_admin.py:539] [default-cluster] Step 1/2 : FROM clipper/python37-closure-container:develop
22-02-02:00:57:13 INFO     [clipper_admin.py:539] [default-cluster]  ---> 2660542c0759
22-02-02:00:57:13 INFO     [clipper_admin.py:539] [default-cluster] Step 2/2 : COPY /tmp/tmpejplviojclipper /model/
22-02-02:00:57:13 INFO     [clipper_admin.py:539] [default-cluster]  ---> 5291628e2b14
22-02-02:00:57:13 INFO     [clipper_admin.py:539] [default-cluster] Successfully built 5291628e2b14
22-02-02:00:57:13 INFO     [clipper_admin.py:539] [default-cluster] Successfully tagged default-cluster-fake-model:1
22-02-02:00:57:13 INFO     [clipper_admin.py:541] [default-cluster] Pushing model Docker image to default-cluster-fake-model:1
22-02-02:00:57:13 INFO     [docker_container_manager.py:433] [default-cluster] Found 0 replicas for fake-model:1. Adding 1
22-02-02:00:57:14 INFO     [clipper_admin.py:724] [default-cluster] Successfully registered model fake-model:1
22-02-02:00:57:14 INFO     [clipper_admin.py:642] [default-cluster] Done deploying model fake-model:1.
22-02-02:00:57:14 INFO     [clipper_admin.py:303] [default-cluster] Model fake-model is now linked to application fake-model
INFO: waiting for ready to serve
INFO: waiting for ready to serve
INFO: waiting for ready to serve
INFO: waiting for ready to serve
INFO: ready to go
INFO: rock and roll
INFO: at 2.853 ms batch [76.883] delay 55.000 ms
INFO: at 2.853 ms fetching 76.883 ms
INFO: at 57.860 ms batch [82.815] delay 55.000 ms
INFO: at 57.860 ms fetching 82.815 ms
INFO: at 112.867 ms batch [28.876] delay 55.000 ms
INFO: at 112.867 ms fetching 28.876 ms
INFO: at 167.869 ms batch [86.012] delay 55.000 ms
INFO: at 167.869 ms fetching 86.012 ms
INFO: at 222.877 ms batch [23.984] delay 55.000 ms
INFO: at 222.877 ms fetching 23.984 ms
INFO: at 277.880 ms batch [90.850] delay 55.000 ms
INFO: at 277.880 ms fetching 90.850 ms
INFO: at 332.885 ms batch [20.092] delay 55.000 ms
INFO: at 332.885 ms fetching 20.092 ms
INFO: at 387.889 ms batch [87.390] delay 27.500 ms
INFO: at 387.889 ms fetching 87.390 ms
INFO: at 415.394 ms batch [28.992] delay 27.500 ms
INFO: at 415.394 ms fetching 28.992 ms
INFO: at 442.897 ms batch [34.427] delay 27.500 ms
INFO: at 442.897 ms fetching 34.427 ms
INFO: at 470.402 ms batch [90.443] delay 27.500 ms
INFO: at 470.402 ms fetching 90.443 ms
INFO: at 497.905 ms batch [79.717] delay 27.500 ms
INFO: at 497.905 ms fetching 79.717 ms
INFO: at 525.409 ms batch [25.124] delay 27.500 ms
INFO: at 525.409 ms fetching 25.124 ms
INFO: at 552.913 ms batch [30.139] delay 27.500 ms
INFO: at 552.913 ms fetching 30.139 ms
INFO: at 580.417 ms batch [33.268] delay 27.500 ms
INFO: at 580.417 ms fetching 33.268 ms
INFO: at 607.920 ms batch [80.339] delay 27.500 ms
INFO: at 607.920 ms fetching 80.339 ms
INFO: at 635.425 ms batch [82.245] delay 27.500 ms
INFO: at 635.425 ms fetching 82.245 ms
INFO: at 662.928 ms batch [90.068] delay 27.500 ms
INFO: at 662.928 ms fetching 90.068 ms
INFO: at 690.432 ms batch [82.134] delay 27.500 ms
INFO: at 690.432 ms fetching 82.134 ms
INFO: at 717.936 ms batch [83.264] delay 27.500 ms
INFO: at 717.936 ms fetching 83.264 ms
INFO: at 745.439 ms batch [25.611] delay 27.500 ms
INFO: at 745.439 ms fetching 25.611 ms
INFO: at 772.942 ms batch [84.062] delay 27.500 ms
INFO: at 772.942 ms fetching 84.062 ms
INFO: at 800.447 ms batch [76.517] delay 27.500 ms
INFO: at 800.447 ms fetching 76.517 ms
INFO: at 827.949 ms batch [71.907] delay 13.750 ms
INFO: at 827.949 ms fetching 71.907 ms
INFO: at 841.703 ms batch [77.483] delay 13.750 ms
INFO: at 841.703 ms fetching 77.483 ms
INFO: at 855.456 ms batch [82.013] delay 13.750 ms
INFO: at 855.456 ms fetching 82.013 ms
INFO: at 869.208 ms batch [32.616] delay 13.750 ms
INFO: at 869.208 ms fetching 32.616 ms
INFO: at 882.960 ms batch [32.784] delay 9.167 ms
INFO: at 882.960 ms fetching 32.784 ms
INFO: at 892.130 ms batch [85.002] delay 9.167 ms
INFO: at 892.130 ms fetching 85.002 ms
INFO: at 901.299 ms batch [76.110] delay 9.167 ms
INFO: at 901.299 ms fetching 76.110 ms
INFO: at 910.467 ms batch [80.022] delay 9.167 ms
INFO: at 910.467 ms fetching 80.022 ms
INFO: at 919.637 ms batch [36.476] delay 9.167 ms
INFO: at 919.637 ms fetching 36.476 ms
INFO: at 928.805 ms batch [88.296] delay 9.167 ms
INFO: at 928.805 ms fetching 88.296 ms
INFO: at 937.973 ms batch [83.836] delay 6.875 ms
INFO: at 937.973 ms fetching 83.836 ms
INFO: at 944.850 ms batch [29.225] delay 6.875 ms
INFO: at 944.850 ms fetching 29.225 ms
INFO: at 951.727 ms batch [30.838] delay 6.875 ms
INFO: at 951.727 ms fetching 30.838 ms
INFO: at 958.604 ms batch [86.291] delay 6.875 ms
INFO: at 958.604 ms fetching 86.291 ms
INFO: at 965.481 ms batch [30.601] delay 6.875 ms
INFO: at 965.481 ms fetching 30.601 ms
INFO: at 972.384 ms batch [85.605] delay 6.875 ms
INFO: at 972.384 ms fetching 85.605 ms
INFO: at 979.260 ms batch [86.437] delay 6.875 ms
INFO: at 979.260 ms fetching 86.437 ms
INFO: at 986.137 ms batch [21.457] delay 6.875 ms
INFO: at 986.137 ms fetching 21.457 ms
INFO: at 993.014 ms batch [23.240] delay 7.857 ms
INFO: at 993.014 ms fetching 23.240 ms
INFO: at 1000.873 ms batch [89.203] delay 7.857 ms
INFO: at 1000.873 ms fetching 89.203 ms
INFO: at 1008.732 ms batch [86.597] delay 7.857 ms
INFO: at 1008.732 ms fetching 86.597 ms
INFO: at 1016.591 ms batch [31.338] delay 7.857 ms
INFO: at 1016.591 ms fetching 31.338 ms
INFO: at 1024.450 ms batch [29.468] delay 7.857 ms
INFO: at 1024.450 ms fetching 29.468 ms
INFO: at 1032.309 ms batch [82.923] delay 7.857 ms
INFO: at 1032.309 ms fetching 82.923 ms
INFO: at 1040.168 ms batch [29.693] delay 7.857 ms
INFO: at 1040.168 ms fetching 29.693 ms
INFO: at 1048.027 ms batch [22.680] delay 6.111 ms
INFO: at 1048.027 ms fetching 22.680 ms
INFO: at 1054.140 ms batch [32.459] delay 6.111 ms
INFO: at 1054.140 ms fetching 32.459 ms
INFO: at 1060.253 ms batch [35.723] delay 6.111 ms
INFO: at 1060.253 ms fetching 35.723 ms
INFO: at 1066.366 ms batch [81.646] delay 6.111 ms
INFO: at 1066.366 ms fetching 81.646 ms
INFO: at 1072.479 ms batch [82.601] delay 6.111 ms
INFO: at 1072.479 ms fetching 82.601 ms
INFO: at 1078.591 ms batch [23.496] delay 6.111 ms
INFO: at 1078.591 ms fetching 23.496 ms
INFO: at 1084.704 ms batch [81.012] delay 6.111 ms
INFO: at 1084.704 ms fetching 81.012 ms
INFO: at 1090.817 ms batch [37.502] delay 6.111 ms
INFO: at 1090.817 ms fetching 37.502 ms
INFO: at 1096.930 ms batch [86.166] delay 6.111 ms
INFO: at 1096.930 ms fetching 86.166 ms
INFO: at 1103.042 ms batch [86.736] delay 6.111 ms
INFO: at 1103.042 ms fetching 86.736 ms
INFO: at 1109.155 ms batch [29.348] delay 6.111 ms
INFO: at 1109.155 ms fetching 29.348 ms
INFO: at 1115.270 ms batch [75.096] delay 6.111 ms
INFO: at 1115.270 ms fetching 75.096 ms
INFO: at 1121.383 ms batch [83.168] delay 6.111 ms
INFO: at 1121.383 ms fetching 83.168 ms
INFO: at 1127.496 ms batch [30.488] delay 6.111 ms
INFO: at 1127.496 ms fetching 30.488 ms
INFO: at 1133.609 ms batch [36.086] delay 6.111 ms
INFO: at 1133.609 ms fetching 36.086 ms
INFO: at 1139.721 ms batch [79.557] delay 6.111 ms
INFO: at 1139.721 ms fetching 79.557 ms
INFO: at 1145.834 ms batch [30.720] delay 6.111 ms
INFO: at 1145.834 ms fetching 30.720 ms
INFO: at 1151.947 ms batch [33.108] delay 6.111 ms
INFO: at 1151.947 ms fetching 33.108 ms
INFO: at 1158.060 ms batch [79.220] delay 5.500 ms
INFO: at 1158.060 ms fetching 79.220 ms
INFO: at 1163.561 ms batch [87.028] delay 5.500 ms
INFO: at 1163.561 ms fetching 87.028 ms
INFO: at 1169.063 ms batch [28.430] delay 5.500 ms
INFO: at 1169.063 ms fetching 28.430 ms
INFO: at 1174.564 ms batch [33.430] delay 5.500 ms
INFO: at 1174.564 ms fetching 33.430 ms
INFO: at 1180.066 ms batch [31.090] delay 5.500 ms
INFO: at 1180.066 ms fetching 31.090 ms
INFO: at 1185.567 ms batch [83.378] delay 5.500 ms
INFO: at 1185.567 ms fetching 83.378 ms
INFO: at 1191.069 ms batch [26.862] delay 5.500 ms
INFO: at 1191.069 ms fetching 26.862 ms
INFO: at 1196.571 ms batch [78.844] delay 5.500 ms
INFO: at 1196.571 ms fetching 78.844 ms
INFO: at 1202.072 ms batch [20.843] delay 5.500 ms
INFO: at 1202.072 ms fetching 20.843 ms
INFO: at 1207.574 ms batch [91.884] delay 5.500 ms
INFO: at 1207.574 ms fetching 91.884 ms
INFO: at 1213.075 ms batch [83.042] delay 6.111 ms
INFO: at 1213.075 ms fetching 83.042 ms
WARNING: bookkeeping for too long: -25.322867887922484ms
INFO: at 1244.521 ms batch [29.898] delay 6.111 ms
INFO: at 1244.521 ms fetching 29.898 ms
INFO: at 1250.636 ms batch [81.890] delay 6.111 ms
INFO: at 1250.636 ms fetching 81.890 ms
INFO: at 1256.749 ms batch [32.945] delay 6.111 ms
INFO: at 1256.749 ms fetching 32.945 ms
INFO: at 1262.861 ms batch [10.000] delay 6.111 ms
INFO: at 1262.861 ms fetching 10.000 ms
INFO: at 1268.974 ms batch [25.755] delay 6.111 ms
INFO: at 1268.974 ms fetching 25.755 ms
INFO: at 1275.086 ms batch [73.609] delay 6.111 ms
INFO: at 1275.086 ms fetching 73.609 ms
INFO: at 1281.199 ms batch [31.226] delay 6.111 ms
INFO: at 1281.199 ms fetching 31.226 ms
INFO: at 1287.311 ms batch [34.907] delay 6.111 ms
INFO: at 1287.311 ms fetching 34.907 ms
INFO: at 1293.424 ms batch [30.967] delay 7.857 ms
INFO: at 1293.424 ms fetching 30.967 ms
INFO: at 1301.283 ms batch [26.732] delay 7.857 ms
INFO: at 1301.283 ms fetching 26.732 ms
INFO: at 1309.142 ms batch [78.235] delay 7.857 ms
INFO: at 1309.142 ms fetching 78.235 ms
INFO: at 1317.001 ms batch [87.203] delay 7.857 ms
INFO: at 1317.001 ms fetching 87.203 ms
INFO: at 1324.860 ms batch [82.358] delay 7.857 ms
INFO: at 1324.860 ms fetching 82.358 ms
INFO: at 1332.720 ms batch [87.559] delay 7.857 ms
INFO: at 1332.720 ms fetching 87.559 ms
INFO: at 1340.578 ms batch [31.741] delay 7.857 ms
INFO: at 1340.578 ms fetching 31.741 ms
INFO: at 1348.437 ms batch [30.012] delay 7.857 ms
INFO: at 1348.437 ms fetching 30.012 ms
INFO: at 1356.297 ms batch [41.116] delay 7.857 ms
INFO: at 1356.297 ms fetching 41.116 ms
INFO: at 1364.156 ms batch [33.615] delay 7.857 ms
INFO: at 1364.156 ms fetching 33.615 ms
INFO: at 1372.015 ms batch [31.881] delay 7.857 ms
INFO: at 1372.015 ms fetching 31.881 ms
INFO: at 1379.873 ms batch [74.463] delay 7.857 ms
INFO: at 1379.873 ms fetching 74.463 ms
INFO: at 1387.733 ms batch [34.677] delay 7.857 ms
INFO: at 1387.733 ms fetching 34.677 ms
INFO: at 1395.592 ms batch [85.236] delay 7.857 ms
INFO: at 1395.592 ms fetching 85.236 ms
INFO: at 1403.451 ms batch [79.395] delay 9.167 ms
INFO: at 1403.451 ms fetching 79.395 ms
INFO: at 1412.620 ms batch [86.892] delay 9.167 ms
INFO: at 1412.620 ms fetching 86.892 ms
INFO: at 1421.789 ms batch [27.499] delay 9.167 ms
INFO: at 1421.789 ms fetching 27.499 ms
INFO: at 1430.957 ms batch [30.251] delay 9.167 ms
INFO: at 1430.957 ms fetching 30.251 ms
INFO: at 1440.126 ms batch [28.554] delay 9.167 ms
INFO: at 1440.126 ms fetching 28.554 ms
INFO: at 1449.295 ms batch [28.323] delay 9.167 ms
INFO: at 1449.295 ms fetching 28.323 ms
INFO: at 1458.463 ms batch [80.726] delay 9.167 ms
INFO: at 1458.463 ms fetching 80.726 ms
INFO: at 1467.632 ms batch [93.881] delay 9.167 ms
INFO: at 1467.632 ms fetching 93.881 ms
INFO: at 1476.801 ms batch [80.468] delay 9.167 ms
INFO: at 1476.801 ms fetching 80.468 ms
INFO: at 1485.970 ms batch [82.704] delay 9.167 ms
INFO: at 1485.970 ms fetching 82.704 ms
INFO: at 1495.140 ms batch [80.598] delay 9.167 ms
INFO: at 1495.140 ms fetching 80.598 ms
INFO: at 1504.309 ms batch [28.092] delay 9.167 ms
INFO: at 1504.309 ms fetching 28.092 ms
INFO: at 1513.477 ms batch [32.166] delay 9.167 ms
INFO: at 1513.477 ms fetching 32.166 ms
INFO: at 1522.646 ms batch [27.975] delay 9.167 ms
INFO: at 1522.646 ms fetching 27.975 ms
INFO: at 1531.815 ms batch [24.779] delay 9.167 ms
INFO: at 1531.815 ms fetching 24.779 ms
INFO: at 1540.984 ms batch [24.216] delay 9.167 ms
INFO: at 1540.984 ms fetching 24.216 ms
INFO: at 1550.153 ms batch [84.408] delay 9.167 ms
INFO: at 1550.153 ms fetching 84.408 ms
INFO: at 1559.322 ms batch [100.000] delay 9.167 ms
INFO: at 1559.322 ms fetching 100.000 ms
INFO: at 1568.490 ms batch [26.053] delay 9.167 ms
INFO: at 1568.490 ms fetching 26.053 ms
INFO: at 1577.659 ms batch [22.985] delay 9.167 ms
INFO: at 1577.659 ms fetching 22.985 ms
INFO: at 1586.829 ms batch [84.181] delay 9.167 ms
INFO: at 1586.829 ms fetching 84.181 ms
INFO: at 1595.997 ms batch [18.913] delay 9.167 ms
INFO: at 1595.997 ms fetching 18.913 ms
INFO: at 1605.167 ms batch [89.777] delay 9.167 ms
INFO: at 1605.167 ms fetching 89.777 ms
INFO: at 1614.336 ms batch [79.021] delay 9.167 ms
INFO: at 1614.336 ms fetching 79.021 ms
INFO: at 1623.504 ms batch [29.104] delay 11.000 ms
INFO: at 1623.504 ms fetching 29.104 ms
INFO: at 1634.506 ms batch [78.666] delay 11.000 ms
INFO: at 1634.506 ms fetching 78.666 ms
INFO: at 1645.509 ms batch [27.120] delay 11.000 ms
INFO: at 1645.509 ms fetching 27.120 ms
INFO: at 1656.511 ms batch [27.728] delay 11.000 ms
INFO: at 1656.511 ms fetching 27.728 ms
INFO: at 1667.513 ms batch [81.146] delay 11.000 ms
INFO: at 1667.513 ms fetching 81.146 ms
INFO: at 1678.516 ms batch [92.679] delay 11.000 ms
INFO: at 1678.516 ms fetching 92.679 ms
INFO: at 1689.518 ms batch [82.471] delay 11.000 ms
INFO: at 1689.518 ms fetching 82.471 ms
INFO: at 1700.520 ms batch [35.439] delay 11.000 ms
INFO: at 1700.520 ms fetching 35.439 ms
INFO: at 1711.523 ms batch [84.306] delay 11.000 ms
INFO: at 1711.523 ms fetching 84.306 ms
INFO: at 1722.525 ms batch [23.743] delay 11.000 ms
INFO: at 1722.525 ms fetching 23.743 ms
INFO: at 1733.527 ms batch [87.907] delay 11.000 ms
INFO: at 1733.527 ms fetching 87.907 ms
INFO: at 1744.529 ms batch [26.328] delay 11.000 ms
INFO: at 1744.529 ms fetching 26.328 ms
INFO: at 1755.531 ms batch [89.492] delay 11.000 ms
INFO: at 1755.531 ms fetching 89.492 ms
INFO: at 1766.534 ms batch [85.364] delay 11.000 ms
INFO: at 1766.534 ms fetching 85.364 ms
INFO: at 1777.536 ms batch [38.235] delay 11.000 ms
INFO: at 1777.536 ms fetching 38.235 ms
INFO: at 1788.538 ms batch [28.212] delay 11.000 ms
INFO: at 1788.538 ms fetching 28.212 ms
INFO: at 1799.541 ms batch [88.500] delay 11.000 ms
INFO: at 1799.541 ms fetching 88.500 ms
INFO: at 1810.543 ms batch [83.712] delay 11.000 ms
INFO: at 1810.543 ms fetching 83.712 ms
INFO: at 1821.545 ms batch [81.775] delay 11.000 ms
INFO: at 1821.545 ms fetching 81.775 ms
INFO: at 1832.548 ms batch [24.963] delay 11.000 ms
INFO: at 1832.548 ms fetching 24.963 ms
INFO: at 1843.550 ms batch [83.485] delay 9.167 ms
INFO: at 1843.550 ms fetching 83.485 ms
INFO: at 1852.719 ms batch [24.418] delay 9.167 ms
INFO: at 1852.719 ms fetching 24.418 ms
INFO: at 1861.888 ms batch [39.193] delay 9.167 ms
INFO: at 1861.888 ms fetching 39.193 ms
INFO: at 1871.057 ms batch [88.106] delay 9.167 ms
INFO: at 1871.057 ms fetching 88.106 ms
INFO: at 1880.225 ms batch [27.622] delay 9.167 ms
INFO: at 1880.225 ms fetching 27.622 ms
INFO: at 1889.395 ms batch [31.466] delay 9.167 ms
INFO: at 1889.395 ms fetching 31.466 ms
INFO: at 1898.564 ms batch [30.369] delay 6.875 ms
INFO: at 1898.564 ms fetching 30.369 ms
INFO: at 1905.441 ms batch [81.521] delay 6.875 ms
INFO: at 1905.441 ms fetching 81.521 ms
INFO: at 1912.317 ms batch [77.973] delay 6.875 ms
INFO: at 1912.317 ms fetching 77.973 ms
INFO: at 1919.194 ms batch [25.296] delay 6.875 ms
INFO: at 1919.194 ms fetching 25.296 ms
INFO: at 1926.071 ms batch [80.188] delay 6.875 ms
INFO: at 1926.071 ms fetching 80.188 ms
INFO: at 1932.947 ms batch [34.003] delay 6.875 ms
INFO: at 1932.947 ms fetching 34.003 ms
INFO: at 1939.825 ms batch [85.872] delay 6.875 ms
INFO: at 1939.825 ms fetching 85.872 ms
INFO: at 1946.701 ms batch [22.329] delay 6.875 ms
INFO: at 1946.701 ms fetching 22.329 ms
INFO: at 1953.578 ms batch [88.978] delay 6.875 ms
INFO: at 1953.578 ms fetching 88.978 ms
INFO: at 1960.455 ms batch [84.513] delay 6.875 ms
INFO: at 1960.455 ms fetching 84.513 ms
INFO: at 1967.331 ms batch [24.605] delay 6.875 ms
INFO: at 1967.331 ms fetching 24.605 ms
INFO: at 1974.208 ms batch [35.146] delay 6.875 ms
INFO: at 1974.208 ms fetching 35.146 ms
INFO: at 1981.085 ms batch [79.887] delay 6.875 ms
INFO: at 1981.085 ms fetching 79.887 ms
INFO: at 1987.962 ms batch [85.123] delay 6.875 ms
INFO: at 1987.962 ms fetching 85.123 ms
INFO: at 1994.839 ms batch [84.642] delay 6.875 ms
INFO: at 1994.839 ms fetching 84.642 ms
INFO: at 2001.716 ms batch [25.469] delay 6.875 ms
INFO: at 2001.716 ms fetching 25.469 ms
INFO: at 2008.592 ms batch [83.592] delay 6.875 ms
INFO: at 2008.592 ms fetching 83.592 ms
INFO: at 2015.469 ms batch [36.944] delay 6.875 ms
INFO: at 2015.469 ms fetching 36.944 ms
INFO: at 2022.345 ms batch [27.856] delay 6.875 ms
INFO: at 2022.345 ms fetching 27.856 ms
INFO: at 2029.222 ms batch [83.943] delay 6.875 ms
INFO: at 2029.222 ms fetching 83.943 ms
INFO: at 2036.099 ms batch [27.369] delay 6.875 ms
INFO: at 2036.099 ms fetching 27.369 ms
INFO: at 2042.976 ms batch [33.818] delay 6.875 ms
INFO: at 2042.976 ms fetching 33.818 ms
INFO: at 2049.853 ms batch [25.904] delay 6.875 ms
INFO: at 2049.853 ms fetching 25.904 ms
INFO: at 2056.730 ms batch [78.464] delay 6.875 ms
INFO: at 2056.730 ms fetching 78.464 ms
INFO: at 2063.606 ms batch [85.732] delay 6.875 ms
INFO: at 2063.606 ms fetching 85.732 ms
INFO: at 2070.483 ms batch [81.277] delay 6.875 ms
INFO: at 2070.483 ms fetching 81.277 ms
INFO: at 2077.360 ms batch [27.242] delay 6.875 ms
INFO: at 2077.360 ms fetching 27.242 ms
INFO: at 2084.237 ms batch [84.879] delay 6.875 ms
INFO: at 2084.237 ms fetching 84.879 ms
INFO: at 2091.114 ms batch [81.399] delay 6.875 ms
INFO: at 2091.114 ms fetching 81.399 ms
INFO: at 2097.990 ms batch [84.756] delay 6.875 ms
INFO: at 2097.990 ms fetching 84.756 ms
INFO: at 2104.867 ms batch [80.870] delay 6.875 ms
INFO: at 2104.867 ms fetching 80.870 ms
INFO: at 2111.744 ms batch [26.201] delay 6.875 ms
INFO: at 2111.744 ms fetching 26.201 ms
INFO: at 2118.621 ms batch [26.605] delay 5.500 ms
INFO: at 2118.621 ms fetching 26.605 ms
INFO: at 2124.122 ms batch [21.927] delay 5.500 ms
INFO: at 2124.122 ms fetching 21.927 ms
INFO: at 2129.623 ms batch [31.606] delay 5.500 ms
INFO: at 2129.623 ms fetching 31.606 ms
INFO: at 2135.125 ms batch [28.775] delay 5.500 ms
INFO: at 2135.125 ms fetching 28.775 ms
INFO: at 2140.627 ms batch [88.725] delay 5.500 ms
INFO: at 2140.627 ms fetching 88.725 ms
INFO: at 2146.138 ms batch [75.618] delay 5.500 ms
INFO: at 2146.138 ms fetching 75.618 ms
INFO: at 2151.640 ms batch [26.985] delay 5.500 ms
INFO: at 2151.640 ms fetching 26.985 ms
INFO: at 2157.141 ms batch [77.726] delay 5.500 ms
INFO: at 2157.141 ms fetching 77.726 ms
INFO: at 2162.643 ms batch [77.176] delay 5.500 ms
INFO: at 2162.643 ms fetching 77.176 ms
INFO: at 2168.144 ms batch [29.588] delay 5.500 ms
INFO: at 2168.144 ms fetching 29.588 ms
INFO: at 2173.646 ms batch [26.448] delay 6.111 ms
INFO: at 2173.646 ms fetching 26.448 ms
INFO: at 2179.759 ms batch [29.788] delay 6.111 ms
INFO: at 2179.759 ms fetching 29.788 ms
INFO: at 2185.871 ms batch [32.019] delay 6.111 ms
INFO: at 2185.871 ms fetching 32.019 ms
INFO: at 2191.984 ms batch [34.204] delay 6.111 ms
INFO: at 2191.984 ms fetching 34.204 ms
INFO: at 2198.097 ms batch [91.291] delay 6.111 ms
INFO: at 2198.097 ms fetching 91.291 ms
INFO: at 2204.210 ms batch [87.735] delay 6.111 ms
INFO: at 2204.210 ms fetching 87.735 ms
INFO: at 2210.322 ms batch [28.674] delay 6.111 ms
INFO: at 2210.322 ms fetching 28.674 ms
INFO: at 2216.435 ms batch [32.309] delay 6.111 ms
INFO: at 2216.435 ms fetching 32.309 ms
INFO: at 2222.548 ms batch [85.478] delay 0.000 ms
INFO: at 2222.548 ms fetching 85.478 ms
INFO: done
22-02-02:00:57:22 INFO     [docker_logging_utils.py:19] [default-cluster] Created logging directory: /home/cc/Mutimodal/log/incoming_rate_72.73/Equal_Std/std_0.5/2_x_P99/clipper/logs
22-02-02:00:58:05 INFO     [clipper_admin.py:1424] [default-cluster] Stopped all Clipper cluster and all model containers
