Starting Python Closure container
Connecting to Clipper with default port: 7000
/usr/local/lib/python3.7/runpy.py:125: RuntimeWarning: 'clipper_admin.metrics.server' found in sys.modules after import of package 'clipper_admin.metrics', but prior to execution of 'clipper_admin.metrics.server'; this may result in unpredictable behaviour
  warn(RuntimeWarning(msg))
22-01-26:16:19:29 INFO     [server.py:80] Metric Server Started!
22-01-26:16:19:29 INFO     [server.py:85] Redis Connected! Waiting for messages...
Serving predictions for floats input type.
Sent heartbeat!
Received heartbeat!
Sent container metadata!
Got start of message 0 
fake_model: serving batch [[1.]], sleeping for 1.00ms = 0.74 + 0.26 * 1 * 1.00
fake_model: returning [1.0]
recv: 0.000377 s, parse: 0.000008 s, handle: 0.001859 s
Got start of message 1 
fake_model: serving batch [[35.97715]], sleeping for 35.98ms = 26.66 + 0.26 * 1 * 35.98
fake_model: returning [35.97715]
recv: 0.000234 s, parse: 0.000008 s, handle: 0.036488 s
Got start of message 2 
fake_model: serving batch [[74.152054]
 [38.229866]
 [76.851654]
 [40.04597 ]
 [36.14748 ]
 [84.13764 ]
 [67.19155 ]
 [62.56067 ]], sleeping for 236.65ms = 62.35 + 0.26 * 8 * 84.14
fake_model: returning [74.152054, 38.229866, 76.851654, 40.04597, 36.14748, 84.13764, 67.19155, 62.56067]
recv: 0.000118 s, parse: 0.000004 s, handle: 0.237036 s
Got start of message 3 
fake_model: serving batch [[84.59477 ]
 [73.52522 ]
 [73.995705]
 [35.4709  ]
 [72.69179 ]
 [78.109856]
 [69.68793 ]
 [40.737614]], sleeping for 237.93ms = 62.69 + 0.26 * 8 * 84.59
fake_model: returning [84.59477, 73.52522, 73.995705, 35.4709, 72.69179, 78.109856, 69.68793, 40.737614]
recv: 0.000109 s, parse: 0.000003 s, handle: 0.238275 s
Got start of message 4 
fake_model: serving batch [[33.267902]
 [40.486282]
 [38.610165]
 [86.72178 ]
 [69.03524 ]
 [29.489416]
 [70.89017 ]
 [30.542337]], sleeping for 243.92ms = 64.27 + 0.26 * 8 * 86.72
fake_model: returning [33.267902, 40.486282, 38.610165, 86.72178, 69.03524, 29.489416, 70.89017, 30.542337]
recv: 0.000122 s, parse: 0.000004 s, handle: 0.244261 s
Got start of message 5 
fake_model: serving batch [[39.410625]
 [34.77768 ]
 [73.84114 ]
 [45.412025]
 [79.15198 ]
 [85.204185]
 [70.10621 ]
 [37.0019  ]], sleeping for 239.65ms = 63.14 + 0.26 * 8 * 85.20
fake_model: returning [39.410625, 34.77768, 73.84114, 45.412025, 79.15198, 85.204185, 70.10621, 37.0019]
recv: 0.000107 s, parse: 0.000004 s, handle: 0.239996 s
Got start of message 6 
fake_model: serving batch [[32.182472]
 [22.49264 ]
 [77.74541 ]
 [67.77452 ]
 [74.47336 ]
 [34.43833 ]
 [71.98827 ]
 [65.362015]], sleeping for 218.67ms = 57.61 + 0.26 * 8 * 77.75
fake_model: returning [32.182472, 22.49264, 77.74541, 67.77452, 74.47336, 34.43833, 71.98827, 65.362015]
recv: 0.000108 s, parse: 0.000003 s, handle: 0.219055 s
