INFO: nexus_dir=/workdir/nexus model_dir=/workdir/DynWork/multimodal_dataset/repeat-2/Multimodal/Azure/incoming_rate_36.36/Equal_Std/std_2/1_x_P99/nexus/models log_dir=/workdir/DynWork/multimodal_dataset/repeat-2/Multimodal/Azure/incoming_rate_36.36/Equal_Std/std_2/1_x_P99/nexus/logs model=fake_0
INFO: waiting frontend to spin up
INFO: ready to go
INFO: rock and roll
INFO: at 1.661 ms batch [44.118] delay 22.000 ms
INFO: at 1.661 ms fetching 44.118 ms
INFO: at 24.387 ms batch [10.000] delay 22.000 ms
INFO: at 24.387 ms fetching 10.000 ms
INFO: at 47.180 ms batch [34.891] delay 22.000 ms
INFO: at 47.180 ms fetching 34.891 ms
INFO: at 70.043 ms batch [70.356] delay 22.000 ms
INFO: at 70.043 ms fetching 70.356 ms
INFO: at 92.961 ms batch [67.637] delay 22.000 ms
INFO: at 92.961 ms fetching 67.637 ms
INFO: at 115.398 ms batch [60.624] delay 22.000 ms
INFO: at 115.398 ms fetching 60.624 ms
INFO: at 138.313 ms batch [34.265] delay 22.000 ms
INFO: at 138.313 ms fetching 34.265 ms
INFO: at 161.419 ms batch [53.189] delay 22.000 ms
INFO: at 161.419 ms fetching 53.189 ms
INFO: at 183.832 ms batch [43.677] delay 22.000 ms
INFO: at 183.832 ms fetching 43.677 ms
INFO: at 206.759 ms batch [62.694] delay 22.000 ms
INFO: at 206.759 ms fetching 62.694 ms
INFO: at 229.992 ms batch [83.225] delay 27.500 ms
INFO: at 229.992 ms fetching 83.225 ms
INFO: at 258.329 ms batch [64.970] delay 27.500 ms
INFO: at 258.329 ms fetching 64.970 ms
INFO: at 286.655 ms batch [82.401] delay 27.500 ms
INFO: at 286.655 ms fetching 82.401 ms
INFO: at 315.007 ms batch [58.730] delay 27.500 ms
INFO: at 315.007 ms fetching 58.730 ms
INFO: at 342.780 ms batch [70.541] delay 22.000 ms
INFO: at 342.780 ms fetching 70.541 ms
INFO: at 365.670 ms batch [65.408] delay 22.000 ms
INFO: at 365.670 ms fetching 65.408 ms
INFO: at 388.670 ms batch [31.190] delay 22.000 ms
INFO: at 388.670 ms fetching 31.190 ms
INFO: at 411.873 ms batch [65.863] delay 22.000 ms
INFO: at 411.873 ms fetching 65.863 ms
INFO: at 435.113 ms batch [69.058] delay 22.000 ms
INFO: at 435.113 ms fetching 69.058 ms
INFO: at 459.019 ms batch [61.501] delay 27.500 ms
INFO: at 459.019 ms fetching 61.501 ms
INFO: at 487.089 ms batch [29.708] delay 27.500 ms
INFO: at 487.089 ms fetching 29.708 ms
INFO: at 515.812 ms batch [60.042] delay 27.500 ms
INFO: at 515.812 ms fetching 60.042 ms
INFO: at 543.687 ms batch [44.861] delay 27.500 ms
INFO: at 543.687 ms fetching 44.861 ms
INFO: at 571.817 ms batch [36.310] delay 27.500 ms
INFO: at 571.817 ms fetching 36.310 ms
INFO: at 599.565 ms batch [46.523] delay 27.500 ms
INFO: at 599.565 ms fetching 46.523 ms
INFO: at 628.036 ms batch [47.707] delay 27.500 ms
INFO: at 628.036 ms fetching 47.707 ms
INFO: at 655.824 ms batch [73.597] delay 27.500 ms
INFO: at 655.824 ms fetching 73.597 ms
INFO: at 683.664 ms batch [32.971] delay 27.500 ms
INFO: at 683.664 ms fetching 32.971 ms
INFO: at 712.156 ms batch [73.311] delay 27.500 ms
INFO: at 712.156 ms fetching 73.311 ms
INFO: at 739.949 ms batch [55.886] delay 27.500 ms
INFO: at 739.949 ms fetching 55.886 ms
INFO: at 767.754 ms batch [49.880] delay 27.500 ms
INFO: at 767.754 ms fetching 49.880 ms
INFO: at 796.279 ms batch [66.962] delay 27.500 ms
INFO: at 796.279 ms fetching 66.962 ms
INFO: at 824.540 ms batch [27.640] delay 27.500 ms
INFO: at 824.540 ms fetching 27.640 ms
INFO: at 853.053 ms batch [72.315] delay 27.500 ms
INFO: at 853.053 ms fetching 72.315 ms
INFO: at 881.757 ms batch [75.748] delay 27.500 ms
INFO: at 881.757 ms fetching 75.748 ms
INFO: at 909.734 ms batch [40.473] delay 27.500 ms
INFO: at 909.734 ms fetching 40.473 ms
INFO: at 939.342 ms batch [71.272] delay 27.500 ms
INFO: at 939.342 ms fetching 71.272 ms
INFO: at 967.087 ms batch [58.073] delay 27.500 ms
INFO: at 967.087 ms fetching 58.073 ms
INFO: at 994.794 ms batch [38.255] delay 27.500 ms
INFO: at 994.794 ms fetching 38.255 ms
INFO: at 1023.475 ms batch [72.027] delay 27.500 ms
INFO: at 1023.475 ms fetching 72.027 ms
INFO: at 1051.894 ms batch [32.583] delay 27.500 ms
INFO: at 1051.894 ms fetching 32.583 ms
INFO: at 1080.349 ms batch [40.259] delay 27.500 ms
INFO: at 1080.349 ms fetching 40.259 ms
INFO: at 1109.004 ms batch [26.922] delay 27.500 ms
INFO: at 1109.004 ms fetching 26.922 ms
INFO: at 1137.602 ms batch [100.000] delay 36.667 ms
INFO: at 1137.602 ms fetching 100.000 ms
INFO: at 1175.156 ms batch [77.871] delay 36.667 ms
INFO: at 1175.156 ms fetching 77.871 ms
INFO: at 1212.971 ms batch [89.347] delay 36.667 ms
INFO: at 1212.971 ms fetching 89.347 ms
INFO: at 1250.476 ms batch [50.825] delay 22.000 ms
INFO: at 1250.476 ms fetching 50.825 ms
INFO: at 1272.904 ms batch [50.195] delay 22.000 ms
INFO: at 1272.904 ms fetching 50.195 ms
INFO: at 1295.350 ms batch [31.654] delay 22.000 ms
INFO: at 1295.350 ms fetching 31.654 ms
INFO: at 1318.084 ms batch [74.325] delay 22.000 ms
INFO: at 1318.084 ms fetching 74.325 ms
INFO: at 1341.205 ms batch [59.696] delay 22.000 ms
INFO: at 1341.205 ms fetching 59.696 ms
INFO: at 1363.839 ms batch [47.497] delay 22.000 ms
INFO: at 1363.839 ms fetching 47.497 ms
INFO: at 1386.575 ms batch [72.566] delay 22.000 ms
INFO: at 1386.575 ms fetching 72.566 ms
INFO: at 1409.355 ms batch [32.118] delay 22.000 ms
INFO: at 1409.355 ms fetching 32.118 ms
INFO: at 1432.084 ms batch [51.171] delay 22.000 ms
INFO: at 1432.084 ms fetching 51.171 ms
INFO: at 1454.765 ms batch [53.873] delay 22.000 ms
INFO: at 1454.765 ms fetching 53.873 ms
INFO: at 1477.418 ms batch [60.305] delay 22.000 ms
INFO: at 1477.418 ms fetching 60.305 ms
INFO: at 1500.259 ms batch [68.368] delay 22.000 ms
INFO: at 1500.259 ms fetching 68.368 ms
INFO: at 1523.009 ms batch [78.587] delay 22.000 ms
INFO: at 1523.009 ms fetching 78.587 ms
INFO: at 1545.821 ms batch [37.076] delay 22.000 ms
INFO: at 1545.821 ms fetching 37.076 ms
INFO: at 1568.807 ms batch [51.839] delay 22.000 ms
INFO: at 1568.807 ms fetching 51.839 ms
INFO: at 1591.683 ms batch [63.724] delay 27.500 ms
INFO: at 1591.683 ms fetching 63.724 ms
INFO: at 1620.427 ms batch [35.720] delay 27.500 ms
INFO: at 1620.427 ms fetching 35.720 ms
INFO: at 1648.397 ms batch [56.565] delay 27.500 ms
INFO: at 1648.397 ms fetching 56.565 ms
INFO: at 1676.206 ms batch [56.196] delay 27.500 ms
INFO: at 1676.206 ms fetching 56.196 ms
INFO: at 1704.480 ms batch [49.316] delay 36.667 ms
INFO: at 1704.480 ms fetching 49.316 ms
INFO: at 1742.498 ms batch [52.489] delay 36.667 ms
INFO: at 1742.498 ms fetching 52.489 ms
INFO: at 1779.546 ms batch [69.714] delay 36.667 ms
INFO: at 1779.546 ms fetching 69.714 ms
INFO: at 1817.634 ms batch [64.500] delay 27.500 ms
INFO: at 1817.634 ms fetching 64.500 ms
INFO: at 1845.996 ms batch [49.080] delay 27.500 ms
INFO: at 1845.996 ms fetching 49.080 ms
INFO: at 1874.003 ms batch [70.759] delay 27.500 ms
INFO: at 1874.003 ms fetching 70.759 ms
INFO: at 1901.929 ms batch [62.419] delay 27.500 ms
INFO: at 1901.929 ms fetching 62.419 ms
INFO: at 1930.081 ms batch [42.254] delay 22.000 ms
INFO: at 1930.081 ms fetching 42.254 ms
INFO: at 1953.043 ms batch [21.138] delay 22.000 ms
INFO: at 1953.043 ms fetching 21.138 ms
INFO: at 1975.956 ms batch [46.058] delay 22.000 ms
INFO: at 1975.956 ms fetching 46.058 ms
INFO: at 1998.878 ms batch [66.362] delay 22.000 ms
INFO: at 1998.878 ms fetching 66.362 ms
INFO: at 2021.853 ms batch [23.200] delay 22.000 ms
INFO: at 2021.853 ms fetching 23.200 ms
INFO: at 2044.099 ms batch [47.276] delay 27.500 ms
INFO: at 2044.099 ms fetching 47.276 ms
INFO: at 2072.047 ms batch [66.769] delay 27.500 ms
INFO: at 2072.047 ms fetching 66.769 ms
INFO: at 2100.061 ms batch [58.417] delay 27.500 ms
INFO: at 2100.061 ms fetching 58.417 ms
INFO: at 2128.079 ms batch [33.624] delay 27.500 ms
INFO: at 2128.079 ms fetching 33.624 ms
INFO: at 2156.131 ms batch [38.761] delay 27.500 ms
INFO: at 2156.131 ms fetching 38.761 ms
INFO: at 2184.077 ms batch [57.751] delay 27.500 ms
INFO: at 2184.077 ms fetching 57.751 ms
INFO: at 2211.831 ms batch [79.020] delay 27.500 ms
INFO: at 2211.831 ms fetching 79.020 ms
INFO: at 2239.763 ms batch [87.323] delay 27.500 ms
INFO: at 2239.763 ms fetching 87.323 ms
INFO: at 2268.085 ms batch [36.560] delay 22.000 ms
INFO: at 2268.085 ms fetching 36.560 ms
INFO: at 2291.142 ms batch [66.566] delay 22.000 ms
INFO: at 2291.142 ms fetching 66.566 ms
INFO: at 2313.998 ms batch [71.784] delay 22.000 ms
INFO: at 2313.998 ms fetching 71.784 ms
INFO: at 2336.930 ms batch [45.592] delay 22.000 ms
INFO: at 2336.930 ms fetching 45.592 ms
INFO: at 2359.905 ms batch [74.885] delay 22.000 ms
INFO: at 2359.905 ms fetching 74.885 ms
INFO: at 2382.644 ms batch [44.618] delay 27.500 ms
INFO: at 2382.644 ms fetching 44.618 ms
INFO: at 2410.973 ms batch [68.843] delay 27.500 ms
INFO: at 2410.973 ms fetching 68.843 ms
INFO: at 2438.859 ms batch [41.160] delay 27.500 ms
INFO: at 2438.859 ms fetching 41.160 ms
INFO: at 2466.604 ms batch [42.017] delay 27.500 ms
INFO: at 2466.604 ms fetching 42.017 ms
INFO: at 2494.541 ms batch [52.149] delay 22.000 ms
INFO: at 2494.541 ms fetching 52.149 ms
INFO: at 2518.604 ms batch [60.930] delay 22.000 ms
INFO: at 2518.604 ms fetching 60.930 ms
INFO: at 2541.448 ms batch [30.244] delay 22.000 ms
INFO: at 2541.448 ms fetching 30.244 ms
INFO: at 2564.377 ms batch [57.483] delay 22.000 ms
INFO: at 2564.377 ms fetching 57.483 ms
INFO: at 2587.157 ms batch [30.783] delay 22.000 ms
INFO: at 2587.157 ms fetching 30.783 ms
INFO: at 2609.745 ms batch [54.190] delay 27.500 ms
INFO: at 2609.745 ms fetching 54.190 ms
INFO: at 2638.431 ms batch [74.063] delay 27.500 ms
INFO: at 2638.431 ms fetching 74.063 ms
INFO: at 2666.978 ms batch [77.486] delay 27.500 ms
INFO: at 2666.978 ms fetching 77.486 ms
INFO: at 2694.912 ms batch [42.970] delay 27.500 ms
INFO: at 2694.912 ms fetching 42.970 ms
INFO: at 2722.893 ms batch [73.044] delay 22.000 ms
INFO: at 2722.893 ms fetching 73.044 ms
INFO: at 2745.237 ms batch [51.468] delay 22.000 ms
INFO: at 2745.237 ms fetching 51.468 ms
INFO: at 2768.145 ms batch [65.171] delay 22.000 ms
INFO: at 2768.145 ms fetching 65.171 ms
INFO: at 2791.071 ms batch [76.092] delay 22.000 ms
INFO: at 2791.071 ms fetching 76.092 ms
INFO: at 2814.045 ms batch [25.951] delay 22.000 ms
INFO: at 2814.045 ms fetching 25.951 ms
INFO: at 2836.824 ms batch [40.943] delay 22.000 ms
INFO: at 2836.824 ms fetching 40.943 ms
INFO: at 2859.577 ms batch [37.287] delay 22.000 ms
INFO: at 2859.577 ms fetching 37.287 ms
INFO: at 2882.330 ms batch [75.430] delay 22.000 ms
INFO: at 2882.330 ms fetching 75.430 ms
INFO: at 2905.316 ms batch [84.179] delay 22.000 ms
INFO: at 2905.316 ms fetching 84.179 ms
INFO: at 2928.194 ms batch [56.846] delay 22.000 ms
INFO: at 2928.194 ms fetching 56.846 ms
INFO: at 2951.144 ms batch [47.016] delay 27.500 ms
INFO: at 2951.144 ms fetching 47.016 ms
INFO: at 2979.161 ms batch [53.528] delay 27.500 ms
INFO: at 2979.161 ms fetching 53.528 ms
INFO: at 3007.471 ms batch [67.876] delay 27.500 ms
INFO: at 3007.471 ms fetching 67.876 ms
INFO: at 3035.380 ms batch [54.871] delay 27.500 ms
INFO: at 3035.380 ms fetching 54.871 ms
INFO: at 3063.468 ms batch [37.522] delay 36.667 ms
INFO: at 3063.468 ms fetching 37.522 ms
INFO: at 3101.543 ms batch [39.610] delay 36.667 ms
INFO: at 3101.543 ms fetching 39.610 ms
INFO: at 3139.551 ms batch [57.152] delay 36.667 ms
INFO: at 3139.551 ms fetching 57.152 ms
INFO: at 3176.780 ms batch [85.420] delay 27.500 ms
INFO: at 3176.780 ms fetching 85.420 ms
INFO: at 3205.235 ms batch [43.923] delay 27.500 ms
INFO: at 3205.235 ms fetching 43.923 ms
INFO: at 3233.234 ms batch [76.751] delay 27.500 ms
INFO: at 3233.234 ms fetching 76.751 ms
INFO: at 3261.259 ms batch [41.780] delay 27.500 ms
INFO: at 3261.259 ms fetching 41.780 ms
INFO: at 3289.252 ms batch [67.419] delay 22.000 ms
INFO: at 3289.252 ms fetching 67.419 ms
INFO: at 3312.417 ms batch [55.535] delay 22.000 ms
INFO: at 3312.417 ms fetching 55.535 ms
INFO: at 3335.425 ms batch [35.998] delay 22.000 ms
INFO: at 3335.425 ms fetching 35.998 ms
INFO: at 3358.430 ms batch [55.195] delay 22.000 ms
INFO: at 3358.430 ms fetching 55.195 ms
INFO: at 3381.447 ms batch [43.426] delay 22.000 ms
INFO: at 3381.447 ms fetching 43.426 ms
INFO: at 3404.481 ms batch [71.014] delay 27.500 ms
INFO: at 3404.481 ms fetching 71.014 ms
INFO: at 3433.606 ms batch [65.633] delay 27.500 ms
INFO: at 3433.606 ms fetching 65.633 ms
INFO: at 3461.592 ms batch [38.012] delay 27.500 ms
INFO: at 3461.592 ms fetching 38.012 ms
INFO: at 3489.628 ms batch [81.086] delay 27.500 ms
INFO: at 3489.628 ms fetching 81.086 ms
INFO: at 3517.641 ms batch [69.904] delay 27.500 ms
INFO: at 3517.641 ms fetching 69.904 ms
INFO: at 3545.648 ms batch [43.243] delay 27.500 ms
INFO: at 3545.648 ms fetching 43.243 ms
INFO: at 3574.701 ms batch [64.235] delay 27.500 ms
INFO: at 3574.701 ms fetching 64.235 ms
INFO: at 3602.593 ms batch [45.326] delay 27.500 ms
INFO: at 3602.593 ms fetching 45.326 ms
INFO: at 3630.554 ms batch [64.006] delay 36.667 ms
INFO: at 3630.554 ms fetching 64.006 ms
INFO: at 3668.609 ms batch [61.823] delay 36.667 ms
INFO: at 3668.609 ms fetching 61.823 ms
INFO: at 3705.823 ms batch [37.781] delay 36.667 ms
INFO: at 3705.823 ms fetching 37.781 ms
INFO: at 3743.666 ms batch [68.108] delay 22.000 ms
INFO: at 3743.666 ms fetching 68.108 ms
INFO: at 3766.475 ms batch [62.088] delay 22.000 ms
INFO: at 3766.475 ms fetching 62.088 ms
INFO: at 3789.486 ms batch [72.832] delay 22.000 ms
INFO: at 3789.486 ms fetching 72.832 ms
INFO: at 3812.362 ms batch [38.505] delay 22.000 ms
INFO: at 3812.362 ms fetching 38.505 ms
INFO: at 3835.444 ms batch [69.513] delay 22.000 ms
INFO: at 3835.444 ms fetching 69.513 ms
INFO: at 3858.492 ms batch [63.214] delay 22.000 ms
INFO: at 3858.492 ms fetching 63.214 ms
INFO: at 3881.501 ms batch [79.984] delay 22.000 ms
INFO: at 3881.501 ms fetching 79.984 ms
INFO: at 3904.537 ms batch [41.555] delay 22.000 ms
INFO: at 3904.537 ms fetching 41.555 ms
INFO: at 3927.521 ms batch [46.322] delay 22.000 ms
INFO: at 3927.521 ms fetching 46.322 ms
INFO: at 3950.566 ms batch [67.215] delay 22.000 ms
INFO: at 3950.566 ms fetching 67.215 ms
INFO: at 3974.088 ms batch [45.811] delay 18.333 ms
INFO: at 3974.088 ms fetching 45.811 ms
INFO: at 3994.114 ms batch [78.240] delay 18.333 ms
INFO: at 3994.114 ms fetching 78.240 ms
INFO: at 4014.067 ms batch [75.188] delay 18.333 ms
INFO: at 4014.067 ms fetching 75.188 ms
INFO: at 4033.982 ms batch [39.164] delay 18.333 ms
INFO: at 4033.982 ms fetching 39.164 ms
INFO: at 4054.083 ms batch [69.283] delay 18.333 ms
INFO: at 4054.083 ms fetching 69.283 ms
INFO: at 4074.291 ms batch [44.371] delay 18.333 ms
INFO: at 4074.291 ms fetching 44.371 ms
INFO: at 4093.356 ms batch [35.449] delay 22.000 ms
INFO: at 4093.356 ms fetching 35.449 ms
INFO: at 4115.718 ms batch [48.562] delay 22.000 ms
INFO: at 4115.718 ms fetching 48.562 ms
INFO: at 4138.052 ms batch [33.273] delay 22.000 ms
INFO: at 4138.052 ms fetching 33.273 ms
INFO: at 4160.391 ms batch [50.500] delay 22.000 ms
INFO: at 4160.391 ms fetching 50.500 ms
INFO: at 4182.725 ms batch [48.809] delay 22.000 ms
INFO: at 4182.725 ms fetching 48.809 ms
INFO: at 4205.089 ms batch [42.513] delay 22.000 ms
INFO: at 4205.089 ms fetching 42.513 ms
INFO: at 4228.043 ms batch [29.094] delay 22.000 ms
INFO: at 4228.043 ms fetching 29.094 ms
INFO: at 4250.744 ms batch [52.800] delay 22.000 ms
INFO: at 4250.744 ms fetching 52.800 ms
INFO: at 4273.534 ms batch [66.116] delay 22.000 ms
INFO: at 4273.534 ms fetching 66.116 ms
INFO: at 4296.359 ms batch [33.923] delay 22.000 ms
INFO: at 4296.359 ms fetching 33.923 ms
INFO: at 4319.136 ms batch [48.281] delay 22.000 ms
INFO: at 4319.136 ms fetching 48.281 ms
INFO: at 4342.047 ms batch [49.570] delay 22.000 ms
INFO: at 4342.047 ms fetching 49.570 ms
INFO: at 4364.956 ms batch [39.367] delay 22.000 ms
INFO: at 4364.956 ms fetching 39.367 ms
INFO: at 4387.817 ms batch [70.146] delay 22.000 ms
INFO: at 4387.817 ms fetching 70.146 ms
INFO: at 4410.774 ms batch [45.091] delay 22.000 ms
INFO: at 4410.774 ms fetching 45.091 ms
INFO: at 4433.420 ms batch [34.571] delay 27.500 ms
INFO: at 4433.420 ms fetching 34.571 ms
INFO: at 4461.330 ms batch [63.487] delay 27.500 ms
INFO: at 4461.330 ms fetching 63.487 ms
INFO: at 4489.385 ms batch [48.032] delay 27.500 ms
INFO: at 4489.385 ms fetching 48.032 ms
INFO: at 4517.421 ms batch [80.499] delay 27.500 ms
INFO: at 4517.421 ms fetching 80.499 ms
INFO: at 4545.564 ms batch [59.361] delay 18.333 ms
INFO: at 4545.564 ms fetching 59.361 ms
INFO: at 4564.577 ms batch [62.968] delay 18.333 ms
INFO: at 4564.577 ms fetching 62.968 ms
INFO: at 4584.670 ms batch [81.657] delay 18.333 ms
INFO: at 4584.670 ms fetching 81.657 ms
INFO: at 4604.727 ms batch [64.736] delay 18.333 ms
INFO: at 4604.727 ms fetching 64.736 ms
INFO: at 4624.719 ms batch [28.471] delay 18.333 ms
INFO: at 4624.719 ms fetching 28.471 ms
INFO: at 4644.735 ms batch [36.798] delay 18.333 ms
INFO: at 4644.735 ms fetching 36.798 ms
INFO: at 4664.019 ms batch [71.521] delay 27.500 ms
INFO: at 4664.019 ms fetching 71.521 ms
INFO: at 4692.181 ms batch [61.201] delay 27.500 ms
INFO: at 4692.181 ms fetching 61.201 ms
INFO: at 4720.194 ms batch [59.080] delay 27.500 ms
INFO: at 4720.194 ms fetching 59.080 ms
INFO: at 4748.181 ms batch [24.545] delay 27.500 ms
INFO: at 4748.181 ms fetching 24.545 ms
INFO: at 4776.203 ms batch [46.777] delay 22.000 ms
INFO: at 4776.203 ms fetching 46.777 ms
INFO: at 4799.261 ms batch [79.425] delay 22.000 ms
INFO: at 4799.261 ms fetching 79.425 ms
INFO: at 4822.284 ms batch [38.929] delay 22.000 ms
INFO: at 4822.284 ms fetching 38.929 ms
INFO: at 4845.310 ms batch [76.426] delay 22.000 ms
INFO: at 4845.310 ms fetching 76.426 ms
INFO: at 4868.322 ms batch [35.164] delay 22.000 ms
INFO: at 4868.322 ms fetching 35.164 ms
INFO: at 4891.306 ms batch [74.642] delay 18.333 ms
INFO: at 4891.306 ms fetching 74.642 ms
INFO: at 4910.431 ms batch [73.836] delay 18.333 ms
INFO: at 4910.431 ms fetching 73.836 ms
INFO: at 4930.560 ms batch [40.025] delay 18.333 ms
INFO: at 4930.560 ms fetching 40.025 ms
INFO: at 4950.455 ms batch [41.358] delay 18.333 ms
INFO: at 4950.455 ms fetching 41.358 ms
INFO: at 4970.485 ms batch [39.835] delay 18.333 ms
INFO: at 4970.485 ms fetching 39.835 ms
INFO: at 4990.365 ms batch [42.732] delay 18.333 ms
INFO: at 4990.365 ms fetching 42.732 ms
INFO: at 5010.335 ms batch [40.684] delay 27.500 ms
INFO: at 5010.335 ms fetching 40.684 ms
INFO: at 5039.595 ms batch [68.610] delay 27.500 ms
INFO: at 5039.595 ms fetching 68.610 ms
INFO: at 5067.634 ms batch [54.527] delay 27.500 ms
INFO: at 5067.634 ms fetching 54.527 ms
INFO: done
INFO: stopping nexus
