22-04-18:07:46:11 INFO     [docker_container_manager.py:192] [default-cluster] Starting managed Redis instance in Docker
22-04-18:07:46:13 INFO     [docker_container_manager.py:294] [default-cluster] Metric Configuration Saved at /tmp/tmpd1ms2ksi.yml
22-04-18:07:46:13 INFO     [clipper_admin.py:162] [default-cluster] Clipper is running
22-04-18:07:46:13 INFO     [clipper_admin.py:236] [default-cluster] Application fake-model was successfully registered
22-04-18:07:46:13 INFO     [deployer_utils.py:41] Saving function to /tmp/tmp4va53oatclipper
22-04-18:07:46:13 INFO     [deployer_utils.py:51] Serialized and supplied predict function
22-04-18:07:46:13 INFO     [python.py:192] Python closure saved
22-04-18:07:46:13 INFO     [python.py:210] Using Python 3.7 base image
22-04-18:07:46:13 INFO     [clipper_admin.py:534] [default-cluster] Building model Docker image with model data from /tmp/tmp4va53oatclipper
22-04-18:07:46:14 INFO     [clipper_admin.py:539] [default-cluster] Step 1/2 : FROM clipper/python37-closure-container:develop
22-04-18:07:46:14 INFO     [clipper_admin.py:539] [default-cluster]  ---> 2660542c0759
22-04-18:07:46:14 INFO     [clipper_admin.py:539] [default-cluster] Step 2/2 : COPY /tmp/tmp4va53oatclipper /model/
22-04-18:07:46:14 INFO     [clipper_admin.py:539] [default-cluster]  ---> 2cc466655ab0
22-04-18:07:46:14 INFO     [clipper_admin.py:539] [default-cluster] Successfully built 2cc466655ab0
22-04-18:07:46:14 INFO     [clipper_admin.py:539] [default-cluster] Successfully tagged default-cluster-fake-model:1
22-04-18:07:46:14 INFO     [clipper_admin.py:541] [default-cluster] Pushing model Docker image to default-cluster-fake-model:1
22-04-18:07:46:14 INFO     [docker_container_manager.py:433] [default-cluster] Found 0 replicas for fake-model:1. Adding 1
22-04-18:07:46:14 INFO     [clipper_admin.py:724] [default-cluster] Successfully registered model fake-model:1
22-04-18:07:46:14 INFO     [clipper_admin.py:642] [default-cluster] Done deploying model fake-model:1.
22-04-18:07:46:14 INFO     [clipper_admin.py:303] [default-cluster] Model fake-model is now linked to application fake-model
INFO: ready to go
INFO: rock and roll
INFO: at 3.042 ms batch [239.872] delay 97.635 ms
INFO: at 3.042 ms fetching 239.872 ms
INFO: at 100.680 ms batch [239.094] delay 97.635 ms
INFO: at 100.680 ms fetching 239.094 ms
INFO: at 198.318 ms batch [163.218] delay 97.635 ms
INFO: at 198.318 ms fetching 163.218 ms
INFO: at 295.991 ms batch [238.198] delay 97.635 ms
INFO: at 295.991 ms fetching 238.198 ms
INFO: at 393.628 ms batch [163.052] delay 97.635 ms
INFO: at 393.628 ms fetching 163.052 ms
INFO: at 491.274 ms batch [239.022] delay 97.635 ms
INFO: at 491.274 ms fetching 239.022 ms
INFO: at 588.912 ms batch [239.341] delay 97.635 ms
INFO: at 588.912 ms fetching 239.341 ms
INFO: at 686.550 ms batch [162.321] delay 97.635 ms
INFO: at 686.550 ms fetching 162.321 ms
INFO: at 784.188 ms batch [238.078] delay 97.635 ms
INFO: at 784.188 ms fetching 238.078 ms
INFO: at 881.825 ms batch [235.178] delay 97.635 ms
INFO: at 881.825 ms fetching 235.178 ms
INFO: at 979.464 ms batch [162.261] delay 122.044 ms
INFO: at 979.464 ms fetching 162.261 ms
INFO: at 1101.514 ms batch [233.374] delay 122.044 ms
INFO: at 1101.514 ms fetching 233.374 ms
INFO: at 1223.561 ms batch [246.072] delay 122.044 ms
INFO: at 1223.561 ms fetching 246.072 ms
INFO: at 1345.608 ms batch [163.300] delay 122.044 ms
INFO: at 1345.608 ms fetching 163.300 ms
INFO: at 1467.656 ms batch [163.389] delay 122.044 ms
INFO: at 1467.656 ms fetching 163.389 ms
INFO: at 1589.702 ms batch [161.328] delay 122.044 ms
INFO: at 1589.702 ms fetching 161.328 ms
INFO: at 1711.749 ms batch [236.191] delay 122.044 ms
INFO: at 1711.749 ms fetching 236.191 ms
INFO: at 1833.795 ms batch [163.058] delay 122.044 ms
INFO: at 1833.795 ms fetching 163.058 ms
INFO: at 1955.841 ms batch [163.431] delay 81.363 ms
INFO: at 1955.841 ms fetching 163.431 ms
INFO: at 2037.206 ms batch [162.599] delay 81.363 ms
INFO: at 2037.206 ms fetching 162.599 ms
INFO: at 2118.570 ms batch [162.754] delay 81.363 ms
INFO: at 2118.570 ms fetching 162.754 ms
INFO: at 2199.935 ms batch [162.503] delay 81.363 ms
INFO: at 2199.935 ms fetching 162.503 ms
INFO: at 2281.300 ms batch [162.938] delay 81.363 ms
INFO: at 2281.300 ms fetching 162.938 ms
INFO: at 2362.682 ms batch [238.924] delay 81.363 ms
INFO: at 2362.682 ms fetching 238.924 ms
INFO: at 2444.047 ms batch [236.929] delay 81.363 ms
INFO: at 2444.047 ms fetching 236.929 ms
INFO: at 2525.412 ms batch [161.966] delay 81.363 ms
INFO: at 2525.412 ms fetching 161.966 ms
INFO: at 2606.777 ms batch [240.586] delay 81.363 ms
INFO: at 2606.777 ms fetching 240.586 ms
INFO: at 2688.142 ms batch [162.874] delay 81.363 ms
INFO: at 2688.142 ms fetching 162.874 ms
INFO: at 2769.506 ms batch [241.601] delay 81.363 ms
INFO: at 2769.506 ms fetching 241.601 ms
INFO: at 2850.872 ms batch [233.533] delay 81.363 ms
INFO: at 2850.872 ms fetching 233.533 ms
INFO: at 2932.237 ms batch [235.899] delay 65.090 ms
INFO: at 2932.237 ms fetching 235.899 ms
INFO: at 2997.329 ms batch [238.003] delay 65.090 ms
INFO: at 2997.329 ms fetching 238.003 ms
INFO: at 3062.424 ms batch [237.499] delay 65.090 ms
INFO: at 3062.424 ms fetching 237.499 ms
INFO: at 3127.517 ms batch [163.321] delay 65.090 ms
INFO: at 3127.517 ms fetching 163.321 ms
INFO: at 3192.610 ms batch [237.796] delay 65.090 ms
INFO: at 3192.610 ms fetching 237.796 ms
INFO: at 3257.702 ms batch [162.612] delay 65.090 ms
INFO: at 3257.702 ms fetching 162.612 ms
INFO: at 3322.794 ms batch [162.358] delay 65.090 ms
INFO: at 3322.794 ms fetching 162.358 ms
INFO: at 3387.887 ms batch [238.182] delay 65.090 ms
INFO: at 3387.887 ms fetching 238.182 ms
INFO: at 3452.980 ms batch [162.376] delay 65.090 ms
INFO: at 3452.980 ms fetching 162.376 ms
INFO: at 3518.072 ms batch [236.677] delay 65.090 ms
INFO: at 3518.072 ms fetching 236.677 ms
INFO: at 3583.167 ms batch [234.984] delay 65.090 ms
INFO: at 3583.167 ms fetching 234.984 ms
INFO: at 3648.271 ms batch [239.281] delay 65.090 ms
INFO: at 3648.271 ms fetching 239.281 ms
INFO: at 3713.370 ms batch [232.415] delay 65.090 ms
INFO: at 3713.370 ms fetching 232.415 ms
INFO: at 3778.463 ms batch [162.960] delay 65.090 ms
INFO: at 3778.463 ms fetching 162.960 ms
INFO: at 3843.556 ms batch [237.906] delay 65.090 ms
INFO: at 3843.556 ms fetching 237.906 ms
INFO: at 3908.653 ms batch [236.111] delay 108.484 ms
INFO: at 3908.653 ms fetching 236.111 ms
INFO: at 4017.143 ms batch [163.436] delay 108.484 ms
INFO: at 4017.143 ms fetching 163.436 ms
INFO: at 4125.634 ms batch [163.040] delay 108.484 ms
INFO: at 4125.634 ms fetching 163.040 ms
INFO: at 4234.122 ms batch [241.864] delay 108.484 ms
INFO: at 4234.122 ms fetching 241.864 ms
INFO: at 4342.615 ms batch [162.399] delay 108.484 ms
INFO: at 4342.615 ms fetching 162.399 ms
INFO: at 4451.105 ms batch [162.949] delay 108.484 ms
INFO: at 4451.105 ms fetching 162.949 ms
INFO: at 4559.593 ms batch [234.619] delay 108.484 ms
INFO: at 4559.593 ms fetching 234.619 ms
INFO: at 4668.085 ms batch [236.516] delay 108.484 ms
INFO: at 4668.085 ms fetching 236.516 ms
INFO: at 4776.584 ms batch [162.226] delay 108.484 ms
INFO: at 4776.584 ms fetching 162.226 ms
INFO: at 4885.074 ms batch [236.176] delay 97.635 ms
INFO: at 4885.074 ms fetching 236.176 ms
INFO: at 4982.713 ms batch [240.946] delay 97.635 ms
INFO: at 4982.713 ms fetching 240.946 ms
INFO: at 5080.355 ms batch [162.466] delay 97.635 ms
INFO: at 5080.355 ms fetching 162.466 ms
INFO: at 5177.999 ms batch [162.965] delay 97.635 ms
INFO: at 5177.999 ms fetching 162.965 ms
INFO: at 5275.643 ms batch [162.052] delay 97.635 ms
INFO: at 5275.643 ms fetching 162.052 ms
INFO: at 5373.287 ms batch [237.827] delay 97.635 ms
INFO: at 5373.287 ms fetching 237.827 ms
INFO: at 5470.926 ms batch [162.622] delay 97.635 ms
INFO: at 5470.926 ms fetching 162.622 ms
INFO: at 5568.568 ms batch [238.151] delay 97.635 ms
INFO: at 5568.568 ms fetching 238.151 ms
INFO: at 5666.208 ms batch [162.841] delay 97.635 ms
INFO: at 5666.208 ms fetching 162.841 ms
INFO: at 5763.848 ms batch [163.214] delay 97.635 ms
INFO: at 5763.848 ms fetching 163.214 ms
INFO: at 5861.489 ms batch [240.315] delay 88.760 ms
INFO: at 5861.489 ms fetching 240.315 ms
INFO: at 5950.252 ms batch [163.316] delay 88.760 ms
INFO: at 5950.252 ms fetching 163.316 ms
INFO: at 6039.025 ms batch [162.561] delay 88.760 ms
INFO: at 6039.025 ms fetching 162.561 ms
INFO: at 6127.792 ms batch [237.303] delay 88.760 ms
INFO: at 6127.792 ms fetching 237.303 ms
INFO: at 6216.558 ms batch [238.141] delay 88.760 ms
INFO: at 6216.558 ms fetching 238.141 ms
INFO: at 6305.324 ms batch [235.690] delay 88.760 ms
INFO: at 6305.324 ms fetching 235.690 ms
INFO: at 6394.095 ms batch [163.594] delay 88.760 ms
INFO: at 6394.095 ms fetching 163.594 ms
INFO: at 6482.859 ms batch [162.079] delay 88.760 ms
INFO: at 6482.859 ms fetching 162.079 ms
INFO: at 6571.626 ms batch [241.003] delay 88.760 ms
INFO: at 6571.626 ms fetching 241.003 ms
INFO: at 6660.393 ms batch [237.708] delay 88.760 ms
INFO: at 6660.393 ms fetching 237.708 ms
INFO: at 6749.159 ms batch [238.646] delay 88.760 ms
INFO: at 6749.159 ms fetching 238.646 ms
INFO: at 6837.926 ms batch [162.919] delay 108.484 ms
INFO: at 6837.926 ms fetching 162.919 ms
INFO: at 6946.416 ms batch [163.204] delay 108.484 ms
INFO: at 6946.416 ms fetching 163.204 ms
INFO: at 7054.905 ms batch [240.243] delay 108.484 ms
INFO: at 7054.905 ms fetching 240.243 ms
INFO: at 7163.396 ms batch [239.953] delay 108.484 ms
INFO: at 7163.396 ms fetching 239.953 ms
INFO: at 7271.917 ms batch [163.258] delay 108.484 ms
INFO: at 7271.917 ms fetching 163.258 ms
INFO: at 7380.408 ms batch [240.107] delay 108.484 ms
INFO: at 7380.408 ms fetching 240.107 ms
INFO: at 7488.899 ms batch [162.814] delay 108.484 ms
INFO: at 7488.899 ms fetching 162.814 ms
INFO: at 7597.391 ms batch [162.463] delay 108.484 ms
INFO: at 7597.391 ms fetching 162.463 ms
INFO: at 7705.879 ms batch [163.141] delay 108.484 ms
INFO: at 7705.879 ms fetching 163.141 ms
INFO: at 7814.369 ms batch [162.843] delay 97.635 ms
INFO: at 7814.369 ms fetching 162.843 ms
INFO: at 7912.012 ms batch [237.169] delay 97.635 ms
INFO: at 7912.012 ms fetching 237.169 ms
INFO: at 8009.656 ms batch [239.587] delay 97.635 ms
INFO: at 8009.656 ms fetching 239.587 ms
INFO: at 8107.300 ms batch [239.906] delay 97.635 ms
INFO: at 8107.300 ms fetching 239.906 ms
INFO: at 8204.941 ms batch [162.221] delay 97.635 ms
INFO: at 8204.941 ms fetching 162.221 ms
INFO: at 8302.581 ms batch [162.390] delay 97.635 ms
INFO: at 8302.581 ms fetching 162.390 ms
INFO: at 8400.230 ms batch [236.736] delay 97.635 ms
INFO: at 8400.230 ms fetching 236.736 ms
INFO: at 8497.875 ms batch [162.157] delay 97.635 ms
INFO: at 8497.875 ms fetching 162.157 ms
INFO: at 8595.517 ms batch [163.011] delay 97.635 ms
INFO: at 8595.517 ms fetching 163.011 ms
INFO: at 8693.161 ms batch [163.279] delay 97.635 ms
INFO: at 8693.161 ms fetching 163.279 ms
INFO: at 8790.800 ms batch [162.756] delay 88.760 ms
INFO: at 8790.800 ms fetching 162.756 ms
INFO: at 8879.567 ms batch [162.601] delay 88.760 ms
INFO: at 8879.567 ms fetching 162.601 ms
INFO: at 8968.334 ms batch [234.897] delay 88.760 ms
INFO: at 8968.334 ms fetching 234.897 ms
INFO: at 9057.099 ms batch [238.229] delay 88.760 ms
INFO: at 9057.099 ms fetching 238.229 ms
INFO: at 9145.865 ms batch [238.755] delay 88.760 ms
INFO: at 9145.865 ms fetching 238.755 ms
INFO: at 9234.636 ms batch [239.553] delay 88.760 ms
INFO: at 9234.636 ms fetching 239.553 ms
INFO: at 9323.400 ms batch [162.930] delay 88.760 ms
INFO: at 9323.400 ms fetching 162.930 ms
INFO: at 9412.167 ms batch [161.765] delay 88.760 ms
INFO: at 9412.167 ms fetching 161.765 ms
INFO: at 9500.933 ms batch [162.142] delay 88.760 ms
INFO: at 9500.933 ms fetching 162.142 ms
INFO: at 9589.700 ms batch [163.118] delay 88.760 ms
INFO: at 9589.700 ms fetching 163.118 ms
INFO: at 9678.467 ms batch [162.432] delay 88.760 ms
INFO: at 9678.467 ms fetching 162.432 ms
INFO: at 9767.232 ms batch [237.698] delay 97.635 ms
INFO: at 9767.232 ms fetching 237.698 ms
INFO: at 9864.873 ms batch [234.286] delay 97.635 ms
INFO: at 9864.873 ms fetching 234.286 ms
INFO: at 9962.513 ms batch [239.708] delay 97.635 ms
INFO: at 9962.513 ms fetching 239.708 ms
INFO: at 10060.151 ms batch [238.704] delay 97.635 ms
INFO: at 10060.151 ms fetching 238.704 ms
INFO: at 10157.790 ms batch [239.982] delay 97.635 ms
INFO: at 10157.790 ms fetching 239.982 ms
INFO: at 10255.433 ms batch [236.210] delay 97.635 ms
INFO: at 10255.433 ms fetching 236.210 ms
INFO: at 10353.075 ms batch [163.383] delay 97.635 ms
INFO: at 10353.075 ms fetching 163.383 ms
INFO: at 10450.719 ms batch [162.861] delay 97.635 ms
INFO: at 10450.719 ms fetching 162.861 ms
INFO: at 10548.360 ms batch [163.348] delay 97.635 ms
INFO: at 10548.360 ms fetching 163.348 ms
INFO: at 10645.999 ms batch [162.667] delay 97.635 ms
INFO: at 10645.999 ms fetching 162.667 ms
INFO: at 10743.644 ms batch [237.917] delay 81.363 ms
INFO: at 10743.644 ms fetching 237.917 ms
INFO: at 10825.015 ms batch [236.868] delay 81.363 ms
INFO: at 10825.015 ms fetching 236.868 ms
INFO: at 10906.382 ms batch [162.675] delay 81.363 ms
INFO: at 10906.382 ms fetching 162.675 ms
INFO: at 10987.750 ms batch [163.228] delay 81.363 ms
INFO: at 10987.750 ms fetching 163.228 ms
INFO: at 11069.119 ms batch [241.759] delay 81.363 ms
INFO: at 11069.119 ms fetching 241.759 ms
INFO: at 11150.486 ms batch [239.999] delay 81.363 ms
INFO: at 11150.486 ms fetching 239.999 ms
INFO: at 11231.853 ms batch [162.575] delay 81.363 ms
INFO: at 11231.853 ms fetching 162.575 ms
INFO: at 11313.223 ms batch [239.151] delay 81.363 ms
INFO: at 11313.223 ms fetching 239.151 ms
INFO: at 11394.589 ms batch [237.785] delay 81.363 ms
INFO: at 11394.589 ms fetching 237.785 ms
INFO: at 11475.958 ms batch [162.763] delay 81.363 ms
INFO: at 11475.958 ms fetching 162.763 ms
INFO: at 11557.329 ms batch [240.824] delay 81.363 ms
INFO: at 11557.329 ms fetching 240.824 ms
INFO: at 11638.696 ms batch [163.131] delay 81.363 ms
INFO: at 11638.696 ms fetching 163.131 ms
INFO: at 11720.067 ms batch [162.206] delay 97.635 ms
INFO: at 11720.067 ms fetching 162.206 ms
INFO: at 11817.706 ms batch [163.129] delay 97.635 ms
INFO: at 11817.706 ms fetching 163.129 ms
INFO: at 11915.349 ms batch [236.830] delay 97.635 ms
INFO: at 11915.349 ms fetching 236.830 ms
INFO: at 12012.990 ms batch [162.971] delay 97.635 ms
INFO: at 12012.990 ms fetching 162.971 ms
INFO: at 12110.630 ms batch [241.397] delay 97.635 ms
INFO: at 12110.630 ms fetching 241.397 ms
INFO: at 12208.273 ms batch [237.943] delay 97.635 ms
INFO: at 12208.273 ms fetching 237.943 ms
INFO: at 12305.914 ms batch [163.115] delay 97.635 ms
INFO: at 12305.914 ms fetching 163.115 ms
INFO: at 12403.557 ms batch [239.753] delay 97.635 ms
INFO: at 12403.557 ms fetching 239.753 ms
INFO: at 12501.227 ms batch [163.460] delay 97.635 ms
INFO: at 12501.227 ms fetching 163.460 ms
INFO: at 12598.882 ms batch [162.469] delay 97.635 ms
INFO: at 12598.882 ms fetching 162.469 ms
INFO: at 12696.521 ms batch [162.812] delay 88.760 ms
INFO: at 12696.521 ms fetching 162.812 ms
INFO: at 12785.287 ms batch [162.624] delay 88.760 ms
INFO: at 12785.287 ms fetching 162.624 ms
INFO: at 12874.052 ms batch [163.221] delay 88.760 ms
INFO: at 12874.052 ms fetching 163.221 ms
INFO: at 12962.815 ms batch [235.734] delay 88.760 ms
INFO: at 12962.815 ms fetching 235.734 ms
INFO: at 13051.583 ms batch [236.530] delay 88.760 ms
INFO: at 13051.583 ms fetching 236.530 ms
INFO: at 13140.351 ms batch [237.121] delay 88.760 ms
INFO: at 13140.351 ms fetching 237.121 ms
INFO: at 13229.120 ms batch [162.614] delay 88.760 ms
INFO: at 13229.120 ms fetching 162.614 ms
INFO: at 13317.885 ms batch [240.393] delay 88.760 ms
INFO: at 13317.885 ms fetching 240.393 ms
INFO: at 13406.648 ms batch [232.864] delay 88.760 ms
INFO: at 13406.648 ms fetching 232.864 ms
INFO: at 13495.414 ms batch [237.146] delay 88.760 ms
INFO: at 13495.414 ms fetching 237.146 ms
INFO: at 13584.184 ms batch [240.430] delay 88.760 ms
INFO: at 13584.184 ms fetching 240.430 ms
INFO: at 13672.952 ms batch [162.976] delay 108.484 ms
INFO: at 13672.952 ms fetching 162.976 ms
INFO: at 13781.439 ms batch [236.338] delay 108.484 ms
INFO: at 13781.439 ms fetching 236.338 ms
INFO: at 13889.926 ms batch [238.946] delay 108.484 ms
INFO: at 13889.926 ms fetching 238.946 ms
INFO: at 13998.413 ms batch [162.274] delay 108.484 ms
INFO: at 13998.413 ms fetching 162.274 ms
INFO: at 14106.904 ms batch [162.876] delay 108.484 ms
INFO: at 14106.904 ms fetching 162.876 ms
INFO: at 14215.412 ms batch [237.243] delay 108.484 ms
INFO: at 14215.412 ms fetching 237.243 ms
INFO: at 14323.901 ms batch [161.983] delay 108.484 ms
INFO: at 14323.901 ms fetching 161.983 ms
INFO: at 14432.393 ms batch [162.543] delay 108.484 ms
INFO: at 14432.393 ms fetching 162.543 ms
INFO: at 14540.884 ms batch [162.540] delay 108.484 ms
INFO: at 14540.884 ms fetching 162.540 ms
INFO: at 14649.374 ms batch [163.721] delay 75.104 ms
INFO: at 14649.374 ms fetching 163.721 ms
INFO: at 14724.481 ms batch [238.808] delay 75.104 ms
INFO: at 14724.481 ms fetching 238.808 ms
INFO: at 14799.588 ms batch [234.780] delay 75.104 ms
INFO: at 14799.588 ms fetching 234.780 ms
INFO: at 14874.697 ms batch [163.076] delay 75.104 ms
INFO: at 14874.697 ms fetching 163.076 ms
INFO: at 14950.899 ms batch [238.068] delay 75.104 ms
INFO: at 14950.899 ms fetching 238.068 ms
INFO: at 15026.006 ms batch [162.725] delay 75.104 ms
INFO: at 15026.006 ms fetching 162.725 ms
INFO: at 15101.112 ms batch [162.351] delay 75.104 ms
INFO: at 15101.112 ms fetching 162.351 ms
INFO: at 15176.220 ms batch [162.185] delay 75.104 ms
INFO: at 15176.220 ms fetching 162.185 ms
INFO: at 15251.327 ms batch [162.552] delay 75.104 ms
INFO: at 15251.327 ms fetching 162.552 ms
INFO: at 15326.434 ms batch [234.461] delay 75.104 ms
INFO: at 15326.434 ms fetching 234.461 ms
INFO: at 15401.541 ms batch [237.510] delay 75.104 ms
INFO: at 15401.541 ms fetching 237.510 ms
INFO: at 15476.647 ms batch [237.657] delay 75.104 ms
INFO: at 15476.647 ms fetching 237.657 ms
INFO: at 15551.754 ms batch [163.270] delay 75.104 ms
INFO: at 15551.754 ms fetching 163.270 ms
INFO: at 15626.861 ms batch [238.304] delay 108.484 ms
INFO: at 15626.861 ms fetching 238.304 ms
INFO: at 15735.350 ms batch [162.564] delay 108.484 ms
INFO: at 15735.350 ms fetching 162.564 ms
INFO: at 15843.838 ms batch [237.010] delay 108.484 ms
INFO: at 15843.838 ms fetching 237.010 ms
INFO: at 15952.329 ms batch [237.347] delay 108.484 ms
INFO: at 15952.329 ms fetching 237.347 ms
INFO: at 16060.824 ms batch [237.033] delay 108.484 ms
INFO: at 16060.824 ms fetching 237.033 ms
INFO: at 16169.311 ms batch [238.404] delay 108.484 ms
INFO: at 16169.311 ms fetching 238.404 ms
INFO: at 16277.800 ms batch [163.420] delay 108.484 ms
INFO: at 16277.800 ms fetching 163.420 ms
INFO: at 16386.289 ms batch [237.431] delay 108.484 ms
INFO: at 16386.289 ms fetching 237.431 ms
INFO: at 16494.781 ms batch [237.532] delay 108.484 ms
INFO: at 16494.781 ms fetching 237.532 ms
INFO: at 16603.267 ms batch [162.596] delay 162.726 ms
INFO: at 16603.267 ms fetching 162.596 ms
INFO: at 16765.997 ms batch [243.016] delay 162.726 ms
INFO: at 16765.997 ms fetching 243.016 ms
INFO: at 16928.730 ms batch [235.758] delay 162.726 ms
INFO: at 16928.730 ms fetching 235.758 ms
INFO: at 17091.463 ms batch [163.029] delay 162.726 ms
INFO: at 17091.463 ms fetching 163.029 ms
INFO: at 17254.193 ms batch [162.447] delay 162.726 ms
INFO: at 17254.193 ms fetching 162.447 ms
INFO: at 17416.926 ms batch [163.496] delay 162.726 ms
INFO: at 17416.926 ms fetching 163.496 ms
INFO: at 17579.655 ms batch [162.648] delay 108.484 ms
INFO: at 17579.655 ms fetching 162.648 ms
INFO: at 17688.143 ms batch [162.898] delay 108.484 ms
INFO: at 17688.143 ms fetching 162.898 ms
INFO: at 17796.631 ms batch [162.791] delay 108.484 ms
INFO: at 17796.631 ms fetching 162.791 ms
INFO: at 17905.123 ms batch [162.115] delay 108.484 ms
INFO: at 17905.123 ms fetching 162.115 ms
INFO: at 18013.614 ms batch [240.650] delay 108.484 ms
INFO: at 18013.614 ms fetching 240.650 ms
INFO: at 18122.105 ms batch [163.604] delay 108.484 ms
INFO: at 18122.105 ms fetching 163.604 ms
INFO: at 18230.592 ms batch [162.783] delay 108.484 ms
INFO: at 18230.592 ms fetching 162.783 ms
INFO: at 18339.079 ms batch [162.973] delay 108.484 ms
INFO: at 18339.079 ms fetching 162.973 ms
INFO: at 18447.566 ms batch [162.723] delay 108.484 ms
INFO: at 18447.566 ms fetching 162.723 ms
INFO: at 18556.057 ms batch [239.695] delay 108.484 ms
INFO: at 18556.057 ms fetching 239.695 ms
INFO: at 18664.548 ms batch [238.260] delay 108.484 ms
INFO: at 18664.548 ms fetching 238.260 ms
INFO: at 18773.037 ms batch [162.994] delay 108.484 ms
INFO: at 18773.037 ms fetching 162.994 ms
INFO: at 18881.528 ms batch [239.244] delay 108.484 ms
INFO: at 18881.528 ms fetching 239.244 ms
INFO: at 18990.015 ms batch [162.758] delay 108.484 ms
INFO: at 18990.015 ms fetching 162.758 ms
INFO: at 19098.511 ms batch [239.825] delay 108.484 ms
INFO: at 19098.511 ms fetching 239.825 ms
INFO: at 19207.000 ms batch [239.058] delay 108.484 ms
INFO: at 19207.000 ms fetching 239.058 ms
INFO: at 19315.489 ms batch [162.022] delay 108.484 ms
INFO: at 19315.489 ms fetching 162.022 ms
INFO: at 19423.981 ms batch [238.562] delay 108.484 ms
INFO: at 19423.981 ms fetching 238.562 ms
INFO: at 19532.471 ms batch [234.063] delay 162.726 ms
INFO: at 19532.471 ms fetching 234.063 ms
INFO: at 19695.201 ms batch [162.954] delay 162.726 ms
INFO: at 19695.201 ms fetching 162.954 ms
INFO: at 19857.938 ms batch [235.774] delay 162.726 ms
INFO: at 19857.938 ms fetching 235.774 ms
INFO: at 20020.672 ms batch [162.419] delay 162.726 ms
INFO: at 20020.672 ms fetching 162.419 ms
INFO: at 20183.402 ms batch [163.016] delay 162.726 ms
INFO: at 20183.402 ms fetching 163.016 ms
INFO: at 20346.134 ms batch [239.644] delay 162.726 ms
INFO: at 20346.134 ms fetching 239.644 ms
INFO: at 20508.866 ms batch [239.541] delay 88.760 ms
INFO: at 20508.866 ms fetching 239.541 ms
INFO: at 20597.628 ms batch [162.302] delay 88.760 ms
INFO: at 20597.628 ms fetching 162.302 ms
INFO: at 20686.393 ms batch [238.979] delay 88.760 ms
INFO: at 20686.393 ms fetching 238.979 ms
INFO: at 20775.159 ms batch [162.257] delay 88.760 ms
INFO: at 20775.159 ms fetching 162.257 ms
INFO: at 20863.924 ms batch [238.173] delay 88.760 ms
INFO: at 20863.924 ms fetching 238.173 ms
INFO: at 20952.691 ms batch [241.360] delay 88.760 ms
INFO: at 20952.691 ms fetching 241.360 ms
INFO: at 21041.457 ms batch [161.936] delay 88.760 ms
INFO: at 21041.457 ms fetching 161.936 ms
INFO: at 21130.233 ms batch [239.220] delay 88.760 ms
INFO: at 21130.233 ms fetching 239.220 ms
INFO: at 21218.999 ms batch [239.401] delay 88.760 ms
INFO: at 21218.999 ms fetching 239.401 ms
INFO: at 21307.763 ms batch [240.073] delay 88.760 ms
INFO: at 21307.763 ms fetching 240.073 ms
INFO: at 21396.529 ms batch [162.523] delay 88.760 ms
INFO: at 21396.529 ms fetching 162.523 ms
INFO: at 21485.295 ms batch [240.606] delay 97.635 ms
INFO: at 21485.295 ms fetching 240.606 ms
INFO: at 21582.937 ms batch [162.896] delay 97.635 ms
INFO: at 21582.937 ms fetching 162.896 ms
INFO: at 21680.580 ms batch [238.746] delay 97.635 ms
INFO: at 21680.580 ms fetching 238.746 ms
INFO: at 21778.219 ms batch [236.425] delay 97.635 ms
INFO: at 21778.219 ms fetching 236.425 ms
INFO: at 21875.860 ms batch [236.273] delay 97.635 ms
INFO: at 21875.860 ms fetching 236.273 ms
INFO: at 21973.502 ms batch [163.584] delay 97.635 ms
INFO: at 21973.502 ms fetching 163.584 ms
INFO: at 22071.144 ms batch [162.720] delay 97.635 ms
INFO: at 22071.144 ms fetching 162.720 ms
INFO: at 22168.786 ms batch [162.836] delay 97.635 ms
INFO: at 22168.786 ms fetching 162.836 ms
INFO: at 22266.425 ms batch [237.211] delay 97.635 ms
INFO: at 22266.425 ms fetching 237.211 ms
INFO: at 22364.067 ms batch [238.455] delay 97.635 ms
INFO: at 22364.067 ms fetching 238.455 ms
INFO: at 22461.706 ms batch [239.463] delay 88.760 ms
INFO: at 22461.706 ms fetching 239.463 ms
INFO: at 22550.470 ms batch [162.460] delay 88.760 ms
INFO: at 22550.470 ms fetching 162.460 ms
INFO: at 22639.235 ms batch [162.630] delay 88.760 ms
INFO: at 22639.235 ms fetching 162.630 ms
INFO: at 22728.001 ms batch [163.265] delay 88.760 ms
INFO: at 22728.001 ms fetching 163.265 ms
INFO: at 22816.766 ms batch [163.046] delay 88.760 ms
INFO: at 22816.766 ms fetching 163.046 ms
INFO: at 22905.531 ms batch [163.224] delay 88.760 ms
INFO: at 22905.531 ms fetching 163.224 ms
INFO: at 22994.294 ms batch [162.801] delay 88.760 ms
INFO: at 22994.294 ms fetching 162.801 ms
INFO: at 23083.061 ms batch [163.488] delay 88.760 ms
INFO: at 23083.061 ms fetching 163.488 ms
INFO: at 23171.826 ms batch [238.867] delay 88.760 ms
INFO: at 23171.826 ms fetching 238.867 ms
INFO: at 23260.590 ms batch [162.683] delay 88.760 ms
INFO: at 23260.590 ms fetching 162.683 ms
INFO: at 23349.356 ms batch [163.511] delay 88.760 ms
INFO: at 23349.356 ms fetching 163.511 ms
INFO: at 23438.118 ms batch [236.785] delay 88.760 ms
INFO: at 23438.118 ms fetching 236.785 ms
INFO: at 23526.885 ms batch [238.315] delay 88.760 ms
INFO: at 23526.885 ms fetching 238.315 ms
INFO: at 23615.651 ms batch [162.354] delay 88.760 ms
INFO: at 23615.651 ms fetching 162.354 ms
INFO: at 23704.416 ms batch [163.178] delay 88.760 ms
INFO: at 23704.416 ms fetching 163.178 ms
INFO: at 23793.182 ms batch [241.652] delay 88.760 ms
INFO: at 23793.182 ms fetching 241.652 ms
INFO: at 23881.945 ms batch [237.201] delay 88.760 ms
INFO: at 23881.945 ms fetching 237.201 ms
INFO: at 23970.711 ms batch [240.300] delay 88.760 ms
INFO: at 23970.711 ms fetching 240.300 ms
INFO: at 24059.475 ms batch [238.015] delay 88.760 ms
INFO: at 24059.475 ms fetching 238.015 ms
INFO: at 24148.241 ms batch [163.061] delay 88.760 ms
INFO: at 24148.241 ms fetching 163.061 ms
INFO: at 24237.008 ms batch [239.474] delay 88.760 ms
INFO: at 24237.008 ms fetching 239.474 ms
INFO: at 24325.774 ms batch [236.761] delay 88.760 ms
INFO: at 24325.774 ms fetching 236.761 ms
INFO: at 24414.538 ms batch [163.200] delay 69.740 ms
INFO: at 24414.538 ms fetching 163.200 ms
INFO: at 24484.282 ms batch [238.374] delay 69.740 ms
INFO: at 24484.282 ms fetching 238.374 ms
INFO: at 24554.026 ms batch [162.472] delay 69.740 ms
INFO: at 24554.026 ms fetching 162.472 ms
INFO: at 24623.770 ms batch [161.748] delay 69.740 ms
INFO: at 24623.770 ms fetching 161.748 ms
INFO: at 24693.514 ms batch [161.915] delay 69.740 ms
INFO: at 24693.514 ms fetching 161.915 ms
INFO: at 24763.259 ms batch [162.085] delay 69.740 ms
INFO: at 24763.259 ms fetching 162.085 ms
INFO: at 24833.004 ms batch [162.528] delay 69.740 ms
INFO: at 24833.004 ms fetching 162.528 ms
INFO: at 24902.750 ms batch [162.627] delay 69.740 ms
INFO: at 24902.750 ms fetching 162.627 ms
INFO: at 24972.497 ms batch [162.997] delay 69.740 ms
INFO: at 24972.497 ms fetching 162.997 ms
INFO: at 25042.242 ms batch [162.886] delay 69.740 ms
INFO: at 25042.242 ms fetching 162.886 ms
INFO: at 25111.988 ms batch [239.415] delay 69.740 ms
INFO: at 25111.988 ms fetching 239.415 ms
INFO: at 25181.731 ms batch [162.773] delay 69.740 ms
INFO: at 25181.731 ms fetching 162.773 ms
INFO: at 25251.475 ms batch [241.215] delay 69.740 ms
INFO: at 25251.475 ms fetching 241.215 ms
INFO: at 25321.219 ms batch [161.645] delay 69.740 ms
INFO: at 25321.219 ms fetching 161.645 ms
INFO: at 25390.964 ms batch [236.369] delay 97.635 ms
INFO: at 25390.964 ms fetching 236.369 ms
INFO: at 25488.606 ms batch [240.781] delay 97.635 ms
INFO: at 25488.606 ms fetching 240.781 ms
INFO: at 25586.245 ms batch [162.425] delay 97.635 ms
INFO: at 25586.245 ms fetching 162.425 ms
INFO: at 25683.886 ms batch [240.464] delay 97.635 ms
INFO: at 25683.886 ms fetching 240.464 ms
INFO: at 25781.528 ms batch [235.264] delay 97.635 ms
INFO: at 25781.528 ms fetching 235.264 ms
INFO: at 25879.169 ms batch [162.007] delay 97.635 ms
INFO: at 25879.169 ms fetching 162.007 ms
INFO: at 25976.811 ms batch [163.193] delay 97.635 ms
INFO: at 25976.811 ms fetching 163.193 ms
INFO: at 26074.454 ms batch [162.586] delay 97.635 ms
INFO: at 26074.454 ms fetching 162.586 ms
INFO: at 26172.095 ms batch [162.195] delay 97.635 ms
INFO: at 26172.095 ms fetching 162.195 ms
INFO: at 26269.735 ms batch [241.981] delay 97.635 ms
INFO: at 26269.735 ms fetching 241.981 ms
INFO: at 26367.375 ms batch [162.793] delay 81.363 ms
INFO: at 26367.375 ms fetching 162.793 ms
INFO: at 26448.744 ms batch [163.657] delay 81.363 ms
INFO: at 26448.744 ms fetching 163.657 ms
INFO: at 26530.113 ms batch [236.843] delay 81.363 ms
INFO: at 26530.113 ms fetching 236.843 ms
INFO: at 26611.489 ms batch [240.691] delay 81.363 ms
INFO: at 26611.489 ms fetching 240.691 ms
INFO: at 26692.857 ms batch [162.091] delay 81.363 ms
INFO: at 26692.857 ms fetching 162.091 ms
INFO: at 26774.226 ms batch [235.047] delay 81.363 ms
INFO: at 26774.226 ms fetching 235.047 ms
INFO: at 26855.595 ms batch [162.491] delay 81.363 ms
INFO: at 26855.595 ms fetching 162.491 ms
INFO: at 26936.965 ms batch [238.036] delay 81.363 ms
INFO: at 26936.965 ms fetching 238.036 ms
INFO: at 27018.335 ms batch [235.607] delay 81.363 ms
INFO: at 27018.335 ms fetching 235.607 ms
INFO: at 27099.704 ms batch [237.935] delay 81.363 ms
INFO: at 27099.704 ms fetching 237.935 ms
INFO: at 27181.073 ms batch [236.499] delay 81.363 ms
INFO: at 27181.073 ms fetching 236.499 ms
INFO: at 27262.442 ms batch [243.507] delay 81.363 ms
INFO: at 27262.442 ms fetching 243.507 ms
INFO: at 27343.810 ms batch [162.698] delay 97.635 ms
INFO: at 27343.810 ms fetching 162.698 ms
INFO: at 27441.452 ms batch [162.499] delay 97.635 ms
INFO: at 27441.452 ms fetching 162.499 ms
INFO: at 27539.093 ms batch [236.228] delay 97.635 ms
INFO: at 27539.093 ms fetching 236.228 ms
INFO: at 27636.733 ms batch [162.059] delay 97.635 ms
INFO: at 27636.733 ms fetching 162.059 ms
INFO: at 27734.373 ms batch [162.549] delay 97.635 ms
INFO: at 27734.373 ms fetching 162.549 ms
INFO: at 27832.015 ms batch [162.701] delay 97.635 ms
INFO: at 27832.015 ms fetching 162.701 ms
INFO: at 27929.653 ms batch [163.161] delay 97.635 ms
INFO: at 27929.653 ms fetching 163.161 ms
INFO: at 28027.293 ms batch [162.707] delay 97.635 ms
INFO: at 28027.293 ms fetching 162.707 ms
INFO: at 28124.935 ms batch [162.715] delay 97.635 ms
INFO: at 28124.935 ms fetching 162.715 ms
INFO: at 28222.576 ms batch [234.854] delay 97.635 ms
INFO: at 28222.576 ms fetching 234.854 ms
INFO: at 28320.218 ms batch [239.487] delay 108.484 ms
INFO: at 28320.218 ms fetching 239.487 ms
INFO: at 28428.708 ms batch [241.095] delay 108.484 ms
INFO: at 28428.708 ms fetching 241.095 ms
INFO: at 28537.199 ms batch [163.399] delay 108.484 ms
INFO: at 28537.199 ms fetching 163.399 ms
INFO: at 28645.690 ms batch [162.829] delay 108.484 ms
INFO: at 28645.690 ms fetching 162.829 ms
INFO: at 28754.181 ms batch [241.514] delay 108.484 ms
INFO: at 28754.181 ms fetching 241.514 ms
INFO: at 28862.672 ms batch [238.415] delay 108.484 ms
INFO: at 28862.672 ms fetching 238.415 ms
INFO: at 28971.163 ms batch [162.944] delay 108.484 ms
INFO: at 28971.163 ms fetching 162.944 ms
INFO: at 29079.653 ms batch [240.483] delay 108.484 ms
INFO: at 29079.653 ms fetching 240.483 ms
INFO: at 29188.145 ms batch [238.087] delay 108.484 ms
INFO: at 29188.145 ms fetching 238.087 ms
INFO: at 29296.637 ms batch [162.609] delay 122.044 ms
INFO: at 29296.637 ms fetching 162.609 ms
INFO: at 29418.688 ms batch [240.156] delay 122.044 ms
INFO: at 29418.688 ms fetching 240.156 ms
INFO: at 29540.740 ms batch [162.665] delay 122.044 ms
INFO: at 29540.740 ms fetching 162.665 ms
INFO: at 29662.792 ms batch [237.408] delay 122.044 ms
INFO: at 29662.792 ms fetching 237.408 ms
INFO: at 29784.843 ms batch [162.736] delay 122.044 ms
INFO: at 29784.843 ms fetching 162.736 ms
INFO: at 29906.895 ms batch [163.542] delay 122.044 ms
INFO: at 29906.895 ms fetching 163.542 ms
INFO: at 30028.946 ms batch [163.481] delay 122.044 ms
INFO: at 30028.946 ms fetching 163.481 ms
INFO: at 30150.995 ms batch [162.733] delay 122.044 ms
INFO: at 30150.995 ms fetching 162.733 ms
INFO: at 30273.045 ms batch [162.416] delay 139.479 ms
INFO: at 30273.045 ms fetching 162.416 ms
INFO: at 30412.530 ms batch [236.410] delay 139.479 ms
INFO: at 30412.530 ms fetching 236.410 ms
INFO: at 30552.069 ms batch [162.252] delay 139.479 ms
INFO: at 30552.069 ms fetching 162.252 ms
INFO: at 30691.554 ms batch [163.329] delay 139.479 ms
INFO: at 30691.554 ms fetching 163.329 ms
INFO: at 30831.042 ms batch [163.022] delay 139.479 ms
INFO: at 30831.042 ms fetching 163.022 ms
INFO: at 30970.528 ms batch [163.287] delay 139.479 ms
INFO: at 30970.528 ms fetching 163.287 ms
INFO: at 31110.013 ms batch [162.681] delay 139.479 ms
INFO: at 31110.013 ms fetching 162.681 ms
INFO: at 31249.498 ms batch [239.316] delay 108.484 ms
INFO: at 31249.498 ms fetching 239.316 ms
INFO: at 31357.984 ms batch [235.936] delay 108.484 ms
INFO: at 31357.984 ms fetching 235.936 ms
INFO: at 31466.472 ms batch [235.521] delay 108.484 ms
INFO: at 31466.472 ms fetching 235.521 ms
INFO: at 31574.960 ms batch [236.381] delay 108.484 ms
INFO: at 31574.960 ms fetching 236.381 ms
INFO: at 31683.451 ms batch [162.029] delay 108.484 ms
INFO: at 31683.451 ms fetching 162.029 ms
INFO: at 31791.942 ms batch [163.105] delay 108.484 ms
INFO: at 31791.942 ms fetching 163.105 ms
INFO: at 31900.431 ms batch [237.555] delay 108.484 ms
INFO: at 31900.431 ms fetching 237.555 ms
INFO: at 32008.920 ms batch [162.525] delay 108.484 ms
INFO: at 32008.920 ms fetching 162.525 ms
INFO: at 32117.409 ms batch [162.294] delay 108.484 ms
INFO: at 32117.409 ms fetching 162.294 ms
INFO: at 32225.898 ms batch [241.123] delay 139.479 ms
INFO: at 32225.898 ms fetching 241.123 ms
INFO: at 32365.384 ms batch [162.817] delay 139.479 ms
INFO: at 32365.384 ms fetching 162.817 ms
INFO: at 32504.869 ms batch [162.883] delay 139.479 ms
INFO: at 32504.869 ms fetching 162.883 ms
INFO: at 32644.353 ms batch [243.885] delay 139.479 ms
INFO: at 32644.353 ms fetching 243.885 ms
INFO: at 32783.839 ms batch [236.963] delay 139.479 ms
INFO: at 32783.839 ms fetching 236.963 ms
INFO: at 32923.325 ms batch [240.919] delay 139.479 ms
INFO: at 32923.325 ms fetching 240.919 ms
INFO: at 33062.811 ms batch [162.904] delay 139.479 ms
INFO: at 33062.811 ms fetching 162.904 ms
INFO: at 33202.297 ms batch [162.824] delay 81.363 ms
INFO: at 33202.297 ms fetching 162.824 ms
INFO: at 33283.668 ms batch [238.026] delay 81.363 ms
INFO: at 33283.668 ms fetching 238.026 ms
INFO: at 33365.039 ms batch [162.856] delay 81.363 ms
INFO: at 33365.039 ms fetching 162.856 ms
INFO: at 33446.405 ms batch [237.737] delay 81.363 ms
INFO: at 33446.405 ms fetching 237.737 ms
INFO: at 33527.782 ms batch [163.097] delay 81.363 ms
INFO: at 33527.782 ms fetching 163.097 ms
INFO: at 33609.152 ms batch [235.080] delay 81.363 ms
INFO: at 33609.152 ms fetching 235.080 ms
INFO: at 33690.518 ms batch [238.519] delay 81.363 ms
INFO: at 33690.518 ms fetching 238.519 ms
INFO: at 33771.887 ms batch [241.432] delay 81.363 ms
INFO: at 33771.887 ms fetching 241.432 ms
INFO: at 33853.256 ms batch [239.115] delay 81.363 ms
INFO: at 33853.256 ms fetching 239.115 ms
INFO: at 33934.627 ms batch [238.665] delay 81.363 ms
INFO: at 33934.627 ms fetching 238.665 ms
INFO: at 34015.996 ms batch [162.380] delay 81.363 ms
INFO: at 34015.996 ms fetching 162.380 ms
INFO: at 34097.365 ms batch [240.546] delay 81.363 ms
INFO: at 34097.365 ms fetching 240.546 ms
INFO: at 34178.735 ms batch [238.476] delay 108.484 ms
INFO: at 34178.735 ms fetching 238.476 ms
INFO: at 34287.225 ms batch [162.658] delay 108.484 ms
INFO: at 34287.225 ms fetching 162.658 ms
INFO: at 34395.714 ms batch [237.337] delay 108.484 ms
INFO: at 34395.714 ms fetching 237.337 ms
INFO: at 34504.205 ms batch [238.486] delay 108.484 ms
INFO: at 34504.205 ms fetching 238.486 ms
INFO: at 34612.695 ms batch [162.704] delay 108.484 ms
INFO: at 34612.695 ms fetching 162.704 ms
INFO: at 34721.185 ms batch [162.406] delay 108.484 ms
INFO: at 34721.185 ms fetching 162.406 ms
INFO: at 34829.672 ms batch [163.308] delay 108.484 ms
INFO: at 34829.672 ms fetching 163.308 ms
INFO: at 34938.159 ms batch [238.293] delay 108.484 ms
INFO: at 34938.159 ms fetching 238.293 ms
INFO: at 35046.647 ms batch [234.815] delay 108.484 ms
INFO: at 35046.647 ms fetching 234.815 ms
INFO: at 35155.137 ms batch [162.098] delay 108.484 ms
INFO: at 35155.137 ms fetching 162.098 ms
INFO: at 35263.628 ms batch [239.922] delay 108.484 ms
INFO: at 35263.628 ms fetching 239.922 ms
INFO: at 35372.119 ms batch [163.533] delay 108.484 ms
INFO: at 35372.119 ms fetching 163.533 ms
INFO: at 35480.612 ms batch [238.851] delay 108.484 ms
INFO: at 35480.612 ms fetching 238.851 ms
INFO: at 35589.103 ms batch [163.037] delay 108.484 ms
INFO: at 35589.103 ms fetching 163.037 ms
INFO: at 35697.593 ms batch [237.954] delay 108.484 ms
INFO: at 35697.593 ms fetching 237.954 ms
INFO: at 35806.081 ms batch [239.840] delay 108.484 ms
INFO: at 35806.081 ms fetching 239.840 ms
INFO: at 35914.570 ms batch [162.952] delay 108.484 ms
INFO: at 35914.570 ms fetching 162.952 ms
INFO: at 36023.061 ms batch [237.895] delay 108.484 ms
INFO: at 36023.061 ms fetching 237.895 ms
INFO: at 36131.553 ms batch [162.728] delay 122.044 ms
INFO: at 36131.553 ms fetching 162.728 ms
INFO: at 36253.603 ms batch [162.162] delay 122.044 ms
INFO: at 36253.603 ms fetching 162.162 ms
INFO: at 36375.652 ms batch [162.688] delay 122.044 ms
INFO: at 36375.652 ms fetching 162.688 ms
INFO: at 36497.700 ms batch [162.534] delay 122.044 ms
INFO: at 36497.700 ms fetching 162.534 ms
INFO: at 36619.748 ms batch [162.234] delay 122.044 ms
INFO: at 36619.748 ms fetching 162.234 ms
INFO: at 36741.797 ms batch [161.817] delay 122.044 ms
INFO: at 36741.797 ms fetching 161.817 ms
INFO: at 36863.847 ms batch [236.975] delay 122.044 ms
INFO: at 36863.847 ms fetching 236.975 ms
INFO: at 36985.898 ms batch [236.143] delay 122.044 ms
INFO: at 36985.898 ms fetching 236.143 ms
INFO: at 37107.947 ms batch [163.634] delay 122.044 ms
INFO: at 37107.947 ms fetching 163.634 ms
INFO: at 37229.995 ms batch [233.980] delay 122.044 ms
INFO: at 37229.995 ms fetching 233.980 ms
INFO: at 37352.045 ms batch [163.013] delay 122.044 ms
INFO: at 37352.045 ms fetching 163.013 ms
INFO: at 37474.094 ms batch [162.212] delay 122.044 ms
INFO: at 37474.094 ms fetching 162.212 ms
INFO: at 37596.145 ms batch [236.596] delay 122.044 ms
INFO: at 37596.145 ms fetching 236.596 ms
INFO: at 37718.195 ms batch [162.653] delay 122.044 ms
INFO: at 37718.195 ms fetching 162.653 ms
INFO: at 37840.246 ms batch [236.748] delay 122.044 ms
INFO: at 37840.246 ms fetching 236.748 ms
INFO: at 37962.293 ms batch [162.481] delay 122.044 ms
INFO: at 37962.293 ms fetching 162.481 ms
INFO: at 38084.344 ms batch [240.669] delay 33.667 ms
INFO: at 38084.344 ms fetching 240.669 ms
INFO: at 38118.016 ms batch [163.949] delay 33.667 ms
INFO: at 38118.016 ms fetching 163.949 ms
INFO: at 38151.687 ms batch [238.969] delay 33.667 ms
INFO: at 38151.687 ms fetching 238.969 ms
INFO: at 38185.359 ms batch [162.911] delay 33.667 ms
INFO: at 38185.359 ms fetching 162.911 ms
INFO: at 38219.032 ms batch [162.968] delay 33.667 ms
INFO: at 38219.032 ms fetching 162.968 ms
INFO: at 38252.704 ms batch [238.934] delay 33.667 ms
INFO: at 38252.704 ms fetching 238.934 ms
INFO: at 38286.376 ms batch [239.810] delay 33.667 ms
INFO: at 38286.376 ms fetching 239.810 ms
INFO: at 38320.049 ms batch [236.651] delay 33.667 ms
INFO: at 38320.049 ms fetching 236.651 ms
INFO: at 38353.720 ms batch [162.152] delay 33.667 ms
INFO: at 38353.720 ms fetching 162.152 ms
INFO: at 38387.391 ms batch [162.537] delay 33.667 ms
INFO: at 38387.391 ms fetching 162.537 ms
INFO: at 38421.063 ms batch [240.524] delay 33.667 ms
INFO: at 38421.063 ms fetching 240.524 ms
INFO: at 38454.736 ms batch [162.216] delay 33.667 ms
INFO: at 38454.736 ms fetching 162.216 ms
INFO: at 38488.409 ms batch [243.227] delay 33.667 ms
INFO: at 38488.409 ms fetching 243.227 ms
INFO: at 38522.081 ms batch [162.383] delay 33.667 ms
INFO: at 38522.081 ms fetching 162.383 ms
INFO: at 38555.753 ms batch [242.819] delay 33.667 ms
INFO: at 38555.753 ms fetching 242.819 ms
INFO: at 38589.425 ms batch [162.979] delay 33.667 ms
INFO: at 38589.425 ms fetching 162.979 ms
INFO: at 38623.097 ms batch [162.709] delay 33.667 ms
INFO: at 38623.097 ms fetching 162.709 ms
INFO: at 38656.770 ms batch [163.207] delay 33.667 ms
INFO: at 38656.770 ms fetching 163.207 ms
INFO: at 38690.443 ms batch [163.069] delay 33.667 ms
INFO: at 38690.443 ms fetching 163.069 ms
INFO: at 38724.115 ms batch [163.518] delay 33.667 ms
INFO: at 38724.115 ms fetching 163.518 ms
INFO: at 38757.787 ms batch [237.596] delay 33.667 ms
INFO: at 38757.787 ms fetching 237.596 ms
INFO: at 38791.464 ms batch [161.848] delay 33.667 ms
INFO: at 38791.464 ms fetching 161.848 ms
INFO: at 38825.134 ms batch [163.019] delay 33.667 ms
INFO: at 38825.134 ms fetching 163.019 ms
INFO: at 38858.806 ms batch [237.070] delay 33.667 ms
INFO: at 38858.806 ms fetching 237.070 ms
INFO: at 38892.479 ms batch [163.526] delay 33.667 ms
INFO: at 38892.479 ms fetching 163.526 ms
INFO: at 38926.151 ms batch [163.035] delay 33.667 ms
INFO: at 38926.151 ms fetching 163.035 ms
INFO: at 38959.823 ms batch [163.549] delay 33.667 ms
INFO: at 38959.823 ms fetching 163.549 ms
INFO: at 38993.494 ms batch [237.629] delay 33.667 ms
INFO: at 38993.494 ms fetching 237.629 ms
INFO: at 39027.166 ms batch [240.411] delay 33.667 ms
INFO: at 39027.166 ms fetching 240.411 ms
INFO: at 39060.838 ms batch [235.424] delay 88.760 ms
INFO: at 39060.838 ms fetching 235.424 ms
INFO: at 39149.603 ms batch [161.512] delay 88.760 ms
INFO: at 39149.603 ms fetching 161.512 ms
INFO: at 39238.369 ms batch [237.366] delay 88.760 ms
INFO: at 39238.369 ms fetching 237.366 ms
INFO: at 39327.135 ms batch [237.985] delay 88.760 ms
INFO: at 39327.135 ms fetching 237.985 ms
INFO: at 39415.899 ms batch [162.583] delay 88.760 ms
INFO: at 39415.899 ms fetching 162.583 ms
INFO: at 39504.667 ms batch [163.099] delay 88.760 ms
INFO: at 39504.667 ms fetching 163.099 ms
INFO: at 39593.442 ms batch [237.620] delay 88.760 ms
INFO: at 39593.442 ms fetching 237.620 ms
INFO: at 39682.208 ms batch [162.678] delay 88.760 ms
INFO: at 39682.208 ms fetching 162.678 ms
INFO: at 39770.974 ms batch [162.403] delay 88.760 ms
INFO: at 39770.974 ms fetching 162.403 ms
INFO: at 39859.740 ms batch [162.718] delay 88.760 ms
INFO: at 39859.740 ms fetching 162.718 ms
INFO: at 39948.506 ms batch [239.047] delay 88.760 ms
INFO: at 39948.506 ms fetching 239.047 ms
INFO: at 40037.271 ms batch [238.116] delay 97.635 ms
INFO: at 40037.271 ms fetching 238.116 ms
INFO: at 40134.914 ms batch [240.282] delay 97.635 ms
INFO: at 40134.914 ms fetching 240.282 ms
INFO: at 40232.558 ms batch [161.672] delay 97.635 ms
INFO: at 40232.558 ms fetching 161.672 ms
INFO: at 40330.197 ms batch [162.457] delay 97.635 ms
INFO: at 40330.197 ms fetching 162.457 ms
INFO: at 40427.841 ms batch [240.629] delay 97.635 ms
INFO: at 40427.841 ms fetching 240.629 ms
INFO: at 40525.483 ms batch [236.807] delay 97.635 ms
INFO: at 40525.483 ms fetching 236.807 ms
INFO: at 40623.126 ms batch [242.117] delay 97.635 ms
INFO: at 40623.126 ms fetching 242.117 ms
INFO: at 40720.769 ms batch [163.055] delay 97.635 ms
INFO: at 40720.769 ms fetching 163.055 ms
INFO: at 40818.412 ms batch [237.993] delay 97.635 ms
INFO: at 40818.412 ms fetching 237.993 ms
INFO: at 40916.055 ms batch [162.517] delay 97.635 ms
INFO: at 40916.055 ms fetching 162.517 ms
INFO: at 41013.701 ms batch [163.151] delay 122.044 ms
INFO: at 41013.701 ms fetching 163.151 ms
INFO: at 41135.751 ms batch [162.475] delay 122.044 ms
INFO: at 41135.751 ms fetching 162.475 ms
INFO: at 41257.803 ms batch [239.328] delay 122.044 ms
INFO: at 41257.803 ms fetching 239.328 ms
INFO: at 41379.854 ms batch [162.290] delay 122.044 ms
INFO: at 41379.854 ms fetching 162.290 ms
INFO: at 41501.902 ms batch [163.164] delay 122.044 ms
INFO: at 41501.902 ms fetching 163.164 ms
INFO: at 41623.955 ms batch [235.342] delay 122.044 ms
INFO: at 41623.955 ms fetching 235.342 ms
INFO: at 41746.006 ms batch [162.329] delay 122.044 ms
INFO: at 41746.006 ms fetching 162.329 ms
INFO: at 41868.060 ms batch [235.542] delay 122.044 ms
INFO: at 41868.060 ms fetching 235.542 ms
INFO: at 41990.107 ms batch [162.619] delay 65.090 ms
INFO: at 41990.107 ms fetching 162.619 ms
INFO: at 42055.202 ms batch [236.893] delay 65.090 ms
INFO: at 42055.202 ms fetching 236.893 ms
INFO: at 42120.298 ms batch [237.776] delay 65.090 ms
INFO: at 42120.298 ms fetching 237.776 ms
INFO: at 42185.394 ms batch [240.172] delay 65.090 ms
INFO: at 42185.394 ms fetching 240.172 ms
INFO: at 42250.491 ms batch [236.560] delay 65.090 ms
INFO: at 42250.491 ms fetching 236.560 ms
INFO: at 42315.584 ms batch [239.888] delay 65.090 ms
INFO: at 42315.584 ms fetching 239.888 ms
INFO: at 42380.680 ms batch [162.851] delay 65.090 ms
INFO: at 42380.680 ms fetching 162.851 ms
INFO: at 42445.773 ms batch [237.667] delay 65.090 ms
INFO: at 42445.773 ms fetching 237.667 ms
INFO: at 42510.868 ms batch [164.107] delay 65.090 ms
INFO: at 42510.868 ms fetching 164.107 ms
INFO: at 42575.965 ms batch [162.494] delay 65.090 ms
INFO: at 42575.965 ms fetching 162.494 ms
INFO: at 42641.062 ms batch [239.292] delay 65.090 ms
INFO: at 42641.062 ms fetching 239.292 ms
INFO: at 42706.155 ms batch [238.282] delay 65.090 ms
INFO: at 42706.155 ms fetching 238.282 ms
INFO: at 42771.255 ms batch [237.084] delay 65.090 ms
INFO: at 42771.255 ms fetching 237.084 ms
INFO: at 42836.352 ms batch [238.592] delay 65.090 ms
INFO: at 42836.352 ms fetching 238.592 ms
INFO: at 42901.449 ms batch [241.558] delay 65.090 ms
INFO: at 42901.449 ms fetching 241.558 ms
INFO: at 42966.543 ms batch [238.902] delay 88.760 ms
INFO: at 42966.543 ms fetching 238.902 ms
INFO: at 43055.310 ms batch [236.999] delay 88.760 ms
INFO: at 43055.310 ms fetching 236.999 ms
INFO: at 43144.074 ms batch [239.856] delay 88.760 ms
INFO: at 43144.074 ms fetching 239.856 ms
INFO: at 43232.842 ms batch [241.156] delay 88.760 ms
INFO: at 43232.842 ms fetching 241.156 ms
INFO: at 43321.610 ms batch [239.195] delay 88.760 ms
INFO: at 43321.610 ms fetching 239.195 ms
INFO: at 43410.372 ms batch [162.306] delay 88.760 ms
INFO: at 43410.372 ms fetching 162.306 ms
INFO: at 43499.137 ms batch [241.326] delay 88.760 ms
INFO: at 43499.137 ms fetching 241.326 ms
INFO: at 43587.908 ms batch [238.714] delay 88.760 ms
INFO: at 43587.908 ms fetching 238.714 ms
INFO: at 43676.679 ms batch [163.262] delay 88.760 ms
INFO: at 43676.679 ms fetching 163.262 ms
INFO: at 43765.450 ms batch [161.832] delay 88.760 ms
INFO: at 43765.450 ms fetching 161.832 ms
INFO: at 43854.215 ms batch [162.337] delay 88.760 ms
INFO: at 43854.215 ms fetching 162.337 ms
INFO: at 43942.980 ms batch [162.265] delay 88.760 ms
INFO: at 43942.980 ms fetching 162.265 ms
INFO: at 44031.750 ms batch [240.876] delay 88.760 ms
INFO: at 44031.750 ms fetching 240.876 ms
INFO: at 44120.514 ms batch [162.771] delay 88.760 ms
INFO: at 44120.514 ms fetching 162.771 ms
INFO: at 44209.280 ms batch [240.737] delay 88.760 ms
INFO: at 44209.280 ms fetching 240.737 ms
INFO: at 44298.046 ms batch [237.476] delay 88.760 ms
INFO: at 44298.046 ms fetching 237.476 ms
INFO: at 44386.808 ms batch [162.788] delay 88.760 ms
INFO: at 44386.808 ms fetching 162.788 ms
INFO: at 44475.576 ms batch [162.891] delay 88.760 ms
INFO: at 44475.576 ms fetching 162.891 ms
INFO: at 44564.342 ms batch [162.914] delay 88.760 ms
INFO: at 44564.342 ms fetching 162.914 ms
INFO: at 44653.109 ms batch [162.778] delay 88.760 ms
INFO: at 44653.109 ms fetching 162.778 ms
INFO: at 44741.876 ms batch [162.573] delay 88.760 ms
INFO: at 44741.876 ms fetching 162.573 ms
INFO: at 44830.641 ms batch [238.364] delay 88.760 ms
INFO: at 44830.641 ms fetching 238.364 ms
INFO: at 44919.406 ms batch [235.795] delay 108.484 ms
INFO: at 44919.406 ms fetching 235.795 ms
INFO: at 45027.894 ms batch [238.881] delay 108.484 ms
INFO: at 45027.894 ms fetching 238.881 ms
INFO: at 45136.384 ms batch [237.857] delay 108.484 ms
INFO: at 45136.384 ms fetching 237.857 ms
INFO: at 45244.871 ms batch [239.627] delay 108.484 ms
INFO: at 45244.871 ms fetching 239.627 ms
INFO: at 45353.362 ms batch [236.258] delay 108.484 ms
INFO: at 45353.362 ms fetching 236.258 ms
INFO: at 45461.848 ms batch [162.531] delay 108.484 ms
INFO: at 45461.848 ms fetching 162.531 ms
INFO: at 45570.337 ms batch [237.966] delay 108.484 ms
INFO: at 45570.337 ms fetching 237.966 ms
INFO: at 45678.828 ms batch [239.127] delay 108.484 ms
INFO: at 45678.828 ms fetching 239.127 ms
INFO: at 45787.315 ms batch [239.670] delay 108.484 ms
INFO: at 45787.315 ms fetching 239.670 ms
INFO: at 45895.802 ms batch [162.775] delay 108.484 ms
INFO: at 45895.802 ms fetching 162.775 ms
INFO: at 46004.293 ms batch [162.924] delay 108.484 ms
INFO: at 46004.293 ms fetching 162.924 ms
INFO: at 46112.783 ms batch [239.139] delay 108.484 ms
INFO: at 46112.783 ms fetching 239.139 ms
INFO: at 46221.269 ms batch [237.687] delay 108.484 ms
INFO: at 46221.269 ms fetching 237.687 ms
INFO: at 46329.755 ms batch [163.026] delay 108.484 ms
INFO: at 46329.755 ms fetching 163.026 ms
INFO: at 46438.242 ms batch [163.135] delay 108.484 ms
INFO: at 46438.242 ms fetching 163.135 ms
INFO: at 46546.730 ms batch [163.108] delay 108.484 ms
INFO: at 46546.730 ms fetching 163.108 ms
INFO: at 46655.216 ms batch [239.798] delay 108.484 ms
INFO: at 46655.216 ms fetching 239.798 ms
INFO: at 46763.706 ms batch [163.707] delay 108.484 ms
INFO: at 46763.706 ms fetching 163.707 ms
INFO: at 46872.194 ms batch [238.958] delay 81.363 ms
INFO: at 46872.194 ms fetching 238.958 ms
INFO: at 46953.574 ms batch [163.367] delay 81.363 ms
INFO: at 46953.574 ms fetching 163.367 ms
INFO: at 47034.942 ms batch [240.716] delay 81.363 ms
INFO: at 47034.942 ms fetching 240.716 ms
INFO: at 47116.309 ms batch [161.784] delay 81.363 ms
INFO: at 47116.309 ms fetching 161.784 ms
INFO: at 47197.680 ms batch [240.123] delay 81.363 ms
INFO: at 47197.680 ms fetching 240.123 ms
INFO: at 47279.047 ms batch [163.283] delay 81.363 ms
INFO: at 47279.047 ms fetching 163.283 ms
INFO: at 47360.416 ms batch [239.209] delay 81.363 ms
INFO: at 47360.416 ms fetching 239.209 ms
INFO: at 47441.784 ms batch [236.608] delay 81.363 ms
INFO: at 47441.784 ms fetching 236.608 ms
INFO: at 47523.150 ms batch [163.185] delay 81.363 ms
INFO: at 47523.150 ms fetching 163.185 ms
INFO: at 47604.515 ms batch [162.444] delay 81.363 ms
INFO: at 47604.515 ms fetching 162.444 ms
INFO: at 47685.881 ms batch [236.881] delay 81.363 ms
INFO: at 47685.881 ms fetching 236.881 ms
INFO: at 47767.246 ms batch [238.249] delay 81.363 ms
INFO: at 47767.246 ms fetching 238.249 ms
INFO: at 47848.612 ms batch [163.921] delay 108.484 ms
INFO: at 47848.612 ms fetching 163.921 ms
INFO: at 47957.103 ms batch [239.767] delay 108.484 ms
INFO: at 47957.103 ms fetching 239.767 ms
INFO: at 48065.590 ms batch [162.103] delay 108.484 ms
INFO: at 48065.590 ms fetching 162.103 ms
INFO: at 48174.082 ms batch [235.817] delay 108.484 ms
INFO: at 48174.082 ms fetching 235.817 ms
INFO: at 48282.574 ms batch [162.739] delay 108.484 ms
INFO: at 48282.574 ms fetching 162.739 ms
INFO: at 48391.068 ms batch [238.356] delay 108.484 ms
INFO: at 48391.068 ms fetching 238.356 ms
INFO: at 48499.556 ms batch [236.772] delay 108.484 ms
INFO: at 48499.556 ms fetching 236.772 ms
INFO: at 48608.043 ms batch [163.753] delay 108.484 ms
INFO: at 48608.043 ms fetching 163.753 ms
INFO: at 48716.529 ms batch [236.095] delay 108.484 ms
INFO: at 48716.529 ms fetching 236.095 ms
INFO: at 48825.017 ms batch [162.826] delay 97.635 ms
INFO: at 48825.017 ms fetching 162.826 ms
INFO: at 48922.658 ms batch [162.957] delay 97.635 ms
INFO: at 48922.658 ms fetching 162.957 ms
INFO: at 49020.296 ms batch [241.253] delay 97.635 ms
INFO: at 49020.296 ms fetching 241.253 ms
INFO: at 49117.934 ms batch [238.393] delay 97.635 ms
INFO: at 49117.934 ms fetching 238.393 ms
INFO: at 49215.576 ms batch [162.751] delay 97.635 ms
INFO: at 49215.576 ms fetching 162.751 ms
INFO: at 49313.218 ms batch [233.794] delay 97.635 ms
INFO: at 49313.218 ms fetching 233.794 ms
INFO: at 49410.863 ms batch [162.437] delay 97.635 ms
INFO: at 49410.863 ms fetching 162.437 ms
INFO: at 49508.505 ms batch [162.578] delay 97.635 ms
INFO: at 49508.505 ms fetching 162.578 ms
INFO: at 49606.145 ms batch [163.125] delay 97.635 ms
INFO: at 49606.145 ms fetching 163.125 ms
INFO: at 49703.785 ms batch [237.233] delay 97.635 ms
INFO: at 49703.785 ms fetching 237.233 ms
INFO: at 49801.427 ms batch [163.575] delay 75.104 ms
INFO: at 49801.427 ms fetching 163.575 ms
INFO: at 49876.535 ms batch [163.275] delay 75.104 ms
INFO: at 49876.535 ms fetching 163.275 ms
INFO: at 49951.644 ms batch [163.171] delay 75.104 ms
INFO: at 49951.644 ms fetching 163.171 ms
INFO: at 50026.753 ms batch [163.467] delay 75.104 ms
INFO: at 50026.753 ms fetching 163.467 ms
INFO: at 50101.860 ms batch [238.800] delay 75.104 ms
INFO: at 50101.860 ms fetching 238.800 ms
INFO: at 50176.967 ms batch [242.460] delay 75.104 ms
INFO: at 50176.967 ms fetching 242.460 ms
INFO: at 50252.096 ms batch [162.780] delay 75.104 ms
INFO: at 50252.096 ms fetching 162.780 ms
INFO: at 50327.207 ms batch [163.787] delay 75.104 ms
INFO: at 50327.207 ms fetching 163.787 ms
INFO: at 50402.317 ms batch [237.727] delay 75.104 ms
INFO: at 50402.317 ms fetching 237.727 ms
INFO: at 50477.424 ms batch [163.112] delay 75.104 ms
INFO: at 50477.424 ms fetching 163.112 ms
INFO: at 50552.532 ms batch [238.726] delay 75.104 ms
INFO: at 50552.532 ms fetching 238.726 ms
INFO: at 50627.642 ms batch [235.146] delay 75.104 ms
INFO: at 50627.642 ms fetching 235.146 ms
INFO: at 50702.752 ms batch [237.816] delay 75.104 ms
INFO: at 50702.752 ms fetching 237.816 ms
INFO: at 50777.861 ms batch [239.740] delay 122.044 ms
INFO: at 50777.861 ms fetching 239.740 ms
INFO: at 50899.912 ms batch [162.933] delay 122.044 ms
INFO: at 50899.912 ms fetching 162.933 ms
INFO: at 51021.965 ms batch [240.089] delay 122.044 ms
INFO: at 51021.965 ms fetching 240.089 ms
INFO: at 51144.015 ms batch [235.713] delay 122.044 ms
INFO: at 51144.015 ms fetching 235.713 ms
INFO: at 51266.063 ms batch [237.097] delay 122.044 ms
INFO: at 51266.063 ms fetching 237.097 ms
INFO: at 51388.115 ms batch [162.607] delay 122.044 ms
INFO: at 51388.115 ms fetching 162.607 ms
INFO: at 51510.163 ms batch [239.365] delay 122.044 ms
INFO: at 51510.163 ms fetching 239.365 ms
INFO: at 51632.216 ms batch [237.639] delay 122.044 ms
INFO: at 51632.216 ms fetching 237.639 ms
INFO: at 51754.265 ms batch [162.744] delay 97.635 ms
INFO: at 51754.265 ms fetching 162.744 ms
INFO: at 51851.907 ms batch [235.014] delay 97.635 ms
INFO: at 51851.907 ms fetching 235.014 ms
INFO: at 51949.548 ms batch [163.102] delay 97.635 ms
INFO: at 51949.548 ms fetching 163.102 ms
INFO: at 52047.189 ms batch [236.009] delay 97.635 ms
INFO: at 52047.189 ms fetching 236.009 ms
INFO: at 52144.832 ms batch [238.346] delay 97.635 ms
INFO: at 52144.832 ms fetching 238.346 ms
INFO: at 52242.470 ms batch [236.438] delay 97.635 ms
INFO: at 52242.470 ms fetching 236.438 ms
INFO: at 52340.117 ms batch [240.224] delay 97.635 ms
INFO: at 52340.117 ms fetching 240.224 ms
INFO: at 52437.761 ms batch [163.254] delay 97.635 ms
INFO: at 52437.761 ms fetching 163.254 ms
INFO: at 52535.400 ms batch [162.863] delay 97.635 ms
INFO: at 52535.400 ms fetching 162.863 ms
INFO: at 52633.041 ms batch [163.623] delay 97.635 ms
INFO: at 52633.041 ms fetching 163.623 ms
INFO: at 52730.683 ms batch [238.695] delay 139.479 ms
INFO: at 52730.683 ms fetching 238.695 ms
INFO: at 52870.170 ms batch [163.091] delay 139.479 ms
INFO: at 52870.170 ms fetching 163.091 ms
INFO: at 53009.655 ms batch [162.180] delay 139.479 ms
INFO: at 53009.655 ms fetching 162.180 ms
INFO: at 53149.140 ms batch [161.999] delay 139.479 ms
INFO: at 53149.140 ms fetching 161.999 ms
INFO: at 53288.629 ms batch [240.975] delay 139.479 ms
INFO: at 53288.629 ms fetching 240.975 ms
INFO: at 53428.118 ms batch [237.976] delay 139.479 ms
INFO: at 53428.118 ms fetching 237.976 ms
INFO: at 53567.604 ms batch [163.334] delay 139.479 ms
INFO: at 53567.604 ms fetching 163.334 ms
INFO: at 53707.088 ms batch [240.208] delay 97.635 ms
INFO: at 53707.088 ms fetching 240.208 ms
INFO: at 53804.727 ms batch [163.888] delay 97.635 ms
INFO: at 53804.727 ms fetching 163.888 ms
INFO: at 53902.369 ms batch [238.675] delay 97.635 ms
INFO: at 53902.369 ms fetching 238.675 ms
INFO: at 54000.019 ms batch [162.663] delay 97.635 ms
INFO: at 54000.019 ms fetching 162.663 ms
INFO: at 54097.658 ms batch [162.746] delay 97.635 ms
INFO: at 54097.658 ms fetching 162.746 ms
INFO: at 54195.299 ms batch [242.049] delay 97.635 ms
INFO: at 54195.299 ms fetching 242.049 ms
INFO: at 54292.940 ms batch [234.658] delay 97.635 ms
INFO: at 54292.940 ms fetching 234.658 ms
INFO: at 54390.581 ms batch [162.366] delay 97.635 ms
INFO: at 54390.581 ms fetching 162.366 ms
INFO: at 54488.221 ms batch [236.688] delay 97.635 ms
INFO: at 54488.221 ms fetching 236.688 ms
INFO: at 54585.863 ms batch [236.572] delay 97.635 ms
INFO: at 54585.863 ms fetching 236.572 ms
INFO: at 54683.505 ms batch [163.343] delay 122.044 ms
INFO: at 54683.505 ms fetching 163.343 ms
INFO: at 54805.552 ms batch [163.002] delay 122.044 ms
INFO: at 54805.552 ms fetching 163.002 ms
INFO: at 54927.602 ms batch [236.855] delay 122.044 ms
INFO: at 54927.602 ms fetching 236.855 ms
INFO: at 55049.650 ms batch [238.106] delay 122.044 ms
INFO: at 55049.650 ms fetching 238.106 ms
INFO: at 55171.700 ms batch [239.615] delay 122.044 ms
INFO: at 55171.700 ms fetching 239.615 ms
INFO: at 55293.748 ms batch [239.426] delay 122.044 ms
INFO: at 55293.748 ms fetching 239.426 ms
INFO: at 55415.801 ms batch [163.085] delay 122.044 ms
INFO: at 55415.801 ms fetching 163.085 ms
INFO: at 55537.848 ms batch [237.885] delay 122.044 ms
INFO: at 55537.848 ms fetching 237.885 ms
INFO: at 55659.898 ms batch [162.906] delay 88.760 ms
INFO: at 55659.898 ms fetching 162.906 ms
INFO: at 55748.664 ms batch [236.952] delay 88.760 ms
INFO: at 55748.664 ms fetching 236.952 ms
INFO: at 55837.429 ms batch [162.127] delay 88.760 ms
INFO: at 55837.429 ms fetching 162.127 ms
INFO: at 55926.192 ms batch [238.539] delay 88.760 ms
INFO: at 55926.192 ms fetching 238.539 ms
INFO: at 56014.959 ms batch [162.506] delay 88.760 ms
INFO: at 56014.959 ms fetching 162.506 ms
INFO: at 56103.725 ms batch [163.448] delay 88.760 ms
INFO: at 56103.725 ms fetching 163.448 ms
INFO: at 56192.491 ms batch [162.441] delay 88.760 ms
INFO: at 56192.491 ms fetching 162.441 ms
INFO: at 56281.253 ms batch [241.808] delay 88.760 ms
INFO: at 56281.253 ms fetching 241.808 ms
INFO: at 56370.021 ms batch [236.699] delay 88.760 ms
INFO: at 56370.021 ms fetching 236.699 ms
INFO: at 56458.787 ms batch [163.064] delay 88.760 ms
INFO: at 56458.787 ms fetching 163.064 ms
INFO: at 56547.557 ms batch [237.647] delay 88.760 ms
INFO: at 56547.557 ms fetching 237.647 ms
INFO: at 56636.321 ms batch [162.833] delay 97.635 ms
INFO: at 56636.321 ms fetching 162.833 ms
INFO: at 56733.962 ms batch [163.138] delay 97.635 ms
INFO: at 56733.962 ms fetching 163.138 ms
INFO: at 56831.604 ms batch [237.191] delay 97.635 ms
INFO: at 56831.604 ms fetching 237.191 ms
INFO: at 56929.246 ms batch [238.829] delay 97.635 ms
INFO: at 56929.246 ms fetching 238.829 ms
INFO: at 57026.888 ms batch [239.575] delay 97.635 ms
INFO: at 57026.888 ms fetching 239.575 ms
INFO: at 57124.530 ms batch [238.913] delay 97.635 ms
INFO: at 57124.530 ms fetching 238.913 ms
INFO: at 57222.169 ms batch [161.902] delay 97.635 ms
INFO: at 57222.169 ms fetching 161.902 ms
INFO: at 57319.811 ms batch [237.387] delay 97.635 ms
INFO: at 57319.811 ms fetching 237.387 ms
INFO: at 57417.453 ms batch [163.425] delay 97.635 ms
INFO: at 57417.453 ms fetching 163.425 ms
INFO: at 57515.094 ms batch [237.454] delay 97.635 ms
INFO: at 57515.094 ms fetching 237.454 ms
INFO: at 57612.736 ms batch [163.410] delay 108.484 ms
INFO: at 57612.736 ms fetching 163.410 ms
INFO: at 57721.224 ms batch [162.881] delay 108.484 ms
INFO: at 57721.224 ms fetching 162.881 ms
INFO: at 57829.715 ms batch [162.935] delay 108.484 ms
INFO: at 57829.715 ms fetching 162.935 ms
INFO: at 57938.205 ms batch [161.949] delay 108.484 ms
INFO: at 57938.205 ms fetching 161.949 ms
INFO: at 58046.692 ms batch [238.572] delay 108.484 ms
INFO: at 58046.692 ms fetching 238.572 ms
INFO: at 58155.179 ms batch [237.158] delay 108.484 ms
INFO: at 58155.179 ms fetching 237.158 ms
INFO: at 58263.671 ms batch [235.919] delay 108.484 ms
INFO: at 58263.671 ms fetching 235.919 ms
INFO: at 58372.162 ms batch [237.522] delay 108.484 ms
INFO: at 58372.162 ms fetching 237.522 ms
INFO: at 58480.656 ms batch [237.281] delay 108.484 ms
INFO: at 58480.656 ms fetching 237.281 ms
INFO: at 58589.149 ms batch [162.580] delay 97.635 ms
INFO: at 58589.149 ms fetching 162.580 ms
INFO: at 58686.788 ms batch [163.168] delay 97.635 ms
INFO: at 58686.788 ms fetching 163.168 ms
INFO: at 58784.429 ms batch [240.504] delay 97.635 ms
INFO: at 58784.429 ms fetching 240.504 ms
INFO: at 58882.071 ms batch [163.694] delay 97.635 ms
INFO: at 58882.071 ms fetching 163.694 ms
INFO: at 58979.712 ms batch [163.082] delay 97.635 ms
INFO: at 58979.712 ms fetching 163.082 ms
INFO: at 59077.353 ms batch [237.397] delay 97.635 ms
INFO: at 59077.353 ms fetching 237.397 ms
INFO: at 59174.995 ms batch [163.415] delay 97.635 ms
INFO: at 59174.995 ms fetching 163.415 ms
INFO: at 59272.635 ms batch [162.369] delay 97.635 ms
INFO: at 59272.635 ms fetching 162.369 ms
INFO: at 59370.279 ms batch [163.232] delay 97.635 ms
INFO: at 59370.279 ms fetching 163.232 ms
INFO: at 59467.918 ms batch [163.325] delay 97.635 ms
INFO: at 59467.918 ms fetching 163.325 ms
INFO: at 59565.557 ms batch [239.683] delay 97.635 ms
INFO: at 59565.557 ms fetching 239.683 ms
INFO: at 59663.195 ms batch [235.112] delay 97.635 ms
INFO: at 59663.195 ms fetching 235.112 ms
INFO: at 59760.836 ms batch [163.373] delay 97.635 ms
INFO: at 59760.836 ms fetching 163.373 ms
INFO: at 59858.479 ms batch [163.312] delay 97.635 ms
INFO: at 59858.479 ms fetching 163.312 ms
INFO: at 59956.122 ms batch [237.837] delay 97.635 ms
INFO: at 59956.122 ms fetching 237.837 ms
INFO: at 60053.763 ms batch [238.777] delay 97.635 ms
INFO: at 60053.763 ms fetching 238.777 ms
INFO: at 60151.403 ms batch [238.634] delay 97.635 ms
INFO: at 60151.403 ms fetching 238.634 ms
INFO: at 60249.044 ms batch [162.591] delay 97.635 ms
INFO: at 60249.044 ms fetching 162.591 ms
INFO: at 60346.684 ms batch [162.894] delay 97.635 ms
INFO: at 60346.684 ms fetching 162.894 ms
INFO: at 60444.325 ms batch [162.866] delay 97.635 ms
INFO: at 60444.325 ms fetching 162.866 ms
INFO: at 60541.966 ms batch [162.230] delay 122.044 ms
INFO: at 60541.966 ms fetching 162.230 ms
INFO: at 60664.018 ms batch [236.470] delay 122.044 ms
INFO: at 60664.018 ms fetching 236.470 ms
INFO: at 60786.068 ms batch [163.810] delay 122.044 ms
INFO: at 60786.068 ms fetching 163.810 ms
INFO: at 60908.120 ms batch [162.340] delay 122.044 ms
INFO: at 60908.120 ms fetching 162.340 ms
INFO: at 61030.171 ms batch [239.083] delay 122.044 ms
INFO: at 61030.171 ms fetching 239.083 ms
INFO: at 61152.222 ms batch [233.170] delay 122.044 ms
INFO: at 61152.222 ms fetching 233.170 ms
INFO: at 61274.271 ms batch [162.927] delay 122.044 ms
INFO: at 61274.271 ms fetching 162.927 ms
INFO: at 61396.318 ms batch [242.356] delay 122.044 ms
INFO: at 61396.318 ms fetching 242.356 ms
INFO: at 61518.365 ms batch [163.455] delay 108.484 ms
INFO: at 61518.365 ms fetching 163.455 ms
INFO: at 61626.852 ms batch [235.292] delay 108.484 ms
INFO: at 61626.852 ms fetching 235.292 ms
INFO: at 61735.344 ms batch [162.831] delay 108.484 ms
INFO: at 61735.344 ms fetching 162.831 ms
INFO: at 61843.836 ms batch [239.270] delay 108.484 ms
INFO: at 61843.836 ms fetching 239.270 ms
INFO: at 61952.329 ms batch [163.049] delay 108.484 ms
INFO: at 61952.329 ms fetching 163.049 ms
INFO: at 62060.815 ms batch [162.546] delay 108.484 ms
INFO: at 62060.815 ms fetching 162.546 ms
INFO: at 62169.304 ms batch [240.850] delay 108.484 ms
INFO: at 62169.304 ms fetching 240.850 ms
INFO: at 62277.793 ms batch [163.079] delay 108.484 ms
INFO: at 62277.793 ms fetching 163.079 ms
INFO: at 62386.281 ms batch [162.804] delay 108.484 ms
INFO: at 62386.281 ms fetching 162.804 ms
INFO: at 62494.772 ms batch [162.696] delay 139.479 ms
INFO: at 62494.772 ms fetching 162.696 ms
INFO: at 62634.256 ms batch [240.760] delay 139.479 ms
INFO: at 62634.256 ms fetching 240.760 ms
INFO: at 62773.739 ms batch [241.705] delay 139.479 ms
INFO: at 62773.739 ms fetching 241.705 ms
INFO: at 62913.225 ms batch [234.355] delay 139.479 ms
INFO: at 62913.225 ms fetching 234.355 ms
INFO: at 63052.711 ms batch [241.294] delay 139.479 ms
INFO: at 63052.711 ms fetching 241.294 ms
INFO: at 63192.196 ms batch [163.356] delay 139.479 ms
INFO: at 63192.196 ms fetching 163.356 ms
INFO: at 63331.690 ms batch [163.032] delay 139.479 ms
INFO: at 63331.690 ms fetching 163.032 ms
INFO: at 63471.175 ms batch [163.005] delay 108.484 ms
INFO: at 63471.175 ms fetching 163.005 ms
INFO: at 63579.665 ms batch [237.179] delay 108.484 ms
INFO: at 63579.665 ms fetching 237.179 ms
INFO: at 63688.156 ms batch [162.941] delay 108.484 ms
INFO: at 63688.156 ms fetching 162.941 ms
INFO: at 63796.646 ms batch [236.817] delay 108.484 ms
INFO: at 63796.646 ms fetching 236.817 ms
INFO: at 63905.138 ms batch [162.691] delay 108.484 ms
INFO: at 63905.138 ms fetching 162.691 ms
INFO: at 64013.626 ms batch [162.347] delay 108.484 ms
INFO: at 64013.626 ms fetching 162.347 ms
INFO: at 64122.113 ms batch [238.444] delay 108.484 ms
INFO: at 64122.113 ms fetching 238.444 ms
INFO: at 64230.605 ms batch [162.650] delay 108.484 ms
INFO: at 64230.605 ms fetching 162.650 ms
INFO: at 64339.096 ms batch [235.973] delay 108.484 ms
INFO: at 64339.096 ms fetching 235.973 ms
INFO: at 64447.587 ms batch [163.182] delay 81.363 ms
INFO: at 64447.587 ms fetching 163.182 ms
INFO: at 64528.955 ms batch [236.129] delay 81.363 ms
INFO: at 64528.955 ms fetching 236.129 ms
INFO: at 64610.328 ms batch [163.394] delay 81.363 ms
INFO: at 64610.328 ms fetching 163.394 ms
INFO: at 64691.696 ms batch [236.322] delay 81.363 ms
INFO: at 64691.696 ms fetching 236.322 ms
INFO: at 64773.062 ms batch [239.387] delay 81.363 ms
INFO: at 64773.062 ms fetching 239.387 ms
INFO: at 64854.428 ms batch [162.636] delay 81.363 ms
INFO: at 64854.428 ms fetching 162.636 ms
INFO: at 64935.797 ms batch [162.741] delay 81.363 ms
INFO: at 64935.797 ms fetching 162.741 ms
INFO: at 65017.169 ms batch [240.897] delay 81.363 ms
INFO: at 65017.169 ms fetching 240.897 ms
INFO: at 65098.536 ms batch [162.989] delay 81.363 ms
INFO: at 65098.536 ms fetching 162.989 ms
INFO: at 65179.901 ms batch [162.984] delay 81.363 ms
INFO: at 65179.901 ms fetching 162.984 ms
INFO: at 65261.267 ms batch [236.159] delay 81.363 ms
INFO: at 65261.267 ms fetching 236.159 ms
INFO: at 65342.633 ms batch [235.647] delay 81.363 ms
INFO: at 65342.633 ms fetching 235.647 ms
INFO: at 65423.999 ms batch [238.582] delay 88.760 ms
INFO: at 65423.999 ms fetching 238.582 ms
INFO: at 65512.761 ms batch [163.860] delay 88.760 ms
INFO: at 65512.761 ms fetching 163.860 ms
INFO: at 65601.523 ms batch [162.604] delay 88.760 ms
INFO: at 65601.523 ms fetching 162.604 ms
INFO: at 65690.286 ms batch [240.804] delay 88.760 ms
INFO: at 65690.286 ms fetching 240.804 ms
INFO: at 65779.048 ms batch [234.748] delay 88.760 ms
INFO: at 65779.048 ms fetching 234.748 ms
INFO: at 65867.811 ms batch [241.185] delay 88.760 ms
INFO: at 65867.811 ms fetching 241.185 ms
INFO: at 65956.574 ms batch [235.839] delay 88.760 ms
INFO: at 65956.574 ms fetching 235.839 ms
INFO: at 66045.336 ms batch [162.109] delay 88.760 ms
INFO: at 66045.336 ms fetching 162.109 ms
INFO: at 66134.099 ms batch [162.239] delay 88.760 ms
INFO: at 66134.099 ms fetching 162.239 ms
INFO: at 66222.864 ms batch [240.373] delay 88.760 ms
INFO: at 66222.864 ms fetching 240.373 ms
INFO: at 66311.630 ms batch [237.466] delay 88.760 ms
INFO: at 66311.630 ms fetching 237.466 ms
INFO: at 66400.396 ms batch [235.668] delay 81.363 ms
INFO: at 66400.396 ms fetching 235.668 ms
INFO: at 66481.763 ms batch [162.593] delay 81.363 ms
INFO: at 66481.763 ms fetching 162.593 ms
INFO: at 66563.132 ms batch [237.056] delay 81.363 ms
INFO: at 66563.132 ms fetching 237.056 ms
INFO: at 66644.503 ms batch [238.220] delay 81.363 ms
INFO: at 66644.503 ms fetching 238.220 ms
INFO: at 66725.871 ms batch [236.636] delay 81.363 ms
INFO: at 66725.871 ms fetching 236.636 ms
INFO: at 66807.241 ms batch [239.071] delay 81.363 ms
INFO: at 66807.241 ms fetching 239.071 ms
INFO: at 66888.611 ms batch [237.109] delay 81.363 ms
INFO: at 66888.611 ms fetching 237.109 ms
INFO: at 66969.981 ms batch [162.065] delay 81.363 ms
INFO: at 66969.981 ms fetching 162.065 ms
INFO: at 67051.348 ms batch [162.450] delay 81.363 ms
INFO: at 67051.348 ms fetching 162.450 ms
INFO: at 67132.718 ms batch [163.144] delay 81.363 ms
INFO: at 67132.718 ms fetching 163.144 ms
INFO: at 67214.089 ms batch [162.015] delay 81.363 ms
INFO: at 67214.089 ms fetching 162.015 ms
INFO: at 67295.456 ms batch [162.396] delay 81.363 ms
INFO: at 67295.456 ms fetching 162.396 ms
INFO: at 67376.827 ms batch [161.572] delay 81.363 ms
INFO: at 67376.827 ms fetching 161.572 ms
INFO: at 67458.197 ms batch [163.361] delay 81.363 ms
INFO: at 67458.197 ms fetching 163.361 ms
INFO: at 67539.564 ms batch [240.565] delay 81.363 ms
INFO: at 67539.564 ms fetching 240.565 ms
INFO: at 67620.935 ms batch [238.465] delay 81.363 ms
INFO: at 67620.935 ms fetching 238.465 ms
INFO: at 67702.304 ms batch [163.250] delay 81.363 ms
INFO: at 67702.304 ms fetching 163.250 ms
INFO: at 67783.676 ms batch [239.724] delay 81.363 ms
INFO: at 67783.676 ms fetching 239.724 ms
INFO: at 67865.046 ms batch [238.999] delay 81.363 ms
INFO: at 67865.046 ms fetching 238.999 ms
INFO: at 67946.418 ms batch [163.473] delay 81.363 ms
INFO: at 67946.418 ms fetching 163.473 ms
INFO: at 68027.788 ms batch [162.121] delay 81.363 ms
INFO: at 68027.788 ms fetching 162.121 ms
INFO: at 68109.158 ms batch [161.617] delay 81.363 ms
INFO: at 68109.158 ms fetching 161.617 ms
INFO: at 68190.531 ms batch [236.905] delay 81.363 ms
INFO: at 68190.531 ms fetching 236.905 ms
INFO: at 68271.903 ms batch [237.222] delay 81.363 ms
INFO: at 68271.903 ms fetching 237.222 ms
INFO: at 68353.272 ms batch [238.735] delay 65.090 ms
INFO: at 68353.272 ms fetching 238.735 ms
INFO: at 68418.827 ms batch [238.096] delay 65.090 ms
INFO: at 68418.827 ms fetching 238.096 ms
INFO: at 68483.922 ms batch [240.261] delay 65.090 ms
INFO: at 68483.922 ms fetching 240.261 ms
INFO: at 68549.015 ms batch [162.922] delay 65.090 ms
INFO: at 68549.015 ms fetching 162.922 ms
INFO: at 68614.113 ms batch [239.231] delay 65.090 ms
INFO: at 68614.113 ms fetching 239.231 ms
INFO: at 68679.218 ms batch [163.147] delay 65.090 ms
INFO: at 68679.218 ms fetching 163.147 ms
INFO: at 68744.320 ms batch [239.966] delay 65.090 ms
INFO: at 68744.320 ms fetching 239.966 ms
INFO: at 68809.414 ms batch [238.046] delay 65.090 ms
INFO: at 68809.414 ms fetching 238.046 ms
INFO: at 68874.507 ms batch [234.936] delay 65.090 ms
INFO: at 68874.507 ms fetching 234.936 ms
INFO: at 68939.602 ms batch [237.576] delay 65.090 ms
INFO: at 68939.602 ms fetching 237.576 ms
INFO: at 69004.698 ms batch [162.190] delay 65.090 ms
INFO: at 69004.698 ms fetching 162.190 ms
INFO: at 69069.792 ms batch [163.043] delay 65.090 ms
INFO: at 69069.792 ms fetching 163.043 ms
INFO: at 69134.887 ms batch [237.293] delay 65.090 ms
INFO: at 69134.887 ms fetching 237.293 ms
INFO: at 69199.984 ms batch [162.555] delay 65.090 ms
INFO: at 69199.984 ms fetching 162.555 ms
INFO: at 69265.078 ms batch [162.846] delay 65.090 ms
INFO: at 69265.078 ms fetching 162.846 ms
INFO: at 69330.172 ms batch [162.453] delay 122.044 ms
INFO: at 69330.172 ms fetching 162.453 ms
INFO: at 69452.223 ms batch [239.500] delay 122.044 ms
INFO: at 69452.223 ms fetching 239.500 ms
INFO: at 69574.273 ms batch [237.133] delay 122.044 ms
INFO: at 69574.273 ms fetching 237.133 ms
INFO: at 69696.326 ms batch [162.428] delay 122.044 ms
INFO: at 69696.326 ms fetching 162.428 ms
INFO: at 69818.374 ms batch [236.454] delay 122.044 ms
INFO: at 69818.374 ms fetching 236.454 ms
INFO: at 69940.425 ms batch [161.925] delay 122.044 ms
INFO: at 69940.425 ms fetching 161.925 ms
INFO: at 70062.474 ms batch [235.318] delay 122.044 ms
INFO: at 70062.474 ms fetching 235.318 ms
INFO: at 70184.524 ms batch [162.175] delay 122.044 ms
INFO: at 70184.524 ms fetching 162.175 ms
INFO: at 70306.576 ms batch [236.353] delay 97.635 ms
INFO: at 70306.576 ms fetching 236.353 ms
INFO: at 70404.219 ms batch [237.565] delay 97.635 ms
INFO: at 70404.219 ms fetching 237.565 ms
INFO: at 70501.857 ms batch [236.712] delay 97.635 ms
INFO: at 70501.857 ms fetching 236.712 ms
INFO: at 70599.498 ms batch [236.043] delay 97.635 ms
INFO: at 70599.498 ms fetching 236.043 ms
INFO: at 70697.140 ms batch [236.942] delay 97.635 ms
INFO: at 70697.140 ms fetching 236.942 ms
INFO: at 70794.779 ms batch [236.485] delay 97.635 ms
INFO: at 70794.779 ms fetching 236.485 ms
INFO: at 70892.422 ms batch [240.449] delay 97.635 ms
INFO: at 70892.422 ms fetching 240.449 ms
INFO: at 70990.063 ms batch [162.131] delay 97.635 ms
INFO: at 70990.063 ms fetching 162.131 ms
INFO: at 71087.704 ms batch [237.758] delay 97.635 ms
INFO: at 71087.704 ms fetching 237.758 ms
INFO: at 71185.346 ms batch [163.094] delay 97.635 ms
INFO: at 71185.346 ms fetching 163.094 ms
INFO: at 71282.989 ms batch [162.484] delay 108.484 ms
INFO: at 71282.989 ms fetching 162.484 ms
INFO: at 71391.480 ms batch [241.923] delay 108.484 ms
INFO: at 71391.480 ms fetching 241.923 ms
INFO: at 71499.972 ms batch [238.818] delay 108.484 ms
INFO: at 71499.972 ms fetching 238.818 ms
INFO: at 71608.463 ms batch [237.543] delay 108.484 ms
INFO: at 71608.463 ms fetching 237.543 ms
INFO: at 71716.954 ms batch [162.853] delay 108.484 ms
INFO: at 71716.954 ms fetching 162.853 ms
INFO: at 71825.444 ms batch [162.278] delay 108.484 ms
INFO: at 71825.444 ms fetching 162.278 ms
INFO: at 71933.936 ms batch [162.947] delay 108.484 ms
INFO: at 71933.936 ms fetching 162.947 ms
INFO: at 72042.426 ms batch [238.613] delay 108.484 ms
INFO: at 72042.426 ms fetching 238.613 ms
INFO: at 72150.914 ms batch [237.866] delay 108.484 ms
INFO: at 72150.914 ms fetching 237.866 ms
INFO: at 72259.404 ms batch [236.059] delay 81.363 ms
INFO: at 72259.404 ms fetching 236.059 ms
INFO: at 72340.770 ms batch [163.154] delay 81.363 ms
INFO: at 72340.770 ms fetching 163.154 ms
INFO: at 72422.137 ms batch [162.807] delay 81.363 ms
INFO: at 72422.137 ms fetching 162.807 ms
INFO: at 72503.504 ms batch [163.235] delay 81.363 ms
INFO: at 72503.504 ms fetching 163.235 ms
INFO: at 72584.871 ms batch [235.496] delay 81.363 ms
INFO: at 72584.871 ms fetching 235.496 ms
INFO: at 72666.240 ms batch [239.602] delay 81.363 ms
INFO: at 72666.240 ms fetching 239.602 ms
INFO: at 72747.608 ms batch [163.211] delay 81.363 ms
INFO: at 72747.608 ms fetching 163.211 ms
INFO: at 72828.978 ms batch [235.234] delay 81.363 ms
INFO: at 72828.978 ms fetching 235.234 ms
INFO: at 72910.345 ms batch [237.327] delay 81.363 ms
INFO: at 72910.345 ms fetching 237.327 ms
INFO: at 72991.711 ms batch [163.770] delay 81.363 ms
INFO: at 72991.711 ms fetching 163.770 ms
INFO: at 73073.081 ms batch [237.608] delay 81.363 ms
INFO: at 73073.081 ms fetching 237.608 ms
INFO: at 73154.447 ms batch [238.058] delay 81.363 ms
INFO: at 73154.447 ms fetching 238.058 ms
INFO: at 73235.816 ms batch [163.121] delay 48.818 ms
INFO: at 73235.816 ms fetching 163.121 ms
INFO: at 73284.649 ms batch [162.871] delay 48.818 ms
INFO: at 73284.649 ms fetching 162.871 ms
INFO: at 73333.472 ms batch [238.434] delay 48.818 ms
INFO: at 73333.472 ms fetching 238.434 ms
INFO: at 73382.297 ms batch [162.962] delay 48.818 ms
INFO: at 73382.297 ms fetching 162.962 ms
INFO: at 73431.119 ms batch [162.986] delay 48.818 ms
INFO: at 73431.119 ms fetching 162.986 ms
INFO: at 73479.943 ms batch [235.209] delay 48.818 ms
INFO: at 73479.943 ms fetching 235.209 ms
INFO: at 73528.765 ms batch [239.034] delay 48.818 ms
INFO: at 73528.765 ms fetching 239.034 ms
INFO: at 73577.590 ms batch [238.497] delay 48.818 ms
INFO: at 73577.590 ms fetching 238.497 ms
INFO: at 73626.411 ms batch [162.796] delay 48.818 ms
INFO: at 73626.411 ms fetching 162.796 ms
INFO: at 73675.236 ms batch [163.352] delay 48.818 ms
INFO: at 73675.236 ms fetching 163.352 ms
INFO: at 73724.061 ms batch [237.258] delay 48.818 ms
INFO: at 73724.061 ms fetching 237.258 ms
INFO: at 73772.884 ms batch [162.645] delay 48.818 ms
INFO: at 73772.884 ms fetching 162.645 ms
INFO: at 73821.721 ms batch [163.239] delay 48.818 ms
INFO: at 73821.721 ms fetching 163.239 ms
INFO: at 73870.547 ms batch [237.747] delay 48.818 ms
INFO: at 73870.547 ms fetching 237.747 ms
INFO: at 73919.370 ms batch [235.447] delay 48.818 ms
INFO: at 73919.370 ms fetching 235.447 ms
INFO: at 73968.194 ms batch [239.564] delay 48.818 ms
INFO: at 73968.194 ms fetching 239.564 ms
INFO: at 74017.016 ms batch [163.557] delay 48.818 ms
INFO: at 74017.016 ms fetching 163.557 ms
INFO: at 74065.838 ms batch [162.879] delay 48.818 ms
INFO: at 74065.838 ms fetching 162.879 ms
INFO: at 74114.660 ms batch [239.783] delay 48.818 ms
INFO: at 74114.660 ms fetching 239.783 ms
INFO: at 74163.485 ms batch [237.419] delay 48.818 ms
INFO: at 74163.485 ms fetching 237.419 ms
INFO: at 74212.306 ms batch [240.138] delay 88.760 ms
INFO: at 74212.306 ms fetching 240.138 ms
INFO: at 74301.070 ms batch [162.569] delay 88.760 ms
INFO: at 74301.070 ms fetching 162.569 ms
INFO: at 74389.835 ms batch [163.339] delay 88.760 ms
INFO: at 74389.835 ms fetching 163.339 ms
INFO: at 74478.603 ms batch [162.298] delay 88.760 ms
INFO: at 74478.603 ms fetching 162.298 ms
INFO: at 74567.366 ms batch [237.585] delay 88.760 ms
INFO: at 74567.366 ms fetching 237.585 ms
INFO: at 74656.133 ms batch [162.670] delay 88.760 ms
INFO: at 74656.133 ms fetching 162.670 ms
INFO: at 74744.899 ms batch [234.707] delay 88.760 ms
INFO: at 74744.899 ms fetching 234.707 ms
INFO: at 74833.663 ms batch [162.393] delay 88.760 ms
INFO: at 74833.663 ms fetching 162.393 ms
INFO: at 74922.428 ms batch [237.357] delay 88.760 ms
INFO: at 74922.428 ms fetching 237.357 ms
INFO: at 75011.193 ms batch [162.326] delay 88.760 ms
INFO: at 75011.193 ms fetching 162.326 ms
INFO: at 75099.957 ms batch [161.724] delay 88.760 ms
INFO: at 75099.957 ms fetching 161.724 ms
INFO: at 75188.723 ms batch [162.497] delay 122.044 ms
INFO: at 75188.723 ms fetching 162.497 ms
INFO: at 75310.774 ms batch [238.161] delay 122.044 ms
INFO: at 75310.774 ms fetching 238.161 ms
INFO: at 75432.823 ms batch [161.889] delay 122.044 ms
INFO: at 75432.823 ms fetching 161.889 ms
INFO: at 75554.873 ms batch [162.045] delay 122.044 ms
INFO: at 75554.873 ms fetching 162.045 ms
INFO: at 75676.923 ms batch [162.243] delay 122.044 ms
INFO: at 75676.923 ms fetching 162.243 ms
INFO: at 75798.974 ms batch [164.039] delay 122.044 ms
INFO: at 75798.974 ms fetching 164.039 ms
INFO: at 75921.025 ms batch [236.545] delay 122.044 ms
INFO: at 75921.025 ms fetching 236.545 ms
INFO: at 76043.075 ms batch [161.876] delay 122.044 ms
INFO: at 76043.075 ms fetching 161.876 ms
INFO: at 76165.128 ms batch [162.633] delay 122.044 ms
INFO: at 76165.128 ms fetching 162.633 ms
INFO: at 76287.177 ms batch [163.504] delay 122.044 ms
INFO: at 76287.177 ms fetching 163.504 ms
INFO: at 76409.238 ms batch [162.888] delay 122.044 ms
INFO: at 76409.238 ms fetching 162.888 ms
INFO: at 76531.290 ms batch [162.858] delay 122.044 ms
INFO: at 76531.290 ms fetching 162.858 ms
INFO: at 76653.342 ms batch [235.628] delay 122.044 ms
INFO: at 76653.342 ms fetching 235.628 ms
INFO: at 76775.395 ms batch [162.908] delay 122.044 ms
INFO: at 76775.395 ms fetching 162.908 ms
INFO: at 76897.445 ms batch [163.291] delay 122.044 ms
INFO: at 76897.445 ms fetching 163.291 ms
INFO: at 77019.497 ms batch [236.916] delay 122.044 ms
INFO: at 77019.497 ms fetching 236.916 ms
INFO: at 77141.545 ms batch [239.526] delay 88.760 ms
INFO: at 77141.545 ms fetching 239.526 ms
INFO: at 77230.309 ms batch [239.514] delay 88.760 ms
INFO: at 77230.309 ms fetching 239.514 ms
INFO: at 77319.075 ms batch [236.622] delay 88.760 ms
INFO: at 77319.075 ms fetching 236.622 ms
INFO: at 77407.841 ms batch [162.839] delay 88.760 ms
INFO: at 77407.841 ms fetching 162.839 ms
INFO: at 77496.614 ms batch [234.509] delay 88.760 ms
INFO: at 77496.614 ms fetching 234.509 ms
INFO: at 77585.379 ms batch [231.319] delay 88.760 ms
INFO: at 77585.379 ms fetching 231.319 ms
INFO: at 77674.143 ms batch [163.303] delay 88.760 ms
INFO: at 77674.143 ms fetching 163.303 ms
INFO: at 77762.907 ms batch [236.664] delay 88.760 ms
INFO: at 77762.907 ms fetching 236.664 ms
INFO: at 77851.674 ms batch [238.127] delay 88.760 ms
INFO: at 77851.674 ms fetching 238.127 ms
INFO: at 77940.440 ms batch [237.925] delay 88.760 ms
INFO: at 77940.440 ms fetching 237.925 ms
INFO: at 78029.206 ms batch [240.336] delay 88.760 ms
INFO: at 78029.206 ms fetching 240.336 ms
INFO: at 78117.971 ms batch [163.157] delay 69.740 ms
INFO: at 78117.971 ms fetching 163.157 ms
INFO: at 78187.716 ms batch [238.529] delay 69.740 ms
INFO: at 78187.716 ms fetching 238.529 ms
INFO: at 78257.461 ms batch [234.225] delay 69.740 ms
INFO: at 78257.461 ms fetching 234.225 ms
INFO: at 78327.206 ms batch [237.488] delay 69.740 ms
INFO: at 78327.206 ms fetching 237.488 ms
INFO: at 78396.952 ms batch [162.749] delay 69.740 ms
INFO: at 78396.952 ms fetching 162.749 ms
INFO: at 78466.695 ms batch [162.137] delay 69.740 ms
INFO: at 78466.695 ms fetching 162.137 ms
INFO: at 78536.440 ms batch [161.957] delay 69.740 ms
INFO: at 78536.440 ms fetching 161.957 ms
INFO: at 78606.183 ms batch [162.520] delay 69.740 ms
INFO: at 78606.183 ms fetching 162.520 ms
INFO: at 78675.929 ms batch [162.566] delay 69.740 ms
INFO: at 78675.929 ms fetching 162.566 ms
INFO: at 78745.672 ms batch [162.558] delay 69.740 ms
INFO: at 78745.672 ms fetching 162.558 ms
INFO: at 78815.419 ms batch [162.310] delay 69.740 ms
INFO: at 78815.419 ms fetching 162.310 ms
INFO: at 78885.163 ms batch [240.014] delay 69.740 ms
INFO: at 78885.163 ms fetching 240.014 ms
INFO: at 78954.909 ms batch [162.685] delay 69.740 ms
INFO: at 78954.909 ms fetching 162.685 ms
INFO: at 79024.656 ms batch [162.821] delay 69.740 ms
INFO: at 79024.656 ms fetching 162.821 ms
INFO: at 79094.400 ms batch [239.185] delay 88.760 ms
INFO: at 79094.400 ms fetching 239.185 ms
INFO: at 79183.167 ms batch [162.478] delay 88.760 ms
INFO: at 79183.167 ms fetching 162.478 ms
INFO: at 79271.931 ms batch [162.372] delay 88.760 ms
INFO: at 79271.931 ms fetching 162.372 ms
INFO: at 79360.698 ms batch [242.266] delay 88.760 ms
INFO: at 79360.698 ms fetching 242.266 ms
INFO: at 79449.461 ms batch [163.197] delay 88.760 ms
INFO: at 79449.461 ms fetching 163.197 ms
INFO: at 79538.228 ms batch [162.410] delay 88.760 ms
INFO: at 79538.228 ms fetching 162.410 ms
INFO: at 79627.004 ms batch [163.613] delay 88.760 ms
INFO: at 79627.004 ms fetching 163.613 ms
INFO: at 79715.772 ms batch [237.443] delay 88.760 ms
INFO: at 79715.772 ms fetching 237.443 ms
INFO: at 79804.537 ms batch [162.318] delay 88.760 ms
INFO: at 79804.537 ms fetching 162.318 ms
INFO: at 79893.304 ms batch [162.766] delay 88.760 ms
INFO: at 79893.304 ms fetching 162.766 ms
INFO: at 79982.070 ms batch [161.700] delay 88.760 ms
INFO: at 79982.070 ms fetching 161.700 ms
INFO: at 80070.833 ms batch [237.805] delay 108.484 ms
INFO: at 80070.833 ms fetching 237.805 ms
INFO: at 80179.322 ms batch [161.974] delay 108.484 ms
INFO: at 80179.322 ms fetching 161.974 ms
INFO: at 80287.812 ms batch [238.384] delay 108.484 ms
INFO: at 80287.812 ms fetching 238.384 ms
INFO: at 80396.303 ms batch [240.041] delay 108.484 ms
INFO: at 80396.303 ms fetching 240.041 ms
INFO: at 80504.795 ms batch [239.658] delay 108.484 ms
INFO: at 80504.795 ms fetching 239.658 ms
INFO: at 80613.285 ms batch [162.511] delay 108.484 ms
INFO: at 80613.285 ms fetching 162.511 ms
INFO: at 80721.773 ms batch [163.835] delay 108.484 ms
INFO: at 80721.773 ms fetching 163.835 ms
INFO: at 80830.260 ms batch [238.789] delay 108.484 ms
INFO: at 80830.260 ms fetching 238.789 ms
INFO: at 80938.748 ms batch [162.201] delay 108.484 ms
INFO: at 80938.748 ms fetching 162.201 ms
INFO: at 81047.239 ms batch [160.566] delay 88.760 ms
INFO: at 81047.239 ms fetching 160.566 ms
INFO: at 81136.005 ms batch [236.292] delay 88.760 ms
INFO: at 81136.005 ms fetching 236.292 ms
INFO: at 81224.771 ms batch [163.295] delay 88.760 ms
INFO: at 81224.771 ms fetching 163.295 ms
INFO: at 81313.537 ms batch [238.325] delay 88.760 ms
INFO: at 81313.537 ms fetching 238.325 ms
INFO: at 81402.303 ms batch [239.010] delay 88.760 ms
INFO: at 81402.303 ms fetching 239.010 ms
INFO: at 81491.069 ms batch [163.073] delay 88.760 ms
INFO: at 81491.069 ms fetching 163.073 ms
INFO: at 81579.836 ms batch [163.995] delay 88.760 ms
INFO: at 81579.836 ms fetching 163.995 ms
INFO: at 81668.602 ms batch [240.026] delay 88.760 ms
INFO: at 81668.602 ms fetching 240.026 ms
INFO: at 81757.369 ms batch [161.860] delay 88.760 ms
INFO: at 81757.369 ms fetching 161.860 ms
INFO: at 81846.135 ms batch [162.332] delay 88.760 ms
INFO: at 81846.135 ms fetching 162.332 ms
INFO: at 81934.901 ms batch [239.938] delay 88.760 ms
INFO: at 81934.901 ms fetching 239.938 ms
INFO: at 82023.666 ms batch [162.917] delay 81.363 ms
INFO: at 82023.666 ms fetching 162.917 ms
INFO: at 82105.037 ms batch [162.514] delay 81.363 ms
INFO: at 82105.037 ms fetching 162.514 ms
INFO: at 82186.403 ms batch [240.355] delay 81.363 ms
INFO: at 82186.403 ms fetching 240.355 ms
INFO: at 82267.773 ms batch [237.314] delay 81.363 ms
INFO: at 82267.773 ms fetching 237.314 ms
INFO: at 82349.143 ms batch [237.717] delay 81.363 ms
INFO: at 82349.143 ms fetching 237.717 ms
INFO: at 82430.509 ms batch [242.688] delay 81.363 ms
INFO: at 82430.509 ms fetching 242.688 ms
INFO: at 82511.880 ms batch [163.669] delay 81.363 ms
INFO: at 82511.880 ms fetching 163.669 ms
INFO: at 82593.250 ms batch [237.269] delay 81.363 ms
INFO: at 82593.250 ms fetching 237.269 ms
INFO: at 82674.617 ms batch [240.056] delay 81.363 ms
INFO: at 82674.617 ms fetching 240.056 ms
INFO: at 82755.988 ms batch [164.240] delay 81.363 ms
INFO: at 82755.988 ms fetching 164.240 ms
INFO: at 82837.358 ms batch [237.678] delay 81.363 ms
INFO: at 82837.358 ms fetching 237.678 ms
INFO: at 82918.725 ms batch [236.077] delay 81.363 ms
INFO: at 82918.725 ms fetching 236.077 ms
INFO: at 83000.096 ms batch [234.414] delay 88.760 ms
INFO: at 83000.096 ms fetching 234.414 ms
INFO: at 83088.864 ms batch [162.809] delay 88.760 ms
INFO: at 83088.864 ms fetching 162.809 ms
INFO: at 83177.625 ms batch [241.059] delay 88.760 ms
INFO: at 83177.625 ms fetching 241.059 ms
INFO: at 83266.388 ms batch [163.378] delay 88.760 ms
INFO: at 83266.388 ms fetching 163.378 ms
INFO: at 83355.154 ms batch [238.425] delay 88.760 ms
INFO: at 83355.154 ms fetching 238.425 ms
INFO: at 83443.919 ms batch [163.088] delay 88.760 ms
INFO: at 83443.919 ms fetching 163.088 ms
INFO: at 83532.684 ms batch [238.270] delay 88.760 ms
INFO: at 83532.684 ms fetching 238.270 ms
INFO: at 83621.452 ms batch [162.072] delay 88.760 ms
INFO: at 83621.452 ms fetching 162.072 ms
INFO: at 83710.218 ms batch [237.046] delay 88.760 ms
INFO: at 83710.218 ms fetching 237.046 ms
INFO: at 83798.985 ms batch [233.672] delay 88.760 ms
INFO: at 83798.985 ms fetching 233.672 ms
INFO: at 83887.749 ms batch [162.147] delay 88.760 ms
INFO: at 83887.749 ms fetching 162.147 ms
INFO: at 83976.516 ms batch [162.037] delay 65.090 ms
INFO: at 83976.516 ms fetching 162.037 ms
INFO: at 84041.613 ms batch [161.802] delay 65.090 ms
INFO: at 84041.613 ms fetching 161.802 ms
INFO: at 84106.713 ms batch [163.175] delay 65.090 ms
INFO: at 84106.713 ms fetching 163.175 ms
INFO: at 84171.807 ms batch [238.892] delay 65.090 ms
INFO: at 84171.807 ms fetching 238.892 ms
INFO: at 84236.902 ms batch [238.506] delay 65.090 ms
INFO: at 84236.902 ms fetching 238.506 ms
INFO: at 84301.999 ms batch [162.488] delay 65.090 ms
INFO: at 84301.999 ms fetching 162.488 ms
INFO: at 84367.096 ms batch [238.190] delay 65.090 ms
INFO: at 84367.096 ms fetching 238.190 ms
INFO: at 84432.193 ms batch [163.243] delay 65.090 ms
INFO: at 84432.193 ms fetching 163.243 ms
INFO: at 84497.289 ms batch [163.680] delay 65.090 ms
INFO: at 84497.289 ms fetching 163.680 ms
INFO: at 84562.386 ms batch [236.244] delay 65.090 ms
INFO: at 84562.386 ms fetching 236.244 ms
INFO: at 84627.482 ms batch [162.712] delay 65.090 ms
INFO: at 84627.482 ms fetching 162.712 ms
INFO: at 84692.580 ms batch [162.786] delay 65.090 ms
INFO: at 84692.580 ms fetching 162.786 ms
INFO: at 84757.673 ms batch [235.392] delay 65.090 ms
INFO: at 84757.673 ms fetching 235.392 ms
INFO: at 84822.766 ms batch [236.725] delay 65.090 ms
INFO: at 84822.766 ms fetching 236.725 ms
INFO: at 84887.862 ms batch [236.396] delay 65.090 ms
INFO: at 84887.862 ms fetching 236.396 ms
INFO: at 84952.965 ms batch [238.337] delay 108.484 ms
INFO: at 84952.965 ms fetching 238.337 ms
INFO: at 85061.453 ms batch [163.246] delay 108.484 ms
INFO: at 85061.453 ms fetching 163.246 ms
INFO: at 85169.941 ms batch [238.550] delay 108.484 ms
INFO: at 85169.941 ms fetching 238.550 ms
INFO: at 85278.428 ms batch [239.353] delay 108.484 ms
INFO: at 85278.428 ms fetching 239.353 ms
INFO: at 85386.917 ms batch [239.175] delay 108.484 ms
INFO: at 85386.917 ms fetching 239.175 ms
INFO: at 85495.405 ms batch [162.168] delay 108.484 ms
INFO: at 85495.405 ms fetching 162.168 ms
INFO: at 85603.895 ms batch [235.370] delay 108.484 ms
INFO: at 85603.895 ms fetching 235.370 ms
INFO: at 85712.385 ms batch [163.066] delay 108.484 ms
INFO: at 85712.385 ms fetching 163.066 ms
INFO: at 85820.875 ms batch [162.435] delay 108.484 ms
INFO: at 85820.875 ms fetching 162.435 ms
INFO: at 85929.366 ms batch [235.879] delay 97.635 ms
INFO: at 85929.366 ms fetching 235.879 ms
INFO: at 86027.005 ms batch [238.602] delay 97.635 ms
INFO: at 86027.005 ms fetching 238.602 ms
INFO: at 86124.648 ms batch [236.987] delay 97.635 ms
INFO: at 86124.648 ms fetching 236.987 ms
INFO: at 86222.291 ms batch [163.443] delay 97.635 ms
INFO: at 86222.291 ms fetching 163.443 ms
INFO: at 86319.931 ms batch [162.848] delay 97.635 ms
INFO: at 86319.931 ms fetching 162.848 ms
INFO: at 86417.573 ms batch [162.387] delay 97.635 ms
INFO: at 86417.573 ms fetching 162.387 ms
INFO: at 86515.212 ms batch [235.565] delay 97.635 ms
INFO: at 86515.212 ms fetching 235.565 ms
INFO: at 86612.854 ms batch [238.684] delay 97.635 ms
INFO: at 86612.854 ms fetching 238.684 ms
INFO: at 86710.495 ms batch [238.654] delay 97.635 ms
INFO: at 86710.495 ms fetching 238.654 ms
INFO: at 86808.137 ms batch [162.282] delay 97.635 ms
INFO: at 86808.137 ms fetching 162.282 ms
INFO: at 86905.778 ms batch [239.163] delay 88.760 ms
INFO: at 86905.778 ms fetching 239.163 ms
INFO: at 86994.541 ms batch [163.566] delay 88.760 ms
INFO: at 86994.541 ms fetching 163.566 ms
INFO: at 87083.307 ms batch [236.308] delay 88.760 ms
INFO: at 87083.307 ms fetching 236.308 ms
INFO: at 87172.073 ms batch [162.343] delay 88.760 ms
INFO: at 87172.073 ms fetching 162.343 ms
INFO: at 87260.838 ms batch [242.568] delay 88.760 ms
INFO: at 87260.838 ms fetching 242.568 ms
INFO: at 87349.605 ms batch [239.440] delay 88.760 ms
INFO: at 87349.605 ms fetching 239.440 ms
INFO: at 87438.368 ms batch [163.000] delay 88.760 ms
INFO: at 87438.368 ms fetching 163.000 ms
INFO: at 87527.134 ms batch [238.239] delay 88.760 ms
INFO: at 87527.134 ms fetching 238.239 ms
INFO: at 87615.900 ms batch [162.693] delay 88.760 ms
INFO: at 87615.900 ms fetching 162.693 ms
INFO: at 87704.666 ms batch [238.209] delay 88.760 ms
INFO: at 87704.666 ms fetching 238.209 ms
INFO: at 87793.432 ms batch [237.875] delay 88.760 ms
INFO: at 87793.432 ms fetching 237.875 ms
INFO: at 87882.199 ms batch [238.860] delay 75.104 ms
INFO: at 87882.199 ms fetching 238.860 ms
INFO: at 87957.308 ms batch [239.304] delay 75.104 ms
INFO: at 87957.308 ms fetching 239.304 ms
INFO: at 88032.416 ms batch [162.362] delay 75.104 ms
INFO: at 88032.416 ms fetching 162.362 ms
INFO: at 88107.526 ms batch [162.269] delay 75.104 ms
INFO: at 88107.526 ms fetching 162.269 ms
INFO: at 88182.633 ms batch [235.586] delay 75.104 ms
INFO: at 88182.633 ms fetching 235.586 ms
INFO: at 88257.741 ms batch [237.847] delay 75.104 ms
INFO: at 88257.741 ms fetching 237.847 ms
INFO: at 88332.849 ms batch [236.582] delay 75.104 ms
INFO: at 88332.849 ms fetching 236.582 ms
INFO: at 88407.958 ms batch [163.405] delay 75.104 ms
INFO: at 88407.958 ms fetching 163.405 ms
INFO: at 88483.069 ms batch [240.190] delay 75.104 ms
INFO: at 88483.069 ms fetching 240.190 ms
INFO: at 88558.181 ms batch [236.026] delay 75.104 ms
INFO: at 88558.181 ms fetching 236.026 ms
INFO: at 88633.294 ms batch [237.767] delay 75.104 ms
INFO: at 88633.294 ms fetching 237.767 ms
INFO: at 88708.404 ms batch [162.660] delay 75.104 ms
INFO: at 88708.404 ms fetching 162.660 ms
INFO: at 88783.516 ms batch [239.377] delay 75.104 ms
INFO: at 88783.516 ms fetching 239.377 ms
INFO: at 88858.626 ms batch [162.286] delay 69.740 ms
INFO: at 88858.626 ms fetching 162.286 ms
INFO: at 88928.372 ms batch [162.248] delay 69.740 ms
INFO: at 88928.372 ms fetching 162.248 ms
INFO: at 88998.119 ms batch [162.641] delay 69.740 ms
INFO: at 88998.119 ms fetching 162.641 ms
INFO: at 89067.864 ms batch [162.731] delay 69.740 ms
INFO: at 89067.864 ms fetching 162.731 ms
INFO: at 89137.610 ms batch [162.673] delay 69.740 ms
INFO: at 89137.610 ms fetching 162.673 ms
INFO: at 89207.356 ms batch [163.645] delay 69.740 ms
INFO: at 89207.356 ms fetching 163.645 ms
INFO: at 89277.103 ms batch [235.473] delay 69.740 ms
INFO: at 89277.103 ms fetching 235.473 ms
INFO: at 89346.847 ms batch [162.819] delay 69.740 ms
INFO: at 89346.847 ms fetching 162.819 ms
INFO: at 89416.594 ms batch [238.622] delay 69.740 ms
INFO: at 89416.594 ms fetching 238.622 ms
INFO: at 89486.339 ms batch [235.862] delay 69.740 ms
INFO: at 89486.339 ms fetching 235.862 ms
INFO: at 89556.085 ms batch [162.314] delay 69.740 ms
INFO: at 89556.085 ms fetching 162.314 ms
INFO: at 89625.831 ms batch [162.422] delay 69.740 ms
INFO: at 89625.831 ms fetching 162.422 ms
INFO: at 89695.578 ms batch [162.981] delay 69.740 ms
INFO: at 89695.578 ms fetching 162.981 ms
INFO: at 89765.323 ms batch [163.008] delay 69.740 ms
INFO: at 89765.323 ms fetching 163.008 ms
INFO: at 89835.066 ms batch [162.617] delay 88.760 ms
INFO: at 89835.066 ms fetching 162.617 ms
INFO: at 89923.833 ms batch [163.189] delay 88.760 ms
INFO: at 89923.833 ms fetching 163.189 ms
INFO: at 90012.597 ms batch [242.190] delay 88.760 ms
INFO: at 90012.597 ms fetching 242.190 ms
INFO: at 90101.362 ms batch [234.565] delay 88.760 ms
INFO: at 90101.362 ms fetching 234.565 ms
INFO: at 90190.127 ms batch [162.638] delay 88.760 ms
INFO: at 90190.127 ms fetching 162.638 ms
INFO: at 90278.891 ms batch [238.989] delay 88.760 ms
INFO: at 90278.891 ms fetching 238.989 ms
INFO: at 90367.656 ms batch [238.766] delay 88.760 ms
INFO: at 90367.656 ms fetching 238.766 ms
INFO: at 90456.420 ms batch [162.588] delay 88.760 ms
INFO: at 90456.420 ms fetching 162.588 ms
INFO: at 90545.185 ms batch [233.890] delay 88.760 ms
INFO: at 90545.185 ms fetching 233.890 ms
INFO: at 90633.948 ms batch [239.258] delay 88.760 ms
INFO: at 90633.948 ms fetching 239.258 ms
INFO: at 90722.713 ms batch [161.991] delay 88.760 ms
INFO: at 90722.713 ms fetching 161.991 ms
INFO: at 90811.478 ms batch [162.869] delay 97.635 ms
INFO: at 90811.478 ms fetching 162.869 ms
INFO: at 90909.119 ms batch [239.451] delay 97.635 ms
INFO: at 90909.119 ms fetching 239.451 ms
INFO: at 91006.761 ms batch [161.448] delay 97.635 ms
INFO: at 91006.761 ms fetching 161.448 ms
INFO: at 91104.401 ms batch [234.139] delay 97.635 ms
INFO: at 91104.401 ms fetching 234.139 ms
INFO: at 91202.040 ms batch [237.377] delay 97.635 ms
INFO: at 91202.040 ms fetching 237.377 ms
INFO: at 91299.681 ms batch [237.022] delay 97.635 ms
INFO: at 91299.681 ms fetching 237.022 ms
INFO: at 91397.321 ms batch [235.954] delay 97.635 ms
INFO: at 91397.321 ms fetching 235.954 ms
INFO: at 91494.960 ms batch [162.509] delay 97.635 ms
INFO: at 91494.960 ms fetching 162.509 ms
INFO: at 91592.603 ms batch [162.761] delay 97.635 ms
INFO: at 91592.603 ms fetching 162.761 ms
INFO: at 91690.247 ms batch [236.798] delay 97.635 ms
INFO: at 91690.247 ms fetching 236.798 ms
INFO: at 91787.889 ms batch [235.993] delay 69.740 ms
INFO: at 91787.889 ms fetching 235.993 ms
INFO: at 91857.636 ms batch [241.472] delay 69.740 ms
INFO: at 91857.636 ms fetching 241.472 ms
INFO: at 91927.380 ms batch [163.739] delay 69.740 ms
INFO: at 91927.380 ms fetching 163.739 ms
INFO: at 91997.124 ms batch [162.901] delay 69.740 ms
INFO: at 91997.124 ms fetching 162.901 ms
INFO: at 92066.868 ms batch [162.413] delay 69.740 ms
INFO: at 92066.868 ms fetching 162.413 ms
INFO: at 92136.612 ms batch [241.031] delay 69.740 ms
INFO: at 92136.612 ms fetching 241.031 ms
INFO: at 92206.358 ms batch [239.105] delay 69.740 ms
INFO: at 92206.358 ms fetching 239.105 ms
INFO: at 92276.103 ms batch [162.642] delay 69.740 ms
INFO: at 92276.103 ms fetching 162.642 ms
INFO: at 92345.849 ms batch [162.768] delay 69.740 ms
INFO: at 92345.849 ms fetching 162.768 ms
INFO: at 92415.594 ms batch [162.656] delay 69.740 ms
INFO: at 92415.594 ms fetching 162.656 ms
INFO: at 92485.336 ms batch [162.991] delay 69.740 ms
INFO: at 92485.336 ms fetching 162.991 ms
INFO: at 92555.081 ms batch [162.799] delay 69.740 ms
INFO: at 92555.081 ms fetching 162.799 ms
INFO: at 92624.825 ms batch [238.841] delay 0.000 ms
INFO: at 92624.825 ms fetching 238.841 ms
INFO: done
22-04-18:07:47:49 INFO     [docker_logging_utils.py:19] [default-cluster] Created logging directory: /home/cc/DynWork/multimodal_dataset_gpu/repeat-2/Multimodal_Real_Dataset/Azure/chatbot/blenderbot_convAI/1_x_P99/clipper/logs
22-04-18:07:48:42 INFO     [clipper_admin.py:1424] [default-cluster] Stopped all Clipper cluster and all model containers
