Starting Python Closure container
Connecting to Clipper with default port: 7000
/usr/local/lib/python3.7/runpy.py:125: RuntimeWarning: 'clipper_admin.metrics.server' found in sys.modules after import of package 'clipper_admin.metrics', but prior to execution of 'clipper_admin.metrics.server'; this may result in unpredictable behaviour
  warn(RuntimeWarning(msg))
22-03-27:22:16:00 INFO     [server.py:80] Metric Server Started!
22-03-27:22:16:00 INFO     [server.py:85] Redis Connected! Waiting for messages...
Serving predictions for floats input type.
Sent heartbeat!
Received heartbeat!
Sent container metadata!
Got start of message 0 
fake_model: serving batch [[1.]], sleeping for 1.00ms = 0.74 + 0.26 * 1 * 1.00
fake_model: returning [1.0]
recv: 0.000482 s, parse: 0.000010 s, handle: 0.002123 s
Got start of message 1 
fake_model: serving batch [[99.021225]], sleeping for 99.02ms = 73.38 + 0.26 * 1 * 99.02
fake_model: returning [99.021225]
recv: 0.000292 s, parse: 0.000010 s, handle: 0.099623 s
Got start of message 2 
fake_model: serving batch [[40.40277 ]
 [25.826424]
 [39.83518 ]
 [98.5288  ]
 [84.65955 ]
 [69.78649 ]
 [54.718414]], sleeping for 251.61ms = 73.02 + 0.26 * 7 * 98.53
fake_model: returning [40.40277, 25.826424, 39.83518, 98.5288, 84.65955, 69.78649, 54.718414]
recv: 0.000090 s, parse: 0.000002 s, handle: 0.251856 s
Got start of message 3 
fake_model: serving batch [[84.53181 ]
 [26.293173]
 [54.823853]
 [40.44188 ]
 [99.1445  ]
 [26.150524]
 [84.10909 ]
 [54.152195]], sleeping for 278.86ms = 73.47 + 0.26 * 8 * 99.14
fake_model: returning [84.53181, 26.293173, 54.823853, 40.44188, 99.1445, 26.150524, 84.10909, 54.152195]
recv: 0.000079 s, parse: 0.000002 s, handle: 0.279180 s
Got start of message 4 
fake_model: serving batch [[69.75637  ]
 [55.127644 ]
 [11.546528 ]
 [40.391582 ]
 [11.1884775]
 [69.651726 ]
 [98.90649  ]
 [98.87404  ]], sleeping for 278.19ms = 73.30 + 0.26 * 8 * 98.91
fake_model: returning [69.75637, 55.127644, 11.546528, 40.391582, 11.1884775, 69.651726, 98.90649, 98.87404]
recv: 0.000212 s, parse: 0.000006 s, handle: 0.278803 s
Got start of message 5 
fake_model: serving batch [[84.16418 ]
 [40.43725 ]
 [69.607   ]
 [98.888504]
 [69.04998 ]
 [25.715078]
 [55.26216 ]
 [98.79865 ]], sleeping for 278.14ms = 73.28 + 0.26 * 8 * 98.89
fake_model: returning [84.16418, 40.43725, 69.607, 98.888504, 69.04998, 25.715078, 55.26216, 98.79865]
recv: 0.000078 s, parse: 0.000003 s, handle: 0.278387 s
Got start of message 6 
fake_model: serving batch [[11.238357]
 [55.339836]
 [40.757572]
 [83.7002  ]
 [84.27124 ]
 [69.592705]
 [25.960844]
 [25.133642]], sleeping for 237.02ms = 62.45 + 0.26 * 8 * 84.27
fake_model: returning [11.238357, 55.339836, 40.757572, 83.7002, 84.27124, 69.592705, 25.960844, 25.133642]
recv: 0.000074 s, parse: 0.000002 s, handle: 0.237284 s
Got start of message 7 
fake_model: serving batch [[25.552282]
 [84.36816 ]
 [40.223717]
 [11.151632]
 [69.655876]
 [25.891424]
 [54.98853 ]
 [55.1178  ]], sleeping for 237.30ms = 62.52 + 0.26 * 8 * 84.37
fake_model: returning [25.552282, 84.36816, 40.223717, 11.151632, 69.655876, 25.891424, 54.98853, 55.1178]
recv: 0.000099 s, parse: 0.000003 s, handle: 0.237585 s
Got start of message 8 
fake_model: serving batch [[55.217903]
 [55.458763]
 [98.42196 ]
 [54.720963]
 [40.098755]
 [99.14853 ]
 [98.6996  ]
 [10.869235]], sleeping for 278.87ms = 73.47 + 0.26 * 8 * 99.15
fake_model: returning [55.217903, 55.458763, 98.42196, 54.720963, 40.098755, 99.14853, 98.6996, 10.869235]
recv: 0.000079 s, parse: 0.000002 s, handle: 0.279105 s
Got start of message 9 
fake_model: serving batch [[10.581608]
 [40.60022 ]
 [84.11287 ]
 [55.006977]
 [84.48915 ]
 [40.328815]
 [84.15869 ]
 [84.00547 ]], sleeping for 237.64ms = 62.61 + 0.26 * 8 * 84.49
fake_model: returning [10.581608, 40.60022, 84.11287, 55.006977, 84.48915, 40.328815, 84.15869, 84.00547]
recv: 0.000087 s, parse: 0.000002 s, handle: 0.237874 s
Got start of message 10 
fake_model: serving batch [[98.94359 ]
 [69.85771 ]
 [11.605373]
 [54.74027 ]
 [10.598918]
 [25.820415]
 [84.30222 ]
 [40.2449  ]], sleeping for 278.29ms = 73.32 + 0.26 * 8 * 98.94
fake_model: returning [98.94359, 69.85771, 11.605373, 54.74027, 10.598918, 25.820415, 84.30222, 40.2449]
recv: 0.000077 s, parse: 0.000002 s, handle: 0.278546 s
Got start of message 11 
fake_model: serving batch [[55.10315 ]
 [26.17624 ]
 [98.667885]
 [54.687855]
 [40.179802]
 [70.185555]
 [84.40837 ]
 [99.248886]], sleeping for 279.15ms = 73.55 + 0.26 * 8 * 99.25
fake_model: returning [55.10315, 26.17624, 98.667885, 54.687855, 40.179802, 70.185555, 84.40837, 99.248886]
recv: 0.000079 s, parse: 0.000002 s, handle: 0.279448 s
Got start of message 12 
fake_model: serving batch [[ 69.95364 ]
 [100.      ]
 [ 25.770172]
 [ 98.39025 ]
 [ 25.790943]
 [ 10.6828  ]
 [ 55.31824 ]
 [ 39.922855]], sleeping for 281.26ms = 74.11 + 0.26 * 8 * 100.00
fake_model: returning [69.95364, 100.0, 25.770172, 98.39025, 25.790943, 10.6828, 55.31824, 39.922855]
recv: 0.000092 s, parse: 0.000003 s, handle: 0.281536 s
Got start of message 13 
fake_model: serving batch [[55.245457]
 [98.15388 ]
 [84.19813 ]
 [98.86865 ]
 [40.36929 ]
 [55.14961 ]
 [40.603054]
 [84.17494 ]], sleeping for 278.08ms = 73.27 + 0.26 * 8 * 98.87
fake_model: returning [55.245457, 98.15388, 84.19813, 98.86865, 40.36929, 55.14961, 40.603054, 84.17494]
recv: 0.000078 s, parse: 0.000002 s, handle: 0.278332 s
Got start of message 14 
fake_model: serving batch [[25.360403]
 [40.488968]
 [25.737717]
 [83.644264]
 [83.670135]
 [11.379845]
 [26.053226]
 [25.356237]], sleeping for 235.33ms = 62.00 + 0.26 * 8 * 83.67
fake_model: returning [25.360403, 40.488968, 25.737717, 83.644264, 83.670135, 11.379845, 26.053226, 25.356237]
recv: 0.000088 s, parse: 0.000003 s, handle: 0.235593 s
Got start of message 15 
fake_model: serving batch [[24.996994]
 [69.71073 ]
 [40.379276]
 [40.263615]
 [25.694931]
 [83.843155]
 [98.52584 ]
 [11.365952]], sleeping for 277.12ms = 73.01 + 0.26 * 8 * 98.53
fake_model: returning [24.996994, 69.71073, 40.379276, 40.263615, 25.694931, 83.843155, 98.52584, 11.365952]
recv: 0.000093 s, parse: 0.000002 s, handle: 0.277387 s
Got start of message 16 
fake_model: serving batch [[55.01326 ]
 [84.03005 ]
 [55.2053  ]
 [54.581463]
 [40.52138 ]
 [25.77986 ]
 [55.202328]
 [10.501031]], sleeping for 236.34ms = 62.27 + 0.26 * 8 * 84.03
fake_model: returning [55.01326, 84.03005, 55.2053, 54.581463, 40.52138, 25.77986, 55.202328, 10.501031]
recv: 0.000075 s, parse: 0.000002 s, handle: 0.236579 s
Got start of message 17 
fake_model: serving batch [[40.198936]
 [40.211235]
 [84.20592 ]
 [69.54074 ]
 [84.34185 ]
 [54.72915 ]
 [40.59178 ]
 [11.076809]], sleeping for 237.22ms = 62.50 + 0.26 * 8 * 84.34
fake_model: returning [40.198936, 40.211235, 84.20592, 69.54074, 84.34185, 54.72915, 40.59178, 11.076809]
recv: 0.000074 s, parse: 0.000002 s, handle: 0.237453 s
Got start of message 18 
fake_model: serving batch [[84.181725]
 [40.242805]
 [40.34811 ]
 [98.70224 ]
 [69.58888 ]
 [69.75179 ]
 [10.941084]
 [25.879175]], sleeping for 277.61ms = 73.14 + 0.26 * 8 * 98.70
fake_model: returning [84.181725, 40.242805, 40.34811, 98.70224, 69.58888, 69.75179, 10.941084, 25.879175]
recv: 0.000082 s, parse: 0.000002 s, handle: 0.277991 s
Got start of message 19 
fake_model: serving batch [[54.533966]
 [26.308329]
 [68.837456]
 [11.587063]
 [69.42106 ]
 [83.89978 ]
 [84.62927 ]
 [25.35152 ]], sleeping for 238.03ms = 62.71 + 0.26 * 8 * 84.63
fake_model: returning [54.533966, 26.308329, 68.837456, 11.587063, 69.42106, 83.89978, 84.62927, 25.35152]
recv: 0.000127 s, parse: 0.000015 s, handle: 0.238337 s
Got start of message 20 
fake_model: serving batch [[98.848434]
 [84.481995]
 [55.321877]
 [69.19781 ]
 [84.51702 ]
 [99.32043 ]
 [99.06887 ]
 [25.881948]], sleeping for 279.35ms = 73.60 + 0.26 * 8 * 99.32
fake_model: returning [98.848434, 84.481995, 55.321877, 69.19781, 84.51702, 99.32043, 99.06887, 25.881948]
recv: 0.000080 s, parse: 0.000003 s, handle: 0.279590 s
Got start of message 21 
fake_model: serving batch [[54.6818  ]
 [55.26925 ]
 [25.481125]
 [40.26157 ]
 [98.456635]
 [69.46492 ]
 [10.42382 ]
 [84.07558 ]], sleeping for 276.92ms = 72.96 + 0.26 * 8 * 98.46
fake_model: returning [54.6818, 55.26925, 25.481125, 40.26157, 98.456635, 69.46492, 10.42382, 84.07558]
recv: 0.000075 s, parse: 0.000002 s, handle: 0.277298 s
Got start of message 22 
fake_model: serving batch [[10.992149]
 [98.461494]
 [25.059296]
 [99.22733 ]
 [98.43737 ]
 [10.929973]
 [10.446166]
 [84.10443 ]], sleeping for 279.09ms = 73.53 + 0.26 * 8 * 99.23
fake_model: returning [10.992149, 98.461494, 25.059296, 99.22733, 98.43737, 10.929973, 10.446166, 84.10443]
recv: 0.000075 s, parse: 0.000003 s, handle: 0.279324 s
Got start of message 23 
fake_model: serving batch [[55.185364]
 [10.879908]
 [25.864433]
 [40.344196]
 [40.631058]
 [25.894037]
 [40.77134 ]
 [55.03836 ]], sleeping for 155.22ms = 40.90 + 0.26 * 8 * 55.19
fake_model: returning [55.185364, 10.879908, 25.864433, 40.344196, 40.631058, 25.894037, 40.77134, 55.03836]
recv: 0.000076 s, parse: 0.000003 s, handle: 0.155459 s
Got start of message 24 
fake_model: serving batch [[11.005388]
 [69.33926 ]
 [69.67111 ]
 [69.55692 ]
 [25.973413]
 [40.06432 ]
 [25.522955]
 [54.78832 ]], sleeping for 195.96ms = 51.63 + 0.26 * 8 * 69.67
fake_model: returning [11.005388, 69.33926, 69.67111, 69.55692, 25.973413, 40.06432, 25.522955, 54.78832]
recv: 0.000364 s, parse: 0.000010 s, handle: 0.196932 s
Got start of message 25 
fake_model: serving batch [[10.590028]
 [25.814142]
 [25.725199]
 [69.94452 ]
 [54.876663]
 [25.575594]
 [69.43047 ]
 [69.93631 ]], sleeping for 196.73ms = 51.83 + 0.26 * 8 * 69.94
fake_model: returning [10.590028, 25.814142, 25.725199, 69.94452, 54.876663, 25.575594, 69.43047, 69.93631]
recv: 0.000078 s, parse: 0.000002 s, handle: 0.196979 s
Got start of message 26 
fake_model: serving batch [[54.51451 ]
 [98.86638 ]
 [10.659497]
 [84.33085 ]
 [25.686754]
 [40.027218]
 [54.941036]
 [41.07034 ]], sleeping for 278.07ms = 73.27 + 0.26 * 8 * 98.87
fake_model: returning [54.51451, 98.86638, 10.659497, 84.33085, 25.686754, 40.027218, 54.941036, 41.07034]
recv: 0.000085 s, parse: 0.000002 s, handle: 0.278350 s
Got start of message 27 
fake_model: serving batch [[54.522408]
 [69.57217 ]
 [10.515062]
 [11.055507]
 [69.771225]
 [54.94717 ]
 [40.744568]
 [55.161533]], sleeping for 196.24ms = 51.70 + 0.26 * 8 * 69.77
fake_model: returning [54.522408, 69.57217, 10.515062, 11.055507, 69.771225, 54.94717, 40.744568, 55.161533]
recv: 0.000135 s, parse: 0.000002 s, handle: 0.196557 s
Got start of message 28 
fake_model: serving batch [[10.849431]
 [25.507164]
 [40.312798]
 [54.911907]
 [25.848661]
 [10.936601]
 [26.041811]
 [98.67788 ]], sleeping for 277.54ms = 73.13 + 0.26 * 8 * 98.68
fake_model: returning [10.849431, 25.507164, 40.312798, 54.911907, 25.848661, 10.936601, 26.041811, 98.67788]
recv: 0.000090 s, parse: 0.000002 s, handle: 0.277785 s
Got start of message 29 
fake_model: serving batch [[99.07151 ]
 [40.08338 ]
 [25.611567]
 [69.08917 ]
 [98.2369  ]
 [84.22408 ]
 [69.5808  ]
 [11.108245]], sleeping for 278.65ms = 73.42 + 0.26 * 8 * 99.07
fake_model: returning [99.07151, 40.08338, 25.611567, 69.08917, 98.2369, 84.22408, 69.5808, 11.108245]
recv: 0.000092 s, parse: 0.000002 s, handle: 0.278885 s
Got start of message 30 
fake_model: serving batch [[26.06217 ]
 [84.18786 ]
 [84.513756]
 [25.224297]
 [98.63041 ]
 [54.886982]
 [10.911417]
 [69.64754 ]], sleeping for 277.41ms = 73.09 + 0.26 * 8 * 98.63
fake_model: returning [26.06217, 84.18786, 84.513756, 25.224297, 98.63041, 54.886982, 10.911417, 69.64754]
recv: 0.000077 s, parse: 0.000002 s, handle: 0.277659 s
Got start of message 31 
fake_model: serving batch [[99.00942 ]
 [98.4274  ]
 [11.134662]
 [99.16315 ]
 [98.65101 ]
 [25.739973]
 [99.09759 ]
 [10.998753]], sleeping for 278.91ms = 73.49 + 0.26 * 8 * 99.16
fake_model: returning [99.00942, 98.4274, 11.134662, 99.16315, 98.65101, 25.739973, 99.09759, 10.998753]
recv: 0.000073 s, parse: 0.000002 s, handle: 0.279141 s
Got start of message 32 
fake_model: serving batch [[69.34248 ]
 [25.598312]
 [84.10689 ]
 [26.253857]
 [40.112343]
 [40.688164]
 [69.58461 ]
 [84.30679 ]], sleeping for 237.12ms = 62.48 + 0.26 * 8 * 84.31
fake_model: returning [69.34248, 25.598312, 84.10689, 26.253857, 40.112343, 40.688164, 69.58461, 84.30679]
recv: 0.000076 s, parse: 0.000003 s, handle: 0.237370 s
Got start of message 33 
fake_model: serving batch [[98.93959 ]
 [40.53432 ]
 [40.020073]
 [54.550743]
 [84.20395 ]
 [10.984514]
 [26.564524]
 [83.90323 ]], sleeping for 278.28ms = 73.32 + 0.26 * 8 * 98.94
fake_model: returning [98.93959, 40.53432, 40.020073, 54.550743, 84.20395, 10.984514, 26.564524, 83.90323]
recv: 0.000077 s, parse: 0.000003 s, handle: 0.278525 s
Got start of message 34 
fake_model: serving batch [[98.62168 ]
 [40.539143]
 [25.621902]
 [69.34851 ]
 [98.50718 ]
 [10.947847]
 [69.4841  ]
 [10.923015]], sleeping for 277.39ms = 73.08 + 0.26 * 8 * 98.62
fake_model: returning [98.62168, 40.539143, 25.621902, 69.34851, 98.50718, 10.947847, 69.4841, 10.923015]
recv: 0.000074 s, parse: 0.000002 s, handle: 0.277623 s
Got start of message 35 
fake_model: serving batch [[54.817142]
 [25.453608]
 [69.0283  ]
 [84.25916 ]
 [69.3939  ]
 [54.761158]
 [84.03263 ]
 [69.883064]], sleeping for 236.99ms = 62.44 + 0.26 * 8 * 84.26
fake_model: returning [54.817142, 25.453608, 69.0283, 84.25916, 69.3939, 54.761158, 84.03263, 69.883064]
recv: 0.000095 s, parse: 0.000002 s, handle: 0.237237 s
Got start of message 36 
fake_model: serving batch [[69.761765]
 [40.464542]
 [98.31363 ]
 [69.21818 ]
 [26.007727]
 [84.146255]
 [83.971375]
 [40.627964]], sleeping for 276.52ms = 72.86 + 0.26 * 8 * 98.31
fake_model: returning [69.761765, 40.464542, 98.31363, 69.21818, 26.007727, 84.146255, 83.971375, 40.627964]
recv: 0.000091 s, parse: 0.000002 s, handle: 0.276752 s
Got start of message 37 
fake_model: serving batch [[84.19016 ]
 [98.72011 ]
 [84.780205]
 [98.96806 ]
 [25.342415]
 [84.12468 ]
 [39.767807]
 [84.53922 ]], sleeping for 278.36ms = 73.34 + 0.26 * 8 * 98.97
fake_model: returning [84.19016, 98.72011, 84.780205, 98.96806, 25.342415, 84.12468, 39.767807, 84.53922]
recv: 0.000078 s, parse: 0.000002 s, handle: 0.278609 s
Got start of message 38 
fake_model: serving batch [[40.061085]
 [40.634556]
 [55.120285]
 [98.956505]
 [69.49454 ]
 [25.278595]
 [11.508488]
 [40.314995]], sleeping for 278.33ms = 73.33 + 0.26 * 8 * 98.96
fake_model: returning [40.061085, 40.634556, 55.120285, 98.956505, 69.49454, 25.278595, 11.508488, 40.314995]
recv: 0.000092 s, parse: 0.000003 s, handle: 0.278627 s
Got start of message 39 
fake_model: serving batch [[98.20201 ]
 [98.600044]
 [98.758224]
 [55.20807 ]
 [10.641863]
 [69.57624 ]
 [98.760185]
 [69.83611 ]], sleeping for 277.77ms = 73.19 + 0.26 * 8 * 98.76
fake_model: returning [98.20201, 98.600044, 98.758224, 55.20807, 10.641863, 69.57624, 98.760185, 69.83611]
recv: 0.000094 s, parse: 0.000002 s, handle: 0.278055 s
Got start of message 40 
fake_model: serving batch [[11.049491]
 [40.46678 ]
 [83.87469 ]
 [69.77395 ]
 [11.346912]
 [98.48821 ]
 [98.64127 ]
 [98.792046]], sleeping for 277.86ms = 73.21 + 0.26 * 8 * 98.79
fake_model: returning [11.049491, 40.46678, 83.87469, 69.77395, 11.346912, 98.48821, 98.64127, 98.792046]
recv: 0.000097 s, parse: 0.000003 s, handle: 0.278117 s
Got start of message 41 
fake_model: serving batch [[98.75021 ]
 [99.117546]
 [69.81421 ]
 [10.829034]
 [26.131563]
 [54.882805]
 [70.17347 ]
 [10.541977]], sleeping for 278.78ms = 73.45 + 0.26 * 8 * 99.12
fake_model: returning [98.75021, 99.117546, 69.81421, 10.829034, 26.131563, 54.882805, 70.17347, 10.541977]
recv: 0.000095 s, parse: 0.000002 s, handle: 0.279113 s
Got start of message 42 
fake_model: serving batch [[11.194646]
 [25.100784]
 [98.83811 ]
 [55.053894]
 [99.35479 ]
 [54.402695]
 [39.959213]
 [25.73573 ]], sleeping for 279.45ms = 73.63 + 0.26 * 8 * 99.35
fake_model: returning [11.194646, 25.100784, 98.83811, 55.053894, 99.35479, 54.402695, 39.959213, 25.73573]
recv: 0.000108 s, parse: 0.000003 s, handle: 0.279755 s
Got start of message 43 
fake_model: serving batch [[40.4689  ]
 [84.421844]
 [40.24733 ]
 [40.30655 ]
 [98.504005]
 [11.155947]
 [69.26581 ]
 [69.79112 ]], sleeping for 277.05ms = 73.00 + 0.26 * 8 * 98.50
fake_model: returning [40.4689, 84.421844, 40.24733, 40.30655, 98.504005, 11.155947, 69.26581, 69.79112]
recv: 0.000086 s, parse: 0.000002 s, handle: 0.277338 s
Got start of message 44 
fake_model: serving batch [[54.93084 ]
 [11.409223]
 [10.792218]
 [40.905106]
 [69.66899 ]
 [40.486538]
 [11.520732]
 [98.5003  ]], sleeping for 277.04ms = 72.99 + 0.26 * 8 * 98.50
fake_model: returning [54.93084, 11.409223, 10.792218, 40.905106, 69.66899, 40.486538, 11.520732, 98.5003]
recv: 0.000094 s, parse: 0.000002 s, handle: 0.277291 s
Got start of message 45 
fake_model: serving batch [[40.265842]
 [69.43769 ]
 [40.563946]
 [98.88225 ]
 [83.994446]
 [10.798319]
 [98.769035]
 [10.925223]], sleeping for 278.12ms = 73.28 + 0.26 * 8 * 98.88
fake_model: returning [40.265842, 69.43769, 40.563946, 98.88225, 83.994446, 10.798319, 98.769035, 10.925223]
recv: 0.000097 s, parse: 0.000002 s, handle: 0.278522 s
Got start of message 46 
fake_model: serving batch [[84.319565]
 [69.59958 ]
 [69.59489 ]
 [98.87253 ]
 [84.06636 ]
 [54.837868]
 [40.322964]
 [54.565903]], sleeping for 278.09ms = 73.27 + 0.26 * 8 * 98.87
fake_model: returning [84.319565, 69.59958, 69.59489, 98.87253, 84.06636, 54.837868, 40.322964, 54.565903]
recv: 0.000076 s, parse: 0.000002 s, handle: 0.278337 s
Got start of message 47 
fake_model: serving batch [[84.209564]
 [69.61526 ]
 [11.432439]
 [98.53984 ]
 [69.07058 ]
 [40.515835]
 [11.169268]
 [55.0985  ]], sleeping for 277.16ms = 73.02 + 0.26 * 8 * 98.54
fake_model: returning [84.209564, 69.61526, 11.432439, 98.53984, 69.07058, 40.515835, 11.169268, 55.0985]
recv: 0.000082 s, parse: 0.000002 s, handle: 0.277406 s
Got start of message 48 
fake_model: serving batch [[25.32462 ]
 [11.166518]
 [55.233723]
 [98.73895 ]
 [11.086975]
 [83.727135]
 [26.423   ]
 [25.807968]], sleeping for 277.72ms = 73.17 + 0.26 * 8 * 98.74
fake_model: returning [25.32462, 11.166518, 55.233723, 98.73895, 11.086975, 83.727135, 26.423, 25.807968]
recv: 0.000077 s, parse: 0.000003 s, handle: 0.277961 s
Got start of message 49 
fake_model: serving batch [[99.04924 ]
 [25.46654 ]
 [98.73658 ]
 [25.77412 ]
 [69.22229 ]
 [11.259276]
 [11.382989]
 [69.2085  ]], sleeping for 278.59ms = 73.40 + 0.26 * 8 * 99.05
fake_model: returning [99.04924, 25.46654, 98.73658, 25.77412, 69.22229, 11.259276, 11.382989, 69.2085]
recv: 0.000083 s, parse: 0.000003 s, handle: 0.278852 s
Got start of message 50 
fake_model: serving batch [[54.967575]
 [11.228823]
 [10.39689 ]
 [10.731595]
 [69.396   ]
 [25.70897 ]
 [25.564009]
 [40.526672]], sleeping for 195.18ms = 51.43 + 0.26 * 8 * 69.40
fake_model: returning [54.967575, 11.228823, 10.39689, 10.731595, 69.396, 25.70897, 25.564009, 40.526672]
recv: 0.000102 s, parse: 0.000003 s, handle: 0.195453 s
Got start of message 51 
fake_model: serving batch [[69.442474]
 [99.523705]
 [55.283985]
 [83.95452 ]
 [69.32733 ]
 [25.215702]
 [25.591404]
 [69.74239 ]], sleeping for 279.92ms = 73.75 + 0.26 * 8 * 99.52
fake_model: returning [69.442474, 99.523705, 55.283985, 83.95452, 69.32733, 25.215702, 25.591404, 69.74239]
recv: 0.000079 s, parse: 0.000002 s, handle: 0.280192 s
Got start of message 52 
fake_model: serving batch [[98.61578 ]
 [11.261908]
 [84.287575]
 [11.074814]
 [25.684807]
 [69.33353 ]
 [69.48602 ]
 [10.889372]], sleeping for 277.37ms = 73.08 + 0.26 * 8 * 98.62
fake_model: returning [98.61578, 11.261908, 84.287575, 11.074814, 25.684807, 69.33353, 69.48602, 10.889372]
recv: 0.000078 s, parse: 0.000003 s, handle: 0.277617 s
Got start of message 53 
fake_model: serving batch [[26.474636 ]
 [10.743507 ]
 [25.486116 ]
 [69.19228  ]
 [99.21782  ]
 [11.0237665]
 [68.9618   ]
 [99.26661  ]], sleeping for 279.20ms = 73.56 + 0.26 * 8 * 99.27
fake_model: returning [26.474636, 10.743507, 25.486116, 69.19228, 99.21782, 11.0237665, 68.9618, 99.26661]
recv: 0.000077 s, parse: 0.000002 s, handle: 0.279462 s
Got start of message 54 
fake_model: serving batch [[98.70891 ]
 [40.175125]
 [98.77921 ]
 [54.7954  ]
 [99.232475]
 [69.57434 ]
 [25.670946]
 [55.519756]], sleeping for 279.10ms = 73.54 + 0.26 * 8 * 99.23
fake_model: returning [98.70891, 40.175125, 98.77921, 54.7954, 99.232475, 69.57434, 25.670946, 55.519756]
recv: 0.000077 s, parse: 0.000002 s, handle: 0.279352 s
Got start of message 55 
fake_model: serving batch [[40.701378]
 [84.39054 ]
 [25.548227]
 [98.68032 ]
 [69.693275]
 [98.48356 ]
 [98.99582 ]
 [11.143116]], sleeping for 278.44ms = 73.36 + 0.26 * 8 * 99.00
fake_model: returning [40.701378, 84.39054, 25.548227, 98.68032, 69.693275, 98.48356, 98.99582, 11.143116]
recv: 0.000078 s, parse: 0.000002 s, handle: 0.278684 s
Got start of message 56 
fake_model: serving batch [[39.902092]
 [54.65235 ]
 [98.46597 ]
 [98.91112 ]
 [55.29159 ]
 [54.81175 ]
 [40.953857]
 [69.388885]], sleeping for 278.20ms = 73.30 + 0.26 * 8 * 98.91
fake_model: returning [39.902092, 54.65235, 98.46597, 98.91112, 55.29159, 54.81175, 40.953857, 69.388885]
recv: 0.000078 s, parse: 0.000002 s, handle: 0.278490 s
Got start of message 57 
fake_model: serving batch [[84.239716]
 [98.915474]
 [84.58633 ]
 [83.57587 ]
 [98.870384]
 [54.870705]
 [83.910995]
 [69.30189 ]], sleeping for 278.21ms = 73.30 + 0.26 * 8 * 98.92
fake_model: returning [84.239716, 98.915474, 84.58633, 83.57587, 98.870384, 54.870705, 83.910995, 69.30189]
recv: 0.000104 s, parse: 0.000003 s, handle: 0.278526 s
Got start of message 58 
fake_model: serving batch [[40.375126]
 [69.314064]
 [99.08617 ]
 [25.337776]
 [69.23096 ]
 [40.038376]
 [55.13729 ]
 [83.99699 ]], sleeping for 278.69ms = 73.43 + 0.26 * 8 * 99.09
fake_model: returning [40.375126, 69.314064, 99.08617, 25.337776, 69.23096, 40.038376, 55.13729, 83.99699]
recv: 0.000082 s, parse: 0.000002 s, handle: 0.278956 s
Got start of message 59 
fake_model: serving batch [[10.676876]
 [83.55294 ]
 [39.969425]
 [11.329079]
 [84.29792 ]
 [98.913246]
 [69.776825]
 [25.812302]], sleeping for 278.21ms = 73.30 + 0.26 * 8 * 98.91
fake_model: returning [10.676876, 83.55294, 39.969425, 11.329079, 84.29792, 98.913246, 69.776825, 25.812302]
recv: 0.000078 s, parse: 0.000002 s, handle: 0.278463 s
Got start of message 60 
fake_model: serving batch [[54.8479  ]
 [40.450577]
 [55.043125]
 [98.66533 ]
 [98.822815]
 [98.61108 ]
 [98.95458 ]
 [25.886673]], sleeping for 278.32ms = 73.33 + 0.26 * 8 * 98.95
fake_model: returning [54.8479, 40.450577, 55.043125, 98.66533, 98.822815, 98.61108, 98.95458, 25.886673]
recv: 0.000078 s, parse: 0.000003 s, handle: 0.278580 s
Got start of message 61 
fake_model: serving batch [[25.542986]
 [83.79818 ]
 [11.047472]
 [40.249493]
 [69.854416]
 [54.872696]
 [11.304462]
 [54.723804]], sleeping for 235.69ms = 62.10 + 0.26 * 8 * 83.80
fake_model: returning [25.542986, 83.79818, 11.047472, 40.249493, 69.854416, 54.872696, 11.304462, 54.723804]
recv: 0.000089 s, parse: 0.000002 s, handle: 0.235952 s
Got start of message 62 
fake_model: serving batch [[69.70359 ]
 [25.967773]
 [98.39694 ]
 [84.4854  ]
 [25.857304]
 [25.423887]
 [25.447863]
 [55.42804 ]], sleeping for 276.75ms = 72.92 + 0.26 * 8 * 98.40
fake_model: returning [69.70359, 25.967773, 98.39694, 84.4854, 25.857304, 25.423887, 25.447863, 55.42804]
recv: 0.000088 s, parse: 0.000002 s, handle: 0.277012 s
Got start of message 63 
fake_model: serving batch [[55.41295 ]
 [40.35527 ]
 [98.57237 ]
 [84.68752 ]
 [26.034964]
 [84.46102 ]
 [98.98694 ]
 [54.79067 ]], sleeping for 278.41ms = 73.35 + 0.26 * 8 * 98.99
fake_model: returning [55.41295, 40.35527, 98.57237, 84.68752, 26.034964, 84.46102, 98.98694, 54.79067]
recv: 0.000077 s, parse: 0.000002 s, handle: 0.278664 s
Got start of message 64 
fake_model: serving batch [[25.53554 ]
 [11.540187]
 [84.29178 ]
 [84.56559 ]
 [11.003138]
 [99.05514 ]
 [84.22229 ]
 [25.913988]], sleeping for 278.60ms = 73.41 + 0.26 * 8 * 99.06
fake_model: returning [25.53554, 11.540187, 84.29178, 84.56559, 11.003138, 99.05514, 84.22229, 25.913988]
recv: 0.000090 s, parse: 0.000002 s, handle: 0.278842 s
Got start of message 65 
fake_model: serving batch [[54.897297]
 [54.918686]
 [11.007737]
 [69.53251 ]
 [69.764084]
 [55.096058]
 [40.325222]
 [83.48824 ]], sleeping for 234.82ms = 61.87 + 0.26 * 8 * 83.49
fake_model: returning [54.897297, 54.918686, 11.007737, 69.53251, 69.764084, 55.096058, 40.325222, 83.48824]
recv: 0.000080 s, parse: 0.000002 s, handle: 0.235077 s
Got start of message 66 
fake_model: serving batch [[98.908936]
 [68.944046]
 [70.202415]
 [69.60528 ]
 [40.566525]
 [69.46953 ]
 [55.028328]
 [69.79653 ]], sleeping for 278.19ms = 73.30 + 0.26 * 8 * 98.91
fake_model: returning [98.908936, 68.944046, 70.202415, 69.60528, 40.566525, 69.46953, 55.028328, 69.79653]
recv: 0.000080 s, parse: 0.000002 s, handle: 0.278443 s
Got start of message 67 
fake_model: serving batch [[11.814085]
 [55.662746]
 [84.00251 ]
 [11.220352]
 [84.037834]
 [98.68537 ]
 [69.56832 ]
 [98.85465 ]], sleeping for 278.04ms = 73.26 + 0.26 * 8 * 98.85
fake_model: returning [11.814085, 55.662746, 84.00251, 11.220352, 84.037834, 98.68537, 69.56832, 98.85465]
recv: 0.000090 s, parse: 0.000002 s, handle: 0.278274 s
Got start of message 68 
fake_model: serving batch [[39.92807 ]
 [54.80021 ]
 [25.623943]
 [69.50752 ]
 [25.828573]
 [69.52243 ]
 [11.240629]
 [11.369727]], sleeping for 195.54ms = 51.52 + 0.26 * 8 * 69.52
fake_model: returning [39.92807, 54.80021, 25.623943, 69.50752, 25.828573, 69.52243, 11.240629, 11.369727]
recv: 0.000077 s, parse: 0.000002 s, handle: 0.195786 s
Got start of message 69 
fake_model: serving batch [[55.2149  ]
 [69.54494 ]
 [69.83347 ]
 [11.306835]
 [40.404858]
 [55.03256 ]
 [55.060387]
 [55.334915]], sleeping for 196.41ms = 51.75 + 0.26 * 8 * 69.83
fake_model: returning [55.2149, 69.54494, 69.83347, 11.306835, 40.404858, 55.03256, 55.060387, 55.334915]
recv: 0.000075 s, parse: 0.000002 s, handle: 0.196783 s
Got start of message 70 
fake_model: serving batch [[25.63881 ]
 [98.77706 ]
 [69.6173  ]
 [54.935204]
 [10.784929]
 [54.768745]
 [25.381393]
 [84.51008 ]], sleeping for 277.82ms = 73.20 + 0.26 * 8 * 98.78
fake_model: returning [25.63881, 98.77706, 69.6173, 54.935204, 10.784929, 54.768745, 25.381393, 84.51008]
recv: 0.000074 s, parse: 0.000002 s, handle: 0.278054 s
Got start of message 71 
fake_model: serving batch [[69.447105]
 [69.36577 ]
 [40.751156]
 [25.437296]
 [40.0548  ]
 [54.715126]
 [84.27908 ]
 [69.54682 ]], sleeping for 237.04ms = 62.46 + 0.26 * 8 * 84.28
fake_model: returning [69.447105, 69.36577, 40.751156, 25.437296, 40.0548, 54.715126, 84.27908, 69.54682]
recv: 0.000088 s, parse: 0.000002 s, handle: 0.237282 s
Got start of message 72 
fake_model: serving batch [[98.9306  ]
 [54.953125]
 [70.353035]
 [69.528725]
 [54.97159 ]
 [98.648605]
 [84.520485]
 [40.23663 ]], sleeping for 278.25ms = 73.31 + 0.26 * 8 * 98.93
fake_model: returning [98.9306, 54.953125, 70.353035, 69.528725, 54.97159, 98.648605, 84.520485, 40.23663]
recv: 0.000081 s, parse: 0.000002 s, handle: 0.278503 s
Got start of message 73 
fake_model: serving batch [[69.34574 ]
 [40.213314]
 [40.326977]
 [69.90472 ]
 [69.25845 ]
 [10.822493]
 [25.55959 ]
 [11.138642]], sleeping for 196.62ms = 51.80 + 0.26 * 8 * 69.90
fake_model: returning [69.34574, 40.213314, 40.326977, 69.90472, 69.25845, 10.822493, 25.55959, 11.138642]
recv: 0.000093 s, parse: 0.000002 s, handle: 0.196864 s
Got start of message 74 
fake_model: serving batch [[69.153435]
 [84.600876]
 [69.33051 ]
 [25.163269]
 [69.187874]
 [98.585335]
 [98.89254 ]
 [11.112783]], sleeping for 278.15ms = 73.28 + 0.26 * 8 * 98.89
fake_model: returning [69.153435, 84.600876, 69.33051, 25.163269, 69.187874, 98.585335, 98.89254, 11.112783]
recv: 0.000082 s, parse: 0.000003 s, handle: 0.278394 s
Got start of message 75 
fake_model: serving batch [[26.094782]
 [40.48427 ]
 [69.48013 ]
 [84.28557 ]
 [25.932867]
 [26.070631]
 [11.17984 ]
 [99.026596]], sleeping for 278.52ms = 73.38 + 0.26 * 8 * 99.03
fake_model: returning [26.094782, 40.48427, 69.48013, 84.28557, 25.932867, 26.070631, 11.17984, 99.026596]
recv: 0.000073 s, parse: 0.000002 s, handle: 0.278757 s
Got start of message 76 
fake_model: serving batch [[40.141376]
 [26.155993]
 [25.871572]
 [98.99823 ]
 [40.045105]
 [55.034485]
 [99.01416 ]
 [11.416863]], sleeping for 278.49ms = 73.37 + 0.26 * 8 * 99.01
fake_model: returning [40.141376, 26.155993, 25.871572, 98.99823, 40.045105, 55.034485, 99.01416, 11.416863]
recv: 0.000086 s, parse: 0.000002 s, handle: 0.278720 s
Got start of message 77 
fake_model: serving batch [[55.441334]
 [40.511044]
 [40.051846]
 [10.653501]
 [40.373028]
 [98.66012 ]
 [11.236077]
 [40.446003]], sleeping for 277.49ms = 73.11 + 0.26 * 8 * 98.66
fake_model: returning [55.441334, 40.511044, 40.051846, 10.653501, 40.373028, 98.66012, 11.236077, 40.446003]
recv: 0.000072 s, parse: 0.000002 s, handle: 0.277725 s
Got start of message 78 
fake_model: serving batch [[98.569244]
 [99.08046 ]
 [84.063866]
 [25.93827 ]
 [25.970581]
 [84.46647 ]
 [69.80137 ]
 [83.857735]], sleeping for 278.68ms = 73.42 + 0.26 * 8 * 99.08
fake_model: returning [98.569244, 99.08046, 84.063866, 25.93827, 25.970581, 84.46647, 69.80137, 83.857735]
recv: 0.000078 s, parse: 0.000002 s, handle: 0.278920 s
Got start of message 79 
fake_model: serving batch [[25.290945]
 [10.722856]
 [69.20238 ]
 [40.71101 ]
 [84.34928 ]
 [98.878296]
 [98.56586 ]
 [69.977936]], sleeping for 278.11ms = 73.27 + 0.26 * 8 * 98.88
fake_model: returning [25.290945, 10.722856, 69.20238, 40.71101, 84.34928, 98.878296, 98.56586, 69.977936]
recv: 0.000073 s, parse: 0.000002 s, handle: 0.278339 s
Got start of message 80 
fake_model: serving batch [[98.47478 ]
 [70.14645 ]
 [54.528828]
 [55.475613]
 [25.731297]
 [54.998745]
 [55.076313]
 [11.281622]], sleeping for 276.97ms = 72.98 + 0.26 * 8 * 98.47
fake_model: returning [98.47478, 70.14645, 54.528828, 55.475613, 25.731297, 54.998745, 55.076313, 11.281622]
recv: 0.000074 s, parse: 0.000002 s, handle: 0.277203 s
Got start of message 81 
fake_model: serving batch [[83.917   ]
 [25.60915 ]
 [69.56179 ]
 [69.46067 ]
 [84.2896  ]
 [69.727066]
 [54.411835]
 [40.10161 ]], sleeping for 237.07ms = 62.46 + 0.26 * 8 * 84.29
fake_model: returning [83.917, 25.60915, 69.56179, 69.46067, 84.2896, 69.727066, 54.411835, 40.10161]
recv: 0.000073 s, parse: 0.000002 s, handle: 0.237306 s
Got start of message 82 
fake_model: serving batch [[26.233232]
 [98.54302 ]
 [84.34673 ]
 [25.707077]
 [40.531677]
 [69.717766]
 [54.655994]
 [55.03045 ]], sleeping for 277.16ms = 73.03 + 0.26 * 8 * 98.54
fake_model: returning [26.233232, 98.54302, 84.34673, 25.707077, 40.531677, 69.717766, 54.655994, 55.03045]
recv: 0.000078 s, parse: 0.000002 s, handle: 0.277414 s
Got start of message 83 
fake_model: serving batch [[99.197495 ]
 [25.511839 ]
 [69.81186  ]
 [84.25516  ]
 [25.385136 ]
 [11.1755085]
 [25.948854 ]
 [10.846479 ]], sleeping for 279.00ms = 73.51 + 0.26 * 8 * 99.20
fake_model: returning [99.197495, 25.511839, 69.81186, 84.25516, 25.385136, 11.1755085, 25.948854, 10.846479]
recv: 0.000073 s, parse: 0.000002 s, handle: 0.279241 s
Got start of message 84 
fake_model: serving batch [[99.141335]
 [25.765638]
 [25.844143]
 [54.443283]
 [69.74723 ]
 [83.99146 ]
 [25.434055]
 [26.004019]], sleeping for 278.85ms = 73.47 + 0.26 * 8 * 99.14
fake_model: returning [99.141335, 25.765638, 25.844143, 54.443283, 69.74723, 83.99146, 25.434055, 26.004019]
recv: 0.000088 s, parse: 0.000002 s, handle: 0.279096 s
Got start of message 85 
fake_model: serving batch [[84.35183 ]
 [11.181881]
 [98.71293 ]
 [69.159355]
 [84.4004  ]
 [98.22008 ]
 [69.5098  ]
 [55.0913  ]], sleeping for 277.64ms = 73.15 + 0.26 * 8 * 98.71
fake_model: returning [84.35183, 11.181881, 98.71293, 69.159355, 84.4004, 98.22008, 69.5098, 55.0913]
recv: 0.000083 s, parse: 0.000002 s, handle: 0.277913 s
Got start of message 86 
fake_model: serving batch [[10.898921]
 [98.55712 ]
 [99.32759 ]
 [69.96826 ]
 [69.26235 ]
 [54.561024]
 [40.58074 ]
 [40.615456]], sleeping for 279.37ms = 73.61 + 0.26 * 8 * 99.33
fake_model: returning [10.898921, 98.55712, 99.32759, 69.96826, 69.26235, 54.561024, 40.58074, 40.615456]
recv: 0.000090 s, parse: 0.000002 s, handle: 0.279690 s
Got start of message 87 
fake_model: serving batch [[69.98777 ]
 [41.135666]
 [84.44862 ]
 [25.528101]
 [69.1821  ]
 [69.96275 ]
 [40.278305]
 [55.134537]], sleeping for 237.52ms = 62.58 + 0.26 * 8 * 84.45
fake_model: returning [69.98777, 41.135666, 84.44862, 25.528101, 69.1821, 69.96275, 40.278305, 55.134537]
recv: 0.000107 s, parse: 0.000003 s, handle: 0.237812 s
Got start of message 88 
fake_model: serving batch [[10.781515]
 [84.15035 ]
 [25.954329]
 [11.159593]
 [69.36906 ]
 [25.763556]
 [69.81936 ]
 [26.126625]], sleeping for 236.68ms = 62.36 + 0.26 * 8 * 84.15
fake_model: returning [10.781515, 84.15035, 25.954329, 11.159593, 69.36906, 25.763556, 69.81936, 26.126625]
recv: 0.000076 s, parse: 0.000003 s, handle: 0.236933 s
Got start of message 89 
fake_model: serving batch [[54.644554]
 [70.09025 ]
 [10.982171]
 [40.280582]
 [55.144745]
 [69.467155]
 [25.859894]
 [54.770927]], sleeping for 197.14ms = 51.94 + 0.26 * 8 * 70.09
fake_model: returning [54.644554, 70.09025, 10.982171, 40.280582, 55.144745, 69.467155, 25.859894, 54.770927]
recv: 0.000077 s, parse: 0.000002 s, handle: 0.197381 s
Got start of message 90 
fake_model: serving batch [[11.091021]
 [25.034817]
 [25.079525]
 [54.744698]
 [54.87884 ]
 [11.44042 ]
 [54.594753]
 [40.13121 ]], sleeping for 154.35ms = 40.67 + 0.26 * 8 * 54.88
fake_model: returning [11.091021, 25.034817, 25.079525, 54.744698, 54.87884, 11.44042, 54.594753, 40.13121]
recv: 0.000080 s, parse: 0.000002 s, handle: 0.154605 s
Got start of message 91 
fake_model: serving batch [[40.159824]
 [55.309723]
 [69.90059 ]
 [84.277084]
 [98.67576 ]
 [39.912655]
 [98.979935]
 [25.655941]], sleeping for 278.39ms = 73.35 + 0.26 * 8 * 98.98
fake_model: returning [40.159824, 55.309723, 69.90059, 84.277084, 98.67576, 39.912655, 98.979935, 25.655941]
recv: 0.000073 s, parse: 0.000002 s, handle: 0.278627 s
Got start of message 92 
fake_model: serving batch [[39.9642   ]
 [84.21792  ]
 [69.298706 ]
 [55.176075 ]
 [99.207596 ]
 [25.520151 ]
 [11.3500395]
 [98.93698  ]], sleeping for 279.03ms = 73.52 + 0.26 * 8 * 99.21
fake_model: returning [39.9642, 84.21792, 69.298706, 55.176075, 99.207596, 25.520151, 11.3500395, 98.93698]
recv: 0.000080 s, parse: 0.000014 s, handle: 0.279268 s
Got start of message 93 
fake_model: serving batch [[98.28834 ]
 [83.878265]
 [54.752777]
 [98.350716]
 [11.065691]
 [54.621223]
 [11.04545 ]
 [26.025702]], sleeping for 276.62ms = 72.88 + 0.26 * 8 * 98.35
fake_model: returning [98.28834, 83.878265, 54.752777, 98.350716, 11.065691, 54.621223, 11.04545, 26.025702]
recv: 0.000078 s, parse: 0.000002 s, handle: 0.276986 s
Got start of message 94 
fake_model: serving batch [[84.50657 ]
 [84.11104 ]
 [69.423294]
 [98.85836 ]
 [83.86231 ]
 [83.980446]
 [69.677414]
 [98.64376 ]], sleeping for 278.05ms = 73.26 + 0.26 * 8 * 98.86
fake_model: returning [84.50657, 84.11104, 69.423294, 98.85836, 83.86231, 83.980446, 69.677414, 98.64376]
recv: 0.000074 s, parse: 0.000002 s, handle: 0.278281 s
Got start of message 95 
fake_model: serving batch [[11.496947]
 [55.30464 ]
 [11.079101]
 [70.015915]
 [98.470276]
 [25.78194 ]
 [83.779305]
 [25.537632]], sleeping for 276.96ms = 72.97 + 0.26 * 8 * 98.47
fake_model: returning [11.496947, 55.30464, 11.079101, 70.015915, 98.470276, 25.78194, 83.779305, 25.537632]
recv: 0.000074 s, parse: 0.000001 s, handle: 0.277192 s
Got start of message 96 
fake_model: serving batch [[54.88095 ]
 [68.88406 ]
 [54.755867]
 [69.29207 ]
 [98.670395]
 [54.957294]
 [98.55017 ]
 [25.768047]], sleeping for 277.52ms = 73.12 + 0.26 * 8 * 98.67
fake_model: returning [54.88095, 68.88406, 54.755867, 69.29207, 98.670395, 54.957294, 98.55017, 25.768047]
recv: 0.000087 s, parse: 0.000002 s, handle: 0.277758 s
Got start of message 97 
fake_model: serving batch [[55.086723]
 [99.472084]
 [84.20211 ]
 [40.417706]
 [40.255333]
 [55.23791 ]
 [11.332106]
 [98.715416]], sleeping for 279.78ms = 73.71 + 0.26 * 8 * 99.47
fake_model: returning [55.086723, 99.472084, 84.20211, 40.417706, 40.255333, 55.23791, 11.332106, 98.715416]
recv: 0.000088 s, parse: 0.000003 s, handle: 0.280084 s
Got start of message 98 
fake_model: serving batch [[69.72918 ]
 [98.74579 ]
 [40.47754 ]
 [70.08096 ]
 [98.546646]
 [83.914345]
 [54.221973]
 [84.47587 ]], sleeping for 277.73ms = 73.18 + 0.26 * 8 * 98.75
fake_model: returning [69.72918, 98.74579, 40.47754, 70.08096, 98.546646, 83.914345, 54.221973, 84.47587]
recv: 0.000078 s, parse: 0.000002 s, handle: 0.277969 s
Got start of message 99 
fake_model: serving batch [[10.918317]
 [40.168602]
 [69.42813 ]
 [99.29314 ]
 [10.932062]
 [40.128426]
 [85.04713 ]
 [69.458534]], sleeping for 279.27ms = 73.58 + 0.26 * 8 * 99.29
fake_model: returning [10.918317, 40.168602, 69.42813, 99.29314, 10.932062, 40.128426, 85.04713, 69.458534]
recv: 0.000077 s, parse: 0.000003 s, handle: 0.279525 s
Got start of message 100 
fake_model: serving batch [[54.7347  ]
 [25.746437]
 [55.164303]
 [98.66274 ]
 [25.815907]
 [54.468216]
 [98.928406]
 [25.946081]], sleeping for 278.25ms = 73.31 + 0.26 * 8 * 98.93
fake_model: returning [54.7347, 25.746437, 55.164303, 98.66274, 25.815907, 54.468216, 98.928406, 25.946081]
recv: 0.000079 s, parse: 0.000002 s, handle: 0.278492 s
Got start of message 101 
fake_model: serving batch [[84.09573 ]
 [40.10964 ]
 [10.893868]
 [69.47798 ]
 [55.24155 ]
 [54.905342]
 [54.66584 ]
 [11.037903]], sleeping for 236.53ms = 62.32 + 0.26 * 8 * 84.10
fake_model: returning [84.09573, 40.10964, 10.893868, 69.47798, 55.24155, 54.905342, 54.66584, 11.037903]
recv: 0.000077 s, parse: 0.000002 s, handle: 0.236783 s
Got start of message 102 
fake_model: serving batch [[25.772116]
 [25.66681 ]
 [25.698769]
 [11.130004]
 [10.635373]
 [40.04176 ]
 [55.129787]
 [25.369493]], sleeping for 155.06ms = 40.85 + 0.26 * 8 * 55.13
fake_model: returning [25.772116, 25.66681, 25.698769, 11.130004, 10.635373, 40.04176, 55.129787, 25.369493]
recv: 0.000074 s, parse: 0.000002 s, handle: 0.155290 s
Got start of message 103 
fake_model: serving batch [[25.691248]
 [25.60691 ]
 [69.3804  ]
 [11.173274]
 [54.98206 ]
 [84.25323 ]
 [98.688034]
 [54.806664]], sleeping for 277.57ms = 73.13 + 0.26 * 8 * 98.69
fake_model: returning [25.691248, 25.60691, 69.3804, 11.173274, 54.98206, 84.25323, 98.688034, 54.806664]
recv: 0.000076 s, parse: 0.000003 s, handle: 0.277813 s
Got start of message 104 
fake_model: serving batch [[55.18811 ]
 [99.13061 ]
 [26.162592]
 [25.876646]
 [55.22747 ]
 [98.78778 ]
 [25.583967]
 [98.53636 ]], sleeping for 278.82ms = 73.46 + 0.26 * 8 * 99.13
fake_model: returning [55.18811, 99.13061, 26.162592, 25.876646, 55.22747, 98.78778, 25.583967, 98.53636]
recv: 0.000076 s, parse: 0.000002 s, handle: 0.279085 s
Got start of message 105 
fake_model: serving batch [[84.091354]
 [84.18606 ]
 [69.5054  ]
 [40.31885 ]
 [99.011635]
 [39.99535 ]
 [55.58028 ]
 [54.576283]], sleeping for 278.48ms = 73.37 + 0.26 * 8 * 99.01
fake_model: returning [84.091354, 84.18606, 69.5054, 40.31885, 99.011635, 39.99535, 55.58028, 54.576283]
recv: 0.000076 s, parse: 0.000002 s, handle: 0.278728 s
Got start of message 106 
fake_model: serving batch [[69.40813 ]
 [11.210977]
 [84.31516 ]
 [25.78882 ]
 [25.696648]
 [84.63431 ]
 [69.675186]
 [26.21547 ]], sleeping for 238.04ms = 62.72 + 0.26 * 8 * 84.63
fake_model: returning [69.40813, 11.210977, 84.31516, 25.78882, 25.696648, 84.63431, 69.675186, 26.21547]
recv: 0.000076 s, parse: 0.000002 s, handle: 0.238296 s
Got start of message 107 
fake_model: serving batch [[84.12705 ]
 [55.040382]
 [83.97404 ]
 [70.02751 ]
 [83.616   ]
 [84.55655 ]
 [69.864456]
 [69.66006 ]], sleeping for 237.83ms = 62.66 + 0.26 * 8 * 84.56
fake_model: returning [84.12705, 55.040382, 83.97404, 70.02751, 83.616, 84.55655, 69.864456, 69.66006]
recv: 0.000078 s, parse: 0.000002 s, handle: 0.238070 s
Got start of message 108 
fake_model: serving batch [[11.553723]
 [54.937206]
 [25.365656]
 [84.0426  ]
 [40.206345]
 [39.99892 ]
 [69.38337 ]
 [39.888897]], sleeping for 236.38ms = 62.28 + 0.26 * 8 * 84.04
fake_model: returning [11.553723, 54.937206, 25.365656, 84.0426, 40.206345, 39.99892, 69.38337, 39.888897]
recv: 0.000077 s, parse: 0.000002 s, handle: 0.236627 s
Got start of message 109 
fake_model: serving batch [[40.47095 ]
 [99.21251 ]
 [26.048998]
 [98.69524 ]
 [98.59414 ]
 [98.89449 ]
 [40.448242]
 [55.344803]], sleeping for 279.05ms = 73.52 + 0.26 * 8 * 99.21
fake_model: returning [40.47095, 99.21251, 26.048998, 98.69524, 98.59414, 98.89449, 40.448242, 55.344803]
recv: 0.000078 s, parse: 0.000002 s, handle: 0.279302 s
Got start of message 110 
fake_model: serving batch [[54.6785  ]
 [69.49029 ]
 [10.852027]
 [10.766324]
 [11.163905]
 [40.547714]
 [11.01179 ]
 [69.66669 ]], sleeping for 195.95ms = 51.63 + 0.26 * 8 * 69.67
fake_model: returning [54.6785, 69.49029, 10.852027, 10.766324, 11.163905, 40.547714, 11.01179, 69.66669]
recv: 0.000082 s, parse: 0.000002 s, handle: 0.196200 s
Got start of message 111 
fake_model: serving batch [[39.907745]
 [84.24746 ]
 [98.414764]
 [83.98876 ]
 [39.8597  ]
 [55.36029 ]
 [54.78325 ]
 [25.41136 ]], sleeping for 276.80ms = 72.93 + 0.26 * 8 * 98.41
fake_model: returning [39.907745, 84.24746, 98.414764, 83.98876, 39.8597, 55.36029, 54.78325, 25.41136]
recv: 0.000087 s, parse: 0.000002 s, handle: 0.277035 s
Got start of message 112 
fake_model: serving batch [[54.61751 ]
 [98.99112 ]
 [98.44659 ]
 [98.733955]
 [40.331207]
 [84.38291 ]
 [40.118168]
 [25.702915]], sleeping for 278.42ms = 73.36 + 0.26 * 8 * 98.99
fake_model: returning [54.61751, 98.99112, 98.44659, 98.733955, 40.331207, 84.38291, 40.118168, 25.702915]
recv: 0.000077 s, parse: 0.000002 s, handle: 0.278677 s
Got start of message 113 
fake_model: serving batch [[40.125893]
 [55.04562 ]
 [55.051613]
 [39.918053]
 [55.60187 ]
 [40.46221 ]
 [25.759289]
 [40.320946]], sleeping for 156.39ms = 41.20 + 0.26 * 8 * 55.60
fake_model: returning [40.125893, 55.04562, 55.051613, 39.918053, 55.60187, 40.46221, 25.759289, 40.320946]
recv: 0.000088 s, parse: 0.000002 s, handle: 0.156618 s
Got start of message 114 
fake_model: serving batch [[69.44483 ]
 [10.901761]
 [83.5258  ]
 [40.157284]
 [98.6556  ]
 [25.643148]
 [84.38528 ]
 [25.469471]], sleeping for 277.48ms = 73.11 + 0.26 * 8 * 98.66
fake_model: returning [69.44483, 10.901761, 83.5258, 40.157284, 98.6556, 25.643148, 84.38528, 25.469471]
recv: 0.000078 s, parse: 0.000002 s, handle: 0.277730 s
Got start of message 115 
fake_model: serving batch [[40.089252]
 [25.50929 ]
 [55.064713]
 [84.18379 ]
 [70.16024 ]
 [55.330368]
 [25.680721]
 [84.32196 ]], sleeping for 237.17ms = 62.49 + 0.26 * 8 * 84.32
fake_model: returning [40.089252, 25.50929, 55.064713, 84.18379, 70.16024, 55.330368, 25.680721, 84.32196]
recv: 0.000077 s, parse: 0.000002 s, handle: 0.237414 s
Got start of message 116 
fake_model: serving batch [[11.084949]
 [10.943238]
 [69.456215]
 [10.62241 ]
 [84.42413 ]
 [25.568598]
 [69.75368 ]
 [40.18938 ]], sleeping for 237.45ms = 62.56 + 0.26 * 8 * 84.42
fake_model: returning [11.084949, 10.943238, 69.456215, 10.62241, 84.42413, 25.568598, 69.75368, 40.18938]
recv: 0.000088 s, parse: 0.000002 s, handle: 0.237690 s
Got start of message 117 
fake_model: serving batch [[83.71778 ]
 [84.6662  ]
 [84.62279 ]
 [25.866879]
 [84.13348 ]
 [25.79489 ]
 [55.256016]
 [26.341043]], sleeping for 238.13ms = 62.74 + 0.26 * 8 * 84.67
fake_model: returning [83.71778, 84.6662, 84.62279, 25.866879, 84.13348, 25.79489, 55.256016, 26.341043]
recv: 0.000076 s, parse: 0.000002 s, handle: 0.238502 s
Got start of message 118 
fake_model: serving batch [[55.00047 ]
 [98.70652 ]
 [69.57028 ]
 [40.561386]
 [98.97533 ]
 [25.649408]
 [25.389355]
 [40.2257  ]], sleeping for 278.38ms = 73.35 + 0.26 * 8 * 98.98
fake_model: returning [55.00047, 98.70652, 69.57028, 40.561386, 98.97533, 25.649408, 25.389355, 40.2257]
recv: 0.000077 s, parse: 0.000002 s, handle: 0.278627 s
Got start of message 119 
fake_model: serving batch [[11.021414]
 [84.148315]
 [99.043274]
 [39.85079 ]
 [40.78567 ]
 [84.17285 ]
 [40.17327 ]
 [40.16224 ]], sleeping for 278.57ms = 73.40 + 0.26 * 8 * 99.04
fake_model: returning [11.021414, 84.148315, 99.043274, 39.85079, 40.78567, 84.17285, 40.17327, 40.16224]
recv: 0.000077 s, parse: 0.000003 s, handle: 0.278821 s
Got start of message 120 
fake_model: serving batch [[25.755123]
 [10.857794]
 [54.992657]
 [69.13398 ]
 [54.742714]
 [11.063791]
 [99.24354 ]
 [10.975284]], sleeping for 279.13ms = 73.54 + 0.26 * 8 * 99.24
fake_model: returning [25.755123, 10.857794, 54.992657, 69.13398, 54.742714, 11.063791, 99.24354, 10.975284]
recv: 0.000077 s, parse: 0.000003 s, handle: 0.279377 s
Got start of message 121 
fake_model: serving batch [[99.16705 ]
 [26.168797]
 [54.691105]
 [11.267137]
 [11.057777]
 [68.99883 ]
 [84.354454]
 [99.0519  ]], sleeping for 278.92ms = 73.49 + 0.26 * 8 * 99.17
fake_model: returning [99.16705, 26.168797, 54.691105, 11.267137, 11.057777, 68.99883, 84.354454, 99.0519]
recv: 0.000085 s, parse: 0.000002 s, handle: 0.279164 s
Got start of message 122 
fake_model: serving batch [[55.38825 ]
 [26.183588]
 [84.67282 ]
 [40.203938]
 [25.818201]
 [54.926414]
 [69.36324 ]
 [10.755579]], sleeping for 238.15ms = 62.75 + 0.26 * 8 * 84.67
fake_model: returning [55.38825, 26.183588, 84.67282, 40.203938, 25.818201, 54.926414, 69.36324, 10.755579]
recv: 0.000096 s, parse: 0.000002 s, handle: 0.238394 s
Got start of message 123 
fake_model: serving batch [[84.05941 ]
 [99.22182 ]
 [84.01052 ]
 [69.55483 ]
 [55.190784]
 [69.80643 ]
 [40.824512]
 [25.57978 ]], sleeping for 279.07ms = 73.53 + 0.26 * 8 * 99.22
fake_model: returning [84.05941, 99.22182, 84.01052, 69.55483, 55.190784, 69.80643, 40.824512, 25.57978]
recv: 0.000078 s, parse: 0.000002 s, handle: 0.279324 s
Got start of message 124 
fake_model: serving batch [[98.64628 ]
 [99.2988  ]
 [11.405174]
 [11.362418]
 [25.761513]
 [55.080177]
 [99.06637 ]
 [11.301244]], sleeping for 279.29ms = 73.59 + 0.26 * 8 * 99.30
fake_model: returning [98.64628, 99.2988, 11.405174, 11.362418, 25.761513, 55.080177, 99.06637, 11.301244]
recv: 0.000079 s, parse: 0.000002 s, handle: 0.279532 s
Got start of message 125 
fake_model: serving batch [[25.246132]
 [25.717329]
 [98.4329  ]
 [98.94631 ]
 [54.749916]
 [39.74041 ]
 [11.106193]
 [11.231788]], sleeping for 278.30ms = 73.32 + 0.26 * 8 * 98.95
fake_model: returning [25.246132, 25.717329, 98.4329, 98.94631, 54.749916, 39.74041, 11.106193, 11.231788]
recv: 0.000073 s, parse: 0.000002 s, handle: 0.278528 s
Got start of message 126 
fake_model: serving batch [[25.675077]
 [11.318625]
 [39.68308 ]
 [84.73208 ]
 [54.86007 ]
 [84.30472 ]
 [99.00492 ]
 [40.814438]], sleeping for 278.46ms = 73.37 + 0.26 * 8 * 99.00
fake_model: returning [25.675077, 11.318625, 39.68308, 84.73208, 54.86007, 84.30472, 99.00492, 40.814438]
recv: 0.000076 s, parse: 0.000002 s, handle: 0.278722 s
Got start of message 127 
fake_model: serving batch [[40.64947 ]
 [40.424232]
 [55.00919 ]
 [25.924927]
 [39.9546  ]
 [98.96109 ]
 [25.753069]
 [98.90038 ]], sleeping for 278.34ms = 73.34 + 0.26 * 8 * 98.96
fake_model: returning [40.64947, 40.424232, 55.00919, 25.924927, 39.9546, 98.96109, 25.753069, 98.90038]
recv: 0.000083 s, parse: 0.000002 s, handle: 0.278599 s
Got start of message 128 
fake_model: serving batch [[25.407448]
 [98.9216  ]
 [69.603455]
 [40.03458 ]
 [40.27601 ]
 [10.863427]
 [54.9512  ]
 [99.07475 ]], sleeping for 278.66ms = 73.42 + 0.26 * 8 * 99.07
fake_model: returning [25.407448, 98.9216, 69.603455, 40.03458, 40.27601, 10.863427, 54.9512, 99.07475]
recv: 0.000079 s, parse: 0.000002 s, handle: 0.278915 s
Got start of message 129 
fake_model: serving batch [[25.744349]
 [25.602732]
 [69.74465 ]
 [10.810134]
 [55.221363]
 [55.01119 ]
 [11.883109]
 [55.279873]], sleeping for 196.17ms = 51.68 + 0.26 * 8 * 69.74
fake_model: returning [25.744349, 25.602732, 69.74465, 10.810134, 55.221363, 55.01119, 11.883109, 55.279873]
recv: 0.000079 s, parse: 0.000002 s, handle: 0.196410 s
Got start of message 130 
fake_model: serving batch [[69.63004 ]
 [69.44027 ]
 [84.12937 ]
 [11.157746]
 [40.267662]
 [40.298325]
 [10.351843]
 [10.831797]], sleeping for 236.62ms = 62.34 + 0.26 * 8 * 84.13
fake_model: returning [69.63004, 69.44027, 84.12937, 11.157746, 40.267662, 40.298325, 10.351843, 10.831797]
recv: 0.000078 s, parse: 0.000002 s, handle: 0.236875 s
Got start of message 131 
fake_model: serving batch [[10.9602785]
 [54.821682 ]
 [84.55203  ]
 [40.435043 ]
 [55.0477   ]
 [40.732376 ]
 [11.570271 ]
 [98.69747  ]], sleeping for 277.60ms = 73.14 + 0.26 * 8 * 98.70
fake_model: returning [10.9602785, 54.821682, 84.55203, 40.435043, 55.0477, 40.732376, 11.570271, 98.69747]
recv: 0.000093 s, parse: 0.000002 s, handle: 0.277855 s
Got start of message 132 
fake_model: serving batch [[55.151836 ]
 [84.07341  ]
 [10.964703 ]
 [99.17557  ]
 [40.555763 ]
 [40.07403  ]
 [11.0167465]
 [11.222322 ]], sleeping for 278.94ms = 73.49 + 0.26 * 8 * 99.18
fake_model: returning [55.151836, 84.07341, 10.964703, 99.17557, 40.555763, 40.07403, 11.0167465, 11.222322]
recv: 0.000077 s, parse: 0.000002 s, handle: 0.279190 s
