22-04-02:19:54:57 INFO     [docker_container_manager.py:192] [default-cluster] Starting managed Redis instance in Docker
22-04-02:19:54:59 INFO     [docker_container_manager.py:294] [default-cluster] Metric Configuration Saved at /tmp/tmpc3gsf3w5.yml
22-04-02:19:55:00 INFO     [clipper_admin.py:162] [default-cluster] Clipper is running
22-04-02:19:55:00 INFO     [clipper_admin.py:236] [default-cluster] Application fake-model was successfully registered
22-04-02:19:55:00 INFO     [deployer_utils.py:41] Saving function to /tmp/tmplkcdf3bhclipper
22-04-02:19:55:00 INFO     [deployer_utils.py:51] Serialized and supplied predict function
22-04-02:19:55:00 INFO     [python.py:192] Python closure saved
22-04-02:19:55:00 INFO     [python.py:210] Using Python 3.7 base image
22-04-02:19:55:00 INFO     [clipper_admin.py:534] [default-cluster] Building model Docker image with model data from /tmp/tmplkcdf3bhclipper
22-04-02:19:55:00 INFO     [clipper_admin.py:539] [default-cluster] Step 1/2 : FROM clipper/python37-closure-container:develop
22-04-02:19:55:00 INFO     [clipper_admin.py:539] [default-cluster]  ---> 2660542c0759
22-04-02:19:55:00 INFO     [clipper_admin.py:539] [default-cluster] Step 2/2 : COPY /tmp/tmplkcdf3bhclipper /model/
22-04-02:19:55:00 INFO     [clipper_admin.py:539] [default-cluster]  ---> c9383b587f8b
22-04-02:19:55:00 INFO     [clipper_admin.py:539] [default-cluster] Successfully built c9383b587f8b
22-04-02:19:55:00 INFO     [clipper_admin.py:539] [default-cluster] Successfully tagged default-cluster-fake-model:1
22-04-02:19:55:00 INFO     [clipper_admin.py:541] [default-cluster] Pushing model Docker image to default-cluster-fake-model:1
22-04-02:19:55:00 INFO     [docker_container_manager.py:433] [default-cluster] Found 0 replicas for fake-model:1. Adding 1
22-04-02:19:55:01 INFO     [clipper_admin.py:724] [default-cluster] Successfully registered model fake-model:1
22-04-02:19:55:01 INFO     [clipper_admin.py:642] [default-cluster] Done deploying model fake-model:1.
22-04-02:19:55:01 INFO     [clipper_admin.py:303] [default-cluster] Model fake-model is now linked to application fake-model
INFO: waiting for ready to serve
INFO: waiting for ready to serve
INFO: waiting for ready to serve
INFO: waiting for ready to serve
INFO: ready to go
INFO: rock and roll
INFO: at 5.470 ms batch [22.553] delay 19.099 ms
INFO: at 5.470 ms fetching 22.553 ms
INFO: at 24.574 ms batch [22.836] delay 19.099 ms
INFO: at 24.574 ms fetching 22.836 ms
INFO: at 43.678 ms batch [22.972] delay 19.099 ms
INFO: at 43.678 ms fetching 22.972 ms
INFO: at 62.782 ms batch [22.515] delay 19.099 ms
INFO: at 62.782 ms fetching 22.515 ms
INFO: at 81.889 ms batch [22.480] delay 19.099 ms
INFO: at 81.889 ms fetching 22.480 ms
INFO: at 100.991 ms batch [22.407] delay 19.099 ms
INFO: at 100.991 ms fetching 22.407 ms
INFO: at 120.095 ms batch [57.334] delay 19.099 ms
INFO: at 120.095 ms fetching 57.334 ms
INFO: at 139.197 ms batch [58.813] delay 19.099 ms
INFO: at 139.197 ms fetching 58.813 ms
INFO: at 158.302 ms batch [62.817] delay 19.099 ms
INFO: at 158.302 ms fetching 62.817 ms
INFO: at 177.407 ms batch [59.406] delay 19.099 ms
INFO: at 177.407 ms fetching 59.406 ms
INFO: at 196.511 ms batch [58.063] delay 23.874 ms
INFO: at 196.511 ms fetching 58.063 ms
INFO: at 220.389 ms batch [58.802] delay 23.874 ms
INFO: at 220.389 ms fetching 58.802 ms
INFO: at 244.266 ms batch [60.435] delay 23.874 ms
INFO: at 244.266 ms fetching 60.435 ms
INFO: at 268.147 ms batch [23.349] delay 23.874 ms
INFO: at 268.147 ms fetching 23.349 ms
INFO: at 292.027 ms batch [22.746] delay 23.874 ms
INFO: at 292.027 ms fetching 22.746 ms
INFO: at 315.904 ms batch [59.147] delay 23.874 ms
INFO: at 315.904 ms fetching 59.147 ms
INFO: at 339.782 ms batch [23.091] delay 23.874 ms
INFO: at 339.782 ms fetching 23.091 ms
INFO: at 363.658 ms batch [22.839] delay 23.874 ms
INFO: at 363.658 ms fetching 22.839 ms
INFO: at 387.538 ms batch [57.091] delay 15.916 ms
INFO: at 387.538 ms fetching 57.091 ms
INFO: at 403.458 ms batch [21.587] delay 15.916 ms
INFO: at 403.458 ms fetching 21.587 ms
INFO: at 419.378 ms batch [58.645] delay 15.916 ms
INFO: at 419.378 ms fetching 58.645 ms
INFO: at 435.296 ms batch [56.957] delay 15.916 ms
INFO: at 435.296 ms fetching 56.957 ms
INFO: at 451.215 ms batch [21.836] delay 15.916 ms
INFO: at 451.215 ms fetching 21.836 ms
INFO: at 467.136 ms batch [61.397] delay 15.916 ms
INFO: at 467.136 ms fetching 61.397 ms
INFO: at 483.056 ms batch [56.770] delay 15.916 ms
INFO: at 483.056 ms fetching 56.770 ms
INFO: at 498.975 ms batch [58.006] delay 15.916 ms
INFO: at 498.975 ms fetching 58.006 ms
INFO: at 514.894 ms batch [57.323] delay 15.916 ms
INFO: at 514.894 ms fetching 57.323 ms
INFO: at 530.815 ms batch [60.252] delay 15.916 ms
INFO: at 530.815 ms fetching 60.252 ms
INFO: at 546.733 ms batch [22.624] delay 15.916 ms
INFO: at 546.733 ms fetching 22.624 ms
INFO: at 562.654 ms batch [59.520] delay 15.916 ms
INFO: at 562.654 ms fetching 59.520 ms
INFO: at 578.572 ms batch [22.570] delay 12.733 ms
INFO: at 578.572 ms fetching 22.570 ms
INFO: at 591.307 ms batch [57.784] delay 12.733 ms
INFO: at 591.307 ms fetching 57.784 ms
INFO: at 604.042 ms batch [55.145] delay 12.733 ms
INFO: at 604.042 ms fetching 55.145 ms
INFO: at 616.777 ms batch [59.507] delay 12.733 ms
INFO: at 616.777 ms fetching 59.507 ms
INFO: at 629.513 ms batch [22.304] delay 12.733 ms
INFO: at 629.513 ms fetching 22.304 ms
INFO: at 642.248 ms batch [21.802] delay 12.733 ms
INFO: at 642.248 ms fetching 21.802 ms
INFO: at 655.043 ms batch [56.195] delay 12.733 ms
INFO: at 655.043 ms fetching 56.195 ms
INFO: at 667.777 ms batch [54.661] delay 12.733 ms
INFO: at 667.777 ms fetching 54.661 ms
INFO: at 680.513 ms batch [60.678] delay 12.733 ms
INFO: at 680.513 ms fetching 60.678 ms
INFO: at 693.248 ms batch [59.394] delay 12.733 ms
INFO: at 693.248 ms fetching 59.394 ms
INFO: at 705.983 ms batch [22.599] delay 12.733 ms
INFO: at 705.983 ms fetching 22.599 ms
INFO: at 718.724 ms batch [22.949] delay 12.733 ms
INFO: at 718.724 ms fetching 22.949 ms
INFO: at 731.459 ms batch [23.538] delay 12.733 ms
INFO: at 731.459 ms fetching 23.538 ms
INFO: at 744.194 ms batch [22.810] delay 12.733 ms
INFO: at 744.194 ms fetching 22.810 ms
INFO: at 756.929 ms batch [22.105] delay 12.733 ms
INFO: at 756.929 ms fetching 22.105 ms
INFO: at 769.666 ms batch [55.196] delay 21.222 ms
INFO: at 769.666 ms fetching 55.196 ms
INFO: at 790.890 ms batch [23.203] delay 21.222 ms
INFO: at 790.890 ms fetching 23.203 ms
INFO: at 812.115 ms batch [23.041] delay 21.222 ms
INFO: at 812.115 ms fetching 23.041 ms
INFO: at 833.340 ms batch [22.872] delay 21.222 ms
INFO: at 833.340 ms fetching 22.872 ms
INFO: at 854.567 ms batch [22.502] delay 21.222 ms
INFO: at 854.567 ms fetching 22.502 ms
INFO: at 875.792 ms batch [22.915] delay 21.222 ms
INFO: at 875.792 ms fetching 22.915 ms
INFO: at 897.018 ms batch [57.019] delay 21.222 ms
INFO: at 897.018 ms fetching 57.019 ms
INFO: at 918.256 ms batch [22.924] delay 21.222 ms
INFO: at 918.256 ms fetching 22.924 ms
INFO: at 939.482 ms batch [60.340] delay 21.222 ms
INFO: at 939.482 ms fetching 60.340 ms
INFO: at 960.707 ms batch [56.281] delay 19.099 ms
INFO: at 960.707 ms fetching 56.281 ms
INFO: at 979.810 ms batch [22.121] delay 19.099 ms
INFO: at 979.810 ms fetching 22.121 ms
INFO: at 998.920 ms batch [21.652] delay 19.099 ms
INFO: at 998.920 ms fetching 21.652 ms
INFO: at 1018.023 ms batch [57.857] delay 19.099 ms
INFO: at 1018.023 ms fetching 57.857 ms
INFO: at 1037.141 ms batch [56.757] delay 19.099 ms
INFO: at 1037.141 ms fetching 56.757 ms
INFO: at 1056.243 ms batch [53.995] delay 19.099 ms
INFO: at 1056.243 ms fetching 53.995 ms
INFO: at 1075.346 ms batch [56.550] delay 19.099 ms
INFO: at 1075.346 ms fetching 56.550 ms
INFO: at 1094.449 ms batch [59.742] delay 19.099 ms
INFO: at 1094.449 ms fetching 59.742 ms
INFO: at 1113.551 ms batch [22.545] delay 19.099 ms
INFO: at 1113.551 ms fetching 22.545 ms
INFO: at 1132.655 ms batch [57.539] delay 19.099 ms
INFO: at 1132.655 ms fetching 57.539 ms
INFO: at 1151.757 ms batch [58.051] delay 17.363 ms
INFO: at 1151.757 ms fetching 58.051 ms
INFO: at 1169.123 ms batch [22.216] delay 17.363 ms
INFO: at 1169.123 ms fetching 22.216 ms
INFO: at 1186.490 ms batch [21.964] delay 17.363 ms
INFO: at 1186.490 ms fetching 21.964 ms
INFO: at 1203.855 ms batch [23.374] delay 17.363 ms
INFO: at 1203.855 ms fetching 23.374 ms
INFO: at 1221.222 ms batch [22.014] delay 17.363 ms
INFO: at 1221.222 ms fetching 22.014 ms
INFO: at 1238.588 ms batch [22.341] delay 17.363 ms
INFO: at 1238.588 ms fetching 22.341 ms
INFO: at 1255.958 ms batch [59.320] delay 17.363 ms
INFO: at 1255.958 ms fetching 59.320 ms
INFO: at 1273.324 ms batch [59.309] delay 17.363 ms
INFO: at 1273.324 ms fetching 59.309 ms
INFO: at 1290.690 ms batch [22.785] delay 17.363 ms
INFO: at 1290.690 ms fetching 22.785 ms
INFO: at 1308.059 ms batch [57.056] delay 17.363 ms
INFO: at 1308.059 ms fetching 57.056 ms
INFO: at 1325.425 ms batch [22.520] delay 17.363 ms
INFO: at 1325.425 ms fetching 22.520 ms
INFO: at 1342.793 ms batch [23.059] delay 21.222 ms
INFO: at 1342.793 ms fetching 23.059 ms
INFO: at 1364.017 ms batch [57.283] delay 21.222 ms
INFO: at 1364.017 ms fetching 57.283 ms
INFO: at 1385.241 ms batch [59.444] delay 21.222 ms
INFO: at 1385.241 ms fetching 59.444 ms
INFO: at 1406.467 ms batch [58.200] delay 21.222 ms
INFO: at 1406.467 ms fetching 58.200 ms
INFO: at 1427.697 ms batch [57.649] delay 21.222 ms
INFO: at 1427.697 ms fetching 57.649 ms
INFO: at 1448.923 ms batch [22.733] delay 21.222 ms
INFO: at 1448.923 ms fetching 22.733 ms
INFO: at 1470.151 ms batch [22.842] delay 21.222 ms
INFO: at 1470.151 ms fetching 22.842 ms
INFO: at 1491.377 ms batch [22.301] delay 21.222 ms
INFO: at 1491.377 ms fetching 22.301 ms
INFO: at 1512.607 ms batch [22.316] delay 21.222 ms
INFO: at 1512.607 ms fetching 22.316 ms
INFO: at 1533.832 ms batch [58.504] delay 19.099 ms
INFO: at 1533.832 ms fetching 58.504 ms
INFO: at 1552.935 ms batch [55.084] delay 19.099 ms
INFO: at 1552.935 ms fetching 55.084 ms
INFO: at 1572.038 ms batch [62.356] delay 19.099 ms
INFO: at 1572.038 ms fetching 62.356 ms
INFO: at 1591.141 ms batch [22.780] delay 19.099 ms
INFO: at 1591.141 ms fetching 22.780 ms
INFO: at 1610.245 ms batch [23.055] delay 19.099 ms
INFO: at 1610.245 ms fetching 23.055 ms
INFO: at 1629.348 ms batch [22.477] delay 19.099 ms
INFO: at 1629.348 ms fetching 22.477 ms
INFO: at 1648.451 ms batch [55.437] delay 19.099 ms
INFO: at 1648.451 ms fetching 55.437 ms
INFO: at 1667.554 ms batch [21.636] delay 19.099 ms
INFO: at 1667.554 ms fetching 21.636 ms
INFO: at 1686.658 ms batch [58.241] delay 19.099 ms
INFO: at 1686.658 ms fetching 58.241 ms
INFO: at 1705.762 ms batch [58.095] delay 19.099 ms
INFO: at 1705.762 ms fetching 58.095 ms
INFO: at 1724.867 ms batch [22.510] delay 17.363 ms
INFO: at 1724.867 ms fetching 22.510 ms
INFO: at 1742.233 ms batch [22.453] delay 17.363 ms
INFO: at 1742.233 ms fetching 22.453 ms
INFO: at 1759.601 ms batch [59.611] delay 17.363 ms
INFO: at 1759.601 ms fetching 59.611 ms
INFO: at 1776.967 ms batch [58.427] delay 17.363 ms
INFO: at 1776.967 ms fetching 58.427 ms
INFO: at 1794.335 ms batch [58.913] delay 17.363 ms
INFO: at 1794.335 ms fetching 58.913 ms
INFO: at 1811.702 ms batch [55.512] delay 17.363 ms
INFO: at 1811.702 ms fetching 55.512 ms
INFO: at 1829.068 ms batch [23.485] delay 17.363 ms
INFO: at 1829.068 ms fetching 23.485 ms
INFO: at 1846.437 ms batch [22.249] delay 17.363 ms
INFO: at 1846.437 ms fetching 22.249 ms
INFO: at 1863.803 ms batch [22.470] delay 17.363 ms
INFO: at 1863.803 ms fetching 22.470 ms
INFO: at 1881.170 ms batch [58.873] delay 17.363 ms
INFO: at 1881.170 ms fetching 58.873 ms
INFO: at 1898.537 ms batch [22.213] delay 17.363 ms
INFO: at 1898.537 ms fetching 22.213 ms
INFO: at 1915.903 ms batch [56.944] delay 19.099 ms
INFO: at 1915.903 ms fetching 56.944 ms
INFO: at 1935.006 ms batch [22.532] delay 19.099 ms
INFO: at 1935.006 ms fetching 22.532 ms
INFO: at 1954.111 ms batch [58.852] delay 19.099 ms
INFO: at 1954.111 ms fetching 58.852 ms
INFO: at 1973.216 ms batch [57.419] delay 19.099 ms
INFO: at 1973.216 ms fetching 57.419 ms
INFO: at 1992.320 ms batch [59.597] delay 19.099 ms
INFO: at 1992.320 ms fetching 59.597 ms
INFO: at 2011.424 ms batch [23.037] delay 19.099 ms
INFO: at 2011.424 ms fetching 23.037 ms
INFO: at 2030.526 ms batch [22.313] delay 19.099 ms
INFO: at 2030.526 ms fetching 22.313 ms
INFO: at 2049.633 ms batch [57.588] delay 19.099 ms
INFO: at 2049.633 ms fetching 57.588 ms
INFO: at 2068.738 ms batch [60.558] delay 19.099 ms
INFO: at 2068.738 ms fetching 60.558 ms
INFO: at 2087.839 ms batch [22.024] delay 19.099 ms
INFO: at 2087.839 ms fetching 22.024 ms
INFO: at 2106.944 ms batch [22.687] delay 15.916 ms
INFO: at 2106.944 ms fetching 22.687 ms
INFO: at 2122.863 ms batch [57.485] delay 15.916 ms
INFO: at 2122.863 ms fetching 57.485 ms
INFO: at 2138.782 ms batch [22.888] delay 15.916 ms
INFO: at 2138.782 ms fetching 22.888 ms
INFO: at 2154.702 ms batch [22.649] delay 15.916 ms
INFO: at 2154.702 ms fetching 22.649 ms
INFO: at 2170.620 ms batch [57.678] delay 15.916 ms
INFO: at 2170.620 ms fetching 57.678 ms
INFO: at 2186.540 ms batch [23.003] delay 15.916 ms
INFO: at 2186.540 ms fetching 23.003 ms
INFO: at 2202.458 ms batch [22.141] delay 15.916 ms
INFO: at 2202.458 ms fetching 22.141 ms
INFO: at 2218.382 ms batch [22.442] delay 15.916 ms
INFO: at 2218.382 ms fetching 22.442 ms
INFO: at 2234.300 ms batch [22.094] delay 15.916 ms
INFO: at 2234.300 ms fetching 22.094 ms
INFO: at 2250.220 ms batch [62.446] delay 15.916 ms
INFO: at 2250.220 ms fetching 62.446 ms
INFO: at 2266.143 ms batch [54.557] delay 15.916 ms
INFO: at 2266.143 ms fetching 54.557 ms
INFO: at 2282.061 ms batch [57.388] delay 15.916 ms
INFO: at 2282.061 ms fetching 57.388 ms
INFO: at 2297.981 ms batch [59.332] delay 19.099 ms
INFO: at 2297.981 ms fetching 59.332 ms
INFO: at 2317.083 ms batch [59.182] delay 19.099 ms
INFO: at 2317.083 ms fetching 59.182 ms
INFO: at 2336.185 ms batch [22.614] delay 19.099 ms
INFO: at 2336.185 ms fetching 22.614 ms
INFO: at 2355.288 ms batch [23.450] delay 19.099 ms
INFO: at 2355.288 ms fetching 23.450 ms
INFO: at 2374.392 ms batch [58.533] delay 19.099 ms
INFO: at 2374.392 ms fetching 58.533 ms
INFO: at 2393.494 ms batch [57.475] delay 19.099 ms
INFO: at 2393.494 ms fetching 57.475 ms
INFO: at 2412.597 ms batch [22.657] delay 19.099 ms
INFO: at 2412.597 ms fetching 22.657 ms
INFO: at 2431.699 ms batch [60.020] delay 19.099 ms
INFO: at 2431.699 ms fetching 60.020 ms
INFO: at 2450.802 ms batch [22.353] delay 19.099 ms
INFO: at 2450.802 ms fetching 22.353 ms
INFO: at 2469.907 ms batch [60.231] delay 19.099 ms
INFO: at 2469.907 ms fetching 60.231 ms
INFO: at 2489.010 ms batch [58.979] delay 17.363 ms
INFO: at 2489.010 ms fetching 58.979 ms
INFO: at 2506.377 ms batch [60.361] delay 17.363 ms
INFO: at 2506.377 ms fetching 60.361 ms
INFO: at 2523.742 ms batch [58.019] delay 17.363 ms
INFO: at 2523.742 ms fetching 58.019 ms
INFO: at 2541.109 ms batch [22.906] delay 17.363 ms
INFO: at 2541.109 ms fetching 22.906 ms
INFO: at 2558.478 ms batch [22.426] delay 17.363 ms
INFO: at 2558.478 ms fetching 22.426 ms
INFO: at 2575.848 ms batch [57.794] delay 17.363 ms
INFO: at 2575.848 ms fetching 57.794 ms
INFO: at 2593.214 ms batch [23.224] delay 17.363 ms
INFO: at 2593.214 ms fetching 23.224 ms
INFO: at 2610.581 ms batch [57.838] delay 17.363 ms
INFO: at 2610.581 ms fetching 57.838 ms
INFO: at 2627.947 ms batch [22.210] delay 17.363 ms
INFO: at 2627.947 ms fetching 22.210 ms
INFO: at 2645.313 ms batch [58.822] delay 17.363 ms
INFO: at 2645.313 ms fetching 58.822 ms
INFO: at 2662.681 ms batch [61.519] delay 17.363 ms
INFO: at 2662.681 ms fetching 61.519 ms
INFO: at 2680.046 ms batch [52.823] delay 21.222 ms
INFO: at 2680.046 ms fetching 52.823 ms
INFO: at 2701.272 ms batch [22.133] delay 21.222 ms
INFO: at 2701.272 ms fetching 22.133 ms
INFO: at 2722.499 ms batch [58.399] delay 21.222 ms
INFO: at 2722.499 ms fetching 58.399 ms
INFO: at 2743.725 ms batch [59.840] delay 21.222 ms
INFO: at 2743.725 ms fetching 59.840 ms
INFO: at 2764.953 ms batch [57.199] delay 21.222 ms
INFO: at 2764.953 ms fetching 57.199 ms
INFO: at 2786.179 ms batch [22.149] delay 21.222 ms
INFO: at 2786.179 ms fetching 22.149 ms
INFO: at 2807.408 ms batch [57.221] delay 21.222 ms
INFO: at 2807.408 ms fetching 57.221 ms
INFO: at 2828.634 ms batch [22.918] delay 21.222 ms
INFO: at 2828.634 ms fetching 22.918 ms
INFO: at 2849.859 ms batch [22.875] delay 21.222 ms
INFO: at 2849.859 ms fetching 22.875 ms
INFO: at 2871.083 ms batch [57.597] delay 14.692 ms
INFO: at 2871.083 ms fetching 57.597 ms
INFO: at 2885.779 ms batch [59.055] delay 14.692 ms
INFO: at 2885.779 ms fetching 59.055 ms
INFO: at 2900.475 ms batch [59.356] delay 14.692 ms
INFO: at 2900.475 ms fetching 59.356 ms
INFO: at 2915.171 ms batch [22.344] delay 14.692 ms
INFO: at 2915.171 ms fetching 22.344 ms
INFO: at 2929.865 ms batch [22.338] delay 14.692 ms
INFO: at 2929.865 ms fetching 22.338 ms
INFO: at 2944.559 ms batch [23.099] delay 14.692 ms
INFO: at 2944.559 ms fetching 23.099 ms
INFO: at 2959.255 ms batch [58.935] delay 14.692 ms
INFO: at 2959.255 ms fetching 58.935 ms
INFO: at 2973.949 ms batch [23.104] delay 14.692 ms
INFO: at 2973.949 ms fetching 23.104 ms
INFO: at 2988.648 ms batch [21.175] delay 14.692 ms
INFO: at 2988.648 ms fetching 21.175 ms
INFO: at 3003.342 ms batch [60.215] delay 14.692 ms
INFO: at 3003.342 ms fetching 60.215 ms
INFO: at 3018.037 ms batch [56.882] delay 14.692 ms
INFO: at 3018.037 ms fetching 56.882 ms
INFO: at 3032.731 ms batch [22.424] delay 14.692 ms
INFO: at 3032.731 ms fetching 22.424 ms
INFO: at 3047.425 ms batch [58.496] delay 14.692 ms
INFO: at 3047.425 ms fetching 58.496 ms
INFO: at 3062.121 ms batch [22.903] delay 21.222 ms
INFO: at 3062.121 ms fetching 22.903 ms
INFO: at 3083.347 ms batch [57.189] delay 21.222 ms
INFO: at 3083.347 ms fetching 57.189 ms
INFO: at 3104.570 ms batch [22.940] delay 21.222 ms
INFO: at 3104.570 ms fetching 22.940 ms
INFO: at 3125.797 ms batch [60.721] delay 21.222 ms
INFO: at 3125.797 ms fetching 60.721 ms
INFO: at 3147.026 ms batch [22.748] delay 21.222 ms
INFO: at 3147.026 ms fetching 22.748 ms
INFO: at 3168.252 ms batch [57.342] delay 21.222 ms
INFO: at 3168.252 ms fetching 57.342 ms
INFO: at 3189.478 ms batch [58.040] delay 21.222 ms
INFO: at 3189.478 ms fetching 58.040 ms
INFO: at 3210.702 ms batch [59.432] delay 21.222 ms
INFO: at 3210.702 ms fetching 59.432 ms
INFO: at 3231.929 ms batch [22.647] delay 21.222 ms
INFO: at 3231.929 ms fetching 22.647 ms
INFO: at 3253.156 ms batch [56.388] delay 31.832 ms
INFO: at 3253.156 ms fetching 56.388 ms
INFO: at 3284.993 ms batch [22.225] delay 31.832 ms
INFO: at 3284.993 ms fetching 22.225 ms
INFO: at 3316.831 ms batch [23.078] delay 31.832 ms
INFO: at 3316.831 ms fetching 23.078 ms
INFO: at 3348.678 ms batch [21.911] delay 31.832 ms
INFO: at 3348.678 ms fetching 21.911 ms
INFO: at 3380.515 ms batch [21.407] delay 31.832 ms
INFO: at 3380.515 ms fetching 21.407 ms
INFO: at 3412.351 ms batch [61.218] delay 31.832 ms
INFO: at 3412.351 ms fetching 61.218 ms
INFO: at 3444.189 ms batch [22.850] delay 21.222 ms
INFO: at 3444.189 ms fetching 22.850 ms
INFO: at 3465.414 ms batch [22.562] delay 21.222 ms
INFO: at 3465.414 ms fetching 22.562 ms
INFO: at 3486.640 ms batch [22.490] delay 21.222 ms
INFO: at 3486.640 ms fetching 22.490 ms
INFO: at 3507.867 ms batch [22.280] delay 21.222 ms
INFO: at 3507.867 ms fetching 22.280 ms
INFO: at 3529.092 ms batch [58.447] delay 21.222 ms
INFO: at 3529.092 ms fetching 58.447 ms
INFO: at 3550.317 ms batch [23.007] delay 21.222 ms
INFO: at 3550.317 ms fetching 23.007 ms
INFO: at 3571.545 ms batch [22.802] delay 21.222 ms
INFO: at 3571.545 ms fetching 22.802 ms
INFO: at 3592.772 ms batch [22.726] delay 21.222 ms
INFO: at 3592.772 ms fetching 22.726 ms
INFO: at 3613.999 ms batch [59.624] delay 21.222 ms
INFO: at 3613.999 ms fetching 59.624 ms
INFO: at 3635.223 ms batch [23.553] delay 21.222 ms
INFO: at 3635.223 ms fetching 23.553 ms
INFO: at 3656.448 ms batch [55.961] delay 21.222 ms
INFO: at 3656.448 ms fetching 55.961 ms
INFO: at 3677.673 ms batch [22.604] delay 21.222 ms
INFO: at 3677.673 ms fetching 22.604 ms
INFO: at 3698.898 ms batch [57.103] delay 21.222 ms
INFO: at 3698.898 ms fetching 57.103 ms
INFO: at 3720.123 ms batch [22.847] delay 21.222 ms
INFO: at 3720.123 ms fetching 22.847 ms
INFO: at 3741.347 ms batch [22.145] delay 21.222 ms
INFO: at 3741.347 ms fetching 22.145 ms
INFO: at 3762.575 ms batch [61.869] delay 21.222 ms
INFO: at 3762.575 ms fetching 61.869 ms
INFO: at 3783.801 ms batch [56.228] delay 21.222 ms
INFO: at 3783.801 ms fetching 56.228 ms
INFO: at 3805.027 ms batch [22.565] delay 21.222 ms
INFO: at 3805.027 ms fetching 22.565 ms
INFO: at 3826.254 ms batch [22.609] delay 31.832 ms
INFO: at 3826.254 ms fetching 22.609 ms
INFO: at 3858.093 ms batch [60.034] delay 31.832 ms
INFO: at 3858.093 ms fetching 60.034 ms
INFO: at 3889.930 ms batch [58.688] delay 31.832 ms
INFO: at 3889.930 ms fetching 58.688 ms
INFO: at 3921.765 ms batch [22.807] delay 31.832 ms
INFO: at 3921.765 ms fetching 22.807 ms
INFO: at 3953.607 ms batch [59.782] delay 31.832 ms
INFO: at 3953.607 ms fetching 59.782 ms
INFO: at 3985.446 ms batch [22.818] delay 31.832 ms
INFO: at 3985.446 ms fetching 22.818 ms
INFO: at 4017.284 ms batch [60.891] delay 17.363 ms
INFO: at 4017.284 ms fetching 60.891 ms
INFO: at 4034.649 ms batch [58.831] delay 17.363 ms
INFO: at 4034.649 ms fetching 58.831 ms
INFO: at 4052.016 ms batch [23.703] delay 17.363 ms
INFO: at 4052.016 ms fetching 23.703 ms
INFO: at 4069.381 ms batch [22.611] delay 17.363 ms
INFO: at 4069.381 ms fetching 22.611 ms
INFO: at 4086.748 ms batch [21.360] delay 17.363 ms
INFO: at 4086.748 ms fetching 21.360 ms
INFO: at 4104.114 ms batch [58.991] delay 17.363 ms
INFO: at 4104.114 ms fetching 58.991 ms
INFO: at 4121.480 ms batch [22.583] delay 17.363 ms
INFO: at 4121.480 ms fetching 22.583 ms
INFO: at 4138.845 ms batch [21.718] delay 17.363 ms
INFO: at 4138.845 ms fetching 21.718 ms
INFO: at 4156.215 ms batch [58.278] delay 17.363 ms
INFO: at 4156.215 ms fetching 58.278 ms
INFO: at 4173.584 ms batch [55.905] delay 17.363 ms
INFO: at 4173.584 ms fetching 55.905 ms
INFO: at 4190.950 ms batch [22.117] delay 17.363 ms
INFO: at 4190.950 ms fetching 22.117 ms
INFO: at 4208.317 ms batch [56.741] delay 19.099 ms
INFO: at 4208.317 ms fetching 56.741 ms
INFO: at 4227.419 ms batch [56.509] delay 19.099 ms
INFO: at 4227.419 ms fetching 56.509 ms
INFO: at 4246.522 ms batch [57.938] delay 19.099 ms
INFO: at 4246.522 ms fetching 57.938 ms
INFO: at 4265.625 ms batch [22.327] delay 19.099 ms
INFO: at 4265.625 ms fetching 22.327 ms
INFO: at 4284.729 ms batch [22.527] delay 19.099 ms
INFO: at 4284.729 ms fetching 22.527 ms
INFO: at 4303.831 ms batch [57.398] delay 19.099 ms
INFO: at 4303.831 ms fetching 57.398 ms
INFO: at 4322.934 ms batch [60.603] delay 19.099 ms
INFO: at 4322.934 ms fetching 60.603 ms
INFO: at 4342.040 ms batch [55.868] delay 19.099 ms
INFO: at 4342.040 ms fetching 55.868 ms
INFO: at 4361.143 ms batch [60.377] delay 19.099 ms
INFO: at 4361.143 ms fetching 60.377 ms
INFO: at 4380.246 ms batch [22.770] delay 19.099 ms
INFO: at 4380.246 ms fetching 22.770 ms
INFO: at 4399.350 ms batch [23.087] delay 17.363 ms
INFO: at 4399.350 ms fetching 23.087 ms
INFO: at 4416.717 ms batch [56.356] delay 17.363 ms
INFO: at 4416.717 ms fetching 56.356 ms
INFO: at 4434.088 ms batch [56.855] delay 17.363 ms
INFO: at 4434.088 ms fetching 56.855 ms
INFO: at 4451.455 ms batch [23.512] delay 17.363 ms
INFO: at 4451.455 ms fetching 23.512 ms
INFO: at 4468.822 ms batch [58.159] delay 17.363 ms
INFO: at 4468.822 ms fetching 58.159 ms
INFO: at 4486.188 ms batch [22.679] delay 17.363 ms
INFO: at 4486.188 ms fetching 22.679 ms
INFO: at 4503.553 ms batch [60.459] delay 17.363 ms
INFO: at 4503.553 ms fetching 60.459 ms
INFO: at 4520.920 ms batch [60.002] delay 17.363 ms
INFO: at 4520.920 ms fetching 60.002 ms
INFO: at 4538.286 ms batch [56.264] delay 17.363 ms
INFO: at 4538.286 ms fetching 56.264 ms
INFO: at 4555.653 ms batch [57.156] delay 17.363 ms
INFO: at 4555.653 ms fetching 57.156 ms
INFO: at 4573.020 ms batch [22.580] delay 17.363 ms
INFO: at 4573.020 ms fetching 22.580 ms
INFO: at 4590.386 ms batch [22.595] delay 17.363 ms
INFO: at 4590.386 ms fetching 22.595 ms
INFO: at 4607.755 ms batch [58.287] delay 17.363 ms
INFO: at 4607.755 ms fetching 58.287 ms
INFO: at 4625.120 ms batch [58.924] delay 17.363 ms
INFO: at 4625.120 ms fetching 58.924 ms
INFO: at 4642.489 ms batch [22.540] delay 17.363 ms
INFO: at 4642.489 ms fetching 22.540 ms
INFO: at 4659.855 ms batch [59.418] delay 17.363 ms
INFO: at 4659.855 ms fetching 59.418 ms
INFO: at 4677.221 ms batch [58.486] delay 17.363 ms
INFO: at 4677.221 ms fetching 58.486 ms
INFO: at 4694.589 ms batch [59.560] delay 17.363 ms
INFO: at 4694.589 ms fetching 59.560 ms
INFO: at 4711.954 ms batch [58.577] delay 17.363 ms
INFO: at 4711.954 ms fetching 58.577 ms
INFO: at 4729.321 ms batch [59.911] delay 17.363 ms
INFO: at 4729.321 ms fetching 59.911 ms
INFO: at 4746.687 ms batch [57.529] delay 17.363 ms
INFO: at 4746.687 ms fetching 57.529 ms
INFO: at 4764.057 ms batch [61.752] delay 17.363 ms
INFO: at 4764.057 ms fetching 61.752 ms
INFO: at 4781.422 ms batch [60.181] delay 13.642 ms
INFO: at 4781.422 ms fetching 60.181 ms
INFO: at 4795.067 ms batch [21.479] delay 13.642 ms
INFO: at 4795.067 ms fetching 21.479 ms
INFO: at 4808.711 ms batch [60.116] delay 13.642 ms
INFO: at 4808.711 ms fetching 60.116 ms
INFO: at 4822.356 ms batch [22.378] delay 13.642 ms
INFO: at 4822.356 ms fetching 22.378 ms
INFO: at 4836.005 ms batch [54.606] delay 13.642 ms
INFO: at 4836.005 ms fetching 54.606 ms
INFO: at 4849.650 ms batch [59.114] delay 13.642 ms
INFO: at 4849.650 ms fetching 59.114 ms
INFO: at 4863.299 ms batch [58.306] delay 13.642 ms
INFO: at 4863.299 ms fetching 58.306 ms
INFO: at 4876.944 ms batch [58.335] delay 13.642 ms
INFO: at 4876.944 ms fetching 58.335 ms
INFO: at 4890.589 ms batch [22.700] delay 13.642 ms
INFO: at 4890.589 ms fetching 22.700 ms
INFO: at 4904.233 ms batch [59.469] delay 13.642 ms
INFO: at 4904.233 ms fetching 59.469 ms
INFO: at 4917.879 ms batch [22.324] delay 13.642 ms
INFO: at 4917.879 ms fetching 22.324 ms
INFO: at 4931.523 ms batch [58.327] delay 13.642 ms
INFO: at 4931.523 ms fetching 58.327 ms
INFO: at 4945.168 ms batch [58.074] delay 13.642 ms
INFO: at 4945.168 ms fetching 58.074 ms
INFO: at 4958.818 ms batch [59.494] delay 13.642 ms
INFO: at 4958.818 ms fetching 59.494 ms
INFO: at 4972.462 ms batch [59.261] delay 19.099 ms
INFO: at 4972.462 ms fetching 59.261 ms
INFO: at 4991.567 ms batch [23.071] delay 19.099 ms
INFO: at 4991.567 ms fetching 23.071 ms
INFO: at 5010.670 ms batch [21.998] delay 19.099 ms
INFO: at 5010.670 ms fetching 21.998 ms
INFO: at 5029.773 ms batch [22.982] delay 19.099 ms
INFO: at 5029.773 ms fetching 22.982 ms
INFO: at 5048.880 ms batch [22.927] delay 19.099 ms
INFO: at 5048.880 ms fetching 22.927 ms
INFO: at 5067.987 ms batch [23.095] delay 19.099 ms
INFO: at 5067.987 ms fetching 23.095 ms
INFO: at 5087.102 ms batch [23.172] delay 19.099 ms
INFO: at 5087.102 ms fetching 23.172 ms
INFO: at 5106.207 ms batch [22.953] delay 19.099 ms
INFO: at 5106.207 ms fetching 22.953 ms
INFO: at 5125.310 ms batch [23.209] delay 19.099 ms
INFO: at 5125.310 ms fetching 23.209 ms
INFO: at 5144.412 ms batch [22.844] delay 19.099 ms
INFO: at 5144.412 ms fetching 22.844 ms
INFO: at 5163.517 ms batch [61.557] delay 15.916 ms
INFO: at 5163.517 ms fetching 61.557 ms
INFO: at 5179.436 ms batch [55.923] delay 15.916 ms
INFO: at 5179.436 ms fetching 55.923 ms
INFO: at 5195.357 ms batch [58.171] delay 15.916 ms
INFO: at 5195.357 ms fetching 58.171 ms
INFO: at 5211.275 ms batch [21.693] delay 15.916 ms
INFO: at 5211.275 ms fetching 21.693 ms
INFO: at 5227.196 ms batch [55.292] delay 15.916 ms
INFO: at 5227.196 ms fetching 55.292 ms
INFO: at 5243.114 ms batch [23.646] delay 15.916 ms
INFO: at 5243.114 ms fetching 23.646 ms
INFO: at 5259.038 ms batch [58.863] delay 15.916 ms
INFO: at 5259.038 ms fetching 58.863 ms
INFO: at 5274.956 ms batch [22.459] delay 15.916 ms
INFO: at 5274.956 ms fetching 22.459 ms
INFO: at 5290.876 ms batch [22.673] delay 15.916 ms
INFO: at 5290.876 ms fetching 22.673 ms
INFO: at 5306.794 ms batch [57.550] delay 15.916 ms
INFO: at 5306.794 ms fetching 57.550 ms
INFO: at 5322.713 ms batch [54.145] delay 15.916 ms
INFO: at 5322.713 ms fetching 54.145 ms
INFO: at 5338.632 ms batch [57.166] delay 15.916 ms
INFO: at 5338.632 ms fetching 57.166 ms
INFO: at 5354.552 ms batch [23.624] delay 19.099 ms
INFO: at 5354.552 ms fetching 23.624 ms
INFO: at 5373.654 ms batch [22.602] delay 19.099 ms
INFO: at 5373.654 ms fetching 22.602 ms
INFO: at 5392.757 ms batch [22.827] delay 19.099 ms
INFO: at 5392.757 ms fetching 22.827 ms
INFO: at 5411.861 ms batch [22.437] delay 19.099 ms
INFO: at 5411.861 ms fetching 22.437 ms
INFO: at 5430.966 ms batch [23.418] delay 19.099 ms
INFO: at 5430.966 ms fetching 23.418 ms
INFO: at 5450.072 ms batch [22.741] delay 19.099 ms
INFO: at 5450.072 ms fetching 22.741 ms
INFO: at 5469.176 ms batch [22.350] delay 19.099 ms
INFO: at 5469.176 ms fetching 22.350 ms
INFO: at 5488.278 ms batch [21.879] delay 19.099 ms
INFO: at 5488.278 ms fetching 21.879 ms
INFO: at 5507.383 ms batch [56.673] delay 19.099 ms
INFO: at 5507.383 ms fetching 56.673 ms
INFO: at 5526.489 ms batch [22.347] delay 19.099 ms
INFO: at 5526.489 ms fetching 22.347 ms
INFO: at 5545.593 ms batch [22.869] delay 21.222 ms
INFO: at 5545.593 ms fetching 22.869 ms
INFO: at 5566.820 ms batch [22.689] delay 21.222 ms
INFO: at 5566.820 ms fetching 22.689 ms
INFO: at 5588.048 ms batch [22.440] delay 21.222 ms
INFO: at 5588.048 ms fetching 22.440 ms
INFO: at 5609.275 ms batch [58.368] delay 21.222 ms
INFO: at 5609.275 ms fetching 58.368 ms
INFO: at 5630.502 ms batch [57.760] delay 21.222 ms
INFO: at 5630.502 ms fetching 57.760 ms
INFO: at 5651.728 ms batch [55.461] delay 21.222 ms
INFO: at 5651.728 ms fetching 55.461 ms
INFO: at 5672.956 ms batch [58.782] delay 21.222 ms
INFO: at 5672.956 ms fetching 58.782 ms
INFO: at 5694.183 ms batch [22.702] delay 21.222 ms
INFO: at 5694.183 ms fetching 22.702 ms
INFO: at 5715.411 ms batch [23.259] delay 21.222 ms
INFO: at 5715.411 ms fetching 23.259 ms
INFO: at 5736.636 ms batch [22.738] delay 23.874 ms
INFO: at 5736.636 ms fetching 22.738 ms
INFO: at 5760.513 ms batch [23.327] delay 23.874 ms
INFO: at 5760.513 ms fetching 23.327 ms
INFO: at 5784.391 ms batch [62.039] delay 23.874 ms
INFO: at 5784.391 ms fetching 62.039 ms
INFO: at 5808.271 ms batch [20.500] delay 23.874 ms
INFO: at 5808.271 ms fetching 20.500 ms
INFO: at 5832.149 ms batch [54.988] delay 23.874 ms
INFO: at 5832.149 ms fetching 54.988 ms
INFO: at 5856.030 ms batch [56.211] delay 23.874 ms
INFO: at 5856.030 ms fetching 56.211 ms
INFO: at 5879.906 ms batch [22.358] delay 23.874 ms
INFO: at 5879.906 ms fetching 22.358 ms
INFO: at 5903.784 ms batch [22.245] delay 23.874 ms
INFO: at 5903.784 ms fetching 22.245 ms
INFO: at 5927.664 ms batch [57.433] delay 27.285 ms
INFO: at 5927.664 ms fetching 57.433 ms
INFO: at 5954.954 ms batch [59.811] delay 27.285 ms
INFO: at 5954.954 ms fetching 59.811 ms
INFO: at 5982.243 ms batch [21.828] delay 27.285 ms
INFO: at 5982.243 ms fetching 21.828 ms
INFO: at 6009.534 ms batch [55.654] delay 27.285 ms
INFO: at 6009.534 ms fetching 55.654 ms
INFO: at 6036.825 ms batch [22.858] delay 27.285 ms
INFO: at 6036.825 ms fetching 22.858 ms
INFO: at 6064.116 ms batch [55.944] delay 27.285 ms
INFO: at 6064.116 ms fetching 55.944 ms
INFO: at 6091.448 ms batch [21.730] delay 27.285 ms
INFO: at 6091.448 ms fetching 21.730 ms
INFO: at 6118.737 ms batch [22.861] delay 21.222 ms
INFO: at 6118.737 ms fetching 22.861 ms
INFO: at 6139.964 ms batch [59.637] delay 21.222 ms
INFO: at 6139.964 ms fetching 59.637 ms
INFO: at 6161.191 ms batch [23.428] delay 21.222 ms
INFO: at 6161.191 ms fetching 23.428 ms
INFO: at 6182.417 ms batch [22.432] delay 21.222 ms
INFO: at 6182.417 ms fetching 22.432 ms
INFO: at 6203.646 ms batch [56.712] delay 21.222 ms
INFO: at 6203.646 ms fetching 56.712 ms
INFO: at 6224.873 ms batch [53.722] delay 21.222 ms
INFO: at 6224.873 ms fetching 53.722 ms
INFO: at 6246.100 ms batch [58.211] delay 21.222 ms
INFO: at 6246.100 ms fetching 58.211 ms
INFO: at 6267.326 ms batch [61.706] delay 21.222 ms
INFO: at 6267.326 ms fetching 61.706 ms
INFO: at 6288.553 ms batch [22.744] delay 21.222 ms
INFO: at 6288.553 ms fetching 22.744 ms
INFO: at 6309.780 ms batch [22.590] delay 27.285 ms
INFO: at 6309.780 ms fetching 22.590 ms
INFO: at 6337.077 ms batch [54.713] delay 27.285 ms
INFO: at 6337.077 ms fetching 54.713 ms
INFO: at 6364.368 ms batch [23.229] delay 27.285 ms
INFO: at 6364.368 ms fetching 23.229 ms
INFO: at 6391.659 ms batch [22.268] delay 27.285 ms
INFO: at 6391.659 ms fetching 22.268 ms
INFO: at 6418.949 ms batch [56.441] delay 27.285 ms
INFO: at 6418.949 ms fetching 56.441 ms
INFO: at 6446.241 ms batch [23.187] delay 27.285 ms
INFO: at 6446.241 ms fetching 23.187 ms
INFO: at 6473.531 ms batch [58.477] delay 27.285 ms
INFO: at 6473.531 ms fetching 58.477 ms
INFO: at 6500.822 ms batch [23.770] delay 15.916 ms
INFO: at 6500.822 ms fetching 23.770 ms
INFO: at 6516.741 ms batch [60.272] delay 15.916 ms
INFO: at 6516.741 ms fetching 60.272 ms
INFO: at 6532.660 ms batch [22.592] delay 15.916 ms
INFO: at 6532.660 ms fetching 22.592 ms
INFO: at 6548.580 ms batch [60.100] delay 15.916 ms
INFO: at 6548.580 ms fetching 60.100 ms
INFO: at 6564.499 ms batch [22.172] delay 15.916 ms
INFO: at 6564.499 ms fetching 22.172 ms
INFO: at 6580.419 ms batch [59.273] delay 15.916 ms
INFO: at 6580.419 ms fetching 59.273 ms
INFO: at 6596.338 ms batch [60.914] delay 15.916 ms
INFO: at 6596.338 ms fetching 60.914 ms
INFO: at 6612.257 ms batch [56.343] delay 15.916 ms
INFO: at 6612.257 ms fetching 56.343 ms
INFO: at 6628.177 ms batch [57.455] delay 15.916 ms
INFO: at 6628.177 ms fetching 57.455 ms
INFO: at 6644.098 ms batch [24.443] delay 15.916 ms
INFO: at 6644.098 ms fetching 24.443 ms
INFO: at 6660.016 ms batch [23.198] delay 15.916 ms
INFO: at 6660.016 ms fetching 23.198 ms
INFO: at 6675.936 ms batch [58.356] delay 15.916 ms
INFO: at 6675.936 ms fetching 58.356 ms
INFO: at 6691.855 ms batch [22.073] delay 21.222 ms
INFO: at 6691.855 ms fetching 22.073 ms
INFO: at 6713.080 ms batch [55.998] delay 21.222 ms
INFO: at 6713.080 ms fetching 55.998 ms
INFO: at 6734.307 ms batch [23.052] delay 21.222 ms
INFO: at 6734.307 ms fetching 23.052 ms
INFO: at 6755.535 ms batch [58.882] delay 21.222 ms
INFO: at 6755.535 ms fetching 58.882 ms
INFO: at 6776.762 ms batch [22.137] delay 21.222 ms
INFO: at 6776.762 ms fetching 22.137 ms
INFO: at 6797.989 ms batch [57.737] delay 21.222 ms
INFO: at 6797.989 ms fetching 57.737 ms
INFO: at 6819.216 ms batch [55.321] delay 21.222 ms
INFO: at 6819.216 ms fetching 55.321 ms
INFO: at 6840.441 ms batch [55.850] delay 21.222 ms
INFO: at 6840.441 ms fetching 55.850 ms
INFO: at 6861.666 ms batch [22.056] delay 21.222 ms
INFO: at 6861.666 ms fetching 22.056 ms
INFO: at 6882.891 ms batch [22.448] delay 21.222 ms
INFO: at 6882.891 ms fetching 22.448 ms
INFO: at 6904.115 ms batch [56.578] delay 21.222 ms
INFO: at 6904.115 ms fetching 56.578 ms
INFO: at 6925.340 ms batch [23.135] delay 21.222 ms
INFO: at 6925.340 ms fetching 23.135 ms
INFO: at 6946.566 ms batch [56.019] delay 21.222 ms
INFO: at 6946.566 ms fetching 56.019 ms
INFO: at 6967.791 ms batch [22.369] delay 21.222 ms
INFO: at 6967.791 ms fetching 22.369 ms
INFO: at 6989.016 ms batch [56.994] delay 21.222 ms
INFO: at 6989.016 ms fetching 56.994 ms
INFO: at 7010.242 ms batch [57.263] delay 21.222 ms
INFO: at 7010.242 ms fetching 57.263 ms
INFO: at 7031.466 ms batch [22.203] delay 21.222 ms
INFO: at 7031.466 ms fetching 22.203 ms
INFO: at 7052.692 ms batch [23.019] delay 21.222 ms
INFO: at 7052.692 ms fetching 23.019 ms
INFO: at 7073.916 ms batch [57.377] delay 23.874 ms
INFO: at 7073.916 ms fetching 57.377 ms
INFO: at 7097.795 ms batch [57.771] delay 23.874 ms
INFO: at 7097.795 ms fetching 57.771 ms
INFO: at 7121.672 ms batch [63.913] delay 23.874 ms
INFO: at 7121.672 ms fetching 63.913 ms
INFO: at 7145.551 ms batch [23.264] delay 23.874 ms
INFO: at 7145.551 ms fetching 23.264 ms
INFO: at 7169.428 ms batch [59.728] delay 23.874 ms
INFO: at 7169.428 ms fetching 59.728 ms
INFO: at 7193.306 ms batch [58.678] delay 23.874 ms
INFO: at 7193.306 ms fetching 58.678 ms
INFO: at 7217.183 ms batch [56.590] delay 23.874 ms
INFO: at 7217.183 ms fetching 56.590 ms
INFO: at 7241.062 ms batch [22.799] delay 23.874 ms
INFO: at 7241.062 ms fetching 22.799 ms
INFO: at 7264.939 ms batch [22.179] delay 23.874 ms
INFO: at 7264.939 ms fetching 22.179 ms
INFO: at 7288.818 ms batch [23.253] delay 23.874 ms
INFO: at 7288.818 ms fetching 23.253 ms
INFO: at 7312.695 ms batch [57.366] delay 23.874 ms
INFO: at 7312.695 ms fetching 57.366 ms
INFO: at 7336.574 ms batch [22.033] delay 23.874 ms
INFO: at 7336.574 ms fetching 22.033 ms
INFO: at 7360.452 ms batch [57.078] delay 23.874 ms
INFO: at 7360.452 ms fetching 57.078 ms
INFO: at 7384.330 ms batch [59.481] delay 23.874 ms
INFO: at 7384.330 ms fetching 59.481 ms
INFO: at 7408.207 ms batch [57.617] delay 23.874 ms
INFO: at 7408.207 ms fetching 57.617 ms
INFO: at 7432.086 ms batch [22.165] delay 23.874 ms
INFO: at 7432.086 ms fetching 22.165 ms
INFO: at 7455.964 ms batch [58.437] delay 6.586 ms
INFO: at 7455.964 ms fetching 58.437 ms
INFO: at 7462.554 ms batch [23.044] delay 6.586 ms
INFO: at 7462.554 ms fetching 23.044 ms
INFO: at 7469.142 ms batch [57.518] delay 6.586 ms
INFO: at 7469.142 ms fetching 57.518 ms
INFO: at 7475.730 ms batch [23.334] delay 6.586 ms
INFO: at 7475.730 ms fetching 23.334 ms
INFO: at 7482.317 ms batch [22.464] delay 6.586 ms
INFO: at 7482.317 ms fetching 22.464 ms
INFO: at 7488.905 ms batch [58.346] delay 6.586 ms
INFO: at 7488.905 ms fetching 58.346 ms
INFO: at 7495.493 ms batch [22.619] delay 6.586 ms
INFO: at 7495.493 ms fetching 22.619 ms
INFO: at 7502.081 ms batch [22.639] delay 6.586 ms
INFO: at 7502.081 ms fetching 22.639 ms
INFO: at 7508.669 ms batch [22.367] delay 6.586 ms
INFO: at 7508.669 ms fetching 22.367 ms
INFO: at 7515.257 ms batch [23.140] delay 6.586 ms
INFO: at 7515.257 ms fetching 23.140 ms
INFO: at 7521.845 ms batch [58.457] delay 6.586 ms
INFO: at 7521.845 ms fetching 58.457 ms
INFO: at 7528.432 ms batch [22.500] delay 6.586 ms
INFO: at 7528.432 ms fetching 22.500 ms
INFO: at 7535.022 ms batch [22.492] delay 6.586 ms
INFO: at 7535.022 ms fetching 22.492 ms
INFO: at 7541.610 ms batch [21.971] delay 6.586 ms
INFO: at 7541.610 ms fetching 21.971 ms
INFO: at 7548.198 ms batch [22.894] delay 6.586 ms
INFO: at 7548.198 ms fetching 22.894 ms
INFO: at 7554.786 ms batch [58.615] delay 6.586 ms
INFO: at 7554.786 ms fetching 58.615 ms
INFO: at 7561.374 ms batch [57.887] delay 6.586 ms
INFO: at 7561.374 ms fetching 57.887 ms
INFO: at 7567.962 ms batch [22.767] delay 6.586 ms
INFO: at 7567.962 ms fetching 22.767 ms
INFO: at 7574.549 ms batch [59.942] delay 6.586 ms
INFO: at 7574.549 ms fetching 59.942 ms
INFO: at 7581.138 ms batch [21.771] delay 6.586 ms
INFO: at 7581.138 ms fetching 21.771 ms
INFO: at 7587.726 ms batch [22.256] delay 6.586 ms
INFO: at 7587.726 ms fetching 22.256 ms
INFO: at 7594.314 ms batch [59.700] delay 6.586 ms
INFO: at 7594.314 ms fetching 59.700 ms
INFO: at 7600.901 ms batch [60.150] delay 6.586 ms
INFO: at 7600.901 ms fetching 60.150 ms
INFO: at 7607.489 ms batch [21.603] delay 6.586 ms
INFO: at 7607.489 ms fetching 21.603 ms
INFO: at 7614.077 ms batch [59.648] delay 6.586 ms
INFO: at 7614.077 ms fetching 59.648 ms
INFO: at 7620.664 ms batch [60.166] delay 6.586 ms
INFO: at 7620.664 ms fetching 60.166 ms
INFO: at 7627.252 ms batch [22.796] delay 6.586 ms
INFO: at 7627.252 ms fetching 22.796 ms
INFO: at 7633.840 ms batch [22.548] delay 6.586 ms
INFO: at 7633.840 ms fetching 22.548 ms
INFO: at 7640.428 ms batch [57.210] delay 6.586 ms
INFO: at 7640.428 ms fetching 57.210 ms
INFO: at 7647.016 ms batch [22.318] delay 17.363 ms
INFO: at 7647.016 ms fetching 22.318 ms
WARNING: bookkeeping for too long: -7.87425089016142ms
INFO: at 7672.270 ms batch [22.793] delay 17.363 ms
INFO: at 7672.270 ms fetching 22.793 ms
INFO: at 7689.637 ms batch [57.716] delay 17.363 ms
INFO: at 7689.637 ms fetching 57.716 ms
INFO: at 7707.004 ms batch [53.115] delay 17.363 ms
INFO: at 7707.004 ms fetching 53.115 ms
INFO: at 7724.370 ms batch [56.480] delay 17.363 ms
INFO: at 7724.370 ms fetching 56.480 ms
INFO: at 7741.735 ms batch [60.069] delay 17.363 ms
INFO: at 7741.735 ms fetching 60.069 ms
INFO: at 7759.102 ms batch [61.000] delay 17.363 ms
INFO: at 7759.102 ms fetching 61.000 ms
INFO: at 7776.467 ms batch [22.585] delay 17.363 ms
INFO: at 7776.467 ms fetching 22.585 ms
INFO: at 7793.833 ms batch [23.305] delay 17.363 ms
INFO: at 7793.833 ms fetching 23.305 ms
INFO: at 7811.198 ms batch [22.522] delay 17.363 ms
INFO: at 7811.198 ms fetching 22.522 ms
INFO: at 7828.566 ms batch [22.456] delay 17.363 ms
INFO: at 7828.566 ms fetching 22.456 ms
INFO: at 7845.932 ms batch [56.728] delay 19.099 ms
INFO: at 7845.932 ms fetching 56.728 ms
INFO: at 7865.034 ms batch [23.341] delay 19.099 ms
INFO: at 7865.034 ms fetching 23.341 ms
INFO: at 7884.138 ms batch [22.277] delay 19.099 ms
INFO: at 7884.138 ms fetching 22.277 ms
INFO: at 7903.240 ms batch [60.514] delay 19.099 ms
INFO: at 7903.240 ms fetching 60.514 ms
INFO: at 7922.343 ms batch [22.990] delay 19.099 ms
INFO: at 7922.343 ms fetching 22.990 ms
INFO: at 7941.445 ms batch [56.931] delay 19.099 ms
INFO: at 7941.445 ms fetching 56.931 ms
INFO: at 7960.548 ms batch [54.507] delay 19.099 ms
INFO: at 7960.548 ms fetching 54.507 ms
INFO: at 7979.652 ms batch [55.979] delay 19.099 ms
INFO: at 7979.652 ms fetching 55.979 ms
INFO: at 7998.763 ms batch [22.975] delay 19.099 ms
INFO: at 7998.763 ms fetching 22.975 ms
INFO: at 8017.866 ms batch [60.864] delay 19.099 ms
INFO: at 8017.866 ms fetching 60.864 ms
INFO: at 8036.968 ms batch [57.849] delay 23.874 ms
INFO: at 8036.968 ms fetching 57.849 ms
INFO: at 8060.846 ms batch [56.370] delay 23.874 ms
INFO: at 8060.846 ms fetching 56.370 ms
INFO: at 8084.725 ms batch [62.682] delay 23.874 ms
INFO: at 8084.725 ms fetching 62.682 ms
INFO: at 8108.604 ms batch [22.821] delay 23.874 ms
INFO: at 8108.604 ms fetching 22.821 ms
INFO: at 8132.480 ms batch [22.238] delay 23.874 ms
INFO: at 8132.480 ms fetching 22.238 ms
INFO: at 8156.359 ms batch [22.659] delay 23.874 ms
INFO: at 8156.359 ms fetching 22.659 ms
INFO: at 8180.236 ms batch [22.113] delay 23.874 ms
INFO: at 8180.236 ms fetching 22.113 ms
INFO: at 8204.115 ms batch [58.567] delay 23.874 ms
INFO: at 8204.115 ms fetching 58.567 ms
INFO: at 8227.993 ms batch [56.698] delay 12.733 ms
INFO: at 8227.993 ms fetching 56.698 ms
INFO: at 8240.728 ms batch [57.955] delay 12.733 ms
INFO: at 8240.728 ms fetching 57.955 ms
INFO: at 8253.464 ms batch [62.966] delay 12.733 ms
INFO: at 8253.464 ms fetching 62.966 ms
INFO: at 8266.199 ms batch [56.918] delay 12.733 ms
INFO: at 8266.199 ms fetching 56.918 ms
INFO: at 8278.935 ms batch [22.152] delay 12.733 ms
INFO: at 8278.935 ms fetching 22.152 ms
INFO: at 8291.670 ms batch [23.010] delay 12.733 ms
INFO: at 8291.670 ms fetching 23.010 ms
INFO: at 8304.406 ms batch [22.293] delay 12.733 ms
INFO: at 8304.406 ms fetching 22.293 ms
INFO: at 8317.142 ms batch [22.815] delay 12.733 ms
INFO: at 8317.142 ms fetching 22.815 ms
INFO: at 8329.877 ms batch [23.027] delay 12.733 ms
INFO: at 8329.877 ms fetching 23.027 ms
INFO: at 8342.613 ms batch [22.434] delay 12.733 ms
INFO: at 8342.613 ms fetching 22.434 ms
INFO: at 8355.348 ms batch [23.319] delay 12.733 ms
INFO: at 8355.348 ms fetching 23.319 ms
INFO: at 8368.084 ms batch [59.853] delay 12.733 ms
INFO: at 8368.084 ms fetching 59.853 ms
INFO: at 8380.820 ms batch [22.252] delay 12.733 ms
INFO: at 8380.820 ms fetching 22.252 ms
INFO: at 8393.559 ms batch [22.587] delay 12.733 ms
INFO: at 8393.559 ms fetching 22.587 ms
INFO: at 8406.295 ms batch [59.089] delay 12.733 ms
INFO: at 8406.295 ms fetching 59.089 ms
INFO: at 8419.030 ms batch [59.045] delay 17.363 ms
INFO: at 8419.030 ms fetching 59.045 ms
INFO: at 8436.396 ms batch [56.807] delay 17.363 ms
INFO: at 8436.396 ms fetching 56.807 ms
INFO: at 8453.766 ms batch [21.929] delay 17.363 ms
INFO: at 8453.766 ms fetching 21.929 ms
INFO: at 8471.131 ms batch [59.959] delay 17.363 ms
INFO: at 8471.131 ms fetching 59.959 ms
INFO: at 8488.498 ms batch [22.833] delay 17.363 ms
INFO: at 8488.498 ms fetching 22.833 ms
INFO: at 8505.864 ms batch [58.222] delay 17.363 ms
INFO: at 8505.864 ms fetching 58.222 ms
INFO: at 8523.230 ms batch [22.765] delay 17.363 ms
INFO: at 8523.230 ms fetching 22.765 ms
INFO: at 8540.596 ms batch [66.534] delay 17.363 ms
INFO: at 8540.596 ms fetching 66.534 ms
INFO: at 8557.962 ms batch [23.013] delay 17.363 ms
INFO: at 8557.962 ms fetching 23.013 ms
INFO: at 8575.328 ms batch [58.232] delay 17.363 ms
INFO: at 8575.328 ms fetching 58.232 ms
INFO: at 8592.694 ms batch [60.049] delay 17.363 ms
INFO: at 8592.694 ms fetching 60.049 ms
INFO: at 8610.059 ms batch [21.988] delay 17.363 ms
INFO: at 8610.059 ms fetching 21.988 ms
INFO: at 8627.426 ms batch [57.146] delay 17.363 ms
INFO: at 8627.426 ms fetching 57.146 ms
INFO: at 8644.793 ms batch [21.940] delay 17.363 ms
INFO: at 8644.793 ms fetching 21.940 ms
INFO: at 8662.159 ms batch [57.231] delay 17.363 ms
INFO: at 8662.159 ms fetching 57.231 ms
INFO: at 8679.527 ms batch [22.878] delay 17.363 ms
INFO: at 8679.527 ms fetching 22.878 ms
INFO: at 8696.893 ms batch [21.511] delay 17.363 ms
INFO: at 8696.893 ms fetching 21.511 ms
INFO: at 8714.259 ms batch [60.652] delay 17.363 ms
INFO: at 8714.259 ms fetching 60.652 ms
INFO: at 8731.626 ms batch [23.033] delay 17.363 ms
INFO: at 8731.626 ms fetching 23.033 ms
INFO: at 8748.991 ms batch [59.366] delay 17.363 ms
INFO: at 8748.991 ms fetching 59.366 ms
INFO: at 8766.358 ms batch [59.897] delay 17.363 ms
INFO: at 8766.358 ms fetching 59.897 ms
INFO: at 8783.724 ms batch [22.193] delay 17.363 ms
INFO: at 8783.724 ms fetching 22.193 ms
INFO: at 8801.091 ms batch [23.240] delay 21.222 ms
INFO: at 8801.091 ms fetching 23.240 ms
INFO: at 8822.316 ms batch [22.474] delay 21.222 ms
INFO: at 8822.316 ms fetching 22.474 ms
INFO: at 8843.542 ms batch [22.728] delay 21.222 ms
INFO: at 8843.542 ms fetching 22.728 ms
INFO: at 8864.772 ms batch [22.762] delay 21.222 ms
INFO: at 8864.772 ms fetching 22.762 ms
INFO: at 8885.997 ms batch [55.346] delay 21.222 ms
INFO: at 8885.997 ms fetching 55.346 ms
INFO: at 8907.221 ms batch [57.976] delay 21.222 ms
INFO: at 8907.221 ms fetching 57.976 ms
INFO: at 8928.447 ms batch [23.131] delay 21.222 ms
INFO: at 8928.447 ms fetching 23.131 ms
INFO: at 8949.672 ms batch [22.129] delay 21.222 ms
INFO: at 8949.672 ms fetching 22.129 ms
INFO: at 8970.897 ms batch [22.399] delay 21.222 ms
INFO: at 8970.897 ms fetching 22.399 ms
INFO: at 8992.122 ms batch [58.634] delay 21.222 ms
INFO: at 8992.122 ms fetching 58.634 ms
INFO: at 9013.348 ms batch [23.067] delay 21.222 ms
INFO: at 9013.348 ms fetching 23.067 ms
INFO: at 9034.573 ms batch [22.993] delay 21.222 ms
INFO: at 9034.573 ms fetching 22.993 ms
INFO: at 9055.798 ms batch [56.178] delay 21.222 ms
INFO: at 9055.798 ms fetching 56.178 ms
INFO: at 9077.023 ms batch [57.986] delay 21.222 ms
INFO: at 9077.023 ms fetching 57.986 ms
INFO: at 9098.248 ms batch [22.830] delay 21.222 ms
INFO: at 9098.248 ms fetching 22.830 ms
INFO: at 9119.472 ms batch [22.462] delay 21.222 ms
INFO: at 9119.472 ms fetching 22.462 ms
INFO: at 9140.697 ms batch [59.012] delay 21.222 ms
INFO: at 9140.697 ms fetching 59.012 ms
INFO: at 9161.922 ms batch [57.966] delay 21.222 ms
INFO: at 9161.922 ms fetching 57.966 ms
INFO: at 9183.148 ms batch [56.456] delay 15.916 ms
INFO: at 9183.148 ms fetching 56.456 ms
INFO: at 9199.068 ms batch [60.942] delay 15.916 ms
INFO: at 9199.068 ms fetching 60.942 ms
INFO: at 9214.986 ms batch [58.750] delay 15.916 ms
INFO: at 9214.986 ms fetching 58.750 ms
INFO: at 9230.906 ms batch [22.384] delay 15.916 ms
INFO: at 9230.906 ms fetching 22.384 ms
INFO: at 9246.825 ms batch [57.443] delay 15.916 ms
INFO: at 9246.825 ms fetching 57.443 ms
INFO: at 9262.744 ms batch [55.394] delay 15.916 ms
INFO: at 9262.744 ms fetching 55.394 ms
INFO: at 9278.663 ms batch [22.707] delay 15.916 ms
INFO: at 9278.663 ms fetching 22.707 ms
INFO: at 9294.582 ms batch [22.512] delay 15.916 ms
INFO: at 9294.582 ms fetching 22.512 ms
INFO: at 9310.500 ms batch [22.597] delay 15.916 ms
INFO: at 9310.500 ms fetching 22.597 ms
INFO: at 9326.421 ms batch [58.624] delay 15.916 ms
INFO: at 9326.421 ms fetching 58.624 ms
INFO: at 9342.340 ms batch [21.923] delay 15.916 ms
INFO: at 9342.340 ms fetching 21.923 ms
INFO: at 9358.260 ms batch [22.730] delay 15.916 ms
INFO: at 9358.260 ms fetching 22.730 ms
INFO: at 9374.178 ms batch [58.468] delay 21.222 ms
INFO: at 9374.178 ms fetching 58.468 ms
INFO: at 9395.402 ms batch [22.629] delay 21.222 ms
INFO: at 9395.402 ms fetching 22.629 ms
INFO: at 9416.627 ms batch [23.499] delay 21.222 ms
INFO: at 9416.627 ms fetching 23.499 ms
INFO: at 9437.853 ms batch [23.192] delay 21.222 ms
INFO: at 9437.853 ms fetching 23.192 ms
INFO: at 9459.078 ms batch [23.075] delay 21.222 ms
INFO: at 9459.078 ms fetching 23.075 ms
INFO: at 9480.302 ms batch [59.987] delay 21.222 ms
INFO: at 9480.302 ms fetching 59.987 ms
INFO: at 9501.527 ms batch [56.525] delay 21.222 ms
INFO: at 9501.527 ms fetching 56.525 ms
INFO: at 9522.752 ms batch [22.538] delay 21.222 ms
INFO: at 9522.752 ms fetching 22.538 ms
INFO: at 9543.977 ms batch [62.116] delay 21.222 ms
INFO: at 9543.977 ms fetching 62.116 ms
INFO: at 9565.201 ms batch [22.709] delay 19.099 ms
INFO: at 9565.201 ms fetching 22.709 ms
INFO: at 9584.304 ms batch [22.550] delay 19.099 ms
INFO: at 9584.304 ms fetching 22.550 ms
INFO: at 9603.407 ms batch [22.715] delay 19.099 ms
INFO: at 9603.407 ms fetching 22.715 ms
INFO: at 9622.509 ms batch [22.946] delay 19.099 ms
INFO: at 9622.509 ms fetching 22.946 ms
INFO: at 9641.616 ms batch [23.461] delay 19.099 ms
INFO: at 9641.616 ms fetching 23.461 ms
INFO: at 9660.757 ms batch [21.793] delay 19.099 ms
INFO: at 9660.757 ms fetching 21.793 ms
INFO: at 9679.859 ms batch [22.386] delay 19.099 ms
INFO: at 9679.859 ms fetching 22.386 ms
INFO: at 9698.962 ms batch [59.158] delay 19.099 ms
INFO: at 9698.962 ms fetching 59.158 ms
INFO: at 9718.066 ms batch [58.760] delay 19.099 ms
INFO: at 9718.066 ms fetching 58.760 ms
INFO: at 9737.168 ms batch [61.284] delay 19.099 ms
INFO: at 9737.168 ms fetching 61.284 ms
INFO: at 9756.270 ms batch [52.319] delay 14.692 ms
INFO: at 9756.270 ms fetching 52.319 ms
INFO: at 9770.967 ms batch [55.585] delay 14.692 ms
INFO: at 9770.967 ms fetching 55.585 ms
INFO: at 9785.661 ms batch [57.827] delay 14.692 ms
INFO: at 9785.661 ms fetching 57.827 ms
INFO: at 9800.356 ms batch [58.086] delay 14.692 ms
INFO: at 9800.356 ms fetching 58.086 ms
INFO: at 9815.055 ms batch [58.656] delay 14.692 ms
INFO: at 9815.055 ms fetching 58.656 ms
INFO: at 9829.749 ms batch [21.764] delay 14.692 ms
INFO: at 9829.749 ms fetching 21.764 ms
INFO: at 9844.444 ms batch [22.775] delay 14.692 ms
INFO: at 9844.444 ms fetching 22.775 ms
INFO: at 9859.140 ms batch [59.248] delay 14.692 ms
INFO: at 9859.140 ms fetching 59.248 ms
INFO: at 9873.834 ms batch [56.468] delay 14.692 ms
INFO: at 9873.834 ms fetching 56.468 ms
INFO: at 9888.529 ms batch [55.538] delay 14.692 ms
INFO: at 9888.529 ms fetching 55.538 ms
INFO: at 9903.225 ms batch [61.923] delay 14.692 ms
INFO: at 9903.225 ms fetching 61.923 ms
INFO: at 9917.920 ms batch [22.885] delay 14.692 ms
INFO: at 9917.920 ms fetching 22.885 ms
INFO: at 9932.615 ms batch [22.555] delay 14.692 ms
INFO: at 9932.615 ms fetching 22.555 ms
INFO: at 9947.310 ms batch [55.417] delay 23.874 ms
INFO: at 9947.310 ms fetching 55.417 ms
INFO: at 9971.188 ms batch [23.113] delay 23.874 ms
INFO: at 9971.188 ms fetching 23.113 ms
INFO: at 9995.066 ms batch [22.295] delay 23.874 ms
INFO: at 9995.066 ms fetching 22.295 ms
INFO: at 10018.943 ms batch [21.782] delay 23.874 ms
INFO: at 10018.943 ms fetching 21.782 ms
INFO: at 10042.821 ms batch [60.626] delay 23.874 ms
INFO: at 10042.821 ms fetching 60.626 ms
INFO: at 10066.699 ms batch [22.498] delay 23.874 ms
INFO: at 10066.699 ms fetching 22.498 ms
INFO: at 10090.578 ms batch [55.835] delay 23.874 ms
INFO: at 10090.578 ms fetching 55.835 ms
INFO: at 10114.455 ms batch [23.368] delay 23.874 ms
INFO: at 10114.455 ms fetching 23.368 ms
INFO: at 10138.334 ms batch [22.242] delay 19.099 ms
INFO: at 10138.334 ms fetching 22.242 ms
INFO: at 10157.437 ms batch [53.910] delay 19.099 ms
INFO: at 10157.437 ms fetching 53.910 ms
INFO: at 10176.540 ms batch [56.427] delay 19.099 ms
INFO: at 10176.540 ms fetching 56.427 ms
INFO: at 10195.642 ms batch [22.681] delay 19.099 ms
INFO: at 10195.642 ms fetching 22.681 ms
INFO: at 10214.745 ms batch [61.321] delay 19.099 ms
INFO: at 10214.745 ms fetching 61.321 ms
INFO: at 10233.848 ms batch [55.792] delay 19.099 ms
INFO: at 10233.848 ms fetching 55.792 ms
INFO: at 10252.951 ms batch [56.160] delay 19.099 ms
INFO: at 10252.951 ms fetching 56.160 ms
INFO: at 10272.053 ms batch [58.259] delay 19.099 ms
INFO: at 10272.053 ms fetching 58.259 ms
INFO: at 10291.156 ms batch [22.723] delay 19.099 ms
INFO: at 10291.156 ms fetching 22.723 ms
INFO: at 10310.258 ms batch [22.287] delay 19.099 ms
INFO: at 10310.258 ms fetching 22.287 ms
INFO: at 10329.362 ms batch [61.804] delay 27.285 ms
INFO: at 10329.362 ms fetching 61.804 ms
INFO: at 10356.650 ms batch [55.371] delay 27.285 ms
INFO: at 10356.650 ms fetching 55.371 ms
INFO: at 10383.939 ms batch [61.125] delay 27.285 ms
INFO: at 10383.939 ms fetching 61.125 ms
INFO: at 10411.227 ms batch [57.628] delay 27.285 ms
INFO: at 10411.227 ms fetching 57.628 ms
INFO: at 10438.516 ms batch [22.543] delay 27.285 ms
INFO: at 10438.516 ms fetching 22.543 ms
INFO: at 10465.804 ms batch [22.394] delay 27.285 ms
INFO: at 10465.804 ms fetching 22.394 ms
INFO: at 10493.093 ms batch [56.616] delay 27.285 ms
INFO: at 10493.093 ms fetching 56.616 ms
INFO: at 10520.380 ms batch [22.183] delay 19.099 ms
INFO: at 10520.380 ms fetching 22.183 ms
INFO: at 10539.483 ms batch [54.745] delay 19.099 ms
INFO: at 10539.483 ms fetching 54.745 ms
INFO: at 10558.586 ms batch [59.675] delay 19.099 ms
INFO: at 10558.586 ms fetching 59.675 ms
INFO: at 10577.688 ms batch [55.746] delay 19.099 ms
INFO: at 10577.688 ms fetching 55.746 ms
INFO: at 10596.792 ms batch [57.355] delay 19.099 ms
INFO: at 10596.792 ms fetching 57.355 ms
INFO: at 10615.894 ms batch [57.273] delay 19.099 ms
INFO: at 10615.894 ms fetching 57.273 ms
INFO: at 10634.998 ms batch [22.684] delay 19.099 ms
INFO: at 10634.998 ms fetching 22.684 ms
INFO: at 10654.100 ms batch [55.490] delay 19.099 ms
INFO: at 10654.100 ms fetching 55.490 ms
INFO: at 10673.203 ms batch [23.235] delay 19.099 ms
INFO: at 10673.203 ms fetching 23.235 ms
INFO: at 10692.306 ms batch [55.770] delay 19.099 ms
INFO: at 10692.306 ms fetching 55.770 ms
INFO: at 10711.408 ms batch [57.688] delay 23.874 ms
INFO: at 10711.408 ms fetching 57.688 ms
INFO: at 10735.286 ms batch [21.858] delay 23.874 ms
INFO: at 10735.286 ms fetching 21.858 ms
INFO: at 10759.164 ms batch [61.435] delay 23.874 ms
INFO: at 10759.164 ms fetching 61.435 ms
INFO: at 10783.042 ms batch [59.204] delay 23.874 ms
INFO: at 10783.042 ms fetching 59.204 ms
INFO: at 10806.920 ms batch [57.177] delay 23.874 ms
INFO: at 10806.920 ms fetching 57.177 ms
INFO: at 10830.799 ms batch [62.186] delay 23.874 ms
INFO: at 10830.799 ms fetching 62.186 ms
INFO: at 10854.685 ms batch [57.007] delay 23.874 ms
INFO: at 10854.685 ms fetching 57.007 ms
INFO: at 10878.563 ms batch [22.335] delay 23.874 ms
INFO: at 10878.563 ms fetching 22.335 ms
INFO: at 10902.441 ms batch [59.380] delay 17.363 ms
INFO: at 10902.441 ms fetching 59.380 ms
INFO: at 10919.813 ms batch [54.453] delay 17.363 ms
INFO: at 10919.813 ms fetching 54.453 ms
INFO: at 10937.178 ms batch [21.953] delay 17.363 ms
INFO: at 10937.178 ms fetching 21.953 ms
INFO: at 10954.545 ms batch [57.243] delay 17.363 ms
INFO: at 10954.545 ms fetching 57.243 ms
INFO: at 10971.912 ms batch [22.962] delay 17.363 ms
INFO: at 10971.912 ms fetching 22.962 ms
INFO: at 10989.277 ms batch [58.586] delay 17.363 ms
INFO: at 10989.277 ms fetching 58.586 ms
INFO: at 11006.643 ms batch [58.522] delay 17.363 ms
INFO: at 11006.643 ms fetching 58.522 ms
INFO: at 11024.009 ms batch [58.595] delay 17.363 ms
INFO: at 11024.009 ms fetching 58.595 ms
INFO: at 11041.376 ms batch [60.762] delay 17.363 ms
INFO: at 11041.376 ms fetching 60.762 ms
INFO: at 11058.742 ms batch [22.361] delay 17.363 ms
INFO: at 11058.742 ms fetching 22.361 ms
INFO: at 11076.109 ms batch [56.299] delay 17.363 ms
INFO: at 11076.109 ms fetching 56.299 ms
INFO: at 11093.476 ms batch [57.409] delay 19.099 ms
INFO: at 11093.476 ms fetching 57.409 ms
INFO: at 11112.579 ms batch [55.023] delay 19.099 ms
INFO: at 11112.579 ms fetching 55.023 ms
INFO: at 11131.682 ms batch [57.465] delay 19.099 ms
INFO: at 11131.682 ms fetching 57.465 ms
INFO: at 11150.785 ms batch [59.137] delay 19.099 ms
INFO: at 11150.785 ms fetching 59.137 ms
INFO: at 11169.889 ms batch [23.861] delay 19.099 ms
INFO: at 11169.889 ms fetching 23.861 ms
INFO: at 11188.993 ms batch [23.048] delay 19.099 ms
INFO: at 11188.993 ms fetching 23.048 ms
INFO: at 11208.098 ms batch [55.263] delay 19.099 ms
INFO: at 11208.098 ms fetching 55.263 ms
INFO: at 11227.201 ms batch [22.200] delay 19.099 ms
INFO: at 11227.201 ms fetching 22.200 ms
INFO: at 11246.304 ms batch [22.668] delay 19.099 ms
INFO: at 11246.304 ms fetching 22.668 ms
INFO: at 11265.408 ms batch [54.825] delay 19.099 ms
INFO: at 11265.408 ms fetching 54.825 ms
INFO: at 11284.512 ms batch [22.162] delay 21.222 ms
INFO: at 11284.512 ms fetching 22.162 ms
INFO: at 11305.738 ms batch [22.262] delay 21.222 ms
INFO: at 11305.738 ms fetching 22.262 ms
INFO: at 11326.963 ms batch [58.708] delay 21.222 ms
INFO: at 11326.963 ms fetching 58.708 ms
INFO: at 11348.189 ms batch [21.872] delay 21.222 ms
INFO: at 11348.189 ms fetching 21.872 ms
INFO: at 11369.414 ms batch [23.810] delay 21.222 ms
INFO: at 11369.414 ms fetching 23.810 ms
INFO: at 11390.638 ms batch [21.886] delay 21.222 ms
INFO: at 11390.638 ms fetching 21.886 ms
INFO: at 11411.863 ms batch [22.190] delay 21.222 ms
INFO: at 11411.863 ms fetching 22.190 ms
INFO: at 11433.089 ms batch [21.448] delay 21.222 ms
INFO: at 11433.089 ms fetching 21.448 ms
INFO: at 11454.314 ms batch [21.983] delay 21.222 ms
INFO: at 11454.314 ms fetching 21.983 ms
INFO: at 11475.539 ms batch [60.474] delay 19.099 ms
INFO: at 11475.539 ms fetching 60.474 ms
INFO: at 11494.641 ms batch [58.668] delay 19.099 ms
INFO: at 11494.641 ms fetching 58.668 ms
INFO: at 11513.743 ms batch [22.824] delay 19.099 ms
INFO: at 11513.743 ms fetching 22.824 ms
INFO: at 11532.845 ms batch [22.051] delay 19.099 ms
INFO: at 11532.845 ms fetching 22.051 ms
INFO: at 11551.948 ms batch [21.564] delay 19.099 ms
INFO: at 11551.948 ms fetching 21.564 ms
INFO: at 11571.051 ms batch [23.158] delay 19.099 ms
INFO: at 11571.051 ms fetching 23.158 ms
INFO: at 11590.153 ms batch [21.537] delay 19.099 ms
INFO: at 11590.153 ms fetching 21.537 ms
INFO: at 11609.255 ms batch [22.996] delay 19.099 ms
INFO: at 11609.255 ms fetching 22.996 ms
INFO: at 11628.358 ms batch [22.651] delay 19.099 ms
INFO: at 11628.358 ms fetching 22.651 ms
INFO: at 11647.461 ms batch [56.055] delay 19.099 ms
INFO: at 11647.461 ms fetching 56.055 ms
INFO: at 11666.563 ms batch [60.307] delay 19.099 ms
INFO: at 11666.563 ms fetching 60.307 ms
INFO: at 11685.667 ms batch [22.606] delay 19.099 ms
INFO: at 11685.667 ms fetching 22.606 ms
INFO: at 11704.769 ms batch [23.408] delay 19.099 ms
INFO: at 11704.769 ms fetching 23.408 ms
INFO: at 11723.873 ms batch [53.286] delay 19.099 ms
INFO: at 11723.873 ms fetching 53.286 ms
INFO: at 11742.976 ms batch [23.182] delay 19.099 ms
INFO: at 11742.976 ms fetching 23.182 ms
INFO: at 11762.078 ms batch [59.687] delay 19.099 ms
INFO: at 11762.078 ms fetching 59.687 ms
INFO: at 11781.180 ms batch [21.843] delay 19.099 ms
INFO: at 11781.180 ms fetching 21.843 ms
INFO: at 11800.284 ms batch [57.918] delay 19.099 ms
INFO: at 11800.284 ms fetching 57.918 ms
INFO: at 11819.391 ms batch [22.626] delay 19.099 ms
INFO: at 11819.391 ms fetching 22.626 ms
INFO: at 11838.494 ms batch [59.284] delay 19.099 ms
INFO: at 11838.494 ms fetching 59.284 ms
INFO: at 11857.597 ms batch [23.126] delay 23.874 ms
INFO: at 11857.597 ms fetching 23.126 ms
INFO: at 11881.475 ms batch [60.971] delay 23.874 ms
INFO: at 11881.475 ms fetching 60.971 ms
INFO: at 11905.353 ms batch [21.741] delay 23.874 ms
INFO: at 11905.353 ms fetching 21.741 ms
INFO: at 11929.230 ms batch [22.330] delay 23.874 ms
INFO: at 11929.230 ms fetching 22.330 ms
INFO: at 11953.108 ms batch [22.636] delay 23.874 ms
INFO: at 11953.108 ms fetching 22.636 ms
INFO: at 11976.986 ms batch [23.016] delay 23.874 ms
INFO: at 11976.986 ms fetching 23.016 ms
INFO: at 12000.863 ms batch [55.724] delay 23.874 ms
INFO: at 12000.863 ms fetching 55.724 ms
INFO: at 12024.741 ms batch [22.232] delay 23.874 ms
INFO: at 12024.741 ms fetching 22.232 ms
INFO: at 12048.619 ms batch [22.229] delay 21.222 ms
INFO: at 12048.619 ms fetching 22.229 ms
INFO: at 12069.844 ms batch [21.753] delay 21.222 ms
INFO: at 12069.844 ms fetching 21.753 ms
INFO: at 12091.069 ms batch [61.246] delay 21.222 ms
INFO: at 12091.069 ms fetching 61.246 ms
INFO: at 12112.293 ms batch [60.837] delay 21.222 ms
INFO: at 12112.293 ms fetching 60.837 ms
INFO: at 12133.520 ms batch [23.569] delay 21.222 ms
INFO: at 12133.520 ms fetching 23.569 ms
INFO: at 12154.744 ms batch [57.927] delay 21.222 ms
INFO: at 12154.744 ms fetching 57.927 ms
INFO: at 12175.973 ms batch [22.864] delay 21.222 ms
INFO: at 12175.973 ms fetching 22.864 ms
INFO: at 12197.197 ms batch [22.495] delay 21.222 ms
INFO: at 12197.197 ms fetching 22.495 ms
INFO: at 12218.422 ms batch [58.378] delay 21.222 ms
INFO: at 12218.422 ms fetching 58.378 ms
INFO: at 12239.647 ms batch [58.105] delay 27.285 ms
INFO: at 12239.647 ms fetching 58.105 ms
INFO: at 12266.936 ms batch [23.271] delay 27.285 ms
INFO: at 12266.936 ms fetching 23.271 ms
INFO: at 12294.225 ms batch [56.783] delay 27.285 ms
INFO: at 12294.225 ms fetching 56.783 ms
INFO: at 12321.513 ms batch [23.163] delay 27.285 ms
INFO: at 12321.513 ms fetching 23.163 ms
INFO: at 12348.802 ms batch [22.666] delay 27.285 ms
INFO: at 12348.802 ms fetching 22.666 ms
INFO: at 12376.090 ms batch [22.853] delay 27.285 ms
INFO: at 12376.090 ms fetching 22.853 ms
INFO: at 12403.379 ms batch [22.505] delay 27.285 ms
INFO: at 12403.379 ms fetching 22.505 ms
INFO: at 12430.668 ms batch [22.560] delay 21.222 ms
INFO: at 12430.668 ms fetching 22.560 ms
INFO: at 12451.892 ms batch [23.934] delay 21.222 ms
INFO: at 12451.892 ms fetching 23.934 ms
INFO: at 12473.117 ms batch [22.804] delay 21.222 ms
INFO: at 12473.117 ms fetching 22.804 ms
INFO: at 12494.342 ms batch [21.891] delay 21.222 ms
INFO: at 12494.342 ms fetching 21.891 ms
INFO: at 12515.567 ms batch [23.149] delay 21.222 ms
INFO: at 12515.567 ms fetching 23.149 ms
INFO: at 12536.793 ms batch [57.658] delay 21.222 ms
INFO: at 12536.793 ms fetching 57.658 ms
INFO: at 12558.018 ms batch [22.418] delay 21.222 ms
INFO: at 12558.018 ms fetching 22.418 ms
INFO: at 12579.243 ms batch [22.867] delay 21.222 ms
INFO: at 12579.243 ms fetching 22.867 ms
INFO: at 12600.468 ms batch [22.577] delay 21.222 ms
INFO: at 12600.468 ms fetching 22.577 ms
INFO: at 12621.693 ms batch [22.772] delay 15.916 ms
INFO: at 12621.693 ms fetching 22.772 ms
INFO: at 12637.613 ms batch [22.307] delay 15.916 ms
INFO: at 12637.613 ms fetching 22.307 ms
INFO: at 12653.531 ms batch [57.698] delay 15.916 ms
INFO: at 12653.531 ms fetching 57.698 ms
INFO: at 12669.451 ms batch [23.400] delay 15.916 ms
INFO: at 12669.451 ms fetching 23.400 ms
INFO: at 12685.370 ms batch [22.042] delay 15.916 ms
INFO: at 12685.370 ms fetching 22.042 ms
INFO: at 12701.289 ms batch [22.484] delay 15.916 ms
INFO: at 12701.289 ms fetching 22.484 ms
INFO: at 12717.208 ms batch [23.167] delay 15.916 ms
INFO: at 12717.208 ms fetching 23.167 ms
INFO: at 12733.127 ms batch [60.325] delay 15.916 ms
INFO: at 12733.127 ms fetching 60.325 ms
INFO: at 12749.046 ms batch [22.692] delay 15.916 ms
INFO: at 12749.046 ms fetching 22.692 ms
INFO: at 12764.966 ms batch [22.467] delay 15.916 ms
INFO: at 12764.966 ms fetching 22.467 ms
INFO: at 12780.884 ms batch [54.212] delay 15.916 ms
INFO: at 12780.884 ms fetching 54.212 ms
INFO: at 12796.803 ms batch [22.290] delay 15.916 ms
INFO: at 12796.803 ms fetching 22.290 ms
INFO: at 12812.722 ms batch [61.029] delay 17.363 ms
INFO: at 12812.722 ms fetching 61.029 ms
INFO: at 12830.089 ms batch [22.986] delay 17.363 ms
INFO: at 12830.089 ms fetching 22.986 ms
INFO: at 12847.454 ms batch [60.197] delay 17.363 ms
INFO: at 12847.454 ms fetching 60.197 ms
INFO: at 12864.827 ms batch [57.253] delay 17.363 ms
INFO: at 12864.827 ms fetching 57.253 ms
INFO: at 12882.194 ms batch [56.843] delay 17.363 ms
INFO: at 12882.194 ms fetching 56.843 ms
INFO: at 12899.560 ms batch [57.727] delay 17.363 ms
INFO: at 12899.560 ms fetching 57.727 ms
INFO: at 12916.928 ms batch [58.147] delay 17.363 ms
INFO: at 12916.928 ms fetching 58.147 ms
INFO: at 12934.293 ms batch [60.740] delay 17.363 ms
INFO: at 12934.293 ms fetching 60.740 ms
INFO: at 12951.660 ms batch [22.979] delay 17.363 ms
INFO: at 12951.660 ms fetching 22.979 ms
INFO: at 12969.027 ms batch [58.181] delay 17.363 ms
INFO: at 12969.027 ms fetching 58.181 ms
INFO: at 12986.393 ms batch [57.878] delay 17.363 ms
INFO: at 12986.393 ms fetching 57.878 ms
INFO: at 13003.761 ms batch [22.413] delay 15.916 ms
INFO: at 13003.761 ms fetching 22.413 ms
INFO: at 13019.679 ms batch [22.487] delay 15.916 ms
INFO: at 13019.679 ms fetching 22.487 ms
INFO: at 13035.599 ms batch [55.562] delay 15.916 ms
INFO: at 13035.599 ms fetching 55.562 ms
INFO: at 13051.520 ms batch [55.608] delay 15.916 ms
INFO: at 13051.520 ms fetching 55.608 ms
INFO: at 13067.439 ms batch [58.544] delay 15.916 ms
INFO: at 13067.439 ms fetching 58.544 ms
INFO: at 13083.359 ms batch [58.126] delay 15.916 ms
INFO: at 13083.359 ms fetching 58.126 ms
INFO: at 13099.278 ms batch [22.109] delay 15.916 ms
INFO: at 13099.278 ms fetching 22.109 ms
INFO: at 13115.198 ms batch [22.019] delay 15.916 ms
INFO: at 13115.198 ms fetching 22.019 ms
INFO: at 13131.117 ms batch [57.806] delay 15.916 ms
INFO: at 13131.117 ms fetching 57.806 ms
INFO: at 13147.037 ms batch [60.133] delay 15.916 ms
INFO: at 13147.037 ms fetching 60.133 ms
INFO: at 13162.955 ms batch [22.933] delay 15.916 ms
INFO: at 13162.955 ms fetching 22.933 ms
INFO: at 13178.875 ms batch [22.999] delay 15.916 ms
INFO: at 13178.875 ms fetching 22.999 ms
INFO: at 13194.794 ms batch [22.376] delay 15.916 ms
INFO: at 13194.794 ms fetching 22.376 ms
INFO: at 13210.713 ms batch [60.581] delay 15.916 ms
INFO: at 13210.713 ms fetching 60.581 ms
INFO: at 13226.632 ms batch [22.654] delay 15.916 ms
INFO: at 13226.632 ms fetching 22.654 ms
INFO: at 13242.552 ms batch [56.968] delay 15.916 ms
INFO: at 13242.552 ms fetching 56.968 ms
INFO: at 13258.471 ms batch [23.030] delay 15.916 ms
INFO: at 13258.471 ms fetching 23.030 ms
INFO: at 13274.392 ms batch [22.421] delay 15.916 ms
INFO: at 13274.392 ms fetching 22.421 ms
INFO: at 13290.310 ms batch [23.673] delay 15.916 ms
INFO: at 13290.310 ms fetching 23.673 ms
INFO: at 13306.231 ms batch [22.047] delay 15.916 ms
INFO: at 13306.231 ms fetching 22.047 ms
INFO: at 13322.150 ms batch [22.482] delay 15.916 ms
INFO: at 13322.150 ms fetching 22.482 ms
INFO: at 13338.075 ms batch [22.126] delay 15.916 ms
INFO: at 13338.075 ms fetching 22.126 ms
INFO: at 13353.994 ms batch [22.082] delay 15.916 ms
INFO: at 13353.994 ms fetching 22.082 ms
INFO: at 13369.914 ms batch [22.009] delay 15.916 ms
INFO: at 13369.914 ms fetching 22.009 ms
INFO: at 13385.834 ms batch [54.075] delay 12.733 ms
INFO: at 13385.834 ms fetching 54.075 ms
INFO: at 13398.569 ms batch [57.568] delay 12.733 ms
INFO: at 13398.569 ms fetching 57.568 ms
INFO: at 13411.306 ms batch [22.235] delay 12.733 ms
INFO: at 13411.306 ms fetching 22.235 ms
INFO: at 13424.042 ms batch [60.085] delay 12.733 ms
INFO: at 13424.042 ms fetching 60.085 ms
INFO: at 13436.779 ms batch [56.601] delay 12.733 ms
INFO: at 13436.779 ms fetching 56.601 ms
INFO: at 13449.515 ms batch [56.071] delay 12.733 ms
INFO: at 13449.515 ms fetching 56.071 ms
INFO: at 13462.252 ms batch [22.223] delay 12.733 ms
INFO: at 13462.252 ms fetching 22.223 ms
INFO: at 13474.988 ms batch [22.206] delay 12.733 ms
INFO: at 13474.988 ms fetching 22.206 ms
INFO: at 13487.723 ms batch [22.958] delay 12.733 ms
INFO: at 13487.723 ms fetching 22.958 ms
INFO: at 13500.459 ms batch [22.089] delay 12.733 ms
INFO: at 13500.459 ms fetching 22.089 ms
INFO: at 13513.196 ms batch [21.934] delay 12.733 ms
INFO: at 13513.196 ms fetching 21.934 ms
INFO: at 13525.932 ms batch [60.290] delay 12.733 ms
INFO: at 13525.932 ms fetching 60.290 ms
INFO: at 13538.668 ms batch [22.718] delay 12.733 ms
INFO: at 13538.668 ms fetching 22.718 ms
INFO: at 13551.404 ms batch [58.136] delay 12.733 ms
INFO: at 13551.404 ms fetching 58.136 ms
INFO: at 13564.142 ms batch [57.043] delay 12.733 ms
INFO: at 13564.142 ms fetching 57.043 ms
INFO: at 13576.879 ms batch [57.908] delay 23.874 ms
INFO: at 13576.879 ms fetching 57.908 ms
INFO: at 13600.758 ms batch [58.842] delay 23.874 ms
INFO: at 13600.758 ms fetching 58.842 ms
INFO: at 13624.637 ms batch [57.495] delay 23.874 ms
INFO: at 13624.637 ms fetching 57.495 ms
INFO: at 13648.523 ms batch [22.310] delay 23.874 ms
INFO: at 13648.523 ms fetching 22.310 ms
INFO: at 13672.402 ms batch [58.030] delay 23.874 ms
INFO: at 13672.402 ms fetching 58.030 ms
INFO: at 13696.281 ms batch [21.622] delay 23.874 ms
INFO: at 13696.281 ms fetching 21.622 ms
INFO: at 13720.159 ms batch [55.111] delay 23.874 ms
INFO: at 13720.159 ms fetching 55.111 ms
INFO: at 13744.038 ms batch [23.023] delay 23.874 ms
INFO: at 13744.038 ms fetching 23.023 ms
INFO: at 13767.916 ms batch [63.448] delay 19.099 ms
INFO: at 13767.916 ms fetching 63.448 ms
INFO: at 13787.021 ms batch [59.661] delay 19.099 ms
INFO: at 13787.021 ms fetching 59.661 ms
INFO: at 13806.125 ms batch [61.600] delay 19.099 ms
INFO: at 13806.125 ms fetching 61.600 ms
INFO: at 13825.228 ms batch [57.293] delay 19.099 ms
INFO: at 13825.228 ms fetching 57.293 ms
INFO: at 13844.332 ms batch [21.977] delay 19.099 ms
INFO: at 13844.332 ms fetching 21.977 ms
INFO: at 13863.436 ms batch [22.575] delay 19.099 ms
INFO: at 13863.436 ms fetching 22.575 ms
INFO: at 13882.540 ms batch [60.417] delay 19.099 ms
INFO: at 13882.540 ms fetching 60.417 ms
INFO: at 13901.644 ms batch [23.118] delay 19.099 ms
INFO: at 13901.644 ms fetching 23.118 ms
INFO: at 13920.748 ms batch [58.191] delay 19.099 ms
INFO: at 13920.748 ms fetching 58.191 ms
INFO: at 13939.851 ms batch [58.771] delay 19.099 ms
INFO: at 13939.851 ms fetching 58.771 ms
INFO: at 13958.955 ms batch [58.316] delay 21.222 ms
INFO: at 13958.955 ms fetching 58.316 ms
INFO: at 13980.182 ms batch [22.778] delay 21.222 ms
INFO: at 13980.182 ms fetching 22.778 ms
INFO: at 14001.408 ms batch [23.284] delay 21.222 ms
INFO: at 14001.408 ms fetching 23.284 ms
INFO: at 14022.634 ms batch [22.736] delay 21.222 ms
INFO: at 14022.634 ms fetching 22.736 ms
INFO: at 14043.861 ms batch [21.959] delay 21.222 ms
INFO: at 14043.861 ms fetching 21.959 ms
INFO: at 14065.086 ms batch [59.237] delay 21.222 ms
INFO: at 14065.086 ms fetching 59.237 ms
INFO: at 14086.312 ms batch [22.912] delay 21.222 ms
INFO: at 14086.312 ms fetching 22.912 ms
INFO: at 14107.537 ms batch [23.297] delay 21.222 ms
INFO: at 14107.537 ms fetching 23.297 ms
INFO: at 14128.763 ms batch [24.027] delay 21.222 ms
INFO: at 14128.763 ms fetching 24.027 ms
INFO: at 14149.988 ms batch [22.572] delay 15.916 ms
INFO: at 14149.988 ms fetching 22.572 ms
INFO: at 14165.908 ms batch [59.973] delay 15.916 ms
INFO: at 14165.908 ms fetching 59.973 ms
INFO: at 14181.829 ms batch [23.588] delay 15.916 ms
INFO: at 14181.829 ms fetching 23.588 ms
INFO: at 14197.749 ms batch [22.855] delay 15.916 ms
INFO: at 14197.749 ms fetching 22.855 ms
INFO: at 14213.670 ms batch [22.321] delay 15.916 ms
INFO: at 14213.670 ms fetching 22.321 ms
INFO: at 14229.590 ms batch [56.684] delay 15.916 ms
INFO: at 14229.590 ms fetching 56.684 ms
INFO: at 14245.510 ms batch [58.268] delay 15.916 ms
INFO: at 14245.510 ms fetching 58.268 ms
INFO: at 14261.430 ms batch [22.060] delay 15.916 ms
INFO: at 14261.430 ms fetching 22.060 ms
INFO: at 14277.351 ms batch [22.705] delay 15.916 ms
INFO: at 14277.351 ms fetching 22.705 ms
INFO: at 14293.271 ms batch [21.287] delay 15.916 ms
INFO: at 14293.271 ms fetching 21.287 ms
INFO: at 14309.191 ms batch [22.759] delay 15.916 ms
INFO: at 14309.191 ms fetching 22.759 ms
INFO: at 14325.111 ms batch [54.939] delay 15.916 ms
INFO: at 14325.111 ms fetching 54.939 ms
INFO: at 14341.033 ms batch [21.897] delay 9.550 ms
INFO: at 14341.033 ms fetching 21.897 ms
INFO: at 14350.585 ms batch [23.219] delay 9.550 ms
INFO: at 14350.585 ms fetching 23.219 ms
INFO: at 14360.138 ms batch [22.676] delay 9.550 ms
INFO: at 14360.138 ms fetching 22.676 ms
INFO: at 14369.691 ms batch [22.364] delay 9.550 ms
INFO: at 14369.691 ms fetching 22.364 ms
INFO: at 14379.244 ms batch [21.994] delay 9.550 ms
INFO: at 14379.244 ms fetching 21.994 ms
INFO: at 14388.797 ms batch [58.728] delay 9.550 ms
INFO: at 14388.797 ms fetching 58.728 ms
INFO: at 14398.357 ms batch [22.616] delay 9.550 ms
INFO: at 14398.357 ms fetching 22.616 ms
INFO: at 14407.909 ms batch [22.697] delay 9.550 ms
INFO: at 14407.909 ms fetching 22.697 ms
INFO: at 14417.462 ms batch [22.930] delay 9.550 ms
INFO: at 14417.462 ms fetching 22.930 ms
INFO: at 14427.015 ms batch [22.712] delay 9.550 ms
INFO: at 14427.015 ms fetching 22.712 ms
INFO: at 14436.568 ms batch [56.646] delay 9.550 ms
INFO: at 14436.568 ms fetching 56.646 ms
INFO: at 14446.121 ms batch [23.391] delay 9.550 ms
INFO: at 14446.121 ms fetching 23.391 ms
INFO: at 14455.675 ms batch [21.821] delay 9.550 ms
INFO: at 14455.675 ms fetching 21.821 ms
INFO: at 14465.227 ms batch [22.720] delay 9.550 ms
INFO: at 14465.227 ms fetching 22.720 ms
INFO: at 14474.788 ms batch [22.259] delay 9.550 ms
INFO: at 14474.788 ms fetching 22.259 ms
INFO: at 14484.341 ms batch [57.707] delay 9.550 ms
INFO: at 14484.341 ms fetching 57.707 ms
INFO: at 14493.893 ms batch [58.698] delay 9.550 ms
INFO: at 14493.893 ms fetching 58.698 ms
INFO: at 14503.447 ms batch [57.996] delay 9.550 ms
INFO: at 14503.447 ms fetching 57.996 ms
INFO: at 14512.999 ms batch [58.605] delay 9.550 ms
INFO: at 14512.999 ms fetching 58.605 ms
INFO: at 14522.552 ms batch [22.644] delay 9.550 ms
INFO: at 14522.552 ms fetching 22.644 ms
INFO: at 14532.104 ms batch [59.101] delay 17.363 ms
INFO: at 14532.104 ms fetching 59.101 ms
INFO: at 14549.471 ms batch [54.337] delay 17.363 ms
INFO: at 14549.471 ms fetching 54.337 ms
INFO: at 14566.836 ms batch [22.389] delay 17.363 ms
INFO: at 14566.836 ms fetching 22.389 ms
INFO: at 14584.203 ms batch [59.169] delay 17.363 ms
INFO: at 14584.203 ms fetching 59.169 ms
INFO: at 14601.569 ms batch [22.813] delay 17.363 ms
INFO: at 14601.569 ms fetching 22.813 ms
INFO: at 14618.936 ms batch [59.078] delay 17.363 ms
INFO: at 14618.936 ms fetching 59.078 ms
INFO: at 14636.304 ms batch [56.869] delay 17.363 ms
INFO: at 14636.304 ms fetching 56.869 ms
INFO: at 14653.670 ms batch [22.086] delay 17.363 ms
INFO: at 14653.670 ms fetching 22.086 ms
INFO: at 14671.036 ms batch [61.064] delay 17.363 ms
INFO: at 14671.036 ms fetching 61.064 ms
INFO: at 14688.403 ms batch [22.402] delay 17.363 ms
INFO: at 14688.403 ms fetching 22.402 ms
INFO: at 14705.769 ms batch [57.135] delay 17.363 ms
INFO: at 14705.769 ms fetching 57.135 ms
INFO: at 14723.136 ms batch [57.867] delay 23.874 ms
INFO: at 14723.136 ms fetching 57.867 ms
INFO: at 14747.014 ms batch [55.886] delay 23.874 ms
INFO: at 14747.014 ms fetching 55.886 ms
INFO: at 14770.892 ms batch [22.525] delay 23.874 ms
INFO: at 14770.892 ms fetching 22.525 ms
INFO: at 14794.772 ms batch [56.105] delay 23.874 ms
INFO: at 14794.772 ms fetching 56.105 ms
INFO: at 14818.651 ms batch [57.748] delay 23.874 ms
INFO: at 14818.651 ms fetching 57.748 ms
INFO: at 14842.529 ms batch [58.957] delay 23.874 ms
INFO: at 14842.529 ms fetching 58.957 ms
INFO: at 14866.408 ms batch [56.565] delay 23.874 ms
INFO: at 14866.408 ms fetching 56.565 ms
INFO: at 14890.286 ms batch [22.159] delay 23.874 ms
INFO: at 14890.286 ms fetching 22.159 ms
INFO: at 14914.165 ms batch [22.671] delay 23.874 ms
INFO: at 14914.165 ms fetching 22.671 ms
INFO: at 14938.044 ms batch [22.271] delay 23.874 ms
INFO: at 14938.044 ms fetching 22.271 ms
INFO: at 14961.922 ms batch [22.936] delay 23.874 ms
INFO: at 14961.922 ms fetching 22.936 ms
INFO: at 14985.801 ms batch [55.700] delay 23.874 ms
INFO: at 14985.801 ms fetching 55.700 ms
INFO: at 15009.680 ms batch [22.355] delay 23.874 ms
INFO: at 15009.680 ms fetching 22.355 ms
INFO: at 15033.559 ms batch [57.304] delay 23.874 ms
INFO: at 15033.559 ms fetching 57.304 ms
INFO: at 15057.438 ms batch [57.816] delay 23.874 ms
INFO: at 15057.438 ms fetching 57.816 ms
INFO: at 15081.317 ms batch [56.630] delay 23.874 ms
INFO: at 15081.317 ms fetching 56.630 ms
INFO: at 15105.196 ms batch [57.507] delay 17.363 ms
INFO: at 15105.196 ms fetching 57.507 ms
INFO: at 15122.563 ms batch [59.868] delay 17.363 ms
INFO: at 15122.563 ms fetching 59.868 ms
INFO: at 15139.930 ms batch [22.186] delay 17.363 ms
INFO: at 15139.930 ms fetching 22.186 ms
INFO: at 15157.297 ms batch [22.102] delay 17.363 ms
INFO: at 15157.297 ms fetching 22.102 ms
INFO: at 15174.664 ms batch [22.791] delay 17.363 ms
INFO: at 15174.664 ms fetching 22.791 ms
INFO: at 15192.030 ms batch [56.831] delay 17.363 ms
INFO: at 15192.030 ms fetching 56.831 ms
INFO: at 15209.397 ms batch [22.410] delay 17.363 ms
INFO: at 15209.397 ms fetching 22.410 ms
INFO: at 15226.764 ms batch [22.663] delay 17.363 ms
INFO: at 15226.764 ms fetching 22.663 ms
INFO: at 15244.132 ms batch [58.947] delay 17.363 ms
INFO: at 15244.132 ms fetching 58.947 ms
INFO: at 15261.498 ms batch [57.947] delay 17.363 ms
INFO: at 15261.498 ms fetching 57.947 ms
INFO: at 15278.866 ms batch [22.381] delay 17.363 ms
INFO: at 15278.866 ms fetching 22.381 ms
INFO: at 15296.232 ms batch [55.056] delay 13.642 ms
INFO: at 15296.232 ms fetching 55.056 ms
INFO: at 15309.879 ms batch [22.028] delay 13.642 ms
INFO: at 15309.879 ms fetching 22.028 ms
INFO: at 15323.525 ms batch [21.850] delay 13.642 ms
INFO: at 15323.525 ms fetching 21.850 ms
INFO: at 15337.171 ms batch [58.718] delay 13.642 ms
INFO: at 15337.171 ms fetching 58.718 ms
INFO: at 15350.817 ms batch [56.538] delay 13.642 ms
INFO: at 15350.817 ms fetching 56.538 ms
INFO: at 15364.463 ms batch [22.634] delay 13.642 ms
INFO: at 15364.463 ms fetching 22.634 ms
INFO: at 15378.117 ms batch [61.097] delay 13.642 ms
INFO: at 15378.117 ms fetching 61.097 ms
INFO: at 15391.762 ms batch [58.249] delay 13.642 ms
INFO: at 15391.762 ms fetching 58.249 ms
INFO: at 15405.408 ms batch [60.813] delay 13.642 ms
INFO: at 15405.408 ms fetching 60.813 ms
INFO: at 15419.053 ms batch [60.396] delay 13.642 ms
INFO: at 15419.053 ms fetching 60.396 ms
INFO: at 15432.699 ms batch [22.632] delay 13.642 ms
INFO: at 15432.699 ms fetching 22.632 ms
INFO: at 15446.352 ms batch [61.155] delay 13.642 ms
INFO: at 15446.352 ms fetching 61.155 ms
INFO: at 15459.997 ms batch [58.296] delay 13.642 ms
INFO: at 15459.997 ms fetching 58.296 ms
INFO: at 15473.643 ms batch [22.415] delay 13.642 ms
INFO: at 15473.643 ms fetching 22.415 ms
INFO: at 15487.289 ms batch [21.682] delay 17.363 ms
INFO: at 15487.289 ms fetching 21.682 ms
INFO: at 15504.655 ms batch [59.458] delay 17.363 ms
INFO: at 15504.655 ms fetching 59.458 ms
INFO: at 15522.022 ms batch [22.558] delay 17.363 ms
INFO: at 15522.022 ms fetching 22.558 ms
INFO: at 15539.387 ms batch [56.795] delay 17.363 ms
INFO: at 15539.387 ms fetching 56.795 ms
INFO: at 15556.754 ms batch [58.967] delay 17.363 ms
INFO: at 15556.754 ms fetching 58.967 ms
INFO: at 15574.121 ms batch [56.142] delay 17.363 ms
INFO: at 15574.121 ms fetching 56.142 ms
INFO: at 15591.487 ms batch [57.898] delay 17.363 ms
INFO: at 15591.487 ms fetching 57.898 ms
INFO: at 15608.854 ms batch [21.812] delay 17.363 ms
INFO: at 15608.854 ms fetching 21.812 ms
INFO: at 15626.220 ms batch [58.905] delay 17.363 ms
INFO: at 15626.220 ms fetching 58.905 ms
INFO: at 15643.587 ms batch [22.788] delay 17.363 ms
INFO: at 15643.587 ms fetching 22.788 ms
INFO: at 15660.953 ms batch [23.122] delay 17.363 ms
INFO: at 15660.953 ms fetching 23.122 ms
INFO: at 15678.319 ms batch [22.642] delay 21.222 ms
INFO: at 15678.319 ms fetching 22.642 ms
INFO: at 15699.545 ms batch [59.573] delay 21.222 ms
INFO: at 15699.545 ms fetching 59.573 ms
INFO: at 15720.770 ms batch [22.219] delay 21.222 ms
INFO: at 15720.770 ms fetching 22.219 ms
INFO: at 15741.995 ms batch [54.276] delay 21.222 ms
INFO: at 15741.995 ms fetching 54.276 ms
INFO: at 15763.222 ms batch [22.897] delay 21.222 ms
INFO: at 15763.222 ms fetching 22.897 ms
INFO: at 15784.447 ms batch [59.825] delay 21.222 ms
INFO: at 15784.447 ms fetching 59.825 ms
INFO: at 15805.673 ms batch [23.291] delay 21.222 ms
INFO: at 15805.673 ms fetching 23.291 ms
INFO: at 15826.899 ms batch [23.145] delay 21.222 ms
INFO: at 15826.899 ms fetching 23.145 ms
INFO: at 15848.125 ms batch [57.607] delay 21.222 ms
INFO: at 15848.125 ms fetching 57.607 ms
INFO: at 15869.350 ms batch [23.439] delay 17.363 ms
INFO: at 15869.350 ms fetching 23.439 ms
INFO: at 15886.717 ms batch [59.796] delay 17.363 ms
INFO: at 15886.717 ms fetching 59.796 ms
INFO: at 15904.083 ms batch [53.834] delay 17.363 ms
INFO: at 15904.083 ms fetching 53.834 ms
INFO: at 15921.450 ms batch [59.926] delay 17.363 ms
INFO: at 15921.450 ms fetching 59.926 ms
INFO: at 15938.817 ms batch [22.921] delay 17.363 ms
INFO: at 15938.817 ms fetching 22.921 ms
INFO: at 15956.183 ms batch [22.751] delay 17.363 ms
INFO: at 15956.183 ms fetching 22.751 ms
INFO: at 15973.550 ms batch [22.943] delay 17.363 ms
INFO: at 15973.550 ms fetching 22.943 ms
INFO: at 15990.917 ms batch [23.312] delay 17.363 ms
INFO: at 15990.917 ms fetching 23.312 ms
INFO: at 16008.282 ms batch [55.168] delay 17.363 ms
INFO: at 16008.282 ms fetching 55.168 ms
INFO: at 16025.649 ms batch [55.630] delay 17.363 ms
INFO: at 16025.649 ms fetching 55.630 ms
INFO: at 16043.015 ms batch [58.738] delay 17.363 ms
INFO: at 16043.015 ms fetching 58.738 ms
INFO: at 16060.382 ms batch [60.535] delay 15.916 ms
INFO: at 16060.382 ms fetching 60.535 ms
INFO: at 16076.300 ms batch [56.246] delay 15.916 ms
INFO: at 16076.300 ms fetching 56.246 ms
INFO: at 16092.220 ms batch [57.067] delay 15.916 ms
INFO: at 16092.220 ms fetching 57.067 ms
INFO: at 16108.138 ms batch [22.391] delay 15.916 ms
INFO: at 16108.138 ms fetching 22.391 ms
INFO: at 16124.058 ms batch [22.507] delay 15.916 ms
INFO: at 16124.058 ms fetching 22.507 ms
INFO: at 16139.977 ms batch [22.956] delay 15.916 ms
INFO: at 16139.977 ms fetching 22.956 ms
INFO: at 16155.897 ms batch [58.417] delay 15.916 ms
INFO: at 16155.897 ms fetching 58.417 ms
INFO: at 16171.816 ms batch [22.333] delay 15.916 ms
INFO: at 16171.816 ms fetching 22.333 ms
INFO: at 16187.736 ms batch [59.755] delay 15.916 ms
INFO: at 16187.736 ms fetching 59.755 ms
INFO: at 16203.654 ms batch [22.298] delay 15.916 ms
INFO: at 16203.654 ms fetching 22.298 ms
INFO: at 16219.574 ms batch [58.389] delay 15.916 ms
INFO: at 16219.574 ms fetching 58.389 ms
INFO: at 16235.499 ms batch [57.113] delay 15.916 ms
INFO: at 16235.499 ms fetching 57.113 ms
INFO: at 16251.419 ms batch [22.445] delay 17.363 ms
INFO: at 16251.419 ms fetching 22.445 ms
INFO: at 16268.784 ms batch [57.639] delay 17.363 ms
INFO: at 16268.784 ms fetching 57.639 ms
INFO: at 16286.152 ms batch [22.567] delay 17.363 ms
INFO: at 16286.152 ms fetching 22.567 ms
INFO: at 16303.518 ms batch [22.155] delay 17.363 ms
INFO: at 16303.518 ms fetching 22.155 ms
INFO: at 16320.884 ms batch [61.984] delay 17.363 ms
INFO: at 16320.884 ms fetching 61.984 ms
INFO: at 16338.250 ms batch [22.283] delay 17.363 ms
INFO: at 16338.250 ms fetching 22.283 ms
INFO: at 16355.617 ms batch [59.297] delay 17.363 ms
INFO: at 16355.617 ms fetching 59.297 ms
INFO: at 16372.983 ms batch [22.037] delay 17.363 ms
INFO: at 16372.983 ms fetching 22.037 ms
INFO: at 16390.350 ms batch [22.882] delay 17.363 ms
INFO: at 16390.350 ms fetching 22.882 ms
INFO: at 16407.717 ms batch [56.329] delay 17.363 ms
INFO: at 16407.717 ms fetching 56.329 ms
INFO: at 16425.083 ms batch [56.894] delay 17.363 ms
INFO: at 16425.083 ms fetching 56.894 ms
INFO: at 16442.450 ms batch [23.177] delay 12.733 ms
INFO: at 16442.450 ms fetching 23.177 ms
INFO: at 16455.186 ms batch [22.530] delay 12.733 ms
INFO: at 16455.186 ms fetching 22.530 ms
INFO: at 16467.922 ms batch [23.604] delay 12.733 ms
INFO: at 16467.922 ms fetching 23.604 ms
INFO: at 16480.658 ms batch [21.705] delay 12.733 ms
INFO: at 16480.658 ms fetching 21.705 ms
INFO: at 16493.394 ms batch [23.359] delay 12.733 ms
INFO: at 16493.394 ms fetching 23.359 ms
INFO: at 16506.129 ms batch [57.031] delay 12.733 ms
INFO: at 16506.129 ms fetching 57.031 ms
INFO: at 16518.867 ms batch [22.965] delay 12.733 ms
INFO: at 16518.867 ms fetching 22.965 ms
INFO: at 16531.604 ms batch [59.001] delay 12.733 ms
INFO: at 16531.604 ms fetching 59.001 ms
INFO: at 16544.339 ms batch [59.192] delay 12.733 ms
INFO: at 16544.339 ms fetching 59.192 ms
INFO: at 16557.076 ms batch [23.083] delay 12.733 ms
INFO: at 16557.076 ms fetching 23.083 ms
INFO: at 16569.813 ms batch [21.946] delay 12.733 ms
INFO: at 16569.813 ms fetching 21.946 ms
INFO: at 16582.548 ms batch [22.396] delay 12.733 ms
INFO: at 16582.548 ms fetching 22.396 ms
INFO: at 16595.283 ms batch [22.695] delay 12.733 ms
INFO: at 16595.283 ms fetching 22.695 ms
INFO: at 16608.018 ms batch [53.593] delay 12.733 ms
INFO: at 16608.018 ms fetching 53.593 ms
INFO: at 16620.754 ms batch [59.023] delay 12.733 ms
INFO: at 16620.754 ms fetching 59.023 ms
INFO: at 16633.491 ms batch [59.067] delay 21.222 ms
INFO: at 16633.491 ms fetching 59.067 ms
INFO: at 16654.715 ms batch [22.004] delay 21.222 ms
INFO: at 16654.715 ms fetching 22.004 ms
INFO: at 16675.940 ms batch [23.246] delay 21.222 ms
INFO: at 16675.940 ms fetching 23.246 ms
INFO: at 16697.166 ms batch [23.734] delay 21.222 ms
INFO: at 16697.166 ms fetching 23.734 ms
INFO: at 16718.391 ms batch [57.314] delay 21.222 ms
INFO: at 16718.391 ms fetching 57.314 ms
INFO: at 16739.618 ms batch [54.398] delay 21.222 ms
INFO: at 16739.618 ms fetching 54.398 ms
INFO: at 16760.843 ms batch [56.821] delay 21.222 ms
INFO: at 16760.843 ms fetching 56.821 ms
INFO: at 16782.067 ms batch [53.449] delay 21.222 ms
INFO: at 16782.067 ms fetching 53.449 ms
INFO: at 16803.293 ms batch [58.893] delay 21.222 ms
INFO: at 16803.293 ms fetching 58.893 ms
INFO: at 16824.518 ms batch [23.214] delay 19.099 ms
INFO: at 16824.518 ms fetching 23.214 ms
INFO: at 16843.621 ms batch [23.277] delay 19.099 ms
INFO: at 16843.621 ms fetching 23.277 ms
INFO: at 16862.724 ms batch [56.039] delay 19.099 ms
INFO: at 16862.724 ms fetching 56.039 ms
INFO: at 16881.827 ms batch [59.584] delay 19.099 ms
INFO: at 16881.827 ms fetching 59.584 ms
INFO: at 16900.930 ms batch [61.652] delay 19.099 ms
INFO: at 16900.930 ms fetching 61.652 ms
INFO: at 16920.032 ms batch [58.554] delay 19.099 ms
INFO: at 16920.032 ms fetching 58.554 ms
INFO: at 16939.135 ms batch [22.535] delay 19.099 ms
INFO: at 16939.135 ms fetching 22.535 ms
INFO: at 16958.238 ms batch [56.400] delay 19.099 ms
INFO: at 16958.238 ms fetching 56.400 ms
INFO: at 16977.341 ms batch [59.034] delay 19.099 ms
INFO: at 16977.341 ms fetching 59.034 ms
INFO: at 16996.443 ms batch [22.098] delay 19.099 ms
INFO: at 16996.443 ms fetching 22.098 ms
INFO: at 17015.547 ms batch [22.404] delay 17.363 ms
INFO: at 17015.547 ms fetching 22.404 ms
INFO: at 17032.913 ms batch [55.679] delay 17.363 ms
INFO: at 17032.913 ms fetching 55.679 ms
INFO: at 17050.278 ms batch [21.904] delay 17.363 ms
INFO: at 17050.278 ms fetching 21.904 ms
INFO: at 17067.646 ms batch [59.770] delay 17.363 ms
INFO: at 17067.646 ms fetching 59.770 ms
INFO: at 17085.015 ms batch [61.360] delay 17.363 ms
INFO: at 17085.015 ms fetching 61.360 ms
INFO: at 17102.381 ms batch [22.275] delay 17.363 ms
INFO: at 17102.381 ms fetching 22.275 ms
INFO: at 17119.749 ms batch [62.562] delay 17.363 ms
INFO: at 17119.749 ms fetching 62.562 ms
INFO: at 17137.115 ms batch [54.904] delay 17.363 ms
INFO: at 17137.115 ms fetching 54.904 ms
INFO: at 17154.481 ms batch [22.064] delay 17.363 ms
INFO: at 17154.481 ms fetching 22.064 ms
INFO: at 17171.849 ms batch [56.087] delay 17.363 ms
INFO: at 17171.849 ms fetching 56.087 ms
INFO: at 17189.215 ms batch [23.063] delay 17.363 ms
INFO: at 17189.215 ms fetching 23.063 ms
INFO: at 17206.581 ms batch [22.069] delay 14.692 ms
INFO: at 17206.581 ms fetching 22.069 ms
INFO: at 17221.276 ms batch [22.077] delay 14.692 ms
INFO: at 17221.276 ms fetching 22.077 ms
INFO: at 17235.971 ms batch [23.382] delay 14.692 ms
INFO: at 17235.971 ms fetching 23.382 ms
INFO: at 17250.665 ms batch [56.907] delay 14.692 ms
INFO: at 17250.665 ms fetching 56.907 ms
INFO: at 17265.360 ms batch [22.372] delay 14.692 ms
INFO: at 17265.360 ms fetching 22.372 ms
INFO: at 17280.055 ms batch [57.560] delay 14.692 ms
INFO: at 17280.055 ms fetching 57.560 ms
INFO: at 17294.749 ms batch [22.450] delay 14.692 ms
INFO: at 17294.749 ms fetching 22.450 ms
INFO: at 17309.444 ms batch [22.891] delay 14.692 ms
INFO: at 17309.444 ms fetching 22.891 ms
INFO: at 17324.138 ms batch [23.109] delay 14.692 ms
INFO: at 17324.138 ms fetching 23.109 ms
INFO: at 17338.832 ms batch [22.900] delay 14.692 ms
INFO: at 17338.832 ms fetching 22.900 ms
INFO: at 17353.528 ms batch [56.415] delay 14.692 ms
INFO: at 17353.528 ms fetching 56.415 ms
INFO: at 17368.222 ms batch [56.659] delay 14.692 ms
INFO: at 17368.222 ms fetching 56.659 ms
INFO: at 17382.916 ms batch [22.176] delay 14.692 ms
INFO: at 17382.916 ms fetching 22.176 ms
INFO: at 17397.613 ms batch [57.578] delay 13.642 ms
INFO: at 17397.613 ms fetching 57.578 ms
INFO: at 17411.257 ms batch [62.265] delay 13.642 ms
INFO: at 17411.257 ms fetching 62.265 ms
INFO: at 17424.902 ms batch [59.227] delay 13.642 ms
INFO: at 17424.902 ms fetching 59.227 ms
INFO: at 17438.547 ms batch [59.880] delay 13.642 ms
INFO: at 17438.547 ms fetching 59.880 ms
INFO: at 17452.193 ms batch [22.197] delay 13.642 ms
INFO: at 17452.193 ms fetching 22.197 ms
INFO: at 17465.838 ms batch [55.232] delay 13.642 ms
INFO: at 17465.838 ms fetching 55.232 ms
INFO: at 17479.483 ms batch [23.473] delay 13.642 ms
INFO: at 17479.483 ms fetching 23.473 ms
INFO: at 17493.128 ms batch [54.863] delay 13.642 ms
INFO: at 17493.128 ms fetching 54.863 ms
INFO: at 17506.773 ms batch [22.909] delay 13.642 ms
INFO: at 17506.773 ms fetching 22.909 ms
INFO: at 17520.418 ms batch [55.816] delay 13.642 ms
INFO: at 17520.418 ms fetching 55.816 ms
INFO: at 17534.063 ms batch [22.430] delay 13.642 ms
INFO: at 17534.063 ms fetching 22.430 ms
INFO: at 17547.709 ms batch [60.497] delay 13.642 ms
INFO: at 17547.709 ms fetching 60.497 ms
INFO: at 17561.353 ms batch [59.125] delay 13.642 ms
INFO: at 17561.353 ms fetching 59.125 ms
INFO: at 17574.998 ms batch [22.783] delay 13.642 ms
INFO: at 17574.998 ms fetching 22.783 ms
INFO: at 17588.643 ms batch [56.983] delay 17.363 ms
INFO: at 17588.643 ms fetching 56.983 ms
INFO: at 17606.009 ms batch [61.184] delay 17.363 ms
INFO: at 17606.009 ms fetching 61.184 ms
INFO: at 17623.376 ms batch [58.793] delay 17.363 ms
INFO: at 17623.376 ms fetching 58.793 ms
INFO: at 17640.742 ms batch [54.784] delay 17.363 ms
INFO: at 17640.742 ms fetching 54.784 ms
INFO: at 17658.108 ms batch [22.472] delay 17.363 ms
INFO: at 17658.108 ms fetching 22.472 ms
INFO: at 17675.475 ms batch [59.216] delay 17.363 ms
INFO: at 17675.475 ms fetching 59.216 ms
INFO: at 17692.840 ms batch [58.115] delay 17.363 ms
INFO: at 17692.840 ms fetching 58.115 ms
INFO: at 17710.207 ms batch [57.667] delay 17.363 ms
INFO: at 17710.207 ms fetching 57.667 ms
INFO: at 17727.573 ms batch [56.316] delay 17.363 ms
INFO: at 17727.573 ms fetching 56.316 ms
INFO: at 17744.939 ms batch [22.265] delay 17.363 ms
INFO: at 17744.939 ms fetching 22.265 ms
INFO: at 17762.305 ms batch [59.546] delay 17.363 ms
INFO: at 17762.305 ms fetching 59.546 ms
INFO: at 17779.671 ms batch [56.495] delay 19.099 ms
INFO: at 17779.671 ms fetching 56.495 ms
INFO: at 17798.774 ms batch [22.169] delay 19.099 ms
INFO: at 17798.774 ms fetching 22.169 ms
INFO: at 17817.877 ms batch [23.154] delay 19.099 ms
INFO: at 17817.877 ms fetching 23.154 ms
INFO: at 17836.980 ms batch [56.123] delay 19.099 ms
INFO: at 17836.980 ms fetching 56.123 ms
INFO: at 17856.082 ms batch [22.756] delay 19.099 ms
INFO: at 17856.082 ms fetching 22.756 ms
INFO: at 17875.185 ms batch [21.866] delay 19.099 ms
INFO: at 17875.185 ms fetching 21.866 ms
INFO: at 17894.289 ms batch [22.621] delay 19.099 ms
INFO: at 17894.289 ms fetching 22.621 ms
INFO: at 17913.392 ms batch [58.410] delay 19.099 ms
INFO: at 17913.392 ms fetching 58.410 ms
INFO: at 17932.493 ms batch [61.475] delay 19.099 ms
INFO: at 17932.493 ms fetching 61.475 ms
INFO: at 17951.596 ms batch [59.534] delay 19.099 ms
INFO: at 17951.596 ms fetching 59.534 ms
INFO: at 17970.700 ms batch [21.917] delay 13.642 ms
INFO: at 17970.700 ms fetching 21.917 ms
INFO: at 17984.345 ms batch [23.525] delay 13.642 ms
INFO: at 17984.345 ms fetching 23.525 ms
INFO: at 17997.992 ms batch [57.124] delay 13.642 ms
INFO: at 17997.992 ms fetching 57.124 ms
INFO: at 18011.637 ms batch [22.754] delay 13.642 ms
INFO: at 18011.637 ms fetching 22.754 ms
INFO: at 18025.282 ms batch [59.713] delay 13.642 ms
INFO: at 18025.282 ms fetching 59.713 ms
INFO: at 18038.926 ms batch [60.789] delay 13.642 ms
INFO: at 18038.926 ms fetching 60.789 ms
INFO: at 18052.572 ms batch [22.518] delay 13.642 ms
INFO: at 18052.572 ms fetching 22.518 ms
INFO: at 18066.217 ms batch [21.667] delay 13.642 ms
INFO: at 18066.217 ms fetching 21.667 ms
INFO: at 18079.861 ms batch [63.165] delay 13.642 ms
INFO: at 18079.861 ms fetching 63.165 ms
INFO: at 18093.506 ms batch [59.343] delay 13.642 ms
INFO: at 18093.506 ms fetching 59.343 ms
INFO: at 18107.151 ms batch [60.700] delay 13.642 ms
INFO: at 18107.151 ms fetching 60.700 ms
INFO: at 18120.796 ms batch [58.514] delay 13.642 ms
INFO: at 18120.796 ms fetching 58.514 ms
INFO: at 18134.442 ms batch [22.969] delay 0.000 ms
INFO: at 18134.442 ms fetching 22.969 ms
INFO: done
22-04-02:19:55:25 INFO     [docker_logging_utils.py:19] [default-cluster] Created logging directory: /home/cc/DynWork/multimodal_dataset/repeat-3/Multimodal_Real_Dataset/Azure/summarization/bart_cnn/4_x_P99/clipper/logs
22-04-02:19:56:08 INFO     [clipper_admin.py:1424] [default-cluster] Stopped all Clipper cluster and all model containers
