I1211 11:03:03.155752 181280 rpc_service_base.h:46] RPC service is listening on 0.0.0.0:10001
I1211 11:03:05.725684 181285 scheduler.cpp:98] Register server: node_type: BACKEND_NODE
node_id: 2458936393
server_port: "8001"
rpc_port: "8002"
gpu_device_name: "Tesla_V100S-PCIE-32GB"
gpu_available_memory: 33650376704
gpu_uuid: "fcf0dc04-2c7f-7570-499b-47b29c6d534c"
I1211 11:03:07.172441 181286 scheduler.cpp:98] Register server: node_id: 896847323
server_port: "9001"
rpc_port: "9002"
I1211 11:03:07.172971 181285 model_db.cpp:283] Load model DB from /workdir/models/db/model_db.yml
I1211 11:03:07.173739 181285 backend_delegate.cpp:183] Backend 2458936393 loads fake:fake_0:1:224x224:77, batch 8, max batch 8, max duty cycle 254.795 us, throughput 31397.8 req/s. Backend exec cycle 254.795 us, duty cycle: 254.795 us
I1211 11:03:34.158876 181280 scheduler.cpp:832] Epoch schedule
I1211 11:03:34.158993 181280 scheduler.cpp:1120] Total used GPUs: 1
Backend 2458936393: 1
I1211 11:03:34.159011 181280 scheduler.cpp:1137] Model table: 
fake:fake_0:1:224x224:77: 2458936393/31397.8/1, total share: 1
*** Aborted at 1639220615 (unix time) try "date -d @1639220615" if you are using GNU date ***
I1211 11:03:35.240769 181287 scheduler.cpp:115] Unregister FRONTEND_NODE 896847323
I1211 11:03:35.240844 181287 scheduler.cpp:442] Remove frontend 896847323
I1211 11:03:35.240835 181286 scheduler.cpp:115] Unregister BACKEND_NODE 2458936393
I1211 11:03:35.240869 181287 scheduler.cpp:656] Remove model session: fake:fake_0:1:224x224:77
I1211 11:03:35.240916 181287 backend_delegate.cpp:290] Backend 2458936393 unload model: fake:fake_0:1:224x224:77
PC: @                0x0 (unknown)
*** SIGTERM (@0x2c3de) received by PID 181280 (TID 0x7f2679f43f00) from PID 181214; stack trace: ***
I1211 11:03:35.241349 181286 scheduler.cpp:454] Remove backend 2458936393
    @     0x7f2678c42980 (unknown)
    @     0x7f2678c41d50 __GI___nanosleep
    @     0x55ff60842f0d std::this_thread::sleep_for<>()
    @     0x55ff60826269 nexus::scheduler::Scheduler::Run()
    @     0x55ff60875781 main
    @     0x7f2673eb7bf7 __libc_start_main
    @     0x55ff607f1eaa _start
    @                0x0 (unknown)
