Starting Python Closure container
Connecting to Clipper with default port: 7000
/usr/local/lib/python3.7/runpy.py:125: RuntimeWarning: 'clipper_admin.metrics.server' found in sys.modules after import of package 'clipper_admin.metrics', but prior to execution of 'clipper_admin.metrics.server'; this may result in unpredictable behaviour
  warn(RuntimeWarning(msg))
22-03-07:22:40:14 INFO     [server.py:80] Metric Server Started!
22-03-07:22:40:14 INFO     [server.py:85] Redis Connected! Waiting for messages...
Serving predictions for floats input type.
Sent heartbeat!
Received heartbeat!
Sent container metadata!
Got start of message 0 
fake_model: serving batch [[1.]], sleeping for 1.00ms = 0.74 + 0.26 * 1 * 1.00
fake_model: returning [1.0]
recv: 0.000503 s, parse: 0.000011 s, handle: 0.002138 s
Got start of message 1 
fake_model: serving batch [[71.945175]], sleeping for 71.95ms = 53.32 + 0.26 * 1 * 71.95
fake_model: returning [71.945175]
recv: 0.000167 s, parse: 0.000005 s, handle: 0.072287 s
Got start of message 2 
fake_model: serving batch [[92.73797]], sleeping for 92.74ms = 68.72 + 0.26 * 1 * 92.74
fake_model: returning [92.73797]
recv: 0.000155 s, parse: 0.000004 s, handle: 0.092996 s
Got start of message 3 
fake_model: serving batch [[81.55596]], sleeping for 81.56ms = 60.44 + 0.26 * 1 * 81.56
fake_model: returning [81.55596]
recv: 0.000067 s, parse: 0.000002 s, handle: 0.081713 s
Got start of message 4 
fake_model: serving batch [[91.94714]], sleeping for 91.95ms = 68.14 + 0.26 * 1 * 91.95
fake_model: returning [91.94714]
recv: 0.000092 s, parse: 0.000004 s, handle: 0.092159 s
Got start of message 5 
fake_model: serving batch [[86.90604]], sleeping for 86.91ms = 64.40 + 0.26 * 1 * 86.91
fake_model: returning [86.90604]
recv: 0.000065 s, parse: 0.000002 s, handle: 0.087058 s
Got start of message 6 
fake_model: serving batch [[67.12795]], sleeping for 67.13ms = 49.75 + 0.26 * 1 * 67.13
fake_model: returning [67.12795]
recv: 0.000097 s, parse: 0.000004 s, handle: 0.067350 s
Got start of message 7 
fake_model: serving batch [[63.153942]], sleeping for 63.15ms = 46.80 + 0.26 * 1 * 63.15
fake_model: returning [63.153942]
recv: 0.000184 s, parse: 0.000005 s, handle: 0.063442 s
Got start of message 8 
fake_model: serving batch [[59.33562]], sleeping for 59.34ms = 43.97 + 0.26 * 1 * 59.34
fake_model: returning [59.33562]
recv: 0.000182 s, parse: 0.000005 s, handle: 0.059655 s
Got start of message 9 
fake_model: serving batch [[89.57644]], sleeping for 89.58ms = 66.38 + 0.26 * 1 * 89.58
fake_model: returning [89.57644]
recv: 0.000072 s, parse: 0.000003 s, handle: 0.089746 s
Got start of message 10 
fake_model: serving batch [[45.86047]], sleeping for 45.86ms = 33.99 + 0.26 * 1 * 45.86
fake_model: returning [45.86047]
recv: 0.000062 s, parse: 0.000002 s, handle: 0.046018 s
Got start of message 11 
fake_model: serving batch [[53.339573]], sleeping for 53.34ms = 39.53 + 0.26 * 1 * 53.34
fake_model: returning [53.339573]
recv: 0.000067 s, parse: 0.000002 s, handle: 0.053489 s
Got start of message 12 
fake_model: serving batch [[54.489155]], sleeping for 54.49ms = 40.38 + 0.26 * 1 * 54.49
fake_model: returning [54.489155]
recv: 0.000061 s, parse: 0.000002 s, handle: 0.054636 s
Got start of message 13 
fake_model: serving batch [[47.846462]], sleeping for 47.85ms = 35.46 + 0.26 * 1 * 47.85
fake_model: returning [47.846462]
recv: 0.000060 s, parse: 0.000002 s, handle: 0.048012 s
Got start of message 14 
fake_model: serving batch [[84.35548]], sleeping for 84.36ms = 62.51 + 0.26 * 1 * 84.36
fake_model: returning [84.35548]
recv: 0.000080 s, parse: 0.000002 s, handle: 0.084510 s
Got start of message 15 
fake_model: serving batch [[61.50275]
 [40.47833]], sleeping for 77.43ms = 45.58 + 0.26 * 2 * 61.50
fake_model: returning [61.50275, 40.47833]
recv: 0.000065 s, parse: 0.000002 s, handle: 0.077607 s
Got start of message 16 
fake_model: serving batch [[57.922153]], sleeping for 57.92ms = 42.92 + 0.26 * 1 * 57.92
fake_model: returning [57.922153]
recv: 0.000061 s, parse: 0.000003 s, handle: 0.058078 s
Got start of message 17 
fake_model: serving batch [[62.135494]], sleeping for 62.14ms = 46.05 + 0.26 * 1 * 62.14
fake_model: returning [62.135494]
recv: 0.000061 s, parse: 0.000002 s, handle: 0.062292 s
Got start of message 18 
fake_model: serving batch [[93.11982]], sleeping for 93.12ms = 69.01 + 0.26 * 1 * 93.12
fake_model: returning [93.11982]
recv: 0.000067 s, parse: 0.000002 s, handle: 0.093268 s
Got start of message 19 
fake_model: serving batch [[86.64262]
 [87.77032]], sleeping for 110.50ms = 65.04 + 0.26 * 2 * 87.77
fake_model: returning [86.64262, 87.77032]
recv: 0.000063 s, parse: 0.000002 s, handle: 0.110700 s
Got start of message 20 
fake_model: serving batch [[88.80778 ]
 [55.925133]], sleeping for 111.80ms = 65.81 + 0.26 * 2 * 88.81
fake_model: returning [88.80778, 55.925133]
recv: 0.000092 s, parse: 0.000003 s, handle: 0.112052 s
Got start of message 21 
fake_model: serving batch [[68.61174 ]
 [49.159164]
 [70.47811 ]
 [92.09405 ]], sleeping for 163.64ms = 68.25 + 0.26 * 4 * 92.09
fake_model: returning [68.61174, 49.159164, 70.47811, 92.09405]
recv: 0.000071 s, parse: 0.000002 s, handle: 0.163844 s
Got start of message 22 
fake_model: serving batch [[53.620888]
 [38.74436 ]
 [83.30725 ]
 [84.80332 ]
 [46.285137]
 [88.87949 ]
 [51.955265]
 [64.99076 ]], sleeping for 249.98ms = 65.86 + 0.26 * 8 * 88.88
fake_model: returning [53.620888, 38.74436, 83.30725, 84.80332, 46.285137, 88.87949, 51.955265, 64.99076]
recv: 0.000089 s, parse: 0.000002 s, handle: 0.250235 s
Got start of message 23 
fake_model: serving batch [[85.35178 ]
 [56.803246]
 [86.45119 ]
 [86.12753 ]
 [92.55161 ]
 [57.34308 ]
 [73.68889 ]
 [54.196728]], sleeping for 260.31ms = 68.59 + 0.26 * 8 * 92.55
fake_model: returning [85.35178, 56.803246, 86.45119, 86.12753, 92.55161, 57.34308, 73.68889, 54.196728]
recv: 0.000077 s, parse: 0.000002 s, handle: 0.260593 s
Got start of message 24 
fake_model: serving batch [[89.07929 ]
 [86.82351 ]
 [10.      ]
 [50.108437]
 [87.17044 ]
 [53.063644]
 [79.61531 ]
 [95.207146]], sleeping for 267.78ms = 70.55 + 0.26 * 8 * 95.21
fake_model: returning [89.07929, 86.82351, 10.0, 50.108437, 87.17044, 53.063644, 79.61531, 95.207146]
recv: 0.000077 s, parse: 0.000002 s, handle: 0.268164 s
Got start of message 25 
fake_model: serving batch [[63.854893]
 [91.81915 ]
 [63.535378]
 [72.8039  ]
 [91.329025]
 [64.61178 ]
 [85.76828 ]
 [54.79667 ]], sleeping for 258.25ms = 68.04 + 0.26 * 8 * 91.82
fake_model: returning [63.854893, 91.81915, 63.535378, 72.8039, 91.329025, 64.61178, 85.76828, 54.79667]
recv: 0.000127 s, parse: 0.000003 s, handle: 0.258569 s
Got start of message 26 
fake_model: serving batch [[50.42585 ]
 [49.8114  ]
 [93.63936 ]
 [89.289795]
 [87.697205]
 [68.12231 ]
 [91.68576 ]
 [88.40482 ]], sleeping for 263.37ms = 69.39 + 0.26 * 8 * 93.64
fake_model: returning [50.42585, 49.8114, 93.63936, 89.289795, 87.697205, 68.12231, 91.68576, 88.40482]
recv: 0.000079 s, parse: 0.000003 s, handle: 0.263634 s
Got start of message 27 
fake_model: serving batch [[88.74759 ]
 [51.018658]
 [46.68542 ]
 [59.05248 ]
 [90.09562 ]
 [87.98304 ]
 [57.067623]
 [88.3399  ]], sleeping for 253.40ms = 66.77 + 0.26 * 8 * 90.10
fake_model: returning [88.74759, 51.018658, 46.68542, 59.05248, 90.09562, 87.98304, 57.067623, 88.3399]
recv: 0.000083 s, parse: 0.000003 s, handle: 0.253662 s
Got start of message 28 
fake_model: serving batch [[88.54835 ]
 [44.07508 ]
 [90.845726]
 [89.7156  ]
 [89.50681 ]
 [64.21233 ]
 [47.06015 ]
 [56.23207 ]], sleeping for 255.51ms = 67.32 + 0.26 * 8 * 90.85
fake_model: returning [88.54835, 44.07508, 90.845726, 89.7156, 89.50681, 64.21233, 47.06015, 56.23207]
recv: 0.000080 s, parse: 0.000003 s, handle: 0.255771 s
Got start of message 29 
fake_model: serving batch [[88.19306]
 [90.02   ]
 [77.53903]
 [87.24738]
 [87.07997]
 [85.63418]
 [89.22025]
 [90.17815]], sleeping for 253.64ms = 66.83 + 0.26 * 8 * 90.18
fake_model: returning [88.19306, 90.02, 77.53903, 87.24738, 87.07997, 85.63418, 89.22025, 90.17815]
recv: 0.000086 s, parse: 0.000003 s, handle: 0.253886 s
Got start of message 30 
fake_model: serving batch [[88.05311 ]
 [60.211227]
 [88.472786]
 [44.988644]
 [56.526154]
 [89.87104 ]
 [91.443054]
 [94.5025  ]], sleeping for 265.80ms = 70.03 + 0.26 * 8 * 94.50
fake_model: returning [88.05311, 60.211227, 88.472786, 44.988644, 56.526154, 89.87104, 91.443054, 94.5025]
recv: 0.000088 s, parse: 0.000003 s, handle: 0.266073 s
Got start of message 31 
fake_model: serving batch [[59.609173]
 [39.62304 ]
 [83.73705 ]
 [74.77015 ]
 [88.615456]
 [62.814835]
 [89.151276]
 [57.631657]], sleeping for 250.75ms = 66.07 + 0.26 * 8 * 89.15
fake_model: returning [59.609173, 39.62304, 83.73705, 74.77015, 88.615456, 62.814835, 89.151276, 57.631657]
recv: 0.000088 s, parse: 0.000002 s, handle: 0.251012 s
