INFO: nexus_dir=/workdir/nexus model_dir=/workdir/DynWork/Multimodal/incoming_rate_72.73/Equal_Std/std_0.5/2_x_P99/nexus/models log_dir=/workdir/DynWork/Multimodal/incoming_rate_72.73/Equal_Std/std_0.5/2_x_P99/nexus/logs model=fake_0
INFO: waiting frontend to spin up
INFO: ready to go
INFO: rock and roll
INFO: at 0.929 ms batch [76.883] delay 55.000 ms
INFO: at 0.929 ms fetching 76.883 ms
INFO: at 56.363 ms batch [82.815] delay 55.000 ms
INFO: at 56.363 ms fetching 82.815 ms
INFO: at 112.482 ms batch [28.876] delay 55.000 ms
INFO: at 112.482 ms fetching 28.876 ms
INFO: at 168.366 ms batch [86.012] delay 55.000 ms
INFO: at 168.366 ms fetching 86.012 ms
INFO: at 224.375 ms batch [23.984] delay 55.000 ms
INFO: at 224.375 ms fetching 23.984 ms
INFO: at 279.847 ms batch [90.850] delay 55.000 ms
INFO: at 279.847 ms fetching 90.850 ms
INFO: at 335.910 ms batch [20.092] delay 55.000 ms
INFO: at 335.910 ms fetching 20.092 ms
INFO: at 391.414 ms batch [87.390] delay 27.500 ms
INFO: at 391.414 ms fetching 87.390 ms
INFO: at 419.410 ms batch [28.992] delay 27.500 ms
INFO: at 419.410 ms fetching 28.992 ms
INFO: at 447.730 ms batch [34.427] delay 27.500 ms
INFO: at 447.730 ms fetching 34.427 ms
INFO: at 476.225 ms batch [90.443] delay 27.500 ms
INFO: at 476.225 ms fetching 90.443 ms
INFO: at 504.777 ms batch [79.717] delay 27.500 ms
INFO: at 504.777 ms fetching 79.717 ms
INFO: at 532.457 ms batch [25.124] delay 27.500 ms
INFO: at 532.457 ms fetching 25.124 ms
INFO: at 560.727 ms batch [30.139] delay 27.500 ms
INFO: at 560.727 ms fetching 30.139 ms
INFO: at 589.052 ms batch [33.268] delay 27.500 ms
INFO: at 589.052 ms fetching 33.268 ms
INFO: at 617.375 ms batch [80.339] delay 27.500 ms
INFO: at 617.375 ms fetching 80.339 ms
INFO: at 645.490 ms batch [82.245] delay 27.500 ms
INFO: at 645.490 ms fetching 82.245 ms
INFO: at 673.807 ms batch [90.068] delay 27.500 ms
INFO: at 673.807 ms fetching 90.068 ms
INFO: at 702.271 ms batch [82.134] delay 27.500 ms
INFO: at 702.271 ms fetching 82.134 ms
INFO: at 730.534 ms batch [83.264] delay 27.500 ms
INFO: at 730.534 ms fetching 83.264 ms
INFO: at 758.889 ms batch [25.611] delay 27.500 ms
INFO: at 758.889 ms fetching 25.611 ms
INFO: at 787.238 ms batch [84.062] delay 27.500 ms
INFO: at 787.238 ms fetching 84.062 ms
INFO: at 815.344 ms batch [76.517] delay 27.500 ms
INFO: at 815.344 ms fetching 76.517 ms
INFO: at 843.614 ms batch [71.907] delay 13.750 ms
INFO: at 843.614 ms fetching 71.907 ms
INFO: at 857.909 ms batch [77.483] delay 13.750 ms
INFO: at 857.909 ms fetching 77.483 ms
INFO: at 872.350 ms batch [82.013] delay 13.750 ms
INFO: at 872.350 ms fetching 82.013 ms
INFO: at 886.787 ms batch [32.616] delay 13.750 ms
INFO: at 886.787 ms fetching 32.616 ms
INFO: at 901.283 ms batch [32.784] delay 9.167 ms
INFO: at 901.283 ms fetching 32.784 ms
INFO: at 911.611 ms batch [85.002] delay 9.167 ms
INFO: at 911.611 ms fetching 85.002 ms
INFO: at 921.975 ms batch [76.110] delay 9.167 ms
INFO: at 921.975 ms fetching 76.110 ms
INFO: at 932.513 ms batch [80.022] delay 9.167 ms
INFO: at 932.513 ms fetching 80.022 ms
INFO: at 943.033 ms batch [36.476] delay 9.167 ms
INFO: at 943.033 ms fetching 36.476 ms
INFO: at 953.468 ms batch [88.296] delay 9.167 ms
INFO: at 953.468 ms fetching 88.296 ms
INFO: at 963.994 ms batch [83.836] delay 6.875 ms
INFO: at 963.994 ms fetching 83.836 ms
INFO: at 971.340 ms batch [29.225] delay 6.875 ms
INFO: at 971.340 ms fetching 29.225 ms
INFO: at 978.741 ms batch [30.838] delay 6.875 ms
INFO: at 978.741 ms fetching 30.838 ms
INFO: at 986.110 ms batch [86.291] delay 6.875 ms
INFO: at 986.110 ms fetching 86.291 ms
INFO: at 993.468 ms batch [30.601] delay 6.875 ms
INFO: at 993.468 ms fetching 30.601 ms
INFO: at 1000.816 ms batch [85.605] delay 6.875 ms
INFO: at 1000.816 ms fetching 85.605 ms
INFO: at 1008.165 ms batch [86.437] delay 6.875 ms
INFO: at 1008.165 ms fetching 86.437 ms
INFO: at 1015.379 ms batch [21.457] delay 6.875 ms
INFO: at 1015.379 ms fetching 21.457 ms
INFO: at 1023.033 ms batch [23.240] delay 7.857 ms
INFO: at 1023.033 ms fetching 23.240 ms
INFO: at 1031.332 ms batch [89.203] delay 7.857 ms
INFO: at 1031.332 ms fetching 89.203 ms
INFO: at 1039.631 ms batch [86.597] delay 7.857 ms
INFO: at 1039.631 ms fetching 86.597 ms
INFO: at 1047.925 ms batch [31.338] delay 7.857 ms
INFO: at 1047.925 ms fetching 31.338 ms
INFO: at 1056.245 ms batch [29.468] delay 7.857 ms
INFO: at 1056.245 ms fetching 29.468 ms
INFO: at 1064.682 ms batch [82.923] delay 7.857 ms
INFO: at 1064.682 ms fetching 82.923 ms
INFO: at 1073.046 ms batch [29.693] delay 7.857 ms
INFO: at 1073.046 ms fetching 29.693 ms
INFO: at 1081.404 ms batch [22.680] delay 6.111 ms
INFO: at 1081.404 ms fetching 22.680 ms
INFO: at 1087.958 ms batch [32.459] delay 6.111 ms
INFO: at 1087.958 ms fetching 32.459 ms
INFO: at 1094.315 ms batch [35.723] delay 6.111 ms
INFO: at 1094.315 ms fetching 35.723 ms
INFO: at 1100.786 ms batch [81.646] delay 6.111 ms
INFO: at 1100.786 ms fetching 81.646 ms
INFO: at 1107.154 ms batch [82.601] delay 6.111 ms
INFO: at 1107.154 ms fetching 82.601 ms
INFO: at 1113.519 ms batch [23.496] delay 6.111 ms
INFO: at 1113.519 ms fetching 23.496 ms
INFO: at 1119.889 ms batch [81.012] delay 6.111 ms
INFO: at 1119.889 ms fetching 81.012 ms
INFO: at 1126.263 ms batch [37.502] delay 6.111 ms
INFO: at 1126.263 ms fetching 37.502 ms
INFO: at 1132.712 ms batch [86.166] delay 6.111 ms
INFO: at 1132.712 ms fetching 86.166 ms
INFO: at 1139.089 ms batch [86.736] delay 6.111 ms
INFO: at 1139.089 ms fetching 86.736 ms
INFO: at 1145.463 ms batch [29.348] delay 6.111 ms
INFO: at 1145.463 ms fetching 29.348 ms
INFO: at 1151.838 ms batch [75.096] delay 6.111 ms
INFO: at 1151.838 ms fetching 75.096 ms
INFO: at 1158.198 ms batch [83.168] delay 6.111 ms
INFO: at 1158.198 ms fetching 83.168 ms
INFO: at 1164.574 ms batch [30.488] delay 6.111 ms
INFO: at 1164.574 ms fetching 30.488 ms
INFO: at 1170.952 ms batch [36.086] delay 6.111 ms
INFO: at 1170.952 ms fetching 36.086 ms
INFO: at 1177.331 ms batch [79.557] delay 6.111 ms
INFO: at 1177.331 ms fetching 79.557 ms
INFO: at 1183.710 ms batch [30.720] delay 6.111 ms
INFO: at 1183.710 ms fetching 30.720 ms
INFO: at 1190.091 ms batch [33.108] delay 6.111 ms
INFO: at 1190.091 ms fetching 33.108 ms
INFO: at 1196.487 ms batch [79.220] delay 5.500 ms
INFO: at 1196.487 ms fetching 79.220 ms
INFO: at 1202.873 ms batch [87.028] delay 5.500 ms
INFO: at 1202.873 ms fetching 87.028 ms
INFO: at 1209.258 ms batch [28.430] delay 5.500 ms
INFO: at 1209.258 ms fetching 28.430 ms
INFO: at 1215.652 ms batch [33.430] delay 5.500 ms
INFO: at 1215.652 ms fetching 33.430 ms
INFO: at 1222.040 ms batch [31.090] delay 5.500 ms
INFO: at 1222.040 ms fetching 31.090 ms
INFO: at 1228.439 ms batch [83.378] delay 5.500 ms
INFO: at 1228.439 ms fetching 83.378 ms
INFO: at 1234.906 ms batch [26.862] delay 5.500 ms
INFO: at 1234.906 ms fetching 26.862 ms
INFO: at 1241.304 ms batch [78.844] delay 5.500 ms
INFO: at 1241.304 ms fetching 78.844 ms
INFO: at 1247.697 ms batch [20.843] delay 5.500 ms
INFO: at 1247.697 ms fetching 20.843 ms
INFO: at 1254.097 ms batch [91.884] delay 5.500 ms
INFO: at 1254.097 ms fetching 91.884 ms
INFO: at 1260.349 ms batch [83.042] delay 6.111 ms
INFO: at 1260.349 ms fetching 83.042 ms
INFO: at 1266.718 ms batch [29.898] delay 6.111 ms
INFO: at 1266.718 ms fetching 29.898 ms
INFO: at 1273.068 ms batch [81.890] delay 6.111 ms
INFO: at 1273.068 ms fetching 81.890 ms
INFO: at 1279.402 ms batch [32.945] delay 6.111 ms
INFO: at 1279.402 ms fetching 32.945 ms
INFO: at 1285.744 ms batch [10.000] delay 6.111 ms
INFO: at 1285.744 ms fetching 10.000 ms
INFO: at 1292.092 ms batch [25.755] delay 6.111 ms
INFO: at 1292.092 ms fetching 25.755 ms
INFO: at 1298.455 ms batch [73.609] delay 6.111 ms
INFO: at 1298.455 ms fetching 73.609 ms
INFO: at 1304.850 ms batch [31.226] delay 6.111 ms
INFO: at 1304.850 ms fetching 31.226 ms
INFO: at 1311.533 ms batch [34.907] delay 6.111 ms
INFO: at 1311.533 ms fetching 34.907 ms
INFO: at 1317.933 ms batch [30.967] delay 7.857 ms
INFO: at 1317.933 ms fetching 30.967 ms
INFO: at 1326.340 ms batch [26.732] delay 7.857 ms
INFO: at 1326.340 ms fetching 26.732 ms
INFO: at 1334.736 ms batch [78.235] delay 7.857 ms
INFO: at 1334.736 ms fetching 78.235 ms
INFO: at 1343.219 ms batch [87.203] delay 7.857 ms
INFO: at 1343.219 ms fetching 87.203 ms
INFO: at 1351.630 ms batch [82.358] delay 7.857 ms
INFO: at 1351.630 ms fetching 82.358 ms
INFO: at 1360.038 ms batch [87.559] delay 7.857 ms
INFO: at 1360.038 ms fetching 87.559 ms
INFO: at 1368.455 ms batch [31.741] delay 7.857 ms
INFO: at 1368.455 ms fetching 31.741 ms
INFO: at 1376.866 ms batch [30.012] delay 7.857 ms
INFO: at 1376.866 ms fetching 30.012 ms
INFO: at 1385.434 ms batch [41.116] delay 7.857 ms
INFO: at 1385.434 ms fetching 41.116 ms
INFO: at 1393.848 ms batch [33.615] delay 7.857 ms
INFO: at 1393.848 ms fetching 33.615 ms
INFO: at 1402.276 ms batch [31.881] delay 7.857 ms
INFO: at 1402.276 ms fetching 31.881 ms
INFO: at 1410.690 ms batch [74.463] delay 7.857 ms
INFO: at 1410.690 ms fetching 74.463 ms
INFO: at 1419.112 ms batch [34.677] delay 7.857 ms
INFO: at 1419.112 ms fetching 34.677 ms
INFO: at 1427.535 ms batch [85.236] delay 7.857 ms
INFO: at 1427.535 ms fetching 85.236 ms
INFO: at 1435.958 ms batch [79.395] delay 9.167 ms
INFO: at 1435.958 ms fetching 79.395 ms
INFO: at 1446.511 ms batch [86.892] delay 9.167 ms
INFO: at 1446.511 ms fetching 86.892 ms
INFO: at 1457.211 ms batch [27.499] delay 9.167 ms
INFO: at 1457.211 ms fetching 27.499 ms
INFO: at 1467.937 ms batch [30.251] delay 9.167 ms
INFO: at 1467.937 ms fetching 30.251 ms
INFO: at 1478.393 ms batch [28.554] delay 9.167 ms
INFO: at 1478.393 ms fetching 28.554 ms
INFO: at 1488.850 ms batch [28.323] delay 9.167 ms
INFO: at 1488.850 ms fetching 28.323 ms
INFO: at 1499.059 ms batch [80.726] delay 9.167 ms
INFO: at 1499.059 ms fetching 80.726 ms
INFO: at 1509.699 ms batch [93.881] delay 9.167 ms
INFO: at 1509.699 ms fetching 93.881 ms
INFO: at 1520.055 ms batch [80.468] delay 9.167 ms
INFO: at 1520.055 ms fetching 80.468 ms
INFO: at 1530.390 ms batch [82.704] delay 9.167 ms
INFO: at 1530.390 ms fetching 82.704 ms
INFO: at 1540.732 ms batch [80.598] delay 9.167 ms
INFO: at 1540.732 ms fetching 80.598 ms
INFO: at 1551.078 ms batch [28.092] delay 9.167 ms
INFO: at 1551.078 ms fetching 28.092 ms
INFO: at 1561.457 ms batch [32.166] delay 9.167 ms
INFO: at 1561.457 ms fetching 32.166 ms
INFO: at 1571.841 ms batch [27.975] delay 9.167 ms
INFO: at 1571.841 ms fetching 27.975 ms
INFO: at 1582.238 ms batch [24.779] delay 9.167 ms
INFO: at 1582.238 ms fetching 24.779 ms
INFO: at 1592.632 ms batch [24.216] delay 9.167 ms
INFO: at 1592.632 ms fetching 24.216 ms
INFO: at 1603.221 ms batch [84.408] delay 9.167 ms
INFO: at 1603.221 ms fetching 84.408 ms
INFO: at 1613.761 ms batch [100.000] delay 9.167 ms
INFO: at 1613.761 ms fetching 100.000 ms
INFO: at 1624.116 ms batch [26.053] delay 9.167 ms
INFO: at 1624.116 ms fetching 26.053 ms
INFO: at 1634.468 ms batch [22.985] delay 9.167 ms
INFO: at 1634.468 ms fetching 22.985 ms
INFO: at 1644.904 ms batch [84.181] delay 9.167 ms
INFO: at 1644.904 ms fetching 84.181 ms
INFO: at 1655.496 ms batch [18.913] delay 9.167 ms
INFO: at 1655.496 ms fetching 18.913 ms
INFO: at 1666.054 ms batch [89.777] delay 9.167 ms
INFO: at 1666.054 ms fetching 89.777 ms
INFO: at 1676.667 ms batch [79.021] delay 9.167 ms
INFO: at 1676.667 ms fetching 79.021 ms
INFO: at 1687.032 ms batch [29.104] delay 11.000 ms
INFO: at 1687.032 ms fetching 29.104 ms
INFO: at 1698.392 ms batch [78.666] delay 11.000 ms
INFO: at 1698.392 ms fetching 78.666 ms
INFO: at 1709.803 ms batch [27.120] delay 11.000 ms
INFO: at 1709.803 ms fetching 27.120 ms
INFO: at 1721.189 ms batch [27.728] delay 11.000 ms
INFO: at 1721.189 ms fetching 27.728 ms
INFO: at 1732.592 ms batch [81.146] delay 11.000 ms
INFO: at 1732.592 ms fetching 81.146 ms
INFO: at 1743.921 ms batch [92.679] delay 11.000 ms
INFO: at 1743.921 ms fetching 92.679 ms
INFO: at 1755.388 ms batch [82.471] delay 11.000 ms
INFO: at 1755.388 ms fetching 82.471 ms
INFO: at 1766.755 ms batch [35.439] delay 11.000 ms
INFO: at 1766.755 ms fetching 35.439 ms
INFO: at 1778.168 ms batch [84.306] delay 11.000 ms
INFO: at 1778.168 ms fetching 84.306 ms
INFO: at 1789.491 ms batch [23.743] delay 11.000 ms
INFO: at 1789.491 ms fetching 23.743 ms
INFO: at 1800.848 ms batch [87.907] delay 11.000 ms
INFO: at 1800.848 ms fetching 87.907 ms
INFO: at 1812.250 ms batch [26.328] delay 11.000 ms
INFO: at 1812.250 ms fetching 26.328 ms
INFO: at 1823.759 ms batch [89.492] delay 11.000 ms
INFO: at 1823.759 ms fetching 89.492 ms
INFO: at 1835.083 ms batch [85.364] delay 11.000 ms
INFO: at 1835.083 ms fetching 85.364 ms
INFO: at 1846.414 ms batch [38.235] delay 11.000 ms
INFO: at 1846.414 ms fetching 38.235 ms
INFO: at 1857.746 ms batch [28.212] delay 11.000 ms
INFO: at 1857.746 ms fetching 28.212 ms
INFO: at 1869.112 ms batch [88.500] delay 11.000 ms
INFO: at 1869.112 ms fetching 88.500 ms
INFO: at 1880.451 ms batch [83.712] delay 11.000 ms
INFO: at 1880.451 ms fetching 83.712 ms
INFO: at 1891.786 ms batch [81.775] delay 11.000 ms
INFO: at 1891.786 ms fetching 81.775 ms
INFO: at 1903.168 ms batch [24.963] delay 11.000 ms
INFO: at 1903.168 ms fetching 24.963 ms
INFO: at 1914.504 ms batch [83.485] delay 9.167 ms
INFO: at 1914.504 ms fetching 83.485 ms
INFO: at 1924.837 ms batch [24.418] delay 9.167 ms
INFO: at 1924.837 ms fetching 24.418 ms
INFO: at 1935.218 ms batch [39.193] delay 9.167 ms
INFO: at 1935.218 ms fetching 39.193 ms
INFO: at 1945.568 ms batch [88.106] delay 9.167 ms
INFO: at 1945.568 ms fetching 88.106 ms
INFO: at 1955.913 ms batch [27.622] delay 9.167 ms
INFO: at 1955.913 ms fetching 27.622 ms
INFO: at 1966.284 ms batch [31.466] delay 9.167 ms
INFO: at 1966.284 ms fetching 31.466 ms
INFO: at 1976.658 ms batch [30.369] delay 6.875 ms
INFO: at 1976.658 ms fetching 30.369 ms
INFO: at 1984.208 ms batch [81.521] delay 6.875 ms
INFO: at 1984.208 ms fetching 81.521 ms
INFO: at 1991.554 ms batch [77.973] delay 6.875 ms
INFO: at 1991.554 ms fetching 77.973 ms
INFO: at 1998.899 ms batch [25.296] delay 6.875 ms
INFO: at 1998.899 ms fetching 25.296 ms
INFO: at 2006.245 ms batch [80.188] delay 6.875 ms
INFO: at 2006.245 ms fetching 80.188 ms
INFO: at 2013.604 ms batch [34.003] delay 6.875 ms
INFO: at 2013.604 ms fetching 34.003 ms
INFO: at 2020.905 ms batch [85.872] delay 6.875 ms
INFO: at 2020.905 ms fetching 85.872 ms
INFO: at 2028.025 ms batch [22.329] delay 6.875 ms
INFO: at 2028.025 ms fetching 22.329 ms
INFO: at 2035.441 ms batch [88.978] delay 6.875 ms
INFO: at 2035.441 ms fetching 88.978 ms
INFO: at 2042.779 ms batch [84.513] delay 6.875 ms
INFO: at 2042.779 ms fetching 84.513 ms
INFO: at 2050.106 ms batch [24.605] delay 6.875 ms
INFO: at 2050.106 ms fetching 24.605 ms
INFO: at 2057.441 ms batch [35.146] delay 6.875 ms
INFO: at 2057.441 ms fetching 35.146 ms
INFO: at 2064.766 ms batch [79.887] delay 6.875 ms
INFO: at 2064.766 ms fetching 79.887 ms
INFO: at 2072.090 ms batch [85.123] delay 6.875 ms
INFO: at 2072.090 ms fetching 85.123 ms
INFO: at 2079.413 ms batch [84.642] delay 6.875 ms
INFO: at 2079.413 ms fetching 84.642 ms
INFO: at 2086.741 ms batch [25.469] delay 6.875 ms
INFO: at 2086.741 ms fetching 25.469 ms
INFO: at 2094.066 ms batch [83.592] delay 6.875 ms
INFO: at 2094.066 ms fetching 83.592 ms
INFO: at 2101.401 ms batch [36.944] delay 6.875 ms
INFO: at 2101.401 ms fetching 36.944 ms
INFO: at 2108.734 ms batch [27.856] delay 6.875 ms
INFO: at 2108.734 ms fetching 27.856 ms
INFO: at 2116.067 ms batch [83.943] delay 6.875 ms
INFO: at 2116.067 ms fetching 83.943 ms
INFO: at 2123.400 ms batch [27.369] delay 6.875 ms
INFO: at 2123.400 ms fetching 27.369 ms
INFO: at 2130.735 ms batch [33.818] delay 6.875 ms
INFO: at 2130.735 ms fetching 33.818 ms
INFO: at 2138.076 ms batch [25.904] delay 6.875 ms
INFO: at 2138.076 ms fetching 25.904 ms
INFO: at 2145.425 ms batch [78.464] delay 6.875 ms
INFO: at 2145.425 ms fetching 78.464 ms
INFO: at 2152.772 ms batch [85.732] delay 6.875 ms
INFO: at 2152.772 ms fetching 85.732 ms
INFO: at 2160.125 ms batch [81.277] delay 6.875 ms
INFO: at 2160.125 ms fetching 81.277 ms
INFO: at 2167.466 ms batch [27.242] delay 6.875 ms
INFO: at 2167.466 ms fetching 27.242 ms
INFO: at 2174.811 ms batch [84.879] delay 6.875 ms
INFO: at 2174.811 ms fetching 84.879 ms
INFO: at 2182.202 ms batch [81.399] delay 6.875 ms
INFO: at 2182.202 ms fetching 81.399 ms
INFO: at 2189.551 ms batch [84.756] delay 6.875 ms
INFO: at 2189.551 ms fetching 84.756 ms
INFO: at 2196.901 ms batch [80.870] delay 6.875 ms
INFO: at 2196.901 ms fetching 80.870 ms
INFO: at 2204.259 ms batch [26.201] delay 6.875 ms
INFO: at 2204.259 ms fetching 26.201 ms
INFO: at 2211.611 ms batch [26.605] delay 5.500 ms
INFO: at 2211.611 ms fetching 26.605 ms
INFO: at 2217.967 ms batch [21.927] delay 5.500 ms
INFO: at 2217.967 ms fetching 21.927 ms
INFO: at 2224.347 ms batch [31.606] delay 5.500 ms
INFO: at 2224.347 ms fetching 31.606 ms
INFO: at 2230.706 ms batch [28.775] delay 5.500 ms
INFO: at 2230.706 ms fetching 28.775 ms
INFO: at 2237.062 ms batch [88.725] delay 5.500 ms
INFO: at 2237.062 ms fetching 88.725 ms
INFO: at 2243.420 ms batch [75.618] delay 5.500 ms
INFO: at 2243.420 ms fetching 75.618 ms
INFO: at 2249.781 ms batch [26.985] delay 5.500 ms
INFO: at 2249.781 ms fetching 26.985 ms
INFO: at 2256.143 ms batch [77.726] delay 5.500 ms
INFO: at 2256.143 ms fetching 77.726 ms
INFO: at 2262.512 ms batch [77.176] delay 5.500 ms
INFO: at 2262.512 ms fetching 77.176 ms
INFO: at 2268.879 ms batch [29.588] delay 5.500 ms
INFO: at 2268.879 ms fetching 29.588 ms
INFO: at 2275.325 ms batch [26.448] delay 6.111 ms
INFO: at 2275.325 ms fetching 26.448 ms
INFO: at 2281.851 ms batch [29.788] delay 6.111 ms
INFO: at 2281.851 ms fetching 29.788 ms
INFO: at 2288.199 ms batch [32.019] delay 6.111 ms
INFO: at 2288.199 ms fetching 32.019 ms
INFO: at 2294.527 ms batch [34.204] delay 6.111 ms
INFO: at 2294.527 ms fetching 34.204 ms
INFO: at 2300.858 ms batch [91.291] delay 6.111 ms
INFO: at 2300.858 ms fetching 91.291 ms
INFO: at 2307.200 ms batch [87.735] delay 6.111 ms
INFO: at 2307.200 ms fetching 87.735 ms
INFO: at 2313.543 ms batch [28.674] delay 6.111 ms
INFO: at 2313.543 ms fetching 28.674 ms
INFO: at 2319.878 ms batch [32.309] delay 6.111 ms
INFO: at 2319.878 ms fetching 32.309 ms
INFO: done
INFO: stopping nexus
