2021-12-11 02:47:57.875917: I tensorflow/stream_executor/platform/default/dso_loader.cc:44] Successfully opened dynamic library libcudart.so.10.0
I1211 02:47:57.920096 119706 backend_main.cpp:74] Backend server: port 8001, rpc port 8002, workers 0, gpu 0
I1211 02:47:57.921805 119706 rpc_service_base.h:46] RPC service is listening on 0.0.0.0:8002
I1211 02:47:57.921931 119706 backend_server.cpp:40] Multi-batching is enabled
I1211 02:47:57.942152 119713 worker.cpp:44] Worker 0 starts
I1211 02:47:57.942215 119714 worker.cpp:44] Worker 1 starts
I1211 02:47:57.942240 119715 worker.cpp:44] Worker 2 starts
I1211 02:47:57.942395 119716 worker.cpp:44] Worker 3 starts
I1211 02:47:57.973284 119712 gpu_executor.cpp:128] GpuExecutor started
I1211 02:47:57.973614 119706 device.cpp:37] GPU 0 Tesla_V100S-PCIE-32GB(fcf0dc04-2c7f-7570-499b-47b29c6d534c): total memory 31.7485GB
I1211 02:47:58.352480 119706 backend_server.cpp:99] Backend server (id: 102204341) is listening on 0.0.0.0:8001
I1211 02:47:59.808020 119719 model_ins.cpp:84] Construct model fake:fake_0:1:224x224:213, batch 8, max batch 8
I1211 02:47:59.808110 119719 fake_model.cpp:38] model memory usage: 2619487232 B
I1211 02:47:59.808116 119719 fake_model.cpp:41] model memory usage: 2.61949e+09 B
2021-12-11 02:47:59.814780: I tensorflow/stream_executor/platform/default/dso_loader.cc:44] Successfully opened dynamic library libcuda.so.1
2021-12-11 02:47:59.857873: I tensorflow/core/common_runtime/gpu/gpu_device.cc:1558] Found device 0 with properties: 
pciBusID: 0000:21:00.0 name: Tesla V100S-PCIE-32GB computeCapability: 7.0
coreClock: 1.597GHz coreCount: 80 deviceMemorySize: 31.75GiB deviceMemoryBandwidth: 1.03TiB/s
2021-12-11 02:47:59.857890: I tensorflow/stream_executor/platform/default/dso_loader.cc:44] Successfully opened dynamic library libcudart.so.10.0
2021-12-11 02:47:59.859749: I tensorflow/stream_executor/platform/default/dso_loader.cc:44] Successfully opened dynamic library libcublas.so.10.0
2021-12-11 02:47:59.861252: I tensorflow/stream_executor/platform/default/dso_loader.cc:44] Successfully opened dynamic library libcufft.so.10.0
2021-12-11 02:47:59.861577: I tensorflow/stream_executor/platform/default/dso_loader.cc:44] Successfully opened dynamic library libcurand.so.10.0
2021-12-11 02:47:59.863518: I tensorflow/stream_executor/platform/default/dso_loader.cc:44] Successfully opened dynamic library libcusolver.so.10.0
2021-12-11 02:47:59.864871: I tensorflow/stream_executor/platform/default/dso_loader.cc:44] Successfully opened dynamic library libcusparse.so.10.0
2021-12-11 02:47:59.868912: I tensorflow/stream_executor/platform/default/dso_loader.cc:44] Successfully opened dynamic library libcudnn.so.7
2021-12-11 02:47:59.871582: I tensorflow/core/common_runtime/gpu/gpu_device.cc:1700] Adding visible gpu devices: 0
2021-12-11 02:47:59.871771: I tensorflow/core/common_runtime/gpu/gpu_device.cc:1099] Device interconnect StreamExecutor with strength 1 edge matrix:
2021-12-11 02:47:59.871780: I tensorflow/core/common_runtime/gpu/gpu_device.cc:1105]      0 
2021-12-11 02:47:59.871785: I tensorflow/core/common_runtime/gpu/gpu_device.cc:1118] 0:   N 
2021-12-11 02:47:59.875744: I tensorflow/core/common_runtime/gpu/gpu_device.cc:1244] Created TensorFlow device (/job:localhost/replica:0/task:0/device:GPU:0 with 2498 MB memory) -> physical GPU (device: 0, name: Tesla V100S-PCIE-32GB, pci bus id: 0000:21:00.0, compute capability: 7.0)
I1211 02:48:00.029458 119719 fake_model.cpp:87] Model fake:fake_0:1:224x224:213, input: input, shape: 8x224x224x3 (150528)
2021-12-11 02:48:01.069736: I tensorflow/stream_executor/platform/default/dso_loader.cc:44] Successfully opened dynamic library libcudnn.so.7
2021-12-11 02:48:02.080002: I tensorflow/stream_executor/platform/default/dso_loader.cc:44] Successfully opened dynamic library libcublas.so.10.0
I1211 02:48:02.443805 119719 fake_model.cpp:139] Output output, shape: 1x1000 (1000)
I1211 02:48:02.446727 119719 model_ins.cpp:65] Loading model time: 2639ms
I1211 02:48:02.446852 119719 backend_server.cpp:362] Load model instance fake:fake_0:1:224x224:213, batch: 8, backup: 0
I1211 02:48:02.446877 119719 backend_server.cpp:379] Duty cycle: 604.063 us
I1211 02:48:10.827523 119712 fake_model.cpp:311] Model fake:fake_0:1:224x224:213 forward batch, slept for 1000 us = 674.037 + 0.325963 * 1 * 1000
I1211 02:48:10.841087 119712 fake_model.cpp:311] Model fake:fake_0:1:224x224:213 forward batch, slept for 56510.7 us = 38090.3 + 0.325963 * 1 * 56510.7
I1211 02:48:10.897751 119712 fake_model.cpp:311] Model fake:fake_0:1:224x224:213 forward batch, slept for 47633.9 us = 32107 + 0.325963 * 1 * 47633.9
I1211 02:48:10.945538 119712 fake_model.cpp:311] Model fake:fake_0:1:224x224:213 forward batch, slept for 56206.5 us = 37885.3 + 0.325963 * 1 * 56206.5
I1211 02:48:11.002004 119712 fake_model.cpp:311] Model fake:fake_0:1:224x224:213 forward batch, slept for 114364 us = 58135.4 + 0.325963 * 2 * 86249.6
I1211 02:48:11.116657 119712 fake_model.cpp:311] Model fake:fake_0:1:224x224:213 forward batch, slept for 91452.3 us = 46488.7 + 0.325963 * 2 * 68970.5
I1211 02:48:11.208253 119712 fake_model.cpp:311] Model fake:fake_0:1:224x224:213 forward batch, slept for 65472 us = 44130.6 + 0.325963 * 1 * 65472
I1211 02:48:11.273986 119712 fake_model.cpp:311] Model fake:fake_0:1:224x224:213 forward batch, slept for 97812.5 us = 49721.8 + 0.325963 * 2 * 73767.1
I1211 02:48:11.372257 119712 fake_model.cpp:311] Model fake:fake_0:1:224x224:213 forward batch, slept for 195614 us = 79816.5 + 0.325963 * 3 * 118416
I1211 02:48:11.569419 119712 fake_model.cpp:311] Model fake:fake_0:1:224x224:213 forward batch, slept for 284858 us = 64959.1 + 0.325963 * 7 * 96373.2
I1211 02:48:11.855057 119712 fake_model.cpp:311] Model fake:fake_0:1:224x224:213 forward batch, slept for 127290 us = 43378.5 + 0.325963 * 4 * 64356.3
I1211 02:48:11.982978 119712 fake_model.cpp:311] Model fake:fake_0:1:224x224:213 forward batch, slept for 146396 us = 49889.7 + 0.325963 * 4 * 74016.2
I1211 02:48:12.130013 119712 fake_model.cpp:311] Model fake:fake_0:1:224x224:213 forward batch, slept for 144189 us = 49137.5 + 0.325963 * 4 * 72900.4
I1211 02:48:12.274699 119712 fake_model.cpp:311] Model fake:fake_0:1:224x224:213 forward batch, slept for 108660 us = 44336.8 + 0.325963 * 3 * 65777.9
I1211 02:48:12.385341 119712 fake_model.cpp:311] Model fake:fake_0:1:224x224:213 forward batch, slept for 90297.8 us = 45901.8 + 0.325963 * 2 * 68099.8
I1211 02:48:12.447767 119720 backend_server.cpp:422] fake:fake_0:1:224x224:213 request rate: 3.08158, drop rate: 0
I1211 02:48:12.476119 119712 fake_model.cpp:311] Model fake:fake_0:1:224x224:213 forward batch, slept for 106208 us = 43336.2 + 0.325963 * 3 * 64293.5
I1211 02:48:12.582788 119712 fake_model.cpp:311] Model fake:fake_0:1:224x224:213 forward batch, slept for 106213 us = 43338.1 + 0.325963 * 3 * 64296.3
I1211 02:48:12.690907 119712 fake_model.cpp:311] Model fake:fake_0:1:224x224:213 forward batch, slept for 117951 us = 48127.5 + 0.325963 * 3 * 71401.8
I1211 02:48:12.809281 119712 fake_model.cpp:311] Model fake:fake_0:1:224x224:213 forward batch, slept for 189920 us = 77493.3 + 0.325963 * 3 * 114969
I1211 02:48:12.999859 119712 fake_model.cpp:311] Model fake:fake_0:1:224x224:213 forward batch, slept for 197563 us = 57800.8 + 0.325963 * 5 * 85753.1
I1211 02:48:13.198277 119712 fake_model.cpp:311] Model fake:fake_0:1:224x224:213 forward batch, slept for 235092 us = 60255.6 + 0.325963 * 6 * 89395.1
I1211 02:48:13.434146 119712 fake_model.cpp:311] Model fake:fake_0:1:224x224:213 forward batch, slept for 179787 us = 52600.1 + 0.325963 * 5 * 78037.4
I1211 02:48:13.614521 119712 fake_model.cpp:311] Model fake:fake_0:1:224x224:213 forward batch, slept for 168414 us = 57393.3 + 0.325963 * 4 * 85148.6
I1211 02:48:13.783596 119712 fake_model.cpp:311] Model fake:fake_0:1:224x224:213 forward batch, slept for 153493 us = 44907.3 + 0.325963 * 5 * 66624.4
I1211 02:48:13.937690 119712 fake_model.cpp:311] Model fake:fake_0:1:224x224:213 forward batch, slept for 195107 us = 66489.8 + 0.325963 * 4 * 98644.1
I1211 02:48:14.133394 119712 fake_model.cpp:311] Model fake:fake_0:1:224x224:213 forward batch, slept for 161667 us = 55093.8 + 0.325963 * 4 * 81737
I1211 02:48:14.295495 119712 fake_model.cpp:311] Model fake:fake_0:1:224x224:213 forward batch, slept for 96923.5 us = 39547.8 + 0.325963 * 3 * 58673.1
I1211 02:48:14.392701 119712 fake_model.cpp:311] Model fake:fake_0:1:224x224:213 forward batch, slept for 122853 us = 62450.9 + 0.325963 * 2 * 92652.1
I1211 02:48:14.447832 119720 backend_server.cpp:422] fake:fake_0:1:224x224:213 request rate: 10.9999, drop rate: 0.626501
I1211 02:48:14.516029 119712 fake_model.cpp:311] Model fake:fake_0:1:224x224:213 forward batch, slept for 130782 us = 53363.1 + 0.325963 * 3 * 79169.4
I1211 02:48:14.647110 119712 fake_model.cpp:311] Model fake:fake_0:1:224x224:213 forward batch, slept for 101263 us = 51475.8 + 0.325963 * 2 * 76369.4
I1211 02:48:14.748667 119712 fake_model.cpp:311] Model fake:fake_0:1:224x224:213 forward batch, slept for 110176 us = 56006.6 + 0.325963 * 2 * 83091.3
I1211 02:48:14.859119 119712 fake_model.cpp:311] Model fake:fake_0:1:224x224:213 forward batch, slept for 69849.5 us = 35507.1 + 0.325963 * 2 * 52678.3
I1211 02:48:14.929257 119712 fake_model.cpp:311] Model fake:fake_0:1:224x224:213 forward batch, slept for 102734 us = 52223.8 + 0.325963 * 2 * 77479.1
I1211 02:48:15.032379 119712 fake_model.cpp:311] Model fake:fake_0:1:224x224:213 forward batch, slept for 129632 us = 52893.9 + 0.325963 * 3 * 78473.3
I1211 02:48:15.162436 119712 fake_model.cpp:311] Model fake:fake_0:1:224x224:213 forward batch, slept for 204570 us = 83470.8 + 0.325963 * 3 * 123837
I1211 02:48:15.367774 119712 fake_model.cpp:311] Model fake:fake_0:1:224x224:213 forward batch, slept for 217319 us = 55700.2 + 0.325963 * 6 * 82636.7
I1211 02:48:15.586115 119712 fake_model.cpp:311] Model fake:fake_0:1:224x224:213 forward batch, slept for 187350 us = 48018.8 + 0.325963 * 6 * 71240.7
I1211 02:48:15.774422 119712 fake_model.cpp:311] Model fake:fake_0:1:224x224:213 forward batch, slept for 220428 us = 56497.1 + 0.325963 * 6 * 83819
I1211 02:48:15.995715 119712 fake_model.cpp:311] Model fake:fake_0:1:224x224:213 forward batch, slept for 222396 us = 57001.3 + 0.325963 * 6 * 84567
I1211 02:48:16.219012 119712 fake_model.cpp:311] Model fake:fake_0:1:224x224:213 forward batch, slept for 168244 us = 43121.8 + 0.325963 * 6 * 63975.5
I1211 02:48:16.387909 119712 fake_model.cpp:311] Model fake:fake_0:1:224x224:213 forward batch, slept for 198125 us = 67518.3 + 0.325963 * 4 * 100170
I1211 02:48:16.447896 119720 backend_server.cpp:422] fake:fake_0:1:224x224:213 request rate: 14.9889, drop rate: 0.419956
I1211 02:48:16.586705 119712 fake_model.cpp:311] Model fake:fake_0:1:224x224:213 forward batch, slept for 143425 us = 48877.3 + 0.325963 * 4 * 72514.3
I1211 02:48:16.730515 119712 fake_model.cpp:311] Model fake:fake_0:1:224x224:213 forward batch, slept for 93937.5 us = 47752 + 0.325963 * 2 * 70844.7
I1211 02:48:16.824774 119712 fake_model.cpp:311] Model fake:fake_0:1:224x224:213 forward batch, slept for 116114 us = 59025.2 + 0.325963 * 2 * 87569.6
I1211 02:48:16.941186 119712 fake_model.cpp:311] Model fake:fake_0:1:224x224:213 forward batch, slept for 112695 us = 57287.1 + 0.325963 * 2 * 84991
I1211 02:48:17.054342 119712 fake_model.cpp:311] Model fake:fake_0:1:224x224:213 forward batch, slept for 165281 us = 67439.9 + 0.325963 * 3 * 100054
I1211 02:48:17.219949 119712 fake_model.cpp:311] Model fake:fake_0:1:224x224:213 forward batch, slept for 126378 us = 64242.5 + 0.325963 * 2 * 95310.1
I1211 02:48:17.346873 119712 fake_model.cpp:311] Model fake:fake_0:1:224x224:213 forward batch, slept for 154284 us = 52577.8 + 0.325963 * 4 * 78004.3
I1211 02:48:17.501827 119712 fake_model.cpp:311] Model fake:fake_0:1:224x224:213 forward batch, slept for 188666 us = 64294.6 + 0.325963 * 4 * 95387.3
I1211 02:48:17.691102 119712 fake_model.cpp:311] Model fake:fake_0:1:224x224:213 forward batch, slept for 140252 us = 47796 + 0.325963 * 4 * 70910.1
I1211 02:48:17.831851 119712 fake_model.cpp:311] Model fake:fake_0:1:224x224:213 forward batch, slept for 113938 us = 46490 + 0.325963 * 3 * 68972.5
I1211 02:48:17.946130 119712 fake_model.cpp:311] Model fake:fake_0:1:224x224:213 forward batch, slept for 89568 us = 45530.8 + 0.325963 * 2 * 67549.4
I1211 02:48:18.036036 119712 fake_model.cpp:311] Model fake:fake_0:1:224x224:213 forward batch, slept for 98018.7 us = 49826.6 + 0.325963 * 2 * 73922.6
I1211 02:48:18.134425 119712 fake_model.cpp:311] Model fake:fake_0:1:224x224:213 forward batch, slept for 78212 us = 39758.1 + 0.325963 * 2 * 58985
I1211 02:48:18.213222 119712 fake_model.cpp:311] Model fake:fake_0:1:224x224:213 forward batch, slept for 169051 us = 57610.2 + 0.325963 * 4 * 85470.3
I1211 02:48:18.383417 119712 fake_model.cpp:311] Model fake:fake_0:1:224x224:213 forward batch, slept for 229692 us = 47176.5 + 0.325963 * 8 * 69991
I1211 02:48:18.447922 119720 backend_server.cpp:422] fake:fake_0:1:224x224:213 request rate: 17.9767, drop rate: 0.429916
I1211 02:48:18.613976 119712 fake_model.cpp:311] Model fake:fake_0:1:224x224:213 forward batch, slept for 187838 us = 54955.7 + 0.325963 * 5 * 81532.2
I1211 02:48:18.802628 119712 fake_model.cpp:311] Model fake:fake_0:1:224x224:213 forward batch, slept for 182558 us = 53411 + 0.325963 * 5 * 79240.4
I1211 02:48:18.985916 119712 fake_model.cpp:311] Model fake:fake_0:1:224x224:213 forward batch, slept for 165064 us = 48292.6 + 0.325963 * 5 * 71646.8
I1211 02:48:19.151837 119712 fake_model.cpp:311] Model fake:fake_0:1:224x224:213 forward batch, slept for 200133 us = 51295.3 + 0.325963 * 6 * 76101.6
I1211 02:48:19.352710 119712 fake_model.cpp:311] Model fake:fake_0:1:224x224:213 forward batch, slept for 179000 us = 52370 + 0.325963 * 5 * 77696.1
I1211 02:48:19.532433 119712 fake_model.cpp:311] Model fake:fake_0:1:224x224:213 forward batch, slept for 195221 us = 57115.7 + 0.325963 * 5 * 84736.7
I1211 02:48:19.728245 119712 fake_model.cpp:311] Model fake:fake_0:1:224x224:213 forward batch, slept for 168912 us = 57562.9 + 0.325963 * 4 * 85400.2
I1211 02:48:19.897789 119712 fake_model.cpp:311] Model fake:fake_0:1:224x224:213 forward batch, slept for 208506 us = 71055.9 + 0.325963 * 4 * 105418
I1211 02:48:20.107190 119712 fake_model.cpp:311] Model fake:fake_0:1:224x224:213 forward batch, slept for 245788 us = 62996.8 + 0.325963 * 6 * 93462
I1211 02:48:20.353771 119712 fake_model.cpp:311] Model fake:fake_0:1:224x224:213 forward batch, slept for 170740 us = 49953.2 + 0.325963 * 5 * 74110.5
I1211 02:48:20.448168 119720 backend_server.cpp:422] fake:fake_0:1:224x224:213 request rate: 21.8748, drop rate: 1.19453
I1211 02:48:20.525305 119712 fake_model.cpp:311] Model fake:fake_0:1:224x224:213 forward batch, slept for 186907 us = 54683.3 + 0.325963 * 5 * 81128
I1211 02:48:20.713150 119712 fake_model.cpp:311] Model fake:fake_0:1:224x224:213 forward batch, slept for 213221 us = 54649.9 + 0.325963 * 6 * 81078.5
I1211 02:48:20.927187 119712 fake_model.cpp:311] Model fake:fake_0:1:224x224:213 forward batch, slept for 197458 us = 57770.1 + 0.325963 * 5 * 85707.6
I1211 02:48:21.125278 119712 fake_model.cpp:311] Model fake:fake_0:1:224x224:213 forward batch, slept for 139744 us = 47622.6 + 0.325963 * 4 * 70652.9
I1211 02:48:21.265506 119712 fake_model.cpp:311] Model fake:fake_0:1:224x224:213 forward batch, slept for 130231 us = 53138.2 + 0.325963 * 3 * 78835.7
I1211 02:48:21.396212 119712 fake_model.cpp:311] Model fake:fake_0:1:224x224:213 forward batch, slept for 152985 us = 62422.5 + 0.325963 * 3 * 92609.9
I1211 02:48:21.549815 119712 fake_model.cpp:311] Model fake:fake_0:1:224x224:213 forward batch, slept for 193125 us = 65814.3 + 0.325963 * 4 * 97642
I1211 02:48:21.743708 119712 fake_model.cpp:311] Model fake:fake_0:1:224x224:213 forward batch, slept for 270118 us = 79028.3 + 0.325963 * 5 * 117246
I1211 02:48:22.014829 119712 fake_model.cpp:311] Model fake:fake_0:1:224x224:213 forward batch, slept for 220479 us = 56510.2 + 0.325963 * 6 * 83838.4
I1211 02:48:22.236050 119712 fake_model.cpp:311] Model fake:fake_0:1:224x224:213 forward batch, slept for 177851 us = 52033.9 + 0.325963 * 5 * 77197.4
I1211 02:48:22.414566 119712 fake_model.cpp:311] Model fake:fake_0:1:224x224:213 forward batch, slept for 131646 us = 44863.2 + 0.325963 * 4 * 66558.9
I1211 02:48:22.448107 119720 backend_server.cpp:422] fake:fake_0:1:224x224:213 request rate: 22.938, drop rate: 0.949126
I1211 02:48:22.546813 119712 fake_model.cpp:311] Model fake:fake_0:1:224x224:213 forward batch, slept for 124665 us = 42484.2 + 0.325963 * 4 * 63029.4
I1211 02:48:22.671957 119712 fake_model.cpp:311] Model fake:fake_0:1:224x224:213 forward batch, slept for 142959 us = 58331.6 + 0.325963 * 3 * 86540.6
I1211 02:48:22.815361 119712 fake_model.cpp:311] Model fake:fake_0:1:224x224:213 forward batch, slept for 139666 us = 56987.9 + 0.325963 * 3 * 84547.1
I1211 02:48:22.955338 119712 fake_model.cpp:311] Model fake:fake_0:1:224x224:213 forward batch, slept for 99322.3 us = 50489.3 + 0.325963 * 2 * 74905.8
I1211 02:48:23.054950 119712 fake_model.cpp:311] Model fake:fake_0:1:224x224:213 forward batch, slept for 84366 us = 42886.4 + 0.325963 * 2 * 63626.2
I1211 02:48:23.139639 119712 fake_model.cpp:311] Model fake:fake_0:1:224x224:213 forward batch, slept for 129675 us = 65918.7 + 0.325963 * 2 * 97796.9
I1211 02:48:23.269608 119712 fake_model.cpp:311] Model fake:fake_0:1:224x224:213 forward batch, slept for 128777 us = 65462.3 + 0.325963 * 2 * 97119.8
I1211 02:48:23.398954 119712 fake_model.cpp:311] Model fake:fake_0:1:224x224:213 forward batch, slept for 148098 us = 50469.8 + 0.325963 * 4 * 74876.9
I1211 02:48:23.547760 119712 fake_model.cpp:311] Model fake:fake_0:1:224x224:213 forward batch, slept for 194607 us = 56936.1 + 0.325963 * 5 * 84470.3
I1211 02:48:23.743090 119712 fake_model.cpp:311] Model fake:fake_0:1:224x224:213 forward batch, slept for 239604 us = 70100.9 + 0.325963 * 5 * 104002
I1211 02:48:23.983706 119712 fake_model.cpp:311] Model fake:fake_0:1:224x224:213 forward batch, slept for 265690 us = 60588 + 0.325963 * 7 * 89888.3
I1211 02:48:24.250432 119712 fake_model.cpp:311] Model fake:fake_0:1:224x224:213 forward batch, slept for 261805 us = 59702.1 + 0.325963 * 7 * 88573.9
I1211 02:48:24.448351 119720 backend_server.cpp:422] fake:fake_0:1:224x224:213 request rate: 23.074, drop rate: 0.784629
I1211 02:48:24.513028 119712 fake_model.cpp:311] Model fake:fake_0:1:224x224:213 forward batch, slept for 190924 us = 55858.6 + 0.325963 * 5 * 82871.7
I1211 02:48:24.704722 119712 fake_model.cpp:311] Model fake:fake_0:1:224x224:213 forward batch, slept for 188421 us = 55126.2 + 0.325963 * 5 * 81785.1
I1211 02:48:24.893862 119712 fake_model.cpp:311] Model fake:fake_0:1:224x224:213 forward batch, slept for 245227 us = 71745.9 + 0.325963 * 5 * 106442
I1211 02:48:25.140200 119712 fake_model.cpp:311] Model fake:fake_0:1:224x224:213 forward batch, slept for 272040 us = 55874.3 + 0.325963 * 8 * 82895
I1211 02:48:25.413172 119712 fake_model.cpp:311] Model fake:fake_0:1:224x224:213 forward batch, slept for 300764 us = 77087.6 + 0.325963 * 6 * 114367
I1211 02:48:25.714592 119712 fake_model.cpp:311] Model fake:fake_0:1:224x224:213 forward batch, slept for 202366 us = 68963.5 + 0.325963 * 4 * 102314
I1211 02:48:25.917636 119712 fake_model.cpp:311] Model fake:fake_0:1:224x224:213 forward batch, slept for 181393 us = 53070 + 0.325963 * 5 * 78734.5
I1211 02:48:26.099989 119712 fake_model.cpp:311] Model fake:fake_0:1:224x224:213 forward batch, slept for 223233 us = 50906.3 + 0.325963 * 7 * 75524.4
I1211 02:48:26.323972 119712 fake_model.cpp:311] Model fake:fake_0:1:224x224:213 forward batch, slept for 196898 us = 57606.5 + 0.325963 * 5 * 85464.8
I1211 02:48:26.448400 119720 backend_server.cpp:422] fake:fake_0:1:224x224:213 request rate: 25.5386, drop rate: 2.0588
I1211 02:48:26.521456 119712 fake_model.cpp:311] Model fake:fake_0:1:224x224:213 forward batch, slept for 175314 us = 59744.5 + 0.325963 * 4 * 88636.8
I1211 02:48:26.697479 119712 fake_model.cpp:311] Model fake:fake_0:1:224x224:213 forward batch, slept for 217793 us = 63719.5 + 0.325963 * 5 * 94534.1
I1211 02:48:26.916122 119712 fake_model.cpp:311] Model fake:fake_0:1:224x224:213 forward batch, slept for 218613 us = 56031.8 + 0.325963 * 6 * 83128.6
I1211 02:48:27.135730 119712 fake_model.cpp:311] Model fake:fake_0:1:224x224:213 forward batch, slept for 245905 us = 56076.2 + 0.325963 * 7 * 83194.6
I1211 02:48:27.382407 119712 fake_model.cpp:311] Model fake:fake_0:1:224x224:213 forward batch, slept for 207751 us = 60781.7 + 0.325963 * 5 * 90175.6
I1211 02:48:27.591001 119712 fake_model.cpp:311] Model fake:fake_0:1:224x224:213 forward batch, slept for 178234 us = 45682.5 + 0.325963 * 6 * 67774.5
I1211 02:48:27.770059 119712 fake_model.cpp:311] Model fake:fake_0:1:224x224:213 forward batch, slept for 175510 us = 51349 + 0.325963 * 5 * 76181.3
I1211 02:48:27.946288 119712 fake_model.cpp:311] Model fake:fake_0:1:224x224:213 forward batch, slept for 177872 us = 52040 + 0.325963 * 5 * 77206.5
I1211 02:48:28.125007 119712 fake_model.cpp:311] Model fake:fake_0:1:224x224:213 forward batch, slept for 209796 us = 53771.9 + 0.325963 * 6 * 79775.9
I1211 02:48:28.335880 119712 fake_model.cpp:311] Model fake:fake_0:1:224x224:213 forward batch, slept for 172880 us = 44310.2 + 0.325963 * 6 * 65738.6
I1211 02:48:28.448591 119720 backend_server.cpp:422] fake:fake_0:1:224x224:213 request rate: 26.0533, drop rate: 2.18783
I1211 02:48:28.509493 119712 fake_model.cpp:311] Model fake:fake_0:1:224x224:213 forward batch, slept for 158750 us = 46445.4 + 0.325963 * 5 * 68906.3
I1211 02:48:28.669122 119712 fake_model.cpp:311] Model fake:fake_0:1:224x224:213 forward batch, slept for 160879 us = 47068.2 + 0.325963 * 5 * 69830.3
I1211 02:48:28.830873 119712 fake_model.cpp:311] Model fake:fake_0:1:224x224:213 forward batch, slept for 238756 us = 61194.5 + 0.325963 * 6 * 90788
I1211 02:48:29.070415 119712 fake_model.cpp:311] Model fake:fake_0:1:224x224:213 forward batch, slept for 191859 us = 56132.2 + 0.325963 * 5 * 83277.6
I1211 02:48:29.262903 119712 fake_model.cpp:311] Model fake:fake_0:1:224x224:213 forward batch, slept for 235973 us = 80416.4 + 0.325963 * 4 * 119306
I1211 02:48:29.499724 119712 fake_model.cpp:311] Model fake:fake_0:1:224x224:213 forward batch, slept for 219397 us = 56232.9 + 0.325963 * 6 * 83427
I1211 02:48:29.719899 119712 fake_model.cpp:311] Model fake:fake_0:1:224x224:213 forward batch, slept for 196397 us = 57459.9 + 0.325963 * 5 * 85247.4
I1211 02:48:29.917587 119712 fake_model.cpp:311] Model fake:fake_0:1:224x224:213 forward batch, slept for 256074 us = 52595.1 + 0.325963 * 8 * 78030
I1211 02:48:30.174767 119712 fake_model.cpp:311] Model fake:fake_0:1:224x224:213 forward batch, slept for 259445 us = 59164 + 0.325963 * 7 * 87775.5
I1211 02:48:30.434983 119712 fake_model.cpp:311] Model fake:fake_0:1:224x224:213 forward batch, slept for 189638 us = 55482.3 + 0.325963 * 5 * 82313.5
I1211 02:48:30.448552 119720 backend_server.cpp:422] fake:fake_0:1:224x224:213 request rate: 26.9919, drop rate: 1.64781
I1211 02:48:30.625449 119712 fake_model.cpp:311] Model fake:fake_0:1:224x224:213 forward batch, slept for 275977 us = 70734.5 + 0.325963 * 6 * 104942
I1211 02:48:30.902571 119712 fake_model.cpp:311] Model fake:fake_0:1:224x224:213 forward batch, slept for 290516 us = 59669 + 0.325963 * 8 * 88524.9
I1211 02:48:31.194135 119712 fake_model.cpp:311] Model fake:fake_0:1:224x224:213 forward batch, slept for 247821 us = 56513.1 + 0.325963 * 7 * 83842.8
I1211 02:48:31.442886 119712 fake_model.cpp:311] Model fake:fake_0:1:224x224:213 forward batch, slept for 181444 us = 46505.2 + 0.325963 * 6 * 68995.1
I1211 02:48:31.625325 119712 fake_model.cpp:311] Model fake:fake_0:1:224x224:213 forward batch, slept for 201560 us = 45963.8 + 0.325963 * 7 * 68191.8
I1211 02:48:31.827780 119712 fake_model.cpp:311] Model fake:fake_0:1:224x224:213 forward batch, slept for 277942 us = 71238.2 + 0.325963 * 6 * 105689
I1211 02:48:32.106408 119712 fake_model.cpp:311] Model fake:fake_0:1:224x224:213 forward batch, slept for 164889 us = 56191.9 + 0.325963 * 4 * 83366.1
I1211 02:48:32.271773 119712 fake_model.cpp:311] Model fake:fake_0:1:224x224:213 forward batch, slept for 138114 us = 56354.6 + 0.325963 * 3 * 83607.6
I1211 02:48:32.410315 119712 fake_model.cpp:311] Model fake:fake_0:1:224x224:213 forward batch, slept for 121206 us = 49455.7 + 0.325963 * 3 * 73372.3
I1211 02:48:32.448558 119720 backend_server.cpp:422] fake:fake_0:1:224x224:213 request rate: 28.7087, drop rate: 2.96709
I1211 02:48:32.531950 119712 fake_model.cpp:311] Model fake:fake_0:1:224x224:213 forward batch, slept for 132609 us = 54108.7 + 0.325963 * 3 * 80275.6
I1211 02:48:32.664897 119712 fake_model.cpp:311] Model fake:fake_0:1:224x224:213 forward batch, slept for 81461.8 us = 41410.1 + 0.325963 * 2 * 61435.9
I1211 02:48:32.746676 119712 fake_model.cpp:311] Model fake:fake_0:1:224x224:213 forward batch, slept for 126845 us = 64479.9 + 0.325963 * 2 * 95662.3
I1211 02:48:32.873870 119712 fake_model.cpp:311] Model fake:fake_0:1:224x224:213 forward batch, slept for 87051.6 us = 44251.6 + 0.325963 * 2 * 65651.6
I1211 02:48:32.961244 119712 fake_model.cpp:311] Model fake:fake_0:1:224x224:213 forward batch, slept for 84250.1 us = 42827.5 + 0.325963 * 2 * 63538.8
I1211 02:48:33.045799 119712 fake_model.cpp:311] Model fake:fake_0:1:224x224:213 forward batch, slept for 83542.2 us = 42467.6 + 0.325963 * 2 * 63004.9
I1211 02:48:33.129638 119712 fake_model.cpp:311] Model fake:fake_0:1:224x224:213 forward batch, slept for 100285 us = 50978.5 + 0.325963 * 2 * 75631.6
I1211 02:48:33.230214 119712 fake_model.cpp:311] Model fake:fake_0:1:224x224:213 forward batch, slept for 84962.5 us = 43189.6 + 0.325963 * 2 * 64076.1
I1211 02:48:33.315615 119712 fake_model.cpp:311] Model fake:fake_0:1:224x224:213 forward batch, slept for 136036 us = 55506.8 + 0.325963 * 3 * 82349.8
I1211 02:48:33.452246 119712 fake_model.cpp:311] Model fake:fake_0:1:224x224:213 forward batch, slept for 172853 us = 58905.9 + 0.325963 * 4 * 87392.7
I1211 02:48:33.625792 119712 fake_model.cpp:311] Model fake:fake_0:1:224x224:213 forward batch, slept for 203601 us = 59567.4 + 0.325963 * 5 * 88374
I1211 02:48:33.829959 119712 fake_model.cpp:311] Model fake:fake_0:1:224x224:213 forward batch, slept for 161616 us = 55076.4 + 0.325963 * 4 * 81711.2
I1211 02:48:33.992275 119712 fake_model.cpp:311] Model fake:fake_0:1:224x224:213 forward batch, slept for 203185 us = 59445.6 + 0.325963 * 5 * 88193.4
I1211 02:48:34.196164 119712 fake_model.cpp:311] Model fake:fake_0:1:224x224:213 forward batch, slept for 137178 us = 46748.4 + 0.325963 * 4 * 69355.8
I1211 02:48:34.333773 119712 fake_model.cpp:311] Model fake:fake_0:1:224x224:213 forward batch, slept for 100781 us = 41121.7 + 0.325963 * 3 * 61008
I1211 02:48:34.434841 119712 fake_model.cpp:311] Model fake:fake_0:1:224x224:213 forward batch, slept for 92362.5 us = 46951.4 + 0.325963 * 2 * 69656.9
I1211 02:48:34.448730 119720 backend_server.cpp:422] fake:fake_0:1:224x224:213 request rate: 27.1235, drop rate: 2.28572
I1211 02:48:34.527599 119712 fake_model.cpp:311] Model fake:fake_0:1:224x224:213 forward batch, slept for 161724 us = 65988.3 + 0.325963 * 3 * 97900.1
I1211 02:48:34.689895 119712 fake_model.cpp:311] Model fake:fake_0:1:224x224:213 forward batch, slept for 174845 us = 59584.7 + 0.325963 * 4 * 88399.7
I1211 02:48:34.865443 119712 fake_model.cpp:311] Model fake:fake_0:1:224x224:213 forward batch, slept for 253910 us = 74286.5 + 0.325963 * 5 * 110211
I1211 02:48:35.120007 119712 fake_model.cpp:311] Model fake:fake_0:1:224x224:213 forward batch, slept for 166499 us = 56740.5 + 0.325963 * 4 * 84180.2
I1211 02:48:35.286955 119712 fake_model.cpp:311] Model fake:fake_0:1:224x224:213 forward batch, slept for 131342 us = 53591.7 + 0.325963 * 3 * 79508.5
I1211 02:48:35.418823 119712 fake_model.cpp:311] Model fake:fake_0:1:224x224:213 forward batch, slept for 167105 us = 56947 + 0.325963 * 4 * 84486.5
I1211 02:48:35.586473 119712 fake_model.cpp:311] Model fake:fake_0:1:224x224:213 forward batch, slept for 159676 us = 54415.2 + 0.325963 * 4 * 80730.3
I1211 02:48:35.746654 119712 fake_model.cpp:311] Model fake:fake_0:1:224x224:213 forward batch, slept for 122545 us = 50002.4 + 0.325963 * 3 * 74183.4
I1211 02:48:35.869740 119712 fake_model.cpp:311] Model fake:fake_0:1:224x224:213 forward batch, slept for 139424 us = 47513.9 + 0.325963 * 4 * 70491.6
I1211 02:48:36.009713 119712 fake_model.cpp:311] Model fake:fake_0:1:224x224:213 forward batch, slept for 147973 us = 50427.1 + 0.325963 * 4 * 74813.6
I1211 02:48:36.158277 119712 fake_model.cpp:311] Model fake:fake_0:1:224x224:213 forward batch, slept for 120523 us = 41072.4 + 0.325963 * 4 * 60934.9
I1211 02:48:36.279352 119712 fake_model.cpp:311] Model fake:fake_0:1:224x224:213 forward batch, slept for 124312 us = 42363.9 + 0.325963 * 4 * 62851.1
I1211 02:48:36.404250 119712 fake_model.cpp:311] Model fake:fake_0:1:224x224:213 forward batch, slept for 191481 us = 65254 + 0.325963 * 4 * 96810.7
I1211 02:48:36.448850 119720 backend_server.cpp:422] fake:fake_0:1:224x224:213 request rate: 26.0937, drop rate: 1.71343
I1211 02:48:36.596422 119712 fake_model.cpp:311] Model fake:fake_0:1:224x224:213 forward batch, slept for 205779 us = 60204.6 + 0.325963 * 5 * 89319.4
I1211 02:48:36.802970 119712 fake_model.cpp:311] Model fake:fake_0:1:224x224:213 forward batch, slept for 221255 us = 64732.3 + 0.325963 * 5 * 96036.8
I1211 02:48:37.025061 119712 fake_model.cpp:311] Model fake:fake_0:1:224x224:213 forward batch, slept for 218270 us = 55944 + 0.325963 * 6 * 82998.4
I1211 02:48:37.244441 119712 fake_model.cpp:311] Model fake:fake_0:1:224x224:213 forward batch, slept for 235274 us = 48322.9 + 0.325963 * 8 * 71691.8
I1211 02:48:37.480541 119712 fake_model.cpp:311] Model fake:fake_0:1:224x224:213 forward batch, slept for 212078 us = 62047.6 + 0.325963 * 5 * 92053.7
I1211 02:48:37.693325 119712 fake_model.cpp:311] Model fake:fake_0:1:224x224:213 forward batch, slept for 244883 us = 71645.4 + 0.325963 * 5 * 106293
I1211 02:48:37.939100 119712 fake_model.cpp:311] Model fake:fake_0:1:224x224:213 forward batch, slept for 205047 us = 52554.7 + 0.325963 * 6 * 77970.1
I1211 02:48:38.144742 119712 fake_model.cpp:311] Model fake:fake_0:1:224x224:213 forward batch, slept for 168948 us = 57575.1 + 0.325963 * 4 * 85418.3
I1211 02:48:38.314136 119712 fake_model.cpp:311] Model fake:fake_0:1:224x224:213 forward batch, slept for 141737 us = 57833 + 0.325963 * 3 * 85801
I1211 02:48:38.449009 119720 backend_server.cpp:422] fake:fake_0:1:224x224:213 request rate: 26.755, drop rate: 1.14855
I1211 02:48:38.456441 119712 fake_model.cpp:311] Model fake:fake_0:1:224x224:213 forward batch, slept for 180616 us = 61551.4 + 0.325963 * 4 * 91317.5
I1211 02:48:38.637622 119712 fake_model.cpp:311] Model fake:fake_0:1:224x224:213 forward batch, slept for 163775 us = 55812.3 + 0.325963 * 4 * 82803
I1211 02:48:38.801834 119712 fake_model.cpp:311] Model fake:fake_0:1:224x224:213 forward batch, slept for 107214 us = 43746.6 + 0.325963 * 3 * 64902.4
I1211 02:48:38.909248 119712 fake_model.cpp:311] Model fake:fake_0:1:224x224:213 forward batch, slept for 64846.4 us = 43708.9 + 0.325963 * 1 * 64846.4
I1211 02:48:38.974362 119712 fake_model.cpp:311] Model fake:fake_0:1:224x224:213 forward batch, slept for 77390.9 us = 39340.7 + 0.325963 * 2 * 58365.8
I1211 02:48:39.051900 119712 fake_model.cpp:311] Model fake:fake_0:1:224x224:213 forward batch, slept for 73839.5 us = 49770.6 + 0.325963 * 1 * 73839.5
I1211 02:48:39.125989 119712 fake_model.cpp:311] Model fake:fake_0:1:224x224:213 forward batch, slept for 115548 us = 58737.2 + 0.325963 * 2 * 87142.4
I1211 02:48:39.241806 119712 fake_model.cpp:311] Model fake:fake_0:1:224x224:213 forward batch, slept for 82960.7 us = 42172.1 + 0.325963 * 2 * 62566.4
I1211 02:48:39.325070 119712 fake_model.cpp:311] Model fake:fake_0:1:224x224:213 forward batch, slept for 86550.5 us = 43996.9 + 0.325963 * 2 * 65273.7
I1211 02:48:39.411777 119712 fake_model.cpp:311] Model fake:fake_0:1:224x224:213 forward batch, slept for 56064.3 us = 37789.4 + 0.325963 * 1 * 56064.3
I1211 02:48:39.477223 119712 fake_model.cpp:311] Model fake:fake_0:1:224x224:213 forward batch, slept for 58389.8 us = 39356.9 + 0.325963 * 1 * 58389.8
I1211 02:48:39.535760 119712 fake_model.cpp:311] Model fake:fake_0:1:224x224:213 forward batch, slept for 70575.8 us = 47570.7 + 0.325963 * 1 * 70575.8
I1211 02:48:39.606477 119712 fake_model.cpp:311] Model fake:fake_0:1:224x224:213 forward batch, slept for 65904.8 us = 44422.3 + 0.325963 * 1 * 65904.8
I1211 02:48:39.672677 119712 fake_model.cpp:311] Model fake:fake_0:1:224x224:213 forward batch, slept for 83625.1 us = 42509.8 + 0.325963 * 2 * 63067.4
I1211 02:48:39.759042 119712 fake_model.cpp:311] Model fake:fake_0:1:224x224:213 forward batch, slept for 65386.2 us = 44072.7 + 0.325963 * 1 * 65386.2
I1211 02:48:39.852244 119712 fake_model.cpp:311] Model fake:fake_0:1:224x224:213 forward batch, slept for 77578.4 us = 52290.7 + 0.325963 * 1 * 77578.4
I1211 02:48:39.930016 119712 fake_model.cpp:311] Model fake:fake_0:1:224x224:213 forward batch, slept for 55591.1 us = 37470.5 + 0.325963 * 1 * 55591.2
I1211 02:48:39.985764 119712 fake_model.cpp:311] Model fake:fake_0:1:224x224:213 forward batch, slept for 50878.2 us = 34293.8 + 0.325963 * 1 * 50878.2
I1211 02:48:40.036815 119712 fake_model.cpp:311] Model fake:fake_0:1:224x224:213 forward batch, slept for 57545.2 us = 38787.6 + 0.325963 * 1 * 57545.2
I1211 02:48:40.094555 119712 fake_model.cpp:311] Model fake:fake_0:1:224x224:213 forward batch, slept for 61202.8 us = 41253 + 0.325963 * 1 * 61202.8
I1211 02:48:40.155920 119712 fake_model.cpp:311] Model fake:fake_0:1:224x224:213 forward batch, slept for 59986.8 us = 40433.3 + 0.325963 * 1 * 59986.8
I1211 02:48:40.216068 119712 fake_model.cpp:311] Model fake:fake_0:1:224x224:213 forward batch, slept for 68096.5 us = 45899.6 + 0.325963 * 1 * 68096.5
I1211 02:48:40.284346 119712 fake_model.cpp:311] Model fake:fake_0:1:224x224:213 forward batch, slept for 50948.8 us = 34341.3 + 0.325963 * 1 * 50948.8
I1211 02:48:40.335458 119712 fake_model.cpp:311] Model fake:fake_0:1:224x224:213 forward batch, slept for 68526.2 us = 46189.2 + 0.325963 * 1 * 68526.2
I1211 02:48:40.404145 119712 fake_model.cpp:311] Model fake:fake_0:1:224x224:213 forward batch, slept for 79800.7 us = 53788.6 + 0.325963 * 1 * 79800.7
I1211 02:48:40.449002 119720 backend_server.cpp:422] fake:fake_0:1:224x224:213 request rate: 24.6107, drop rate: 1.06672
I1211 02:48:40.484228 119712 fake_model.cpp:311] Model fake:fake_0:1:224x224:213 forward batch, slept for 107189 us = 54488.3 + 0.325963 * 2 * 80838.7
I1211 02:48:40.591583 119712 fake_model.cpp:311] Model fake:fake_0:1:224x224:213 forward batch, slept for 64774.2 us = 43660.2 + 0.325963 * 1 * 64774.2
I1211 02:48:40.656713 119712 fake_model.cpp:311] Model fake:fake_0:1:224x224:213 forward batch, slept for 87433.9 us = 44445.9 + 0.325963 * 2 * 65939.9
I1211 02:48:40.744664 119712 fake_model.cpp:311] Model fake:fake_0:1:224x224:213 forward batch, slept for 153923 us = 62805.5 + 0.325963 * 3 * 93178.1
I1211 02:48:40.899339 119712 fake_model.cpp:311] Model fake:fake_0:1:224x224:213 forward batch, slept for 140093 us = 57162.3 + 0.325963 * 3 * 84805.9
I1211 02:48:41.039649 119712 fake_model.cpp:311] Model fake:fake_0:1:224x224:213 forward batch, slept for 50692.8 us = 34168.8 + 0.325963 * 1 * 50692.8
I1211 02:48:41.163019 119712 fake_model.cpp:311] Model fake:fake_0:1:224x224:213 forward batch, slept for 59408.2 us = 40043.4 + 0.325963 * 1 * 59408.2
I1211 02:48:41.225493 119712 fake_model.cpp:311] Model fake:fake_0:1:224x224:213 forward batch, slept for 59636.7 us = 40197.4 + 0.325963 * 1 * 59636.7
I1211 02:48:41.288848 119712 fake_model.cpp:311] Model fake:fake_0:1:224x224:213 forward batch, slept for 55262.4 us = 37248.9 + 0.325963 * 1 * 55262.4
I1211 02:48:41.351614 119712 fake_model.cpp:311] Model fake:fake_0:1:224x224:213 forward batch, slept for 73062.2 us = 49246.6 + 0.325963 * 1 * 73062.2
I1211 02:48:41.537509 119712 fake_model.cpp:311] Model fake:fake_0:1:224x224:213 forward batch, slept for 57443.8 us = 38719.2 + 0.325963 * 1 * 57443.8
I1211 02:48:41.723202 119712 fake_model.cpp:311] Model fake:fake_0:1:224x224:213 forward batch, slept for 60086.9 us = 40500.8 + 0.325963 * 1 * 60086.9
I1211 02:48:41.793833 119719 backend_server.cpp:368] Update model instance fake:fake_0:1:224x224:213, batch: 8 -> 6
I1211 02:48:41.793900 119719 backend_server.cpp:379] Duty cycle: 210403 us
I1211 02:48:41.909510 119712 fake_model.cpp:311] Model fake:fake_0:1:224x224:213 forward batch, slept for 60224.9 us = 40593.8 + 0.325963 * 1 * 60224.9
I1211 02:48:41.972244 119712 fake_model.cpp:311] Model fake:fake_0:1:224x224:213 forward batch, slept for 76717.8 us = 51710.6 + 0.325963 * 1 * 76717.8
I1211 02:48:42.049126 119712 fake_model.cpp:311] Model fake:fake_0:1:224x224:213 forward batch, slept for 63306.1 us = 42670.7 + 0.325963 * 1 * 63306.1
I1211 02:48:42.112569 119712 fake_model.cpp:311] Model fake:fake_0:1:224x224:213 forward batch, slept for 80964.8 us = 54573.3 + 0.325963 * 1 * 80964.8
I1211 02:48:42.193684 119712 fake_model.cpp:311] Model fake:fake_0:1:224x224:213 forward batch, slept for 60217.9 us = 40589.1 + 0.325963 * 1 * 60217.9
I1211 02:48:42.284328 119712 fake_model.cpp:311] Model fake:fake_0:1:224x224:213 forward batch, slept for 50240.9 us = 33864.3 + 0.325963 * 1 * 50240.9
I1211 02:48:42.449128 119720 backend_server.cpp:422] fake:fake_0:1:224x224:213 request rate: 21.7391, drop rate: 0.715042
I1211 02:48:42.469861 119712 fake_model.cpp:311] Model fake:fake_0:1:224x224:213 forward batch, slept for 69618.4 us = 46925.3 + 0.325963 * 1 * 69618.4
I1211 02:48:42.539645 119712 fake_model.cpp:311] Model fake:fake_0:1:224x224:213 forward batch, slept for 57595.7 us = 38821.7 + 0.325963 * 1 * 57595.7
I1211 02:48:42.597401 119712 fake_model.cpp:311] Model fake:fake_0:1:224x224:213 forward batch, slept for 56573.5 us = 38132.7 + 0.325963 * 1 * 56573.5
I1211 02:48:42.654163 119712 fake_model.cpp:311] Model fake:fake_0:1:224x224:213 forward batch, slept for 76609 us = 51637.3 + 0.325963 * 1 * 76609
I1211 02:48:42.730939 119712 fake_model.cpp:311] Model fake:fake_0:1:224x224:213 forward batch, slept for 57050.8 us = 38454.4 + 0.325963 * 1 * 57050.8
I1211 02:48:42.788151 119712 fake_model.cpp:311] Model fake:fake_0:1:224x224:213 forward batch, slept for 74220.9 us = 50027.6 + 0.325963 * 1 * 74220.9
I1211 02:48:42.862534 119712 fake_model.cpp:311] Model fake:fake_0:1:224x224:213 forward batch, slept for 62337.2 us = 42017.6 + 0.325963 * 1 * 62337.2
I1211 02:48:43.031055 119712 fake_model.cpp:311] Model fake:fake_0:1:224x224:213 forward batch, slept for 74821.8 us = 50432.7 + 0.325963 * 1 * 74821.8
I1211 02:48:43.217043 119712 fake_model.cpp:311] Model fake:fake_0:1:224x224:213 forward batch, slept for 69200.8 us = 46643.9 + 0.325963 * 1 * 69200.8
I1211 02:48:43.403558 119712 fake_model.cpp:311] Model fake:fake_0:1:224x224:213 forward batch, slept for 118255 us = 79708.3 + 0.325963 * 1 * 118255
I1211 02:48:43.588884 119712 fake_model.cpp:311] Model fake:fake_0:1:224x224:213 forward batch, slept for 71066 us = 47901.1 + 0.325963 * 1 * 71066
I1211 02:48:43.775032 119712 fake_model.cpp:311] Model fake:fake_0:1:224x224:213 forward batch, slept for 71229 us = 48011 + 0.325963 * 1 * 71229
I1211 02:48:43.868404 119712 fake_model.cpp:311] Model fake:fake_0:1:224x224:213 forward batch, slept for 91901.5 us = 61945 + 0.325963 * 1 * 91901.5
I1211 02:48:43.961839 119712 fake_model.cpp:311] Model fake:fake_0:1:224x224:213 forward batch, slept for 57992.4 us = 39089 + 0.325963 * 1 * 57992.4
I1211 02:48:44.148073 119712 fake_model.cpp:311] Model fake:fake_0:1:224x224:213 forward batch, slept for 113290 us = 76362 + 0.325963 * 1 * 113290
I1211 02:48:44.261534 119712 fake_model.cpp:311] Model fake:fake_0:1:224x224:213 forward batch, slept for 62884.2 us = 42386.3 + 0.325963 * 1 * 62884.2
I1211 02:48:44.334616 119712 fake_model.cpp:311] Model fake:fake_0:1:224x224:213 forward batch, slept for 70887.6 us = 47780.9 + 0.325963 * 1 * 70887.6
I1211 02:48:44.449049 119720 backend_server.cpp:422] fake:fake_0:1:224x224:213 request rate: 17.5721, drop rate: 0.479307
I1211 02:48:44.520313 119712 fake_model.cpp:311] Model fake:fake_0:1:224x224:213 forward batch, slept for 66220.4 us = 44635 + 0.325963 * 1 * 66220.4
I1211 02:48:44.706866 119712 fake_model.cpp:311] Model fake:fake_0:1:224x224:213 forward batch, slept for 59025.8 us = 39785.6 + 0.325963 * 1 * 59025.8
I1211 02:48:44.766057 119712 fake_model.cpp:311] Model fake:fake_0:1:224x224:213 forward batch, slept for 73392.9 us = 49469.5 + 0.325963 * 1 * 73392.9
I1211 02:48:44.839609 119712 fake_model.cpp:311] Model fake:fake_0:1:224x224:213 forward batch, slept for 53203.2 us = 35860.9 + 0.325963 * 1 * 53203.2
I1211 02:48:44.892984 119712 fake_model.cpp:311] Model fake:fake_0:1:224x224:213 forward batch, slept for 66760.1 us = 44998.8 + 0.325963 * 1 * 66760.1
I1211 02:48:44.959923 119712 fake_model.cpp:311] Model fake:fake_0:1:224x224:213 forward batch, slept for 82941 us = 55905.3 + 0.325963 * 1 * 82941
I1211 02:48:45.080869 119712 fake_model.cpp:311] Model fake:fake_0:1:224x224:213 forward batch, slept for 60587.7 us = 40838.3 + 0.325963 * 1 * 60587.7
I1211 02:48:45.267812 119712 fake_model.cpp:311] Model fake:fake_0:1:224x224:213 forward batch, slept for 65562.5 us = 44191.5 + 0.325963 * 1 * 65562.5
I1211 02:48:45.453752 119712 fake_model.cpp:311] Model fake:fake_0:1:224x224:213 forward batch, slept for 77009 us = 51906.9 + 0.325963 * 1 * 77009
I1211 02:48:45.640936 119712 fake_model.cpp:311] Model fake:fake_0:1:224x224:213 forward batch, slept for 57671.7 us = 38872.9 + 0.325963 * 1 * 57671.7
I1211 02:48:45.826764 119712 fake_model.cpp:311] Model fake:fake_0:1:224x224:213 forward batch, slept for 51595.7 us = 34777.4 + 0.325963 * 1 * 51595.7
I1211 02:48:46.012933 119712 fake_model.cpp:311] Model fake:fake_0:1:224x224:213 forward batch, slept for 80629.2 us = 54347.1 + 0.325963 * 1 * 80629.2
I1211 02:48:46.199321 119712 fake_model.cpp:311] Model fake:fake_0:1:224x224:213 forward batch, slept for 67344.9 us = 45392.9 + 0.325963 * 1 * 67344.9
I1211 02:48:46.384613 119712 fake_model.cpp:311] Model fake:fake_0:1:224x224:213 forward batch, slept for 80114.8 us = 54000.3 + 0.325963 * 1 * 80114.8
I1211 02:48:46.449076 119720 backend_server.cpp:422] fake:fake_0:1:224x224:213 request rate: 14.4492, drop rate: 0.321289
I1211 02:48:46.570963 119712 fake_model.cpp:311] Model fake:fake_0:1:224x224:213 forward batch, slept for 52503.3 us = 35389.2 + 0.325963 * 1 * 52503.3
I1211 02:48:46.756845 119712 fake_model.cpp:311] Model fake:fake_0:1:224x224:213 forward batch, slept for 54019.5 us = 36411.1 + 0.325963 * 1 * 54019.5
I1211 02:48:46.943202 119712 fake_model.cpp:311] Model fake:fake_0:1:224x224:213 forward batch, slept for 61994.6 us = 41786.6 + 0.325963 * 1 * 61994.6
I1211 02:48:47.130522 119712 fake_model.cpp:311] Model fake:fake_0:1:224x224:213 forward batch, slept for 57851.5 us = 38994.1 + 0.325963 * 1 * 57851.5
I1211 02:48:47.316742 119712 fake_model.cpp:311] Model fake:fake_0:1:224x224:213 forward batch, slept for 59481.5 us = 40092.8 + 0.325963 * 1 * 59481.5
I1211 02:48:47.502518 119712 fake_model.cpp:311] Model fake:fake_0:1:224x224:213 forward batch, slept for 57486.6 us = 38748.1 + 0.325963 * 1 * 57486.6
I1211 02:48:47.595808 119712 fake_model.cpp:311] Model fake:fake_0:1:224x224:213 forward batch, slept for 62862.2 us = 42371.5 + 0.325963 * 1 * 62862.2
I1211 02:48:47.689420 119712 fake_model.cpp:311] Model fake:fake_0:1:224x224:213 forward batch, slept for 71460.8 us = 48167.2 + 0.325963 * 1 * 71460.8
I1211 02:48:47.875046 119712 fake_model.cpp:311] Model fake:fake_0:1:224x224:213 forward batch, slept for 56187.7 us = 37872.6 + 0.325963 * 1 * 56187.7
I1211 02:48:48.061244 119712 fake_model.cpp:311] Model fake:fake_0:1:224x224:213 forward batch, slept for 69801.9 us = 47049.1 + 0.325963 * 1 * 69801.9
I1211 02:48:48.248412 119712 fake_model.cpp:311] Model fake:fake_0:1:224x224:213 forward batch, slept for 64848 us = 43710 + 0.325963 * 1 * 64848
I1211 02:48:48.433768 119712 fake_model.cpp:311] Model fake:fake_0:1:224x224:213 forward batch, slept for 55365 us = 37318.1 + 0.325963 * 1 * 55365
I1211 02:48:48.449285 119720 backend_server.cpp:422] fake:fake_0:1:224x224:213 request rate: 11.334, drop rate: 0.215366
I1211 02:48:48.619522 119712 fake_model.cpp:311] Model fake:fake_0:1:224x224:213 forward batch, slept for 71262.7 us = 48033.7 + 0.325963 * 1 * 71262.7
I1211 02:48:48.805121 119712 fake_model.cpp:311] Model fake:fake_0:1:224x224:213 forward batch, slept for 59631.7 us = 40194 + 0.325963 * 1 * 59631.7
I1211 02:48:48.991192 119712 fake_model.cpp:311] Model fake:fake_0:1:224x224:213 forward batch, slept for 81758.6 us = 55108.3 + 0.325963 * 1 * 81758.6
I1211 02:48:49.177042 119712 fake_model.cpp:311] Model fake:fake_0:1:224x224:213 forward batch, slept for 54611.1 us = 36809.9 + 0.325963 * 1 * 54611.1
I1211 02:48:49.270416 119712 fake_model.cpp:311] Model fake:fake_0:1:224x224:213 forward batch, slept for 63808.5 us = 43009.3 + 0.325963 * 1 * 63808.5
I1211 02:48:49.364567 119712 fake_model.cpp:311] Model fake:fake_0:1:224x224:213 forward batch, slept for 58967.9 us = 39746.6 + 0.325963 * 1 * 58967.9
I1211 02:48:49.423688 119712 fake_model.cpp:311] Model fake:fake_0:1:224x224:213 forward batch, slept for 75879.2 us = 51145.4 + 0.325963 * 1 * 75879.2
I1211 02:48:49.499716 119712 fake_model.cpp:311] Model fake:fake_0:1:224x224:213 forward batch, slept for 54286.3 us = 36591 + 0.325963 * 1 * 54286.3
I1211 02:48:49.554306 119712 fake_model.cpp:311] Model fake:fake_0:1:224x224:213 forward batch, slept for 121946 us = 61989.8 + 0.325963 * 2 * 91968
I1211 02:48:49.737594 119712 fake_model.cpp:311] Model fake:fake_0:1:224x224:213 forward batch, slept for 57676.7 us = 38876.2 + 0.325963 * 1 * 57676.7
I1211 02:48:49.923108 119712 fake_model.cpp:311] Model fake:fake_0:1:224x224:213 forward batch, slept for 60390.4 us = 40705.4 + 0.325963 * 1 * 60390.4
I1211 02:48:50.109594 119712 fake_model.cpp:311] Model fake:fake_0:1:224x224:213 forward batch, slept for 51820.2 us = 34928.7 + 0.325963 * 1 * 51820.2
I1211 02:48:50.295750 119712 fake_model.cpp:311] Model fake:fake_0:1:224x224:213 forward batch, slept for 111521 us = 75169.6 + 0.325963 * 1 * 111521
I1211 02:48:50.449112 119720 backend_server.cpp:422] fake:fake_0:1:224x224:213 request rate: 9.90518, drop rate: 0.144364
I1211 02:48:50.481810 119712 fake_model.cpp:311] Model fake:fake_0:1:224x224:213 forward batch, slept for 61894.2 us = 41719 + 0.325963 * 1 * 61894.2
I1211 02:48:50.667635 119712 fake_model.cpp:311] Model fake:fake_0:1:224x224:213 forward batch, slept for 68963.1 us = 46483.7 + 0.325963 * 1 * 68963.1
I1211 02:48:50.852511 119712 fake_model.cpp:311] Model fake:fake_0:1:224x224:213 forward batch, slept for 86909.3 us = 58580.1 + 0.325963 * 1 * 86909.3
I1211 02:48:51.038408 119712 fake_model.cpp:311] Model fake:fake_0:1:224x224:213 forward batch, slept for 63941.5 us = 43098.9 + 0.325963 * 1 * 63941.5
I1211 02:48:51.224809 119712 fake_model.cpp:311] Model fake:fake_0:1:224x224:213 forward batch, slept for 73307.6 us = 49412.1 + 0.325963 * 1 * 73307.6
I1211 02:48:51.410300 119712 fake_model.cpp:311] Model fake:fake_0:1:224x224:213 forward batch, slept for 58736.6 us = 39590.6 + 0.325963 * 1 * 58736.6
I1211 02:48:51.596500 119712 fake_model.cpp:311] Model fake:fake_0:1:224x224:213 forward batch, slept for 64726.1 us = 43627.8 + 0.325963 * 1 * 64726.1
I1211 02:48:51.782110 119712 fake_model.cpp:311] Model fake:fake_0:1:224x224:213 forward batch, slept for 76439.9 us = 51523.3 + 0.325963 * 1 * 76439.9
I1211 02:48:51.796470 119719 backend_server.cpp:368] Update model instance fake:fake_0:1:224x224:213, batch: 6 -> 4
I1211 02:48:51.796525 119719 backend_server.cpp:379] Duty cycle: 210523 us
I1211 02:48:51.969817 119712 fake_model.cpp:311] Model fake:fake_0:1:224x224:213 forward batch, slept for 56194.9 us = 37877.4 + 0.325963 * 1 * 56194.9
I1211 02:48:52.155243 119712 fake_model.cpp:311] Model fake:fake_0:1:224x224:213 forward batch, slept for 83425.1 us = 56231.6 + 0.325963 * 1 * 83425.1
I1211 02:48:52.341349 119712 fake_model.cpp:311] Model fake:fake_0:1:224x224:213 forward batch, slept for 59350.8 us = 40004.7 + 0.325963 * 1 * 59350.8
I1211 02:48:52.449295 119720 backend_server.cpp:422] fake:fake_0:1:224x224:213 request rate: 8.76613, drop rate: 0.0967704
I1211 02:48:52.527384 119712 fake_model.cpp:311] Model fake:fake_0:1:224x224:213 forward batch, slept for 69258.9 us = 46683.1 + 0.325963 * 1 * 69258.9
I1211 02:48:52.712576 119712 fake_model.cpp:311] Model fake:fake_0:1:224x224:213 forward batch, slept for 50639.1 us = 34132.6 + 0.325963 * 1 * 50639.1
I1211 02:48:52.898075 119712 fake_model.cpp:311] Model fake:fake_0:1:224x224:213 forward batch, slept for 69417.1 us = 46789.7 + 0.325963 * 1 * 69417.1
I1211 02:48:53.084460 119712 fake_model.cpp:311] Model fake:fake_0:1:224x224:213 forward batch, slept for 52623.1 us = 35469.9 + 0.325963 * 1 * 52623.1
I1211 02:48:53.270382 119712 fake_model.cpp:311] Model fake:fake_0:1:224x224:213 forward batch, slept for 63501.6 us = 42802.4 + 0.325963 * 1 * 63501.6
I1211 02:48:53.455713 119712 fake_model.cpp:311] Model fake:fake_0:1:224x224:213 forward batch, slept for 59315.9 us = 39981.1 + 0.325963 * 1 * 59315.9
I1211 02:48:53.641805 119712 fake_model.cpp:311] Model fake:fake_0:1:224x224:213 forward batch, slept for 62458.5 us = 42099.3 + 0.325963 * 1 * 62458.5
I1211 02:48:53.829479 119712 fake_model.cpp:311] Model fake:fake_0:1:224x224:213 forward batch, slept for 70498.8 us = 47518.8 + 0.325963 * 1 * 70498.8
I1211 02:48:54.015429 119712 fake_model.cpp:311] Model fake:fake_0:1:224x224:213 forward batch, slept for 55095.9 us = 37136.7 + 0.325963 * 1 * 55095.9
I1211 02:48:54.109158 119712 fake_model.cpp:311] Model fake:fake_0:1:224x224:213 forward batch, slept for 62371.1 us = 42040.4 + 0.325963 * 1 * 62371.1
I1211 02:48:54.201143 119712 fake_model.cpp:311] Model fake:fake_0:1:224x224:213 forward batch, slept for 70670.8 us = 47634.7 + 0.325963 * 1 * 70670.8
I1211 02:48:54.295233 119712 fake_model.cpp:311] Model fake:fake_0:1:224x224:213 forward batch, slept for 88102.4 us = 59384.3 + 0.325963 * 1 * 88102.4
I1211 02:48:54.388788 119712 fake_model.cpp:311] Model fake:fake_0:1:224x224:213 forward batch, slept for 66125.4 us = 44570.9 + 0.325963 * 1 * 66125.4
I1211 02:48:54.449460 119720 backend_server.cpp:422] fake:fake_0:1:224x224:213 request rate: 7.52451, drop rate: 0.0648671
I1211 02:48:54.574268 119712 fake_model.cpp:311] Model fake:fake_0:1:224x224:213 forward batch, slept for 111723 us = 75305.1 + 0.325963 * 1 * 111723
I1211 02:48:54.760052 119712 fake_model.cpp:311] Model fake:fake_0:1:224x224:213 forward batch, slept for 57904.2 us = 39029.6 + 0.325963 * 1 * 57904.2
I1211 02:48:54.946099 119712 fake_model.cpp:311] Model fake:fake_0:1:224x224:213 forward batch, slept for 61762.4 us = 41630.1 + 0.325963 * 1 * 61762.4
I1211 02:48:55.132726 119712 fake_model.cpp:311] Model fake:fake_0:1:224x224:213 forward batch, slept for 94157.8 us = 63465.8 + 0.325963 * 1 * 94157.8
I1211 02:48:55.318799 119712 fake_model.cpp:311] Model fake:fake_0:1:224x224:213 forward batch, slept for 79268.1 us = 53429.6 + 0.325963 * 1 * 79268.1
I1211 02:48:55.504766 119712 fake_model.cpp:311] Model fake:fake_0:1:224x224:213 forward batch, slept for 62705.5 us = 42265.9 + 0.325963 * 1 * 62705.6
I1211 02:48:55.690407 119712 fake_model.cpp:311] Model fake:fake_0:1:224x224:213 forward batch, slept for 64663.9 us = 43585.9 + 0.325963 * 1 * 64663.9
I1211 02:48:55.784055 119712 fake_model.cpp:311] Model fake:fake_0:1:224x224:213 forward batch, slept for 92395.9 us = 62278.3 + 0.325963 * 1 * 92395.9
I1211 02:48:55.877544 119712 fake_model.cpp:311] Model fake:fake_0:1:224x224:213 forward batch, slept for 93194.5 us = 62816.5 + 0.325963 * 1 * 93194.5
I1211 02:48:56.063426 119712 fake_model.cpp:311] Model fake:fake_0:1:224x224:213 forward batch, slept for 61366.3 us = 41363.1 + 0.325963 * 1 * 61366.3
I1211 02:48:56.249980 119712 fake_model.cpp:311] Model fake:fake_0:1:224x224:213 forward batch, slept for 81550.2 us = 54967.8 + 0.325963 * 1 * 81550.2
I1211 02:48:56.435834 119712 fake_model.cpp:311] Model fake:fake_0:1:224x224:213 forward batch, slept for 68552.1 us = 46206.7 + 0.325963 * 1 * 68552.1
I1211 02:48:56.449400 119720 backend_server.cpp:422] fake:fake_0:1:224x224:213 request rate: 7.13746, drop rate: 0.0434817
I1211 02:48:56.621774 119712 fake_model.cpp:311] Model fake:fake_0:1:224x224:213 forward batch, slept for 56773 us = 38267.1 + 0.325963 * 1 * 56773
I1211 02:48:56.807904 119712 fake_model.cpp:311] Model fake:fake_0:1:224x224:213 forward batch, slept for 56278.1 us = 37933.5 + 0.325963 * 1 * 56278.1
I1211 02:48:56.994045 119712 fake_model.cpp:311] Model fake:fake_0:1:224x224:213 forward batch, slept for 77100.1 us = 51968.3 + 0.325963 * 1 * 77100.1
I1211 02:48:57.179406 119712 fake_model.cpp:311] Model fake:fake_0:1:224x224:213 forward batch, slept for 84552.1 us = 56991.2 + 0.325963 * 1 * 84552.1
I1211 02:48:57.364552 119712 fake_model.cpp:311] Model fake:fake_0:1:224x224:213 forward batch, slept for 66227 us = 44639.5 + 0.325963 * 1 * 66227
I1211 02:48:57.551256 119712 fake_model.cpp:311] Model fake:fake_0:1:224x224:213 forward batch, slept for 72004 us = 48533.4 + 0.325963 * 1 * 72004
I1211 02:48:57.736651 119712 fake_model.cpp:311] Model fake:fake_0:1:224x224:213 forward batch, slept for 50049.6 us = 33735.3 + 0.325963 * 1 * 50049.6
I1211 02:48:57.921865 119712 fake_model.cpp:311] Model fake:fake_0:1:224x224:213 forward batch, slept for 56495.9 us = 38080.4 + 0.325963 * 1 * 56495.9
I1211 02:48:58.107797 119712 fake_model.cpp:311] Model fake:fake_0:1:224x224:213 forward batch, slept for 58703 us = 39568 + 0.325963 * 1 * 58703
I1211 02:48:58.293687 119712 fake_model.cpp:311] Model fake:fake_0:1:224x224:213 forward batch, slept for 58215.5 us = 39239.4 + 0.325963 * 1 * 58215.5
I1211 02:48:58.449443 119720 backend_server.cpp:422] fake:fake_0:1:224x224:213 request rate: 6.72961, drop rate: 0.0291467
I1211 02:48:58.480434 119712 fake_model.cpp:311] Model fake:fake_0:1:224x224:213 forward batch, slept for 55899.5 us = 37678.4 + 0.325963 * 1 * 55899.5
I1211 02:48:58.665900 119712 fake_model.cpp:311] Model fake:fake_0:1:224x224:213 forward batch, slept for 80177.7 us = 54042.7 + 0.325963 * 1 * 80177.7
I1211 02:48:58.851143 119712 fake_model.cpp:311] Model fake:fake_0:1:224x224:213 forward batch, slept for 53349.7 us = 35959.7 + 0.325963 * 1 * 53349.7
I1211 02:48:59.036583 119712 fake_model.cpp:311] Model fake:fake_0:1:224x224:213 forward batch, slept for 59835.6 us = 40331.4 + 0.325963 * 1 * 59835.6
I1211 02:48:59.222558 119712 fake_model.cpp:311] Model fake:fake_0:1:224x224:213 forward batch, slept for 49721.6 us = 33514.2 + 0.325963 * 1 * 49721.6
I1211 02:48:59.408586 119712 fake_model.cpp:311] Model fake:fake_0:1:224x224:213 forward batch, slept for 72921.4 us = 49151.7 + 0.325963 * 1 * 72921.4
I1211 02:48:59.595227 119712 fake_model.cpp:311] Model fake:fake_0:1:224x224:213 forward batch, slept for 57317 us = 38633.8 + 0.325963 * 1 * 57317
I1211 02:48:59.780597 119712 fake_model.cpp:311] Model fake:fake_0:1:224x224:213 forward batch, slept for 53914.7 us = 36340.5 + 0.325963 * 1 * 53914.7
I1211 02:48:59.966833 119712 fake_model.cpp:311] Model fake:fake_0:1:224x224:213 forward batch, slept for 57335.2 us = 38646.1 + 0.325963 * 1 * 57335.2
I1211 02:49:00.152442 119712 fake_model.cpp:311] Model fake:fake_0:1:224x224:213 forward batch, slept for 64940.5 us = 43772.3 + 0.325963 * 1 * 64940.5
I1211 02:49:00.338732 119712 fake_model.cpp:311] Model fake:fake_0:1:224x224:213 forward batch, slept for 79406.1 us = 53522.6 + 0.325963 * 1 * 79406.1
I1211 02:49:00.449508 119720 backend_server.cpp:422] fake:fake_0:1:224x224:213 request rate: 6.34066, drop rate: 0.0195376
I1211 02:49:00.524592 119712 fake_model.cpp:311] Model fake:fake_0:1:224x224:213 forward batch, slept for 63403.2 us = 42736.1 + 0.325963 * 1 * 63403.2
I1211 02:49:00.709306 119712 fake_model.cpp:311] Model fake:fake_0:1:224x224:213 forward batch, slept for 82179.2 us = 55391.8 + 0.325963 * 1 * 82179.2
I1211 02:49:00.895118 119712 fake_model.cpp:311] Model fake:fake_0:1:224x224:213 forward batch, slept for 57642.7 us = 38853.3 + 0.325963 * 1 * 57642.7
I1211 02:49:01.080921 119712 fake_model.cpp:311] Model fake:fake_0:1:224x224:213 forward batch, slept for 64759.3 us = 43650.2 + 0.325963 * 1 * 64759.3
I1211 02:49:01.266583 119712 fake_model.cpp:311] Model fake:fake_0:1:224x224:213 forward batch, slept for 59413.6 us = 40046.9 + 0.325963 * 1 * 59413.6
I1211 02:49:01.452726 119712 fake_model.cpp:311] Model fake:fake_0:1:224x224:213 forward batch, slept for 64835.4 us = 43701.4 + 0.325963 * 1 * 64835.4
I1211 02:49:01.545387 119712 fake_model.cpp:311] Model fake:fake_0:1:224x224:213 forward batch, slept for 57917 us = 39038.2 + 0.325963 * 1 * 57917
I1211 02:49:01.639237 119712 fake_model.cpp:311] Model fake:fake_0:1:224x224:213 forward batch, slept for 55272.9 us = 37256 + 0.325963 * 1 * 55272.9
I1211 02:49:01.798379 119719 backend_server.cpp:368] Update model instance fake:fake_0:1:224x224:213, batch: 4 -> 2
I1211 02:49:01.798456 119719 backend_server.cpp:379] Duty cycle: 210643 us
I1211 02:49:01.825821 119712 fake_model.cpp:311] Model fake:fake_0:1:224x224:213 forward batch, slept for 67858.7 us = 45739.3 + 0.325963 * 1 * 67858.7
I1211 02:49:02.011682 119712 fake_model.cpp:311] Model fake:fake_0:1:224x224:213 forward batch, slept for 64449.5 us = 43441.3 + 0.325963 * 1 * 64449.5
I1211 02:49:02.197540 119712 fake_model.cpp:311] Model fake:fake_0:1:224x224:213 forward batch, slept for 63233.4 us = 42621.7 + 0.325963 * 1 * 63233.4
I1211 02:49:02.383189 119712 fake_model.cpp:311] Model fake:fake_0:1:224x224:213 forward batch, slept for 42637.2 us = 28739.1 + 0.325963 * 1 * 42637.2
I1211 02:49:02.449467 119720 backend_server.cpp:422] fake:fake_0:1:224x224:213 request rate: 6.07994, drop rate: 0.0130964
I1211 02:49:02.568949 119712 fake_model.cpp:311] Model fake:fake_0:1:224x224:213 forward batch, slept for 74434.5 us = 50171.6 + 0.325963 * 1 * 74434.5
I1211 02:49:02.754496 119712 fake_model.cpp:311] Model fake:fake_0:1:224x224:213 forward batch, slept for 67370 us = 45409.8 + 0.325963 * 1 * 67370
I1211 02:49:02.939872 119712 fake_model.cpp:311] Model fake:fake_0:1:224x224:213 forward batch, slept for 50278.5 us = 33889.6 + 0.325963 * 1 * 50278.5
I1211 02:49:03.126217 119712 fake_model.cpp:311] Model fake:fake_0:1:224x224:213 forward batch, slept for 58994 us = 39764.1 + 0.325963 * 1 * 58994
I1211 02:49:03.312608 119712 fake_model.cpp:311] Model fake:fake_0:1:224x224:213 forward batch, slept for 66685 us = 44948.2 + 0.325963 * 1 * 66685
I1211 02:49:03.498900 119712 fake_model.cpp:311] Model fake:fake_0:1:224x224:213 forward batch, slept for 56860.6 us = 38326.1 + 0.325963 * 1 * 56860.6
I1211 02:49:03.684134 119712 fake_model.cpp:311] Model fake:fake_0:1:224x224:213 forward batch, slept for 54309.7 us = 36606.7 + 0.325963 * 1 * 54309.7
I1211 02:49:03.869678 119712 fake_model.cpp:311] Model fake:fake_0:1:224x224:213 forward batch, slept for 83041.1 us = 55972.8 + 0.325963 * 1 * 83041.1
I1211 02:49:04.056002 119712 fake_model.cpp:311] Model fake:fake_0:1:224x224:213 forward batch, slept for 78327.5 us = 52795.6 + 0.325963 * 1 * 78327.5
I1211 02:49:04.241607 119712 fake_model.cpp:311] Model fake:fake_0:1:224x224:213 forward batch, slept for 70102.6 us = 47251.7 + 0.325963 * 1 * 70102.6
I1211 02:49:04.427691 119712 fake_model.cpp:311] Model fake:fake_0:1:224x224:213 forward batch, slept for 68964.6 us = 46484.7 + 0.325963 * 1 * 68964.6
I1211 02:49:04.449826 119720 backend_server.cpp:422] fake:fake_0:1:224x224:213 request rate: 5.87232, drop rate: 0.00877881
I1211 02:49:04.613646 119712 fake_model.cpp:311] Model fake:fake_0:1:224x224:213 forward batch, slept for 67212.5 us = 45303.7 + 0.325963 * 1 * 67212.5
I1211 02:49:04.800171 119712 fake_model.cpp:311] Model fake:fake_0:1:224x224:213 forward batch, slept for 54349.6 us = 36633.6 + 0.325963 * 1 * 54349.6
I1211 02:49:04.986065 119712 fake_model.cpp:311] Model fake:fake_0:1:224x224:213 forward batch, slept for 97512.4 us = 65726.9 + 0.325963 * 1 * 97512.4
I1211 02:49:05.171509 119712 fake_model.cpp:311] Model fake:fake_0:1:224x224:213 forward batch, slept for 95844.9 us = 64603 + 0.325963 * 1 * 95844.9
I1211 02:49:05.357388 119712 fake_model.cpp:311] Model fake:fake_0:1:224x224:213 forward batch, slept for 67916.1 us = 45777.9 + 0.325963 * 1 * 67916.1
I1211 02:49:05.543627 119712 fake_model.cpp:311] Model fake:fake_0:1:224x224:213 forward batch, slept for 100806 us = 67946.9 + 0.325963 * 1 * 100806
I1211 02:49:05.729719 119712 fake_model.cpp:311] Model fake:fake_0:1:224x224:213 forward batch, slept for 64527.4 us = 43493.9 + 0.325963 * 1 * 64527.4
I1211 02:49:05.915395 119712 fake_model.cpp:311] Model fake:fake_0:1:224x224:213 forward batch, slept for 103168 us = 69539.1 + 0.325963 * 1 * 103168
I1211 02:49:06.101766 119712 fake_model.cpp:311] Model fake:fake_0:1:224x224:213 forward batch, slept for 69429.8 us = 46798.3 + 0.325963 * 1 * 69429.8
I1211 02:49:06.287417 119712 fake_model.cpp:311] Model fake:fake_0:1:224x224:213 forward batch, slept for 78161.5 us = 52683.7 + 0.325963 * 1 * 78161.5
I1211 02:49:06.449630 119720 backend_server.cpp:422] fake:fake_0:1:224x224:213 request rate: 5.73314, drop rate: 0.00588461
I1211 02:49:06.473798 119712 fake_model.cpp:311] Model fake:fake_0:1:224x224:213 forward batch, slept for 67845.2 us = 45730.2 + 0.325963 * 1 * 67845.2
I1211 02:49:06.660182 119712 fake_model.cpp:311] Model fake:fake_0:1:224x224:213 forward batch, slept for 68419.3 us = 46117.2 + 0.325963 * 1 * 68419.3
I1211 02:49:06.845517 119712 fake_model.cpp:311] Model fake:fake_0:1:224x224:213 forward batch, slept for 73975 us = 49861.9 + 0.325963 * 1 * 73975
I1211 02:49:07.031852 119712 fake_model.cpp:311] Model fake:fake_0:1:224x224:213 forward batch, slept for 60322.8 us = 40659.8 + 0.325963 * 1 * 60322.8
I1211 02:49:07.218664 119712 fake_model.cpp:311] Model fake:fake_0:1:224x224:213 forward batch, slept for 73767.7 us = 49722.1 + 0.325963 * 1 * 73767.7
I1211 02:49:07.404899 119712 fake_model.cpp:311] Model fake:fake_0:1:224x224:213 forward batch, slept for 60008.5 us = 40448 + 0.325963 * 1 * 60008.5
I1211 02:49:07.590862 119712 fake_model.cpp:311] Model fake:fake_0:1:224x224:213 forward batch, slept for 67302.5 us = 45364.4 + 0.325963 * 1 * 67302.5
I1211 02:49:07.777206 119712 fake_model.cpp:311] Model fake:fake_0:1:224x224:213 forward batch, slept for 73550.9 us = 49576 + 0.325963 * 1 * 73550.9
I1211 02:49:07.870687 119712 fake_model.cpp:311] Model fake:fake_0:1:224x224:213 forward batch, slept for 52940.4 us = 35683.8 + 0.325963 * 1 * 52940.4
I1211 02:49:07.963621 119712 fake_model.cpp:311] Model fake:fake_0:1:224x224:213 forward batch, slept for 55152.1 us = 37174.5 + 0.325963 * 1 * 55152.1
I1211 02:49:08.150102 119712 fake_model.cpp:311] Model fake:fake_0:1:224x224:213 forward batch, slept for 71913.9 us = 48472.6 + 0.325963 * 1 * 71913.9
I1211 02:49:08.335428 119712 fake_model.cpp:311] Model fake:fake_0:1:224x224:213 forward batch, slept for 80528 us = 54278.8 + 0.325963 * 1 * 80528
I1211 02:49:08.449977 119720 backend_server.cpp:422] fake:fake_0:1:224x224:213 request rate: 5.67271, drop rate: 0.00394457
I1211 02:49:08.521232 119712 fake_model.cpp:311] Model fake:fake_0:1:224x224:213 forward batch, slept for 80794.4 us = 54458.4 + 0.325963 * 1 * 80794.4
I1211 02:49:08.706908 119712 fake_model.cpp:311] Model fake:fake_0:1:224x224:213 forward batch, slept for 98327 us = 66276 + 0.325963 * 1 * 98327
I1211 02:49:08.805416 119712 fake_model.cpp:311] Model fake:fake_0:1:224x224:213 forward batch, slept for 65110.9 us = 43887.1 + 0.325963 * 1 * 65110.9
I1211 02:49:08.893887 119712 fake_model.cpp:311] Model fake:fake_0:1:224x224:213 forward batch, slept for 66263.1 us = 44663.8 + 0.325963 * 1 * 66263.1
I1211 02:49:09.079457 119712 fake_model.cpp:311] Model fake:fake_0:1:224x224:213 forward batch, slept for 63807.9 us = 43008.9 + 0.325963 * 1 * 63807.9
I1211 02:49:09.265930 119712 fake_model.cpp:311] Model fake:fake_0:1:224x224:213 forward batch, slept for 56377.7 us = 38000.6 + 0.325963 * 1 * 56377.7
I1211 02:49:09.451582 119712 fake_model.cpp:311] Model fake:fake_0:1:224x224:213 forward batch, slept for 66204.4 us = 44624.2 + 0.325963 * 1 * 66204.4
I1211 02:49:09.637557 119712 fake_model.cpp:311] Model fake:fake_0:1:224x224:213 forward batch, slept for 69153.7 us = 46612.2 + 0.325963 * 1 * 69153.7
I1211 02:49:09.823032 119712 fake_model.cpp:311] Model fake:fake_0:1:224x224:213 forward batch, slept for 57152.5 us = 38522.9 + 0.325963 * 1 * 57152.5
I1211 02:49:10.008365 119712 fake_model.cpp:311] Model fake:fake_0:1:224x224:213 forward batch, slept for 54805.3 us = 36940.8 + 0.325963 * 1 * 54805.3
I1211 02:49:10.193871 119712 fake_model.cpp:311] Model fake:fake_0:1:224x224:213 forward batch, slept for 69030.5 us = 46529.1 + 0.325963 * 1 * 69030.5
I1211 02:49:10.380422 119712 fake_model.cpp:311] Model fake:fake_0:1:224x224:213 forward batch, slept for 71226.3 us = 48009.2 + 0.325963 * 1 * 71226.3
I1211 02:49:10.449873 119720 backend_server.cpp:422] fake:fake_0:1:224x224:213 request rate: 5.96188, drop rate: 0.00264413
I1211 02:49:10.565953 119712 fake_model.cpp:311] Model fake:fake_0:1:224x224:213 forward batch, slept for 60334.2 us = 40667.5 + 0.325963 * 1 * 60334.2
I1211 02:49:10.752602 119712 fake_model.cpp:311] Model fake:fake_0:1:224x224:213 forward batch, slept for 55567 us = 37454.2 + 0.325963 * 1 * 55567
I1211 02:49:10.937901 119712 fake_model.cpp:311] Model fake:fake_0:1:224x224:213 forward batch, slept for 82124.4 us = 55354.9 + 0.325963 * 1 * 82124.4
I1211 02:49:11.124572 119712 fake_model.cpp:311] Model fake:fake_0:1:224x224:213 forward batch, slept for 53954.3 us = 36367.2 + 0.325963 * 1 * 53954.3
I1211 02:49:11.311167 119712 fake_model.cpp:311] Model fake:fake_0:1:224x224:213 forward batch, slept for 61346 us = 41349.5 + 0.325963 * 1 * 61346
I1211 02:49:11.497980 119712 fake_model.cpp:311] Model fake:fake_0:1:224x224:213 forward batch, slept for 52475.5 us = 35370.4 + 0.325963 * 1 * 52475.5
I1211 02:49:11.590879 119712 fake_model.cpp:311] Model fake:fake_0:1:224x224:213 forward batch, slept for 61006.5 us = 41120.7 + 0.325963 * 1 * 61006.5
I1211 02:49:11.684981 119712 fake_model.cpp:311] Model fake:fake_0:1:224x224:213 forward batch, slept for 67009.8 us = 45167.1 + 0.325963 * 1 * 67009.8
I1211 02:49:11.870568 119712 fake_model.cpp:311] Model fake:fake_0:1:224x224:213 forward batch, slept for 71781.9 us = 48383.7 + 0.325963 * 1 * 71781.9
I1211 02:49:12.057549 119712 fake_model.cpp:311] Model fake:fake_0:1:224x224:213 forward batch, slept for 48767.5 us = 32871.1 + 0.325963 * 1 * 48767.5
I1211 02:49:12.243575 119712 fake_model.cpp:311] Model fake:fake_0:1:224x224:213 forward batch, slept for 78038 us = 52600.5 + 0.325963 * 1 * 78038
I1211 02:49:12.337308 119712 fake_model.cpp:311] Model fake:fake_0:1:224x224:213 forward batch, slept for 80210.9 us = 54065.1 + 0.325963 * 1 * 80210.9
I1211 02:49:12.430704 119712 fake_model.cpp:311] Model fake:fake_0:1:224x224:213 forward batch, slept for 72189.2 us = 48658.2 + 0.325963 * 1 * 72189.2
I1211 02:49:12.449925 119720 backend_server.cpp:422] fake:fake_0:1:224x224:213 request rate: 5.64477, drop rate: 0.00177241
I1211 02:49:12.503044 119712 fake_model.cpp:311] Model fake:fake_0:1:224x224:213 forward batch, slept for 56429.2 us = 38035.4 + 0.325963 * 1 * 56429.2
I1211 02:49:12.559644 119712 fake_model.cpp:311] Model fake:fake_0:1:224x224:213 forward batch, slept for 63776.3 us = 42987.6 + 0.325963 * 1 * 63776.3
I1211 02:49:12.623574 119712 fake_model.cpp:311] Model fake:fake_0:1:224x224:213 forward batch, slept for 76655.8 us = 51668.8 + 0.325963 * 1 * 76655.8
I1211 02:49:12.700377 119712 fake_model.cpp:311] Model fake:fake_0:1:224x224:213 forward batch, slept for 78550.9 us = 52946.2 + 0.325963 * 1 * 78550.9
I1211 02:49:12.779073 119712 fake_model.cpp:311] Model fake:fake_0:1:224x224:213 forward batch, slept for 50027.7 us = 33720.5 + 0.325963 * 1 * 50027.7
I1211 02:49:12.829246 119712 fake_model.cpp:311] Model fake:fake_0:1:224x224:213 forward batch, slept for 99207 us = 66869.2 + 0.325963 * 1 * 99207
I1211 02:49:12.928611 119712 fake_model.cpp:311] Model fake:fake_0:1:224x224:213 forward batch, slept for 67413.4 us = 45439.2 + 0.325963 * 1 * 67413.4
I1211 02:49:12.996170 119712 fake_model.cpp:311] Model fake:fake_0:1:224x224:213 forward batch, slept for 57180.3 us = 38541.6 + 0.325963 * 1 * 57180.3
I1211 02:49:13.055371 119712 fake_model.cpp:311] Model fake:fake_0:1:224x224:213 forward batch, slept for 51631.1 us = 34801.3 + 0.325963 * 1 * 51631.1
I1211 02:49:13.117424 119712 fake_model.cpp:311] Model fake:fake_0:1:224x224:213 forward batch, slept for 75404.6 us = 50825.5 + 0.325963 * 1 * 75404.6
I1211 02:49:13.192981 119712 fake_model.cpp:311] Model fake:fake_0:1:224x224:213 forward batch, slept for 53068.5 us = 35770.1 + 0.325963 * 1 * 53068.5
I1211 02:49:13.365393 119712 fake_model.cpp:311] Model fake:fake_0:1:224x224:213 forward batch, slept for 67105.2 us = 45231.4 + 0.325963 * 1 * 67105.2
I1211 02:49:13.458951 119712 fake_model.cpp:311] Model fake:fake_0:1:224x224:213 forward batch, slept for 65674.9 us = 44267.3 + 0.325963 * 1 * 65674.9
I1211 02:49:13.551906 119712 fake_model.cpp:311] Model fake:fake_0:1:224x224:213 forward batch, slept for 60220.5 us = 40590.8 + 0.325963 * 1 * 60220.5
I1211 02:49:13.645576 119712 fake_model.cpp:311] Model fake:fake_0:1:224x224:213 forward batch, slept for 59406.3 us = 40042.1 + 0.325963 * 1 * 59406.3
I1211 02:49:13.739200 119712 fake_model.cpp:311] Model fake:fake_0:1:224x224:213 forward batch, slept for 51702.9 us = 34849.7 + 0.325963 * 1 * 51702.9
I1211 02:49:13.832511 119712 fake_model.cpp:311] Model fake:fake_0:1:224x224:213 forward batch, slept for 56422.1 us = 38030.6 + 0.325963 * 1 * 56422.1
I1211 02:49:13.924366 119712 fake_model.cpp:311] Model fake:fake_0:1:224x224:213 forward batch, slept for 87912.6 us = 59256.3 + 0.325963 * 1 * 87912.6
I1211 02:49:14.018697 119712 fake_model.cpp:311] Model fake:fake_0:1:224x224:213 forward batch, slept for 51811.5 us = 34922.9 + 0.325963 * 1 * 51811.5
I1211 02:49:14.111408 119712 fake_model.cpp:311] Model fake:fake_0:1:224x224:213 forward batch, slept for 79356.6 us = 53489.3 + 0.325963 * 1 * 79356.6
I1211 02:49:14.190953 119712 fake_model.cpp:311] Model fake:fake_0:1:224x224:213 forward batch, slept for 61613.2 us = 41529.6 + 0.325963 * 1 * 61613.2
I1211 02:49:14.252748 119712 fake_model.cpp:311] Model fake:fake_0:1:224x224:213 forward batch, slept for 56989.7 us = 38413.2 + 0.325963 * 1 * 56989.7
I1211 02:49:14.309914 119712 fake_model.cpp:311] Model fake:fake_0:1:224x224:213 forward batch, slept for 56228.1 us = 37899.8 + 0.325963 * 1 * 56228.1
I1211 02:49:14.366328 119712 fake_model.cpp:311] Model fake:fake_0:1:224x224:213 forward batch, slept for 44915.7 us = 30274.9 + 0.325963 * 1 * 44915.7
I1211 02:49:14.423107 119712 fake_model.cpp:311] Model fake:fake_0:1:224x224:213 forward batch, slept for 87679.9 us = 59099.5 + 0.325963 * 1 * 87679.9
I1211 02:49:14.449898 119720 backend_server.cpp:422] fake:fake_0:1:224x224:213 request rate: 7.14632, drop rate: 0.00118808
I1211 02:49:14.510972 119712 fake_model.cpp:311] Model fake:fake_0:1:224x224:213 forward batch, slept for 89189.8 us = 60117.2 + 0.325963 * 1 * 89189.8
I1211 02:49:14.600509 119712 fake_model.cpp:311] Model fake:fake_0:1:224x224:213 forward batch, slept for 79889 us = 40610.6 + 0.325963 * 2 * 60249.8
I1211 02:49:14.680730 119712 fake_model.cpp:311] Model fake:fake_0:1:224x224:213 forward batch, slept for 92181.2 us = 46859.2 + 0.325963 * 2 * 69520.2
I1211 02:49:14.773278 119712 fake_model.cpp:311] Model fake:fake_0:1:224x224:213 forward batch, slept for 98502.8 us = 50072.7 + 0.325963 * 2 * 74287.8
I1211 02:49:14.872133 119712 fake_model.cpp:311] Model fake:fake_0:1:224x224:213 forward batch, slept for 76145.9 us = 38707.8 + 0.325963 * 2 * 57426.9
I1211 02:49:14.948519 119712 fake_model.cpp:311] Model fake:fake_0:1:224x224:213 forward batch, slept for 52509.7 us = 35393.5 + 0.325963 * 1 * 52509.7
I1211 02:49:15.001211 119712 fake_model.cpp:311] Model fake:fake_0:1:224x224:213 forward batch, slept for 76178.8 us = 51347.3 + 0.325963 * 1 * 76178.8
I1211 02:49:15.077584 119712 fake_model.cpp:311] Model fake:fake_0:1:224x224:213 forward batch, slept for 62112.6 us = 41866.2 + 0.325963 * 1 * 62112.6
I1211 02:49:15.140013 119712 fake_model.cpp:311] Model fake:fake_0:1:224x224:213 forward batch, slept for 104950 us = 53350.2 + 0.325963 * 2 * 79150.2
I1211 02:49:15.245296 119712 fake_model.cpp:311] Model fake:fake_0:1:224x224:213 forward batch, slept for 89202.9 us = 45345.2 + 0.325963 * 2 * 67274
I1211 02:49:15.334856 119712 fake_model.cpp:311] Model fake:fake_0:1:224x224:213 forward batch, slept for 80363.8 us = 40852 + 0.325963 * 2 * 60607.9
I1211 02:49:15.415553 119712 fake_model.cpp:311] Model fake:fake_0:1:224x224:213 forward batch, slept for 97874.3 us = 49753.2 + 0.325963 * 2 * 73813.8
I1211 02:49:15.513767 119712 fake_model.cpp:311] Model fake:fake_0:1:224x224:213 forward batch, slept for 89030 us = 45257.3 + 0.325963 * 2 * 67143.7
I1211 02:49:15.603132 119712 fake_model.cpp:311] Model fake:fake_0:1:224x224:213 forward batch, slept for 100046 us = 50857.3 + 0.325963 * 2 * 75451.7
I1211 02:49:15.703518 119712 fake_model.cpp:311] Model fake:fake_0:1:224x224:213 forward batch, slept for 95816.5 us = 48707.2 + 0.325963 * 2 * 72261.9
I1211 02:49:15.799697 119712 fake_model.cpp:311] Model fake:fake_0:1:224x224:213 forward batch, slept for 72833.6 us = 37024 + 0.325963 * 2 * 54928.8
I1211 02:49:15.872874 119712 fake_model.cpp:311] Model fake:fake_0:1:224x224:213 forward batch, slept for 96982.4 us = 49299.8 + 0.325963 * 2 * 73141.1
I1211 02:49:15.970193 119712 fake_model.cpp:311] Model fake:fake_0:1:224x224:213 forward batch, slept for 85363.9 us = 43393.7 + 0.325963 * 2 * 64378.8
I1211 02:49:16.055902 119712 fake_model.cpp:311] Model fake:fake_0:1:224x224:213 forward batch, slept for 77466.1 us = 39378.9 + 0.325963 * 2 * 58422.5
I1211 02:49:16.133716 119712 fake_model.cpp:311] Model fake:fake_0:1:224x224:213 forward batch, slept for 74782.7 us = 38014.9 + 0.325963 * 2 * 56398.8
I1211 02:49:16.208873 119712 fake_model.cpp:311] Model fake:fake_0:1:224x224:213 forward batch, slept for 97139.9 us = 49379.9 + 0.325963 * 2 * 73259.9
I1211 02:49:16.306342 119712 fake_model.cpp:311] Model fake:fake_0:1:224x224:213 forward batch, slept for 92478.3 us = 47010.2 + 0.325963 * 2 * 69744.3
I1211 02:49:16.399173 119712 fake_model.cpp:311] Model fake:fake_0:1:224x224:213 forward batch, slept for 118835 us = 60408.5 + 0.325963 * 2 * 89622
I1211 02:49:16.450090 119720 backend_server.cpp:422] fake:fake_0:1:224x224:213 request rate: 10.5263, drop rate: 0.000796396
I1211 02:49:16.518396 119712 fake_model.cpp:311] Model fake:fake_0:1:224x224:213 forward batch, slept for 92621.3 us = 47082.9 + 0.325963 * 2 * 69852.1
I1211 02:49:16.611354 119712 fake_model.cpp:311] Model fake:fake_0:1:224x224:213 forward batch, slept for 76754.2 us = 39017 + 0.325963 * 2 * 57885.6
I1211 02:49:16.688450 119712 fake_model.cpp:311] Model fake:fake_0:1:224x224:213 forward batch, slept for 138724 us = 70518.8 + 0.325963 * 2 * 104621
I1211 02:49:16.827539 119712 fake_model.cpp:311] Model fake:fake_0:1:224x224:213 forward batch, slept for 117161 us = 59557.5 + 0.325963 * 2 * 88359.4
I1211 02:49:16.945044 119712 fake_model.cpp:311] Model fake:fake_0:1:224x224:213 forward batch, slept for 67756.7 us = 34443.3 + 0.325963 * 2 * 51100
I1211 02:49:17.013134 119712 fake_model.cpp:311] Model fake:fake_0:1:224x224:213 forward batch, slept for 73523.8 us = 37374.9 + 0.325963 * 2 * 55449.4
I1211 02:49:17.086990 119712 fake_model.cpp:311] Model fake:fake_0:1:224x224:213 forward batch, slept for 103204 us = 52462.7 + 0.325963 * 2 * 77833.6
I1211 02:49:17.190563 119712 fake_model.cpp:311] Model fake:fake_0:1:224x224:213 forward batch, slept for 90245 us = 45874.9 + 0.325963 * 2 * 68060
I1211 02:49:17.281154 119712 fake_model.cpp:311] Model fake:fake_0:1:224x224:213 forward batch, slept for 96474.5 us = 49041.6 + 0.325963 * 2 * 72758
I1211 02:49:17.377974 119712 fake_model.cpp:311] Model fake:fake_0:1:224x224:213 forward batch, slept for 107509 us = 54650.8 + 0.325963 * 2 * 81079.9
I1211 02:49:17.485822 119712 fake_model.cpp:311] Model fake:fake_0:1:224x224:213 forward batch, slept for 108295 us = 55050.4 + 0.325963 * 2 * 81672.6
I1211 02:49:17.594468 119712 fake_model.cpp:311] Model fake:fake_0:1:224x224:213 forward batch, slept for 117746 us = 59854.6 + 0.325963 * 2 * 88800.2
I1211 02:49:17.712560 119712 fake_model.cpp:311] Model fake:fake_0:1:224x224:213 forward batch, slept for 90055.9 us = 45778.8 + 0.325963 * 2 * 67917.3
I1211 02:49:17.802948 119712 fake_model.cpp:311] Model fake:fake_0:1:224x224:213 forward batch, slept for 90417.9 us = 45962.8 + 0.325963 * 2 * 68190.3
I1211 02:49:17.893700 119712 fake_model.cpp:311] Model fake:fake_0:1:224x224:213 forward batch, slept for 92847.8 us = 47198.1 + 0.325963 * 2 * 70022.9
I1211 02:49:17.986877 119712 fake_model.cpp:311] Model fake:fake_0:1:224x224:213 forward batch, slept for 98084.8 us = 49860.2 + 0.325963 * 2 * 73972.5
I1211 02:49:18.085304 119712 fake_model.cpp:311] Model fake:fake_0:1:224x224:213 forward batch, slept for 91561.7 us = 46544.3 + 0.325963 * 2 * 69053
I1211 02:49:18.177203 119712 fake_model.cpp:311] Model fake:fake_0:1:224x224:213 forward batch, slept for 92638.3 us = 47091.5 + 0.325963 * 2 * 69864.9
I1211 02:49:18.270182 119712 fake_model.cpp:311] Model fake:fake_0:1:224x224:213 forward batch, slept for 86259 us = 43848.7 + 0.325963 * 2 * 65053.9
I1211 02:49:18.356637 119712 fake_model.cpp:311] Model fake:fake_0:1:224x224:213 forward batch, slept for 62958.9 us = 42436.6 + 0.325963 * 1 * 62958.9
I1211 02:49:18.421165 119719 backend_server.cpp:241] Remove model instance fake:fake_0:1:224x224:213
I1211 02:49:18.421231 119719 backend_server.cpp:379] Duty cycle: 0 us
I1211 02:49:18.421698 119706 connection.cpp:28] Connection Stop
I1211 02:49:18.421803 119712 gpu_executor.cpp:170] GpuExecutor stopped
I1211 02:49:18.455276 119720 model_ins.cpp:89] Deconstruct model fake:fake_0:1:224x224:213
I1211 02:49:18.456701 119713 worker.cpp:53] Worker 0 stopped
I1211 02:49:18.504705 119714 worker.cpp:53] Worker 1 stopped
I1211 02:49:18.519892 119715 worker.cpp:53] Worker 2 stopped
I1211 02:49:18.556849 119716 worker.cpp:53] Worker 3 stopped
W1211 02:49:18.557245 119706 rpc_service_base.h:57] There is a event in the grpc::ServerCompletionQueue not handled at 0x7f3214001590
W1211 02:49:18.557560 119706 rpc_service_base.h:57] There is a event in the grpc::ServerCompletionQueue not handled at 0x7f321400b680
I1211 02:49:18.557598 119706 rpc_service_base.h:64] RPC service stopped
I1211 02:49:18.557607 119706 backend_server.cpp:134] Backend server stopped
