22-04-13:06:48:55 INFO     [docker_container_manager.py:192] [default-cluster] Starting managed Redis instance in Docker
22-04-13:06:48:57 INFO     [docker_container_manager.py:294] [default-cluster] Metric Configuration Saved at /tmp/tmpfs9eb080.yml
22-04-13:06:48:58 INFO     [clipper_admin.py:162] [default-cluster] Clipper is running
22-04-13:06:48:58 INFO     [clipper_admin.py:236] [default-cluster] Application fake-model was successfully registered
22-04-13:06:48:58 INFO     [deployer_utils.py:41] Saving function to /tmp/tmp10o64b9eclipper
22-04-13:06:48:58 INFO     [deployer_utils.py:51] Serialized and supplied predict function
22-04-13:06:48:58 INFO     [python.py:192] Python closure saved
22-04-13:06:48:58 INFO     [python.py:210] Using Python 3.7 base image
22-04-13:06:48:58 INFO     [clipper_admin.py:534] [default-cluster] Building model Docker image with model data from /tmp/tmp10o64b9eclipper
22-04-13:06:48:58 INFO     [clipper_admin.py:539] [default-cluster] Step 1/2 : FROM clipper/python37-closure-container:develop
22-04-13:06:48:58 INFO     [clipper_admin.py:539] [default-cluster]  ---> 2660542c0759
22-04-13:06:48:58 INFO     [clipper_admin.py:539] [default-cluster] Step 2/2 : COPY /tmp/tmp10o64b9eclipper /model/
22-04-13:06:48:58 INFO     [clipper_admin.py:539] [default-cluster]  ---> 6a6033d63a82
22-04-13:06:48:58 INFO     [clipper_admin.py:539] [default-cluster] Successfully built 6a6033d63a82
22-04-13:06:48:58 INFO     [clipper_admin.py:539] [default-cluster] Successfully tagged default-cluster-fake-model:1
22-04-13:06:48:58 INFO     [clipper_admin.py:541] [default-cluster] Pushing model Docker image to default-cluster-fake-model:1
22-04-13:06:48:59 INFO     [docker_container_manager.py:433] [default-cluster] Found 0 replicas for fake-model:1. Adding 1
22-04-13:06:48:59 INFO     [clipper_admin.py:724] [default-cluster] Successfully registered model fake-model:1
22-04-13:06:48:59 INFO     [clipper_admin.py:642] [default-cluster] Done deploying model fake-model:1.
22-04-13:06:48:59 INFO     [clipper_admin.py:303] [default-cluster] Model fake-model is now linked to application fake-model
INFO: waiting for ready to serve
INFO: waiting for ready to serve
INFO: waiting for ready to serve
INFO: waiting for ready to serve
INFO: ready to go
INFO: rock and roll
INFO: at 7.807 ms batch [51.770] delay 25.885 ms
INFO: at 7.807 ms fetching 51.770 ms
INFO: at 33.696 ms batch [51.770] delay 25.885 ms
INFO: at 33.696 ms fetching 51.770 ms
INFO: at 59.584 ms batch [51.770] delay 25.885 ms
INFO: at 59.584 ms fetching 51.770 ms
INFO: at 85.470 ms batch [51.770] delay 25.885 ms
INFO: at 85.470 ms fetching 51.770 ms
INFO: at 111.358 ms batch [51.770] delay 25.885 ms
INFO: at 111.358 ms fetching 51.770 ms
INFO: at 137.246 ms batch [51.770] delay 25.885 ms
INFO: at 137.246 ms fetching 51.770 ms
INFO: at 163.134 ms batch [51.770] delay 25.885 ms
INFO: at 163.134 ms fetching 51.770 ms
INFO: at 189.025 ms batch [51.770] delay 25.885 ms
INFO: at 189.025 ms fetching 51.770 ms
INFO: at 214.911 ms batch [51.770] delay 25.885 ms
INFO: at 214.911 ms fetching 51.770 ms
INFO: at 240.800 ms batch [51.770] delay 25.885 ms
INFO: at 240.800 ms fetching 51.770 ms
INFO: at 266.689 ms batch [51.770] delay 32.356 ms
INFO: at 266.689 ms fetching 51.770 ms
INFO: at 299.047 ms batch [51.770] delay 32.356 ms
INFO: at 299.047 ms fetching 51.770 ms
INFO: at 331.408 ms batch [51.770] delay 32.356 ms
INFO: at 331.408 ms fetching 51.770 ms
INFO: at 363.768 ms batch [51.770] delay 32.356 ms
INFO: at 363.768 ms fetching 51.770 ms
INFO: at 396.128 ms batch [51.770] delay 32.356 ms
INFO: at 396.128 ms fetching 51.770 ms
INFO: at 428.489 ms batch [51.770] delay 32.356 ms
INFO: at 428.489 ms fetching 51.770 ms
INFO: at 460.849 ms batch [51.770] delay 32.356 ms
INFO: at 460.849 ms fetching 51.770 ms
INFO: at 493.210 ms batch [51.770] delay 32.356 ms
INFO: at 493.210 ms fetching 51.770 ms
INFO: at 525.568 ms batch [51.770] delay 21.571 ms
INFO: at 525.568 ms fetching 51.770 ms
INFO: at 547.141 ms batch [51.770] delay 21.571 ms
INFO: at 547.141 ms fetching 51.770 ms
INFO: at 568.716 ms batch [51.770] delay 21.571 ms
INFO: at 568.716 ms fetching 51.770 ms
INFO: at 590.289 ms batch [51.770] delay 21.571 ms
INFO: at 590.289 ms fetching 51.770 ms
INFO: at 611.862 ms batch [51.770] delay 21.571 ms
INFO: at 611.862 ms fetching 51.770 ms
INFO: at 633.436 ms batch [51.770] delay 21.571 ms
INFO: at 633.436 ms fetching 51.770 ms
INFO: at 655.011 ms batch [51.770] delay 21.571 ms
INFO: at 655.011 ms fetching 51.770 ms
INFO: at 676.611 ms batch [51.770] delay 21.571 ms
INFO: at 676.611 ms fetching 51.770 ms
INFO: at 698.184 ms batch [51.770] delay 21.571 ms
INFO: at 698.184 ms fetching 51.770 ms
INFO: at 719.760 ms batch [51.770] delay 21.571 ms
INFO: at 719.760 ms fetching 51.770 ms
INFO: at 741.334 ms batch [51.770] delay 21.571 ms
INFO: at 741.334 ms fetching 51.770 ms
INFO: at 762.908 ms batch [51.770] delay 21.571 ms
INFO: at 762.908 ms fetching 51.770 ms
INFO: at 784.482 ms batch [51.770] delay 17.257 ms
INFO: at 784.482 ms fetching 51.770 ms
INFO: at 801.741 ms batch [51.770] delay 17.257 ms
INFO: at 801.741 ms fetching 51.770 ms
INFO: at 819.001 ms batch [51.770] delay 17.257 ms
INFO: at 819.001 ms fetching 51.770 ms
INFO: at 836.260 ms batch [51.770] delay 17.257 ms
INFO: at 836.260 ms fetching 51.770 ms
INFO: at 853.519 ms batch [51.770] delay 17.257 ms
INFO: at 853.519 ms fetching 51.770 ms
INFO: at 870.779 ms batch [51.770] delay 17.257 ms
INFO: at 870.779 ms fetching 51.770 ms
INFO: at 888.037 ms batch [51.770] delay 17.257 ms
INFO: at 888.037 ms fetching 51.770 ms
INFO: at 905.298 ms batch [51.770] delay 17.257 ms
INFO: at 905.298 ms fetching 51.770 ms
INFO: at 922.557 ms batch [51.770] delay 17.257 ms
INFO: at 922.557 ms fetching 51.770 ms
INFO: at 939.817 ms batch [51.770] delay 17.257 ms
INFO: at 939.817 ms fetching 51.770 ms
INFO: at 957.083 ms batch [51.770] delay 17.257 ms
INFO: at 957.083 ms fetching 51.770 ms
INFO: at 974.341 ms batch [51.770] delay 17.257 ms
INFO: at 974.341 ms fetching 51.770 ms
INFO: at 991.601 ms batch [51.770] delay 17.257 ms
INFO: at 991.601 ms fetching 51.770 ms
INFO: at 1008.859 ms batch [51.770] delay 17.257 ms
INFO: at 1008.859 ms fetching 51.770 ms
INFO: at 1026.120 ms batch [51.770] delay 17.257 ms
INFO: at 1026.120 ms fetching 51.770 ms
INFO: at 1043.379 ms batch [51.770] delay 28.761 ms
INFO: at 1043.379 ms fetching 51.770 ms
INFO: at 1072.142 ms batch [51.770] delay 28.761 ms
INFO: at 1072.142 ms fetching 51.770 ms
INFO: at 1100.906 ms batch [51.770] delay 28.761 ms
INFO: at 1100.906 ms fetching 51.770 ms
INFO: at 1129.671 ms batch [51.770] delay 28.761 ms
INFO: at 1129.671 ms fetching 51.770 ms
INFO: at 1158.455 ms batch [51.770] delay 28.761 ms
INFO: at 1158.455 ms fetching 51.770 ms
INFO: at 1187.219 ms batch [51.770] delay 28.761 ms
INFO: at 1187.219 ms fetching 51.770 ms
INFO: at 1215.983 ms batch [51.770] delay 28.761 ms
INFO: at 1215.983 ms fetching 51.770 ms
INFO: at 1244.749 ms batch [51.770] delay 28.761 ms
INFO: at 1244.749 ms fetching 51.770 ms
INFO: at 1273.514 ms batch [51.770] delay 28.761 ms
INFO: at 1273.514 ms fetching 51.770 ms
INFO: at 1302.281 ms batch [51.770] delay 25.885 ms
INFO: at 1302.281 ms fetching 51.770 ms
INFO: at 1328.176 ms batch [51.770] delay 25.885 ms
INFO: at 1328.176 ms fetching 51.770 ms
INFO: at 1354.063 ms batch [51.770] delay 25.885 ms
INFO: at 1354.063 ms fetching 51.770 ms
INFO: at 1379.954 ms batch [51.770] delay 25.885 ms
INFO: at 1379.954 ms fetching 51.770 ms
INFO: at 1405.842 ms batch [51.770] delay 25.885 ms
INFO: at 1405.842 ms fetching 51.770 ms
INFO: at 1431.730 ms batch [51.770] delay 25.885 ms
INFO: at 1431.730 ms fetching 51.770 ms
INFO: at 1457.620 ms batch [51.770] delay 25.885 ms
INFO: at 1457.620 ms fetching 51.770 ms
INFO: at 1483.509 ms batch [51.770] delay 25.885 ms
INFO: at 1483.509 ms fetching 51.770 ms
INFO: at 1509.396 ms batch [51.770] delay 25.885 ms
INFO: at 1509.396 ms fetching 51.770 ms
INFO: at 1535.286 ms batch [51.770] delay 25.885 ms
INFO: at 1535.286 ms fetching 51.770 ms
INFO: at 1561.188 ms batch [51.770] delay 23.532 ms
INFO: at 1561.188 ms fetching 51.770 ms
INFO: at 1584.723 ms batch [51.770] delay 23.532 ms
INFO: at 1584.723 ms fetching 51.770 ms
INFO: at 1608.258 ms batch [51.770] delay 23.532 ms
INFO: at 1608.258 ms fetching 51.770 ms
INFO: at 1631.793 ms batch [51.770] delay 23.532 ms
INFO: at 1631.793 ms fetching 51.770 ms
INFO: at 1655.326 ms batch [51.770] delay 23.532 ms
INFO: at 1655.326 ms fetching 51.770 ms
INFO: at 1678.862 ms batch [51.770] delay 23.532 ms
INFO: at 1678.862 ms fetching 51.770 ms
INFO: at 1702.399 ms batch [51.770] delay 23.532 ms
INFO: at 1702.399 ms fetching 51.770 ms
INFO: at 1725.935 ms batch [51.770] delay 23.532 ms
INFO: at 1725.935 ms fetching 51.770 ms
INFO: at 1749.468 ms batch [51.770] delay 23.532 ms
INFO: at 1749.468 ms fetching 51.770 ms
INFO: at 1773.003 ms batch [51.770] delay 23.532 ms
INFO: at 1773.003 ms fetching 51.770 ms
INFO: at 1796.539 ms batch [51.770] delay 23.532 ms
INFO: at 1796.539 ms fetching 51.770 ms
INFO: at 1820.075 ms batch [51.770] delay 28.761 ms
INFO: at 1820.075 ms fetching 51.770 ms
INFO: at 1848.838 ms batch [51.770] delay 28.761 ms
INFO: at 1848.838 ms fetching 51.770 ms
INFO: at 1877.602 ms batch [51.770] delay 28.761 ms
INFO: at 1877.602 ms fetching 51.770 ms
INFO: at 1906.367 ms batch [51.770] delay 28.761 ms
INFO: at 1906.367 ms fetching 51.770 ms
INFO: at 1935.131 ms batch [51.770] delay 28.761 ms
INFO: at 1935.131 ms fetching 51.770 ms
INFO: at 1963.896 ms batch [51.770] delay 28.761 ms
INFO: at 1963.896 ms fetching 51.770 ms
INFO: at 1992.662 ms batch [51.770] delay 28.761 ms
INFO: at 1992.662 ms fetching 51.770 ms
INFO: at 2021.427 ms batch [51.770] delay 28.761 ms
INFO: at 2021.427 ms fetching 51.770 ms
INFO: at 2050.190 ms batch [51.770] delay 28.761 ms
INFO: at 2050.190 ms fetching 51.770 ms
INFO: at 2078.956 ms batch [51.770] delay 25.885 ms
INFO: at 2078.956 ms fetching 51.770 ms
INFO: at 2104.843 ms batch [51.770] delay 25.885 ms
INFO: at 2104.843 ms fetching 51.770 ms
INFO: at 2130.731 ms batch [51.770] delay 25.885 ms
INFO: at 2130.731 ms fetching 51.770 ms
INFO: at 2156.620 ms batch [51.770] delay 25.885 ms
INFO: at 2156.620 ms fetching 51.770 ms
INFO: at 2182.507 ms batch [51.770] delay 25.885 ms
INFO: at 2182.507 ms fetching 51.770 ms
INFO: at 2208.396 ms batch [51.770] delay 25.885 ms
INFO: at 2208.396 ms fetching 51.770 ms
INFO: at 2234.286 ms batch [51.770] delay 25.885 ms
INFO: at 2234.286 ms fetching 51.770 ms
INFO: at 2260.173 ms batch [51.770] delay 25.885 ms
INFO: at 2260.173 ms fetching 51.770 ms
INFO: at 2286.060 ms batch [51.770] delay 25.885 ms
INFO: at 2286.060 ms fetching 51.770 ms
INFO: at 2311.948 ms batch [51.770] delay 25.885 ms
INFO: at 2311.948 ms fetching 51.770 ms
INFO: at 2337.836 ms batch [51.770] delay 23.532 ms
INFO: at 2337.836 ms fetching 51.770 ms
INFO: at 2361.370 ms batch [51.770] delay 23.532 ms
INFO: at 2361.370 ms fetching 51.770 ms
INFO: at 2384.905 ms batch [51.770] delay 23.532 ms
INFO: at 2384.905 ms fetching 51.770 ms
INFO: at 2408.439 ms batch [51.770] delay 23.532 ms
INFO: at 2408.439 ms fetching 51.770 ms
INFO: at 2431.974 ms batch [51.770] delay 23.532 ms
INFO: at 2431.974 ms fetching 51.770 ms
INFO: at 2455.508 ms batch [51.770] delay 23.532 ms
INFO: at 2455.508 ms fetching 51.770 ms
INFO: at 2479.043 ms batch [51.770] delay 23.532 ms
INFO: at 2479.043 ms fetching 51.770 ms
INFO: at 2502.576 ms batch [51.770] delay 23.532 ms
INFO: at 2502.576 ms fetching 51.770 ms
INFO: at 2526.110 ms batch [51.770] delay 23.532 ms
INFO: at 2526.110 ms fetching 51.770 ms
INFO: at 2549.645 ms batch [51.770] delay 23.532 ms
INFO: at 2549.645 ms fetching 51.770 ms
INFO: at 2573.180 ms batch [51.770] delay 23.532 ms
INFO: at 2573.180 ms fetching 51.770 ms
INFO: at 2596.714 ms batch [51.770] delay 25.885 ms
INFO: at 2596.714 ms fetching 51.770 ms
INFO: at 2622.602 ms batch [51.770] delay 25.885 ms
INFO: at 2622.602 ms fetching 51.770 ms
INFO: at 2648.489 ms batch [51.770] delay 25.885 ms
INFO: at 2648.489 ms fetching 51.770 ms
INFO: at 2674.376 ms batch [51.770] delay 25.885 ms
INFO: at 2674.376 ms fetching 51.770 ms
INFO: at 2700.263 ms batch [51.770] delay 25.885 ms
INFO: at 2700.263 ms fetching 51.770 ms
INFO: at 2726.151 ms batch [51.770] delay 25.885 ms
INFO: at 2726.151 ms fetching 51.770 ms
INFO: at 2752.038 ms batch [51.770] delay 25.885 ms
INFO: at 2752.038 ms fetching 51.770 ms
INFO: at 2777.926 ms batch [51.770] delay 25.885 ms
INFO: at 2777.926 ms fetching 51.770 ms
INFO: at 2803.813 ms batch [51.770] delay 25.885 ms
INFO: at 2803.813 ms fetching 51.770 ms
INFO: at 2829.701 ms batch [51.770] delay 25.885 ms
INFO: at 2829.701 ms fetching 51.770 ms
INFO: at 2855.588 ms batch [51.770] delay 21.571 ms
INFO: at 2855.588 ms fetching 51.770 ms
INFO: at 2877.162 ms batch [51.770] delay 21.571 ms
INFO: at 2877.162 ms fetching 51.770 ms
INFO: at 2898.735 ms batch [51.770] delay 21.571 ms
INFO: at 2898.735 ms fetching 51.770 ms
INFO: at 2920.308 ms batch [51.770] delay 21.571 ms
INFO: at 2920.308 ms fetching 51.770 ms
INFO: at 2941.881 ms batch [51.770] delay 21.571 ms
INFO: at 2941.881 ms fetching 51.770 ms
INFO: at 2963.455 ms batch [51.770] delay 21.571 ms
INFO: at 2963.455 ms fetching 51.770 ms
INFO: at 2985.028 ms batch [51.770] delay 21.571 ms
INFO: at 2985.028 ms fetching 51.770 ms
INFO: at 3006.602 ms batch [51.770] delay 21.571 ms
INFO: at 3006.602 ms fetching 51.770 ms
INFO: at 3028.175 ms batch [51.770] delay 21.571 ms
INFO: at 3028.175 ms fetching 51.770 ms
INFO: at 3049.749 ms batch [51.770] delay 21.571 ms
INFO: at 3049.749 ms fetching 51.770 ms
INFO: at 3071.322 ms batch [51.770] delay 21.571 ms
INFO: at 3071.322 ms fetching 51.770 ms
INFO: at 3092.895 ms batch [51.770] delay 21.571 ms
INFO: at 3092.895 ms fetching 51.770 ms
INFO: at 3114.468 ms batch [51.770] delay 25.885 ms
INFO: at 3114.468 ms fetching 51.770 ms
INFO: at 3140.356 ms batch [51.770] delay 25.885 ms
INFO: at 3140.356 ms fetching 51.770 ms
INFO: at 3166.244 ms batch [51.770] delay 25.885 ms
INFO: at 3166.244 ms fetching 51.770 ms
INFO: at 3192.131 ms batch [51.770] delay 25.885 ms
INFO: at 3192.131 ms fetching 51.770 ms
INFO: at 3218.018 ms batch [51.770] delay 25.885 ms
INFO: at 3218.018 ms fetching 51.770 ms
INFO: at 3243.906 ms batch [51.770] delay 25.885 ms
INFO: at 3243.906 ms fetching 51.770 ms
INFO: at 3269.792 ms batch [51.770] delay 25.885 ms
INFO: at 3269.792 ms fetching 51.770 ms
INFO: at 3295.681 ms batch [51.770] delay 25.885 ms
INFO: at 3295.681 ms fetching 51.770 ms
INFO: at 3321.569 ms batch [51.770] delay 25.885 ms
INFO: at 3321.569 ms fetching 51.770 ms
INFO: at 3347.456 ms batch [51.770] delay 25.885 ms
INFO: at 3347.456 ms fetching 51.770 ms
INFO: at 3373.344 ms batch [51.770] delay 23.532 ms
INFO: at 3373.344 ms fetching 51.770 ms
INFO: at 3396.880 ms batch [51.770] delay 23.532 ms
INFO: at 3396.880 ms fetching 51.770 ms
INFO: at 3420.414 ms batch [51.770] delay 23.532 ms
INFO: at 3420.414 ms fetching 51.770 ms
INFO: at 3443.947 ms batch [51.770] delay 23.532 ms
INFO: at 3443.947 ms fetching 51.770 ms
INFO: at 3467.482 ms batch [51.770] delay 23.532 ms
INFO: at 3467.482 ms fetching 51.770 ms
INFO: at 3491.022 ms batch [51.770] delay 23.532 ms
INFO: at 3491.022 ms fetching 51.770 ms
INFO: at 3514.558 ms batch [51.770] delay 23.532 ms
INFO: at 3514.558 ms fetching 51.770 ms
INFO: at 3538.091 ms batch [51.770] delay 23.532 ms
INFO: at 3538.091 ms fetching 51.770 ms
INFO: at 3561.626 ms batch [51.770] delay 23.532 ms
INFO: at 3561.626 ms fetching 51.770 ms
INFO: at 3585.161 ms batch [51.770] delay 23.532 ms
INFO: at 3585.161 ms fetching 51.770 ms
INFO: at 3608.696 ms batch [51.770] delay 23.532 ms
INFO: at 3608.696 ms fetching 51.770 ms
INFO: at 3632.229 ms batch [51.770] delay 28.761 ms
INFO: at 3632.229 ms fetching 51.770 ms
INFO: at 3660.993 ms batch [51.770] delay 28.761 ms
INFO: at 3660.993 ms fetching 51.770 ms
INFO: at 3689.757 ms batch [51.770] delay 28.761 ms
INFO: at 3689.757 ms fetching 51.770 ms
INFO: at 3718.521 ms batch [51.770] delay 28.761 ms
INFO: at 3718.521 ms fetching 51.770 ms
INFO: at 3747.286 ms batch [51.770] delay 28.761 ms
INFO: at 3747.286 ms fetching 51.770 ms
INFO: at 3776.051 ms batch [51.770] delay 28.761 ms
INFO: at 3776.051 ms fetching 51.770 ms
INFO: at 3804.814 ms batch [51.770] delay 28.761 ms
INFO: at 3804.814 ms fetching 51.770 ms
INFO: at 3833.578 ms batch [51.770] delay 28.761 ms
INFO: at 3833.578 ms fetching 51.770 ms
INFO: at 3862.343 ms batch [51.770] delay 28.761 ms
INFO: at 3862.343 ms fetching 51.770 ms
INFO: at 3891.105 ms batch [51.770] delay 19.911 ms
INFO: at 3891.105 ms fetching 51.770 ms
INFO: at 3911.019 ms batch [51.770] delay 19.911 ms
INFO: at 3911.019 ms fetching 51.770 ms
INFO: at 3930.934 ms batch [51.770] delay 19.911 ms
INFO: at 3930.934 ms fetching 51.770 ms
INFO: at 3950.849 ms batch [51.770] delay 19.911 ms
INFO: at 3950.849 ms fetching 51.770 ms
INFO: at 3970.763 ms batch [51.770] delay 19.911 ms
INFO: at 3970.763 ms fetching 51.770 ms
INFO: at 3990.678 ms batch [51.770] delay 19.911 ms
INFO: at 3990.678 ms fetching 51.770 ms
INFO: at 4010.593 ms batch [51.770] delay 19.911 ms
INFO: at 4010.593 ms fetching 51.770 ms
INFO: at 4030.508 ms batch [51.770] delay 19.911 ms
INFO: at 4030.508 ms fetching 51.770 ms
INFO: at 4050.420 ms batch [51.770] delay 19.911 ms
INFO: at 4050.420 ms fetching 51.770 ms
INFO: at 4070.334 ms batch [51.770] delay 19.911 ms
INFO: at 4070.334 ms fetching 51.770 ms
INFO: at 4090.249 ms batch [51.770] delay 19.911 ms
INFO: at 4090.249 ms fetching 51.770 ms
INFO: at 4110.164 ms batch [51.770] delay 19.911 ms
INFO: at 4110.164 ms fetching 51.770 ms
INFO: at 4130.079 ms batch [51.770] delay 19.911 ms
INFO: at 4130.079 ms fetching 51.770 ms
INFO: at 4149.993 ms batch [51.770] delay 28.761 ms
INFO: at 4149.993 ms fetching 51.770 ms
INFO: at 4178.757 ms batch [51.770] delay 28.761 ms
INFO: at 4178.757 ms fetching 51.770 ms
INFO: at 4207.521 ms batch [51.770] delay 28.761 ms
INFO: at 4207.521 ms fetching 51.770 ms
INFO: at 4236.284 ms batch [51.770] delay 28.761 ms
INFO: at 4236.284 ms fetching 51.770 ms
INFO: at 4265.047 ms batch [51.770] delay 28.761 ms
INFO: at 4265.047 ms fetching 51.770 ms
INFO: at 4293.812 ms batch [51.770] delay 28.761 ms
INFO: at 4293.812 ms fetching 51.770 ms
INFO: at 4322.574 ms batch [51.770] delay 28.761 ms
INFO: at 4322.574 ms fetching 51.770 ms
INFO: at 4351.339 ms batch [51.770] delay 28.761 ms
INFO: at 4351.339 ms fetching 51.770 ms
INFO: at 4380.103 ms batch [51.770] delay 28.761 ms
INFO: at 4380.103 ms fetching 51.770 ms
INFO: at 4408.865 ms batch [51.770] delay 43.141 ms
INFO: at 4408.865 ms fetching 51.770 ms
INFO: at 4452.010 ms batch [51.770] delay 43.141 ms
INFO: at 4452.010 ms fetching 51.770 ms
INFO: at 4495.153 ms batch [51.770] delay 43.141 ms
INFO: at 4495.153 ms fetching 51.770 ms
INFO: at 4538.297 ms batch [51.770] delay 43.141 ms
INFO: at 4538.297 ms fetching 51.770 ms
INFO: at 4581.441 ms batch [51.770] delay 43.141 ms
INFO: at 4581.441 ms fetching 51.770 ms
INFO: at 4624.584 ms batch [51.770] delay 43.141 ms
INFO: at 4624.584 ms fetching 51.770 ms
INFO: at 4667.728 ms batch [51.770] delay 28.761 ms
INFO: at 4667.728 ms fetching 51.770 ms
INFO: at 4696.491 ms batch [51.770] delay 28.761 ms
INFO: at 4696.491 ms fetching 51.770 ms
INFO: at 4725.254 ms batch [51.770] delay 28.761 ms
INFO: at 4725.254 ms fetching 51.770 ms
INFO: at 4754.018 ms batch [51.770] delay 28.761 ms
INFO: at 4754.018 ms fetching 51.770 ms
INFO: at 4782.782 ms batch [51.770] delay 28.761 ms
INFO: at 4782.782 ms fetching 51.770 ms
INFO: at 4811.546 ms batch [51.770] delay 28.761 ms
INFO: at 4811.546 ms fetching 51.770 ms
INFO: at 4840.311 ms batch [51.770] delay 28.761 ms
INFO: at 4840.311 ms fetching 51.770 ms
INFO: at 4869.073 ms batch [51.770] delay 28.761 ms
INFO: at 4869.073 ms fetching 51.770 ms
INFO: at 4897.837 ms batch [51.770] delay 28.761 ms
INFO: at 4897.837 ms fetching 51.770 ms
INFO: at 4926.602 ms batch [51.770] delay 28.761 ms
INFO: at 4926.602 ms fetching 51.770 ms
INFO: at 4955.366 ms batch [51.770] delay 28.761 ms
INFO: at 4955.366 ms fetching 51.770 ms
INFO: at 4984.130 ms batch [51.770] delay 28.761 ms
INFO: at 4984.130 ms fetching 51.770 ms
INFO: at 5012.893 ms batch [51.770] delay 28.761 ms
INFO: at 5012.893 ms fetching 51.770 ms
INFO: at 5041.656 ms batch [51.770] delay 28.761 ms
INFO: at 5041.656 ms fetching 51.770 ms
INFO: at 5070.420 ms batch [51.770] delay 28.761 ms
INFO: at 5070.420 ms fetching 51.770 ms
INFO: at 5099.182 ms batch [51.770] delay 28.761 ms
INFO: at 5099.182 ms fetching 51.770 ms
INFO: at 5127.946 ms batch [51.770] delay 28.761 ms
INFO: at 5127.946 ms fetching 51.770 ms
INFO: at 5156.710 ms batch [51.770] delay 28.761 ms
INFO: at 5156.710 ms fetching 51.770 ms
INFO: at 5185.475 ms batch [51.770] delay 43.141 ms
INFO: at 5185.475 ms fetching 51.770 ms
INFO: at 5228.620 ms batch [51.770] delay 43.141 ms
INFO: at 5228.620 ms fetching 51.770 ms
INFO: at 5271.764 ms batch [51.770] delay 43.141 ms
INFO: at 5271.764 ms fetching 51.770 ms
INFO: at 5314.907 ms batch [51.770] delay 43.141 ms
INFO: at 5314.907 ms fetching 51.770 ms
INFO: at 5358.056 ms batch [51.770] delay 43.141 ms
INFO: at 5358.056 ms fetching 51.770 ms
INFO: at 5401.202 ms batch [51.770] delay 43.141 ms
INFO: at 5401.202 ms fetching 51.770 ms
INFO: at 5444.345 ms batch [51.770] delay 23.532 ms
INFO: at 5444.345 ms fetching 51.770 ms
INFO: at 5467.880 ms batch [51.770] delay 23.532 ms
INFO: at 5467.880 ms fetching 51.770 ms
INFO: at 5491.413 ms batch [51.770] delay 23.532 ms
INFO: at 5491.413 ms fetching 51.770 ms
INFO: at 5514.948 ms batch [51.770] delay 23.532 ms
INFO: at 5514.948 ms fetching 51.770 ms
INFO: at 5538.483 ms batch [51.770] delay 23.532 ms
INFO: at 5538.483 ms fetching 51.770 ms
INFO: at 5562.018 ms batch [51.770] delay 23.532 ms
INFO: at 5562.018 ms fetching 51.770 ms
INFO: at 5585.552 ms batch [51.770] delay 23.532 ms
INFO: at 5585.552 ms fetching 51.770 ms
INFO: at 5609.087 ms batch [51.770] delay 23.532 ms
INFO: at 5609.087 ms fetching 51.770 ms
INFO: at 5632.622 ms batch [51.770] delay 23.532 ms
INFO: at 5632.622 ms fetching 51.770 ms
INFO: at 5656.158 ms batch [51.770] delay 23.532 ms
INFO: at 5656.158 ms fetching 51.770 ms
INFO: at 5679.694 ms batch [51.770] delay 23.532 ms
INFO: at 5679.694 ms fetching 51.770 ms
INFO: at 5703.229 ms batch [51.770] delay 25.885 ms
INFO: at 5703.229 ms fetching 51.770 ms
INFO: at 5729.116 ms batch [51.770] delay 25.885 ms
INFO: at 5729.116 ms fetching 51.770 ms
INFO: at 5755.004 ms batch [51.770] delay 25.885 ms
INFO: at 5755.004 ms fetching 51.770 ms
INFO: at 5780.893 ms batch [51.770] delay 25.885 ms
INFO: at 5780.893 ms fetching 51.770 ms
INFO: at 5806.781 ms batch [51.770] delay 25.885 ms
INFO: at 5806.781 ms fetching 51.770 ms
INFO: at 5832.671 ms batch [51.770] delay 25.885 ms
INFO: at 5832.671 ms fetching 51.770 ms
INFO: at 5858.559 ms batch [51.770] delay 25.885 ms
INFO: at 5858.559 ms fetching 51.770 ms
INFO: at 5884.448 ms batch [51.770] delay 25.885 ms
INFO: at 5884.448 ms fetching 51.770 ms
INFO: at 5910.338 ms batch [51.770] delay 25.885 ms
INFO: at 5910.338 ms fetching 51.770 ms
INFO: at 5936.226 ms batch [51.770] delay 25.885 ms
INFO: at 5936.226 ms fetching 51.770 ms
INFO: at 5962.114 ms batch [51.770] delay 23.532 ms
INFO: at 5962.114 ms fetching 51.770 ms
INFO: at 5985.647 ms batch [51.770] delay 23.532 ms
INFO: at 5985.647 ms fetching 51.770 ms
INFO: at 6009.181 ms batch [51.770] delay 23.532 ms
INFO: at 6009.181 ms fetching 51.770 ms
INFO: at 6032.717 ms batch [51.770] delay 23.532 ms
INFO: at 6032.717 ms fetching 51.770 ms
INFO: at 6056.253 ms batch [51.770] delay 23.532 ms
INFO: at 6056.253 ms fetching 51.770 ms
INFO: at 6079.787 ms batch [51.770] delay 23.532 ms
INFO: at 6079.787 ms fetching 51.770 ms
INFO: at 6103.323 ms batch [51.770] delay 23.532 ms
INFO: at 6103.323 ms fetching 51.770 ms
INFO: at 6126.858 ms batch [51.770] delay 23.532 ms
INFO: at 6126.858 ms fetching 51.770 ms
INFO: at 6150.393 ms batch [51.770] delay 23.532 ms
INFO: at 6150.393 ms fetching 51.770 ms
INFO: at 6173.928 ms batch [51.770] delay 23.532 ms
INFO: at 6173.928 ms fetching 51.770 ms
INFO: at 6197.463 ms batch [51.770] delay 23.532 ms
INFO: at 6197.463 ms fetching 51.770 ms
INFO: at 6221.000 ms batch [51.770] delay 23.532 ms
INFO: at 6221.000 ms fetching 51.770 ms
INFO: at 6244.535 ms batch [51.770] delay 23.532 ms
INFO: at 6244.535 ms fetching 51.770 ms
INFO: at 6268.070 ms batch [51.770] delay 23.532 ms
INFO: at 6268.070 ms fetching 51.770 ms
INFO: at 6291.612 ms batch [51.770] delay 23.532 ms
INFO: at 6291.612 ms fetching 51.770 ms
INFO: at 6315.148 ms batch [51.770] delay 23.532 ms
INFO: at 6315.148 ms fetching 51.770 ms
INFO: at 6338.684 ms batch [51.770] delay 23.532 ms
INFO: at 6338.684 ms fetching 51.770 ms
INFO: at 6362.221 ms batch [51.770] delay 23.532 ms
INFO: at 6362.221 ms fetching 51.770 ms
INFO: at 6385.754 ms batch [51.770] delay 23.532 ms
INFO: at 6385.754 ms fetching 51.770 ms
INFO: at 6409.289 ms batch [51.770] delay 23.532 ms
INFO: at 6409.289 ms fetching 51.770 ms
INFO: at 6432.825 ms batch [51.770] delay 23.532 ms
INFO: at 6432.825 ms fetching 51.770 ms
INFO: at 6456.361 ms batch [51.770] delay 23.532 ms
INFO: at 6456.361 ms fetching 51.770 ms
INFO: at 6479.895 ms batch [51.770] delay 18.489 ms
INFO: at 6479.895 ms fetching 51.770 ms
INFO: at 6498.387 ms batch [51.770] delay 18.489 ms
INFO: at 6498.387 ms fetching 51.770 ms
INFO: at 6516.879 ms batch [51.770] delay 18.489 ms
INFO: at 6516.879 ms fetching 51.770 ms
INFO: at 6535.371 ms batch [51.770] delay 18.489 ms
INFO: at 6535.371 ms fetching 51.770 ms
INFO: at 6553.863 ms batch [51.770] delay 18.489 ms
INFO: at 6553.863 ms fetching 51.770 ms
INFO: at 6572.355 ms batch [51.770] delay 18.489 ms
INFO: at 6572.355 ms fetching 51.770 ms
INFO: at 6590.848 ms batch [51.770] delay 18.489 ms
INFO: at 6590.848 ms fetching 51.770 ms
INFO: at 6609.339 ms batch [51.770] delay 18.489 ms
INFO: at 6609.339 ms fetching 51.770 ms
INFO: at 6627.831 ms batch [51.770] delay 18.489 ms
INFO: at 6627.831 ms fetching 51.770 ms
INFO: at 6646.324 ms batch [51.770] delay 18.489 ms
INFO: at 6646.324 ms fetching 51.770 ms
INFO: at 6664.815 ms batch [51.770] delay 18.489 ms
INFO: at 6664.815 ms fetching 51.770 ms
INFO: at 6683.308 ms batch [51.770] delay 18.489 ms
INFO: at 6683.308 ms fetching 51.770 ms
INFO: at 6701.805 ms batch [51.770] delay 18.489 ms
INFO: at 6701.805 ms fetching 51.770 ms
INFO: at 6720.297 ms batch [51.770] delay 18.489 ms
INFO: at 6720.297 ms fetching 51.770 ms
INFO: at 6738.790 ms batch [51.770] delay 25.885 ms
INFO: at 6738.790 ms fetching 51.770 ms
INFO: at 6764.678 ms batch [51.770] delay 25.885 ms
INFO: at 6764.678 ms fetching 51.770 ms
INFO: at 6790.568 ms batch [51.770] delay 25.885 ms
INFO: at 6790.568 ms fetching 51.770 ms
INFO: at 6816.457 ms batch [51.770] delay 25.885 ms
INFO: at 6816.457 ms fetching 51.770 ms
INFO: at 6842.345 ms batch [51.770] delay 25.885 ms
INFO: at 6842.345 ms fetching 51.770 ms
INFO: at 6868.234 ms batch [51.770] delay 25.885 ms
INFO: at 6868.234 ms fetching 51.770 ms
INFO: at 6894.123 ms batch [51.770] delay 25.885 ms
INFO: at 6894.123 ms fetching 51.770 ms
INFO: at 6920.010 ms batch [51.770] delay 25.885 ms
INFO: at 6920.010 ms fetching 51.770 ms
INFO: at 6945.898 ms batch [51.770] delay 25.885 ms
INFO: at 6945.898 ms fetching 51.770 ms
INFO: at 6971.786 ms batch [51.770] delay 25.885 ms
INFO: at 6971.786 ms fetching 51.770 ms
INFO: at 6997.675 ms batch [51.770] delay 21.571 ms
INFO: at 6997.675 ms fetching 51.770 ms
INFO: at 7019.250 ms batch [51.770] delay 21.571 ms
INFO: at 7019.250 ms fetching 51.770 ms
INFO: at 7040.825 ms batch [51.770] delay 21.571 ms
INFO: at 7040.825 ms fetching 51.770 ms
INFO: at 7062.399 ms batch [51.770] delay 21.571 ms
INFO: at 7062.399 ms fetching 51.770 ms
INFO: at 7083.974 ms batch [51.770] delay 21.571 ms
INFO: at 7083.974 ms fetching 51.770 ms
INFO: at 7105.548 ms batch [51.770] delay 21.571 ms
INFO: at 7105.548 ms fetching 51.770 ms
INFO: at 7127.123 ms batch [51.770] delay 21.571 ms
INFO: at 7127.123 ms fetching 51.770 ms
INFO: at 7148.697 ms batch [51.770] delay 21.571 ms
INFO: at 7148.697 ms fetching 51.770 ms
INFO: at 7170.272 ms batch [51.770] delay 21.571 ms
INFO: at 7170.272 ms fetching 51.770 ms
INFO: at 7191.845 ms batch [51.770] delay 21.571 ms
INFO: at 7191.845 ms fetching 51.770 ms
INFO: at 7213.420 ms batch [51.770] delay 21.571 ms
INFO: at 7213.420 ms fetching 51.770 ms
INFO: at 7234.995 ms batch [51.770] delay 21.571 ms
INFO: at 7234.995 ms fetching 51.770 ms
INFO: at 7256.569 ms batch [51.770] delay 25.885 ms
INFO: at 7256.569 ms fetching 51.770 ms
INFO: at 7282.457 ms batch [51.770] delay 25.885 ms
INFO: at 7282.457 ms fetching 51.770 ms
INFO: at 7308.348 ms batch [51.770] delay 25.885 ms
INFO: at 7308.348 ms fetching 51.770 ms
INFO: at 7334.236 ms batch [51.770] delay 25.885 ms
INFO: at 7334.236 ms fetching 51.770 ms
INFO: at 7360.126 ms batch [51.770] delay 25.885 ms
INFO: at 7360.126 ms fetching 51.770 ms
INFO: at 7386.014 ms batch [51.770] delay 25.885 ms
INFO: at 7386.014 ms fetching 51.770 ms
INFO: at 7411.903 ms batch [51.770] delay 25.885 ms
INFO: at 7411.903 ms fetching 51.770 ms
INFO: at 7437.794 ms batch [51.770] delay 25.885 ms
INFO: at 7437.794 ms fetching 51.770 ms
INFO: at 7463.682 ms batch [51.770] delay 25.885 ms
INFO: at 7463.682 ms fetching 51.770 ms
INFO: at 7489.571 ms batch [51.770] delay 25.885 ms
INFO: at 7489.571 ms fetching 51.770 ms
INFO: at 7515.457 ms batch [51.770] delay 28.761 ms
INFO: at 7515.457 ms fetching 51.770 ms
INFO: at 7544.222 ms batch [51.770] delay 28.761 ms
INFO: at 7544.222 ms fetching 51.770 ms
INFO: at 7572.988 ms batch [51.770] delay 28.761 ms
INFO: at 7572.988 ms fetching 51.770 ms
INFO: at 7601.750 ms batch [51.770] delay 28.761 ms
INFO: at 7601.750 ms fetching 51.770 ms
INFO: at 7630.515 ms batch [51.770] delay 28.761 ms
INFO: at 7630.515 ms fetching 51.770 ms
INFO: at 7659.280 ms batch [51.770] delay 28.761 ms
INFO: at 7659.280 ms fetching 51.770 ms
INFO: at 7688.045 ms batch [51.770] delay 28.761 ms
INFO: at 7688.045 ms fetching 51.770 ms
INFO: at 7716.815 ms batch [51.770] delay 28.761 ms
INFO: at 7716.815 ms fetching 51.770 ms
INFO: at 7745.578 ms batch [51.770] delay 28.761 ms
INFO: at 7745.578 ms fetching 51.770 ms
INFO: at 7774.342 ms batch [51.770] delay 32.356 ms
INFO: at 7774.342 ms fetching 51.770 ms
INFO: at 7806.703 ms batch [51.770] delay 32.356 ms
INFO: at 7806.703 ms fetching 51.770 ms
INFO: at 7839.064 ms batch [51.770] delay 32.356 ms
INFO: at 7839.064 ms fetching 51.770 ms
INFO: at 7871.425 ms batch [51.770] delay 32.356 ms
INFO: at 7871.425 ms fetching 51.770 ms
INFO: at 7903.786 ms batch [51.770] delay 32.356 ms
INFO: at 7903.786 ms fetching 51.770 ms
INFO: at 7936.146 ms batch [51.770] delay 32.356 ms
INFO: at 7936.146 ms fetching 51.770 ms
INFO: at 7968.503 ms batch [51.770] delay 32.356 ms
INFO: at 7968.503 ms fetching 51.770 ms
INFO: at 8000.867 ms batch [51.770] delay 32.356 ms
INFO: at 8000.867 ms fetching 51.770 ms
INFO: at 8033.225 ms batch [51.770] delay 36.978 ms
INFO: at 8033.225 ms fetching 51.770 ms
INFO: at 8070.207 ms batch [51.770] delay 36.978 ms
INFO: at 8070.207 ms fetching 51.770 ms
INFO: at 8107.187 ms batch [51.770] delay 36.978 ms
INFO: at 8107.187 ms fetching 51.770 ms
INFO: at 8144.170 ms batch [51.770] delay 36.978 ms
INFO: at 8144.170 ms fetching 51.770 ms
INFO: at 8181.150 ms batch [51.770] delay 36.978 ms
INFO: at 8181.150 ms fetching 51.770 ms
INFO: at 8218.132 ms batch [51.770] delay 36.978 ms
INFO: at 8218.132 ms fetching 51.770 ms
INFO: at 8255.111 ms batch [51.770] delay 36.978 ms
INFO: at 8255.111 ms fetching 51.770 ms
INFO: at 8292.095 ms batch [51.770] delay 28.761 ms
INFO: at 8292.095 ms fetching 51.770 ms
INFO: at 8320.860 ms batch [51.770] delay 28.761 ms
INFO: at 8320.860 ms fetching 51.770 ms
INFO: at 8349.626 ms batch [51.770] delay 28.761 ms
INFO: at 8349.626 ms fetching 51.770 ms
INFO: at 8378.393 ms batch [51.770] delay 28.761 ms
INFO: at 8378.393 ms fetching 51.770 ms
INFO: at 8407.159 ms batch [51.770] delay 28.761 ms
INFO: at 8407.159 ms fetching 51.770 ms
INFO: at 8435.922 ms batch [51.770] delay 28.761 ms
INFO: at 8435.922 ms fetching 51.770 ms
INFO: at 8464.687 ms batch [51.770] delay 28.761 ms
INFO: at 8464.687 ms fetching 51.770 ms
INFO: at 8493.451 ms batch [51.770] delay 28.761 ms
INFO: at 8493.451 ms fetching 51.770 ms
INFO: at 8522.216 ms batch [51.770] delay 28.761 ms
INFO: at 8522.216 ms fetching 51.770 ms
INFO: at 8550.982 ms batch [51.770] delay 36.978 ms
INFO: at 8550.982 ms fetching 51.770 ms
INFO: at 8587.962 ms batch [51.770] delay 36.978 ms
INFO: at 8587.962 ms fetching 51.770 ms
INFO: at 8624.949 ms batch [51.770] delay 36.978 ms
INFO: at 8624.949 ms fetching 51.770 ms
INFO: at 8661.929 ms batch [51.770] delay 36.978 ms
INFO: at 8661.929 ms fetching 51.770 ms
INFO: at 8698.911 ms batch [51.770] delay 36.978 ms
INFO: at 8698.911 ms fetching 51.770 ms
INFO: at 8735.891 ms batch [51.770] delay 36.978 ms
INFO: at 8735.891 ms fetching 51.770 ms
INFO: at 8772.874 ms batch [51.770] delay 36.978 ms
INFO: at 8772.874 ms fetching 51.770 ms
INFO: at 8809.854 ms batch [51.770] delay 21.571 ms
INFO: at 8809.854 ms fetching 51.770 ms
INFO: at 8831.427 ms batch [51.770] delay 21.571 ms
INFO: at 8831.427 ms fetching 51.770 ms
INFO: at 8853.002 ms batch [51.770] delay 21.571 ms
INFO: at 8853.002 ms fetching 51.770 ms
INFO: at 8874.576 ms batch [51.770] delay 21.571 ms
INFO: at 8874.576 ms fetching 51.770 ms
INFO: at 8896.150 ms batch [51.770] delay 21.571 ms
INFO: at 8896.150 ms fetching 51.770 ms
INFO: at 8917.724 ms batch [51.770] delay 21.571 ms
INFO: at 8917.724 ms fetching 51.770 ms
INFO: at 8939.298 ms batch [51.770] delay 21.571 ms
INFO: at 8939.298 ms fetching 51.770 ms
INFO: at 8960.872 ms batch [51.770] delay 21.571 ms
INFO: at 8960.872 ms fetching 51.770 ms
INFO: at 8982.446 ms batch [51.770] delay 21.571 ms
INFO: at 8982.446 ms fetching 51.770 ms
INFO: at 9004.019 ms batch [51.770] delay 21.571 ms
INFO: at 9004.019 ms fetching 51.770 ms
INFO: at 9025.593 ms batch [51.770] delay 21.571 ms
INFO: at 9025.593 ms fetching 51.770 ms
INFO: at 9047.168 ms batch [51.770] delay 21.571 ms
INFO: at 9047.168 ms fetching 51.770 ms
INFO: at 9068.741 ms batch [51.770] delay 28.761 ms
INFO: at 9068.741 ms fetching 51.770 ms
INFO: at 9097.504 ms batch [51.770] delay 28.761 ms
INFO: at 9097.504 ms fetching 51.770 ms
INFO: at 9126.269 ms batch [51.770] delay 28.761 ms
INFO: at 9126.269 ms fetching 51.770 ms
INFO: at 9155.036 ms batch [51.770] delay 28.761 ms
INFO: at 9155.036 ms fetching 51.770 ms
INFO: at 9183.798 ms batch [51.770] delay 28.761 ms
INFO: at 9183.798 ms fetching 51.770 ms
INFO: at 9212.563 ms batch [51.770] delay 28.761 ms
INFO: at 9212.563 ms fetching 51.770 ms
INFO: at 9241.328 ms batch [51.770] delay 28.761 ms
INFO: at 9241.328 ms fetching 51.770 ms
INFO: at 9270.091 ms batch [51.770] delay 28.761 ms
INFO: at 9270.091 ms fetching 51.770 ms
INFO: at 9298.855 ms batch [51.770] delay 28.761 ms
INFO: at 9298.855 ms fetching 51.770 ms
INFO: at 9327.621 ms batch [51.770] delay 28.761 ms
INFO: at 9327.621 ms fetching 51.770 ms
INFO: at 9356.383 ms batch [51.770] delay 28.761 ms
INFO: at 9356.383 ms fetching 51.770 ms
INFO: at 9385.148 ms batch [51.770] delay 28.761 ms
INFO: at 9385.148 ms fetching 51.770 ms
INFO: at 9413.911 ms batch [51.770] delay 28.761 ms
INFO: at 9413.911 ms fetching 51.770 ms
INFO: at 9442.678 ms batch [51.770] delay 28.761 ms
INFO: at 9442.678 ms fetching 51.770 ms
INFO: at 9471.449 ms batch [51.770] delay 28.761 ms
INFO: at 9471.449 ms fetching 51.770 ms
INFO: at 9500.211 ms batch [51.770] delay 28.761 ms
INFO: at 9500.211 ms fetching 51.770 ms
INFO: at 9528.976 ms batch [51.770] delay 28.761 ms
INFO: at 9528.976 ms fetching 51.770 ms
INFO: at 9557.741 ms batch [51.770] delay 28.761 ms
INFO: at 9557.741 ms fetching 51.770 ms
INFO: at 9586.503 ms batch [51.770] delay 32.356 ms
INFO: at 9586.503 ms fetching 51.770 ms
INFO: at 9618.863 ms batch [51.770] delay 32.356 ms
INFO: at 9618.863 ms fetching 51.770 ms
INFO: at 9651.221 ms batch [51.770] delay 32.356 ms
INFO: at 9651.221 ms fetching 51.770 ms
INFO: at 9683.581 ms batch [51.770] delay 32.356 ms
INFO: at 9683.581 ms fetching 51.770 ms
INFO: at 9715.941 ms batch [51.770] delay 32.356 ms
INFO: at 9715.941 ms fetching 51.770 ms
INFO: at 9748.301 ms batch [51.770] delay 32.356 ms
INFO: at 9748.301 ms fetching 51.770 ms
INFO: at 9780.661 ms batch [51.770] delay 32.356 ms
INFO: at 9780.661 ms fetching 51.770 ms
INFO: at 9813.020 ms batch [51.770] delay 32.356 ms
INFO: at 9813.020 ms fetching 51.770 ms
INFO: at 9845.379 ms batch [51.770] delay 32.356 ms
INFO: at 9845.379 ms fetching 51.770 ms
INFO: at 9877.739 ms batch [51.770] delay 32.356 ms
INFO: at 9877.739 ms fetching 51.770 ms
INFO: at 9910.098 ms batch [51.770] delay 32.356 ms
INFO: at 9910.098 ms fetching 51.770 ms
INFO: at 9942.456 ms batch [51.770] delay 32.356 ms
INFO: at 9942.456 ms fetching 51.770 ms
INFO: at 9974.815 ms batch [51.770] delay 32.356 ms
INFO: at 9974.815 ms fetching 51.770 ms
INFO: at 10007.198 ms batch [51.770] delay 32.356 ms
INFO: at 10007.198 ms fetching 51.770 ms
INFO: at 10039.557 ms batch [51.770] delay 32.356 ms
INFO: at 10039.557 ms fetching 51.770 ms
INFO: at 10071.915 ms batch [51.770] delay 32.356 ms
INFO: at 10071.915 ms fetching 51.770 ms
INFO: at 10104.274 ms batch [51.770] delay 8.926 ms
INFO: at 10104.274 ms fetching 51.770 ms
INFO: at 10113.202 ms batch [51.770] delay 8.926 ms
INFO: at 10113.202 ms fetching 51.770 ms
INFO: at 10122.130 ms batch [51.770] delay 8.926 ms
INFO: at 10122.130 ms fetching 51.770 ms
INFO: at 10131.058 ms batch [51.770] delay 8.926 ms
INFO: at 10131.058 ms fetching 51.770 ms
INFO: at 10139.986 ms batch [51.770] delay 8.926 ms
INFO: at 10139.986 ms fetching 51.770 ms
INFO: at 10148.913 ms batch [51.770] delay 8.926 ms
INFO: at 10148.913 ms fetching 51.770 ms
INFO: at 10157.841 ms batch [51.770] delay 8.926 ms
INFO: at 10157.841 ms fetching 51.770 ms
INFO: at 10166.769 ms batch [51.770] delay 8.926 ms
INFO: at 10166.769 ms fetching 51.770 ms
INFO: at 10175.697 ms batch [51.770] delay 8.926 ms
INFO: at 10175.697 ms fetching 51.770 ms
INFO: at 10184.624 ms batch [51.770] delay 8.926 ms
INFO: at 10184.624 ms fetching 51.770 ms
INFO: at 10193.552 ms batch [51.770] delay 8.926 ms
INFO: at 10193.552 ms fetching 51.770 ms
INFO: at 10202.479 ms batch [51.770] delay 8.926 ms
INFO: at 10202.479 ms fetching 51.770 ms
INFO: at 10211.409 ms batch [51.770] delay 8.926 ms
INFO: at 10211.409 ms fetching 51.770 ms
INFO: at 10220.336 ms batch [51.770] delay 8.926 ms
INFO: at 10220.336 ms fetching 51.770 ms
INFO: at 10229.264 ms batch [51.770] delay 8.926 ms
INFO: at 10229.264 ms fetching 51.770 ms
INFO: at 10238.192 ms batch [51.770] delay 8.926 ms
INFO: at 10238.192 ms fetching 51.770 ms
INFO: at 10247.119 ms batch [51.770] delay 8.926 ms
INFO: at 10247.119 ms fetching 51.770 ms
INFO: at 10256.047 ms batch [51.770] delay 8.926 ms
INFO: at 10256.047 ms fetching 51.770 ms
INFO: at 10264.976 ms batch [51.770] delay 8.926 ms
INFO: at 10264.976 ms fetching 51.770 ms
INFO: at 10273.904 ms batch [51.770] delay 8.926 ms
INFO: at 10273.904 ms fetching 51.770 ms
INFO: at 10282.833 ms batch [51.770] delay 8.926 ms
INFO: at 10282.833 ms fetching 51.770 ms
INFO: at 10291.761 ms batch [51.770] delay 8.926 ms
INFO: at 10291.761 ms fetching 51.770 ms
INFO: at 10300.688 ms batch [51.770] delay 8.926 ms
INFO: at 10300.688 ms fetching 51.770 ms
INFO: at 10309.616 ms batch [51.770] delay 8.926 ms
INFO: at 10309.616 ms fetching 51.770 ms
INFO: at 10318.544 ms batch [51.770] delay 8.926 ms
INFO: at 10318.544 ms fetching 51.770 ms
INFO: at 10327.472 ms batch [51.770] delay 8.926 ms
INFO: at 10327.472 ms fetching 51.770 ms
INFO: at 10336.400 ms batch [51.770] delay 8.926 ms
INFO: at 10336.400 ms fetching 51.770 ms
INFO: at 10345.330 ms batch [51.770] delay 8.926 ms
INFO: at 10345.330 ms fetching 51.770 ms
INFO: at 10354.258 ms batch [51.770] delay 8.926 ms
INFO: at 10354.258 ms fetching 51.770 ms
INFO: at 10363.185 ms batch [51.770] delay 23.532 ms
INFO: at 10363.185 ms fetching 51.770 ms
INFO: at 10386.722 ms batch [51.770] delay 23.532 ms
INFO: at 10386.722 ms fetching 51.770 ms
INFO: at 10410.257 ms batch [51.770] delay 23.532 ms
INFO: at 10410.257 ms fetching 51.770 ms
INFO: at 10433.792 ms batch [51.770] delay 23.532 ms
INFO: at 10433.792 ms fetching 51.770 ms
INFO: at 10457.327 ms batch [51.770] delay 23.532 ms
INFO: at 10457.327 ms fetching 51.770 ms
INFO: at 10480.862 ms batch [51.770] delay 23.532 ms
INFO: at 10480.862 ms fetching 51.770 ms
INFO: at 10504.396 ms batch [51.770] delay 23.532 ms
INFO: at 10504.396 ms fetching 51.770 ms
INFO: at 10527.930 ms batch [51.770] delay 23.532 ms
INFO: at 10527.930 ms fetching 51.770 ms
INFO: at 10551.464 ms batch [51.770] delay 23.532 ms
INFO: at 10551.464 ms fetching 51.770 ms
INFO: at 10575.000 ms batch [51.770] delay 23.532 ms
INFO: at 10575.000 ms fetching 51.770 ms
INFO: at 10598.535 ms batch [51.770] delay 23.532 ms
INFO: at 10598.535 ms fetching 51.770 ms
INFO: at 10622.068 ms batch [51.770] delay 25.885 ms
INFO: at 10622.068 ms fetching 51.770 ms
INFO: at 10647.956 ms batch [51.770] delay 25.885 ms
INFO: at 10647.956 ms fetching 51.770 ms
INFO: at 10673.843 ms batch [51.770] delay 25.885 ms
INFO: at 10673.843 ms fetching 51.770 ms
INFO: at 10699.731 ms batch [51.770] delay 25.885 ms
INFO: at 10699.731 ms fetching 51.770 ms
INFO: at 10725.619 ms batch [51.770] delay 25.885 ms
INFO: at 10725.619 ms fetching 51.770 ms
INFO: at 10751.507 ms batch [51.770] delay 25.885 ms
INFO: at 10751.507 ms fetching 51.770 ms
INFO: at 10777.395 ms batch [51.770] delay 25.885 ms
INFO: at 10777.395 ms fetching 51.770 ms
INFO: at 10803.281 ms batch [51.770] delay 25.885 ms
INFO: at 10803.281 ms fetching 51.770 ms
INFO: at 10829.169 ms batch [51.770] delay 25.885 ms
INFO: at 10829.169 ms fetching 51.770 ms
INFO: at 10855.057 ms batch [51.770] delay 25.885 ms
INFO: at 10855.057 ms fetching 51.770 ms
INFO: at 10880.943 ms batch [51.770] delay 32.356 ms
INFO: at 10880.943 ms fetching 51.770 ms
INFO: at 10913.303 ms batch [51.770] delay 32.356 ms
INFO: at 10913.303 ms fetching 51.770 ms
INFO: at 10945.662 ms batch [51.770] delay 32.356 ms
INFO: at 10945.662 ms fetching 51.770 ms
INFO: at 10978.021 ms batch [51.770] delay 32.356 ms
INFO: at 10978.021 ms fetching 51.770 ms
INFO: at 11010.380 ms batch [51.770] delay 32.356 ms
INFO: at 11010.380 ms fetching 51.770 ms
INFO: at 11042.739 ms batch [51.770] delay 32.356 ms
INFO: at 11042.739 ms fetching 51.770 ms
INFO: at 11075.098 ms batch [51.770] delay 32.356 ms
INFO: at 11075.098 ms fetching 51.770 ms
INFO: at 11107.455 ms batch [51.770] delay 32.356 ms
INFO: at 11107.455 ms fetching 51.770 ms
INFO: at 11139.815 ms batch [51.770] delay 17.257 ms
INFO: at 11139.815 ms fetching 51.770 ms
INFO: at 11157.074 ms batch [51.770] delay 17.257 ms
INFO: at 11157.074 ms fetching 51.770 ms
INFO: at 11174.333 ms batch [51.770] delay 17.257 ms
INFO: at 11174.333 ms fetching 51.770 ms
INFO: at 11191.592 ms batch [51.770] delay 17.257 ms
INFO: at 11191.592 ms fetching 51.770 ms
INFO: at 11208.852 ms batch [51.770] delay 17.257 ms
INFO: at 11208.852 ms fetching 51.770 ms
INFO: at 11226.112 ms batch [51.770] delay 17.257 ms
INFO: at 11226.112 ms fetching 51.770 ms
INFO: at 11243.371 ms batch [51.770] delay 17.257 ms
INFO: at 11243.371 ms fetching 51.770 ms
INFO: at 11260.629 ms batch [51.770] delay 17.257 ms
INFO: at 11260.629 ms fetching 51.770 ms
INFO: at 11277.888 ms batch [51.770] delay 17.257 ms
INFO: at 11277.888 ms fetching 51.770 ms
INFO: at 11295.149 ms batch [51.770] delay 17.257 ms
INFO: at 11295.149 ms fetching 51.770 ms
INFO: at 11312.409 ms batch [51.770] delay 17.257 ms
INFO: at 11312.409 ms fetching 51.770 ms
INFO: at 11329.668 ms batch [51.770] delay 17.257 ms
INFO: at 11329.668 ms fetching 51.770 ms
INFO: at 11346.927 ms batch [51.770] delay 17.257 ms
INFO: at 11346.927 ms fetching 51.770 ms
INFO: at 11364.186 ms batch [51.770] delay 17.257 ms
INFO: at 11364.186 ms fetching 51.770 ms
INFO: at 11381.446 ms batch [51.770] delay 17.257 ms
INFO: at 11381.446 ms fetching 51.770 ms
INFO: at 11398.706 ms batch [51.770] delay 23.532 ms
INFO: at 11398.706 ms fetching 51.770 ms
INFO: at 11422.241 ms batch [51.770] delay 23.532 ms
INFO: at 11422.241 ms fetching 51.770 ms
INFO: at 11445.776 ms batch [51.770] delay 23.532 ms
INFO: at 11445.776 ms fetching 51.770 ms
INFO: at 11469.311 ms batch [51.770] delay 23.532 ms
INFO: at 11469.311 ms fetching 51.770 ms
INFO: at 11492.846 ms batch [51.770] delay 23.532 ms
INFO: at 11492.846 ms fetching 51.770 ms
INFO: at 11516.381 ms batch [51.770] delay 23.532 ms
INFO: at 11516.381 ms fetching 51.770 ms
INFO: at 11539.914 ms batch [51.770] delay 23.532 ms
INFO: at 11539.914 ms fetching 51.770 ms
INFO: at 11563.452 ms batch [51.770] delay 23.532 ms
INFO: at 11563.452 ms fetching 51.770 ms
INFO: at 11586.987 ms batch [51.770] delay 23.532 ms
INFO: at 11586.987 ms fetching 51.770 ms
INFO: at 11610.523 ms batch [51.770] delay 23.532 ms
INFO: at 11610.523 ms fetching 51.770 ms
INFO: at 11634.056 ms batch [51.770] delay 23.532 ms
INFO: at 11634.056 ms fetching 51.770 ms
INFO: at 11657.590 ms batch [51.770] delay 23.532 ms
INFO: at 11657.590 ms fetching 51.770 ms
INFO: at 11681.125 ms batch [51.770] delay 23.532 ms
INFO: at 11681.125 ms fetching 51.770 ms
INFO: at 11704.660 ms batch [51.770] delay 23.532 ms
INFO: at 11704.660 ms fetching 51.770 ms
INFO: at 11728.195 ms batch [51.770] delay 23.532 ms
INFO: at 11728.195 ms fetching 51.770 ms
INFO: at 11751.730 ms batch [51.770] delay 23.532 ms
INFO: at 11751.730 ms fetching 51.770 ms
INFO: at 11775.265 ms batch [51.770] delay 23.532 ms
INFO: at 11775.265 ms fetching 51.770 ms
INFO: at 11798.799 ms batch [51.770] delay 23.532 ms
INFO: at 11798.799 ms fetching 51.770 ms
INFO: at 11822.334 ms batch [51.770] delay 23.532 ms
INFO: at 11822.334 ms fetching 51.770 ms
INFO: at 11845.868 ms batch [51.770] delay 23.532 ms
INFO: at 11845.868 ms fetching 51.770 ms
INFO: at 11869.404 ms batch [51.770] delay 23.532 ms
INFO: at 11869.404 ms fetching 51.770 ms
INFO: at 11892.938 ms batch [51.770] delay 23.532 ms
INFO: at 11892.938 ms fetching 51.770 ms
INFO: at 11916.472 ms batch [51.770] delay 28.761 ms
INFO: at 11916.472 ms fetching 51.770 ms
INFO: at 11945.236 ms batch [51.770] delay 28.761 ms
INFO: at 11945.236 ms fetching 51.770 ms
INFO: at 11974.000 ms batch [51.770] delay 28.761 ms
INFO: at 11974.000 ms fetching 51.770 ms
INFO: at 12002.766 ms batch [51.770] delay 28.761 ms
INFO: at 12002.766 ms fetching 51.770 ms
INFO: at 12031.530 ms batch [51.770] delay 28.761 ms
INFO: at 12031.530 ms fetching 51.770 ms
INFO: at 12060.293 ms batch [51.770] delay 28.761 ms
INFO: at 12060.293 ms fetching 51.770 ms
INFO: at 12089.058 ms batch [51.770] delay 28.761 ms
INFO: at 12089.058 ms fetching 51.770 ms
INFO: at 12117.821 ms batch [51.770] delay 28.761 ms
INFO: at 12117.821 ms fetching 51.770 ms
INFO: at 12146.584 ms batch [51.770] delay 28.761 ms
INFO: at 12146.584 ms fetching 51.770 ms
INFO: at 12175.348 ms batch [51.770] delay 28.761 ms
INFO: at 12175.348 ms fetching 51.770 ms
INFO: at 12204.112 ms batch [51.770] delay 28.761 ms
INFO: at 12204.112 ms fetching 51.770 ms
INFO: at 12232.875 ms batch [51.770] delay 28.761 ms
INFO: at 12232.875 ms fetching 51.770 ms
INFO: at 12261.640 ms batch [51.770] delay 28.761 ms
INFO: at 12261.640 ms fetching 51.770 ms
INFO: at 12290.402 ms batch [51.770] delay 28.761 ms
INFO: at 12290.402 ms fetching 51.770 ms
INFO: at 12319.166 ms batch [51.770] delay 28.761 ms
INFO: at 12319.166 ms fetching 51.770 ms
INFO: at 12347.929 ms batch [51.770] delay 28.761 ms
INFO: at 12347.929 ms fetching 51.770 ms
INFO: at 12376.692 ms batch [51.770] delay 28.761 ms
INFO: at 12376.692 ms fetching 51.770 ms
INFO: at 12405.456 ms batch [51.770] delay 28.761 ms
INFO: at 12405.456 ms fetching 51.770 ms
INFO: at 12434.219 ms batch [51.770] delay 21.571 ms
INFO: at 12434.219 ms fetching 51.770 ms
INFO: at 12455.793 ms batch [51.770] delay 21.571 ms
INFO: at 12455.793 ms fetching 51.770 ms
INFO: at 12477.366 ms batch [51.770] delay 21.571 ms
INFO: at 12477.366 ms fetching 51.770 ms
INFO: at 12498.940 ms batch [51.770] delay 21.571 ms
INFO: at 12498.940 ms fetching 51.770 ms
INFO: at 12520.513 ms batch [51.770] delay 21.571 ms
INFO: at 12520.513 ms fetching 51.770 ms
INFO: at 12542.086 ms batch [51.770] delay 21.571 ms
INFO: at 12542.086 ms fetching 51.770 ms
INFO: at 12563.660 ms batch [51.770] delay 21.571 ms
INFO: at 12563.660 ms fetching 51.770 ms
INFO: at 12585.233 ms batch [51.770] delay 21.571 ms
INFO: at 12585.233 ms fetching 51.770 ms
INFO: at 12606.807 ms batch [51.770] delay 21.571 ms
INFO: at 12606.807 ms fetching 51.770 ms
INFO: at 12628.380 ms batch [51.770] delay 21.571 ms
INFO: at 12628.380 ms fetching 51.770 ms
INFO: at 12649.954 ms batch [51.770] delay 21.571 ms
INFO: at 12649.954 ms fetching 51.770 ms
INFO: at 12671.527 ms batch [51.770] delay 21.571 ms
INFO: at 12671.527 ms fetching 51.770 ms
INFO: at 12693.100 ms batch [51.770] delay 28.761 ms
INFO: at 12693.100 ms fetching 51.770 ms
INFO: at 12721.864 ms batch [51.770] delay 28.761 ms
INFO: at 12721.864 ms fetching 51.770 ms
INFO: at 12750.629 ms batch [51.770] delay 28.761 ms
INFO: at 12750.629 ms fetching 51.770 ms
INFO: at 12779.391 ms batch [51.770] delay 28.761 ms
INFO: at 12779.391 ms fetching 51.770 ms
INFO: at 12808.155 ms batch [51.770] delay 28.761 ms
INFO: at 12808.155 ms fetching 51.770 ms
INFO: at 12836.922 ms batch [51.770] delay 28.761 ms
INFO: at 12836.922 ms fetching 51.770 ms
INFO: at 12865.685 ms batch [51.770] delay 28.761 ms
INFO: at 12865.685 ms fetching 51.770 ms
INFO: at 12894.449 ms batch [51.770] delay 28.761 ms
INFO: at 12894.449 ms fetching 51.770 ms
INFO: at 12923.212 ms batch [51.770] delay 28.761 ms
INFO: at 12923.212 ms fetching 51.770 ms
INFO: at 12951.975 ms batch [51.770] delay 25.885 ms
INFO: at 12951.975 ms fetching 51.770 ms
INFO: at 12977.862 ms batch [51.770] delay 25.885 ms
INFO: at 12977.862 ms fetching 51.770 ms
INFO: at 13003.749 ms batch [51.770] delay 25.885 ms
INFO: at 13003.749 ms fetching 51.770 ms
INFO: at 13029.637 ms batch [51.770] delay 25.885 ms
INFO: at 13029.637 ms fetching 51.770 ms
INFO: at 13055.528 ms batch [51.770] delay 25.885 ms
INFO: at 13055.528 ms fetching 51.770 ms
INFO: at 13081.416 ms batch [51.770] delay 25.885 ms
INFO: at 13081.416 ms fetching 51.770 ms
INFO: at 13107.303 ms batch [51.770] delay 25.885 ms
INFO: at 13107.303 ms fetching 51.770 ms
INFO: at 13133.191 ms batch [51.770] delay 25.885 ms
INFO: at 13133.191 ms fetching 51.770 ms
INFO: at 13159.078 ms batch [51.770] delay 25.885 ms
INFO: at 13159.078 ms fetching 51.770 ms
INFO: at 13184.965 ms batch [51.770] delay 25.885 ms
INFO: at 13184.965 ms fetching 51.770 ms
INFO: at 13210.853 ms batch [51.770] delay 19.911 ms
INFO: at 13210.853 ms fetching 51.770 ms
INFO: at 13230.767 ms batch [51.770] delay 19.911 ms
INFO: at 13230.767 ms fetching 51.770 ms
INFO: at 13250.682 ms batch [51.770] delay 19.911 ms
INFO: at 13250.682 ms fetching 51.770 ms
INFO: at 13270.596 ms batch [51.770] delay 19.911 ms
INFO: at 13270.596 ms fetching 51.770 ms
INFO: at 13290.511 ms batch [51.770] delay 19.911 ms
INFO: at 13290.511 ms fetching 51.770 ms
INFO: at 13310.426 ms batch [51.770] delay 19.911 ms
INFO: at 13310.426 ms fetching 51.770 ms
INFO: at 13330.340 ms batch [51.770] delay 19.911 ms
INFO: at 13330.340 ms fetching 51.770 ms
INFO: at 13350.255 ms batch [51.770] delay 19.911 ms
INFO: at 13350.255 ms fetching 51.770 ms
INFO: at 13370.169 ms batch [51.770] delay 19.911 ms
INFO: at 13370.169 ms fetching 51.770 ms
INFO: at 13390.085 ms batch [51.770] delay 19.911 ms
INFO: at 13390.085 ms fetching 51.770 ms
INFO: at 13409.999 ms batch [51.770] delay 19.911 ms
INFO: at 13409.999 ms fetching 51.770 ms
INFO: at 13429.914 ms batch [51.770] delay 19.911 ms
INFO: at 13429.914 ms fetching 51.770 ms
INFO: at 13449.829 ms batch [51.770] delay 19.911 ms
INFO: at 13449.829 ms fetching 51.770 ms
INFO: at 13469.743 ms batch [51.770] delay 32.356 ms
INFO: at 13469.743 ms fetching 51.770 ms
INFO: at 13502.101 ms batch [51.770] delay 32.356 ms
INFO: at 13502.101 ms fetching 51.770 ms
INFO: at 13534.459 ms batch [51.770] delay 32.356 ms
INFO: at 13534.459 ms fetching 51.770 ms
INFO: at 13566.819 ms batch [51.770] delay 32.356 ms
INFO: at 13566.819 ms fetching 51.770 ms
INFO: at 13599.180 ms batch [51.770] delay 32.356 ms
INFO: at 13599.180 ms fetching 51.770 ms
INFO: at 13631.540 ms batch [51.770] delay 32.356 ms
INFO: at 13631.540 ms fetching 51.770 ms
INFO: at 13663.897 ms batch [51.770] delay 32.356 ms
INFO: at 13663.897 ms fetching 51.770 ms
INFO: at 13696.257 ms batch [51.770] delay 32.356 ms
INFO: at 13696.257 ms fetching 51.770 ms
INFO: at 13728.615 ms batch [51.770] delay 25.885 ms
INFO: at 13728.615 ms fetching 51.770 ms
INFO: at 13754.503 ms batch [51.770] delay 25.885 ms
INFO: at 13754.503 ms fetching 51.770 ms
INFO: at 13780.392 ms batch [51.770] delay 25.885 ms
INFO: at 13780.392 ms fetching 51.770 ms
INFO: at 13806.279 ms batch [51.770] delay 25.885 ms
INFO: at 13806.279 ms fetching 51.770 ms
INFO: at 13832.167 ms batch [51.770] delay 25.885 ms
INFO: at 13832.167 ms fetching 51.770 ms
INFO: at 13858.057 ms batch [51.770] delay 25.885 ms
INFO: at 13858.057 ms fetching 51.770 ms
INFO: at 13883.944 ms batch [51.770] delay 25.885 ms
INFO: at 13883.944 ms fetching 51.770 ms
INFO: at 13909.831 ms batch [51.770] delay 25.885 ms
INFO: at 13909.831 ms fetching 51.770 ms
INFO: at 13935.721 ms batch [51.770] delay 25.885 ms
INFO: at 13935.721 ms fetching 51.770 ms
INFO: at 13961.608 ms batch [51.770] delay 25.885 ms
INFO: at 13961.608 ms fetching 51.770 ms
INFO: at 13987.495 ms batch [51.770] delay 36.978 ms
INFO: at 13987.495 ms fetching 51.770 ms
INFO: at 14024.478 ms batch [51.770] delay 36.978 ms
INFO: at 14024.478 ms fetching 51.770 ms
INFO: at 14061.460 ms batch [51.770] delay 36.978 ms
INFO: at 14061.460 ms fetching 51.770 ms
INFO: at 14098.443 ms batch [51.770] delay 36.978 ms
INFO: at 14098.443 ms fetching 51.770 ms
INFO: at 14135.425 ms batch [51.770] delay 36.978 ms
INFO: at 14135.425 ms fetching 51.770 ms
INFO: at 14172.408 ms batch [51.770] delay 36.978 ms
INFO: at 14172.408 ms fetching 51.770 ms
INFO: at 14209.390 ms batch [51.770] delay 36.978 ms
INFO: at 14209.390 ms fetching 51.770 ms
INFO: at 14246.370 ms batch [51.770] delay 25.885 ms
INFO: at 14246.370 ms fetching 51.770 ms
INFO: at 14272.258 ms batch [51.770] delay 25.885 ms
INFO: at 14272.258 ms fetching 51.770 ms
INFO: at 14298.147 ms batch [51.770] delay 25.885 ms
INFO: at 14298.147 ms fetching 51.770 ms
INFO: at 14324.035 ms batch [51.770] delay 25.885 ms
INFO: at 14324.035 ms fetching 51.770 ms
INFO: at 14349.925 ms batch [51.770] delay 25.885 ms
INFO: at 14349.925 ms fetching 51.770 ms
INFO: at 14375.813 ms batch [51.770] delay 25.885 ms
INFO: at 14375.813 ms fetching 51.770 ms
INFO: at 14401.700 ms batch [51.770] delay 25.885 ms
INFO: at 14401.700 ms fetching 51.770 ms
INFO: at 14427.591 ms batch [51.770] delay 25.885 ms
INFO: at 14427.591 ms fetching 51.770 ms
INFO: at 14453.479 ms batch [51.770] delay 25.885 ms
INFO: at 14453.479 ms fetching 51.770 ms
INFO: at 14479.367 ms batch [51.770] delay 25.885 ms
INFO: at 14479.367 ms fetching 51.770 ms
INFO: at 14505.257 ms batch [51.770] delay 32.356 ms
INFO: at 14505.257 ms fetching 51.770 ms
INFO: at 14537.615 ms batch [51.770] delay 32.356 ms
INFO: at 14537.615 ms fetching 51.770 ms
INFO: at 14569.976 ms batch [51.770] delay 32.356 ms
INFO: at 14569.976 ms fetching 51.770 ms
INFO: at 14602.336 ms batch [51.770] delay 32.356 ms
INFO: at 14602.336 ms fetching 51.770 ms
INFO: at 14634.694 ms batch [51.770] delay 32.356 ms
INFO: at 14634.694 ms fetching 51.770 ms
INFO: at 14667.054 ms batch [51.770] delay 32.356 ms
INFO: at 14667.054 ms fetching 51.770 ms
INFO: at 14699.426 ms batch [51.770] delay 32.356 ms
INFO: at 14699.426 ms fetching 51.770 ms
INFO: at 14731.786 ms batch [51.770] delay 32.356 ms
INFO: at 14731.786 ms fetching 51.770 ms
INFO: at 14764.144 ms batch [51.770] delay 23.532 ms
INFO: at 14764.144 ms fetching 51.770 ms
INFO: at 14787.683 ms batch [51.770] delay 23.532 ms
INFO: at 14787.683 ms fetching 51.770 ms
INFO: at 14811.219 ms batch [51.770] delay 23.532 ms
INFO: at 14811.219 ms fetching 51.770 ms
INFO: at 14834.753 ms batch [51.770] delay 23.532 ms
INFO: at 14834.753 ms fetching 51.770 ms
INFO: at 14858.289 ms batch [51.770] delay 23.532 ms
INFO: at 14858.289 ms fetching 51.770 ms
INFO: at 14881.823 ms batch [51.770] delay 23.532 ms
INFO: at 14881.823 ms fetching 51.770 ms
INFO: at 14905.359 ms batch [51.770] delay 23.532 ms
INFO: at 14905.359 ms fetching 51.770 ms
INFO: at 14928.896 ms batch [51.770] delay 23.532 ms
INFO: at 14928.896 ms fetching 51.770 ms
INFO: at 14952.431 ms batch [51.770] delay 23.532 ms
INFO: at 14952.431 ms fetching 51.770 ms
INFO: at 14975.966 ms batch [51.770] delay 23.532 ms
INFO: at 14975.966 ms fetching 51.770 ms
INFO: at 14999.501 ms batch [51.770] delay 23.532 ms
INFO: at 14999.501 ms fetching 51.770 ms
INFO: at 15023.036 ms batch [51.770] delay 25.885 ms
INFO: at 15023.036 ms fetching 51.770 ms
INFO: at 15048.925 ms batch [51.770] delay 25.885 ms
INFO: at 15048.925 ms fetching 51.770 ms
INFO: at 15074.812 ms batch [51.770] delay 25.885 ms
INFO: at 15074.812 ms fetching 51.770 ms
INFO: at 15100.700 ms batch [51.770] delay 25.885 ms
INFO: at 15100.700 ms fetching 51.770 ms
INFO: at 15126.588 ms batch [51.770] delay 25.885 ms
INFO: at 15126.588 ms fetching 51.770 ms
INFO: at 15152.476 ms batch [51.770] delay 25.885 ms
INFO: at 15152.476 ms fetching 51.770 ms
INFO: at 15178.365 ms batch [51.770] delay 25.885 ms
INFO: at 15178.365 ms fetching 51.770 ms
INFO: at 15204.255 ms batch [51.770] delay 25.885 ms
INFO: at 15204.255 ms fetching 51.770 ms
INFO: at 15230.143 ms batch [51.770] delay 25.885 ms
INFO: at 15230.143 ms fetching 51.770 ms
INFO: at 15256.032 ms batch [51.770] delay 25.885 ms
INFO: at 15256.032 ms fetching 51.770 ms
INFO: at 15281.920 ms batch [51.770] delay 28.761 ms
INFO: at 15281.920 ms fetching 51.770 ms
INFO: at 15310.685 ms batch [51.770] delay 28.761 ms
INFO: at 15310.685 ms fetching 51.770 ms
INFO: at 15339.450 ms batch [51.770] delay 28.761 ms
INFO: at 15339.450 ms fetching 51.770 ms
INFO: at 15368.215 ms batch [51.770] delay 28.761 ms
INFO: at 15368.215 ms fetching 51.770 ms
INFO: at 15396.977 ms batch [51.770] delay 28.761 ms
INFO: at 15396.977 ms fetching 51.770 ms
INFO: at 15425.741 ms batch [51.770] delay 28.761 ms
INFO: at 15425.741 ms fetching 51.770 ms
INFO: at 15454.506 ms batch [51.770] delay 28.761 ms
INFO: at 15454.506 ms fetching 51.770 ms
INFO: at 15483.269 ms batch [51.770] delay 28.761 ms
INFO: at 15483.269 ms fetching 51.770 ms
INFO: at 15512.033 ms batch [51.770] delay 28.761 ms
INFO: at 15512.033 ms fetching 51.770 ms
INFO: at 15540.801 ms batch [51.770] delay 25.885 ms
INFO: at 15540.801 ms fetching 51.770 ms
INFO: at 15566.689 ms batch [51.770] delay 25.885 ms
INFO: at 15566.689 ms fetching 51.770 ms
INFO: at 15592.578 ms batch [51.770] delay 25.885 ms
INFO: at 15592.578 ms fetching 51.770 ms
INFO: at 15618.465 ms batch [51.770] delay 25.885 ms
INFO: at 15618.465 ms fetching 51.770 ms
INFO: at 15644.354 ms batch [51.770] delay 25.885 ms
INFO: at 15644.354 ms fetching 51.770 ms
INFO: at 15670.242 ms batch [51.770] delay 25.885 ms
INFO: at 15670.242 ms fetching 51.770 ms
INFO: at 15696.130 ms batch [51.770] delay 25.885 ms
INFO: at 15696.130 ms fetching 51.770 ms
INFO: at 15722.018 ms batch [51.770] delay 25.885 ms
INFO: at 15722.018 ms fetching 51.770 ms
INFO: at 15747.907 ms batch [51.770] delay 25.885 ms
INFO: at 15747.907 ms fetching 51.770 ms
INFO: at 15773.795 ms batch [51.770] delay 25.885 ms
INFO: at 15773.795 ms fetching 51.770 ms
INFO: at 15799.685 ms batch [51.770] delay 25.885 ms
INFO: at 15799.685 ms fetching 51.770 ms
INFO: at 15825.573 ms batch [51.770] delay 25.885 ms
INFO: at 15825.573 ms fetching 51.770 ms
INFO: at 15851.462 ms batch [51.770] delay 25.885 ms
INFO: at 15851.462 ms fetching 51.770 ms
INFO: at 15877.351 ms batch [51.770] delay 25.885 ms
INFO: at 15877.351 ms fetching 51.770 ms
INFO: at 15903.239 ms batch [51.770] delay 25.885 ms
INFO: at 15903.239 ms fetching 51.770 ms
INFO: at 15929.128 ms batch [51.770] delay 25.885 ms
INFO: at 15929.128 ms fetching 51.770 ms
INFO: at 15955.017 ms batch [51.770] delay 25.885 ms
INFO: at 15955.017 ms fetching 51.770 ms
INFO: at 15980.905 ms batch [51.770] delay 25.885 ms
INFO: at 15980.905 ms fetching 51.770 ms
INFO: at 16006.792 ms batch [51.770] delay 25.885 ms
INFO: at 16006.792 ms fetching 51.770 ms
INFO: at 16032.681 ms batch [51.770] delay 25.885 ms
INFO: at 16032.681 ms fetching 51.770 ms
INFO: at 16058.570 ms batch [51.770] delay 32.356 ms
INFO: at 16058.570 ms fetching 51.770 ms
INFO: at 16090.930 ms batch [51.770] delay 32.356 ms
INFO: at 16090.930 ms fetching 51.770 ms
INFO: at 16123.289 ms batch [51.770] delay 32.356 ms
INFO: at 16123.289 ms fetching 51.770 ms
INFO: at 16155.649 ms batch [51.770] delay 32.356 ms
INFO: at 16155.649 ms fetching 51.770 ms
INFO: at 16188.007 ms batch [51.770] delay 32.356 ms
INFO: at 16188.007 ms fetching 51.770 ms
INFO: at 16220.367 ms batch [51.770] delay 32.356 ms
INFO: at 16220.367 ms fetching 51.770 ms
INFO: at 16252.726 ms batch [51.770] delay 32.356 ms
INFO: at 16252.726 ms fetching 51.770 ms
INFO: at 16285.086 ms batch [51.770] delay 32.356 ms
INFO: at 16285.086 ms fetching 51.770 ms
INFO: at 16317.445 ms batch [51.770] delay 28.761 ms
INFO: at 16317.445 ms fetching 51.770 ms
INFO: at 16346.210 ms batch [51.770] delay 28.761 ms
INFO: at 16346.210 ms fetching 51.770 ms
INFO: at 16374.975 ms batch [51.770] delay 28.761 ms
INFO: at 16374.975 ms fetching 51.770 ms
INFO: at 16403.739 ms batch [51.770] delay 28.761 ms
INFO: at 16403.739 ms fetching 51.770 ms
INFO: at 16432.504 ms batch [51.770] delay 28.761 ms
INFO: at 16432.504 ms fetching 51.770 ms
INFO: at 16461.267 ms batch [51.770] delay 28.761 ms
INFO: at 16461.267 ms fetching 51.770 ms
INFO: at 16490.036 ms batch [51.770] delay 28.761 ms
INFO: at 16490.036 ms fetching 51.770 ms
INFO: at 16518.801 ms batch [51.770] delay 28.761 ms
INFO: at 16518.801 ms fetching 51.770 ms
INFO: at 16547.563 ms batch [51.770] delay 28.761 ms
INFO: at 16547.563 ms fetching 51.770 ms
INFO: at 16576.328 ms batch [51.770] delay 36.978 ms
INFO: at 16576.328 ms fetching 51.770 ms
INFO: at 16613.310 ms batch [51.770] delay 36.978 ms
INFO: at 16613.310 ms fetching 51.770 ms
INFO: at 16650.292 ms batch [51.770] delay 36.978 ms
INFO: at 16650.292 ms fetching 51.770 ms
INFO: at 16687.273 ms batch [51.770] delay 36.978 ms
INFO: at 16687.273 ms fetching 51.770 ms
INFO: at 16724.254 ms batch [51.770] delay 36.978 ms
INFO: at 16724.254 ms fetching 51.770 ms
INFO: at 16761.234 ms batch [51.770] delay 36.978 ms
INFO: at 16761.234 ms fetching 51.770 ms
INFO: at 16798.215 ms batch [51.770] delay 36.978 ms
INFO: at 16798.215 ms fetching 51.770 ms
INFO: at 16835.195 ms batch [51.770] delay 28.761 ms
INFO: at 16835.195 ms fetching 51.770 ms
INFO: at 16863.960 ms batch [51.770] delay 28.761 ms
INFO: at 16863.960 ms fetching 51.770 ms
INFO: at 16892.722 ms batch [51.770] delay 28.761 ms
INFO: at 16892.722 ms fetching 51.770 ms
INFO: at 16921.487 ms batch [51.770] delay 28.761 ms
INFO: at 16921.487 ms fetching 51.770 ms
INFO: at 16950.251 ms batch [51.770] delay 28.761 ms
INFO: at 16950.251 ms fetching 51.770 ms
INFO: at 16979.016 ms batch [51.770] delay 28.761 ms
INFO: at 16979.016 ms fetching 51.770 ms
INFO: at 17007.784 ms batch [51.770] delay 28.761 ms
INFO: at 17007.784 ms fetching 51.770 ms
INFO: at 17036.547 ms batch [51.770] delay 28.761 ms
INFO: at 17036.547 ms fetching 51.770 ms
INFO: at 17065.311 ms batch [51.770] delay 28.761 ms
INFO: at 17065.311 ms fetching 51.770 ms
INFO: at 17094.077 ms batch [51.770] delay 21.571 ms
INFO: at 17094.077 ms fetching 51.770 ms
INFO: at 17115.651 ms batch [51.770] delay 21.571 ms
INFO: at 17115.651 ms fetching 51.770 ms
INFO: at 17137.225 ms batch [51.770] delay 21.571 ms
INFO: at 17137.225 ms fetching 51.770 ms
INFO: at 17158.799 ms batch [51.770] delay 21.571 ms
INFO: at 17158.799 ms fetching 51.770 ms
INFO: at 17180.374 ms batch [51.770] delay 21.571 ms
INFO: at 17180.374 ms fetching 51.770 ms
INFO: at 17201.948 ms batch [51.770] delay 21.571 ms
INFO: at 17201.948 ms fetching 51.770 ms
INFO: at 17223.523 ms batch [51.770] delay 21.571 ms
INFO: at 17223.523 ms fetching 51.770 ms
INFO: at 17245.098 ms batch [51.770] delay 21.571 ms
INFO: at 17245.098 ms fetching 51.770 ms
INFO: at 17266.672 ms batch [51.770] delay 21.571 ms
INFO: at 17266.672 ms fetching 51.770 ms
INFO: at 17288.247 ms batch [51.770] delay 21.571 ms
INFO: at 17288.247 ms fetching 51.770 ms
INFO: at 17309.821 ms batch [51.770] delay 21.571 ms
INFO: at 17309.821 ms fetching 51.770 ms
INFO: at 17331.396 ms batch [51.770] delay 21.571 ms
INFO: at 17331.396 ms fetching 51.770 ms
INFO: at 17352.969 ms batch [51.770] delay 23.532 ms
INFO: at 17352.969 ms fetching 51.770 ms
INFO: at 17376.509 ms batch [51.770] delay 23.532 ms
INFO: at 17376.509 ms fetching 51.770 ms
INFO: at 17400.045 ms batch [51.770] delay 23.532 ms
INFO: at 17400.045 ms fetching 51.770 ms
INFO: at 17423.579 ms batch [51.770] delay 23.532 ms
INFO: at 17423.579 ms fetching 51.770 ms
INFO: at 17447.114 ms batch [51.770] delay 23.532 ms
INFO: at 17447.114 ms fetching 51.770 ms
INFO: at 17470.649 ms batch [51.770] delay 23.532 ms
INFO: at 17470.649 ms fetching 51.770 ms
INFO: at 17494.185 ms batch [51.770] delay 23.532 ms
INFO: at 17494.185 ms fetching 51.770 ms
INFO: at 17517.718 ms batch [51.770] delay 23.532 ms
INFO: at 17517.718 ms fetching 51.770 ms
INFO: at 17541.253 ms batch [51.770] delay 23.532 ms
INFO: at 17541.253 ms fetching 51.770 ms
INFO: at 17564.789 ms batch [51.770] delay 23.532 ms
INFO: at 17564.789 ms fetching 51.770 ms
INFO: at 17588.325 ms batch [51.770] delay 23.532 ms
INFO: at 17588.325 ms fetching 51.770 ms
INFO: at 17611.858 ms batch [51.770] delay 21.571 ms
INFO: at 17611.858 ms fetching 51.770 ms
INFO: at 17633.431 ms batch [51.770] delay 21.571 ms
INFO: at 17633.431 ms fetching 51.770 ms
INFO: at 17655.006 ms batch [51.770] delay 21.571 ms
INFO: at 17655.006 ms fetching 51.770 ms
INFO: at 17676.579 ms batch [51.770] delay 21.571 ms
INFO: at 17676.579 ms fetching 51.770 ms
INFO: at 17698.153 ms batch [51.770] delay 21.571 ms
INFO: at 17698.153 ms fetching 51.770 ms
INFO: at 17719.726 ms batch [51.770] delay 21.571 ms
INFO: at 17719.726 ms fetching 51.770 ms
INFO: at 17741.300 ms batch [51.770] delay 21.571 ms
INFO: at 17741.300 ms fetching 51.770 ms
INFO: at 17762.874 ms batch [51.770] delay 21.571 ms
INFO: at 17762.874 ms fetching 51.770 ms
INFO: at 17784.449 ms batch [51.770] delay 21.571 ms
INFO: at 17784.449 ms fetching 51.770 ms
INFO: at 17806.023 ms batch [51.770] delay 21.571 ms
INFO: at 17806.023 ms fetching 51.770 ms
INFO: at 17827.597 ms batch [51.770] delay 21.571 ms
INFO: at 17827.597 ms fetching 51.770 ms
INFO: at 17849.171 ms batch [51.770] delay 21.571 ms
INFO: at 17849.171 ms fetching 51.770 ms
INFO: at 17870.745 ms batch [51.770] delay 21.571 ms
INFO: at 17870.745 ms fetching 51.770 ms
INFO: at 17892.318 ms batch [51.770] delay 21.571 ms
INFO: at 17892.318 ms fetching 51.770 ms
INFO: at 17913.893 ms batch [51.770] delay 21.571 ms
INFO: at 17913.893 ms fetching 51.770 ms
INFO: at 17935.468 ms batch [51.770] delay 21.571 ms
INFO: at 17935.468 ms fetching 51.770 ms
INFO: at 17957.042 ms batch [51.770] delay 21.571 ms
INFO: at 17957.042 ms fetching 51.770 ms
INFO: at 17978.616 ms batch [51.770] delay 21.571 ms
INFO: at 17978.616 ms fetching 51.770 ms
INFO: at 18000.190 ms batch [51.770] delay 21.571 ms
INFO: at 18000.190 ms fetching 51.770 ms
INFO: at 18021.764 ms batch [51.770] delay 21.571 ms
INFO: at 18021.764 ms fetching 51.770 ms
INFO: at 18043.338 ms batch [51.770] delay 21.571 ms
INFO: at 18043.338 ms fetching 51.770 ms
INFO: at 18064.915 ms batch [51.770] delay 21.571 ms
INFO: at 18064.915 ms fetching 51.770 ms
INFO: at 18086.491 ms batch [51.770] delay 21.571 ms
INFO: at 18086.491 ms fetching 51.770 ms
INFO: at 18108.065 ms batch [51.770] delay 21.571 ms
INFO: at 18108.065 ms fetching 51.770 ms
INFO: at 18129.639 ms batch [51.770] delay 17.257 ms
INFO: at 18129.639 ms fetching 51.770 ms
INFO: at 18146.899 ms batch [51.770] delay 17.257 ms
INFO: at 18146.899 ms fetching 51.770 ms
INFO: at 18164.157 ms batch [51.770] delay 17.257 ms
INFO: at 18164.157 ms fetching 51.770 ms
INFO: at 18181.417 ms batch [51.770] delay 17.257 ms
INFO: at 18181.417 ms fetching 51.770 ms
INFO: at 18198.676 ms batch [51.770] delay 17.257 ms
INFO: at 18198.676 ms fetching 51.770 ms
INFO: at 18215.936 ms batch [51.770] delay 17.257 ms
INFO: at 18215.936 ms fetching 51.770 ms
INFO: at 18233.196 ms batch [51.770] delay 17.257 ms
INFO: at 18233.196 ms fetching 51.770 ms
INFO: at 18250.454 ms batch [51.770] delay 17.257 ms
INFO: at 18250.454 ms fetching 51.770 ms
INFO: at 18267.715 ms batch [51.770] delay 17.257 ms
INFO: at 18267.715 ms fetching 51.770 ms
INFO: at 18284.973 ms batch [51.770] delay 17.257 ms
INFO: at 18284.973 ms fetching 51.770 ms
INFO: at 18302.234 ms batch [51.770] delay 17.257 ms
INFO: at 18302.234 ms fetching 51.770 ms
INFO: at 18319.492 ms batch [51.770] delay 17.257 ms
INFO: at 18319.492 ms fetching 51.770 ms
INFO: at 18336.752 ms batch [51.770] delay 17.257 ms
INFO: at 18336.752 ms fetching 51.770 ms
INFO: at 18354.012 ms batch [51.770] delay 17.257 ms
INFO: at 18354.012 ms fetching 51.770 ms
INFO: at 18371.271 ms batch [51.770] delay 17.257 ms
INFO: at 18371.271 ms fetching 51.770 ms
INFO: at 18388.531 ms batch [51.770] delay 32.356 ms
INFO: at 18388.531 ms fetching 51.770 ms
INFO: at 18420.891 ms batch [51.770] delay 32.356 ms
INFO: at 18420.891 ms fetching 51.770 ms
INFO: at 18453.252 ms batch [51.770] delay 32.356 ms
INFO: at 18453.252 ms fetching 51.770 ms
INFO: at 18485.613 ms batch [51.770] delay 32.356 ms
INFO: at 18485.613 ms fetching 51.770 ms
INFO: at 18517.970 ms batch [51.770] delay 32.356 ms
INFO: at 18517.970 ms fetching 51.770 ms
INFO: at 18550.331 ms batch [51.770] delay 32.356 ms
INFO: at 18550.331 ms fetching 51.770 ms
INFO: at 18582.689 ms batch [51.770] delay 32.356 ms
INFO: at 18582.689 ms fetching 51.770 ms
INFO: at 18615.048 ms batch [51.770] delay 32.356 ms
INFO: at 18615.048 ms fetching 51.770 ms
INFO: at 18647.406 ms batch [51.770] delay 25.885 ms
INFO: at 18647.406 ms fetching 51.770 ms
INFO: at 18673.294 ms batch [51.770] delay 25.885 ms
INFO: at 18673.294 ms fetching 51.770 ms
INFO: at 18699.183 ms batch [51.770] delay 25.885 ms
INFO: at 18699.183 ms fetching 51.770 ms
INFO: at 18725.069 ms batch [51.770] delay 25.885 ms
INFO: at 18725.069 ms fetching 51.770 ms
INFO: at 18750.957 ms batch [51.770] delay 25.885 ms
INFO: at 18750.957 ms fetching 51.770 ms
INFO: at 18776.847 ms batch [51.770] delay 25.885 ms
INFO: at 18776.847 ms fetching 51.770 ms
INFO: at 18802.733 ms batch [51.770] delay 25.885 ms
INFO: at 18802.733 ms fetching 51.770 ms
INFO: at 18828.622 ms batch [51.770] delay 25.885 ms
INFO: at 18828.622 ms fetching 51.770 ms
INFO: at 18854.512 ms batch [51.770] delay 25.885 ms
INFO: at 18854.512 ms fetching 51.770 ms
INFO: at 18880.399 ms batch [51.770] delay 25.885 ms
INFO: at 18880.399 ms fetching 51.770 ms
INFO: at 18906.287 ms batch [51.770] delay 28.761 ms
INFO: at 18906.287 ms fetching 51.770 ms
INFO: at 18935.053 ms batch [51.770] delay 28.761 ms
INFO: at 18935.053 ms fetching 51.770 ms
INFO: at 18963.816 ms batch [51.770] delay 28.761 ms
INFO: at 18963.816 ms fetching 51.770 ms
INFO: at 18992.581 ms batch [51.770] delay 28.761 ms
INFO: at 18992.581 ms fetching 51.770 ms
INFO: at 19021.347 ms batch [51.770] delay 28.761 ms
INFO: at 19021.347 ms fetching 51.770 ms
INFO: at 19050.109 ms batch [51.770] delay 28.761 ms
INFO: at 19050.109 ms fetching 51.770 ms
INFO: at 19078.873 ms batch [51.770] delay 28.761 ms
INFO: at 19078.873 ms fetching 51.770 ms
INFO: at 19107.639 ms batch [51.770] delay 28.761 ms
INFO: at 19107.639 ms fetching 51.770 ms
INFO: at 19136.403 ms batch [51.770] delay 28.761 ms
INFO: at 19136.403 ms fetching 51.770 ms
INFO: at 19165.168 ms batch [51.770] delay 21.571 ms
INFO: at 19165.168 ms fetching 51.770 ms
INFO: at 19186.741 ms batch [51.770] delay 21.571 ms
INFO: at 19186.741 ms fetching 51.770 ms
INFO: at 19208.314 ms batch [51.770] delay 21.571 ms
INFO: at 19208.314 ms fetching 51.770 ms
INFO: at 19229.888 ms batch [51.770] delay 21.571 ms
INFO: at 19229.888 ms fetching 51.770 ms
INFO: at 19251.463 ms batch [51.770] delay 21.571 ms
INFO: at 19251.463 ms fetching 51.770 ms
INFO: at 19273.036 ms batch [51.770] delay 21.571 ms
INFO: at 19273.036 ms fetching 51.770 ms
INFO: at 19294.609 ms batch [51.770] delay 21.571 ms
INFO: at 19294.609 ms fetching 51.770 ms
INFO: at 19316.184 ms batch [51.770] delay 21.571 ms
INFO: at 19316.184 ms fetching 51.770 ms
INFO: at 19337.758 ms batch [51.770] delay 21.571 ms
INFO: at 19337.758 ms fetching 51.770 ms
INFO: at 19359.332 ms batch [51.770] delay 21.571 ms
INFO: at 19359.332 ms fetching 51.770 ms
INFO: at 19380.906 ms batch [51.770] delay 21.571 ms
INFO: at 19380.906 ms fetching 51.770 ms
INFO: at 19402.480 ms batch [51.770] delay 21.571 ms
INFO: at 19402.480 ms fetching 51.770 ms
INFO: at 19424.054 ms batch [51.770] delay 12.942 ms
INFO: at 19424.054 ms fetching 51.770 ms
INFO: at 19436.999 ms batch [51.770] delay 12.942 ms
INFO: at 19436.999 ms fetching 51.770 ms
INFO: at 19449.944 ms batch [51.770] delay 12.942 ms
INFO: at 19449.944 ms fetching 51.770 ms
INFO: at 19462.889 ms batch [51.770] delay 12.942 ms
INFO: at 19462.889 ms fetching 51.770 ms
INFO: at 19475.835 ms batch [51.770] delay 12.942 ms
INFO: at 19475.835 ms fetching 51.770 ms
INFO: at 19488.781 ms batch [51.770] delay 12.942 ms
INFO: at 19488.781 ms fetching 51.770 ms
INFO: at 19501.729 ms batch [51.770] delay 12.942 ms
INFO: at 19501.729 ms fetching 51.770 ms
INFO: at 19514.673 ms batch [51.770] delay 12.942 ms
INFO: at 19514.673 ms fetching 51.770 ms
INFO: at 19527.618 ms batch [51.770] delay 12.942 ms
INFO: at 19527.618 ms fetching 51.770 ms
INFO: at 19540.563 ms batch [51.770] delay 12.942 ms
INFO: at 19540.563 ms fetching 51.770 ms
INFO: at 19553.507 ms batch [51.770] delay 12.942 ms
INFO: at 19553.507 ms fetching 51.770 ms
INFO: at 19566.453 ms batch [51.770] delay 12.942 ms
INFO: at 19566.453 ms fetching 51.770 ms
INFO: at 19579.398 ms batch [51.770] delay 12.942 ms
INFO: at 19579.398 ms fetching 51.770 ms
INFO: at 19592.344 ms batch [51.770] delay 12.942 ms
INFO: at 19592.344 ms fetching 51.770 ms
INFO: at 19605.288 ms batch [51.770] delay 12.942 ms
INFO: at 19605.288 ms fetching 51.770 ms
INFO: at 19618.233 ms batch [51.770] delay 12.942 ms
INFO: at 19618.233 ms fetching 51.770 ms
INFO: at 19631.177 ms batch [51.770] delay 12.942 ms
INFO: at 19631.177 ms fetching 51.770 ms
INFO: at 19644.123 ms batch [51.770] delay 12.942 ms
INFO: at 19644.123 ms fetching 51.770 ms
INFO: at 19657.067 ms batch [51.770] delay 12.942 ms
INFO: at 19657.067 ms fetching 51.770 ms
INFO: at 19670.012 ms batch [51.770] delay 12.942 ms
INFO: at 19670.012 ms fetching 51.770 ms
INFO: at 19682.956 ms batch [51.770] delay 23.532 ms
INFO: at 19682.956 ms fetching 51.770 ms
INFO: at 19706.491 ms batch [51.770] delay 23.532 ms
INFO: at 19706.491 ms fetching 51.770 ms
INFO: at 19730.027 ms batch [51.770] delay 23.532 ms
INFO: at 19730.027 ms fetching 51.770 ms
INFO: at 19753.563 ms batch [51.770] delay 23.532 ms
INFO: at 19753.563 ms fetching 51.770 ms
INFO: at 19777.098 ms batch [51.770] delay 23.532 ms
INFO: at 19777.098 ms fetching 51.770 ms
INFO: at 19800.632 ms batch [51.770] delay 23.532 ms
INFO: at 19800.632 ms fetching 51.770 ms
INFO: at 19824.166 ms batch [51.770] delay 23.532 ms
INFO: at 19824.166 ms fetching 51.770 ms
INFO: at 19847.701 ms batch [51.770] delay 23.532 ms
INFO: at 19847.701 ms fetching 51.770 ms
INFO: at 19871.236 ms batch [51.770] delay 23.532 ms
INFO: at 19871.236 ms fetching 51.770 ms
INFO: at 19894.772 ms batch [51.770] delay 23.532 ms
INFO: at 19894.772 ms fetching 51.770 ms
INFO: at 19918.307 ms batch [51.770] delay 23.532 ms
INFO: at 19918.307 ms fetching 51.770 ms
INFO: at 19941.842 ms batch [51.770] delay 32.356 ms
INFO: at 19941.842 ms fetching 51.770 ms
INFO: at 19974.199 ms batch [51.770] delay 32.356 ms
INFO: at 19974.199 ms fetching 51.770 ms
INFO: at 20006.559 ms batch [51.770] delay 32.356 ms
INFO: at 20006.559 ms fetching 51.770 ms
INFO: at 20038.919 ms batch [51.770] delay 32.356 ms
INFO: at 20038.919 ms fetching 51.770 ms
INFO: at 20071.276 ms batch [51.770] delay 32.356 ms
INFO: at 20071.276 ms fetching 51.770 ms
INFO: at 20103.636 ms batch [51.770] delay 32.356 ms
INFO: at 20103.636 ms fetching 51.770 ms
INFO: at 20135.993 ms batch [51.770] delay 32.356 ms
INFO: at 20135.993 ms fetching 51.770 ms
INFO: at 20168.353 ms batch [51.770] delay 32.356 ms
INFO: at 20168.353 ms fetching 51.770 ms
INFO: at 20200.711 ms batch [51.770] delay 32.356 ms
INFO: at 20200.711 ms fetching 51.770 ms
INFO: at 20233.070 ms batch [51.770] delay 32.356 ms
INFO: at 20233.070 ms fetching 51.770 ms
INFO: at 20265.429 ms batch [51.770] delay 32.356 ms
INFO: at 20265.429 ms fetching 51.770 ms
INFO: at 20297.788 ms batch [51.770] delay 32.356 ms
INFO: at 20297.788 ms fetching 51.770 ms
INFO: at 20330.147 ms batch [51.770] delay 32.356 ms
INFO: at 20330.147 ms fetching 51.770 ms
INFO: at 20362.506 ms batch [51.770] delay 32.356 ms
INFO: at 20362.506 ms fetching 51.770 ms
INFO: at 20394.865 ms batch [51.770] delay 32.356 ms
INFO: at 20394.865 ms fetching 51.770 ms
INFO: at 20427.229 ms batch [51.770] delay 32.356 ms
INFO: at 20427.229 ms fetching 51.770 ms
INFO: at 20459.588 ms batch [51.770] delay 23.532 ms
INFO: at 20459.588 ms fetching 51.770 ms
INFO: at 20483.122 ms batch [51.770] delay 23.532 ms
INFO: at 20483.122 ms fetching 51.770 ms
INFO: at 20506.656 ms batch [51.770] delay 23.532 ms
INFO: at 20506.656 ms fetching 51.770 ms
INFO: at 20530.191 ms batch [51.770] delay 23.532 ms
INFO: at 20530.191 ms fetching 51.770 ms
INFO: at 20553.726 ms batch [51.770] delay 23.532 ms
INFO: at 20553.726 ms fetching 51.770 ms
INFO: at 20577.261 ms batch [51.770] delay 23.532 ms
INFO: at 20577.261 ms fetching 51.770 ms
INFO: at 20600.796 ms batch [51.770] delay 23.532 ms
INFO: at 20600.796 ms fetching 51.770 ms
INFO: at 20624.330 ms batch [51.770] delay 23.532 ms
INFO: at 20624.330 ms fetching 51.770 ms
INFO: at 20647.865 ms batch [51.770] delay 23.532 ms
INFO: at 20647.865 ms fetching 51.770 ms
INFO: at 20671.399 ms batch [51.770] delay 23.532 ms
INFO: at 20671.399 ms fetching 51.770 ms
INFO: at 20694.934 ms batch [51.770] delay 23.532 ms
INFO: at 20694.934 ms fetching 51.770 ms
INFO: at 20718.469 ms batch [51.770] delay 18.489 ms
INFO: at 20718.469 ms fetching 51.770 ms
INFO: at 20736.961 ms batch [51.770] delay 18.489 ms
INFO: at 20736.961 ms fetching 51.770 ms
INFO: at 20755.453 ms batch [51.770] delay 18.489 ms
INFO: at 20755.453 ms fetching 51.770 ms
INFO: at 20773.945 ms batch [51.770] delay 18.489 ms
INFO: at 20773.945 ms fetching 51.770 ms
INFO: at 20792.436 ms batch [51.770] delay 18.489 ms
INFO: at 20792.436 ms fetching 51.770 ms
INFO: at 20810.930 ms batch [51.770] delay 18.489 ms
INFO: at 20810.930 ms fetching 51.770 ms
INFO: at 20829.422 ms batch [51.770] delay 18.489 ms
INFO: at 20829.422 ms fetching 51.770 ms
INFO: at 20847.913 ms batch [51.770] delay 18.489 ms
INFO: at 20847.913 ms fetching 51.770 ms
INFO: at 20866.405 ms batch [51.770] delay 18.489 ms
INFO: at 20866.405 ms fetching 51.770 ms
INFO: at 20884.897 ms batch [51.770] delay 18.489 ms
INFO: at 20884.897 ms fetching 51.770 ms
INFO: at 20903.390 ms batch [51.770] delay 18.489 ms
INFO: at 20903.390 ms fetching 51.770 ms
INFO: at 20921.886 ms batch [51.770] delay 18.489 ms
INFO: at 20921.886 ms fetching 51.770 ms
INFO: at 20940.378 ms batch [51.770] delay 18.489 ms
INFO: at 20940.378 ms fetching 51.770 ms
INFO: at 20958.870 ms batch [51.770] delay 18.489 ms
INFO: at 20958.870 ms fetching 51.770 ms
INFO: at 20977.361 ms batch [51.770] delay 23.532 ms
INFO: at 20977.361 ms fetching 51.770 ms
INFO: at 21000.895 ms batch [51.770] delay 23.532 ms
INFO: at 21000.895 ms fetching 51.770 ms
INFO: at 21024.430 ms batch [51.770] delay 23.532 ms
INFO: at 21024.430 ms fetching 51.770 ms
INFO: at 21047.965 ms batch [51.770] delay 23.532 ms
INFO: at 21047.965 ms fetching 51.770 ms
INFO: at 21071.500 ms batch [51.770] delay 23.532 ms
INFO: at 21071.500 ms fetching 51.770 ms
INFO: at 21095.035 ms batch [51.770] delay 23.532 ms
INFO: at 21095.035 ms fetching 51.770 ms
INFO: at 21118.569 ms batch [51.770] delay 23.532 ms
INFO: at 21118.569 ms fetching 51.770 ms
INFO: at 21142.104 ms batch [51.770] delay 23.532 ms
INFO: at 21142.104 ms fetching 51.770 ms
INFO: at 21165.638 ms batch [51.770] delay 23.532 ms
INFO: at 21165.638 ms fetching 51.770 ms
INFO: at 21189.173 ms batch [51.770] delay 23.532 ms
INFO: at 21189.173 ms fetching 51.770 ms
INFO: at 21212.708 ms batch [51.770] delay 23.532 ms
INFO: at 21212.708 ms fetching 51.770 ms
INFO: at 21236.242 ms batch [51.770] delay 28.761 ms
INFO: at 21236.242 ms fetching 51.770 ms
INFO: at 21265.014 ms batch [51.770] delay 28.761 ms
INFO: at 21265.014 ms fetching 51.770 ms
INFO: at 21293.778 ms batch [51.770] delay 28.761 ms
INFO: at 21293.778 ms fetching 51.770 ms
INFO: at 21322.543 ms batch [51.770] delay 28.761 ms
INFO: at 21322.543 ms fetching 51.770 ms
INFO: at 21351.307 ms batch [51.770] delay 28.761 ms
INFO: at 21351.307 ms fetching 51.770 ms
INFO: at 21380.072 ms batch [51.770] delay 28.761 ms
INFO: at 21380.072 ms fetching 51.770 ms
INFO: at 21408.835 ms batch [51.770] delay 28.761 ms
INFO: at 21408.835 ms fetching 51.770 ms
INFO: at 21437.598 ms batch [51.770] delay 28.761 ms
INFO: at 21437.598 ms fetching 51.770 ms
INFO: at 21466.363 ms batch [51.770] delay 28.761 ms
INFO: at 21466.363 ms fetching 51.770 ms
INFO: at 21495.126 ms batch [51.770] delay 23.532 ms
INFO: at 21495.126 ms fetching 51.770 ms
INFO: at 21518.660 ms batch [51.770] delay 23.532 ms
INFO: at 21518.660 ms fetching 51.770 ms
INFO: at 21542.195 ms batch [51.770] delay 23.532 ms
INFO: at 21542.195 ms fetching 51.770 ms
INFO: at 21565.729 ms batch [51.770] delay 23.532 ms
INFO: at 21565.729 ms fetching 51.770 ms
INFO: at 21589.268 ms batch [51.770] delay 23.532 ms
INFO: at 21589.268 ms fetching 51.770 ms
INFO: at 21612.803 ms batch [51.770] delay 23.532 ms
INFO: at 21612.803 ms fetching 51.770 ms
INFO: at 21636.338 ms batch [51.770] delay 23.532 ms
INFO: at 21636.338 ms fetching 51.770 ms
INFO: at 21659.871 ms batch [51.770] delay 23.532 ms
INFO: at 21659.871 ms fetching 51.770 ms
INFO: at 21683.407 ms batch [51.770] delay 23.532 ms
INFO: at 21683.407 ms fetching 51.770 ms
INFO: at 21706.942 ms batch [51.770] delay 23.532 ms
INFO: at 21706.942 ms fetching 51.770 ms
INFO: at 21730.478 ms batch [51.770] delay 23.532 ms
INFO: at 21730.478 ms fetching 51.770 ms
INFO: at 21754.011 ms batch [51.770] delay 21.571 ms
INFO: at 21754.011 ms fetching 51.770 ms
INFO: at 21775.585 ms batch [51.770] delay 21.571 ms
INFO: at 21775.585 ms fetching 51.770 ms
INFO: at 21797.160 ms batch [51.770] delay 21.571 ms
INFO: at 21797.160 ms fetching 51.770 ms
INFO: at 21818.734 ms batch [51.770] delay 21.571 ms
INFO: at 21818.734 ms fetching 51.770 ms
INFO: at 21840.306 ms batch [51.770] delay 21.571 ms
INFO: at 21840.306 ms fetching 51.770 ms
INFO: at 21861.879 ms batch [51.770] delay 21.571 ms
INFO: at 21861.879 ms fetching 51.770 ms
INFO: at 21883.454 ms batch [51.770] delay 21.571 ms
INFO: at 21883.454 ms fetching 51.770 ms
INFO: at 21905.028 ms batch [51.770] delay 21.571 ms
INFO: at 21905.028 ms fetching 51.770 ms
INFO: at 21926.604 ms batch [51.770] delay 21.571 ms
INFO: at 21926.604 ms fetching 51.770 ms
INFO: at 21948.179 ms batch [51.770] delay 21.571 ms
INFO: at 21948.179 ms fetching 51.770 ms
INFO: at 21969.753 ms batch [51.770] delay 21.571 ms
INFO: at 21969.753 ms fetching 51.770 ms
INFO: at 21991.327 ms batch [51.770] delay 21.571 ms
INFO: at 21991.327 ms fetching 51.770 ms
INFO: at 22012.901 ms batch [51.770] delay 23.532 ms
INFO: at 22012.901 ms fetching 51.770 ms
INFO: at 22036.435 ms batch [51.770] delay 23.532 ms
INFO: at 22036.435 ms fetching 51.770 ms
INFO: at 22059.971 ms batch [51.770] delay 23.532 ms
INFO: at 22059.971 ms fetching 51.770 ms
INFO: at 22083.506 ms batch [51.770] delay 23.532 ms
INFO: at 22083.506 ms fetching 51.770 ms
INFO: at 22107.040 ms batch [51.770] delay 23.532 ms
INFO: at 22107.040 ms fetching 51.770 ms
INFO: at 22130.575 ms batch [51.770] delay 23.532 ms
INFO: at 22130.575 ms fetching 51.770 ms
INFO: at 22154.110 ms batch [51.770] delay 23.532 ms
INFO: at 22154.110 ms fetching 51.770 ms
INFO: at 22177.645 ms batch [51.770] delay 23.532 ms
INFO: at 22177.645 ms fetching 51.770 ms
INFO: at 22201.179 ms batch [51.770] delay 23.532 ms
INFO: at 22201.179 ms fetching 51.770 ms
INFO: at 22224.714 ms batch [51.770] delay 23.532 ms
INFO: at 22224.714 ms fetching 51.770 ms
INFO: at 22248.250 ms batch [51.770] delay 23.532 ms
INFO: at 22248.250 ms fetching 51.770 ms
INFO: at 22271.786 ms batch [51.770] delay 17.257 ms
INFO: at 22271.786 ms fetching 51.770 ms
INFO: at 22289.045 ms batch [51.770] delay 17.257 ms
INFO: at 22289.045 ms fetching 51.770 ms
INFO: at 22306.304 ms batch [51.770] delay 17.257 ms
INFO: at 22306.304 ms fetching 51.770 ms
INFO: at 22323.564 ms batch [51.770] delay 17.257 ms
INFO: at 22323.564 ms fetching 51.770 ms
INFO: at 22340.824 ms batch [51.770] delay 17.257 ms
INFO: at 22340.824 ms fetching 51.770 ms
INFO: at 22358.085 ms batch [51.770] delay 17.257 ms
INFO: at 22358.085 ms fetching 51.770 ms
INFO: at 22375.346 ms batch [51.770] delay 17.257 ms
INFO: at 22375.346 ms fetching 51.770 ms
INFO: at 22392.605 ms batch [51.770] delay 17.257 ms
INFO: at 22392.605 ms fetching 51.770 ms
INFO: at 22409.864 ms batch [51.770] delay 17.257 ms
INFO: at 22409.864 ms fetching 51.770 ms
INFO: at 22427.126 ms batch [51.770] delay 17.257 ms
INFO: at 22427.126 ms fetching 51.770 ms
INFO: at 22444.386 ms batch [51.770] delay 17.257 ms
INFO: at 22444.386 ms fetching 51.770 ms
INFO: at 22461.645 ms batch [51.770] delay 17.257 ms
INFO: at 22461.645 ms fetching 51.770 ms
INFO: at 22478.903 ms batch [51.770] delay 17.257 ms
INFO: at 22478.903 ms fetching 51.770 ms
INFO: at 22496.162 ms batch [51.770] delay 17.257 ms
INFO: at 22496.162 ms fetching 51.770 ms
INFO: at 22513.422 ms batch [51.770] delay 17.257 ms
INFO: at 22513.422 ms fetching 51.770 ms
INFO: at 22530.682 ms batch [51.770] delay 28.761 ms
INFO: at 22530.682 ms fetching 51.770 ms
INFO: at 22559.447 ms batch [51.770] delay 28.761 ms
INFO: at 22559.447 ms fetching 51.770 ms
INFO: at 22588.210 ms batch [51.770] delay 28.761 ms
INFO: at 22588.210 ms fetching 51.770 ms
INFO: at 22616.974 ms batch [51.770] delay 28.761 ms
INFO: at 22616.974 ms fetching 51.770 ms
INFO: at 22645.740 ms batch [51.770] delay 28.761 ms
INFO: at 22645.740 ms fetching 51.770 ms
INFO: at 22674.508 ms batch [51.770] delay 28.761 ms
INFO: at 22674.508 ms fetching 51.770 ms
INFO: at 22703.273 ms batch [51.770] delay 28.761 ms
INFO: at 22703.273 ms fetching 51.770 ms
INFO: at 22732.038 ms batch [51.770] delay 28.761 ms
INFO: at 22732.038 ms fetching 51.770 ms
INFO: at 22760.801 ms batch [51.770] delay 28.761 ms
INFO: at 22760.801 ms fetching 51.770 ms
INFO: at 22789.564 ms batch [51.770] delay 25.885 ms
INFO: at 22789.564 ms fetching 51.770 ms
INFO: at 22815.453 ms batch [51.770] delay 25.885 ms
INFO: at 22815.453 ms fetching 51.770 ms
INFO: at 22841.341 ms batch [51.770] delay 25.885 ms
INFO: at 22841.341 ms fetching 51.770 ms
INFO: at 22867.230 ms batch [51.770] delay 25.885 ms
INFO: at 22867.230 ms fetching 51.770 ms
INFO: at 22893.118 ms batch [51.770] delay 25.885 ms
INFO: at 22893.118 ms fetching 51.770 ms
INFO: at 22919.006 ms batch [51.770] delay 25.885 ms
INFO: at 22919.006 ms fetching 51.770 ms
INFO: at 22944.896 ms batch [51.770] delay 25.885 ms
INFO: at 22944.896 ms fetching 51.770 ms
INFO: at 22970.785 ms batch [51.770] delay 25.885 ms
INFO: at 22970.785 ms fetching 51.770 ms
INFO: at 22996.674 ms batch [51.770] delay 25.885 ms
INFO: at 22996.674 ms fetching 51.770 ms
INFO: at 23022.563 ms batch [51.770] delay 25.885 ms
INFO: at 23022.563 ms fetching 51.770 ms
INFO: at 23048.451 ms batch [51.770] delay 23.532 ms
INFO: at 23048.451 ms fetching 51.770 ms
INFO: at 23071.987 ms batch [51.770] delay 23.532 ms
INFO: at 23071.987 ms fetching 51.770 ms
INFO: at 23095.522 ms batch [51.770] delay 23.532 ms
INFO: at 23095.522 ms fetching 51.770 ms
INFO: at 23119.057 ms batch [51.770] delay 23.532 ms
INFO: at 23119.057 ms fetching 51.770 ms
INFO: at 23142.590 ms batch [51.770] delay 23.532 ms
INFO: at 23142.590 ms fetching 51.770 ms
INFO: at 23166.125 ms batch [51.770] delay 23.532 ms
INFO: at 23166.125 ms fetching 51.770 ms
INFO: at 23189.660 ms batch [51.770] delay 23.532 ms
INFO: at 23189.660 ms fetching 51.770 ms
INFO: at 23213.196 ms batch [51.770] delay 23.532 ms
INFO: at 23213.196 ms fetching 51.770 ms
INFO: at 23236.730 ms batch [51.770] delay 23.532 ms
INFO: at 23236.730 ms fetching 51.770 ms
INFO: at 23260.265 ms batch [51.770] delay 23.532 ms
INFO: at 23260.265 ms fetching 51.770 ms
INFO: at 23283.801 ms batch [51.770] delay 23.532 ms
INFO: at 23283.801 ms fetching 51.770 ms
INFO: at 23307.335 ms batch [51.770] delay 19.911 ms
INFO: at 23307.335 ms fetching 51.770 ms
INFO: at 23327.249 ms batch [51.770] delay 19.911 ms
INFO: at 23327.249 ms fetching 51.770 ms
INFO: at 23347.164 ms batch [51.770] delay 19.911 ms
INFO: at 23347.164 ms fetching 51.770 ms
INFO: at 23367.078 ms batch [51.770] delay 19.911 ms
INFO: at 23367.078 ms fetching 51.770 ms
INFO: at 23386.993 ms batch [51.770] delay 19.911 ms
INFO: at 23386.993 ms fetching 51.770 ms
INFO: at 23406.907 ms batch [51.770] delay 19.911 ms
INFO: at 23406.907 ms fetching 51.770 ms
INFO: at 23426.822 ms batch [51.770] delay 19.911 ms
INFO: at 23426.822 ms fetching 51.770 ms
INFO: at 23446.737 ms batch [51.770] delay 19.911 ms
INFO: at 23446.737 ms fetching 51.770 ms
INFO: at 23466.651 ms batch [51.770] delay 19.911 ms
INFO: at 23466.651 ms fetching 51.770 ms
INFO: at 23486.565 ms batch [51.770] delay 19.911 ms
INFO: at 23486.565 ms fetching 51.770 ms
INFO: at 23506.480 ms batch [51.770] delay 19.911 ms
INFO: at 23506.480 ms fetching 51.770 ms
INFO: at 23526.394 ms batch [51.770] delay 19.911 ms
INFO: at 23526.394 ms fetching 51.770 ms
INFO: at 23546.308 ms batch [51.770] delay 19.911 ms
INFO: at 23546.308 ms fetching 51.770 ms
INFO: at 23566.222 ms batch [51.770] delay 18.489 ms
INFO: at 23566.222 ms fetching 51.770 ms
INFO: at 23584.714 ms batch [51.770] delay 18.489 ms
INFO: at 23584.714 ms fetching 51.770 ms
INFO: at 23603.205 ms batch [51.770] delay 18.489 ms
INFO: at 23603.205 ms fetching 51.770 ms
INFO: at 23621.698 ms batch [51.770] delay 18.489 ms
INFO: at 23621.698 ms fetching 51.770 ms
INFO: at 23640.190 ms batch [51.770] delay 18.489 ms
INFO: at 23640.190 ms fetching 51.770 ms
INFO: at 23658.682 ms batch [51.770] delay 18.489 ms
INFO: at 23658.682 ms fetching 51.770 ms
INFO: at 23677.174 ms batch [51.770] delay 18.489 ms
INFO: at 23677.174 ms fetching 51.770 ms
INFO: at 23695.666 ms batch [51.770] delay 18.489 ms
INFO: at 23695.666 ms fetching 51.770 ms
INFO: at 23714.158 ms batch [51.770] delay 18.489 ms
INFO: at 23714.158 ms fetching 51.770 ms
INFO: at 23732.649 ms batch [51.770] delay 18.489 ms
INFO: at 23732.649 ms fetching 51.770 ms
INFO: at 23751.141 ms batch [51.770] delay 18.489 ms
INFO: at 23751.141 ms fetching 51.770 ms
INFO: at 23769.632 ms batch [51.770] delay 18.489 ms
INFO: at 23769.632 ms fetching 51.770 ms
INFO: at 23788.124 ms batch [51.770] delay 18.489 ms
INFO: at 23788.124 ms fetching 51.770 ms
INFO: at 23806.616 ms batch [51.770] delay 18.489 ms
INFO: at 23806.616 ms fetching 51.770 ms
INFO: at 23825.107 ms batch [51.770] delay 23.532 ms
INFO: at 23825.107 ms fetching 51.770 ms
INFO: at 23848.642 ms batch [51.770] delay 23.532 ms
INFO: at 23848.642 ms fetching 51.770 ms
INFO: at 23872.177 ms batch [51.770] delay 23.532 ms
INFO: at 23872.177 ms fetching 51.770 ms
INFO: at 23895.711 ms batch [51.770] delay 23.532 ms
INFO: at 23895.711 ms fetching 51.770 ms
INFO: at 23919.246 ms batch [51.770] delay 23.532 ms
INFO: at 23919.246 ms fetching 51.770 ms
INFO: at 23942.782 ms batch [51.770] delay 23.532 ms
INFO: at 23942.782 ms fetching 51.770 ms
INFO: at 23966.315 ms batch [51.770] delay 23.532 ms
INFO: at 23966.315 ms fetching 51.770 ms
INFO: at 23989.850 ms batch [51.770] delay 23.532 ms
INFO: at 23989.850 ms fetching 51.770 ms
INFO: at 24013.385 ms batch [51.770] delay 23.532 ms
INFO: at 24013.385 ms fetching 51.770 ms
INFO: at 24036.920 ms batch [51.770] delay 23.532 ms
INFO: at 24036.920 ms fetching 51.770 ms
INFO: at 24060.456 ms batch [51.770] delay 23.532 ms
INFO: at 24060.456 ms fetching 51.770 ms
INFO: at 24083.992 ms batch [51.770] delay 25.885 ms
INFO: at 24083.992 ms fetching 51.770 ms
INFO: at 24109.881 ms batch [51.770] delay 25.885 ms
INFO: at 24109.881 ms fetching 51.770 ms
INFO: at 24135.767 ms batch [51.770] delay 25.885 ms
INFO: at 24135.767 ms fetching 51.770 ms
INFO: at 24161.661 ms batch [51.770] delay 25.885 ms
INFO: at 24161.661 ms fetching 51.770 ms
INFO: at 24187.550 ms batch [51.770] delay 25.885 ms
INFO: at 24187.550 ms fetching 51.770 ms
INFO: at 24213.436 ms batch [51.770] delay 25.885 ms
INFO: at 24213.436 ms fetching 51.770 ms
INFO: at 24239.323 ms batch [51.770] delay 25.885 ms
INFO: at 24239.323 ms fetching 51.770 ms
INFO: at 24265.212 ms batch [51.770] delay 25.885 ms
INFO: at 24265.212 ms fetching 51.770 ms
INFO: at 24291.099 ms batch [51.770] delay 25.885 ms
INFO: at 24291.099 ms fetching 51.770 ms
INFO: at 24316.987 ms batch [51.770] delay 25.885 ms
INFO: at 24316.987 ms fetching 51.770 ms
INFO: at 24342.876 ms batch [51.770] delay 18.489 ms
INFO: at 24342.876 ms fetching 51.770 ms
INFO: at 24361.368 ms batch [51.770] delay 18.489 ms
INFO: at 24361.368 ms fetching 51.770 ms
INFO: at 24379.861 ms batch [51.770] delay 18.489 ms
INFO: at 24379.861 ms fetching 51.770 ms
INFO: at 24398.354 ms batch [51.770] delay 18.489 ms
INFO: at 24398.354 ms fetching 51.770 ms
INFO: at 24416.847 ms batch [51.770] delay 18.489 ms
INFO: at 24416.847 ms fetching 51.770 ms
INFO: at 24435.340 ms batch [51.770] delay 18.489 ms
INFO: at 24435.340 ms fetching 51.770 ms
INFO: at 24453.831 ms batch [51.770] delay 18.489 ms
INFO: at 24453.831 ms fetching 51.770 ms
INFO: at 24472.323 ms batch [51.770] delay 18.489 ms
INFO: at 24472.323 ms fetching 51.770 ms
INFO: at 24490.816 ms batch [51.770] delay 18.489 ms
INFO: at 24490.816 ms fetching 51.770 ms
INFO: at 24509.307 ms batch [51.770] delay 18.489 ms
INFO: at 24509.307 ms fetching 51.770 ms
INFO: at 24527.800 ms batch [51.770] delay 18.489 ms
INFO: at 24527.800 ms fetching 51.770 ms
INFO: at 24546.291 ms batch [51.770] delay 18.489 ms
INFO: at 24546.291 ms fetching 51.770 ms
INFO: at 24564.781 ms batch [51.770] delay 0.000 ms
INFO: at 24564.781 ms fetching 51.770 ms
INFO: done
22-04-13:06:49:30 INFO     [docker_logging_utils.py:19] [default-cluster] Created logging directory: /home/cc/DynWork/multimodal_dataset/repeat-5/Static_CV/Azure/classification/resnet_imagenet/1.5_x_P99/clipper/logs
22-04-13:06:50:12 INFO     [clipper_admin.py:1424] [default-cluster] Stopped all Clipper cluster and all model containers
