INFO: nexus_dir=/workdir/nexus model_dir=/workdir/DynWork/Multimodal/Azure/incoming_rate_36.36/Equal_Std/std_2/1_x_P99/nexus/models log_dir=/workdir/DynWork/Multimodal/Azure/incoming_rate_36.36/Equal_Std/std_2/1_x_P99/nexus/logs model=fake_0
INFO: waiting frontend to spin up
INFO: ready to go
INFO: rock and roll
INFO: at 1.984 ms batch [44.118] delay 22.000 ms
INFO: at 1.984 ms fetching 44.118 ms
INFO: at 24.818 ms batch [10.000] delay 22.000 ms
INFO: at 24.818 ms fetching 10.000 ms
INFO: at 47.580 ms batch [34.891] delay 22.000 ms
INFO: at 47.580 ms fetching 34.891 ms
INFO: at 70.323 ms batch [70.356] delay 22.000 ms
INFO: at 70.323 ms fetching 70.356 ms
INFO: at 93.079 ms batch [67.637] delay 22.000 ms
INFO: at 93.079 ms fetching 67.637 ms
INFO: at 115.911 ms batch [60.624] delay 22.000 ms
INFO: at 115.911 ms fetching 60.624 ms
INFO: at 138.506 ms batch [34.265] delay 22.000 ms
INFO: at 138.506 ms fetching 34.265 ms
INFO: at 161.073 ms batch [53.189] delay 22.000 ms
INFO: at 161.073 ms fetching 53.189 ms
INFO: at 183.907 ms batch [43.677] delay 22.000 ms
INFO: at 183.907 ms fetching 43.677 ms
INFO: at 206.514 ms batch [62.694] delay 22.000 ms
INFO: at 206.514 ms fetching 62.694 ms
INFO: at 229.535 ms batch [83.225] delay 27.500 ms
INFO: at 229.535 ms fetching 83.225 ms
INFO: at 258.213 ms batch [64.970] delay 27.500 ms
INFO: at 258.213 ms fetching 64.970 ms
INFO: at 286.799 ms batch [82.401] delay 27.500 ms
INFO: at 286.799 ms fetching 82.401 ms
INFO: at 314.782 ms batch [58.730] delay 27.500 ms
INFO: at 314.782 ms fetching 58.730 ms
INFO: at 343.438 ms batch [70.541] delay 22.000 ms
INFO: at 343.438 ms fetching 70.541 ms
INFO: at 365.860 ms batch [65.408] delay 22.000 ms
INFO: at 365.860 ms fetching 65.408 ms
INFO: at 388.539 ms batch [31.190] delay 22.000 ms
INFO: at 388.539 ms fetching 31.190 ms
INFO: at 411.578 ms batch [65.863] delay 22.000 ms
INFO: at 411.578 ms fetching 65.863 ms
INFO: at 435.083 ms batch [69.058] delay 22.000 ms
INFO: at 435.083 ms fetching 69.058 ms
INFO: at 457.945 ms batch [61.501] delay 27.500 ms
INFO: at 457.945 ms fetching 61.501 ms
INFO: at 485.792 ms batch [29.708] delay 27.500 ms
INFO: at 485.792 ms fetching 29.708 ms
INFO: at 513.573 ms batch [60.042] delay 27.500 ms
INFO: at 513.573 ms fetching 60.042 ms
INFO: at 541.371 ms batch [44.861] delay 27.500 ms
INFO: at 541.371 ms fetching 44.861 ms
INFO: at 570.050 ms batch [36.310] delay 27.500 ms
INFO: at 570.050 ms fetching 36.310 ms
INFO: at 597.940 ms batch [46.523] delay 27.500 ms
INFO: at 597.940 ms fetching 46.523 ms
INFO: at 625.884 ms batch [47.707] delay 27.500 ms
INFO: at 625.884 ms fetching 47.707 ms
INFO: at 654.983 ms batch [73.597] delay 27.500 ms
INFO: at 654.983 ms fetching 73.597 ms
INFO: at 682.822 ms batch [32.971] delay 27.500 ms
INFO: at 682.822 ms fetching 32.971 ms
INFO: at 711.502 ms batch [73.311] delay 27.500 ms
INFO: at 711.502 ms fetching 73.311 ms
INFO: at 740.733 ms batch [55.886] delay 27.500 ms
INFO: at 740.733 ms fetching 55.886 ms
INFO: at 768.443 ms batch [49.880] delay 27.500 ms
INFO: at 768.443 ms fetching 49.880 ms
INFO: at 796.970 ms batch [66.962] delay 27.500 ms
INFO: at 796.970 ms fetching 66.962 ms
INFO: at 826.168 ms batch [27.640] delay 27.500 ms
INFO: at 826.168 ms fetching 27.640 ms
INFO: at 854.613 ms batch [72.315] delay 27.500 ms
INFO: at 854.613 ms fetching 72.315 ms
INFO: at 882.505 ms batch [75.748] delay 27.500 ms
INFO: at 882.505 ms fetching 75.748 ms
INFO: at 910.332 ms batch [40.473] delay 27.500 ms
INFO: at 910.332 ms fetching 40.473 ms
INFO: at 938.872 ms batch [71.272] delay 27.500 ms
INFO: at 938.872 ms fetching 71.272 ms
INFO: at 966.637 ms batch [58.073] delay 27.500 ms
INFO: at 966.637 ms fetching 58.073 ms
INFO: at 994.879 ms batch [38.255] delay 27.500 ms
INFO: at 994.879 ms fetching 38.255 ms
INFO: at 1023.562 ms batch [72.027] delay 27.500 ms
INFO: at 1023.562 ms fetching 72.027 ms
INFO: at 1051.401 ms batch [32.583] delay 27.500 ms
INFO: at 1051.401 ms fetching 32.583 ms
INFO: at 1079.299 ms batch [40.259] delay 27.500 ms
INFO: at 1079.299 ms fetching 40.259 ms
INFO: at 1107.868 ms batch [26.922] delay 27.500 ms
INFO: at 1107.868 ms fetching 26.922 ms
INFO: at 1136.558 ms batch [100.000] delay 36.667 ms
INFO: at 1136.558 ms fetching 100.000 ms
INFO: at 1174.503 ms batch [77.871] delay 36.667 ms
INFO: at 1174.503 ms fetching 77.871 ms
INFO: at 1211.506 ms batch [89.347] delay 36.667 ms
INFO: at 1211.506 ms fetching 89.347 ms
INFO: at 1249.426 ms batch [50.825] delay 22.000 ms
INFO: at 1249.426 ms fetching 50.825 ms
INFO: at 1272.438 ms batch [50.195] delay 22.000 ms
INFO: at 1272.438 ms fetching 50.195 ms
INFO: at 1295.173 ms batch [31.654] delay 22.000 ms
INFO: at 1295.173 ms fetching 31.654 ms
INFO: at 1318.012 ms batch [74.325] delay 22.000 ms
INFO: at 1318.012 ms fetching 74.325 ms
INFO: at 1340.462 ms batch [59.696] delay 22.000 ms
INFO: at 1340.462 ms fetching 59.696 ms
INFO: at 1363.330 ms batch [47.497] delay 22.000 ms
INFO: at 1363.330 ms fetching 47.497 ms
INFO: at 1386.175 ms batch [72.566] delay 22.000 ms
INFO: at 1386.175 ms fetching 72.566 ms
INFO: at 1408.793 ms batch [32.118] delay 22.000 ms
INFO: at 1408.793 ms fetching 32.118 ms
INFO: at 1431.735 ms batch [51.171] delay 22.000 ms
INFO: at 1431.735 ms fetching 51.171 ms
INFO: at 1454.740 ms batch [53.873] delay 22.000 ms
INFO: at 1454.740 ms fetching 53.873 ms
INFO: at 1477.946 ms batch [60.305] delay 22.000 ms
INFO: at 1477.946 ms fetching 60.305 ms
INFO: at 1500.477 ms batch [68.368] delay 22.000 ms
INFO: at 1500.477 ms fetching 68.368 ms
INFO: at 1523.227 ms batch [78.587] delay 22.000 ms
INFO: at 1523.227 ms fetching 78.587 ms
INFO: at 1545.967 ms batch [37.076] delay 22.000 ms
INFO: at 1545.967 ms fetching 37.076 ms
INFO: at 1568.734 ms batch [51.839] delay 22.000 ms
INFO: at 1568.734 ms fetching 51.839 ms
INFO: at 1592.235 ms batch [63.724] delay 27.500 ms
INFO: at 1592.235 ms fetching 63.724 ms
INFO: at 1619.978 ms batch [35.720] delay 27.500 ms
INFO: at 1619.978 ms fetching 35.720 ms
INFO: at 1647.854 ms batch [56.565] delay 27.500 ms
INFO: at 1647.854 ms fetching 56.565 ms
INFO: at 1676.547 ms batch [56.196] delay 27.500 ms
INFO: at 1676.547 ms fetching 56.196 ms
INFO: at 1704.979 ms batch [49.316] delay 36.667 ms
INFO: at 1704.979 ms fetching 49.316 ms
INFO: at 1742.621 ms batch [52.489] delay 36.667 ms
INFO: at 1742.621 ms fetching 52.489 ms
INFO: at 1780.290 ms batch [69.714] delay 36.667 ms
INFO: at 1780.290 ms fetching 69.714 ms
INFO: at 1818.043 ms batch [64.500] delay 27.500 ms
INFO: at 1818.043 ms fetching 64.500 ms
INFO: at 1846.127 ms batch [49.080] delay 27.500 ms
INFO: at 1846.127 ms fetching 49.080 ms
INFO: at 1874.338 ms batch [70.759] delay 27.500 ms
INFO: at 1874.338 ms fetching 70.759 ms
INFO: at 1902.206 ms batch [62.419] delay 27.500 ms
INFO: at 1902.206 ms fetching 62.419 ms
INFO: at 1930.154 ms batch [42.254] delay 22.000 ms
INFO: at 1930.154 ms fetching 42.254 ms
INFO: at 1952.417 ms batch [21.138] delay 22.000 ms
INFO: at 1952.417 ms fetching 21.138 ms
INFO: at 1975.093 ms batch [46.058] delay 22.000 ms
INFO: at 1975.093 ms fetching 46.058 ms
INFO: at 1997.951 ms batch [66.362] delay 22.000 ms
INFO: at 1997.951 ms fetching 66.362 ms
INFO: at 2020.827 ms batch [23.200] delay 22.000 ms
INFO: at 2020.827 ms fetching 23.200 ms
INFO: at 2043.894 ms batch [47.276] delay 27.500 ms
INFO: at 2043.894 ms fetching 47.276 ms
INFO: at 2071.801 ms batch [66.769] delay 27.500 ms
INFO: at 2071.801 ms fetching 66.769 ms
INFO: at 2100.500 ms batch [58.417] delay 27.500 ms
INFO: at 2100.500 ms fetching 58.417 ms
INFO: at 2128.984 ms batch [33.624] delay 27.500 ms
INFO: at 2128.984 ms fetching 33.624 ms
INFO: at 2157.264 ms batch [38.761] delay 27.500 ms
INFO: at 2157.264 ms fetching 38.761 ms
INFO: at 2185.304 ms batch [57.751] delay 27.500 ms
INFO: at 2185.304 ms fetching 57.751 ms
INFO: at 2213.312 ms batch [79.020] delay 27.500 ms
INFO: at 2213.312 ms fetching 79.020 ms
INFO: at 2242.413 ms batch [87.323] delay 27.500 ms
INFO: at 2242.413 ms fetching 87.323 ms
INFO: at 2270.302 ms batch [36.560] delay 22.000 ms
INFO: at 2270.302 ms fetching 36.560 ms
INFO: at 2293.216 ms batch [66.566] delay 22.000 ms
INFO: at 2293.216 ms fetching 66.566 ms
INFO: at 2316.189 ms batch [71.784] delay 22.000 ms
INFO: at 2316.189 ms fetching 71.784 ms
INFO: at 2339.228 ms batch [45.592] delay 22.000 ms
INFO: at 2339.228 ms fetching 45.592 ms
INFO: at 2363.041 ms batch [74.885] delay 22.000 ms
INFO: at 2363.041 ms fetching 74.885 ms
INFO: at 2386.098 ms batch [44.618] delay 27.500 ms
INFO: at 2386.098 ms fetching 44.618 ms
INFO: at 2413.888 ms batch [68.843] delay 27.500 ms
INFO: at 2413.888 ms fetching 68.843 ms
INFO: at 2441.910 ms batch [41.160] delay 27.500 ms
INFO: at 2441.910 ms fetching 41.160 ms
INFO: at 2469.846 ms batch [42.017] delay 27.500 ms
INFO: at 2469.846 ms fetching 42.017 ms
INFO: at 2497.735 ms batch [52.149] delay 22.000 ms
INFO: at 2497.735 ms fetching 52.149 ms
INFO: at 2520.824 ms batch [60.930] delay 22.000 ms
INFO: at 2520.824 ms fetching 60.930 ms
INFO: at 2543.824 ms batch [30.244] delay 22.000 ms
INFO: at 2543.824 ms fetching 30.244 ms
INFO: at 2566.712 ms batch [57.483] delay 22.000 ms
INFO: at 2566.712 ms fetching 57.483 ms
INFO: at 2589.514 ms batch [30.783] delay 22.000 ms
INFO: at 2589.514 ms fetching 30.783 ms
INFO: at 2612.238 ms batch [54.190] delay 27.500 ms
INFO: at 2612.238 ms fetching 54.190 ms
INFO: at 2640.290 ms batch [74.063] delay 27.500 ms
INFO: at 2640.290 ms fetching 74.063 ms
INFO: at 2668.734 ms batch [77.486] delay 27.500 ms
INFO: at 2668.734 ms fetching 77.486 ms
INFO: at 2696.772 ms batch [42.970] delay 27.500 ms
INFO: at 2696.772 ms fetching 42.970 ms
INFO: at 2724.786 ms batch [73.044] delay 22.000 ms
INFO: at 2724.786 ms fetching 73.044 ms
INFO: at 2747.827 ms batch [51.468] delay 22.000 ms
INFO: at 2747.827 ms fetching 51.468 ms
INFO: at 2770.719 ms batch [65.171] delay 22.000 ms
INFO: at 2770.719 ms fetching 65.171 ms
INFO: at 2793.939 ms batch [76.092] delay 22.000 ms
INFO: at 2793.939 ms fetching 76.092 ms
INFO: at 2816.843 ms batch [25.951] delay 22.000 ms
INFO: at 2816.843 ms fetching 25.951 ms
INFO: at 2839.800 ms batch [40.943] delay 22.000 ms
INFO: at 2839.800 ms fetching 40.943 ms
INFO: at 2862.743 ms batch [37.287] delay 22.000 ms
INFO: at 2862.743 ms fetching 37.287 ms
INFO: at 2885.447 ms batch [75.430] delay 22.000 ms
INFO: at 2885.447 ms fetching 75.430 ms
INFO: at 2908.458 ms batch [84.179] delay 22.000 ms
INFO: at 2908.458 ms fetching 84.179 ms
INFO: at 2931.485 ms batch [56.846] delay 22.000 ms
INFO: at 2931.485 ms fetching 56.846 ms
INFO: at 2953.622 ms batch [47.016] delay 27.500 ms
INFO: at 2953.622 ms fetching 47.016 ms
INFO: at 2982.177 ms batch [53.528] delay 27.500 ms
INFO: at 2982.177 ms fetching 53.528 ms
INFO: at 3010.076 ms batch [67.876] delay 27.500 ms
INFO: at 3010.076 ms fetching 67.876 ms
INFO: at 3038.268 ms batch [54.871] delay 27.500 ms
INFO: at 3038.268 ms fetching 54.871 ms
INFO: at 3066.064 ms batch [37.522] delay 36.667 ms
INFO: at 3066.064 ms fetching 37.522 ms
INFO: at 3104.899 ms batch [39.610] delay 36.667 ms
INFO: at 3104.899 ms fetching 39.610 ms
INFO: at 3142.691 ms batch [57.152] delay 36.667 ms
INFO: at 3142.691 ms fetching 57.152 ms
INFO: at 3180.291 ms batch [85.420] delay 27.500 ms
INFO: at 3180.291 ms fetching 85.420 ms
INFO: at 3208.205 ms batch [43.923] delay 27.500 ms
INFO: at 3208.205 ms fetching 43.923 ms
INFO: at 3236.443 ms batch [76.751] delay 27.500 ms
INFO: at 3236.443 ms fetching 76.751 ms
INFO: at 3264.256 ms batch [41.780] delay 27.500 ms
INFO: at 3264.256 ms fetching 41.780 ms
INFO: at 3292.185 ms batch [67.419] delay 22.000 ms
INFO: at 3292.185 ms fetching 67.419 ms
INFO: at 3315.035 ms batch [55.535] delay 22.000 ms
INFO: at 3315.035 ms fetching 55.535 ms
INFO: at 3338.040 ms batch [35.998] delay 22.000 ms
INFO: at 3338.040 ms fetching 35.998 ms
INFO: at 3360.688 ms batch [55.195] delay 22.000 ms
INFO: at 3360.688 ms fetching 55.195 ms
INFO: at 3383.694 ms batch [43.426] delay 22.000 ms
INFO: at 3383.694 ms fetching 43.426 ms
INFO: at 3406.569 ms batch [71.014] delay 27.500 ms
INFO: at 3406.569 ms fetching 71.014 ms
INFO: at 3434.580 ms batch [65.633] delay 27.500 ms
INFO: at 3434.580 ms fetching 65.633 ms
INFO: at 3462.647 ms batch [38.012] delay 27.500 ms
INFO: at 3462.647 ms fetching 38.012 ms
INFO: at 3490.721 ms batch [81.086] delay 27.500 ms
INFO: at 3490.721 ms fetching 81.086 ms
INFO: at 3518.745 ms batch [69.904] delay 27.500 ms
INFO: at 3518.745 ms fetching 69.904 ms
INFO: at 3546.754 ms batch [43.243] delay 27.500 ms
INFO: at 3546.754 ms fetching 43.243 ms
INFO: at 3574.733 ms batch [64.235] delay 27.500 ms
INFO: at 3574.733 ms fetching 64.235 ms
INFO: at 3602.773 ms batch [45.326] delay 27.500 ms
INFO: at 3602.773 ms fetching 45.326 ms
INFO: at 3630.797 ms batch [64.006] delay 36.667 ms
INFO: at 3630.797 ms fetching 64.006 ms
INFO: at 3668.150 ms batch [61.823] delay 36.667 ms
INFO: at 3668.150 ms fetching 61.823 ms
INFO: at 3706.199 ms batch [37.781] delay 36.667 ms
INFO: at 3706.199 ms fetching 37.781 ms
INFO: at 3744.225 ms batch [68.108] delay 22.000 ms
INFO: at 3744.225 ms fetching 68.108 ms
INFO: at 3767.450 ms batch [62.088] delay 22.000 ms
INFO: at 3767.450 ms fetching 62.088 ms
INFO: at 3790.497 ms batch [72.832] delay 22.000 ms
INFO: at 3790.497 ms fetching 72.832 ms
INFO: at 3813.277 ms batch [38.505] delay 22.000 ms
INFO: at 3813.277 ms fetching 38.505 ms
INFO: at 3836.157 ms batch [69.513] delay 22.000 ms
INFO: at 3836.157 ms fetching 69.513 ms
INFO: at 3859.107 ms batch [63.214] delay 22.000 ms
INFO: at 3859.107 ms fetching 63.214 ms
INFO: at 3881.989 ms batch [79.984] delay 22.000 ms
INFO: at 3881.989 ms fetching 79.984 ms
INFO: at 3905.058 ms batch [41.555] delay 22.000 ms
INFO: at 3905.058 ms fetching 41.555 ms
INFO: at 3928.014 ms batch [46.322] delay 22.000 ms
INFO: at 3928.014 ms fetching 46.322 ms
INFO: at 3950.952 ms batch [67.215] delay 22.000 ms
INFO: at 3950.952 ms fetching 67.215 ms
INFO: at 3974.074 ms batch [45.811] delay 18.333 ms
INFO: at 3974.074 ms fetching 45.811 ms
INFO: at 3993.752 ms batch [78.240] delay 18.333 ms
INFO: at 3993.752 ms fetching 78.240 ms
INFO: at 4013.608 ms batch [75.188] delay 18.333 ms
INFO: at 4013.608 ms fetching 75.188 ms
INFO: at 4033.634 ms batch [39.164] delay 18.333 ms
INFO: at 4033.634 ms fetching 39.164 ms
INFO: at 4053.690 ms batch [69.283] delay 18.333 ms
INFO: at 4053.690 ms fetching 69.283 ms
INFO: at 4073.641 ms batch [44.371] delay 18.333 ms
INFO: at 4073.641 ms fetching 44.371 ms
INFO: at 4093.854 ms batch [35.449] delay 22.000 ms
INFO: at 4093.854 ms fetching 35.449 ms
INFO: at 4116.753 ms batch [48.562] delay 22.000 ms
INFO: at 4116.753 ms fetching 48.562 ms
INFO: at 4139.649 ms batch [33.273] delay 22.000 ms
INFO: at 4139.649 ms fetching 33.273 ms
INFO: at 4162.623 ms batch [50.500] delay 22.000 ms
INFO: at 4162.623 ms fetching 50.500 ms
INFO: at 4185.628 ms batch [48.809] delay 22.000 ms
INFO: at 4185.628 ms fetching 48.809 ms
INFO: at 4208.522 ms batch [42.513] delay 22.000 ms
INFO: at 4208.522 ms fetching 42.513 ms
INFO: at 4231.590 ms batch [29.094] delay 22.000 ms
INFO: at 4231.590 ms fetching 29.094 ms
INFO: at 4253.930 ms batch [52.800] delay 22.000 ms
INFO: at 4253.930 ms fetching 52.800 ms
INFO: at 4276.685 ms batch [66.116] delay 22.000 ms
INFO: at 4276.685 ms fetching 66.116 ms
INFO: at 4299.635 ms batch [33.923] delay 22.000 ms
INFO: at 4299.635 ms fetching 33.923 ms
INFO: at 4322.112 ms batch [48.281] delay 22.000 ms
INFO: at 4322.112 ms fetching 48.281 ms
INFO: at 4345.063 ms batch [49.570] delay 22.000 ms
INFO: at 4345.063 ms fetching 49.570 ms
INFO: at 4368.087 ms batch [39.367] delay 22.000 ms
INFO: at 4368.087 ms fetching 39.367 ms
INFO: at 4390.885 ms batch [70.146] delay 22.000 ms
INFO: at 4390.885 ms fetching 70.146 ms
INFO: at 4413.778 ms batch [45.091] delay 22.000 ms
INFO: at 4413.778 ms fetching 45.091 ms
INFO: at 4436.764 ms batch [34.571] delay 27.500 ms
INFO: at 4436.764 ms fetching 34.571 ms
INFO: at 4464.833 ms batch [63.487] delay 27.500 ms
INFO: at 4464.833 ms fetching 63.487 ms
INFO: at 4492.865 ms batch [48.032] delay 27.500 ms
INFO: at 4492.865 ms fetching 48.032 ms
INFO: at 4520.824 ms batch [80.499] delay 27.500 ms
INFO: at 4520.824 ms fetching 80.499 ms
INFO: at 4549.578 ms batch [59.361] delay 18.333 ms
INFO: at 4549.578 ms fetching 59.361 ms
INFO: at 4568.726 ms batch [62.968] delay 18.333 ms
INFO: at 4568.726 ms fetching 62.968 ms
INFO: at 4588.791 ms batch [81.657] delay 18.333 ms
INFO: at 4588.791 ms fetching 81.657 ms
INFO: at 4608.745 ms batch [64.736] delay 18.333 ms
INFO: at 4608.745 ms fetching 64.736 ms
INFO: at 4628.452 ms batch [28.471] delay 18.333 ms
INFO: at 4628.452 ms fetching 28.471 ms
INFO: at 4648.334 ms batch [36.798] delay 18.333 ms
INFO: at 4648.334 ms fetching 36.798 ms
INFO: at 4667.638 ms batch [71.521] delay 27.500 ms
INFO: at 4667.638 ms fetching 71.521 ms
INFO: at 4695.525 ms batch [61.201] delay 27.500 ms
INFO: at 4695.525 ms fetching 61.201 ms
INFO: at 4723.463 ms batch [59.080] delay 27.500 ms
INFO: at 4723.463 ms fetching 59.080 ms
INFO: at 4751.498 ms batch [24.545] delay 27.500 ms
INFO: at 4751.498 ms fetching 24.545 ms
INFO: at 4779.513 ms batch [46.777] delay 22.000 ms
INFO: at 4779.513 ms fetching 46.777 ms
INFO: at 4802.638 ms batch [79.425] delay 22.000 ms
INFO: at 4802.638 ms fetching 79.425 ms
INFO: at 4825.628 ms batch [38.929] delay 22.000 ms
INFO: at 4825.628 ms fetching 38.929 ms
INFO: at 4848.741 ms batch [76.426] delay 22.000 ms
INFO: at 4848.741 ms fetching 76.426 ms
INFO: at 4871.690 ms batch [35.164] delay 22.000 ms
INFO: at 4871.690 ms fetching 35.164 ms
INFO: at 4894.690 ms batch [74.642] delay 18.333 ms
INFO: at 4894.690 ms fetching 74.642 ms
INFO: at 4913.986 ms batch [73.836] delay 18.333 ms
INFO: at 4913.986 ms fetching 73.836 ms
INFO: at 4933.944 ms batch [40.025] delay 18.333 ms
INFO: at 4933.944 ms fetching 40.025 ms
INFO: at 4953.920 ms batch [41.358] delay 18.333 ms
INFO: at 4953.920 ms fetching 41.358 ms
INFO: at 4973.654 ms batch [39.835] delay 18.333 ms
INFO: at 4973.654 ms fetching 39.835 ms
INFO: at 4993.551 ms batch [42.732] delay 18.333 ms
INFO: at 4993.551 ms fetching 42.732 ms
INFO: at 5013.526 ms batch [40.684] delay 27.500 ms
INFO: at 5013.526 ms fetching 40.684 ms
INFO: at 5042.686 ms batch [68.610] delay 27.500 ms
INFO: at 5042.686 ms fetching 68.610 ms
INFO: at 5070.762 ms batch [54.527] delay 27.500 ms
INFO: at 5070.762 ms fetching 54.527 ms
INFO: done
INFO: stopping nexus
