22-04-03:17:50:26 INFO     [docker_container_manager.py:192] [default-cluster] Starting managed Redis instance in Docker
22-04-03:17:50:28 INFO     [docker_container_manager.py:294] [default-cluster] Metric Configuration Saved at /tmp/tmpspbsmblz.yml
22-04-03:17:50:28 INFO     [clipper_admin.py:162] [default-cluster] Clipper is running
22-04-03:17:50:28 INFO     [clipper_admin.py:236] [default-cluster] Application fake-model was successfully registered
22-04-03:17:50:28 INFO     [deployer_utils.py:41] Saving function to /tmp/tmph3088fn3clipper
22-04-03:17:50:28 INFO     [deployer_utils.py:51] Serialized and supplied predict function
22-04-03:17:50:28 INFO     [python.py:192] Python closure saved
22-04-03:17:50:28 INFO     [python.py:210] Using Python 3.7 base image
22-04-03:17:50:28 INFO     [clipper_admin.py:534] [default-cluster] Building model Docker image with model data from /tmp/tmph3088fn3clipper
22-04-03:17:50:29 INFO     [clipper_admin.py:539] [default-cluster] Step 1/2 : FROM clipper/python37-closure-container:develop
22-04-03:17:50:29 INFO     [clipper_admin.py:539] [default-cluster]  ---> 2660542c0759
22-04-03:17:50:29 INFO     [clipper_admin.py:539] [default-cluster] Step 2/2 : COPY /tmp/tmph3088fn3clipper /model/
22-04-03:17:50:29 INFO     [clipper_admin.py:539] [default-cluster]  ---> 35aba7f7891b
22-04-03:17:50:29 INFO     [clipper_admin.py:539] [default-cluster] Successfully built 35aba7f7891b
22-04-03:17:50:29 INFO     [clipper_admin.py:539] [default-cluster] Successfully tagged default-cluster-fake-model:1
22-04-03:17:50:29 INFO     [clipper_admin.py:541] [default-cluster] Pushing model Docker image to default-cluster-fake-model:1
22-04-03:17:50:29 INFO     [docker_container_manager.py:433] [default-cluster] Found 0 replicas for fake-model:1. Adding 1
22-04-03:17:50:29 INFO     [clipper_admin.py:724] [default-cluster] Successfully registered model fake-model:1
22-04-03:17:50:29 INFO     [clipper_admin.py:642] [default-cluster] Done deploying model fake-model:1.
22-04-03:17:50:29 INFO     [clipper_admin.py:303] [default-cluster] Model fake-model is now linked to application fake-model
INFO: waiting for ready to serve
INFO: waiting for ready to serve
INFO: waiting for ready to serve
INFO: waiting for ready to serve
INFO: ready to go
INFO: rock and roll
INFO: at 2.986 ms batch [90.736] delay 22.000 ms
INFO: at 2.986 ms fetching 90.736 ms
INFO: at 24.990 ms batch [80.056] delay 22.000 ms
INFO: at 24.990 ms fetching 80.056 ms
INFO: at 46.993 ms batch [26.667] delay 22.000 ms
INFO: at 46.993 ms fetching 26.667 ms
INFO: at 68.997 ms batch [31.512] delay 22.000 ms
INFO: at 68.997 ms fetching 31.512 ms
INFO: at 91.001 ms batch [82.902] delay 22.000 ms
INFO: at 91.001 ms fetching 82.902 ms
INFO: at 113.004 ms batch [28.025] delay 22.000 ms
INFO: at 113.004 ms fetching 28.025 ms
INFO: at 135.008 ms batch [83.259] delay 22.000 ms
INFO: at 135.008 ms fetching 83.259 ms
INFO: at 157.012 ms batch [83.504] delay 22.000 ms
INFO: at 157.012 ms fetching 83.504 ms
INFO: at 179.015 ms batch [87.569] delay 22.000 ms
INFO: at 179.015 ms fetching 87.569 ms
INFO: at 201.018 ms batch [80.195] delay 22.000 ms
INFO: at 201.018 ms fetching 80.195 ms
INFO: at 223.022 ms batch [31.964] delay 27.500 ms
INFO: at 223.022 ms fetching 31.964 ms
INFO: at 250.526 ms batch [26.787] delay 27.500 ms
INFO: at 250.526 ms fetching 26.787 ms
INFO: at 278.029 ms batch [75.389] delay 27.500 ms
INFO: at 278.029 ms fetching 75.389 ms
INFO: at 305.534 ms batch [40.647] delay 27.500 ms
INFO: at 305.534 ms fetching 40.647 ms
INFO: at 333.036 ms batch [30.969] delay 22.000 ms
INFO: at 333.036 ms fetching 30.969 ms
INFO: at 355.040 ms batch [81.606] delay 22.000 ms
INFO: at 355.040 ms fetching 81.606 ms
INFO: at 377.044 ms batch [27.669] delay 22.000 ms
INFO: at 377.044 ms fetching 27.669 ms
INFO: at 399.049 ms batch [30.114] delay 22.000 ms
INFO: at 399.049 ms fetching 30.114 ms
INFO: at 421.054 ms batch [34.406] delay 22.000 ms
INFO: at 421.054 ms fetching 34.406 ms
INFO: at 443.057 ms batch [77.446] delay 27.500 ms
INFO: at 443.057 ms fetching 77.446 ms
INFO: at 470.560 ms batch [88.938] delay 27.500 ms
INFO: at 470.560 ms fetching 88.938 ms
INFO: at 498.064 ms batch [25.915] delay 27.500 ms
INFO: at 498.064 ms fetching 25.915 ms
INFO: at 525.568 ms batch [19.875] delay 27.500 ms
INFO: at 525.568 ms fetching 19.875 ms
INFO: at 553.071 ms batch [79.191] delay 27.500 ms
INFO: at 553.071 ms fetching 79.191 ms
INFO: at 580.576 ms batch [26.563] delay 27.500 ms
INFO: at 580.576 ms fetching 26.563 ms
INFO: at 608.080 ms batch [85.518] delay 27.500 ms
INFO: at 608.080 ms fetching 85.518 ms
INFO: at 635.585 ms batch [32.964] delay 27.500 ms
INFO: at 635.585 ms fetching 32.964 ms
INFO: at 663.088 ms batch [28.481] delay 27.500 ms
INFO: at 663.088 ms fetching 28.481 ms
INFO: at 690.593 ms batch [80.335] delay 27.500 ms
INFO: at 690.593 ms fetching 80.335 ms
INFO: at 718.098 ms batch [73.680] delay 27.500 ms
INFO: at 718.098 ms fetching 73.680 ms
INFO: at 745.601 ms batch [81.240] delay 27.500 ms
INFO: at 745.601 ms fetching 81.240 ms
INFO: at 773.106 ms batch [23.403] delay 27.500 ms
INFO: at 773.106 ms fetching 23.403 ms
INFO: at 800.609 ms batch [85.627] delay 27.500 ms
INFO: at 800.609 ms fetching 85.627 ms
INFO: at 828.116 ms batch [87.101] delay 27.500 ms
INFO: at 828.116 ms fetching 87.101 ms
INFO: at 855.619 ms batch [33.113] delay 27.500 ms
INFO: at 855.619 ms fetching 33.113 ms
INFO: at 883.124 ms batch [82.766] delay 27.500 ms
INFO: at 883.124 ms fetching 82.766 ms
INFO: at 910.693 ms batch [33.953] delay 27.500 ms
INFO: at 910.693 ms fetching 33.953 ms
INFO: at 938.197 ms batch [22.128] delay 27.500 ms
INFO: at 938.197 ms fetching 22.128 ms
INFO: at 965.702 ms batch [19.081] delay 27.500 ms
INFO: at 965.702 ms fetching 19.081 ms
INFO: at 993.206 ms batch [33.504] delay 27.500 ms
INFO: at 993.206 ms fetching 33.504 ms
INFO: at 1020.711 ms batch [78.830] delay 27.500 ms
INFO: at 1020.711 ms fetching 78.830 ms
INFO: at 1048.214 ms batch [24.860] delay 27.500 ms
INFO: at 1048.214 ms fetching 24.860 ms
INFO: at 1075.719 ms batch [85.119] delay 27.500 ms
INFO: at 1075.719 ms fetching 85.119 ms
INFO: at 1103.222 ms batch [18.000] delay 36.667 ms
INFO: at 1103.222 ms fetching 18.000 ms
INFO: at 1139.894 ms batch [75.928] delay 36.667 ms
INFO: at 1139.894 ms fetching 75.928 ms
INFO: at 1176.565 ms batch [28.590] delay 36.667 ms
INFO: at 1176.565 ms fetching 28.590 ms
INFO: at 1213.238 ms batch [21.454] delay 22.000 ms
INFO: at 1213.238 ms fetching 21.454 ms
INFO: at 1235.241 ms batch [89.709] delay 22.000 ms
INFO: at 1235.241 ms fetching 89.709 ms
INFO: at 1257.244 ms batch [84.643] delay 22.000 ms
INFO: at 1257.244 ms fetching 84.643 ms
INFO: at 1279.249 ms batch [85.376] delay 22.000 ms
INFO: at 1279.249 ms fetching 85.376 ms
INFO: at 1301.253 ms batch [34.874] delay 22.000 ms
INFO: at 1301.253 ms fetching 34.874 ms
INFO: at 1323.256 ms batch [89.208] delay 22.000 ms
INFO: at 1323.256 ms fetching 89.208 ms
INFO: at 1345.259 ms batch [22.421] delay 22.000 ms
INFO: at 1345.259 ms fetching 22.421 ms
INFO: at 1367.263 ms batch [36.228] delay 22.000 ms
INFO: at 1367.263 ms fetching 36.228 ms
INFO: at 1389.267 ms batch [76.421] delay 22.000 ms
INFO: at 1389.267 ms fetching 76.421 ms
INFO: at 1411.271 ms batch [24.502] delay 22.000 ms
INFO: at 1411.271 ms fetching 24.502 ms
INFO: at 1433.274 ms batch [35.528] delay 22.000 ms
INFO: at 1433.274 ms fetching 35.528 ms
INFO: at 1455.292 ms batch [85.983] delay 22.000 ms
INFO: at 1455.292 ms fetching 85.983 ms
INFO: at 1477.310 ms batch [30.601] delay 22.000 ms
INFO: at 1477.310 ms fetching 30.601 ms
INFO: at 1499.314 ms batch [29.412] delay 22.000 ms
INFO: at 1499.314 ms fetching 29.412 ms
INFO: at 1521.318 ms batch [80.486] delay 22.000 ms
INFO: at 1521.318 ms fetching 80.486 ms
INFO: at 1543.322 ms batch [23.143] delay 27.500 ms
INFO: at 1543.322 ms fetching 23.143 ms
INFO: at 1570.827 ms batch [31.637] delay 27.500 ms
INFO: at 1570.827 ms fetching 31.637 ms
INFO: at 1598.330 ms batch [24.672] delay 27.500 ms
INFO: at 1598.330 ms fetching 24.672 ms
INFO: at 1625.834 ms batch [37.456] delay 27.500 ms
INFO: at 1625.834 ms fetching 37.456 ms
INFO: at 1653.337 ms batch [26.315] delay 36.667 ms
INFO: at 1653.337 ms fetching 26.315 ms
INFO: at 1690.009 ms batch [79.554] delay 36.667 ms
INFO: at 1690.009 ms fetching 79.554 ms
INFO: at 1726.680 ms batch [83.004] delay 36.667 ms
INFO: at 1726.680 ms fetching 83.004 ms
INFO: at 1763.351 ms batch [29.061] delay 27.500 ms
INFO: at 1763.351 ms fetching 29.061 ms
INFO: at 1790.855 ms batch [29.642] delay 27.500 ms
INFO: at 1790.855 ms fetching 29.642 ms
INFO: at 1818.360 ms batch [81.974] delay 27.500 ms
INFO: at 1818.360 ms fetching 81.974 ms
INFO: at 1845.864 ms batch [30.484] delay 27.500 ms
INFO: at 1845.864 ms fetching 30.484 ms
INFO: at 1873.377 ms batch [83.634] delay 22.000 ms
INFO: at 1873.377 ms fetching 83.634 ms
INFO: at 1895.381 ms batch [85.741] delay 22.000 ms
INFO: at 1895.381 ms fetching 85.741 ms
INFO: at 1917.385 ms batch [24.332] delay 22.000 ms
INFO: at 1917.385 ms fetching 24.332 ms
INFO: at 1939.388 ms batch [29.273] delay 22.000 ms
INFO: at 1939.388 ms fetching 29.273 ms
INFO: at 1961.391 ms batch [79.921] delay 22.000 ms
INFO: at 1961.391 ms fetching 79.921 ms
INFO: at 1983.395 ms batch [83.752] delay 27.500 ms
INFO: at 1983.395 ms fetching 83.752 ms
INFO: at 2010.900 ms batch [30.223] delay 27.500 ms
INFO: at 2010.900 ms fetching 30.223 ms
INFO: at 2038.403 ms batch [29.986] delay 27.500 ms
INFO: at 2038.403 ms fetching 29.986 ms
INFO: at 2065.908 ms batch [28.953] delay 27.500 ms
INFO: at 2065.908 ms fetching 28.953 ms
INFO: at 2093.411 ms batch [25.123] delay 27.500 ms
INFO: at 2093.411 ms fetching 25.123 ms
INFO: at 2120.917 ms batch [25.277] delay 27.500 ms
INFO: at 2120.917 ms fetching 25.277 ms
INFO: at 2148.421 ms batch [84.331] delay 27.500 ms
INFO: at 2148.421 ms fetching 84.331 ms
INFO: at 2175.926 ms batch [85.255] delay 27.500 ms
INFO: at 2175.926 ms fetching 85.255 ms
INFO: at 2203.430 ms batch [84.522] delay 22.000 ms
INFO: at 2203.430 ms fetching 84.522 ms
INFO: at 2225.433 ms batch [89.452] delay 22.000 ms
INFO: at 2225.433 ms fetching 89.452 ms
INFO: at 2247.439 ms batch [81.859] delay 22.000 ms
INFO: at 2247.439 ms fetching 81.859 ms
INFO: at 2269.443 ms batch [86.096] delay 22.000 ms
INFO: at 2269.443 ms fetching 86.096 ms
INFO: at 2291.447 ms batch [33.736] delay 22.000 ms
INFO: at 2291.447 ms fetching 33.736 ms
INFO: at 2313.451 ms batch [88.110] delay 27.500 ms
INFO: at 2313.451 ms fetching 88.110 ms
INFO: at 2340.955 ms batch [74.708] delay 27.500 ms
INFO: at 2340.955 ms fetching 74.708 ms
INFO: at 2368.460 ms batch [91.232] delay 27.500 ms
INFO: at 2368.460 ms fetching 91.232 ms
INFO: at 2395.965 ms batch [87.936] delay 27.500 ms
INFO: at 2395.965 ms fetching 87.936 ms
INFO: at 2423.469 ms batch [90.022] delay 22.000 ms
INFO: at 2423.469 ms fetching 90.022 ms
INFO: at 2445.486 ms batch [21.749] delay 22.000 ms
INFO: at 2445.486 ms fetching 21.749 ms
INFO: at 2467.490 ms batch [24.153] delay 22.000 ms
INFO: at 2467.490 ms fetching 24.153 ms
INFO: at 2489.494 ms batch [30.849] delay 22.000 ms
INFO: at 2489.494 ms fetching 30.849 ms
INFO: at 2511.497 ms batch [26.914] delay 22.000 ms
INFO: at 2511.497 ms fetching 26.914 ms
INFO: at 2533.501 ms batch [27.159] delay 27.500 ms
INFO: at 2533.501 ms fetching 27.159 ms
INFO: at 2561.005 ms batch [81.096] delay 27.500 ms
INFO: at 2561.005 ms fetching 81.096 ms
INFO: at 2588.509 ms batch [23.957] delay 27.500 ms
INFO: at 2588.509 ms fetching 23.957 ms
INFO: at 2616.014 ms batch [84.195] delay 27.500 ms
INFO: at 2616.014 ms fetching 84.195 ms
INFO: at 2643.517 ms batch [29.868] delay 22.000 ms
INFO: at 2643.517 ms fetching 29.868 ms
INFO: at 2665.521 ms batch [87.756] delay 22.000 ms
INFO: at 2665.521 ms fetching 87.756 ms
INFO: at 2687.524 ms batch [23.788] delay 22.000 ms
INFO: at 2687.524 ms fetching 23.788 ms
INFO: at 2709.526 ms batch [35.856] delay 22.000 ms
INFO: at 2709.526 ms fetching 35.856 ms
INFO: at 2731.530 ms batch [87.271] delay 22.000 ms
INFO: at 2731.530 ms fetching 87.271 ms
INFO: at 2753.534 ms batch [27.535] delay 22.000 ms
INFO: at 2753.534 ms fetching 27.535 ms
INFO: at 2775.552 ms batch [35.186] delay 22.000 ms
INFO: at 2775.552 ms fetching 35.186 ms
INFO: at 2797.555 ms batch [82.109] delay 22.000 ms
INFO: at 2797.555 ms fetching 82.109 ms
INFO: at 2819.559 ms batch [92.966] delay 22.000 ms
INFO: at 2819.559 ms fetching 92.966 ms
INFO: at 2841.563 ms batch [38.270] delay 22.000 ms
INFO: at 2841.563 ms fetching 38.270 ms
INFO: at 2863.567 ms batch [34.638] delay 27.500 ms
INFO: at 2863.567 ms fetching 34.638 ms
INFO: at 2891.073 ms batch [82.228] delay 27.500 ms
INFO: at 2891.073 ms fetching 82.228 ms
INFO: at 2918.577 ms batch [28.831] delay 27.500 ms
INFO: at 2918.577 ms fetching 28.831 ms
INFO: at 2946.081 ms batch [83.389] delay 27.500 ms
INFO: at 2946.081 ms fetching 83.389 ms
INFO: at 2973.584 ms batch [85.860] delay 36.667 ms
INFO: at 2973.584 ms fetching 85.860 ms
INFO: at 3010.257 ms batch [32.790] delay 36.667 ms
INFO: at 3010.257 ms fetching 32.790 ms
INFO: at 3046.929 ms batch [83.866] delay 36.667 ms
INFO: at 3046.929 ms fetching 83.866 ms
INFO: at 3083.602 ms batch [88.524] delay 27.500 ms
INFO: at 3083.602 ms fetching 88.524 ms
INFO: at 3111.105 ms batch [31.259] delay 27.500 ms
INFO: at 3111.105 ms fetching 31.259 ms
INFO: at 3138.610 ms batch [25.460] delay 27.500 ms
INFO: at 3138.610 ms fetching 25.460 ms
INFO: at 3166.113 ms batch [82.373] delay 27.500 ms
INFO: at 3166.113 ms fetching 82.373 ms
INFO: at 3193.617 ms batch [77.165] delay 22.000 ms
INFO: at 3193.617 ms fetching 77.165 ms
INFO: at 3215.621 ms batch [82.498] delay 22.000 ms
INFO: at 3215.621 ms fetching 82.498 ms
INFO: at 3237.624 ms batch [25.011] delay 22.000 ms
INFO: at 3237.624 ms fetching 25.011 ms
INFO: at 3259.628 ms batch [92.309] delay 22.000 ms
INFO: at 3259.628 ms fetching 92.309 ms
INFO: at 3281.631 ms batch [31.804] delay 22.000 ms
INFO: at 3281.631 ms fetching 31.804 ms
INFO: at 3303.635 ms batch [81.484] delay 27.500 ms
INFO: at 3303.635 ms fetching 81.484 ms
INFO: at 3331.140 ms batch [31.400] delay 27.500 ms
INFO: at 3331.140 ms fetching 31.400 ms
INFO: at 3358.643 ms batch [100.000] delay 27.500 ms
INFO: at 3358.643 ms fetching 100.000 ms
INFO: at 3386.147 ms batch [32.118] delay 27.500 ms
INFO: at 3386.147 ms fetching 32.118 ms
INFO: at 3413.650 ms batch [28.367] delay 27.500 ms
INFO: at 3413.650 ms fetching 28.367 ms
INFO: at 3441.155 ms batch [86.397] delay 27.500 ms
INFO: at 3441.155 ms fetching 86.397 ms
INFO: at 3468.662 ms batch [79.734] delay 27.500 ms
INFO: at 3468.662 ms fetching 79.734 ms
INFO: at 3496.167 ms batch [86.800] delay 27.500 ms
INFO: at 3496.167 ms fetching 86.800 ms
INFO: at 3523.670 ms batch [80.784] delay 36.667 ms
INFO: at 3523.670 ms fetching 80.784 ms
INFO: at 3560.341 ms batch [86.546] delay 36.667 ms
INFO: at 3560.341 ms fetching 86.546 ms
INFO: at 3597.013 ms batch [84.883] delay 36.667 ms
INFO: at 3597.013 ms fetching 84.883 ms
INFO: at 3633.685 ms batch [28.255] delay 22.000 ms
INFO: at 3633.685 ms fetching 28.255 ms
INFO: at 3655.690 ms batch [86.659] delay 22.000 ms
INFO: at 3655.690 ms fetching 86.659 ms
INFO: at 3677.693 ms batch [25.612] delay 22.000 ms
INFO: at 3677.693 ms fetching 25.612 ms
INFO: at 3699.697 ms batch [36.729] delay 22.000 ms
INFO: at 3699.697 ms fetching 36.729 ms
INFO: at 3721.701 ms batch [86.248] delay 22.000 ms
INFO: at 3721.701 ms fetching 86.248 ms
INFO: at 3743.705 ms batch [79.377] delay 22.000 ms
INFO: at 3743.705 ms fetching 79.377 ms
INFO: at 3765.709 ms batch [77.741] delay 22.000 ms
INFO: at 3765.709 ms fetching 77.741 ms
INFO: at 3787.713 ms batch [27.909] delay 22.000 ms
INFO: at 3787.713 ms fetching 27.909 ms
INFO: at 3809.717 ms batch [88.343] delay 22.000 ms
INFO: at 3809.717 ms fetching 88.343 ms
INFO: at 3831.721 ms batch [27.049] delay 22.000 ms
INFO: at 3831.721 ms fetching 27.049 ms
INFO: at 3853.725 ms batch [84.083] delay 18.333 ms
INFO: at 3853.725 ms fetching 84.083 ms
INFO: at 3872.062 ms batch [80.655] delay 18.333 ms
INFO: at 3872.062 ms fetching 80.655 ms
INFO: at 3890.398 ms batch [85.012] delay 18.333 ms
INFO: at 3890.398 ms fetching 85.012 ms
INFO: at 3908.734 ms batch [72.177] delay 18.333 ms
INFO: at 3908.734 ms fetching 72.177 ms
INFO: at 3927.071 ms batch [25.776] delay 18.333 ms
INFO: at 3927.071 ms fetching 25.776 ms
INFO: at 3945.408 ms batch [20.483] delay 18.333 ms
INFO: at 3945.408 ms fetching 20.483 ms
INFO: at 3963.743 ms batch [21.011] delay 22.000 ms
INFO: at 3963.743 ms fetching 21.011 ms
INFO: at 3985.747 ms batch [22.652] delay 22.000 ms
INFO: at 3985.747 ms fetching 22.652 ms
INFO: at 4007.751 ms batch [33.295] delay 22.000 ms
INFO: at 4007.751 ms fetching 33.295 ms
INFO: at 4029.753 ms batch [90.343] delay 22.000 ms
INFO: at 4029.753 ms fetching 90.343 ms
INFO: at 4051.758 ms batch [23.603] delay 22.000 ms
INFO: at 4051.758 ms fetching 23.603 ms
INFO: at 4073.762 ms batch [83.116] delay 22.000 ms
INFO: at 4073.762 ms fetching 83.116 ms
INFO: at 4095.765 ms batch [27.407] delay 22.000 ms
INFO: at 4095.765 ms fetching 27.407 ms
INFO: at 4117.768 ms batch [28.706] delay 22.000 ms
INFO: at 4117.768 ms fetching 28.706 ms
INFO: at 4139.772 ms batch [82.616] delay 22.000 ms
INFO: at 4139.772 ms fetching 82.616 ms
INFO: at 4161.775 ms batch [87.417] delay 22.000 ms
INFO: at 4161.775 ms fetching 87.417 ms
INFO: at 4183.779 ms batch [77.936] delay 22.000 ms
INFO: at 4183.779 ms fetching 77.936 ms
INFO: at 4205.783 ms batch [30.355] delay 22.000 ms
INFO: at 4205.783 ms fetching 30.355 ms
INFO: at 4227.787 ms batch [30.732] delay 22.000 ms
INFO: at 4227.787 ms fetching 30.732 ms
INFO: at 4249.790 ms batch [29.765] delay 22.000 ms
INFO: at 4249.790 ms fetching 29.765 ms
INFO: at 4271.793 ms batch [76.824] delay 22.000 ms
INFO: at 4271.793 ms fetching 76.824 ms
INFO: at 4293.796 ms batch [83.971] delay 27.500 ms
INFO: at 4293.796 ms fetching 83.971 ms
INFO: at 4321.301 ms batch [27.287] delay 27.500 ms
INFO: at 4321.301 ms fetching 27.287 ms
INFO: at 4348.805 ms batch [78.187] delay 27.500 ms
INFO: at 4348.805 ms fetching 78.187 ms
INFO: at 4376.311 ms batch [29.543] delay 27.500 ms
INFO: at 4376.311 ms fetching 29.543 ms
INFO: at 4403.814 ms batch [26.459] delay 18.333 ms
INFO: at 4403.814 ms fetching 26.459 ms
INFO: at 4422.151 ms batch [22.900] delay 18.333 ms
INFO: at 4422.151 ms fetching 22.900 ms
INFO: at 4440.488 ms batch [94.238] delay 18.333 ms
INFO: at 4440.488 ms fetching 94.238 ms
INFO: at 4458.824 ms batch [86.956] delay 18.333 ms
INFO: at 4458.824 ms fetching 86.956 ms
INFO: at 4477.161 ms batch [10.000] delay 18.333 ms
INFO: at 4477.161 ms fetching 10.000 ms
INFO: at 4495.498 ms batch [84.768] delay 18.333 ms
INFO: at 4495.498 ms fetching 84.768 ms
INFO: at 4513.835 ms batch [80.939] delay 27.500 ms
INFO: at 4513.835 ms fetching 80.939 ms
INFO: at 4541.340 ms batch [88.738] delay 27.500 ms
INFO: at 4541.340 ms fetching 88.738 ms
INFO: at 4568.843 ms batch [32.443] delay 27.500 ms
INFO: at 4568.843 ms fetching 32.443 ms
INFO: at 4596.348 ms batch [27.790] delay 27.500 ms
INFO: at 4596.348 ms fetching 27.790 ms
INFO: at 4623.851 ms batch [78.632] delay 22.000 ms
INFO: at 4623.851 ms fetching 78.632 ms
INFO: at 4645.854 ms batch [31.107] delay 22.000 ms
INFO: at 4645.854 ms fetching 31.107 ms
INFO: at 4667.857 ms batch [81.746] delay 22.000 ms
INFO: at 4667.857 ms fetching 81.746 ms
INFO: at 4689.860 ms batch [79.036] delay 22.000 ms
INFO: at 4689.860 ms fetching 79.036 ms
INFO: at 4711.864 ms batch [78.375] delay 22.000 ms
INFO: at 4711.864 ms fetching 78.375 ms
INFO: at 4733.867 ms batch [91.701] delay 18.333 ms
INFO: at 4733.867 ms fetching 91.701 ms
INFO: at 4752.204 ms batch [34.171] delay 18.333 ms
INFO: at 4752.204 ms fetching 34.171 ms
INFO: at 4770.541 ms batch [29.176] delay 18.333 ms
INFO: at 4770.541 ms fetching 29.176 ms
INFO: at 4788.877 ms batch [28.135] delay 18.333 ms
INFO: at 4788.877 ms fetching 28.135 ms
INFO: at 4807.214 ms batch [32.278] delay 18.333 ms
INFO: at 4807.214 ms fetching 32.278 ms
INFO: at 4825.551 ms batch [26.179] delay 18.333 ms
INFO: at 4825.551 ms fetching 26.179 ms
INFO: at 4843.886 ms batch [32.605] delay 27.500 ms
INFO: at 4843.886 ms fetching 32.605 ms
INFO: at 4871.392 ms batch [26.049] delay 27.500 ms
INFO: at 4871.392 ms fetching 26.049 ms
INFO: at 4898.895 ms batch [81.369] delay 27.500 ms
INFO: at 4898.895 ms fetching 81.369 ms
INFO: at 4926.419 ms batch [84.432] delay 0.000 ms
INFO: at 4926.419 ms fetching 84.432 ms
INFO: done
22-04-03:17:50:41 INFO     [docker_logging_utils.py:19] [default-cluster] Created logging directory: /home/cc/DynWork/multimodal_dataset/repeat-4/Multimodal/Azure/incoming_rate_36.36/Equal_Std/std_0.5/1.5_x_P99/clipper/logs
22-04-03:17:51:23 INFO     [clipper_admin.py:1424] [default-cluster] Stopped all Clipper cluster and all model containers
