22-04-03:04:40:16 INFO     [docker_container_manager.py:192] [default-cluster] Starting managed Redis instance in Docker
22-04-03:04:40:18 INFO     [docker_container_manager.py:294] [default-cluster] Metric Configuration Saved at /tmp/tmpfbldgz_y.yml
22-04-03:04:40:19 INFO     [clipper_admin.py:162] [default-cluster] Clipper is running
22-04-03:04:40:19 INFO     [clipper_admin.py:236] [default-cluster] Application fake-model was successfully registered
22-04-03:04:40:19 INFO     [deployer_utils.py:41] Saving function to /tmp/tmprdoivu_aclipper
22-04-03:04:40:19 INFO     [deployer_utils.py:51] Serialized and supplied predict function
22-04-03:04:40:19 INFO     [python.py:192] Python closure saved
22-04-03:04:40:19 INFO     [python.py:210] Using Python 3.7 base image
22-04-03:04:40:19 INFO     [clipper_admin.py:534] [default-cluster] Building model Docker image with model data from /tmp/tmprdoivu_aclipper
22-04-03:04:40:19 INFO     [clipper_admin.py:539] [default-cluster] Step 1/2 : FROM clipper/python37-closure-container:develop
22-04-03:04:40:19 INFO     [clipper_admin.py:539] [default-cluster]  ---> 2660542c0759
22-04-03:04:40:19 INFO     [clipper_admin.py:539] [default-cluster] Step 2/2 : COPY /tmp/tmprdoivu_aclipper /model/
22-04-03:04:40:19 INFO     [clipper_admin.py:539] [default-cluster]  ---> 3c1746cd845c
22-04-03:04:40:19 INFO     [clipper_admin.py:539] [default-cluster] Successfully built 3c1746cd845c
22-04-03:04:40:19 INFO     [clipper_admin.py:539] [default-cluster] Successfully tagged default-cluster-fake-model:1
22-04-03:04:40:19 INFO     [clipper_admin.py:541] [default-cluster] Pushing model Docker image to default-cluster-fake-model:1
22-04-03:04:40:20 INFO     [docker_container_manager.py:433] [default-cluster] Found 0 replicas for fake-model:1. Adding 1
22-04-03:04:40:20 INFO     [clipper_admin.py:724] [default-cluster] Successfully registered model fake-model:1
22-04-03:04:40:20 INFO     [clipper_admin.py:642] [default-cluster] Done deploying model fake-model:1.
22-04-03:04:40:20 INFO     [clipper_admin.py:303] [default-cluster] Model fake-model is now linked to application fake-model
INFO: waiting for ready to serve
INFO: waiting for ready to serve
INFO: waiting for ready to serve
INFO: waiting for ready to serve
INFO: ready to go
INFO: rock and roll
INFO: at 7.689 ms batch [46.816] delay 25.882 ms
INFO: at 7.689 ms fetching 46.816 ms
INFO: at 33.576 ms batch [89.548] delay 25.882 ms
INFO: at 33.576 ms fetching 89.548 ms
INFO: at 59.465 ms batch [93.588] delay 25.882 ms
INFO: at 59.465 ms fetching 93.588 ms
INFO: at 85.353 ms batch [43.048] delay 25.882 ms
INFO: at 85.353 ms fetching 43.048 ms
INFO: at 111.239 ms batch [21.422] delay 25.882 ms
INFO: at 111.239 ms fetching 21.422 ms
INFO: at 137.127 ms batch [36.136] delay 25.882 ms
INFO: at 137.127 ms fetching 36.136 ms
INFO: at 163.013 ms batch [21.149] delay 25.882 ms
INFO: at 163.013 ms fetching 21.149 ms
INFO: at 188.902 ms batch [86.539] delay 25.882 ms
INFO: at 188.902 ms fetching 86.539 ms
INFO: at 214.791 ms batch [42.429] delay 25.882 ms
INFO: at 214.791 ms fetching 42.429 ms
INFO: at 240.678 ms batch [45.183] delay 25.882 ms
INFO: at 240.678 ms fetching 45.183 ms
INFO: at 266.567 ms batch [64.880] delay 25.882 ms
INFO: at 266.567 ms fetching 64.880 ms
INFO: at 292.455 ms batch [44.905] delay 25.882 ms
INFO: at 292.455 ms fetching 44.905 ms
INFO: at 318.340 ms batch [91.504] delay 25.882 ms
INFO: at 318.340 ms fetching 91.504 ms
INFO: at 344.228 ms batch [22.887] delay 25.882 ms
INFO: at 344.228 ms fetching 22.887 ms
INFO: at 370.114 ms batch [67.960] delay 25.882 ms
INFO: at 370.114 ms fetching 67.960 ms
INFO: at 396.000 ms batch [41.388] delay 25.882 ms
INFO: at 396.000 ms fetching 41.388 ms
INFO: at 421.886 ms batch [65.438] delay 25.882 ms
INFO: at 421.886 ms fetching 65.438 ms
INFO: at 447.773 ms batch [87.438] delay 23.158 ms
INFO: at 447.773 ms fetching 87.438 ms
INFO: at 470.935 ms batch [67.711] delay 23.158 ms
INFO: at 470.935 ms fetching 67.711 ms
INFO: at 494.096 ms batch [63.190] delay 23.158 ms
INFO: at 494.096 ms fetching 63.190 ms
INFO: at 517.258 ms batch [44.449] delay 23.158 ms
INFO: at 517.258 ms fetching 44.449 ms
INFO: at 540.419 ms batch [41.660] delay 23.158 ms
INFO: at 540.419 ms fetching 41.660 ms
INFO: at 563.581 ms batch [23.599] delay 23.158 ms
INFO: at 563.581 ms fetching 23.599 ms
INFO: at 586.742 ms batch [90.114] delay 23.158 ms
INFO: at 586.742 ms fetching 90.114 ms
INFO: at 609.904 ms batch [44.836] delay 23.158 ms
INFO: at 609.904 ms fetching 44.836 ms
INFO: at 633.065 ms batch [45.150] delay 23.158 ms
INFO: at 633.065 ms fetching 45.150 ms
INFO: at 656.227 ms batch [88.904] delay 23.158 ms
INFO: at 656.227 ms fetching 88.904 ms
INFO: at 679.388 ms batch [22.980] delay 23.158 ms
INFO: at 679.388 ms fetching 22.980 ms
INFO: at 702.549 ms batch [18.617] delay 23.158 ms
INFO: at 702.549 ms fetching 18.617 ms
INFO: at 725.710 ms batch [65.461] delay 23.158 ms
INFO: at 725.710 ms fetching 65.461 ms
INFO: at 748.871 ms batch [68.588] delay 23.158 ms
INFO: at 748.871 ms fetching 68.588 ms
INFO: at 772.050 ms batch [44.027] delay 23.158 ms
INFO: at 772.050 ms fetching 44.027 ms
INFO: at 795.214 ms batch [67.921] delay 23.158 ms
INFO: at 795.214 ms fetching 67.921 ms
INFO: at 818.376 ms batch [62.802] delay 23.158 ms
INFO: at 818.376 ms fetching 62.802 ms
INFO: at 841.538 ms batch [43.727] delay 23.158 ms
INFO: at 841.538 ms fetching 43.727 ms
INFO: at 864.700 ms batch [44.754] delay 23.158 ms
INFO: at 864.700 ms fetching 44.754 ms
INFO: at 887.861 ms batch [90.392] delay 31.429 ms
INFO: at 887.861 ms fetching 90.392 ms
INFO: at 919.307 ms batch [91.021] delay 31.429 ms
INFO: at 919.307 ms fetching 91.021 ms
INFO: at 950.740 ms batch [20.592] delay 31.429 ms
INFO: at 950.740 ms fetching 20.592 ms
INFO: at 982.174 ms batch [15.177] delay 31.429 ms
INFO: at 982.174 ms fetching 15.177 ms
INFO: at 1013.608 ms batch [67.121] delay 31.429 ms
INFO: at 1013.608 ms fetching 67.121 ms
INFO: at 1045.042 ms batch [88.790] delay 31.429 ms
INFO: at 1045.042 ms fetching 88.790 ms
INFO: at 1076.474 ms batch [64.409] delay 31.429 ms
INFO: at 1076.474 ms fetching 64.409 ms
INFO: at 1107.907 ms batch [87.849] delay 31.429 ms
INFO: at 1107.907 ms fetching 87.849 ms
INFO: at 1139.341 ms batch [88.435] delay 31.429 ms
INFO: at 1139.341 ms fetching 88.435 ms
INFO: at 1170.773 ms batch [71.760] delay 31.429 ms
INFO: at 1170.773 ms fetching 71.760 ms
INFO: at 1202.207 ms batch [66.729] delay 31.429 ms
INFO: at 1202.207 ms fetching 66.729 ms
INFO: at 1233.639 ms batch [63.661] delay 31.429 ms
INFO: at 1233.639 ms fetching 63.661 ms
INFO: at 1265.072 ms batch [45.679] delay 31.429 ms
INFO: at 1265.072 ms fetching 45.679 ms
INFO: at 1296.505 ms batch [18.356] delay 31.429 ms
INFO: at 1296.505 ms fetching 18.356 ms
INFO: at 1327.943 ms batch [65.518] delay 25.882 ms
INFO: at 1327.943 ms fetching 65.518 ms
INFO: at 1353.829 ms batch [91.263] delay 25.882 ms
INFO: at 1353.829 ms fetching 91.263 ms
INFO: at 1379.716 ms batch [66.054] delay 25.882 ms
INFO: at 1379.716 ms fetching 66.054 ms
INFO: at 1405.615 ms batch [42.243] delay 25.882 ms
INFO: at 1405.615 ms fetching 42.243 ms
INFO: at 1431.501 ms batch [65.723] delay 25.882 ms
INFO: at 1431.501 ms fetching 65.723 ms
INFO: at 1457.389 ms batch [44.414] delay 25.882 ms
INFO: at 1457.389 ms fetching 44.414 ms
INFO: at 1483.274 ms batch [44.796] delay 25.882 ms
INFO: at 1483.274 ms fetching 44.796 ms
INFO: at 1509.162 ms batch [19.666] delay 25.882 ms
INFO: at 1509.162 ms fetching 19.666 ms
INFO: at 1535.053 ms batch [93.102] delay 25.882 ms
INFO: at 1535.053 ms fetching 93.102 ms
INFO: at 1560.940 ms batch [66.168] delay 25.882 ms
INFO: at 1560.940 ms fetching 66.168 ms
INFO: at 1586.826 ms batch [20.855] delay 25.882 ms
INFO: at 1586.826 ms fetching 20.855 ms
INFO: at 1612.713 ms batch [66.494] delay 25.882 ms
INFO: at 1612.713 ms fetching 66.494 ms
INFO: at 1638.601 ms batch [41.814] delay 25.882 ms
INFO: at 1638.601 ms fetching 41.814 ms
INFO: at 1664.487 ms batch [44.223] delay 25.882 ms
INFO: at 1664.487 ms fetching 44.223 ms
INFO: at 1690.373 ms batch [25.271] delay 25.882 ms
INFO: at 1690.373 ms fetching 25.271 ms
INFO: at 1716.261 ms batch [24.802] delay 25.882 ms
INFO: at 1716.261 ms fetching 24.802 ms
INFO: at 1742.146 ms batch [65.234] delay 25.882 ms
INFO: at 1742.146 ms fetching 65.234 ms
INFO: at 1768.033 ms batch [39.124] delay 27.500 ms
INFO: at 1768.033 ms fetching 39.124 ms
INFO: at 1795.537 ms batch [20.067] delay 27.500 ms
INFO: at 1795.537 ms fetching 20.067 ms
INFO: at 1823.041 ms batch [68.200] delay 27.500 ms
INFO: at 1823.041 ms fetching 68.200 ms
INFO: at 1850.544 ms batch [40.074] delay 27.500 ms
INFO: at 1850.544 ms fetching 40.074 ms
INFO: at 1878.047 ms batch [44.061] delay 27.500 ms
INFO: at 1878.047 ms fetching 44.061 ms
INFO: at 1905.551 ms batch [68.532] delay 27.500 ms
INFO: at 1905.551 ms fetching 68.532 ms
INFO: at 1933.075 ms batch [63.123] delay 27.500 ms
INFO: at 1933.075 ms fetching 63.123 ms
INFO: at 1960.579 ms batch [44.318] delay 27.500 ms
INFO: at 1960.579 ms fetching 44.318 ms
INFO: at 1988.084 ms batch [20.387] delay 27.500 ms
INFO: at 1988.084 ms fetching 20.387 ms
INFO: at 2015.587 ms batch [40.551] delay 27.500 ms
INFO: at 2015.587 ms fetching 40.551 ms
INFO: at 2043.107 ms batch [85.469] delay 27.500 ms
INFO: at 2043.107 ms fetching 85.469 ms
INFO: at 2070.610 ms batch [16.957] delay 27.500 ms
INFO: at 2070.610 ms fetching 16.957 ms
INFO: at 2098.114 ms batch [21.233] delay 27.500 ms
INFO: at 2098.114 ms fetching 21.233 ms
INFO: at 2125.617 ms batch [89.179] delay 27.500 ms
INFO: at 2125.617 ms fetching 89.179 ms
INFO: at 2153.122 ms batch [70.733] delay 27.500 ms
INFO: at 2153.122 ms fetching 70.733 ms
INFO: at 2180.626 ms batch [21.269] delay 27.500 ms
INFO: at 2180.626 ms fetching 21.269 ms
INFO: at 2208.131 ms batch [62.524] delay 27.500 ms
INFO: at 2208.131 ms fetching 62.524 ms
INFO: at 2235.635 ms batch [20.448] delay 27.500 ms
INFO: at 2235.635 ms fetching 20.448 ms
INFO: at 2263.138 ms batch [20.297] delay 27.500 ms
INFO: at 2263.138 ms fetching 20.297 ms
INFO: at 2290.643 ms batch [44.125] delay 27.500 ms
INFO: at 2290.643 ms fetching 44.125 ms
INFO: at 2318.150 ms batch [63.966] delay 27.500 ms
INFO: at 2318.150 ms fetching 63.966 ms
INFO: at 2345.655 ms batch [20.829] delay 27.500 ms
INFO: at 2345.655 ms fetching 20.829 ms
INFO: at 2373.158 ms batch [44.968] delay 27.500 ms
INFO: at 2373.158 ms fetching 44.968 ms
INFO: at 2400.664 ms batch [43.074] delay 27.500 ms
INFO: at 2400.664 ms fetching 43.074 ms
INFO: at 2428.167 ms batch [92.461] delay 27.500 ms
INFO: at 2428.167 ms fetching 92.461 ms
INFO: at 2455.673 ms batch [87.323] delay 27.500 ms
INFO: at 2455.673 ms fetching 87.323 ms
INFO: at 2483.175 ms batch [23.822] delay 27.500 ms
INFO: at 2483.175 ms fetching 23.822 ms
INFO: at 2510.681 ms batch [16.344] delay 27.500 ms
INFO: at 2510.681 ms fetching 16.344 ms
INFO: at 2538.183 ms batch [89.896] delay 27.500 ms
INFO: at 2538.183 ms fetching 89.896 ms
INFO: at 2565.689 ms batch [44.352] delay 27.500 ms
INFO: at 2565.689 ms fetching 44.352 ms
INFO: at 2593.193 ms batch [90.256] delay 27.500 ms
INFO: at 2593.193 ms fetching 90.256 ms
INFO: at 2620.696 ms batch [22.598] delay 27.500 ms
INFO: at 2620.696 ms fetching 22.598 ms
INFO: at 2648.201 ms batch [64.638] delay 27.500 ms
INFO: at 2648.201 ms fetching 64.638 ms
INFO: at 2675.705 ms batch [21.732] delay 27.500 ms
INFO: at 2675.705 ms fetching 21.732 ms
INFO: at 2703.213 ms batch [72.433] delay 27.500 ms
INFO: at 2703.213 ms fetching 72.433 ms
INFO: at 2730.717 ms batch [45.833] delay 27.500 ms
INFO: at 2730.717 ms fetching 45.833 ms
INFO: at 2758.220 ms batch [24.402] delay 27.500 ms
INFO: at 2758.220 ms fetching 24.402 ms
INFO: at 2785.725 ms batch [92.078] delay 27.500 ms
INFO: at 2785.725 ms fetching 92.078 ms
INFO: at 2813.229 ms batch [62.417] delay 27.500 ms
INFO: at 2813.229 ms fetching 62.417 ms
INFO: at 2840.733 ms batch [20.148] delay 27.500 ms
INFO: at 2840.733 ms fetching 20.148 ms
INFO: at 2868.238 ms batch [69.385] delay 27.500 ms
INFO: at 2868.238 ms fetching 69.385 ms
INFO: at 2895.742 ms batch [17.441] delay 27.500 ms
INFO: at 2895.742 ms fetching 17.441 ms
INFO: at 2923.247 ms batch [86.589] delay 27.500 ms
INFO: at 2923.247 ms fetching 86.589 ms
INFO: at 2950.749 ms batch [41.118] delay 27.500 ms
INFO: at 2950.749 ms fetching 41.118 ms
INFO: at 2978.254 ms batch [42.877] delay 27.500 ms
INFO: at 2978.254 ms fetching 42.877 ms
INFO: at 3005.758 ms batch [42.822] delay 27.500 ms
INFO: at 3005.758 ms fetching 42.822 ms
INFO: at 3033.264 ms batch [67.787] delay 27.500 ms
INFO: at 3033.264 ms fetching 67.787 ms
INFO: at 3060.768 ms batch [87.658] delay 27.500 ms
INFO: at 3060.768 ms fetching 87.658 ms
INFO: at 3088.273 ms batch [89.212] delay 29.333 ms
INFO: at 3088.273 ms fetching 89.212 ms
INFO: at 3117.610 ms batch [39.896] delay 29.333 ms
INFO: at 3117.610 ms fetching 39.896 ms
INFO: at 3146.948 ms batch [65.486] delay 29.333 ms
INFO: at 3146.948 ms fetching 65.486 ms
INFO: at 3176.286 ms batch [40.482] delay 29.333 ms
INFO: at 3176.286 ms fetching 40.482 ms
INFO: at 3205.623 ms batch [47.821] delay 29.333 ms
INFO: at 3205.623 ms fetching 47.821 ms
INFO: at 3234.962 ms batch [86.135] delay 29.333 ms
INFO: at 3234.962 ms fetching 86.135 ms
INFO: at 3264.300 ms batch [41.505] delay 29.333 ms
INFO: at 3264.300 ms fetching 41.505 ms
INFO: at 3293.640 ms batch [21.033] delay 29.333 ms
INFO: at 3293.640 ms fetching 21.033 ms
INFO: at 3322.980 ms batch [47.481] delay 29.333 ms
INFO: at 3322.980 ms fetching 47.481 ms
INFO: at 3352.317 ms batch [45.288] delay 29.333 ms
INFO: at 3352.317 ms fetching 45.288 ms
INFO: at 3381.655 ms batch [43.783] delay 29.333 ms
INFO: at 3381.655 ms fetching 43.783 ms
INFO: at 3410.991 ms batch [89.631] delay 29.333 ms
INFO: at 3410.991 ms fetching 89.631 ms
INFO: at 3440.329 ms batch [47.222] delay 29.333 ms
INFO: at 3440.329 ms fetching 47.222 ms
INFO: at 3469.666 ms batch [19.184] delay 29.333 ms
INFO: at 3469.666 ms fetching 19.184 ms
INFO: at 3499.004 ms batch [43.961] delay 29.333 ms
INFO: at 3499.004 ms fetching 43.961 ms
INFO: at 3528.342 ms batch [70.561] delay 29.333 ms
INFO: at 3528.342 ms fetching 70.561 ms
INFO: at 3557.680 ms batch [44.528] delay 29.333 ms
INFO: at 3557.680 ms fetching 44.528 ms
INFO: at 3587.018 ms batch [87.249] delay 29.333 ms
INFO: at 3587.018 ms fetching 87.249 ms
INFO: at 3616.355 ms batch [39.714] delay 29.333 ms
INFO: at 3616.355 ms fetching 39.714 ms
INFO: at 3645.693 ms batch [17.044] delay 29.333 ms
INFO: at 3645.693 ms fetching 17.044 ms
INFO: at 3675.029 ms batch [47.637] delay 29.333 ms
INFO: at 3675.029 ms fetching 47.637 ms
INFO: at 3704.367 ms batch [66.672] delay 29.333 ms
INFO: at 3704.367 ms fetching 66.672 ms
INFO: at 3733.705 ms batch [42.497] delay 29.333 ms
INFO: at 3733.705 ms fetching 42.497 ms
INFO: at 3763.044 ms batch [87.575] delay 29.333 ms
INFO: at 3763.044 ms fetching 87.575 ms
INFO: at 3792.381 ms batch [88.121] delay 29.333 ms
INFO: at 3792.381 ms fetching 88.121 ms
INFO: at 3821.719 ms batch [68.162] delay 29.333 ms
INFO: at 3821.719 ms fetching 68.162 ms
INFO: at 3851.057 ms batch [41.462] delay 29.333 ms
INFO: at 3851.057 ms fetching 41.462 ms
INFO: at 3880.394 ms batch [88.849] delay 29.333 ms
INFO: at 3880.394 ms fetching 88.849 ms
INFO: at 3909.732 ms batch [20.770] delay 29.333 ms
INFO: at 3909.732 ms fetching 20.770 ms
INFO: at 3939.069 ms batch [90.864] delay 29.333 ms
INFO: at 3939.069 ms fetching 90.864 ms
INFO: at 3968.407 ms batch [68.342] delay 31.429 ms
INFO: at 3968.407 ms fetching 68.342 ms
INFO: at 3999.840 ms batch [61.164] delay 31.429 ms
INFO: at 3999.840 ms fetching 61.164 ms
INFO: at 4031.274 ms batch [42.026] delay 31.429 ms
INFO: at 4031.274 ms fetching 42.026 ms
INFO: at 4062.707 ms batch [91.569] delay 31.429 ms
INFO: at 4062.707 ms fetching 91.569 ms
INFO: at 4094.140 ms batch [65.637] delay 31.429 ms
INFO: at 4094.140 ms fetching 65.637 ms
INFO: at 4125.579 ms batch [23.674] delay 31.429 ms
INFO: at 4125.579 ms fetching 23.674 ms
INFO: at 4157.012 ms batch [19.380] delay 31.429 ms
INFO: at 4157.012 ms fetching 19.380 ms
INFO: at 4188.445 ms batch [70.413] delay 31.429 ms
INFO: at 4188.445 ms fetching 70.413 ms
INFO: at 4219.877 ms batch [63.386] delay 31.429 ms
INFO: at 4219.877 ms fetching 63.386 ms
INFO: at 4251.311 ms batch [85.920] delay 31.429 ms
INFO: at 4251.311 ms fetching 85.920 ms
INFO: at 4282.744 ms batch [86.972] delay 31.429 ms
INFO: at 4282.744 ms fetching 86.972 ms
INFO: at 4314.177 ms batch [67.648] delay 31.429 ms
INFO: at 4314.177 ms fetching 67.648 ms
INFO: at 4345.610 ms batch [18.036] delay 31.429 ms
INFO: at 4345.610 ms fetching 18.036 ms
INFO: at 4377.042 ms batch [91.717] delay 31.429 ms
INFO: at 4377.042 ms fetching 91.717 ms
INFO: at 4408.476 ms batch [89.716] delay 44.000 ms
INFO: at 4408.476 ms fetching 89.716 ms
INFO: at 4452.481 ms batch [41.587] delay 44.000 ms
INFO: at 4452.481 ms fetching 41.587 ms
INFO: at 4496.485 ms batch [42.126] delay 44.000 ms
INFO: at 4496.485 ms fetching 42.126 ms
INFO: at 4540.491 ms batch [66.945] delay 44.000 ms
INFO: at 4540.491 ms fetching 66.945 ms
INFO: at 4584.495 ms batch [16.853] delay 44.000 ms
INFO: at 4584.495 ms fetching 16.853 ms
INFO: at 4628.500 ms batch [62.698] delay 44.000 ms
INFO: at 4628.500 ms fetching 62.698 ms
INFO: at 4672.506 ms batch [20.652] delay 44.000 ms
INFO: at 4672.506 ms fetching 20.652 ms
INFO: at 4716.511 ms batch [22.087] delay 44.000 ms
INFO: at 4716.511 ms fetching 22.087 ms
INFO: at 4760.516 ms batch [15.523] delay 44.000 ms
INFO: at 4760.516 ms fetching 15.523 ms
INFO: at 4804.522 ms batch [43.538] delay 44.000 ms
INFO: at 4804.522 ms fetching 43.538 ms
INFO: at 4848.526 ms batch [20.888] delay 25.882 ms
INFO: at 4848.526 ms fetching 20.888 ms
INFO: at 4874.412 ms batch [23.035] delay 25.882 ms
INFO: at 4874.412 ms fetching 23.035 ms
INFO: at 4900.300 ms batch [64.943] delay 25.882 ms
INFO: at 4900.300 ms fetching 64.943 ms
INFO: at 4926.185 ms batch [49.983] delay 25.882 ms
INFO: at 4926.185 ms fetching 49.983 ms
INFO: at 4952.072 ms batch [46.427] delay 25.882 ms
INFO: at 4952.072 ms fetching 46.427 ms
INFO: at 4977.960 ms batch [63.507] delay 25.882 ms
INFO: at 4977.960 ms fetching 63.507 ms
INFO: at 5003.846 ms batch [45.410] delay 25.882 ms
INFO: at 5003.846 ms fetching 45.410 ms
INFO: at 5029.732 ms batch [18.890] delay 25.882 ms
INFO: at 5029.732 ms fetching 18.890 ms
INFO: at 5055.618 ms batch [42.370] delay 25.882 ms
INFO: at 5055.618 ms fetching 42.370 ms
INFO: at 5081.503 ms batch [65.697] delay 25.882 ms
INFO: at 5081.503 ms fetching 65.697 ms
INFO: at 5107.389 ms batch [41.775] delay 25.882 ms
INFO: at 5107.389 ms fetching 41.775 ms
INFO: at 5133.274 ms batch [62.891] delay 25.882 ms
INFO: at 5133.274 ms fetching 62.891 ms
INFO: at 5159.160 ms batch [67.420] delay 25.882 ms
INFO: at 5159.160 ms fetching 67.420 ms
INFO: at 5185.046 ms batch [43.167] delay 25.882 ms
INFO: at 5185.046 ms fetching 43.167 ms
INFO: at 5210.932 ms batch [21.003] delay 25.882 ms
INFO: at 5210.932 ms fetching 21.003 ms
INFO: at 5236.819 ms batch [62.975] delay 25.882 ms
INFO: at 5236.819 ms fetching 62.975 ms
INFO: at 5262.705 ms batch [70.971] delay 25.882 ms
INFO: at 5262.705 ms fetching 70.971 ms
INFO: at 5288.590 ms batch [22.196] delay 24.444 ms
INFO: at 5288.590 ms fetching 22.196 ms
INFO: at 5313.037 ms batch [23.525] delay 24.444 ms
INFO: at 5313.037 ms fetching 23.525 ms
INFO: at 5337.484 ms batch [64.285] delay 24.444 ms
INFO: at 5337.484 ms fetching 64.285 ms
INFO: at 5361.932 ms batch [66.789] delay 24.444 ms
INFO: at 5361.932 ms fetching 66.789 ms
INFO: at 5386.379 ms batch [20.676] delay 24.444 ms
INFO: at 5386.379 ms fetching 20.676 ms
INFO: at 5410.827 ms batch [20.414] delay 24.444 ms
INFO: at 5410.827 ms fetching 20.414 ms
INFO: at 5435.275 ms batch [18.531] delay 24.444 ms
INFO: at 5435.275 ms fetching 18.531 ms
INFO: at 5459.723 ms batch [67.173] delay 24.444 ms
INFO: at 5459.723 ms fetching 67.173 ms
INFO: at 5484.171 ms batch [88.216] delay 24.444 ms
INFO: at 5484.171 ms fetching 88.216 ms
INFO: at 5508.619 ms batch [88.879] delay 24.444 ms
INFO: at 5508.619 ms fetching 88.879 ms
INFO: at 5533.066 ms batch [88.958] delay 24.444 ms
INFO: at 5533.066 ms fetching 88.958 ms
INFO: at 5557.515 ms batch [64.151] delay 24.444 ms
INFO: at 5557.515 ms fetching 64.151 ms
INFO: at 5581.962 ms batch [86.070] delay 24.444 ms
INFO: at 5581.962 ms fetching 86.070 ms
INFO: at 5606.409 ms batch [86.923] delay 24.444 ms
INFO: at 5606.409 ms fetching 86.923 ms
INFO: at 5630.857 ms batch [45.730] delay 24.444 ms
INFO: at 5630.857 ms fetching 45.730 ms
INFO: at 5655.305 ms batch [100.000] delay 24.444 ms
INFO: at 5655.305 ms fetching 100.000 ms
INFO: at 5679.753 ms batch [87.402] delay 24.444 ms
INFO: at 5679.753 ms fetching 87.402 ms
INFO: at 5704.201 ms batch [90.083] delay 24.444 ms
INFO: at 5704.201 ms fetching 90.083 ms
INFO: at 5728.649 ms batch [22.830] delay 25.882 ms
INFO: at 5728.649 ms fetching 22.830 ms
INFO: at 5754.535 ms batch [44.092] delay 25.882 ms
INFO: at 5754.535 ms fetching 44.092 ms
INFO: at 5780.422 ms batch [86.375] delay 25.882 ms
INFO: at 5780.422 ms fetching 86.375 ms
INFO: at 5806.309 ms batch [91.957] delay 25.882 ms
INFO: at 5806.309 ms fetching 91.957 ms
INFO: at 5832.195 ms batch [22.555] delay 25.882 ms
INFO: at 5832.195 ms fetching 22.555 ms
INFO: at 5858.082 ms batch [63.921] delay 25.882 ms
INFO: at 5858.082 ms fetching 63.921 ms
INFO: at 5883.967 ms batch [88.930] delay 25.882 ms
INFO: at 5883.967 ms fetching 88.930 ms
INFO: at 5909.854 ms batch [61.857] delay 25.882 ms
INFO: at 5909.854 ms fetching 61.857 ms
INFO: at 5935.740 ms batch [87.474] delay 25.882 ms
INFO: at 5935.740 ms fetching 87.474 ms
INFO: at 5961.626 ms batch [88.347] delay 25.882 ms
INFO: at 5961.626 ms fetching 88.347 ms
INFO: at 5987.513 ms batch [65.137] delay 25.882 ms
INFO: at 5987.513 ms fetching 65.137 ms
INFO: at 6013.403 ms batch [89.604] delay 25.882 ms
INFO: at 6013.403 ms fetching 89.604 ms
INFO: at 6039.289 ms batch [89.239] delay 25.882 ms
INFO: at 6039.289 ms fetching 89.239 ms
INFO: at 6065.176 ms batch [62.300] delay 25.882 ms
INFO: at 6065.176 ms fetching 62.300 ms
INFO: at 6091.062 ms batch [91.216] delay 25.882 ms
INFO: at 6091.062 ms fetching 91.216 ms
INFO: at 6116.947 ms batch [89.742] delay 25.882 ms
INFO: at 6116.947 ms fetching 89.742 ms
INFO: at 6142.834 ms batch [64.057] delay 25.882 ms
INFO: at 6142.834 ms fetching 64.057 ms
INFO: at 6168.720 ms batch [90.189] delay 27.500 ms
INFO: at 6168.720 ms fetching 90.189 ms
INFO: at 6196.224 ms batch [48.254] delay 27.500 ms
INFO: at 6196.224 ms fetching 48.254 ms
INFO: at 6223.729 ms batch [40.606] delay 27.500 ms
INFO: at 6223.729 ms fetching 40.606 ms
INFO: at 6251.233 ms batch [20.738] delay 27.500 ms
INFO: at 6251.233 ms fetching 20.738 ms
INFO: at 6278.739 ms batch [46.651] delay 27.500 ms
INFO: at 6278.739 ms fetching 46.651 ms
INFO: at 6306.244 ms batch [84.849] delay 27.500 ms
INFO: at 6306.244 ms fetching 84.849 ms
INFO: at 6333.748 ms batch [87.008] delay 27.500 ms
INFO: at 6333.748 ms fetching 87.008 ms
INFO: at 6361.253 ms batch [65.938] delay 27.500 ms
INFO: at 6361.253 ms fetching 65.938 ms
INFO: at 6388.757 ms batch [88.057] delay 27.500 ms
INFO: at 6388.757 ms fetching 88.057 ms
INFO: at 6416.260 ms batch [19.078] delay 27.500 ms
INFO: at 6416.260 ms fetching 19.078 ms
INFO: at 6443.764 ms batch [22.471] delay 27.500 ms
INFO: at 6443.764 ms fetching 22.471 ms
INFO: at 6471.266 ms batch [42.463] delay 27.500 ms
INFO: at 6471.266 ms fetching 42.463 ms
INFO: at 6498.771 ms batch [17.302] delay 27.500 ms
INFO: at 6498.771 ms fetching 17.302 ms
INFO: at 6526.275 ms batch [65.549] delay 27.500 ms
INFO: at 6526.275 ms fetching 65.549 ms
INFO: at 6553.778 ms batch [92.149] delay 27.500 ms
INFO: at 6553.778 ms fetching 92.149 ms
INFO: at 6581.282 ms batch [24.276] delay 27.500 ms
INFO: at 6581.282 ms fetching 24.276 ms
INFO: at 6608.786 ms batch [89.770] delay 36.667 ms
INFO: at 6608.786 ms fetching 89.770 ms
INFO: at 6645.456 ms batch [19.820] delay 36.667 ms
INFO: at 6645.456 ms fetching 19.820 ms
INFO: at 6682.127 ms batch [67.851] delay 36.667 ms
INFO: at 6682.127 ms fetching 67.851 ms
INFO: at 6718.797 ms batch [66.913] delay 36.667 ms
INFO: at 6718.797 ms fetching 66.913 ms
INFO: at 6755.469 ms batch [88.984] delay 36.667 ms
INFO: at 6755.469 ms fetching 88.984 ms
INFO: at 6792.139 ms batch [17.805] delay 36.667 ms
INFO: at 6792.139 ms fetching 17.805 ms
INFO: at 6828.810 ms batch [85.753] delay 36.667 ms
INFO: at 6828.810 ms fetching 85.753 ms
INFO: at 6865.481 ms batch [44.652] delay 36.667 ms
INFO: at 6865.481 ms fetching 44.652 ms
INFO: at 6902.153 ms batch [63.868] delay 36.667 ms
INFO: at 6902.153 ms fetching 63.868 ms
INFO: at 6938.824 ms batch [18.778] delay 36.667 ms
INFO: at 6938.824 ms fetching 18.778 ms
INFO: at 6975.495 ms batch [65.404] delay 36.667 ms
INFO: at 6975.495 ms fetching 65.404 ms
INFO: at 7012.167 ms batch [67.579] delay 36.667 ms
INFO: at 7012.167 ms fetching 67.579 ms
INFO: at 7048.838 ms batch [68.037] delay 29.333 ms
INFO: at 7048.838 ms fetching 68.037 ms
INFO: at 7078.176 ms batch [89.833] delay 29.333 ms
INFO: at 7078.176 ms fetching 89.833 ms
INFO: at 7107.514 ms batch [42.960] delay 29.333 ms
INFO: at 7107.514 ms fetching 42.960 ms
INFO: at 7136.851 ms batch [19.110] delay 29.333 ms
INFO: at 7136.851 ms fetching 19.110 ms
INFO: at 7166.188 ms batch [21.872] delay 29.333 ms
INFO: at 7166.188 ms fetching 21.872 ms
INFO: at 7195.527 ms batch [19.322] delay 29.333 ms
INFO: at 7195.527 ms fetching 19.322 ms
INFO: at 7224.864 ms batch [89.101] delay 29.333 ms
INFO: at 7224.864 ms fetching 89.101 ms
INFO: at 7254.202 ms batch [68.853] delay 29.333 ms
INFO: at 7254.202 ms fetching 68.853 ms
INFO: at 7283.539 ms batch [42.338] delay 29.333 ms
INFO: at 7283.539 ms fetching 42.338 ms
INFO: at 7312.876 ms batch [19.697] delay 29.333 ms
INFO: at 7312.876 ms fetching 19.697 ms
INFO: at 7342.214 ms batch [21.120] delay 29.333 ms
INFO: at 7342.214 ms fetching 21.120 ms
INFO: at 7371.551 ms batch [89.458] delay 29.333 ms
INFO: at 7371.551 ms fetching 89.458 ms
INFO: at 7400.888 ms batch [43.455] delay 29.333 ms
INFO: at 7400.888 ms fetching 43.455 ms
INFO: at 7430.225 ms batch [20.801] delay 29.333 ms
INFO: at 7430.225 ms fetching 20.801 ms
INFO: at 7459.563 ms batch [89.300] delay 29.333 ms
INFO: at 7459.563 ms fetching 89.300 ms
INFO: at 7488.901 ms batch [90.792] delay 23.158 ms
INFO: at 7488.901 ms fetching 90.792 ms
INFO: at 7512.063 ms batch [93.405] delay 23.158 ms
INFO: at 7512.063 ms fetching 93.405 ms
INFO: at 7535.224 ms batch [38.137] delay 23.158 ms
INFO: at 7535.224 ms fetching 38.137 ms
INFO: at 7558.385 ms batch [86.640] delay 23.158 ms
INFO: at 7558.385 ms fetching 86.640 ms
INFO: at 7581.547 ms batch [91.102] delay 23.158 ms
INFO: at 7581.547 ms fetching 91.102 ms
INFO: at 7604.708 ms batch [16.184] delay 23.158 ms
INFO: at 7604.708 ms fetching 16.184 ms
INFO: at 7627.869 ms batch [42.929] delay 23.158 ms
INFO: at 7627.869 ms fetching 42.929 ms
INFO: at 7651.034 ms batch [26.494] delay 23.158 ms
INFO: at 7651.034 ms fetching 26.494 ms
INFO: at 7674.196 ms batch [92.305] delay 23.158 ms
INFO: at 7674.196 ms fetching 92.305 ms
INFO: at 7697.356 ms batch [18.926] delay 23.158 ms
INFO: at 7697.356 ms fetching 18.926 ms
INFO: at 7720.518 ms batch [20.237] delay 23.158 ms
INFO: at 7720.518 ms fetching 20.237 ms
INFO: at 7743.683 ms batch [64.013] delay 23.158 ms
INFO: at 7743.683 ms fetching 64.013 ms
INFO: at 7766.844 ms batch [18.178] delay 23.158 ms
INFO: at 7766.844 ms fetching 18.178 ms
INFO: at 7790.006 ms batch [88.667] delay 23.158 ms
INFO: at 7790.006 ms fetching 88.667 ms
INFO: at 7813.171 ms batch [17.988] delay 23.158 ms
INFO: at 7813.171 ms fetching 17.988 ms
INFO: at 7836.333 ms batch [88.606] delay 23.158 ms
INFO: at 7836.333 ms fetching 88.606 ms
INFO: at 7859.494 ms batch [21.458] delay 23.158 ms
INFO: at 7859.494 ms fetching 21.458 ms
INFO: at 7882.655 ms batch [18.575] delay 23.158 ms
INFO: at 7882.655 ms fetching 18.575 ms
INFO: at 7905.817 ms batch [43.314] delay 23.158 ms
INFO: at 7905.817 ms fetching 43.314 ms
INFO: at 7928.979 ms batch [41.299] delay 31.429 ms
INFO: at 7928.979 ms fetching 41.299 ms
INFO: at 7960.412 ms batch [62.608] delay 31.429 ms
INFO: at 7960.412 ms fetching 62.608 ms
INFO: at 7991.845 ms batch [67.267] delay 31.429 ms
INFO: at 7991.845 ms fetching 67.267 ms
INFO: at 8023.279 ms batch [69.910] delay 31.429 ms
INFO: at 8023.279 ms fetching 69.910 ms
INFO: at 8054.712 ms batch [43.369] delay 31.429 ms
INFO: at 8054.712 ms fetching 43.369 ms
INFO: at 8086.145 ms batch [91.622] delay 31.429 ms
INFO: at 8086.145 ms fetching 91.622 ms
INFO: at 8117.578 ms batch [71.302] delay 31.429 ms
INFO: at 8117.578 ms fetching 71.302 ms
INFO: at 8149.011 ms batch [43.809] delay 31.429 ms
INFO: at 8149.011 ms fetching 43.809 ms
INFO: at 8180.444 ms batch [86.886] delay 31.429 ms
INFO: at 8180.444 ms fetching 86.886 ms
INFO: at 8211.878 ms batch [20.037] delay 31.429 ms
INFO: at 8211.878 ms fetching 20.037 ms
INFO: at 8243.311 ms batch [89.072] delay 31.429 ms
INFO: at 8243.311 ms fetching 89.072 ms
INFO: at 8274.743 ms batch [42.215] delay 31.429 ms
INFO: at 8274.743 ms fetching 42.215 ms
INFO: at 8306.176 ms batch [93.986] delay 31.429 ms
INFO: at 8306.176 ms fetching 93.986 ms
INFO: at 8337.609 ms batch [65.107] delay 31.429 ms
INFO: at 8337.609 ms fetching 65.107 ms
INFO: at 8369.041 ms batch [22.934] delay 33.846 ms
INFO: at 8369.041 ms fetching 22.934 ms
INFO: at 8402.891 ms batch [91.821] delay 33.846 ms
INFO: at 8402.891 ms fetching 91.821 ms
INFO: at 8436.742 ms batch [41.252] delay 33.846 ms
INFO: at 8436.742 ms fetching 41.252 ms
INFO: at 8470.591 ms batch [43.134] delay 33.846 ms
INFO: at 8470.591 ms fetching 43.134 ms
INFO: at 8504.441 ms batch [20.268] delay 33.846 ms
INFO: at 8504.441 ms fetching 20.268 ms
INFO: at 8538.292 ms batch [38.958] delay 33.846 ms
INFO: at 8538.292 ms fetching 38.958 ms
INFO: at 8572.143 ms batch [92.661] delay 33.846 ms
INFO: at 8572.143 ms fetching 92.661 ms
INFO: at 8605.993 ms batch [65.260] delay 33.846 ms
INFO: at 8605.993 ms fetching 65.260 ms
INFO: at 8639.845 ms batch [65.996] delay 33.846 ms
INFO: at 8639.845 ms fetching 65.996 ms
INFO: at 8673.696 ms batch [87.367] delay 33.846 ms
INFO: at 8673.696 ms fetching 87.367 ms
INFO: at 8707.545 ms batch [21.628] delay 33.846 ms
INFO: at 8707.545 ms fetching 21.628 ms
INFO: at 8741.395 ms batch [90.020] delay 33.846 ms
INFO: at 8741.395 ms fetching 90.020 ms
INFO: at 8775.248 ms batch [63.611] delay 33.846 ms
INFO: at 8775.248 ms fetching 63.611 ms
INFO: at 8809.098 ms batch [65.907] delay 25.882 ms
INFO: at 8809.098 ms fetching 65.907 ms
INFO: at 8834.983 ms batch [66.548] delay 25.882 ms
INFO: at 8834.983 ms fetching 66.548 ms
INFO: at 8860.871 ms batch [67.098] delay 25.882 ms
INFO: at 8860.871 ms fetching 67.098 ms
INFO: at 8886.756 ms batch [16.746] delay 25.882 ms
INFO: at 8886.756 ms fetching 16.746 ms
INFO: at 8912.644 ms batch [66.436] delay 25.882 ms
INFO: at 8912.644 ms fetching 66.436 ms
INFO: at 8938.531 ms batch [18.088] delay 25.882 ms
INFO: at 8938.531 ms fetching 18.088 ms
INFO: at 8964.417 ms batch [63.447] delay 25.882 ms
INFO: at 8964.417 ms fetching 63.447 ms
INFO: at 8990.304 ms batch [42.591] delay 25.882 ms
INFO: at 8990.304 ms fetching 42.591 ms
INFO: at 9016.189 ms batch [20.527] delay 25.882 ms
INFO: at 9016.189 ms fetching 20.527 ms
INFO: at 9042.077 ms batch [45.327] delay 25.882 ms
INFO: at 9042.077 ms fetching 45.327 ms
INFO: at 9067.962 ms batch [43.679] delay 25.882 ms
INFO: at 9067.962 ms fetching 43.679 ms
INFO: at 9093.848 ms batch [15.771] delay 25.882 ms
INFO: at 9093.848 ms fetching 15.771 ms
INFO: at 9119.735 ms batch [89.865] delay 25.882 ms
INFO: at 9119.735 ms fetching 89.865 ms
INFO: at 9145.621 ms batch [67.480] delay 25.882 ms
INFO: at 9145.621 ms fetching 67.480 ms
INFO: at 9171.509 ms batch [93.754] delay 25.882 ms
INFO: at 9171.509 ms fetching 93.754 ms
INFO: at 9197.398 ms batch [65.345] delay 25.882 ms
INFO: at 9197.398 ms fetching 65.345 ms
INFO: at 9223.285 ms batch [67.300] delay 25.882 ms
INFO: at 9223.285 ms fetching 67.300 ms
INFO: at 9249.172 ms batch [68.707] delay 33.846 ms
INFO: at 9249.172 ms fetching 68.707 ms
INFO: at 9283.023 ms batch [18.447] delay 33.846 ms
INFO: at 9283.023 ms fetching 18.447 ms
INFO: at 9316.874 ms batch [90.634] delay 33.846 ms
INFO: at 9316.874 ms fetching 90.634 ms
INFO: at 9350.723 ms batch [86.197] delay 33.846 ms
INFO: at 9350.723 ms fetching 86.197 ms
INFO: at 9384.573 ms batch [88.406] delay 33.846 ms
INFO: at 9384.573 ms fetching 88.406 ms
INFO: at 9418.426 ms batch [64.671] delay 33.846 ms
INFO: at 9418.426 ms fetching 64.671 ms
INFO: at 9452.277 ms batch [25.034] delay 33.846 ms
INFO: at 9452.277 ms fetching 25.034 ms
INFO: at 9486.128 ms batch [66.884] delay 33.846 ms
INFO: at 9486.128 ms fetching 66.884 ms
INFO: at 9519.979 ms batch [49.011] delay 33.846 ms
INFO: at 9519.979 ms fetching 49.011 ms
INFO: at 9553.829 ms batch [46.905] delay 33.846 ms
INFO: at 9553.829 ms fetching 46.905 ms
INFO: at 9587.678 ms batch [40.365] delay 33.846 ms
INFO: at 9587.678 ms fetching 40.365 ms
INFO: at 9621.529 ms batch [67.035] delay 33.846 ms
INFO: at 9621.529 ms fetching 67.035 ms
INFO: at 9655.380 ms batch [90.054] delay 33.846 ms
INFO: at 9655.380 ms fetching 90.054 ms
INFO: at 9689.231 ms batch [43.626] delay 24.444 ms
INFO: at 9689.231 ms fetching 43.626 ms
INFO: at 9713.683 ms batch [19.350] delay 24.444 ms
INFO: at 9713.683 ms fetching 19.350 ms
INFO: at 9738.131 ms batch [21.913] delay 24.444 ms
INFO: at 9738.131 ms fetching 21.913 ms
INFO: at 9762.578 ms batch [20.126] delay 24.444 ms
INFO: at 9762.578 ms fetching 20.126 ms
INFO: at 9787.026 ms batch [46.245] delay 24.444 ms
INFO: at 9787.026 ms fetching 46.245 ms
INFO: at 9811.476 ms batch [18.130] delay 24.444 ms
INFO: at 9811.476 ms fetching 18.130 ms
INFO: at 9835.924 ms batch [22.126] delay 24.444 ms
INFO: at 9835.924 ms fetching 22.126 ms
INFO: at 9860.372 ms batch [17.695] delay 24.444 ms
INFO: at 9860.372 ms fetching 17.695 ms
INFO: at 9884.820 ms batch [64.777] delay 24.444 ms
INFO: at 9884.820 ms fetching 64.777 ms
INFO: at 9909.269 ms batch [92.016] delay 24.444 ms
INFO: at 9909.269 ms fetching 92.016 ms
INFO: at 9933.718 ms batch [19.945] delay 24.444 ms
INFO: at 9933.718 ms fetching 19.945 ms
INFO: at 9958.166 ms batch [45.781] delay 24.444 ms
INFO: at 9958.166 ms fetching 45.781 ms
INFO: at 9982.614 ms batch [22.269] delay 24.444 ms
INFO: at 9982.614 ms fetching 22.269 ms
INFO: at 10007.063 ms batch [91.316] delay 24.444 ms
INFO: at 10007.063 ms fetching 91.316 ms
INFO: at 10031.511 ms batch [65.289] delay 24.444 ms
INFO: at 10031.511 ms fetching 65.289 ms
INFO: at 10055.959 ms batch [89.928] delay 24.444 ms
INFO: at 10055.959 ms fetching 89.928 ms
INFO: at 10080.407 ms batch [67.358] delay 24.444 ms
INFO: at 10080.407 ms fetching 67.358 ms
INFO: at 10104.854 ms batch [24.647] delay 24.444 ms
INFO: at 10104.854 ms fetching 24.647 ms
INFO: at 10129.303 ms batch [19.879] delay 29.333 ms
INFO: at 10129.303 ms fetching 19.879 ms
INFO: at 10158.639 ms batch [44.383] delay 29.333 ms
INFO: at 10158.639 ms fetching 44.383 ms
INFO: at 10187.977 ms batch [42.155] delay 29.333 ms
INFO: at 10187.977 ms fetching 42.155 ms
INFO: at 10217.315 ms batch [24.175] delay 29.333 ms
INFO: at 10217.315 ms fetching 24.175 ms
INFO: at 10246.652 ms batch [46.738] delay 29.333 ms
INFO: at 10246.652 ms fetching 46.738 ms
INFO: at 10275.990 ms batch [84.261] delay 29.333 ms
INFO: at 10275.990 ms fetching 84.261 ms
INFO: at 10305.328 ms batch [68.436] delay 29.333 ms
INFO: at 10305.328 ms fetching 68.436 ms
INFO: at 10334.664 ms batch [41.957] delay 29.333 ms
INFO: at 10334.664 ms fetching 41.957 ms
INFO: at 10364.003 ms batch [90.458] delay 29.333 ms
INFO: at 10364.003 ms fetching 90.458 ms
INFO: at 10393.341 ms batch [44.490] delay 29.333 ms
INFO: at 10393.341 ms fetching 44.490 ms
INFO: at 10422.679 ms batch [39.282] delay 29.333 ms
INFO: at 10422.679 ms fetching 39.282 ms
INFO: at 10452.019 ms batch [88.725] delay 29.333 ms
INFO: at 10452.019 ms fetching 88.725 ms
INFO: at 10481.357 ms batch [19.637] delay 29.333 ms
INFO: at 10481.357 ms fetching 19.637 ms
INFO: at 10510.695 ms batch [19.760] delay 29.333 ms
INFO: at 10510.695 ms fetching 19.760 ms
INFO: at 10540.033 ms batch [86.689] delay 29.333 ms
INFO: at 10540.033 ms fetching 86.689 ms
INFO: at 10569.370 ms batch [66.399] delay 23.158 ms
INFO: at 10569.370 ms fetching 66.399 ms
INFO: at 10592.531 ms batch [85.369] delay 23.158 ms
INFO: at 10592.531 ms fetching 85.369 ms
INFO: at 10615.695 ms batch [45.215] delay 23.158 ms
INFO: at 10615.695 ms fetching 45.215 ms
INFO: at 10638.856 ms batch [91.407] delay 23.158 ms
INFO: at 10638.856 ms fetching 91.407 ms
INFO: at 10662.018 ms batch [21.390] delay 23.158 ms
INFO: at 10662.018 ms fetching 21.390 ms
INFO: at 10685.180 ms batch [66.196] delay 23.158 ms
INFO: at 10685.180 ms fetching 66.196 ms
INFO: at 10708.341 ms batch [43.993] delay 23.158 ms
INFO: at 10708.341 ms fetching 43.993 ms
INFO: at 10731.503 ms batch [66.368] delay 23.158 ms
INFO: at 10731.503 ms fetching 66.368 ms
INFO: at 10754.664 ms batch [88.186] delay 23.158 ms
INFO: at 10754.664 ms fetching 88.186 ms
INFO: at 10777.826 ms batch [47.004] delay 23.158 ms
INFO: at 10777.826 ms fetching 47.004 ms
INFO: at 10800.988 ms batch [40.915] delay 23.158 ms
INFO: at 10800.988 ms fetching 40.915 ms
INFO: at 10824.149 ms batch [66.977] delay 23.158 ms
INFO: at 10824.149 ms fetching 66.977 ms
INFO: at 10847.311 ms batch [39.993] delay 23.158 ms
INFO: at 10847.311 ms fetching 39.993 ms
INFO: at 10870.474 ms batch [66.584] delay 23.158 ms
INFO: at 10870.474 ms fetching 66.584 ms
INFO: at 10893.637 ms batch [18.401] delay 23.158 ms
INFO: at 10893.637 ms fetching 18.401 ms
INFO: at 10916.799 ms batch [88.581] delay 23.158 ms
INFO: at 10916.799 ms fetching 88.581 ms
INFO: at 10939.961 ms batch [45.035] delay 23.158 ms
INFO: at 10939.961 ms fetching 45.035 ms
INFO: at 10963.122 ms batch [46.364] delay 23.158 ms
INFO: at 10963.122 ms fetching 46.364 ms
INFO: at 10986.282 ms batch [44.932] delay 23.158 ms
INFO: at 10986.282 ms fetching 44.932 ms
INFO: at 11009.444 ms batch [20.553] delay 25.882 ms
INFO: at 11009.444 ms fetching 20.553 ms
INFO: at 11035.333 ms batch [45.004] delay 25.882 ms
INFO: at 11035.333 ms fetching 45.004 ms
INFO: at 11061.218 ms batch [43.758] delay 25.882 ms
INFO: at 11061.218 ms fetching 43.758 ms
INFO: at 11087.104 ms batch [45.494] delay 25.882 ms
INFO: at 11087.104 ms fetching 45.494 ms
INFO: at 11112.992 ms batch [41.921] delay 25.882 ms
INFO: at 11112.992 ms fetching 41.921 ms
INFO: at 11138.877 ms batch [86.310] delay 25.882 ms
INFO: at 11138.877 ms fetching 86.310 ms
INFO: at 11164.764 ms batch [22.388] delay 25.882 ms
INFO: at 11164.764 ms fetching 22.388 ms
INFO: at 11190.650 ms batch [87.995] delay 25.882 ms
INFO: at 11190.650 ms fetching 87.995 ms
INFO: at 11216.536 ms batch [90.982] delay 25.882 ms
INFO: at 11216.536 ms fetching 90.982 ms
INFO: at 11242.423 ms batch [69.709] delay 25.882 ms
INFO: at 11242.423 ms fetching 69.709 ms
INFO: at 11268.308 ms batch [18.264] delay 25.882 ms
INFO: at 11268.308 ms fetching 18.264 ms
INFO: at 11294.195 ms batch [17.137] delay 25.882 ms
INFO: at 11294.195 ms fetching 17.137 ms
INFO: at 11320.085 ms batch [45.587] delay 25.882 ms
INFO: at 11320.085 ms fetching 45.587 ms
INFO: at 11345.972 ms batch [21.837] delay 25.882 ms
INFO: at 11345.972 ms fetching 21.837 ms
INFO: at 11371.859 ms batch [43.288] delay 25.882 ms
INFO: at 11371.859 ms fetching 43.288 ms
INFO: at 11397.745 ms batch [23.994] delay 25.882 ms
INFO: at 11397.745 ms fetching 23.994 ms
INFO: at 11423.632 ms batch [91.770] delay 25.882 ms
INFO: at 11423.632 ms fetching 91.770 ms
INFO: at 11449.519 ms batch [89.122] delay 33.846 ms
INFO: at 11449.519 ms fetching 89.122 ms
INFO: at 11483.368 ms batch [41.886] delay 33.846 ms
INFO: at 11483.368 ms fetching 41.886 ms
INFO: at 11517.219 ms batch [23.085] delay 33.846 ms
INFO: at 11517.219 ms fetching 23.085 ms
INFO: at 11551.071 ms batch [68.753] delay 33.846 ms
INFO: at 11551.071 ms fetching 68.753 ms
INFO: at 11584.921 ms batch [25.875] delay 33.846 ms
INFO: at 11584.921 ms fetching 25.875 ms
INFO: at 11618.771 ms batch [86.485] delay 33.846 ms
INFO: at 11618.771 ms fetching 86.485 ms
INFO: at 11652.622 ms batch [94.343] delay 33.846 ms
INFO: at 11652.622 ms fetching 94.343 ms
INFO: at 11686.471 ms batch [67.819] delay 33.846 ms
INFO: at 11686.471 ms fetching 67.819 ms
INFO: at 11720.322 ms batch [41.553] delay 33.846 ms
INFO: at 11720.322 ms fetching 41.553 ms
INFO: at 11754.173 ms batch [40.974] delay 33.846 ms
INFO: at 11754.173 ms fetching 40.974 ms
INFO: at 11788.023 ms batch [20.184] delay 33.846 ms
INFO: at 11788.023 ms fetching 20.184 ms
INFO: at 11821.875 ms batch [44.254] delay 33.846 ms
INFO: at 11821.875 ms fetching 44.254 ms
INFO: at 11855.726 ms batch [90.676] delay 33.846 ms
INFO: at 11855.726 ms fetching 90.676 ms
INFO: at 11889.576 ms batch [85.142] delay 40.000 ms
INFO: at 11889.576 ms fetching 85.142 ms
INFO: at 11929.582 ms batch [68.390] delay 40.000 ms
INFO: at 11929.582 ms fetching 68.390 ms
INFO: at 11969.586 ms batch [43.894] delay 40.000 ms
INFO: at 11969.586 ms fetching 43.894 ms
INFO: at 12009.598 ms batch [66.643] delay 40.000 ms
INFO: at 12009.598 ms fetching 66.643 ms
INFO: at 12049.604 ms batch [44.622] delay 40.000 ms
INFO: at 12049.604 ms fetching 44.622 ms
INFO: at 12089.609 ms batch [17.500] delay 40.000 ms
INFO: at 12089.609 ms fetching 17.500 ms
INFO: at 12129.614 ms batch [90.943] delay 40.000 ms
INFO: at 12129.614 ms fetching 90.943 ms
INFO: at 12169.620 ms batch [64.109] delay 40.000 ms
INFO: at 12169.620 ms fetching 64.109 ms
INFO: at 12209.627 ms batch [67.887] delay 40.000 ms
INFO: at 12209.627 ms fetching 67.887 ms
INFO: at 12249.632 ms batch [23.748] delay 40.000 ms
INFO: at 12249.632 ms fetching 23.748 ms
INFO: at 12289.638 ms batch [69.453] delay 40.000 ms
INFO: at 12289.638 ms fetching 69.453 ms
INFO: at 12329.643 ms batch [63.257] delay 33.846 ms
INFO: at 12329.643 ms fetching 63.257 ms
INFO: at 12363.494 ms batch [89.488] delay 33.846 ms
INFO: at 12363.494 ms fetching 89.488 ms
INFO: at 12397.345 ms batch [46.568] delay 33.846 ms
INFO: at 12397.345 ms fetching 46.568 ms
INFO: at 12431.195 ms batch [23.393] delay 33.846 ms
INFO: at 12431.195 ms fetching 23.393 ms
INFO: at 12465.046 ms batch [64.974] delay 33.846 ms
INFO: at 12465.046 ms fetching 64.974 ms
INFO: at 12498.897 ms batch [19.606] delay 33.846 ms
INFO: at 12498.897 ms fetching 19.606 ms
INFO: at 12532.748 ms batch [19.286] delay 33.846 ms
INFO: at 12532.748 ms fetching 19.286 ms
INFO: at 12566.596 ms batch [43.103] delay 33.846 ms
INFO: at 12566.596 ms fetching 43.103 ms
INFO: at 12600.447 ms batch [48.580] delay 33.846 ms
INFO: at 12600.447 ms fetching 48.580 ms
INFO: at 12634.299 ms batch [19.150] delay 33.846 ms
INFO: at 12634.299 ms fetching 19.150 ms
INFO: at 12668.150 ms batch [65.077] delay 33.846 ms
INFO: at 12668.150 ms fetching 65.077 ms
INFO: at 12702.002 ms batch [67.330] delay 33.846 ms
INFO: at 12702.002 ms fetching 67.330 ms
INFO: at 12735.852 ms batch [18.487] delay 33.846 ms
INFO: at 12735.852 ms fetching 18.487 ms
INFO: at 12769.703 ms batch [21.201] delay 25.882 ms
INFO: at 12769.703 ms fetching 21.201 ms
INFO: at 12795.591 ms batch [46.006] delay 25.882 ms
INFO: at 12795.591 ms fetching 46.006 ms
INFO: at 12821.477 ms batch [43.568] delay 25.882 ms
INFO: at 12821.477 ms fetching 43.568 ms
INFO: at 12847.364 ms batch [89.954] delay 25.882 ms
INFO: at 12847.364 ms fetching 89.954 ms
INFO: at 12873.250 ms batch [18.966] delay 25.882 ms
INFO: at 12873.250 ms fetching 18.966 ms
INFO: at 12899.136 ms batch [21.356] delay 25.882 ms
INFO: at 12899.136 ms fetching 21.356 ms
INFO: at 12925.023 ms batch [43.840] delay 25.882 ms
INFO: at 12925.023 ms fetching 43.840 ms
INFO: at 12950.908 ms batch [19.475] delay 25.882 ms
INFO: at 12950.908 ms fetching 19.475 ms
INFO: at 12976.796 ms batch [20.096] delay 25.882 ms
INFO: at 12976.796 ms fetching 20.096 ms
INFO: at 13002.681 ms batch [22.159] delay 25.882 ms
INFO: at 13002.681 ms fetching 22.159 ms
INFO: at 13028.567 ms batch [19.570] delay 25.882 ms
INFO: at 13028.567 ms fetching 19.570 ms
INFO: at 13054.454 ms batch [87.511] delay 25.882 ms
INFO: at 13054.454 ms fetching 87.511 ms
INFO: at 13080.340 ms batch [25.513] delay 25.882 ms
INFO: at 13080.340 ms fetching 25.513 ms
INFO: at 13106.226 ms batch [84.708] delay 25.882 ms
INFO: at 13106.226 ms fetching 84.708 ms
INFO: at 13132.113 ms batch [69.545] delay 25.882 ms
INFO: at 13132.113 ms fetching 69.545 ms
INFO: at 13157.999 ms batch [17.230] delay 25.882 ms
INFO: at 13157.999 ms fetching 17.230 ms
INFO: at 13183.885 ms batch [61.450] delay 25.882 ms
INFO: at 13183.885 ms fetching 61.450 ms
INFO: at 13209.770 ms batch [64.525] delay 27.500 ms
INFO: at 13209.770 ms fetching 64.525 ms
INFO: at 13237.275 ms batch [43.598] delay 27.500 ms
INFO: at 13237.275 ms fetching 43.598 ms
INFO: at 13264.779 ms batch [41.851] delay 27.500 ms
INFO: at 13264.779 ms fetching 41.851 ms
INFO: at 13292.284 ms batch [47.122] delay 27.500 ms
INFO: at 13292.284 ms fetching 47.122 ms
INFO: at 13319.791 ms batch [89.009] delay 27.500 ms
INFO: at 13319.791 ms fetching 89.009 ms
INFO: at 13347.295 ms batch [44.158] delay 27.500 ms
INFO: at 13347.295 ms fetching 44.158 ms
INFO: at 13374.798 ms batch [66.763] delay 27.500 ms
INFO: at 13374.798 ms fetching 66.763 ms
INFO: at 13402.304 ms batch [90.562] delay 27.500 ms
INFO: at 13402.304 ms fetching 90.562 ms
INFO: at 13429.808 ms batch [86.791] delay 27.500 ms
INFO: at 13429.808 ms fetching 86.791 ms
INFO: at 13457.312 ms batch [21.974] delay 27.500 ms
INFO: at 13457.312 ms fetching 21.974 ms
INFO: at 13484.815 ms batch [14.612] delay 27.500 ms
INFO: at 13484.815 ms fetching 14.612 ms
INFO: at 13512.320 ms batch [24.515] delay 27.500 ms
INFO: at 13512.320 ms fetching 24.515 ms
INFO: at 13539.823 ms batch [66.080] delay 27.500 ms
INFO: at 13539.823 ms fetching 66.080 ms
INFO: at 13567.332 ms batch [39.622] delay 27.500 ms
INFO: at 13567.332 ms fetching 39.622 ms
INFO: at 13594.835 ms batch [85.565] delay 27.500 ms
INFO: at 13594.835 ms fetching 85.565 ms
INFO: at 13622.339 ms batch [64.911] delay 27.500 ms
INFO: at 13622.339 ms fetching 64.911 ms
INFO: at 13649.842 ms batch [86.427] delay 33.846 ms
INFO: at 13649.842 ms fetching 86.427 ms
INFO: at 13683.693 ms batch [66.813] delay 33.846 ms
INFO: at 13683.693 ms fetching 66.813 ms
INFO: at 13717.544 ms batch [87.922] delay 33.846 ms
INFO: at 13717.544 ms fetching 87.922 ms
INFO: at 13751.394 ms batch [22.515] delay 33.846 ms
INFO: at 13751.394 ms fetching 22.515 ms
INFO: at 13785.245 ms batch [17.378] delay 33.846 ms
INFO: at 13785.245 ms fetching 17.378 ms
INFO: at 13819.094 ms batch [39.518] delay 33.846 ms
INFO: at 13819.094 ms fetching 39.518 ms
INFO: at 13852.944 ms batch [40.158] delay 33.846 ms
INFO: at 13852.944 ms fetching 40.158 ms
INFO: at 13887.671 ms batch [66.341] delay 33.846 ms
INFO: at 13887.671 ms fetching 66.341 ms
INFO: at 13921.521 ms batch [92.754] delay 33.846 ms
INFO: at 13921.521 ms fetching 92.754 ms
INFO: at 13955.370 ms batch [89.042] delay 33.846 ms
INFO: at 13955.370 ms fetching 89.042 ms
INFO: at 13989.222 ms batch [88.311] delay 33.846 ms
INFO: at 13989.222 ms fetching 88.311 ms
INFO: at 14023.073 ms batch [18.855] delay 33.846 ms
INFO: at 14023.073 ms fetching 18.855 ms
INFO: at 14056.925 ms batch [19.221] delay 33.846 ms
INFO: at 14056.925 ms fetching 19.221 ms
INFO: at 14090.776 ms batch [45.532] delay 40.000 ms
INFO: at 14090.776 ms fetching 45.532 ms
INFO: at 14130.781 ms batch [22.012] delay 40.000 ms
INFO: at 14130.781 ms fetching 22.012 ms
INFO: at 14170.788 ms batch [66.110] delay 40.000 ms
INFO: at 14170.788 ms fetching 66.110 ms
INFO: at 14210.793 ms batch [20.212] delay 40.000 ms
INFO: at 14210.793 ms fetching 20.212 ms
INFO: at 14250.796 ms batch [87.287] delay 40.000 ms
INFO: at 14250.796 ms fetching 87.287 ms
INFO: at 14290.803 ms batch [23.137] delay 40.000 ms
INFO: at 14290.803 ms fetching 23.137 ms
INFO: at 14330.808 ms batch [65.375] delay 40.000 ms
INFO: at 14330.808 ms fetching 65.375 ms
INFO: at 14370.815 ms batch [20.498] delay 40.000 ms
INFO: at 14370.815 ms fetching 20.498 ms
INFO: at 14410.819 ms batch [65.205] delay 40.000 ms
INFO: at 14410.819 ms fetching 65.205 ms
INFO: at 14450.825 ms batch [45.109] delay 40.000 ms
INFO: at 14450.825 ms fetching 45.109 ms
INFO: at 14490.830 ms batch [44.591] delay 40.000 ms
INFO: at 14490.830 ms fetching 44.591 ms
INFO: at 14530.836 ms batch [21.660] delay 22.000 ms
INFO: at 14530.836 ms fetching 21.660 ms
INFO: at 14552.839 ms batch [92.552] delay 22.000 ms
INFO: at 14552.839 ms fetching 92.552 ms
INFO: at 14574.843 ms batch [23.263] delay 22.000 ms
INFO: at 14574.843 ms fetching 23.263 ms
INFO: at 14596.846 ms batch [87.885] delay 22.000 ms
INFO: at 14596.846 ms fetching 87.885 ms
INFO: at 14618.850 ms batch [44.718] delay 22.000 ms
INFO: at 14618.850 ms fetching 44.718 ms
INFO: at 14640.854 ms batch [88.525] delay 22.000 ms
INFO: at 14640.854 ms fetching 88.525 ms
INFO: at 14662.857 ms batch [21.534] delay 22.000 ms
INFO: at 14662.857 ms fetching 21.534 ms
INFO: at 14684.861 ms batch [91.140] delay 22.000 ms
INFO: at 14684.861 ms fetching 91.140 ms
INFO: at 14706.864 ms batch [86.747] delay 22.000 ms
INFO: at 14706.864 ms fetching 86.747 ms
INFO: at 14728.869 ms batch [88.028] delay 22.000 ms
INFO: at 14728.869 ms fetching 88.028 ms
INFO: at 14750.873 ms batch [40.715] delay 22.000 ms
INFO: at 14750.873 ms fetching 40.715 ms
INFO: at 14772.877 ms batch [41.698] delay 22.000 ms
INFO: at 14772.877 ms fetching 41.698 ms
INFO: at 14794.881 ms batch [60.728] delay 22.000 ms
INFO: at 14794.881 ms fetching 60.728 ms
INFO: at 14816.884 ms batch [38.765] delay 22.000 ms
INFO: at 14816.884 ms fetching 38.765 ms
INFO: at 14838.888 ms batch [40.226] delay 22.000 ms
INFO: at 14838.888 ms fetching 40.226 ms
INFO: at 14860.892 ms batch [19.537] delay 22.000 ms
INFO: at 14860.892 ms fetching 19.537 ms
INFO: at 14882.895 ms batch [90.716] delay 22.000 ms
INFO: at 14882.895 ms fetching 90.716 ms
INFO: at 14904.899 ms batch [88.553] delay 22.000 ms
INFO: at 14904.899 ms fetching 88.553 ms
INFO: at 14926.902 ms batch [69.150] delay 22.000 ms
INFO: at 14926.902 ms fetching 69.150 ms
INFO: at 14948.905 ms batch [17.926] delay 22.000 ms
INFO: at 14948.905 ms fetching 17.926 ms
INFO: at 14970.910 ms batch [89.803] delay 22.000 ms
INFO: at 14970.910 ms fetching 89.803 ms
INFO: at 14992.914 ms batch [68.634] delay 22.000 ms
INFO: at 14992.914 ms fetching 68.634 ms
INFO: at 15014.917 ms batch [64.707] delay 22.000 ms
INFO: at 15014.917 ms fetching 64.707 ms
INFO: at 15036.920 ms batch [69.084] delay 22.000 ms
INFO: at 15036.920 ms fetching 69.084 ms
INFO: at 15058.924 ms batch [66.259] delay 22.000 ms
INFO: at 15058.924 ms fetching 66.259 ms
INFO: at 15080.928 ms batch [84.480] delay 22.000 ms
INFO: at 15080.928 ms fetching 84.480 ms
INFO: at 15102.932 ms batch [46.178] delay 22.000 ms
INFO: at 15102.932 ms fetching 46.178 ms
INFO: at 15124.938 ms batch [19.977] delay 22.000 ms
INFO: at 15124.938 ms fetching 19.977 ms
INFO: at 15146.942 ms batch [68.244] delay 22.000 ms
INFO: at 15146.942 ms fetching 68.244 ms
INFO: at 15168.945 ms batch [64.599] delay 22.000 ms
INFO: at 15168.945 ms fetching 64.599 ms
INFO: at 15190.949 ms batch [68.908] delay 22.000 ms
INFO: at 15190.949 ms fetching 68.908 ms
INFO: at 15212.952 ms batch [65.606] delay 22.000 ms
INFO: at 15212.952 ms fetching 65.606 ms
INFO: at 15234.955 ms batch [21.177] delay 22.000 ms
INFO: at 15234.955 ms fetching 21.177 ms
INFO: at 15256.959 ms batch [45.371] delay 22.000 ms
INFO: at 15256.959 ms fetching 45.371 ms
INFO: at 15278.962 ms batch [21.299] delay 22.000 ms
INFO: at 15278.962 ms fetching 21.299 ms
INFO: at 15300.965 ms batch [10.000] delay 22.000 ms
INFO: at 15300.965 ms fetching 10.000 ms
INFO: at 15322.968 ms batch [43.342] delay 22.000 ms
INFO: at 15322.968 ms fetching 43.342 ms
INFO: at 15344.971 ms batch [66.847] delay 22.000 ms
INFO: at 15344.971 ms fetching 66.847 ms
INFO: at 15366.975 ms batch [47.360] delay 22.000 ms
INFO: at 15366.975 ms fetching 47.360 ms
INFO: at 15388.979 ms batch [43.648] delay 22.000 ms
INFO: at 15388.979 ms fetching 43.648 ms
INFO: at 15410.982 ms batch [17.748] delay 18.333 ms
INFO: at 15410.982 ms fetching 17.748 ms
INFO: at 15429.319 ms batch [43.196] delay 18.333 ms
INFO: at 15429.319 ms fetching 43.196 ms
INFO: at 15447.655 ms batch [64.484] delay 18.333 ms
INFO: at 15447.655 ms fetching 64.484 ms
INFO: at 15465.992 ms batch [42.704] delay 18.333 ms
INFO: at 15465.992 ms fetching 42.704 ms
INFO: at 15484.329 ms batch [19.411] delay 18.333 ms
INFO: at 15484.329 ms fetching 19.411 ms
INFO: at 15502.666 ms batch [90.324] delay 18.333 ms
INFO: at 15502.666 ms fetching 90.324 ms
INFO: at 15521.003 ms batch [42.680] delay 18.333 ms
INFO: at 15521.003 ms fetching 42.680 ms
INFO: at 15539.339 ms batch [20.919] delay 18.333 ms
INFO: at 15539.339 ms fetching 20.919 ms
INFO: at 15557.676 ms batch [20.709] delay 18.333 ms
INFO: at 15557.676 ms fetching 20.709 ms
INFO: at 15576.012 ms batch [20.621] delay 18.333 ms
INFO: at 15576.012 ms fetching 20.621 ms
INFO: at 15594.349 ms batch [89.689] delay 18.333 ms
INFO: at 15594.349 ms fetching 89.689 ms
INFO: at 15612.686 ms batch [65.663] delay 18.333 ms
INFO: at 15612.686 ms fetching 65.663 ms
INFO: at 15631.022 ms batch [64.244] delay 18.333 ms
INFO: at 15631.022 ms fetching 64.244 ms
INFO: at 15649.359 ms batch [89.985] delay 18.333 ms
INFO: at 15649.359 ms fetching 89.985 ms
INFO: at 15667.695 ms batch [21.063] delay 18.333 ms
INFO: at 15667.695 ms fetching 21.063 ms
INFO: at 15686.030 ms batch [41.428] delay 18.333 ms
INFO: at 15686.030 ms fetching 41.428 ms
INFO: at 15704.368 ms batch [67.204] delay 18.333 ms
INFO: at 15704.368 ms fetching 67.204 ms
INFO: at 15722.705 ms batch [68.001] delay 18.333 ms
INFO: at 15722.705 ms fetching 68.001 ms
INFO: at 15741.041 ms batch [87.794] delay 18.333 ms
INFO: at 15741.041 ms fetching 87.794 ms
INFO: at 15759.378 ms batch [67.521] delay 18.333 ms
INFO: at 15759.378 ms fetching 67.521 ms
INFO: at 15777.715 ms batch [40.294] delay 18.333 ms
INFO: at 15777.715 ms fetching 40.294 ms
INFO: at 15796.052 ms batch [65.016] delay 18.333 ms
INFO: at 15796.052 ms fetching 65.016 ms
INFO: at 15814.388 ms batch [90.750] delay 18.333 ms
INFO: at 15814.388 ms fetching 90.750 ms
INFO: at 15832.725 ms batch [17.870] delay 18.333 ms
INFO: at 15832.725 ms fetching 17.870 ms
INFO: at 15851.061 ms batch [82.229] delay 25.882 ms
INFO: at 15851.061 ms fetching 82.229 ms
INFO: at 15876.948 ms batch [43.428] delay 25.882 ms
INFO: at 15876.948 ms fetching 43.428 ms
INFO: at 15902.833 ms batch [63.322] delay 25.882 ms
INFO: at 15902.833 ms fetching 63.322 ms
INFO: at 15928.720 ms batch [88.757] delay 25.882 ms
INFO: at 15928.720 ms fetching 88.757 ms
INFO: at 15954.606 ms batch [19.441] delay 25.882 ms
INFO: at 15954.606 ms fetching 19.441 ms
INFO: at 15980.493 ms batch [18.655] delay 25.882 ms
INFO: at 15980.493 ms fetching 18.655 ms
INFO: at 16006.379 ms batch [18.315] delay 25.882 ms
INFO: at 16006.379 ms fetching 18.315 ms
INFO: at 16032.265 ms batch [23.207] delay 25.882 ms
INFO: at 16032.265 ms fetching 23.207 ms
INFO: at 16058.156 ms batch [18.736] delay 25.882 ms
INFO: at 16058.156 ms fetching 18.736 ms
INFO: at 16084.042 ms batch [19.908] delay 25.882 ms
INFO: at 16084.042 ms fetching 19.908 ms
INFO: at 16109.929 ms batch [87.056] delay 25.882 ms
INFO: at 16109.929 ms fetching 87.056 ms
INFO: at 16135.815 ms batch [85.990] delay 25.882 ms
INFO: at 16135.815 ms fetching 85.990 ms
INFO: at 16161.703 ms batch [87.167] delay 25.882 ms
INFO: at 16161.703 ms fetching 87.167 ms
INFO: at 16187.589 ms batch [69.027] delay 25.882 ms
INFO: at 16187.589 ms fetching 69.027 ms
INFO: at 16213.476 ms batch [89.519] delay 25.882 ms
INFO: at 16213.476 ms fetching 89.519 ms
INFO: at 16239.362 ms batch [39.398] delay 25.882 ms
INFO: at 16239.362 ms fetching 39.398 ms
INFO: at 16265.249 ms batch [70.272] delay 25.882 ms
INFO: at 16265.249 ms fetching 70.272 ms
INFO: at 16291.134 ms batch [21.088] delay 23.158 ms
INFO: at 16291.134 ms fetching 21.088 ms
INFO: at 16314.295 ms batch [88.695] delay 23.158 ms
INFO: at 16314.295 ms fetching 88.695 ms
INFO: at 16337.457 ms batch [88.497] delay 23.158 ms
INFO: at 16337.457 ms fetching 88.497 ms
INFO: at 16360.619 ms batch [89.655] delay 23.158 ms
INFO: at 16360.619 ms fetching 89.655 ms
INFO: at 16383.780 ms batch [42.058] delay 23.158 ms
INFO: at 16383.780 ms fetching 42.058 ms
INFO: at 16406.941 ms batch [64.740] delay 23.158 ms
INFO: at 16406.941 ms fetching 64.740 ms
INFO: at 16430.104 ms batch [41.992] delay 23.158 ms
INFO: at 16430.104 ms fetching 41.992 ms
INFO: at 16453.267 ms batch [42.184] delay 23.158 ms
INFO: at 16453.267 ms fetching 42.184 ms
INFO: at 16476.429 ms batch [19.046] delay 23.158 ms
INFO: at 16476.429 ms fetching 19.046 ms
INFO: at 16499.595 ms batch [88.467] delay 23.158 ms
INFO: at 16499.595 ms fetching 88.467 ms
INFO: at 16522.756 ms batch [66.023] delay 23.158 ms
INFO: at 16522.756 ms fetching 66.023 ms
INFO: at 16545.919 ms batch [66.286] delay 23.158 ms
INFO: at 16545.919 ms fetching 66.286 ms
INFO: at 16569.082 ms batch [67.550] delay 23.158 ms
INFO: at 16569.082 ms fetching 67.550 ms
INFO: at 16592.244 ms batch [22.044] delay 23.158 ms
INFO: at 16592.244 ms fetching 22.044 ms
INFO: at 16615.406 ms batch [45.878] delay 23.158 ms
INFO: at 16615.406 ms fetching 45.878 ms
INFO: at 16638.567 ms batch [66.523] delay 23.158 ms
INFO: at 16638.567 ms fetching 66.523 ms
INFO: at 16661.729 ms batch [21.941] delay 23.158 ms
INFO: at 16661.729 ms fetching 21.941 ms
INFO: at 16684.891 ms batch [20.950] delay 23.158 ms
INFO: at 16684.891 ms fetching 20.950 ms
INFO: at 16708.052 ms batch [21.496] delay 23.158 ms
INFO: at 16708.052 ms fetching 21.496 ms
INFO: at 16731.214 ms batch [40.656] delay 24.444 ms
INFO: at 16731.214 ms fetching 40.656 ms
INFO: at 16755.663 ms batch [70.133] delay 24.444 ms
INFO: at 16755.663 ms fetching 70.133 ms
INFO: at 16780.111 ms batch [90.595] delay 24.444 ms
INFO: at 16780.111 ms fetching 90.595 ms
INFO: at 16804.559 ms batch [66.226] delay 24.444 ms
INFO: at 16804.559 ms fetching 66.226 ms
INFO: at 16829.007 ms batch [67.238] delay 24.444 ms
INFO: at 16829.007 ms fetching 67.238 ms
INFO: at 16853.456 ms batch [45.951] delay 24.444 ms
INFO: at 16853.456 ms fetching 45.951 ms
INFO: at 16877.905 ms batch [65.966] delay 24.444 ms
INFO: at 16877.905 ms fetching 65.966 ms
INFO: at 16902.353 ms batch [64.198] delay 24.444 ms
INFO: at 16902.353 ms fetching 64.198 ms
INFO: at 16926.801 ms batch [85.662] delay 24.444 ms
INFO: at 16926.801 ms fetching 85.662 ms
INFO: at 16951.252 ms batch [66.465] delay 24.444 ms
INFO: at 16951.252 ms fetching 66.465 ms
INFO: at 16975.700 ms batch [91.669] delay 24.444 ms
INFO: at 16975.700 ms fetching 91.669 ms
INFO: at 17000.148 ms batch [18.703] delay 24.444 ms
INFO: at 17000.148 ms fetching 18.703 ms
INFO: at 17024.595 ms batch [90.365] delay 24.444 ms
INFO: at 17024.595 ms fetching 90.365 ms
INFO: at 17049.045 ms batch [42.759] delay 24.444 ms
INFO: at 17049.045 ms fetching 42.759 ms
INFO: at 17073.493 ms batch [19.253] delay 24.444 ms
INFO: at 17073.493 ms fetching 19.253 ms
INFO: at 17097.941 ms batch [39.801] delay 24.444 ms
INFO: at 17097.941 ms fetching 39.801 ms
INFO: at 17122.389 ms batch [83.381] delay 24.444 ms
INFO: at 17122.389 ms fetching 83.381 ms
INFO: at 17146.836 ms batch [91.453] delay 24.444 ms
INFO: at 17146.836 ms fetching 91.453 ms
INFO: at 17171.286 ms batch [92.965] delay 33.846 ms
INFO: at 17171.286 ms fetching 92.965 ms
INFO: at 17205.137 ms batch [42.790] delay 33.846 ms
INFO: at 17205.137 ms fetching 42.790 ms
INFO: at 17238.989 ms batch [83.923] delay 33.846 ms
INFO: at 17238.989 ms fetching 83.923 ms
INFO: at 17272.839 ms batch [90.291] delay 33.846 ms
INFO: at 17272.839 ms fetching 90.291 ms
INFO: at 17306.688 ms batch [63.769] delay 33.846 ms
INFO: at 17306.688 ms fetching 63.769 ms
INFO: at 17340.538 ms batch [91.364] delay 33.846 ms
INFO: at 17340.538 ms fetching 91.364 ms
INFO: at 17374.390 ms batch [69.809] delay 33.846 ms
INFO: at 17374.390 ms fetching 69.809 ms
INFO: at 17408.240 ms batch [67.680] delay 33.846 ms
INFO: at 17408.240 ms fetching 67.680 ms
INFO: at 17442.091 ms batch [69.224] delay 33.846 ms
INFO: at 17442.091 ms fetching 69.224 ms
INFO: at 17475.941 ms batch [42.850] delay 33.846 ms
INFO: at 17475.941 ms fetching 42.850 ms
INFO: at 17509.792 ms batch [19.849] delay 33.846 ms
INFO: at 17509.792 ms fetching 19.849 ms
INFO: at 17543.640 ms batch [42.625] delay 33.846 ms
INFO: at 17543.640 ms fetching 42.625 ms
INFO: at 17577.492 ms batch [20.471] delay 33.846 ms
INFO: at 17577.492 ms fetching 20.471 ms
INFO: at 17611.342 ms batch [87.730] delay 19.130 ms
INFO: at 17611.342 ms fetching 87.730 ms
INFO: at 17630.477 ms batch [90.904] delay 19.130 ms
INFO: at 17630.477 ms fetching 90.904 ms
INFO: at 17649.609 ms batch [60.038] delay 19.130 ms
INFO: at 17649.609 ms fetching 60.038 ms
INFO: at 17668.743 ms batch [91.892] delay 19.130 ms
INFO: at 17668.743 ms fetching 91.892 ms
INFO: at 17687.877 ms batch [43.020] delay 19.130 ms
INFO: at 17687.877 ms fetching 43.020 ms
INFO: at 17707.010 ms batch [45.636] delay 19.130 ms
INFO: at 17707.010 ms fetching 45.636 ms
INFO: at 17726.146 ms batch [43.482] delay 19.130 ms
INFO: at 17726.146 ms fetching 43.482 ms
INFO: at 17745.279 ms batch [90.492] delay 19.130 ms
INFO: at 17745.279 ms fetching 90.492 ms
INFO: at 17764.413 ms batch [92.843] delay 19.130 ms
INFO: at 17764.413 ms fetching 92.843 ms
INFO: at 17783.547 ms batch [87.614] delay 19.130 ms
INFO: at 17783.547 ms fetching 87.614 ms
INFO: at 17802.681 ms batch [22.685] delay 19.130 ms
INFO: at 17802.681 ms fetching 22.685 ms
INFO: at 17821.815 ms batch [42.273] delay 19.130 ms
INFO: at 17821.815 ms fetching 42.273 ms
INFO: at 17840.949 ms batch [92.223] delay 19.130 ms
INFO: at 17840.949 ms fetching 92.223 ms
INFO: at 17860.082 ms batch [48.003] delay 19.130 ms
INFO: at 17860.082 ms fetching 48.003 ms
INFO: at 17879.216 ms batch [87.125] delay 19.130 ms
INFO: at 17879.216 ms fetching 87.125 ms
INFO: at 17898.350 ms batch [67.387] delay 19.130 ms
INFO: at 17898.350 ms fetching 67.387 ms
INFO: at 17917.484 ms batch [41.168] delay 19.130 ms
INFO: at 17917.484 ms fetching 41.168 ms
INFO: at 17936.617 ms batch [40.773] delay 19.130 ms
INFO: at 17936.617 ms fetching 40.773 ms
INFO: at 17955.750 ms batch [40.867] delay 19.130 ms
INFO: at 17955.750 ms fetching 40.867 ms
INFO: at 17974.884 ms batch [90.528] delay 19.130 ms
INFO: at 17974.884 ms fetching 90.528 ms
INFO: at 17994.018 ms batch [65.780] delay 19.130 ms
INFO: at 17994.018 ms fetching 65.780 ms
INFO: at 18013.151 ms batch [67.611] delay 19.130 ms
INFO: at 18013.151 ms fetching 67.611 ms
INFO: at 18032.289 ms batch [86.261] delay 19.130 ms
INFO: at 18032.289 ms fetching 86.261 ms
INFO: at 18051.423 ms batch [68.965] delay 31.429 ms
INFO: at 18051.423 ms fetching 68.965 ms
INFO: at 18082.856 ms batch [20.351] delay 31.429 ms
INFO: at 18082.856 ms fetching 20.351 ms
INFO: at 18114.288 ms batch [42.992] delay 31.429 ms
INFO: at 18114.288 ms fetching 42.992 ms
INFO: at 18145.721 ms batch [66.614] delay 31.429 ms
INFO: at 18145.721 ms fetching 66.614 ms
INFO: at 18177.154 ms batch [91.058] delay 31.429 ms
INFO: at 18177.154 ms fetching 91.058 ms
INFO: at 18208.588 ms batch [21.805] delay 31.429 ms
INFO: at 18208.588 ms fetching 21.805 ms
INFO: at 18240.021 ms batch [63.710] delay 31.429 ms
INFO: at 18240.021 ms fetching 63.710 ms
INFO: at 18271.455 ms batch [22.431] delay 31.429 ms
INFO: at 18271.455 ms fetching 22.431 ms
INFO: at 18302.887 ms batch [61.672] delay 31.429 ms
INFO: at 18302.887 ms fetching 61.672 ms
INFO: at 18334.321 ms batch [43.931] delay 31.429 ms
INFO: at 18334.321 ms fetching 43.931 ms
INFO: at 18365.755 ms batch [41.737] delay 31.429 ms
INFO: at 18365.755 ms fetching 41.737 ms
INFO: at 18397.188 ms batch [88.821] delay 31.429 ms
INFO: at 18397.188 ms fetching 88.821 ms
INFO: at 18428.621 ms batch [88.282] delay 31.429 ms
INFO: at 18428.621 ms fetching 88.282 ms
INFO: at 18460.054 ms batch [89.359] delay 31.429 ms
INFO: at 18460.054 ms fetching 89.359 ms
INFO: at 18491.486 ms batch [40.426] delay 23.158 ms
INFO: at 18491.486 ms fetching 40.426 ms
INFO: at 18514.647 ms batch [42.562] delay 23.158 ms
INFO: at 18514.647 ms fetching 42.562 ms
INFO: at 18537.810 ms batch [23.455] delay 23.158 ms
INFO: at 18537.810 ms fetching 23.455 ms
INFO: at 18560.972 ms batch [18.222] delay 23.158 ms
INFO: at 18560.972 ms fetching 18.222 ms
INFO: at 18584.133 ms batch [90.156] delay 23.158 ms
INFO: at 18584.133 ms fetching 90.156 ms
INFO: at 18607.295 ms batch [45.068] delay 23.158 ms
INFO: at 18607.295 ms fetching 45.068 ms
INFO: at 18630.456 ms batch [67.147] delay 23.158 ms
INFO: at 18630.456 ms fetching 67.147 ms
INFO: at 18653.620 ms batch [23.896] delay 23.158 ms
INFO: at 18653.620 ms fetching 23.896 ms
INFO: at 18676.782 ms batch [89.329] delay 23.158 ms
INFO: at 18676.782 ms fetching 89.329 ms
INFO: at 18699.945 ms batch [17.562] delay 23.158 ms
INFO: at 18699.945 ms fetching 17.562 ms
INFO: at 18723.106 ms batch [92.392] delay 23.158 ms
INFO: at 18723.106 ms fetching 92.392 ms
INFO: at 18746.267 ms batch [65.808] delay 23.158 ms
INFO: at 18746.267 ms fetching 65.808 ms
INFO: at 18769.430 ms batch [85.267] delay 23.158 ms
INFO: at 18769.430 ms fetching 85.267 ms
INFO: at 18792.592 ms batch [22.234] delay 23.158 ms
INFO: at 18792.592 ms fetching 22.234 ms
INFO: at 18815.754 ms batch [43.866] delay 23.158 ms
INFO: at 18815.754 ms fetching 43.866 ms
INFO: at 18838.916 ms batch [87.823] delay 23.158 ms
INFO: at 18838.916 ms fetching 87.823 ms
INFO: at 18862.078 ms batch [66.705] delay 23.158 ms
INFO: at 18862.078 ms fetching 66.705 ms
INFO: at 18885.241 ms batch [44.560] delay 23.158 ms
INFO: at 18885.241 ms fetching 44.560 ms
INFO: at 18908.404 ms batch [65.873] delay 23.158 ms
INFO: at 18908.404 ms fetching 65.873 ms
INFO: at 18931.564 ms batch [43.400] delay 18.333 ms
INFO: at 18931.564 ms fetching 43.400 ms
INFO: at 18949.902 ms batch [87.208] delay 18.333 ms
INFO: at 18949.902 ms fetching 87.208 ms
INFO: at 18968.239 ms batch [66.142] delay 18.333 ms
INFO: at 18968.239 ms fetching 66.142 ms
INFO: at 18986.575 ms batch [66.312] delay 18.333 ms
INFO: at 18986.575 ms fetching 66.312 ms
INFO: at 19004.912 ms batch [22.789] delay 18.333 ms
INFO: at 19004.912 ms fetching 22.789 ms
INFO: at 19023.249 ms batch [22.309] delay 18.333 ms
INFO: at 19023.249 ms fetching 22.309 ms
INFO: at 19041.584 ms batch [63.050] delay 18.333 ms
INFO: at 19041.584 ms fetching 63.050 ms
INFO: at 19059.920 ms batch [88.377] delay 18.333 ms
INFO: at 19059.920 ms fetching 88.377 ms
INFO: at 19078.257 ms batch [69.288] delay 18.333 ms
INFO: at 19078.257 ms fetching 69.288 ms
INFO: at 19096.593 ms batch [88.091] delay 18.333 ms
INFO: at 19096.593 ms fetching 88.091 ms
INFO: at 19114.930 ms batch [20.009] delay 18.333 ms
INFO: at 19114.930 ms fetching 20.009 ms
INFO: at 19133.268 ms batch [68.076] delay 18.333 ms
INFO: at 19133.268 ms fetching 68.076 ms
INFO: at 19151.604 ms batch [46.495] delay 18.333 ms
INFO: at 19151.604 ms fetching 46.495 ms
INFO: at 19169.941 ms batch [87.957] delay 18.333 ms
INFO: at 19169.941 ms fetching 87.957 ms
INFO: at 19188.278 ms batch [62.027] delay 18.333 ms
INFO: at 19188.278 ms fetching 62.027 ms
INFO: at 19206.614 ms batch [85.012] delay 18.333 ms
INFO: at 19206.614 ms fetching 85.012 ms
INFO: at 19224.951 ms batch [64.372] delay 18.333 ms
INFO: at 19224.951 ms fetching 64.372 ms
INFO: at 19243.288 ms batch [42.902] delay 18.333 ms
INFO: at 19243.288 ms fetching 42.902 ms
INFO: at 19261.625 ms batch [20.324] delay 18.333 ms
INFO: at 19261.625 ms fetching 20.324 ms
INFO: at 19279.961 ms batch [89.391] delay 18.333 ms
INFO: at 19279.961 ms fetching 89.391 ms
INFO: at 19298.297 ms batch [21.601] delay 18.333 ms
INFO: at 19298.297 ms fetching 21.601 ms
INFO: at 19316.634 ms batch [90.222] delay 18.333 ms
INFO: at 19316.634 ms fetching 90.222 ms
INFO: at 19334.970 ms batch [65.171] delay 18.333 ms
INFO: at 19334.970 ms fetching 65.171 ms
INFO: at 19353.306 ms batch [94.918] delay 18.333 ms
INFO: at 19353.306 ms fetching 94.918 ms
INFO: at 19371.643 ms batch [42.656] delay 27.500 ms
INFO: at 19371.643 ms fetching 42.656 ms
INFO: at 19399.146 ms batch [19.506] delay 27.500 ms
INFO: at 19399.146 ms fetching 19.506 ms
INFO: at 19426.649 ms batch [88.639] delay 27.500 ms
INFO: at 19426.649 ms fetching 88.639 ms
INFO: at 19454.152 ms batch [43.705] delay 27.500 ms
INFO: at 19454.152 ms fetching 43.705 ms
INFO: at 19481.657 ms batch [16.010] delay 27.500 ms
INFO: at 19481.657 ms fetching 16.010 ms
INFO: at 19509.164 ms batch [87.767] delay 27.500 ms
INFO: at 19509.164 ms fetching 87.767 ms
INFO: at 19536.668 ms batch [85.833] delay 27.500 ms
INFO: at 19536.668 ms fetching 85.833 ms
INFO: at 19564.172 ms batch [91.179] delay 27.500 ms
INFO: at 19564.172 ms fetching 91.179 ms
INFO: at 19591.677 ms batch [46.304] delay 27.500 ms
INFO: at 19591.677 ms fetching 46.304 ms
INFO: at 19619.181 ms batch [37.556] delay 27.500 ms
INFO: at 19619.181 ms fetching 37.556 ms
INFO: at 19646.685 ms batch [45.457] delay 27.500 ms
INFO: at 19646.685 ms fetching 45.457 ms
INFO: at 19674.192 ms batch [68.478] delay 27.500 ms
INFO: at 19674.192 ms fetching 68.478 ms
INFO: at 19701.697 ms batch [43.512] delay 27.500 ms
INFO: at 19701.697 ms fetching 43.512 ms
INFO: at 19729.200 ms batch [41.625] delay 27.500 ms
INFO: at 19729.200 ms fetching 41.625 ms
INFO: at 19756.704 ms batch [41.019] delay 27.500 ms
INFO: at 19756.704 ms fetching 41.019 ms
INFO: at 19784.207 ms batch [44.288] delay 27.500 ms
INFO: at 19784.207 ms fetching 44.288 ms
INFO: at 19811.712 ms batch [63.822] delay 20.952 ms
INFO: at 19811.712 ms fetching 63.822 ms
INFO: at 19832.667 ms batch [67.068] delay 20.952 ms
INFO: at 19832.667 ms fetching 67.068 ms
INFO: at 19853.624 ms batch [21.567] delay 20.952 ms
INFO: at 19853.624 ms fetching 21.567 ms
INFO: at 19874.583 ms batch [90.425] delay 20.952 ms
INFO: at 19874.583 ms fetching 90.425 ms
INFO: at 19895.538 ms batch [64.447] delay 20.952 ms
INFO: at 19895.538 ms fetching 64.447 ms
INFO: at 19916.495 ms batch [67.748] delay 20.952 ms
INFO: at 19916.495 ms fetching 67.748 ms
INFO: at 19937.450 ms batch [69.625] delay 20.952 ms
INFO: at 19937.450 ms fetching 69.625 ms
INFO: at 19958.406 ms batch [22.738] delay 20.952 ms
INFO: at 19958.406 ms fetching 22.738 ms
INFO: at 19979.361 ms batch [24.091] delay 20.952 ms
INFO: at 19979.361 ms fetching 24.091 ms
INFO: at 20000.318 ms batch [16.624] delay 20.952 ms
INFO: at 20000.318 ms fetching 16.624 ms
INFO: at 20021.273 ms batch [68.121] delay 20.952 ms
INFO: at 20021.273 ms fetching 68.121 ms
INFO: at 20042.229 ms batch [42.399] delay 20.952 ms
INFO: at 20042.229 ms fetching 42.399 ms
INFO: at 20063.184 ms batch [19.792] delay 20.952 ms
INFO: at 20063.184 ms fetching 19.792 ms
INFO: at 20084.140 ms batch [64.327] delay 20.952 ms
INFO: at 20084.140 ms fetching 64.327 ms
INFO: at 20105.095 ms batch [23.328] delay 20.952 ms
INFO: at 20105.095 ms fetching 23.328 ms
INFO: at 20126.051 ms batch [16.504] delay 20.952 ms
INFO: at 20126.051 ms fetching 16.504 ms
INFO: at 20147.006 ms batch [42.732] delay 20.952 ms
INFO: at 20147.006 ms fetching 42.732 ms
INFO: at 20167.963 ms batch [44.195] delay 20.952 ms
INFO: at 20167.963 ms fetching 44.195 ms
INFO: at 20188.918 ms batch [42.094] delay 20.952 ms
INFO: at 20188.918 ms fetching 42.094 ms
INFO: at 20209.874 ms batch [44.683] delay 20.952 ms
INFO: at 20209.874 ms fetching 44.683 ms
INFO: at 20230.830 ms batch [17.623] delay 20.952 ms
INFO: at 20230.830 ms fetching 17.623 ms
INFO: at 20251.786 ms batch [22.348] delay 25.882 ms
INFO: at 20251.786 ms fetching 22.348 ms
INFO: at 20277.673 ms batch [89.574] delay 25.882 ms
INFO: at 20277.673 ms fetching 89.574 ms
INFO: at 20303.558 ms batch [19.010] delay 25.882 ms
INFO: at 20303.558 ms fetching 19.010 ms
INFO: at 20329.444 ms batch [65.844] delay 25.882 ms
INFO: at 20329.444 ms fetching 65.844 ms
INFO: at 20355.331 ms batch [65.050] delay 25.882 ms
INFO: at 20355.331 ms fetching 65.050 ms
INFO: at 20381.217 ms batch [62.167] delay 25.882 ms
INFO: at 20381.217 ms fetching 62.167 ms
INFO: at 20407.102 ms batch [41.214] delay 25.882 ms
INFO: at 20407.102 ms fetching 41.214 ms
INFO: at 20432.988 ms batch [87.541] delay 25.882 ms
INFO: at 20432.988 ms fetching 87.541 ms
INFO: at 20458.874 ms batch [41.344] delay 25.882 ms
INFO: at 20458.874 ms fetching 41.344 ms
INFO: at 20484.761 ms batch [86.841] delay 25.882 ms
INFO: at 20484.761 ms fetching 86.841 ms
INFO: at 20510.647 ms batch [46.067] delay 25.882 ms
INFO: at 20510.647 ms fetching 46.067 ms
INFO: at 20536.534 ms batch [88.153] delay 25.882 ms
INFO: at 20536.534 ms fetching 88.153 ms
INFO: at 20562.420 ms batch [70.026] delay 25.882 ms
INFO: at 20562.420 ms fetching 70.026 ms
INFO: at 20588.306 ms batch [46.117] delay 25.882 ms
INFO: at 20588.306 ms fetching 46.117 ms
INFO: at 20614.191 ms batch [45.251] delay 25.882 ms
INFO: at 20614.191 ms fetching 45.251 ms
INFO: at 20640.077 ms batch [89.272] delay 25.882 ms
INFO: at 20640.077 ms fetching 89.272 ms
INFO: at 20665.963 ms batch [21.767] delay 25.882 ms
INFO: at 20665.963 ms fetching 21.767 ms
INFO: at 20691.850 ms batch [21.326] delay 20.000 ms
INFO: at 20691.850 ms fetching 21.326 ms
INFO: at 20711.852 ms batch [89.148] delay 20.000 ms
INFO: at 20711.852 ms fetching 89.148 ms
INFO: at 20731.856 ms batch [21.698] delay 20.000 ms
INFO: at 20731.856 ms fetching 21.698 ms
INFO: at 20751.860 ms batch [90.824] delay 20.000 ms
INFO: at 20751.860 ms fetching 90.824 ms
INFO: at 20771.863 ms batch [93.254] delay 20.000 ms
INFO: at 20771.863 ms fetching 93.254 ms
INFO: at 20791.867 ms batch [22.640] delay 20.000 ms
INFO: at 20791.867 ms fetching 22.640 ms
INFO: at 20811.871 ms batch [20.974] delay 20.000 ms
INFO: at 20811.871 ms fetching 20.974 ms
INFO: at 20831.874 ms batch [42.307] delay 20.000 ms
INFO: at 20831.874 ms fetching 42.307 ms
INFO: at 20851.879 ms batch [18.819] delay 20.000 ms
INFO: at 20851.879 ms fetching 18.819 ms
INFO: at 20871.881 ms batch [89.424] delay 20.000 ms
INFO: at 20871.881 ms fetching 89.424 ms
INFO: at 20891.884 ms batch [87.090] delay 20.000 ms
INFO: at 20891.884 ms fetching 87.090 ms
INFO: at 20911.888 ms batch [65.754] delay 20.000 ms
INFO: at 20911.888 ms fetching 65.754 ms
INFO: at 20931.892 ms batch [88.246] delay 20.000 ms
INFO: at 20931.892 ms fetching 88.246 ms
INFO: at 20951.894 ms batch [38.504] delay 20.000 ms
INFO: at 20951.894 ms fetching 38.504 ms
INFO: at 20971.898 ms batch [42.529] delay 20.000 ms
INFO: at 20971.898 ms fetching 42.529 ms
INFO: at 20991.901 ms batch [65.579] delay 20.000 ms
INFO: at 20991.901 ms fetching 65.579 ms
INFO: at 21011.904 ms batch [68.799] delay 20.000 ms
INFO: at 21011.904 ms fetching 68.799 ms
INFO: at 21031.908 ms batch [19.730] delay 20.000 ms
INFO: at 21031.908 ms fetching 19.730 ms
INFO: at 21051.911 ms batch [41.069] delay 20.000 ms
INFO: at 21051.911 ms fetching 41.069 ms
INFO: at 21071.914 ms batch [64.563] delay 20.000 ms
INFO: at 21071.914 ms fetching 64.563 ms
INFO: at 21091.917 ms batch [87.696] delay 20.000 ms
INFO: at 21091.917 ms fetching 87.696 ms
INFO: at 21111.920 ms batch [44.868] delay 20.000 ms
INFO: at 21111.920 ms fetching 44.868 ms
INFO: at 21131.923 ms batch [68.294] delay 29.333 ms
INFO: at 21131.923 ms fetching 68.294 ms
INFO: at 21161.261 ms batch [64.812] delay 29.333 ms
INFO: at 21161.261 ms fetching 64.812 ms
INFO: at 21190.598 ms batch [67.447] delay 29.333 ms
INFO: at 21190.598 ms fetching 67.447 ms
INFO: at 21219.936 ms batch [65.319] delay 29.333 ms
INFO: at 21219.936 ms fetching 65.319 ms
INFO: at 21249.273 ms batch [64.846] delay 29.333 ms
INFO: at 21249.273 ms fetching 64.846 ms
INFO: at 21278.609 ms batch [40.819] delay 29.333 ms
INFO: at 21278.609 ms fetching 40.819 ms
INFO: at 21307.947 ms batch [67.007] delay 29.333 ms
INFO: at 21307.947 ms fetching 67.007 ms
INFO: at 21337.284 ms batch [43.227] delay 29.333 ms
INFO: at 21337.284 ms fetching 43.227 ms
INFO: at 21366.622 ms batch [43.254] delay 29.333 ms
INFO: at 21366.622 ms fetching 43.254 ms
INFO: at 21395.959 ms batch [63.562] delay 0.000 ms
INFO: at 21395.959 ms fetching 63.562 ms
INFO: done
22-04-03:04:41:30 INFO     [clipper_admin.py:1424] [default-cluster] Stopped all Clipper cluster and all model containers
