INFO: nexus_dir=/workdir/nexus model_dir=/workdir/DynWork/multimodal_dataset_gpu/repeat-3/Multimodal_Real_Dataset/Azure/translation/mbart_wmt/2_x_P99/nexus/models log_dir=/workdir/DynWork/multimodal_dataset_gpu/repeat-3/Multimodal_Real_Dataset/Azure/translation/mbart_wmt/2_x_P99/nexus/logs model=fake_0
INFO: waiting frontend to spin up
INFO: ready to go
INFO: rock and roll
INFO: at 5.908 ms batch [726.831] delay 189.898 ms
INFO: at 5.908 ms fetching 726.831 ms
INFO: at 196.731 ms batch [726.649] delay 189.898 ms
INFO: at 196.731 ms fetching 726.649 ms
INFO: at 387.161 ms batch [139.074] delay 189.898 ms
INFO: at 387.161 ms fetching 139.074 ms
INFO: at 578.371 ms batch [723.687] delay 189.898 ms
INFO: at 578.371 ms fetching 723.687 ms
INFO: at 769.083 ms batch [138.890] delay 189.898 ms
INFO: at 769.083 ms fetching 138.890 ms
INFO: at 960.270 ms batch [724.208] delay 189.898 ms
INFO: at 960.270 ms fetching 724.208 ms
INFO: at 1150.756 ms batch [727.971] delay 189.898 ms
INFO: at 1150.756 ms fetching 727.971 ms
INFO: at 1341.258 ms batch [725.508] delay 189.898 ms
INFO: at 1341.258 ms fetching 725.508 ms
INFO: at 1531.797 ms batch [138.341] delay 189.898 ms
INFO: at 1531.797 ms fetching 138.341 ms
INFO: at 1722.341 ms batch [729.566] delay 189.898 ms
INFO: at 1722.341 ms fetching 729.566 ms
INFO: at 1913.567 ms batch [139.224] delay 237.373 ms
INFO: at 1913.567 ms fetching 139.224 ms
INFO: at 2152.811 ms batch [723.787] delay 237.373 ms
INFO: at 2152.811 ms fetching 723.787 ms
INFO: at 2392.061 ms batch [138.752] delay 237.373 ms
INFO: at 2392.061 ms fetching 138.752 ms
INFO: at 2630.580 ms batch [725.167] delay 237.373 ms
INFO: at 2630.580 ms fetching 725.167 ms
INFO: at 2869.856 ms batch [726.951] delay 237.373 ms
INFO: at 2869.856 ms fetching 726.951 ms
INFO: at 3109.071 ms batch [726.168] delay 237.373 ms
INFO: at 3109.071 ms fetching 726.168 ms
INFO: at 3348.066 ms batch [723.635] delay 237.373 ms
INFO: at 3348.066 ms fetching 723.635 ms
INFO: at 3585.938 ms batch [138.973] delay 237.373 ms
INFO: at 3585.938 ms fetching 138.973 ms
INFO: at 3825.269 ms batch [730.158] delay 158.249 ms
INFO: at 3825.269 ms fetching 730.158 ms
INFO: at 3984.627 ms batch [726.149] delay 158.249 ms
INFO: at 3984.627 ms fetching 726.149 ms
INFO: at 4143.822 ms batch [729.288] delay 158.249 ms
INFO: at 4143.822 ms fetching 729.288 ms
INFO: at 4303.022 ms batch [140.352] delay 158.249 ms
INFO: at 4303.022 ms fetching 140.352 ms
INFO: at 4462.097 ms batch [138.602] delay 158.249 ms
INFO: at 4462.097 ms fetching 138.602 ms
INFO: at 4621.661 ms batch [725.934] delay 158.249 ms
INFO: at 4621.661 ms fetching 725.934 ms
INFO: at 4780.760 ms batch [726.684] delay 158.249 ms
INFO: at 4780.760 ms fetching 726.684 ms
INFO: at 4939.753 ms batch [727.953] delay 158.249 ms
INFO: at 4939.753 ms fetching 727.953 ms
INFO: at 5099.130 ms batch [139.127] delay 158.249 ms
INFO: at 5099.130 ms fetching 139.127 ms
INFO: at 5258.615 ms batch [139.371] delay 158.249 ms
INFO: at 5258.615 ms fetching 139.371 ms
INFO: at 5418.120 ms batch [140.021] delay 158.249 ms
INFO: at 5418.120 ms fetching 140.021 ms
INFO: at 5577.570 ms batch [727.731] delay 158.249 ms
INFO: at 5577.570 ms fetching 727.731 ms
INFO: at 5736.822 ms batch [138.352] delay 126.599 ms
INFO: at 5736.822 ms fetching 138.352 ms
INFO: at 5863.983 ms batch [138.910] delay 126.599 ms
INFO: at 5863.983 ms fetching 138.910 ms
INFO: at 5991.177 ms batch [727.266] delay 126.599 ms
INFO: at 5991.177 ms fetching 727.266 ms
INFO: at 6118.642 ms batch [138.474] delay 126.599 ms
INFO: at 6118.642 ms fetching 138.474 ms
INFO: at 6246.131 ms batch [138.661] delay 126.599 ms
INFO: at 6246.131 ms fetching 138.661 ms
INFO: at 6373.621 ms batch [723.499] delay 126.599 ms
INFO: at 6373.621 ms fetching 723.499 ms
INFO: at 6501.133 ms batch [139.027] delay 126.599 ms
INFO: at 6501.133 ms fetching 139.027 ms
INFO: at 6628.700 ms batch [725.426] delay 126.599 ms
INFO: at 6628.700 ms fetching 725.426 ms
INFO: at 6755.997 ms batch [724.021] delay 126.599 ms
INFO: at 6755.997 ms fetching 724.021 ms
INFO: at 6883.215 ms batch [724.926] delay 126.599 ms
INFO: at 6883.215 ms fetching 724.926 ms
INFO: at 7010.388 ms batch [139.149] delay 126.599 ms
INFO: at 7010.388 ms fetching 139.149 ms
INFO: at 7137.574 ms batch [726.296] delay 126.599 ms
INFO: at 7137.574 ms fetching 726.296 ms
INFO: at 7264.774 ms batch [727.134] delay 126.599 ms
INFO: at 7264.774 ms fetching 727.134 ms
INFO: at 7391.992 ms batch [726.786] delay 126.599 ms
INFO: at 7391.992 ms fetching 726.786 ms
INFO: at 7519.279 ms batch [723.770] delay 126.599 ms
INFO: at 7519.279 ms fetching 723.770 ms
INFO: at 7646.931 ms batch [726.972] delay 210.998 ms
INFO: at 7646.931 ms fetching 726.972 ms
INFO: at 7859.841 ms batch [139.615] delay 210.998 ms
INFO: at 7859.841 ms fetching 139.615 ms
INFO: at 8072.277 ms batch [139.919] delay 210.998 ms
INFO: at 8072.277 ms fetching 139.919 ms
INFO: at 8284.557 ms batch [139.482] delay 210.998 ms
INFO: at 8284.557 ms fetching 139.482 ms
INFO: at 8496.850 ms batch [138.729] delay 210.998 ms
INFO: at 8496.850 ms fetching 138.729 ms
INFO: at 8709.192 ms batch [723.314] delay 210.998 ms
INFO: at 8709.192 ms fetching 723.314 ms
INFO: at 8921.519 ms batch [139.186] delay 210.998 ms
INFO: at 8921.519 ms fetching 139.186 ms
INFO: at 9133.359 ms batch [138.279] delay 210.998 ms
INFO: at 9133.359 ms fetching 138.279 ms
INFO: at 9345.786 ms batch [723.867] delay 210.998 ms
INFO: at 9345.786 ms fetching 723.867 ms
INFO: at 9558.114 ms batch [139.569] delay 189.898 ms
INFO: at 9558.114 ms fetching 139.569 ms
INFO: at 9749.433 ms batch [139.447] delay 189.898 ms
INFO: at 9749.433 ms fetching 139.447 ms
INFO: at 9940.560 ms batch [138.370] delay 189.898 ms
INFO: at 9940.560 ms fetching 138.370 ms
INFO: at 10131.832 ms batch [724.060] delay 189.898 ms
INFO: at 10131.832 ms fetching 724.060 ms
INFO: at 10322.177 ms batch [725.112] delay 189.898 ms
INFO: at 10322.177 ms fetching 725.112 ms
INFO: at 10512.582 ms batch [727.162] delay 189.898 ms
INFO: at 10512.582 ms fetching 727.162 ms
INFO: at 10703.826 ms batch [725.416] delay 189.898 ms
INFO: at 10703.826 ms fetching 725.416 ms
INFO: at 10895.094 ms batch [138.978] delay 189.898 ms
INFO: at 10895.094 ms fetching 138.978 ms
INFO: at 11086.336 ms batch [138.681] delay 189.898 ms
INFO: at 11086.336 ms fetching 138.681 ms
INFO: at 11278.542 ms batch [723.434] delay 189.898 ms
INFO: at 11278.542 ms fetching 723.434 ms
INFO: at 11468.963 ms batch [138.918] delay 172.635 ms
INFO: at 11468.963 ms fetching 138.918 ms
INFO: at 11642.266 ms batch [138.562] delay 172.635 ms
INFO: at 11642.266 ms fetching 138.562 ms
INFO: at 11815.509 ms batch [726.348] delay 172.635 ms
INFO: at 11815.509 ms fetching 726.348 ms
INFO: at 11988.791 ms batch [138.512] delay 172.635 ms
INFO: at 11988.791 ms fetching 138.512 ms
INFO: at 12162.025 ms batch [725.204] delay 172.635 ms
INFO: at 12162.025 ms fetching 725.204 ms
INFO: at 12335.404 ms batch [139.141] delay 172.635 ms
INFO: at 12335.404 ms fetching 139.141 ms
INFO: at 12508.706 ms batch [728.487] delay 172.635 ms
INFO: at 12508.706 ms fetching 728.487 ms
INFO: at 12681.931 ms batch [138.720] delay 172.635 ms
INFO: at 12681.931 ms fetching 138.720 ms
INFO: at 12855.139 ms batch [735.458] delay 172.635 ms
INFO: at 12855.139 ms fetching 735.458 ms
INFO: at 13028.389 ms batch [139.470] delay 172.635 ms
INFO: at 13028.389 ms fetching 139.470 ms
INFO: at 13201.615 ms batch [723.137] delay 172.635 ms
INFO: at 13201.615 ms fetching 723.137 ms
INFO: at 13374.681 ms batch [137.800] delay 210.998 ms
INFO: at 13374.681 ms fetching 137.800 ms
INFO: at 13587.004 ms batch [725.283] delay 210.998 ms
INFO: at 13587.004 ms fetching 725.283 ms
INFO: at 13799.302 ms batch [725.316] delay 210.998 ms
INFO: at 13799.302 ms fetching 725.316 ms
INFO: at 14011.610 ms batch [138.717] delay 210.998 ms
INFO: at 14011.610 ms fetching 138.717 ms
INFO: at 14223.966 ms batch [139.045] delay 210.998 ms
INFO: at 14223.966 ms fetching 139.045 ms
INFO: at 14435.881 ms batch [727.864] delay 210.998 ms
INFO: at 14435.881 ms fetching 727.864 ms
INFO: at 14648.214 ms batch [139.858] delay 210.998 ms
INFO: at 14648.214 ms fetching 139.858 ms
INFO: at 14860.582 ms batch [139.085] delay 210.998 ms
INFO: at 14860.582 ms fetching 139.085 ms
INFO: at 15072.774 ms batch [727.294] delay 210.998 ms
INFO: at 15072.774 ms fetching 727.294 ms
INFO: at 15285.005 ms batch [728.363] delay 189.898 ms
INFO: at 15285.005 ms fetching 728.363 ms
INFO: at 15475.438 ms batch [139.111] delay 189.898 ms
INFO: at 15475.438 ms fetching 139.111 ms
INFO: at 15665.845 ms batch [728.340] delay 189.898 ms
INFO: at 15665.845 ms fetching 728.340 ms
INFO: at 15857.153 ms batch [138.036] delay 189.898 ms
INFO: at 15857.153 ms fetching 138.036 ms
INFO: at 16048.410 ms batch [725.293] delay 189.898 ms
INFO: at 16048.410 ms fetching 725.293 ms
INFO: at 16239.641 ms batch [722.007] delay 189.898 ms
INFO: at 16239.641 ms fetching 722.007 ms
INFO: at 16429.968 ms batch [725.773] delay 189.898 ms
INFO: at 16429.968 ms fetching 725.773 ms
INFO: at 16621.258 ms batch [139.279] delay 189.898 ms
INFO: at 16621.258 ms fetching 139.279 ms
INFO: at 16812.496 ms batch [138.648] delay 189.898 ms
INFO: at 16812.496 ms fetching 138.648 ms
INFO: at 17003.702 ms batch [724.369] delay 189.898 ms
INFO: at 17003.702 ms fetching 724.369 ms
INFO: at 17194.960 ms batch [727.585] delay 172.635 ms
INFO: at 17194.960 ms fetching 727.585 ms
INFO: at 17368.180 ms batch [727.376] delay 172.635 ms
INFO: at 17368.180 ms fetching 727.376 ms
INFO: at 17541.483 ms batch [729.447] delay 172.635 ms
INFO: at 17541.483 ms fetching 729.447 ms
INFO: at 17714.786 ms batch [139.788] delay 172.635 ms
INFO: at 17714.786 ms fetching 139.788 ms
INFO: at 17888.069 ms batch [139.836] delay 172.635 ms
INFO: at 17888.069 ms fetching 139.836 ms
INFO: at 18061.316 ms batch [726.961] delay 172.635 ms
INFO: at 18061.316 ms fetching 726.961 ms
INFO: at 18234.535 ms batch [728.460] delay 172.635 ms
INFO: at 18234.535 ms fetching 728.460 ms
INFO: at 18407.758 ms batch [139.113] delay 172.635 ms
INFO: at 18407.758 ms fetching 139.113 ms
INFO: at 18580.874 ms batch [725.552] delay 172.635 ms
INFO: at 18580.874 ms fetching 725.552 ms
INFO: at 18754.152 ms batch [139.345] delay 172.635 ms
INFO: at 18754.152 ms fetching 139.345 ms
INFO: at 18927.374 ms batch [724.606] delay 172.635 ms
INFO: at 18927.374 ms fetching 724.606 ms
INFO: at 19100.662 ms batch [725.793] delay 189.898 ms
INFO: at 19100.662 ms fetching 725.793 ms
INFO: at 19291.016 ms batch [138.403] delay 189.898 ms
INFO: at 19291.016 ms fetching 138.403 ms
INFO: at 19482.283 ms batch [726.245] delay 189.898 ms
INFO: at 19482.283 ms fetching 726.245 ms
INFO: at 19673.708 ms batch [139.323] delay 189.898 ms
INFO: at 19673.708 ms fetching 139.323 ms
INFO: at 19864.066 ms batch [139.050] delay 189.898 ms
INFO: at 19864.066 ms fetching 139.050 ms
INFO: at 20055.384 ms batch [729.027] delay 189.898 ms
INFO: at 20055.384 ms fetching 729.027 ms
INFO: at 20246.608 ms batch [138.789] delay 189.898 ms
INFO: at 20246.608 ms fetching 138.789 ms
INFO: at 20437.841 ms batch [138.967] delay 189.898 ms
INFO: at 20437.841 ms fetching 138.967 ms
INFO: at 20628.423 ms batch [138.887] delay 189.898 ms
INFO: at 20628.423 ms fetching 138.887 ms
INFO: at 20819.710 ms batch [139.284] delay 189.898 ms
INFO: at 20819.710 ms fetching 139.284 ms
INFO: at 21010.965 ms batch [727.095] delay 158.249 ms
INFO: at 21010.965 ms fetching 727.095 ms
INFO: at 21170.151 ms batch [724.075] delay 158.249 ms
INFO: at 21170.151 ms fetching 724.075 ms
INFO: at 21329.338 ms batch [721.587] delay 158.249 ms
INFO: at 21329.338 ms fetching 721.587 ms
INFO: at 21488.544 ms batch [139.549] delay 158.249 ms
INFO: at 21488.544 ms fetching 139.549 ms
INFO: at 21647.663 ms batch [723.851] delay 158.249 ms
INFO: at 21647.663 ms fetching 723.851 ms
INFO: at 21807.003 ms batch [138.256] delay 158.249 ms
INFO: at 21807.003 ms fetching 138.256 ms
INFO: at 21966.334 ms batch [724.520] delay 158.249 ms
INFO: at 21966.334 ms fetching 724.520 ms
INFO: at 22125.543 ms batch [139.545] delay 158.249 ms
INFO: at 22125.543 ms fetching 139.545 ms
INFO: at 22284.743 ms batch [139.154] delay 158.249 ms
INFO: at 22284.743 ms fetching 139.154 ms
INFO: at 22443.946 ms batch [725.254] delay 158.249 ms
INFO: at 22443.946 ms fetching 725.254 ms
INFO: at 22603.182 ms batch [139.816] delay 158.249 ms
INFO: at 22603.182 ms fetching 139.816 ms
INFO: at 22761.898 ms batch [139.207] delay 158.249 ms
INFO: at 22761.898 ms fetching 139.207 ms
INFO: at 22921.209 ms batch [139.796] delay 189.898 ms
INFO: at 22921.209 ms fetching 139.796 ms
INFO: at 23111.607 ms batch [724.290] delay 189.898 ms
INFO: at 23111.607 ms fetching 724.290 ms
INFO: at 23302.934 ms batch [137.907] delay 189.898 ms
INFO: at 23302.934 ms fetching 137.907 ms
INFO: at 23494.195 ms batch [139.495] delay 189.898 ms
INFO: at 23494.195 ms fetching 139.495 ms
INFO: at 23685.390 ms batch [139.037] delay 189.898 ms
INFO: at 23685.390 ms fetching 139.037 ms
INFO: at 23876.305 ms batch [138.392] delay 189.898 ms
INFO: at 23876.305 ms fetching 138.392 ms
INFO: at 24066.701 ms batch [139.364] delay 189.898 ms
INFO: at 24066.701 ms fetching 139.364 ms
INFO: at 24257.933 ms batch [138.828] delay 189.898 ms
INFO: at 24257.933 ms fetching 138.828 ms
INFO: at 24449.156 ms batch [139.387] delay 189.898 ms
INFO: at 24449.156 ms fetching 139.387 ms
INFO: at 24640.417 ms batch [727.059] delay 189.898 ms
INFO: at 24640.417 ms fetching 727.059 ms
INFO: at 24831.660 ms batch [138.870] delay 172.635 ms
INFO: at 24831.660 ms fetching 138.870 ms
INFO: at 25005.199 ms batch [138.578] delay 172.635 ms
INFO: at 25005.199 ms fetching 138.578 ms
INFO: at 25178.497 ms batch [138.408] delay 172.635 ms
INFO: at 25178.497 ms fetching 138.408 ms
INFO: at 25351.724 ms batch [140.126] delay 172.635 ms
INFO: at 25351.724 ms fetching 140.126 ms
INFO: at 25524.975 ms batch [727.361] delay 172.635 ms
INFO: at 25524.975 ms fetching 727.361 ms
INFO: at 25698.208 ms batch [138.726] delay 172.635 ms
INFO: at 25698.208 ms fetching 138.726 ms
INFO: at 25871.440 ms batch [725.091] delay 172.635 ms
INFO: at 25871.440 ms fetching 725.091 ms
INFO: at 26044.448 ms batch [139.403] delay 172.635 ms
INFO: at 26044.448 ms fetching 139.403 ms
INFO: at 26217.752 ms batch [727.348] delay 172.635 ms
INFO: at 26217.752 ms fetching 727.348 ms
INFO: at 26390.987 ms batch [139.167] delay 172.635 ms
INFO: at 26390.987 ms fetching 139.167 ms
INFO: at 26564.203 ms batch [138.809] delay 172.635 ms
INFO: at 26564.203 ms fetching 138.809 ms
INFO: at 26737.437 ms batch [138.820] delay 210.998 ms
INFO: at 26737.437 ms fetching 138.820 ms
INFO: at 26949.804 ms batch [726.625] delay 210.998 ms
INFO: at 26949.804 ms fetching 726.625 ms
INFO: at 27162.214 ms batch [725.923] delay 210.998 ms
INFO: at 27162.214 ms fetching 725.923 ms
INFO: at 27374.592 ms batch [138.120] delay 210.998 ms
INFO: at 27374.592 ms fetching 138.120 ms
INFO: at 27586.716 ms batch [726.326] delay 210.998 ms
INFO: at 27586.716 ms fetching 726.326 ms
INFO: at 27798.883 ms batch [138.451] delay 210.998 ms
INFO: at 27798.883 ms fetching 138.451 ms
INFO: at 28011.167 ms batch [726.216] delay 210.998 ms
INFO: at 28011.167 ms fetching 726.216 ms
INFO: at 28222.942 ms batch [139.648] delay 210.998 ms
INFO: at 28222.942 ms fetching 139.648 ms
INFO: at 28435.287 ms batch [138.949] delay 210.998 ms
INFO: at 28435.287 ms fetching 138.949 ms
INFO: at 28647.543 ms batch [724.303] delay 146.076 ms
INFO: at 28647.543 ms fetching 724.303 ms
INFO: at 28794.743 ms batch [138.376] delay 146.076 ms
INFO: at 28794.743 ms fetching 138.376 ms
INFO: at 28941.924 ms batch [138.986] delay 146.076 ms
INFO: at 28941.924 ms fetching 138.986 ms
INFO: at 29088.759 ms batch [727.647] delay 146.076 ms
INFO: at 29088.759 ms fetching 727.647 ms
INFO: at 29235.984 ms batch [725.340] delay 146.076 ms
INFO: at 29235.984 ms fetching 725.340 ms
INFO: at 29383.200 ms batch [726.407] delay 146.076 ms
INFO: at 29383.200 ms fetching 726.407 ms
INFO: at 29530.286 ms batch [138.164] delay 146.076 ms
INFO: at 29530.286 ms fetching 138.164 ms
INFO: at 29677.422 ms batch [139.221] delay 146.076 ms
INFO: at 29677.422 ms fetching 139.221 ms
INFO: at 29824.614 ms batch [723.599] delay 146.076 ms
INFO: at 29824.614 ms fetching 723.599 ms
INFO: at 29971.804 ms batch [726.378] delay 146.076 ms
INFO: at 29971.804 ms fetching 726.378 ms
INFO: at 30118.526 ms batch [139.878] delay 146.076 ms
INFO: at 30118.526 ms fetching 139.878 ms
INFO: at 30265.843 ms batch [138.622] delay 146.076 ms
INFO: at 30265.843 ms fetching 138.622 ms
INFO: at 30413.056 ms batch [138.786] delay 146.076 ms
INFO: at 30413.056 ms fetching 138.786 ms
INFO: at 30560.296 ms batch [725.883] delay 210.998 ms
INFO: at 30560.296 ms fetching 725.883 ms
INFO: at 30772.686 ms batch [139.296] delay 210.998 ms
INFO: at 30772.686 ms fetching 139.296 ms
INFO: at 30984.984 ms batch [725.215] delay 210.998 ms
INFO: at 30984.984 ms fetching 725.215 ms
INFO: at 31197.278 ms batch [725.562] delay 210.998 ms
INFO: at 31197.278 ms fetching 725.562 ms
INFO: at 31409.313 ms batch [723.007] delay 210.998 ms
INFO: at 31409.313 ms fetching 723.007 ms
INFO: at 31621.651 ms batch [138.183] delay 210.998 ms
INFO: at 31621.651 ms fetching 138.183 ms
INFO: at 31833.912 ms batch [139.098] delay 210.998 ms
INFO: at 31833.912 ms fetching 139.098 ms
INFO: at 32046.165 ms batch [138.863] delay 210.998 ms
INFO: at 32046.165 ms fetching 138.863 ms
INFO: at 32258.461 ms batch [137.999] delay 210.998 ms
INFO: at 32258.461 ms fetching 137.999 ms
INFO: at 32470.247 ms batch [729.794] delay 316.497 ms
INFO: at 32470.247 ms fetching 729.794 ms
INFO: at 32787.717 ms batch [724.453] delay 316.497 ms
INFO: at 32787.717 ms fetching 724.453 ms
INFO: at 33105.113 ms batch [138.954] delay 316.497 ms
INFO: at 33105.113 ms fetching 138.954 ms
INFO: at 33422.921 ms batch [725.605] delay 316.497 ms
INFO: at 33422.921 ms fetching 725.605 ms
INFO: at 33740.378 ms batch [724.771] delay 316.497 ms
INFO: at 33740.378 ms fetching 724.771 ms
INFO: at 34057.724 ms batch [138.975] delay 316.497 ms
INFO: at 34057.724 ms fetching 138.975 ms
INFO: at 34374.860 ms batch [139.063] delay 210.998 ms
INFO: at 34374.860 ms fetching 139.063 ms
INFO: at 34587.329 ms batch [138.493] delay 210.998 ms
INFO: at 34587.329 ms fetching 138.493 ms
INFO: at 34799.663 ms batch [727.697] delay 210.998 ms
INFO: at 34799.663 ms fetching 727.697 ms
INFO: at 35011.914 ms batch [725.224] delay 210.998 ms
INFO: at 35011.914 ms fetching 725.224 ms
INFO: at 35224.003 ms batch [139.599] delay 210.998 ms
INFO: at 35224.003 ms fetching 139.599 ms
INFO: at 35436.255 ms batch [723.990] delay 210.998 ms
INFO: at 35436.255 ms fetching 723.990 ms
INFO: at 35648.531 ms batch [138.447] delay 210.998 ms
INFO: at 35648.531 ms fetching 138.447 ms
INFO: at 35860.750 ms batch [138.540] delay 210.998 ms
INFO: at 35860.750 ms fetching 138.540 ms
INFO: at 36072.332 ms batch [139.393] delay 210.998 ms
INFO: at 36072.332 ms fetching 139.393 ms
INFO: at 36284.597 ms batch [138.749] delay 210.998 ms
INFO: at 36284.597 ms fetching 138.749 ms
INFO: at 36496.879 ms batch [724.967] delay 210.998 ms
INFO: at 36496.879 ms fetching 724.967 ms
INFO: at 36709.103 ms batch [139.478] delay 210.998 ms
INFO: at 36709.103 ms fetching 139.478 ms
INFO: at 36921.341 ms batch [139.124] delay 210.998 ms
INFO: at 36921.341 ms fetching 139.124 ms
INFO: at 37133.142 ms batch [725.520] delay 210.998 ms
INFO: at 37133.142 ms fetching 725.520 ms
INFO: at 37345.461 ms batch [138.868] delay 210.998 ms
INFO: at 37345.461 ms fetching 138.868 ms
INFO: at 37557.700 ms batch [721.669] delay 210.998 ms
INFO: at 37557.700 ms fetching 721.669 ms
INFO: at 37769.907 ms batch [138.293] delay 210.998 ms
INFO: at 37769.907 ms fetching 138.293 ms
INFO: at 37981.615 ms batch [138.885] delay 210.998 ms
INFO: at 37981.615 ms fetching 138.885 ms
INFO: at 38193.778 ms batch [722.649] delay 316.497 ms
INFO: at 38193.778 ms fetching 722.649 ms
INFO: at 38511.214 ms batch [728.191] delay 316.497 ms
INFO: at 38511.214 ms fetching 728.191 ms
INFO: at 38828.685 ms batch [139.610] delay 316.497 ms
INFO: at 38828.685 ms fetching 139.610 ms
INFO: at 39146.519 ms batch [139.891] delay 316.497 ms
INFO: at 39146.519 ms fetching 139.891 ms
INFO: at 39463.895 ms batch [722.463] delay 316.497 ms
INFO: at 39463.895 ms fetching 722.463 ms
INFO: at 39781.278 ms batch [725.944] delay 316.497 ms
INFO: at 39781.278 ms fetching 725.944 ms
INFO: at 40098.935 ms batch [724.532] delay 172.635 ms
INFO: at 40098.935 ms fetching 724.532 ms
INFO: at 40272.175 ms batch [139.039] delay 172.635 ms
INFO: at 40272.175 ms fetching 139.039 ms
INFO: at 40445.418 ms batch [139.320] delay 172.635 ms
INFO: at 40445.418 ms fetching 139.320 ms
INFO: at 40618.662 ms batch [727.680] delay 172.635 ms
INFO: at 40618.662 ms fetching 727.680 ms
INFO: at 40791.893 ms batch [725.020] delay 172.635 ms
INFO: at 40791.893 ms fetching 725.020 ms
INFO: at 40965.147 ms batch [726.660] delay 172.635 ms
INFO: at 40965.147 ms fetching 726.660 ms
INFO: at 41138.332 ms batch [728.799] delay 172.635 ms
INFO: at 41138.332 ms fetching 728.799 ms
INFO: at 41311.489 ms batch [723.376] delay 172.635 ms
INFO: at 41311.489 ms fetching 723.376 ms
INFO: at 41484.696 ms batch [726.716] delay 172.635 ms
INFO: at 41484.696 ms fetching 726.716 ms
INFO: at 41657.766 ms batch [723.557] delay 172.635 ms
INFO: at 41657.766 ms fetching 723.557 ms
INFO: at 41831.800 ms batch [139.108] delay 172.635 ms
INFO: at 41831.800 ms fetching 139.108 ms
INFO: at 42005.005 ms batch [727.146] delay 189.898 ms
INFO: at 42005.005 ms fetching 727.146 ms
INFO: at 42196.244 ms batch [138.609] delay 189.898 ms
INFO: at 42196.244 ms fetching 138.609 ms
INFO: at 42387.539 ms batch [138.732] delay 189.898 ms
INFO: at 42387.539 ms fetching 138.732 ms
INFO: at 42578.870 ms batch [138.575] delay 189.898 ms
INFO: at 42578.870 ms fetching 138.575 ms
INFO: at 42769.881 ms batch [139.355] delay 189.898 ms
INFO: at 42769.881 ms fetching 139.355 ms
INFO: at 42961.116 ms batch [139.246] delay 189.898 ms
INFO: at 42961.116 ms fetching 139.246 ms
INFO: at 43152.389 ms batch [138.690] delay 189.898 ms
INFO: at 43152.389 ms fetching 138.690 ms
INFO: at 43343.624 ms batch [723.035] delay 189.898 ms
INFO: at 43343.624 ms fetching 723.035 ms
INFO: at 43534.912 ms batch [138.981] delay 189.898 ms
INFO: at 43534.912 ms fetching 138.981 ms
INFO: at 43725.544 ms batch [138.694] delay 189.898 ms
INFO: at 43725.544 ms fetching 138.694 ms
INFO: at 43916.823 ms batch [723.931] delay 172.635 ms
INFO: at 43916.823 ms fetching 723.931 ms
INFO: at 44090.021 ms batch [138.760] delay 172.635 ms
INFO: at 44090.021 ms fetching 138.760 ms
INFO: at 44263.240 ms batch [139.686] delay 172.635 ms
INFO: at 44263.240 ms fetching 139.686 ms
INFO: at 44436.499 ms batch [139.314] delay 172.635 ms
INFO: at 44436.499 ms fetching 139.314 ms
INFO: at 44609.680 ms batch [726.671] delay 172.635 ms
INFO: at 44609.680 ms fetching 726.671 ms
INFO: at 44783.309 ms batch [727.227] delay 172.635 ms
INFO: at 44783.309 ms fetching 727.227 ms
INFO: at 44956.562 ms batch [139.308] delay 172.635 ms
INFO: at 44956.562 ms fetching 139.308 ms
INFO: at 45129.741 ms batch [139.435] delay 172.635 ms
INFO: at 45129.741 ms fetching 139.435 ms
INFO: at 45302.841 ms batch [728.252] delay 172.635 ms
INFO: at 45302.841 ms fetching 728.252 ms
INFO: at 45475.972 ms batch [139.511] delay 172.635 ms
INFO: at 45475.972 ms fetching 139.511 ms
INFO: at 45649.173 ms batch [727.882] delay 172.635 ms
INFO: at 45649.173 ms fetching 727.882 ms
INFO: at 45822.171 ms batch [727.618] delay 172.635 ms
INFO: at 45822.171 ms fetching 727.618 ms
INFO: at 45995.620 ms batch [726.984] delay 172.635 ms
INFO: at 45995.620 ms fetching 726.984 ms
INFO: at 46169.024 ms batch [728.154] delay 172.635 ms
INFO: at 46169.024 ms fetching 728.154 ms
INFO: at 46342.239 ms batch [138.359] delay 172.635 ms
INFO: at 46342.239 ms fetching 138.359 ms
INFO: at 46515.384 ms batch [139.240] delay 172.635 ms
INFO: at 46515.384 ms fetching 139.240 ms
INFO: at 46689.319 ms batch [138.835] delay 172.635 ms
INFO: at 46689.319 ms fetching 138.835 ms
INFO: at 46862.278 ms batch [726.418] delay 172.635 ms
INFO: at 46862.278 ms fetching 726.418 ms
INFO: at 47035.581 ms batch [726.109] delay 172.635 ms
INFO: at 47035.581 ms fetching 726.109 ms
INFO: at 47208.663 ms batch [722.619] delay 172.635 ms
INFO: at 47208.663 ms fetching 722.619 ms
INFO: at 47382.685 ms batch [138.830] delay 172.635 ms
INFO: at 47382.685 ms fetching 138.830 ms
INFO: at 47556.013 ms batch [724.618] delay 172.635 ms
INFO: at 47556.013 ms fetching 724.618 ms
INFO: at 47729.098 ms batch [139.846] delay 135.642 ms
INFO: at 47729.098 ms fetching 139.846 ms
INFO: at 47865.154 ms batch [139.226] delay 135.642 ms
INFO: at 47865.154 ms fetching 139.226 ms
INFO: at 48001.503 ms batch [139.006] delay 135.642 ms
INFO: at 48001.503 ms fetching 139.006 ms
INFO: at 48137.754 ms batch [726.440] delay 135.642 ms
INFO: at 48137.754 ms fetching 726.440 ms
INFO: at 48273.924 ms batch [139.088] delay 135.642 ms
INFO: at 48273.924 ms fetching 139.088 ms
INFO: at 48410.083 ms batch [725.009] delay 135.642 ms
INFO: at 48410.083 ms fetching 725.009 ms
INFO: at 48546.224 ms batch [726.038] delay 135.642 ms
INFO: at 48546.224 ms fetching 726.038 ms
INFO: at 48682.441 ms batch [726.569] delay 135.642 ms
INFO: at 48682.441 ms fetching 726.569 ms
INFO: at 48818.732 ms batch [723.181] delay 135.642 ms
INFO: at 48818.732 ms fetching 723.181 ms
INFO: at 48954.894 ms batch [727.108] delay 135.642 ms
INFO: at 48954.894 ms fetching 727.108 ms
INFO: at 49090.848 ms batch [726.516] delay 135.642 ms
INFO: at 49090.848 ms fetching 726.516 ms
INFO: at 49227.161 ms batch [729.383] delay 135.642 ms
INFO: at 49227.161 ms fetching 729.383 ms
INFO: at 49363.347 ms batch [138.817] delay 135.642 ms
INFO: at 49363.347 ms fetching 138.817 ms
INFO: at 49499.512 ms batch [725.754] delay 135.642 ms
INFO: at 49499.512 ms fetching 725.754 ms
INFO: at 49635.650 ms batch [138.935] delay 189.898 ms
INFO: at 49635.650 ms fetching 138.935 ms
INFO: at 49826.542 ms batch [727.901] delay 189.898 ms
INFO: at 49826.542 ms fetching 727.901 ms
INFO: at 50017.775 ms batch [136.840] delay 189.898 ms
INFO: at 50017.775 ms fetching 136.840 ms
INFO: at 50209.047 ms batch [724.509] delay 189.898 ms
INFO: at 50209.047 ms fetching 724.509 ms
INFO: at 50399.800 ms batch [139.282] delay 189.898 ms
INFO: at 50399.800 ms fetching 139.282 ms
INFO: at 50590.161 ms batch [139.013] delay 189.898 ms
INFO: at 50590.161 ms fetching 139.013 ms
INFO: at 50781.457 ms batch [138.928] delay 189.898 ms
INFO: at 50781.457 ms fetching 138.928 ms
INFO: at 50972.711 ms batch [140.098] delay 189.898 ms
INFO: at 50972.711 ms fetching 140.098 ms
INFO: at 51163.987 ms batch [722.859] delay 189.898 ms
INFO: at 51163.987 ms fetching 722.859 ms
INFO: at 51355.301 ms batch [139.451] delay 189.898 ms
INFO: at 51355.301 ms fetching 139.451 ms
INFO: at 51547.033 ms batch [725.194] delay 158.249 ms
INFO: at 51547.033 ms fetching 725.194 ms
INFO: at 51706.386 ms batch [138.456] delay 158.249 ms
INFO: at 51706.386 ms fetching 138.456 ms
INFO: at 51865.617 ms batch [728.959] delay 158.249 ms
INFO: at 51865.617 ms fetching 728.959 ms
INFO: at 52024.809 ms batch [727.542] delay 158.249 ms
INFO: at 52024.809 ms fetching 727.542 ms
INFO: at 52184.022 ms batch [137.878] delay 158.249 ms
INFO: at 52184.022 ms fetching 137.878 ms
INFO: at 52343.244 ms batch [724.829] delay 158.249 ms
INFO: at 52343.244 ms fetching 724.829 ms
INFO: at 52502.386 ms batch [724.897] delay 158.249 ms
INFO: at 52502.386 ms fetching 724.897 ms
INFO: at 52661.203 ms batch [138.386] delay 158.249 ms
INFO: at 52661.203 ms fetching 138.386 ms
INFO: at 52820.595 ms batch [725.244] delay 158.249 ms
INFO: at 52820.595 ms fetching 725.244 ms
INFO: at 52979.863 ms batch [139.351] delay 158.249 ms
INFO: at 52979.863 ms fetching 139.351 ms
INFO: at 53139.093 ms batch [139.261] delay 158.249 ms
INFO: at 53139.093 ms fetching 139.261 ms
INFO: at 53298.227 ms batch [724.487] delay 158.249 ms
INFO: at 53298.227 ms fetching 724.487 ms
INFO: at 53457.428 ms batch [138.424] delay 189.898 ms
INFO: at 53457.428 ms fetching 138.424 ms
INFO: at 53649.424 ms batch [138.908] delay 189.898 ms
INFO: at 53649.424 ms fetching 138.908 ms
INFO: at 53839.811 ms batch [722.763] delay 189.898 ms
INFO: at 53839.811 ms fetching 722.763 ms
INFO: at 54031.091 ms batch [138.825] delay 189.898 ms
INFO: at 54031.091 ms fetching 138.825 ms
INFO: at 54222.318 ms batch [139.964] delay 189.898 ms
INFO: at 54222.318 ms fetching 139.964 ms
INFO: at 54413.564 ms batch [724.748] delay 189.898 ms
INFO: at 54413.564 ms fetching 724.748 ms
INFO: at 54604.795 ms batch [725.683] delay 189.898 ms
INFO: at 54604.795 ms fetching 725.683 ms
INFO: at 54795.419 ms batch [139.290] delay 189.898 ms
INFO: at 54795.419 ms fetching 139.290 ms
INFO: at 54986.636 ms batch [727.121] delay 189.898 ms
INFO: at 54986.636 ms fetching 727.121 ms
INFO: at 55177.891 ms batch [138.705] delay 189.898 ms
INFO: at 55177.891 ms fetching 138.705 ms
INFO: at 55369.098 ms batch [725.329] delay 210.998 ms
INFO: at 55369.098 ms fetching 725.329 ms
INFO: at 55581.354 ms batch [139.637] delay 210.998 ms
INFO: at 55581.354 ms fetching 139.637 ms
INFO: at 55792.886 ms batch [138.483] delay 210.998 ms
INFO: at 55792.886 ms fetching 138.483 ms
INFO: at 56005.250 ms batch [138.723] delay 210.998 ms
INFO: at 56005.250 ms fetching 138.723 ms
INFO: at 56217.451 ms batch [139.486] delay 210.998 ms
INFO: at 56217.451 ms fetching 139.486 ms
INFO: at 56429.494 ms batch [725.233] delay 210.998 ms
INFO: at 56429.494 ms fetching 725.233 ms
INFO: at 56641.704 ms batch [725.305] delay 210.998 ms
INFO: at 56641.704 ms fetching 725.305 ms
INFO: at 56853.589 ms batch [138.658] delay 210.998 ms
INFO: at 56853.589 ms fetching 138.658 ms
INFO: at 57066.027 ms batch [138.071] delay 210.998 ms
INFO: at 57066.027 ms fetching 138.071 ms
INFO: at 57278.227 ms batch [727.215] delay 237.373 ms
INFO: at 57278.227 ms fetching 727.215 ms
INFO: at 57517.329 ms batch [139.805] delay 237.373 ms
INFO: at 57517.329 ms fetching 139.805 ms
INFO: at 57756.500 ms batch [724.477] delay 237.373 ms
INFO: at 57756.500 ms fetching 724.477 ms
INFO: at 57994.921 ms batch [139.458] delay 237.373 ms
INFO: at 57994.921 ms fetching 139.458 ms
INFO: at 58234.344 ms batch [138.569] delay 237.373 ms
INFO: at 58234.344 ms fetching 138.569 ms
INFO: at 58473.695 ms batch [728.992] delay 237.373 ms
INFO: at 58473.695 ms fetching 728.992 ms
INFO: at 58713.001 ms batch [139.396] delay 237.373 ms
INFO: at 58713.001 ms fetching 139.396 ms
INFO: at 58951.532 ms batch [140.270] delay 237.373 ms
INFO: at 58951.532 ms fetching 140.270 ms
INFO: at 59191.005 ms batch [138.668] delay 271.283 ms
INFO: at 59191.005 ms fetching 138.668 ms
INFO: at 59463.385 ms batch [138.714] delay 271.283 ms
INFO: at 59463.385 ms fetching 138.714 ms
INFO: at 59735.617 ms batch [138.741] delay 271.283 ms
INFO: at 59735.617 ms fetching 138.741 ms
INFO: at 60007.821 ms batch [727.032] delay 271.283 ms
INFO: at 60007.821 ms fetching 727.032 ms
INFO: at 60280.189 ms batch [138.892] delay 271.283 ms
INFO: at 60280.189 ms fetching 138.892 ms
INFO: at 60552.296 ms batch [724.263] delay 271.283 ms
INFO: at 60552.296 ms fetching 724.263 ms
INFO: at 60825.540 ms batch [139.144] delay 271.283 ms
INFO: at 60825.540 ms fetching 139.144 ms
INFO: at 61097.806 ms batch [139.654] delay 210.998 ms
INFO: at 61097.806 ms fetching 139.654 ms
INFO: at 61309.917 ms batch [138.418] delay 210.998 ms
INFO: at 61309.917 ms fetching 138.418 ms
INFO: at 61522.263 ms batch [138.605] delay 210.998 ms
INFO: at 61522.263 ms fetching 138.605 ms
INFO: at 61733.901 ms batch [722.543] delay 210.998 ms
INFO: at 61733.901 ms fetching 722.543 ms
INFO: at 61946.256 ms batch [139.173] delay 210.998 ms
INFO: at 61946.256 ms fetching 139.173 ms
INFO: at 62158.390 ms batch [140.158] delay 210.998 ms
INFO: at 62158.390 ms fetching 140.158 ms
INFO: at 62370.518 ms batch [726.526] delay 210.998 ms
INFO: at 62370.518 ms fetching 726.526 ms
INFO: at 62582.639 ms batch [138.781] delay 210.998 ms
INFO: at 62582.639 ms fetching 138.781 ms
INFO: at 62794.908 ms batch [139.342] delay 210.998 ms
INFO: at 62794.908 ms fetching 139.342 ms
INFO: at 63007.116 ms batch [139.500] delay 271.283 ms
INFO: at 63007.116 ms fetching 139.500 ms
INFO: at 63279.310 ms batch [727.555] delay 271.283 ms
INFO: at 63279.310 ms fetching 727.555 ms
INFO: at 63551.646 ms batch [138.857] delay 271.283 ms
INFO: at 63551.646 ms fetching 138.857 ms
INFO: at 63824.079 ms batch [727.834] delay 271.283 ms
INFO: at 63824.079 ms fetching 727.834 ms
INFO: at 64096.552 ms batch [728.295] delay 271.283 ms
INFO: at 64096.552 ms fetching 728.295 ms
INFO: at 64369.094 ms batch [724.760] delay 271.283 ms
INFO: at 64369.094 ms fetching 724.760 ms
INFO: at 64641.462 ms batch [727.046] delay 271.283 ms
INFO: at 64641.462 ms fetching 727.046 ms
INFO: at 64913.705 ms batch [726.079] delay 158.249 ms
INFO: at 64913.705 ms fetching 726.079 ms
INFO: at 65072.737 ms batch [722.911] delay 158.249 ms
INFO: at 65072.737 ms fetching 722.911 ms
INFO: at 65232.067 ms batch [724.738] delay 158.249 ms
INFO: at 65232.067 ms fetching 724.738 ms
INFO: at 65391.505 ms batch [138.364] delay 158.249 ms
INFO: at 65391.505 ms fetching 138.364 ms
INFO: at 65550.638 ms batch [139.180] delay 158.249 ms
INFO: at 65550.638 ms fetching 139.180 ms
INFO: at 65709.718 ms batch [138.677] delay 158.249 ms
INFO: at 65709.718 ms fetching 138.677 ms
INFO: at 65868.644 ms batch [728.437] delay 158.249 ms
INFO: at 65868.644 ms fetching 728.437 ms
INFO: at 66027.639 ms batch [139.042] delay 158.249 ms
INFO: at 66027.639 ms fetching 139.042 ms
INFO: at 66186.593 ms batch [725.594] delay 158.249 ms
INFO: at 66186.593 ms fetching 725.594 ms
INFO: at 66345.902 ms batch [139.068] delay 158.249 ms
INFO: at 66345.902 ms fetching 139.068 ms
INFO: at 66504.953 ms batch [724.249] delay 158.249 ms
INFO: at 66504.953 ms fetching 724.249 ms
INFO: at 66664.217 ms batch [139.826] delay 158.249 ms
INFO: at 66664.217 ms fetching 139.826 ms
INFO: at 66823.488 ms batch [138.860] delay 210.998 ms
INFO: at 66823.488 ms fetching 138.860 ms
INFO: at 67035.816 ms batch [138.815] delay 210.998 ms
INFO: at 67035.816 ms fetching 138.815 ms
INFO: at 67247.775 ms batch [139.194] delay 210.998 ms
INFO: at 67247.775 ms fetching 139.194 ms
INFO: at 67460.249 ms batch [138.872] delay 210.998 ms
INFO: at 67460.249 ms fetching 138.872 ms
INFO: at 67672.584 ms batch [724.594] delay 210.998 ms
INFO: at 67672.584 ms fetching 724.594 ms
INFO: at 67884.893 ms batch [139.421] delay 210.998 ms
INFO: at 67884.893 ms fetching 139.421 ms
INFO: at 68097.215 ms batch [728.590] delay 210.998 ms
INFO: at 68097.215 ms fetching 728.590 ms
INFO: at 68309.939 ms batch [139.103] delay 210.998 ms
INFO: at 68309.939 ms fetching 139.103 ms
INFO: at 68522.356 ms batch [725.834] delay 210.998 ms
INFO: at 68522.356 ms fetching 725.834 ms
INFO: at 68734.675 ms batch [724.688] delay 210.998 ms
INFO: at 68734.675 ms fetching 724.688 ms
INFO: at 68947.001 ms batch [139.642] delay 210.998 ms
INFO: at 68947.001 ms fetching 139.642 ms
INFO: at 69159.371 ms batch [138.501] delay 210.998 ms
INFO: at 69159.371 ms fetching 138.501 ms
INFO: at 69371.642 ms batch [139.661] delay 210.998 ms
INFO: at 69371.642 ms fetching 139.661 ms
INFO: at 69583.120 ms batch [138.853] delay 210.998 ms
INFO: at 69583.120 ms fetching 138.853 ms
INFO: at 69795.465 ms batch [727.239] delay 210.998 ms
INFO: at 69795.465 ms fetching 727.239 ms
INFO: at 70007.811 ms batch [724.806] delay 210.998 ms
INFO: at 70007.811 ms fetching 724.806 ms
INFO: at 70220.048 ms batch [722.791] delay 210.998 ms
INFO: at 70220.048 ms fetching 722.791 ms
INFO: at 70432.492 ms batch [138.428] delay 210.998 ms
INFO: at 70432.492 ms fetching 138.428 ms
INFO: at 70644.798 ms batch [138.317] delay 237.373 ms
INFO: at 70644.798 ms fetching 138.317 ms
INFO: at 70884.109 ms batch [139.136] delay 237.373 ms
INFO: at 70884.109 ms fetching 139.136 ms
INFO: at 71123.465 ms batch [726.842] delay 237.373 ms
INFO: at 71123.465 ms fetching 726.842 ms
INFO: at 71361.710 ms batch [726.695] delay 237.373 ms
INFO: at 71361.710 ms fetching 726.695 ms
INFO: at 71601.149 ms batch [139.287] delay 237.373 ms
INFO: at 71601.149 ms fetching 139.287 ms
INFO: at 71840.514 ms batch [138.520] delay 237.373 ms
INFO: at 71840.514 ms fetching 138.520 ms
INFO: at 72079.878 ms batch [727.920] delay 237.373 ms
INFO: at 72079.878 ms fetching 727.920 ms
INFO: at 72319.011 ms batch [139.079] delay 237.373 ms
INFO: at 72319.011 ms fetching 139.079 ms
INFO: at 72558.412 ms batch [726.368] delay 237.373 ms
INFO: at 72558.412 ms fetching 726.368 ms
INFO: at 72797.708 ms batch [727.779] delay 237.373 ms
INFO: at 72797.708 ms fetching 727.779 ms
INFO: at 73037.099 ms batch [138.744] delay 237.373 ms
INFO: at 73037.099 ms fetching 138.744 ms
INFO: at 73274.897 ms batch [138.762] delay 237.373 ms
INFO: at 73274.897 ms fetching 138.762 ms
INFO: at 73514.241 ms batch [728.727] delay 237.373 ms
INFO: at 73514.241 ms fetching 728.727 ms
INFO: at 73753.551 ms batch [139.368] delay 237.373 ms
INFO: at 73753.551 ms fetching 139.368 ms
INFO: at 73992.811 ms batch [138.509] delay 237.373 ms
INFO: at 73992.811 ms fetching 138.509 ms
INFO: at 74231.028 ms batch [138.840] delay 237.373 ms
INFO: at 74231.028 ms fetching 138.840 ms
INFO: at 74470.342 ms batch [724.998] delay 65.482 ms
INFO: at 74470.342 ms fetching 724.998 ms
INFO: at 74536.441 ms batch [724.629] delay 65.482 ms
INFO: at 74536.441 ms fetching 724.629 ms
INFO: at 74602.518 ms batch [725.714] delay 65.482 ms
INFO: at 74602.518 ms fetching 725.714 ms
INFO: at 74668.608 ms batch [725.966] delay 65.482 ms
INFO: at 74668.608 ms fetching 725.966 ms
INFO: at 74734.693 ms batch [726.129] delay 65.482 ms
INFO: at 74734.693 ms fetching 726.129 ms
INFO: at 74800.790 ms batch [139.564] delay 65.482 ms
INFO: at 74800.790 ms fetching 139.564 ms
INFO: at 74866.891 ms batch [138.708] delay 65.482 ms
INFO: at 74866.891 ms fetching 138.708 ms
INFO: at 74933.210 ms batch [139.215] delay 65.482 ms
INFO: at 74933.210 ms fetching 139.215 ms
INFO: at 74999.364 ms batch [139.327] delay 65.482 ms
INFO: at 74999.364 ms fetching 139.327 ms
INFO: at 75065.458 ms batch [139.157] delay 65.482 ms
INFO: at 75065.458 ms fetching 139.157 ms
INFO: at 75131.559 ms batch [139.090] delay 65.482 ms
INFO: at 75131.559 ms fetching 139.090 ms
INFO: at 75197.685 ms batch [726.028] delay 65.482 ms
INFO: at 75197.685 ms fetching 726.028 ms
INFO: at 75263.800 ms batch [138.897] delay 65.482 ms
INFO: at 75263.800 ms fetching 138.897 ms
INFO: at 75329.948 ms batch [725.633] delay 65.482 ms
INFO: at 75329.948 ms fetching 725.633 ms
INFO: at 75396.084 ms batch [725.531] delay 65.482 ms
INFO: at 75396.084 ms fetching 725.531 ms
INFO: at 75462.273 ms batch [724.005] delay 65.482 ms
INFO: at 75462.273 ms fetching 724.005 ms
INFO: at 75528.470 ms batch [139.440] delay 65.482 ms
INFO: at 75528.470 ms fetching 139.440 ms
INFO: at 75594.927 ms batch [139.004] delay 65.482 ms
INFO: at 75594.927 ms fetching 139.004 ms
INFO: at 75661.406 ms batch [726.017] delay 65.482 ms
INFO: at 75661.406 ms fetching 726.017 ms
INFO: at 75727.908 ms batch [138.652] delay 65.482 ms
INFO: at 75727.908 ms fetching 138.652 ms
INFO: at 75794.449 ms batch [138.629] delay 65.482 ms
INFO: at 75794.449 ms fetching 138.629 ms
INFO: at 75860.956 ms batch [139.333] delay 65.482 ms
INFO: at 75860.956 ms fetching 139.333 ms
INFO: at 75927.444 ms batch [723.620] delay 65.482 ms
INFO: at 75927.444 ms fetching 723.620 ms
INFO: at 75993.948 ms batch [727.434] delay 65.482 ms
INFO: at 75993.948 ms fetching 727.434 ms
INFO: at 76060.297 ms batch [139.632] delay 65.482 ms
INFO: at 76060.297 ms fetching 139.632 ms
INFO: at 76126.452 ms batch [139.210] delay 65.482 ms
INFO: at 76126.452 ms fetching 139.210 ms
INFO: at 76192.708 ms batch [726.737] delay 65.482 ms
INFO: at 76192.708 ms fetching 726.737 ms
INFO: at 76258.930 ms batch [723.900] delay 65.482 ms
INFO: at 76258.930 ms fetching 723.900 ms
INFO: at 76325.154 ms batch [139.047] delay 65.482 ms
INFO: at 76325.154 ms fetching 139.047 ms
INFO: at 76391.515 ms batch [138.544] delay 172.635 ms
INFO: at 76391.515 ms fetching 138.544 ms
INFO: at 76565.176 ms batch [137.746] delay 172.635 ms
INFO: at 76565.176 ms fetching 137.746 ms
INFO: at 76738.760 ms batch [139.579] delay 172.635 ms
INFO: at 76738.760 ms fetching 139.579 ms
INFO: at 76912.590 ms batch [138.642] delay 172.635 ms
INFO: at 76912.590 ms fetching 138.642 ms
INFO: at 77086.293 ms batch [138.329] delay 172.635 ms
INFO: at 77086.293 ms fetching 138.329 ms
INFO: at 77259.978 ms batch [725.407] delay 172.635 ms
INFO: at 77259.978 ms fetching 725.407 ms
INFO: at 77433.503 ms batch [728.230] delay 172.635 ms
INFO: at 77433.503 ms fetching 728.230 ms
INFO: at 77606.898 ms batch [724.948] delay 172.635 ms
INFO: at 77606.898 ms fetching 724.948 ms
INFO: at 77780.599 ms batch [724.978] delay 172.635 ms
INFO: at 77780.599 ms fetching 724.978 ms
INFO: at 77954.282 ms batch [724.699] delay 172.635 ms
INFO: at 77954.282 ms fetching 724.699 ms
INFO: at 78127.960 ms batch [138.711] delay 172.635 ms
INFO: at 78127.960 ms fetching 138.711 ms
INFO: at 78301.627 ms batch [726.461] delay 189.898 ms
INFO: at 78301.627 ms fetching 726.461 ms
INFO: at 78491.845 ms batch [726.198] delay 189.898 ms
INFO: at 78491.845 ms fetching 726.198 ms
INFO: at 78682.859 ms batch [139.528] delay 189.898 ms
INFO: at 78682.859 ms fetching 139.528 ms
INFO: at 78873.415 ms batch [727.468] delay 189.898 ms
INFO: at 78873.415 ms fetching 727.468 ms
INFO: at 79064.731 ms batch [725.069] delay 189.898 ms
INFO: at 79064.731 ms fetching 725.069 ms
INFO: at 79256.022 ms batch [138.461] delay 189.898 ms
INFO: at 79256.022 ms fetching 138.461 ms
INFO: at 79447.343 ms batch [728.047] delay 189.898 ms
INFO: at 79447.343 ms fetching 728.047 ms
INFO: at 79638.668 ms batch [726.397] delay 189.898 ms
INFO: at 79638.668 ms fetching 726.397 ms
INFO: at 79829.184 ms batch [726.450] delay 189.898 ms
INFO: at 79829.184 ms fetching 726.450 ms
INFO: at 80019.650 ms batch [726.178] delay 189.898 ms
INFO: at 80019.650 ms fetching 726.178 ms
INFO: at 80210.898 ms batch [728.511] delay 237.373 ms
INFO: at 80210.898 ms fetching 728.511 ms
INFO: at 80449.866 ms batch [139.106] delay 237.373 ms
INFO: at 80449.866 ms fetching 139.106 ms
INFO: at 80689.435 ms batch [138.903] delay 237.373 ms
INFO: at 80689.435 ms fetching 138.903 ms
INFO: at 80928.012 ms batch [139.204] delay 237.373 ms
INFO: at 80928.012 ms fetching 139.204 ms
INFO: at 81167.681 ms batch [727.278] delay 237.373 ms
INFO: at 81167.681 ms fetching 727.278 ms
INFO: at 81407.167 ms batch [724.105] delay 237.373 ms
INFO: at 81407.167 ms fetching 724.105 ms
INFO: at 81646.678 ms batch [727.449] delay 237.373 ms
INFO: at 81646.678 ms fetching 727.449 ms
INFO: at 81884.800 ms batch [726.637] delay 237.373 ms
INFO: at 81884.800 ms fetching 726.637 ms
INFO: at 82123.700 ms batch [138.532] delay 126.599 ms
INFO: at 82123.700 ms fetching 138.532 ms
INFO: at 82250.602 ms batch [724.725] delay 126.599 ms
INFO: at 82250.602 ms fetching 724.725 ms
INFO: at 82377.875 ms batch [139.523] delay 126.599 ms
INFO: at 82377.875 ms fetching 139.523 ms
INFO: at 82505.164 ms batch [138.875] delay 126.599 ms
INFO: at 82505.164 ms fetching 138.875 ms
INFO: at 82632.537 ms batch [726.705] delay 126.599 ms
INFO: at 82632.537 ms fetching 726.705 ms
INFO: at 82759.903 ms batch [722.983] delay 126.599 ms
INFO: at 82759.903 ms fetching 722.983 ms
INFO: at 82887.709 ms batch [139.747] delay 126.599 ms
INFO: at 82887.709 ms fetching 139.747 ms
INFO: at 83015.007 ms batch [139.554] delay 126.599 ms
INFO: at 83015.007 ms fetching 139.554 ms
INFO: at 83142.258 ms batch [728.113] delay 126.599 ms
INFO: at 83142.258 ms fetching 728.113 ms
INFO: at 83269.391 ms batch [139.066] delay 126.599 ms
INFO: at 83269.391 ms fetching 139.066 ms
INFO: at 83396.546 ms batch [724.404] delay 126.599 ms
INFO: at 83396.546 ms fetching 724.404 ms
INFO: at 83523.923 ms batch [139.077] delay 126.599 ms
INFO: at 83523.923 ms fetching 139.077 ms
INFO: at 83651.375 ms batch [724.841] delay 126.599 ms
INFO: at 83651.375 ms fetching 724.841 ms
INFO: at 83778.806 ms batch [727.406] delay 126.599 ms
INFO: at 83778.806 ms fetching 727.406 ms
INFO: at 83906.258 ms batch [725.572] delay 126.599 ms
INFO: at 83906.258 ms fetching 725.572 ms
INFO: at 84033.624 ms batch [726.727] delay 172.635 ms
INFO: at 84033.624 ms fetching 726.727 ms
INFO: at 84206.884 ms batch [138.241] delay 172.635 ms
INFO: at 84206.884 ms fetching 138.241 ms
INFO: at 84380.149 ms batch [139.410] delay 172.635 ms
INFO: at 84380.149 ms fetching 139.410 ms
INFO: at 84553.474 ms batch [138.674] delay 172.635 ms
INFO: at 84553.474 ms fetching 138.674 ms
INFO: at 84726.944 ms batch [138.665] delay 172.635 ms
INFO: at 84726.944 ms fetching 138.665 ms
INFO: at 84900.306 ms batch [139.235] delay 172.635 ms
INFO: at 84900.306 ms fetching 139.235 ms
INFO: at 85073.656 ms batch [139.584] delay 172.635 ms
INFO: at 85073.656 ms fetching 139.584 ms
INFO: at 85247.402 ms batch [726.471] delay 172.635 ms
INFO: at 85247.402 ms fetching 726.471 ms
INFO: at 85420.810 ms batch [725.903] delay 172.635 ms
INFO: at 85420.810 ms fetching 725.903 ms
INFO: at 85594.027 ms batch [138.505] delay 172.635 ms
INFO: at 85594.027 ms fetching 138.505 ms
INFO: at 85767.268 ms batch [726.138] delay 172.635 ms
INFO: at 85767.268 ms fetching 726.138 ms
INFO: at 85940.520 ms batch [728.411] delay 172.635 ms
INFO: at 85940.520 ms fetching 728.411 ms
INFO: at 86113.770 ms batch [138.746] delay 172.635 ms
INFO: at 86113.770 ms fetching 138.746 ms
INFO: at 86287.010 ms batch [721.270] delay 172.635 ms
INFO: at 86287.010 ms fetching 721.270 ms
INFO: at 86460.147 ms batch [139.999] delay 172.635 ms
INFO: at 86460.147 ms fetching 139.999 ms
INFO: at 86633.442 ms batch [728.174] delay 172.635 ms
INFO: at 86633.442 ms fetching 728.174 ms
INFO: at 86806.665 ms batch [139.358] delay 172.635 ms
INFO: at 86806.665 ms fetching 139.358 ms
INFO: at 86979.869 ms batch [139.532] delay 172.635 ms
INFO: at 86979.869 ms fetching 139.532 ms
INFO: at 87153.120 ms batch [724.164] delay 172.635 ms
INFO: at 87153.120 ms fetching 724.164 ms
INFO: at 87326.344 ms batch [139.723] delay 172.635 ms
INFO: at 87326.344 ms fetching 139.723 ms
INFO: at 87499.905 ms batch [139.243] delay 172.635 ms
INFO: at 87499.905 ms fetching 139.243 ms
INFO: at 87673.279 ms batch [726.818] delay 172.635 ms
INFO: at 87673.279 ms fetching 726.818 ms
INFO: at 87846.629 ms batch [725.892] delay 210.998 ms
INFO: at 87846.629 ms fetching 725.892 ms
INFO: at 88058.923 ms batch [139.709] delay 210.998 ms
INFO: at 88058.923 ms fetching 139.709 ms
INFO: at 88271.244 ms batch [720.528] delay 210.998 ms
INFO: at 88271.244 ms fetching 720.528 ms
INFO: at 88483.648 ms batch [138.768] delay 210.998 ms
INFO: at 88483.648 ms fetching 138.768 ms
INFO: at 88695.805 ms batch [722.961] delay 210.998 ms
INFO: at 88695.805 ms fetching 722.961 ms
INFO: at 88908.211 ms batch [138.083] delay 210.998 ms
INFO: at 88908.211 ms fetching 138.083 ms
INFO: at 89120.497 ms batch [723.157] delay 210.998 ms
INFO: at 89120.497 ms fetching 723.157 ms
INFO: at 89332.752 ms batch [731.515] delay 210.998 ms
INFO: at 89332.752 ms fetching 731.515 ms
INFO: at 89545.005 ms batch [726.006] delay 210.998 ms
INFO: at 89545.005 ms fetching 726.006 ms
INFO: at 89756.949 ms batch [720.832] delay 210.998 ms
INFO: at 89756.949 ms fetching 720.832 ms
INFO: at 89969.349 ms batch [727.189] delay 210.998 ms
INFO: at 89969.349 ms fetching 727.189 ms
INFO: at 90181.736 ms batch [139.674] delay 210.998 ms
INFO: at 90181.736 ms fetching 139.674 ms
INFO: at 90393.980 ms batch [728.211] delay 210.998 ms
INFO: at 90393.980 ms fetching 728.211 ms
INFO: at 90606.210 ms batch [724.417] delay 210.998 ms
INFO: at 90606.210 ms fetching 724.417 ms
INFO: at 90818.452 ms batch [139.147] delay 210.998 ms
INFO: at 90818.452 ms fetching 139.147 ms
INFO: at 91030.732 ms batch [726.774] delay 210.998 ms
INFO: at 91030.732 ms fetching 726.774 ms
INFO: at 91242.964 ms batch [139.519] delay 210.998 ms
INFO: at 91242.964 ms fetching 139.519 ms
INFO: at 91455.176 ms batch [139.029] delay 210.998 ms
INFO: at 91455.176 ms fetching 139.029 ms
INFO: at 91666.638 ms batch [139.298] delay 158.249 ms
INFO: at 91666.638 ms fetching 139.298 ms
INFO: at 91825.879 ms batch [138.381] delay 158.249 ms
INFO: at 91825.879 ms fetching 138.381 ms
INFO: at 91985.043 ms batch [138.755] delay 158.249 ms
INFO: at 91985.043 ms fetching 138.755 ms
INFO: at 92144.390 ms batch [728.088] delay 158.249 ms
INFO: at 92144.390 ms fetching 728.088 ms
INFO: at 92303.681 ms batch [725.125] delay 158.249 ms
INFO: at 92303.681 ms fetching 725.125 ms
INFO: at 92462.924 ms batch [139.491] delay 158.249 ms
INFO: at 92462.924 ms fetching 139.491 ms
INFO: at 92622.111 ms batch [722.391] delay 158.249 ms
INFO: at 92622.111 ms fetching 722.391 ms
INFO: at 92781.485 ms batch [725.802] delay 158.249 ms
INFO: at 92781.485 ms fetching 725.802 ms
INFO: at 92940.667 ms batch [139.407] delay 158.249 ms
INFO: at 92940.667 ms fetching 139.407 ms
INFO: at 93099.843 ms batch [723.088] delay 158.249 ms
INFO: at 93099.843 ms fetching 723.088 ms
INFO: at 93259.046 ms batch [727.252] delay 158.249 ms
INFO: at 93259.046 ms fetching 727.252 ms
INFO: at 93418.244 ms batch [725.476] delay 158.249 ms
INFO: at 93418.244 ms fetching 725.476 ms
INFO: at 93577.448 ms batch [139.949] delay 210.998 ms
INFO: at 93577.448 ms fetching 139.949 ms
INFO: at 93789.763 ms batch [139.022] delay 210.998 ms
INFO: at 93789.763 ms fetching 139.022 ms
INFO: at 94002.070 ms batch [724.341] delay 210.998 ms
INFO: at 94002.070 ms fetching 724.341 ms
INFO: at 94214.354 ms batch [722.887] delay 210.998 ms
INFO: at 94214.354 ms fetching 722.887 ms
INFO: at 94426.611 ms batch [721.893] delay 210.998 ms
INFO: at 94426.611 ms fetching 721.893 ms
INFO: at 94638.900 ms batch [722.707] delay 210.998 ms
INFO: at 94638.900 ms fetching 722.707 ms
INFO: at 94850.292 ms batch [138.757] delay 210.998 ms
INFO: at 94850.292 ms fetching 138.757 ms
INFO: at 95062.624 ms batch [723.354] delay 210.998 ms
INFO: at 95062.624 ms fetching 723.354 ms
INFO: at 95274.861 ms batch [721.162] delay 210.998 ms
INFO: at 95274.861 ms fetching 721.162 ms
INFO: at 95487.083 ms batch [139.311] delay 189.898 ms
INFO: at 95487.083 ms fetching 139.311 ms
INFO: at 95678.318 ms batch [728.274] delay 189.898 ms
INFO: at 95678.318 ms fetching 728.274 ms
INFO: at 95868.974 ms batch [723.652] delay 189.898 ms
INFO: at 95868.974 ms fetching 723.652 ms
INFO: at 96059.362 ms batch [728.027] delay 189.898 ms
INFO: at 96059.362 ms fetching 728.027 ms
INFO: at 96250.668 ms batch [138.488] delay 189.898 ms
INFO: at 96250.668 ms fetching 138.488 ms
INFO: at 96441.965 ms batch [725.396] delay 189.898 ms
INFO: at 96441.965 ms fetching 725.396 ms
INFO: at 96633.213 ms batch [724.678] delay 189.898 ms
INFO: at 96633.213 ms fetching 724.678 ms
INFO: at 96823.884 ms batch [726.388] delay 189.898 ms
INFO: at 96823.884 ms fetching 726.388 ms
INFO: at 97015.208 ms batch [725.488] delay 189.898 ms
INFO: at 97015.208 ms fetching 725.488 ms
INFO: at 97206.413 ms batch [138.993] delay 189.898 ms
INFO: at 97206.413 ms fetching 138.993 ms
INFO: at 97397.609 ms batch [138.133] delay 146.076 ms
INFO: at 97397.609 ms fetching 138.133 ms
INFO: at 97544.592 ms batch [725.705] delay 146.076 ms
INFO: at 97544.592 ms fetching 725.705 ms
INFO: at 97691.761 ms batch [138.996] delay 146.076 ms
INFO: at 97691.761 ms fetching 138.996 ms
INFO: at 97838.955 ms batch [138.558] delay 146.076 ms
INFO: at 97838.955 ms fetching 138.558 ms
INFO: at 97986.189 ms batch [138.589] delay 146.076 ms
INFO: at 97986.189 ms fetching 138.589 ms
INFO: at 98133.366 ms batch [139.238] delay 146.076 ms
INFO: at 98133.366 ms fetching 139.238 ms
INFO: at 98280.538 ms batch [138.999] delay 146.076 ms
INFO: at 98280.538 ms fetching 138.999 ms
INFO: at 98427.708 ms batch [727.632] delay 146.076 ms
INFO: at 98427.708 ms fetching 727.632 ms
INFO: at 98574.836 ms batch [724.498] delay 146.076 ms
INFO: at 98574.836 ms fetching 724.498 ms
INFO: at 98721.721 ms batch [138.848] delay 146.076 ms
INFO: at 98721.721 ms fetching 138.848 ms
INFO: at 98869.914 ms batch [724.936] delay 146.076 ms
INFO: at 98869.914 ms fetching 724.936 ms
INFO: at 99017.146 ms batch [138.310] delay 146.076 ms
INFO: at 99017.146 ms fetching 138.310 ms
INFO: at 99164.377 ms batch [729.238] delay 146.076 ms
INFO: at 99164.377 ms fetching 729.238 ms
INFO: at 99311.553 ms batch [725.059] delay 237.373 ms
INFO: at 99311.553 ms fetching 725.059 ms
INFO: at 99550.824 ms batch [726.913] delay 237.373 ms
INFO: at 99550.824 ms fetching 726.913 ms
INFO: at 99790.013 ms batch [729.716] delay 237.373 ms
INFO: at 99790.013 ms fetching 729.716 ms
INFO: at 100028.020 ms batch [138.551] delay 237.373 ms
INFO: at 100028.020 ms fetching 138.551 ms
INFO: at 100267.434 ms batch [139.680] delay 237.373 ms
INFO: at 100267.434 ms fetching 139.680 ms
INFO: at 100506.741 ms batch [138.547] delay 237.373 ms
INFO: at 100506.741 ms fetching 138.547 ms
INFO: at 100746.019 ms batch [727.989] delay 237.373 ms
INFO: at 100746.019 ms fetching 727.989 ms
INFO: at 100985.281 ms batch [725.613] delay 237.373 ms
INFO: at 100985.281 ms fetching 725.613 ms
INFO: at 101223.355 ms batch [139.317] delay 189.898 ms
INFO: at 101223.355 ms fetching 139.317 ms
INFO: at 101414.678 ms batch [139.001] delay 189.898 ms
INFO: at 101414.678 ms fetching 139.001 ms
INFO: at 101605.895 ms batch [138.877] delay 189.898 ms
INFO: at 101605.895 ms fetching 138.877 ms
INFO: at 101797.061 ms batch [139.162] delay 189.898 ms
INFO: at 101797.061 ms fetching 139.162 ms
INFO: at 101988.276 ms batch [724.221] delay 189.898 ms
INFO: at 101988.276 ms fetching 724.221 ms
INFO: at 102179.140 ms batch [728.538] delay 189.898 ms
INFO: at 102179.140 ms fetching 728.538 ms
INFO: at 102370.413 ms batch [138.837] delay 189.898 ms
INFO: at 102370.413 ms fetching 138.837 ms
INFO: at 102561.636 ms batch [139.034] delay 189.898 ms
INFO: at 102561.636 ms fetching 139.034 ms
INFO: at 102752.834 ms batch [139.301] delay 189.898 ms
INFO: at 102752.834 ms fetching 139.301 ms
INFO: at 102944.045 ms batch [727.071] delay 189.898 ms
INFO: at 102944.045 ms fetching 727.071 ms
INFO: at 103135.183 ms batch [724.545] delay 271.283 ms
INFO: at 103135.183 ms fetching 724.545 ms
INFO: at 103407.588 ms batch [138.920] delay 271.283 ms
INFO: at 103407.588 ms fetching 138.920 ms
INFO: at 103680.001 ms batch [139.011] delay 271.283 ms
INFO: at 103680.001 ms fetching 139.011 ms
INFO: at 103952.447 ms batch [138.625] delay 271.283 ms
INFO: at 103952.447 ms fetching 138.625 ms
INFO: at 104225.070 ms batch [139.739] delay 271.283 ms
INFO: at 104225.070 ms fetching 139.739 ms
INFO: at 104497.354 ms batch [139.189] delay 271.283 ms
INFO: at 104497.354 ms fetching 139.189 ms
INFO: at 104769.630 ms batch [138.438] delay 271.283 ms
INFO: at 104769.630 ms fetching 138.438 ms
INFO: at 105041.404 ms batch [730.418] delay 189.898 ms
INFO: at 105041.404 ms fetching 730.418 ms
INFO: at 105231.768 ms batch [139.443] delay 189.898 ms
INFO: at 105231.768 ms fetching 139.443 ms
INFO: at 105423.022 ms batch [139.178] delay 189.898 ms
INFO: at 105423.022 ms fetching 139.178 ms
INFO: at 105614.179 ms batch [139.417] delay 189.898 ms
INFO: at 105614.179 ms fetching 139.417 ms
INFO: at 105805.315 ms batch [729.874] delay 189.898 ms
INFO: at 105805.315 ms fetching 729.874 ms
INFO: at 105995.769 ms batch [139.197] delay 189.898 ms
INFO: at 105995.769 ms fetching 139.197 ms
INFO: at 106186.960 ms batch [727.512] delay 189.898 ms
INFO: at 106186.960 ms fetching 727.512 ms
INFO: at 106378.132 ms batch [137.983] delay 189.898 ms
INFO: at 106378.132 ms fetching 137.983 ms
INFO: at 106569.251 ms batch [138.203] delay 189.898 ms
INFO: at 106569.251 ms fetching 138.203 ms
INFO: at 106760.448 ms batch [724.035] delay 189.898 ms
INFO: at 106760.448 ms fetching 724.035 ms
INFO: at 106952.682 ms batch [728.671] delay 237.373 ms
INFO: at 106952.682 ms fetching 728.671 ms
INFO: at 107191.894 ms batch [138.900] delay 237.373 ms
INFO: at 107191.894 ms fetching 138.900 ms
INFO: at 107431.123 ms batch [727.938] delay 237.373 ms
INFO: at 107431.123 ms fetching 727.938 ms
INFO: at 107670.464 ms batch [139.183] delay 237.373 ms
INFO: at 107670.464 ms fetching 139.183 ms
INFO: at 107908.794 ms batch [139.982] delay 237.373 ms
INFO: at 107908.794 ms fetching 139.982 ms
INFO: at 108148.128 ms batch [725.825] delay 237.373 ms
INFO: at 108148.128 ms fetching 725.825 ms
INFO: at 108387.417 ms batch [724.315] delay 237.373 ms
INFO: at 108387.417 ms fetching 724.315 ms
INFO: at 108626.696 ms batch [725.976] delay 237.373 ms
INFO: at 108626.696 ms fetching 725.976 ms
INFO: at 108866.403 ms batch [723.293] delay 172.635 ms
INFO: at 108866.403 ms fetching 723.293 ms
INFO: at 109039.662 ms batch [725.782] delay 172.635 ms
INFO: at 109039.662 ms fetching 725.782 ms
INFO: at 109212.879 ms batch [139.604] delay 172.635 ms
INFO: at 109212.879 ms fetching 139.604 ms
INFO: at 109386.173 ms batch [138.595] delay 172.635 ms
INFO: at 109386.173 ms fetching 138.595 ms
INFO: at 109559.333 ms batch [725.352] delay 172.635 ms
INFO: at 109559.333 ms fetching 725.352 ms
INFO: at 109732.493 ms batch [138.988] delay 172.635 ms
INFO: at 109732.493 ms fetching 138.988 ms
INFO: at 109905.671 ms batch [729.068] delay 172.635 ms
INFO: at 109905.671 ms fetching 729.068 ms
INFO: at 110078.743 ms batch [725.583] delay 172.635 ms
INFO: at 110078.743 ms fetching 725.583 ms
INFO: at 110251.904 ms batch [138.638] delay 172.635 ms
INFO: at 110251.904 ms fetching 138.638 ms
INFO: at 110425.317 ms batch [138.779] delay 172.635 ms
INFO: at 110425.317 ms fetching 138.779 ms
INFO: at 110598.638 ms batch [728.697] delay 172.635 ms
INFO: at 110598.638 ms fetching 728.697 ms
INFO: at 110772.313 ms batch [138.983] delay 189.898 ms
INFO: at 110772.313 ms fetching 138.983 ms
INFO: at 110962.734 ms batch [725.853] delay 189.898 ms
INFO: at 110962.734 ms fetching 725.853 ms
INFO: at 111154.057 ms batch [731.000] delay 189.898 ms
INFO: at 111154.057 ms fetching 731.000 ms
INFO: at 111345.305 ms batch [724.194] delay 189.898 ms
INFO: at 111345.305 ms fetching 724.194 ms
INFO: at 111535.677 ms batch [726.492] delay 189.898 ms
INFO: at 111535.677 ms fetching 726.492 ms
INFO: at 111726.964 ms batch [726.274] delay 189.898 ms
INFO: at 111726.964 ms fetching 726.274 ms
INFO: at 111917.381 ms batch [726.188] delay 189.898 ms
INFO: at 111917.381 ms fetching 726.188 ms
INFO: at 112108.659 ms batch [726.903] delay 189.898 ms
INFO: at 112108.659 ms fetching 726.903 ms
INFO: at 112299.885 ms batch [724.235] delay 189.898 ms
INFO: at 112299.885 ms fetching 724.235 ms
INFO: at 112491.052 ms batch [138.335] delay 189.898 ms
INFO: at 112491.052 ms fetching 138.335 ms
INFO: at 112682.102 ms batch [727.202] delay 210.998 ms
INFO: at 112682.102 ms fetching 727.202 ms
INFO: at 112893.485 ms batch [139.082] delay 210.998 ms
INFO: at 112893.485 ms fetching 139.082 ms
INFO: at 113105.762 ms batch [139.755] delay 210.998 ms
INFO: at 113105.762 ms fetching 139.755 ms
INFO: at 113318.030 ms batch [729.111] delay 210.998 ms
INFO: at 113318.030 ms fetching 729.111 ms
INFO: at 113530.311 ms batch [724.818] delay 210.998 ms
INFO: at 113530.311 ms fetching 724.818 ms
INFO: at 113742.676 ms batch [723.721] delay 210.998 ms
INFO: at 113742.676 ms fetching 723.721 ms
INFO: at 113954.363 ms batch [139.131] delay 210.998 ms
INFO: at 113954.363 ms fetching 139.131 ms
INFO: at 114166.307 ms batch [726.547] delay 210.998 ms
INFO: at 114166.307 ms fetching 726.547 ms
INFO: at 114378.644 ms batch [139.055] delay 210.998 ms
INFO: at 114378.644 ms fetching 139.055 ms
INFO: at 114591.047 ms batch [138.516] delay 189.898 ms
INFO: at 114591.047 ms fetching 138.516 ms
INFO: at 114782.304 ms batch [723.753] delay 189.898 ms
INFO: at 114782.304 ms fetching 723.753 ms
INFO: at 114974.386 ms batch [138.944] delay 189.898 ms
INFO: at 114974.386 ms fetching 138.944 ms
INFO: at 115165.670 ms batch [726.306] delay 189.898 ms
INFO: at 115165.670 ms fetching 726.306 ms
INFO: at 115356.000 ms batch [723.838] delay 189.898 ms
INFO: at 115356.000 ms fetching 723.838 ms
INFO: at 115547.125 ms batch [725.385] delay 189.898 ms
INFO: at 115547.125 ms fetching 725.385 ms
INFO: at 115738.391 ms batch [725.653] delay 189.898 ms
INFO: at 115738.391 ms fetching 725.653 ms
INFO: at 115929.513 ms batch [727.600] delay 189.898 ms
INFO: at 115929.513 ms fetching 727.600 ms
INFO: at 116120.487 ms batch [138.635] delay 189.898 ms
INFO: at 116120.487 ms fetching 138.635 ms
INFO: at 116311.636 ms batch [139.258] delay 189.898 ms
INFO: at 116311.636 ms fetching 139.258 ms
INFO: at 116502.878 ms batch [725.435] delay 189.898 ms
INFO: at 116502.878 ms fetching 725.435 ms
INFO: at 116693.983 ms batch [138.738] delay 189.898 ms
INFO: at 116693.983 ms fetching 138.738 ms
INFO: at 116885.004 ms batch [139.381] delay 189.898 ms
INFO: at 116885.004 ms fetching 139.381 ms
INFO: at 117075.382 ms batch [138.479] delay 189.898 ms
INFO: at 117075.382 ms fetching 138.479 ms
INFO: at 117266.677 ms batch [139.474] delay 189.898 ms
INFO: at 117266.677 ms fetching 139.474 ms
INFO: at 117457.915 ms batch [138.297] delay 189.898 ms
INFO: at 117457.915 ms fetching 138.297 ms
INFO: at 117649.081 ms batch [725.499] delay 189.898 ms
INFO: at 117649.081 ms fetching 725.499 ms
INFO: at 117839.963 ms batch [725.081] delay 189.898 ms
INFO: at 117839.963 ms fetching 725.081 ms
INFO: at 118030.201 ms batch [726.265] delay 189.898 ms
INFO: at 118030.201 ms fetching 726.265 ms
INFO: at 118221.354 ms batch [723.977] delay 189.898 ms
INFO: at 118221.354 ms fetching 723.977 ms
INFO: at 118412.551 ms batch [724.917] delay 237.373 ms
INFO: at 118412.551 ms fetching 724.917 ms
INFO: at 118651.803 ms batch [719.225] delay 237.373 ms
INFO: at 118651.803 ms fetching 719.225 ms
INFO: at 118889.852 ms batch [724.327] delay 237.373 ms
INFO: at 118889.852 ms fetching 724.327 ms
INFO: at 119129.177 ms batch [724.783] delay 237.373 ms
INFO: at 119129.177 ms fetching 724.783 ms
INFO: at 119368.470 ms batch [139.121] delay 237.373 ms
INFO: at 119368.470 ms fetching 139.121 ms
INFO: at 119607.940 ms batch [725.912] delay 237.373 ms
INFO: at 119607.940 ms fetching 725.912 ms
INFO: at 119846.506 ms batch [139.255] delay 237.373 ms
INFO: at 119846.506 ms fetching 139.255 ms
INFO: at 120085.946 ms batch [139.249] delay 237.373 ms
INFO: at 120085.946 ms fetching 139.249 ms
INFO: at 120325.396 ms batch [139.339] delay 210.998 ms
INFO: at 120325.396 ms fetching 139.339 ms
INFO: at 120537.749 ms batch [726.050] delay 210.998 ms
INFO: at 120537.749 ms fetching 726.050 ms
INFO: at 120750.103 ms batch [725.663] delay 210.998 ms
INFO: at 120750.103 ms fetching 725.663 ms
INFO: at 120962.496 ms batch [726.357] delay 210.998 ms
INFO: at 120962.496 ms fetching 726.357 ms
INFO: at 121174.920 ms batch [727.797] delay 210.998 ms
INFO: at 121174.920 ms fetching 727.797 ms
INFO: at 121387.188 ms batch [139.058] delay 210.998 ms
INFO: at 121387.188 ms fetching 139.058 ms
INFO: at 121599.288 ms batch [728.564] delay 210.998 ms
INFO: at 121599.288 ms fetching 728.564 ms
INFO: at 121810.683 ms batch [727.421] delay 210.998 ms
INFO: at 121810.683 ms fetching 727.421 ms
INFO: at 122022.958 ms batch [138.792] delay 210.998 ms
INFO: at 122022.958 ms fetching 138.792 ms
INFO: at 122235.183 ms batch [138.801] delay 271.283 ms
INFO: at 122235.183 ms fetching 138.801 ms
INFO: at 122507.478 ms batch [138.696] delay 271.283 ms
INFO: at 122507.478 ms fetching 138.696 ms
INFO: at 122779.994 ms batch [138.528] delay 271.283 ms
INFO: at 122779.994 ms fetching 138.528 ms
INFO: at 123052.421 ms batch [138.303] delay 271.283 ms
INFO: at 123052.421 ms fetching 138.303 ms
INFO: at 123324.520 ms batch [138.443] delay 271.283 ms
INFO: at 123324.520 ms fetching 138.443 ms
INFO: at 123596.543 ms batch [138.970] delay 271.283 ms
INFO: at 123596.543 ms fetching 138.970 ms
INFO: at 123868.988 ms batch [723.062] delay 271.283 ms
INFO: at 123868.988 ms fetching 723.062 ms
INFO: at 124141.263 ms batch [728.824] delay 210.998 ms
INFO: at 124141.263 ms fetching 728.824 ms
INFO: at 124353.409 ms batch [723.111] delay 210.998 ms
INFO: at 124353.409 ms fetching 723.111 ms
INFO: at 124565.572 ms batch [726.099] delay 210.998 ms
INFO: at 124565.572 ms fetching 726.099 ms
INFO: at 124777.010 ms batch [723.395] delay 210.998 ms
INFO: at 124777.010 ms fetching 723.395 ms
INFO: at 124989.156 ms batch [729.647] delay 210.998 ms
INFO: at 124989.156 ms fetching 729.647 ms
INFO: at 125201.429 ms batch [138.572] delay 210.998 ms
INFO: at 125201.429 ms fetching 138.572 ms
INFO: at 125413.642 ms batch [728.896] delay 210.998 ms
INFO: at 125413.642 ms fetching 728.896 ms
INFO: at 125625.688 ms batch [138.915] delay 210.998 ms
INFO: at 125625.688 ms fetching 138.915 ms
INFO: at 125837.922 ms batch [139.574] delay 210.998 ms
INFO: at 125837.922 ms fetching 139.574 ms
INFO: at 126050.146 ms batch [139.252] delay 158.249 ms
INFO: at 126050.146 ms fetching 139.252 ms
INFO: at 126209.272 ms batch [138.701] delay 158.249 ms
INFO: at 126209.272 ms fetching 138.701 ms
INFO: at 126368.521 ms batch [723.706] delay 158.249 ms
INFO: at 126368.521 ms fetching 723.706 ms
INFO: at 126527.451 ms batch [139.218] delay 158.249 ms
INFO: at 126527.451 ms fetching 139.218 ms
INFO: at 126686.680 ms batch [728.133] delay 158.249 ms
INFO: at 126686.680 ms fetching 728.133 ms
INFO: at 126845.817 ms batch [138.765] delay 158.249 ms
INFO: at 126845.817 ms fetching 138.765 ms
INFO: at 127004.987 ms batch [725.744] delay 158.249 ms
INFO: at 127004.987 ms fetching 725.744 ms
INFO: at 127164.294 ms batch [139.095] delay 158.249 ms
INFO: at 127164.294 ms fetching 139.095 ms
INFO: at 127323.543 ms batch [139.454] delay 158.249 ms
INFO: at 127323.543 ms fetching 139.454 ms
INFO: at 127482.672 ms batch [724.428] delay 158.249 ms
INFO: at 127482.672 ms fetching 724.428 ms
INFO: at 127641.862 ms batch [139.213] delay 158.249 ms
INFO: at 127641.862 ms fetching 139.213 ms
INFO: at 127800.973 ms batch [727.307] delay 158.249 ms
INFO: at 127800.973 ms fetching 727.307 ms
INFO: at 127960.142 ms batch [727.571] delay 172.635 ms
INFO: at 127960.142 ms fetching 727.571 ms
INFO: at 128133.367 ms batch [726.504] delay 172.635 ms
INFO: at 128133.367 ms fetching 726.504 ms
INFO: at 128306.566 ms batch [727.849] delay 172.635 ms
INFO: at 128306.566 ms fetching 727.849 ms
INFO: at 128479.482 ms batch [729.195] delay 172.635 ms
INFO: at 128479.482 ms fetching 729.195 ms
INFO: at 128652.933 ms batch [725.050] delay 172.635 ms
INFO: at 128652.933 ms fetching 725.050 ms
INFO: at 128826.043 ms batch [138.599] delay 172.635 ms
INFO: at 128826.043 ms fetching 138.599 ms
INFO: at 128999.218 ms batch [721.010] delay 172.635 ms
INFO: at 128999.218 ms fetching 721.010 ms
INFO: at 129172.482 ms batch [138.865] delay 172.635 ms
INFO: at 129172.482 ms fetching 138.865 ms
INFO: at 129345.713 ms batch [728.760] delay 172.635 ms
INFO: at 129345.713 ms fetching 728.760 ms
INFO: at 129519.011 ms batch [729.154] delay 172.635 ms
INFO: at 129519.011 ms fetching 729.154 ms
INFO: at 129693.229 ms batch [723.883] delay 172.635 ms
INFO: at 129693.229 ms fetching 723.883 ms
INFO: at 129866.519 ms batch [726.593] delay 158.249 ms
INFO: at 129866.519 ms fetching 726.593 ms
INFO: at 130025.707 ms batch [138.582] delay 158.249 ms
INFO: at 130025.707 ms fetching 138.582 ms
INFO: at 130184.816 ms batch [139.276] delay 158.249 ms
INFO: at 130184.816 ms fetching 139.276 ms
INFO: at 130343.921 ms batch [138.882] delay 158.249 ms
INFO: at 130343.921 ms fetching 138.882 ms
INFO: at 130502.803 ms batch [139.374] delay 158.249 ms
INFO: at 130502.803 ms fetching 139.374 ms
INFO: at 130661.909 ms batch [725.274] delay 158.249 ms
INFO: at 130661.909 ms fetching 725.274 ms
INFO: at 130821.412 ms batch [722.311] delay 158.249 ms
INFO: at 130821.412 ms fetching 722.311 ms
INFO: at 130980.746 ms batch [724.557] delay 158.249 ms
INFO: at 130980.746 ms fetching 724.557 ms
INFO: at 131140.001 ms batch [138.807] delay 158.249 ms
INFO: at 131140.001 ms fetching 138.807 ms
INFO: at 131299.295 ms batch [139.779] delay 158.249 ms
INFO: at 131299.295 ms fetching 139.779 ms
INFO: at 131458.542 ms batch [726.536] delay 158.249 ms
INFO: at 131458.542 ms fetching 726.536 ms
INFO: at 131617.750 ms batch [138.926] delay 158.249 ms
INFO: at 131617.750 ms fetching 138.926 ms
INFO: at 131776.849 ms batch [724.133] delay 158.249 ms
INFO: at 131776.849 ms fetching 724.133 ms
INFO: at 131935.788 ms batch [138.286] delay 158.249 ms
INFO: at 131935.788 ms fetching 138.286 ms
INFO: at 132095.103 ms batch [726.604] delay 158.249 ms
INFO: at 132095.103 ms fetching 726.604 ms
INFO: at 132254.327 ms batch [137.933] delay 158.249 ms
INFO: at 132254.327 ms fetching 137.933 ms
INFO: at 132413.450 ms batch [138.687] delay 158.249 ms
INFO: at 132413.450 ms fetching 138.687 ms
INFO: at 132572.699 ms batch [139.016] delay 158.249 ms
INFO: at 132572.699 ms fetching 139.016 ms
INFO: at 132732.013 ms batch [723.737] delay 158.249 ms
INFO: at 132732.013 ms fetching 723.737 ms
INFO: at 132891.268 ms batch [728.008] delay 158.249 ms
INFO: at 132891.268 ms fetching 728.008 ms
INFO: at 133050.574 ms batch [138.770] delay 158.249 ms
INFO: at 133050.574 ms fetching 138.770 ms
INFO: at 133209.156 ms batch [725.956] delay 158.249 ms
INFO: at 133209.156 ms fetching 725.956 ms
INFO: at 133368.155 ms batch [139.170] delay 158.249 ms
INFO: at 133368.155 ms fetching 139.170 ms
INFO: at 133527.404 ms batch [138.497] delay 158.249 ms
INFO: at 133527.404 ms fetching 138.497 ms
INFO: at 133686.407 ms batch [726.615] delay 126.599 ms
INFO: at 133686.407 ms fetching 726.615 ms
INFO: at 133814.349 ms batch [139.159] delay 126.599 ms
INFO: at 133814.349 ms fetching 139.159 ms
INFO: at 133941.400 ms batch [138.347] delay 126.599 ms
INFO: at 133941.400 ms fetching 138.347 ms
INFO: at 134068.512 ms batch [138.913] delay 126.599 ms
INFO: at 134068.512 ms fetching 138.913 ms
INFO: at 134195.831 ms batch [138.671] delay 126.599 ms
INFO: at 134195.831 ms fetching 138.671 ms
INFO: at 134322.779 ms batch [139.138] delay 126.599 ms
INFO: at 134322.779 ms fetching 139.138 ms
INFO: at 134449.841 ms batch [138.413] delay 126.599 ms
INFO: at 134449.841 ms fetching 138.413 ms
INFO: at 134576.972 ms batch [727.765] delay 126.599 ms
INFO: at 134576.972 ms fetching 727.765 ms
INFO: at 134704.064 ms batch [724.667] delay 126.599 ms
INFO: at 134704.064 ms fetching 724.667 ms
INFO: at 134831.352 ms batch [726.750] delay 126.599 ms
INFO: at 134831.352 ms fetching 726.750 ms
INFO: at 134958.533 ms batch [139.199] delay 126.599 ms
INFO: at 134958.533 ms fetching 139.199 ms
INFO: at 135085.791 ms batch [723.914] delay 126.599 ms
INFO: at 135085.791 ms fetching 723.914 ms
INFO: at 135213.016 ms batch [725.157] delay 126.599 ms
INFO: at 135213.016 ms fetching 725.157 ms
INFO: at 135339.995 ms batch [139.431] delay 126.599 ms
INFO: at 135339.995 ms fetching 139.431 ms
INFO: at 135467.187 ms batch [728.642] delay 126.599 ms
INFO: at 135467.187 ms fetching 728.642 ms
INFO: at 135594.449 ms batch [724.875] delay 237.373 ms
INFO: at 135594.449 ms fetching 724.875 ms
INFO: at 135833.802 ms batch [722.830] delay 237.373 ms
INFO: at 135833.802 ms fetching 722.830 ms
INFO: at 136073.223 ms batch [138.941] delay 237.373 ms
INFO: at 136073.223 ms fetching 138.941 ms
INFO: at 136312.636 ms batch [139.702] delay 237.373 ms
INFO: at 136312.636 ms fetching 139.702 ms
INFO: at 136550.354 ms batch [722.585] delay 237.373 ms
INFO: at 136550.354 ms fetching 722.585 ms
INFO: at 136789.829 ms batch [725.364] delay 237.373 ms
INFO: at 136789.829 ms fetching 725.364 ms
INFO: at 137029.145 ms batch [724.654] delay 237.373 ms
INFO: at 137029.145 ms fetching 724.654 ms
INFO: at 137268.475 ms batch [138.933] delay 237.373 ms
INFO: at 137268.475 ms fetching 138.933 ms
INFO: at 137507.677 ms batch [723.333] delay 189.898 ms
INFO: at 137507.677 ms fetching 723.333 ms
INFO: at 137698.424 ms batch [726.581] delay 189.898 ms
INFO: at 137698.424 ms fetching 726.581 ms
INFO: at 137889.592 ms batch [725.184] delay 189.898 ms
INFO: at 137889.592 ms fetching 725.184 ms
INFO: at 138080.822 ms batch [722.175] delay 189.898 ms
INFO: at 138080.822 ms fetching 722.175 ms
INFO: at 138272.053 ms batch [725.467] delay 189.898 ms
INFO: at 138272.053 ms fetching 725.467 ms
INFO: at 138463.264 ms batch [728.928] delay 189.898 ms
INFO: at 138463.264 ms fetching 728.928 ms
INFO: at 138654.553 ms batch [138.776] delay 189.898 ms
INFO: at 138654.553 ms fetching 138.776 ms
INFO: at 138844.967 ms batch [725.623] delay 189.898 ms
INFO: at 138844.967 ms fetching 725.623 ms
INFO: at 139035.407 ms batch [138.272] delay 189.898 ms
INFO: at 139035.407 ms fetching 138.272 ms
INFO: at 139226.673 ms batch [138.735] delay 189.898 ms
INFO: at 139226.673 ms fetching 138.735 ms
INFO: at 139417.873 ms batch [139.437] delay 210.998 ms
INFO: at 139417.873 ms fetching 139.437 ms
INFO: at 139630.183 ms batch [138.108] delay 210.998 ms
INFO: at 139630.183 ms fetching 138.108 ms
INFO: at 139841.879 ms batch [138.946] delay 210.998 ms
INFO: at 139841.879 ms fetching 138.946 ms
INFO: at 140054.210 ms batch [138.144] delay 210.998 ms
INFO: at 140054.210 ms fetching 138.144 ms
INFO: at 140266.486 ms batch [139.588] delay 210.998 ms
INFO: at 140266.486 ms fetching 139.588 ms
INFO: at 140478.827 ms batch [724.355] delay 210.998 ms
INFO: at 140478.827 ms fetching 724.355 ms
INFO: at 140691.048 ms batch [729.510] delay 210.998 ms
INFO: at 140691.048 ms fetching 729.510 ms
INFO: at 140902.888 ms batch [722.348] delay 210.998 ms
INFO: at 140902.888 ms fetching 722.348 ms
INFO: at 141115.186 ms batch [725.733] delay 210.998 ms
INFO: at 141115.186 ms fetching 725.733 ms
INFO: at 141327.434 ms batch [139.019] delay 158.249 ms
INFO: at 141327.434 ms fetching 139.019 ms
INFO: at 141486.649 ms batch [138.616] delay 158.249 ms
INFO: at 141486.649 ms fetching 138.616 ms
INFO: at 141645.939 ms batch [139.032] delay 158.249 ms
INFO: at 141645.939 ms fetching 139.032 ms
INFO: at 141806.364 ms batch [138.850] delay 158.249 ms
INFO: at 141806.364 ms fetching 138.850 ms
INFO: at 141965.735 ms batch [139.536] delay 158.249 ms
INFO: at 141965.735 ms fetching 139.536 ms
INFO: at 142124.900 ms batch [139.263] delay 158.249 ms
INFO: at 142124.900 ms fetching 139.263 ms
INFO: at 142284.107 ms batch [139.400] delay 158.249 ms
INFO: at 142284.107 ms fetching 139.400 ms
INFO: at 142443.391 ms batch [139.175] delay 158.249 ms
INFO: at 142443.391 ms fetching 139.175 ms
INFO: at 142602.511 ms batch [138.173] delay 158.249 ms
INFO: at 142602.511 ms fetching 138.173 ms
INFO: at 142761.354 ms batch [138.632] delay 158.249 ms
INFO: at 142761.354 ms fetching 138.632 ms
INFO: at 142920.584 ms batch [139.933] delay 158.249 ms
INFO: at 142920.584 ms fetching 139.933 ms
INFO: at 143079.699 ms batch [721.494] delay 158.249 ms
INFO: at 143079.699 ms fetching 721.494 ms
INFO: at 143238.519 ms batch [139.202] delay 94.949 ms
INFO: at 143238.519 ms fetching 139.202 ms
INFO: at 143334.623 ms batch [727.321] delay 94.949 ms
INFO: at 143334.623 ms fetching 727.321 ms
INFO: at 143430.689 ms batch [139.731] delay 94.949 ms
INFO: at 143430.689 ms fetching 139.731 ms
INFO: at 143526.633 ms batch [139.129] delay 94.949 ms
INFO: at 143526.633 ms fetching 139.129 ms
INFO: at 143622.210 ms batch [727.749] delay 94.949 ms
INFO: at 143622.210 ms fetching 727.749 ms
INFO: at 143718.073 ms batch [724.863] delay 94.949 ms
INFO: at 143718.073 ms fetching 724.863 ms
INFO: at 143813.783 ms batch [139.071] delay 94.949 ms
INFO: at 143813.783 ms fetching 139.071 ms
INFO: at 143909.892 ms batch [724.957] delay 94.949 ms
INFO: at 143909.892 ms fetching 724.957 ms
INFO: at 144005.976 ms batch [726.938] delay 94.949 ms
INFO: at 144005.976 ms fetching 726.938 ms
INFO: at 144102.072 ms batch [728.317] delay 94.949 ms
INFO: at 144102.072 ms fetching 728.317 ms
INFO: at 144198.177 ms batch [726.256] delay 94.949 ms
INFO: at 144198.177 ms fetching 726.256 ms
INFO: at 144294.320 ms batch [138.773] delay 94.949 ms
INFO: at 144294.320 ms fetching 138.773 ms
INFO: at 144390.386 ms batch [138.796] delay 94.949 ms
INFO: at 144390.386 ms fetching 138.796 ms
INFO: at 144486.521 ms batch [138.465] delay 94.949 ms
INFO: at 144486.521 ms fetching 138.465 ms
INFO: at 144582.658 ms batch [139.119] delay 94.949 ms
INFO: at 144582.658 ms fetching 139.119 ms
INFO: at 144678.793 ms batch [726.808] delay 94.949 ms
INFO: at 144678.793 ms fetching 726.808 ms
INFO: at 144774.940 ms batch [138.843] delay 94.949 ms
INFO: at 144774.940 ms fetching 138.843 ms
INFO: at 144871.093 ms batch [724.582] delay 94.949 ms
INFO: at 144871.093 ms fetching 724.582 ms
INFO: at 144967.345 ms batch [138.619] delay 94.949 ms
INFO: at 144967.345 ms fetching 138.619 ms
INFO: at 145063.543 ms batch [726.761] delay 94.949 ms
INFO: at 145063.543 ms fetching 726.761 ms
INFO: at 145159.536 ms batch [139.009] delay 172.635 ms
INFO: at 145159.536 ms fetching 139.009 ms
INFO: at 145332.769 ms batch [139.093] delay 172.635 ms
INFO: at 145332.769 ms fetching 139.093 ms
INFO: at 145505.951 ms batch [725.997] delay 172.635 ms
INFO: at 145505.951 ms fetching 725.997 ms
INFO: at 145679.221 ms batch [725.985] delay 172.635 ms
INFO: at 145679.221 ms fetching 725.985 ms
INFO: at 145852.359 ms batch [138.055] delay 172.635 ms
INFO: at 145852.359 ms fetching 138.055 ms
INFO: at 146025.678 ms batch [139.717] delay 172.635 ms
INFO: at 146025.678 ms fetching 139.717 ms
INFO: at 146199.756 ms batch [138.095] delay 172.635 ms
INFO: at 146199.756 ms fetching 138.095 ms
INFO: at 146373.071 ms batch [138.524] delay 172.635 ms
INFO: at 146373.071 ms fetching 138.524 ms
INFO: at 146546.193 ms batch [138.469] delay 172.635 ms
INFO: at 146546.193 ms fetching 138.469 ms
INFO: at 146719.552 ms batch [725.135] delay 172.635 ms
INFO: at 146719.552 ms fetching 725.135 ms
INFO: at 146892.604 ms batch [138.249] delay 172.635 ms
INFO: at 146892.604 ms fetching 138.249 ms
INFO: at 147065.889 ms batch [730.278] delay 237.373 ms
INFO: at 147065.889 ms fetching 730.278 ms
INFO: at 147303.446 ms batch [723.475] delay 237.373 ms
INFO: at 147303.446 ms fetching 723.475 ms
INFO: at 147542.881 ms batch [138.554] delay 237.373 ms
INFO: at 147542.881 ms fetching 138.554 ms
INFO: at 147782.190 ms batch [138.833] delay 237.373 ms
INFO: at 147782.190 ms fetching 138.833 ms
INFO: at 148021.466 ms batch [724.047] delay 237.373 ms
INFO: at 148021.466 ms fetching 724.047 ms
INFO: at 148260.766 ms batch [723.454] delay 237.373 ms
INFO: at 148260.766 ms fetching 723.454 ms
INFO: at 148500.085 ms batch [138.822] delay 237.373 ms
INFO: at 148500.085 ms fetching 138.822 ms
INFO: at 148738.831 ms batch [724.712] delay 237.373 ms
INFO: at 148738.831 ms fetching 724.712 ms
INFO: at 148978.264 ms batch [138.958] delay 237.373 ms
INFO: at 148978.264 ms fetching 138.958 ms
INFO: at 149217.550 ms batch [138.211] delay 237.373 ms
INFO: at 149217.550 ms fetching 138.211 ms
INFO: at 149456.808 ms batch [724.276] delay 237.373 ms
INFO: at 149456.808 ms fetching 724.276 ms
INFO: at 149695.381 ms batch [139.763] delay 237.373 ms
INFO: at 149695.381 ms fetching 139.763 ms
INFO: at 149934.342 ms batch [139.229] delay 237.373 ms
INFO: at 149934.342 ms fetching 139.229 ms
INFO: at 150173.475 ms batch [724.440] delay 237.373 ms
INFO: at 150173.475 ms fetching 724.440 ms
INFO: at 150412.422 ms batch [726.316] delay 237.373 ms
INFO: at 150412.422 ms fetching 726.316 ms
INFO: at 150651.516 ms batch [724.569] delay 237.373 ms
INFO: at 150651.516 ms fetching 724.569 ms
INFO: at 150890.310 ms batch [723.246] delay 172.635 ms
INFO: at 150890.310 ms fetching 723.246 ms
INFO: at 151063.992 ms batch [723.205] delay 172.635 ms
INFO: at 151063.992 ms fetching 723.205 ms
INFO: at 151237.548 ms batch [137.536] delay 172.635 ms
INFO: at 151237.548 ms fetching 137.536 ms
INFO: at 151411.350 ms batch [139.273] delay 172.635 ms
INFO: at 151411.350 ms fetching 139.273 ms
INFO: at 151584.618 ms batch [727.391] delay 172.635 ms
INFO: at 151584.618 ms fetching 727.391 ms
INFO: at 151758.488 ms batch [139.304] delay 172.635 ms
INFO: at 151758.488 ms fetching 139.304 ms
INFO: at 151931.563 ms batch [140.206] delay 172.635 ms
INFO: at 151931.563 ms fetching 140.206 ms
INFO: at 152104.850 ms batch [139.504] delay 172.635 ms
INFO: at 152104.850 ms fetching 139.504 ms
INFO: at 152278.042 ms batch [722.062] delay 172.635 ms
INFO: at 152278.042 ms fetching 722.062 ms
INFO: at 152451.729 ms batch [726.877] delay 172.635 ms
INFO: at 152451.729 ms fetching 726.877 ms
INFO: at 152624.824 ms batch [723.537] delay 172.635 ms
INFO: at 152624.824 ms fetching 723.537 ms
INFO: at 152798.832 ms batch [723.818] delay 135.642 ms
INFO: at 152798.832 ms fetching 723.818 ms
INFO: at 152934.988 ms batch [139.330] delay 135.642 ms
INFO: at 152934.988 ms fetching 139.330 ms
INFO: at 153071.113 ms batch [140.067] delay 135.642 ms
INFO: at 153071.113 ms fetching 140.067 ms
INFO: at 153207.109 ms batch [138.397] delay 135.642 ms
INFO: at 153207.109 ms fetching 138.397 ms
INFO: at 153343.134 ms batch [139.559] delay 135.642 ms
INFO: at 153343.134 ms fetching 139.559 ms
INFO: at 153479.646 ms batch [138.895] delay 135.642 ms
INFO: at 153479.646 ms fetching 138.895 ms
INFO: at 153615.929 ms batch [723.669] delay 135.642 ms
INFO: at 153615.929 ms fetching 723.669 ms
INFO: at 153752.091 ms batch [726.226] delay 135.642 ms
INFO: at 153752.091 ms fetching 726.226 ms
INFO: at 153888.133 ms batch [722.679] delay 135.642 ms
INFO: at 153888.133 ms fetching 722.679 ms
INFO: at 154024.181 ms batch [138.684] delay 135.642 ms
INFO: at 154024.181 ms fetching 138.684 ms
INFO: at 154160.262 ms batch [726.559] delay 135.642 ms
INFO: at 154160.262 ms fetching 726.559 ms
INFO: at 154296.312 ms batch [722.430] delay 135.642 ms
INFO: at 154296.312 ms fetching 722.430 ms
INFO: at 154432.427 ms batch [725.844] delay 135.642 ms
INFO: at 154432.427 ms fetching 725.844 ms
INFO: at 154568.483 ms batch [726.285] delay 135.642 ms
INFO: at 154568.483 ms fetching 726.285 ms
INFO: at 154705.241 ms batch [139.390] delay 172.635 ms
INFO: at 154705.241 ms fetching 139.390 ms
INFO: at 154878.528 ms batch [137.839] delay 172.635 ms
INFO: at 154878.528 ms fetching 137.839 ms
INFO: at 155051.668 ms batch [725.724] delay 172.635 ms
INFO: at 155051.668 ms fetching 725.724 ms
INFO: at 155224.760 ms batch [724.394] delay 172.635 ms
INFO: at 155224.760 ms fetching 724.394 ms
INFO: at 155397.821 ms batch [726.855] delay 172.635 ms
INFO: at 155397.821 ms fetching 726.855 ms
INFO: at 155571.044 ms batch [724.987] delay 172.635 ms
INFO: at 155571.044 ms fetching 724.987 ms
INFO: at 155744.237 ms batch [139.061] delay 172.635 ms
INFO: at 155744.237 ms fetching 139.061 ms
INFO: at 155917.644 ms batch [728.067] delay 172.635 ms
INFO: at 155917.644 ms fetching 728.067 ms
INFO: at 156091.450 ms batch [139.293] delay 172.635 ms
INFO: at 156091.450 ms fetching 139.293 ms
INFO: at 156264.538 ms batch [723.948] delay 172.635 ms
INFO: at 156264.538 ms fetching 723.948 ms
INFO: at 156438.464 ms batch [139.267] delay 172.635 ms
INFO: at 156438.464 ms fetching 139.267 ms
INFO: at 156612.176 ms batch [722.500] delay 210.998 ms
INFO: at 156612.176 ms fetching 722.500 ms
INFO: at 156824.473 ms batch [139.466] delay 210.998 ms
INFO: at 156824.473 ms fetching 139.466 ms
INFO: at 157036.314 ms batch [138.963] delay 210.998 ms
INFO: at 157036.314 ms fetching 138.963 ms
INFO: at 157248.523 ms batch [727.334] delay 210.998 ms
INFO: at 157248.523 ms fetching 727.334 ms
INFO: at 157460.641 ms batch [723.225] delay 210.998 ms
INFO: at 157460.641 ms fetching 723.225 ms
INFO: at 157672.505 ms batch [138.879] delay 210.998 ms
INFO: at 157672.505 ms fetching 138.879 ms
INFO: at 157884.711 ms batch [726.157] delay 210.998 ms
INFO: at 157884.711 ms fetching 726.157 ms
INFO: at 158096.165 ms batch [138.019] delay 210.998 ms
INFO: at 158096.165 ms fetching 138.019 ms
INFO: at 158308.562 ms batch [138.951] delay 210.998 ms
INFO: at 158308.562 ms fetching 138.951 ms
INFO: at 158520.769 ms batch [721.945] delay 172.635 ms
INFO: at 158520.769 ms fetching 721.945 ms
INFO: at 158693.870 ms batch [138.799] delay 172.635 ms
INFO: at 158693.870 ms fetching 138.799 ms
INFO: at 158867.883 ms batch [138.804] delay 172.635 ms
INFO: at 158867.883 ms fetching 138.804 ms
INFO: at 159041.007 ms batch [724.852] delay 172.635 ms
INFO: at 159041.007 ms fetching 724.852 ms
INFO: at 159214.398 ms batch [139.428] delay 172.635 ms
INFO: at 159214.398 ms fetching 139.428 ms
INFO: at 159387.695 ms batch [723.964] delay 172.635 ms
INFO: at 159387.695 ms fetching 723.964 ms
INFO: at 159560.845 ms batch [724.178] delay 172.635 ms
INFO: at 159560.845 ms fetching 724.178 ms
INFO: at 159734.844 ms batch [724.466] delay 172.635 ms
INFO: at 159734.844 ms fetching 724.466 ms
INFO: at 159907.963 ms batch [727.021] delay 172.635 ms
INFO: at 159907.963 ms fetching 727.021 ms
INFO: at 160081.146 ms batch [725.458] delay 172.635 ms
INFO: at 160081.146 ms fetching 725.458 ms
INFO: at 160254.847 ms batch [139.165] delay 172.635 ms
INFO: at 160254.847 ms fetching 139.165 ms
INFO: at 160427.987 ms batch [138.323] delay 158.249 ms
INFO: at 160427.987 ms fetching 138.323 ms
INFO: at 160587.131 ms batch [139.867] delay 158.249 ms
INFO: at 160587.131 ms fetching 139.867 ms
INFO: at 160746.167 ms batch [138.226] delay 158.249 ms
INFO: at 160746.167 ms fetching 138.226 ms
INFO: at 160905.184 ms batch [725.763] delay 158.249 ms
INFO: at 160905.184 ms fetching 725.763 ms
INFO: at 161064.319 ms batch [720.175] delay 158.249 ms
INFO: at 161064.319 ms fetching 720.175 ms
INFO: at 161223.045 ms batch [139.348] delay 158.249 ms
INFO: at 161223.045 ms fetching 139.348 ms
INFO: at 161382.303 ms batch [727.527] delay 158.249 ms
INFO: at 161382.303 ms fetching 727.527 ms
INFO: at 161541.493 ms batch [726.926] delay 158.249 ms
INFO: at 161541.493 ms fetching 726.926 ms
INFO: at 161700.676 ms batch [722.735] delay 158.249 ms
INFO: at 161700.676 ms fetching 722.735 ms
INFO: at 161860.074 ms batch [138.784] delay 158.249 ms
INFO: at 161860.074 ms fetching 138.784 ms
INFO: at 162019.055 ms batch [726.235] delay 158.249 ms
INFO: at 162019.055 ms fetching 726.235 ms
INFO: at 162178.252 ms batch [138.612] delay 158.249 ms
INFO: at 162178.252 ms fetching 138.612 ms
INFO: at 162337.909 ms batch [722.266] delay 172.635 ms
INFO: at 162337.909 ms fetching 722.266 ms
INFO: at 162511.222 ms batch [725.028] delay 172.635 ms
INFO: at 162511.222 ms fetching 725.028 ms
INFO: at 162684.491 ms batch [139.626] delay 172.635 ms
INFO: at 162684.491 ms fetching 139.626 ms
INFO: at 162857.697 ms batch [138.536] delay 172.635 ms
INFO: at 162857.697 ms fetching 138.536 ms
INFO: at 163030.911 ms batch [139.361] delay 172.635 ms
INFO: at 163030.911 ms fetching 139.361 ms
INFO: at 163204.116 ms batch [725.813] delay 172.635 ms
INFO: at 163204.116 ms fetching 725.813 ms
INFO: at 163377.356 ms batch [725.146] delay 172.635 ms
INFO: at 163377.356 ms fetching 725.146 ms
INFO: at 163551.137 ms batch [726.207] delay 172.635 ms
INFO: at 163551.137 ms fetching 726.207 ms
INFO: at 163724.459 ms batch [725.447] delay 172.635 ms
INFO: at 163724.459 ms fetching 725.447 ms
INFO: at 163897.687 ms batch [723.413] delay 172.635 ms
INFO: at 163897.687 ms fetching 723.413 ms
INFO: at 164070.864 ms batch [139.336] delay 172.635 ms
INFO: at 164070.864 ms fetching 139.336 ms
INFO: at 164244.115 ms batch [138.812] delay 126.599 ms
INFO: at 164244.115 ms fetching 138.812 ms
INFO: at 164371.416 ms batch [725.039] delay 126.599 ms
INFO: at 164371.416 ms fetching 725.039 ms
INFO: at 164498.612 ms batch [139.507] delay 126.599 ms
INFO: at 164498.612 ms fetching 139.507 ms
INFO: at 164625.641 ms batch [139.463] delay 126.599 ms
INFO: at 164625.641 ms fetching 139.463 ms
INFO: at 164752.905 ms batch [726.428] delay 126.599 ms
INFO: at 164752.905 ms fetching 726.428 ms
INFO: at 164880.088 ms batch [725.874] delay 126.599 ms
INFO: at 164880.088 ms fetching 725.874 ms
INFO: at 165007.280 ms batch [138.991] delay 126.599 ms
INFO: at 165007.280 ms fetching 138.991 ms
INFO: at 165134.448 ms batch [140.042] delay 126.599 ms
INFO: at 165134.448 ms fetching 140.042 ms
INFO: at 165261.625 ms batch [138.264] delay 126.599 ms
INFO: at 165261.625 ms fetching 138.264 ms
INFO: at 165388.811 ms batch [727.084] delay 126.599 ms
INFO: at 165388.811 ms fetching 727.084 ms
INFO: at 165516.023 ms batch [724.120] delay 126.599 ms
INFO: at 165516.023 ms fetching 724.120 ms
INFO: at 165643.290 ms batch [139.424] delay 126.599 ms
INFO: at 165643.290 ms fetching 139.424 ms
INFO: at 165771.171 ms batch [722.120] delay 126.599 ms
INFO: at 165771.171 ms fetching 722.120 ms
INFO: at 165898.522 ms batch [726.995] delay 126.599 ms
INFO: at 165898.522 ms fetching 726.995 ms
INFO: at 166025.729 ms batch [721.755] delay 126.599 ms
INFO: at 166025.729 ms fetching 721.755 ms
INFO: at 166152.902 ms batch [727.496] delay 210.998 ms
INFO: at 166152.902 ms fetching 727.496 ms
INFO: at 166365.208 ms batch [724.090] delay 210.998 ms
INFO: at 166365.208 ms fetching 724.090 ms
INFO: at 166577.594 ms batch [139.100] delay 210.998 ms
INFO: at 166577.594 ms fetching 139.100 ms
INFO: at 166789.913 ms batch [139.152] delay 210.998 ms
INFO: at 166789.913 ms fetching 139.152 ms
INFO: at 167002.242 ms batch [138.855] delay 210.998 ms
INFO: at 167002.242 ms fetching 138.855 ms
INFO: at 167214.632 ms batch [725.102] delay 210.998 ms
INFO: at 167214.632 ms fetching 725.102 ms
INFO: at 167426.753 ms batch [726.797] delay 210.998 ms
INFO: at 167426.753 ms fetching 726.797 ms
INFO: at 167638.701 ms batch [722.229] delay 210.998 ms
INFO: at 167638.701 ms fetching 722.229 ms
INFO: at 167851.017 ms batch [728.392] delay 210.998 ms
INFO: at 167851.017 ms fetching 728.392 ms
INFO: at 168063.308 ms batch [721.815] delay 189.898 ms
INFO: at 168063.308 ms fetching 721.815 ms
INFO: at 168254.255 ms batch [725.541] delay 189.898 ms
INFO: at 168254.255 ms fetching 725.541 ms
INFO: at 168444.614 ms batch [728.864] delay 189.898 ms
INFO: at 168444.614 ms fetching 728.864 ms
INFO: at 168635.849 ms batch [727.714] delay 189.898 ms
INFO: at 168635.849 ms fetching 727.714 ms
INFO: at 168827.108 ms batch [139.232] delay 189.898 ms
INFO: at 168827.108 ms fetching 139.232 ms
INFO: at 169018.338 ms batch [725.864] delay 189.898 ms
INFO: at 169018.338 ms fetching 725.864 ms
INFO: at 169209.387 ms batch [138.655] delay 189.898 ms
INFO: at 169209.387 ms fetching 138.655 ms
INFO: at 169400.722 ms batch [139.134] delay 189.898 ms
INFO: at 169400.722 ms fetching 139.134 ms
INFO: at 169592.002 ms batch [727.175] delay 189.898 ms
INFO: at 169592.002 ms fetching 727.175 ms
INFO: at 169782.353 ms batch [725.674] delay 189.898 ms
INFO: at 169782.353 ms fetching 725.674 ms
INFO: at 169973.579 ms batch [724.642] delay 172.635 ms
INFO: at 169973.579 ms fetching 724.642 ms
INFO: at 170146.799 ms batch [138.845] delay 172.635 ms
INFO: at 170146.799 ms fetching 138.845 ms
INFO: at 170319.988 ms batch [138.585] delay 172.635 ms
INFO: at 170319.988 ms fetching 138.585 ms
INFO: at 170493.284 ms batch [724.796] delay 172.635 ms
INFO: at 170493.284 ms fetching 724.796 ms
INFO: at 170666.563 ms batch [723.581] delay 172.635 ms
INFO: at 170666.563 ms fetching 723.581 ms
INFO: at 170839.763 ms batch [726.891] delay 172.635 ms
INFO: at 170839.763 ms fetching 726.891 ms
INFO: at 171013.002 ms batch [139.515] delay 172.635 ms
INFO: at 171013.002 ms fetching 139.515 ms
INFO: at 171186.209 ms batch [728.617] delay 172.635 ms
INFO: at 171186.209 ms fetching 728.617 ms
INFO: at 171359.658 ms batch [139.116] delay 172.635 ms
INFO: at 171359.658 ms fetching 139.116 ms
INFO: at 171532.959 ms batch [139.771] delay 172.635 ms
INFO: at 171532.959 ms fetching 139.771 ms
INFO: at 171706.148 ms batch [729.960] delay 172.635 ms
INFO: at 171706.148 ms fetching 729.960 ms
INFO: at 171879.345 ms batch [138.930] delay 146.076 ms
INFO: at 171879.345 ms fetching 138.930 ms
INFO: at 172026.519 ms batch [725.175] delay 146.076 ms
INFO: at 172026.519 ms fetching 725.175 ms
INFO: at 172173.698 ms batch [138.960] delay 146.076 ms
INFO: at 172173.698 ms fetching 138.960 ms
INFO: at 172320.402 ms batch [139.269] delay 146.076 ms
INFO: at 172320.402 ms fetching 139.269 ms
INFO: at 172467.705 ms batch [138.965] delay 146.076 ms
INFO: at 172467.705 ms fetching 138.965 ms
INFO: at 172615.009 ms batch [723.517] delay 146.076 ms
INFO: at 172615.009 ms fetching 723.517 ms
INFO: at 172762.198 ms batch [730.049] delay 146.076 ms
INFO: at 172762.198 ms fetching 730.049 ms
INFO: at 172909.376 ms batch [139.620] delay 146.076 ms
INFO: at 172909.376 ms fetching 139.620 ms
INFO: at 173056.567 ms batch [730.569] delay 146.076 ms
INFO: at 173056.567 ms fetching 730.569 ms
INFO: at 173203.756 ms batch [138.938] delay 146.076 ms
INFO: at 173203.756 ms fetching 138.938 ms
INFO: at 173351.006 ms batch [722.934] delay 146.076 ms
INFO: at 173351.006 ms fetching 722.934 ms
INFO: at 173497.838 ms batch [729.330] delay 146.076 ms
INFO: at 173497.838 ms fetching 729.330 ms
INFO: at 173645.305 ms batch [725.695] delay 146.076 ms
INFO: at 173645.305 ms fetching 725.695 ms
INFO: at 173792.641 ms batch [139.541] delay 135.642 ms
INFO: at 173792.641 ms fetching 139.541 ms
INFO: at 173928.781 ms batch [138.923] delay 135.642 ms
INFO: at 173928.781 ms fetching 138.923 ms
INFO: at 174064.983 ms batch [725.263] delay 135.642 ms
INFO: at 174064.983 ms fetching 725.263 ms
INFO: at 174201.185 ms batch [139.384] delay 135.642 ms
INFO: at 174201.185 ms fetching 139.384 ms
INFO: at 174337.393 ms batch [727.481] delay 135.642 ms
INFO: at 174337.393 ms fetching 727.481 ms
INFO: at 174473.615 ms batch [137.959] delay 135.642 ms
INFO: at 174473.615 ms fetching 137.959 ms
INFO: at 174610.352 ms batch [723.269] delay 135.642 ms
INFO: at 174610.352 ms fetching 723.269 ms
INFO: at 174746.406 ms batch [724.885] delay 135.642 ms
INFO: at 174746.406 ms fetching 724.885 ms
INFO: at 174882.565 ms batch [138.193] delay 135.642 ms
INFO: at 174882.565 ms fetching 138.193 ms
INFO: at 175018.659 ms batch [138.153] delay 135.642 ms
INFO: at 175018.659 ms fetching 138.153 ms
INFO: at 175154.610 ms batch [138.233] delay 135.642 ms
INFO: at 175154.610 ms fetching 138.233 ms
INFO: at 175291.196 ms batch [139.191] delay 135.642 ms
INFO: at 175291.196 ms fetching 139.191 ms
INFO: at 175427.231 ms batch [727.815] delay 135.642 ms
INFO: at 175427.231 ms fetching 727.815 ms
INFO: at 175563.370 ms batch [138.592] delay 135.642 ms
INFO: at 175563.370 ms fetching 138.592 ms
INFO: at 175700.239 ms batch [724.149] delay 172.635 ms
INFO: at 175700.239 ms fetching 724.149 ms
INFO: at 175873.795 ms batch [138.956] delay 172.635 ms
INFO: at 175873.795 ms fetching 138.956 ms
INFO: at 176047.194 ms batch [730.750] delay 172.635 ms
INFO: at 176047.194 ms fetching 730.750 ms
INFO: at 176220.463 ms batch [725.642] delay 172.635 ms
INFO: at 176220.463 ms fetching 725.642 ms
INFO: at 176393.636 ms batch [139.053] delay 172.635 ms
INFO: at 176393.636 ms fetching 139.053 ms
INFO: at 176566.886 ms batch [139.668] delay 172.635 ms
INFO: at 176566.886 ms fetching 139.668 ms
INFO: at 176740.168 ms batch [725.375] delay 172.635 ms
INFO: at 176740.168 ms fetching 725.375 ms
INFO: at 176913.471 ms batch [137.670] delay 172.635 ms
INFO: at 176913.471 ms fetching 137.670 ms
INFO: at 177087.118 ms batch [726.119] delay 172.635 ms
INFO: at 177087.118 ms fetching 726.119 ms
INFO: at 177260.463 ms batch [726.070] delay 172.635 ms
INFO: at 177260.463 ms fetching 726.070 ms
INFO: at 177433.598 ms batch [724.381] delay 172.635 ms
INFO: at 177433.598 ms fetching 724.381 ms
INFO: at 177606.940 ms batch [139.594] delay 189.898 ms
INFO: at 177606.940 ms fetching 139.594 ms
INFO: at 177799.765 ms batch [139.414] delay 189.898 ms
INFO: at 177799.765 ms fetching 139.414 ms
INFO: at 177990.113 ms batch [726.866] delay 189.898 ms
INFO: at 177990.113 ms fetching 726.866 ms
INFO: at 178181.335 ms batch [727.663] delay 189.898 ms
INFO: at 178181.335 ms fetching 727.663 ms
INFO: at 178372.235 ms batch [138.219] delay 189.898 ms
INFO: at 178372.235 ms fetching 138.219 ms
INFO: at 178563.502 ms batch [140.464] delay 189.898 ms
INFO: at 178563.502 ms fetching 140.464 ms
INFO: at 178754.884 ms batch [138.566] delay 189.898 ms
INFO: at 178754.884 ms fetching 138.566 ms
INFO: at 178946.159 ms batch [138.906] delay 189.898 ms
INFO: at 178946.159 ms fetching 138.906 ms
INFO: at 179137.334 ms batch [726.335] delay 189.898 ms
INFO: at 179137.334 ms fetching 726.335 ms
INFO: at 179328.591 ms batch [139.377] delay 189.898 ms
INFO: at 179328.591 ms fetching 139.377 ms
INFO: at 179519.745 ms batch [724.907] delay 135.642 ms
INFO: at 179519.745 ms fetching 724.907 ms
INFO: at 179655.875 ms batch [139.904] delay 135.642 ms
INFO: at 179655.875 ms fetching 139.904 ms
INFO: at 179791.996 ms batch [139.694] delay 135.642 ms
INFO: at 179791.996 ms fetching 139.694 ms
INFO: at 179928.111 ms batch [726.060] delay 135.642 ms
INFO: at 179928.111 ms fetching 726.060 ms
INFO: at 180065.057 ms batch [721.401] delay 135.642 ms
INFO: at 180065.057 ms fetching 721.401 ms
INFO: at 180201.227 ms batch [138.645] delay 135.642 ms
INFO: at 180201.227 ms fetching 138.645 ms
INFO: at 180337.272 ms batch [139.024] delay 135.642 ms
INFO: at 180337.272 ms fetching 139.024 ms
INFO: at 180473.427 ms batch [138.433] delay 135.642 ms
INFO: at 180473.427 ms fetching 138.433 ms
INFO: at 180609.727 ms batch [726.089] delay 135.642 ms
INFO: at 180609.727 ms fetching 726.089 ms
INFO: at 180745.870 ms batch [726.481] delay 135.642 ms
INFO: at 180745.870 ms fetching 726.481 ms
INFO: at 180881.975 ms batch [727.008] delay 135.642 ms
INFO: at 180881.975 ms fetching 727.008 ms
INFO: at 181018.156 ms batch [723.803] delay 135.642 ms
INFO: at 181018.156 ms fetching 723.803 ms
INFO: done
INFO: stopping nexus
