[1m[01:07:46.117][info]       [REDIS] Successfully issued command "SELECT 1"
[00m[1m[01:07:46.117][info]     [STATEDB] Persistent state DB created
[00m[1m[01:07:46.131][info]  [TASKEXE...] TaskExecutor started
[00m[1m[01:07:46.131][info]         [RPC] RPC thread started at address: tcp://*:7000
[00m[1m[01:07:46.133][info]       [REDIS] Successfully issued command "CONFIG SET notify-keyspace-events AKE"
[00m[1m[01:07:46.133][info]       [REDIS] SUBSCRIPTION STRING: __keyspace@2__:*
[00m[1m[01:07:46.133][info]       [REDIS] SUBSCRIPTION STRING: __keyspace@3__:*
[00m[1m[01:07:46.133][info]      [TIMERS] Starting timer thread
[00m[1m[01:07:46.133][info]      [TIMERS] Timer thread started
[00m[1m[01:07:46.133][info]  [QUERYPR...] Query Processor started
[00m[1m[01:07:46.133][info]      [TIMERS] Starting timer event loop
[00m[1m[01:07:46.133][info]       [REDIS] SUBSCRIPTION STRING: __keyspace@5__:*
[00m[1m[01:07:46.133][info]       [REDIS] SUBSCRIPTION STRING: __keyspace@7__:*
[00m[1m[01:07:46.133][info]       [REDIS] SUBSCRIPTION STRING: __keyspace@6__:CURRENT_MODEL_VERSION:*
[00m[1m[01:07:46.134][info]       [REDIS] Successfully issued command "SELECT 5"
[00m[1m[01:07:46.134][info]       [REDIS] Successfully issued command "KEYS *"
[00m[1m[01:07:46.134][info]       [REDIS] Successfully issued command "SELECT 2"
[00m[1m[01:07:46.134][info]       [REDIS] Successfully issued command "KEYS *"
[00m[31m[1m[01:07:46.704][error]    [METRICS] Ratio internal:prediction_cache_hit_ratio has denominator zero!
[00m[31m[1m[01:07:47.213][error]    [METRICS] Ratio internal:prediction_cache_hit_ratio has denominator zero!
[00m[1m[01:07:47.223][info]       [REDIS] MESSAGE: hset
[00m[1m[01:07:47.223][info]  [QUERYFR...] APPLICATION EVENT DETECTED. Key: fake-model, event_type: hset
[00m[1m[01:07:47.223][info]  [QUERYFR...] New application detected: fake-model
[00m[1m[01:07:47.223][info]       [REDIS] Successfully issued command "SELECT 5"
[00m[1m[01:07:47.223][info]       [REDIS] Successfully issued command "HGETALL fake-model"
[00m[1m[01:07:47.223][info]       [REDIS] 	 input_type: floats
[00m[1m[01:07:47.223][info]       [REDIS] 	 policy: DefaultOutputSelectionPolicy
[00m[1m[01:07:47.223][info]       [REDIS] 	 default_output: None
[00m[1m[01:07:47.223][info]       [REDIS] 	 latency_slo_micros: 134000
[00m[1m[01:07:47.223][info]       [REDIS] Successfully issued command "SET fake-model:0:0 {"y_hat":"None"}"
[00m[1m[01:07:48.287][info]       [REDIS] MESSAGE: hset
[00m[1m[01:07:48.287][info]       [REDIS] Successfully issued command "SELECT 2"
[00m[1m[01:07:48.287][info]       [REDIS] MESSAGE: set
[00m[1m[01:07:48.287][info]  [QUERYFR...] MODEL VERSION CHANGE DETECTED. Key: fake-model, event_type: set
[00m[1m[01:07:48.287][info]       [REDIS] Successfully issued command "HGETALL fake-model:1"
[00m[1m[01:07:48.287][info]       [REDIS] 	 model_name: fake-model
[00m[1m[01:07:48.287][info]       [REDIS] 	 model_version: 1
[00m[1m[01:07:48.287][info]       [REDIS] 	 load: 0.000000
[00m[1m[01:07:48.287][info]       [REDIS] 	 input_type: floats
[00m[1m[01:07:48.287][info]       [REDIS] 	 labels: 
[00m[1m[01:07:48.287][info]       [REDIS] 	 container_name: default-cluster-fake-model:1
[00m[1m[01:07:48.287][info]       [REDIS] 	 model_data_path: DEPRECATED
[00m[1m[01:07:48.287][info]       [REDIS] 	 batch_size: 8
[00m[1m[01:07:48.287][info]       [REDIS] Successfully issued command "SELECT 6"
[00m[1m[01:07:48.287][info]       [REDIS] 	 valid: 
[00m[1m[01:07:48.287][info]  [TASKEXE...] Registered batch size of 8 for model fake-model:1
[00m[1m[01:07:48.288][info]       [REDIS] Successfully issued command "GET CURRENT_MODEL_VERSION:fake-model"
[00m[1m[01:07:48.296][info]       [REDIS] MESSAGE: sadd
[00m[1m[01:07:48.296][info]  [QUERYFR...] APP LINKS EVENT DETECTED. App name: fake-model, event_type: sadd
[00m[1m[01:07:48.296][info]  [QUERYFR...] New model link detected for app: fake-model
[00m[1m[01:07:48.297][info]       [REDIS] Successfully issued command "SELECT 7"
[00m[1m[01:07:48.297][info]       [REDIS] Successfully issued command "SMEMBERS fake-model"
[00m[1m[01:07:50.325][info]  [QUERYPR...] Found 1 tasks
[00m[31m[1m[01:07:50.325][error] [TASKEXE...] Received task for unknown model: fake-model : 1
[00m[31m[1m[01:07:50.325][error] [QUERYPR...] No connected models found for query with id: 0
[00m[1m[01:07:51.330][info]  [QUERYPR...] Found 1 tasks
[00m[31m[1m[01:07:51.330][error] [TASKEXE...] Received task for unknown model: fake-model : 1
[00m[31m[1m[01:07:51.330][error] [QUERYPR...] No connected models found for query with id: 1
[00m[1m[01:07:52.333][info]  [QUERYPR...] Found 1 tasks
[00m[31m[1m[01:07:52.333][error] [TASKEXE...] Received task for unknown model: fake-model : 1
[00m[31m[1m[01:07:52.333][error] [QUERYPR...] No connected models found for query with id: 2
[00m[31m[1m[01:07:52.824][error]    [METRICS] Ratio internal:prediction_cache_hit_ratio has denominator zero!
[00m[1m[01:07:53.337][info]  [QUERYPR...] Found 1 tasks
[00m[31m[1m[01:07:53.337][error] [TASKEXE...] Received task for unknown model: fake-model : 1
[00m[31m[1m[01:07:53.337][error] [QUERYPR...] No connected models found for query with id: 3
[00m[1m[01:07:53.875][info]         [RPC] Found message to receive
[00m[1m[01:07:53.875][info]         [RPC] Found message to receive
[00m[1m[01:07:53.875][info]         [RPC] New container connected
[00m[1m[01:07:53.875][info]         [RPC] Container added
[00m[1m[01:07:53.876][info]       [REDIS] Successfully issued command "SELECT 3"
[00m[1m[01:07:53.876][info]       [REDIS] Successfully issued command "HMSET fake-model,1,0 model_id fake-model:1 model_name fake-model model_version 1 model_replica_id 0 zmq_connection_id 0 batch_size 1 input_type floats"
[00m[1m[01:07:53.876][info]       [REDIS] MESSAGE: hset
[00m[1m[01:07:53.876][info]  [THREADPOOL] Work queue created for model fake-model:1, replica 0
[00m[1m[01:07:53.876][info]       [REDIS] Successfully issued command "SELECT 3"
[00m[1m[01:07:53.876][info]       [REDIS] Successfully issued command "HGETALL fake-model,1,0"
[00m[1m[01:07:53.876][info]       [REDIS] 	 model_id: fake-model:1
[00m[1m[01:07:53.876][info]       [REDIS] 	 model_name: fake-model
[00m[1m[01:07:53.876][info]       [REDIS] 	 model_version: 1
[00m[1m[01:07:53.876][info]       [REDIS] 	 model_replica_id: 0
[00m[1m[01:07:53.876][info]       [REDIS] 	 zmq_connection_id: 0
[00m[1m[01:07:53.876][info]       [REDIS] 	 batch_size: 1
[00m[1m[01:07:53.876][info]       [REDIS] 	 input_type: floats
[00m[1m[01:07:53.877][info]  [CONTAINERS] Adding new container - model: fake-model, version: 1, connection ID: 0, replica ID: 0, input_type: floats
[00m[1m[01:07:53.877][info]  [CONTAINERS] Creating new ModelContainer for model fake-model:1, id: 0
[00m[1m[01:07:53.877][info]  [CONTAINERS] 
Active containers:
	Model: fake-model:1
		rep_id: 0, container_id: 0

[00m[1m[01:07:53.877][info]       [REDIS] Successfully issued command "SELECT 2"
[00m[1m[01:07:53.877][info]       [REDIS] Successfully issued command "HGETALL fake-model:1"
[00m[1m[01:07:53.877][info]       [REDIS] 	 model_name: fake-model
[00m[1m[01:07:53.877][info]       [REDIS] 	 model_version: 1
[00m[1m[01:07:53.877][info]       [REDIS] 	 load: 0.000000
[00m[1m[01:07:53.877][info]       [REDIS] 	 input_type: floats
[00m[1m[01:07:53.877][info]       [REDIS] 	 labels: 
[00m[1m[01:07:53.877][info]       [REDIS] 	 container_name: default-cluster-fake-model:1
[00m[1m[01:07:53.877][info]       [REDIS] 	 model_data_path: DEPRECATED
[00m[1m[01:07:53.877][info]       [REDIS] 	 batch_size: 8
[00m[1m[01:07:53.877][info]       [REDIS] 	 valid: 
[00m[1m[01:07:53.877][info]  [TASKEXE...] Created queue for new model: fake-model : 1
[00m[1m[01:07:53.877][info]  [THREADPOOL] Work queue created for model fake-model:1, replica 0
[00m[31m[1m[01:07:53.877][error] [THREADPOOL] Work queue already exists for model fake-model:1, replica 0
[00m[1m[01:07:54.341][info]  [QUERYPR...] Found 1 tasks
[00m[1m[01:07:54.341][info]  [TASKEXE...] Adding task to queue. QueryID: 4, model: fake-model:1
[00m[1m[01:07:54.341][info]  [TASKEXE...] Sending batch to model: fake-model:1 replica 0.Batch size: 1. Query IDs: 4 
[00m[1m[01:07:54.345][info]         [RPC] Found message to receive
[00m[1m[01:07:54.353][info]  [QUERYPR...] Found 1 tasks
[00m[1m[01:07:54.353][info]  [TASKEXE...] Adding task to queue. QueryID: 5, model: fake-model:1
[00m[1m[01:07:54.353][info]  [TASKEXE...] Sending batch to model: fake-model:1 replica 0.Batch size: 1. Query IDs: 5 
[00m[1m[01:07:54.406][info]  [QUERYPR...] Found 1 tasks
[00m[1m[01:07:54.406][info]  [TASKEXE...] Adding task to queue. QueryID: 6, model: fake-model:1
[00m[1m[01:07:54.455][info]         [RPC] Found message to receive
[00m[1m[01:07:54.455][info]  [TASKEXE...] Sending batch to model: fake-model:1 replica 0.Batch size: 1. Query IDs: 6 
[00m[1m[01:07:54.461][info]  [QUERYPR...] Found 1 tasks
[00m[1m[01:07:54.461][info]  [TASKEXE...] Adding task to queue. QueryID: 7, model: fake-model:1
[00m[1m[01:07:54.511][info]         [RPC] Found message to receive
[00m[1m[01:07:54.511][info]  [TASKEXE...] Sending batch to model: fake-model:1 replica 0.Batch size: 1. Query IDs: 7 
[00m[1m[01:07:54.517][info]  [QUERYPR...] Found 1 tasks
[00m[1m[01:07:54.517][info]  [TASKEXE...] Adding task to queue. QueryID: 8, model: fake-model:1
[00m[1m[01:07:54.543][info]         [RPC] Found message to receive
[00m[1m[01:07:54.543][info]  [TASKEXE...] Sending batch to model: fake-model:1 replica 0.Batch size: 1. Query IDs: 8 
[00m[1m[01:07:54.571][info]  [QUERYPR...] Found 1 tasks
[00m[1m[01:07:54.571][info]  [TASKEXE...] Adding task to queue. QueryID: 9, model: fake-model:1
[00m[1m[01:07:54.626][info]  [QUERYPR...] Found 1 tasks
[00m[1m[01:07:54.626][info]  [TASKEXE...] Adding task to queue. QueryID: 10, model: fake-model:1
[00m[1m[01:07:54.631][info]         [RPC] Found message to receive
[00m[1m[01:07:54.631][info]  [TASKEXE...] Sending batch to model: fake-model:1 replica 0.Batch size: 2. Query IDs: 9 10 
[00m[1m[01:07:54.681][info]  [QUERYPR...] Found 1 tasks
[00m[1m[01:07:54.681][info]  [TASKEXE...] Adding task to queue. QueryID: 11, model: fake-model:1
[00m[1m[01:07:54.736][info]  [QUERYPR...] Found 1 tasks
[00m[1m[01:07:54.736][info]  [TASKEXE...] Adding task to queue. QueryID: 12, model: fake-model:1
[00m[1m[01:07:54.738][info]         [RPC] Found message to receive
[00m[1m[01:07:54.738][info]  [TASKEXE...] Sending batch to model: fake-model:1 replica 0.Batch size: 2. Query IDs: 11 12 
[00m[1m[01:07:54.763][info]  [QUERYPR...] Found 1 tasks
[00m[1m[01:07:54.763][info]  [TASKEXE...] Adding task to queue. QueryID: 13, model: fake-model:1
[00m[1m[01:07:54.791][info]  [QUERYPR...] Found 1 tasks
[00m[1m[01:07:54.791][info]  [TASKEXE...] Adding task to queue. QueryID: 14, model: fake-model:1
[00m[1m[01:07:54.820][info]  [QUERYPR...] Found 1 tasks
[00m[1m[01:07:54.820][info]  [TASKEXE...] Adding task to queue. QueryID: 15, model: fake-model:1
[00m[1m[01:07:54.846][info]  [QUERYPR...] Found 1 tasks
[00m[1m[01:07:54.846][info]  [TASKEXE...] Adding task to queue. QueryID: 16, model: fake-model:1
[00m[1m[01:07:54.854][info]         [RPC] Found message to receive
[00m[1m[01:07:54.854][info]  [TASKEXE...] Sending batch to model: fake-model:1 replica 0.Batch size: 4. Query IDs: 13 14 15 16 
[00m[1m[01:07:54.873][info]  [QUERYPR...] Found 1 tasks
[00m[1m[01:07:54.873][info]  [TASKEXE...] Adding task to queue. QueryID: 17, model: fake-model:1
[00m[1m[01:07:54.901][info]  [QUERYPR...] Found 1 tasks
[00m[1m[01:07:54.901][info]  [TASKEXE...] Adding task to queue. QueryID: 18, model: fake-model:1
[00m[1m[01:07:54.929][info]  [QUERYPR...] Found 1 tasks
[00m[1m[01:07:54.929][info]  [TASKEXE...] Adding task to queue. QueryID: 19, model: fake-model:1
[00m[1m[01:07:54.956][info]  [QUERYPR...] Found 1 tasks
[00m[1m[01:07:54.956][info]  [TASKEXE...] Adding task to queue. QueryID: 20, model: fake-model:1
[00m[1m[01:07:54.984][info]  [QUERYPR...] Found 1 tasks
[00m[1m[01:07:54.984][info]  [TASKEXE...] Adding task to queue. QueryID: 21, model: fake-model:1
[00m[1m[01:07:55.007][info]         [RPC] Found message to receive
[00m[1m[01:07:55.008][info]  [TASKEXE...] Sending batch to model: fake-model:1 replica 0.Batch size: 4. Query IDs: 18 19 20 21 
[00m[1m[01:07:55.011][info]  [QUERYPR...] Found 1 tasks
[00m[1m[01:07:55.011][info]  [TASKEXE...] Adding task to queue. QueryID: 22, model: fake-model:1
[00m[1m[01:07:55.038][info]  [QUERYPR...] Found 1 tasks
[00m[1m[01:07:55.038][info]  [TASKEXE...] Adding task to queue. QueryID: 23, model: fake-model:1
[00m[1m[01:07:55.066][info]  [QUERYPR...] Found 1 tasks
[00m[1m[01:07:55.066][info]  [TASKEXE...] Adding task to queue. QueryID: 24, model: fake-model:1
[00m[1m[01:07:55.093][info]  [QUERYPR...] Found 1 tasks
[00m[1m[01:07:55.093][info]  [TASKEXE...] Adding task to queue. QueryID: 25, model: fake-model:1
[00m[1m[01:07:55.121][info]  [QUERYPR...] Found 1 tasks
[00m[1m[01:07:55.121][info]  [TASKEXE...] Adding task to queue. QueryID: 26, model: fake-model:1
[00m[1m[01:07:55.148][info]  [QUERYPR...] Found 1 tasks
[00m[1m[01:07:55.148][info]  [TASKEXE...] Adding task to queue. QueryID: 27, model: fake-model:1
[00m[1m[01:07:55.160][info]         [RPC] Found message to receive
[00m[1m[01:07:55.160][info]  [TASKEXE...] Sending batch to model: fake-model:1 replica 0.Batch size: 5. Query IDs: 23 24 25 26 27 
[00m[1m[01:07:55.176][info]  [QUERYPR...] Found 1 tasks
[00m[1m[01:07:55.176][info]  [TASKEXE...] Adding task to queue. QueryID: 28, model: fake-model:1
[00m[1m[01:07:55.189][info]  [QUERYPR...] Found 1 tasks
[00m[1m[01:07:55.189][info]  [TASKEXE...] Adding task to queue. QueryID: 29, model: fake-model:1
[00m[1m[01:07:55.204][info]  [QUERYPR...] Found 1 tasks
[00m[1m[01:07:55.204][info]  [TASKEXE...] Adding task to queue. QueryID: 30, model: fake-model:1
[00m[1m[01:07:55.217][info]  [QUERYPR...] Found 1 tasks
[00m[1m[01:07:55.217][info]  [TASKEXE...] Adding task to queue. QueryID: 31, model: fake-model:1
[00m[1m[01:07:55.231][info]  [QUERYPR...] Found 1 tasks
[00m[1m[01:07:55.231][info]  [TASKEXE...] Adding task to queue. QueryID: 32, model: fake-model:1
[00m[1m[01:07:55.240][info]  [QUERYPR...] Found 1 tasks
[00m[1m[01:07:55.240][info]  [TASKEXE...] Adding task to queue. QueryID: 33, model: fake-model:1
[00m[1m[01:07:55.249][info]  [QUERYPR...] Found 1 tasks
[00m[1m[01:07:55.249][info]  [TASKEXE...] Adding task to queue. QueryID: 34, model: fake-model:1
[00m[1m[01:07:55.259][info]  [QUERYPR...] Found 1 tasks
[00m[1m[01:07:55.259][info]  [TASKEXE...] Adding task to queue. QueryID: 35, model: fake-model:1
[00m[1m[01:07:55.267][info]  [QUERYPR...] Found 1 tasks
[00m[1m[01:07:55.267][info]  [TASKEXE...] Adding task to queue. QueryID: 36, model: fake-model:1
[00m[1m[01:07:55.277][info]  [QUERYPR...] Found 1 tasks
[00m[1m[01:07:55.277][info]  [TASKEXE...] Adding task to queue. QueryID: 37, model: fake-model:1
[00m[1m[01:07:55.286][info]  [QUERYPR...] Found 1 tasks
[00m[1m[01:07:55.286][info]  [TASKEXE...] Adding task to queue. QueryID: 38, model: fake-model:1
[00m[1m[01:07:55.292][info]  [QUERYPR...] Found 1 tasks
[00m[1m[01:07:55.292][info]  [TASKEXE...] Adding task to queue. QueryID: 39, model: fake-model:1
[00m[1m[01:07:55.300][info]  [QUERYPR...] Found 1 tasks
[00m[1m[01:07:55.300][info]  [TASKEXE...] Adding task to queue. QueryID: 40, model: fake-model:1
[00m[1m[01:07:55.306][info]  [QUERYPR...] Found 1 tasks
[00m[1m[01:07:55.306][info]  [TASKEXE...] Adding task to queue. QueryID: 41, model: fake-model:1
[00m[1m[01:07:55.314][info]  [QUERYPR...] Found 1 tasks
[00m[1m[01:07:55.314][info]  [TASKEXE...] Adding task to queue. QueryID: 42, model: fake-model:1
[00m[1m[01:07:55.320][info]  [QUERYPR...] Found 1 tasks
[00m[1m[01:07:55.320][info]  [TASKEXE...] Adding task to queue. QueryID: 43, model: fake-model:1
[00m[1m[01:07:55.327][info]  [QUERYPR...] Found 1 tasks
[00m[1m[01:07:55.328][info]  [TASKEXE...] Adding task to queue. QueryID: 44, model: fake-model:1
[00m[1m[01:07:55.334][info]  [QUERYPR...] Found 1 tasks
[00m[1m[01:07:55.334][info]  [TASKEXE...] Adding task to queue. QueryID: 45, model: fake-model:1
[00m[1m[01:07:55.341][info]         [RPC] Found message to receive
[00m[1m[01:07:55.341][info]  [TASKEXE...] Sending batch to model: fake-model:1 replica 0.Batch size: 8. Query IDs: 31 32 33 34 35 36 37 38 
[00m[1m[01:07:55.341][info]  [QUERYPR...] Found 1 tasks
[00m[1m[01:07:55.341][info]  [TASKEXE...] Adding task to queue. QueryID: 46, model: fake-model:1
[00m[1m[01:07:55.348][info]  [QUERYPR...] Found 1 tasks
[00m[1m[01:07:55.348][info]  [TASKEXE...] Adding task to queue. QueryID: 47, model: fake-model:1
[00m[1m[01:07:55.356][info]  [QUERYPR...] Found 1 tasks
[00m[1m[01:07:55.356][info]  [TASKEXE...] Adding task to queue. QueryID: 48, model: fake-model:1
[00m[1m[01:07:55.364][info]  [QUERYPR...] Found 1 tasks
[00m[1m[01:07:55.364][info]  [TASKEXE...] Adding task to queue. QueryID: 49, model: fake-model:1
[00m[1m[01:07:55.372][info]  [QUERYPR...] Found 1 tasks
[00m[1m[01:07:55.372][info]  [TASKEXE...] Adding task to queue. QueryID: 50, model: fake-model:1
[00m[1m[01:07:55.380][info]  [QUERYPR...] Found 1 tasks
[00m[1m[01:07:55.380][info]  [TASKEXE...] Adding task to queue. QueryID: 51, model: fake-model:1
[00m[1m[01:07:55.388][info]  [QUERYPR...] Found 1 tasks
[00m[1m[01:07:55.388][info]  [TASKEXE...] Adding task to queue. QueryID: 52, model: fake-model:1
[00m[1m[01:07:55.396][info]  [QUERYPR...] Found 1 tasks
[00m[1m[01:07:55.396][info]  [TASKEXE...] Adding task to queue. QueryID: 53, model: fake-model:1
[00m[1m[01:07:55.402][info]  [QUERYPR...] Found 1 tasks
[00m[1m[01:07:55.402][info]  [TASKEXE...] Adding task to queue. QueryID: 54, model: fake-model:1
[00m[1m[01:07:55.408][info]  [QUERYPR...] Found 1 tasks
[00m[1m[01:07:55.408][info]  [TASKEXE...] Adding task to queue. QueryID: 55, model: fake-model:1
[00m[1m[01:07:55.414][info]  [QUERYPR...] Found 1 tasks
[00m[1m[01:07:55.414][info]  [TASKEXE...] Adding task to queue. QueryID: 56, model: fake-model:1
[00m[1m[01:07:55.420][info]  [QUERYPR...] Found 1 tasks
[00m[1m[01:07:55.420][info]  [TASKEXE...] Adding task to queue. QueryID: 57, model: fake-model:1
[00m[1m[01:07:55.426][info]  [QUERYPR...] Found 1 tasks
[00m[1m[01:07:55.426][info]  [TASKEXE...] Adding task to queue. QueryID: 58, model: fake-model:1
[00m[1m[01:07:55.432][info]  [QUERYPR...] Found 1 tasks
[00m[1m[01:07:55.432][info]  [TASKEXE...] Adding task to queue. QueryID: 59, model: fake-model:1
[00m[1m[01:07:55.438][info]  [QUERYPR...] Found 1 tasks
[00m[1m[01:07:55.438][info]  [TASKEXE...] Adding task to queue. QueryID: 60, model: fake-model:1
[00m[1m[01:07:55.445][info]  [QUERYPR...] Found 1 tasks
[00m[1m[01:07:55.445][info]  [TASKEXE...] Adding task to queue. QueryID: 61, model: fake-model:1
[00m[1m[01:07:55.451][info]  [QUERYPR...] Found 1 tasks
[00m[1m[01:07:55.451][info]  [TASKEXE...] Adding task to queue. QueryID: 62, model: fake-model:1
[00m[1m[01:07:55.457][info]  [QUERYPR...] Found 1 tasks
[00m[1m[01:07:55.457][info]  [TASKEXE...] Adding task to queue. QueryID: 63, model: fake-model:1
[00m[1m[01:07:55.463][info]  [QUERYPR...] Found 1 tasks
[00m[1m[01:07:55.463][info]  [TASKEXE...] Adding task to queue. QueryID: 64, model: fake-model:1
[00m[1m[01:07:55.469][info]  [QUERYPR...] Found 1 tasks
[00m[1m[01:07:55.469][info]  [TASKEXE...] Adding task to queue. QueryID: 65, model: fake-model:1
[00m[1m[01:07:55.475][info]  [QUERYPR...] Found 1 tasks
[00m[1m[01:07:55.475][info]  [TASKEXE...] Adding task to queue. QueryID: 66, model: fake-model:1
[00m[1m[01:07:55.481][info]  [QUERYPR...] Found 1 tasks
[00m[1m[01:07:55.481][info]  [TASKEXE...] Adding task to queue. QueryID: 67, model: fake-model:1
[00m[1m[01:07:55.487][info]  [QUERYPR...] Found 1 tasks
[00m[1m[01:07:55.487][info]  [TASKEXE...] Adding task to queue. QueryID: 68, model: fake-model:1
[00m[1m[01:07:55.494][info]  [QUERYPR...] Found 1 tasks
[00m[1m[01:07:55.494][info]  [TASKEXE...] Adding task to queue. QueryID: 69, model: fake-model:1
[00m[1m[01:07:55.500][info]  [QUERYPR...] Found 1 tasks
[00m[1m[01:07:55.501][info]  [TASKEXE...] Adding task to queue. QueryID: 70, model: fake-model:1
[00m[1m[01:07:55.505][info]  [QUERYPR...] Found 1 tasks
[00m[1m[01:07:55.505][info]  [TASKEXE...] Adding task to queue. QueryID: 71, model: fake-model:1
[00m[1m[01:07:55.511][info]  [QUERYPR...] Found 1 tasks
[00m[1m[01:07:55.511][info]  [TASKEXE...] Adding task to queue. QueryID: 72, model: fake-model:1
[00m[1m[01:07:55.517][info]  [QUERYPR...] Found 1 tasks
[00m[1m[01:07:55.517][info]  [TASKEXE...] Adding task to queue. QueryID: 73, model: fake-model:1
[00m[1m[01:07:55.522][info]  [QUERYPR...] Found 1 tasks
[00m[1m[01:07:55.522][info]  [TASKEXE...] Adding task to queue. QueryID: 74, model: fake-model:1
[00m[1m[01:07:55.528][info]  [QUERYPR...] Found 1 tasks
[00m[1m[01:07:55.528][info]  [TASKEXE...] Adding task to queue. QueryID: 75, model: fake-model:1
[00m[1m[01:07:55.534][info]  [QUERYPR...] Found 1 tasks
[00m[1m[01:07:55.534][info]  [TASKEXE...] Adding task to queue. QueryID: 76, model: fake-model:1
[00m[1m[01:07:55.539][info]  [QUERYPR...] Found 1 tasks
[00m[1m[01:07:55.539][info]  [TASKEXE...] Adding task to queue. QueryID: 77, model: fake-model:1
[00m[1m[01:07:55.544][info]  [QUERYPR...] Found 1 tasks
[00m[1m[01:07:55.544][info]  [TASKEXE...] Adding task to queue. QueryID: 78, model: fake-model:1
[00m[1m[01:07:55.550][info]  [QUERYPR...] Found 1 tasks
[00m[1m[01:07:55.550][info]  [TASKEXE...] Adding task to queue. QueryID: 79, model: fake-model:1
[00m[1m[01:07:55.555][info]  [QUERYPR...] Found 1 tasks
[00m[1m[01:07:55.555][info]  [TASKEXE...] Adding task to queue. QueryID: 80, model: fake-model:1
[00m[1m[01:07:55.560][info]  [QUERYPR...] Found 1 tasks
[00m[1m[01:07:55.561][info]  [TASKEXE...] Adding task to queue. QueryID: 81, model: fake-model:1
[00m[1m[01:07:55.567][info]  [QUERYPR...] Found 1 tasks
[00m[1m[01:07:55.567][info]  [TASKEXE...] Adding task to queue. QueryID: 82, model: fake-model:1
[00m[1m[01:07:55.573][info]  [QUERYPR...] Found 1 tasks
[00m[1m[01:07:55.573][info]  [TASKEXE...] Adding task to queue. QueryID: 83, model: fake-model:1
[00m[1m[01:07:55.579][info]  [QUERYPR...] Found 1 tasks
[00m[1m[01:07:55.579][info]  [TASKEXE...] Adding task to queue. QueryID: 84, model: fake-model:1
[00m[1m[01:07:55.585][info]  [QUERYPR...] Found 1 tasks
[00m[1m[01:07:55.585][info]  [TASKEXE...] Adding task to queue. QueryID: 85, model: fake-model:1
[00m[1m[01:07:55.586][info]         [RPC] Found message to receive
[00m[1m[01:07:55.586][info]  [TASKEXE...] Sending batch to model: fake-model:1 replica 0.Batch size: 8. Query IDs: 63 64 65 66 67 68 69 70 
[00m[1m[01:07:55.591][info]  [QUERYPR...] Found 1 tasks
[00m[1m[01:07:55.591][info]  [TASKEXE...] Adding task to queue. QueryID: 86, model: fake-model:1
[00m[1m[01:07:55.597][info]  [QUERYPR...] Found 1 tasks
[00m[1m[01:07:55.597][info]  [TASKEXE...] Adding task to queue. QueryID: 87, model: fake-model:1
[00m[1m[01:07:55.603][info]  [QUERYPR...] Found 1 tasks
[00m[1m[01:07:55.603][info]  [TASKEXE...] Adding task to queue. QueryID: 88, model: fake-model:1
[00m[1m[01:07:55.609][info]  [QUERYPR...] Found 1 tasks
[00m[1m[01:07:55.610][info]  [TASKEXE...] Adding task to queue. QueryID: 89, model: fake-model:1
[00m[1m[01:07:55.616][info]  [QUERYPR...] Found 1 tasks
[00m[1m[01:07:55.616][info]  [TASKEXE...] Adding task to queue. QueryID: 90, model: fake-model:1
[00m[1m[01:07:55.623][info]  [QUERYPR...] Found 1 tasks
[00m[1m[01:07:55.623][info]  [TASKEXE...] Adding task to queue. QueryID: 91, model: fake-model:1
[00m[1m[01:07:55.631][info]  [QUERYPR...] Found 1 tasks
[00m[1m[01:07:55.631][info]  [TASKEXE...] Adding task to queue. QueryID: 92, model: fake-model:1
[00m[1m[01:07:55.639][info]  [QUERYPR...] Found 1 tasks
[00m[1m[01:07:55.639][info]  [TASKEXE...] Adding task to queue. QueryID: 93, model: fake-model:1
[00m[1m[01:07:55.647][info]  [QUERYPR...] Found 1 tasks
[00m[1m[01:07:55.647][info]  [TASKEXE...] Adding task to queue. QueryID: 94, model: fake-model:1
[00m[1m[01:07:55.655][info]  [QUERYPR...] Found 1 tasks
[00m[1m[01:07:55.655][info]  [TASKEXE...] Adding task to queue. QueryID: 95, model: fake-model:1
[00m[1m[01:07:55.663][info]  [QUERYPR...] Found 1 tasks
[00m[1m[01:07:55.663][info]  [TASKEXE...] Adding task to queue. QueryID: 96, model: fake-model:1
[00m[1m[01:07:55.671][info]  [QUERYPR...] Found 1 tasks
[00m[1m[01:07:55.671][info]  [TASKEXE...] Adding task to queue. QueryID: 97, model: fake-model:1
[00m[1m[01:07:55.679][info]  [QUERYPR...] Found 1 tasks
[00m[1m[01:07:55.679][info]  [TASKEXE...] Adding task to queue. QueryID: 98, model: fake-model:1
[00m[1m[01:07:55.686][info]  [QUERYPR...] Found 1 tasks
[00m[1m[01:07:55.686][info]  [TASKEXE...] Adding task to queue. QueryID: 99, model: fake-model:1
[00m[1m[01:07:55.694][info]  [QUERYPR...] Found 1 tasks
[00m[1m[01:07:55.694][info]  [TASKEXE...] Adding task to queue. QueryID: 100, model: fake-model:1
[00m[1m[01:07:55.702][info]  [QUERYPR...] Found 1 tasks
[00m[1m[01:07:55.702][info]  [TASKEXE...] Adding task to queue. QueryID: 101, model: fake-model:1
[00m[1m[01:07:55.710][info]  [QUERYPR...] Found 1 tasks
[00m[1m[01:07:55.710][info]  [TASKEXE...] Adding task to queue. QueryID: 102, model: fake-model:1
[00m[1m[01:07:55.718][info]  [QUERYPR...] Found 1 tasks
[00m[1m[01:07:55.718][info]  [TASKEXE...] Adding task to queue. QueryID: 103, model: fake-model:1
[00m[1m[01:07:55.726][info]  [QUERYPR...] Found 1 tasks
[00m[1m[01:07:55.726][info]  [TASKEXE...] Adding task to queue. QueryID: 104, model: fake-model:1
[00m[1m[01:07:55.735][info]  [QUERYPR...] Found 1 tasks
[00m[1m[01:07:55.735][info]  [TASKEXE...] Adding task to queue. QueryID: 105, model: fake-model:1
[00m[1m[01:07:55.744][info]  [QUERYPR...] Found 1 tasks
[00m[1m[01:07:55.744][info]  [TASKEXE...] Adding task to queue. QueryID: 106, model: fake-model:1
[00m[1m[01:07:55.753][info]  [QUERYPR...] Found 1 tasks
[00m[1m[01:07:55.753][info]  [TASKEXE...] Adding task to queue. QueryID: 107, model: fake-model:1
[00m[1m[01:07:55.762][info]  [QUERYPR...] Found 1 tasks
[00m[1m[01:07:55.762][info]  [TASKEXE...] Adding task to queue. QueryID: 108, model: fake-model:1
[00m[1m[01:07:55.772][info]  [QUERYPR...] Found 1 tasks
[00m[1m[01:07:55.772][info]  [TASKEXE...] Adding task to queue. QueryID: 109, model: fake-model:1
[00m[1m[01:07:55.781][info]  [QUERYPR...] Found 1 tasks
[00m[1m[01:07:55.781][info]  [TASKEXE...] Adding task to queue. QueryID: 110, model: fake-model:1
[00m[1m[01:07:55.790][info]  [QUERYPR...] Found 1 tasks
[00m[1m[01:07:55.790][info]  [TASKEXE...] Adding task to queue. QueryID: 111, model: fake-model:1
[00m[1m[01:07:55.799][info]  [QUERYPR...] Found 1 tasks
[00m[1m[01:07:55.799][info]  [TASKEXE...] Adding task to queue. QueryID: 112, model: fake-model:1
[00m[1m[01:07:55.808][info]  [QUERYPR...] Found 1 tasks
[00m[1m[01:07:55.808][info]  [TASKEXE...] Adding task to queue. QueryID: 113, model: fake-model:1
[00m[1m[01:07:55.817][info]  [QUERYPR...] Found 1 tasks
[00m[1m[01:07:55.817][info]  [TASKEXE...] Adding task to queue. QueryID: 114, model: fake-model:1
[00m[1m[01:07:55.826][info]  [QUERYPR...] Found 1 tasks
[00m[1m[01:07:55.827][info]  [TASKEXE...] Adding task to queue. QueryID: 115, model: fake-model:1
[00m[1m[01:07:55.831][info]         [RPC] Found message to receive
[00m[1m[01:07:55.831][info]  [TASKEXE...] Sending batch to model: fake-model:1 replica 0.Batch size: 8. Query IDs: 101 102 103 104 105 106 107 108 
[00m[1m[01:07:55.836][info]  [QUERYPR...] Found 1 tasks
[00m[1m[01:07:55.836][info]  [TASKEXE...] Adding task to queue. QueryID: 116, model: fake-model:1
[00m[1m[01:07:55.845][info]  [QUERYPR...] Found 1 tasks
[00m[1m[01:07:55.845][info]  [TASKEXE...] Adding task to queue. QueryID: 117, model: fake-model:1
[00m[1m[01:07:55.854][info]  [QUERYPR...] Found 1 tasks
[00m[1m[01:07:55.854][info]  [TASKEXE...] Adding task to queue. QueryID: 118, model: fake-model:1
[00m[1m[01:07:55.863][info]  [QUERYPR...] Found 1 tasks
[00m[1m[01:07:55.863][info]  [TASKEXE...] Adding task to queue. QueryID: 119, model: fake-model:1
[00m[1m[01:07:55.872][info]  [QUERYPR...] Found 1 tasks
[00m[1m[01:07:55.872][info]  [TASKEXE...] Adding task to queue. QueryID: 120, model: fake-model:1
[00m[1m[01:07:55.882][info]  [QUERYPR...] Found 1 tasks
[00m[1m[01:07:55.882][info]  [TASKEXE...] Adding task to queue. QueryID: 121, model: fake-model:1
[00m[1m[01:07:55.891][info]  [QUERYPR...] Found 1 tasks
[00m[1m[01:07:55.891][info]  [TASKEXE...] Adding task to queue. QueryID: 122, model: fake-model:1
[00m[1m[01:07:55.900][info]  [QUERYPR...] Found 1 tasks
[00m[1m[01:07:55.900][info]  [TASKEXE...] Adding task to queue. QueryID: 123, model: fake-model:1
[00m[1m[01:07:55.909][info]  [QUERYPR...] Found 1 tasks
[00m[1m[01:07:55.909][info]  [TASKEXE...] Adding task to queue. QueryID: 124, model: fake-model:1
[00m[1m[01:07:55.918][info]  [QUERYPR...] Found 1 tasks
[00m[1m[01:07:55.918][info]  [TASKEXE...] Adding task to queue. QueryID: 125, model: fake-model:1
[00m[1m[01:07:55.928][info]  [QUERYPR...] Found 1 tasks
[00m[1m[01:07:55.928][info]  [TASKEXE...] Adding task to queue. QueryID: 126, model: fake-model:1
[00m[1m[01:07:55.937][info]  [QUERYPR...] Found 1 tasks
[00m[1m[01:07:55.937][info]  [TASKEXE...] Adding task to queue. QueryID: 127, model: fake-model:1
[00m[1m[01:07:55.946][info]  [QUERYPR...] Found 1 tasks
[00m[1m[01:07:55.946][info]  [TASKEXE...] Adding task to queue. QueryID: 128, model: fake-model:1
[00m[1m[01:07:55.957][info]  [QUERYPR...] Found 1 tasks
[00m[1m[01:07:55.957][info]  [TASKEXE...] Adding task to queue. QueryID: 129, model: fake-model:1
[00m[1m[01:07:55.968][info]  [QUERYPR...] Found 1 tasks
[00m[1m[01:07:55.968][info]  [TASKEXE...] Adding task to queue. QueryID: 130, model: fake-model:1
[00m[1m[01:07:55.979][info]  [QUERYPR...] Found 1 tasks
[00m[1m[01:07:55.979][info]  [TASKEXE...] Adding task to queue. QueryID: 131, model: fake-model:1
[00m[1m[01:07:55.990][info]  [QUERYPR...] Found 1 tasks
[00m[1m[01:07:55.990][info]  [TASKEXE...] Adding task to queue. QueryID: 132, model: fake-model:1
[00m[1m[01:07:56.001][info]  [QUERYPR...] Found 1 tasks
[00m[1m[01:07:56.001][info]  [TASKEXE...] Adding task to queue. QueryID: 133, model: fake-model:1
[00m[1m[01:07:56.012][info]  [QUERYPR...] Found 1 tasks
[00m[1m[01:07:56.012][info]  [TASKEXE...] Adding task to queue. QueryID: 134, model: fake-model:1
[00m[1m[01:07:56.023][info]  [QUERYPR...] Found 1 tasks
[00m[1m[01:07:56.023][info]  [TASKEXE...] Adding task to queue. QueryID: 135, model: fake-model:1
[00m[1m[01:07:56.034][info]  [QUERYPR...] Found 1 tasks
[00m[1m[01:07:56.034][info]  [TASKEXE...] Adding task to queue. QueryID: 136, model: fake-model:1
[00m[1m[01:07:56.045][info]  [QUERYPR...] Found 1 tasks
[00m[1m[01:07:56.045][info]  [TASKEXE...] Adding task to queue. QueryID: 137, model: fake-model:1
[00m[1m[01:07:56.056][info]  [QUERYPR...] Found 1 tasks
[00m[1m[01:07:56.056][info]  [TASKEXE...] Adding task to queue. QueryID: 138, model: fake-model:1
[00m[1m[01:07:56.067][info]  [QUERYPR...] Found 1 tasks
[00m[1m[01:07:56.067][info]  [TASKEXE...] Adding task to queue. QueryID: 139, model: fake-model:1
[00m[1m[01:07:56.078][info]  [QUERYPR...] Found 1 tasks
[00m[1m[01:07:56.078][info]  [TASKEXE...] Adding task to queue. QueryID: 140, model: fake-model:1
[00m[1m[01:07:56.084][info]         [RPC] Found message to receive
[00m[1m[01:07:56.084][info]  [TASKEXE...] Sending batch to model: fake-model:1 replica 0.Batch size: 8. Query IDs: 129 130 131 132 133 134 135 136 
[00m[1m[01:07:56.089][info]  [QUERYPR...] Found 1 tasks
[00m[1m[01:07:56.089][info]  [TASKEXE...] Adding task to queue. QueryID: 141, model: fake-model:1
[00m[1m[01:07:56.100][info]  [QUERYPR...] Found 1 tasks
[00m[1m[01:07:56.100][info]  [TASKEXE...] Adding task to queue. QueryID: 142, model: fake-model:1
[00m[1m[01:07:56.111][info]  [QUERYPR...] Found 1 tasks
[00m[1m[01:07:56.111][info]  [TASKEXE...] Adding task to queue. QueryID: 143, model: fake-model:1
[00m[1m[01:07:56.122][info]  [QUERYPR...] Found 1 tasks
[00m[1m[01:07:56.122][info]  [TASKEXE...] Adding task to queue. QueryID: 144, model: fake-model:1
[00m[1m[01:07:56.133][info]  [QUERYPR...] Found 1 tasks
[00m[1m[01:07:56.133][info]  [TASKEXE...] Adding task to queue. QueryID: 145, model: fake-model:1
[00m[1m[01:07:56.144][info]  [QUERYPR...] Found 1 tasks
[00m[1m[01:07:56.144][info]  [TASKEXE...] Adding task to queue. QueryID: 146, model: fake-model:1
[00m[1m[01:07:56.155][info]  [QUERYPR...] Found 1 tasks
[00m[1m[01:07:56.155][info]  [TASKEXE...] Adding task to queue. QueryID: 147, model: fake-model:1
[00m[1m[01:07:56.166][info]  [QUERYPR...] Found 1 tasks
[00m[1m[01:07:56.166][info]  [TASKEXE...] Adding task to queue. QueryID: 148, model: fake-model:1
[00m[1m[01:07:56.175][info]  [QUERYPR...] Found 1 tasks
[00m[1m[01:07:56.175][info]  [TASKEXE...] Adding task to queue. QueryID: 149, model: fake-model:1
[00m[1m[01:07:56.184][info]  [QUERYPR...] Found 1 tasks
[00m[1m[01:07:56.184][info]  [TASKEXE...] Adding task to queue. QueryID: 150, model: fake-model:1
[00m[1m[01:07:56.193][info]  [QUERYPR...] Found 1 tasks
[00m[1m[01:07:56.193][info]  [TASKEXE...] Adding task to queue. QueryID: 151, model: fake-model:1
[00m[1m[01:07:56.203][info]  [QUERYPR...] Found 1 tasks
[00m[1m[01:07:56.203][info]  [TASKEXE...] Adding task to queue. QueryID: 152, model: fake-model:1
[00m[1m[01:07:56.212][info]  [QUERYPR...] Found 1 tasks
[00m[1m[01:07:56.212][info]  [TASKEXE...] Adding task to queue. QueryID: 153, model: fake-model:1
[00m[1m[01:07:56.221][info]  [QUERYPR...] Found 1 tasks
[00m[1m[01:07:56.221][info]  [TASKEXE...] Adding task to queue. QueryID: 154, model: fake-model:1
[00m[1m[01:07:56.228][info]  [QUERYPR...] Found 1 tasks
[00m[1m[01:07:56.228][info]  [TASKEXE...] Adding task to queue. QueryID: 155, model: fake-model:1
[00m[1m[01:07:56.234][info]  [QUERYPR...] Found 1 tasks
[00m[1m[01:07:56.234][info]  [TASKEXE...] Adding task to queue. QueryID: 156, model: fake-model:1
[00m[1m[01:07:56.241][info]  [QUERYPR...] Found 1 tasks
[00m[1m[01:07:56.241][info]  [TASKEXE...] Adding task to queue. QueryID: 157, model: fake-model:1
[00m[1m[01:07:56.248][info]  [QUERYPR...] Found 1 tasks
[00m[1m[01:07:56.248][info]  [TASKEXE...] Adding task to queue. QueryID: 158, model: fake-model:1
[00m[1m[01:07:56.255][info]  [QUERYPR...] Found 1 tasks
[00m[1m[01:07:56.255][info]  [TASKEXE...] Adding task to queue. QueryID: 159, model: fake-model:1
[00m[1m[01:07:56.262][info]  [QUERYPR...] Found 1 tasks
[00m[1m[01:07:56.262][info]  [TASKEXE...] Adding task to queue. QueryID: 160, model: fake-model:1
[00m[1m[01:07:56.269][info]  [QUERYPR...] Found 1 tasks
[00m[1m[01:07:56.269][info]  [TASKEXE...] Adding task to queue. QueryID: 161, model: fake-model:1
[00m[1m[01:07:56.276][info]  [QUERYPR...] Found 1 tasks
[00m[1m[01:07:56.276][info]  [TASKEXE...] Adding task to queue. QueryID: 162, model: fake-model:1
[00m[1m[01:07:56.283][info]  [QUERYPR...] Found 1 tasks
[00m[1m[01:07:56.283][info]  [TASKEXE...] Adding task to queue. QueryID: 163, model: fake-model:1
[00m[1m[01:07:56.289][info]  [QUERYPR...] Found 1 tasks
[00m[1m[01:07:56.289][info]  [TASKEXE...] Adding task to queue. QueryID: 164, model: fake-model:1
[00m[1m[01:07:56.296][info]  [QUERYPR...] Found 1 tasks
[00m[1m[01:07:56.296][info]  [TASKEXE...] Adding task to queue. QueryID: 165, model: fake-model:1
[00m[1m[01:07:56.303][info]  [QUERYPR...] Found 1 tasks
[00m[1m[01:07:56.303][info]  [TASKEXE...] Adding task to queue. QueryID: 166, model: fake-model:1
[00m[1m[01:07:56.310][info]  [QUERYPR...] Found 1 tasks
[00m[1m[01:07:56.310][info]  [TASKEXE...] Adding task to queue. QueryID: 167, model: fake-model:1
[00m[1m[01:07:56.317][info]  [QUERYPR...] Found 1 tasks
[00m[1m[01:07:56.317][info]  [TASKEXE...] Adding task to queue. QueryID: 168, model: fake-model:1
[00m[1m[01:07:56.324][info]  [QUERYPR...] Found 1 tasks
[00m[1m[01:07:56.324][info]  [TASKEXE...] Adding task to queue. QueryID: 169, model: fake-model:1
[00m[1m[01:07:56.329][info]         [RPC] Found message to receive
[00m[1m[01:07:56.329][info]  [TASKEXE...] Sending batch to model: fake-model:1 replica 0.Batch size: 8. Query IDs: 152 153 154 155 156 157 158 159 
[00m[1m[01:07:56.331][info]  [QUERYPR...] Found 1 tasks
[00m[1m[01:07:56.331][info]  [TASKEXE...] Adding task to queue. QueryID: 170, model: fake-model:1
[00m[1m[01:07:56.338][info]  [QUERYPR...] Found 1 tasks
[00m[1m[01:07:56.338][info]  [TASKEXE...] Adding task to queue. QueryID: 171, model: fake-model:1
[00m[1m[01:07:56.345][info]  [QUERYPR...] Found 1 tasks
[00m[1m[01:07:56.345][info]  [TASKEXE...] Adding task to queue. QueryID: 172, model: fake-model:1
[00m[1m[01:07:56.351][info]  [QUERYPR...] Found 1 tasks
[00m[1m[01:07:56.352][info]  [TASKEXE...] Adding task to queue. QueryID: 173, model: fake-model:1
[00m[1m[01:07:56.358][info]  [QUERYPR...] Found 1 tasks
[00m[1m[01:07:56.358][info]  [TASKEXE...] Adding task to queue. QueryID: 174, model: fake-model:1
[00m[1m[01:07:56.365][info]  [QUERYPR...] Found 1 tasks
[00m[1m[01:07:56.365][info]  [TASKEXE...] Adding task to queue. QueryID: 175, model: fake-model:1
[00m[1m[01:07:56.372][info]  [QUERYPR...] Found 1 tasks
[00m[1m[01:07:56.372][info]  [TASKEXE...] Adding task to queue. QueryID: 176, model: fake-model:1
[00m[1m[01:07:56.379][info]  [QUERYPR...] Found 1 tasks
[00m[1m[01:07:56.379][info]  [TASKEXE...] Adding task to queue. QueryID: 177, model: fake-model:1
[00m[1m[01:07:56.386][info]  [QUERYPR...] Found 1 tasks
[00m[1m[01:07:56.386][info]  [TASKEXE...] Adding task to queue. QueryID: 178, model: fake-model:1
[00m[1m[01:07:56.393][info]  [QUERYPR...] Found 1 tasks
[00m[1m[01:07:56.393][info]  [TASKEXE...] Adding task to queue. QueryID: 179, model: fake-model:1
[00m[1m[01:07:56.400][info]  [QUERYPR...] Found 1 tasks
[00m[1m[01:07:56.400][info]  [TASKEXE...] Adding task to queue. QueryID: 180, model: fake-model:1
[00m[1m[01:07:56.406][info]  [QUERYPR...] Found 1 tasks
[00m[1m[01:07:56.407][info]  [TASKEXE...] Adding task to queue. QueryID: 181, model: fake-model:1
[00m[1m[01:07:56.413][info]  [QUERYPR...] Found 1 tasks
[00m[1m[01:07:56.413][info]  [TASKEXE...] Adding task to queue. QueryID: 182, model: fake-model:1
[00m[1m[01:07:56.420][info]  [QUERYPR...] Found 1 tasks
[00m[1m[01:07:56.420][info]  [TASKEXE...] Adding task to queue. QueryID: 183, model: fake-model:1
[00m[1m[01:07:56.427][info]  [QUERYPR...] Found 1 tasks
[00m[1m[01:07:56.427][info]  [TASKEXE...] Adding task to queue. QueryID: 184, model: fake-model:1
[00m[1m[01:07:56.434][info]  [QUERYPR...] Found 1 tasks
[00m[1m[01:07:56.434][info]  [TASKEXE...] Adding task to queue. QueryID: 185, model: fake-model:1
[00m[1m[01:07:56.441][info]  [QUERYPR...] Found 1 tasks
[00m[1m[01:07:56.441][info]  [TASKEXE...] Adding task to queue. QueryID: 186, model: fake-model:1
[00m[1m[01:07:56.446][info]  [QUERYPR...] Found 1 tasks
[00m[1m[01:07:56.446][info]  [TASKEXE...] Adding task to queue. QueryID: 187, model: fake-model:1
[00m[1m[01:07:56.452][info]  [QUERYPR...] Found 1 tasks
[00m[1m[01:07:56.452][info]  [TASKEXE...] Adding task to queue. QueryID: 188, model: fake-model:1
[00m[1m[01:07:56.457][info]  [QUERYPR...] Found 1 tasks
[00m[1m[01:07:56.457][info]  [TASKEXE...] Adding task to queue. QueryID: 189, model: fake-model:1
[00m[1m[01:07:56.463][info]  [QUERYPR...] Found 1 tasks
[00m[1m[01:07:56.463][info]  [TASKEXE...] Adding task to queue. QueryID: 190, model: fake-model:1
[00m[1m[01:07:56.468][info]  [QUERYPR...] Found 1 tasks
[00m[1m[01:07:56.468][info]  [TASKEXE...] Adding task to queue. QueryID: 191, model: fake-model:1
[00m[1m[01:07:56.474][info]  [QUERYPR...] Found 1 tasks
[00m[1m[01:07:56.474][info]  [TASKEXE...] Adding task to queue. QueryID: 192, model: fake-model:1
[00m[1m[01:07:56.479][info]  [QUERYPR...] Found 1 tasks
[00m[1m[01:07:56.479][info]  [TASKEXE...] Adding task to queue. QueryID: 193, model: fake-model:1
[00m[1m[01:07:56.485][info]  [QUERYPR...] Found 1 tasks
[00m[1m[01:07:56.485][info]  [TASKEXE...] Adding task to queue. QueryID: 194, model: fake-model:1
[00m[1m[01:07:56.490][info]  [QUERYPR...] Found 1 tasks
[00m[1m[01:07:56.490][info]  [TASKEXE...] Adding task to queue. QueryID: 195, model: fake-model:1
[00m[1m[01:07:56.496][info]  [QUERYPR...] Found 1 tasks
[00m[1m[01:07:56.496][info]  [TASKEXE...] Adding task to queue. QueryID: 196, model: fake-model:1
[00m[1m[01:07:56.502][info]  [QUERYPR...] Found 1 tasks
[00m[1m[01:07:56.502][info]  [TASKEXE...] Adding task to queue. QueryID: 197, model: fake-model:1
[00m[1m[01:07:56.508][info]  [QUERYPR...] Found 1 tasks
[00m[1m[01:07:56.508][info]  [TASKEXE...] Adding task to queue. QueryID: 198, model: fake-model:1
[00m[1m[01:07:56.514][info]  [QUERYPR...] Found 1 tasks
[00m[1m[01:07:56.514][info]  [TASKEXE...] Adding task to queue. QueryID: 199, model: fake-model:1
[00m[1m[01:07:56.520][info]  [QUERYPR...] Found 1 tasks
[00m[1m[01:07:56.520][info]  [TASKEXE...] Adding task to queue. QueryID: 200, model: fake-model:1
[00m[1m[01:07:56.526][info]  [QUERYPR...] Found 1 tasks
[00m[1m[01:07:56.526][info]  [TASKEXE...] Adding task to queue. QueryID: 201, model: fake-model:1
[00m[1m[01:07:56.532][info]  [QUERYPR...] Found 1 tasks
[00m[1m[01:07:56.532][info]  [TASKEXE...] Adding task to queue. QueryID: 202, model: fake-model:1
[00m[1m[01:07:56.539][info]  [QUERYPR...] Found 1 tasks
[00m[1m[01:07:56.539][info]  [TASKEXE...] Adding task to queue. QueryID: 203, model: fake-model:1
[00m[1m[01:07:56.545][info]  [QUERYPR...] Found 1 tasks
[00m[1m[01:07:56.545][info]  [TASKEXE...] Adding task to queue. QueryID: 204, model: fake-model:1
[00m[1m[01:07:56.578][info]         [RPC] Found message to receive
[00m[1m[01:07:56.578][info]  [TASKEXE...] Sending batch to model: fake-model:1 replica 0.Batch size: 8. Query IDs: 187 188 189 190 191 192 193 194 
