INFO: nexus_dir=/workdir/nexus model_dir=/workdir/DynWork/multimodal_dataset/repeat-2/Multimodal_Real_Dataset/Azure/summarization/t5_cnn/2_x_P99/nexus/models log_dir=/workdir/DynWork/multimodal_dataset/repeat-2/Multimodal_Real_Dataset/Azure/summarization/t5_cnn/2_x_P99/nexus/logs model=fake_0
INFO: waiting frontend to spin up
INFO: ready to go
INFO: rock and roll
INFO: at 8.473 ms batch [123.512] delay 35.713 ms
INFO: at 8.473 ms fetching 123.512 ms
INFO: at 46.231 ms batch [34.103] delay 35.713 ms
INFO: at 46.231 ms fetching 34.103 ms
INFO: at 82.287 ms batch [122.318] delay 35.713 ms
INFO: at 82.287 ms fetching 122.318 ms
INFO: at 118.498 ms batch [33.932] delay 35.713 ms
INFO: at 118.498 ms fetching 33.932 ms
INFO: at 155.410 ms batch [120.157] delay 35.713 ms
INFO: at 155.410 ms fetching 120.157 ms
INFO: at 193.362 ms batch [120.399] delay 35.713 ms
INFO: at 193.362 ms fetching 120.399 ms
INFO: at 229.709 ms batch [121.904] delay 35.713 ms
INFO: at 229.709 ms fetching 121.904 ms
INFO: at 265.948 ms batch [34.539] delay 35.713 ms
INFO: at 265.948 ms fetching 34.539 ms
INFO: at 302.705 ms batch [123.043] delay 35.713 ms
INFO: at 302.705 ms fetching 123.043 ms
INFO: at 340.644 ms batch [122.480] delay 35.713 ms
INFO: at 340.644 ms fetching 122.480 ms
INFO: at 376.632 ms batch [121.150] delay 44.641 ms
INFO: at 376.632 ms fetching 121.150 ms
INFO: at 422.270 ms batch [33.393] delay 44.641 ms
INFO: at 422.270 ms fetching 33.393 ms
INFO: at 467.260 ms batch [34.584] delay 44.641 ms
INFO: at 467.260 ms fetching 34.584 ms
INFO: at 512.178 ms batch [121.331] delay 44.641 ms
INFO: at 512.178 ms fetching 121.331 ms
INFO: at 557.362 ms batch [119.467] delay 44.641 ms
INFO: at 557.362 ms fetching 119.467 ms
INFO: at 602.369 ms batch [123.211] delay 44.641 ms
INFO: at 602.369 ms fetching 123.211 ms
INFO: at 647.342 ms batch [123.158] delay 44.641 ms
INFO: at 647.342 ms fetching 123.158 ms
INFO: at 692.477 ms batch [126.738] delay 44.641 ms
INFO: at 692.477 ms fetching 126.738 ms
INFO: at 738.339 ms batch [34.527] delay 29.761 ms
INFO: at 738.339 ms fetching 34.527 ms
INFO: at 769.332 ms batch [34.175] delay 29.761 ms
INFO: at 769.332 ms fetching 34.175 ms
INFO: at 799.395 ms batch [120.561] delay 29.761 ms
INFO: at 799.395 ms fetching 120.561 ms
INFO: at 830.985 ms batch [33.715] delay 29.761 ms
INFO: at 830.985 ms fetching 33.715 ms
INFO: at 861.949 ms batch [34.405] delay 29.761 ms
INFO: at 861.949 ms fetching 34.405 ms
INFO: at 892.936 ms batch [121.031] delay 29.761 ms
INFO: at 892.936 ms fetching 121.031 ms
INFO: at 923.901 ms batch [34.814] delay 29.761 ms
INFO: at 923.901 ms fetching 34.814 ms
INFO: at 954.733 ms batch [34.348] delay 29.761 ms
INFO: at 954.733 ms fetching 34.348 ms
INFO: at 984.881 ms batch [125.855] delay 29.761 ms
INFO: at 984.881 ms fetching 125.855 ms
INFO: at 1015.734 ms batch [125.223] delay 29.761 ms
INFO: at 1015.734 ms fetching 125.223 ms
INFO: at 1046.684 ms batch [33.846] delay 29.761 ms
INFO: at 1046.684 ms fetching 33.846 ms
INFO: at 1077.723 ms batch [35.037] delay 29.761 ms
INFO: at 1077.723 ms fetching 35.037 ms
INFO: at 1107.858 ms batch [124.399] delay 23.809 ms
INFO: at 1107.858 ms fetching 124.399 ms
INFO: at 1132.665 ms batch [121.016] delay 23.809 ms
INFO: at 1132.665 ms fetching 121.016 ms
INFO: at 1157.464 ms batch [33.759] delay 23.809 ms
INFO: at 1157.464 ms fetching 33.759 ms
INFO: at 1182.193 ms batch [33.850] delay 23.809 ms
INFO: at 1182.193 ms fetching 33.850 ms
INFO: at 1206.764 ms batch [34.596] delay 23.809 ms
INFO: at 1206.764 ms fetching 34.596 ms
INFO: at 1231.821 ms batch [34.020] delay 23.809 ms
INFO: at 1231.821 ms fetching 34.020 ms
INFO: at 1255.907 ms batch [34.113] delay 23.809 ms
INFO: at 1255.907 ms fetching 34.113 ms
INFO: at 1280.650 ms batch [33.921] delay 23.809 ms
INFO: at 1280.650 ms fetching 33.921 ms
INFO: at 1305.401 ms batch [122.243] delay 23.809 ms
INFO: at 1305.401 ms fetching 122.243 ms
INFO: at 1330.037 ms batch [122.309] delay 23.809 ms
INFO: at 1330.037 ms fetching 122.309 ms
INFO: at 1354.853 ms batch [33.979] delay 23.809 ms
INFO: at 1354.853 ms fetching 33.979 ms
INFO: at 1379.692 ms batch [34.569] delay 23.809 ms
INFO: at 1379.692 ms fetching 34.569 ms
INFO: at 1404.376 ms batch [34.082] delay 23.809 ms
INFO: at 1404.376 ms fetching 34.082 ms
INFO: at 1429.225 ms batch [122.692] delay 23.809 ms
INFO: at 1429.225 ms fetching 122.692 ms
INFO: at 1453.353 ms batch [34.241] delay 23.809 ms
INFO: at 1453.353 ms fetching 34.241 ms
INFO: at 1478.390 ms batch [34.505] delay 39.681 ms
INFO: at 1478.390 ms fetching 34.505 ms
INFO: at 1518.391 ms batch [124.127] delay 39.681 ms
INFO: at 1518.391 ms fetching 124.127 ms
INFO: at 1558.319 ms batch [123.397] delay 39.681 ms
INFO: at 1558.319 ms fetching 123.397 ms
INFO: at 1598.396 ms batch [34.274] delay 39.681 ms
INFO: at 1598.396 ms fetching 34.274 ms
INFO: at 1639.230 ms batch [34.253] delay 39.681 ms
INFO: at 1639.230 ms fetching 34.253 ms
INFO: at 1679.263 ms batch [119.203] delay 39.681 ms
INFO: at 1679.263 ms fetching 119.203 ms
INFO: at 1721.116 ms batch [34.231] delay 39.681 ms
INFO: at 1721.116 ms fetching 34.231 ms
INFO: at 1761.098 ms batch [121.265] delay 39.681 ms
INFO: at 1761.098 ms fetching 121.265 ms
INFO: at 1801.674 ms batch [122.339] delay 39.681 ms
INFO: at 1801.674 ms fetching 122.339 ms
INFO: at 1841.632 ms batch [122.518] delay 35.713 ms
INFO: at 1841.632 ms fetching 122.518 ms
INFO: at 1878.553 ms batch [122.761] delay 35.713 ms
INFO: at 1878.553 ms fetching 122.761 ms
INFO: at 1914.624 ms batch [35.075] delay 35.713 ms
INFO: at 1914.624 ms fetching 35.075 ms
INFO: at 1950.672 ms batch [34.765] delay 35.713 ms
INFO: at 1950.672 ms fetching 34.765 ms
INFO: at 1986.825 ms batch [121.632] delay 35.713 ms
INFO: at 1986.825 ms fetching 121.632 ms
INFO: at 2024.820 ms batch [122.672] delay 35.713 ms
INFO: at 2024.820 ms fetching 122.672 ms
INFO: at 2060.800 ms batch [33.336] delay 35.713 ms
INFO: at 2060.800 ms fetching 33.336 ms
INFO: at 2098.726 ms batch [33.583] delay 35.713 ms
INFO: at 2098.726 ms fetching 33.583 ms
INFO: at 2136.358 ms batch [121.366] delay 35.713 ms
INFO: at 2136.358 ms fetching 121.366 ms
INFO: at 2174.353 ms batch [33.652] delay 35.713 ms
INFO: at 2174.353 ms fetching 33.652 ms
INFO: at 2210.418 ms batch [34.599] delay 32.466 ms
INFO: at 2210.418 ms fetching 34.599 ms
INFO: at 2243.438 ms batch [33.568] delay 32.466 ms
INFO: at 2243.438 ms fetching 33.568 ms
INFO: at 2276.645 ms batch [120.227] delay 32.466 ms
INFO: at 2276.645 ms fetching 120.227 ms
INFO: at 2310.021 ms batch [124.144] delay 32.466 ms
INFO: at 2310.021 ms fetching 124.144 ms
INFO: at 2343.392 ms batch [34.467] delay 32.466 ms
INFO: at 2343.392 ms fetching 34.467 ms
INFO: at 2376.745 ms batch [122.300] delay 32.466 ms
INFO: at 2376.745 ms fetching 122.300 ms
INFO: at 2410.322 ms batch [121.613] delay 32.466 ms
INFO: at 2410.322 ms fetching 121.613 ms
INFO: at 2443.128 ms batch [118.299] delay 32.466 ms
INFO: at 2443.128 ms fetching 118.299 ms
INFO: at 2476.097 ms batch [127.006] delay 32.466 ms
INFO: at 2476.097 ms fetching 127.006 ms
INFO: at 2508.867 ms batch [119.911] delay 32.466 ms
INFO: at 2508.867 ms fetching 119.911 ms
INFO: at 2542.473 ms batch [123.880] delay 32.466 ms
INFO: at 2542.473 ms fetching 123.880 ms
INFO: at 2575.585 ms batch [123.732] delay 39.681 ms
INFO: at 2575.585 ms fetching 123.732 ms
INFO: at 2615.578 ms batch [33.590] delay 39.681 ms
INFO: at 2615.578 ms fetching 33.590 ms
INFO: at 2656.459 ms batch [34.738] delay 39.681 ms
INFO: at 2656.459 ms fetching 34.738 ms
INFO: at 2696.990 ms batch [34.426] delay 39.681 ms
INFO: at 2696.990 ms fetching 34.426 ms
INFO: at 2737.041 ms batch [123.524] delay 39.681 ms
INFO: at 2737.041 ms fetching 123.524 ms
INFO: at 2777.893 ms batch [34.443] delay 39.681 ms
INFO: at 2777.893 ms fetching 34.443 ms
INFO: at 2818.865 ms batch [126.134] delay 39.681 ms
INFO: at 2818.865 ms fetching 126.134 ms
INFO: at 2858.862 ms batch [119.546] delay 39.681 ms
INFO: at 2858.862 ms fetching 119.546 ms
INFO: at 2898.848 ms batch [118.163] delay 39.681 ms
INFO: at 2898.848 ms fetching 118.163 ms
INFO: at 2939.750 ms batch [119.521] delay 35.713 ms
INFO: at 2939.750 ms fetching 119.521 ms
INFO: at 2976.283 ms batch [120.503] delay 35.713 ms
INFO: at 2976.283 ms fetching 120.503 ms
INFO: at 3014.217 ms batch [34.376] delay 35.713 ms
INFO: at 3014.217 ms fetching 34.376 ms
INFO: at 3052.048 ms batch [123.408] delay 35.713 ms
INFO: at 3052.048 ms fetching 123.408 ms
INFO: at 3088.060 ms batch [34.035] delay 35.713 ms
INFO: at 3088.060 ms fetching 34.035 ms
INFO: at 3124.755 ms batch [123.289] delay 35.713 ms
INFO: at 3124.755 ms fetching 123.289 ms
INFO: at 3160.838 ms batch [34.100] delay 35.713 ms
INFO: at 3160.838 ms fetching 34.100 ms
INFO: at 3196.891 ms batch [122.072] delay 35.713 ms
INFO: at 3196.891 ms fetching 122.072 ms
INFO: at 3232.942 ms batch [34.173] delay 35.713 ms
INFO: at 3232.942 ms fetching 34.173 ms
INFO: at 3269.510 ms batch [33.640] delay 35.713 ms
INFO: at 3269.510 ms fetching 33.640 ms
INFO: at 3305.537 ms batch [124.161] delay 32.466 ms
INFO: at 3305.537 ms fetching 124.161 ms
INFO: at 3338.452 ms batch [33.544] delay 32.466 ms
INFO: at 3338.452 ms fetching 33.544 ms
INFO: at 3371.499 ms batch [32.387] delay 32.466 ms
INFO: at 3371.499 ms fetching 32.387 ms
INFO: at 3404.984 ms batch [35.221] delay 32.466 ms
INFO: at 3404.984 ms fetching 35.221 ms
INFO: at 3438.046 ms batch [33.754] delay 32.466 ms
INFO: at 3438.046 ms fetching 33.754 ms
INFO: at 3470.849 ms batch [34.684] delay 32.466 ms
INFO: at 3470.849 ms fetching 34.684 ms
INFO: at 3503.843 ms batch [123.020] delay 32.466 ms
INFO: at 3503.843 ms fetching 123.020 ms
INFO: at 3538.520 ms batch [33.735] delay 32.466 ms
INFO: at 3538.520 ms fetching 33.735 ms
INFO: at 3571.513 ms batch [120.832] delay 32.466 ms
INFO: at 3571.513 ms fetching 120.832 ms
INFO: at 3604.560 ms batch [33.552] delay 32.466 ms
INFO: at 3604.560 ms fetching 33.552 ms
INFO: at 3637.610 ms batch [34.041] delay 32.466 ms
INFO: at 3637.610 ms fetching 34.041 ms
INFO: at 3670.710 ms batch [118.523] delay 35.713 ms
INFO: at 3670.710 ms fetching 118.523 ms
INFO: at 3706.707 ms batch [34.308] delay 35.713 ms
INFO: at 3706.707 ms fetching 34.308 ms
INFO: at 3744.649 ms batch [34.719] delay 35.713 ms
INFO: at 3744.649 ms fetching 34.719 ms
INFO: at 3780.647 ms batch [121.354] delay 35.713 ms
INFO: at 3780.647 ms fetching 121.354 ms
INFO: at 3816.785 ms batch [120.930] delay 35.713 ms
INFO: at 3816.785 ms fetching 120.930 ms
INFO: at 3852.895 ms batch [123.168] delay 35.713 ms
INFO: at 3852.895 ms fetching 123.168 ms
INFO: at 3888.892 ms batch [33.918] delay 35.713 ms
INFO: at 3888.892 ms fetching 33.918 ms
INFO: at 3926.785 ms batch [119.588] delay 35.713 ms
INFO: at 3926.785 ms fetching 119.588 ms
INFO: at 3964.768 ms batch [123.985] delay 35.713 ms
INFO: at 3964.768 ms fetching 123.985 ms
INFO: at 4000.876 ms batch [120.140] delay 35.713 ms
INFO: at 4000.876 ms fetching 120.140 ms
INFO: at 4036.925 ms batch [125.319] delay 29.761 ms
INFO: at 4036.925 ms fetching 125.319 ms
INFO: at 4067.978 ms batch [33.963] delay 29.761 ms
INFO: at 4067.978 ms fetching 33.963 ms
INFO: at 4099.921 ms batch [125.052] delay 29.761 ms
INFO: at 4099.921 ms fetching 125.052 ms
INFO: at 4130.921 ms batch [34.572] delay 29.761 ms
INFO: at 4130.921 ms fetching 34.572 ms
INFO: at 4161.940 ms batch [121.811] delay 29.761 ms
INFO: at 4161.940 ms fetching 121.811 ms
INFO: at 4192.949 ms batch [123.761] delay 29.761 ms
INFO: at 4192.949 ms fetching 123.761 ms
INFO: at 4223.895 ms batch [123.706] delay 29.761 ms
INFO: at 4223.895 ms fetching 123.706 ms
INFO: at 4254.480 ms batch [122.753] delay 29.761 ms
INFO: at 4254.480 ms fetching 122.753 ms
INFO: at 4285.230 ms batch [34.753] delay 29.761 ms
INFO: at 4285.230 ms fetching 34.753 ms
INFO: at 4315.300 ms batch [34.914] delay 29.761 ms
INFO: at 4315.300 ms fetching 34.914 ms
INFO: at 4345.364 ms batch [34.136] delay 29.761 ms
INFO: at 4345.364 ms fetching 34.136 ms
INFO: at 4376.316 ms batch [121.470] delay 29.761 ms
INFO: at 4376.316 ms fetching 121.470 ms
INFO: at 4406.443 ms batch [34.150] delay 35.713 ms
INFO: at 4406.443 ms fetching 34.150 ms
INFO: at 4442.496 ms batch [33.858] delay 35.713 ms
INFO: at 4442.496 ms fetching 33.858 ms
INFO: at 4478.564 ms batch [120.966] delay 35.713 ms
INFO: at 4478.564 ms fetching 120.966 ms
INFO: at 4514.620 ms batch [34.142] delay 35.713 ms
INFO: at 4514.620 ms fetching 34.142 ms
INFO: at 4551.456 ms batch [121.426] delay 35.713 ms
INFO: at 4551.456 ms fetching 121.426 ms
INFO: at 4587.507 ms batch [121.460] delay 35.713 ms
INFO: at 4587.507 ms fetching 121.460 ms
INFO: at 4625.466 ms batch [33.960] delay 35.713 ms
INFO: at 4625.466 ms fetching 33.960 ms
INFO: at 4662.020 ms batch [122.910] delay 35.713 ms
INFO: at 4662.020 ms fetching 122.910 ms
INFO: at 4698.006 ms batch [34.131] delay 35.713 ms
INFO: at 4698.006 ms fetching 34.131 ms
INFO: at 4735.809 ms batch [35.171] delay 35.713 ms
INFO: at 4735.809 ms fetching 35.171 ms
INFO: at 4771.871 ms batch [33.831] delay 32.466 ms
INFO: at 4771.871 ms fetching 33.831 ms
INFO: at 4804.661 ms batch [34.628] delay 32.466 ms
INFO: at 4804.661 ms fetching 34.628 ms
INFO: at 4838.146 ms batch [34.834] delay 32.466 ms
INFO: at 4838.146 ms fetching 34.834 ms
INFO: at 4871.819 ms batch [34.314] delay 32.466 ms
INFO: at 4871.819 ms fetching 34.314 ms
INFO: at 4904.499 ms batch [123.578] delay 32.466 ms
INFO: at 4904.499 ms fetching 123.578 ms
INFO: at 4937.700 ms batch [33.879] delay 32.466 ms
INFO: at 4937.700 ms fetching 33.879 ms
INFO: at 4970.358 ms batch [34.062] delay 32.466 ms
INFO: at 4970.358 ms fetching 34.062 ms
INFO: at 5003.981 ms batch [120.626] delay 32.466 ms
INFO: at 5003.981 ms fetching 120.626 ms
INFO: at 5036.637 ms batch [34.952] delay 32.466 ms
INFO: at 5036.637 ms fetching 34.952 ms
INFO: at 5069.384 ms batch [119.681] delay 32.466 ms
INFO: at 5069.384 ms fetching 119.681 ms
INFO: at 5102.135 ms batch [121.310] delay 32.466 ms
INFO: at 5102.135 ms fetching 121.310 ms
INFO: at 5135.028 ms batch [122.920] delay 39.681 ms
INFO: at 5135.028 ms fetching 122.920 ms
INFO: at 5175.660 ms batch [121.604] delay 39.681 ms
INFO: at 5175.660 ms fetching 121.604 ms
INFO: at 5215.703 ms batch [123.302] delay 39.681 ms
INFO: at 5215.703 ms fetching 123.302 ms
INFO: at 5255.819 ms batch [122.023] delay 39.681 ms
INFO: at 5255.819 ms fetching 122.023 ms
INFO: at 5296.494 ms batch [34.607] delay 39.681 ms
INFO: at 5296.494 ms fetching 34.607 ms
INFO: at 5337.356 ms batch [33.628] delay 39.681 ms
INFO: at 5337.356 ms fetching 33.628 ms
INFO: at 5377.432 ms batch [34.515] delay 39.681 ms
INFO: at 5377.432 ms fetching 34.515 ms
INFO: at 5418.023 ms batch [121.321] delay 39.681 ms
INFO: at 5418.023 ms fetching 121.321 ms
INFO: at 5458.647 ms batch [129.801] delay 39.681 ms
INFO: at 5458.647 ms fetching 129.801 ms
INFO: at 5498.894 ms batch [34.883] delay 27.472 ms
INFO: at 5498.894 ms fetching 34.883 ms
INFO: at 5527.334 ms batch [123.500] delay 27.472 ms
INFO: at 5527.334 ms fetching 123.500 ms
INFO: at 5556.010 ms batch [125.192] delay 27.472 ms
INFO: at 5556.010 ms fetching 125.192 ms
INFO: at 5583.812 ms batch [120.654] delay 27.472 ms
INFO: at 5583.812 ms fetching 120.654 ms
INFO: at 5612.457 ms batch [33.900] delay 27.472 ms
INFO: at 5612.457 ms fetching 33.900 ms
INFO: at 5640.151 ms batch [124.362] delay 27.472 ms
INFO: at 5640.151 ms fetching 124.362 ms
INFO: at 5668.002 ms batch [34.694] delay 27.472 ms
INFO: at 5668.002 ms fetching 34.694 ms
INFO: at 5695.815 ms batch [120.210] delay 27.472 ms
INFO: at 5695.815 ms fetching 120.210 ms
INFO: at 5723.623 ms batch [123.314] delay 27.472 ms
INFO: at 5723.623 ms fetching 123.314 ms
INFO: at 5751.480 ms batch [121.416] delay 27.472 ms
INFO: at 5751.480 ms fetching 121.416 ms
INFO: at 5779.312 ms batch [34.727] delay 27.472 ms
INFO: at 5779.312 ms fetching 34.727 ms
INFO: at 5807.198 ms batch [34.400] delay 27.472 ms
INFO: at 5807.198 ms fetching 34.400 ms
INFO: at 5834.890 ms batch [33.700] delay 27.472 ms
INFO: at 5834.890 ms fetching 33.700 ms
INFO: at 5862.672 ms batch [34.928] delay 39.681 ms
INFO: at 5862.672 ms fetching 34.928 ms
INFO: at 5903.228 ms batch [124.893] delay 39.681 ms
INFO: at 5903.228 ms fetching 124.893 ms
INFO: at 5943.599 ms batch [122.460] delay 39.681 ms
INFO: at 5943.599 ms fetching 122.460 ms
INFO: at 5984.167 ms batch [34.958] delay 39.681 ms
INFO: at 5984.167 ms fetching 34.958 ms
INFO: at 6025.053 ms batch [34.162] delay 39.681 ms
INFO: at 6025.053 ms fetching 34.162 ms
INFO: at 6065.138 ms batch [34.236] delay 39.681 ms
INFO: at 6065.138 ms fetching 34.236 ms
INFO: at 6105.764 ms batch [33.953] delay 39.681 ms
INFO: at 6105.764 ms fetching 33.953 ms
INFO: at 6145.921 ms batch [34.276] delay 39.681 ms
INFO: at 6145.921 ms fetching 34.276 ms
INFO: at 6186.879 ms batch [34.415] delay 39.681 ms
INFO: at 6186.879 ms fetching 34.415 ms
INFO: at 6227.225 ms batch [35.160] delay 59.522 ms
INFO: at 6227.225 ms fetching 35.160 ms
INFO: at 6287.992 ms batch [33.861] delay 59.522 ms
INFO: at 6287.992 ms fetching 33.861 ms
INFO: at 6348.597 ms batch [123.926] delay 59.522 ms
INFO: at 6348.597 ms fetching 123.926 ms
INFO: at 6409.476 ms batch [122.723] delay 59.522 ms
INFO: at 6409.476 ms fetching 122.723 ms
INFO: at 6470.475 ms batch [119.945] delay 59.522 ms
INFO: at 6470.475 ms fetching 119.945 ms
INFO: at 6530.985 ms batch [123.327] delay 59.522 ms
INFO: at 6530.985 ms fetching 123.327 ms
INFO: at 6591.989 ms batch [119.107] delay 39.681 ms
INFO: at 6591.989 ms fetching 119.107 ms
INFO: at 6632.900 ms batch [33.854] delay 39.681 ms
INFO: at 6632.900 ms fetching 33.854 ms
INFO: at 6673.827 ms batch [123.373] delay 39.681 ms
INFO: at 6673.827 ms fetching 123.373 ms
INFO: at 6713.851 ms batch [33.484] delay 39.681 ms
INFO: at 6713.851 ms fetching 33.484 ms
INFO: at 6754.685 ms batch [33.794] delay 39.681 ms
INFO: at 6754.685 ms fetching 33.794 ms
INFO: at 6794.707 ms batch [122.271] delay 39.681 ms
INFO: at 6794.707 ms fetching 122.271 ms
INFO: at 6834.672 ms batch [121.126] delay 39.681 ms
INFO: at 6834.672 ms fetching 121.126 ms
INFO: at 6874.677 ms batch [35.365] delay 39.681 ms
INFO: at 6874.677 ms fetching 35.365 ms
INFO: at 6914.923 ms batch [121.538] delay 39.681 ms
INFO: at 6914.923 ms fetching 121.538 ms
INFO: at 6954.930 ms batch [118.634] delay 39.681 ms
INFO: at 6954.930 ms fetching 118.634 ms
INFO: at 6995.787 ms batch [33.824] delay 39.681 ms
INFO: at 6995.787 ms fetching 33.824 ms
INFO: at 7035.899 ms batch [34.155] delay 39.681 ms
INFO: at 7035.899 ms fetching 34.155 ms
INFO: at 7076.739 ms batch [33.998] delay 39.681 ms
INFO: at 7076.739 ms fetching 33.998 ms
INFO: at 7117.609 ms batch [121.874] delay 39.681 ms
INFO: at 7117.609 ms fetching 121.874 ms
INFO: at 7157.668 ms batch [34.823] delay 39.681 ms
INFO: at 7157.668 ms fetching 34.823 ms
INFO: at 7197.693 ms batch [122.043] delay 39.681 ms
INFO: at 7197.693 ms fetching 122.043 ms
INFO: at 7238.315 ms batch [34.641] delay 39.681 ms
INFO: at 7238.315 ms fetching 34.641 ms
INFO: at 7278.303 ms batch [126.195] delay 39.681 ms
INFO: at 7278.303 ms fetching 126.195 ms
INFO: at 7319.155 ms batch [34.012] delay 59.522 ms
INFO: at 7319.155 ms fetching 34.012 ms
INFO: at 7380.270 ms batch [34.653] delay 59.522 ms
INFO: at 7380.270 ms fetching 34.653 ms
INFO: at 7440.523 ms batch [122.712] delay 59.522 ms
INFO: at 7440.523 ms fetching 122.712 ms
INFO: at 7501.507 ms batch [122.559] delay 59.522 ms
INFO: at 7501.507 ms fetching 122.559 ms
INFO: at 7562.022 ms batch [120.518] delay 59.522 ms
INFO: at 7562.022 ms fetching 120.518 ms
INFO: at 7623.102 ms batch [124.495] delay 59.522 ms
INFO: at 7623.102 ms fetching 124.495 ms
INFO: at 7684.127 ms batch [125.081] delay 32.466 ms
INFO: at 7684.127 ms fetching 125.081 ms
INFO: at 7717.728 ms batch [34.731] delay 32.466 ms
INFO: at 7717.728 ms fetching 34.731 ms
INFO: at 7750.601 ms batch [34.619] delay 32.466 ms
INFO: at 7750.601 ms fetching 34.619 ms
INFO: at 7783.628 ms batch [34.125] delay 32.466 ms
INFO: at 7783.628 ms fetching 34.125 ms
INFO: at 7816.638 ms batch [125.760] delay 32.466 ms
INFO: at 7816.638 ms fetching 125.760 ms
INFO: at 7850.199 ms batch [121.715] delay 32.466 ms
INFO: at 7850.199 ms fetching 121.715 ms
INFO: at 7883.012 ms batch [123.351] delay 32.466 ms
INFO: at 7883.012 ms fetching 123.351 ms
INFO: at 7916.051 ms batch [121.517] delay 32.466 ms
INFO: at 7916.051 ms fetching 121.517 ms
INFO: at 7949.081 ms batch [34.843] delay 32.466 ms
INFO: at 7949.081 ms fetching 34.843 ms
INFO: at 7982.697 ms batch [33.941] delay 32.466 ms
INFO: at 7982.697 ms fetching 33.941 ms
INFO: at 8015.744 ms batch [34.026] delay 32.466 ms
INFO: at 8015.744 ms fetching 34.026 ms
INFO: at 8048.538 ms batch [121.863] delay 35.713 ms
INFO: at 8048.538 ms fetching 121.863 ms
INFO: at 8086.287 ms batch [120.943] delay 35.713 ms
INFO: at 8086.287 ms fetching 120.943 ms
INFO: at 8122.869 ms batch [33.811] delay 35.713 ms
INFO: at 8122.869 ms fetching 33.811 ms
INFO: at 8158.907 ms batch [122.943] delay 35.713 ms
INFO: at 8158.907 ms fetching 122.943 ms
INFO: at 8194.969 ms batch [34.574] delay 35.713 ms
INFO: at 8194.969 ms fetching 34.574 ms
INFO: at 8230.969 ms batch [119.983] delay 35.713 ms
INFO: at 8230.969 ms fetching 119.983 ms
INFO: at 8267.062 ms batch [33.610] delay 35.713 ms
INFO: at 8267.062 ms fetching 33.610 ms
INFO: at 8304.943 ms batch [116.594] delay 35.713 ms
INFO: at 8304.943 ms fetching 116.594 ms
INFO: at 8342.596 ms batch [120.124] delay 35.713 ms
INFO: at 8342.596 ms fetching 120.124 ms
INFO: at 8380.253 ms batch [124.013] delay 35.713 ms
INFO: at 8380.253 ms fetching 124.013 ms
INFO: at 8416.853 ms batch [34.194] delay 32.466 ms
INFO: at 8416.853 ms fetching 34.194 ms
INFO: at 8449.903 ms batch [120.174] delay 32.466 ms
INFO: at 8449.903 ms fetching 120.174 ms
INFO: at 8482.646 ms batch [35.082] delay 32.466 ms
INFO: at 8482.646 ms fetching 35.082 ms
INFO: at 8516.106 ms batch [34.860] delay 32.466 ms
INFO: at 8516.106 ms fetching 34.860 ms
INFO: at 8549.781 ms batch [33.596] delay 32.466 ms
INFO: at 8549.781 ms fetching 33.596 ms
INFO: at 8583.327 ms batch [34.908] delay 32.466 ms
INFO: at 8583.327 ms fetching 34.908 ms
INFO: at 8616.848 ms batch [123.279] delay 32.466 ms
INFO: at 8616.848 ms fetching 123.279 ms
INFO: at 8649.546 ms batch [33.872] delay 32.466 ms
INFO: at 8649.546 ms fetching 33.872 ms
INFO: at 8683.380 ms batch [122.792] delay 32.466 ms
INFO: at 8683.380 ms fetching 122.792 ms
INFO: at 8716.200 ms batch [120.458] delay 32.466 ms
INFO: at 8716.200 ms fetching 120.458 ms
INFO: at 8749.138 ms batch [118.251] delay 32.466 ms
INFO: at 8749.138 ms fetching 118.251 ms
INFO: at 8782.018 ms batch [34.670] delay 32.466 ms
INFO: at 8782.018 ms fetching 34.670 ms
INFO: at 8815.395 ms batch [33.615] delay 32.466 ms
INFO: at 8815.395 ms fetching 33.615 ms
INFO: at 8848.981 ms batch [121.571] delay 32.466 ms
INFO: at 8848.981 ms fetching 121.571 ms
INFO: at 8882.398 ms batch [125.667] delay 32.466 ms
INFO: at 8882.398 ms fetching 125.667 ms
INFO: at 8915.161 ms batch [117.269] delay 32.466 ms
INFO: at 8915.161 ms fetching 117.269 ms
INFO: at 8947.920 ms batch [33.177] delay 32.466 ms
INFO: at 8947.920 ms fetching 33.177 ms
INFO: at 8981.234 ms batch [33.351] delay 32.466 ms
INFO: at 8981.234 ms fetching 33.351 ms
INFO: at 9014.059 ms batch [124.842] delay 32.466 ms
INFO: at 9014.059 ms fetching 124.842 ms
INFO: at 9046.894 ms batch [34.940] delay 32.466 ms
INFO: at 9046.894 ms fetching 34.940 ms
INFO: at 9080.562 ms batch [34.038] delay 32.466 ms
INFO: at 9080.562 ms fetching 34.038 ms
INFO: at 9113.449 ms batch [124.062] delay 32.466 ms
INFO: at 9113.449 ms fetching 124.062 ms
INFO: at 9146.897 ms batch [34.008] delay 25.509 ms
INFO: at 9146.897 ms fetching 34.008 ms
INFO: at 9174.539 ms batch [34.388] delay 25.509 ms
INFO: at 9174.539 ms fetching 34.388 ms
INFO: at 9200.497 ms batch [121.387] delay 25.509 ms
INFO: at 9200.497 ms fetching 121.387 ms
INFO: at 9226.219 ms batch [34.210] delay 25.509 ms
INFO: at 9226.219 ms fetching 34.210 ms
INFO: at 9253.678 ms batch [34.205] delay 25.509 ms
INFO: at 9253.678 ms fetching 34.205 ms
INFO: at 9279.534 ms batch [34.847] delay 25.509 ms
INFO: at 9279.534 ms fetching 34.847 ms
INFO: at 9305.497 ms batch [120.697] delay 25.509 ms
INFO: at 9305.497 ms fetching 120.697 ms
INFO: at 9332.911 ms batch [34.983] delay 25.509 ms
INFO: at 9332.911 ms fetching 34.983 ms
INFO: at 9360.657 ms batch [35.060] delay 25.509 ms
INFO: at 9360.657 ms fetching 35.060 ms
INFO: at 9386.739 ms batch [124.617] delay 25.509 ms
INFO: at 9386.739 ms fetching 124.617 ms
INFO: at 9413.322 ms batch [118.896] delay 25.509 ms
INFO: at 9413.322 ms fetching 118.896 ms
INFO: at 9439.408 ms batch [34.490] delay 25.509 ms
INFO: at 9439.408 ms fetching 34.490 ms
INFO: at 9465.329 ms batch [33.907] delay 25.509 ms
INFO: at 9465.329 ms fetching 33.907 ms
INFO: at 9491.388 ms batch [33.937] delay 25.509 ms
INFO: at 9491.388 ms fetching 33.937 ms
INFO: at 9517.448 ms batch [34.445] delay 35.713 ms
INFO: at 9517.448 ms fetching 34.445 ms
INFO: at 9553.498 ms batch [34.128] delay 35.713 ms
INFO: at 9553.498 ms fetching 34.128 ms
INFO: at 9591.434 ms batch [123.691] delay 35.713 ms
INFO: at 9591.434 ms fetching 123.691 ms
INFO: at 9627.491 ms batch [35.150] delay 35.713 ms
INFO: at 9627.491 ms fetching 35.150 ms
INFO: at 9663.562 ms batch [35.195] delay 35.713 ms
INFO: at 9663.562 ms fetching 35.195 ms
INFO: at 9700.301 ms batch [34.533] delay 35.713 ms
INFO: at 9700.301 ms fetching 34.533 ms
INFO: at 9736.444 ms batch [33.377] delay 35.713 ms
INFO: at 9736.444 ms fetching 33.377 ms
INFO: at 9772.449 ms batch [34.417] delay 35.713 ms
INFO: at 9772.449 ms fetching 34.417 ms
INFO: at 9810.274 ms batch [33.914] delay 35.713 ms
INFO: at 9810.274 ms fetching 33.914 ms
INFO: at 9846.290 ms batch [122.630] delay 35.713 ms
INFO: at 9846.290 ms fetching 122.630 ms
INFO: at 9884.222 ms batch [34.712] delay 29.761 ms
INFO: at 9884.222 ms fetching 34.712 ms
INFO: at 9914.254 ms batch [121.694] delay 29.761 ms
INFO: at 9914.254 ms fetching 121.694 ms
INFO: at 9945.257 ms batch [35.010] delay 29.761 ms
INFO: at 9945.257 ms fetching 35.010 ms
INFO: at 9976.168 ms batch [34.259] delay 29.761 ms
INFO: at 9976.168 ms fetching 34.259 ms
INFO: at 10006.932 ms batch [35.390] delay 29.761 ms
INFO: at 10006.932 ms fetching 35.390 ms
INFO: at 10037.293 ms batch [120.752] delay 29.761 ms
INFO: at 10037.293 ms fetching 120.752 ms
INFO: at 10067.658 ms batch [34.331] delay 29.761 ms
INFO: at 10067.658 ms fetching 34.331 ms
INFO: at 10098.130 ms batch [122.703] delay 29.761 ms
INFO: at 10098.130 ms fetching 122.703 ms
INFO: at 10128.770 ms batch [122.899] delay 29.761 ms
INFO: at 10128.770 ms fetching 122.899 ms
INFO: at 10159.235 ms batch [121.735] delay 29.761 ms
INFO: at 10159.235 ms fetching 121.735 ms
INFO: at 10189.706 ms batch [121.053] delay 29.761 ms
INFO: at 10189.706 ms fetching 121.053 ms
INFO: at 10220.605 ms batch [123.434] delay 29.761 ms
INFO: at 10220.605 ms fetching 123.434 ms
INFO: at 10251.558 ms batch [121.778] delay 35.713 ms
INFO: at 10251.558 ms fetching 121.778 ms
INFO: at 10287.932 ms batch [124.294] delay 35.713 ms
INFO: at 10287.932 ms fetching 124.294 ms
INFO: at 10324.010 ms batch [34.070] delay 35.713 ms
INFO: at 10324.010 ms fetching 34.070 ms
INFO: at 10360.058 ms batch [34.592] delay 35.713 ms
INFO: at 10360.058 ms fetching 34.592 ms
INFO: at 10396.028 ms batch [121.529] delay 35.713 ms
INFO: at 10396.028 ms fetching 121.529 ms
INFO: at 10432.827 ms batch [124.772] delay 35.713 ms
INFO: at 10432.827 ms fetching 124.772 ms
INFO: at 10468.908 ms batch [34.874] delay 35.713 ms
INFO: at 10468.908 ms fetching 34.874 ms
INFO: at 10504.922 ms batch [34.605] delay 35.713 ms
INFO: at 10504.922 ms fetching 34.605 ms
INFO: at 10540.967 ms batch [34.899] delay 35.713 ms
INFO: at 10540.967 ms fetching 34.899 ms
INFO: at 10576.959 ms batch [34.281] delay 35.713 ms
INFO: at 10576.959 ms fetching 34.281 ms
INFO: at 10614.957 ms batch [34.507] delay 39.681 ms
INFO: at 10614.957 ms fetching 34.507 ms
INFO: at 10655.011 ms batch [34.581] delay 39.681 ms
INFO: at 10655.011 ms fetching 34.581 ms
INFO: at 10695.043 ms batch [34.578] delay 39.681 ms
INFO: at 10695.043 ms fetching 34.578 ms
INFO: at 10735.581 ms batch [122.112] delay 39.681 ms
INFO: at 10735.581 ms fetching 122.112 ms
INFO: at 10775.552 ms batch [34.660] delay 39.681 ms
INFO: at 10775.552 ms fetching 34.660 ms
INFO: at 10816.487 ms batch [118.973] delay 39.681 ms
INFO: at 10816.487 ms fetching 118.973 ms
INFO: at 10856.438 ms batch [35.235] delay 39.681 ms
INFO: at 10856.438 ms fetching 35.235 ms
INFO: at 10897.211 ms batch [122.582] delay 39.681 ms
INFO: at 10897.211 ms fetching 122.582 ms
INFO: at 10937.882 ms batch [34.622] delay 39.681 ms
INFO: at 10937.882 ms fetching 34.622 ms
INFO: at 10978.348 ms batch [35.002] delay 44.641 ms
INFO: at 10978.348 ms fetching 35.002 ms
INFO: at 11023.254 ms batch [120.818] delay 44.641 ms
INFO: at 11023.254 ms fetching 120.818 ms
INFO: at 11068.248 ms batch [33.893] delay 44.641 ms
INFO: at 11068.248 ms fetching 33.893 ms
INFO: at 11113.300 ms batch [33.875] delay 44.641 ms
INFO: at 11113.300 ms fetching 33.875 ms
INFO: at 11158.342 ms batch [125.163] delay 44.641 ms
INFO: at 11158.342 ms fetching 125.163 ms
INFO: at 11203.396 ms batch [34.631] delay 44.641 ms
INFO: at 11203.396 ms fetching 34.631 ms
INFO: at 11248.465 ms batch [34.189] delay 44.641 ms
INFO: at 11248.465 ms fetching 34.189 ms
INFO: at 11293.513 ms batch [121.832] delay 44.641 ms
INFO: at 11293.513 ms fetching 121.832 ms
INFO: at 11338.824 ms batch [121.914] delay 51.019 ms
INFO: at 11338.824 ms fetching 121.914 ms
INFO: at 11390.889 ms batch [124.820] delay 51.019 ms
INFO: at 11390.889 ms fetching 124.820 ms
INFO: at 11442.806 ms batch [118.769] delay 51.019 ms
INFO: at 11442.806 ms fetching 118.769 ms
INFO: at 11494.878 ms batch [33.051] delay 51.019 ms
INFO: at 11494.878 ms fetching 33.051 ms
INFO: at 11546.919 ms batch [121.395] delay 51.019 ms
INFO: at 11546.919 ms fetching 121.395 ms
INFO: at 11598.423 ms batch [121.923] delay 51.019 ms
INFO: at 11598.423 ms fetching 121.923 ms
INFO: at 11650.358 ms batch [121.582] delay 51.019 ms
INFO: at 11650.358 ms fetching 121.582 ms
INFO: at 11701.889 ms batch [34.328] delay 39.681 ms
INFO: at 11701.889 ms fetching 34.328 ms
INFO: at 11742.597 ms batch [34.261] delay 39.681 ms
INFO: at 11742.597 ms fetching 34.261 ms
INFO: at 11782.657 ms batch [124.684] delay 39.681 ms
INFO: at 11782.657 ms fetching 124.684 ms
INFO: at 11822.689 ms batch [124.380] delay 39.681 ms
INFO: at 11822.689 ms fetching 124.380 ms
INFO: at 11863.399 ms batch [123.941] delay 39.681 ms
INFO: at 11863.399 ms fetching 123.941 ms
INFO: at 11903.353 ms batch [35.119] delay 39.681 ms
INFO: at 11903.353 ms fetching 35.119 ms
INFO: at 11943.357 ms batch [121.854] delay 39.681 ms
INFO: at 11943.357 ms fetching 121.854 ms
INFO: at 11983.602 ms batch [122.199] delay 39.681 ms
INFO: at 11983.602 ms fetching 122.199 ms
INFO: at 12024.515 ms batch [34.757] delay 39.681 ms
INFO: at 12024.515 ms fetching 34.757 ms
INFO: at 12064.495 ms batch [34.001] delay 51.019 ms
INFO: at 12064.495 ms fetching 34.001 ms
INFO: at 12116.214 ms batch [124.596] delay 51.019 ms
INFO: at 12116.214 ms fetching 124.596 ms
INFO: at 12168.305 ms batch [34.448] delay 51.019 ms
INFO: at 12168.305 ms fetching 34.448 ms
INFO: at 12220.328 ms batch [34.647] delay 51.019 ms
INFO: at 12220.328 ms fetching 34.647 ms
INFO: at 12272.292 ms batch [124.637] delay 51.019 ms
INFO: at 12272.292 ms fetching 124.637 ms
INFO: at 12324.403 ms batch [34.430] delay 51.019 ms
INFO: at 12324.403 ms fetching 34.430 ms
INFO: at 12376.501 ms batch [124.241] delay 51.019 ms
INFO: at 12376.501 ms fetching 124.241 ms
INFO: at 12428.781 ms batch [120.882] delay 29.761 ms
INFO: at 12428.781 ms fetching 120.882 ms
INFO: at 12458.795 ms batch [34.773] delay 29.761 ms
INFO: at 12458.795 ms fetching 34.773 ms
INFO: at 12488.799 ms batch [122.262] delay 29.761 ms
INFO: at 12488.799 ms fetching 122.262 ms
INFO: at 12520.156 ms batch [122.400] delay 29.761 ms
INFO: at 12520.156 ms fetching 122.400 ms
INFO: at 12551.063 ms batch [34.373] delay 29.761 ms
INFO: at 12551.063 ms fetching 34.373 ms
INFO: at 12582.007 ms batch [34.488] delay 29.761 ms
INFO: at 12582.007 ms fetching 34.488 ms
INFO: at 12612.999 ms batch [120.640] delay 29.761 ms
INFO: at 12612.999 ms fetching 120.640 ms
INFO: at 12643.989 ms batch [121.188] delay 29.761 ms
INFO: at 12643.989 ms fetching 121.188 ms
INFO: at 12674.473 ms batch [118.816] delay 29.761 ms
INFO: at 12674.473 ms fetching 118.816 ms
INFO: at 12705.351 ms batch [34.396] delay 29.761 ms
INFO: at 12705.351 ms fetching 34.396 ms
INFO: at 12735.529 ms batch [34.827] delay 29.761 ms
INFO: at 12735.529 ms fetching 34.827 ms
INFO: at 12765.493 ms batch [33.462] delay 29.761 ms
INFO: at 12765.493 ms fetching 33.462 ms
INFO: at 12796.454 ms batch [123.896] delay 39.681 ms
INFO: at 12796.454 ms fetching 123.896 ms
INFO: at 12836.566 ms batch [121.256] delay 39.681 ms
INFO: at 12836.566 ms fetching 121.256 ms
INFO: at 12876.573 ms batch [34.140] delay 39.681 ms
INFO: at 12876.573 ms fetching 34.140 ms
INFO: at 12916.638 ms batch [33.992] delay 39.681 ms
INFO: at 12916.638 ms fetching 33.992 ms
INFO: at 12957.360 ms batch [120.309] delay 39.681 ms
INFO: at 12957.360 ms fetching 120.309 ms
INFO: at 12998.182 ms batch [119.237] delay 39.681 ms
INFO: at 12998.182 ms fetching 119.237 ms
INFO: at 13039.066 ms batch [32.980] delay 39.681 ms
INFO: at 13039.066 ms fetching 32.980 ms
INFO: at 13079.926 ms batch [120.869] delay 39.681 ms
INFO: at 13079.926 ms fetching 120.869 ms
INFO: at 13119.897 ms batch [124.433] delay 39.681 ms
INFO: at 13119.897 ms fetching 124.433 ms
INFO: at 13160.541 ms batch [123.999] delay 39.681 ms
INFO: at 13160.541 ms fetching 123.999 ms
INFO: at 13200.597 ms batch [124.968] delay 39.681 ms
INFO: at 13200.597 ms fetching 124.968 ms
INFO: at 13240.984 ms batch [124.659] delay 39.681 ms
INFO: at 13240.984 ms fetching 124.659 ms
INFO: at 13281.379 ms batch [122.408] delay 39.681 ms
INFO: at 13281.379 ms fetching 122.408 ms
INFO: at 13321.747 ms batch [35.447] delay 39.681 ms
INFO: at 13321.747 ms fetching 35.447 ms
INFO: at 13361.762 ms batch [121.986] delay 39.681 ms
INFO: at 13361.762 ms fetching 121.986 ms
INFO: at 13402.136 ms batch [34.244] delay 39.681 ms
INFO: at 13402.136 ms fetching 34.244 ms
INFO: at 13442.477 ms batch [120.586] delay 39.681 ms
INFO: at 13442.477 ms fetching 120.586 ms
INFO: at 13482.814 ms batch [34.818] delay 39.681 ms
INFO: at 13482.814 ms fetching 34.818 ms
INFO: at 13523.531 ms batch [122.876] delay 44.641 ms
INFO: at 13523.531 ms fetching 122.876 ms
INFO: at 13568.866 ms batch [33.897] delay 44.641 ms
INFO: at 13568.866 ms fetching 33.897 ms
INFO: at 13614.198 ms batch [125.109] delay 44.641 ms
INFO: at 13614.198 ms fetching 125.109 ms
INFO: at 13658.948 ms batch [121.493] delay 44.641 ms
INFO: at 13658.948 ms fetching 121.493 ms
INFO: at 13704.293 ms batch [124.704] delay 44.641 ms
INFO: at 13704.293 ms fetching 124.704 ms
INFO: at 13749.624 ms batch [34.075] delay 44.641 ms
INFO: at 13749.624 ms fetching 34.075 ms
INFO: at 13794.616 ms batch [119.854] delay 44.641 ms
INFO: at 13794.616 ms fetching 119.854 ms
INFO: at 13839.975 ms batch [34.079] delay 44.641 ms
INFO: at 13839.975 ms fetching 34.079 ms
INFO: at 13885.308 ms batch [122.122] delay 44.641 ms
INFO: at 13885.308 ms fetching 122.122 ms
INFO: at 13930.478 ms batch [33.943] delay 44.641 ms
INFO: at 13930.478 ms fetching 33.943 ms
INFO: at 13975.842 ms batch [124.348] delay 44.641 ms
INFO: at 13975.842 ms fetching 124.348 ms
INFO: at 14021.192 ms batch [123.179] delay 44.641 ms
INFO: at 14021.192 ms fetching 123.179 ms
INFO: at 14066.447 ms batch [121.757] delay 44.641 ms
INFO: at 14066.447 ms fetching 121.757 ms
INFO: at 14111.787 ms batch [33.744] delay 44.641 ms
INFO: at 14111.787 ms fetching 33.744 ms
INFO: at 14157.133 ms batch [121.995] delay 44.641 ms
INFO: at 14157.133 ms fetching 121.995 ms
INFO: at 14202.459 ms batch [34.197] delay 44.641 ms
INFO: at 14202.459 ms fetching 34.197 ms
INFO: at 14247.793 ms batch [124.454] delay 12.315 ms
INFO: at 14247.793 ms fetching 124.454 ms
INFO: at 14262.139 ms batch [120.293] delay 12.315 ms
INFO: at 14262.139 ms fetching 120.293 ms
INFO: at 14276.544 ms batch [121.225] delay 12.315 ms
INFO: at 14276.544 ms fetching 121.225 ms
INFO: at 14289.203 ms batch [33.957] delay 12.315 ms
INFO: at 14289.203 ms fetching 33.957 ms
INFO: at 14302.005 ms batch [120.778] delay 12.315 ms
INFO: at 14302.005 ms fetching 120.778 ms
INFO: at 14314.726 ms batch [119.868] delay 12.315 ms
INFO: at 14314.726 ms fetching 119.868 ms
INFO: at 14327.529 ms batch [122.131] delay 12.315 ms
INFO: at 14327.529 ms fetching 122.131 ms
INFO: at 14340.330 ms batch [124.274] delay 12.315 ms
INFO: at 14340.330 ms fetching 124.274 ms
INFO: at 14353.201 ms batch [34.207] delay 12.315 ms
INFO: at 14353.201 ms fetching 34.207 ms
INFO: at 14366.032 ms batch [34.202] delay 12.315 ms
INFO: at 14366.032 ms fetching 34.202 ms
INFO: at 14378.803 ms batch [120.574] delay 12.315 ms
INFO: at 14378.803 ms fetching 120.574 ms
INFO: at 14391.650 ms batch [34.306] delay 12.315 ms
INFO: at 14391.650 ms fetching 34.306 ms
INFO: at 14404.611 ms batch [122.033] delay 12.315 ms
INFO: at 14404.611 ms fetching 122.033 ms
INFO: at 14417.571 ms batch [35.208] delay 12.315 ms
INFO: at 14417.571 ms fetching 35.208 ms
INFO: at 14430.465 ms batch [34.701] delay 12.315 ms
INFO: at 14430.465 ms fetching 34.701 ms
INFO: at 14443.210 ms batch [117.424] delay 12.315 ms
INFO: at 14443.210 ms fetching 117.424 ms
INFO: at 14456.291 ms batch [33.622] delay 12.315 ms
INFO: at 14456.291 ms fetching 33.622 ms
INFO: at 14469.057 ms batch [34.215] delay 12.315 ms
INFO: at 14469.057 ms fetching 34.215 ms
INFO: at 14482.091 ms batch [124.179] delay 12.315 ms
INFO: at 14482.091 ms fetching 124.179 ms
INFO: at 14494.995 ms batch [34.047] delay 12.315 ms
INFO: at 14494.995 ms fetching 34.047 ms
INFO: at 14508.195 ms batch [33.890] delay 12.315 ms
INFO: at 14508.195 ms fetching 33.890 ms
INFO: at 14521.483 ms batch [123.339] delay 12.315 ms
INFO: at 14521.483 ms fetching 123.339 ms
INFO: at 14534.534 ms batch [34.412] delay 12.315 ms
INFO: at 14534.534 ms fetching 34.412 ms
INFO: at 14547.291 ms batch [35.051] delay 12.315 ms
INFO: at 14547.291 ms fetching 35.051 ms
INFO: at 14560.300 ms batch [123.561] delay 12.315 ms
INFO: at 14560.300 ms fetching 123.561 ms
INFO: at 14573.421 ms batch [34.565] delay 12.315 ms
INFO: at 14573.421 ms fetching 34.565 ms
INFO: at 14586.343 ms batch [34.084] delay 12.315 ms
INFO: at 14586.343 ms fetching 34.084 ms
INFO: at 14599.426 ms batch [35.109] delay 12.315 ms
INFO: at 14599.426 ms fetching 35.109 ms
INFO: at 14612.697 ms batch [123.651] delay 12.315 ms
INFO: at 14612.697 ms fetching 123.651 ms
INFO: at 14625.634 ms batch [34.697] delay 32.466 ms
INFO: at 14625.634 ms fetching 34.697 ms
INFO: at 14658.418 ms batch [122.489] delay 32.466 ms
INFO: at 14658.418 ms fetching 122.489 ms
INFO: at 14691.296 ms batch [34.545] delay 32.466 ms
INFO: at 14691.296 ms fetching 34.545 ms
INFO: at 14724.680 ms batch [122.846] delay 32.466 ms
INFO: at 14724.680 ms fetching 122.846 ms
INFO: at 14758.183 ms batch [121.300] delay 32.466 ms
INFO: at 14758.183 ms fetching 121.300 ms
INFO: at 14791.791 ms batch [33.725] delay 32.466 ms
INFO: at 14791.791 ms fetching 33.725 ms
INFO: at 14825.096 ms batch [34.462] delay 32.466 ms
INFO: at 14825.096 ms fetching 34.462 ms
INFO: at 14858.290 ms batch [120.723] delay 32.466 ms
INFO: at 14858.290 ms fetching 120.723 ms
INFO: at 14890.989 ms batch [34.279] delay 32.466 ms
INFO: at 14890.989 ms fetching 34.279 ms
INFO: at 14923.707 ms batch [34.513] delay 32.466 ms
INFO: at 14923.707 ms fetching 34.513 ms
INFO: at 14957.900 ms batch [122.091] delay 32.466 ms
INFO: at 14957.900 ms fetching 122.091 ms
INFO: at 14991.123 ms batch [33.645] delay 35.713 ms
INFO: at 14991.123 ms fetching 33.645 ms
INFO: at 15027.155 ms batch [120.842] delay 35.713 ms
INFO: at 15027.155 ms fetching 120.842 ms
INFO: at 15064.750 ms batch [122.612] delay 35.713 ms
INFO: at 15064.750 ms fetching 122.612 ms
INFO: at 15102.466 ms batch [122.887] delay 35.713 ms
INFO: at 15102.466 ms fetching 122.887 ms
INFO: at 15139.406 ms batch [124.046] delay 35.713 ms
INFO: at 15139.406 ms fetching 124.046 ms
INFO: at 15175.462 ms batch [122.471] delay 35.713 ms
INFO: at 15175.462 ms fetching 122.471 ms
INFO: at 15211.514 ms batch [124.418] delay 35.713 ms
INFO: at 15211.514 ms fetching 124.418 ms
INFO: at 15248.850 ms batch [34.680] delay 35.713 ms
INFO: at 15248.850 ms fetching 34.680 ms
INFO: at 15284.839 ms batch [34.365] delay 35.713 ms
INFO: at 15284.839 ms fetching 34.365 ms
INFO: at 15320.872 ms batch [122.856] delay 35.713 ms
INFO: at 15320.872 ms fetching 122.856 ms
INFO: at 15356.937 ms batch [122.101] delay 44.641 ms
INFO: at 15356.937 ms fetching 122.101 ms
INFO: at 15402.535 ms batch [35.090] delay 44.641 ms
INFO: at 15402.535 ms fetching 35.090 ms
INFO: at 15447.667 ms batch [124.534] delay 44.641 ms
INFO: at 15447.667 ms fetching 124.534 ms
INFO: at 15492.714 ms batch [32.865] delay 44.641 ms
INFO: at 15492.714 ms fetching 32.865 ms
INFO: at 15538.575 ms batch [122.328] delay 44.641 ms
INFO: at 15538.575 ms fetching 122.328 ms
INFO: at 15583.667 ms batch [33.634] delay 44.641 ms
INFO: at 15583.667 ms fetching 33.634 ms
INFO: at 15628.688 ms batch [122.682] delay 44.641 ms
INFO: at 15628.688 ms fetching 122.682 ms
INFO: at 15673.942 ms batch [122.828] delay 44.641 ms
INFO: at 15673.942 ms fetching 122.828 ms
INFO: at 15718.928 ms batch [123.911] delay 23.809 ms
INFO: at 15718.928 ms fetching 123.911 ms
INFO: at 15743.864 ms batch [34.098] delay 23.809 ms
INFO: at 15743.864 ms fetching 34.098 ms
INFO: at 15768.843 ms batch [124.258] delay 23.809 ms
INFO: at 15768.843 ms fetching 124.258 ms
INFO: at 15793.909 ms batch [121.405] delay 23.809 ms
INFO: at 15793.909 ms fetching 121.405 ms
INFO: at 15818.354 ms batch [123.030] delay 23.809 ms
INFO: at 15818.354 ms fetching 123.030 ms
INFO: at 15843.354 ms batch [124.515] delay 23.809 ms
INFO: at 15843.354 ms fetching 124.515 ms
INFO: at 15868.397 ms batch [34.749] delay 23.809 ms
INFO: at 15868.397 ms fetching 34.749 ms
INFO: at 15893.388 ms batch [34.067] delay 23.809 ms
INFO: at 15893.388 ms fetching 34.067 ms
INFO: at 15918.422 ms batch [122.973] delay 23.809 ms
INFO: at 15918.422 ms fetching 122.973 ms
INFO: at 15943.492 ms batch [34.289] delay 23.809 ms
INFO: at 15943.492 ms fetching 34.289 ms
INFO: at 15967.775 ms batch [33.768] delay 23.809 ms
INFO: at 15967.775 ms fetching 33.768 ms
INFO: at 15992.414 ms batch [33.658] delay 23.809 ms
INFO: at 15992.414 ms fetching 33.658 ms
INFO: at 16017.210 ms batch [119.639] delay 23.809 ms
INFO: at 16017.210 ms fetching 119.639 ms
INFO: at 16041.723 ms batch [122.548] delay 23.809 ms
INFO: at 16041.723 ms fetching 122.548 ms
INFO: at 16066.417 ms batch [118.857] delay 23.809 ms
INFO: at 16066.417 ms fetching 118.857 ms
INFO: at 16091.285 ms batch [123.615] delay 32.466 ms
INFO: at 16091.285 ms fetching 123.615 ms
INFO: at 16124.002 ms batch [34.005] delay 32.466 ms
INFO: at 16124.002 ms fetching 34.005 ms
INFO: at 16157.642 ms batch [121.506] delay 32.466 ms
INFO: at 16157.642 ms fetching 121.506 ms
INFO: at 16190.317 ms batch [121.674] delay 32.466 ms
INFO: at 16190.317 ms fetching 121.674 ms
INFO: at 16223.819 ms batch [120.766] delay 32.466 ms
INFO: at 16223.819 ms fetching 120.766 ms
INFO: at 16257.293 ms batch [33.473] delay 32.466 ms
INFO: at 16257.293 ms fetching 33.473 ms
INFO: at 16290.178 ms batch [34.246] delay 32.466 ms
INFO: at 16290.178 ms fetching 34.246 ms
INFO: at 16322.858 ms batch [122.593] delay 32.466 ms
INFO: at 16322.858 ms fetching 122.593 ms
INFO: at 16356.585 ms batch [34.381] delay 32.466 ms
INFO: at 16356.585 ms fetching 34.381 ms
INFO: at 16389.532 ms batch [119.496] delay 32.466 ms
INFO: at 16389.532 ms fetching 119.496 ms
INFO: at 16422.836 ms batch [34.518] delay 32.466 ms
INFO: at 16422.836 ms fetching 34.518 ms
INFO: at 16455.644 ms batch [120.989] delay 32.466 ms
INFO: at 16455.644 ms fetching 120.989 ms
INFO: at 16488.725 ms batch [122.498] delay 32.466 ms
INFO: at 16488.725 ms fetching 122.498 ms
INFO: at 16521.730 ms batch [34.663] delay 32.466 ms
INFO: at 16521.730 ms fetching 34.663 ms
INFO: at 16555.352 ms batch [34.559] delay 32.466 ms
INFO: at 16555.352 ms fetching 34.559 ms
INFO: at 16588.493 ms batch [121.067] delay 32.466 ms
INFO: at 16588.493 ms fetching 121.067 ms
INFO: at 16621.543 ms batch [120.091] delay 32.466 ms
INFO: at 16621.543 ms fetching 120.091 ms
INFO: at 16654.583 ms batch [121.790] delay 32.466 ms
INFO: at 16654.583 ms fetching 121.790 ms
INFO: at 16688.234 ms batch [33.429] delay 32.466 ms
INFO: at 16688.234 ms fetching 33.429 ms
INFO: at 16721.313 ms batch [33.603] delay 32.466 ms
INFO: at 16721.313 ms fetching 33.603 ms
INFO: at 16754.337 ms batch [34.394] delay 32.466 ms
INFO: at 16754.337 ms fetching 34.394 ms
INFO: at 16787.297 ms batch [123.135] delay 32.466 ms
INFO: at 16787.297 ms fetching 123.135 ms
INFO: at 16820.324 ms batch [122.210] delay 39.681 ms
INFO: at 16820.324 ms fetching 122.210 ms
INFO: at 16860.239 ms batch [120.978] delay 39.681 ms
INFO: at 16860.239 ms fetching 120.978 ms
INFO: at 16901.089 ms batch [34.878] delay 39.681 ms
INFO: at 16901.089 ms fetching 34.878 ms
INFO: at 16941.183 ms batch [122.964] delay 39.681 ms
INFO: at 16941.183 ms fetching 122.964 ms
INFO: at 16982.481 ms batch [121.767] delay 39.681 ms
INFO: at 16982.481 ms fetching 121.767 ms
INFO: at 17022.499 ms batch [120.242] delay 39.681 ms
INFO: at 17022.499 ms fetching 120.242 ms
INFO: at 17062.521 ms batch [126.633] delay 39.681 ms
INFO: at 17062.521 ms fetching 126.633 ms
INFO: at 17102.458 ms batch [33.705] delay 39.681 ms
INFO: at 17102.458 ms fetching 33.705 ms
INFO: at 17142.827 ms batch [34.760] delay 39.681 ms
INFO: at 17142.827 ms fetching 34.760 ms
INFO: at 17182.924 ms batch [120.338] delay 39.681 ms
INFO: at 17182.924 ms fetching 120.338 ms
INFO: at 17222.920 ms batch [34.451] delay 39.681 ms
INFO: at 17222.920 ms fetching 34.451 ms
INFO: at 17263.540 ms batch [33.103] delay 39.681 ms
INFO: at 17263.540 ms fetching 33.103 ms
INFO: at 17304.482 ms batch [126.076] delay 39.681 ms
INFO: at 17304.482 ms fetching 126.076 ms
INFO: at 17344.502 ms batch [123.233] delay 39.681 ms
INFO: at 17344.502 ms fetching 123.233 ms
INFO: at 17384.882 ms batch [34.311] delay 39.681 ms
INFO: at 17384.882 ms fetching 34.311 ms
INFO: at 17424.918 ms batch [122.507] delay 39.681 ms
INFO: at 17424.918 ms fetching 122.507 ms
INFO: at 17465.737 ms batch [119.768] delay 39.681 ms
INFO: at 17465.737 ms fetching 119.768 ms
INFO: at 17505.722 ms batch [121.278] delay 39.681 ms
INFO: at 17505.722 ms fetching 121.278 ms
INFO: at 17546.115 ms batch [34.251] delay 29.761 ms
INFO: at 17546.115 ms fetching 34.251 ms
INFO: at 17576.214 ms batch [34.294] delay 29.761 ms
INFO: at 17576.214 ms fetching 34.294 ms
INFO: at 17607.192 ms batch [117.013] delay 29.761 ms
INFO: at 17607.192 ms fetching 117.013 ms
INFO: at 17638.240 ms batch [34.153] delay 29.761 ms
INFO: at 17638.240 ms fetching 34.153 ms
INFO: at 17669.032 ms batch [33.452] delay 29.761 ms
INFO: at 17669.032 ms fetching 33.452 ms
INFO: at 17699.798 ms batch [118.933] delay 29.761 ms
INFO: at 17699.798 ms fetching 118.933 ms
INFO: at 17729.738 ms batch [123.361] delay 29.761 ms
INFO: at 17729.738 ms fetching 123.361 ms
INFO: at 17760.340 ms batch [120.668] delay 29.761 ms
INFO: at 17760.340 ms fetching 120.668 ms
INFO: at 17790.327 ms batch [122.361] delay 29.761 ms
INFO: at 17790.327 ms fetching 122.361 ms
INFO: at 17820.993 ms batch [35.314] delay 29.761 ms
INFO: at 17820.993 ms fetching 35.314 ms
INFO: at 17851.707 ms batch [34.296] delay 29.761 ms
INFO: at 17851.707 ms fetching 34.296 ms
INFO: at 17882.480 ms batch [35.029] delay 29.761 ms
INFO: at 17882.480 ms fetching 35.029 ms
INFO: at 17913.200 ms batch [34.123] delay 39.681 ms
INFO: at 17913.200 ms fetching 34.123 ms
INFO: at 17953.594 ms batch [122.528] delay 39.681 ms
INFO: at 17953.594 ms fetching 122.528 ms
INFO: at 17993.717 ms batch [122.180] delay 39.681 ms
INFO: at 17993.717 ms fetching 122.180 ms
INFO: at 18033.849 ms batch [34.383] delay 39.681 ms
INFO: at 18033.849 ms fetching 34.383 ms
INFO: at 18073.776 ms batch [33.694] delay 39.681 ms
INFO: at 18073.776 ms fetching 33.694 ms
INFO: at 18113.902 ms batch [123.843] delay 39.681 ms
INFO: at 18113.902 ms fetching 123.843 ms
INFO: at 18154.772 ms batch [121.664] delay 39.681 ms
INFO: at 18154.772 ms fetching 121.664 ms
INFO: at 18194.701 ms batch [119.335] delay 39.681 ms
INFO: at 18194.701 ms fetching 119.335 ms
INFO: at 18234.769 ms batch [121.684] delay 39.681 ms
INFO: at 18234.769 ms fetching 121.684 ms
INFO: at 18274.749 ms batch [122.172] delay 35.713 ms
INFO: at 18274.749 ms fetching 122.172 ms
INFO: at 18312.634 ms batch [121.092] delay 35.713 ms
INFO: at 18312.634 ms fetching 121.092 ms
INFO: at 18348.720 ms batch [34.481] delay 35.713 ms
INFO: at 18348.720 ms fetching 34.481 ms
INFO: at 18386.517 ms batch [34.346] delay 35.713 ms
INFO: at 18386.517 ms fetching 34.346 ms
INFO: at 18424.273 ms batch [120.805] delay 35.713 ms
INFO: at 18424.273 ms fetching 120.805 ms
INFO: at 18462.059 ms batch [121.115] delay 35.713 ms
INFO: at 18462.059 ms fetching 121.115 ms
INFO: at 18498.307 ms batch [123.486] delay 35.713 ms
INFO: at 18498.307 ms fetching 123.486 ms
INFO: at 18535.140 ms batch [34.965] delay 35.713 ms
INFO: at 18535.140 ms fetching 34.965 ms
INFO: at 18571.157 ms batch [34.428] delay 35.713 ms
INFO: at 18571.157 ms fetching 34.428 ms
INFO: at 18607.096 ms batch [122.062] delay 35.713 ms
INFO: at 18607.096 ms fetching 122.062 ms
INFO: at 18643.913 ms batch [120.355] delay 27.472 ms
INFO: at 18643.913 ms fetching 120.355 ms
INFO: at 18671.808 ms batch [34.044] delay 27.472 ms
INFO: at 18671.808 ms fetching 34.044 ms
INFO: at 18699.713 ms batch [34.335] delay 27.472 ms
INFO: at 18699.713 ms fetching 34.335 ms
INFO: at 18727.723 ms batch [34.072] delay 27.472 ms
INFO: at 18727.723 ms fetching 34.072 ms
INFO: at 18755.653 ms batch [125.417] delay 27.472 ms
INFO: at 18755.653 ms fetching 125.417 ms
INFO: at 18783.576 ms batch [123.801] delay 27.472 ms
INFO: at 18783.576 ms fetching 123.801 ms
INFO: at 18811.300 ms batch [122.014] delay 27.472 ms
INFO: at 18811.300 ms fetching 122.014 ms
INFO: at 18839.240 ms batch [34.355] delay 27.472 ms
INFO: at 18839.240 ms fetching 34.355 ms
INFO: at 18867.200 ms batch [33.536] delay 27.472 ms
INFO: at 18867.200 ms fetching 33.536 ms
INFO: at 18894.961 ms batch [118.086] delay 27.472 ms
INFO: at 18894.961 ms fetching 118.086 ms
INFO: at 18922.722 ms batch [122.161] delay 27.472 ms
INFO: at 18922.722 ms fetching 122.161 ms
INFO: at 18950.610 ms batch [121.963] delay 27.472 ms
INFO: at 18950.610 ms fetching 121.963 ms
INFO: at 18978.355 ms batch [35.477] delay 27.472 ms
INFO: at 18978.355 ms fetching 35.477 ms
INFO: at 19006.120 ms batch [121.211] delay 44.641 ms
INFO: at 19006.120 ms fetching 121.211 ms
INFO: at 19051.838 ms batch [122.081] delay 44.641 ms
INFO: at 19051.838 ms fetching 122.081 ms
INFO: at 19097.350 ms batch [35.266] delay 44.641 ms
INFO: at 19097.350 ms fetching 35.266 ms
INFO: at 19142.529 ms batch [33.300] delay 44.641 ms
INFO: at 19142.529 ms fetching 33.300 ms
INFO: at 19187.453 ms batch [120.918] delay 44.641 ms
INFO: at 19187.453 ms fetching 120.918 ms
INFO: at 19234.167 ms batch [34.118] delay 44.641 ms
INFO: at 19234.167 ms fetching 34.118 ms
INFO: at 19279.143 ms batch [34.228] delay 44.641 ms
INFO: at 19279.143 ms fetching 34.228 ms
INFO: at 19324.199 ms batch [34.715] delay 44.641 ms
INFO: at 19324.199 ms fetching 34.715 ms
INFO: at 19369.958 ms batch [34.524] delay 35.713 ms
INFO: at 19369.958 ms fetching 34.524 ms
INFO: at 19406.703 ms batch [124.079] delay 35.713 ms
INFO: at 19406.703 ms fetching 124.079 ms
INFO: at 19442.887 ms batch [121.622] delay 35.713 ms
INFO: at 19442.887 ms fetching 121.622 ms
INFO: at 19480.871 ms batch [35.759] delay 35.713 ms
INFO: at 19480.871 ms fetching 35.759 ms
INFO: at 19518.723 ms batch [120.856] delay 35.713 ms
INFO: at 19518.723 ms fetching 120.856 ms
INFO: at 19556.564 ms batch [125.357] delay 35.713 ms
INFO: at 19556.564 ms fetching 125.357 ms
INFO: at 19594.490 ms batch [34.264] delay 35.713 ms
INFO: at 19594.490 ms fetching 34.264 ms
INFO: at 19630.506 ms batch [34.745] delay 35.713 ms
INFO: at 19630.506 ms fetching 34.745 ms
INFO: at 19666.548 ms batch [120.488] delay 35.713 ms
INFO: at 19666.548 ms fetching 120.488 ms
INFO: at 19703.121 ms batch [121.137] delay 35.713 ms
INFO: at 19703.121 ms fetching 121.137 ms
INFO: at 19740.537 ms batch [33.995] delay 51.019 ms
INFO: at 19740.537 ms fetching 33.995 ms
INFO: at 19792.031 ms batch [33.843] delay 51.019 ms
INFO: at 19792.031 ms fetching 33.843 ms
INFO: at 19844.709 ms batch [34.970] delay 51.019 ms
INFO: at 19844.709 ms fetching 34.970 ms
INFO: at 19896.651 ms batch [35.576] delay 51.019 ms
INFO: at 19896.651 ms fetching 35.576 ms
INFO: at 19948.575 ms batch [33.976] delay 51.019 ms
INFO: at 19948.575 ms fetching 33.976 ms
INFO: at 20000.631 ms batch [118.363] delay 51.019 ms
INFO: at 20000.631 ms fetching 118.363 ms
INFO: at 20052.525 ms batch [124.226] delay 51.019 ms
INFO: at 20052.525 ms fetching 124.226 ms
INFO: at 20104.524 ms batch [34.184] delay 35.713 ms
INFO: at 20104.524 ms fetching 34.184 ms
INFO: at 20142.505 ms batch [126.356] delay 35.713 ms
INFO: at 20142.505 ms fetching 126.356 ms
INFO: at 20179.084 ms batch [33.778] delay 35.713 ms
INFO: at 20179.084 ms fetching 33.778 ms
INFO: at 20217.037 ms batch [34.690] delay 35.713 ms
INFO: at 20217.037 ms fetching 34.690 ms
INFO: at 20252.986 ms batch [34.269] delay 35.713 ms
INFO: at 20252.986 ms fetching 34.269 ms
INFO: at 20290.792 ms batch [123.223] delay 35.713 ms
INFO: at 20290.792 ms fetching 123.223 ms
INFO: at 20328.735 ms batch [34.635] delay 35.713 ms
INFO: at 20328.735 ms fetching 34.635 ms
INFO: at 20364.735 ms batch [34.213] delay 35.713 ms
INFO: at 20364.735 ms fetching 34.213 ms
INFO: at 20402.670 ms batch [122.639] delay 35.713 ms
INFO: at 20402.670 ms fetching 122.639 ms
INFO: at 20440.376 ms batch [120.533] delay 35.713 ms
INFO: at 20440.376 ms fetching 120.533 ms
INFO: at 20478.305 ms batch [127.970] delay 44.641 ms
INFO: at 20478.305 ms fetching 127.970 ms
INFO: at 20523.173 ms batch [34.090] delay 44.641 ms
INFO: at 20523.173 ms fetching 34.090 ms
INFO: at 20568.254 ms batch [122.282] delay 44.641 ms
INFO: at 20568.254 ms fetching 122.282 ms
INFO: at 20613.340 ms batch [34.457] delay 44.641 ms
INFO: at 20613.340 ms fetching 34.457 ms
INFO: at 20658.324 ms batch [34.344] delay 44.641 ms
INFO: at 20658.324 ms fetching 34.344 ms
INFO: at 20704.066 ms batch [34.869] delay 44.641 ms
INFO: at 20704.066 ms fetching 34.869 ms
INFO: at 20749.948 ms batch [123.125] delay 44.641 ms
INFO: at 20749.948 ms fetching 123.125 ms
INFO: at 20794.892 ms batch [117.554] delay 44.641 ms
INFO: at 20794.892 ms fetching 117.554 ms
INFO: at 20840.349 ms batch [34.602] delay 32.466 ms
INFO: at 20840.349 ms fetching 34.602 ms
INFO: at 20873.412 ms batch [121.842] delay 32.466 ms
INFO: at 20873.412 ms fetching 121.842 ms
INFO: at 20906.465 ms batch [120.274] delay 32.466 ms
INFO: at 20906.465 ms fetching 120.274 ms
INFO: at 20939.460 ms batch [33.576] delay 32.466 ms
INFO: at 20939.460 ms fetching 33.576 ms
INFO: at 20972.326 ms batch [123.474] delay 32.466 ms
INFO: at 20972.326 ms fetching 123.474 ms
INFO: at 21005.350 ms batch [125.804] delay 32.466 ms
INFO: at 21005.350 ms fetching 125.804 ms
INFO: at 21038.322 ms batch [121.974] delay 32.466 ms
INFO: at 21038.322 ms fetching 121.974 ms
INFO: at 21071.294 ms batch [34.789] delay 32.466 ms
INFO: at 21071.294 ms fetching 34.789 ms
INFO: at 21104.336 ms batch [120.682] delay 32.466 ms
INFO: at 21104.336 ms fetching 120.682 ms
INFO: at 21137.890 ms batch [33.807] delay 32.466 ms
INFO: at 21137.890 ms fetching 33.807 ms
INFO: at 21170.889 ms batch [34.371] delay 32.466 ms
INFO: at 21170.889 ms fetching 34.371 ms
INFO: at 21204.226 ms batch [34.676] delay 35.713 ms
INFO: at 21204.226 ms fetching 34.676 ms
INFO: at 21241.545 ms batch [123.266] delay 35.713 ms
INFO: at 21241.545 ms fetching 123.266 ms
INFO: at 21277.780 ms batch [34.656] delay 35.713 ms
INFO: at 21277.780 ms fetching 34.656 ms
INFO: at 21315.157 ms batch [119.833] delay 35.713 ms
INFO: at 21315.157 ms fetching 119.833 ms
INFO: at 21352.604 ms batch [122.994] delay 35.713 ms
INFO: at 21352.604 ms fetching 122.994 ms
INFO: at 21390.306 ms batch [34.233] delay 35.713 ms
INFO: at 21390.306 ms fetching 34.233 ms
INFO: at 21426.662 ms batch [34.286] delay 35.713 ms
INFO: at 21426.662 ms fetching 34.286 ms
INFO: at 21464.567 ms batch [34.338] delay 35.713 ms
INFO: at 21464.567 ms fetching 34.338 ms
INFO: at 21502.179 ms batch [33.903] delay 35.713 ms
INFO: at 21502.179 ms fetching 33.903 ms
INFO: at 21539.029 ms batch [121.376] delay 35.713 ms
INFO: at 21539.029 ms fetching 121.376 ms
INFO: at 21575.077 ms batch [121.288] delay 39.681 ms
INFO: at 21575.077 ms fetching 121.288 ms
INFO: at 21615.177 ms batch [119.010] delay 39.681 ms
INFO: at 21615.177 ms fetching 119.010 ms
INFO: at 21656.141 ms batch [123.676] delay 39.681 ms
INFO: at 21656.141 ms fetching 123.676 ms
INFO: at 21696.957 ms batch [121.653] delay 39.681 ms
INFO: at 21696.957 ms fetching 121.653 ms
INFO: at 21736.960 ms batch [34.704] delay 39.681 ms
INFO: at 21736.960 ms fetching 34.704 ms
INFO: at 21776.960 ms batch [34.472] delay 39.681 ms
INFO: at 21776.960 ms fetching 34.472 ms
INFO: at 21816.974 ms batch [34.360] delay 39.681 ms
INFO: at 21816.974 ms fetching 34.360 ms
INFO: at 21857.196 ms batch [34.053] delay 39.681 ms
INFO: at 21857.196 ms fetching 34.053 ms
INFO: at 21897.195 ms batch [34.050] delay 39.681 ms
INFO: at 21897.195 ms fetching 34.050 ms
INFO: at 21938.092 ms batch [121.104] delay 35.713 ms
INFO: at 21938.092 ms fetching 121.104 ms
INFO: at 21974.356 ms batch [35.129] delay 35.713 ms
INFO: at 21974.356 ms fetching 35.129 ms
INFO: at 22010.406 ms batch [124.473] delay 35.713 ms
INFO: at 22010.406 ms fetching 124.473 ms
INFO: at 22048.279 ms batch [121.043] delay 35.713 ms
INFO: at 22048.279 ms fetching 121.043 ms
INFO: at 22084.312 ms batch [33.782] delay 35.713 ms
INFO: at 22084.312 ms fetching 33.782 ms
INFO: at 22120.635 ms batch [34.441] delay 35.713 ms
INFO: at 22120.635 ms fetching 34.441 ms
INFO: at 22158.559 ms batch [33.772] delay 35.713 ms
INFO: at 22158.559 ms fetching 33.772 ms
INFO: at 22194.582 ms batch [123.719] delay 35.713 ms
INFO: at 22194.582 ms fetching 123.719 ms
INFO: at 22232.337 ms batch [121.593] delay 35.713 ms
INFO: at 22232.337 ms fetching 121.593 ms
INFO: at 22269.190 ms batch [34.687] delay 35.713 ms
INFO: at 22269.190 ms fetching 34.687 ms
INFO: at 22305.306 ms batch [119.043] delay 35.713 ms
INFO: at 22305.306 ms fetching 119.043 ms
INFO: at 22343.316 ms batch [33.839] delay 35.713 ms
INFO: at 22343.316 ms fetching 33.839 ms
INFO: at 22379.724 ms batch [34.904] delay 35.713 ms
INFO: at 22379.724 ms fetching 34.904 ms
INFO: at 22417.153 ms batch [33.799] delay 35.713 ms
INFO: at 22417.153 ms fetching 33.799 ms
INFO: at 22454.778 ms batch [117.691] delay 35.713 ms
INFO: at 22454.778 ms fetching 117.691 ms
INFO: at 22492.314 ms batch [126.025] delay 35.713 ms
INFO: at 22492.314 ms fetching 126.025 ms
INFO: at 22529.131 ms batch [121.885] delay 35.713 ms
INFO: at 22529.131 ms fetching 121.885 ms
INFO: at 22565.117 ms batch [125.384] delay 35.713 ms
INFO: at 22565.117 ms fetching 125.384 ms
INFO: at 22603.069 ms batch [124.331] delay 35.713 ms
INFO: at 22603.069 ms fetching 124.331 ms
INFO: at 22641.059 ms batch [34.165] delay 35.713 ms
INFO: at 22641.059 ms fetching 34.165 ms
INFO: at 22677.428 ms batch [118.467] delay 44.641 ms
INFO: at 22677.428 ms fetching 118.467 ms
INFO: at 22722.482 ms batch [127.506] delay 44.641 ms
INFO: at 22722.482 ms fetching 127.506 ms
INFO: at 22767.512 ms batch [118.007] delay 44.641 ms
INFO: at 22767.512 ms fetching 118.007 ms
INFO: at 22812.583 ms batch [34.301] delay 44.641 ms
INFO: at 22812.583 ms fetching 34.301 ms
INFO: at 22857.644 ms batch [34.420] delay 44.641 ms
INFO: at 22857.644 ms fetching 34.420 ms
INFO: at 22902.634 ms batch [123.774] delay 44.641 ms
INFO: at 22902.634 ms fetching 123.774 ms
INFO: at 22947.998 ms batch [125.589] delay 44.641 ms
INFO: at 22947.998 ms fetching 125.589 ms
INFO: at 22992.941 ms batch [121.561] delay 44.641 ms
INFO: at 22992.941 ms fetching 121.561 ms
INFO: at 23037.987 ms batch [126.269] delay 39.681 ms
INFO: at 23037.987 ms fetching 126.269 ms
INFO: at 23078.005 ms batch [123.190] delay 39.681 ms
INFO: at 23078.005 ms fetching 123.190 ms
INFO: at 23118.705 ms batch [119.888] delay 39.681 ms
INFO: at 23118.705 ms fetching 119.888 ms
INFO: at 23159.578 ms batch [34.888] delay 39.681 ms
INFO: at 23159.578 ms fetching 34.888 ms
INFO: at 23199.537 ms batch [121.176] delay 39.681 ms
INFO: at 23199.537 ms fetching 121.176 ms
INFO: at 23240.270 ms batch [123.202] delay 39.681 ms
INFO: at 23240.270 ms fetching 123.202 ms
INFO: at 23280.321 ms batch [34.106] delay 39.681 ms
INFO: at 23280.321 ms fetching 34.106 ms
INFO: at 23320.304 ms batch [34.284] delay 39.681 ms
INFO: at 23320.304 ms fetching 34.284 ms
INFO: at 23360.991 ms batch [120.954] delay 39.681 ms
INFO: at 23360.991 ms fetching 120.954 ms
INFO: at 23401.851 ms batch [33.749] delay 51.019 ms
INFO: at 23401.851 ms fetching 33.749 ms
INFO: at 23453.691 ms batch [34.797] delay 51.019 ms
INFO: at 23453.691 ms fetching 34.797 ms
INFO: at 23505.450 ms batch [34.402] delay 51.019 ms
INFO: at 23505.450 ms fetching 34.402 ms
INFO: at 23557.267 ms batch [117.789] delay 51.019 ms
INFO: at 23557.267 ms fetching 117.789 ms
INFO: at 23609.263 ms batch [34.496] delay 51.019 ms
INFO: at 23609.263 ms fetching 34.496 ms
INFO: at 23661.199 ms batch [119.614] delay 51.019 ms
INFO: at 23661.199 ms fetching 119.614 ms
INFO: at 23713.200 ms batch [122.804] delay 51.019 ms
INFO: at 23713.200 ms fetching 122.804 ms
INFO: at 23764.594 ms batch [34.095] delay 39.681 ms
INFO: at 23764.594 ms fetching 34.095 ms
INFO: at 23804.659 ms batch [34.032] delay 39.681 ms
INFO: at 23804.659 ms fetching 34.032 ms
INFO: at 23844.631 ms batch [124.917] delay 39.681 ms
INFO: at 23844.631 ms fetching 124.917 ms
INFO: at 23884.490 ms batch [34.065] delay 39.681 ms
INFO: at 23884.490 ms fetching 34.065 ms
INFO: at 23925.356 ms batch [123.867] delay 39.681 ms
INFO: at 23925.356 ms fetching 123.867 ms
INFO: at 23966.121 ms batch [122.602] delay 39.681 ms
INFO: at 23966.121 ms fetching 122.602 ms
INFO: at 24006.137 ms batch [34.723] delay 39.681 ms
INFO: at 24006.137 ms fetching 34.723 ms
INFO: at 24046.753 ms batch [119.438] delay 39.681 ms
INFO: at 24046.753 ms fetching 119.438 ms
INFO: at 24086.813 ms batch [34.947] delay 39.681 ms
INFO: at 24086.813 ms fetching 34.947 ms
INFO: at 24126.778 ms batch [34.935] delay 29.761 ms
INFO: at 24126.778 ms fetching 34.935 ms
INFO: at 24157.789 ms batch [33.827] delay 29.761 ms
INFO: at 24157.789 ms fetching 33.827 ms
INFO: at 24187.850 ms batch [34.433] delay 29.761 ms
INFO: at 24187.850 ms fetching 34.433 ms
INFO: at 24217.824 ms batch [34.059] delay 29.761 ms
INFO: at 24217.824 ms fetching 34.059 ms
INFO: at 24248.707 ms batch [124.313] delay 29.761 ms
INFO: at 24248.707 ms fetching 124.313 ms
INFO: at 24279.684 ms batch [122.252] delay 29.761 ms
INFO: at 24279.684 ms fetching 122.252 ms
INFO: at 24310.294 ms batch [124.028] delay 29.761 ms
INFO: at 24310.294 ms fetching 124.028 ms
INFO: at 24340.952 ms batch [33.986] delay 29.761 ms
INFO: at 24340.952 ms fetching 33.986 ms
INFO: at 24371.790 ms batch [126.856] delay 29.761 ms
INFO: at 24371.790 ms fetching 126.856 ms
INFO: at 24402.757 ms batch [122.659] delay 29.761 ms
INFO: at 24402.757 ms fetching 122.659 ms
INFO: at 24433.776 ms batch [34.192] delay 29.761 ms
INFO: at 24433.776 ms fetching 34.192 ms
INFO: at 24464.289 ms batch [123.447] delay 29.761 ms
INFO: at 24464.289 ms fetching 123.447 ms
INFO: at 24495.058 ms batch [34.856] delay 32.466 ms
INFO: at 24495.058 ms fetching 34.856 ms
INFO: at 24527.940 ms batch [33.786] delay 32.466 ms
INFO: at 24527.940 ms fetching 33.786 ms
INFO: at 24560.973 ms batch [34.318] delay 32.466 ms
INFO: at 24560.973 ms fetching 34.318 ms
INFO: at 24594.586 ms batch [34.333] delay 32.466 ms
INFO: at 24594.586 ms fetching 34.333 ms
INFO: at 24627.712 ms batch [33.973] delay 32.466 ms
INFO: at 24627.712 ms fetching 33.973 ms
INFO: at 24660.760 ms batch [34.977] delay 32.466 ms
INFO: at 24660.760 ms fetching 34.977 ms
INFO: at 24693.828 ms batch [34.408] delay 32.466 ms
INFO: at 24693.828 ms fetching 34.408 ms
INFO: at 24726.825 ms batch [117.911] delay 32.466 ms
INFO: at 24726.825 ms fetching 117.911 ms
INFO: at 24761.531 ms batch [34.303] delay 32.466 ms
INFO: at 24761.531 ms fetching 34.303 ms
INFO: at 24794.756 ms batch [121.821] delay 32.466 ms
INFO: at 24794.756 ms fetching 121.821 ms
INFO: at 24827.728 ms batch [33.983] delay 32.466 ms
INFO: at 24827.728 ms fetching 33.983 ms
INFO: at 24860.733 ms batch [34.548] delay 29.761 ms
INFO: at 24860.733 ms fetching 34.548 ms
INFO: at 24891.646 ms batch [33.950] delay 29.761 ms
INFO: at 24891.646 ms fetching 33.950 ms
INFO: at 24921.914 ms batch [34.510] delay 29.761 ms
INFO: at 24921.914 ms fetching 34.510 ms
INFO: at 24952.814 ms batch [34.521] delay 29.761 ms
INFO: at 24952.814 ms fetching 34.521 ms
INFO: at 24983.849 ms batch [34.410] delay 29.761 ms
INFO: at 24983.849 ms fetching 34.410 ms
INFO: at 25014.892 ms batch [122.732] delay 29.761 ms
INFO: at 25014.892 ms fetching 122.732 ms
INFO: at 25045.334 ms batch [33.561] delay 29.761 ms
INFO: at 25045.334 ms fetching 33.561 ms
INFO: at 25075.347 ms batch [33.815] delay 29.761 ms
INFO: at 25075.347 ms fetching 33.815 ms
INFO: at 25106.101 ms batch [34.563] delay 29.761 ms
INFO: at 25106.101 ms fetching 34.563 ms
INFO: at 25137.007 ms batch [119.387] delay 29.761 ms
INFO: at 25137.007 ms fetching 119.387 ms
INFO: at 25167.352 ms batch [33.211] delay 29.761 ms
INFO: at 25167.352 ms fetching 33.211 ms
INFO: at 25197.430 ms batch [124.095] delay 29.761 ms
INFO: at 25197.430 ms fetching 124.095 ms
INFO: at 25227.436 ms batch [34.839] delay 29.761 ms
INFO: at 25227.436 ms fetching 34.839 ms
INFO: at 25257.828 ms batch [120.473] delay 29.761 ms
INFO: at 25257.828 ms fetching 120.473 ms
INFO: at 25288.403 ms batch [122.932] delay 29.761 ms
INFO: at 25288.403 ms fetching 122.932 ms
INFO: at 25318.978 ms batch [34.586] delay 29.761 ms
INFO: at 25318.978 ms fetching 34.586 ms
INFO: at 25349.220 ms batch [34.616] delay 29.761 ms
INFO: at 25349.220 ms fetching 34.616 ms
INFO: at 25380.165 ms batch [34.368] delay 29.761 ms
INFO: at 25380.165 ms fetching 34.368 ms
INFO: at 25411.197 ms batch [34.351] delay 29.761 ms
INFO: at 25411.197 ms fetching 34.351 ms
INFO: at 25441.146 ms batch [119.704] delay 29.761 ms
INFO: at 25441.146 ms fetching 119.704 ms
INFO: at 25471.302 ms batch [34.157] delay 29.761 ms
INFO: at 25471.302 ms fetching 34.157 ms
INFO: at 25502.112 ms batch [33.720] delay 29.761 ms
INFO: at 25502.112 ms fetching 33.720 ms
INFO: at 25532.953 ms batch [124.795] delay 29.761 ms
INFO: at 25532.953 ms fetching 124.795 ms
INFO: at 25563.851 ms batch [123.970] delay 29.761 ms
INFO: at 25563.851 ms fetching 123.970 ms
INFO: at 25594.663 ms batch [34.893] delay 23.809 ms
INFO: at 25594.663 ms fetching 34.893 ms
INFO: at 25619.214 ms batch [33.966] delay 23.809 ms
INFO: at 25619.214 ms fetching 33.966 ms
INFO: at 25643.929 ms batch [34.769] delay 23.809 ms
INFO: at 25643.929 ms fetching 34.769 ms
INFO: at 25668.872 ms batch [33.528] delay 23.809 ms
INFO: at 25668.872 ms fetching 33.528 ms
INFO: at 25693.762 ms batch [121.343] delay 23.809 ms
INFO: at 25693.762 ms fetching 121.343 ms
INFO: at 25718.651 ms batch [122.773] delay 23.809 ms
INFO: at 25718.651 ms fetching 122.773 ms
INFO: at 25743.595 ms batch [122.233] delay 23.809 ms
INFO: at 25743.595 ms fetching 122.233 ms
INFO: at 25768.144 ms batch [35.067] delay 23.809 ms
INFO: at 25768.144 ms fetching 35.067 ms
INFO: at 25792.932 ms batch [33.493] delay 23.809 ms
INFO: at 25792.932 ms fetching 33.493 ms
INFO: at 25817.726 ms batch [33.886] delay 23.809 ms
INFO: at 25817.726 ms fetching 33.886 ms
INFO: at 25842.712 ms batch [34.199] delay 23.809 ms
INFO: at 25842.712 ms fetching 34.199 ms
INFO: at 25867.575 ms batch [120.894] delay 23.809 ms
INFO: at 25867.575 ms fetching 120.894 ms
INFO: at 25892.581 ms batch [34.454] delay 23.809 ms
INFO: at 25892.581 ms fetching 34.454 ms
INFO: at 25918.181 ms batch [122.005] delay 23.809 ms
INFO: at 25918.181 ms fetching 122.005 ms
INFO: at 25942.837 ms batch [35.250] delay 23.809 ms
INFO: at 25942.837 ms fetching 35.250 ms
INFO: at 25967.384 ms batch [33.934] delay 44.641 ms
INFO: at 25967.384 ms fetching 33.934 ms
INFO: at 26013.008 ms batch [33.512] delay 44.641 ms
INFO: at 26013.008 ms fetching 33.512 ms
INFO: at 26057.848 ms batch [33.366] delay 44.641 ms
INFO: at 26057.848 ms fetching 33.366 ms
INFO: at 26103.414 ms batch [121.894] delay 44.641 ms
INFO: at 26103.414 ms fetching 121.894 ms
INFO: at 26148.535 ms batch [121.550] delay 44.641 ms
INFO: at 26148.535 ms fetching 121.550 ms
INFO: at 26193.634 ms batch [119.140] delay 44.641 ms
INFO: at 26193.634 ms fetching 119.140 ms
INFO: at 26238.976 ms batch [33.883] delay 44.641 ms
INFO: at 26238.976 ms fetching 33.883 ms
INFO: at 26284.071 ms batch [124.750] delay 44.641 ms
INFO: at 26284.071 ms fetching 124.750 ms
INFO: at 26329.631 ms batch [33.679] delay 35.713 ms
INFO: at 26329.631 ms fetching 33.679 ms
INFO: at 26365.648 ms batch [123.590] delay 35.713 ms
INFO: at 26365.648 ms fetching 123.590 ms
INFO: at 26403.591 ms batch [122.539] delay 35.713 ms
INFO: at 26403.591 ms fetching 122.539 ms
INFO: at 26439.602 ms batch [34.557] delay 35.713 ms
INFO: at 26439.602 ms fetching 34.557 ms
INFO: at 26475.836 ms batch [123.548] delay 35.713 ms
INFO: at 26475.836 ms fetching 123.548 ms
INFO: at 26513.608 ms batch [33.232] delay 35.713 ms
INFO: at 26513.608 ms fetching 33.232 ms
INFO: at 26551.575 ms batch [34.148] delay 35.713 ms
INFO: at 26551.575 ms fetching 34.148 ms
INFO: at 26587.587 ms batch [34.353] delay 35.713 ms
INFO: at 26587.587 ms fetching 34.353 ms
INFO: at 26625.122 ms batch [34.435] delay 35.713 ms
INFO: at 26625.122 ms fetching 34.435 ms
INFO: at 26661.213 ms batch [33.319] delay 35.713 ms
INFO: at 26661.213 ms fetching 33.319 ms
INFO: at 26697.202 ms batch [35.045] delay 39.681 ms
INFO: at 26697.202 ms fetching 35.045 ms
INFO: at 26737.169 ms batch [35.297] delay 39.681 ms
INFO: at 26737.169 ms fetching 35.297 ms
INFO: at 26777.991 ms batch [119.930] delay 39.681 ms
INFO: at 26777.991 ms fetching 119.930 ms
INFO: at 26818.490 ms batch [123.147] delay 39.681 ms
INFO: at 26818.490 ms fetching 123.147 ms
INFO: at 26858.490 ms batch [125.252] delay 39.681 ms
INFO: at 26858.490 ms fetching 125.252 ms
INFO: at 26899.418 ms batch [118.575] delay 39.681 ms
INFO: at 26899.418 ms fetching 118.575 ms
INFO: at 26939.346 ms batch [34.996] delay 39.681 ms
INFO: at 26939.346 ms fetching 34.996 ms
INFO: at 26979.360 ms batch [35.139] delay 39.681 ms
INFO: at 26979.360 ms fetching 35.139 ms
INFO: at 27019.372 ms batch [35.023] delay 39.681 ms
INFO: at 27019.372 ms fetching 35.023 ms
INFO: at 27059.389 ms batch [34.134] delay 29.761 ms
INFO: at 27059.389 ms fetching 34.134 ms
INFO: at 27090.221 ms batch [123.815] delay 29.761 ms
INFO: at 27090.221 ms fetching 123.815 ms
INFO: at 27120.072 ms batch [121.933] delay 29.761 ms
INFO: at 27120.072 ms fetching 121.933 ms
INFO: at 27151.001 ms batch [122.865] delay 29.761 ms
INFO: at 27151.001 ms fetching 122.865 ms
INFO: at 27181.991 ms batch [34.167] delay 29.761 ms
INFO: at 27181.991 ms fetching 34.167 ms
INFO: at 27213.005 ms batch [33.278] delay 29.761 ms
INFO: at 27213.005 ms fetching 33.278 ms
INFO: at 27243.315 ms batch [119.306] delay 29.761 ms
INFO: at 27243.315 ms fetching 119.306 ms
INFO: at 27274.321 ms batch [33.910] delay 29.761 ms
INFO: at 27274.321 ms fetching 33.910 ms
INFO: at 27305.325 ms batch [126.542] delay 29.761 ms
INFO: at 27305.325 ms fetching 126.542 ms
INFO: at 27336.277 ms batch [123.104] delay 29.761 ms
INFO: at 27336.277 ms fetching 123.104 ms
INFO: at 27366.984 ms batch [120.614] delay 29.761 ms
INFO: at 27366.984 ms fetching 120.614 ms
INFO: at 27398.255 ms batch [35.017] delay 29.761 ms
INFO: at 27398.255 ms fetching 35.017 ms
INFO: at 27429.292 ms batch [34.613] delay 17.857 ms
INFO: at 27429.292 ms fetching 34.613 ms
INFO: at 27449.324 ms batch [34.923] delay 17.857 ms
INFO: at 27449.324 ms fetching 34.923 ms
INFO: at 27469.149 ms batch [127.189] delay 17.857 ms
INFO: at 27469.149 ms fetching 127.189 ms
INFO: at 27489.218 ms batch [34.221] delay 17.857 ms
INFO: at 27489.218 ms fetching 34.221 ms
INFO: at 27509.232 ms batch [122.450] delay 17.857 ms
INFO: at 27509.232 ms fetching 122.450 ms
INFO: at 27529.070 ms batch [34.116] delay 17.857 ms
INFO: at 27529.070 ms fetching 34.116 ms
INFO: at 27549.038 ms batch [34.650] delay 17.857 ms
INFO: at 27549.038 ms fetching 34.650 ms
INFO: at 27568.778 ms batch [34.485] delay 17.857 ms
INFO: at 27568.778 ms fetching 34.485 ms
INFO: at 27588.707 ms batch [120.907] delay 17.857 ms
INFO: at 27588.707 ms fetching 120.907 ms
INFO: at 27608.719 ms batch [34.271] delay 17.857 ms
INFO: at 27608.719 ms fetching 34.271 ms
INFO: at 27628.750 ms batch [120.054] delay 17.857 ms
INFO: at 27628.750 ms fetching 120.054 ms
INFO: at 27648.823 ms batch [34.108] delay 17.857 ms
INFO: at 27648.823 ms fetching 34.108 ms
INFO: at 27667.203 ms batch [123.663] delay 17.857 ms
INFO: at 27667.203 ms fetching 123.663 ms
INFO: at 27685.384 ms batch [34.530] delay 17.857 ms
INFO: at 27685.384 ms fetching 34.530 ms
INFO: at 27703.704 ms batch [33.684] delay 17.857 ms
INFO: at 27703.704 ms fetching 33.684 ms
INFO: at 27723.727 ms batch [34.865] delay 17.857 ms
INFO: at 27723.727 ms fetching 34.865 ms
INFO: at 27743.824 ms batch [119.173] delay 17.857 ms
INFO: at 27743.824 ms fetching 119.173 ms
INFO: at 27763.915 ms batch [120.260] delay 17.857 ms
INFO: at 27763.915 ms fetching 120.260 ms
INFO: at 27784.012 ms batch [120.413] delay 17.857 ms
INFO: at 27784.012 ms fetching 120.413 ms
INFO: at 27803.957 ms batch [123.536] delay 17.857 ms
INFO: at 27803.957 ms fetching 123.536 ms
INFO: at 27822.126 ms batch [33.521] delay 32.466 ms
INFO: at 27822.126 ms fetching 33.521 ms
INFO: at 27854.925 ms batch [120.711] delay 32.466 ms
INFO: at 27854.925 ms fetching 120.711 ms
INFO: at 27887.656 ms batch [34.638] delay 32.466 ms
INFO: at 27887.656 ms fetching 34.638 ms
INFO: at 27920.763 ms batch [34.160] delay 32.466 ms
INFO: at 27920.763 ms fetching 34.160 ms
INFO: at 27953.882 ms batch [125.500] delay 32.466 ms
INFO: at 27953.882 ms fetching 125.500 ms
INFO: at 27986.986 ms batch [35.524] delay 32.466 ms
INFO: at 27986.986 ms fetching 35.524 ms
INFO: at 28019.695 ms batch [34.267] delay 32.466 ms
INFO: at 28019.695 ms fetching 34.267 ms
INFO: at 28053.122 ms batch [34.239] delay 32.466 ms
INFO: at 28053.122 ms fetching 34.239 ms
INFO: at 28086.074 ms batch [122.418] delay 32.466 ms
INFO: at 28086.074 ms fetching 122.418 ms
INFO: at 28118.957 ms batch [35.099] delay 32.466 ms
INFO: at 28118.957 ms fetching 35.099 ms
INFO: at 28151.819 ms batch [33.802] delay 32.466 ms
INFO: at 28151.819 ms fetching 33.802 ms
INFO: at 28184.930 ms batch [34.989] delay 44.641 ms
INFO: at 28184.930 ms fetching 34.989 ms
INFO: at 28230.087 ms batch [121.080] delay 44.641 ms
INFO: at 28230.087 ms fetching 121.080 ms
INFO: at 28275.126 ms batch [119.077] delay 44.641 ms
INFO: at 28275.126 ms fetching 119.077 ms
INFO: at 28320.617 ms batch [34.801] delay 44.641 ms
INFO: at 28320.617 ms fetching 34.801 ms
INFO: at 28365.658 ms batch [120.017] delay 44.641 ms
INFO: at 28365.658 ms fetching 120.017 ms
INFO: at 28410.704 ms batch [34.248] delay 44.641 ms
INFO: at 28410.704 ms fetching 34.248 ms
INFO: at 28456.304 ms batch [122.817] delay 44.641 ms
INFO: at 28456.304 ms fetching 122.817 ms
INFO: at 28501.399 ms batch [34.741] delay 44.641 ms
INFO: at 28501.399 ms fetching 34.741 ms
INFO: at 28546.404 ms batch [120.547] delay 44.641 ms
INFO: at 28546.404 ms fetching 120.547 ms
INFO: at 28591.332 ms batch [115.615] delay 44.641 ms
INFO: at 28591.332 ms fetching 115.615 ms
INFO: at 28636.387 ms batch [122.151] delay 44.641 ms
INFO: at 28636.387 ms fetching 122.151 ms
INFO: at 28681.403 ms batch [123.080] delay 44.641 ms
INFO: at 28681.403 ms fetching 123.080 ms
INFO: at 28728.108 ms batch [34.438] delay 44.641 ms
INFO: at 28728.108 ms fetching 34.438 ms
INFO: at 28773.141 ms batch [34.092] delay 44.641 ms
INFO: at 28773.141 ms fetching 34.092 ms
INFO: at 28818.181 ms batch [120.386] delay 44.641 ms
INFO: at 28818.181 ms fetching 120.386 ms
INFO: at 28863.962 ms batch [34.358] delay 44.641 ms
INFO: at 28863.962 ms fetching 34.358 ms
INFO: at 28909.022 ms batch [123.828] delay 32.466 ms
INFO: at 28909.022 ms fetching 123.828 ms
INFO: at 28942.043 ms batch [34.256] delay 32.466 ms
INFO: at 28942.043 ms fetching 34.256 ms
INFO: at 28975.100 ms batch [34.298] delay 32.466 ms
INFO: at 28975.100 ms fetching 34.298 ms
INFO: at 29008.667 ms batch [121.199] delay 32.466 ms
INFO: at 29008.667 ms fetching 121.199 ms
INFO: at 29041.739 ms batch [119.813] delay 32.466 ms
INFO: at 29041.739 ms fetching 119.813 ms
INFO: at 29074.790 ms batch [33.835] delay 32.466 ms
INFO: at 29074.790 ms fetching 33.835 ms
INFO: at 29107.820 ms batch [119.790] delay 32.466 ms
INFO: at 29107.820 ms fetching 119.790 ms
INFO: at 29141.227 ms batch [123.420] delay 32.466 ms
INFO: at 29141.227 ms fetching 123.420 ms
INFO: at 29174.369 ms batch [35.415] delay 32.466 ms
INFO: at 29174.369 ms fetching 35.415 ms
INFO: at 29207.404 ms batch [34.785] delay 32.466 ms
INFO: at 29207.404 ms fetching 34.785 ms
INFO: at 29240.436 ms batch [121.436] delay 32.466 ms
INFO: at 29240.436 ms fetching 121.436 ms
INFO: at 29273.952 ms batch [123.788] delay 25.509 ms
INFO: at 29273.952 ms fetching 123.788 ms
INFO: at 29300.038 ms batch [34.483] delay 25.509 ms
INFO: at 29300.038 ms fetching 34.483 ms
INFO: at 29326.065 ms batch [122.621] delay 25.509 ms
INFO: at 29326.065 ms fetching 122.621 ms
INFO: at 29352.093 ms batch [121.799] delay 25.509 ms
INFO: at 29352.093 ms fetching 121.799 ms
INFO: at 29378.151 ms batch [33.864] delay 25.509 ms
INFO: at 29378.151 ms fetching 33.864 ms
INFO: at 29404.887 ms batch [125.711] delay 25.509 ms
INFO: at 29404.887 ms fetching 125.711 ms
INFO: at 29430.979 ms batch [34.087] delay 25.509 ms
INFO: at 29430.979 ms fetching 34.087 ms
INFO: at 29457.031 ms batch [33.664] delay 25.509 ms
INFO: at 29457.031 ms fetching 33.664 ms
INFO: at 29483.103 ms batch [123.253] delay 25.509 ms
INFO: at 29483.103 ms fetching 123.253 ms
INFO: at 29509.163 ms batch [123.053] delay 25.509 ms
INFO: at 29509.163 ms fetching 123.053 ms
INFO: at 29535.312 ms batch [34.493] delay 25.509 ms
INFO: at 29535.312 ms fetching 34.493 ms
INFO: at 29561.250 ms batch [122.982] delay 25.509 ms
INFO: at 29561.250 ms fetching 122.982 ms
INFO: at 29587.427 ms batch [34.464] delay 25.509 ms
INFO: at 29587.427 ms fetching 34.464 ms
INFO: at 29613.475 ms batch [119.660] delay 25.509 ms
INFO: at 29613.475 ms fetching 119.660 ms
INFO: at 29639.563 ms batch [123.602] delay 32.466 ms
INFO: at 29639.563 ms fetching 123.602 ms
INFO: at 29672.621 ms batch [34.223] delay 32.466 ms
INFO: at 29672.621 ms fetching 34.223 ms
INFO: at 29705.642 ms batch [33.928] delay 32.466 ms
INFO: at 29705.642 ms fetching 33.928 ms
INFO: at 29738.743 ms batch [121.642] delay 32.466 ms
INFO: at 29738.743 ms fetching 121.642 ms
INFO: at 29771.803 ms batch [125.025] delay 32.466 ms
INFO: at 29771.803 ms fetching 125.025 ms
INFO: at 29804.859 ms batch [34.323] delay 32.466 ms
INFO: at 29804.859 ms fetching 34.323 ms
INFO: at 29837.709 ms batch [34.178] delay 32.466 ms
INFO: at 29837.709 ms fetching 34.178 ms
INFO: at 29870.794 ms batch [34.145] delay 32.466 ms
INFO: at 29870.794 ms fetching 34.145 ms
INFO: at 29903.955 ms batch [34.734] delay 32.466 ms
INFO: at 29903.955 ms fetching 34.734 ms
INFO: at 29937.065 ms batch [123.115] delay 32.466 ms
INFO: at 29937.065 ms fetching 123.115 ms
INFO: at 29970.153 ms batch [120.599] delay 32.466 ms
INFO: at 29970.153 ms fetching 120.599 ms
INFO: at 30003.495 ms batch [122.223] delay 39.681 ms
INFO: at 30003.495 ms fetching 122.223 ms
INFO: at 30044.368 ms batch [123.384] delay 39.681 ms
INFO: at 30044.368 ms fetching 123.384 ms
INFO: at 30084.345 ms batch [34.781] delay 39.681 ms
INFO: at 30084.345 ms fetching 34.781 ms
INFO: at 30124.406 ms batch [34.017] delay 39.681 ms
INFO: at 30124.406 ms fetching 34.017 ms
INFO: at 30164.496 ms batch [124.870] delay 39.681 ms
INFO: at 30164.496 ms fetching 124.870 ms
INFO: at 30204.635 ms batch [119.359] delay 39.681 ms
INFO: at 30204.635 ms fetching 119.359 ms
INFO: at 30244.716 ms batch [120.192] delay 39.681 ms
INFO: at 30244.716 ms fetching 120.192 ms
INFO: at 30285.564 ms batch [121.003] delay 39.681 ms
INFO: at 30285.564 ms fetching 121.003 ms
INFO: at 30325.725 ms batch [33.441] delay 39.681 ms
INFO: at 30325.725 ms fetching 33.441 ms
INFO: at 30365.791 ms batch [35.639] delay 32.466 ms
INFO: at 30365.791 ms fetching 35.639 ms
INFO: at 30398.765 ms batch [124.728] delay 32.466 ms
INFO: at 30398.765 ms fetching 124.728 ms
INFO: at 30431.589 ms batch [122.390] delay 32.466 ms
INFO: at 30431.589 ms fetching 122.390 ms
INFO: at 30464.427 ms batch [33.790] delay 32.466 ms
INFO: at 30464.427 ms fetching 33.790 ms
INFO: at 30497.520 ms batch [34.341] delay 32.466 ms
INFO: at 30497.520 ms fetching 34.341 ms
INFO: at 30530.577 ms batch [34.478] delay 32.466 ms
INFO: at 30530.577 ms fetching 34.478 ms
INFO: at 30564.237 ms batch [34.186] delay 32.466 ms
INFO: at 30564.237 ms fetching 34.186 ms
INFO: at 30596.993 ms batch [122.190] delay 32.466 ms
INFO: at 30596.993 ms fetching 122.190 ms
INFO: at 30630.054 ms batch [33.690] delay 32.466 ms
INFO: at 30630.054 ms fetching 33.690 ms
INFO: at 30663.066 ms batch [121.163] delay 32.466 ms
INFO: at 30663.066 ms fetching 121.163 ms
INFO: at 30696.150 ms batch [124.554] delay 32.466 ms
INFO: at 30696.150 ms fetching 124.554 ms
INFO: at 30729.438 ms batch [125.622] delay 29.761 ms
INFO: at 30729.438 ms fetching 125.622 ms
INFO: at 30759.576 ms batch [122.351] delay 29.761 ms
INFO: at 30759.576 ms fetching 122.351 ms
INFO: at 30790.622 ms batch [35.183] delay 29.761 ms
INFO: at 30790.622 ms fetching 35.183 ms
INFO: at 30821.656 ms batch [33.417] delay 29.761 ms
INFO: at 30821.656 ms fetching 33.417 ms
INFO: at 30851.949 ms batch [124.111] delay 29.761 ms
INFO: at 30851.949 ms fetching 124.111 ms
INFO: at 30882.738 ms batch [122.440] delay 29.761 ms
INFO: at 30882.738 ms fetching 122.440 ms
INFO: at 30913.784 ms batch [124.210] delay 29.761 ms
INFO: at 30913.784 ms fetching 124.210 ms
INFO: at 30943.843 ms batch [33.256] delay 29.761 ms
INFO: at 30943.843 ms fetching 33.256 ms
INFO: at 30973.951 ms batch [34.551] delay 29.761 ms
INFO: at 30973.951 ms fetching 34.551 ms
INFO: at 31004.176 ms batch [34.379] delay 29.761 ms
INFO: at 31004.176 ms fetching 34.379 ms
INFO: at 31035.182 ms batch [122.743] delay 29.761 ms
INFO: at 31035.182 ms fetching 122.743 ms
INFO: at 31066.057 ms batch [120.428] delay 29.761 ms
INFO: at 31066.057 ms fetching 120.428 ms
INFO: at 31096.112 ms batch [120.370] delay 32.466 ms
INFO: at 31096.112 ms fetching 120.370 ms
INFO: at 31129.167 ms batch [33.868] delay 32.466 ms
INFO: at 31129.167 ms fetching 33.868 ms
INFO: at 31162.377 ms batch [34.542] delay 32.466 ms
INFO: at 31162.377 ms fetching 34.542 ms
INFO: at 31196.099 ms batch [34.111] delay 32.466 ms
INFO: at 31196.099 ms fetching 34.111 ms
INFO: at 31229.080 ms batch [34.502] delay 32.466 ms
INFO: at 31229.080 ms fetching 34.502 ms
INFO: at 31262.168 ms batch [34.589] delay 32.466 ms
INFO: at 31262.168 ms fetching 34.589 ms
INFO: at 31296.177 ms batch [34.469] delay 32.466 ms
INFO: at 31296.177 ms fetching 34.469 ms
INFO: at 31329.273 ms batch [121.448] delay 32.466 ms
INFO: at 31329.273 ms fetching 121.448 ms
INFO: at 31363.209 ms batch [34.321] delay 32.466 ms
INFO: at 31363.209 ms fetching 34.321 ms
INFO: at 31396.208 ms batch [33.989] delay 32.466 ms
INFO: at 31396.208 ms fetching 33.989 ms
INFO: at 31429.191 ms batch [119.999] delay 32.466 ms
INFO: at 31429.191 ms fetching 119.999 ms
INFO: at 31462.210 ms batch [124.942] delay 23.809 ms
INFO: at 31462.210 ms fetching 124.942 ms
INFO: at 31486.634 ms batch [120.036] delay 23.809 ms
INFO: at 31486.634 ms fetching 120.036 ms
INFO: at 31511.573 ms batch [123.243] delay 23.809 ms
INFO: at 31511.573 ms fetching 123.243 ms
INFO: at 31536.580 ms batch [120.791] delay 23.809 ms
INFO: at 31536.580 ms fetching 120.791 ms
INFO: at 31561.599 ms batch [122.380] delay 23.809 ms
INFO: at 31561.599 ms fetching 122.380 ms
INFO: at 31586.619 ms batch [34.170] delay 23.809 ms
INFO: at 31586.619 ms fetching 34.170 ms
INFO: at 31611.654 ms batch [34.386] delay 23.809 ms
INFO: at 31611.654 ms fetching 34.386 ms
INFO: at 31637.232 ms batch [122.783] delay 23.809 ms
INFO: at 31637.232 ms fetching 122.783 ms
INFO: at 31662.306 ms batch [33.740] delay 23.809 ms
INFO: at 31662.306 ms fetching 33.740 ms
INFO: at 31687.342 ms batch [34.362] delay 23.809 ms
INFO: at 31687.342 ms fetching 34.362 ms
INFO: at 31712.396 ms batch [33.710] delay 23.809 ms
INFO: at 31712.396 ms fetching 33.710 ms
INFO: at 31737.452 ms batch [34.625] delay 23.809 ms
INFO: at 31737.452 ms fetching 34.625 ms
INFO: at 31762.547 ms batch [119.415] delay 23.809 ms
INFO: at 31762.547 ms fetching 119.415 ms
INFO: at 31787.245 ms batch [125.907] delay 23.809 ms
INFO: at 31787.245 ms fetching 125.907 ms
INFO: at 31812.213 ms batch [34.226] delay 23.809 ms
INFO: at 31812.213 ms fetching 34.226 ms
INFO: at 31837.223 ms batch [120.071] delay 39.681 ms
INFO: at 31837.223 ms fetching 120.071 ms
INFO: at 31877.162 ms batch [33.946] delay 39.681 ms
INFO: at 31877.162 ms fetching 33.946 ms
INFO: at 31917.501 ms batch [34.291] delay 39.681 ms
INFO: at 31917.501 ms fetching 34.291 ms
INFO: at 31957.590 ms batch [34.793] delay 39.681 ms
INFO: at 31957.590 ms fetching 34.793 ms
INFO: at 31997.666 ms batch [123.746] delay 39.681 ms
INFO: at 31997.666 ms fetching 123.746 ms
INFO: at 32037.718 ms batch [33.144] delay 39.681 ms
INFO: at 32037.718 ms fetching 33.144 ms
INFO: at 32077.839 ms batch [122.649] delay 39.681 ms
INFO: at 32077.839 ms fetching 122.649 ms
INFO: at 32117.905 ms batch [120.442] delay 39.681 ms
INFO: at 32117.905 ms fetching 120.442 ms
INFO: at 32157.888 ms batch [34.673] delay 39.681 ms
INFO: at 32157.888 ms fetching 34.673 ms
INFO: at 32198.755 ms batch [35.336] delay 35.713 ms
INFO: at 32198.755 ms fetching 35.336 ms
INFO: at 32235.267 ms batch [33.668] delay 35.713 ms
INFO: at 32235.267 ms fetching 33.668 ms
INFO: at 32271.374 ms batch [34.610] delay 35.713 ms
INFO: at 32271.374 ms fetching 34.610 ms
INFO: at 32307.381 ms batch [122.290] delay 35.713 ms
INFO: at 32307.381 ms fetching 122.290 ms
INFO: at 32344.156 ms batch [122.429] delay 35.713 ms
INFO: at 32344.156 ms fetching 122.429 ms
INFO: at 32380.238 ms batch [124.193] delay 35.713 ms
INFO: at 32380.238 ms fetching 124.193 ms
INFO: at 32416.252 ms batch [33.673] delay 35.713 ms
INFO: at 32416.252 ms fetching 33.673 ms
INFO: at 32452.233 ms batch [120.326] delay 35.713 ms
INFO: at 32452.233 ms fetching 120.326 ms
INFO: at 32488.612 ms batch [34.666] delay 35.713 ms
INFO: at 32488.612 ms fetching 34.666 ms
INFO: at 32526.578 ms batch [34.919] delay 35.713 ms
INFO: at 32526.578 ms fetching 34.919 ms
INFO: at 32562.601 ms batch [33.406] delay 32.466 ms
INFO: at 32562.601 ms fetching 33.406 ms
INFO: at 32595.625 ms batch [34.554] delay 32.466 ms
INFO: at 32595.625 ms fetching 34.554 ms
INFO: at 32628.356 ms batch [118.682] delay 32.466 ms
INFO: at 32628.356 ms fetching 118.682 ms
INFO: at 32661.310 ms batch [125.137] delay 32.466 ms
INFO: at 32661.310 ms fetching 125.137 ms
INFO: at 32694.212 ms batch [34.805] delay 32.466 ms
INFO: at 32694.212 ms fetching 34.805 ms
INFO: at 32727.240 ms batch [123.062] delay 32.466 ms
INFO: at 32727.240 ms fetching 123.062 ms
INFO: at 32760.272 ms batch [121.704] delay 32.466 ms
INFO: at 32760.272 ms fetching 121.704 ms
INFO: at 32793.189 ms batch [34.029] delay 32.466 ms
INFO: at 32793.189 ms fetching 34.029 ms
INFO: at 32826.303 ms batch [120.737] delay 32.466 ms
INFO: at 32826.303 ms fetching 120.737 ms
INFO: at 32859.105 ms batch [125.457] delay 32.466 ms
INFO: at 32859.105 ms fetching 125.457 ms
INFO: at 32892.079 ms batch [35.279] delay 32.466 ms
INFO: at 32892.079 ms fetching 35.279 ms
INFO: at 32924.883 ms batch [123.626] delay 27.472 ms
INFO: at 32924.883 ms fetching 123.626 ms
INFO: at 32952.816 ms batch [118.726] delay 27.472 ms
INFO: at 32952.816 ms fetching 118.726 ms
INFO: at 32980.924 ms batch [33.819] delay 27.472 ms
INFO: at 32980.924 ms fetching 33.819 ms
INFO: at 33008.937 ms batch [34.810] delay 27.472 ms
INFO: at 33008.937 ms fetching 34.810 ms
INFO: at 33036.947 ms batch [34.475] delay 27.472 ms
INFO: at 33036.947 ms fetching 34.475 ms
INFO: at 33064.855 ms batch [33.763] delay 27.472 ms
INFO: at 33064.855 ms fetching 33.763 ms
INFO: at 33092.752 ms batch [121.236] delay 27.472 ms
INFO: at 33092.752 ms fetching 121.236 ms
INFO: at 33120.501 ms batch [122.053] delay 27.472 ms
INFO: at 33120.501 ms fetching 122.053 ms
INFO: at 33148.497 ms batch [124.996] delay 27.472 ms
INFO: at 33148.497 ms fetching 124.996 ms
INFO: at 33176.478 ms batch [33.969] delay 27.472 ms
INFO: at 33176.478 ms fetching 33.969 ms
INFO: at 33204.542 ms batch [119.725] delay 27.472 ms
INFO: at 33204.542 ms fetching 119.725 ms
INFO: at 33233.703 ms batch [34.536] delay 27.472 ms
INFO: at 33233.703 ms fetching 34.536 ms
INFO: at 33261.671 ms batch [34.218] delay 27.472 ms
INFO: at 33261.671 ms fetching 34.218 ms
INFO: at 33289.777 ms batch [121.747] delay 25.509 ms
INFO: at 33289.777 ms fetching 121.747 ms
INFO: at 33315.794 ms batch [125.543] delay 25.509 ms
INFO: at 33315.794 ms fetching 125.543 ms
INFO: at 33341.608 ms batch [120.109] delay 25.509 ms
INFO: at 33341.608 ms fetching 120.109 ms
INFO: at 33367.971 ms batch [119.568] delay 25.509 ms
INFO: at 33367.971 ms fetching 119.568 ms
INFO: at 33395.689 ms batch [126.455] delay 25.509 ms
INFO: at 33395.689 ms fetching 126.455 ms
INFO: at 33421.532 ms batch [123.954] delay 25.509 ms
INFO: at 33421.532 ms fetching 123.954 ms
INFO: at 33447.572 ms batch [34.056] delay 25.509 ms
INFO: at 33447.572 ms fetching 34.056 ms
INFO: at 33473.661 ms batch [34.181] delay 25.509 ms
INFO: at 33473.661 ms fetching 34.181 ms
INFO: at 33499.777 ms batch [123.856] delay 25.509 ms
INFO: at 33499.777 ms fetching 123.856 ms
INFO: at 33525.885 ms batch [122.838] delay 25.509 ms
INFO: at 33525.885 ms fetching 122.838 ms
INFO: at 33551.678 ms batch [123.072] delay 25.509 ms
INFO: at 33551.678 ms fetching 123.072 ms
INFO: at 33577.527 ms batch [34.023] delay 25.509 ms
INFO: at 33577.527 ms fetching 34.023 ms
INFO: at 33603.487 ms batch [33.729] delay 25.509 ms
INFO: at 33603.487 ms fetching 33.729 ms
INFO: at 33629.412 ms batch [119.965] delay 25.509 ms
INFO: at 33629.412 ms fetching 119.965 ms
INFO: at 33655.532 ms batch [34.014] delay 32.466 ms
INFO: at 33655.532 ms fetching 34.014 ms
INFO: at 33688.709 ms batch [34.777] delay 32.466 ms
INFO: at 33688.709 ms fetching 34.777 ms
INFO: at 33721.713 ms batch [122.141] delay 32.466 ms
INFO: at 33721.713 ms fetching 122.141 ms
INFO: at 33754.465 ms batch [125.286] delay 32.466 ms
INFO: at 33754.465 ms fetching 125.286 ms
INFO: at 33787.532 ms batch [121.726] delay 32.466 ms
INFO: at 33787.532 ms fetching 121.726 ms
INFO: at 33820.652 ms batch [123.460] delay 32.466 ms
INFO: at 33820.652 ms fetching 123.460 ms
INFO: at 33854.199 ms batch [121.245] delay 32.466 ms
INFO: at 33854.199 ms fetching 121.245 ms
INFO: at 33887.115 ms batch [34.499] delay 32.466 ms
INFO: at 33887.115 ms fetching 34.499 ms
INFO: at 33920.219 ms batch [122.954] delay 32.466 ms
INFO: at 33920.219 ms fetching 122.954 ms
INFO: at 33953.305 ms batch [118.413] delay 32.466 ms
INFO: at 33953.305 ms fetching 118.413 ms
INFO: at 33986.432 ms batch [123.640] delay 32.466 ms
INFO: at 33986.432 ms fetching 123.640 ms
INFO: at 34019.235 ms batch [34.326] delay 35.713 ms
INFO: at 34019.235 ms fetching 34.326 ms
INFO: at 34057.091 ms batch [34.851] delay 35.713 ms
INFO: at 34057.091 ms fetching 34.851 ms
INFO: at 34093.092 ms batch [122.371] delay 35.713 ms
INFO: at 34093.092 ms fetching 122.371 ms
INFO: at 34130.577 ms batch [123.092] delay 35.713 ms
INFO: at 34130.577 ms fetching 123.092 ms
INFO: at 34166.613 ms batch [34.708] delay 35.713 ms
INFO: at 34166.613 ms fetching 34.708 ms
INFO: at 34202.684 ms batch [34.316] delay 35.713 ms
INFO: at 34202.684 ms fetching 34.316 ms
INFO: at 34240.632 ms batch [33.503] delay 35.713 ms
INFO: at 34240.632 ms fetching 33.503 ms
INFO: at 34277.305 ms batch [124.577] delay 35.713 ms
INFO: at 34277.305 ms fetching 124.577 ms
INFO: at 34313.539 ms batch [33.925] delay 35.713 ms
INFO: at 34313.539 ms fetching 33.925 ms
INFO: at 34349.641 ms batch [34.391] delay 35.713 ms
INFO: at 34349.641 ms fetching 34.391 ms
INFO: at 34385.727 ms batch [121.482] delay 25.509 ms
INFO: at 34385.727 ms fetching 121.482 ms
INFO: at 34413.124 ms batch [119.748] delay 25.509 ms
INFO: at 34413.124 ms fetching 119.748 ms
INFO: at 34439.221 ms batch [121.942] delay 25.509 ms
INFO: at 34439.221 ms fetching 121.942 ms
INFO: at 34465.256 ms batch [121.952] delay 25.509 ms
INFO: at 34465.256 ms fetching 121.952 ms
INFO: at 34491.375 ms batch [122.570] delay 25.509 ms
INFO: at 34491.375 ms fetching 122.570 ms
INFO: at 34517.436 ms batch [34.120] delay 25.509 ms
INFO: at 34517.436 ms fetching 34.120 ms
INFO: at 34543.600 ms batch [34.423] delay 25.509 ms
INFO: at 34543.600 ms fetching 34.423 ms
INFO: at 34569.713 ms batch [34.644] delay 25.509 ms
INFO: at 34569.713 ms fetching 34.644 ms
INFO: at 34595.814 ms batch [125.968] delay 25.509 ms
INFO: at 34595.814 ms fetching 125.968 ms
INFO: at 34621.894 ms batch [34.459] delay 25.509 ms
INFO: at 34621.894 ms fetching 34.459 ms
INFO: at 34647.960 ms batch [123.007] delay 25.509 ms
INFO: at 34647.960 ms fetching 123.007 ms
INFO: at 34674.057 ms batch [34.831] delay 25.509 ms
INFO: at 34674.057 ms fetching 34.831 ms
INFO: done
INFO: stopping nexus
