Starting Python Closure container
Connecting to Clipper with default port: 7000
/usr/local/lib/python3.7/runpy.py:125: RuntimeWarning: 'clipper_admin.metrics.server' found in sys.modules after import of package 'clipper_admin.metrics', but prior to execution of 'clipper_admin.metrics.server'; this may result in unpredictable behaviour
  warn(RuntimeWarning(msg))
22-01-26:15:53:05 INFO     [server.py:80] Metric Server Started!
22-01-26:15:53:05 INFO     [server.py:85] Redis Connected! Waiting for messages...
Serving predictions for floats input type.
Sent heartbeat!
Received heartbeat!
Sent container metadata!
Got start of message 0 
fake_model: serving batch [[1.]], sleeping for 1.00ms = 0.74 + 0.26 * 1 * 1.00
fake_model: returning [1.0]
recv: 0.000388 s, parse: 0.000009 s, handle: 0.001856 s
Got start of message 1 
fake_model: serving batch [[83.96151]], sleeping for 83.96ms = 62.22 + 0.26 * 1 * 83.96
fake_model: returning [83.96151]
recv: 0.000269 s, parse: 0.000012 s, handle: 0.084577 s
Got start of message 2 
fake_model: serving batch [[37.1165  ]
 [72.87371 ]
 [68.255226]], sleeping for 110.61ms = 54.00 + 0.26 * 3 * 72.87
fake_model: returning [37.1165, 72.87371, 68.255226]
recv: 0.000163 s, parse: 0.000007 s, handle: 0.111041 s
Got start of message 3 
fake_model: serving batch [[70.05159 ]
 [65.92222 ]
 [46.905308]], sleeping for 106.33ms = 51.91 + 0.26 * 3 * 70.05
fake_model: returning [70.05159, 65.92222, 46.905308]
recv: 0.000161 s, parse: 0.000006 s, handle: 0.106781 s
Got start of message 4 
fake_model: serving batch [[64.40847 ]
 [38.920742]
 [74.608955]
 [72.54245 ]
 [71.59298 ]
 [35.713875]], sleeping for 171.21ms = 55.29 + 0.26 * 6 * 74.61
fake_model: returning [64.40847, 38.920742, 74.608955, 72.54245, 71.59298, 35.713875]
recv: 0.000175 s, parse: 0.000006 s, handle: 0.171763 s
Got start of message 5 
fake_model: serving batch [[66.84134 ]
 [31.379696]
 [39.56555 ]
 [77.18909 ]
 [32.030254]], sleeping for 157.14ms = 57.20 + 0.26 * 5 * 77.19
fake_model: returning [66.84134, 31.379696, 39.56555, 77.18909, 32.030254]
recv: 0.000177 s, parse: 0.000006 s, handle: 0.157699 s
Got start of message 6 
fake_model: serving batch [[38.76138]], sleeping for 38.76ms = 28.72 + 0.26 * 1 * 38.76
fake_model: returning [38.76138]
recv: 0.000357 s, parse: 0.000015 s, handle: 0.039493 s
Got start of message 7 
fake_model: serving batch [[33.248074]
 [35.427174]
 [68.50211 ]
 [45.161503]
 [32.630444]
 [75.3843  ]
 [38.32179 ]
 [25.748724]], sleeping for 212.03ms = 55.86 + 0.26 * 8 * 75.38
fake_model: returning [33.248074, 35.427174, 68.50211, 45.161503, 32.630444, 75.3843, 38.32179, 25.748724]
recv: 0.000197 s, parse: 0.000006 s, handle: 0.212615 s
Got start of message 8 
fake_model: serving batch [[75.67764]], sleeping for 75.68ms = 56.08 + 0.26 * 1 * 75.68
fake_model: returning [75.67764]
recv: 0.000149 s, parse: 0.000017 s, handle: 0.076008 s
