INFO: nexus_dir=/workdir/nexus model_dir=/workdir/DynWork/multimodal_dataset/repeat-5/Multimodal/Azure/incoming_rate_36.36/Modal_num/four_modal/1_x_P99/nexus/models log_dir=/workdir/DynWork/multimodal_dataset/repeat-5/Multimodal/Azure/incoming_rate_36.36/Modal_num/four_modal/1_x_P99/nexus/logs model=fake_0
INFO: waiting frontend to spin up
INFO: ready to go
INFO: rock and roll
INFO: at 6.354 ms batch [46.816] delay 25.882 ms
INFO: at 6.354 ms fetching 46.816 ms
INFO: at 33.954 ms batch [89.548] delay 25.882 ms
INFO: at 33.954 ms fetching 89.548 ms
INFO: at 60.265 ms batch [93.588] delay 25.882 ms
INFO: at 60.265 ms fetching 93.588 ms
INFO: at 88.107 ms batch [43.048] delay 25.882 ms
INFO: at 88.107 ms fetching 43.048 ms
INFO: at 116.161 ms batch [21.422] delay 25.882 ms
INFO: at 116.161 ms fetching 21.422 ms
INFO: at 142.302 ms batch [36.136] delay 25.882 ms
INFO: at 142.302 ms fetching 36.136 ms
INFO: at 169.568 ms batch [21.149] delay 25.882 ms
INFO: at 169.568 ms fetching 21.149 ms
INFO: at 197.473 ms batch [86.539] delay 25.882 ms
INFO: at 197.473 ms fetching 86.539 ms
INFO: at 223.797 ms batch [42.429] delay 25.882 ms
INFO: at 223.797 ms fetching 42.429 ms
INFO: at 251.879 ms batch [45.183] delay 25.882 ms
INFO: at 251.879 ms fetching 45.183 ms
INFO: at 279.841 ms batch [64.880] delay 25.882 ms
INFO: at 279.841 ms fetching 64.880 ms
INFO: at 307.643 ms batch [44.905] delay 25.882 ms
INFO: at 307.643 ms fetching 44.905 ms
INFO: at 335.606 ms batch [91.504] delay 25.882 ms
INFO: at 335.606 ms fetching 91.504 ms
INFO: at 363.507 ms batch [22.887] delay 25.882 ms
INFO: at 363.507 ms fetching 22.887 ms
INFO: at 391.605 ms batch [67.960] delay 25.882 ms
INFO: at 391.605 ms fetching 67.960 ms
INFO: at 419.488 ms batch [41.388] delay 25.882 ms
INFO: at 419.488 ms fetching 41.388 ms
INFO: at 447.090 ms batch [65.438] delay 25.882 ms
INFO: at 447.090 ms fetching 65.438 ms
INFO: at 473.915 ms batch [87.438] delay 23.158 ms
INFO: at 473.915 ms fetching 87.438 ms
INFO: at 497.536 ms batch [67.711] delay 23.158 ms
INFO: at 497.536 ms fetching 67.711 ms
INFO: at 521.360 ms batch [63.190] delay 23.158 ms
INFO: at 521.360 ms fetching 63.190 ms
INFO: at 545.226 ms batch [44.449] delay 23.158 ms
INFO: at 545.226 ms fetching 44.449 ms
INFO: at 569.101 ms batch [41.660] delay 23.158 ms
INFO: at 569.101 ms fetching 41.660 ms
INFO: at 593.006 ms batch [23.599] delay 23.158 ms
INFO: at 593.006 ms fetching 23.599 ms
INFO: at 616.557 ms batch [90.114] delay 23.158 ms
INFO: at 616.557 ms fetching 90.114 ms
INFO: at 640.174 ms batch [44.836] delay 23.158 ms
INFO: at 640.174 ms fetching 44.836 ms
INFO: at 663.932 ms batch [45.150] delay 23.158 ms
INFO: at 663.932 ms fetching 45.150 ms
INFO: at 688.047 ms batch [88.904] delay 23.158 ms
INFO: at 688.047 ms fetching 88.904 ms
INFO: at 711.592 ms batch [22.980] delay 23.158 ms
INFO: at 711.592 ms fetching 22.980 ms
INFO: at 735.184 ms batch [18.617] delay 23.158 ms
INFO: at 735.184 ms fetching 18.617 ms
INFO: at 758.873 ms batch [65.461] delay 23.158 ms
INFO: at 758.873 ms fetching 65.461 ms
INFO: at 782.339 ms batch [68.588] delay 23.158 ms
INFO: at 782.339 ms fetching 68.588 ms
INFO: at 805.996 ms batch [44.027] delay 23.158 ms
INFO: at 805.996 ms fetching 44.027 ms
INFO: at 829.799 ms batch [67.921] delay 23.158 ms
INFO: at 829.799 ms fetching 67.921 ms
INFO: at 854.220 ms batch [62.802] delay 23.158 ms
INFO: at 854.220 ms fetching 62.802 ms
INFO: at 877.985 ms batch [43.727] delay 23.158 ms
INFO: at 877.985 ms fetching 43.727 ms
INFO: at 901.734 ms batch [44.754] delay 23.158 ms
INFO: at 901.734 ms fetching 44.754 ms
INFO: at 925.609 ms batch [90.392] delay 31.429 ms
INFO: at 925.609 ms fetching 90.392 ms
INFO: at 957.461 ms batch [91.021] delay 31.429 ms
INFO: at 957.461 ms fetching 91.021 ms
INFO: at 989.619 ms batch [20.592] delay 31.429 ms
INFO: at 989.619 ms fetching 20.592 ms
INFO: at 1021.518 ms batch [15.177] delay 31.429 ms
INFO: at 1021.518 ms fetching 15.177 ms
INFO: at 1053.456 ms batch [67.121] delay 31.429 ms
INFO: at 1053.456 ms fetching 67.121 ms
INFO: at 1085.414 ms batch [88.790] delay 31.429 ms
INFO: at 1085.414 ms fetching 88.790 ms
INFO: at 1117.800 ms batch [64.409] delay 31.429 ms
INFO: at 1117.800 ms fetching 64.409 ms
INFO: at 1149.822 ms batch [87.849] delay 31.429 ms
INFO: at 1149.822 ms fetching 87.849 ms
INFO: at 1181.847 ms batch [88.435] delay 31.429 ms
INFO: at 1181.847 ms fetching 88.435 ms
INFO: at 1213.864 ms batch [71.760] delay 31.429 ms
INFO: at 1213.864 ms fetching 71.760 ms
INFO: at 1245.649 ms batch [66.729] delay 31.429 ms
INFO: at 1245.649 ms fetching 66.729 ms
INFO: at 1277.669 ms batch [63.661] delay 31.429 ms
INFO: at 1277.669 ms fetching 63.661 ms
INFO: at 1309.672 ms batch [45.679] delay 31.429 ms
INFO: at 1309.672 ms fetching 45.679 ms
INFO: at 1341.588 ms batch [18.356] delay 31.429 ms
INFO: at 1341.588 ms fetching 18.356 ms
INFO: at 1373.426 ms batch [65.518] delay 25.882 ms
INFO: at 1373.426 ms fetching 65.518 ms
INFO: at 1399.747 ms batch [91.263] delay 25.882 ms
INFO: at 1399.747 ms fetching 91.263 ms
INFO: at 1427.861 ms batch [66.054] delay 25.882 ms
INFO: at 1427.861 ms fetching 66.054 ms
INFO: at 1454.532 ms batch [42.243] delay 25.882 ms
INFO: at 1454.532 ms fetching 42.243 ms
INFO: at 1482.620 ms batch [65.723] delay 25.882 ms
INFO: at 1482.620 ms fetching 65.723 ms
INFO: at 1510.685 ms batch [44.414] delay 25.882 ms
INFO: at 1510.685 ms fetching 44.414 ms
INFO: at 1538.742 ms batch [44.796] delay 25.882 ms
INFO: at 1538.742 ms fetching 44.796 ms
INFO: at 1566.750 ms batch [19.666] delay 25.882 ms
INFO: at 1566.750 ms fetching 19.666 ms
INFO: at 1594.124 ms batch [93.102] delay 25.882 ms
INFO: at 1594.124 ms fetching 93.102 ms
INFO: at 1622.116 ms batch [66.168] delay 25.882 ms
INFO: at 1622.116 ms fetching 66.168 ms
INFO: at 1650.353 ms batch [20.855] delay 25.882 ms
INFO: at 1650.353 ms fetching 20.855 ms
INFO: at 1676.460 ms batch [66.494] delay 25.882 ms
INFO: at 1676.460 ms fetching 66.494 ms
INFO: at 1704.496 ms batch [41.814] delay 25.882 ms
INFO: at 1704.496 ms fetching 41.814 ms
INFO: at 1730.691 ms batch [44.223] delay 25.882 ms
INFO: at 1730.691 ms fetching 44.223 ms
INFO: at 1758.747 ms batch [25.271] delay 25.882 ms
INFO: at 1758.747 ms fetching 25.271 ms
INFO: at 1786.811 ms batch [24.802] delay 25.882 ms
INFO: at 1786.811 ms fetching 24.802 ms
INFO: at 1814.890 ms batch [65.234] delay 25.882 ms
INFO: at 1814.890 ms fetching 65.234 ms
INFO: at 1841.089 ms batch [39.124] delay 27.500 ms
INFO: at 1841.089 ms fetching 39.124 ms
INFO: at 1869.798 ms batch [20.067] delay 27.500 ms
INFO: at 1869.798 ms fetching 20.067 ms
INFO: at 1899.478 ms batch [68.200] delay 27.500 ms
INFO: at 1899.478 ms fetching 68.200 ms
INFO: at 1927.598 ms batch [40.074] delay 27.500 ms
INFO: at 1927.598 ms fetching 40.074 ms
INFO: at 1955.640 ms batch [44.061] delay 27.500 ms
INFO: at 1955.640 ms fetching 44.061 ms
INFO: at 1983.681 ms batch [68.532] delay 27.500 ms
INFO: at 1983.681 ms fetching 68.532 ms
INFO: at 2012.977 ms batch [63.123] delay 27.500 ms
INFO: at 2012.977 ms fetching 63.123 ms
INFO: at 2041.040 ms batch [44.318] delay 27.500 ms
INFO: at 2041.040 ms fetching 44.318 ms
INFO: at 2068.917 ms batch [20.387] delay 27.500 ms
INFO: at 2068.917 ms fetching 20.387 ms
INFO: at 2097.219 ms batch [40.551] delay 27.500 ms
INFO: at 2097.219 ms fetching 40.551 ms
INFO: at 2125.309 ms batch [85.469] delay 27.500 ms
INFO: at 2125.309 ms fetching 85.469 ms
INFO: at 2153.349 ms batch [16.957] delay 27.500 ms
INFO: at 2153.349 ms fetching 16.957 ms
INFO: at 2181.229 ms batch [21.233] delay 27.500 ms
INFO: at 2181.229 ms fetching 21.233 ms
INFO: at 2209.500 ms batch [89.179] delay 27.500 ms
INFO: at 2209.500 ms fetching 89.179 ms
INFO: at 2237.585 ms batch [70.733] delay 27.500 ms
INFO: at 2237.585 ms fetching 70.733 ms
INFO: at 2265.615 ms batch [21.269] delay 27.500 ms
INFO: at 2265.615 ms fetching 21.269 ms
INFO: at 2293.556 ms batch [62.524] delay 27.500 ms
INFO: at 2293.556 ms fetching 62.524 ms
INFO: at 2322.222 ms batch [20.448] delay 27.500 ms
INFO: at 2322.222 ms fetching 20.448 ms
INFO: at 2350.293 ms batch [20.297] delay 27.500 ms
INFO: at 2350.293 ms fetching 20.297 ms
INFO: at 2378.276 ms batch [44.125] delay 27.500 ms
INFO: at 2378.276 ms fetching 44.125 ms
INFO: at 2406.968 ms batch [63.966] delay 27.500 ms
INFO: at 2406.968 ms fetching 63.966 ms
INFO: at 2434.922 ms batch [20.829] delay 27.500 ms
INFO: at 2434.922 ms fetching 20.829 ms
INFO: at 2462.994 ms batch [44.968] delay 27.500 ms
INFO: at 2462.994 ms fetching 44.968 ms
INFO: at 2490.984 ms batch [43.074] delay 27.500 ms
INFO: at 2490.984 ms fetching 43.074 ms
INFO: at 2518.898 ms batch [92.461] delay 27.500 ms
INFO: at 2518.898 ms fetching 92.461 ms
INFO: at 2546.868 ms batch [87.323] delay 27.500 ms
INFO: at 2546.868 ms fetching 87.323 ms
INFO: at 2574.716 ms batch [23.822] delay 27.500 ms
INFO: at 2574.716 ms fetching 23.822 ms
INFO: at 2602.609 ms batch [16.344] delay 27.500 ms
INFO: at 2602.609 ms fetching 16.344 ms
INFO: at 2631.361 ms batch [89.896] delay 27.500 ms
INFO: at 2631.361 ms fetching 89.896 ms
INFO: at 2659.232 ms batch [44.352] delay 27.500 ms
INFO: at 2659.232 ms fetching 44.352 ms
INFO: at 2687.015 ms batch [90.256] delay 27.500 ms
INFO: at 2687.015 ms fetching 90.256 ms
INFO: at 2714.810 ms batch [22.598] delay 27.500 ms
INFO: at 2714.810 ms fetching 22.598 ms
INFO: at 2743.240 ms batch [64.638] delay 27.500 ms
INFO: at 2743.240 ms fetching 64.638 ms
INFO: at 2771.309 ms batch [21.732] delay 27.500 ms
INFO: at 2771.309 ms fetching 21.732 ms
INFO: at 2799.302 ms batch [72.433] delay 27.500 ms
INFO: at 2799.302 ms fetching 72.433 ms
INFO: at 2827.189 ms batch [45.833] delay 27.500 ms
INFO: at 2827.189 ms fetching 45.833 ms
INFO: at 2855.638 ms batch [24.402] delay 27.500 ms
INFO: at 2855.638 ms fetching 24.402 ms
INFO: at 2884.406 ms batch [92.078] delay 27.500 ms
INFO: at 2884.406 ms fetching 92.078 ms
INFO: at 2912.208 ms batch [62.417] delay 27.500 ms
INFO: at 2912.208 ms fetching 62.417 ms
INFO: at 2940.202 ms batch [20.148] delay 27.500 ms
INFO: at 2940.202 ms fetching 20.148 ms
INFO: at 2968.404 ms batch [69.385] delay 27.500 ms
INFO: at 2968.404 ms fetching 69.385 ms
INFO: at 2996.856 ms batch [17.441] delay 27.500 ms
INFO: at 2996.856 ms fetching 17.441 ms
INFO: at 3024.801 ms batch [86.589] delay 27.500 ms
INFO: at 3024.801 ms fetching 86.589 ms
INFO: at 3052.685 ms batch [41.118] delay 27.500 ms
INFO: at 3052.685 ms fetching 41.118 ms
INFO: at 3081.080 ms batch [42.877] delay 27.500 ms
INFO: at 3081.080 ms fetching 42.877 ms
INFO: at 3108.936 ms batch [42.822] delay 27.500 ms
INFO: at 3108.936 ms fetching 42.822 ms
INFO: at 3136.786 ms batch [67.787] delay 27.500 ms
INFO: at 3136.786 ms fetching 67.787 ms
INFO: at 3165.448 ms batch [87.658] delay 27.500 ms
INFO: at 3165.448 ms fetching 87.658 ms
INFO: at 3193.524 ms batch [89.212] delay 29.333 ms
INFO: at 3193.524 ms fetching 89.212 ms
INFO: at 3223.488 ms batch [39.896] delay 29.333 ms
INFO: at 3223.488 ms fetching 39.896 ms
INFO: at 3253.499 ms batch [65.486] delay 29.333 ms
INFO: at 3253.499 ms fetching 65.486 ms
INFO: at 3283.513 ms batch [40.482] delay 29.333 ms
INFO: at 3283.513 ms fetching 40.482 ms
INFO: at 3313.523 ms batch [47.821] delay 29.333 ms
INFO: at 3313.523 ms fetching 47.821 ms
INFO: at 3343.208 ms batch [86.135] delay 29.333 ms
INFO: at 3343.208 ms fetching 86.135 ms
INFO: at 3373.286 ms batch [41.505] delay 29.333 ms
INFO: at 3373.286 ms fetching 41.505 ms
INFO: at 3403.293 ms batch [21.033] delay 29.333 ms
INFO: at 3403.293 ms fetching 21.033 ms
INFO: at 3433.677 ms batch [47.481] delay 29.333 ms
INFO: at 3433.677 ms fetching 47.481 ms
INFO: at 3463.568 ms batch [45.288] delay 29.333 ms
INFO: at 3463.568 ms fetching 45.288 ms
INFO: at 3493.626 ms batch [43.783] delay 29.333 ms
INFO: at 3493.626 ms fetching 43.783 ms
INFO: at 3523.608 ms batch [89.631] delay 29.333 ms
INFO: at 3523.608 ms fetching 89.631 ms
INFO: at 3555.186 ms batch [47.222] delay 29.333 ms
INFO: at 3555.186 ms fetching 47.222 ms
INFO: at 3585.212 ms batch [19.184] delay 29.333 ms
INFO: at 3585.212 ms fetching 19.184 ms
INFO: at 3615.082 ms batch [43.961] delay 29.333 ms
INFO: at 3615.082 ms fetching 43.961 ms
INFO: at 3644.704 ms batch [70.561] delay 29.333 ms
INFO: at 3644.704 ms fetching 70.561 ms
INFO: at 3674.297 ms batch [44.528] delay 29.333 ms
INFO: at 3674.297 ms fetching 44.528 ms
INFO: at 3704.302 ms batch [87.249] delay 29.333 ms
INFO: at 3704.302 ms fetching 87.249 ms
INFO: at 3734.351 ms batch [39.714] delay 29.333 ms
INFO: at 3734.351 ms fetching 39.714 ms
INFO: at 3764.284 ms batch [17.044] delay 29.333 ms
INFO: at 3764.284 ms fetching 17.044 ms
INFO: at 3795.328 ms batch [47.637] delay 29.333 ms
INFO: at 3795.328 ms fetching 47.637 ms
INFO: at 3825.287 ms batch [66.672] delay 29.333 ms
INFO: at 3825.287 ms fetching 66.672 ms
INFO: at 3855.063 ms batch [42.497] delay 29.333 ms
INFO: at 3855.063 ms fetching 42.497 ms
INFO: at 3885.062 ms batch [87.575] delay 29.333 ms
INFO: at 3885.062 ms fetching 87.575 ms
INFO: at 3915.125 ms batch [88.121] delay 29.333 ms
INFO: at 3915.125 ms fetching 88.121 ms
INFO: at 3945.119 ms batch [68.162] delay 29.333 ms
INFO: at 3945.119 ms fetching 68.162 ms
INFO: at 3975.242 ms batch [41.462] delay 29.333 ms
INFO: at 3975.242 ms fetching 41.462 ms
INFO: at 4005.100 ms batch [88.849] delay 29.333 ms
INFO: at 4005.100 ms fetching 88.849 ms
INFO: at 4035.039 ms batch [20.770] delay 29.333 ms
INFO: at 4035.039 ms fetching 20.770 ms
INFO: at 4065.268 ms batch [90.864] delay 29.333 ms
INFO: at 4065.268 ms fetching 90.864 ms
INFO: at 4095.185 ms batch [68.342] delay 31.429 ms
INFO: at 4095.185 ms fetching 68.342 ms
INFO: at 4127.256 ms batch [61.164] delay 31.429 ms
INFO: at 4127.256 ms fetching 61.164 ms
INFO: at 4159.187 ms batch [42.026] delay 31.429 ms
INFO: at 4159.187 ms fetching 42.026 ms
INFO: at 4191.858 ms batch [91.569] delay 31.429 ms
INFO: at 4191.858 ms fetching 91.569 ms
INFO: at 4223.928 ms batch [65.637] delay 31.429 ms
INFO: at 4223.928 ms fetching 65.637 ms
INFO: at 4256.036 ms batch [23.674] delay 31.429 ms
INFO: at 4256.036 ms fetching 23.674 ms
INFO: at 4288.040 ms batch [19.380] delay 31.429 ms
INFO: at 4288.040 ms fetching 19.380 ms
INFO: at 4320.497 ms batch [70.413] delay 31.429 ms
INFO: at 4320.497 ms fetching 70.413 ms
INFO: at 4352.485 ms batch [63.386] delay 31.429 ms
INFO: at 4352.485 ms fetching 63.386 ms
INFO: at 4385.133 ms batch [85.920] delay 31.429 ms
INFO: at 4385.133 ms fetching 85.920 ms
INFO: at 4417.127 ms batch [86.972] delay 31.429 ms
INFO: at 4417.127 ms fetching 86.972 ms
INFO: at 4449.019 ms batch [67.648] delay 31.429 ms
INFO: at 4449.019 ms fetching 67.648 ms
INFO: at 4480.878 ms batch [18.036] delay 31.429 ms
INFO: at 4480.878 ms fetching 18.036 ms
INFO: at 4513.538 ms batch [91.717] delay 31.429 ms
INFO: at 4513.538 ms fetching 91.717 ms
INFO: at 4545.543 ms batch [89.716] delay 44.000 ms
INFO: at 4545.543 ms fetching 89.716 ms
INFO: at 4590.348 ms batch [41.587] delay 44.000 ms
INFO: at 4590.348 ms fetching 41.587 ms
INFO: at 4635.212 ms batch [42.126] delay 44.000 ms
INFO: at 4635.212 ms fetching 42.126 ms
INFO: at 4680.098 ms batch [66.945] delay 44.000 ms
INFO: at 4680.098 ms fetching 66.945 ms
INFO: at 4724.770 ms batch [16.853] delay 44.000 ms
INFO: at 4724.770 ms fetching 16.853 ms
INFO: at 4769.798 ms batch [62.698] delay 44.000 ms
INFO: at 4769.798 ms fetching 62.698 ms
INFO: at 4814.295 ms batch [20.652] delay 44.000 ms
INFO: at 4814.295 ms fetching 20.652 ms
INFO: at 4859.336 ms batch [22.087] delay 44.000 ms
INFO: at 4859.336 ms fetching 22.087 ms
INFO: at 4903.707 ms batch [15.523] delay 44.000 ms
INFO: at 4903.707 ms fetching 15.523 ms
INFO: at 4948.824 ms batch [43.538] delay 44.000 ms
INFO: at 4948.824 ms fetching 43.538 ms
INFO: at 4993.805 ms batch [20.888] delay 25.882 ms
INFO: at 4993.805 ms fetching 20.888 ms
INFO: at 5020.908 ms batch [23.035] delay 25.882 ms
INFO: at 5020.908 ms fetching 23.035 ms
INFO: at 5047.714 ms batch [64.943] delay 25.882 ms
INFO: at 5047.714 ms fetching 64.943 ms
INFO: at 5074.676 ms batch [49.983] delay 25.882 ms
INFO: at 5074.676 ms fetching 49.983 ms
INFO: at 5102.497 ms batch [46.427] delay 25.882 ms
INFO: at 5102.497 ms fetching 46.427 ms
INFO: at 5129.486 ms batch [63.507] delay 25.882 ms
INFO: at 5129.486 ms fetching 63.507 ms
INFO: at 5157.265 ms batch [45.410] delay 25.882 ms
INFO: at 5157.265 ms fetching 45.410 ms
INFO: at 5185.236 ms batch [18.890] delay 25.882 ms
INFO: at 5185.236 ms fetching 18.890 ms
INFO: at 5212.225 ms batch [42.370] delay 25.882 ms
INFO: at 5212.225 ms fetching 42.370 ms
INFO: at 5239.862 ms batch [65.697] delay 25.882 ms
INFO: at 5239.862 ms fetching 65.697 ms
INFO: at 5267.390 ms batch [41.775] delay 25.882 ms
INFO: at 5267.390 ms fetching 41.775 ms
INFO: at 5293.596 ms batch [62.891] delay 25.882 ms
INFO: at 5293.596 ms fetching 62.891 ms
INFO: at 5321.562 ms batch [67.420] delay 25.882 ms
INFO: at 5321.562 ms fetching 67.420 ms
INFO: at 5349.522 ms batch [43.167] delay 25.882 ms
INFO: at 5349.522 ms fetching 43.167 ms
INFO: at 5376.346 ms batch [21.003] delay 25.882 ms
INFO: at 5376.346 ms fetching 21.003 ms
INFO: at 5404.086 ms batch [62.975] delay 25.882 ms
INFO: at 5404.086 ms fetching 62.975 ms
INFO: at 5432.180 ms batch [70.971] delay 25.882 ms
INFO: at 5432.180 ms fetching 70.971 ms
INFO: at 5460.225 ms batch [22.196] delay 24.444 ms
INFO: at 5460.225 ms fetching 22.196 ms
INFO: at 5485.959 ms batch [23.525] delay 24.444 ms
INFO: at 5485.959 ms fetching 23.525 ms
INFO: at 5510.886 ms batch [64.285] delay 24.444 ms
INFO: at 5510.886 ms fetching 64.285 ms
INFO: at 5535.846 ms batch [66.789] delay 24.444 ms
INFO: at 5535.846 ms fetching 66.789 ms
INFO: at 5560.679 ms batch [20.676] delay 24.444 ms
INFO: at 5560.679 ms fetching 20.676 ms
INFO: at 5586.112 ms batch [20.414] delay 24.444 ms
INFO: at 5586.112 ms fetching 20.414 ms
INFO: at 5610.792 ms batch [18.531] delay 24.444 ms
INFO: at 5610.792 ms fetching 18.531 ms
INFO: at 5635.555 ms batch [67.173] delay 24.444 ms
INFO: at 5635.555 ms fetching 67.173 ms
INFO: at 5661.172 ms batch [88.216] delay 24.444 ms
INFO: at 5661.172 ms fetching 88.216 ms
INFO: at 5686.045 ms batch [88.879] delay 24.444 ms
INFO: at 5686.045 ms fetching 88.879 ms
INFO: at 5711.650 ms batch [88.958] delay 24.444 ms
INFO: at 5711.650 ms fetching 88.958 ms
INFO: at 5736.547 ms batch [64.151] delay 24.444 ms
INFO: at 5736.547 ms fetching 64.151 ms
INFO: at 5762.125 ms batch [86.070] delay 24.444 ms
INFO: at 5762.125 ms fetching 86.070 ms
INFO: at 5786.757 ms batch [86.923] delay 24.444 ms
INFO: at 5786.757 ms fetching 86.923 ms
INFO: at 5812.412 ms batch [45.730] delay 24.444 ms
INFO: at 5812.412 ms fetching 45.730 ms
INFO: at 5837.315 ms batch [100.000] delay 24.444 ms
INFO: at 5837.315 ms fetching 100.000 ms
INFO: at 5862.525 ms batch [87.402] delay 24.444 ms
INFO: at 5862.525 ms fetching 87.402 ms
INFO: at 5887.523 ms batch [90.083] delay 24.444 ms
INFO: at 5887.523 ms fetching 90.083 ms
INFO: at 5912.322 ms batch [22.830] delay 25.882 ms
INFO: at 5912.322 ms fetching 22.830 ms
INFO: at 5939.969 ms batch [44.092] delay 25.882 ms
INFO: at 5939.969 ms fetching 44.092 ms
INFO: at 5967.592 ms batch [86.375] delay 25.882 ms
INFO: at 5967.592 ms fetching 86.375 ms
INFO: at 5995.448 ms batch [91.957] delay 25.882 ms
INFO: at 5995.448 ms fetching 91.957 ms
INFO: at 6022.476 ms batch [22.555] delay 25.882 ms
INFO: at 6022.476 ms fetching 22.555 ms
INFO: at 6050.082 ms batch [63.921] delay 25.882 ms
INFO: at 6050.082 ms fetching 63.921 ms
INFO: at 6078.010 ms batch [88.930] delay 25.882 ms
INFO: at 6078.010 ms fetching 88.930 ms
INFO: at 6105.469 ms batch [61.857] delay 25.882 ms
INFO: at 6105.469 ms fetching 61.857 ms
INFO: at 6133.120 ms batch [87.474] delay 25.882 ms
INFO: at 6133.120 ms fetching 87.474 ms
INFO: at 6159.881 ms batch [88.347] delay 25.882 ms
INFO: at 6159.881 ms fetching 88.347 ms
INFO: at 6187.709 ms batch [65.137] delay 25.882 ms
INFO: at 6187.709 ms fetching 65.137 ms
INFO: at 6215.526 ms batch [89.604] delay 25.882 ms
INFO: at 6215.526 ms fetching 89.604 ms
INFO: at 6243.343 ms batch [89.239] delay 25.882 ms
INFO: at 6243.343 ms fetching 89.239 ms
INFO: at 6271.275 ms batch [62.300] delay 25.882 ms
INFO: at 6271.275 ms fetching 62.300 ms
INFO: at 6298.289 ms batch [91.216] delay 25.882 ms
INFO: at 6298.289 ms fetching 91.216 ms
INFO: at 6326.260 ms batch [89.742] delay 25.882 ms
INFO: at 6326.260 ms fetching 89.742 ms
INFO: at 6354.234 ms batch [64.057] delay 25.882 ms
INFO: at 6354.234 ms fetching 64.057 ms
INFO: at 6382.263 ms batch [90.189] delay 27.500 ms
INFO: at 6382.263 ms fetching 90.189 ms
INFO: at 6410.360 ms batch [48.254] delay 27.500 ms
INFO: at 6410.360 ms fetching 48.254 ms
INFO: at 6438.944 ms batch [40.606] delay 27.500 ms
INFO: at 6438.944 ms fetching 40.606 ms
INFO: at 6466.985 ms batch [20.738] delay 27.500 ms
INFO: at 6466.985 ms fetching 20.738 ms
INFO: at 6494.871 ms batch [46.651] delay 27.500 ms
INFO: at 6494.871 ms fetching 46.651 ms
INFO: at 6522.887 ms batch [84.849] delay 27.500 ms
INFO: at 6522.887 ms fetching 84.849 ms
INFO: at 6551.408 ms batch [87.008] delay 27.500 ms
INFO: at 6551.408 ms fetching 87.008 ms
INFO: at 6579.457 ms batch [65.938] delay 27.500 ms
INFO: at 6579.457 ms fetching 65.938 ms
INFO: at 6608.030 ms batch [88.057] delay 27.500 ms
INFO: at 6608.030 ms fetching 88.057 ms
INFO: at 6636.014 ms batch [19.078] delay 27.500 ms
INFO: at 6636.014 ms fetching 19.078 ms
INFO: at 6664.056 ms batch [22.471] delay 27.500 ms
INFO: at 6664.056 ms fetching 22.471 ms
INFO: at 6692.104 ms batch [42.463] delay 27.500 ms
INFO: at 6692.104 ms fetching 42.463 ms
INFO: at 6720.142 ms batch [17.302] delay 27.500 ms
INFO: at 6720.142 ms fetching 17.302 ms
INFO: at 6747.955 ms batch [65.549] delay 27.500 ms
INFO: at 6747.955 ms fetching 65.549 ms
INFO: at 6776.619 ms batch [92.149] delay 27.500 ms
INFO: at 6776.619 ms fetching 92.149 ms
INFO: at 6804.976 ms batch [24.276] delay 27.500 ms
INFO: at 6804.976 ms fetching 24.276 ms
INFO: at 6832.720 ms batch [89.770] delay 36.667 ms
INFO: at 6832.720 ms fetching 89.770 ms
INFO: at 6870.314 ms batch [19.820] delay 36.667 ms
INFO: at 6870.314 ms fetching 19.820 ms
INFO: at 6907.990 ms batch [67.851] delay 36.667 ms
INFO: at 6907.990 ms fetching 67.851 ms
INFO: at 6945.356 ms batch [66.913] delay 36.667 ms
INFO: at 6945.356 ms fetching 66.913 ms
INFO: at 6983.358 ms batch [88.984] delay 36.667 ms
INFO: at 6983.358 ms fetching 88.984 ms
INFO: at 7020.874 ms batch [17.805] delay 36.667 ms
INFO: at 7020.874 ms fetching 17.805 ms
INFO: at 7058.820 ms batch [85.753] delay 36.667 ms
INFO: at 7058.820 ms fetching 85.753 ms
INFO: at 7096.840 ms batch [44.652] delay 36.667 ms
INFO: at 7096.840 ms fetching 44.652 ms
INFO: at 7134.342 ms batch [63.868] delay 36.667 ms
INFO: at 7134.342 ms fetching 63.868 ms
INFO: at 7172.379 ms batch [18.778] delay 36.667 ms
INFO: at 7172.379 ms fetching 18.778 ms
INFO: at 7210.431 ms batch [65.404] delay 36.667 ms
INFO: at 7210.431 ms fetching 65.404 ms
INFO: at 7247.641 ms batch [67.579] delay 36.667 ms
INFO: at 7247.641 ms fetching 67.579 ms
INFO: at 7285.681 ms batch [68.037] delay 29.333 ms
INFO: at 7285.681 ms fetching 68.037 ms
INFO: at 7315.690 ms batch [89.833] delay 29.333 ms
INFO: at 7315.690 ms fetching 89.833 ms
INFO: at 7345.383 ms batch [42.960] delay 29.333 ms
INFO: at 7345.383 ms fetching 42.960 ms
INFO: at 7375.417 ms batch [19.110] delay 29.333 ms
INFO: at 7375.417 ms fetching 19.110 ms
INFO: at 7405.439 ms batch [21.872] delay 29.333 ms
INFO: at 7405.439 ms fetching 21.872 ms
INFO: at 7436.266 ms batch [19.322] delay 29.333 ms
INFO: at 7436.266 ms fetching 19.322 ms
INFO: at 7466.331 ms batch [89.101] delay 29.333 ms
INFO: at 7466.331 ms fetching 89.101 ms
INFO: at 7496.366 ms batch [68.853] delay 29.333 ms
INFO: at 7496.366 ms fetching 68.853 ms
INFO: at 7526.325 ms batch [42.338] delay 29.333 ms
INFO: at 7526.325 ms fetching 42.338 ms
INFO: at 7556.592 ms batch [19.697] delay 29.333 ms
INFO: at 7556.592 ms fetching 19.697 ms
INFO: at 7586.553 ms batch [21.120] delay 29.333 ms
INFO: at 7586.553 ms fetching 21.120 ms
INFO: at 7616.604 ms batch [89.458] delay 29.333 ms
INFO: at 7616.604 ms fetching 89.458 ms
INFO: at 7646.616 ms batch [43.455] delay 29.333 ms
INFO: at 7646.616 ms fetching 43.455 ms
INFO: at 7676.659 ms batch [20.801] delay 29.333 ms
INFO: at 7676.659 ms fetching 20.801 ms
INFO: at 7706.902 ms batch [89.300] delay 29.333 ms
INFO: at 7706.902 ms fetching 89.300 ms
INFO: at 7736.961 ms batch [90.792] delay 23.158 ms
INFO: at 7736.961 ms fetching 90.792 ms
INFO: at 7760.796 ms batch [93.405] delay 23.158 ms
INFO: at 7760.796 ms fetching 93.405 ms
INFO: at 7784.819 ms batch [38.137] delay 23.158 ms
INFO: at 7784.819 ms fetching 38.137 ms
INFO: at 7808.854 ms batch [86.640] delay 23.158 ms
INFO: at 7808.854 ms fetching 86.640 ms
INFO: at 7833.103 ms batch [91.102] delay 23.158 ms
INFO: at 7833.103 ms fetching 91.102 ms
INFO: at 7856.761 ms batch [16.184] delay 23.158 ms
INFO: at 7856.761 ms fetching 16.184 ms
INFO: at 7880.620 ms batch [42.929] delay 23.158 ms
INFO: at 7880.620 ms fetching 42.929 ms
INFO: at 7904.306 ms batch [26.494] delay 23.158 ms
INFO: at 7904.306 ms fetching 26.494 ms
INFO: at 7928.199 ms batch [92.305] delay 23.158 ms
INFO: at 7928.199 ms fetching 92.305 ms
INFO: at 7952.188 ms batch [18.926] delay 23.158 ms
INFO: at 7952.188 ms fetching 18.926 ms
INFO: at 7975.681 ms batch [20.237] delay 23.158 ms
INFO: at 7975.681 ms fetching 20.237 ms
INFO: at 7999.667 ms batch [64.013] delay 23.158 ms
INFO: at 7999.667 ms fetching 64.013 ms
INFO: at 8023.443 ms batch [18.178] delay 23.158 ms
INFO: at 8023.443 ms fetching 18.178 ms
INFO: at 8047.324 ms batch [88.667] delay 23.158 ms
INFO: at 8047.324 ms fetching 88.667 ms
INFO: at 8071.398 ms batch [17.988] delay 23.158 ms
INFO: at 8071.398 ms fetching 17.988 ms
INFO: at 8095.121 ms batch [88.606] delay 23.158 ms
INFO: at 8095.121 ms fetching 88.606 ms
INFO: at 8120.415 ms batch [21.458] delay 23.158 ms
INFO: at 8120.415 ms fetching 21.458 ms
INFO: at 8144.636 ms batch [18.575] delay 23.158 ms
INFO: at 8144.636 ms fetching 18.575 ms
INFO: at 8168.589 ms batch [43.314] delay 23.158 ms
INFO: at 8168.589 ms fetching 43.314 ms
INFO: at 8192.627 ms batch [41.299] delay 31.429 ms
INFO: at 8192.627 ms fetching 41.299 ms
INFO: at 8224.519 ms batch [62.608] delay 31.429 ms
INFO: at 8224.519 ms fetching 62.608 ms
INFO: at 8256.872 ms batch [67.267] delay 31.429 ms
INFO: at 8256.872 ms fetching 67.267 ms
INFO: at 8288.921 ms batch [69.910] delay 31.429 ms
INFO: at 8288.921 ms fetching 69.910 ms
INFO: at 8321.291 ms batch [43.369] delay 31.429 ms
INFO: at 8321.291 ms fetching 43.369 ms
INFO: at 8353.301 ms batch [91.622] delay 31.429 ms
INFO: at 8353.301 ms fetching 91.622 ms
INFO: at 8385.321 ms batch [71.302] delay 31.429 ms
INFO: at 8385.321 ms fetching 71.302 ms
INFO: at 8417.079 ms batch [43.809] delay 31.429 ms
INFO: at 8417.079 ms fetching 43.809 ms
INFO: at 8449.109 ms batch [86.886] delay 31.429 ms
INFO: at 8449.109 ms fetching 86.886 ms
INFO: at 8481.039 ms batch [20.037] delay 31.429 ms
INFO: at 8481.039 ms fetching 20.037 ms
INFO: at 8513.646 ms batch [89.072] delay 31.429 ms
INFO: at 8513.646 ms fetching 89.072 ms
INFO: at 8545.688 ms batch [42.215] delay 31.429 ms
INFO: at 8545.688 ms fetching 42.215 ms
INFO: at 8577.712 ms batch [93.986] delay 31.429 ms
INFO: at 8577.712 ms fetching 93.986 ms
INFO: at 8609.730 ms batch [65.107] delay 31.429 ms
INFO: at 8609.730 ms fetching 65.107 ms
INFO: at 8641.459 ms batch [22.934] delay 33.846 ms
INFO: at 8641.459 ms fetching 22.934 ms
INFO: at 8676.310 ms batch [91.821] delay 33.846 ms
INFO: at 8676.310 ms fetching 91.821 ms
INFO: at 8711.330 ms batch [41.252] delay 33.846 ms
INFO: at 8711.330 ms fetching 41.252 ms
INFO: at 8746.348 ms batch [43.134] delay 33.846 ms
INFO: at 8746.348 ms fetching 43.134 ms
INFO: at 8780.913 ms batch [20.268] delay 33.846 ms
INFO: at 8780.913 ms fetching 20.268 ms
INFO: at 8815.967 ms batch [38.958] delay 33.846 ms
INFO: at 8815.967 ms fetching 38.958 ms
INFO: at 8850.537 ms batch [92.661] delay 33.846 ms
INFO: at 8850.537 ms fetching 92.661 ms
INFO: at 8884.919 ms batch [65.260] delay 33.846 ms
INFO: at 8884.919 ms fetching 65.260 ms
INFO: at 8919.950 ms batch [65.996] delay 33.846 ms
INFO: at 8919.950 ms fetching 65.996 ms
INFO: at 8954.939 ms batch [87.367] delay 33.846 ms
INFO: at 8954.939 ms fetching 87.367 ms
INFO: at 8989.355 ms batch [21.628] delay 33.846 ms
INFO: at 8989.355 ms fetching 21.628 ms
INFO: at 9024.308 ms batch [90.020] delay 33.846 ms
INFO: at 9024.308 ms fetching 90.020 ms
INFO: at 9059.348 ms batch [63.611] delay 33.846 ms
INFO: at 9059.348 ms fetching 63.611 ms
INFO: at 9094.363 ms batch [65.907] delay 25.882 ms
INFO: at 9094.363 ms fetching 65.907 ms
INFO: at 9121.054 ms batch [66.548] delay 25.882 ms
INFO: at 9121.054 ms fetching 66.548 ms
INFO: at 9148.833 ms batch [67.098] delay 25.882 ms
INFO: at 9148.833 ms fetching 67.098 ms
INFO: at 9176.857 ms batch [16.746] delay 25.882 ms
INFO: at 9176.857 ms fetching 16.746 ms
INFO: at 9204.869 ms batch [66.436] delay 25.882 ms
INFO: at 9204.869 ms fetching 66.436 ms
INFO: at 9232.858 ms batch [18.088] delay 25.882 ms
INFO: at 9232.858 ms fetching 18.088 ms
INFO: at 9259.273 ms batch [63.447] delay 25.882 ms
INFO: at 9259.273 ms fetching 63.447 ms
INFO: at 9287.265 ms batch [42.591] delay 25.882 ms
INFO: at 9287.265 ms fetching 42.591 ms
INFO: at 9315.288 ms batch [20.527] delay 25.882 ms
INFO: at 9315.288 ms fetching 20.527 ms
INFO: at 9341.718 ms batch [45.327] delay 25.882 ms
INFO: at 9341.718 ms fetching 45.327 ms
INFO: at 9369.668 ms batch [43.679] delay 25.882 ms
INFO: at 9369.668 ms fetching 43.679 ms
INFO: at 9397.626 ms batch [15.771] delay 25.882 ms
INFO: at 9397.626 ms fetching 15.771 ms
INFO: at 9425.666 ms batch [89.865] delay 25.882 ms
INFO: at 9425.666 ms fetching 89.865 ms
INFO: at 9452.523 ms batch [67.480] delay 25.882 ms
INFO: at 9452.523 ms fetching 67.480 ms
INFO: at 9480.633 ms batch [93.754] delay 25.882 ms
INFO: at 9480.633 ms fetching 93.754 ms
INFO: at 9507.166 ms batch [65.345] delay 25.882 ms
INFO: at 9507.166 ms fetching 65.345 ms
INFO: at 9535.221 ms batch [67.300] delay 25.882 ms
INFO: at 9535.221 ms fetching 67.300 ms
INFO: at 9563.240 ms batch [68.707] delay 33.846 ms
INFO: at 9563.240 ms fetching 68.707 ms
INFO: at 9598.251 ms batch [18.447] delay 33.846 ms
INFO: at 9598.251 ms fetching 18.447 ms
INFO: at 9633.287 ms batch [90.634] delay 33.846 ms
INFO: at 9633.287 ms fetching 90.634 ms
INFO: at 9668.021 ms batch [86.197] delay 33.846 ms
INFO: at 9668.021 ms fetching 86.197 ms
INFO: at 9703.056 ms batch [88.406] delay 33.846 ms
INFO: at 9703.056 ms fetching 88.406 ms
INFO: at 9737.119 ms batch [64.671] delay 33.846 ms
INFO: at 9737.119 ms fetching 64.671 ms
INFO: at 9772.198 ms batch [25.034] delay 33.846 ms
INFO: at 9772.198 ms fetching 25.034 ms
INFO: at 9807.252 ms batch [66.884] delay 33.846 ms
INFO: at 9807.252 ms fetching 66.884 ms
INFO: at 9842.216 ms batch [49.011] delay 33.846 ms
INFO: at 9842.216 ms fetching 49.011 ms
INFO: at 9877.327 ms batch [46.905] delay 33.846 ms
INFO: at 9877.327 ms fetching 46.905 ms
INFO: at 9912.360 ms batch [40.365] delay 33.846 ms
INFO: at 9912.360 ms fetching 40.365 ms
INFO: at 9947.415 ms batch [67.035] delay 33.846 ms
INFO: at 9947.415 ms fetching 67.035 ms
INFO: at 9981.866 ms batch [90.054] delay 33.846 ms
INFO: at 9981.866 ms fetching 90.054 ms
INFO: at 10016.729 ms batch [43.626] delay 24.444 ms
INFO: at 10016.729 ms fetching 43.626 ms
INFO: at 10041.673 ms batch [19.350] delay 24.444 ms
INFO: at 10041.673 ms fetching 19.350 ms
INFO: at 10066.733 ms batch [21.913] delay 24.444 ms
INFO: at 10066.733 ms fetching 21.913 ms
INFO: at 10091.732 ms batch [20.126] delay 24.444 ms
INFO: at 10091.732 ms fetching 20.126 ms
INFO: at 10116.737 ms batch [46.245] delay 24.444 ms
INFO: at 10116.737 ms fetching 46.245 ms
INFO: at 10141.684 ms batch [18.130] delay 24.444 ms
INFO: at 10141.684 ms fetching 18.130 ms
INFO: at 10166.716 ms batch [22.126] delay 24.444 ms
INFO: at 10166.716 ms fetching 22.126 ms
INFO: at 10191.758 ms batch [17.695] delay 24.444 ms
INFO: at 10191.758 ms fetching 17.695 ms
INFO: at 10216.519 ms batch [64.777] delay 24.444 ms
INFO: at 10216.519 ms fetching 64.777 ms
INFO: at 10241.304 ms batch [92.016] delay 24.444 ms
INFO: at 10241.304 ms fetching 92.016 ms
INFO: at 10266.077 ms batch [19.945] delay 24.444 ms
INFO: at 10266.077 ms fetching 19.945 ms
INFO: at 10291.084 ms batch [45.781] delay 24.444 ms
INFO: at 10291.084 ms fetching 45.781 ms
INFO: at 10316.169 ms batch [22.269] delay 24.444 ms
INFO: at 10316.169 ms fetching 22.269 ms
INFO: at 10341.243 ms batch [91.316] delay 24.444 ms
INFO: at 10341.243 ms fetching 91.316 ms
INFO: at 10366.200 ms batch [65.289] delay 24.444 ms
INFO: at 10366.200 ms fetching 65.289 ms
INFO: at 10391.244 ms batch [89.928] delay 24.444 ms
INFO: at 10391.244 ms fetching 89.928 ms
INFO: at 10416.553 ms batch [67.358] delay 24.444 ms
INFO: at 10416.553 ms fetching 67.358 ms
INFO: at 10441.310 ms batch [24.647] delay 24.444 ms
INFO: at 10441.310 ms fetching 24.647 ms
INFO: at 10466.255 ms batch [19.879] delay 29.333 ms
INFO: at 10466.255 ms fetching 19.879 ms
INFO: at 10496.098 ms batch [44.383] delay 29.333 ms
INFO: at 10496.098 ms fetching 44.383 ms
INFO: at 10526.010 ms batch [42.155] delay 29.333 ms
INFO: at 10526.010 ms fetching 42.155 ms
INFO: at 10555.800 ms batch [24.175] delay 29.333 ms
INFO: at 10555.800 ms fetching 24.175 ms
INFO: at 10585.389 ms batch [46.738] delay 29.333 ms
INFO: at 10585.389 ms fetching 46.738 ms
INFO: at 10615.437 ms batch [84.261] delay 29.333 ms
INFO: at 10615.437 ms fetching 84.261 ms
INFO: at 10645.794 ms batch [68.436] delay 29.333 ms
INFO: at 10645.794 ms fetching 68.436 ms
INFO: at 10675.873 ms batch [41.957] delay 29.333 ms
INFO: at 10675.873 ms fetching 41.957 ms
INFO: at 10706.434 ms batch [90.458] delay 29.333 ms
INFO: at 10706.434 ms fetching 90.458 ms
INFO: at 10736.489 ms batch [44.490] delay 29.333 ms
INFO: at 10736.489 ms fetching 44.490 ms
INFO: at 10766.538 ms batch [39.282] delay 29.333 ms
INFO: at 10766.538 ms fetching 39.282 ms
INFO: at 10797.712 ms batch [88.725] delay 29.333 ms
INFO: at 10797.712 ms fetching 88.725 ms
INFO: at 10827.648 ms batch [19.637] delay 29.333 ms
INFO: at 10827.648 ms fetching 19.637 ms
INFO: at 10857.661 ms batch [19.760] delay 29.333 ms
INFO: at 10857.661 ms fetching 19.760 ms
INFO: at 10887.554 ms batch [86.689] delay 29.333 ms
INFO: at 10887.554 ms fetching 86.689 ms
INFO: at 10917.528 ms batch [66.399] delay 23.158 ms
INFO: at 10917.528 ms fetching 66.399 ms
INFO: at 10941.006 ms batch [85.369] delay 23.158 ms
INFO: at 10941.006 ms fetching 85.369 ms
INFO: at 10964.879 ms batch [45.215] delay 23.158 ms
INFO: at 10964.879 ms fetching 45.215 ms
INFO: at 10988.851 ms batch [91.407] delay 23.158 ms
INFO: at 10988.851 ms fetching 91.407 ms
INFO: at 11012.799 ms batch [21.390] delay 23.158 ms
INFO: at 11012.799 ms fetching 21.390 ms
INFO: at 11036.560 ms batch [66.196] delay 23.158 ms
INFO: at 11036.560 ms fetching 66.196 ms
INFO: at 11060.528 ms batch [43.993] delay 23.158 ms
INFO: at 11060.528 ms fetching 43.993 ms
INFO: at 11084.619 ms batch [66.368] delay 23.158 ms
INFO: at 11084.619 ms fetching 66.368 ms
INFO: at 11108.668 ms batch [88.186] delay 23.158 ms
INFO: at 11108.668 ms fetching 88.186 ms
INFO: at 11132.648 ms batch [47.004] delay 23.158 ms
INFO: at 11132.648 ms fetching 47.004 ms
INFO: at 11156.651 ms batch [40.915] delay 23.158 ms
INFO: at 11156.651 ms fetching 40.915 ms
INFO: at 11180.708 ms batch [66.977] delay 23.158 ms
INFO: at 11180.708 ms fetching 66.977 ms
INFO: at 11204.761 ms batch [39.993] delay 23.158 ms
INFO: at 11204.761 ms fetching 39.993 ms
INFO: at 11228.740 ms batch [66.584] delay 23.158 ms
INFO: at 11228.740 ms fetching 66.584 ms
INFO: at 11252.748 ms batch [18.401] delay 23.158 ms
INFO: at 11252.748 ms fetching 18.401 ms
INFO: at 11276.856 ms batch [88.581] delay 23.158 ms
INFO: at 11276.856 ms fetching 88.581 ms
INFO: at 11301.048 ms batch [45.035] delay 23.158 ms
INFO: at 11301.048 ms fetching 45.035 ms
INFO: at 11325.427 ms batch [46.364] delay 23.158 ms
INFO: at 11325.427 ms fetching 46.364 ms
INFO: at 11349.816 ms batch [44.932] delay 23.158 ms
INFO: at 11349.816 ms fetching 44.932 ms
INFO: at 11373.315 ms batch [20.553] delay 25.882 ms
INFO: at 11373.315 ms fetching 20.553 ms
INFO: at 11401.407 ms batch [45.004] delay 25.882 ms
INFO: at 11401.407 ms fetching 45.004 ms
INFO: at 11429.460 ms batch [43.758] delay 25.882 ms
INFO: at 11429.460 ms fetching 43.758 ms
INFO: at 11457.497 ms batch [45.494] delay 25.882 ms
INFO: at 11457.497 ms fetching 45.494 ms
INFO: at 11485.476 ms batch [41.921] delay 25.882 ms
INFO: at 11485.476 ms fetching 41.921 ms
INFO: at 11512.276 ms batch [86.310] delay 25.882 ms
INFO: at 11512.276 ms fetching 86.310 ms
INFO: at 11540.399 ms batch [22.388] delay 25.882 ms
INFO: at 11540.399 ms fetching 22.388 ms
INFO: at 11566.937 ms batch [87.995] delay 25.882 ms
INFO: at 11566.937 ms fetching 87.995 ms
INFO: at 11594.890 ms batch [90.982] delay 25.882 ms
INFO: at 11594.890 ms fetching 90.982 ms
INFO: at 11622.858 ms batch [69.709] delay 25.882 ms
INFO: at 11622.858 ms fetching 69.709 ms
INFO: at 11650.866 ms batch [18.264] delay 25.882 ms
INFO: at 11650.866 ms fetching 18.264 ms
INFO: at 11678.883 ms batch [17.137] delay 25.882 ms
INFO: at 11678.883 ms fetching 17.137 ms
INFO: at 11705.450 ms batch [45.587] delay 25.882 ms
INFO: at 11705.450 ms fetching 45.587 ms
INFO: at 11733.348 ms batch [21.837] delay 25.882 ms
INFO: at 11733.348 ms fetching 21.837 ms
INFO: at 11761.390 ms batch [43.288] delay 25.882 ms
INFO: at 11761.390 ms fetching 43.288 ms
INFO: at 11789.175 ms batch [23.994] delay 25.882 ms
INFO: at 11789.175 ms fetching 23.994 ms
INFO: at 11817.290 ms batch [91.770] delay 25.882 ms
INFO: at 11817.290 ms fetching 91.770 ms
INFO: at 11845.309 ms batch [89.122] delay 33.846 ms
INFO: at 11845.309 ms fetching 89.122 ms
INFO: at 11879.801 ms batch [41.886] delay 33.846 ms
INFO: at 11879.801 ms fetching 41.886 ms
INFO: at 11914.884 ms batch [23.085] delay 33.846 ms
INFO: at 11914.884 ms fetching 23.085 ms
INFO: at 11949.906 ms batch [68.753] delay 33.846 ms
INFO: at 11949.906 ms fetching 68.753 ms
INFO: at 11984.587 ms batch [25.875] delay 33.846 ms
INFO: at 11984.587 ms fetching 25.875 ms
INFO: at 12019.293 ms batch [86.485] delay 33.846 ms
INFO: at 12019.293 ms fetching 86.485 ms
INFO: at 12054.324 ms batch [94.343] delay 33.846 ms
INFO: at 12054.324 ms fetching 94.343 ms
INFO: at 12089.131 ms batch [67.819] delay 33.846 ms
INFO: at 12089.131 ms fetching 67.819 ms
INFO: at 12123.967 ms batch [41.553] delay 33.846 ms
INFO: at 12123.967 ms fetching 41.553 ms
INFO: at 12158.980 ms batch [40.974] delay 33.846 ms
INFO: at 12158.980 ms fetching 40.974 ms
INFO: at 12193.959 ms batch [20.184] delay 33.846 ms
INFO: at 12193.959 ms fetching 20.184 ms
INFO: at 12228.928 ms batch [44.254] delay 33.846 ms
INFO: at 12228.928 ms fetching 44.254 ms
INFO: at 12263.484 ms batch [90.676] delay 33.846 ms
INFO: at 12263.484 ms fetching 90.676 ms
INFO: at 12298.521 ms batch [85.142] delay 40.000 ms
INFO: at 12298.521 ms fetching 85.142 ms
INFO: at 12339.736 ms batch [68.390] delay 40.000 ms
INFO: at 12339.736 ms fetching 68.390 ms
INFO: at 12380.631 ms batch [43.894] delay 40.000 ms
INFO: at 12380.631 ms fetching 43.894 ms
INFO: at 12421.615 ms batch [66.643] delay 40.000 ms
INFO: at 12421.615 ms fetching 66.643 ms
INFO: at 12462.060 ms batch [44.622] delay 40.000 ms
INFO: at 12462.060 ms fetching 44.622 ms
INFO: at 12502.900 ms batch [17.500] delay 40.000 ms
INFO: at 12502.900 ms fetching 17.500 ms
INFO: at 12544.701 ms batch [90.943] delay 40.000 ms
INFO: at 12544.701 ms fetching 90.943 ms
INFO: at 12585.742 ms batch [64.109] delay 40.000 ms
INFO: at 12585.742 ms fetching 64.109 ms
INFO: at 12626.112 ms batch [67.887] delay 40.000 ms
INFO: at 12626.112 ms fetching 67.887 ms
INFO: at 12667.101 ms batch [23.748] delay 40.000 ms
INFO: at 12667.101 ms fetching 23.748 ms
INFO: at 12708.773 ms batch [69.453] delay 40.000 ms
INFO: at 12708.773 ms fetching 69.453 ms
INFO: at 12749.667 ms batch [63.257] delay 33.846 ms
INFO: at 12749.667 ms fetching 63.257 ms
INFO: at 12784.454 ms batch [89.488] delay 33.846 ms
INFO: at 12784.454 ms fetching 89.488 ms
INFO: at 12819.381 ms batch [46.568] delay 33.846 ms
INFO: at 12819.381 ms fetching 46.568 ms
INFO: at 12854.346 ms batch [23.393] delay 33.846 ms
INFO: at 12854.346 ms fetching 23.393 ms
INFO: at 12888.703 ms batch [64.974] delay 33.846 ms
INFO: at 12888.703 ms fetching 64.974 ms
INFO: at 12923.633 ms batch [19.606] delay 33.846 ms
INFO: at 12923.633 ms fetching 19.606 ms
INFO: at 12958.610 ms batch [19.286] delay 33.846 ms
INFO: at 12958.610 ms fetching 19.286 ms
INFO: at 12993.181 ms batch [43.103] delay 33.846 ms
INFO: at 12993.181 ms fetching 43.103 ms
INFO: at 13028.246 ms batch [48.580] delay 33.846 ms
INFO: at 13028.246 ms fetching 48.580 ms
INFO: at 13063.022 ms batch [19.150] delay 33.846 ms
INFO: at 13063.022 ms fetching 19.150 ms
INFO: at 13098.051 ms batch [65.077] delay 33.846 ms
INFO: at 13098.051 ms fetching 65.077 ms
INFO: at 13133.138 ms batch [67.330] delay 33.846 ms
INFO: at 13133.138 ms fetching 67.330 ms
INFO: at 13168.101 ms batch [18.487] delay 33.846 ms
INFO: at 13168.101 ms fetching 18.487 ms
INFO: at 13203.130 ms batch [21.201] delay 25.882 ms
INFO: at 13203.130 ms fetching 21.201 ms
INFO: at 13229.599 ms batch [46.006] delay 25.882 ms
INFO: at 13229.599 ms fetching 46.006 ms
INFO: at 13257.615 ms batch [43.568] delay 25.882 ms
INFO: at 13257.615 ms fetching 43.568 ms
INFO: at 13285.496 ms batch [89.954] delay 25.882 ms
INFO: at 13285.496 ms fetching 89.954 ms
INFO: at 13312.525 ms batch [18.966] delay 25.882 ms
INFO: at 13312.525 ms fetching 18.966 ms
INFO: at 13340.221 ms batch [21.356] delay 25.882 ms
INFO: at 13340.221 ms fetching 21.356 ms
INFO: at 13366.776 ms batch [43.840] delay 25.882 ms
INFO: at 13366.776 ms fetching 43.840 ms
INFO: at 13394.770 ms batch [19.475] delay 25.882 ms
INFO: at 13394.770 ms fetching 19.475 ms
INFO: at 13422.692 ms batch [20.096] delay 25.882 ms
INFO: at 13422.692 ms fetching 20.096 ms
INFO: at 13450.616 ms batch [22.159] delay 25.882 ms
INFO: at 13450.616 ms fetching 22.159 ms
INFO: at 13478.687 ms batch [19.570] delay 25.882 ms
INFO: at 13478.687 ms fetching 19.570 ms
INFO: at 13505.369 ms batch [87.511] delay 25.882 ms
INFO: at 13505.369 ms fetching 87.511 ms
INFO: at 13532.918 ms batch [25.513] delay 25.882 ms
INFO: at 13532.918 ms fetching 25.513 ms
INFO: at 13559.471 ms batch [84.708] delay 25.882 ms
INFO: at 13559.471 ms fetching 84.708 ms
INFO: at 13587.478 ms batch [69.545] delay 25.882 ms
INFO: at 13587.478 ms fetching 69.545 ms
INFO: at 13615.433 ms batch [17.230] delay 25.882 ms
INFO: at 13615.433 ms fetching 17.230 ms
INFO: at 13641.611 ms batch [61.450] delay 25.882 ms
INFO: at 13641.611 ms fetching 61.450 ms
INFO: at 13669.653 ms batch [64.525] delay 27.500 ms
INFO: at 13669.653 ms fetching 64.525 ms
INFO: at 13697.691 ms batch [43.598] delay 27.500 ms
INFO: at 13697.691 ms fetching 43.598 ms
INFO: at 13725.648 ms batch [41.851] delay 27.500 ms
INFO: at 13725.648 ms fetching 41.851 ms
INFO: at 13753.924 ms batch [47.122] delay 27.500 ms
INFO: at 13753.924 ms fetching 47.122 ms
INFO: at 13782.642 ms batch [89.009] delay 27.500 ms
INFO: at 13782.642 ms fetching 89.009 ms
INFO: at 13810.532 ms batch [44.158] delay 27.500 ms
INFO: at 13810.532 ms fetching 44.158 ms
INFO: at 13838.463 ms batch [66.763] delay 27.500 ms
INFO: at 13838.463 ms fetching 66.763 ms
INFO: at 13868.209 ms batch [90.562] delay 27.500 ms
INFO: at 13868.209 ms fetching 90.562 ms
INFO: at 13896.242 ms batch [86.791] delay 27.500 ms
INFO: at 13896.242 ms fetching 86.791 ms
INFO: at 13924.299 ms batch [21.974] delay 27.500 ms
INFO: at 13924.299 ms fetching 21.974 ms
INFO: at 13952.339 ms batch [14.612] delay 27.500 ms
INFO: at 13952.339 ms fetching 14.612 ms
INFO: at 13980.371 ms batch [24.515] delay 27.500 ms
INFO: at 13980.371 ms fetching 24.515 ms
INFO: at 14008.049 ms batch [66.080] delay 27.500 ms
INFO: at 14008.049 ms fetching 66.080 ms
INFO: at 14036.024 ms batch [39.622] delay 27.500 ms
INFO: at 14036.024 ms fetching 39.622 ms
INFO: at 14064.075 ms batch [85.565] delay 27.500 ms
INFO: at 14064.075 ms fetching 85.565 ms
INFO: at 14092.166 ms batch [64.911] delay 27.500 ms
INFO: at 14092.166 ms fetching 64.911 ms
INFO: at 14120.120 ms batch [86.427] delay 33.846 ms
INFO: at 14120.120 ms fetching 86.427 ms
INFO: at 14155.870 ms batch [66.813] delay 33.846 ms
INFO: at 14155.870 ms fetching 66.813 ms
INFO: at 14190.862 ms batch [87.922] delay 33.846 ms
INFO: at 14190.862 ms fetching 87.922 ms
INFO: at 14225.757 ms batch [22.515] delay 33.846 ms
INFO: at 14225.757 ms fetching 22.515 ms
INFO: at 14259.927 ms batch [17.378] delay 33.846 ms
INFO: at 14259.927 ms fetching 17.378 ms
INFO: at 14295.008 ms batch [39.518] delay 33.846 ms
INFO: at 14295.008 ms fetching 39.518 ms
INFO: at 14329.990 ms batch [40.158] delay 33.846 ms
INFO: at 14329.990 ms fetching 40.158 ms
INFO: at 14365.028 ms batch [66.341] delay 33.846 ms
INFO: at 14365.028 ms fetching 66.341 ms
INFO: at 14400.011 ms batch [92.754] delay 33.846 ms
INFO: at 14400.011 ms fetching 92.754 ms
INFO: at 14434.602 ms batch [89.042] delay 33.846 ms
INFO: at 14434.602 ms fetching 89.042 ms
INFO: at 14468.614 ms batch [88.311] delay 33.846 ms
INFO: at 14468.614 ms fetching 88.311 ms
INFO: at 14502.829 ms batch [18.855] delay 33.846 ms
INFO: at 14502.829 ms fetching 18.855 ms
INFO: at 14537.207 ms batch [19.221] delay 33.846 ms
INFO: at 14537.207 ms fetching 19.221 ms
INFO: at 14571.970 ms batch [45.532] delay 40.000 ms
INFO: at 14571.970 ms fetching 45.532 ms
INFO: at 14612.686 ms batch [22.012] delay 40.000 ms
INFO: at 14612.686 ms fetching 22.012 ms
INFO: at 14653.753 ms batch [66.110] delay 40.000 ms
INFO: at 14653.753 ms fetching 66.110 ms
INFO: at 14694.382 ms batch [20.212] delay 40.000 ms
INFO: at 14694.382 ms fetching 20.212 ms
INFO: at 14735.329 ms batch [87.287] delay 40.000 ms
INFO: at 14735.329 ms fetching 87.287 ms
INFO: at 14777.254 ms batch [23.137] delay 40.000 ms
INFO: at 14777.254 ms fetching 23.137 ms
INFO: at 14818.261 ms batch [65.375] delay 40.000 ms
INFO: at 14818.261 ms fetching 65.375 ms
INFO: at 14859.152 ms batch [20.498] delay 40.000 ms
INFO: at 14859.152 ms fetching 20.498 ms
INFO: at 14900.178 ms batch [65.205] delay 40.000 ms
INFO: at 14900.178 ms fetching 65.205 ms
INFO: at 14941.068 ms batch [45.109] delay 40.000 ms
INFO: at 14941.068 ms fetching 45.109 ms
INFO: at 14982.341 ms batch [44.591] delay 40.000 ms
INFO: at 14982.341 ms fetching 44.591 ms
INFO: at 15023.382 ms batch [21.660] delay 22.000 ms
INFO: at 15023.382 ms fetching 21.660 ms
INFO: at 15045.665 ms batch [92.552] delay 22.000 ms
INFO: at 15045.665 ms fetching 92.552 ms
INFO: at 15068.364 ms batch [23.263] delay 22.000 ms
INFO: at 15068.364 ms fetching 23.263 ms
INFO: at 15090.777 ms batch [87.885] delay 22.000 ms
INFO: at 15090.777 ms fetching 87.885 ms
INFO: at 15113.570 ms batch [44.718] delay 22.000 ms
INFO: at 15113.570 ms fetching 44.718 ms
INFO: at 15136.491 ms batch [88.525] delay 22.000 ms
INFO: at 15136.491 ms fetching 88.525 ms
INFO: at 15159.453 ms batch [21.534] delay 22.000 ms
INFO: at 15159.453 ms fetching 21.534 ms
INFO: at 15182.482 ms batch [91.140] delay 22.000 ms
INFO: at 15182.482 ms fetching 91.140 ms
INFO: at 15205.442 ms batch [86.747] delay 22.000 ms
INFO: at 15205.442 ms fetching 86.747 ms
INFO: at 15228.241 ms batch [88.028] delay 22.000 ms
INFO: at 15228.241 ms fetching 88.028 ms
INFO: at 15251.181 ms batch [40.715] delay 22.000 ms
INFO: at 15251.181 ms fetching 40.715 ms
INFO: at 15274.031 ms batch [41.698] delay 22.000 ms
INFO: at 15274.031 ms fetching 41.698 ms
INFO: at 15296.883 ms batch [60.728] delay 22.000 ms
INFO: at 15296.883 ms fetching 60.728 ms
INFO: at 15319.892 ms batch [38.765] delay 22.000 ms
INFO: at 15319.892 ms fetching 38.765 ms
INFO: at 15342.873 ms batch [40.226] delay 22.000 ms
INFO: at 15342.873 ms fetching 40.226 ms
INFO: at 15365.874 ms batch [19.537] delay 22.000 ms
INFO: at 15365.874 ms fetching 19.537 ms
INFO: at 15388.093 ms batch [90.716] delay 22.000 ms
INFO: at 15388.093 ms fetching 90.716 ms
INFO: at 15411.083 ms batch [88.553] delay 22.000 ms
INFO: at 15411.083 ms fetching 88.553 ms
INFO: at 15433.520 ms batch [69.150] delay 22.000 ms
INFO: at 15433.520 ms fetching 69.150 ms
INFO: at 15456.778 ms batch [17.926] delay 22.000 ms
INFO: at 15456.778 ms fetching 17.926 ms
INFO: at 15480.033 ms batch [89.803] delay 22.000 ms
INFO: at 15480.033 ms fetching 89.803 ms
INFO: at 15502.434 ms batch [68.634] delay 22.000 ms
INFO: at 15502.434 ms fetching 68.634 ms
INFO: at 15525.483 ms batch [64.707] delay 22.000 ms
INFO: at 15525.483 ms fetching 64.707 ms
INFO: at 15548.710 ms batch [69.084] delay 22.000 ms
INFO: at 15548.710 ms fetching 69.084 ms
INFO: at 15571.069 ms batch [66.259] delay 22.000 ms
INFO: at 15571.069 ms fetching 66.259 ms
INFO: at 15594.145 ms batch [84.480] delay 22.000 ms
INFO: at 15594.145 ms fetching 84.480 ms
INFO: at 15617.359 ms batch [46.178] delay 22.000 ms
INFO: at 15617.359 ms fetching 46.178 ms
INFO: at 15640.360 ms batch [19.977] delay 22.000 ms
INFO: at 15640.360 ms fetching 19.977 ms
INFO: at 15662.867 ms batch [68.244] delay 22.000 ms
INFO: at 15662.867 ms fetching 68.244 ms
INFO: at 15685.683 ms batch [64.599] delay 22.000 ms
INFO: at 15685.683 ms fetching 64.599 ms
INFO: at 15708.386 ms batch [68.908] delay 22.000 ms
INFO: at 15708.386 ms fetching 68.908 ms
INFO: at 15731.266 ms batch [65.606] delay 22.000 ms
INFO: at 15731.266 ms fetching 65.606 ms
INFO: at 15754.303 ms batch [21.177] delay 22.000 ms
INFO: at 15754.303 ms fetching 21.177 ms
INFO: at 15777.326 ms batch [45.371] delay 22.000 ms
INFO: at 15777.326 ms fetching 45.371 ms
INFO: at 15800.609 ms batch [21.299] delay 22.000 ms
INFO: at 15800.609 ms fetching 21.299 ms
INFO: at 15823.014 ms batch [10.000] delay 22.000 ms
INFO: at 15823.014 ms fetching 10.000 ms
INFO: at 15845.701 ms batch [43.342] delay 22.000 ms
INFO: at 15845.701 ms fetching 43.342 ms
INFO: at 15868.422 ms batch [66.847] delay 22.000 ms
INFO: at 15868.422 ms fetching 66.847 ms
INFO: at 15891.295 ms batch [47.360] delay 22.000 ms
INFO: at 15891.295 ms fetching 47.360 ms
INFO: at 15914.470 ms batch [43.648] delay 22.000 ms
INFO: at 15914.470 ms fetching 43.648 ms
INFO: at 15937.364 ms batch [17.748] delay 18.333 ms
INFO: at 15937.364 ms fetching 17.748 ms
INFO: at 15957.313 ms batch [43.196] delay 18.333 ms
INFO: at 15957.313 ms fetching 43.196 ms
INFO: at 15977.242 ms batch [64.484] delay 18.333 ms
INFO: at 15977.242 ms fetching 64.484 ms
INFO: at 15997.103 ms batch [42.704] delay 18.333 ms
INFO: at 15997.103 ms fetching 42.704 ms
INFO: at 16016.962 ms batch [19.411] delay 18.333 ms
INFO: at 16016.962 ms fetching 19.411 ms
INFO: at 16037.091 ms batch [90.324] delay 18.333 ms
INFO: at 16037.091 ms fetching 90.324 ms
INFO: at 16057.002 ms batch [42.680] delay 18.333 ms
INFO: at 16057.002 ms fetching 42.680 ms
INFO: at 16076.714 ms batch [20.919] delay 18.333 ms
INFO: at 16076.714 ms fetching 20.919 ms
INFO: at 16096.687 ms batch [20.709] delay 18.333 ms
INFO: at 16096.687 ms fetching 20.709 ms
INFO: at 16116.761 ms batch [20.621] delay 18.333 ms
INFO: at 16116.761 ms fetching 20.621 ms
INFO: at 16136.635 ms batch [89.689] delay 18.333 ms
INFO: at 16136.635 ms fetching 89.689 ms
INFO: at 16155.805 ms batch [65.663] delay 18.333 ms
INFO: at 16155.805 ms fetching 65.663 ms
INFO: at 16175.596 ms batch [64.244] delay 18.333 ms
INFO: at 16175.596 ms fetching 64.244 ms
INFO: at 16195.377 ms batch [89.985] delay 18.333 ms
INFO: at 16195.377 ms fetching 89.985 ms
INFO: at 16215.350 ms batch [21.063] delay 18.333 ms
INFO: at 16215.350 ms fetching 21.063 ms
INFO: at 16234.366 ms batch [41.428] delay 18.333 ms
INFO: at 16234.366 ms fetching 41.428 ms
INFO: at 16253.885 ms batch [67.204] delay 18.333 ms
INFO: at 16253.885 ms fetching 67.204 ms
INFO: at 16273.473 ms batch [68.001] delay 18.333 ms
INFO: at 16273.473 ms fetching 68.001 ms
INFO: at 16293.133 ms batch [87.794] delay 18.333 ms
INFO: at 16293.133 ms fetching 87.794 ms
INFO: at 16312.997 ms batch [67.521] delay 18.333 ms
INFO: at 16312.997 ms fetching 67.521 ms
INFO: at 16332.917 ms batch [40.294] delay 18.333 ms
INFO: at 16332.917 ms fetching 40.294 ms
INFO: at 16352.987 ms batch [65.016] delay 18.333 ms
INFO: at 16352.987 ms fetching 65.016 ms
INFO: at 16373.243 ms batch [90.750] delay 18.333 ms
INFO: at 16373.243 ms fetching 90.750 ms
INFO: at 16393.455 ms batch [17.870] delay 18.333 ms
INFO: at 16393.455 ms fetching 17.870 ms
INFO: at 16413.375 ms batch [82.229] delay 25.882 ms
INFO: at 16413.375 ms fetching 82.229 ms
INFO: at 16441.380 ms batch [43.428] delay 25.882 ms
INFO: at 16441.380 ms fetching 43.428 ms
INFO: at 16469.465 ms batch [63.322] delay 25.882 ms
INFO: at 16469.465 ms fetching 63.322 ms
INFO: at 16497.446 ms batch [88.757] delay 25.882 ms
INFO: at 16497.446 ms fetching 88.757 ms
INFO: at 16525.545 ms batch [19.441] delay 25.882 ms
INFO: at 16525.545 ms fetching 19.441 ms
INFO: at 16552.170 ms batch [18.655] delay 25.882 ms
INFO: at 16552.170 ms fetching 18.655 ms
INFO: at 16580.177 ms batch [18.315] delay 25.882 ms
INFO: at 16580.177 ms fetching 18.315 ms
INFO: at 16608.260 ms batch [23.207] delay 25.882 ms
INFO: at 16608.260 ms fetching 23.207 ms
INFO: at 16636.335 ms batch [18.736] delay 25.882 ms
INFO: at 16636.335 ms fetching 18.736 ms
INFO: at 16664.415 ms batch [19.908] delay 25.882 ms
INFO: at 16664.415 ms fetching 19.908 ms
INFO: at 16690.891 ms batch [87.056] delay 25.882 ms
INFO: at 16690.891 ms fetching 87.056 ms
INFO: at 16717.301 ms batch [85.990] delay 25.882 ms
INFO: at 16717.301 ms fetching 85.990 ms
INFO: at 16745.313 ms batch [87.167] delay 25.882 ms
INFO: at 16745.313 ms fetching 87.167 ms
INFO: at 16773.179 ms batch [69.027] delay 25.882 ms
INFO: at 16773.179 ms fetching 69.027 ms
INFO: at 16801.190 ms batch [89.519] delay 25.882 ms
INFO: at 16801.190 ms fetching 89.519 ms
INFO: at 16828.103 ms batch [39.398] delay 25.882 ms
INFO: at 16828.103 ms fetching 39.398 ms
INFO: at 16855.982 ms batch [70.272] delay 25.882 ms
INFO: at 16855.982 ms fetching 70.272 ms
INFO: at 16883.971 ms batch [21.088] delay 23.158 ms
INFO: at 16883.971 ms fetching 21.088 ms
INFO: at 16907.977 ms batch [88.695] delay 23.158 ms
INFO: at 16907.977 ms fetching 88.695 ms
INFO: at 16932.054 ms batch [88.497] delay 23.158 ms
INFO: at 16932.054 ms fetching 88.497 ms
INFO: at 16955.658 ms batch [89.655] delay 23.158 ms
INFO: at 16955.658 ms fetching 89.655 ms
INFO: at 16979.600 ms batch [42.058] delay 23.158 ms
INFO: at 16979.600 ms fetching 42.058 ms
INFO: at 17003.635 ms batch [64.740] delay 23.158 ms
INFO: at 17003.635 ms fetching 64.740 ms
INFO: at 17027.576 ms batch [41.992] delay 23.158 ms
INFO: at 17027.576 ms fetching 41.992 ms
INFO: at 17051.626 ms batch [42.184] delay 23.158 ms
INFO: at 17051.626 ms fetching 42.184 ms
INFO: at 17075.504 ms batch [19.046] delay 23.158 ms
INFO: at 17075.504 ms fetching 19.046 ms
INFO: at 17099.119 ms batch [88.467] delay 23.158 ms
INFO: at 17099.119 ms fetching 88.467 ms
INFO: at 17122.972 ms batch [66.023] delay 23.158 ms
INFO: at 17122.972 ms fetching 66.023 ms
INFO: at 17147.021 ms batch [66.286] delay 23.158 ms
INFO: at 17147.021 ms fetching 66.286 ms
INFO: at 17171.015 ms batch [67.550] delay 23.158 ms
INFO: at 17171.015 ms fetching 67.550 ms
INFO: at 17195.007 ms batch [22.044] delay 23.158 ms
INFO: at 17195.007 ms fetching 22.044 ms
INFO: at 17218.666 ms batch [45.878] delay 23.158 ms
INFO: at 17218.666 ms fetching 45.878 ms
INFO: at 17242.705 ms batch [66.523] delay 23.158 ms
INFO: at 17242.705 ms fetching 66.523 ms
INFO: at 17266.721 ms batch [21.941] delay 23.158 ms
INFO: at 17266.721 ms fetching 21.941 ms
INFO: at 17290.772 ms batch [20.950] delay 23.158 ms
INFO: at 17290.772 ms fetching 20.950 ms
INFO: at 17314.233 ms batch [21.496] delay 23.158 ms
INFO: at 17314.233 ms fetching 21.496 ms
INFO: at 17338.148 ms batch [40.656] delay 24.444 ms
INFO: at 17338.148 ms fetching 40.656 ms
INFO: at 17363.177 ms batch [70.133] delay 24.444 ms
INFO: at 17363.177 ms fetching 70.133 ms
INFO: at 17388.125 ms batch [90.595] delay 24.444 ms
INFO: at 17388.125 ms fetching 90.595 ms
INFO: at 17413.036 ms batch [66.226] delay 24.444 ms
INFO: at 17413.036 ms fetching 66.226 ms
INFO: at 17439.179 ms batch [67.238] delay 24.444 ms
INFO: at 17439.179 ms fetching 67.238 ms
INFO: at 17464.220 ms batch [45.951] delay 24.444 ms
INFO: at 17464.220 ms fetching 45.951 ms
INFO: at 17489.286 ms batch [65.966] delay 24.444 ms
INFO: at 17489.286 ms fetching 65.966 ms
INFO: at 17514.297 ms batch [64.198] delay 24.444 ms
INFO: at 17514.297 ms fetching 64.198 ms
INFO: at 17539.353 ms batch [85.662] delay 24.444 ms
INFO: at 17539.353 ms fetching 85.662 ms
INFO: at 17564.412 ms batch [66.465] delay 24.444 ms
INFO: at 17564.412 ms fetching 66.465 ms
INFO: at 17589.341 ms batch [91.669] delay 24.444 ms
INFO: at 17589.341 ms fetching 91.669 ms
INFO: at 17614.502 ms batch [18.703] delay 24.444 ms
INFO: at 17614.502 ms fetching 18.703 ms
INFO: at 17639.396 ms batch [90.365] delay 24.444 ms
INFO: at 17639.396 ms fetching 90.365 ms
INFO: at 17664.415 ms batch [42.759] delay 24.444 ms
INFO: at 17664.415 ms fetching 42.759 ms
INFO: at 17689.459 ms batch [19.253] delay 24.444 ms
INFO: at 17689.459 ms fetching 19.253 ms
INFO: at 17714.450 ms batch [39.801] delay 24.444 ms
INFO: at 17714.450 ms fetching 39.801 ms
INFO: at 17739.340 ms batch [83.381] delay 24.444 ms
INFO: at 17739.340 ms fetching 83.381 ms
INFO: at 17764.185 ms batch [91.453] delay 24.444 ms
INFO: at 17764.185 ms fetching 91.453 ms
INFO: at 17789.216 ms batch [92.965] delay 33.846 ms
INFO: at 17789.216 ms fetching 92.965 ms
INFO: at 17824.009 ms batch [42.790] delay 33.846 ms
INFO: at 17824.009 ms fetching 42.790 ms
INFO: at 17858.148 ms batch [83.923] delay 33.846 ms
INFO: at 17858.148 ms fetching 83.923 ms
INFO: at 17893.192 ms batch [90.291] delay 33.846 ms
INFO: at 17893.192 ms fetching 90.291 ms
INFO: at 17928.041 ms batch [63.769] delay 33.846 ms
INFO: at 17928.041 ms fetching 63.769 ms
INFO: at 17963.046 ms batch [91.364] delay 33.846 ms
INFO: at 17963.046 ms fetching 91.364 ms
INFO: at 17997.065 ms batch [69.809] delay 33.846 ms
INFO: at 17997.065 ms fetching 69.809 ms
INFO: at 18032.130 ms batch [67.680] delay 33.846 ms
INFO: at 18032.130 ms fetching 67.680 ms
INFO: at 18067.130 ms batch [69.224] delay 33.846 ms
INFO: at 18067.130 ms fetching 69.224 ms
INFO: at 18102.064 ms batch [42.850] delay 33.846 ms
INFO: at 18102.064 ms fetching 42.850 ms
INFO: at 18136.667 ms batch [19.849] delay 33.846 ms
INFO: at 18136.667 ms fetching 19.849 ms
INFO: at 18171.421 ms batch [42.625] delay 33.846 ms
INFO: at 18171.421 ms fetching 42.625 ms
INFO: at 18205.999 ms batch [20.471] delay 33.846 ms
INFO: at 18205.999 ms fetching 20.471 ms
INFO: at 18241.044 ms batch [87.730] delay 19.130 ms
INFO: at 18241.044 ms fetching 87.730 ms
INFO: at 18261.095 ms batch [90.904] delay 19.130 ms
INFO: at 18261.095 ms fetching 90.904 ms
INFO: at 18280.877 ms batch [60.038] delay 19.130 ms
INFO: at 18280.877 ms fetching 60.038 ms
INFO: at 18300.819 ms batch [91.892] delay 19.130 ms
INFO: at 18300.819 ms fetching 91.892 ms
INFO: at 18320.762 ms batch [43.020] delay 19.130 ms
INFO: at 18320.762 ms fetching 43.020 ms
INFO: at 18340.639 ms batch [45.636] delay 19.130 ms
INFO: at 18340.639 ms fetching 45.636 ms
INFO: at 18360.437 ms batch [43.482] delay 19.130 ms
INFO: at 18360.437 ms fetching 43.482 ms
INFO: at 18379.871 ms batch [90.492] delay 19.130 ms
INFO: at 18379.871 ms fetching 90.492 ms
INFO: at 18399.791 ms batch [92.843] delay 19.130 ms
INFO: at 18399.791 ms fetching 92.843 ms
INFO: at 18419.860 ms batch [87.614] delay 19.130 ms
INFO: at 18419.860 ms fetching 87.614 ms
INFO: at 18439.873 ms batch [22.685] delay 19.130 ms
INFO: at 18439.873 ms fetching 22.685 ms
INFO: at 18459.823 ms batch [42.273] delay 19.130 ms
INFO: at 18459.823 ms fetching 42.273 ms
INFO: at 18479.906 ms batch [92.223] delay 19.130 ms
INFO: at 18479.906 ms fetching 92.223 ms
INFO: at 18499.916 ms batch [48.003] delay 19.130 ms
INFO: at 18499.916 ms fetching 48.003 ms
INFO: at 18520.118 ms batch [87.125] delay 19.130 ms
INFO: at 18520.118 ms fetching 87.125 ms
INFO: at 18539.585 ms batch [67.387] delay 19.130 ms
INFO: at 18539.585 ms fetching 67.387 ms
INFO: at 18559.628 ms batch [41.168] delay 19.130 ms
INFO: at 18559.628 ms fetching 41.168 ms
INFO: at 18579.638 ms batch [40.773] delay 19.130 ms
INFO: at 18579.638 ms fetching 40.773 ms
INFO: at 18599.658 ms batch [40.867] delay 19.130 ms
INFO: at 18599.658 ms fetching 40.867 ms
INFO: at 18619.743 ms batch [90.528] delay 19.130 ms
INFO: at 18619.743 ms fetching 90.528 ms
INFO: at 18640.122 ms batch [65.780] delay 19.130 ms
INFO: at 18640.122 ms fetching 65.780 ms
INFO: at 18660.471 ms batch [67.611] delay 19.130 ms
INFO: at 18660.471 ms fetching 67.611 ms
INFO: at 18680.758 ms batch [86.261] delay 19.130 ms
INFO: at 18680.758 ms fetching 86.261 ms
INFO: at 18700.053 ms batch [68.965] delay 31.429 ms
INFO: at 18700.053 ms fetching 68.965 ms
INFO: at 18732.518 ms batch [20.351] delay 31.429 ms
INFO: at 18732.518 ms fetching 20.351 ms
INFO: at 18764.941 ms batch [42.992] delay 31.429 ms
INFO: at 18764.941 ms fetching 42.992 ms
INFO: at 18797.346 ms batch [66.614] delay 31.429 ms
INFO: at 18797.346 ms fetching 66.614 ms
INFO: at 18829.897 ms batch [91.058] delay 31.429 ms
INFO: at 18829.897 ms fetching 91.058 ms
INFO: at 18861.943 ms batch [21.805] delay 31.429 ms
INFO: at 18861.943 ms fetching 21.805 ms
INFO: at 18893.730 ms batch [63.710] delay 31.429 ms
INFO: at 18893.730 ms fetching 63.710 ms
INFO: at 18925.645 ms batch [22.431] delay 31.429 ms
INFO: at 18925.645 ms fetching 22.431 ms
INFO: at 18957.660 ms batch [61.672] delay 31.429 ms
INFO: at 18957.660 ms fetching 61.672 ms
INFO: at 18989.607 ms batch [43.931] delay 31.429 ms
INFO: at 18989.607 ms fetching 43.931 ms
INFO: at 19022.221 ms batch [41.737] delay 31.429 ms
INFO: at 19022.221 ms fetching 41.737 ms
INFO: at 19054.232 ms batch [88.821] delay 31.429 ms
INFO: at 19054.232 ms fetching 88.821 ms
INFO: at 19086.878 ms batch [88.282] delay 31.429 ms
INFO: at 19086.878 ms fetching 88.282 ms
INFO: at 19118.964 ms batch [89.359] delay 31.429 ms
INFO: at 19118.964 ms fetching 89.359 ms
INFO: at 19150.935 ms batch [40.426] delay 23.158 ms
INFO: at 19150.935 ms fetching 40.426 ms
INFO: at 19174.790 ms batch [42.562] delay 23.158 ms
INFO: at 19174.790 ms fetching 42.562 ms
INFO: at 19198.703 ms batch [23.455] delay 23.158 ms
INFO: at 19198.703 ms fetching 23.455 ms
INFO: at 19222.441 ms batch [18.222] delay 23.158 ms
INFO: at 19222.441 ms fetching 18.222 ms
INFO: at 19246.489 ms batch [90.156] delay 23.158 ms
INFO: at 19246.489 ms fetching 90.156 ms
INFO: at 19270.552 ms batch [45.068] delay 23.158 ms
INFO: at 19270.552 ms fetching 45.068 ms
INFO: at 19294.598 ms batch [67.147] delay 23.158 ms
INFO: at 19294.598 ms fetching 67.147 ms
INFO: at 19318.651 ms batch [23.896] delay 23.158 ms
INFO: at 19318.651 ms fetching 23.896 ms
INFO: at 19342.048 ms batch [89.329] delay 23.158 ms
INFO: at 19342.048 ms fetching 89.329 ms
INFO: at 19366.127 ms batch [17.562] delay 23.158 ms
INFO: at 19366.127 ms fetching 17.562 ms
INFO: at 19390.112 ms batch [92.392] delay 23.158 ms
INFO: at 19390.112 ms fetching 92.392 ms
INFO: at 19413.913 ms batch [65.808] delay 23.158 ms
INFO: at 19413.913 ms fetching 65.808 ms
INFO: at 19437.973 ms batch [85.267] delay 23.158 ms
INFO: at 19437.973 ms fetching 85.267 ms
INFO: at 19462.046 ms batch [22.234] delay 23.158 ms
INFO: at 19462.046 ms fetching 22.234 ms
INFO: at 19486.035 ms batch [43.866] delay 23.158 ms
INFO: at 19486.035 ms fetching 43.866 ms
INFO: at 19509.481 ms batch [87.823] delay 23.158 ms
INFO: at 19509.481 ms fetching 87.823 ms
INFO: at 19533.434 ms batch [66.705] delay 23.158 ms
INFO: at 19533.434 ms fetching 66.705 ms
INFO: at 19557.500 ms batch [44.560] delay 23.158 ms
INFO: at 19557.500 ms fetching 44.560 ms
INFO: at 19581.561 ms batch [65.873] delay 23.158 ms
INFO: at 19581.561 ms fetching 65.873 ms
INFO: at 19605.627 ms batch [43.400] delay 18.333 ms
INFO: at 19605.627 ms fetching 43.400 ms
INFO: at 19625.917 ms batch [87.208] delay 18.333 ms
INFO: at 19625.917 ms fetching 87.208 ms
INFO: at 19646.312 ms batch [66.142] delay 18.333 ms
INFO: at 19646.312 ms fetching 66.142 ms
INFO: at 19665.139 ms batch [66.312] delay 18.333 ms
INFO: at 19665.139 ms fetching 66.312 ms
INFO: at 19685.005 ms batch [22.789] delay 18.333 ms
INFO: at 19685.005 ms fetching 22.789 ms
INFO: at 19704.999 ms batch [22.309] delay 18.333 ms
INFO: at 19704.999 ms fetching 22.309 ms
INFO: at 19724.989 ms batch [63.050] delay 18.333 ms
INFO: at 19724.989 ms fetching 63.050 ms
INFO: at 19745.010 ms batch [88.377] delay 18.333 ms
INFO: at 19745.010 ms fetching 88.377 ms
INFO: at 19764.932 ms batch [69.288] delay 18.333 ms
INFO: at 19764.932 ms fetching 69.288 ms
INFO: at 19784.857 ms batch [88.091] delay 18.333 ms
INFO: at 19784.857 ms fetching 88.091 ms
INFO: at 19804.788 ms batch [20.009] delay 18.333 ms
INFO: at 19804.788 ms fetching 20.009 ms
INFO: at 19823.781 ms batch [68.076] delay 18.333 ms
INFO: at 19823.781 ms fetching 68.076 ms
INFO: at 19843.582 ms batch [46.495] delay 18.333 ms
INFO: at 19843.582 ms fetching 46.495 ms
INFO: at 19863.557 ms batch [87.957] delay 18.333 ms
INFO: at 19863.557 ms fetching 87.957 ms
INFO: at 19883.454 ms batch [62.027] delay 18.333 ms
INFO: at 19883.454 ms fetching 62.027 ms
INFO: at 19903.129 ms batch [85.012] delay 18.333 ms
INFO: at 19903.129 ms fetching 85.012 ms
INFO: at 19922.985 ms batch [64.372] delay 18.333 ms
INFO: at 19922.985 ms fetching 64.372 ms
INFO: at 19943.014 ms batch [42.902] delay 18.333 ms
INFO: at 19943.014 ms fetching 42.902 ms
INFO: at 19962.993 ms batch [20.324] delay 18.333 ms
INFO: at 19962.993 ms fetching 20.324 ms
INFO: at 19982.288 ms batch [89.391] delay 18.333 ms
INFO: at 19982.288 ms fetching 89.391 ms
INFO: at 20002.422 ms batch [21.601] delay 18.333 ms
INFO: at 20002.422 ms fetching 21.601 ms
INFO: at 20022.131 ms batch [90.222] delay 18.333 ms
INFO: at 20022.131 ms fetching 90.222 ms
INFO: at 20041.980 ms batch [65.171] delay 18.333 ms
INFO: at 20041.980 ms fetching 65.171 ms
INFO: at 20061.968 ms batch [94.918] delay 18.333 ms
INFO: at 20061.968 ms fetching 94.918 ms
INFO: at 20081.951 ms batch [42.656] delay 27.500 ms
INFO: at 20081.951 ms fetching 42.656 ms
INFO: at 20109.705 ms batch [19.506] delay 27.500 ms
INFO: at 20109.705 ms fetching 19.506 ms
INFO: at 20137.659 ms batch [88.639] delay 27.500 ms
INFO: at 20137.659 ms fetching 88.639 ms
INFO: at 20165.804 ms batch [43.705] delay 27.500 ms
INFO: at 20165.804 ms fetching 43.705 ms
INFO: at 20193.871 ms batch [16.010] delay 27.500 ms
INFO: at 20193.871 ms fetching 16.010 ms
INFO: at 20221.883 ms batch [87.767] delay 27.500 ms
INFO: at 20221.883 ms fetching 87.767 ms
INFO: at 20249.951 ms batch [85.833] delay 27.500 ms
INFO: at 20249.951 ms fetching 85.833 ms
INFO: at 20277.971 ms batch [91.179] delay 27.500 ms
INFO: at 20277.971 ms fetching 91.179 ms
INFO: at 20306.747 ms batch [46.304] delay 27.500 ms
INFO: at 20306.747 ms fetching 46.304 ms
INFO: at 20334.685 ms batch [37.556] delay 27.500 ms
INFO: at 20334.685 ms fetching 37.556 ms
INFO: at 20362.747 ms batch [45.457] delay 27.500 ms
INFO: at 20362.747 ms fetching 45.457 ms
INFO: at 20390.605 ms batch [68.478] delay 27.500 ms
INFO: at 20390.605 ms fetching 68.478 ms
INFO: at 20418.370 ms batch [43.512] delay 27.500 ms
INFO: at 20418.370 ms fetching 43.512 ms
INFO: at 20446.287 ms batch [41.625] delay 27.500 ms
INFO: at 20446.287 ms fetching 41.625 ms
INFO: at 20474.213 ms batch [41.019] delay 27.500 ms
INFO: at 20474.213 ms fetching 41.019 ms
INFO: at 20502.729 ms batch [44.288] delay 27.500 ms
INFO: at 20502.729 ms fetching 44.288 ms
INFO: at 20530.638 ms batch [63.822] delay 20.952 ms
INFO: at 20530.638 ms fetching 63.822 ms
INFO: at 20553.682 ms batch [67.068] delay 20.952 ms
INFO: at 20553.682 ms fetching 67.068 ms
INFO: at 20575.542 ms batch [21.567] delay 20.952 ms
INFO: at 20575.542 ms fetching 21.567 ms
INFO: at 20597.393 ms batch [90.425] delay 20.952 ms
INFO: at 20597.393 ms fetching 90.425 ms
INFO: at 20618.839 ms batch [64.447] delay 20.952 ms
INFO: at 20618.839 ms fetching 64.447 ms
INFO: at 20640.917 ms batch [67.748] delay 20.952 ms
INFO: at 20640.917 ms fetching 67.748 ms
INFO: at 20662.943 ms batch [69.625] delay 20.952 ms
INFO: at 20662.943 ms fetching 69.625 ms
INFO: at 20684.735 ms batch [22.738] delay 20.952 ms
INFO: at 20684.735 ms fetching 22.738 ms
INFO: at 20706.672 ms batch [24.091] delay 20.952 ms
INFO: at 20706.672 ms fetching 24.091 ms
INFO: at 20728.494 ms batch [16.624] delay 20.952 ms
INFO: at 20728.494 ms fetching 16.624 ms
INFO: at 20750.502 ms batch [68.121] delay 20.952 ms
INFO: at 20750.502 ms fetching 68.121 ms
INFO: at 20772.575 ms batch [42.399] delay 20.952 ms
INFO: at 20772.575 ms fetching 42.399 ms
INFO: at 20794.420 ms batch [19.792] delay 20.952 ms
INFO: at 20794.420 ms fetching 19.792 ms
INFO: at 20816.383 ms batch [64.327] delay 20.952 ms
INFO: at 20816.383 ms fetching 64.327 ms
INFO: at 20838.281 ms batch [23.328] delay 20.952 ms
INFO: at 20838.281 ms fetching 23.328 ms
INFO: at 20860.276 ms batch [16.504] delay 20.952 ms
INFO: at 20860.276 ms fetching 16.504 ms
INFO: at 20882.266 ms batch [42.732] delay 20.952 ms
INFO: at 20882.266 ms fetching 42.732 ms
INFO: at 20905.151 ms batch [44.195] delay 20.952 ms
INFO: at 20905.151 ms fetching 44.195 ms
INFO: at 20927.206 ms batch [42.094] delay 20.952 ms
INFO: at 20927.206 ms fetching 42.094 ms
INFO: at 20949.038 ms batch [44.683] delay 20.952 ms
INFO: at 20949.038 ms fetching 44.683 ms
INFO: at 20970.958 ms batch [17.623] delay 20.952 ms
INFO: at 20970.958 ms fetching 17.623 ms
INFO: at 20993.024 ms batch [22.348] delay 25.882 ms
INFO: at 20993.024 ms fetching 22.348 ms
INFO: at 21021.013 ms batch [89.574] delay 25.882 ms
INFO: at 21021.013 ms fetching 89.574 ms
INFO: at 21048.882 ms batch [19.010] delay 25.882 ms
INFO: at 21048.882 ms fetching 19.010 ms
INFO: at 21076.015 ms batch [65.844] delay 25.882 ms
INFO: at 21076.015 ms fetching 65.844 ms
INFO: at 21104.106 ms batch [65.050] delay 25.882 ms
INFO: at 21104.106 ms fetching 65.050 ms
INFO: at 21132.161 ms batch [62.167] delay 25.882 ms
INFO: at 21132.161 ms fetching 62.167 ms
INFO: at 21160.145 ms batch [41.214] delay 25.882 ms
INFO: at 21160.145 ms fetching 41.214 ms
INFO: at 21188.190 ms batch [87.541] delay 25.882 ms
INFO: at 21188.190 ms fetching 87.541 ms
INFO: at 21215.700 ms batch [41.344] delay 25.882 ms
INFO: at 21215.700 ms fetching 41.344 ms
INFO: at 21243.590 ms batch [86.841] delay 25.882 ms
INFO: at 21243.590 ms fetching 86.841 ms
INFO: at 21271.530 ms batch [46.067] delay 25.882 ms
INFO: at 21271.530 ms fetching 46.067 ms
INFO: at 21299.523 ms batch [88.153] delay 25.882 ms
INFO: at 21299.523 ms fetching 88.153 ms
INFO: at 21327.481 ms batch [70.026] delay 25.882 ms
INFO: at 21327.481 ms fetching 70.026 ms
INFO: at 21354.074 ms batch [46.117] delay 25.882 ms
INFO: at 21354.074 ms fetching 46.117 ms
INFO: at 21382.008 ms batch [45.251] delay 25.882 ms
INFO: at 21382.008 ms fetching 45.251 ms
INFO: at 21409.924 ms batch [89.272] delay 25.882 ms
INFO: at 21409.924 ms fetching 89.272 ms
INFO: at 21437.867 ms batch [21.767] delay 25.882 ms
INFO: at 21437.867 ms fetching 21.767 ms
INFO: at 21465.645 ms batch [21.326] delay 20.000 ms
INFO: at 21465.645 ms fetching 21.326 ms
INFO: at 21487.853 ms batch [89.148] delay 20.000 ms
INFO: at 21487.853 ms fetching 89.148 ms
INFO: at 21508.818 ms batch [21.698] delay 20.000 ms
INFO: at 21508.818 ms fetching 21.698 ms
INFO: at 21529.696 ms batch [90.824] delay 20.000 ms
INFO: at 21529.696 ms fetching 90.824 ms
INFO: at 21550.664 ms batch [93.254] delay 20.000 ms
INFO: at 21550.664 ms fetching 93.254 ms
INFO: at 21571.628 ms batch [22.640] delay 20.000 ms
INFO: at 21571.628 ms fetching 22.640 ms
INFO: at 21592.622 ms batch [20.974] delay 20.000 ms
INFO: at 21592.622 ms fetching 20.974 ms
INFO: at 21613.751 ms batch [42.307] delay 20.000 ms
INFO: at 21613.751 ms fetching 42.307 ms
INFO: at 21634.613 ms batch [18.819] delay 20.000 ms
INFO: at 21634.613 ms fetching 18.819 ms
INFO: at 21655.506 ms batch [89.424] delay 20.000 ms
INFO: at 21655.506 ms fetching 89.424 ms
INFO: at 21676.572 ms batch [87.090] delay 20.000 ms
INFO: at 21676.572 ms fetching 87.090 ms
INFO: at 21697.544 ms batch [65.754] delay 20.000 ms
INFO: at 21697.544 ms fetching 65.754 ms
INFO: at 21718.477 ms batch [88.246] delay 20.000 ms
INFO: at 21718.477 ms fetching 88.246 ms
INFO: at 21739.402 ms batch [38.504] delay 20.000 ms
INFO: at 21739.402 ms fetching 38.504 ms
INFO: at 21760.290 ms batch [42.529] delay 20.000 ms
INFO: at 21760.290 ms fetching 42.529 ms
INFO: at 21781.231 ms batch [65.579] delay 20.000 ms
INFO: at 21781.231 ms fetching 65.579 ms
INFO: at 21801.831 ms batch [68.799] delay 20.000 ms
INFO: at 21801.831 ms fetching 68.799 ms
INFO: at 21822.706 ms batch [19.730] delay 20.000 ms
INFO: at 21822.706 ms fetching 19.730 ms
INFO: at 21842.908 ms batch [41.069] delay 20.000 ms
INFO: at 21842.908 ms fetching 41.069 ms
INFO: at 21863.468 ms batch [64.563] delay 20.000 ms
INFO: at 21863.468 ms fetching 64.563 ms
INFO: at 21884.196 ms batch [87.696] delay 20.000 ms
INFO: at 21884.196 ms fetching 87.696 ms
INFO: at 21905.158 ms batch [44.868] delay 20.000 ms
INFO: at 21905.158 ms fetching 44.868 ms
INFO: at 21926.253 ms batch [68.294] delay 29.333 ms
INFO: at 21926.253 ms fetching 68.294 ms
INFO: at 21956.014 ms batch [64.812] delay 29.333 ms
INFO: at 21956.014 ms fetching 64.812 ms
INFO: at 21986.159 ms batch [67.447] delay 29.333 ms
INFO: at 21986.159 ms fetching 67.447 ms
INFO: at 22016.234 ms batch [65.319] delay 29.333 ms
INFO: at 22016.234 ms fetching 65.319 ms
INFO: at 22046.290 ms batch [64.846] delay 29.333 ms
INFO: at 22046.290 ms fetching 64.846 ms
INFO: at 22076.341 ms batch [40.819] delay 29.333 ms
INFO: at 22076.341 ms fetching 40.819 ms
INFO: at 22106.080 ms batch [67.007] delay 29.333 ms
INFO: at 22106.080 ms fetching 67.007 ms
INFO: at 22136.215 ms batch [43.227] delay 29.333 ms
INFO: at 22136.215 ms fetching 43.227 ms
INFO: at 22166.303 ms batch [43.254] delay 29.333 ms
INFO: at 22166.303 ms fetching 43.254 ms
INFO: done
INFO: stopping nexus
