INFO: nexus_dir=/workdir/nexus model_dir=/workdir/DynWork/Multimodal/Azure/incoming_rate_36.36/Equal_Std/std_1/1.5_x_P99/nexus/models log_dir=/workdir/DynWork/Multimodal/Azure/incoming_rate_36.36/Equal_Std/std_1/1.5_x_P99/nexus/logs model=fake_0
INFO: waiting frontend to spin up
INFO: ready to go
INFO: rock and roll
INFO: at 2.134 ms batch [75.743] delay 22.000 ms
INFO: at 2.134 ms fetching 75.743 ms
INFO: at 25.172 ms batch [28.543] delay 22.000 ms
INFO: at 25.172 ms fetching 28.543 ms
INFO: at 47.911 ms batch [40.764] delay 22.000 ms
INFO: at 47.911 ms fetching 40.764 ms
INFO: at 70.865 ms batch [22.927] delay 22.000 ms
INFO: at 70.865 ms fetching 22.927 ms
INFO: at 93.206 ms batch [71.217] delay 22.000 ms
INFO: at 93.206 ms fetching 71.217 ms
INFO: at 115.753 ms batch [82.191] delay 22.000 ms
INFO: at 115.753 ms fetching 82.191 ms
INFO: at 138.644 ms batch [26.528] delay 22.000 ms
INFO: at 138.644 ms fetching 26.528 ms
INFO: at 161.023 ms batch [38.871] delay 22.000 ms
INFO: at 161.023 ms fetching 38.871 ms
INFO: at 183.552 ms batch [71.926] delay 22.000 ms
INFO: at 183.552 ms fetching 71.926 ms
INFO: at 206.258 ms batch [31.808] delay 22.000 ms
INFO: at 206.258 ms fetching 31.808 ms
INFO: at 229.007 ms batch [25.581] delay 27.500 ms
INFO: at 229.007 ms fetching 25.581 ms
INFO: at 256.692 ms batch [43.197] delay 27.500 ms
INFO: at 256.692 ms fetching 43.197 ms
INFO: at 284.559 ms batch [65.671] delay 27.500 ms
INFO: at 284.559 ms fetching 65.671 ms
INFO: at 312.330 ms batch [34.283] delay 27.500 ms
INFO: at 312.330 ms fetching 34.283 ms
INFO: at 340.255 ms batch [77.100] delay 22.000 ms
INFO: at 340.255 ms fetching 77.100 ms
INFO: at 363.068 ms batch [70.839] delay 22.000 ms
INFO: at 363.068 ms fetching 70.839 ms
INFO: at 385.956 ms batch [80.717] delay 22.000 ms
INFO: at 385.956 ms fetching 80.717 ms
INFO: at 408.732 ms batch [74.954] delay 22.000 ms
INFO: at 408.732 ms fetching 74.954 ms
INFO: at 431.236 ms batch [37.566] delay 22.000 ms
INFO: at 431.236 ms fetching 37.566 ms
INFO: at 454.071 ms batch [68.731] delay 27.500 ms
INFO: at 454.071 ms fetching 68.731 ms
INFO: at 481.913 ms batch [78.894] delay 27.500 ms
INFO: at 481.913 ms fetching 78.894 ms
INFO: at 509.948 ms batch [71.033] delay 27.500 ms
INFO: at 509.948 ms fetching 71.033 ms
INFO: at 538.072 ms batch [27.918] delay 27.500 ms
INFO: at 538.072 ms fetching 27.918 ms
INFO: at 566.205 ms batch [78.067] delay 27.500 ms
INFO: at 566.205 ms fetching 78.067 ms
INFO: at 594.444 ms batch [87.873] delay 27.500 ms
INFO: at 594.444 ms fetching 87.873 ms
INFO: at 622.407 ms batch [32.417] delay 27.500 ms
INFO: at 622.407 ms fetching 32.417 ms
INFO: at 651.025 ms batch [64.343] delay 27.500 ms
INFO: at 651.025 ms fetching 64.343 ms
INFO: at 679.695 ms batch [78.694] delay 27.500 ms
INFO: at 679.695 ms fetching 78.694 ms
INFO: at 708.428 ms batch [31.214] delay 27.500 ms
INFO: at 708.428 ms fetching 31.214 ms
INFO: at 737.037 ms batch [67.120] delay 27.500 ms
INFO: at 737.037 ms fetching 67.120 ms
INFO: at 764.892 ms batch [70.263] delay 27.500 ms
INFO: at 764.892 ms fetching 70.263 ms
INFO: at 792.769 ms batch [70.454] delay 27.500 ms
INFO: at 792.769 ms fetching 70.454 ms
INFO: at 820.503 ms batch [69.646] delay 27.500 ms
INFO: at 820.503 ms fetching 69.646 ms
INFO: at 848.431 ms batch [25.069] delay 27.500 ms
INFO: at 848.431 ms fetching 25.069 ms
INFO: at 876.380 ms batch [82.543] delay 27.500 ms
INFO: at 876.380 ms fetching 82.543 ms
INFO: at 905.104 ms batch [53.092] delay 27.500 ms
INFO: at 905.104 ms fetching 53.092 ms
INFO: at 932.939 ms batch [30.994] delay 27.500 ms
INFO: at 932.939 ms fetching 30.994 ms
INFO: at 960.852 ms batch [40.552] delay 27.500 ms
INFO: at 960.852 ms fetching 40.552 ms
INFO: at 988.685 ms batch [36.056] delay 27.500 ms
INFO: at 988.685 ms fetching 36.056 ms
INFO: at 1016.814 ms batch [69.209] delay 27.500 ms
INFO: at 1016.814 ms fetching 69.209 ms
INFO: at 1044.803 ms batch [77.303] delay 27.500 ms
INFO: at 1044.803 ms fetching 77.303 ms
INFO: at 1073.360 ms batch [10.000] delay 27.500 ms
INFO: at 1073.360 ms fetching 10.000 ms
INFO: at 1101.309 ms batch [30.105] delay 27.500 ms
INFO: at 1101.309 ms fetching 30.105 ms
INFO: at 1129.168 ms batch [35.552] delay 36.667 ms
INFO: at 1129.168 ms fetching 35.552 ms
INFO: at 1166.520 ms batch [62.997] delay 36.667 ms
INFO: at 1166.520 ms fetching 62.997 ms
INFO: at 1204.463 ms batch [81.272] delay 36.667 ms
INFO: at 1204.463 ms fetching 81.272 ms
INFO: at 1242.510 ms batch [61.969] delay 22.000 ms
INFO: at 1242.510 ms fetching 61.969 ms
INFO: at 1265.540 ms batch [30.791] delay 22.000 ms
INFO: at 1265.540 ms fetching 30.791 ms
INFO: at 1288.443 ms batch [35.071] delay 22.000 ms
INFO: at 1288.443 ms fetching 35.071 ms
INFO: at 1310.840 ms batch [70.642] delay 22.000 ms
INFO: at 1310.840 ms fetching 70.642 ms
INFO: at 1333.874 ms batch [76.235] delay 22.000 ms
INFO: at 1333.874 ms fetching 76.235 ms
INFO: at 1356.792 ms batch [49.919] delay 22.000 ms
INFO: at 1356.792 ms fetching 49.919 ms
INFO: at 1379.826 ms batch [79.087] delay 22.000 ms
INFO: at 1379.826 ms fetching 79.087 ms
INFO: at 1402.898 ms batch [28.234] delay 22.000 ms
INFO: at 1402.898 ms fetching 28.234 ms
INFO: at 1425.954 ms batch [77.681] delay 22.000 ms
INFO: at 1425.954 ms fetching 77.681 ms
INFO: at 1448.944 ms batch [63.742] delay 22.000 ms
INFO: at 1448.944 ms fetching 63.742 ms
INFO: at 1472.217 ms batch [70.068] delay 22.000 ms
INFO: at 1472.217 ms fetching 70.068 ms
INFO: at 1495.329 ms batch [34.600] delay 22.000 ms
INFO: at 1495.329 ms fetching 34.600 ms
INFO: at 1518.210 ms batch [33.453] delay 22.000 ms
INFO: at 1518.210 ms fetching 33.453 ms
INFO: at 1541.205 ms batch [85.918] delay 22.000 ms
INFO: at 1541.205 ms fetching 85.918 ms
INFO: at 1564.157 ms batch [69.850] delay 22.000 ms
INFO: at 1564.157 ms fetching 69.850 ms
INFO: at 1587.240 ms batch [75.421] delay 27.500 ms
INFO: at 1587.240 ms fetching 75.421 ms
INFO: at 1615.886 ms batch [73.276] delay 27.500 ms
INFO: at 1615.886 ms fetching 73.276 ms
INFO: at 1643.872 ms batch [83.657] delay 27.500 ms
INFO: at 1643.872 ms fetching 83.657 ms
INFO: at 1671.944 ms batch [29.146] delay 27.500 ms
INFO: at 1671.944 ms fetching 29.146 ms
INFO: at 1699.944 ms batch [35.887] delay 36.667 ms
INFO: at 1699.944 ms fetching 35.887 ms
INFO: at 1737.891 ms batch [82.914] delay 36.667 ms
INFO: at 1737.891 ms fetching 82.914 ms
INFO: at 1775.931 ms batch [84.607] delay 36.667 ms
INFO: at 1775.931 ms fetching 84.607 ms
INFO: at 1813.065 ms batch [42.883] delay 27.500 ms
INFO: at 1813.065 ms fetching 42.883 ms
INFO: at 1841.142 ms batch [32.024] delay 27.500 ms
INFO: at 1841.142 ms fetching 32.024 ms
INFO: at 1869.150 ms batch [44.818] delay 27.500 ms
INFO: at 1869.150 ms fetching 44.818 ms
INFO: at 1896.927 ms batch [39.673] delay 27.500 ms
INFO: at 1896.927 ms fetching 39.673 ms
INFO: at 1925.142 ms batch [79.776] delay 22.000 ms
INFO: at 1925.142 ms fetching 79.776 ms
INFO: at 1948.091 ms batch [31.420] delay 22.000 ms
INFO: at 1948.091 ms fetching 31.420 ms
INFO: at 1971.057 ms batch [72.615] delay 22.000 ms
INFO: at 1971.057 ms fetching 72.615 ms
INFO: at 1993.940 ms batch [30.350] delay 22.000 ms
INFO: at 1993.940 ms fetching 30.350 ms
INFO: at 2016.960 ms batch [23.804] delay 22.000 ms
INFO: at 2016.960 ms fetching 23.804 ms
INFO: at 2040.052 ms batch [38.505] delay 27.500 ms
INFO: at 2040.052 ms fetching 38.505 ms
INFO: at 2067.892 ms batch [74.477] delay 27.500 ms
INFO: at 2067.892 ms fetching 74.477 ms
INFO: at 2095.891 ms batch [73.957] delay 27.500 ms
INFO: at 2095.891 ms fetching 73.957 ms
INFO: at 2123.919 ms batch [30.565] delay 27.500 ms
INFO: at 2123.919 ms fetching 30.565 ms
INFO: at 2152.014 ms batch [67.660] delay 27.500 ms
INFO: at 2152.014 ms fetching 67.660 ms
INFO: at 2180.088 ms batch [73.624] delay 27.500 ms
INFO: at 2180.088 ms fetching 73.624 ms
INFO: at 2208.161 ms batch [39.082] delay 27.500 ms
INFO: at 2208.161 ms fetching 39.082 ms
INFO: at 2236.170 ms batch [71.739] delay 27.500 ms
INFO: at 2236.170 ms fetching 71.739 ms
INFO: at 2264.277 ms batch [83.269] delay 22.000 ms
INFO: at 2264.277 ms fetching 83.269 ms
INFO: at 2286.971 ms batch [48.454] delay 22.000 ms
INFO: at 2286.971 ms fetching 48.454 ms
INFO: at 2310.061 ms batch [75.589] delay 22.000 ms
INFO: at 2310.061 ms fetching 75.589 ms
INFO: at 2332.995 ms batch [100.000] delay 22.000 ms
INFO: at 2332.995 ms fetching 100.000 ms
INFO: at 2355.917 ms batch [75.129] delay 22.000 ms
INFO: at 2355.917 ms fetching 75.129 ms
INFO: at 2378.977 ms batch [34.107] delay 27.500 ms
INFO: at 2378.977 ms fetching 34.107 ms
INFO: at 2407.502 ms batch [37.223] delay 27.500 ms
INFO: at 2407.502 ms fetching 37.223 ms
INFO: at 2435.587 ms batch [33.297] delay 27.500 ms
INFO: at 2435.587 ms fetching 33.297 ms
INFO: at 2463.621 ms batch [40.993] delay 27.500 ms
INFO: at 2463.621 ms fetching 40.993 ms
INFO: at 2491.684 ms batch [46.604] delay 22.000 ms
INFO: at 2491.684 ms fetching 46.604 ms
INFO: at 2514.733 ms batch [37.388] delay 22.000 ms
INFO: at 2514.733 ms fetching 37.388 ms
INFO: at 2537.649 ms batch [80.984] delay 22.000 ms
INFO: at 2537.649 ms fetching 80.984 ms
INFO: at 2560.870 ms batch [29.657] delay 22.000 ms
INFO: at 2560.870 ms fetching 29.657 ms
INFO: at 2584.031 ms batch [35.722] delay 22.000 ms
INFO: at 2584.031 ms fetching 35.722 ms
INFO: at 2606.344 ms batch [41.978] delay 27.500 ms
INFO: at 2606.344 ms fetching 41.978 ms
INFO: at 2635.417 ms batch [39.274] delay 27.500 ms
INFO: at 2635.417 ms fetching 39.274 ms
INFO: at 2663.410 ms batch [41.706] delay 27.500 ms
INFO: at 2663.410 ms fetching 41.706 ms
INFO: at 2691.487 ms batch [76.920] delay 27.500 ms
INFO: at 2691.487 ms fetching 76.920 ms
INFO: at 2719.567 ms batch [26.921] delay 22.000 ms
INFO: at 2719.567 ms fetching 26.921 ms
INFO: at 2742.657 ms batch [74.788] delay 22.000 ms
INFO: at 2742.657 ms fetching 74.788 ms
INFO: at 2765.733 ms batch [34.916] delay 22.000 ms
INFO: at 2765.733 ms fetching 34.916 ms
INFO: at 2788.739 ms batch [78.470] delay 22.000 ms
INFO: at 2788.739 ms fetching 78.470 ms
INFO: at 2811.649 ms batch [80.449] delay 22.000 ms
INFO: at 2811.649 ms fetching 80.449 ms
INFO: at 2834.725 ms batch [86.749] delay 22.000 ms
INFO: at 2834.725 ms fetching 86.749 ms
INFO: at 2857.766 ms batch [39.839] delay 22.000 ms
INFO: at 2857.766 ms fetching 39.839 ms
INFO: at 2880.845 ms batch [36.228] delay 22.000 ms
INFO: at 2880.845 ms fetching 36.228 ms
INFO: at 2903.898 ms batch [44.394] delay 22.000 ms
INFO: at 2903.898 ms fetching 44.394 ms
INFO: at 2926.943 ms batch [47.423] delay 22.000 ms
INFO: at 2926.943 ms fetching 47.423 ms
INFO: at 2950.047 ms batch [77.877] delay 27.500 ms
INFO: at 2950.047 ms fetching 77.877 ms
INFO: at 2978.013 ms batch [79.292] delay 27.500 ms
INFO: at 2978.013 ms fetching 79.292 ms
INFO: at 3005.959 ms batch [68.216] delay 27.500 ms
INFO: at 3005.959 ms fetching 68.216 ms
INFO: at 3034.002 ms batch [28.859] delay 27.500 ms
INFO: at 3034.002 ms fetching 28.859 ms
INFO: at 3062.066 ms batch [72.258] delay 36.667 ms
INFO: at 3062.066 ms fetching 72.258 ms
INFO: at 3099.840 ms batch [72.782] delay 36.667 ms
INFO: at 3099.840 ms fetching 72.782 ms
INFO: at 3137.900 ms batch [29.892] delay 36.667 ms
INFO: at 3137.900 ms fetching 29.892 ms
INFO: at 3175.914 ms batch [66.091] delay 27.500 ms
INFO: at 3175.914 ms fetching 66.091 ms
INFO: at 3203.814 ms batch [58.831] delay 27.500 ms
INFO: at 3203.814 ms fetching 58.831 ms
INFO: at 3232.278 ms batch [76.416] delay 27.500 ms
INFO: at 3232.278 ms fetching 76.416 ms
INFO: at 3260.350 ms batch [33.124] delay 27.500 ms
INFO: at 3260.350 ms fetching 33.124 ms
INFO: at 3288.377 ms batch [78.256] delay 22.000 ms
INFO: at 3288.377 ms fetching 78.256 ms
INFO: at 3311.397 ms batch [26.102] delay 22.000 ms
INFO: at 3311.397 ms fetching 26.102 ms
INFO: at 3334.319 ms batch [75.272] delay 22.000 ms
INFO: at 3334.319 ms fetching 75.272 ms
INFO: at 3357.239 ms batch [40.313] delay 22.000 ms
INFO: at 3357.239 ms fetching 40.313 ms
INFO: at 3380.212 ms batch [20.033] delay 22.000 ms
INFO: at 3380.212 ms fetching 20.033 ms
INFO: at 3403.070 ms batch [80.228] delay 27.500 ms
INFO: at 3403.070 ms fetching 80.228 ms
INFO: at 3431.024 ms batch [35.210] delay 27.500 ms
INFO: at 3431.024 ms fetching 35.210 ms
INFO: at 3459.058 ms batch [43.978] delay 27.500 ms
INFO: at 3459.058 ms fetching 43.978 ms
INFO: at 3487.119 ms batch [40.081] delay 27.500 ms
INFO: at 3487.119 ms fetching 40.081 ms
INFO: at 3515.113 ms batch [37.049] delay 27.500 ms
INFO: at 3515.113 ms fetching 37.049 ms
INFO: at 3543.001 ms batch [81.891] delay 27.500 ms
INFO: at 3543.001 ms fetching 81.891 ms
INFO: at 3570.952 ms batch [41.459] delay 27.500 ms
INFO: at 3570.952 ms fetching 41.459 ms
INFO: at 3598.988 ms batch [65.269] delay 27.500 ms
INFO: at 3598.988 ms fetching 65.269 ms
INFO: at 3627.025 ms batch [71.559] delay 36.667 ms
INFO: at 3627.025 ms fetching 71.559 ms
INFO: at 3664.482 ms batch [32.600] delay 36.667 ms
INFO: at 3664.482 ms fetching 32.600 ms
INFO: at 3702.393 ms batch [73.795] delay 36.667 ms
INFO: at 3702.393 ms fetching 73.795 ms
INFO: at 3740.374 ms batch [74.314] delay 22.000 ms
INFO: at 3740.374 ms fetching 74.314 ms
INFO: at 3763.245 ms batch [72.431] delay 22.000 ms
INFO: at 3763.245 ms fetching 72.431 ms
INFO: at 3786.229 ms batch [33.938] delay 22.000 ms
INFO: at 3786.229 ms fetching 33.938 ms
INFO: at 3808.909 ms batch [34.749] delay 22.000 ms
INFO: at 3808.909 ms fetching 34.749 ms
INFO: at 3831.409 ms batch [74.629] delay 22.000 ms
INFO: at 3831.409 ms fetching 74.629 ms
INFO: at 3854.550 ms batch [72.944] delay 22.000 ms
INFO: at 3854.550 ms fetching 72.944 ms
INFO: at 3877.585 ms batch [38.127] delay 22.000 ms
INFO: at 3877.585 ms fetching 38.127 ms
INFO: at 3900.616 ms batch [81.560] delay 22.000 ms
INFO: at 3900.616 ms fetching 81.560 ms
INFO: at 3923.565 ms batch [66.449] delay 22.000 ms
INFO: at 3923.565 ms fetching 66.449 ms
INFO: at 3946.114 ms batch [34.448] delay 22.000 ms
INFO: at 3946.114 ms fetching 34.448 ms
INFO: at 3969.068 ms batch [21.839] delay 18.333 ms
INFO: at 3969.068 ms fetching 21.839 ms
INFO: at 3989.049 ms batch [38.702] delay 18.333 ms
INFO: at 3989.049 ms fetching 38.702 ms
INFO: at 4009.007 ms batch [41.207] delay 18.333 ms
INFO: at 4009.007 ms fetching 41.207 ms
INFO: at 4028.977 ms batch [37.751] delay 18.333 ms
INFO: at 4028.977 ms fetching 37.751 ms
INFO: at 4048.897 ms batch [42.270] delay 18.333 ms
INFO: at 4048.897 ms fetching 42.270 ms
INFO: at 4068.608 ms batch [24.502] delay 18.333 ms
INFO: at 4068.608 ms fetching 24.502 ms
INFO: at 4088.484 ms batch [33.625] delay 22.000 ms
INFO: at 4088.484 ms fetching 33.625 ms
INFO: at 4111.547 ms batch [27.574] delay 22.000 ms
INFO: at 4111.547 ms fetching 27.574 ms
INFO: at 4134.483 ms batch [80.018] delay 22.000 ms
INFO: at 4134.483 ms fetching 80.018 ms
INFO: at 4157.383 ms batch [67.952] delay 22.000 ms
INFO: at 4157.383 ms fetching 67.952 ms
INFO: at 4180.388 ms batch [60.755] delay 22.000 ms
INFO: at 4180.388 ms fetching 60.755 ms
INFO: at 4203.385 ms batch [36.701] delay 22.000 ms
INFO: at 4203.385 ms fetching 36.701 ms
INFO: at 4226.245 ms batch [76.591] delay 22.000 ms
INFO: at 4226.245 ms fetching 76.591 ms
INFO: at 4248.953 ms batch [36.860] delay 22.000 ms
INFO: at 4248.953 ms fetching 36.860 ms
INFO: at 4271.794 ms batch [75.906] delay 22.000 ms
INFO: at 4271.794 ms fetching 75.906 ms
INFO: at 4294.844 ms batch [45.353] delay 22.000 ms
INFO: at 4294.844 ms fetching 45.353 ms
INFO: at 4317.883 ms batch [74.119] delay 22.000 ms
INFO: at 4317.883 ms fetching 74.119 ms
INFO: at 4340.736 ms batch [45.925] delay 22.000 ms
INFO: at 4340.736 ms fetching 45.925 ms
INFO: at 4363.983 ms batch [43.576] delay 22.000 ms
INFO: at 4363.983 ms fetching 43.576 ms
INFO: at 4387.103 ms batch [32.948] delay 22.000 ms
INFO: at 4387.103 ms fetching 32.948 ms
INFO: at 4410.085 ms batch [32.207] delay 22.000 ms
INFO: at 4410.085 ms fetching 32.207 ms
INFO: at 4433.121 ms batch [32.757] delay 27.500 ms
INFO: at 4433.121 ms fetching 32.757 ms
INFO: at 4461.110 ms batch [84.085] delay 27.500 ms
INFO: at 4461.110 ms fetching 84.085 ms
INFO: at 4489.151 ms batch [33.774] delay 27.500 ms
INFO: at 4489.151 ms fetching 33.774 ms
INFO: at 4517.208 ms batch [31.607] delay 27.500 ms
INFO: at 4517.208 ms fetching 31.607 ms
INFO: at 4545.767 ms batch [37.953] delay 18.333 ms
INFO: at 4545.767 ms fetching 37.953 ms
INFO: at 4565.156 ms batch [27.276] delay 18.333 ms
INFO: at 4565.156 ms fetching 27.276 ms
INFO: at 4584.480 ms batch [79.525] delay 18.333 ms
INFO: at 4584.480 ms fetching 79.525 ms
INFO: at 4603.788 ms batch [76.075] delay 18.333 ms
INFO: at 4603.788 ms fetching 76.075 ms
INFO: at 4623.107 ms batch [69.427] delay 18.333 ms
INFO: at 4623.107 ms fetching 69.427 ms
INFO: at 4642.419 ms batch [77.499] delay 18.333 ms
INFO: at 4642.419 ms fetching 77.499 ms
INFO: at 4661.726 ms batch [35.382] delay 27.500 ms
INFO: at 4661.726 ms fetching 35.382 ms
INFO: at 4689.657 ms batch [38.306] delay 27.500 ms
INFO: at 4689.657 ms fetching 38.306 ms
INFO: at 4717.996 ms batch [68.985] delay 27.500 ms
INFO: at 4717.996 ms fetching 68.985 ms
INFO: at 4746.329 ms batch [73.449] delay 27.500 ms
INFO: at 4746.329 ms fetching 73.449 ms
INFO: at 4774.649 ms batch [29.401] delay 22.000 ms
INFO: at 4774.649 ms fetching 29.401 ms
INFO: at 4796.956 ms batch [36.555] delay 22.000 ms
INFO: at 4796.956 ms fetching 36.555 ms
INFO: at 4819.268 ms batch [66.802] delay 22.000 ms
INFO: at 4819.268 ms fetching 66.802 ms
INFO: at 4841.573 ms batch [76.763] delay 22.000 ms
INFO: at 4841.573 ms fetching 76.763 ms
INFO: at 4863.906 ms batch [42.578] delay 22.000 ms
INFO: at 4863.906 ms fetching 42.578 ms
INFO: at 4886.616 ms batch [73.117] delay 18.333 ms
INFO: at 4886.616 ms fetching 73.117 ms
INFO: at 4905.948 ms batch [85.165] delay 18.333 ms
INFO: at 4905.948 ms fetching 85.165 ms
INFO: at 4925.260 ms batch [72.098] delay 18.333 ms
INFO: at 4925.260 ms fetching 72.098 ms
INFO: at 4944.565 ms batch [68.495] delay 18.333 ms
INFO: at 4944.565 ms fetching 68.495 ms
INFO: at 4963.872 ms batch [67.402] delay 18.333 ms
INFO: at 4963.872 ms fetching 67.402 ms
INFO: at 4983.180 ms batch [36.391] delay 18.333 ms
INFO: at 4983.180 ms fetching 36.391 ms
INFO: at 5002.549 ms batch [71.382] delay 27.500 ms
INFO: at 5002.549 ms fetching 71.382 ms
INFO: at 5030.971 ms batch [89.745] delay 27.500 ms
INFO: at 5030.971 ms fetching 89.745 ms
INFO: at 5059.013 ms batch [39.469] delay 27.500 ms
INFO: at 5059.013 ms fetching 39.469 ms
INFO: done
INFO: stopping nexus
