22-04-05:07:18:03 INFO     [docker_container_manager.py:192] [default-cluster] Starting managed Redis instance in Docker
22-04-05:07:18:05 INFO     [docker_container_manager.py:294] [default-cluster] Metric Configuration Saved at /tmp/tmphqv9tpxn.yml
22-04-05:07:18:06 INFO     [clipper_admin.py:162] [default-cluster] Clipper is running
22-04-05:07:18:06 INFO     [clipper_admin.py:236] [default-cluster] Application fake-model was successfully registered
22-04-05:07:18:06 INFO     [deployer_utils.py:41] Saving function to /tmp/tmp99yp65_eclipper
22-04-05:07:18:06 INFO     [deployer_utils.py:51] Serialized and supplied predict function
22-04-05:07:18:06 INFO     [python.py:192] Python closure saved
22-04-05:07:18:06 INFO     [python.py:210] Using Python 3.7 base image
22-04-05:07:18:06 INFO     [clipper_admin.py:534] [default-cluster] Building model Docker image with model data from /tmp/tmp99yp65_eclipper
22-04-05:07:18:06 INFO     [clipper_admin.py:539] [default-cluster] Step 1/2 : FROM clipper/python37-closure-container:develop
22-04-05:07:18:06 INFO     [clipper_admin.py:539] [default-cluster]  ---> 2660542c0759
22-04-05:07:18:06 INFO     [clipper_admin.py:539] [default-cluster] Step 2/2 : COPY /tmp/tmp99yp65_eclipper /model/
22-04-05:07:18:06 INFO     [clipper_admin.py:539] [default-cluster]  ---> ee0553220071
22-04-05:07:18:06 INFO     [clipper_admin.py:539] [default-cluster] Successfully built ee0553220071
22-04-05:07:18:06 INFO     [clipper_admin.py:539] [default-cluster] Successfully tagged default-cluster-fake-model:1
22-04-05:07:18:06 INFO     [clipper_admin.py:541] [default-cluster] Pushing model Docker image to default-cluster-fake-model:1
22-04-05:07:18:07 INFO     [docker_container_manager.py:433] [default-cluster] Found 0 replicas for fake-model:1. Adding 1
22-04-05:07:18:07 INFO     [clipper_admin.py:724] [default-cluster] Successfully registered model fake-model:1
22-04-05:07:18:07 INFO     [clipper_admin.py:642] [default-cluster] Done deploying model fake-model:1.
22-04-05:07:18:07 INFO     [clipper_admin.py:303] [default-cluster] Model fake-model is now linked to application fake-model
INFO: waiting for ready to serve
INFO: waiting for ready to serve
INFO: waiting for ready to serve
INFO: waiting for ready to serve
INFO: ready to go
INFO: rock and roll
INFO: at 10.228 ms batch [51.770] delay 25.885 ms
INFO: at 10.228 ms fetching 51.770 ms
INFO: at 36.116 ms batch [51.770] delay 25.885 ms
INFO: at 36.116 ms fetching 51.770 ms
INFO: at 62.004 ms batch [51.770] delay 25.885 ms
INFO: at 62.004 ms fetching 51.770 ms
INFO: at 87.890 ms batch [51.770] delay 25.885 ms
INFO: at 87.890 ms fetching 51.770 ms
INFO: at 113.778 ms batch [51.770] delay 25.885 ms
INFO: at 113.778 ms fetching 51.770 ms
INFO: at 139.666 ms batch [51.770] delay 25.885 ms
INFO: at 139.666 ms fetching 51.770 ms
INFO: at 165.554 ms batch [51.770] delay 25.885 ms
INFO: at 165.554 ms fetching 51.770 ms
INFO: at 191.445 ms batch [51.770] delay 25.885 ms
INFO: at 191.445 ms fetching 51.770 ms
INFO: at 217.331 ms batch [51.770] delay 25.885 ms
INFO: at 217.331 ms fetching 51.770 ms
INFO: at 243.219 ms batch [51.770] delay 25.885 ms
INFO: at 243.219 ms fetching 51.770 ms
INFO: at 269.109 ms batch [51.770] delay 32.356 ms
INFO: at 269.109 ms fetching 51.770 ms
INFO: at 301.470 ms batch [51.770] delay 32.356 ms
INFO: at 301.470 ms fetching 51.770 ms
INFO: at 333.830 ms batch [51.770] delay 32.356 ms
INFO: at 333.830 ms fetching 51.770 ms
INFO: at 366.188 ms batch [51.770] delay 32.356 ms
INFO: at 366.188 ms fetching 51.770 ms
INFO: at 398.548 ms batch [51.770] delay 32.356 ms
INFO: at 398.548 ms fetching 51.770 ms
INFO: at 430.906 ms batch [51.770] delay 32.356 ms
INFO: at 430.906 ms fetching 51.770 ms
INFO: at 463.265 ms batch [51.770] delay 32.356 ms
INFO: at 463.265 ms fetching 51.770 ms
INFO: at 495.623 ms batch [51.770] delay 32.356 ms
INFO: at 495.623 ms fetching 51.770 ms
INFO: at 527.983 ms batch [51.770] delay 21.571 ms
INFO: at 527.983 ms fetching 51.770 ms
INFO: at 549.556 ms batch [51.770] delay 21.571 ms
INFO: at 549.556 ms fetching 51.770 ms
INFO: at 571.129 ms batch [51.770] delay 21.571 ms
INFO: at 571.129 ms fetching 51.770 ms
INFO: at 592.704 ms batch [51.770] delay 21.571 ms
INFO: at 592.704 ms fetching 51.770 ms
INFO: at 614.278 ms batch [51.770] delay 21.571 ms
INFO: at 614.278 ms fetching 51.770 ms
INFO: at 635.852 ms batch [51.770] delay 21.571 ms
INFO: at 635.852 ms fetching 51.770 ms
INFO: at 657.426 ms batch [51.770] delay 21.571 ms
INFO: at 657.426 ms fetching 51.770 ms
INFO: at 679.000 ms batch [51.770] delay 21.571 ms
INFO: at 679.000 ms fetching 51.770 ms
INFO: at 700.574 ms batch [51.770] delay 21.571 ms
INFO: at 700.574 ms fetching 51.770 ms
INFO: at 722.148 ms batch [51.770] delay 21.571 ms
INFO: at 722.148 ms fetching 51.770 ms
INFO: at 743.722 ms batch [51.770] delay 21.571 ms
INFO: at 743.722 ms fetching 51.770 ms
INFO: at 765.296 ms batch [51.770] delay 21.571 ms
INFO: at 765.296 ms fetching 51.770 ms
INFO: at 786.871 ms batch [51.770] delay 17.257 ms
INFO: at 786.871 ms fetching 51.770 ms
INFO: at 804.130 ms batch [51.770] delay 17.257 ms
INFO: at 804.130 ms fetching 51.770 ms
INFO: at 821.388 ms batch [51.770] delay 17.257 ms
INFO: at 821.388 ms fetching 51.770 ms
INFO: at 838.648 ms batch [51.770] delay 17.257 ms
INFO: at 838.648 ms fetching 51.770 ms
INFO: at 855.908 ms batch [51.770] delay 17.257 ms
INFO: at 855.908 ms fetching 51.770 ms
INFO: at 873.168 ms batch [51.770] delay 17.257 ms
INFO: at 873.168 ms fetching 51.770 ms
INFO: at 890.429 ms batch [51.770] delay 17.257 ms
INFO: at 890.429 ms fetching 51.770 ms
INFO: at 907.687 ms batch [51.770] delay 17.257 ms
INFO: at 907.687 ms fetching 51.770 ms
INFO: at 924.948 ms batch [51.770] delay 17.257 ms
INFO: at 924.948 ms fetching 51.770 ms
INFO: at 942.207 ms batch [51.770] delay 17.257 ms
INFO: at 942.207 ms fetching 51.770 ms
INFO: at 959.467 ms batch [51.770] delay 17.257 ms
INFO: at 959.467 ms fetching 51.770 ms
INFO: at 976.726 ms batch [51.770] delay 17.257 ms
INFO: at 976.726 ms fetching 51.770 ms
INFO: at 993.985 ms batch [51.770] delay 17.257 ms
INFO: at 993.985 ms fetching 51.770 ms
INFO: at 1011.246 ms batch [51.770] delay 17.257 ms
INFO: at 1011.246 ms fetching 51.770 ms
INFO: at 1028.505 ms batch [51.770] delay 17.257 ms
INFO: at 1028.505 ms fetching 51.770 ms
INFO: at 1045.767 ms batch [51.770] delay 28.761 ms
INFO: at 1045.767 ms fetching 51.770 ms
INFO: at 1074.530 ms batch [51.770] delay 28.761 ms
INFO: at 1074.530 ms fetching 51.770 ms
INFO: at 1103.295 ms batch [51.770] delay 28.761 ms
INFO: at 1103.295 ms fetching 51.770 ms
INFO: at 1132.061 ms batch [51.770] delay 28.761 ms
INFO: at 1132.061 ms fetching 51.770 ms
INFO: at 1160.825 ms batch [51.770] delay 28.761 ms
INFO: at 1160.825 ms fetching 51.770 ms
INFO: at 1189.592 ms batch [51.770] delay 28.761 ms
INFO: at 1189.592 ms fetching 51.770 ms
INFO: at 1218.357 ms batch [51.770] delay 28.761 ms
INFO: at 1218.357 ms fetching 51.770 ms
INFO: at 1247.130 ms batch [51.770] delay 28.761 ms
INFO: at 1247.130 ms fetching 51.770 ms
INFO: at 1275.895 ms batch [51.770] delay 28.761 ms
INFO: at 1275.895 ms fetching 51.770 ms
INFO: at 1304.662 ms batch [51.770] delay 25.885 ms
INFO: at 1304.662 ms fetching 51.770 ms
INFO: at 1330.548 ms batch [51.770] delay 25.885 ms
INFO: at 1330.548 ms fetching 51.770 ms
INFO: at 1356.453 ms batch [51.770] delay 25.885 ms
INFO: at 1356.453 ms fetching 51.770 ms
INFO: at 1382.341 ms batch [51.770] delay 25.885 ms
INFO: at 1382.341 ms fetching 51.770 ms
INFO: at 1408.237 ms batch [51.770] delay 25.885 ms
INFO: at 1408.237 ms fetching 51.770 ms
INFO: at 1434.127 ms batch [51.770] delay 25.885 ms
INFO: at 1434.127 ms fetching 51.770 ms
INFO: at 1460.014 ms batch [51.770] delay 25.885 ms
INFO: at 1460.014 ms fetching 51.770 ms
INFO: at 1485.903 ms batch [51.770] delay 25.885 ms
INFO: at 1485.903 ms fetching 51.770 ms
INFO: at 1511.792 ms batch [51.770] delay 25.885 ms
INFO: at 1511.792 ms fetching 51.770 ms
INFO: at 1537.681 ms batch [51.770] delay 25.885 ms
INFO: at 1537.681 ms fetching 51.770 ms
INFO: at 1563.573 ms batch [51.770] delay 23.532 ms
INFO: at 1563.573 ms fetching 51.770 ms
INFO: at 1587.108 ms batch [51.770] delay 23.532 ms
INFO: at 1587.108 ms fetching 51.770 ms
INFO: at 1610.642 ms batch [51.770] delay 23.532 ms
INFO: at 1610.642 ms fetching 51.770 ms
INFO: at 1634.177 ms batch [51.770] delay 23.532 ms
INFO: at 1634.177 ms fetching 51.770 ms
INFO: at 1657.711 ms batch [51.770] delay 23.532 ms
INFO: at 1657.711 ms fetching 51.770 ms
INFO: at 1681.246 ms batch [51.770] delay 23.532 ms
INFO: at 1681.246 ms fetching 51.770 ms
INFO: at 1704.787 ms batch [51.770] delay 23.532 ms
INFO: at 1704.787 ms fetching 51.770 ms
INFO: at 1728.321 ms batch [51.770] delay 23.532 ms
INFO: at 1728.321 ms fetching 51.770 ms
INFO: at 1751.856 ms batch [51.770] delay 23.532 ms
INFO: at 1751.856 ms fetching 51.770 ms
INFO: at 1775.396 ms batch [51.770] delay 23.532 ms
INFO: at 1775.396 ms fetching 51.770 ms
INFO: at 1798.929 ms batch [51.770] delay 23.532 ms
INFO: at 1798.929 ms fetching 51.770 ms
INFO: at 1822.464 ms batch [51.770] delay 28.761 ms
INFO: at 1822.464 ms fetching 51.770 ms
INFO: at 1851.230 ms batch [51.770] delay 28.761 ms
INFO: at 1851.230 ms fetching 51.770 ms
INFO: at 1879.993 ms batch [51.770] delay 28.761 ms
INFO: at 1879.993 ms fetching 51.770 ms
INFO: at 1908.757 ms batch [51.770] delay 28.761 ms
INFO: at 1908.757 ms fetching 51.770 ms
INFO: at 1937.520 ms batch [51.770] delay 28.761 ms
INFO: at 1937.520 ms fetching 51.770 ms
INFO: at 1966.285 ms batch [51.770] delay 28.761 ms
INFO: at 1966.285 ms fetching 51.770 ms
INFO: at 1995.050 ms batch [51.770] delay 28.761 ms
INFO: at 1995.050 ms fetching 51.770 ms
INFO: at 2023.816 ms batch [51.770] delay 28.761 ms
INFO: at 2023.816 ms fetching 51.770 ms
INFO: at 2052.580 ms batch [51.770] delay 28.761 ms
INFO: at 2052.580 ms fetching 51.770 ms
INFO: at 2081.346 ms batch [51.770] delay 25.885 ms
INFO: at 2081.346 ms fetching 51.770 ms
INFO: at 2107.234 ms batch [51.770] delay 25.885 ms
INFO: at 2107.234 ms fetching 51.770 ms
INFO: at 2133.122 ms batch [51.770] delay 25.885 ms
INFO: at 2133.122 ms fetching 51.770 ms
INFO: at 2159.012 ms batch [51.770] delay 25.885 ms
INFO: at 2159.012 ms fetching 51.770 ms
INFO: at 2184.899 ms batch [51.770] delay 25.885 ms
INFO: at 2184.899 ms fetching 51.770 ms
INFO: at 2210.787 ms batch [51.770] delay 25.885 ms
INFO: at 2210.787 ms fetching 51.770 ms
INFO: at 2236.677 ms batch [51.770] delay 25.885 ms
INFO: at 2236.677 ms fetching 51.770 ms
INFO: at 2262.565 ms batch [51.770] delay 25.885 ms
INFO: at 2262.565 ms fetching 51.770 ms
INFO: at 2288.456 ms batch [51.770] delay 25.885 ms
INFO: at 2288.456 ms fetching 51.770 ms
INFO: at 2314.343 ms batch [51.770] delay 25.885 ms
INFO: at 2314.343 ms fetching 51.770 ms
INFO: at 2340.231 ms batch [51.770] delay 23.532 ms
INFO: at 2340.231 ms fetching 51.770 ms
INFO: at 2363.766 ms batch [51.770] delay 23.532 ms
INFO: at 2363.766 ms fetching 51.770 ms
INFO: at 2387.303 ms batch [51.770] delay 23.532 ms
INFO: at 2387.303 ms fetching 51.770 ms
INFO: at 2410.838 ms batch [51.770] delay 23.532 ms
INFO: at 2410.838 ms fetching 51.770 ms
INFO: at 2434.372 ms batch [51.770] delay 23.532 ms
INFO: at 2434.372 ms fetching 51.770 ms
INFO: at 2457.908 ms batch [51.770] delay 23.532 ms
INFO: at 2457.908 ms fetching 51.770 ms
INFO: at 2481.446 ms batch [51.770] delay 23.532 ms
INFO: at 2481.446 ms fetching 51.770 ms
INFO: at 2504.979 ms batch [51.770] delay 23.532 ms
INFO: at 2504.979 ms fetching 51.770 ms
INFO: at 2528.514 ms batch [51.770] delay 23.532 ms
INFO: at 2528.514 ms fetching 51.770 ms
INFO: at 2552.049 ms batch [51.770] delay 23.532 ms
INFO: at 2552.049 ms fetching 51.770 ms
INFO: at 2575.584 ms batch [51.770] delay 23.532 ms
INFO: at 2575.584 ms fetching 51.770 ms
INFO: at 2599.119 ms batch [51.770] delay 25.885 ms
INFO: at 2599.119 ms fetching 51.770 ms
INFO: at 2625.008 ms batch [51.770] delay 25.885 ms
INFO: at 2625.008 ms fetching 51.770 ms
INFO: at 2650.894 ms batch [51.770] delay 25.885 ms
INFO: at 2650.894 ms fetching 51.770 ms
INFO: at 2676.783 ms batch [51.770] delay 25.885 ms
INFO: at 2676.783 ms fetching 51.770 ms
INFO: at 2702.671 ms batch [51.770] delay 25.885 ms
INFO: at 2702.671 ms fetching 51.770 ms
INFO: at 2728.559 ms batch [51.770] delay 25.885 ms
INFO: at 2728.559 ms fetching 51.770 ms
INFO: at 2754.449 ms batch [51.770] delay 25.885 ms
INFO: at 2754.449 ms fetching 51.770 ms
INFO: at 2780.336 ms batch [51.770] delay 25.885 ms
INFO: at 2780.336 ms fetching 51.770 ms
INFO: at 2806.224 ms batch [51.770] delay 25.885 ms
INFO: at 2806.224 ms fetching 51.770 ms
INFO: at 2832.113 ms batch [51.770] delay 25.885 ms
INFO: at 2832.113 ms fetching 51.770 ms
INFO: at 2858.001 ms batch [51.770] delay 21.571 ms
INFO: at 2858.001 ms fetching 51.770 ms
INFO: at 2879.576 ms batch [51.770] delay 21.571 ms
INFO: at 2879.576 ms fetching 51.770 ms
INFO: at 2901.151 ms batch [51.770] delay 21.571 ms
INFO: at 2901.151 ms fetching 51.770 ms
INFO: at 2922.725 ms batch [51.770] delay 21.571 ms
INFO: at 2922.725 ms fetching 51.770 ms
INFO: at 2944.299 ms batch [51.770] delay 21.571 ms
INFO: at 2944.299 ms fetching 51.770 ms
INFO: at 2965.873 ms batch [51.770] delay 21.571 ms
INFO: at 2965.873 ms fetching 51.770 ms
INFO: at 2987.447 ms batch [51.770] delay 21.571 ms
INFO: at 2987.447 ms fetching 51.770 ms
INFO: at 3009.022 ms batch [51.770] delay 21.571 ms
INFO: at 3009.022 ms fetching 51.770 ms
INFO: at 3030.597 ms batch [51.770] delay 21.571 ms
INFO: at 3030.597 ms fetching 51.770 ms
INFO: at 3052.169 ms batch [51.770] delay 21.571 ms
INFO: at 3052.169 ms fetching 51.770 ms
INFO: at 3073.743 ms batch [51.770] delay 21.571 ms
INFO: at 3073.743 ms fetching 51.770 ms
INFO: at 3095.317 ms batch [51.770] delay 21.571 ms
INFO: at 3095.317 ms fetching 51.770 ms
INFO: at 3116.891 ms batch [51.770] delay 25.885 ms
INFO: at 3116.891 ms fetching 51.770 ms
INFO: at 3142.779 ms batch [51.770] delay 25.885 ms
INFO: at 3142.779 ms fetching 51.770 ms
INFO: at 3168.670 ms batch [51.770] delay 25.885 ms
INFO: at 3168.670 ms fetching 51.770 ms
INFO: at 3194.557 ms batch [51.770] delay 25.885 ms
INFO: at 3194.557 ms fetching 51.770 ms
INFO: at 3220.446 ms batch [51.770] delay 25.885 ms
INFO: at 3220.446 ms fetching 51.770 ms
INFO: at 3246.335 ms batch [51.770] delay 25.885 ms
INFO: at 3246.335 ms fetching 51.770 ms
INFO: at 3272.225 ms batch [51.770] delay 25.885 ms
INFO: at 3272.225 ms fetching 51.770 ms
INFO: at 3298.113 ms batch [51.770] delay 25.885 ms
INFO: at 3298.113 ms fetching 51.770 ms
INFO: at 3324.001 ms batch [51.770] delay 25.885 ms
INFO: at 3324.001 ms fetching 51.770 ms
INFO: at 3349.891 ms batch [51.770] delay 25.885 ms
INFO: at 3349.891 ms fetching 51.770 ms
INFO: at 3375.782 ms batch [51.770] delay 23.532 ms
INFO: at 3375.782 ms fetching 51.770 ms
INFO: at 3399.316 ms batch [51.770] delay 23.532 ms
INFO: at 3399.316 ms fetching 51.770 ms
INFO: at 3422.852 ms batch [51.770] delay 23.532 ms
INFO: at 3422.852 ms fetching 51.770 ms
INFO: at 3446.389 ms batch [51.770] delay 23.532 ms
INFO: at 3446.389 ms fetching 51.770 ms
INFO: at 3469.923 ms batch [51.770] delay 23.532 ms
INFO: at 3469.923 ms fetching 51.770 ms
INFO: at 3493.458 ms batch [51.770] delay 23.532 ms
INFO: at 3493.458 ms fetching 51.770 ms
INFO: at 3516.994 ms batch [51.770] delay 23.532 ms
INFO: at 3516.994 ms fetching 51.770 ms
INFO: at 3540.529 ms batch [51.770] delay 23.532 ms
INFO: at 3540.529 ms fetching 51.770 ms
INFO: at 3564.064 ms batch [51.770] delay 23.532 ms
INFO: at 3564.064 ms fetching 51.770 ms
INFO: at 3587.599 ms batch [51.770] delay 23.532 ms
INFO: at 3587.599 ms fetching 51.770 ms
INFO: at 3611.133 ms batch [51.770] delay 23.532 ms
INFO: at 3611.133 ms fetching 51.770 ms
INFO: at 3634.670 ms batch [51.770] delay 28.761 ms
INFO: at 3634.670 ms fetching 51.770 ms
INFO: at 3663.436 ms batch [51.770] delay 28.761 ms
INFO: at 3663.436 ms fetching 51.770 ms
INFO: at 3692.198 ms batch [51.770] delay 28.761 ms
INFO: at 3692.198 ms fetching 51.770 ms
INFO: at 3720.964 ms batch [51.770] delay 28.761 ms
INFO: at 3720.964 ms fetching 51.770 ms
INFO: at 3749.727 ms batch [51.770] delay 28.761 ms
INFO: at 3749.727 ms fetching 51.770 ms
INFO: at 3778.492 ms batch [51.770] delay 28.761 ms
INFO: at 3778.492 ms fetching 51.770 ms
INFO: at 3807.258 ms batch [51.770] delay 28.761 ms
INFO: at 3807.258 ms fetching 51.770 ms
INFO: at 3836.024 ms batch [51.770] delay 28.761 ms
INFO: at 3836.024 ms fetching 51.770 ms
INFO: at 3864.789 ms batch [51.770] delay 28.761 ms
INFO: at 3864.789 ms fetching 51.770 ms
INFO: at 3893.556 ms batch [51.770] delay 19.911 ms
INFO: at 3893.556 ms fetching 51.770 ms
INFO: at 3913.472 ms batch [51.770] delay 19.911 ms
INFO: at 3913.472 ms fetching 51.770 ms
INFO: at 3933.386 ms batch [51.770] delay 19.911 ms
INFO: at 3933.386 ms fetching 51.770 ms
INFO: at 3953.300 ms batch [51.770] delay 19.911 ms
INFO: at 3953.300 ms fetching 51.770 ms
INFO: at 3973.216 ms batch [51.770] delay 19.911 ms
INFO: at 3973.216 ms fetching 51.770 ms
INFO: at 3993.131 ms batch [51.770] delay 19.911 ms
INFO: at 3993.131 ms fetching 51.770 ms
INFO: at 4013.048 ms batch [51.770] delay 19.911 ms
INFO: at 4013.048 ms fetching 51.770 ms
INFO: at 4032.964 ms batch [51.770] delay 19.911 ms
INFO: at 4032.964 ms fetching 51.770 ms
INFO: at 4052.881 ms batch [51.770] delay 19.911 ms
INFO: at 4052.881 ms fetching 51.770 ms
INFO: at 4072.795 ms batch [51.770] delay 19.911 ms
INFO: at 4072.795 ms fetching 51.770 ms
INFO: at 4092.710 ms batch [51.770] delay 19.911 ms
INFO: at 4092.710 ms fetching 51.770 ms
INFO: at 4112.625 ms batch [51.770] delay 19.911 ms
INFO: at 4112.625 ms fetching 51.770 ms
INFO: at 4132.540 ms batch [51.770] delay 19.911 ms
INFO: at 4132.540 ms fetching 51.770 ms
INFO: at 4152.454 ms batch [51.770] delay 28.761 ms
INFO: at 4152.454 ms fetching 51.770 ms
INFO: at 4181.219 ms batch [51.770] delay 28.761 ms
INFO: at 4181.219 ms fetching 51.770 ms
INFO: at 4209.987 ms batch [51.770] delay 28.761 ms
INFO: at 4209.987 ms fetching 51.770 ms
INFO: at 4238.750 ms batch [51.770] delay 28.761 ms
INFO: at 4238.750 ms fetching 51.770 ms
INFO: at 4267.515 ms batch [51.770] delay 28.761 ms
INFO: at 4267.515 ms fetching 51.770 ms
INFO: at 4296.279 ms batch [51.770] delay 28.761 ms
INFO: at 4296.279 ms fetching 51.770 ms
INFO: at 4325.045 ms batch [51.770] delay 28.761 ms
INFO: at 4325.045 ms fetching 51.770 ms
INFO: at 4353.811 ms batch [51.770] delay 28.761 ms
INFO: at 4353.811 ms fetching 51.770 ms
INFO: at 4382.577 ms batch [51.770] delay 28.761 ms
INFO: at 4382.577 ms fetching 51.770 ms
INFO: at 4411.343 ms batch [51.770] delay 43.141 ms
INFO: at 4411.343 ms fetching 51.770 ms
INFO: at 4454.491 ms batch [51.770] delay 43.141 ms
INFO: at 4454.491 ms fetching 51.770 ms
INFO: at 4497.635 ms batch [51.770] delay 43.141 ms
INFO: at 4497.635 ms fetching 51.770 ms
INFO: at 4540.779 ms batch [51.770] delay 43.141 ms
INFO: at 4540.779 ms fetching 51.770 ms
INFO: at 4583.926 ms batch [51.770] delay 43.141 ms
INFO: at 4583.926 ms fetching 51.770 ms
INFO: at 4627.075 ms batch [51.770] delay 43.141 ms
INFO: at 4627.075 ms fetching 51.770 ms
INFO: at 4670.218 ms batch [51.770] delay 28.761 ms
INFO: at 4670.218 ms fetching 51.770 ms
INFO: at 4698.983 ms batch [51.770] delay 28.761 ms
INFO: at 4698.983 ms fetching 51.770 ms
INFO: at 4727.750 ms batch [51.770] delay 28.761 ms
INFO: at 4727.750 ms fetching 51.770 ms
INFO: at 4756.515 ms batch [51.770] delay 28.761 ms
INFO: at 4756.515 ms fetching 51.770 ms
INFO: at 4785.282 ms batch [51.770] delay 28.761 ms
INFO: at 4785.282 ms fetching 51.770 ms
INFO: at 4814.046 ms batch [51.770] delay 28.761 ms
INFO: at 4814.046 ms fetching 51.770 ms
INFO: at 4842.812 ms batch [51.770] delay 28.761 ms
INFO: at 4842.812 ms fetching 51.770 ms
INFO: at 4871.577 ms batch [51.770] delay 28.761 ms
INFO: at 4871.577 ms fetching 51.770 ms
INFO: at 4900.343 ms batch [51.770] delay 28.761 ms
INFO: at 4900.343 ms fetching 51.770 ms
INFO: at 4929.109 ms batch [51.770] delay 28.761 ms
INFO: at 4929.109 ms fetching 51.770 ms
INFO: at 4957.873 ms batch [51.770] delay 28.761 ms
INFO: at 4957.873 ms fetching 51.770 ms
INFO: at 4986.647 ms batch [51.770] delay 28.761 ms
INFO: at 4986.647 ms fetching 51.770 ms
INFO: at 5015.413 ms batch [51.770] delay 28.761 ms
INFO: at 5015.413 ms fetching 51.770 ms
INFO: at 5044.178 ms batch [51.770] delay 28.761 ms
INFO: at 5044.178 ms fetching 51.770 ms
INFO: at 5072.944 ms batch [51.770] delay 28.761 ms
INFO: at 5072.944 ms fetching 51.770 ms
INFO: at 5101.707 ms batch [51.770] delay 28.761 ms
INFO: at 5101.707 ms fetching 51.770 ms
INFO: at 5130.473 ms batch [51.770] delay 28.761 ms
INFO: at 5130.473 ms fetching 51.770 ms
INFO: at 5159.239 ms batch [51.770] delay 28.761 ms
INFO: at 5159.239 ms fetching 51.770 ms
INFO: at 5188.002 ms batch [51.770] delay 43.141 ms
INFO: at 5188.002 ms fetching 51.770 ms
INFO: at 5231.150 ms batch [51.770] delay 43.141 ms
INFO: at 5231.150 ms fetching 51.770 ms
INFO: at 5274.297 ms batch [51.770] delay 43.141 ms
INFO: at 5274.297 ms fetching 51.770 ms
INFO: at 5317.441 ms batch [51.770] delay 43.141 ms
INFO: at 5317.441 ms fetching 51.770 ms
INFO: at 5360.585 ms batch [51.770] delay 43.141 ms
INFO: at 5360.585 ms fetching 51.770 ms
INFO: at 5403.733 ms batch [51.770] delay 43.141 ms
INFO: at 5403.733 ms fetching 51.770 ms
INFO: at 5446.880 ms batch [51.770] delay 23.532 ms
INFO: at 5446.880 ms fetching 51.770 ms
INFO: at 5470.414 ms batch [51.770] delay 23.532 ms
INFO: at 5470.414 ms fetching 51.770 ms
INFO: at 5493.949 ms batch [51.770] delay 23.532 ms
INFO: at 5493.949 ms fetching 51.770 ms
INFO: at 5517.485 ms batch [51.770] delay 23.532 ms
INFO: at 5517.485 ms fetching 51.770 ms
INFO: at 5541.020 ms batch [51.770] delay 23.532 ms
INFO: at 5541.020 ms fetching 51.770 ms
INFO: at 5564.557 ms batch [51.770] delay 23.532 ms
INFO: at 5564.557 ms fetching 51.770 ms
INFO: at 5588.093 ms batch [51.770] delay 23.532 ms
INFO: at 5588.093 ms fetching 51.770 ms
INFO: at 5611.628 ms batch [51.770] delay 23.532 ms
INFO: at 5611.628 ms fetching 51.770 ms
INFO: at 5635.164 ms batch [51.770] delay 23.532 ms
INFO: at 5635.164 ms fetching 51.770 ms
INFO: at 5658.698 ms batch [51.770] delay 23.532 ms
INFO: at 5658.698 ms fetching 51.770 ms
INFO: at 5682.235 ms batch [51.770] delay 23.532 ms
INFO: at 5682.235 ms fetching 51.770 ms
INFO: at 5705.770 ms batch [51.770] delay 25.885 ms
INFO: at 5705.770 ms fetching 51.770 ms
INFO: at 5731.657 ms batch [51.770] delay 25.885 ms
INFO: at 5731.657 ms fetching 51.770 ms
INFO: at 5757.545 ms batch [51.770] delay 25.885 ms
INFO: at 5757.545 ms fetching 51.770 ms
INFO: at 5783.434 ms batch [51.770] delay 25.885 ms
INFO: at 5783.434 ms fetching 51.770 ms
INFO: at 5809.323 ms batch [51.770] delay 25.885 ms
INFO: at 5809.323 ms fetching 51.770 ms
INFO: at 5835.214 ms batch [51.770] delay 25.885 ms
INFO: at 5835.214 ms fetching 51.770 ms
INFO: at 5861.103 ms batch [51.770] delay 25.885 ms
INFO: at 5861.103 ms fetching 51.770 ms
INFO: at 5886.992 ms batch [51.770] delay 25.885 ms
INFO: at 5886.992 ms fetching 51.770 ms
INFO: at 5912.882 ms batch [51.770] delay 25.885 ms
INFO: at 5912.882 ms fetching 51.770 ms
INFO: at 5938.768 ms batch [51.770] delay 25.885 ms
INFO: at 5938.768 ms fetching 51.770 ms
INFO: at 5964.662 ms batch [51.770] delay 23.532 ms
INFO: at 5964.662 ms fetching 51.770 ms
INFO: at 5988.198 ms batch [51.770] delay 23.532 ms
INFO: at 5988.198 ms fetching 51.770 ms
INFO: at 6011.733 ms batch [51.770] delay 23.532 ms
INFO: at 6011.733 ms fetching 51.770 ms
INFO: at 6035.268 ms batch [51.770] delay 23.532 ms
INFO: at 6035.268 ms fetching 51.770 ms
INFO: at 6058.804 ms batch [51.770] delay 23.532 ms
INFO: at 6058.804 ms fetching 51.770 ms
INFO: at 6082.340 ms batch [51.770] delay 23.532 ms
INFO: at 6082.340 ms fetching 51.770 ms
INFO: at 6105.875 ms batch [51.770] delay 23.532 ms
INFO: at 6105.875 ms fetching 51.770 ms
INFO: at 6129.408 ms batch [51.770] delay 23.532 ms
INFO: at 6129.408 ms fetching 51.770 ms
INFO: at 6152.943 ms batch [51.770] delay 23.532 ms
INFO: at 6152.943 ms fetching 51.770 ms
INFO: at 6176.478 ms batch [51.770] delay 23.532 ms
INFO: at 6176.478 ms fetching 51.770 ms
INFO: at 6200.014 ms batch [51.770] delay 23.532 ms
INFO: at 6200.014 ms fetching 51.770 ms
INFO: at 6223.556 ms batch [51.770] delay 23.532 ms
INFO: at 6223.556 ms fetching 51.770 ms
INFO: at 6247.092 ms batch [51.770] delay 23.532 ms
INFO: at 6247.092 ms fetching 51.770 ms
INFO: at 6270.625 ms batch [51.770] delay 23.532 ms
INFO: at 6270.625 ms fetching 51.770 ms
INFO: at 6294.160 ms batch [51.770] delay 23.532 ms
INFO: at 6294.160 ms fetching 51.770 ms
INFO: at 6317.696 ms batch [51.770] delay 23.532 ms
INFO: at 6317.696 ms fetching 51.770 ms
INFO: at 6341.230 ms batch [51.770] delay 23.532 ms
INFO: at 6341.230 ms fetching 51.770 ms
INFO: at 6364.764 ms batch [51.770] delay 23.532 ms
INFO: at 6364.764 ms fetching 51.770 ms
INFO: at 6388.300 ms batch [51.770] delay 23.532 ms
INFO: at 6388.300 ms fetching 51.770 ms
INFO: at 6411.835 ms batch [51.770] delay 23.532 ms
INFO: at 6411.835 ms fetching 51.770 ms
INFO: at 6435.369 ms batch [51.770] delay 23.532 ms
INFO: at 6435.369 ms fetching 51.770 ms
INFO: at 6458.905 ms batch [51.770] delay 23.532 ms
INFO: at 6458.905 ms fetching 51.770 ms
INFO: at 6482.439 ms batch [51.770] delay 18.489 ms
INFO: at 6482.439 ms fetching 51.770 ms
INFO: at 6500.931 ms batch [51.770] delay 18.489 ms
INFO: at 6500.931 ms fetching 51.770 ms
INFO: at 6519.424 ms batch [51.770] delay 18.489 ms
INFO: at 6519.424 ms fetching 51.770 ms
INFO: at 6537.916 ms batch [51.770] delay 18.489 ms
INFO: at 6537.916 ms fetching 51.770 ms
INFO: at 6556.408 ms batch [51.770] delay 18.489 ms
INFO: at 6556.408 ms fetching 51.770 ms
INFO: at 6574.901 ms batch [51.770] delay 18.489 ms
INFO: at 6574.901 ms fetching 51.770 ms
INFO: at 6593.393 ms batch [51.770] delay 18.489 ms
INFO: at 6593.393 ms fetching 51.770 ms
INFO: at 6611.885 ms batch [51.770] delay 18.489 ms
INFO: at 6611.885 ms fetching 51.770 ms
INFO: at 6630.382 ms batch [51.770] delay 18.489 ms
INFO: at 6630.382 ms fetching 51.770 ms
INFO: at 6648.873 ms batch [51.770] delay 18.489 ms
INFO: at 6648.873 ms fetching 51.770 ms
INFO: at 6667.367 ms batch [51.770] delay 18.489 ms
INFO: at 6667.367 ms fetching 51.770 ms
INFO: at 6685.863 ms batch [51.770] delay 18.489 ms
INFO: at 6685.863 ms fetching 51.770 ms
INFO: at 6704.355 ms batch [51.770] delay 18.489 ms
INFO: at 6704.355 ms fetching 51.770 ms
INFO: at 6722.848 ms batch [51.770] delay 18.489 ms
INFO: at 6722.848 ms fetching 51.770 ms
INFO: at 6741.340 ms batch [51.770] delay 25.885 ms
INFO: at 6741.340 ms fetching 51.770 ms
INFO: at 6767.227 ms batch [51.770] delay 25.885 ms
INFO: at 6767.227 ms fetching 51.770 ms
INFO: at 6793.115 ms batch [51.770] delay 25.885 ms
INFO: at 6793.115 ms fetching 51.770 ms
INFO: at 6819.004 ms batch [51.770] delay 25.885 ms
INFO: at 6819.004 ms fetching 51.770 ms
INFO: at 6844.891 ms batch [51.770] delay 25.885 ms
INFO: at 6844.891 ms fetching 51.770 ms
INFO: at 6870.779 ms batch [51.770] delay 25.885 ms
INFO: at 6870.779 ms fetching 51.770 ms
INFO: at 6896.668 ms batch [51.770] delay 25.885 ms
INFO: at 6896.668 ms fetching 51.770 ms
INFO: at 6922.555 ms batch [51.770] delay 25.885 ms
INFO: at 6922.555 ms fetching 51.770 ms
INFO: at 6948.443 ms batch [51.770] delay 25.885 ms
INFO: at 6948.443 ms fetching 51.770 ms
INFO: at 6974.332 ms batch [51.770] delay 25.885 ms
INFO: at 6974.332 ms fetching 51.770 ms
INFO: at 7000.220 ms batch [51.770] delay 21.571 ms
INFO: at 7000.220 ms fetching 51.770 ms
INFO: at 7021.794 ms batch [51.770] delay 21.571 ms
INFO: at 7021.794 ms fetching 51.770 ms
INFO: at 7043.369 ms batch [51.770] delay 21.571 ms
INFO: at 7043.369 ms fetching 51.770 ms
INFO: at 7064.942 ms batch [51.770] delay 21.571 ms
INFO: at 7064.942 ms fetching 51.770 ms
INFO: at 7086.521 ms batch [51.770] delay 21.571 ms
INFO: at 7086.521 ms fetching 51.770 ms
INFO: at 7108.095 ms batch [51.770] delay 21.571 ms
INFO: at 7108.095 ms fetching 51.770 ms
INFO: at 7129.669 ms batch [51.770] delay 21.571 ms
INFO: at 7129.669 ms fetching 51.770 ms
INFO: at 7151.243 ms batch [51.770] delay 21.571 ms
INFO: at 7151.243 ms fetching 51.770 ms
INFO: at 7172.818 ms batch [51.770] delay 21.571 ms
INFO: at 7172.818 ms fetching 51.770 ms
INFO: at 7194.392 ms batch [51.770] delay 21.571 ms
INFO: at 7194.392 ms fetching 51.770 ms
INFO: at 7215.966 ms batch [51.770] delay 21.571 ms
INFO: at 7215.966 ms fetching 51.770 ms
INFO: at 7237.541 ms batch [51.770] delay 21.571 ms
INFO: at 7237.541 ms fetching 51.770 ms
INFO: at 7259.115 ms batch [51.770] delay 25.885 ms
INFO: at 7259.115 ms fetching 51.770 ms
INFO: at 7285.004 ms batch [51.770] delay 25.885 ms
INFO: at 7285.004 ms fetching 51.770 ms
INFO: at 7310.892 ms batch [51.770] delay 25.885 ms
INFO: at 7310.892 ms fetching 51.770 ms
INFO: at 7336.780 ms batch [51.770] delay 25.885 ms
INFO: at 7336.780 ms fetching 51.770 ms
INFO: at 7362.670 ms batch [51.770] delay 25.885 ms
INFO: at 7362.670 ms fetching 51.770 ms
INFO: at 7388.557 ms batch [51.770] delay 25.885 ms
INFO: at 7388.557 ms fetching 51.770 ms
INFO: at 7414.444 ms batch [51.770] delay 25.885 ms
INFO: at 7414.444 ms fetching 51.770 ms
INFO: at 7440.334 ms batch [51.770] delay 25.885 ms
INFO: at 7440.334 ms fetching 51.770 ms
INFO: at 7466.222 ms batch [51.770] delay 25.885 ms
INFO: at 7466.222 ms fetching 51.770 ms
INFO: at 7492.111 ms batch [51.770] delay 25.885 ms
INFO: at 7492.111 ms fetching 51.770 ms
INFO: at 7518.000 ms batch [51.770] delay 28.761 ms
INFO: at 7518.000 ms fetching 51.770 ms
INFO: at 7546.765 ms batch [51.770] delay 28.761 ms
INFO: at 7546.765 ms fetching 51.770 ms
INFO: at 7575.530 ms batch [51.770] delay 28.761 ms
INFO: at 7575.530 ms fetching 51.770 ms
INFO: at 7604.295 ms batch [51.770] delay 28.761 ms
INFO: at 7604.295 ms fetching 51.770 ms
INFO: at 7633.060 ms batch [51.770] delay 28.761 ms
INFO: at 7633.060 ms fetching 51.770 ms
INFO: at 7661.825 ms batch [51.770] delay 28.761 ms
INFO: at 7661.825 ms fetching 51.770 ms
INFO: at 7690.588 ms batch [51.770] delay 28.761 ms
INFO: at 7690.588 ms fetching 51.770 ms
INFO: at 7719.353 ms batch [51.770] delay 28.761 ms
INFO: at 7719.353 ms fetching 51.770 ms
INFO: at 7748.119 ms batch [51.770] delay 28.761 ms
INFO: at 7748.119 ms fetching 51.770 ms
INFO: at 7776.883 ms batch [51.770] delay 32.356 ms
INFO: at 7776.883 ms fetching 51.770 ms
INFO: at 7809.242 ms batch [51.770] delay 32.356 ms
INFO: at 7809.242 ms fetching 51.770 ms
INFO: at 7841.600 ms batch [51.770] delay 32.356 ms
INFO: at 7841.600 ms fetching 51.770 ms
INFO: at 7873.958 ms batch [51.770] delay 32.356 ms
INFO: at 7873.958 ms fetching 51.770 ms
INFO: at 7906.318 ms batch [51.770] delay 32.356 ms
INFO: at 7906.318 ms fetching 51.770 ms
INFO: at 7938.676 ms batch [51.770] delay 32.356 ms
INFO: at 7938.676 ms fetching 51.770 ms
INFO: at 7971.037 ms batch [51.770] delay 32.356 ms
INFO: at 7971.037 ms fetching 51.770 ms
INFO: at 8003.395 ms batch [51.770] delay 32.356 ms
INFO: at 8003.395 ms fetching 51.770 ms
INFO: at 8035.755 ms batch [51.770] delay 36.978 ms
INFO: at 8035.755 ms fetching 51.770 ms
INFO: at 8072.735 ms batch [51.770] delay 36.978 ms
INFO: at 8072.735 ms fetching 51.770 ms
INFO: at 8109.716 ms batch [51.770] delay 36.978 ms
INFO: at 8109.716 ms fetching 51.770 ms
INFO: at 8146.696 ms batch [51.770] delay 36.978 ms
INFO: at 8146.696 ms fetching 51.770 ms
INFO: at 8183.679 ms batch [51.770] delay 36.978 ms
INFO: at 8183.679 ms fetching 51.770 ms
INFO: at 8220.662 ms batch [51.770] delay 36.978 ms
INFO: at 8220.662 ms fetching 51.770 ms
INFO: at 8257.642 ms batch [51.770] delay 36.978 ms
INFO: at 8257.642 ms fetching 51.770 ms
INFO: at 8294.624 ms batch [51.770] delay 28.761 ms
INFO: at 8294.624 ms fetching 51.770 ms
INFO: at 8323.388 ms batch [51.770] delay 28.761 ms
INFO: at 8323.388 ms fetching 51.770 ms
INFO: at 8352.153 ms batch [51.770] delay 28.761 ms
INFO: at 8352.153 ms fetching 51.770 ms
INFO: at 8380.915 ms batch [51.770] delay 28.761 ms
INFO: at 8380.915 ms fetching 51.770 ms
INFO: at 8409.679 ms batch [51.770] delay 28.761 ms
INFO: at 8409.679 ms fetching 51.770 ms
INFO: at 8438.443 ms batch [51.770] delay 28.761 ms
INFO: at 8438.443 ms fetching 51.770 ms
INFO: at 8467.209 ms batch [51.770] delay 28.761 ms
INFO: at 8467.209 ms fetching 51.770 ms
INFO: at 8495.972 ms batch [51.770] delay 28.761 ms
INFO: at 8495.972 ms fetching 51.770 ms
INFO: at 8524.737 ms batch [51.770] delay 28.761 ms
INFO: at 8524.737 ms fetching 51.770 ms
INFO: at 8553.501 ms batch [51.770] delay 36.978 ms
INFO: at 8553.501 ms fetching 51.770 ms
INFO: at 8590.481 ms batch [51.770] delay 36.978 ms
INFO: at 8590.481 ms fetching 51.770 ms
INFO: at 8627.463 ms batch [51.770] delay 36.978 ms
INFO: at 8627.463 ms fetching 51.770 ms
INFO: at 8664.446 ms batch [51.770] delay 36.978 ms
INFO: at 8664.446 ms fetching 51.770 ms
INFO: at 8701.426 ms batch [51.770] delay 36.978 ms
INFO: at 8701.426 ms fetching 51.770 ms
INFO: at 8738.407 ms batch [51.770] delay 36.978 ms
INFO: at 8738.407 ms fetching 51.770 ms
INFO: at 8775.387 ms batch [51.770] delay 36.978 ms
INFO: at 8775.387 ms fetching 51.770 ms
INFO: at 8812.369 ms batch [51.770] delay 21.571 ms
INFO: at 8812.369 ms fetching 51.770 ms
INFO: at 8833.943 ms batch [51.770] delay 21.571 ms
INFO: at 8833.943 ms fetching 51.770 ms
INFO: at 8855.518 ms batch [51.770] delay 21.571 ms
INFO: at 8855.518 ms fetching 51.770 ms
INFO: at 8877.091 ms batch [51.770] delay 21.571 ms
INFO: at 8877.091 ms fetching 51.770 ms
INFO: at 8898.664 ms batch [51.770] delay 21.571 ms
INFO: at 8898.664 ms fetching 51.770 ms
INFO: at 8920.238 ms batch [51.770] delay 21.571 ms
INFO: at 8920.238 ms fetching 51.770 ms
INFO: at 8941.812 ms batch [51.770] delay 21.571 ms
INFO: at 8941.812 ms fetching 51.770 ms
INFO: at 8963.386 ms batch [51.770] delay 21.571 ms
INFO: at 8963.386 ms fetching 51.770 ms
INFO: at 8984.960 ms batch [51.770] delay 21.571 ms
INFO: at 8984.960 ms fetching 51.770 ms
INFO: at 9006.535 ms batch [51.770] delay 21.571 ms
INFO: at 9006.535 ms fetching 51.770 ms
INFO: at 9028.108 ms batch [51.770] delay 21.571 ms
INFO: at 9028.108 ms fetching 51.770 ms
INFO: at 9049.682 ms batch [51.770] delay 21.571 ms
INFO: at 9049.682 ms fetching 51.770 ms
INFO: at 9071.257 ms batch [51.770] delay 28.761 ms
INFO: at 9071.257 ms fetching 51.770 ms
INFO: at 9100.021 ms batch [51.770] delay 28.761 ms
INFO: at 9100.021 ms fetching 51.770 ms
INFO: at 9128.786 ms batch [51.770] delay 28.761 ms
INFO: at 9128.786 ms fetching 51.770 ms
INFO: at 9157.549 ms batch [51.770] delay 28.761 ms
INFO: at 9157.549 ms fetching 51.770 ms
INFO: at 9186.313 ms batch [51.770] delay 28.761 ms
INFO: at 9186.313 ms fetching 51.770 ms
INFO: at 9215.076 ms batch [51.770] delay 28.761 ms
INFO: at 9215.076 ms fetching 51.770 ms
INFO: at 9243.841 ms batch [51.770] delay 28.761 ms
INFO: at 9243.841 ms fetching 51.770 ms
INFO: at 9272.606 ms batch [51.770] delay 28.761 ms
INFO: at 9272.606 ms fetching 51.770 ms
INFO: at 9301.371 ms batch [51.770] delay 28.761 ms
INFO: at 9301.371 ms fetching 51.770 ms
INFO: at 9330.134 ms batch [51.770] delay 28.761 ms
INFO: at 9330.134 ms fetching 51.770 ms
INFO: at 9358.900 ms batch [51.770] delay 28.761 ms
INFO: at 9358.900 ms fetching 51.770 ms
INFO: at 9387.665 ms batch [51.770] delay 28.761 ms
INFO: at 9387.665 ms fetching 51.770 ms
INFO: at 9416.427 ms batch [51.770] delay 28.761 ms
INFO: at 9416.427 ms fetching 51.770 ms
INFO: at 9445.191 ms batch [51.770] delay 28.761 ms
INFO: at 9445.191 ms fetching 51.770 ms
INFO: at 9473.954 ms batch [51.770] delay 28.761 ms
INFO: at 9473.954 ms fetching 51.770 ms
INFO: at 9502.719 ms batch [51.770] delay 28.761 ms
INFO: at 9502.719 ms fetching 51.770 ms
INFO: at 9531.483 ms batch [51.770] delay 28.761 ms
INFO: at 9531.483 ms fetching 51.770 ms
INFO: at 9560.248 ms batch [51.770] delay 28.761 ms
INFO: at 9560.248 ms fetching 51.770 ms
INFO: at 9589.012 ms batch [51.770] delay 32.356 ms
INFO: at 9589.012 ms fetching 51.770 ms
INFO: at 9621.370 ms batch [51.770] delay 32.356 ms
INFO: at 9621.370 ms fetching 51.770 ms
INFO: at 9653.730 ms batch [51.770] delay 32.356 ms
INFO: at 9653.730 ms fetching 51.770 ms
INFO: at 9686.088 ms batch [51.770] delay 32.356 ms
INFO: at 9686.088 ms fetching 51.770 ms
INFO: at 9718.447 ms batch [51.770] delay 32.356 ms
INFO: at 9718.447 ms fetching 51.770 ms
INFO: at 9750.804 ms batch [51.770] delay 32.356 ms
INFO: at 9750.804 ms fetching 51.770 ms
INFO: at 9783.165 ms batch [51.770] delay 32.356 ms
INFO: at 9783.165 ms fetching 51.770 ms
INFO: at 9815.522 ms batch [51.770] delay 32.356 ms
INFO: at 9815.522 ms fetching 51.770 ms
INFO: at 9847.916 ms batch [51.770] delay 32.356 ms
INFO: at 9847.916 ms fetching 51.770 ms
INFO: at 9880.274 ms batch [51.770] delay 32.356 ms
INFO: at 9880.274 ms fetching 51.770 ms
INFO: at 9912.634 ms batch [51.770] delay 32.356 ms
INFO: at 9912.634 ms fetching 51.770 ms
INFO: at 9944.992 ms batch [51.770] delay 32.356 ms
INFO: at 9944.992 ms fetching 51.770 ms
INFO: at 9977.356 ms batch [51.770] delay 32.356 ms
INFO: at 9977.356 ms fetching 51.770 ms
INFO: at 10009.715 ms batch [51.770] delay 32.356 ms
INFO: at 10009.715 ms fetching 51.770 ms
INFO: at 10042.075 ms batch [51.770] delay 32.356 ms
INFO: at 10042.075 ms fetching 51.770 ms
INFO: at 10074.432 ms batch [51.770] delay 32.356 ms
INFO: at 10074.432 ms fetching 51.770 ms
INFO: at 10106.792 ms batch [51.770] delay 8.926 ms
INFO: at 10106.792 ms fetching 51.770 ms
INFO: at 10115.720 ms batch [51.770] delay 8.926 ms
INFO: at 10115.720 ms fetching 51.770 ms
INFO: at 10124.650 ms batch [51.770] delay 8.926 ms
INFO: at 10124.650 ms fetching 51.770 ms
INFO: at 10133.578 ms batch [51.770] delay 8.926 ms
INFO: at 10133.578 ms fetching 51.770 ms
INFO: at 10142.505 ms batch [51.770] delay 8.926 ms
INFO: at 10142.505 ms fetching 51.770 ms
INFO: at 10151.433 ms batch [51.770] delay 8.926 ms
INFO: at 10151.433 ms fetching 51.770 ms
INFO: at 10160.362 ms batch [51.770] delay 8.926 ms
INFO: at 10160.362 ms fetching 51.770 ms
INFO: at 10169.290 ms batch [51.770] delay 8.926 ms
INFO: at 10169.290 ms fetching 51.770 ms
INFO: at 10178.218 ms batch [51.770] delay 8.926 ms
INFO: at 10178.218 ms fetching 51.770 ms
INFO: at 10187.146 ms batch [51.770] delay 8.926 ms
INFO: at 10187.146 ms fetching 51.770 ms
INFO: at 10196.074 ms batch [51.770] delay 8.926 ms
INFO: at 10196.074 ms fetching 51.770 ms
INFO: at 10205.001 ms batch [51.770] delay 8.926 ms
INFO: at 10205.001 ms fetching 51.770 ms
INFO: at 10213.929 ms batch [51.770] delay 8.926 ms
INFO: at 10213.929 ms fetching 51.770 ms
INFO: at 10222.857 ms batch [51.770] delay 8.926 ms
INFO: at 10222.857 ms fetching 51.770 ms
INFO: at 10231.785 ms batch [51.770] delay 8.926 ms
INFO: at 10231.785 ms fetching 51.770 ms
INFO: at 10240.713 ms batch [51.770] delay 8.926 ms
INFO: at 10240.713 ms fetching 51.770 ms
INFO: at 10249.642 ms batch [51.770] delay 8.926 ms
INFO: at 10249.642 ms fetching 51.770 ms
INFO: at 10258.570 ms batch [51.770] delay 8.926 ms
INFO: at 10258.570 ms fetching 51.770 ms
INFO: at 10267.498 ms batch [51.770] delay 8.926 ms
INFO: at 10267.498 ms fetching 51.770 ms
INFO: at 10276.425 ms batch [51.770] delay 8.926 ms
INFO: at 10276.425 ms fetching 51.770 ms
INFO: at 10285.353 ms batch [51.770] delay 8.926 ms
INFO: at 10285.353 ms fetching 51.770 ms
INFO: at 10294.280 ms batch [51.770] delay 8.926 ms
INFO: at 10294.280 ms fetching 51.770 ms
INFO: at 10303.209 ms batch [51.770] delay 8.926 ms
INFO: at 10303.209 ms fetching 51.770 ms
INFO: at 10312.137 ms batch [51.770] delay 8.926 ms
INFO: at 10312.137 ms fetching 51.770 ms
INFO: at 10321.064 ms batch [51.770] delay 8.926 ms
INFO: at 10321.064 ms fetching 51.770 ms
INFO: at 10329.992 ms batch [51.770] delay 8.926 ms
INFO: at 10329.992 ms fetching 51.770 ms
INFO: at 10338.920 ms batch [51.770] delay 8.926 ms
INFO: at 10338.920 ms fetching 51.770 ms
INFO: at 10347.849 ms batch [51.770] delay 8.926 ms
INFO: at 10347.849 ms fetching 51.770 ms
INFO: at 10356.776 ms batch [51.770] delay 8.926 ms
INFO: at 10356.776 ms fetching 51.770 ms
INFO: at 10365.704 ms batch [51.770] delay 23.532 ms
INFO: at 10365.704 ms fetching 51.770 ms
INFO: at 10389.239 ms batch [51.770] delay 23.532 ms
INFO: at 10389.239 ms fetching 51.770 ms
INFO: at 10412.774 ms batch [51.770] delay 23.532 ms
INFO: at 10412.774 ms fetching 51.770 ms
INFO: at 10436.309 ms batch [51.770] delay 23.532 ms
INFO: at 10436.309 ms fetching 51.770 ms
INFO: at 10459.844 ms batch [51.770] delay 23.532 ms
INFO: at 10459.844 ms fetching 51.770 ms
INFO: at 10483.380 ms batch [51.770] delay 23.532 ms
INFO: at 10483.380 ms fetching 51.770 ms
INFO: at 10506.913 ms batch [51.770] delay 23.532 ms
INFO: at 10506.913 ms fetching 51.770 ms
INFO: at 10530.449 ms batch [51.770] delay 23.532 ms
INFO: at 10530.449 ms fetching 51.770 ms
INFO: at 10553.984 ms batch [51.770] delay 23.532 ms
INFO: at 10553.984 ms fetching 51.770 ms
INFO: at 10577.517 ms batch [51.770] delay 23.532 ms
INFO: at 10577.517 ms fetching 51.770 ms
INFO: at 10601.053 ms batch [51.770] delay 23.532 ms
INFO: at 10601.053 ms fetching 51.770 ms
INFO: at 10624.588 ms batch [51.770] delay 25.885 ms
INFO: at 10624.588 ms fetching 51.770 ms
INFO: at 10650.474 ms batch [51.770] delay 25.885 ms
INFO: at 10650.474 ms fetching 51.770 ms
INFO: at 10676.364 ms batch [51.770] delay 25.885 ms
INFO: at 10676.364 ms fetching 51.770 ms
INFO: at 10702.251 ms batch [51.770] delay 25.885 ms
INFO: at 10702.251 ms fetching 51.770 ms
INFO: at 10728.141 ms batch [51.770] delay 25.885 ms
INFO: at 10728.141 ms fetching 51.770 ms
INFO: at 10754.030 ms batch [51.770] delay 25.885 ms
INFO: at 10754.030 ms fetching 51.770 ms
INFO: at 10779.922 ms batch [51.770] delay 25.885 ms
INFO: at 10779.922 ms fetching 51.770 ms
INFO: at 10805.810 ms batch [51.770] delay 25.885 ms
INFO: at 10805.810 ms fetching 51.770 ms
INFO: at 10831.699 ms batch [51.770] delay 25.885 ms
INFO: at 10831.699 ms fetching 51.770 ms
INFO: at 10857.586 ms batch [51.770] delay 25.885 ms
INFO: at 10857.586 ms fetching 51.770 ms
INFO: at 10883.474 ms batch [51.770] delay 32.356 ms
INFO: at 10883.474 ms fetching 51.770 ms
INFO: at 10915.834 ms batch [51.770] delay 32.356 ms
INFO: at 10915.834 ms fetching 51.770 ms
INFO: at 10948.193 ms batch [51.770] delay 32.356 ms
INFO: at 10948.193 ms fetching 51.770 ms
INFO: at 10980.551 ms batch [51.770] delay 32.356 ms
INFO: at 10980.551 ms fetching 51.770 ms
INFO: at 11012.912 ms batch [51.770] delay 32.356 ms
INFO: at 11012.912 ms fetching 51.770 ms
INFO: at 11045.269 ms batch [51.770] delay 32.356 ms
INFO: at 11045.269 ms fetching 51.770 ms
INFO: at 11077.629 ms batch [51.770] delay 32.356 ms
INFO: at 11077.629 ms fetching 51.770 ms
INFO: at 11109.987 ms batch [51.770] delay 32.356 ms
INFO: at 11109.987 ms fetching 51.770 ms
INFO: at 11142.347 ms batch [51.770] delay 17.257 ms
INFO: at 11142.347 ms fetching 51.770 ms
INFO: at 11159.607 ms batch [51.770] delay 17.257 ms
INFO: at 11159.607 ms fetching 51.770 ms
INFO: at 11176.867 ms batch [51.770] delay 17.257 ms
INFO: at 11176.867 ms fetching 51.770 ms
INFO: at 11194.125 ms batch [51.770] delay 17.257 ms
INFO: at 11194.125 ms fetching 51.770 ms
INFO: at 11211.385 ms batch [51.770] delay 17.257 ms
INFO: at 11211.385 ms fetching 51.770 ms
INFO: at 11228.644 ms batch [51.770] delay 17.257 ms
INFO: at 11228.644 ms fetching 51.770 ms
INFO: at 11245.904 ms batch [51.770] delay 17.257 ms
INFO: at 11245.904 ms fetching 51.770 ms
INFO: at 11263.169 ms batch [51.770] delay 17.257 ms
INFO: at 11263.169 ms fetching 51.770 ms
INFO: at 11280.430 ms batch [51.770] delay 17.257 ms
INFO: at 11280.430 ms fetching 51.770 ms
INFO: at 11297.690 ms batch [51.770] delay 17.257 ms
INFO: at 11297.690 ms fetching 51.770 ms
INFO: at 11314.949 ms batch [51.770] delay 17.257 ms
INFO: at 11314.949 ms fetching 51.770 ms
INFO: at 11332.209 ms batch [51.770] delay 17.257 ms
INFO: at 11332.209 ms fetching 51.770 ms
INFO: at 11349.468 ms batch [51.770] delay 17.257 ms
INFO: at 11349.468 ms fetching 51.770 ms
INFO: at 11366.728 ms batch [51.770] delay 17.257 ms
INFO: at 11366.728 ms fetching 51.770 ms
INFO: at 11383.988 ms batch [51.770] delay 17.257 ms
INFO: at 11383.988 ms fetching 51.770 ms
INFO: at 11401.246 ms batch [51.770] delay 23.532 ms
INFO: at 11401.246 ms fetching 51.770 ms
INFO: at 11424.780 ms batch [51.770] delay 23.532 ms
INFO: at 11424.780 ms fetching 51.770 ms
INFO: at 11448.315 ms batch [51.770] delay 23.532 ms
INFO: at 11448.315 ms fetching 51.770 ms
INFO: at 11471.850 ms batch [51.770] delay 23.532 ms
INFO: at 11471.850 ms fetching 51.770 ms
INFO: at 11495.385 ms batch [51.770] delay 23.532 ms
INFO: at 11495.385 ms fetching 51.770 ms
INFO: at 11518.922 ms batch [51.770] delay 23.532 ms
INFO: at 11518.922 ms fetching 51.770 ms
INFO: at 11542.456 ms batch [51.770] delay 23.532 ms
INFO: at 11542.456 ms fetching 51.770 ms
INFO: at 11565.992 ms batch [51.770] delay 23.532 ms
INFO: at 11565.992 ms fetching 51.770 ms
INFO: at 11589.527 ms batch [51.770] delay 23.532 ms
INFO: at 11589.527 ms fetching 51.770 ms
INFO: at 11613.062 ms batch [51.770] delay 23.532 ms
INFO: at 11613.062 ms fetching 51.770 ms
INFO: at 11636.597 ms batch [51.770] delay 23.532 ms
INFO: at 11636.597 ms fetching 51.770 ms
INFO: at 11660.132 ms batch [51.770] delay 23.532 ms
INFO: at 11660.132 ms fetching 51.770 ms
INFO: at 11683.667 ms batch [51.770] delay 23.532 ms
INFO: at 11683.667 ms fetching 51.770 ms
INFO: at 11707.201 ms batch [51.770] delay 23.532 ms
INFO: at 11707.201 ms fetching 51.770 ms
INFO: at 11730.738 ms batch [51.770] delay 23.532 ms
INFO: at 11730.738 ms fetching 51.770 ms
INFO: at 11754.271 ms batch [51.770] delay 23.532 ms
INFO: at 11754.271 ms fetching 51.770 ms
INFO: at 11777.806 ms batch [51.770] delay 23.532 ms
INFO: at 11777.806 ms fetching 51.770 ms
INFO: at 11801.346 ms batch [51.770] delay 23.532 ms
INFO: at 11801.346 ms fetching 51.770 ms
INFO: at 11824.879 ms batch [51.770] delay 23.532 ms
INFO: at 11824.879 ms fetching 51.770 ms
INFO: at 11848.414 ms batch [51.770] delay 23.532 ms
INFO: at 11848.414 ms fetching 51.770 ms
INFO: at 11871.948 ms batch [51.770] delay 23.532 ms
INFO: at 11871.948 ms fetching 51.770 ms
INFO: at 11895.482 ms batch [51.770] delay 23.532 ms
INFO: at 11895.482 ms fetching 51.770 ms
INFO: at 11919.017 ms batch [51.770] delay 28.761 ms
INFO: at 11919.017 ms fetching 51.770 ms
INFO: at 11947.786 ms batch [51.770] delay 28.761 ms
INFO: at 11947.786 ms fetching 51.770 ms
INFO: at 11976.549 ms batch [51.770] delay 28.761 ms
INFO: at 11976.549 ms fetching 51.770 ms
INFO: at 12005.313 ms batch [51.770] delay 28.761 ms
INFO: at 12005.313 ms fetching 51.770 ms
INFO: at 12034.075 ms batch [51.770] delay 28.761 ms
INFO: at 12034.075 ms fetching 51.770 ms
INFO: at 12062.839 ms batch [51.770] delay 28.761 ms
INFO: at 12062.839 ms fetching 51.770 ms
INFO: at 12091.605 ms batch [51.770] delay 28.761 ms
INFO: at 12091.605 ms fetching 51.770 ms
INFO: at 12120.370 ms batch [51.770] delay 28.761 ms
INFO: at 12120.370 ms fetching 51.770 ms
INFO: at 12149.134 ms batch [51.770] delay 28.761 ms
INFO: at 12149.134 ms fetching 51.770 ms
INFO: at 12177.901 ms batch [51.770] delay 28.761 ms
INFO: at 12177.901 ms fetching 51.770 ms
INFO: at 12206.666 ms batch [51.770] delay 28.761 ms
INFO: at 12206.666 ms fetching 51.770 ms
INFO: at 12235.428 ms batch [51.770] delay 28.761 ms
INFO: at 12235.428 ms fetching 51.770 ms
INFO: at 12264.193 ms batch [51.770] delay 28.761 ms
INFO: at 12264.193 ms fetching 51.770 ms
INFO: at 12292.956 ms batch [51.770] delay 28.761 ms
INFO: at 12292.956 ms fetching 51.770 ms
INFO: at 12321.721 ms batch [51.770] delay 28.761 ms
INFO: at 12321.721 ms fetching 51.770 ms
INFO: at 12350.484 ms batch [51.770] delay 28.761 ms
INFO: at 12350.484 ms fetching 51.770 ms
INFO: at 12379.250 ms batch [51.770] delay 28.761 ms
INFO: at 12379.250 ms fetching 51.770 ms
INFO: at 12408.013 ms batch [51.770] delay 28.761 ms
INFO: at 12408.013 ms fetching 51.770 ms
INFO: at 12436.779 ms batch [51.770] delay 21.571 ms
INFO: at 12436.779 ms fetching 51.770 ms
INFO: at 12458.355 ms batch [51.770] delay 21.571 ms
INFO: at 12458.355 ms fetching 51.770 ms
INFO: at 12479.928 ms batch [51.770] delay 21.571 ms
INFO: at 12479.928 ms fetching 51.770 ms
INFO: at 12501.501 ms batch [51.770] delay 21.571 ms
INFO: at 12501.501 ms fetching 51.770 ms
INFO: at 12523.075 ms batch [51.770] delay 21.571 ms
INFO: at 12523.075 ms fetching 51.770 ms
INFO: at 12544.649 ms batch [51.770] delay 21.571 ms
INFO: at 12544.649 ms fetching 51.770 ms
INFO: at 12566.223 ms batch [51.770] delay 21.571 ms
INFO: at 12566.223 ms fetching 51.770 ms
INFO: at 12587.798 ms batch [51.770] delay 21.571 ms
INFO: at 12587.798 ms fetching 51.770 ms
INFO: at 12609.372 ms batch [51.770] delay 21.571 ms
INFO: at 12609.372 ms fetching 51.770 ms
INFO: at 12630.946 ms batch [51.770] delay 21.571 ms
INFO: at 12630.946 ms fetching 51.770 ms
INFO: at 12652.521 ms batch [51.770] delay 21.571 ms
INFO: at 12652.521 ms fetching 51.770 ms
INFO: at 12674.095 ms batch [51.770] delay 21.571 ms
INFO: at 12674.095 ms fetching 51.770 ms
INFO: at 12695.670 ms batch [51.770] delay 28.761 ms
INFO: at 12695.670 ms fetching 51.770 ms
INFO: at 12724.434 ms batch [51.770] delay 28.761 ms
INFO: at 12724.434 ms fetching 51.770 ms
INFO: at 12753.198 ms batch [51.770] delay 28.761 ms
INFO: at 12753.198 ms fetching 51.770 ms
INFO: at 12781.968 ms batch [51.770] delay 28.761 ms
INFO: at 12781.968 ms fetching 51.770 ms
INFO: at 12810.732 ms batch [51.770] delay 28.761 ms
INFO: at 12810.732 ms fetching 51.770 ms
INFO: at 12839.496 ms batch [51.770] delay 28.761 ms
INFO: at 12839.496 ms fetching 51.770 ms
INFO: at 12868.262 ms batch [51.770] delay 28.761 ms
INFO: at 12868.262 ms fetching 51.770 ms
INFO: at 12897.024 ms batch [51.770] delay 28.761 ms
INFO: at 12897.024 ms fetching 51.770 ms
INFO: at 12925.790 ms batch [51.770] delay 28.761 ms
INFO: at 12925.790 ms fetching 51.770 ms
INFO: at 12954.553 ms batch [51.770] delay 25.885 ms
INFO: at 12954.553 ms fetching 51.770 ms
INFO: at 12980.442 ms batch [51.770] delay 25.885 ms
INFO: at 12980.442 ms fetching 51.770 ms
INFO: at 13006.330 ms batch [51.770] delay 25.885 ms
INFO: at 13006.330 ms fetching 51.770 ms
INFO: at 13032.219 ms batch [51.770] delay 25.885 ms
INFO: at 13032.219 ms fetching 51.770 ms
INFO: at 13058.107 ms batch [51.770] delay 25.885 ms
INFO: at 13058.107 ms fetching 51.770 ms
INFO: at 13083.995 ms batch [51.770] delay 25.885 ms
INFO: at 13083.995 ms fetching 51.770 ms
INFO: at 13109.883 ms batch [51.770] delay 25.885 ms
INFO: at 13109.883 ms fetching 51.770 ms
INFO: at 13135.773 ms batch [51.770] delay 25.885 ms
INFO: at 13135.773 ms fetching 51.770 ms
INFO: at 13161.659 ms batch [51.770] delay 25.885 ms
INFO: at 13161.659 ms fetching 51.770 ms
INFO: at 13187.548 ms batch [51.770] delay 25.885 ms
INFO: at 13187.548 ms fetching 51.770 ms
INFO: at 13213.436 ms batch [51.770] delay 19.911 ms
INFO: at 13213.436 ms fetching 51.770 ms
INFO: at 13233.350 ms batch [51.770] delay 19.911 ms
INFO: at 13233.350 ms fetching 51.770 ms
INFO: at 13253.268 ms batch [51.770] delay 19.911 ms
INFO: at 13253.268 ms fetching 51.770 ms
INFO: at 13273.183 ms batch [51.770] delay 19.911 ms
INFO: at 13273.183 ms fetching 51.770 ms
INFO: at 13293.096 ms batch [51.770] delay 19.911 ms
INFO: at 13293.096 ms fetching 51.770 ms
INFO: at 13313.009 ms batch [51.770] delay 19.911 ms
INFO: at 13313.009 ms fetching 51.770 ms
INFO: at 13332.924 ms batch [51.770] delay 19.911 ms
INFO: at 13332.924 ms fetching 51.770 ms
INFO: at 13352.840 ms batch [51.770] delay 19.911 ms
INFO: at 13352.840 ms fetching 51.770 ms
INFO: at 13372.753 ms batch [51.770] delay 19.911 ms
INFO: at 13372.753 ms fetching 51.770 ms
INFO: at 13392.667 ms batch [51.770] delay 19.911 ms
INFO: at 13392.667 ms fetching 51.770 ms
INFO: at 13412.582 ms batch [51.770] delay 19.911 ms
INFO: at 13412.582 ms fetching 51.770 ms
INFO: at 13432.498 ms batch [51.770] delay 19.911 ms
INFO: at 13432.498 ms fetching 51.770 ms
INFO: at 13452.411 ms batch [51.770] delay 19.911 ms
INFO: at 13452.411 ms fetching 51.770 ms
INFO: at 13472.324 ms batch [51.770] delay 32.356 ms
INFO: at 13472.324 ms fetching 51.770 ms
INFO: at 13504.687 ms batch [51.770] delay 32.356 ms
INFO: at 13504.687 ms fetching 51.770 ms
INFO: at 13537.044 ms batch [51.770] delay 32.356 ms
INFO: at 13537.044 ms fetching 51.770 ms
INFO: at 13569.404 ms batch [51.770] delay 32.356 ms
INFO: at 13569.404 ms fetching 51.770 ms
INFO: at 13601.762 ms batch [51.770] delay 32.356 ms
INFO: at 13601.762 ms fetching 51.770 ms
INFO: at 13634.121 ms batch [51.770] delay 32.356 ms
INFO: at 13634.121 ms fetching 51.770 ms
INFO: at 13666.480 ms batch [51.770] delay 32.356 ms
INFO: at 13666.480 ms fetching 51.770 ms
INFO: at 13698.840 ms batch [51.770] delay 32.356 ms
INFO: at 13698.840 ms fetching 51.770 ms
INFO: at 13731.198 ms batch [51.770] delay 25.885 ms
INFO: at 13731.198 ms fetching 51.770 ms
INFO: at 13757.086 ms batch [51.770] delay 25.885 ms
INFO: at 13757.086 ms fetching 51.770 ms
INFO: at 13782.973 ms batch [51.770] delay 25.885 ms
INFO: at 13782.973 ms fetching 51.770 ms
INFO: at 13808.861 ms batch [51.770] delay 25.885 ms
INFO: at 13808.861 ms fetching 51.770 ms
INFO: at 13834.750 ms batch [51.770] delay 25.885 ms
INFO: at 13834.750 ms fetching 51.770 ms
INFO: at 13860.637 ms batch [51.770] delay 25.885 ms
INFO: at 13860.637 ms fetching 51.770 ms
INFO: at 13886.525 ms batch [51.770] delay 25.885 ms
INFO: at 13886.525 ms fetching 51.770 ms
INFO: at 13912.415 ms batch [51.770] delay 25.885 ms
INFO: at 13912.415 ms fetching 51.770 ms
INFO: at 13938.303 ms batch [51.770] delay 25.885 ms
INFO: at 13938.303 ms fetching 51.770 ms
INFO: at 13964.193 ms batch [51.770] delay 25.885 ms
INFO: at 13964.193 ms fetching 51.770 ms
INFO: at 13990.080 ms batch [51.770] delay 36.978 ms
INFO: at 13990.080 ms fetching 51.770 ms
INFO: at 14027.064 ms batch [51.770] delay 36.978 ms
INFO: at 14027.064 ms fetching 51.770 ms
INFO: at 14064.044 ms batch [51.770] delay 36.978 ms
INFO: at 14064.044 ms fetching 51.770 ms
INFO: at 14101.028 ms batch [51.770] delay 36.978 ms
INFO: at 14101.028 ms fetching 51.770 ms
INFO: at 14138.009 ms batch [51.770] delay 36.978 ms
INFO: at 14138.009 ms fetching 51.770 ms
INFO: at 14174.990 ms batch [51.770] delay 36.978 ms
INFO: at 14174.990 ms fetching 51.770 ms
INFO: at 14211.974 ms batch [51.770] delay 36.978 ms
INFO: at 14211.974 ms fetching 51.770 ms
INFO: at 14248.955 ms batch [51.770] delay 25.885 ms
INFO: at 14248.955 ms fetching 51.770 ms
INFO: at 14274.843 ms batch [51.770] delay 25.885 ms
INFO: at 14274.843 ms fetching 51.770 ms
INFO: at 14300.734 ms batch [51.770] delay 25.885 ms
INFO: at 14300.734 ms fetching 51.770 ms
INFO: at 14326.625 ms batch [51.770] delay 25.885 ms
INFO: at 14326.625 ms fetching 51.770 ms
INFO: at 14352.513 ms batch [51.770] delay 25.885 ms
INFO: at 14352.513 ms fetching 51.770 ms
INFO: at 14378.419 ms batch [51.770] delay 25.885 ms
INFO: at 14378.419 ms fetching 51.770 ms
INFO: at 14404.307 ms batch [51.770] delay 25.885 ms
INFO: at 14404.307 ms fetching 51.770 ms
INFO: at 14430.194 ms batch [51.770] delay 25.885 ms
INFO: at 14430.194 ms fetching 51.770 ms
INFO: at 14456.082 ms batch [51.770] delay 25.885 ms
INFO: at 14456.082 ms fetching 51.770 ms
INFO: at 14481.978 ms batch [51.770] delay 25.885 ms
INFO: at 14481.978 ms fetching 51.770 ms
INFO: at 14507.865 ms batch [51.770] delay 32.356 ms
INFO: at 14507.865 ms fetching 51.770 ms
INFO: at 14540.226 ms batch [51.770] delay 32.356 ms
INFO: at 14540.226 ms fetching 51.770 ms
INFO: at 14572.585 ms batch [51.770] delay 32.356 ms
INFO: at 14572.585 ms fetching 51.770 ms
INFO: at 14604.945 ms batch [51.770] delay 32.356 ms
INFO: at 14604.945 ms fetching 51.770 ms
INFO: at 14637.309 ms batch [51.770] delay 32.356 ms
INFO: at 14637.309 ms fetching 51.770 ms
INFO: at 14669.669 ms batch [51.770] delay 32.356 ms
INFO: at 14669.669 ms fetching 51.770 ms
INFO: at 14702.027 ms batch [51.770] delay 32.356 ms
INFO: at 14702.027 ms fetching 51.770 ms
INFO: at 14734.387 ms batch [51.770] delay 32.356 ms
INFO: at 14734.387 ms fetching 51.770 ms
INFO: at 14766.747 ms batch [51.770] delay 23.532 ms
INFO: at 14766.747 ms fetching 51.770 ms
INFO: at 14790.281 ms batch [51.770] delay 23.532 ms
INFO: at 14790.281 ms fetching 51.770 ms
INFO: at 14813.815 ms batch [51.770] delay 23.532 ms
INFO: at 14813.815 ms fetching 51.770 ms
INFO: at 14837.351 ms batch [51.770] delay 23.532 ms
INFO: at 14837.351 ms fetching 51.770 ms
INFO: at 14860.886 ms batch [51.770] delay 23.532 ms
INFO: at 14860.886 ms fetching 51.770 ms
INFO: at 14884.423 ms batch [51.770] delay 23.532 ms
INFO: at 14884.423 ms fetching 51.770 ms
INFO: at 14907.959 ms batch [51.770] delay 23.532 ms
INFO: at 14907.959 ms fetching 51.770 ms
INFO: at 14931.494 ms batch [51.770] delay 23.532 ms
INFO: at 14931.494 ms fetching 51.770 ms
INFO: at 14955.029 ms batch [51.770] delay 23.532 ms
INFO: at 14955.029 ms fetching 51.770 ms
INFO: at 14978.565 ms batch [51.770] delay 23.532 ms
INFO: at 14978.565 ms fetching 51.770 ms
INFO: at 15002.101 ms batch [51.770] delay 23.532 ms
INFO: at 15002.101 ms fetching 51.770 ms
INFO: at 15025.634 ms batch [51.770] delay 25.885 ms
INFO: at 15025.634 ms fetching 51.770 ms
INFO: at 15051.525 ms batch [51.770] delay 25.885 ms
INFO: at 15051.525 ms fetching 51.770 ms
INFO: at 15077.415 ms batch [51.770] delay 25.885 ms
INFO: at 15077.415 ms fetching 51.770 ms
INFO: at 15103.302 ms batch [51.770] delay 25.885 ms
INFO: at 15103.302 ms fetching 51.770 ms
INFO: at 15129.190 ms batch [51.770] delay 25.885 ms
INFO: at 15129.190 ms fetching 51.770 ms
INFO: at 15155.077 ms batch [51.770] delay 25.885 ms
INFO: at 15155.077 ms fetching 51.770 ms
INFO: at 15180.967 ms batch [51.770] delay 25.885 ms
INFO: at 15180.967 ms fetching 51.770 ms
INFO: at 15206.855 ms batch [51.770] delay 25.885 ms
INFO: at 15206.855 ms fetching 51.770 ms
INFO: at 15232.744 ms batch [51.770] delay 25.885 ms
INFO: at 15232.744 ms fetching 51.770 ms
INFO: at 15258.633 ms batch [51.770] delay 25.885 ms
INFO: at 15258.633 ms fetching 51.770 ms
INFO: at 15284.522 ms batch [51.770] delay 28.761 ms
INFO: at 15284.522 ms fetching 51.770 ms
INFO: at 15313.287 ms batch [51.770] delay 28.761 ms
INFO: at 15313.287 ms fetching 51.770 ms
INFO: at 15342.052 ms batch [51.770] delay 28.761 ms
INFO: at 15342.052 ms fetching 51.770 ms
INFO: at 15370.816 ms batch [51.770] delay 28.761 ms
INFO: at 15370.816 ms fetching 51.770 ms
INFO: at 15399.581 ms batch [51.770] delay 28.761 ms
INFO: at 15399.581 ms fetching 51.770 ms
INFO: at 15428.347 ms batch [51.770] delay 28.761 ms
INFO: at 15428.347 ms fetching 51.770 ms
INFO: at 15457.111 ms batch [51.770] delay 28.761 ms
INFO: at 15457.111 ms fetching 51.770 ms
INFO: at 15485.875 ms batch [51.770] delay 28.761 ms
INFO: at 15485.875 ms fetching 51.770 ms
INFO: at 15514.640 ms batch [51.770] delay 28.761 ms
INFO: at 15514.640 ms fetching 51.770 ms
INFO: at 15543.406 ms batch [51.770] delay 25.885 ms
INFO: at 15543.406 ms fetching 51.770 ms
INFO: at 15569.293 ms batch [51.770] delay 25.885 ms
INFO: at 15569.293 ms fetching 51.770 ms
INFO: at 15595.183 ms batch [51.770] delay 25.885 ms
INFO: at 15595.183 ms fetching 51.770 ms
INFO: at 15621.070 ms batch [51.770] delay 25.885 ms
INFO: at 15621.070 ms fetching 51.770 ms
INFO: at 15646.958 ms batch [51.770] delay 25.885 ms
INFO: at 15646.958 ms fetching 51.770 ms
INFO: at 15672.845 ms batch [51.770] delay 25.885 ms
INFO: at 15672.845 ms fetching 51.770 ms
INFO: at 15698.735 ms batch [51.770] delay 25.885 ms
INFO: at 15698.735 ms fetching 51.770 ms
INFO: at 15724.625 ms batch [51.770] delay 25.885 ms
INFO: at 15724.625 ms fetching 51.770 ms
INFO: at 15750.511 ms batch [51.770] delay 25.885 ms
INFO: at 15750.511 ms fetching 51.770 ms
INFO: at 15776.400 ms batch [51.770] delay 25.885 ms
INFO: at 15776.400 ms fetching 51.770 ms
INFO: at 15802.289 ms batch [51.770] delay 25.885 ms
INFO: at 15802.289 ms fetching 51.770 ms
INFO: at 15828.178 ms batch [51.770] delay 25.885 ms
INFO: at 15828.178 ms fetching 51.770 ms
INFO: at 15854.070 ms batch [51.770] delay 25.885 ms
INFO: at 15854.070 ms fetching 51.770 ms
INFO: at 15879.957 ms batch [51.770] delay 25.885 ms
INFO: at 15879.957 ms fetching 51.770 ms
INFO: at 15905.846 ms batch [51.770] delay 25.885 ms
INFO: at 15905.846 ms fetching 51.770 ms
INFO: at 15931.737 ms batch [51.770] delay 25.885 ms
INFO: at 15931.737 ms fetching 51.770 ms
INFO: at 15957.630 ms batch [51.770] delay 25.885 ms
INFO: at 15957.630 ms fetching 51.770 ms
INFO: at 15983.519 ms batch [51.770] delay 25.885 ms
INFO: at 15983.519 ms fetching 51.770 ms
INFO: at 16009.406 ms batch [51.770] delay 25.885 ms
INFO: at 16009.406 ms fetching 51.770 ms
INFO: at 16035.295 ms batch [51.770] delay 25.885 ms
INFO: at 16035.295 ms fetching 51.770 ms
INFO: at 16061.184 ms batch [51.770] delay 32.356 ms
INFO: at 16061.184 ms fetching 51.770 ms
INFO: at 16093.544 ms batch [51.770] delay 32.356 ms
INFO: at 16093.544 ms fetching 51.770 ms
INFO: at 16125.903 ms batch [51.770] delay 32.356 ms
INFO: at 16125.903 ms fetching 51.770 ms
INFO: at 16158.261 ms batch [51.770] delay 32.356 ms
INFO: at 16158.261 ms fetching 51.770 ms
INFO: at 16190.629 ms batch [51.770] delay 32.356 ms
INFO: at 16190.629 ms fetching 51.770 ms
INFO: at 16222.988 ms batch [51.770] delay 32.356 ms
INFO: at 16222.988 ms fetching 51.770 ms
INFO: at 16255.347 ms batch [51.770] delay 32.356 ms
INFO: at 16255.347 ms fetching 51.770 ms
INFO: at 16287.705 ms batch [51.770] delay 32.356 ms
INFO: at 16287.705 ms fetching 51.770 ms
INFO: at 16320.064 ms batch [51.770] delay 28.761 ms
INFO: at 16320.064 ms fetching 51.770 ms
INFO: at 16348.829 ms batch [51.770] delay 28.761 ms
INFO: at 16348.829 ms fetching 51.770 ms
INFO: at 16377.595 ms batch [51.770] delay 28.761 ms
INFO: at 16377.595 ms fetching 51.770 ms
INFO: at 16406.363 ms batch [51.770] delay 28.761 ms
INFO: at 16406.363 ms fetching 51.770 ms
INFO: at 16435.127 ms batch [51.770] delay 28.761 ms
INFO: at 16435.127 ms fetching 51.770 ms
INFO: at 16463.892 ms batch [51.770] delay 28.761 ms
INFO: at 16463.892 ms fetching 51.770 ms
INFO: at 16492.657 ms batch [51.770] delay 28.761 ms
INFO: at 16492.657 ms fetching 51.770 ms
INFO: at 16521.420 ms batch [51.770] delay 28.761 ms
INFO: at 16521.420 ms fetching 51.770 ms
INFO: at 16550.184 ms batch [51.770] delay 28.761 ms
INFO: at 16550.184 ms fetching 51.770 ms
INFO: at 16578.948 ms batch [51.770] delay 36.978 ms
INFO: at 16578.948 ms fetching 51.770 ms
INFO: at 16615.929 ms batch [51.770] delay 36.978 ms
INFO: at 16615.929 ms fetching 51.770 ms
INFO: at 16652.912 ms batch [51.770] delay 36.978 ms
INFO: at 16652.912 ms fetching 51.770 ms
INFO: at 16689.893 ms batch [51.770] delay 36.978 ms
INFO: at 16689.893 ms fetching 51.770 ms
INFO: at 16726.878 ms batch [51.770] delay 36.978 ms
INFO: at 16726.878 ms fetching 51.770 ms
INFO: at 16763.860 ms batch [51.770] delay 36.978 ms
INFO: at 16763.860 ms fetching 51.770 ms
INFO: at 16800.841 ms batch [51.770] delay 36.978 ms
INFO: at 16800.841 ms fetching 51.770 ms
INFO: at 16837.827 ms batch [51.770] delay 28.761 ms
INFO: at 16837.827 ms fetching 51.770 ms
INFO: at 16866.589 ms batch [51.770] delay 28.761 ms
INFO: at 16866.589 ms fetching 51.770 ms
INFO: at 16895.354 ms batch [51.770] delay 28.761 ms
INFO: at 16895.354 ms fetching 51.770 ms
INFO: at 16924.117 ms batch [51.770] delay 28.761 ms
INFO: at 16924.117 ms fetching 51.770 ms
INFO: at 16952.880 ms batch [51.770] delay 28.761 ms
INFO: at 16952.880 ms fetching 51.770 ms
INFO: at 16981.646 ms batch [51.770] delay 28.761 ms
INFO: at 16981.646 ms fetching 51.770 ms
INFO: at 17010.411 ms batch [51.770] delay 28.761 ms
INFO: at 17010.411 ms fetching 51.770 ms
INFO: at 17039.176 ms batch [51.770] delay 28.761 ms
INFO: at 17039.176 ms fetching 51.770 ms
INFO: at 17067.944 ms batch [51.770] delay 28.761 ms
INFO: at 17067.944 ms fetching 51.770 ms
INFO: at 17096.710 ms batch [51.770] delay 21.571 ms
INFO: at 17096.710 ms fetching 51.770 ms
INFO: at 17118.283 ms batch [51.770] delay 21.571 ms
INFO: at 17118.283 ms fetching 51.770 ms
INFO: at 17139.857 ms batch [51.770] delay 21.571 ms
INFO: at 17139.857 ms fetching 51.770 ms
INFO: at 17161.430 ms batch [51.770] delay 21.571 ms
INFO: at 17161.430 ms fetching 51.770 ms
INFO: at 17183.003 ms batch [51.770] delay 21.571 ms
INFO: at 17183.003 ms fetching 51.770 ms
INFO: at 17204.577 ms batch [51.770] delay 21.571 ms
INFO: at 17204.577 ms fetching 51.770 ms
INFO: at 17226.150 ms batch [51.770] delay 21.571 ms
INFO: at 17226.150 ms fetching 51.770 ms
INFO: at 17247.722 ms batch [51.770] delay 21.571 ms
INFO: at 17247.722 ms fetching 51.770 ms
INFO: at 17269.298 ms batch [51.770] delay 21.571 ms
INFO: at 17269.298 ms fetching 51.770 ms
INFO: at 17290.871 ms batch [51.770] delay 21.571 ms
INFO: at 17290.871 ms fetching 51.770 ms
INFO: at 17312.446 ms batch [51.770] delay 21.571 ms
INFO: at 17312.446 ms fetching 51.770 ms
INFO: at 17334.018 ms batch [51.770] delay 21.571 ms
INFO: at 17334.018 ms fetching 51.770 ms
INFO: at 17355.592 ms batch [51.770] delay 23.532 ms
INFO: at 17355.592 ms fetching 51.770 ms
INFO: at 17379.126 ms batch [51.770] delay 23.532 ms
INFO: at 17379.126 ms fetching 51.770 ms
INFO: at 17402.660 ms batch [51.770] delay 23.532 ms
INFO: at 17402.660 ms fetching 51.770 ms
INFO: at 17426.194 ms batch [51.770] delay 23.532 ms
INFO: at 17426.194 ms fetching 51.770 ms
INFO: at 17449.729 ms batch [51.770] delay 23.532 ms
INFO: at 17449.729 ms fetching 51.770 ms
INFO: at 17473.263 ms batch [51.770] delay 23.532 ms
INFO: at 17473.263 ms fetching 51.770 ms
INFO: at 17496.797 ms batch [51.770] delay 23.532 ms
INFO: at 17496.797 ms fetching 51.770 ms
INFO: at 17520.331 ms batch [51.770] delay 23.532 ms
INFO: at 17520.331 ms fetching 51.770 ms
INFO: at 17543.864 ms batch [51.770] delay 23.532 ms
INFO: at 17543.864 ms fetching 51.770 ms
INFO: at 17567.398 ms batch [51.770] delay 23.532 ms
INFO: at 17567.398 ms fetching 51.770 ms
INFO: at 17590.932 ms batch [51.770] delay 23.532 ms
INFO: at 17590.932 ms fetching 51.770 ms
INFO: at 17614.467 ms batch [51.770] delay 21.571 ms
INFO: at 17614.467 ms fetching 51.770 ms
INFO: at 17636.041 ms batch [51.770] delay 21.571 ms
INFO: at 17636.041 ms fetching 51.770 ms
INFO: at 17657.614 ms batch [51.770] delay 21.571 ms
INFO: at 17657.614 ms fetching 51.770 ms
INFO: at 17679.187 ms batch [51.770] delay 21.571 ms
INFO: at 17679.187 ms fetching 51.770 ms
INFO: at 17700.761 ms batch [51.770] delay 21.571 ms
INFO: at 17700.761 ms fetching 51.770 ms
INFO: at 17722.334 ms batch [51.770] delay 21.571 ms
INFO: at 17722.334 ms fetching 51.770 ms
INFO: at 17743.908 ms batch [51.770] delay 21.571 ms
INFO: at 17743.908 ms fetching 51.770 ms
INFO: at 17765.482 ms batch [51.770] delay 21.571 ms
INFO: at 17765.482 ms fetching 51.770 ms
INFO: at 17787.056 ms batch [51.770] delay 21.571 ms
INFO: at 17787.056 ms fetching 51.770 ms
INFO: at 17808.629 ms batch [51.770] delay 21.571 ms
INFO: at 17808.629 ms fetching 51.770 ms
INFO: at 17830.203 ms batch [51.770] delay 21.571 ms
INFO: at 17830.203 ms fetching 51.770 ms
INFO: at 17851.785 ms batch [51.770] delay 21.571 ms
INFO: at 17851.785 ms fetching 51.770 ms
INFO: at 17873.357 ms batch [51.770] delay 21.571 ms
INFO: at 17873.357 ms fetching 51.770 ms
INFO: at 17894.931 ms batch [51.770] delay 21.571 ms
INFO: at 17894.931 ms fetching 51.770 ms
INFO: at 17916.507 ms batch [51.770] delay 21.571 ms
INFO: at 17916.507 ms fetching 51.770 ms
INFO: at 17938.081 ms batch [51.770] delay 21.571 ms
INFO: at 17938.081 ms fetching 51.770 ms
INFO: at 17959.656 ms batch [51.770] delay 21.571 ms
INFO: at 17959.656 ms fetching 51.770 ms
INFO: at 17981.230 ms batch [51.770] delay 21.571 ms
INFO: at 17981.230 ms fetching 51.770 ms
INFO: at 18002.804 ms batch [51.770] delay 21.571 ms
INFO: at 18002.804 ms fetching 51.770 ms
INFO: at 18024.377 ms batch [51.770] delay 21.571 ms
INFO: at 18024.377 ms fetching 51.770 ms
INFO: at 18045.950 ms batch [51.770] delay 21.571 ms
INFO: at 18045.950 ms fetching 51.770 ms
INFO: at 18067.525 ms batch [51.770] delay 21.571 ms
INFO: at 18067.525 ms fetching 51.770 ms
INFO: at 18089.108 ms batch [51.770] delay 21.571 ms
INFO: at 18089.108 ms fetching 51.770 ms
INFO: at 18110.683 ms batch [51.770] delay 21.571 ms
INFO: at 18110.683 ms fetching 51.770 ms
INFO: at 18132.260 ms batch [51.770] delay 17.257 ms
INFO: at 18132.260 ms fetching 51.770 ms
INFO: at 18149.519 ms batch [51.770] delay 17.257 ms
INFO: at 18149.519 ms fetching 51.770 ms
INFO: at 18166.777 ms batch [51.770] delay 17.257 ms
INFO: at 18166.777 ms fetching 51.770 ms
INFO: at 18184.037 ms batch [51.770] delay 17.257 ms
INFO: at 18184.037 ms fetching 51.770 ms
INFO: at 18201.296 ms batch [51.770] delay 17.257 ms
INFO: at 18201.296 ms fetching 51.770 ms
INFO: at 18218.556 ms batch [51.770] delay 17.257 ms
INFO: at 18218.556 ms fetching 51.770 ms
INFO: at 18235.816 ms batch [51.770] delay 17.257 ms
INFO: at 18235.816 ms fetching 51.770 ms
INFO: at 18253.075 ms batch [51.770] delay 17.257 ms
INFO: at 18253.075 ms fetching 51.770 ms
INFO: at 18270.335 ms batch [51.770] delay 17.257 ms
INFO: at 18270.335 ms fetching 51.770 ms
INFO: at 18287.594 ms batch [51.770] delay 17.257 ms
INFO: at 18287.594 ms fetching 51.770 ms
INFO: at 18304.855 ms batch [51.770] delay 17.257 ms
INFO: at 18304.855 ms fetching 51.770 ms
INFO: at 18322.114 ms batch [51.770] delay 17.257 ms
INFO: at 18322.114 ms fetching 51.770 ms
INFO: at 18339.373 ms batch [51.770] delay 17.257 ms
INFO: at 18339.373 ms fetching 51.770 ms
INFO: at 18356.632 ms batch [51.770] delay 17.257 ms
INFO: at 18356.632 ms fetching 51.770 ms
INFO: at 18373.892 ms batch [51.770] delay 17.257 ms
INFO: at 18373.892 ms fetching 51.770 ms
INFO: at 18391.154 ms batch [51.770] delay 32.356 ms
INFO: at 18391.154 ms fetching 51.770 ms
INFO: at 18423.516 ms batch [51.770] delay 32.356 ms
INFO: at 18423.516 ms fetching 51.770 ms
INFO: at 18455.875 ms batch [51.770] delay 32.356 ms
INFO: at 18455.875 ms fetching 51.770 ms
INFO: at 18488.239 ms batch [51.770] delay 32.356 ms
INFO: at 18488.239 ms fetching 51.770 ms
INFO: at 18520.597 ms batch [51.770] delay 32.356 ms
INFO: at 18520.597 ms fetching 51.770 ms
INFO: at 18552.955 ms batch [51.770] delay 32.356 ms
INFO: at 18552.955 ms fetching 51.770 ms
INFO: at 18585.314 ms batch [51.770] delay 32.356 ms
INFO: at 18585.314 ms fetching 51.770 ms
INFO: at 18617.673 ms batch [51.770] delay 32.356 ms
INFO: at 18617.673 ms fetching 51.770 ms
INFO: at 18650.038 ms batch [51.770] delay 25.885 ms
INFO: at 18650.038 ms fetching 51.770 ms
INFO: at 18675.926 ms batch [51.770] delay 25.885 ms
INFO: at 18675.926 ms fetching 51.770 ms
INFO: at 18701.816 ms batch [51.770] delay 25.885 ms
INFO: at 18701.816 ms fetching 51.770 ms
INFO: at 18727.705 ms batch [51.770] delay 25.885 ms
INFO: at 18727.705 ms fetching 51.770 ms
INFO: at 18753.591 ms batch [51.770] delay 25.885 ms
INFO: at 18753.591 ms fetching 51.770 ms
INFO: at 18779.480 ms batch [51.770] delay 25.885 ms
INFO: at 18779.480 ms fetching 51.770 ms
INFO: at 18805.368 ms batch [51.770] delay 25.885 ms
INFO: at 18805.368 ms fetching 51.770 ms
INFO: at 18831.257 ms batch [51.770] delay 25.885 ms
INFO: at 18831.257 ms fetching 51.770 ms
INFO: at 18857.146 ms batch [51.770] delay 25.885 ms
INFO: at 18857.146 ms fetching 51.770 ms
INFO: at 18883.034 ms batch [51.770] delay 25.885 ms
INFO: at 18883.034 ms fetching 51.770 ms
INFO: at 18908.921 ms batch [51.770] delay 28.761 ms
INFO: at 18908.921 ms fetching 51.770 ms
INFO: at 18937.685 ms batch [51.770] delay 28.761 ms
INFO: at 18937.685 ms fetching 51.770 ms
INFO: at 18966.448 ms batch [51.770] delay 28.761 ms
INFO: at 18966.448 ms fetching 51.770 ms
INFO: at 18995.211 ms batch [51.770] delay 28.761 ms
INFO: at 18995.211 ms fetching 51.770 ms
INFO: at 19023.975 ms batch [51.770] delay 28.761 ms
INFO: at 19023.975 ms fetching 51.770 ms
INFO: at 19052.740 ms batch [51.770] delay 28.761 ms
INFO: at 19052.740 ms fetching 51.770 ms
INFO: at 19081.503 ms batch [51.770] delay 28.761 ms
INFO: at 19081.503 ms fetching 51.770 ms
INFO: at 19110.269 ms batch [51.770] delay 28.761 ms
INFO: at 19110.269 ms fetching 51.770 ms
INFO: at 19139.031 ms batch [51.770] delay 28.761 ms
INFO: at 19139.031 ms fetching 51.770 ms
INFO: at 19167.796 ms batch [51.770] delay 21.571 ms
INFO: at 19167.796 ms fetching 51.770 ms
INFO: at 19189.370 ms batch [51.770] delay 21.571 ms
INFO: at 19189.370 ms fetching 51.770 ms
INFO: at 19210.943 ms batch [51.770] delay 21.571 ms
INFO: at 19210.943 ms fetching 51.770 ms
INFO: at 19232.516 ms batch [51.770] delay 21.571 ms
INFO: at 19232.516 ms fetching 51.770 ms
INFO: at 19254.090 ms batch [51.770] delay 21.571 ms
INFO: at 19254.090 ms fetching 51.770 ms
INFO: at 19275.662 ms batch [51.770] delay 21.571 ms
INFO: at 19275.662 ms fetching 51.770 ms
INFO: at 19297.236 ms batch [51.770] delay 21.571 ms
INFO: at 19297.236 ms fetching 51.770 ms
INFO: at 19318.809 ms batch [51.770] delay 21.571 ms
INFO: at 19318.809 ms fetching 51.770 ms
INFO: at 19340.384 ms batch [51.770] delay 21.571 ms
INFO: at 19340.384 ms fetching 51.770 ms
INFO: at 19361.958 ms batch [51.770] delay 21.571 ms
INFO: at 19361.958 ms fetching 51.770 ms
INFO: at 19383.531 ms batch [51.770] delay 21.571 ms
INFO: at 19383.531 ms fetching 51.770 ms
INFO: at 19405.104 ms batch [51.770] delay 21.571 ms
INFO: at 19405.104 ms fetching 51.770 ms
INFO: at 19426.680 ms batch [51.770] delay 12.942 ms
INFO: at 19426.680 ms fetching 51.770 ms
INFO: at 19439.624 ms batch [51.770] delay 12.942 ms
INFO: at 19439.624 ms fetching 51.770 ms
INFO: at 19452.570 ms batch [51.770] delay 12.942 ms
INFO: at 19452.570 ms fetching 51.770 ms
INFO: at 19465.514 ms batch [51.770] delay 12.942 ms
INFO: at 19465.514 ms fetching 51.770 ms
INFO: at 19478.459 ms batch [51.770] delay 12.942 ms
INFO: at 19478.459 ms fetching 51.770 ms
INFO: at 19491.404 ms batch [51.770] delay 12.942 ms
INFO: at 19491.404 ms fetching 51.770 ms
INFO: at 19504.349 ms batch [51.770] delay 12.942 ms
INFO: at 19504.349 ms fetching 51.770 ms
INFO: at 19517.294 ms batch [51.770] delay 12.942 ms
INFO: at 19517.294 ms fetching 51.770 ms
INFO: at 19530.239 ms batch [51.770] delay 12.942 ms
INFO: at 19530.239 ms fetching 51.770 ms
INFO: at 19543.183 ms batch [51.770] delay 12.942 ms
INFO: at 19543.183 ms fetching 51.770 ms
INFO: at 19556.129 ms batch [51.770] delay 12.942 ms
INFO: at 19556.129 ms fetching 51.770 ms
INFO: at 19569.074 ms batch [51.770] delay 12.942 ms
INFO: at 19569.074 ms fetching 51.770 ms
INFO: at 19582.020 ms batch [51.770] delay 12.942 ms
INFO: at 19582.020 ms fetching 51.770 ms
INFO: at 19594.965 ms batch [51.770] delay 12.942 ms
INFO: at 19594.965 ms fetching 51.770 ms
INFO: at 19607.910 ms batch [51.770] delay 12.942 ms
INFO: at 19607.910 ms fetching 51.770 ms
INFO: at 19620.856 ms batch [51.770] delay 12.942 ms
INFO: at 19620.856 ms fetching 51.770 ms
INFO: at 19633.800 ms batch [51.770] delay 12.942 ms
INFO: at 19633.800 ms fetching 51.770 ms
INFO: at 19646.745 ms batch [51.770] delay 12.942 ms
INFO: at 19646.745 ms fetching 51.770 ms
INFO: at 19659.691 ms batch [51.770] delay 12.942 ms
INFO: at 19659.691 ms fetching 51.770 ms
INFO: at 19672.635 ms batch [51.770] delay 12.942 ms
INFO: at 19672.635 ms fetching 51.770 ms
INFO: at 19685.580 ms batch [51.770] delay 23.532 ms
INFO: at 19685.580 ms fetching 51.770 ms
INFO: at 19709.116 ms batch [51.770] delay 23.532 ms
INFO: at 19709.116 ms fetching 51.770 ms
INFO: at 19732.651 ms batch [51.770] delay 23.532 ms
INFO: at 19732.651 ms fetching 51.770 ms
INFO: at 19756.186 ms batch [51.770] delay 23.532 ms
INFO: at 19756.186 ms fetching 51.770 ms
INFO: at 19779.723 ms batch [51.770] delay 23.532 ms
INFO: at 19779.723 ms fetching 51.770 ms
INFO: at 19803.258 ms batch [51.770] delay 23.532 ms
INFO: at 19803.258 ms fetching 51.770 ms
INFO: at 19826.792 ms batch [51.770] delay 23.532 ms
INFO: at 19826.792 ms fetching 51.770 ms
INFO: at 19850.326 ms batch [51.770] delay 23.532 ms
INFO: at 19850.326 ms fetching 51.770 ms
INFO: at 19873.861 ms batch [51.770] delay 23.532 ms
INFO: at 19873.861 ms fetching 51.770 ms
INFO: at 19897.399 ms batch [51.770] delay 23.532 ms
INFO: at 19897.399 ms fetching 51.770 ms
INFO: at 19920.933 ms batch [51.770] delay 23.532 ms
INFO: at 19920.933 ms fetching 51.770 ms
INFO: at 19944.466 ms batch [51.770] delay 32.356 ms
INFO: at 19944.466 ms fetching 51.770 ms
INFO: at 19976.824 ms batch [51.770] delay 32.356 ms
INFO: at 19976.824 ms fetching 51.770 ms
INFO: at 20009.185 ms batch [51.770] delay 32.356 ms
INFO: at 20009.185 ms fetching 51.770 ms
INFO: at 20041.545 ms batch [51.770] delay 32.356 ms
INFO: at 20041.545 ms fetching 51.770 ms
INFO: at 20073.904 ms batch [51.770] delay 32.356 ms
INFO: at 20073.904 ms fetching 51.770 ms
INFO: at 20106.263 ms batch [51.770] delay 32.356 ms
INFO: at 20106.263 ms fetching 51.770 ms
INFO: at 20138.622 ms batch [51.770] delay 32.356 ms
INFO: at 20138.622 ms fetching 51.770 ms
INFO: at 20170.979 ms batch [51.770] delay 32.356 ms
INFO: at 20170.979 ms fetching 51.770 ms
INFO: at 20203.341 ms batch [51.770] delay 32.356 ms
INFO: at 20203.341 ms fetching 51.770 ms
INFO: at 20235.699 ms batch [51.770] delay 32.356 ms
INFO: at 20235.699 ms fetching 51.770 ms
INFO: at 20268.058 ms batch [51.770] delay 32.356 ms
INFO: at 20268.058 ms fetching 51.770 ms
INFO: at 20300.430 ms batch [51.770] delay 32.356 ms
INFO: at 20300.430 ms fetching 51.770 ms
INFO: at 20332.790 ms batch [51.770] delay 32.356 ms
INFO: at 20332.790 ms fetching 51.770 ms
INFO: at 20365.149 ms batch [51.770] delay 32.356 ms
INFO: at 20365.149 ms fetching 51.770 ms
INFO: at 20397.507 ms batch [51.770] delay 32.356 ms
INFO: at 20397.507 ms fetching 51.770 ms
INFO: at 20429.865 ms batch [51.770] delay 32.356 ms
INFO: at 20429.865 ms fetching 51.770 ms
INFO: at 20462.223 ms batch [51.770] delay 23.532 ms
INFO: at 20462.223 ms fetching 51.770 ms
INFO: at 20485.758 ms batch [51.770] delay 23.532 ms
INFO: at 20485.758 ms fetching 51.770 ms
INFO: at 20509.292 ms batch [51.770] delay 23.532 ms
INFO: at 20509.292 ms fetching 51.770 ms
INFO: at 20532.826 ms batch [51.770] delay 23.532 ms
INFO: at 20532.826 ms fetching 51.770 ms
INFO: at 20556.362 ms batch [51.770] delay 23.532 ms
INFO: at 20556.362 ms fetching 51.770 ms
INFO: at 20579.897 ms batch [51.770] delay 23.532 ms
INFO: at 20579.897 ms fetching 51.770 ms
INFO: at 20603.432 ms batch [51.770] delay 23.532 ms
INFO: at 20603.432 ms fetching 51.770 ms
INFO: at 20626.966 ms batch [51.770] delay 23.532 ms
INFO: at 20626.966 ms fetching 51.770 ms
INFO: at 20650.500 ms batch [51.770] delay 23.532 ms
INFO: at 20650.500 ms fetching 51.770 ms
INFO: at 20674.039 ms batch [51.770] delay 23.532 ms
INFO: at 20674.039 ms fetching 51.770 ms
INFO: at 20697.573 ms batch [51.770] delay 23.532 ms
INFO: at 20697.573 ms fetching 51.770 ms
INFO: at 20721.108 ms batch [51.770] delay 18.489 ms
INFO: at 20721.108 ms fetching 51.770 ms
INFO: at 20739.606 ms batch [51.770] delay 18.489 ms
INFO: at 20739.606 ms fetching 51.770 ms
INFO: at 20758.097 ms batch [51.770] delay 18.489 ms
INFO: at 20758.097 ms fetching 51.770 ms
INFO: at 20776.591 ms batch [51.770] delay 18.489 ms
INFO: at 20776.591 ms fetching 51.770 ms
INFO: at 20795.088 ms batch [51.770] delay 18.489 ms
INFO: at 20795.088 ms fetching 51.770 ms
INFO: at 20813.579 ms batch [51.770] delay 18.489 ms
INFO: at 20813.579 ms fetching 51.770 ms
INFO: at 20832.070 ms batch [51.770] delay 18.489 ms
INFO: at 20832.070 ms fetching 51.770 ms
INFO: at 20850.562 ms batch [51.770] delay 18.489 ms
INFO: at 20850.562 ms fetching 51.770 ms
INFO: at 20869.054 ms batch [51.770] delay 18.489 ms
INFO: at 20869.054 ms fetching 51.770 ms
INFO: at 20887.547 ms batch [51.770] delay 18.489 ms
INFO: at 20887.547 ms fetching 51.770 ms
INFO: at 20906.039 ms batch [51.770] delay 18.489 ms
INFO: at 20906.039 ms fetching 51.770 ms
INFO: at 20924.531 ms batch [51.770] delay 18.489 ms
INFO: at 20924.531 ms fetching 51.770 ms
INFO: at 20943.023 ms batch [51.770] delay 18.489 ms
INFO: at 20943.023 ms fetching 51.770 ms
INFO: at 20961.514 ms batch [51.770] delay 18.489 ms
INFO: at 20961.514 ms fetching 51.770 ms
INFO: at 20980.006 ms batch [51.770] delay 23.532 ms
INFO: at 20980.006 ms fetching 51.770 ms
INFO: at 21003.542 ms batch [51.770] delay 23.532 ms
INFO: at 21003.542 ms fetching 51.770 ms
INFO: at 21027.078 ms batch [51.770] delay 23.532 ms
INFO: at 21027.078 ms fetching 51.770 ms
INFO: at 21050.614 ms batch [51.770] delay 23.532 ms
INFO: at 21050.614 ms fetching 51.770 ms
INFO: at 21074.149 ms batch [51.770] delay 23.532 ms
INFO: at 21074.149 ms fetching 51.770 ms
INFO: at 21097.684 ms batch [51.770] delay 23.532 ms
INFO: at 21097.684 ms fetching 51.770 ms
INFO: at 21121.218 ms batch [51.770] delay 23.532 ms
INFO: at 21121.218 ms fetching 51.770 ms
INFO: at 21144.751 ms batch [51.770] delay 23.532 ms
INFO: at 21144.751 ms fetching 51.770 ms
INFO: at 21168.285 ms batch [51.770] delay 23.532 ms
INFO: at 21168.285 ms fetching 51.770 ms
INFO: at 21191.820 ms batch [51.770] delay 23.532 ms
INFO: at 21191.820 ms fetching 51.770 ms
INFO: at 21215.354 ms batch [51.770] delay 23.532 ms
INFO: at 21215.354 ms fetching 51.770 ms
INFO: at 21238.888 ms batch [51.770] delay 28.761 ms
INFO: at 21238.888 ms fetching 51.770 ms
INFO: at 21267.650 ms batch [51.770] delay 28.761 ms
INFO: at 21267.650 ms fetching 51.770 ms
INFO: at 21296.414 ms batch [51.770] delay 28.761 ms
INFO: at 21296.414 ms fetching 51.770 ms
INFO: at 21325.178 ms batch [51.770] delay 28.761 ms
INFO: at 21325.178 ms fetching 51.770 ms
INFO: at 21353.941 ms batch [51.770] delay 28.761 ms
INFO: at 21353.941 ms fetching 51.770 ms
INFO: at 21382.707 ms batch [51.770] delay 28.761 ms
INFO: at 21382.707 ms fetching 51.770 ms
INFO: at 21411.470 ms batch [51.770] delay 28.761 ms
INFO: at 21411.470 ms fetching 51.770 ms
INFO: at 21440.233 ms batch [51.770] delay 28.761 ms
INFO: at 21440.233 ms fetching 51.770 ms
INFO: at 21468.997 ms batch [51.770] delay 28.761 ms
INFO: at 21468.997 ms fetching 51.770 ms
INFO: at 21497.760 ms batch [51.770] delay 23.532 ms
INFO: at 21497.760 ms fetching 51.770 ms
INFO: at 21521.294 ms batch [51.770] delay 23.532 ms
INFO: at 21521.294 ms fetching 51.770 ms
INFO: at 21544.828 ms batch [51.770] delay 23.532 ms
INFO: at 21544.828 ms fetching 51.770 ms
INFO: at 21568.363 ms batch [51.770] delay 23.532 ms
INFO: at 21568.363 ms fetching 51.770 ms
INFO: at 21591.897 ms batch [51.770] delay 23.532 ms
INFO: at 21591.897 ms fetching 51.770 ms
INFO: at 21615.430 ms batch [51.770] delay 23.532 ms
INFO: at 21615.430 ms fetching 51.770 ms
INFO: at 21638.964 ms batch [51.770] delay 23.532 ms
INFO: at 21638.964 ms fetching 51.770 ms
INFO: at 21662.498 ms batch [51.770] delay 23.532 ms
INFO: at 21662.498 ms fetching 51.770 ms
INFO: at 21686.033 ms batch [51.770] delay 23.532 ms
INFO: at 21686.033 ms fetching 51.770 ms
INFO: at 21709.567 ms batch [51.770] delay 23.532 ms
INFO: at 21709.567 ms fetching 51.770 ms
INFO: at 21733.104 ms batch [51.770] delay 23.532 ms
INFO: at 21733.104 ms fetching 51.770 ms
INFO: at 21756.641 ms batch [51.770] delay 21.571 ms
INFO: at 21756.641 ms fetching 51.770 ms
INFO: at 21778.214 ms batch [51.770] delay 21.571 ms
INFO: at 21778.214 ms fetching 51.770 ms
INFO: at 21799.791 ms batch [51.770] delay 21.571 ms
INFO: at 21799.791 ms fetching 51.770 ms
INFO: at 21821.364 ms batch [51.770] delay 21.571 ms
INFO: at 21821.364 ms fetching 51.770 ms
INFO: at 21842.939 ms batch [51.770] delay 21.571 ms
INFO: at 21842.939 ms fetching 51.770 ms
INFO: at 21864.516 ms batch [51.770] delay 21.571 ms
INFO: at 21864.516 ms fetching 51.770 ms
INFO: at 21886.092 ms batch [51.770] delay 21.571 ms
INFO: at 21886.092 ms fetching 51.770 ms
INFO: at 21907.666 ms batch [51.770] delay 21.571 ms
INFO: at 21907.666 ms fetching 51.770 ms
INFO: at 21929.242 ms batch [51.770] delay 21.571 ms
INFO: at 21929.242 ms fetching 51.770 ms
INFO: at 21950.824 ms batch [51.770] delay 21.571 ms
INFO: at 21950.824 ms fetching 51.770 ms
INFO: at 21972.399 ms batch [51.770] delay 21.571 ms
INFO: at 21972.399 ms fetching 51.770 ms
INFO: at 21993.973 ms batch [51.770] delay 21.571 ms
INFO: at 21993.973 ms fetching 51.770 ms
INFO: at 22015.548 ms batch [51.770] delay 23.532 ms
INFO: at 22015.548 ms fetching 51.770 ms
INFO: at 22039.084 ms batch [51.770] delay 23.532 ms
INFO: at 22039.084 ms fetching 51.770 ms
INFO: at 22062.620 ms batch [51.770] delay 23.532 ms
INFO: at 22062.620 ms fetching 51.770 ms
INFO: at 22086.155 ms batch [51.770] delay 23.532 ms
INFO: at 22086.155 ms fetching 51.770 ms
INFO: at 22109.690 ms batch [51.770] delay 23.532 ms
INFO: at 22109.690 ms fetching 51.770 ms
INFO: at 22133.225 ms batch [51.770] delay 23.532 ms
INFO: at 22133.225 ms fetching 51.770 ms
INFO: at 22156.760 ms batch [51.770] delay 23.532 ms
INFO: at 22156.760 ms fetching 51.770 ms
INFO: at 22180.299 ms batch [51.770] delay 23.532 ms
INFO: at 22180.299 ms fetching 51.770 ms
INFO: at 22203.833 ms batch [51.770] delay 23.532 ms
INFO: at 22203.833 ms fetching 51.770 ms
INFO: at 22227.369 ms batch [51.770] delay 23.532 ms
INFO: at 22227.369 ms fetching 51.770 ms
INFO: at 22250.908 ms batch [51.770] delay 23.532 ms
INFO: at 22250.908 ms fetching 51.770 ms
INFO: at 22274.441 ms batch [51.770] delay 17.257 ms
INFO: at 22274.441 ms fetching 51.770 ms
INFO: at 22291.701 ms batch [51.770] delay 17.257 ms
INFO: at 22291.701 ms fetching 51.770 ms
INFO: at 22308.959 ms batch [51.770] delay 17.257 ms
INFO: at 22308.959 ms fetching 51.770 ms
INFO: at 22326.219 ms batch [51.770] delay 17.257 ms
INFO: at 22326.219 ms fetching 51.770 ms
INFO: at 22343.478 ms batch [51.770] delay 17.257 ms
INFO: at 22343.478 ms fetching 51.770 ms
INFO: at 22360.740 ms batch [51.770] delay 17.257 ms
INFO: at 22360.740 ms fetching 51.770 ms
INFO: at 22377.998 ms batch [51.770] delay 17.257 ms
INFO: at 22377.998 ms fetching 51.770 ms
INFO: at 22395.258 ms batch [51.770] delay 17.257 ms
INFO: at 22395.258 ms fetching 51.770 ms
INFO: at 22412.518 ms batch [51.770] delay 17.257 ms
INFO: at 22412.518 ms fetching 51.770 ms
INFO: at 22429.777 ms batch [51.770] delay 17.257 ms
INFO: at 22429.777 ms fetching 51.770 ms
INFO: at 22447.036 ms batch [51.770] delay 17.257 ms
INFO: at 22447.036 ms fetching 51.770 ms
INFO: at 22464.295 ms batch [51.770] delay 17.257 ms
INFO: at 22464.295 ms fetching 51.770 ms
INFO: at 22481.555 ms batch [51.770] delay 17.257 ms
INFO: at 22481.555 ms fetching 51.770 ms
INFO: at 22498.813 ms batch [51.770] delay 17.257 ms
INFO: at 22498.813 ms fetching 51.770 ms
INFO: at 22516.076 ms batch [51.770] delay 17.257 ms
INFO: at 22516.076 ms fetching 51.770 ms
INFO: at 22533.336 ms batch [51.770] delay 28.761 ms
INFO: at 22533.336 ms fetching 51.770 ms
INFO: at 22562.101 ms batch [51.770] delay 28.761 ms
INFO: at 22562.101 ms fetching 51.770 ms
INFO: at 22590.863 ms batch [51.770] delay 28.761 ms
INFO: at 22590.863 ms fetching 51.770 ms
INFO: at 22619.628 ms batch [51.770] delay 28.761 ms
INFO: at 22619.628 ms fetching 51.770 ms
INFO: at 22648.391 ms batch [51.770] delay 28.761 ms
INFO: at 22648.391 ms fetching 51.770 ms
INFO: at 22677.158 ms batch [51.770] delay 28.761 ms
INFO: at 22677.158 ms fetching 51.770 ms
INFO: at 22705.922 ms batch [51.770] delay 28.761 ms
INFO: at 22705.922 ms fetching 51.770 ms
INFO: at 22734.686 ms batch [51.770] delay 28.761 ms
INFO: at 22734.686 ms fetching 51.770 ms
INFO: at 22763.450 ms batch [51.770] delay 28.761 ms
INFO: at 22763.450 ms fetching 51.770 ms
INFO: at 22792.213 ms batch [51.770] delay 25.885 ms
INFO: at 22792.213 ms fetching 51.770 ms
INFO: at 22818.100 ms batch [51.770] delay 25.885 ms
INFO: at 22818.100 ms fetching 51.770 ms
INFO: at 22843.988 ms batch [51.770] delay 25.885 ms
INFO: at 22843.988 ms fetching 51.770 ms
INFO: at 22869.877 ms batch [51.770] delay 25.885 ms
INFO: at 22869.877 ms fetching 51.770 ms
INFO: at 22895.764 ms batch [51.770] delay 25.885 ms
INFO: at 22895.764 ms fetching 51.770 ms
INFO: at 22921.652 ms batch [51.770] delay 25.885 ms
INFO: at 22921.652 ms fetching 51.770 ms
INFO: at 22947.541 ms batch [51.770] delay 25.885 ms
INFO: at 22947.541 ms fetching 51.770 ms
INFO: at 22973.430 ms batch [51.770] delay 25.885 ms
INFO: at 22973.430 ms fetching 51.770 ms
INFO: at 22999.319 ms batch [51.770] delay 25.885 ms
INFO: at 22999.319 ms fetching 51.770 ms
INFO: at 23025.205 ms batch [51.770] delay 25.885 ms
INFO: at 23025.205 ms fetching 51.770 ms
INFO: at 23051.093 ms batch [51.770] delay 23.532 ms
INFO: at 23051.093 ms fetching 51.770 ms
INFO: at 23074.627 ms batch [51.770] delay 23.532 ms
INFO: at 23074.627 ms fetching 51.770 ms
INFO: at 23098.165 ms batch [51.770] delay 23.532 ms
INFO: at 23098.165 ms fetching 51.770 ms
INFO: at 23121.700 ms batch [51.770] delay 23.532 ms
INFO: at 23121.700 ms fetching 51.770 ms
INFO: at 23145.235 ms batch [51.770] delay 23.532 ms
INFO: at 23145.235 ms fetching 51.770 ms
INFO: at 23168.772 ms batch [51.770] delay 23.532 ms
INFO: at 23168.772 ms fetching 51.770 ms
INFO: at 23192.306 ms batch [51.770] delay 23.532 ms
INFO: at 23192.306 ms fetching 51.770 ms
INFO: at 23215.840 ms batch [51.770] delay 23.532 ms
INFO: at 23215.840 ms fetching 51.770 ms
INFO: at 23239.374 ms batch [51.770] delay 23.532 ms
INFO: at 23239.374 ms fetching 51.770 ms
INFO: at 23262.910 ms batch [51.770] delay 23.532 ms
INFO: at 23262.910 ms fetching 51.770 ms
INFO: at 23286.445 ms batch [51.770] delay 23.532 ms
INFO: at 23286.445 ms fetching 51.770 ms
INFO: at 23309.980 ms batch [51.770] delay 19.911 ms
INFO: at 23309.980 ms fetching 51.770 ms
INFO: at 23329.894 ms batch [51.770] delay 19.911 ms
INFO: at 23329.894 ms fetching 51.770 ms
INFO: at 23349.808 ms batch [51.770] delay 19.911 ms
INFO: at 23349.808 ms fetching 51.770 ms
INFO: at 23369.722 ms batch [51.770] delay 19.911 ms
INFO: at 23369.722 ms fetching 51.770 ms
INFO: at 23389.636 ms batch [51.770] delay 19.911 ms
INFO: at 23389.636 ms fetching 51.770 ms
INFO: at 23409.553 ms batch [51.770] delay 19.911 ms
INFO: at 23409.553 ms fetching 51.770 ms
INFO: at 23429.468 ms batch [51.770] delay 19.911 ms
INFO: at 23429.468 ms fetching 51.770 ms
INFO: at 23449.383 ms batch [51.770] delay 19.911 ms
INFO: at 23449.383 ms fetching 51.770 ms
INFO: at 23469.297 ms batch [51.770] delay 19.911 ms
INFO: at 23469.297 ms fetching 51.770 ms
INFO: at 23489.211 ms batch [51.770] delay 19.911 ms
INFO: at 23489.211 ms fetching 51.770 ms
INFO: at 23509.124 ms batch [51.770] delay 19.911 ms
INFO: at 23509.124 ms fetching 51.770 ms
INFO: at 23529.039 ms batch [51.770] delay 19.911 ms
INFO: at 23529.039 ms fetching 51.770 ms
INFO: at 23548.955 ms batch [51.770] delay 19.911 ms
INFO: at 23548.955 ms fetching 51.770 ms
INFO: at 23568.869 ms batch [51.770] delay 18.489 ms
INFO: at 23568.869 ms fetching 51.770 ms
INFO: at 23587.361 ms batch [51.770] delay 18.489 ms
INFO: at 23587.361 ms fetching 51.770 ms
INFO: at 23605.852 ms batch [51.770] delay 18.489 ms
INFO: at 23605.852 ms fetching 51.770 ms
INFO: at 23624.344 ms batch [51.770] delay 18.489 ms
INFO: at 23624.344 ms fetching 51.770 ms
INFO: at 23642.837 ms batch [51.770] delay 18.489 ms
INFO: at 23642.837 ms fetching 51.770 ms
INFO: at 23661.328 ms batch [51.770] delay 18.489 ms
INFO: at 23661.328 ms fetching 51.770 ms
INFO: at 23679.823 ms batch [51.770] delay 18.489 ms
INFO: at 23679.823 ms fetching 51.770 ms
INFO: at 23698.314 ms batch [51.770] delay 18.489 ms
INFO: at 23698.314 ms fetching 51.770 ms
INFO: at 23716.809 ms batch [51.770] delay 18.489 ms
INFO: at 23716.809 ms fetching 51.770 ms
INFO: at 23735.302 ms batch [51.770] delay 18.489 ms
INFO: at 23735.302 ms fetching 51.770 ms
INFO: at 23753.793 ms batch [51.770] delay 18.489 ms
INFO: at 23753.793 ms fetching 51.770 ms
INFO: at 23772.286 ms batch [51.770] delay 18.489 ms
INFO: at 23772.286 ms fetching 51.770 ms
INFO: at 23790.777 ms batch [51.770] delay 18.489 ms
INFO: at 23790.777 ms fetching 51.770 ms
INFO: at 23809.269 ms batch [51.770] delay 18.489 ms
INFO: at 23809.269 ms fetching 51.770 ms
INFO: at 23827.761 ms batch [51.770] delay 23.532 ms
INFO: at 23827.761 ms fetching 51.770 ms
INFO: at 23851.298 ms batch [51.770] delay 23.532 ms
INFO: at 23851.298 ms fetching 51.770 ms
INFO: at 23874.831 ms batch [51.770] delay 23.532 ms
INFO: at 23874.831 ms fetching 51.770 ms
INFO: at 23898.366 ms batch [51.770] delay 23.532 ms
INFO: at 23898.366 ms fetching 51.770 ms
INFO: at 23921.901 ms batch [51.770] delay 23.532 ms
INFO: at 23921.901 ms fetching 51.770 ms
INFO: at 23945.436 ms batch [51.770] delay 23.532 ms
INFO: at 23945.436 ms fetching 51.770 ms
INFO: at 23968.970 ms batch [51.770] delay 23.532 ms
INFO: at 23968.970 ms fetching 51.770 ms
INFO: at 23992.504 ms batch [51.770] delay 23.532 ms
INFO: at 23992.504 ms fetching 51.770 ms
INFO: at 24016.037 ms batch [51.770] delay 23.532 ms
INFO: at 24016.037 ms fetching 51.770 ms
INFO: at 24039.572 ms batch [51.770] delay 23.532 ms
INFO: at 24039.572 ms fetching 51.770 ms
INFO: at 24063.105 ms batch [51.770] delay 23.532 ms
INFO: at 24063.105 ms fetching 51.770 ms
INFO: at 24086.639 ms batch [51.770] delay 25.885 ms
INFO: at 24086.639 ms fetching 51.770 ms
INFO: at 24112.526 ms batch [51.770] delay 25.885 ms
INFO: at 24112.526 ms fetching 51.770 ms
INFO: at 24138.413 ms batch [51.770] delay 25.885 ms
INFO: at 24138.413 ms fetching 51.770 ms
INFO: at 24164.301 ms batch [51.770] delay 25.885 ms
INFO: at 24164.301 ms fetching 51.770 ms
INFO: at 24190.193 ms batch [51.770] delay 25.885 ms
INFO: at 24190.193 ms fetching 51.770 ms
INFO: at 24216.080 ms batch [51.770] delay 25.885 ms
INFO: at 24216.080 ms fetching 51.770 ms
INFO: at 24241.967 ms batch [51.770] delay 25.885 ms
INFO: at 24241.967 ms fetching 51.770 ms
INFO: at 24267.858 ms batch [51.770] delay 25.885 ms
INFO: at 24267.858 ms fetching 51.770 ms
INFO: at 24293.745 ms batch [51.770] delay 25.885 ms
INFO: at 24293.745 ms fetching 51.770 ms
INFO: at 24319.632 ms batch [51.770] delay 25.885 ms
INFO: at 24319.632 ms fetching 51.770 ms
INFO: at 24345.519 ms batch [51.770] delay 18.489 ms
INFO: at 24345.519 ms fetching 51.770 ms
INFO: at 24364.013 ms batch [51.770] delay 18.489 ms
INFO: at 24364.013 ms fetching 51.770 ms
INFO: at 24382.505 ms batch [51.770] delay 18.489 ms
INFO: at 24382.505 ms fetching 51.770 ms
INFO: at 24400.998 ms batch [51.770] delay 18.489 ms
INFO: at 24400.998 ms fetching 51.770 ms
INFO: at 24419.489 ms batch [51.770] delay 18.489 ms
INFO: at 24419.489 ms fetching 51.770 ms
INFO: at 24437.980 ms batch [51.770] delay 18.489 ms
INFO: at 24437.980 ms fetching 51.770 ms
INFO: at 24456.472 ms batch [51.770] delay 18.489 ms
INFO: at 24456.472 ms fetching 51.770 ms
INFO: at 24474.965 ms batch [51.770] delay 18.489 ms
INFO: at 24474.965 ms fetching 51.770 ms
INFO: at 24493.456 ms batch [51.770] delay 18.489 ms
INFO: at 24493.456 ms fetching 51.770 ms
INFO: at 24511.948 ms batch [51.770] delay 18.489 ms
INFO: at 24511.948 ms fetching 51.770 ms
INFO: at 24530.441 ms batch [51.770] delay 18.489 ms
INFO: at 24530.441 ms fetching 51.770 ms
INFO: at 24548.933 ms batch [51.770] delay 18.489 ms
INFO: at 24548.933 ms fetching 51.770 ms
INFO: at 24567.424 ms batch [51.770] delay 0.000 ms
INFO: at 24567.424 ms fetching 51.770 ms
INFO: done
22-04-05:07:18:38 INFO     [docker_logging_utils.py:19] [default-cluster] Created logging directory: /home/cc/DynWork/multimodal_dataset/repeat-3/Static_CV/Azure/classification/resnet_imagenet/1_x_P99/clipper/logs
22-04-05:07:19:20 INFO     [clipper_admin.py:1424] [default-cluster] Stopped all Clipper cluster and all model containers
