[1m[22:15:58.331][info]       [REDIS] Successfully issued command "SELECT 1"
[00m[1m[22:15:58.331][info]     [STATEDB] Persistent state DB created
[00m[1m[22:15:58.340][info]  [TASKEXE...] TaskExecutor started
[00m[1m[22:15:58.340][info]         [RPC] RPC thread started at address: tcp://*:7000
[00m[1m[22:15:58.342][info]       [REDIS] Successfully issued command "CONFIG SET notify-keyspace-events AKE"
[00m[1m[22:15:58.342][info]       [REDIS] SUBSCRIPTION STRING: __keyspace@2__:*
[00m[1m[22:15:58.342][info]       [REDIS] SUBSCRIPTION STRING: __keyspace@3__:*
[00m[1m[22:15:58.342][info]      [TIMERS] Starting timer thread
[00m[1m[22:15:58.343][info]      [TIMERS] Timer thread started
[00m[1m[22:15:58.343][info]  [QUERYPR...] Query Processor started
[00m[1m[22:15:58.343][info]      [TIMERS] Starting timer event loop
[00m[1m[22:15:58.344][info]       [REDIS] SUBSCRIPTION STRING: __keyspace@5__:*
[00m[1m[22:15:58.344][info]       [REDIS] SUBSCRIPTION STRING: __keyspace@7__:*
[00m[1m[22:15:58.344][info]       [REDIS] SUBSCRIPTION STRING: __keyspace@6__:CURRENT_MODEL_VERSION:*
[00m[1m[22:15:58.344][info]       [REDIS] Successfully issued command "SELECT 5"
[00m[1m[22:15:58.344][info]       [REDIS] Successfully issued command "KEYS *"
[00m[1m[22:15:58.344][info]       [REDIS] Successfully issued command "SELECT 2"
[00m[1m[22:15:58.345][info]       [REDIS] Successfully issued command "KEYS *"
[00m[31m[1m[22:15:58.983][error]    [METRICS] Ratio internal:prediction_cache_hit_ratio has denominator zero!
[00m[31m[1m[22:15:59.442][error]    [METRICS] Ratio internal:prediction_cache_hit_ratio has denominator zero!
[00m[1m[22:15:59.458][info]       [REDIS] MESSAGE: hset
[00m[1m[22:15:59.458][info]  [QUERYFR...] APPLICATION EVENT DETECTED. Key: fake-model, event_type: hset
[00m[1m[22:15:59.458][info]  [QUERYFR...] New application detected: fake-model
[00m[1m[22:15:59.458][info]       [REDIS] Successfully issued command "SELECT 5"
[00m[1m[22:15:59.458][info]       [REDIS] Successfully issued command "HGETALL fake-model"
[00m[1m[22:15:59.458][info]       [REDIS] 	 input_type: floats
[00m[1m[22:15:59.458][info]       [REDIS] 	 policy: DefaultOutputSelectionPolicy
[00m[1m[22:15:59.458][info]       [REDIS] 	 default_output: None
[00m[1m[22:15:59.458][info]       [REDIS] 	 latency_slo_micros: 137000
[00m[1m[22:15:59.459][info]       [REDIS] Successfully issued command "SET fake-model:0:0 {"y_hat":"None"}"
[00m[1m[22:16:00.547][info]       [REDIS] MESSAGE: hset
[00m[1m[22:16:00.548][info]       [REDIS] Successfully issued command "SELECT 2"
[00m[1m[22:16:00.548][info]       [REDIS] MESSAGE: set
[00m[1m[22:16:00.548][info]  [QUERYFR...] MODEL VERSION CHANGE DETECTED. Key: fake-model, event_type: set
[00m[1m[22:16:00.548][info]       [REDIS] Successfully issued command "HGETALL fake-model:1"
[00m[1m[22:16:00.548][info]       [REDIS] 	 model_name: fake-model
[00m[1m[22:16:00.548][info]       [REDIS] 	 model_version: 1
[00m[1m[22:16:00.548][info]       [REDIS] 	 load: 0.000000
[00m[1m[22:16:00.548][info]       [REDIS] 	 input_type: floats
[00m[1m[22:16:00.548][info]       [REDIS] 	 labels: 
[00m[1m[22:16:00.548][info]       [REDIS] 	 container_name: default-cluster-fake-model:1
[00m[1m[22:16:00.548][info]       [REDIS] 	 model_data_path: DEPRECATED
[00m[1m[22:16:00.548][info]       [REDIS] 	 batch_size: 8
[00m[1m[22:16:00.548][info]       [REDIS] 	 valid: 
[00m[1m[22:16:00.548][info]  [TASKEXE...] Registered batch size of 8 for model fake-model:1
[00m[1m[22:16:00.548][info]       [REDIS] Successfully issued command "SELECT 6"
[00m[1m[22:16:00.548][info]       [REDIS] Successfully issued command "GET CURRENT_MODEL_VERSION:fake-model"
[00m[1m[22:16:00.555][info]       [REDIS] MESSAGE: sadd
[00m[1m[22:16:00.555][info]  [QUERYFR...] APP LINKS EVENT DETECTED. App name: fake-model, event_type: sadd
[00m[1m[22:16:00.556][info]  [QUERYFR...] New model link detected for app: fake-model
[00m[1m[22:16:00.556][info]       [REDIS] Successfully issued command "SELECT 7"
[00m[1m[22:16:00.556][info]       [REDIS] Successfully issued command "SMEMBERS fake-model"
[00m[1m[22:16:02.591][info]  [QUERYPR...] Found 1 tasks
[00m[31m[1m[22:16:02.591][error] [TASKEXE...] Received task for unknown model: fake-model : 1
[00m[31m[1m[22:16:02.591][error] [QUERYPR...] No connected models found for query with id: 0
[00m[1m[22:16:03.595][info]  [QUERYPR...] Found 1 tasks
[00m[31m[1m[22:16:03.595][error] [TASKEXE...] Received task for unknown model: fake-model : 1
[00m[31m[1m[22:16:03.595][error] [QUERYPR...] No connected models found for query with id: 1
[00m[1m[22:16:04.599][info]  [QUERYPR...] Found 1 tasks
[00m[31m[1m[22:16:04.599][error] [TASKEXE...] Received task for unknown model: fake-model : 1
[00m[31m[1m[22:16:04.599][error] [QUERYPR...] No connected models found for query with id: 2
[00m[1m[22:16:05.602][info]  [QUERYPR...] Found 1 tasks
[00m[31m[1m[22:16:05.602][error] [TASKEXE...] Received task for unknown model: fake-model : 1
[00m[31m[1m[22:16:05.602][error] [QUERYPR...] No connected models found for query with id: 3
[00m[1m[22:16:06.155][info]         [RPC] Found message to receive
[00m[1m[22:16:06.155][info]         [RPC] Found message to receive
[00m[1m[22:16:06.155][info]         [RPC] New container connected
[00m[1m[22:16:06.155][info]         [RPC] Container added
[00m[1m[22:16:06.156][info]       [REDIS] Successfully issued command "SELECT 3"
[00m[1m[22:16:06.156][info]       [REDIS] Successfully issued command "HMSET fake-model,1,0 model_id fake-model:1 model_name fake-model model_version 1 model_replica_id 0 zmq_connection_id 0 batch_size 1 input_type floats"
[00m[1m[22:16:06.156][info]       [REDIS] MESSAGE: hset
[00m[1m[22:16:06.156][info]  [THREADPOOL] Work queue created for model fake-model:1, replica 0
[00m[1m[22:16:06.156][info]       [REDIS] Successfully issued command "SELECT 3"
[00m[1m[22:16:06.156][info]       [REDIS] Successfully issued command "HGETALL fake-model,1,0"
[00m[1m[22:16:06.156][info]       [REDIS] 	 model_id: fake-model:1
[00m[1m[22:16:06.157][info]       [REDIS] 	 model_name: fake-model
[00m[1m[22:16:06.157][info]       [REDIS] 	 model_version: 1
[00m[1m[22:16:06.157][info]       [REDIS] 	 model_replica_id: 0
[00m[1m[22:16:06.157][info]       [REDIS] 	 zmq_connection_id: 0
[00m[1m[22:16:06.157][info]       [REDIS] 	 batch_size: 1
[00m[1m[22:16:06.157][info]       [REDIS] 	 input_type: floats
[00m[1m[22:16:06.157][info]  [CONTAINERS] Adding new container - model: fake-model, version: 1, connection ID: 0, replica ID: 0, input_type: floats
[00m[1m[22:16:06.157][info]  [CONTAINERS] Creating new ModelContainer for model fake-model:1, id: 0
[00m[1m[22:16:06.157][info]  [CONTAINERS] 
Active containers:
	Model: fake-model:1
		rep_id: 0, container_id: 0

[00m[1m[22:16:06.157][info]       [REDIS] Successfully issued command "SELECT 2"
[00m[1m[22:16:06.157][info]       [REDIS] Successfully issued command "HGETALL fake-model:1"
[00m[1m[22:16:06.157][info]       [REDIS] 	 model_name: fake-model
[00m[1m[22:16:06.157][info]       [REDIS] 	 model_version: 1
[00m[1m[22:16:06.157][info]       [REDIS] 	 load: 0.000000
[00m[1m[22:16:06.157][info]       [REDIS] 	 input_type: floats
[00m[1m[22:16:06.157][info]       [REDIS] 	 labels: 
[00m[1m[22:16:06.157][info]       [REDIS] 	 container_name: default-cluster-fake-model:1
[00m[1m[22:16:06.157][info]       [REDIS] 	 model_data_path: DEPRECATED
[00m[1m[22:16:06.157][info]       [REDIS] 	 batch_size: 8
[00m[1m[22:16:06.157][info]       [REDIS] 	 valid: 
[00m[1m[22:16:06.157][info]  [TASKEXE...] Created queue for new model: fake-model : 1
[00m[1m[22:16:06.157][info]  [THREADPOOL] Work queue created for model fake-model:1, replica 0
[00m[31m[1m[22:16:06.157][error] [THREADPOOL] Work queue already exists for model fake-model:1, replica 0
[00m[1m[22:16:06.606][info]  [QUERYPR...] Found 1 tasks
[00m[1m[22:16:06.606][info]  [TASKEXE...] Adding task to queue. QueryID: 4, model: fake-model:1
[00m[1m[22:16:06.606][info]  [TASKEXE...] Sending batch to model: fake-model:1 replica 0.Batch size: 1. Query IDs: 4 
[00m[1m[22:16:06.610][info]         [RPC] Found message to receive
[00m[1m[22:16:06.617][info]  [QUERYPR...] Found 1 tasks
[00m[1m[22:16:06.617][info]  [TASKEXE...] Adding task to queue. QueryID: 5, model: fake-model:1
[00m[1m[22:16:06.618][info]  [TASKEXE...] Sending batch to model: fake-model:1 replica 0.Batch size: 1. Query IDs: 5 
[00m[1m[22:16:06.701][info]         [RPC] Found message to receive
[00m[1m[22:16:06.725][info]  [QUERYPR...] Found 1 tasks
[00m[1m[22:16:06.725][info]  [TASKEXE...] Adding task to queue. QueryID: 6, model: fake-model:1
[00m[1m[22:16:06.725][info]  [TASKEXE...] Sending batch to model: fake-model:1 replica 0.Batch size: 1. Query IDs: 6 
[00m[1m[22:16:06.811][info]         [RPC] Found message to receive
[00m[1m[22:16:06.835][info]  [QUERYPR...] Found 1 tasks
[00m[1m[22:16:06.835][info]  [TASKEXE...] Adding task to queue. QueryID: 7, model: fake-model:1
[00m[1m[22:16:06.835][info]  [TASKEXE...] Sending batch to model: fake-model:1 replica 0.Batch size: 1. Query IDs: 7 
[00m[1m[22:16:06.911][info]         [RPC] Found message to receive
[00m[1m[22:16:06.945][info]  [QUERYPR...] Found 1 tasks
[00m[1m[22:16:06.945][info]  [TASKEXE...] Adding task to queue. QueryID: 8, model: fake-model:1
[00m[1m[22:16:06.945][info]  [TASKEXE...] Sending batch to model: fake-model:1 replica 0.Batch size: 1. Query IDs: 8 
[00m[1m[22:16:06.969][info]         [RPC] Found message to receive
[00m[1m[22:16:07.055][info]  [QUERYPR...] Found 1 tasks
[00m[1m[22:16:07.055][info]  [TASKEXE...] Adding task to queue. QueryID: 9, model: fake-model:1
[00m[1m[22:16:07.055][info]  [TASKEXE...] Sending batch to model: fake-model:1 replica 0.Batch size: 1. Query IDs: 9 
[00m[1m[22:16:07.138][info]         [RPC] Found message to receive
[00m[1m[22:16:07.166][info]  [QUERYPR...] Found 1 tasks
[00m[1m[22:16:07.166][info]  [TASKEXE...] Adding task to queue. QueryID: 10, model: fake-model:1
[00m[1m[22:16:07.166][info]  [TASKEXE...] Sending batch to model: fake-model:1 replica 0.Batch size: 1. Query IDs: 10 
[00m[1m[22:16:07.199][info]         [RPC] Found message to receive
[00m[1m[22:16:07.275][info]  [QUERYPR...] Found 1 tasks
[00m[1m[22:16:07.275][info]  [TASKEXE...] Adding task to queue. QueryID: 11, model: fake-model:1
[00m[1m[22:16:07.275][info]  [TASKEXE...] Sending batch to model: fake-model:1 replica 0.Batch size: 1. Query IDs: 11 
[00m[1m[22:16:07.362][info]         [RPC] Found message to receive
[00m[1m[22:16:07.385][info]  [QUERYPR...] Found 1 tasks
[00m[1m[22:16:07.385][info]  [TASKEXE...] Adding task to queue. QueryID: 12, model: fake-model:1
[00m[1m[22:16:07.385][info]  [TASKEXE...] Sending batch to model: fake-model:1 replica 0.Batch size: 1. Query IDs: 12 
[00m[1m[22:16:07.420][info]         [RPC] Found message to receive
[00m[1m[22:16:07.440][info]  [QUERYPR...] Found 1 tasks
[00m[1m[22:16:07.440][info]  [TASKEXE...] Adding task to queue. QueryID: 13, model: fake-model:1
[00m[1m[22:16:07.440][info]  [TASKEXE...] Sending batch to model: fake-model:1 replica 0.Batch size: 1. Query IDs: 13 
[00m[1m[22:16:07.473][info]         [RPC] Found message to receive
[00m[1m[22:16:07.495][info]  [QUERYPR...] Found 1 tasks
[00m[1m[22:16:07.495][info]  [TASKEXE...] Adding task to queue. QueryID: 14, model: fake-model:1
[00m[1m[22:16:07.495][info]  [TASKEXE...] Sending batch to model: fake-model:1 replica 0.Batch size: 1. Query IDs: 14 
[00m[1m[22:16:07.518][info]         [RPC] Found message to receive
[00m[1m[22:16:07.550][info]  [QUERYPR...] Found 1 tasks
[00m[1m[22:16:07.550][info]  [TASKEXE...] Adding task to queue. QueryID: 15, model: fake-model:1
[00m[1m[22:16:07.550][info]  [TASKEXE...] Sending batch to model: fake-model:1 replica 0.Batch size: 1. Query IDs: 15 
[00m[1m[22:16:07.607][info]  [QUERYPR...] Found 1 tasks
[00m[1m[22:16:07.607][info]  [TASKEXE...] Adding task to queue. QueryID: 16, model: fake-model:1
[00m[1m[22:16:07.634][info]         [RPC] Found message to receive
[00m[1m[22:16:07.634][info]  [TASKEXE...] Sending batch to model: fake-model:1 replica 0.Batch size: 1. Query IDs: 16 
[00m[1m[22:16:07.654][info]         [RPC] Found message to receive
[00m[1m[22:16:07.661][info]  [QUERYPR...] Found 1 tasks
[00m[1m[22:16:07.661][info]  [TASKEXE...] Adding task to queue. QueryID: 17, model: fake-model:1
[00m[1m[22:16:07.661][info]  [TASKEXE...] Sending batch to model: fake-model:1 replica 0.Batch size: 1. Query IDs: 17 
[00m[1m[22:16:07.686][info]         [RPC] Found message to receive
[00m[1m[22:16:07.715][info]  [QUERYPR...] Found 1 tasks
[00m[1m[22:16:07.715][info]  [TASKEXE...] Adding task to queue. QueryID: 18, model: fake-model:1
[00m[1m[22:16:07.715][info]  [TASKEXE...] Sending batch to model: fake-model:1 replica 0.Batch size: 1. Query IDs: 18 
[00m[1m[22:16:07.744][info]         [RPC] Found message to receive
[00m[1m[22:16:07.770][info]  [QUERYPR...] Found 1 tasks
[00m[1m[22:16:07.770][info]  [TASKEXE...] Adding task to queue. QueryID: 19, model: fake-model:1
[00m[1m[22:16:07.770][info]  [TASKEXE...] Sending batch to model: fake-model:1 replica 0.Batch size: 1. Query IDs: 19 
[00m[1m[22:16:07.825][info]  [QUERYPR...] Found 1 tasks
[00m[1m[22:16:07.825][info]  [TASKEXE...] Adding task to queue. QueryID: 20, model: fake-model:1
[00m[1m[22:16:07.850][info]         [RPC] Found message to receive
[00m[1m[22:16:07.850][info]  [TASKEXE...] Sending batch to model: fake-model:1 replica 0.Batch size: 1. Query IDs: 20 
[00m[1m[22:16:07.881][info]  [QUERYPR...] Found 1 tasks
[00m[1m[22:16:07.881][info]  [TASKEXE...] Adding task to queue. QueryID: 21, model: fake-model:1
[00m[1m[22:16:07.934][info]         [RPC] Found message to receive
[00m[1m[22:16:07.934][info]  [TASKEXE...] Sending batch to model: fake-model:1 replica 0.Batch size: 1. Query IDs: 21 
[00m[1m[22:16:07.937][info]  [QUERYPR...] Found 1 tasks
[00m[1m[22:16:07.937][info]  [TASKEXE...] Adding task to queue. QueryID: 22, model: fake-model:1
[00m[1m[22:16:07.968][info]         [RPC] Found message to receive
[00m[1m[22:16:07.968][info]  [TASKEXE...] Sending batch to model: fake-model:1 replica 0.Batch size: 1. Query IDs: 22 
[00m[1m[22:16:07.991][info]  [QUERYPR...] Found 1 tasks
[00m[1m[22:16:07.991][info]  [TASKEXE...] Adding task to queue. QueryID: 23, model: fake-model:1
[00m[1m[22:16:07.996][info]         [RPC] Found message to receive
[00m[1m[22:16:07.996][info]  [TASKEXE...] Sending batch to model: fake-model:1 replica 0.Batch size: 1. Query IDs: 23 
[00m[1m[22:16:08.027][info]         [RPC] Found message to receive
[00m[1m[22:16:08.045][info]  [QUERYPR...] Found 1 tasks
[00m[1m[22:16:08.045][info]  [TASKEXE...] Adding task to queue. QueryID: 24, model: fake-model:1
[00m[1m[22:16:08.045][info]  [TASKEXE...] Sending batch to model: fake-model:1 replica 0.Batch size: 1. Query IDs: 24 
[00m[1m[22:16:08.101][info]  [QUERYPR...] Found 1 tasks
[00m[1m[22:16:08.101][info]  [TASKEXE...] Adding task to queue. QueryID: 25, model: fake-model:1
[00m[1m[22:16:08.130][info]         [RPC] Found message to receive
[00m[1m[22:16:08.130][info]  [TASKEXE...] Sending batch to model: fake-model:1 replica 0.Batch size: 1. Query IDs: 25 
[00m[1m[22:16:08.156][info]  [QUERYPR...] Found 1 tasks
[00m[1m[22:16:08.156][info]  [TASKEXE...] Adding task to queue. QueryID: 26, model: fake-model:1
[00m[1m[22:16:08.156][info]         [RPC] Found message to receive
[00m[1m[22:16:08.156][info]  [TASKEXE...] Sending batch to model: fake-model:1 replica 0.Batch size: 1. Query IDs: 26 
[00m[1m[22:16:08.182][info]         [RPC] Found message to receive
[00m[1m[22:16:08.210][info]  [QUERYPR...] Found 1 tasks
[00m[1m[22:16:08.210][info]  [TASKEXE...] Adding task to queue. QueryID: 27, model: fake-model:1
[00m[1m[22:16:08.210][info]  [TASKEXE...] Sending batch to model: fake-model:1 replica 0.Batch size: 1. Query IDs: 27 
[00m[1m[22:16:08.266][info]  [QUERYPR...] Found 1 tasks
[00m[1m[22:16:08.266][info]  [TASKEXE...] Adding task to queue. QueryID: 28, model: fake-model:1
[00m[1m[22:16:08.293][info]  [QUERYPR...] Found 1 tasks
[00m[1m[22:16:08.293][info]  [TASKEXE...] Adding task to queue. QueryID: 29, model: fake-model:1
[00m[1m[22:16:08.300][info]         [RPC] Found message to receive
[00m[1m[22:16:08.300][info]  [TASKEXE...] Sending batch to model: fake-model:1 replica 0.Batch size: 2. Query IDs: 28 29 
[00m[1m[22:16:08.321][info]  [QUERYPR...] Found 1 tasks
[00m[1m[22:16:08.321][info]  [TASKEXE...] Adding task to queue. QueryID: 30, model: fake-model:1
[00m[1m[22:16:08.349][info]  [QUERYPR...] Found 1 tasks
[00m[1m[22:16:08.349][info]  [TASKEXE...] Adding task to queue. QueryID: 31, model: fake-model:1
[00m[1m[22:16:08.377][info]  [QUERYPR...] Found 1 tasks
[00m[1m[22:16:08.377][info]  [TASKEXE...] Adding task to queue. QueryID: 32, model: fake-model:1
[00m[1m[22:16:08.395][info]  [QUERYPR...] Found 1 tasks
[00m[1m[22:16:08.395][info]  [TASKEXE...] Adding task to queue. QueryID: 33, model: fake-model:1
[00m[1m[22:16:08.402][info]         [RPC] Found message to receive
[00m[1m[22:16:08.402][info]  [TASKEXE...] Sending batch to model: fake-model:1 replica 0.Batch size: 4. Query IDs: 30 31 32 33 
[00m[1m[22:16:08.412][info]  [QUERYPR...] Found 1 tasks
[00m[1m[22:16:08.412][info]  [TASKEXE...] Adding task to queue. QueryID: 34, model: fake-model:1
[00m[1m[22:16:08.430][info]  [QUERYPR...] Found 1 tasks
[00m[1m[22:16:08.430][info]  [TASKEXE...] Adding task to queue. QueryID: 35, model: fake-model:1
[00m[1m[22:16:08.450][info]  [QUERYPR...] Found 1 tasks
[00m[1m[22:16:08.450][info]  [TASKEXE...] Adding task to queue. QueryID: 36, model: fake-model:1
[00m[1m[22:16:08.462][info]         [RPC] Found message to receive
[00m[1m[22:16:08.462][info]  [TASKEXE...] Sending batch to model: fake-model:1 replica 0.Batch size: 3. Query IDs: 34 35 36 
[00m[1m[22:16:08.467][info]  [QUERYPR...] Found 1 tasks
[00m[1m[22:16:08.467][info]  [TASKEXE...] Adding task to queue. QueryID: 37, model: fake-model:1
[00m[1m[22:16:08.486][info]  [QUERYPR...] Found 1 tasks
[00m[1m[22:16:08.486][info]  [TASKEXE...] Adding task to queue. QueryID: 38, model: fake-model:1
[00m[1m[22:16:08.500][info]  [QUERYPR...] Found 1 tasks
[00m[1m[22:16:08.500][info]  [TASKEXE...] Adding task to queue. QueryID: 39, model: fake-model:1
[00m[1m[22:16:08.513][info]  [QUERYPR...] Found 1 tasks
[00m[1m[22:16:08.513][info]  [TASKEXE...] Adding task to queue. QueryID: 40, model: fake-model:1
[00m[1m[22:16:08.527][info]  [QUERYPR...] Found 1 tasks
[00m[1m[22:16:08.527][info]  [TASKEXE...] Adding task to queue. QueryID: 41, model: fake-model:1
[00m[1m[22:16:08.541][info]  [QUERYPR...] Found 1 tasks
[00m[1m[22:16:08.541][info]  [TASKEXE...] Adding task to queue. QueryID: 42, model: fake-model:1
[00m[1m[22:16:08.554][info]  [QUERYPR...] Found 1 tasks
[00m[1m[22:16:08.554][info]  [TASKEXE...] Adding task to queue. QueryID: 43, model: fake-model:1
[00m[1m[22:16:08.569][info]  [QUERYPR...] Found 1 tasks
[00m[1m[22:16:08.569][info]  [TASKEXE...] Adding task to queue. QueryID: 44, model: fake-model:1
[00m[1m[22:16:08.582][info]  [QUERYPR...] Found 1 tasks
[00m[1m[22:16:08.582][info]  [TASKEXE...] Adding task to queue. QueryID: 45, model: fake-model:1
[00m[1m[22:16:08.589][info]         [RPC] Found message to receive
[00m[1m[22:16:08.589][info]  [TASKEXE...] Sending batch to model: fake-model:1 replica 0.Batch size: 8. Query IDs: 37 38 39 40 41 42 43 44 
[00m[1m[22:16:08.595][info]  [QUERYPR...] Found 1 tasks
[00m[1m[22:16:08.595][info]  [TASKEXE...] Adding task to queue. QueryID: 46, model: fake-model:1
[00m[1m[22:16:08.611][info]  [QUERYPR...] Found 1 tasks
[00m[1m[22:16:08.611][info]  [TASKEXE...] Adding task to queue. QueryID: 47, model: fake-model:1
[00m[1m[22:16:08.627][info]  [QUERYPR...] Found 1 tasks
[00m[1m[22:16:08.627][info]  [TASKEXE...] Adding task to queue. QueryID: 48, model: fake-model:1
[00m[1m[22:16:08.643][info]  [QUERYPR...] Found 1 tasks
[00m[1m[22:16:08.643][info]  [TASKEXE...] Adding task to queue. QueryID: 49, model: fake-model:1
[00m[1m[22:16:08.659][info]  [QUERYPR...] Found 1 tasks
[00m[1m[22:16:08.659][info]  [TASKEXE...] Adding task to queue. QueryID: 50, model: fake-model:1
[00m[1m[22:16:08.674][info]  [QUERYPR...] Found 1 tasks
[00m[1m[22:16:08.674][info]  [TASKEXE...] Adding task to queue. QueryID: 51, model: fake-model:1
[00m[1m[22:16:08.690][info]  [QUERYPR...] Found 1 tasks
[00m[1m[22:16:08.690][info]  [TASKEXE...] Adding task to queue. QueryID: 52, model: fake-model:1
[00m[1m[22:16:08.706][info]  [QUERYPR...] Found 1 tasks
[00m[1m[22:16:08.706][info]  [TASKEXE...] Adding task to queue. QueryID: 53, model: fake-model:1
[00m[1m[22:16:08.718][info]  [QUERYPR...] Found 1 tasks
[00m[1m[22:16:08.718][info]  [TASKEXE...] Adding task to queue. QueryID: 54, model: fake-model:1
[00m[1m[22:16:08.730][info]  [QUERYPR...] Found 1 tasks
[00m[1m[22:16:08.730][info]  [TASKEXE...] Adding task to queue. QueryID: 55, model: fake-model:1
[00m[1m[22:16:08.742][info]  [QUERYPR...] Found 1 tasks
[00m[1m[22:16:08.742][info]  [TASKEXE...] Adding task to queue. QueryID: 56, model: fake-model:1
[00m[1m[22:16:08.754][info]  [QUERYPR...] Found 1 tasks
[00m[1m[22:16:08.754][info]  [TASKEXE...] Adding task to queue. QueryID: 57, model: fake-model:1
[00m[1m[22:16:08.767][info]  [QUERYPR...] Found 1 tasks
[00m[1m[22:16:08.767][info]  [TASKEXE...] Adding task to queue. QueryID: 58, model: fake-model:1
[00m[1m[22:16:08.779][info]  [QUERYPR...] Found 1 tasks
[00m[1m[22:16:08.779][info]  [TASKEXE...] Adding task to queue. QueryID: 59, model: fake-model:1
[00m[1m[22:16:08.791][info]  [QUERYPR...] Found 1 tasks
[00m[1m[22:16:08.791][info]  [TASKEXE...] Adding task to queue. QueryID: 60, model: fake-model:1
[00m[1m[22:16:08.803][info]  [QUERYPR...] Found 1 tasks
[00m[1m[22:16:08.803][info]  [TASKEXE...] Adding task to queue. QueryID: 61, model: fake-model:1
[00m[1m[22:16:08.816][info]  [QUERYPR...] Found 1 tasks
[00m[1m[22:16:08.816][info]  [TASKEXE...] Adding task to queue. QueryID: 62, model: fake-model:1
[00m[1m[22:16:08.825][info]         [RPC] Found message to receive
[00m[1m[22:16:08.825][info]  [TASKEXE...] Sending batch to model: fake-model:1 replica 0.Batch size: 8. Query IDs: 52 53 54 55 56 57 58 59 
[00m[1m[22:16:08.828][info]  [QUERYPR...] Found 1 tasks
[00m[1m[22:16:08.828][info]  [TASKEXE...] Adding task to queue. QueryID: 63, model: fake-model:1
[00m[1m[22:16:08.840][info]  [QUERYPR...] Found 1 tasks
[00m[1m[22:16:08.840][info]  [TASKEXE...] Adding task to queue. QueryID: 64, model: fake-model:1
[00m[1m[22:16:08.852][info]  [QUERYPR...] Found 1 tasks
[00m[1m[22:16:08.852][info]  [TASKEXE...] Adding task to queue. QueryID: 65, model: fake-model:1
[00m[1m[22:16:08.864][info]  [QUERYPR...] Found 1 tasks
[00m[1m[22:16:08.864][info]  [TASKEXE...] Adding task to queue. QueryID: 66, model: fake-model:1
[00m[1m[22:16:08.877][info]  [QUERYPR...] Found 1 tasks
[00m[1m[22:16:08.877][info]  [TASKEXE...] Adding task to queue. QueryID: 67, model: fake-model:1
[00m[1m[22:16:08.889][info]  [QUERYPR...] Found 1 tasks
[00m[1m[22:16:08.889][info]  [TASKEXE...] Adding task to queue. QueryID: 68, model: fake-model:1
[00m[1m[22:16:08.901][info]  [QUERYPR...] Found 1 tasks
[00m[1m[22:16:08.901][info]  [TASKEXE...] Adding task to queue. QueryID: 69, model: fake-model:1
[00m[1m[22:16:08.913][info]  [QUERYPR...] Found 1 tasks
[00m[1m[22:16:08.913][info]  [TASKEXE...] Adding task to queue. QueryID: 70, model: fake-model:1
[00m[1m[22:16:08.926][info]  [QUERYPR...] Found 1 tasks
[00m[1m[22:16:08.926][info]  [TASKEXE...] Adding task to queue. QueryID: 71, model: fake-model:1
[00m[1m[22:16:08.937][info]  [QUERYPR...] Found 1 tasks
[00m[1m[22:16:08.937][info]  [TASKEXE...] Adding task to queue. QueryID: 72, model: fake-model:1
[00m[1m[22:16:08.948][info]  [QUERYPR...] Found 1 tasks
[00m[1m[22:16:08.948][info]  [TASKEXE...] Adding task to queue. QueryID: 73, model: fake-model:1
[00m[1m[22:16:08.959][info]  [QUERYPR...] Found 1 tasks
[00m[1m[22:16:08.959][info]  [TASKEXE...] Adding task to queue. QueryID: 74, model: fake-model:1
[00m[1m[22:16:08.970][info]  [QUERYPR...] Found 1 tasks
[00m[1m[22:16:08.970][info]  [TASKEXE...] Adding task to queue. QueryID: 75, model: fake-model:1
[00m[1m[22:16:08.981][info]  [QUERYPR...] Found 1 tasks
[00m[1m[22:16:08.981][info]  [TASKEXE...] Adding task to queue. QueryID: 76, model: fake-model:1
[00m[1m[22:16:08.992][info]  [QUERYPR...] Found 1 tasks
[00m[1m[22:16:08.992][info]  [TASKEXE...] Adding task to queue. QueryID: 77, model: fake-model:1
[00m[1m[22:16:09.003][info]  [QUERYPR...] Found 1 tasks
[00m[1m[22:16:09.003][info]  [TASKEXE...] Adding task to queue. QueryID: 78, model: fake-model:1
[00m[1m[22:16:09.014][info]  [QUERYPR...] Found 1 tasks
[00m[1m[22:16:09.014][info]  [TASKEXE...] Adding task to queue. QueryID: 79, model: fake-model:1
[00m[1m[22:16:09.025][info]  [QUERYPR...] Found 1 tasks
[00m[1m[22:16:09.025][info]  [TASKEXE...] Adding task to queue. QueryID: 80, model: fake-model:1
[00m[1m[22:16:09.036][info]  [QUERYPR...] Found 1 tasks
[00m[1m[22:16:09.036][info]  [TASKEXE...] Adding task to queue. QueryID: 81, model: fake-model:1
[00m[1m[22:16:09.048][info]  [QUERYPR...] Found 1 tasks
[00m[1m[22:16:09.048][info]  [TASKEXE...] Adding task to queue. QueryID: 82, model: fake-model:1
[00m[1m[22:16:09.060][info]  [QUERYPR...] Found 1 tasks
[00m[1m[22:16:09.060][info]  [TASKEXE...] Adding task to queue. QueryID: 83, model: fake-model:1
[00m[1m[22:16:09.072][info]  [QUERYPR...] Found 1 tasks
[00m[1m[22:16:09.072][info]  [TASKEXE...] Adding task to queue. QueryID: 84, model: fake-model:1
[00m[1m[22:16:09.085][info]         [RPC] Found message to receive
[00m[1m[22:16:09.085][info]  [QUERYPR...] Found 1 tasks
[00m[1m[22:16:09.085][info]  [TASKEXE...] Sending batch to model: fake-model:1 replica 0.Batch size: 8. Query IDs: 74 75 76 77 78 79 80 81 
[00m[1m[22:16:09.085][info]  [TASKEXE...] Adding task to queue. QueryID: 85, model: fake-model:1
[00m[1m[22:16:09.097][info]  [QUERYPR...] Found 1 tasks
[00m[1m[22:16:09.097][info]  [TASKEXE...] Adding task to queue. QueryID: 86, model: fake-model:1
[00m[1m[22:16:09.109][info]  [QUERYPR...] Found 1 tasks
[00m[1m[22:16:09.109][info]  [TASKEXE...] Adding task to queue. QueryID: 87, model: fake-model:1
[00m[1m[22:16:09.121][info]  [QUERYPR...] Found 1 tasks
[00m[1m[22:16:09.121][info]  [TASKEXE...] Adding task to queue. QueryID: 88, model: fake-model:1
[00m[1m[22:16:09.133][info]  [QUERYPR...] Found 1 tasks
[00m[1m[22:16:09.133][info]  [TASKEXE...] Adding task to queue. QueryID: 89, model: fake-model:1
[00m[1m[22:16:09.146][info]  [QUERYPR...] Found 1 tasks
[00m[1m[22:16:09.146][info]  [TASKEXE...] Adding task to queue. QueryID: 90, model: fake-model:1
[00m[1m[22:16:09.162][info]  [QUERYPR...] Found 1 tasks
[00m[1m[22:16:09.162][info]  [TASKEXE...] Adding task to queue. QueryID: 91, model: fake-model:1
[00m[1m[22:16:09.177][info]  [QUERYPR...] Found 1 tasks
[00m[1m[22:16:09.177][info]  [TASKEXE...] Adding task to queue. QueryID: 92, model: fake-model:1
[00m[1m[22:16:09.193][info]  [QUERYPR...] Found 1 tasks
[00m[1m[22:16:09.193][info]  [TASKEXE...] Adding task to queue. QueryID: 93, model: fake-model:1
[00m[1m[22:16:09.208][info]  [QUERYPR...] Found 1 tasks
[00m[1m[22:16:09.208][info]  [TASKEXE...] Adding task to queue. QueryID: 94, model: fake-model:1
[00m[1m[22:16:09.224][info]  [QUERYPR...] Found 1 tasks
[00m[1m[22:16:09.224][info]  [TASKEXE...] Adding task to queue. QueryID: 95, model: fake-model:1
[00m[1m[22:16:09.240][info]  [QUERYPR...] Found 1 tasks
[00m[1m[22:16:09.240][info]  [TASKEXE...] Adding task to queue. QueryID: 96, model: fake-model:1
[00m[1m[22:16:09.256][info]  [QUERYPR...] Found 1 tasks
[00m[1m[22:16:09.256][info]  [TASKEXE...] Adding task to queue. QueryID: 97, model: fake-model:1
[00m[1m[22:16:09.271][info]  [QUERYPR...] Found 1 tasks
[00m[1m[22:16:09.271][info]  [TASKEXE...] Adding task to queue. QueryID: 98, model: fake-model:1
[00m[1m[22:16:09.287][info]  [QUERYPR...] Found 1 tasks
[00m[1m[22:16:09.287][info]  [TASKEXE...] Adding task to queue. QueryID: 99, model: fake-model:1
[00m[1m[22:16:09.303][info]  [QUERYPR...] Found 1 tasks
[00m[1m[22:16:09.303][info]  [TASKEXE...] Adding task to queue. QueryID: 100, model: fake-model:1
[00m[1m[22:16:09.318][info]         [RPC] Found message to receive
[00m[1m[22:16:09.318][info]  [TASKEXE...] Sending batch to model: fake-model:1 replica 0.Batch size: 8. Query IDs: 93 94 95 96 97 98 99 100 
[00m[1m[22:16:09.319][info]  [QUERYPR...] Found 1 tasks
[00m[1m[22:16:09.319][info]  [TASKEXE...] Adding task to queue. QueryID: 101, model: fake-model:1
[00m[1m[22:16:09.334][info]  [QUERYPR...] Found 1 tasks
[00m[1m[22:16:09.334][info]  [TASKEXE...] Adding task to queue. QueryID: 102, model: fake-model:1
[00m[1m[22:16:09.350][info]  [QUERYPR...] Found 1 tasks
[00m[1m[22:16:09.350][info]  [TASKEXE...] Adding task to queue. QueryID: 103, model: fake-model:1
[00m[1m[22:16:09.366][info]  [QUERYPR...] Found 1 tasks
[00m[1m[22:16:09.366][info]  [TASKEXE...] Adding task to queue. QueryID: 104, model: fake-model:1
[00m[1m[22:16:09.384][info]  [QUERYPR...] Found 1 tasks
[00m[1m[22:16:09.384][info]  [TASKEXE...] Adding task to queue. QueryID: 105, model: fake-model:1
[00m[1m[22:16:09.403][info]  [QUERYPR...] Found 1 tasks
[00m[1m[22:16:09.403][info]  [TASKEXE...] Adding task to queue. QueryID: 106, model: fake-model:1
[00m[1m[22:16:09.421][info]  [QUERYPR...] Found 1 tasks
[00m[1m[22:16:09.421][info]  [TASKEXE...] Adding task to queue. QueryID: 107, model: fake-model:1
[00m[1m[22:16:09.439][info]  [QUERYPR...] Found 1 tasks
[00m[1m[22:16:09.439][info]  [TASKEXE...] Adding task to queue. QueryID: 108, model: fake-model:1
[00m[1m[22:16:09.458][info]  [QUERYPR...] Found 1 tasks
[00m[1m[22:16:09.458][info]  [TASKEXE...] Adding task to queue. QueryID: 109, model: fake-model:1
[00m[1m[22:16:09.476][info]  [QUERYPR...] Found 1 tasks
[00m[1m[22:16:09.476][info]  [TASKEXE...] Adding task to queue. QueryID: 110, model: fake-model:1
[00m[1m[22:16:09.494][info]  [QUERYPR...] Found 1 tasks
[00m[1m[22:16:09.494][info]  [TASKEXE...] Adding task to queue. QueryID: 111, model: fake-model:1
[00m[1m[22:16:09.513][info]  [QUERYPR...] Found 1 tasks
[00m[1m[22:16:09.513][info]  [TASKEXE...] Adding task to queue. QueryID: 112, model: fake-model:1
[00m[1m[22:16:09.531][info]  [QUERYPR...] Found 1 tasks
[00m[1m[22:16:09.531][info]  [TASKEXE...] Adding task to queue. QueryID: 113, model: fake-model:1
[00m[1m[22:16:09.549][info]  [QUERYPR...] Found 1 tasks
[00m[1m[22:16:09.549][info]  [TASKEXE...] Adding task to queue. QueryID: 114, model: fake-model:1
[00m[1m[22:16:09.568][info]  [QUERYPR...] Found 1 tasks
[00m[1m[22:16:09.568][info]  [TASKEXE...] Adding task to queue. QueryID: 115, model: fake-model:1
[00m[1m[22:16:09.586][info]  [QUERYPR...] Found 1 tasks
[00m[1m[22:16:09.586][info]  [TASKEXE...] Adding task to queue. QueryID: 116, model: fake-model:1
[00m[1m[22:16:09.601][info]         [RPC] Found message to receive
[00m[1m[22:16:09.601][info]  [TASKEXE...] Sending batch to model: fake-model:1 replica 0.Batch size: 7. Query IDs: 110 111 112 113 114 115 116 
[00m[1m[22:16:09.604][info]  [QUERYPR...] Found 1 tasks
[00m[1m[22:16:09.604][info]  [TASKEXE...] Adding task to queue. QueryID: 117, model: fake-model:1
[00m[1m[22:16:09.623][info]  [QUERYPR...] Found 1 tasks
[00m[1m[22:16:09.623][info]  [TASKEXE...] Adding task to queue. QueryID: 118, model: fake-model:1
[00m[1m[22:16:09.641][info]  [QUERYPR...] Found 1 tasks
[00m[1m[22:16:09.641][info]  [TASKEXE...] Adding task to queue. QueryID: 119, model: fake-model:1
[00m[1m[22:16:09.659][info]  [QUERYPR...] Found 1 tasks
[00m[1m[22:16:09.659][info]  [TASKEXE...] Adding task to queue. QueryID: 120, model: fake-model:1
[00m[1m[22:16:09.678][info]  [QUERYPR...] Found 1 tasks
[00m[1m[22:16:09.678][info]  [TASKEXE...] Adding task to queue. QueryID: 121, model: fake-model:1
[00m[1m[22:16:09.696][info]  [QUERYPR...] Found 1 tasks
[00m[1m[22:16:09.696][info]  [TASKEXE...] Adding task to queue. QueryID: 122, model: fake-model:1
[00m[1m[22:16:09.714][info]  [QUERYPR...] Found 1 tasks
[00m[1m[22:16:09.714][info]  [TASKEXE...] Adding task to queue. QueryID: 123, model: fake-model:1
[00m[1m[22:16:09.732][info]  [QUERYPR...] Found 1 tasks
[00m[1m[22:16:09.732][info]  [TASKEXE...] Adding task to queue. QueryID: 124, model: fake-model:1
[00m[1m[22:16:09.751][info]  [QUERYPR...] Found 1 tasks
[00m[1m[22:16:09.751][info]  [TASKEXE...] Adding task to queue. QueryID: 125, model: fake-model:1
[00m[1m[22:16:09.769][info]  [QUERYPR...] Found 1 tasks
[00m[1m[22:16:09.769][info]  [TASKEXE...] Adding task to queue. QueryID: 126, model: fake-model:1
[00m[1m[22:16:09.788][info]  [QUERYPR...] Found 1 tasks
[00m[1m[22:16:09.788][info]  [TASKEXE...] Adding task to queue. QueryID: 127, model: fake-model:1
[00m[1m[22:16:09.806][info]  [QUERYPR...] Found 1 tasks
[00m[1m[22:16:09.806][info]  [TASKEXE...] Adding task to queue. QueryID: 128, model: fake-model:1
[00m[1m[22:16:09.817][info]         [RPC] Found message to receive
[00m[1m[22:16:09.817][info]  [TASKEXE...] Sending batch to model: fake-model:1 replica 0.Batch size: 7. Query IDs: 122 123 124 125 126 127 128 
[00m[1m[22:16:09.828][info]  [QUERYPR...] Found 1 tasks
[00m[1m[22:16:09.828][info]  [TASKEXE...] Adding task to queue. QueryID: 129, model: fake-model:1
[00m[1m[22:16:09.850][info]  [QUERYPR...] Found 1 tasks
[00m[1m[22:16:09.850][info]  [TASKEXE...] Adding task to queue. QueryID: 130, model: fake-model:1
[00m[1m[22:16:09.872][info]  [QUERYPR...] Found 1 tasks
[00m[1m[22:16:09.872][info]  [TASKEXE...] Adding task to queue. QueryID: 131, model: fake-model:1
[00m[1m[22:16:09.895][info]  [QUERYPR...] Found 1 tasks
[00m[1m[22:16:09.895][info]  [TASKEXE...] Adding task to queue. QueryID: 132, model: fake-model:1
[00m[1m[22:16:09.916][info]  [QUERYPR...] Found 1 tasks
[00m[1m[22:16:09.916][info]  [TASKEXE...] Adding task to queue. QueryID: 133, model: fake-model:1
[00m[1m[22:16:09.938][info]  [QUERYPR...] Found 1 tasks
[00m[1m[22:16:09.938][info]  [TASKEXE...] Adding task to queue. QueryID: 134, model: fake-model:1
[00m[1m[22:16:09.960][info]  [QUERYPR...] Found 1 tasks
[00m[1m[22:16:09.960][info]  [TASKEXE...] Adding task to queue. QueryID: 135, model: fake-model:1
[00m[1m[22:16:09.982][info]  [QUERYPR...] Found 1 tasks
[00m[1m[22:16:09.982][info]  [TASKEXE...] Adding task to queue. QueryID: 136, model: fake-model:1
[00m[1m[22:16:10.004][info]  [QUERYPR...] Found 1 tasks
[00m[1m[22:16:10.004][info]  [TASKEXE...] Adding task to queue. QueryID: 137, model: fake-model:1
[00m[1m[22:16:10.026][info]  [QUERYPR...] Found 1 tasks
[00m[1m[22:16:10.026][info]  [TASKEXE...] Adding task to queue. QueryID: 138, model: fake-model:1
[00m[1m[22:16:10.045][info]         [RPC] Found message to receive
[00m[1m[22:16:10.045][info]  [TASKEXE...] Sending batch to model: fake-model:1 replica 0.Batch size: 6. Query IDs: 133 134 135 136 137 138 
[00m[1m[22:16:10.048][info]  [QUERYPR...] Found 1 tasks
[00m[1m[22:16:10.048][info]  [TASKEXE...] Adding task to queue. QueryID: 139, model: fake-model:1
[00m[1m[22:16:10.070][info]  [QUERYPR...] Found 1 tasks
[00m[1m[22:16:10.070][info]  [TASKEXE...] Adding task to queue. QueryID: 140, model: fake-model:1
[00m[1m[22:16:10.092][info]  [QUERYPR...] Found 1 tasks
[00m[1m[22:16:10.092][info]  [TASKEXE...] Adding task to queue. QueryID: 141, model: fake-model:1
[00m[1m[22:16:10.114][info]  [QUERYPR...] Found 1 tasks
[00m[1m[22:16:10.114][info]  [TASKEXE...] Adding task to queue. QueryID: 142, model: fake-model:1
[00m[1m[22:16:10.136][info]  [QUERYPR...] Found 1 tasks
[00m[1m[22:16:10.136][info]  [TASKEXE...] Adding task to queue. QueryID: 143, model: fake-model:1
[00m[1m[22:16:10.158][info]  [QUERYPR...] Found 1 tasks
[00m[1m[22:16:10.158][info]  [TASKEXE...] Adding task to queue. QueryID: 144, model: fake-model:1
[00m[1m[22:16:10.180][info]  [QUERYPR...] Found 1 tasks
[00m[1m[22:16:10.180][info]  [TASKEXE...] Adding task to queue. QueryID: 145, model: fake-model:1
[00m[1m[22:16:10.202][info]  [QUERYPR...] Found 1 tasks
[00m[1m[22:16:10.202][info]  [TASKEXE...] Adding task to queue. QueryID: 146, model: fake-model:1
[00m[1m[22:16:10.224][info]  [QUERYPR...] Found 1 tasks
[00m[1m[22:16:10.224][info]  [TASKEXE...] Adding task to queue. QueryID: 147, model: fake-model:1
[00m[1m[22:16:10.246][info]  [QUERYPR...] Found 1 tasks
[00m[1m[22:16:10.246][info]  [TASKEXE...] Adding task to queue. QueryID: 148, model: fake-model:1
[00m[1m[22:16:10.246][info]         [RPC] Found message to receive
[00m[1m[22:16:10.247][info]  [TASKEXE...] Sending batch to model: fake-model:1 replica 0.Batch size: 7. Query IDs: 142 143 144 145 146 147 148 
[00m[1m[22:16:10.265][info]  [QUERYPR...] Found 1 tasks
[00m[1m[22:16:10.265][info]  [TASKEXE...] Adding task to queue. QueryID: 149, model: fake-model:1
[00m[1m[22:16:10.283][info]  [QUERYPR...] Found 1 tasks
[00m[1m[22:16:10.283][info]  [TASKEXE...] Adding task to queue. QueryID: 150, model: fake-model:1
[00m[1m[22:16:10.301][info]  [QUERYPR...] Found 1 tasks
[00m[1m[22:16:10.301][info]  [TASKEXE...] Adding task to queue. QueryID: 151, model: fake-model:1
[00m[1m[22:16:10.320][info]  [QUERYPR...] Found 1 tasks
[00m[1m[22:16:10.320][info]  [TASKEXE...] Adding task to queue. QueryID: 152, model: fake-model:1
[00m[1m[22:16:10.338][info]  [QUERYPR...] Found 1 tasks
[00m[1m[22:16:10.338][info]  [TASKEXE...] Adding task to queue. QueryID: 153, model: fake-model:1
[00m[1m[22:16:10.356][info]  [QUERYPR...] Found 1 tasks
[00m[1m[22:16:10.356][info]  [TASKEXE...] Adding task to queue. QueryID: 154, model: fake-model:1
[00m[1m[22:16:10.370][info]  [QUERYPR...] Found 1 tasks
[00m[1m[22:16:10.370][info]  [TASKEXE...] Adding task to queue. QueryID: 155, model: fake-model:1
[00m[1m[22:16:10.384][info]  [QUERYPR...] Found 1 tasks
[00m[1m[22:16:10.384][info]  [TASKEXE...] Adding task to queue. QueryID: 156, model: fake-model:1
[00m[1m[22:16:10.397][info]  [QUERYPR...] Found 1 tasks
[00m[1m[22:16:10.397][info]  [TASKEXE...] Adding task to queue. QueryID: 157, model: fake-model:1
[00m[1m[22:16:10.411][info]  [QUERYPR...] Found 1 tasks
[00m[1m[22:16:10.411][info]  [TASKEXE...] Adding task to queue. QueryID: 158, model: fake-model:1
[00m[1m[22:16:10.425][info]  [QUERYPR...] Found 1 tasks
[00m[1m[22:16:10.425][info]  [TASKEXE...] Adding task to queue. QueryID: 159, model: fake-model:1
[00m[1m[22:16:10.439][info]  [QUERYPR...] Found 1 tasks
[00m[1m[22:16:10.439][info]  [TASKEXE...] Adding task to queue. QueryID: 160, model: fake-model:1
[00m[1m[22:16:10.452][info]  [QUERYPR...] Found 1 tasks
[00m[1m[22:16:10.453][info]  [TASKEXE...] Adding task to queue. QueryID: 161, model: fake-model:1
[00m[1m[22:16:10.466][info]  [QUERYPR...] Found 1 tasks
[00m[1m[22:16:10.466][info]  [TASKEXE...] Adding task to queue. QueryID: 162, model: fake-model:1
[00m[1m[22:16:10.472][info]         [RPC] Found message to receive
[00m[1m[22:16:10.472][info]  [TASKEXE...] Sending batch to model: fake-model:1 replica 0.Batch size: 8. Query IDs: 153 154 155 156 157 158 159 160 
[00m[1m[22:16:10.480][info]  [QUERYPR...] Found 1 tasks
[00m[1m[22:16:10.480][info]  [TASKEXE...] Adding task to queue. QueryID: 163, model: fake-model:1
[00m[1m[22:16:10.494][info]  [QUERYPR...] Found 1 tasks
[00m[1m[22:16:10.494][info]  [TASKEXE...] Adding task to queue. QueryID: 164, model: fake-model:1
[00m[1m[22:16:10.507][info]  [QUERYPR...] Found 1 tasks
[00m[1m[22:16:10.508][info]  [TASKEXE...] Adding task to queue. QueryID: 165, model: fake-model:1
[00m[1m[22:16:10.521][info]  [QUERYPR...] Found 1 tasks
[00m[1m[22:16:10.521][info]  [TASKEXE...] Adding task to queue. QueryID: 166, model: fake-model:1
[00m[1m[22:16:10.535][info]  [QUERYPR...] Found 1 tasks
[00m[1m[22:16:10.535][info]  [TASKEXE...] Adding task to queue. QueryID: 167, model: fake-model:1
[00m[1m[22:16:10.548][info]  [QUERYPR...] Found 1 tasks
[00m[1m[22:16:10.548][info]  [TASKEXE...] Adding task to queue. QueryID: 168, model: fake-model:1
[00m[1m[22:16:10.562][info]  [QUERYPR...] Found 1 tasks
[00m[1m[22:16:10.563][info]  [TASKEXE...] Adding task to queue. QueryID: 169, model: fake-model:1
[00m[1m[22:16:10.576][info]  [QUERYPR...] Found 1 tasks
[00m[1m[22:16:10.576][info]  [TASKEXE...] Adding task to queue. QueryID: 170, model: fake-model:1
[00m[1m[22:16:10.590][info]  [QUERYPR...] Found 1 tasks
[00m[1m[22:16:10.590][info]  [TASKEXE...] Adding task to queue. QueryID: 171, model: fake-model:1
[00m[1m[22:16:10.604][info]  [QUERYPR...] Found 1 tasks
[00m[1m[22:16:10.604][info]  [TASKEXE...] Adding task to queue. QueryID: 172, model: fake-model:1
[00m[1m[22:16:10.617][info]  [QUERYPR...] Found 1 tasks
[00m[1m[22:16:10.617][info]  [TASKEXE...] Adding task to queue. QueryID: 173, model: fake-model:1
[00m[1m[22:16:10.631][info]  [QUERYPR...] Found 1 tasks
[00m[1m[22:16:10.631][info]  [TASKEXE...] Adding task to queue. QueryID: 174, model: fake-model:1
[00m[1m[22:16:10.645][info]  [QUERYPR...] Found 1 tasks
[00m[1m[22:16:10.645][info]  [TASKEXE...] Adding task to queue. QueryID: 175, model: fake-model:1
[00m[1m[22:16:10.659][info]  [QUERYPR...] Found 1 tasks
[00m[1m[22:16:10.659][info]  [TASKEXE...] Adding task to queue. QueryID: 176, model: fake-model:1
[00m[1m[22:16:10.672][info]  [QUERYPR...] Found 1 tasks
[00m[1m[22:16:10.672][info]  [TASKEXE...] Adding task to queue. QueryID: 177, model: fake-model:1
[00m[1m[22:16:10.686][info]  [QUERYPR...] Found 1 tasks
[00m[1m[22:16:10.686][info]  [TASKEXE...] Adding task to queue. QueryID: 178, model: fake-model:1
[00m[1m[22:16:10.700][info]         [RPC] Found message to receive
[00m[1m[22:16:10.700][info]  [TASKEXE...] Sending batch to model: fake-model:1 replica 0.Batch size: 8. Query IDs: 170 171 172 173 174 175 176 177 
[00m[1m[22:16:10.700][info]  [QUERYPR...] Found 1 tasks
[00m[1m[22:16:10.700][info]  [TASKEXE...] Adding task to queue. QueryID: 179, model: fake-model:1
[00m[1m[22:16:10.713][info]  [QUERYPR...] Found 1 tasks
[00m[1m[22:16:10.713][info]  [TASKEXE...] Adding task to queue. QueryID: 180, model: fake-model:1
[00m[1m[22:16:10.727][info]  [QUERYPR...] Found 1 tasks
[00m[1m[22:16:10.727][info]  [TASKEXE...] Adding task to queue. QueryID: 181, model: fake-model:1
[00m[1m[22:16:10.741][info]  [QUERYPR...] Found 1 tasks
[00m[1m[22:16:10.741][info]  [TASKEXE...] Adding task to queue. QueryID: 182, model: fake-model:1
[00m[1m[22:16:10.755][info]  [QUERYPR...] Found 1 tasks
[00m[1m[22:16:10.755][info]  [TASKEXE...] Adding task to queue. QueryID: 183, model: fake-model:1
[00m[1m[22:16:10.768][info]  [QUERYPR...] Found 1 tasks
[00m[1m[22:16:10.768][info]  [TASKEXE...] Adding task to queue. QueryID: 184, model: fake-model:1
[00m[1m[22:16:10.782][info]  [QUERYPR...] Found 1 tasks
[00m[1m[22:16:10.782][info]  [TASKEXE...] Adding task to queue. QueryID: 185, model: fake-model:1
[00m[1m[22:16:10.796][info]  [QUERYPR...] Found 1 tasks
[00m[1m[22:16:10.796][info]  [TASKEXE...] Adding task to queue. QueryID: 186, model: fake-model:1
[00m[1m[22:16:10.807][info]  [QUERYPR...] Found 1 tasks
[00m[1m[22:16:10.807][info]  [TASKEXE...] Adding task to queue. QueryID: 187, model: fake-model:1
[00m[1m[22:16:10.818][info]  [QUERYPR...] Found 1 tasks
[00m[1m[22:16:10.818][info]  [TASKEXE...] Adding task to queue. QueryID: 188, model: fake-model:1
[00m[1m[22:16:10.829][info]  [QUERYPR...] Found 1 tasks
[00m[1m[22:16:10.829][info]  [TASKEXE...] Adding task to queue. QueryID: 189, model: fake-model:1
[00m[1m[22:16:10.840][info]  [QUERYPR...] Found 1 tasks
[00m[1m[22:16:10.840][info]  [TASKEXE...] Adding task to queue. QueryID: 190, model: fake-model:1
[00m[1m[22:16:10.851][info]  [QUERYPR...] Found 1 tasks
[00m[1m[22:16:10.851][info]  [TASKEXE...] Adding task to queue. QueryID: 191, model: fake-model:1
[00m[1m[22:16:10.862][info]  [QUERYPR...] Found 1 tasks
[00m[1m[22:16:10.862][info]  [TASKEXE...] Adding task to queue. QueryID: 192, model: fake-model:1
[00m[1m[22:16:10.873][info]  [QUERYPR...] Found 1 tasks
[00m[1m[22:16:10.873][info]  [TASKEXE...] Adding task to queue. QueryID: 193, model: fake-model:1
[00m[1m[22:16:10.884][info]  [QUERYPR...] Found 1 tasks
[00m[1m[22:16:10.884][info]  [TASKEXE...] Adding task to queue. QueryID: 194, model: fake-model:1
[00m[1m[22:16:10.895][info]  [QUERYPR...] Found 1 tasks
[00m[1m[22:16:10.895][info]  [TASKEXE...] Adding task to queue. QueryID: 195, model: fake-model:1
[00m[1m[22:16:10.906][info]  [QUERYPR...] Found 1 tasks
[00m[1m[22:16:10.906][info]  [TASKEXE...] Adding task to queue. QueryID: 196, model: fake-model:1
[00m[1m[22:16:10.918][info]  [QUERYPR...] Found 1 tasks
[00m[1m[22:16:10.918][info]  [TASKEXE...] Adding task to queue. QueryID: 197, model: fake-model:1
[00m[1m[22:16:10.931][info]  [QUERYPR...] Found 1 tasks
[00m[1m[22:16:10.931][info]  [TASKEXE...] Adding task to queue. QueryID: 198, model: fake-model:1
[00m[1m[22:16:10.943][info]  [QUERYPR...] Found 1 tasks
[00m[1m[22:16:10.943][info]  [TASKEXE...] Adding task to queue. QueryID: 199, model: fake-model:1
[00m[1m[22:16:10.949][info]         [RPC] Found message to receive
[00m[1m[22:16:10.949][info]  [TASKEXE...] Sending batch to model: fake-model:1 replica 0.Batch size: 8. Query IDs: 188 189 190 191 192 193 194 195 
[00m[1m[22:16:10.955][info]  [QUERYPR...] Found 1 tasks
[00m[1m[22:16:10.955][info]  [TASKEXE...] Adding task to queue. QueryID: 200, model: fake-model:1
[00m[1m[22:16:10.967][info]  [QUERYPR...] Found 1 tasks
[00m[1m[22:16:10.967][info]  [TASKEXE...] Adding task to queue. QueryID: 201, model: fake-model:1
[00m[1m[22:16:10.979][info]  [QUERYPR...] Found 1 tasks
[00m[1m[22:16:10.979][info]  [TASKEXE...] Adding task to queue. QueryID: 202, model: fake-model:1
[00m[1m[22:16:10.992][info]  [QUERYPR...] Found 1 tasks
[00m[1m[22:16:10.992][info]  [TASKEXE...] Adding task to queue. QueryID: 203, model: fake-model:1
[00m[1m[22:16:11.004][info]  [QUERYPR...] Found 1 tasks
[00m[1m[22:16:11.004][info]  [TASKEXE...] Adding task to queue. QueryID: 204, model: fake-model:1
[00m[1m[22:16:11.192][info]         [RPC] Found message to receive
