INFO: nexus_dir=/workdir/nexus model_dir=/workdir/DynWork/multimodal_dataset_gpu/repeat-2/Static_CV/Azure/classification/resnet_imagenet/1_x_P99/nexus/models log_dir=/workdir/DynWork/multimodal_dataset_gpu/repeat-2/Static_CV/Azure/classification/resnet_imagenet/1_x_P99/nexus/logs model=fake_0
INFO: waiting frontend to spin up
INFO: ready to go
INFO: rock and roll
INFO: at 6.710 ms batch [3.874] delay 1.937 ms
INFO: at 6.710 ms fetching 3.874 ms
INFO: at 9.360 ms batch [3.874] delay 1.937 ms
INFO: at 9.360 ms fetching 3.874 ms
INFO: at 12.383 ms batch [3.874] delay 1.937 ms
INFO: at 12.383 ms fetching 3.874 ms
INFO: at 14.945 ms batch [3.874] delay 1.937 ms
INFO: at 14.945 ms fetching 3.874 ms
INFO: at 18.512 ms batch [3.874] delay 1.937 ms
INFO: at 18.512 ms fetching 3.874 ms
INFO: at 20.931 ms batch [3.874] delay 1.937 ms
INFO: at 20.931 ms fetching 3.874 ms
INFO: at 23.455 ms batch [3.874] delay 1.937 ms
INFO: at 23.455 ms fetching 3.874 ms
INFO: at 27.020 ms batch [3.874] delay 1.937 ms
INFO: at 27.020 ms fetching 3.874 ms
INFO: at 29.256 ms batch [3.874] delay 1.937 ms
INFO: at 29.256 ms fetching 3.874 ms
INFO: at 31.504 ms batch [3.874] delay 1.937 ms
INFO: at 31.504 ms fetching 3.874 ms
INFO: at 34.307 ms batch [3.874] delay 2.421 ms
INFO: at 34.307 ms fetching 3.874 ms
INFO: at 36.918 ms batch [3.874] delay 2.421 ms
INFO: at 36.918 ms fetching 3.874 ms
INFO: at 40.405 ms batch [3.874] delay 2.421 ms
INFO: at 40.405 ms fetching 3.874 ms
INFO: at 43.606 ms batch [3.874] delay 2.421 ms
INFO: at 43.606 ms fetching 3.874 ms
INFO: at 46.867 ms batch [3.874] delay 2.421 ms
INFO: at 46.867 ms fetching 3.874 ms
INFO: at 49.420 ms batch [3.874] delay 2.421 ms
INFO: at 49.420 ms fetching 3.874 ms
INFO: at 52.746 ms batch [3.874] delay 2.421 ms
INFO: at 52.746 ms fetching 3.874 ms
INFO: at 56.130 ms batch [3.874] delay 2.421 ms
INFO: at 56.130 ms fetching 3.874 ms
INFO: at 59.535 ms batch [3.874] delay 1.614 ms
INFO: at 59.535 ms fetching 3.874 ms
INFO: at 61.975 ms batch [3.874] delay 1.614 ms
INFO: at 61.975 ms fetching 3.874 ms
INFO: at 63.808 ms batch [3.874] delay 1.614 ms
INFO: at 63.808 ms fetching 3.874 ms
INFO: at 65.500 ms batch [3.874] delay 1.614 ms
INFO: at 65.500 ms fetching 3.874 ms
INFO: at 68.160 ms batch [3.874] delay 1.614 ms
INFO: at 68.160 ms fetching 3.874 ms
INFO: at 70.722 ms batch [3.874] delay 1.614 ms
INFO: at 70.722 ms fetching 3.874 ms
INFO: at 73.290 ms batch [3.874] delay 1.614 ms
INFO: at 73.290 ms fetching 3.874 ms
INFO: at 75.609 ms batch [3.874] delay 1.614 ms
INFO: at 75.609 ms fetching 3.874 ms
INFO: at 77.467 ms batch [3.874] delay 1.614 ms
INFO: at 77.467 ms fetching 3.874 ms
INFO: at 79.907 ms batch [3.874] delay 1.614 ms
INFO: at 79.907 ms fetching 3.874 ms
INFO: at 81.945 ms batch [3.874] delay 1.614 ms
INFO: at 81.945 ms fetching 3.874 ms
INFO: at 84.440 ms batch [3.874] delay 1.614 ms
INFO: at 84.440 ms fetching 3.874 ms
INFO: at 86.554 ms batch [3.874] delay 1.291 ms
INFO: at 86.554 ms fetching 3.874 ms
INFO: at 88.097 ms batch [3.874] delay 1.291 ms
INFO: at 88.097 ms fetching 3.874 ms
INFO: at 89.509 ms batch [3.874] delay 1.291 ms
INFO: at 89.509 ms fetching 3.874 ms
INFO: at 91.251 ms batch [3.874] delay 1.291 ms
INFO: at 91.251 ms fetching 3.874 ms
INFO: at 93.567 ms batch [3.874] delay 1.291 ms
INFO: at 93.567 ms fetching 3.874 ms
INFO: at 95.272 ms batch [3.874] delay 1.291 ms
INFO: at 95.272 ms fetching 3.874 ms
INFO: at 97.603 ms batch [3.874] delay 1.291 ms
INFO: at 97.603 ms fetching 3.874 ms
INFO: at 99.689 ms batch [3.874] delay 1.291 ms
INFO: at 99.689 ms fetching 3.874 ms
INFO: at 102.000 ms batch [3.874] delay 1.291 ms
INFO: at 102.000 ms fetching 3.874 ms
INFO: at 103.430 ms batch [3.874] delay 1.291 ms
INFO: at 103.430 ms fetching 3.874 ms
INFO: at 105.694 ms batch [3.874] delay 1.291 ms
INFO: at 105.694 ms fetching 3.874 ms
INFO: at 107.054 ms batch [3.874] delay 1.291 ms
INFO: at 107.054 ms fetching 3.874 ms
INFO: at 109.490 ms batch [3.874] delay 1.291 ms
INFO: at 109.490 ms fetching 3.874 ms
INFO: at 111.424 ms batch [3.874] delay 1.291 ms
INFO: at 111.424 ms fetching 3.874 ms
INFO: at 112.999 ms batch [3.874] delay 1.291 ms
INFO: at 112.999 ms fetching 3.874 ms
INFO: at 115.227 ms batch [3.874] delay 2.152 ms
INFO: at 115.227 ms fetching 3.874 ms
INFO: at 118.428 ms batch [3.874] delay 2.152 ms
INFO: at 118.428 ms fetching 3.874 ms
INFO: at 121.055 ms batch [3.874] delay 2.152 ms
INFO: at 121.055 ms fetching 3.874 ms
INFO: at 123.548 ms batch [3.874] delay 2.152 ms
INFO: at 123.548 ms fetching 3.874 ms
INFO: at 125.981 ms batch [3.874] delay 2.152 ms
INFO: at 125.981 ms fetching 3.874 ms
INFO: at 128.491 ms batch [3.874] delay 2.152 ms
INFO: at 128.491 ms fetching 3.874 ms
INFO: at 130.931 ms batch [3.874] delay 2.152 ms
INFO: at 130.931 ms fetching 3.874 ms
INFO: at 133.527 ms batch [3.874] delay 2.152 ms
INFO: at 133.527 ms fetching 3.874 ms
INFO: at 136.019 ms batch [3.874] delay 2.152 ms
INFO: at 136.019 ms fetching 3.874 ms
INFO: at 138.413 ms batch [3.874] delay 1.937 ms
INFO: at 138.413 ms fetching 3.874 ms
INFO: at 141.095 ms batch [3.874] delay 1.937 ms
INFO: at 141.095 ms fetching 3.874 ms
INFO: at 143.301 ms batch [3.874] delay 1.937 ms
INFO: at 143.301 ms fetching 3.874 ms
INFO: at 146.102 ms batch [3.874] delay 1.937 ms
INFO: at 146.102 ms fetching 3.874 ms
INFO: at 149.078 ms batch [3.874] delay 1.937 ms
INFO: at 149.078 ms fetching 3.874 ms
INFO: at 151.362 ms batch [3.874] delay 1.937 ms
INFO: at 151.362 ms fetching 3.874 ms
INFO: at 153.922 ms batch [3.874] delay 1.937 ms
INFO: at 153.922 ms fetching 3.874 ms
INFO: at 156.625 ms batch [3.874] delay 1.937 ms
INFO: at 156.625 ms fetching 3.874 ms
INFO: at 159.180 ms batch [3.874] delay 1.937 ms
INFO: at 159.180 ms fetching 3.874 ms
INFO: at 162.029 ms batch [3.874] delay 1.937 ms
INFO: at 162.029 ms fetching 3.874 ms
INFO: at 164.408 ms batch [3.874] delay 1.761 ms
INFO: at 164.408 ms fetching 3.874 ms
INFO: at 166.868 ms batch [3.874] delay 1.761 ms
INFO: at 166.868 ms fetching 3.874 ms
INFO: at 169.500 ms batch [3.874] delay 1.761 ms
INFO: at 169.500 ms fetching 3.874 ms
INFO: at 171.918 ms batch [3.874] delay 1.761 ms
INFO: at 171.918 ms fetching 3.874 ms
INFO: at 174.273 ms batch [3.874] delay 1.761 ms
INFO: at 174.273 ms fetching 3.874 ms
INFO: at 176.905 ms batch [3.874] delay 1.761 ms
INFO: at 176.905 ms fetching 3.874 ms
INFO: at 179.422 ms batch [3.874] delay 1.761 ms
INFO: at 179.422 ms fetching 3.874 ms
INFO: at 181.965 ms batch [3.874] delay 1.761 ms
INFO: at 181.965 ms fetching 3.874 ms
INFO: at 184.500 ms batch [3.874] delay 1.761 ms
INFO: at 184.500 ms fetching 3.874 ms
INFO: at 186.916 ms batch [3.874] delay 1.761 ms
INFO: at 186.916 ms fetching 3.874 ms
INFO: at 189.177 ms batch [3.874] delay 1.761 ms
INFO: at 189.177 ms fetching 3.874 ms
INFO: at 191.761 ms batch [3.874] delay 2.152 ms
INFO: at 191.761 ms fetching 3.874 ms
INFO: at 194.517 ms batch [3.874] delay 2.152 ms
INFO: at 194.517 ms fetching 3.874 ms
INFO: at 197.026 ms batch [3.874] delay 2.152 ms
INFO: at 197.026 ms fetching 3.874 ms
INFO: at 200.030 ms batch [3.874] delay 2.152 ms
INFO: at 200.030 ms fetching 3.874 ms
INFO: at 202.287 ms batch [3.874] delay 2.152 ms
INFO: at 202.287 ms fetching 3.874 ms
INFO: at 204.788 ms batch [3.874] delay 2.152 ms
INFO: at 204.788 ms fetching 3.874 ms
INFO: at 207.122 ms batch [3.874] delay 2.152 ms
INFO: at 207.122 ms fetching 3.874 ms
INFO: at 209.596 ms batch [3.874] delay 2.152 ms
INFO: at 209.596 ms fetching 3.874 ms
INFO: at 212.095 ms batch [3.874] delay 2.152 ms
INFO: at 212.095 ms fetching 3.874 ms
INFO: at 214.717 ms batch [3.874] delay 1.937 ms
INFO: at 214.717 ms fetching 3.874 ms
INFO: at 217.194 ms batch [3.874] delay 1.937 ms
INFO: at 217.194 ms fetching 3.874 ms
INFO: at 219.722 ms batch [3.874] delay 1.937 ms
INFO: at 219.722 ms fetching 3.874 ms
INFO: at 222.108 ms batch [3.874] delay 1.937 ms
INFO: at 222.108 ms fetching 3.874 ms
INFO: at 224.642 ms batch [3.874] delay 1.937 ms
INFO: at 224.642 ms fetching 3.874 ms
INFO: at 226.825 ms batch [3.874] delay 1.937 ms
INFO: at 226.825 ms fetching 3.874 ms
INFO: at 229.275 ms batch [3.874] delay 1.937 ms
INFO: at 229.275 ms fetching 3.874 ms
INFO: at 232.116 ms batch [3.874] delay 1.937 ms
INFO: at 232.116 ms fetching 3.874 ms
INFO: at 234.641 ms batch [3.874] delay 1.937 ms
INFO: at 234.641 ms fetching 3.874 ms
INFO: at 237.085 ms batch [3.874] delay 1.937 ms
INFO: at 237.085 ms fetching 3.874 ms
INFO: at 239.646 ms batch [3.874] delay 1.761 ms
INFO: at 239.646 ms fetching 3.874 ms
INFO: at 242.408 ms batch [3.874] delay 1.761 ms
INFO: at 242.408 ms fetching 3.874 ms
INFO: at 244.820 ms batch [3.874] delay 1.761 ms
INFO: at 244.820 ms fetching 3.874 ms
INFO: at 247.503 ms batch [3.874] delay 1.761 ms
INFO: at 247.503 ms fetching 3.874 ms
INFO: at 249.941 ms batch [3.874] delay 1.761 ms
INFO: at 249.941 ms fetching 3.874 ms
INFO: at 252.481 ms batch [3.874] delay 1.761 ms
INFO: at 252.481 ms fetching 3.874 ms
INFO: at 254.924 ms batch [3.874] delay 1.761 ms
INFO: at 254.924 ms fetching 3.874 ms
INFO: at 256.814 ms batch [3.874] delay 1.761 ms
INFO: at 256.814 ms fetching 3.874 ms
INFO: at 259.446 ms batch [3.874] delay 1.761 ms
INFO: at 259.446 ms fetching 3.874 ms
INFO: at 261.683 ms batch [3.874] delay 1.761 ms
INFO: at 261.683 ms fetching 3.874 ms
INFO: at 264.261 ms batch [3.874] delay 1.761 ms
INFO: at 264.261 ms fetching 3.874 ms
INFO: at 267.055 ms batch [3.874] delay 1.937 ms
INFO: at 267.055 ms fetching 3.874 ms
INFO: at 269.411 ms batch [3.874] delay 1.937 ms
INFO: at 269.411 ms fetching 3.874 ms
INFO: at 271.726 ms batch [3.874] delay 1.937 ms
INFO: at 271.726 ms fetching 3.874 ms
INFO: at 274.091 ms batch [3.874] delay 1.937 ms
INFO: at 274.091 ms fetching 3.874 ms
INFO: at 277.035 ms batch [3.874] delay 1.937 ms
INFO: at 277.035 ms fetching 3.874 ms
INFO: at 279.171 ms batch [3.874] delay 1.937 ms
INFO: at 279.171 ms fetching 3.874 ms
INFO: at 282.206 ms batch [3.874] delay 1.937 ms
INFO: at 282.206 ms fetching 3.874 ms
INFO: at 285.170 ms batch [3.874] delay 1.937 ms
INFO: at 285.170 ms fetching 3.874 ms
INFO: at 287.650 ms batch [3.874] delay 1.937 ms
INFO: at 287.650 ms fetching 3.874 ms
INFO: at 289.952 ms batch [3.874] delay 1.937 ms
INFO: at 289.952 ms fetching 3.874 ms
INFO: at 292.315 ms batch [3.874] delay 1.614 ms
INFO: at 292.315 ms fetching 3.874 ms
INFO: at 294.479 ms batch [3.874] delay 1.614 ms
INFO: at 294.479 ms fetching 3.874 ms
INFO: at 297.243 ms batch [3.874] delay 1.614 ms
INFO: at 297.243 ms fetching 3.874 ms
INFO: at 299.667 ms batch [3.874] delay 1.614 ms
INFO: at 299.667 ms fetching 3.874 ms
INFO: at 301.562 ms batch [3.874] delay 1.614 ms
INFO: at 301.562 ms fetching 3.874 ms
INFO: at 303.762 ms batch [3.874] delay 1.614 ms
INFO: at 303.762 ms fetching 3.874 ms
INFO: at 305.926 ms batch [3.874] delay 1.614 ms
INFO: at 305.926 ms fetching 3.874 ms
INFO: at 307.682 ms batch [3.874] delay 1.614 ms
INFO: at 307.682 ms fetching 3.874 ms
INFO: at 310.073 ms batch [3.874] delay 1.614 ms
INFO: at 310.073 ms fetching 3.874 ms
INFO: at 312.548 ms batch [3.874] delay 1.614 ms
INFO: at 312.548 ms fetching 3.874 ms
INFO: at 314.588 ms batch [3.874] delay 1.614 ms
INFO: at 314.588 ms fetching 3.874 ms
INFO: at 316.265 ms batch [3.874] delay 1.614 ms
INFO: at 316.265 ms fetching 3.874 ms
INFO: at 318.722 ms batch [3.874] delay 1.937 ms
INFO: at 318.722 ms fetching 3.874 ms
INFO: at 321.015 ms batch [3.874] delay 1.937 ms
INFO: at 321.015 ms fetching 3.874 ms
INFO: at 323.378 ms batch [3.874] delay 1.937 ms
INFO: at 323.378 ms fetching 3.874 ms
INFO: at 325.725 ms batch [3.874] delay 1.937 ms
INFO: at 325.725 ms fetching 3.874 ms
INFO: at 328.642 ms batch [3.874] delay 1.937 ms
INFO: at 328.642 ms fetching 3.874 ms
INFO: at 331.067 ms batch [3.874] delay 1.937 ms
INFO: at 331.067 ms fetching 3.874 ms
INFO: at 333.840 ms batch [3.874] delay 1.937 ms
INFO: at 333.840 ms fetching 3.874 ms
INFO: at 336.158 ms batch [3.874] delay 1.937 ms
INFO: at 336.158 ms fetching 3.874 ms
INFO: at 338.388 ms batch [3.874] delay 1.937 ms
INFO: at 338.388 ms fetching 3.874 ms
INFO: at 341.335 ms batch [3.874] delay 1.937 ms
INFO: at 341.335 ms fetching 3.874 ms
INFO: at 343.692 ms batch [3.874] delay 1.761 ms
INFO: at 343.692 ms fetching 3.874 ms
INFO: at 346.024 ms batch [3.874] delay 1.761 ms
INFO: at 346.024 ms fetching 3.874 ms
INFO: at 348.797 ms batch [3.874] delay 1.761 ms
INFO: at 348.797 ms fetching 3.874 ms
INFO: at 350.940 ms batch [3.874] delay 1.761 ms
INFO: at 350.940 ms fetching 3.874 ms
INFO: at 353.336 ms batch [3.874] delay 1.761 ms
INFO: at 353.336 ms fetching 3.874 ms
INFO: at 356.066 ms batch [3.874] delay 1.761 ms
INFO: at 356.066 ms fetching 3.874 ms
INFO: at 358.441 ms batch [3.874] delay 1.761 ms
INFO: at 358.441 ms fetching 3.874 ms
INFO: at 360.859 ms batch [3.874] delay 1.761 ms
INFO: at 360.859 ms fetching 3.874 ms
INFO: at 362.788 ms batch [3.874] delay 1.761 ms
INFO: at 362.788 ms fetching 3.874 ms
INFO: at 364.888 ms batch [3.874] delay 1.761 ms
INFO: at 364.888 ms fetching 3.874 ms
INFO: at 367.105 ms batch [3.874] delay 1.761 ms
INFO: at 367.105 ms fetching 3.874 ms
INFO: at 369.841 ms batch [3.874] delay 2.152 ms
INFO: at 369.841 ms fetching 3.874 ms
INFO: at 372.867 ms batch [3.874] delay 2.152 ms
INFO: at 372.867 ms fetching 3.874 ms
INFO: at 375.155 ms batch [3.874] delay 2.152 ms
INFO: at 375.155 ms fetching 3.874 ms
INFO: at 377.597 ms batch [3.874] delay 2.152 ms
INFO: at 377.597 ms fetching 3.874 ms
INFO: at 380.008 ms batch [3.874] delay 2.152 ms
INFO: at 380.008 ms fetching 3.874 ms
INFO: at 382.798 ms batch [3.874] delay 2.152 ms
INFO: at 382.798 ms fetching 3.874 ms
INFO: at 385.297 ms batch [3.874] delay 2.152 ms
INFO: at 385.297 ms fetching 3.874 ms
INFO: at 387.748 ms batch [3.874] delay 2.152 ms
INFO: at 387.748 ms fetching 3.874 ms
INFO: at 390.129 ms batch [3.874] delay 2.152 ms
INFO: at 390.129 ms fetching 3.874 ms
INFO: at 392.507 ms batch [3.874] delay 1.490 ms
INFO: at 392.507 ms fetching 3.874 ms
INFO: at 395.094 ms batch [3.874] delay 1.490 ms
INFO: at 395.094 ms fetching 3.874 ms
INFO: at 396.740 ms batch [3.874] delay 1.490 ms
INFO: at 396.740 ms fetching 3.874 ms
INFO: at 399.145 ms batch [3.874] delay 1.490 ms
INFO: at 399.145 ms fetching 3.874 ms
INFO: at 401.723 ms batch [3.874] delay 1.490 ms
INFO: at 401.723 ms fetching 3.874 ms
INFO: at 404.100 ms batch [3.874] delay 1.490 ms
INFO: at 404.100 ms fetching 3.874 ms
INFO: at 406.532 ms batch [3.874] delay 1.490 ms
INFO: at 406.532 ms fetching 3.874 ms
INFO: at 408.576 ms batch [3.874] delay 1.490 ms
INFO: at 408.576 ms fetching 3.874 ms
INFO: at 410.100 ms batch [3.874] delay 1.490 ms
INFO: at 410.100 ms fetching 3.874 ms
INFO: at 411.870 ms batch [3.874] delay 1.490 ms
INFO: at 411.870 ms fetching 3.874 ms
INFO: at 414.285 ms batch [3.874] delay 1.490 ms
INFO: at 414.285 ms fetching 3.874 ms
INFO: at 416.823 ms batch [3.874] delay 1.490 ms
INFO: at 416.823 ms fetching 3.874 ms
INFO: at 419.178 ms batch [3.874] delay 1.490 ms
INFO: at 419.178 ms fetching 3.874 ms
INFO: at 421.564 ms batch [3.874] delay 2.152 ms
INFO: at 421.564 ms fetching 3.874 ms
INFO: at 424.151 ms batch [3.874] delay 2.152 ms
INFO: at 424.151 ms fetching 3.874 ms
INFO: at 426.681 ms batch [3.874] delay 2.152 ms
INFO: at 426.681 ms fetching 3.874 ms
INFO: at 429.139 ms batch [3.874] delay 2.152 ms
INFO: at 429.139 ms fetching 3.874 ms
INFO: at 432.317 ms batch [3.874] delay 2.152 ms
INFO: at 432.317 ms fetching 3.874 ms
INFO: at 434.651 ms batch [3.874] delay 2.152 ms
INFO: at 434.651 ms fetching 3.874 ms
INFO: at 436.994 ms batch [3.874] delay 2.152 ms
INFO: at 436.994 ms fetching 3.874 ms
INFO: at 440.180 ms batch [3.874] delay 2.152 ms
INFO: at 440.180 ms fetching 3.874 ms
INFO: at 442.775 ms batch [3.874] delay 2.152 ms
INFO: at 442.775 ms fetching 3.874 ms
INFO: at 445.132 ms batch [3.874] delay 3.229 ms
INFO: at 445.132 ms fetching 3.874 ms
INFO: at 448.892 ms batch [3.874] delay 3.229 ms
INFO: at 448.892 ms fetching 3.874 ms
INFO: at 452.767 ms batch [3.874] delay 3.229 ms
INFO: at 452.767 ms fetching 3.874 ms
INFO: at 457.114 ms batch [3.874] delay 3.229 ms
INFO: at 457.114 ms fetching 3.874 ms
INFO: at 460.975 ms batch [3.874] delay 3.229 ms
INFO: at 460.975 ms fetching 3.874 ms
INFO: at 464.946 ms batch [3.874] delay 3.229 ms
INFO: at 464.946 ms fetching 3.874 ms
INFO: at 469.352 ms batch [3.874] delay 2.152 ms
INFO: at 469.352 ms fetching 3.874 ms
INFO: at 472.289 ms batch [3.874] delay 2.152 ms
INFO: at 472.289 ms fetching 3.874 ms
INFO: at 474.821 ms batch [3.874] delay 2.152 ms
INFO: at 474.821 ms fetching 3.874 ms
INFO: at 477.131 ms batch [3.874] delay 2.152 ms
INFO: at 477.131 ms fetching 3.874 ms
INFO: at 479.592 ms batch [3.874] delay 2.152 ms
INFO: at 479.592 ms fetching 3.874 ms
INFO: at 481.886 ms batch [3.874] delay 2.152 ms
INFO: at 481.886 ms fetching 3.874 ms
INFO: at 485.727 ms batch [3.874] delay 2.152 ms
INFO: at 485.727 ms fetching 3.874 ms
INFO: at 488.411 ms batch [3.874] delay 2.152 ms
INFO: at 488.411 ms fetching 3.874 ms
INFO: at 490.729 ms batch [3.874] delay 2.152 ms
INFO: at 490.729 ms fetching 3.874 ms
INFO: at 493.987 ms batch [3.874] delay 2.152 ms
INFO: at 493.987 ms fetching 3.874 ms
INFO: at 497.437 ms batch [3.874] delay 2.152 ms
INFO: at 497.437 ms fetching 3.874 ms
INFO: at 500.027 ms batch [3.874] delay 2.152 ms
INFO: at 500.027 ms fetching 3.874 ms
INFO: at 502.629 ms batch [3.874] delay 2.152 ms
INFO: at 502.629 ms fetching 3.874 ms
INFO: at 505.299 ms batch [3.874] delay 2.152 ms
INFO: at 505.299 ms fetching 3.874 ms
INFO: at 508.694 ms batch [3.874] delay 2.152 ms
INFO: at 508.694 ms fetching 3.874 ms
INFO: at 511.954 ms batch [3.874] delay 2.152 ms
INFO: at 511.954 ms fetching 3.874 ms
INFO: at 515.180 ms batch [3.874] delay 2.152 ms
INFO: at 515.180 ms fetching 3.874 ms
INFO: at 518.147 ms batch [3.874] delay 2.152 ms
INFO: at 518.147 ms fetching 3.874 ms
INFO: at 520.698 ms batch [3.874] delay 3.229 ms
INFO: at 520.698 ms fetching 3.874 ms
INFO: at 524.833 ms batch [3.874] delay 3.229 ms
INFO: at 524.833 ms fetching 3.874 ms
INFO: at 528.580 ms batch [3.874] delay 3.229 ms
INFO: at 528.580 ms fetching 3.874 ms
INFO: at 532.257 ms batch [3.874] delay 3.229 ms
INFO: at 532.257 ms fetching 3.874 ms
INFO: at 535.985 ms batch [3.874] delay 3.229 ms
INFO: at 535.985 ms fetching 3.874 ms
INFO: at 539.825 ms batch [3.874] delay 3.229 ms
INFO: at 539.825 ms fetching 3.874 ms
INFO: at 543.227 ms batch [3.874] delay 1.761 ms
INFO: at 543.227 ms fetching 3.874 ms
INFO: at 545.446 ms batch [3.874] delay 1.761 ms
INFO: at 545.446 ms fetching 3.874 ms
INFO: at 548.259 ms batch [3.874] delay 1.761 ms
INFO: at 548.259 ms fetching 3.874 ms
INFO: at 550.183 ms batch [3.874] delay 1.761 ms
INFO: at 550.183 ms fetching 3.874 ms
INFO: at 552.118 ms batch [3.874] delay 1.761 ms
INFO: at 552.118 ms fetching 3.874 ms
INFO: at 554.558 ms batch [3.874] delay 1.761 ms
INFO: at 554.558 ms fetching 3.874 ms
INFO: at 557.259 ms batch [3.874] delay 1.761 ms
INFO: at 557.259 ms fetching 3.874 ms
INFO: at 559.080 ms batch [3.874] delay 1.761 ms
INFO: at 559.080 ms fetching 3.874 ms
INFO: at 561.491 ms batch [3.874] delay 1.761 ms
INFO: at 561.491 ms fetching 3.874 ms
INFO: at 563.733 ms batch [3.874] delay 1.761 ms
INFO: at 563.733 ms fetching 3.874 ms
INFO: at 566.435 ms batch [3.874] delay 1.761 ms
INFO: at 566.435 ms fetching 3.874 ms
INFO: at 569.062 ms batch [3.874] delay 1.937 ms
INFO: at 569.062 ms fetching 3.874 ms
INFO: at 571.467 ms batch [3.874] delay 1.937 ms
INFO: at 571.467 ms fetching 3.874 ms
INFO: at 574.448 ms batch [3.874] delay 1.937 ms
INFO: at 574.448 ms fetching 3.874 ms
INFO: at 576.841 ms batch [3.874] delay 1.937 ms
INFO: at 576.841 ms fetching 3.874 ms
INFO: at 579.693 ms batch [3.874] delay 1.937 ms
INFO: at 579.693 ms fetching 3.874 ms
INFO: at 582.044 ms batch [3.874] delay 1.937 ms
INFO: at 582.044 ms fetching 3.874 ms
INFO: at 584.501 ms batch [3.874] delay 1.937 ms
INFO: at 584.501 ms fetching 3.874 ms
INFO: at 587.048 ms batch [3.874] delay 1.937 ms
INFO: at 587.048 ms fetching 3.874 ms
INFO: at 589.636 ms batch [3.874] delay 1.937 ms
INFO: at 589.636 ms fetching 3.874 ms
INFO: at 592.034 ms batch [3.874] delay 1.937 ms
INFO: at 592.034 ms fetching 3.874 ms
INFO: at 594.617 ms batch [3.874] delay 1.761 ms
INFO: at 594.617 ms fetching 3.874 ms
INFO: at 597.055 ms batch [3.874] delay 1.761 ms
INFO: at 597.055 ms fetching 3.874 ms
INFO: at 599.798 ms batch [3.874] delay 1.761 ms
INFO: at 599.798 ms fetching 3.874 ms
INFO: at 602.494 ms batch [3.874] delay 1.761 ms
INFO: at 602.494 ms fetching 3.874 ms
INFO: at 604.791 ms batch [3.874] delay 1.761 ms
INFO: at 604.791 ms fetching 3.874 ms
INFO: at 607.058 ms batch [3.874] delay 1.761 ms
INFO: at 607.058 ms fetching 3.874 ms
INFO: at 609.265 ms batch [3.874] delay 1.761 ms
INFO: at 609.265 ms fetching 3.874 ms
INFO: at 611.180 ms batch [3.874] delay 1.761 ms
INFO: at 611.180 ms fetching 3.874 ms
INFO: at 613.890 ms batch [3.874] delay 1.761 ms
INFO: at 613.890 ms fetching 3.874 ms
INFO: at 616.594 ms batch [3.874] delay 1.761 ms
INFO: at 616.594 ms fetching 3.874 ms
INFO: at 619.035 ms batch [3.874] delay 1.761 ms
INFO: at 619.035 ms fetching 3.874 ms
INFO: at 621.617 ms batch [3.874] delay 1.761 ms
INFO: at 621.617 ms fetching 3.874 ms
INFO: at 623.962 ms batch [3.874] delay 1.761 ms
INFO: at 623.962 ms fetching 3.874 ms
INFO: at 626.029 ms batch [3.874] delay 1.761 ms
INFO: at 626.029 ms fetching 3.874 ms
INFO: at 628.096 ms batch [3.874] delay 1.761 ms
INFO: at 628.096 ms fetching 3.874 ms
INFO: at 630.879 ms batch [3.874] delay 1.761 ms
INFO: at 630.879 ms fetching 3.874 ms
INFO: at 633.389 ms batch [3.874] delay 1.761 ms
INFO: at 633.389 ms fetching 3.874 ms
INFO: at 635.930 ms batch [3.874] delay 1.761 ms
INFO: at 635.930 ms fetching 3.874 ms
INFO: at 638.511 ms batch [3.874] delay 1.761 ms
INFO: at 638.511 ms fetching 3.874 ms
INFO: at 640.505 ms batch [3.874] delay 1.761 ms
INFO: at 640.505 ms fetching 3.874 ms
INFO: at 643.157 ms batch [3.874] delay 1.761 ms
INFO: at 643.157 ms fetching 3.874 ms
INFO: at 645.214 ms batch [3.874] delay 1.761 ms
INFO: at 645.214 ms fetching 3.874 ms
INFO: at 647.663 ms batch [3.874] delay 1.384 ms
INFO: at 647.663 ms fetching 3.874 ms
INFO: at 649.340 ms batch [3.874] delay 1.384 ms
INFO: at 649.340 ms fetching 3.874 ms
INFO: at 651.062 ms batch [3.874] delay 1.384 ms
INFO: at 651.062 ms fetching 3.874 ms
INFO: at 652.746 ms batch [3.874] delay 1.384 ms
INFO: at 652.746 ms fetching 3.874 ms
INFO: at 655.663 ms batch [3.874] delay 1.384 ms
INFO: at 655.663 ms fetching 3.874 ms
INFO: at 657.544 ms batch [3.874] delay 1.384 ms
INFO: at 657.544 ms fetching 3.874 ms
INFO: at 659.104 ms batch [3.874] delay 1.384 ms
INFO: at 659.104 ms fetching 3.874 ms
INFO: at 660.689 ms batch [3.874] delay 1.384 ms
INFO: at 660.689 ms fetching 3.874 ms
INFO: at 663.067 ms batch [3.874] delay 1.384 ms
INFO: at 663.067 ms fetching 3.874 ms
INFO: at 664.821 ms batch [3.874] delay 1.384 ms
INFO: at 664.821 ms fetching 3.874 ms
INFO: at 666.873 ms batch [3.874] delay 1.384 ms
INFO: at 666.873 ms fetching 3.874 ms
INFO: at 669.191 ms batch [3.874] delay 1.384 ms
INFO: at 669.191 ms fetching 3.874 ms
INFO: at 671.339 ms batch [3.874] delay 1.384 ms
INFO: at 671.339 ms fetching 3.874 ms
INFO: at 673.335 ms batch [3.874] delay 1.384 ms
INFO: at 673.335 ms fetching 3.874 ms
INFO: at 675.233 ms batch [3.874] delay 1.937 ms
INFO: at 675.233 ms fetching 3.874 ms
INFO: at 677.509 ms batch [3.874] delay 1.937 ms
INFO: at 677.509 ms fetching 3.874 ms
INFO: at 679.640 ms batch [3.874] delay 1.937 ms
INFO: at 679.640 ms fetching 3.874 ms
INFO: at 682.678 ms batch [3.874] delay 1.937 ms
INFO: at 682.678 ms fetching 3.874 ms
INFO: at 684.814 ms batch [3.874] delay 1.937 ms
INFO: at 684.814 ms fetching 3.874 ms
INFO: at 687.299 ms batch [3.874] delay 1.937 ms
INFO: at 687.299 ms fetching 3.874 ms
INFO: at 689.558 ms batch [3.874] delay 1.937 ms
INFO: at 689.558 ms fetching 3.874 ms
INFO: at 691.999 ms batch [3.874] delay 1.937 ms
INFO: at 691.999 ms fetching 3.874 ms
INFO: at 694.395 ms batch [3.874] delay 1.937 ms
INFO: at 694.395 ms fetching 3.874 ms
INFO: at 696.873 ms batch [3.874] delay 1.937 ms
INFO: at 696.873 ms fetching 3.874 ms
INFO: at 699.383 ms batch [3.874] delay 1.614 ms
INFO: at 699.383 ms fetching 3.874 ms
INFO: at 701.421 ms batch [3.874] delay 1.614 ms
INFO: at 701.421 ms fetching 3.874 ms
INFO: at 703.125 ms batch [3.874] delay 1.614 ms
INFO: at 703.125 ms fetching 3.874 ms
INFO: at 705.578 ms batch [3.874] delay 1.614 ms
INFO: at 705.578 ms fetching 3.874 ms
INFO: at 707.748 ms batch [3.874] delay 1.614 ms
INFO: at 707.748 ms fetching 3.874 ms
INFO: at 710.010 ms batch [3.874] delay 1.614 ms
INFO: at 710.010 ms fetching 3.874 ms
INFO: at 712.004 ms batch [3.874] delay 1.614 ms
INFO: at 712.004 ms fetching 3.874 ms
INFO: at 714.270 ms batch [3.874] delay 1.614 ms
INFO: at 714.270 ms fetching 3.874 ms
INFO: at 716.678 ms batch [3.874] delay 1.614 ms
INFO: at 716.678 ms fetching 3.874 ms
INFO: at 718.758 ms batch [3.874] delay 1.614 ms
INFO: at 718.758 ms fetching 3.874 ms
INFO: at 720.723 ms batch [3.874] delay 1.614 ms
INFO: at 720.723 ms fetching 3.874 ms
INFO: at 722.481 ms batch [3.874] delay 1.614 ms
INFO: at 722.481 ms fetching 3.874 ms
INFO: at 725.024 ms batch [3.874] delay 1.937 ms
INFO: at 725.024 ms fetching 3.874 ms
INFO: at 727.378 ms batch [3.874] delay 1.937 ms
INFO: at 727.378 ms fetching 3.874 ms
INFO: at 729.429 ms batch [3.874] delay 1.937 ms
INFO: at 729.429 ms fetching 3.874 ms
INFO: at 732.437 ms batch [3.874] delay 1.937 ms
INFO: at 732.437 ms fetching 3.874 ms
INFO: at 734.948 ms batch [3.874] delay 1.937 ms
INFO: at 734.948 ms fetching 3.874 ms
INFO: at 737.093 ms batch [3.874] delay 1.937 ms
INFO: at 737.093 ms fetching 3.874 ms
INFO: at 739.796 ms batch [3.874] delay 1.937 ms
INFO: at 739.796 ms fetching 3.874 ms
INFO: at 741.783 ms batch [3.874] delay 1.937 ms
INFO: at 741.783 ms fetching 3.874 ms
INFO: at 744.331 ms batch [3.874] delay 1.937 ms
INFO: at 744.331 ms fetching 3.874 ms
INFO: at 746.628 ms batch [3.874] delay 1.937 ms
INFO: at 746.628 ms fetching 3.874 ms
INFO: at 749.018 ms batch [3.874] delay 2.152 ms
INFO: at 749.018 ms fetching 3.874 ms
INFO: at 752.153 ms batch [3.874] delay 2.152 ms
INFO: at 752.153 ms fetching 3.874 ms
INFO: at 754.530 ms batch [3.874] delay 2.152 ms
INFO: at 754.530 ms fetching 3.874 ms
INFO: at 756.956 ms batch [3.874] delay 2.152 ms
INFO: at 756.956 ms fetching 3.874 ms
INFO: at 759.596 ms batch [3.874] delay 2.152 ms
INFO: at 759.596 ms fetching 3.874 ms
INFO: at 762.174 ms batch [3.874] delay 2.152 ms
INFO: at 762.174 ms fetching 3.874 ms
INFO: at 764.809 ms batch [3.874] delay 2.152 ms
INFO: at 764.809 ms fetching 3.874 ms
INFO: at 767.785 ms batch [3.874] delay 2.152 ms
INFO: at 767.785 ms fetching 3.874 ms
INFO: at 770.282 ms batch [3.874] delay 2.152 ms
INFO: at 770.282 ms fetching 3.874 ms
INFO: at 772.800 ms batch [3.874] delay 2.421 ms
INFO: at 772.800 ms fetching 3.874 ms
INFO: at 775.576 ms batch [3.874] delay 2.421 ms
INFO: at 775.576 ms fetching 3.874 ms
INFO: at 778.455 ms batch [3.874] delay 2.421 ms
INFO: at 778.455 ms fetching 3.874 ms
INFO: at 781.297 ms batch [3.874] delay 2.421 ms
INFO: at 781.297 ms fetching 3.874 ms
INFO: at 784.327 ms batch [3.874] delay 2.421 ms
INFO: at 784.327 ms fetching 3.874 ms
INFO: at 786.799 ms batch [3.874] delay 2.421 ms
INFO: at 786.799 ms fetching 3.874 ms
INFO: at 790.185 ms batch [3.874] delay 2.421 ms
INFO: at 790.185 ms fetching 3.874 ms
INFO: at 792.777 ms batch [3.874] delay 2.421 ms
INFO: at 792.777 ms fetching 3.874 ms
INFO: at 795.724 ms batch [3.874] delay 2.767 ms
INFO: at 795.724 ms fetching 3.874 ms
INFO: at 799.369 ms batch [3.874] delay 2.767 ms
INFO: at 799.369 ms fetching 3.874 ms
INFO: at 803.121 ms batch [3.874] delay 2.767 ms
INFO: at 803.121 ms fetching 3.874 ms
INFO: at 806.071 ms batch [3.874] delay 2.767 ms
INFO: at 806.071 ms fetching 3.874 ms
INFO: at 809.659 ms batch [3.874] delay 2.767 ms
INFO: at 809.659 ms fetching 3.874 ms
INFO: at 813.149 ms batch [3.874] delay 2.767 ms
INFO: at 813.149 ms fetching 3.874 ms
INFO: at 816.759 ms batch [3.874] delay 2.767 ms
INFO: at 816.759 ms fetching 3.874 ms
INFO: at 820.528 ms batch [3.874] delay 2.152 ms
INFO: at 820.528 ms fetching 3.874 ms
INFO: at 823.240 ms batch [3.874] delay 2.152 ms
INFO: at 823.240 ms fetching 3.874 ms
INFO: at 825.843 ms batch [3.874] delay 2.152 ms
INFO: at 825.843 ms fetching 3.874 ms
INFO: at 828.480 ms batch [3.874] delay 2.152 ms
INFO: at 828.480 ms fetching 3.874 ms
INFO: at 830.878 ms batch [3.874] delay 2.152 ms
INFO: at 830.878 ms fetching 3.874 ms
INFO: at 833.442 ms batch [3.874] delay 2.152 ms
INFO: at 833.442 ms fetching 3.874 ms
INFO: at 836.193 ms batch [3.874] delay 2.152 ms
INFO: at 836.193 ms fetching 3.874 ms
INFO: at 838.672 ms batch [3.874] delay 2.152 ms
INFO: at 838.672 ms fetching 3.874 ms
INFO: at 841.055 ms batch [3.874] delay 2.152 ms
INFO: at 841.055 ms fetching 3.874 ms
INFO: at 843.893 ms batch [3.874] delay 2.767 ms
INFO: at 843.893 ms fetching 3.874 ms
INFO: at 846.811 ms batch [3.874] delay 2.767 ms
INFO: at 846.811 ms fetching 3.874 ms
INFO: at 850.013 ms batch [3.874] delay 2.767 ms
INFO: at 850.013 ms fetching 3.874 ms
INFO: at 853.447 ms batch [3.874] delay 2.767 ms
INFO: at 853.447 ms fetching 3.874 ms
INFO: at 857.224 ms batch [3.874] delay 2.767 ms
INFO: at 857.224 ms fetching 3.874 ms
INFO: at 860.688 ms batch [3.874] delay 2.767 ms
INFO: at 860.688 ms fetching 3.874 ms
INFO: at 864.068 ms batch [3.874] delay 2.767 ms
INFO: at 864.068 ms fetching 3.874 ms
INFO: at 867.218 ms batch [3.874] delay 1.614 ms
INFO: at 867.218 ms fetching 3.874 ms
INFO: at 869.543 ms batch [3.874] delay 1.614 ms
INFO: at 869.543 ms fetching 3.874 ms
INFO: at 871.316 ms batch [3.874] delay 1.614 ms
INFO: at 871.316 ms fetching 3.874 ms
INFO: at 873.994 ms batch [3.874] delay 1.614 ms
INFO: at 873.994 ms fetching 3.874 ms
INFO: at 875.754 ms batch [3.874] delay 1.614 ms
INFO: at 875.754 ms fetching 3.874 ms
INFO: at 878.166 ms batch [3.874] delay 1.614 ms
INFO: at 878.166 ms fetching 3.874 ms
INFO: at 880.251 ms batch [3.874] delay 1.614 ms
INFO: at 880.251 ms fetching 3.874 ms
INFO: at 882.405 ms batch [3.874] delay 1.614 ms
INFO: at 882.405 ms fetching 3.874 ms
INFO: at 884.721 ms batch [3.874] delay 1.614 ms
INFO: at 884.721 ms fetching 3.874 ms
INFO: at 887.400 ms batch [3.874] delay 1.614 ms
INFO: at 887.400 ms fetching 3.874 ms
INFO: at 889.488 ms batch [3.874] delay 1.614 ms
INFO: at 889.488 ms fetching 3.874 ms
INFO: at 891.606 ms batch [3.874] delay 1.614 ms
INFO: at 891.606 ms fetching 3.874 ms
INFO: at 893.876 ms batch [3.874] delay 2.152 ms
INFO: at 893.876 ms fetching 3.874 ms
INFO: at 896.801 ms batch [3.874] delay 2.152 ms
INFO: at 896.801 ms fetching 3.874 ms
INFO: at 899.080 ms batch [3.874] delay 2.152 ms
INFO: at 899.080 ms fetching 3.874 ms
INFO: at 901.449 ms batch [3.874] delay 2.152 ms
INFO: at 901.449 ms fetching 3.874 ms
INFO: at 903.798 ms batch [3.874] delay 2.152 ms
INFO: at 903.798 ms fetching 3.874 ms
INFO: at 906.151 ms batch [3.874] delay 2.152 ms
INFO: at 906.151 ms fetching 3.874 ms
INFO: at 909.152 ms batch [3.874] delay 2.152 ms
INFO: at 909.152 ms fetching 3.874 ms
INFO: at 911.743 ms batch [3.874] delay 2.152 ms
INFO: at 911.743 ms fetching 3.874 ms
INFO: at 914.276 ms batch [3.874] delay 2.152 ms
INFO: at 914.276 ms fetching 3.874 ms
INFO: at 916.639 ms batch [3.874] delay 2.152 ms
INFO: at 916.639 ms fetching 3.874 ms
INFO: at 919.083 ms batch [3.874] delay 2.152 ms
INFO: at 919.083 ms fetching 3.874 ms
INFO: at 921.550 ms batch [3.874] delay 2.152 ms
INFO: at 921.550 ms fetching 3.874 ms
INFO: at 924.176 ms batch [3.874] delay 2.152 ms
INFO: at 924.176 ms fetching 3.874 ms
INFO: at 926.603 ms batch [3.874] delay 2.152 ms
INFO: at 926.603 ms fetching 3.874 ms
INFO: at 929.007 ms batch [3.874] delay 2.152 ms
INFO: at 929.007 ms fetching 3.874 ms
INFO: at 931.422 ms batch [3.874] delay 2.152 ms
INFO: at 931.422 ms fetching 3.874 ms
INFO: at 934.407 ms batch [3.874] delay 2.152 ms
INFO: at 934.407 ms fetching 3.874 ms
INFO: at 936.723 ms batch [3.874] delay 2.152 ms
INFO: at 936.723 ms fetching 3.874 ms
INFO: at 939.507 ms batch [3.874] delay 2.421 ms
INFO: at 939.507 ms fetching 3.874 ms
INFO: at 942.991 ms batch [3.874] delay 2.421 ms
INFO: at 942.991 ms fetching 3.874 ms
INFO: at 945.800 ms batch [3.874] delay 2.421 ms
INFO: at 945.800 ms fetching 3.874 ms
INFO: at 948.957 ms batch [3.874] delay 2.421 ms
INFO: at 948.957 ms fetching 3.874 ms
INFO: at 952.187 ms batch [3.874] delay 2.421 ms
INFO: at 952.187 ms fetching 3.874 ms
INFO: at 955.240 ms batch [3.874] delay 2.421 ms
INFO: at 955.240 ms fetching 3.874 ms
INFO: at 958.171 ms batch [3.874] delay 2.421 ms
INFO: at 958.171 ms fetching 3.874 ms
INFO: at 960.754 ms batch [3.874] delay 2.421 ms
INFO: at 960.754 ms fetching 3.874 ms
INFO: at 963.925 ms batch [3.874] delay 2.421 ms
INFO: at 963.925 ms fetching 3.874 ms
INFO: at 966.832 ms batch [3.874] delay 2.421 ms
INFO: at 966.832 ms fetching 3.874 ms
INFO: at 969.954 ms batch [3.874] delay 2.421 ms
INFO: at 969.954 ms fetching 3.874 ms
INFO: at 973.071 ms batch [3.874] delay 2.421 ms
INFO: at 973.071 ms fetching 3.874 ms
INFO: at 975.550 ms batch [3.874] delay 2.421 ms
INFO: at 975.550 ms fetching 3.874 ms
INFO: at 978.899 ms batch [3.874] delay 2.421 ms
INFO: at 978.899 ms fetching 3.874 ms
INFO: at 982.262 ms batch [3.874] delay 2.421 ms
INFO: at 982.262 ms fetching 3.874 ms
INFO: at 985.155 ms batch [3.874] delay 2.421 ms
INFO: at 985.155 ms fetching 3.874 ms
INFO: at 988.078 ms batch [3.874] delay 0.668 ms
INFO: at 988.078 ms fetching 3.874 ms
INFO: at 989.508 ms batch [3.874] delay 0.668 ms
INFO: at 989.508 ms fetching 3.874 ms
INFO: at 990.941 ms batch [3.874] delay 0.668 ms
INFO: at 990.941 ms fetching 3.874 ms
INFO: at 991.843 ms batch [3.874] delay 0.668 ms
INFO: at 991.843 ms fetching 3.874 ms
INFO: at 993.262 ms batch [3.874] delay 0.668 ms
INFO: at 993.262 ms fetching 3.874 ms
INFO: at 994.656 ms batch [3.874] delay 0.668 ms
INFO: at 994.656 ms fetching 3.874 ms
INFO: at 996.213 ms batch [3.874] delay 0.668 ms
INFO: at 996.213 ms fetching 3.874 ms
INFO: at 997.035 ms batch [3.874] delay 0.668 ms
INFO: at 997.035 ms fetching 3.874 ms
INFO: at 998.512 ms batch [3.874] delay 0.668 ms
INFO: at 998.512 ms fetching 3.874 ms
INFO: at 1000.046 ms batch [3.874] delay 0.668 ms
INFO: at 1000.046 ms fetching 3.874 ms
INFO: at 1001.754 ms batch [3.874] delay 0.668 ms
INFO: at 1001.754 ms fetching 3.874 ms
INFO: at 1003.125 ms batch [3.874] delay 0.668 ms
INFO: at 1003.125 ms fetching 3.874 ms
INFO: at 1004.077 ms batch [3.874] delay 0.668 ms
INFO: at 1004.077 ms fetching 3.874 ms
INFO: at 1005.591 ms batch [3.874] delay 0.668 ms
INFO: at 1005.591 ms fetching 3.874 ms
INFO: at 1007.115 ms batch [3.874] delay 0.668 ms
INFO: at 1007.115 ms fetching 3.874 ms
INFO: at 1008.616 ms batch [3.874] delay 0.668 ms
INFO: at 1008.616 ms fetching 3.874 ms
INFO: at 1010.051 ms batch [3.874] delay 0.668 ms
INFO: at 1010.051 ms fetching 3.874 ms
INFO: at 1010.874 ms batch [3.874] delay 0.668 ms
INFO: at 1010.874 ms fetching 3.874 ms
INFO: at 1012.505 ms batch [3.874] delay 0.668 ms
INFO: at 1012.505 ms fetching 3.874 ms
INFO: at 1013.863 ms batch [3.874] delay 0.668 ms
INFO: at 1013.863 ms fetching 3.874 ms
INFO: at 1014.706 ms batch [3.874] delay 0.668 ms
INFO: at 1014.706 ms fetching 3.874 ms
INFO: at 1016.085 ms batch [3.874] delay 0.668 ms
INFO: at 1016.085 ms fetching 3.874 ms
INFO: at 1017.550 ms batch [3.874] delay 0.668 ms
INFO: at 1017.550 ms fetching 3.874 ms
INFO: at 1019.053 ms batch [3.874] delay 0.668 ms
INFO: at 1019.053 ms fetching 3.874 ms
INFO: at 1019.924 ms batch [3.874] delay 0.668 ms
INFO: at 1019.924 ms fetching 3.874 ms
INFO: at 1020.860 ms batch [3.874] delay 0.668 ms
INFO: at 1020.860 ms fetching 3.874 ms
INFO: at 1022.272 ms batch [3.874] delay 0.668 ms
INFO: at 1022.272 ms fetching 3.874 ms
INFO: at 1023.887 ms batch [3.874] delay 0.668 ms
INFO: at 1023.887 ms fetching 3.874 ms
INFO: at 1025.433 ms batch [3.874] delay 0.668 ms
INFO: at 1025.433 ms fetching 3.874 ms
INFO: at 1026.833 ms batch [3.874] delay 1.761 ms
INFO: at 1026.833 ms fetching 3.874 ms
INFO: at 1028.831 ms batch [3.874] delay 1.761 ms
INFO: at 1028.831 ms fetching 3.874 ms
INFO: at 1031.616 ms batch [3.874] delay 1.761 ms
INFO: at 1031.616 ms fetching 3.874 ms
INFO: at 1033.945 ms batch [3.874] delay 1.761 ms
INFO: at 1033.945 ms fetching 3.874 ms
INFO: at 1036.342 ms batch [3.874] delay 1.761 ms
INFO: at 1036.342 ms fetching 3.874 ms
INFO: at 1038.804 ms batch [3.874] delay 1.761 ms
INFO: at 1038.804 ms fetching 3.874 ms
INFO: at 1041.189 ms batch [3.874] delay 1.761 ms
INFO: at 1041.189 ms fetching 3.874 ms
INFO: at 1043.748 ms batch [3.874] delay 1.761 ms
INFO: at 1043.748 ms fetching 3.874 ms
INFO: at 1046.134 ms batch [3.874] delay 1.761 ms
INFO: at 1046.134 ms fetching 3.874 ms
INFO: at 1048.577 ms batch [3.874] delay 1.761 ms
INFO: at 1048.577 ms fetching 3.874 ms
INFO: at 1051.562 ms batch [3.874] delay 1.761 ms
INFO: at 1051.562 ms fetching 3.874 ms
INFO: at 1053.578 ms batch [3.874] delay 1.937 ms
INFO: at 1053.578 ms fetching 3.874 ms
INFO: at 1056.420 ms batch [3.874] delay 1.937 ms
INFO: at 1056.420 ms fetching 3.874 ms
INFO: at 1059.201 ms batch [3.874] delay 1.937 ms
INFO: at 1059.201 ms fetching 3.874 ms
INFO: at 1061.299 ms batch [3.874] delay 1.937 ms
INFO: at 1061.299 ms fetching 3.874 ms
INFO: at 1063.829 ms batch [3.874] delay 1.937 ms
INFO: at 1063.829 ms fetching 3.874 ms
INFO: at 1066.149 ms batch [3.874] delay 1.937 ms
INFO: at 1066.149 ms fetching 3.874 ms
INFO: at 1069.175 ms batch [3.874] delay 1.937 ms
INFO: at 1069.175 ms fetching 3.874 ms
INFO: at 1071.888 ms batch [3.874] delay 1.937 ms
INFO: at 1071.888 ms fetching 3.874 ms
INFO: at 1074.109 ms batch [3.874] delay 1.937 ms
INFO: at 1074.109 ms fetching 3.874 ms
INFO: at 1076.464 ms batch [3.874] delay 1.937 ms
INFO: at 1076.464 ms fetching 3.874 ms
INFO: at 1078.696 ms batch [3.874] delay 2.421 ms
INFO: at 1078.696 ms fetching 3.874 ms
INFO: at 1081.902 ms batch [3.874] delay 2.421 ms
INFO: at 1081.902 ms fetching 3.874 ms
INFO: at 1084.860 ms batch [3.874] delay 2.421 ms
INFO: at 1084.860 ms fetching 3.874 ms
INFO: at 1087.784 ms batch [3.874] delay 2.421 ms
INFO: at 1087.784 ms fetching 3.874 ms
INFO: at 1090.850 ms batch [3.874] delay 2.421 ms
INFO: at 1090.850 ms fetching 3.874 ms
INFO: at 1094.019 ms batch [3.874] delay 2.421 ms
INFO: at 1094.019 ms fetching 3.874 ms
INFO: at 1096.879 ms batch [3.874] delay 2.421 ms
INFO: at 1096.879 ms fetching 3.874 ms
INFO: at 1100.193 ms batch [3.874] delay 2.421 ms
INFO: at 1100.193 ms fetching 3.874 ms
INFO: at 1103.355 ms batch [3.874] delay 1.291 ms
INFO: at 1103.355 ms fetching 3.874 ms
INFO: at 1105.372 ms batch [3.874] delay 1.291 ms
INFO: at 1105.372 ms fetching 3.874 ms
INFO: at 1106.768 ms batch [3.874] delay 1.291 ms
INFO: at 1106.768 ms fetching 3.874 ms
INFO: at 1109.102 ms batch [3.874] delay 1.291 ms
INFO: at 1109.102 ms fetching 3.874 ms
INFO: at 1110.496 ms batch [3.874] delay 1.291 ms
INFO: at 1110.496 ms fetching 3.874 ms
INFO: at 1112.114 ms batch [3.874] delay 1.291 ms
INFO: at 1112.114 ms fetching 3.874 ms
INFO: at 1114.496 ms batch [3.874] delay 1.291 ms
INFO: at 1114.496 ms fetching 3.874 ms
INFO: at 1116.905 ms batch [3.874] delay 1.291 ms
INFO: at 1116.905 ms fetching 3.874 ms
INFO: at 1118.847 ms batch [3.874] delay 1.291 ms
INFO: at 1118.847 ms fetching 3.874 ms
INFO: at 1120.252 ms batch [3.874] delay 1.291 ms
INFO: at 1120.252 ms fetching 3.874 ms
INFO: at 1122.710 ms batch [3.874] delay 1.291 ms
INFO: at 1122.710 ms fetching 3.874 ms
INFO: at 1124.167 ms batch [3.874] delay 1.291 ms
INFO: at 1124.167 ms fetching 3.874 ms
INFO: at 1126.732 ms batch [3.874] delay 1.291 ms
INFO: at 1126.732 ms fetching 3.874 ms
INFO: at 1128.087 ms batch [3.874] delay 1.291 ms
INFO: at 1128.087 ms fetching 3.874 ms
INFO: at 1129.474 ms batch [3.874] delay 1.291 ms
INFO: at 1129.474 ms fetching 3.874 ms
INFO: at 1131.870 ms batch [3.874] delay 1.761 ms
INFO: at 1131.870 ms fetching 3.874 ms
INFO: at 1133.917 ms batch [3.874] delay 1.761 ms
INFO: at 1133.917 ms fetching 3.874 ms
INFO: at 1136.468 ms batch [3.874] delay 1.761 ms
INFO: at 1136.468 ms fetching 3.874 ms
INFO: at 1139.218 ms batch [3.874] delay 1.761 ms
INFO: at 1139.218 ms fetching 3.874 ms
INFO: at 1141.431 ms batch [3.874] delay 1.761 ms
INFO: at 1141.431 ms fetching 3.874 ms
INFO: at 1143.819 ms batch [3.874] delay 1.761 ms
INFO: at 1143.819 ms fetching 3.874 ms
INFO: at 1146.488 ms batch [3.874] delay 1.761 ms
INFO: at 1146.488 ms fetching 3.874 ms
INFO: at 1149.096 ms batch [3.874] delay 1.761 ms
INFO: at 1149.096 ms fetching 3.874 ms
INFO: at 1151.530 ms batch [3.874] delay 1.761 ms
INFO: at 1151.530 ms fetching 3.874 ms
INFO: at 1154.114 ms batch [3.874] delay 1.761 ms
INFO: at 1154.114 ms fetching 3.874 ms
INFO: at 1156.686 ms batch [3.874] delay 1.761 ms
INFO: at 1156.686 ms fetching 3.874 ms
INFO: at 1159.392 ms batch [3.874] delay 1.761 ms
INFO: at 1159.392 ms fetching 3.874 ms
INFO: at 1161.986 ms batch [3.874] delay 1.761 ms
INFO: at 1161.986 ms fetching 3.874 ms
INFO: at 1164.711 ms batch [3.874] delay 1.761 ms
INFO: at 1164.711 ms fetching 3.874 ms
INFO: at 1166.638 ms batch [3.874] delay 1.761 ms
INFO: at 1166.638 ms fetching 3.874 ms
INFO: at 1169.408 ms batch [3.874] delay 1.761 ms
INFO: at 1169.408 ms fetching 3.874 ms
INFO: at 1171.420 ms batch [3.874] delay 1.761 ms
INFO: at 1171.420 ms fetching 3.874 ms
INFO: at 1174.221 ms batch [3.874] delay 1.761 ms
INFO: at 1174.221 ms fetching 3.874 ms
INFO: at 1176.923 ms batch [3.874] delay 1.761 ms
INFO: at 1176.923 ms fetching 3.874 ms
INFO: at 1179.127 ms batch [3.874] delay 1.761 ms
INFO: at 1179.127 ms fetching 3.874 ms
INFO: at 1181.499 ms batch [3.874] delay 1.761 ms
INFO: at 1181.499 ms fetching 3.874 ms
INFO: at 1184.149 ms batch [3.874] delay 1.761 ms
INFO: at 1184.149 ms fetching 3.874 ms
INFO: at 1186.792 ms batch [3.874] delay 2.152 ms
INFO: at 1186.792 ms fetching 3.874 ms
INFO: at 1189.756 ms batch [3.874] delay 2.152 ms
INFO: at 1189.756 ms fetching 3.874 ms
INFO: at 1192.592 ms batch [3.874] delay 2.152 ms
INFO: at 1192.592 ms fetching 3.874 ms
INFO: at 1195.211 ms batch [3.874] delay 2.152 ms
INFO: at 1195.211 ms fetching 3.874 ms
INFO: at 1197.667 ms batch [3.874] delay 2.152 ms
INFO: at 1197.667 ms fetching 3.874 ms
INFO: at 1200.431 ms batch [3.874] delay 2.152 ms
INFO: at 1200.431 ms fetching 3.874 ms
INFO: at 1203.050 ms batch [3.874] delay 2.152 ms
INFO: at 1203.050 ms fetching 3.874 ms
INFO: at 1205.402 ms batch [3.874] delay 2.152 ms
INFO: at 1205.402 ms fetching 3.874 ms
INFO: at 1208.546 ms batch [3.874] delay 2.152 ms
INFO: at 1208.546 ms fetching 3.874 ms
INFO: at 1210.930 ms batch [3.874] delay 2.152 ms
INFO: at 1210.930 ms fetching 3.874 ms
INFO: at 1213.309 ms batch [3.874] delay 2.152 ms
INFO: at 1213.309 ms fetching 3.874 ms
INFO: at 1215.861 ms batch [3.874] delay 2.152 ms
INFO: at 1215.861 ms fetching 3.874 ms
INFO: at 1218.203 ms batch [3.874] delay 2.152 ms
INFO: at 1218.203 ms fetching 3.874 ms
INFO: at 1220.683 ms batch [3.874] delay 2.152 ms
INFO: at 1220.683 ms fetching 3.874 ms
INFO: at 1223.068 ms batch [3.874] delay 2.152 ms
INFO: at 1223.068 ms fetching 3.874 ms
INFO: at 1225.714 ms batch [3.874] delay 2.152 ms
INFO: at 1225.714 ms fetching 3.874 ms
INFO: at 1228.113 ms batch [3.874] delay 2.152 ms
INFO: at 1228.113 ms fetching 3.874 ms
INFO: at 1230.625 ms batch [3.874] delay 2.152 ms
INFO: at 1230.625 ms fetching 3.874 ms
INFO: at 1233.715 ms batch [3.874] delay 1.614 ms
INFO: at 1233.715 ms fetching 3.874 ms
INFO: at 1236.250 ms batch [3.874] delay 1.614 ms
INFO: at 1236.250 ms fetching 3.874 ms
INFO: at 1238.755 ms batch [3.874] delay 1.614 ms
INFO: at 1238.755 ms fetching 3.874 ms
INFO: at 1241.234 ms batch [3.874] delay 1.614 ms
INFO: at 1241.234 ms fetching 3.874 ms
INFO: at 1243.769 ms batch [3.874] delay 1.614 ms
INFO: at 1243.769 ms fetching 3.874 ms
INFO: at 1246.363 ms batch [3.874] delay 1.614 ms
INFO: at 1246.363 ms fetching 3.874 ms
INFO: at 1248.371 ms batch [3.874] delay 1.614 ms
INFO: at 1248.371 ms fetching 3.874 ms
INFO: at 1250.131 ms batch [3.874] delay 1.614 ms
INFO: at 1250.131 ms fetching 3.874 ms
INFO: at 1252.486 ms batch [3.874] delay 1.614 ms
INFO: at 1252.486 ms fetching 3.874 ms
INFO: at 1254.392 ms batch [3.874] delay 1.614 ms
INFO: at 1254.392 ms fetching 3.874 ms
INFO: at 1256.308 ms batch [3.874] delay 1.614 ms
INFO: at 1256.308 ms fetching 3.874 ms
INFO: at 1258.740 ms batch [3.874] delay 1.614 ms
INFO: at 1258.740 ms fetching 3.874 ms
INFO: at 1260.960 ms batch [3.874] delay 2.152 ms
INFO: at 1260.960 ms fetching 3.874 ms
INFO: at 1263.217 ms batch [3.874] delay 2.152 ms
INFO: at 1263.217 ms fetching 3.874 ms
INFO: at 1265.488 ms batch [3.874] delay 2.152 ms
INFO: at 1265.488 ms fetching 3.874 ms
INFO: at 1268.693 ms batch [3.874] delay 2.152 ms
INFO: at 1268.693 ms fetching 3.874 ms
INFO: at 1271.351 ms batch [3.874] delay 2.152 ms
INFO: at 1271.351 ms fetching 3.874 ms
INFO: at 1273.756 ms batch [3.874] delay 2.152 ms
INFO: at 1273.756 ms fetching 3.874 ms
INFO: at 1276.189 ms batch [3.874] delay 2.152 ms
INFO: at 1276.189 ms fetching 3.874 ms
INFO: at 1278.442 ms batch [3.874] delay 2.152 ms
INFO: at 1278.442 ms fetching 3.874 ms
INFO: at 1280.968 ms batch [3.874] delay 2.152 ms
INFO: at 1280.968 ms fetching 3.874 ms
INFO: at 1283.810 ms batch [3.874] delay 1.937 ms
INFO: at 1283.810 ms fetching 3.874 ms
INFO: at 1286.646 ms batch [3.874] delay 1.937 ms
INFO: at 1286.646 ms fetching 3.874 ms
INFO: at 1289.020 ms batch [3.874] delay 1.937 ms
INFO: at 1289.020 ms fetching 3.874 ms
INFO: at 1291.711 ms batch [3.874] delay 1.937 ms
INFO: at 1291.711 ms fetching 3.874 ms
INFO: at 1294.567 ms batch [3.874] delay 1.937 ms
INFO: at 1294.567 ms fetching 3.874 ms
INFO: at 1297.508 ms batch [3.874] delay 1.937 ms
INFO: at 1297.508 ms fetching 3.874 ms
INFO: at 1299.659 ms batch [3.874] delay 1.937 ms
INFO: at 1299.659 ms fetching 3.874 ms
INFO: at 1302.112 ms batch [3.874] delay 1.937 ms
INFO: at 1302.112 ms fetching 3.874 ms
INFO: at 1304.340 ms batch [3.874] delay 1.937 ms
INFO: at 1304.340 ms fetching 3.874 ms
INFO: at 1306.417 ms batch [3.874] delay 1.937 ms
INFO: at 1306.417 ms fetching 3.874 ms
INFO: at 1309.374 ms batch [3.874] delay 1.490 ms
INFO: at 1309.374 ms fetching 3.874 ms
INFO: at 1311.230 ms batch [3.874] delay 1.490 ms
INFO: at 1311.230 ms fetching 3.874 ms
INFO: at 1313.692 ms batch [3.874] delay 1.490 ms
INFO: at 1313.692 ms fetching 3.874 ms
INFO: at 1315.914 ms batch [3.874] delay 1.490 ms
INFO: at 1315.914 ms fetching 3.874 ms
INFO: at 1318.247 ms batch [3.874] delay 1.490 ms
INFO: at 1318.247 ms fetching 3.874 ms
INFO: at 1320.632 ms batch [3.874] delay 1.490 ms
INFO: at 1320.632 ms fetching 3.874 ms
INFO: at 1322.374 ms batch [3.874] delay 1.490 ms
INFO: at 1322.374 ms fetching 3.874 ms
INFO: at 1324.713 ms batch [3.874] delay 1.490 ms
INFO: at 1324.713 ms fetching 3.874 ms
INFO: at 1327.078 ms batch [3.874] delay 1.490 ms
INFO: at 1327.078 ms fetching 3.874 ms
INFO: at 1328.736 ms batch [3.874] delay 1.490 ms
INFO: at 1328.736 ms fetching 3.874 ms
INFO: at 1331.176 ms batch [3.874] delay 1.490 ms
INFO: at 1331.176 ms fetching 3.874 ms
INFO: at 1333.645 ms batch [3.874] delay 1.490 ms
INFO: at 1333.645 ms fetching 3.874 ms
INFO: at 1336.077 ms batch [3.874] delay 1.490 ms
INFO: at 1336.077 ms fetching 3.874 ms
INFO: at 1337.692 ms batch [3.874] delay 2.421 ms
INFO: at 1337.692 ms fetching 3.874 ms
INFO: at 1340.723 ms batch [3.874] delay 2.421 ms
INFO: at 1340.723 ms fetching 3.874 ms
INFO: at 1344.058 ms batch [3.874] delay 2.421 ms
INFO: at 1344.058 ms fetching 3.874 ms
INFO: at 1346.933 ms batch [3.874] delay 2.421 ms
INFO: at 1346.933 ms fetching 3.874 ms
INFO: at 1350.313 ms batch [3.874] delay 2.421 ms
INFO: at 1350.313 ms fetching 3.874 ms
INFO: at 1353.349 ms batch [3.874] delay 2.421 ms
INFO: at 1353.349 ms fetching 3.874 ms
INFO: at 1356.581 ms batch [3.874] delay 2.421 ms
INFO: at 1356.581 ms fetching 3.874 ms
INFO: at 1359.897 ms batch [3.874] delay 2.421 ms
INFO: at 1359.897 ms fetching 3.874 ms
INFO: at 1362.689 ms batch [3.874] delay 1.937 ms
INFO: at 1362.689 ms fetching 3.874 ms
INFO: at 1364.995 ms batch [3.874] delay 1.937 ms
INFO: at 1364.995 ms fetching 3.874 ms
INFO: at 1367.442 ms batch [3.874] delay 1.937 ms
INFO: at 1367.442 ms fetching 3.874 ms
INFO: at 1370.342 ms batch [3.874] delay 1.937 ms
INFO: at 1370.342 ms fetching 3.874 ms
INFO: at 1372.532 ms batch [3.874] delay 1.937 ms
INFO: at 1372.532 ms fetching 3.874 ms
INFO: at 1375.448 ms batch [3.874] delay 1.937 ms
INFO: at 1375.448 ms fetching 3.874 ms
INFO: at 1377.555 ms batch [3.874] delay 1.937 ms
INFO: at 1377.555 ms fetching 3.874 ms
INFO: at 1380.471 ms batch [3.874] delay 1.937 ms
INFO: at 1380.471 ms fetching 3.874 ms
INFO: at 1382.803 ms batch [3.874] delay 1.937 ms
INFO: at 1382.803 ms fetching 3.874 ms
INFO: at 1386.135 ms batch [3.874] delay 1.937 ms
INFO: at 1386.135 ms fetching 3.874 ms
INFO: at 1388.687 ms batch [3.874] delay 2.767 ms
INFO: at 1388.687 ms fetching 3.874 ms
INFO: at 1391.976 ms batch [3.874] delay 2.767 ms
INFO: at 1391.976 ms fetching 3.874 ms
INFO: at 1395.146 ms batch [3.874] delay 2.767 ms
INFO: at 1395.146 ms fetching 3.874 ms
INFO: at 1398.513 ms batch [3.874] delay 2.767 ms
INFO: at 1398.513 ms fetching 3.874 ms
INFO: at 1402.198 ms batch [3.874] delay 2.767 ms
INFO: at 1402.198 ms fetching 3.874 ms
INFO: at 1405.549 ms batch [3.874] delay 2.767 ms
INFO: at 1405.549 ms fetching 3.874 ms
INFO: at 1409.378 ms batch [3.874] delay 2.767 ms
INFO: at 1409.378 ms fetching 3.874 ms
INFO: at 1413.132 ms batch [3.874] delay 1.937 ms
INFO: at 1413.132 ms fetching 3.874 ms
INFO: at 1415.564 ms batch [3.874] delay 1.937 ms
INFO: at 1415.564 ms fetching 3.874 ms
INFO: at 1418.124 ms batch [3.874] delay 1.937 ms
INFO: at 1418.124 ms fetching 3.874 ms
INFO: at 1420.969 ms batch [3.874] delay 1.937 ms
INFO: at 1420.969 ms fetching 3.874 ms
INFO: at 1423.909 ms batch [3.874] delay 1.937 ms
INFO: at 1423.909 ms fetching 3.874 ms
INFO: at 1426.293 ms batch [3.874] delay 1.937 ms
INFO: at 1426.293 ms fetching 3.874 ms
INFO: at 1429.005 ms batch [3.874] delay 1.937 ms
INFO: at 1429.005 ms fetching 3.874 ms
INFO: at 1431.167 ms batch [3.874] delay 1.937 ms
INFO: at 1431.167 ms fetching 3.874 ms
INFO: at 1433.537 ms batch [3.874] delay 1.937 ms
INFO: at 1433.537 ms fetching 3.874 ms
INFO: at 1435.930 ms batch [3.874] delay 1.937 ms
INFO: at 1435.930 ms fetching 3.874 ms
INFO: at 1438.280 ms batch [3.874] delay 2.421 ms
INFO: at 1438.280 ms fetching 3.874 ms
INFO: at 1440.839 ms batch [3.874] delay 2.421 ms
INFO: at 1440.839 ms fetching 3.874 ms
INFO: at 1444.036 ms batch [3.874] delay 2.421 ms
INFO: at 1444.036 ms fetching 3.874 ms
INFO: at 1447.047 ms batch [3.874] delay 2.421 ms
INFO: at 1447.047 ms fetching 3.874 ms
INFO: at 1450.402 ms batch [3.874] delay 2.421 ms
INFO: at 1450.402 ms fetching 3.874 ms
INFO: at 1453.164 ms batch [3.874] delay 2.421 ms
INFO: at 1453.164 ms fetching 3.874 ms
INFO: at 1456.195 ms batch [3.874] delay 2.421 ms
INFO: at 1456.195 ms fetching 3.874 ms
INFO: at 1459.583 ms batch [3.874] delay 2.421 ms
INFO: at 1459.583 ms fetching 3.874 ms
INFO: at 1463.136 ms batch [3.874] delay 1.761 ms
INFO: at 1463.136 ms fetching 3.874 ms
INFO: at 1465.294 ms batch [3.874] delay 1.761 ms
INFO: at 1465.294 ms fetching 3.874 ms
INFO: at 1468.229 ms batch [3.874] delay 1.761 ms
INFO: at 1468.229 ms fetching 3.874 ms
INFO: at 1471.038 ms batch [3.874] delay 1.761 ms
INFO: at 1471.038 ms fetching 3.874 ms
INFO: at 1473.358 ms batch [3.874] delay 1.761 ms
INFO: at 1473.358 ms fetching 3.874 ms
INFO: at 1475.999 ms batch [3.874] delay 1.761 ms
INFO: at 1475.999 ms fetching 3.874 ms
INFO: at 1478.768 ms batch [3.874] delay 1.761 ms
INFO: at 1478.768 ms fetching 3.874 ms
INFO: at 1481.565 ms batch [3.874] delay 1.761 ms
INFO: at 1481.565 ms fetching 3.874 ms
INFO: at 1484.224 ms batch [3.874] delay 1.761 ms
INFO: at 1484.224 ms fetching 3.874 ms
INFO: at 1486.116 ms batch [3.874] delay 1.761 ms
INFO: at 1486.116 ms fetching 3.874 ms
INFO: at 1489.323 ms batch [3.874] delay 1.761 ms
INFO: at 1489.323 ms fetching 3.874 ms
INFO: at 1491.710 ms batch [3.874] delay 1.937 ms
INFO: at 1491.710 ms fetching 3.874 ms
INFO: at 1494.493 ms batch [3.874] delay 1.937 ms
INFO: at 1494.493 ms fetching 3.874 ms
INFO: at 1496.673 ms batch [3.874] delay 1.937 ms
INFO: at 1496.673 ms fetching 3.874 ms
INFO: at 1499.148 ms batch [3.874] delay 1.937 ms
INFO: at 1499.148 ms fetching 3.874 ms
INFO: at 1501.824 ms batch [3.874] delay 1.937 ms
INFO: at 1501.824 ms fetching 3.874 ms
INFO: at 1504.251 ms batch [3.874] delay 1.937 ms
INFO: at 1504.251 ms fetching 3.874 ms
INFO: at 1506.634 ms batch [3.874] delay 1.937 ms
INFO: at 1506.634 ms fetching 3.874 ms
INFO: at 1509.130 ms batch [3.874] delay 1.937 ms
INFO: at 1509.130 ms fetching 3.874 ms
INFO: at 1511.376 ms batch [3.874] delay 1.937 ms
INFO: at 1511.376 ms fetching 3.874 ms
INFO: at 1513.771 ms batch [3.874] delay 1.937 ms
INFO: at 1513.771 ms fetching 3.874 ms
INFO: at 1516.487 ms batch [3.874] delay 2.152 ms
INFO: at 1516.487 ms fetching 3.874 ms
INFO: at 1519.348 ms batch [3.874] delay 2.152 ms
INFO: at 1519.348 ms fetching 3.874 ms
INFO: at 1522.120 ms batch [3.874] delay 2.152 ms
INFO: at 1522.120 ms fetching 3.874 ms
INFO: at 1524.447 ms batch [3.874] delay 2.152 ms
INFO: at 1524.447 ms fetching 3.874 ms
INFO: at 1527.152 ms batch [3.874] delay 2.152 ms
INFO: at 1527.152 ms fetching 3.874 ms
INFO: at 1529.755 ms batch [3.874] delay 2.152 ms
INFO: at 1529.755 ms fetching 3.874 ms
INFO: at 1532.290 ms batch [3.874] delay 2.152 ms
INFO: at 1532.290 ms fetching 3.874 ms
INFO: at 1534.699 ms batch [3.874] delay 2.152 ms
INFO: at 1534.699 ms fetching 3.874 ms
INFO: at 1537.259 ms batch [3.874] delay 2.152 ms
INFO: at 1537.259 ms fetching 3.874 ms
INFO: at 1540.013 ms batch [3.874] delay 1.937 ms
INFO: at 1540.013 ms fetching 3.874 ms
INFO: at 1542.376 ms batch [3.874] delay 1.937 ms
INFO: at 1542.376 ms fetching 3.874 ms
INFO: at 1544.877 ms batch [3.874] delay 1.937 ms
INFO: at 1544.877 ms fetching 3.874 ms
INFO: at 1547.177 ms batch [3.874] delay 1.937 ms
INFO: at 1547.177 ms fetching 3.874 ms
INFO: at 1549.669 ms batch [3.874] delay 1.937 ms
INFO: at 1549.669 ms fetching 3.874 ms
INFO: at 1552.447 ms batch [3.874] delay 1.937 ms
INFO: at 1552.447 ms fetching 3.874 ms
INFO: at 1554.921 ms batch [3.874] delay 1.937 ms
INFO: at 1554.921 ms fetching 3.874 ms
INFO: at 1557.564 ms batch [3.874] delay 1.937 ms
INFO: at 1557.564 ms fetching 3.874 ms
INFO: at 1559.936 ms batch [3.874] delay 1.937 ms
INFO: at 1559.936 ms fetching 3.874 ms
INFO: at 1562.146 ms batch [3.874] delay 1.937 ms
INFO: at 1562.146 ms fetching 3.874 ms
INFO: at 1564.319 ms batch [3.874] delay 1.937 ms
INFO: at 1564.319 ms fetching 3.874 ms
INFO: at 1566.674 ms batch [3.874] delay 1.937 ms
INFO: at 1566.674 ms fetching 3.874 ms
INFO: at 1569.357 ms batch [3.874] delay 1.937 ms
INFO: at 1569.357 ms fetching 3.874 ms
INFO: at 1572.111 ms batch [3.874] delay 1.937 ms
INFO: at 1572.111 ms fetching 3.874 ms
INFO: at 1574.529 ms batch [3.874] delay 1.937 ms
INFO: at 1574.529 ms fetching 3.874 ms
INFO: at 1577.252 ms batch [3.874] delay 1.937 ms
INFO: at 1577.252 ms fetching 3.874 ms
INFO: at 1579.603 ms batch [3.874] delay 1.937 ms
INFO: at 1579.603 ms fetching 3.874 ms
INFO: at 1582.331 ms batch [3.874] delay 1.937 ms
INFO: at 1582.331 ms fetching 3.874 ms
INFO: at 1585.686 ms batch [3.874] delay 1.937 ms
INFO: at 1585.686 ms fetching 3.874 ms
INFO: at 1588.702 ms batch [3.874] delay 1.937 ms
INFO: at 1588.702 ms fetching 3.874 ms
INFO: at 1591.018 ms batch [3.874] delay 2.421 ms
INFO: at 1591.018 ms fetching 3.874 ms
INFO: at 1593.888 ms batch [3.874] delay 2.421 ms
INFO: at 1593.888 ms fetching 3.874 ms
INFO: at 1596.489 ms batch [3.874] delay 2.421 ms
INFO: at 1596.489 ms fetching 3.874 ms
INFO: at 1599.919 ms batch [3.874] delay 2.421 ms
INFO: at 1599.919 ms fetching 3.874 ms
INFO: at 1603.068 ms batch [3.874] delay 2.421 ms
INFO: at 1603.068 ms fetching 3.874 ms
INFO: at 1606.533 ms batch [3.874] delay 2.421 ms
INFO: at 1606.533 ms fetching 3.874 ms
INFO: at 1609.263 ms batch [3.874] delay 2.421 ms
INFO: at 1609.263 ms fetching 3.874 ms
INFO: at 1612.435 ms batch [3.874] delay 2.421 ms
INFO: at 1612.435 ms fetching 3.874 ms
INFO: at 1615.467 ms batch [3.874] delay 2.152 ms
INFO: at 1615.467 ms fetching 3.874 ms
INFO: at 1617.838 ms batch [3.874] delay 2.152 ms
INFO: at 1617.838 ms fetching 3.874 ms
INFO: at 1620.353 ms batch [3.874] delay 2.152 ms
INFO: at 1620.353 ms fetching 3.874 ms
INFO: at 1622.921 ms batch [3.874] delay 2.152 ms
INFO: at 1622.921 ms fetching 3.874 ms
INFO: at 1625.417 ms batch [3.874] delay 2.152 ms
INFO: at 1625.417 ms fetching 3.874 ms
INFO: at 1628.289 ms batch [3.874] delay 2.152 ms
INFO: at 1628.289 ms fetching 3.874 ms
INFO: at 1631.221 ms batch [3.874] delay 2.152 ms
INFO: at 1631.221 ms fetching 3.874 ms
INFO: at 1633.764 ms batch [3.874] delay 2.152 ms
INFO: at 1633.764 ms fetching 3.874 ms
INFO: at 1636.279 ms batch [3.874] delay 2.152 ms
INFO: at 1636.279 ms fetching 3.874 ms
INFO: at 1638.710 ms batch [3.874] delay 2.767 ms
INFO: at 1638.710 ms fetching 3.874 ms
INFO: at 1642.418 ms batch [3.874] delay 2.767 ms
INFO: at 1642.418 ms fetching 3.874 ms
INFO: at 1645.409 ms batch [3.874] delay 2.767 ms
INFO: at 1645.409 ms fetching 3.874 ms
INFO: at 1648.714 ms batch [3.874] delay 2.767 ms
INFO: at 1648.714 ms fetching 3.874 ms
INFO: at 1651.715 ms batch [3.874] delay 2.767 ms
INFO: at 1651.715 ms fetching 3.874 ms
INFO: at 1655.045 ms batch [3.874] delay 2.767 ms
INFO: at 1655.045 ms fetching 3.874 ms
INFO: at 1658.478 ms batch [3.874] delay 2.767 ms
INFO: at 1658.478 ms fetching 3.874 ms
INFO: at 1661.612 ms batch [3.874] delay 2.152 ms
INFO: at 1661.612 ms fetching 3.874 ms
INFO: at 1663.968 ms batch [3.874] delay 2.152 ms
INFO: at 1663.968 ms fetching 3.874 ms
INFO: at 1666.318 ms batch [3.874] delay 2.152 ms
INFO: at 1666.318 ms fetching 3.874 ms
INFO: at 1668.655 ms batch [3.874] delay 2.152 ms
INFO: at 1668.655 ms fetching 3.874 ms
INFO: at 1671.801 ms batch [3.874] delay 2.152 ms
INFO: at 1671.801 ms fetching 3.874 ms
INFO: at 1674.849 ms batch [3.874] delay 2.152 ms
INFO: at 1674.849 ms fetching 3.874 ms
INFO: at 1677.213 ms batch [3.874] delay 2.152 ms
INFO: at 1677.213 ms fetching 3.874 ms
INFO: at 1679.739 ms batch [3.874] delay 2.152 ms
INFO: at 1679.739 ms fetching 3.874 ms
INFO: at 1682.294 ms batch [3.874] delay 2.152 ms
INFO: at 1682.294 ms fetching 3.874 ms
INFO: at 1684.617 ms batch [3.874] delay 1.614 ms
INFO: at 1684.617 ms fetching 3.874 ms
INFO: at 1686.842 ms batch [3.874] delay 1.614 ms
INFO: at 1686.842 ms fetching 3.874 ms
INFO: at 1689.407 ms batch [3.874] delay 1.614 ms
INFO: at 1689.407 ms fetching 3.874 ms
INFO: at 1691.778 ms batch [3.874] delay 1.614 ms
INFO: at 1691.778 ms fetching 3.874 ms
INFO: at 1694.292 ms batch [3.874] delay 1.614 ms
INFO: at 1694.292 ms fetching 3.874 ms
INFO: at 1696.376 ms batch [3.874] delay 1.614 ms
INFO: at 1696.376 ms fetching 3.874 ms
INFO: at 1698.893 ms batch [3.874] delay 1.614 ms
INFO: at 1698.893 ms fetching 3.874 ms
INFO: at 1701.216 ms batch [3.874] delay 1.614 ms
INFO: at 1701.216 ms fetching 3.874 ms
INFO: at 1703.736 ms batch [3.874] delay 1.614 ms
INFO: at 1703.736 ms fetching 3.874 ms
INFO: at 1706.266 ms batch [3.874] delay 1.614 ms
INFO: at 1706.266 ms fetching 3.874 ms
INFO: at 1708.618 ms batch [3.874] delay 1.614 ms
INFO: at 1708.618 ms fetching 3.874 ms
INFO: at 1711.415 ms batch [3.874] delay 1.614 ms
INFO: at 1711.415 ms fetching 3.874 ms
INFO: at 1713.929 ms batch [3.874] delay 1.761 ms
INFO: at 1713.929 ms fetching 3.874 ms
INFO: at 1716.336 ms batch [3.874] delay 1.761 ms
INFO: at 1716.336 ms fetching 3.874 ms
INFO: at 1719.030 ms batch [3.874] delay 1.761 ms
INFO: at 1719.030 ms fetching 3.874 ms
INFO: at 1721.661 ms batch [3.874] delay 1.761 ms
INFO: at 1721.661 ms fetching 3.874 ms
INFO: at 1723.503 ms batch [3.874] delay 1.761 ms
INFO: at 1723.503 ms fetching 3.874 ms
INFO: at 1726.004 ms batch [3.874] delay 1.761 ms
INFO: at 1726.004 ms fetching 3.874 ms
INFO: at 1728.455 ms batch [3.874] delay 1.761 ms
INFO: at 1728.455 ms fetching 3.874 ms
INFO: at 1730.997 ms batch [3.874] delay 1.761 ms
INFO: at 1730.997 ms fetching 3.874 ms
INFO: at 1733.700 ms batch [3.874] delay 1.761 ms
INFO: at 1733.700 ms fetching 3.874 ms
INFO: at 1736.392 ms batch [3.874] delay 1.761 ms
INFO: at 1736.392 ms fetching 3.874 ms
INFO: at 1738.509 ms batch [3.874] delay 1.761 ms
INFO: at 1738.509 ms fetching 3.874 ms
INFO: at 1740.541 ms batch [3.874] delay 1.614 ms
INFO: at 1740.541 ms fetching 3.874 ms
INFO: at 1743.071 ms batch [3.874] delay 1.614 ms
INFO: at 1743.071 ms fetching 3.874 ms
INFO: at 1745.491 ms batch [3.874] delay 1.614 ms
INFO: at 1745.491 ms fetching 3.874 ms
INFO: at 1747.624 ms batch [3.874] delay 1.614 ms
INFO: at 1747.624 ms fetching 3.874 ms
INFO: at 1750.110 ms batch [3.874] delay 1.614 ms
INFO: at 1750.110 ms fetching 3.874 ms
INFO: at 1751.801 ms batch [3.874] delay 1.614 ms
INFO: at 1751.801 ms fetching 3.874 ms
INFO: at 1753.924 ms batch [3.874] delay 1.614 ms
INFO: at 1753.924 ms fetching 3.874 ms
INFO: at 1755.601 ms batch [3.874] delay 1.614 ms
INFO: at 1755.601 ms fetching 3.874 ms
INFO: at 1758.133 ms batch [3.874] delay 1.614 ms
INFO: at 1758.133 ms fetching 3.874 ms
INFO: at 1760.344 ms batch [3.874] delay 1.614 ms
INFO: at 1760.344 ms fetching 3.874 ms
INFO: at 1762.949 ms batch [3.874] delay 1.614 ms
INFO: at 1762.949 ms fetching 3.874 ms
INFO: at 1764.668 ms batch [3.874] delay 1.614 ms
INFO: at 1764.668 ms fetching 3.874 ms
INFO: at 1767.124 ms batch [3.874] delay 1.614 ms
INFO: at 1767.124 ms fetching 3.874 ms
INFO: at 1769.177 ms batch [3.874] delay 1.614 ms
INFO: at 1769.177 ms fetching 3.874 ms
INFO: at 1771.068 ms batch [3.874] delay 1.614 ms
INFO: at 1771.068 ms fetching 3.874 ms
INFO: at 1773.349 ms batch [3.874] delay 1.614 ms
INFO: at 1773.349 ms fetching 3.874 ms
INFO: at 1775.133 ms batch [3.874] delay 1.614 ms
INFO: at 1775.133 ms fetching 3.874 ms
INFO: at 1777.270 ms batch [3.874] delay 1.614 ms
INFO: at 1777.270 ms fetching 3.874 ms
INFO: at 1779.707 ms batch [3.874] delay 1.614 ms
INFO: at 1779.707 ms fetching 3.874 ms
INFO: at 1781.844 ms batch [3.874] delay 1.614 ms
INFO: at 1781.844 ms fetching 3.874 ms
INFO: at 1783.996 ms batch [3.874] delay 1.614 ms
INFO: at 1783.996 ms fetching 3.874 ms
INFO: at 1785.758 ms batch [3.874] delay 1.614 ms
INFO: at 1785.758 ms fetching 3.874 ms
INFO: at 1788.132 ms batch [3.874] delay 1.614 ms
INFO: at 1788.132 ms fetching 3.874 ms
INFO: at 1790.672 ms batch [3.874] delay 1.614 ms
INFO: at 1790.672 ms fetching 3.874 ms
INFO: at 1792.560 ms batch [3.874] delay 1.291 ms
INFO: at 1792.560 ms fetching 3.874 ms
INFO: at 1794.426 ms batch [3.874] delay 1.291 ms
INFO: at 1794.426 ms fetching 3.874 ms
INFO: at 1796.606 ms batch [3.874] delay 1.291 ms
INFO: at 1796.606 ms fetching 3.874 ms
INFO: at 1798.278 ms batch [3.874] delay 1.291 ms
INFO: at 1798.278 ms fetching 3.874 ms
INFO: at 1799.690 ms batch [3.874] delay 1.291 ms
INFO: at 1799.690 ms fetching 3.874 ms
INFO: at 1801.955 ms batch [3.874] delay 1.291 ms
INFO: at 1801.955 ms fetching 3.874 ms
INFO: at 1803.711 ms batch [3.874] delay 1.291 ms
INFO: at 1803.711 ms fetching 3.874 ms
INFO: at 1805.316 ms batch [3.874] delay 1.291 ms
INFO: at 1805.316 ms fetching 3.874 ms
INFO: at 1807.055 ms batch [3.874] delay 1.291 ms
INFO: at 1807.055 ms fetching 3.874 ms
INFO: at 1808.857 ms batch [3.874] delay 1.291 ms
INFO: at 1808.857 ms fetching 3.874 ms
INFO: at 1810.778 ms batch [3.874] delay 1.291 ms
INFO: at 1810.778 ms fetching 3.874 ms
INFO: at 1812.110 ms batch [3.874] delay 1.291 ms
INFO: at 1812.110 ms fetching 3.874 ms
INFO: at 1813.902 ms batch [3.874] delay 1.291 ms
INFO: at 1813.902 ms fetching 3.874 ms
INFO: at 1816.281 ms batch [3.874] delay 1.291 ms
INFO: at 1816.281 ms fetching 3.874 ms
INFO: at 1818.424 ms batch [3.874] delay 1.291 ms
INFO: at 1818.424 ms fetching 3.874 ms
INFO: at 1820.257 ms batch [3.874] delay 2.421 ms
INFO: at 1820.257 ms fetching 3.874 ms
INFO: at 1822.976 ms batch [3.874] delay 2.421 ms
INFO: at 1822.976 ms fetching 3.874 ms
INFO: at 1825.597 ms batch [3.874] delay 2.421 ms
INFO: at 1825.597 ms fetching 3.874 ms
INFO: at 1829.069 ms batch [3.874] delay 2.421 ms
INFO: at 1829.069 ms fetching 3.874 ms
INFO: at 1832.018 ms batch [3.874] delay 2.421 ms
INFO: at 1832.018 ms fetching 3.874 ms
INFO: at 1835.567 ms batch [3.874] delay 2.421 ms
INFO: at 1835.567 ms fetching 3.874 ms
INFO: at 1838.187 ms batch [3.874] delay 2.421 ms
INFO: at 1838.187 ms fetching 3.874 ms
INFO: at 1841.012 ms batch [3.874] delay 2.421 ms
INFO: at 1841.012 ms fetching 3.874 ms
INFO: at 1844.452 ms batch [3.874] delay 1.937 ms
INFO: at 1844.452 ms fetching 3.874 ms
INFO: at 1846.892 ms batch [3.874] delay 1.937 ms
INFO: at 1846.892 ms fetching 3.874 ms
INFO: at 1849.856 ms batch [3.874] delay 1.937 ms
INFO: at 1849.856 ms fetching 3.874 ms
INFO: at 1852.277 ms batch [3.874] delay 1.937 ms
INFO: at 1852.277 ms fetching 3.874 ms
INFO: at 1854.813 ms batch [3.874] delay 1.937 ms
INFO: at 1854.813 ms fetching 3.874 ms
INFO: at 1857.553 ms batch [3.874] delay 1.937 ms
INFO: at 1857.553 ms fetching 3.874 ms
INFO: at 1859.980 ms batch [3.874] delay 1.937 ms
INFO: at 1859.980 ms fetching 3.874 ms
INFO: at 1862.114 ms batch [3.874] delay 1.937 ms
INFO: at 1862.114 ms fetching 3.874 ms
INFO: at 1864.826 ms batch [3.874] delay 1.937 ms
INFO: at 1864.826 ms fetching 3.874 ms
INFO: at 1867.269 ms batch [3.874] delay 1.937 ms
INFO: at 1867.269 ms fetching 3.874 ms
INFO: at 1869.753 ms batch [3.874] delay 2.152 ms
INFO: at 1869.753 ms fetching 3.874 ms
INFO: at 1872.565 ms batch [3.874] delay 2.152 ms
INFO: at 1872.565 ms fetching 3.874 ms
INFO: at 1875.526 ms batch [3.874] delay 2.152 ms
INFO: at 1875.526 ms fetching 3.874 ms
INFO: at 1878.072 ms batch [3.874] delay 2.152 ms
INFO: at 1878.072 ms fetching 3.874 ms
INFO: at 1880.719 ms batch [3.874] delay 2.152 ms
INFO: at 1880.719 ms fetching 3.874 ms
INFO: at 1883.299 ms batch [3.874] delay 2.152 ms
INFO: at 1883.299 ms fetching 3.874 ms
INFO: at 1885.933 ms batch [3.874] delay 2.152 ms
INFO: at 1885.933 ms fetching 3.874 ms
INFO: at 1888.317 ms batch [3.874] delay 2.152 ms
INFO: at 1888.317 ms fetching 3.874 ms
INFO: at 1890.956 ms batch [3.874] delay 2.152 ms
INFO: at 1890.956 ms fetching 3.874 ms
INFO: at 1893.562 ms batch [3.874] delay 1.614 ms
INFO: at 1893.562 ms fetching 3.874 ms
INFO: at 1895.223 ms batch [3.874] delay 1.614 ms
INFO: at 1895.223 ms fetching 3.874 ms
INFO: at 1897.483 ms batch [3.874] delay 1.614 ms
INFO: at 1897.483 ms fetching 3.874 ms
INFO: at 1899.160 ms batch [3.874] delay 1.614 ms
INFO: at 1899.160 ms fetching 3.874 ms
INFO: at 1901.562 ms batch [3.874] delay 1.614 ms
INFO: at 1901.562 ms fetching 3.874 ms
INFO: at 1903.586 ms batch [3.874] delay 1.614 ms
INFO: at 1903.586 ms fetching 3.874 ms
INFO: at 1905.471 ms batch [3.874] delay 1.614 ms
INFO: at 1905.471 ms fetching 3.874 ms
INFO: at 1907.960 ms batch [3.874] delay 1.614 ms
INFO: at 1907.960 ms fetching 3.874 ms
INFO: at 1910.134 ms batch [3.874] delay 1.614 ms
INFO: at 1910.134 ms fetching 3.874 ms
INFO: at 1912.766 ms batch [3.874] delay 1.614 ms
INFO: at 1912.766 ms fetching 3.874 ms
INFO: at 1915.064 ms batch [3.874] delay 1.614 ms
INFO: at 1915.064 ms fetching 3.874 ms
INFO: at 1917.174 ms batch [3.874] delay 1.614 ms
INFO: at 1917.174 ms fetching 3.874 ms
INFO: at 1919.635 ms batch [3.874] delay 0.969 ms
INFO: at 1919.635 ms fetching 3.874 ms
INFO: at 1921.272 ms batch [3.874] delay 0.969 ms
INFO: at 1921.272 ms fetching 3.874 ms
INFO: at 1922.661 ms batch [3.874] delay 0.969 ms
INFO: at 1922.661 ms fetching 3.874 ms
INFO: at 1924.302 ms batch [3.874] delay 0.969 ms
INFO: at 1924.302 ms fetching 3.874 ms
INFO: at 1925.771 ms batch [3.874] delay 0.969 ms
INFO: at 1925.771 ms fetching 3.874 ms
INFO: at 1927.562 ms batch [3.874] delay 0.969 ms
INFO: at 1927.562 ms fetching 3.874 ms
INFO: at 1928.965 ms batch [3.874] delay 0.969 ms
INFO: at 1928.965 ms fetching 3.874 ms
INFO: at 1930.928 ms batch [3.874] delay 0.969 ms
INFO: at 1930.928 ms fetching 3.874 ms
INFO: at 1932.510 ms batch [3.874] delay 0.969 ms
INFO: at 1932.510 ms fetching 3.874 ms
INFO: at 1934.080 ms batch [3.874] delay 0.969 ms
INFO: at 1934.080 ms fetching 3.874 ms
INFO: at 1935.538 ms batch [3.874] delay 0.969 ms
INFO: at 1935.538 ms fetching 3.874 ms
INFO: at 1937.302 ms batch [3.874] delay 0.969 ms
INFO: at 1937.302 ms fetching 3.874 ms
INFO: at 1938.915 ms batch [3.874] delay 0.969 ms
INFO: at 1938.915 ms fetching 3.874 ms
INFO: at 1940.273 ms batch [3.874] delay 0.969 ms
INFO: at 1940.273 ms fetching 3.874 ms
INFO: at 1941.851 ms batch [3.874] delay 0.969 ms
INFO: at 1941.851 ms fetching 3.874 ms
INFO: at 1943.302 ms batch [3.874] delay 0.969 ms
INFO: at 1943.302 ms fetching 3.874 ms
INFO: at 1944.630 ms batch [3.874] delay 0.969 ms
INFO: at 1944.630 ms fetching 3.874 ms
INFO: at 1945.718 ms batch [3.874] delay 0.969 ms
INFO: at 1945.718 ms fetching 3.874 ms
INFO: at 1946.965 ms batch [3.874] delay 0.969 ms
INFO: at 1946.965 ms fetching 3.874 ms
INFO: at 1948.328 ms batch [3.874] delay 0.969 ms
INFO: at 1948.328 ms fetching 3.874 ms
INFO: at 1949.669 ms batch [3.874] delay 1.761 ms
INFO: at 1949.669 ms fetching 3.874 ms
INFO: at 1951.995 ms batch [3.874] delay 1.761 ms
INFO: at 1951.995 ms fetching 3.874 ms
INFO: at 1954.399 ms batch [3.874] delay 1.761 ms
INFO: at 1954.399 ms fetching 3.874 ms
INFO: at 1956.408 ms batch [3.874] delay 1.761 ms
INFO: at 1956.408 ms fetching 3.874 ms
INFO: at 1958.840 ms batch [3.874] delay 1.761 ms
INFO: at 1958.840 ms fetching 3.874 ms
INFO: at 1960.763 ms batch [3.874] delay 1.761 ms
INFO: at 1960.763 ms fetching 3.874 ms
INFO: at 1962.798 ms batch [3.874] delay 1.761 ms
INFO: at 1962.798 ms fetching 3.874 ms
INFO: at 1965.161 ms batch [3.874] delay 1.761 ms
INFO: at 1965.161 ms fetching 3.874 ms
INFO: at 1967.090 ms batch [3.874] delay 1.761 ms
INFO: at 1967.090 ms fetching 3.874 ms
INFO: at 1969.208 ms batch [3.874] delay 1.761 ms
INFO: at 1969.208 ms fetching 3.874 ms
INFO: at 1971.328 ms batch [3.874] delay 1.761 ms
INFO: at 1971.328 ms fetching 3.874 ms
INFO: at 1973.437 ms batch [3.874] delay 2.421 ms
INFO: at 1973.437 ms fetching 3.874 ms
INFO: at 1976.620 ms batch [3.874] delay 2.421 ms
INFO: at 1976.620 ms fetching 3.874 ms
INFO: at 1980.102 ms batch [3.874] delay 2.421 ms
INFO: at 1980.102 ms fetching 3.874 ms
INFO: at 1983.473 ms batch [3.874] delay 2.421 ms
INFO: at 1983.473 ms fetching 3.874 ms
INFO: at 1986.049 ms batch [3.874] delay 2.421 ms
INFO: at 1986.049 ms fetching 3.874 ms
INFO: at 1989.262 ms batch [3.874] delay 2.421 ms
INFO: at 1989.262 ms fetching 3.874 ms
INFO: at 1992.628 ms batch [3.874] delay 2.421 ms
INFO: at 1992.628 ms fetching 3.874 ms
INFO: at 1995.532 ms batch [3.874] delay 2.421 ms
INFO: at 1995.532 ms fetching 3.874 ms
INFO: at 1998.827 ms batch [3.874] delay 2.421 ms
INFO: at 1998.827 ms fetching 3.874 ms
INFO: at 2001.940 ms batch [3.874] delay 2.421 ms
INFO: at 2001.940 ms fetching 3.874 ms
INFO: at 2004.819 ms batch [3.874] delay 2.421 ms
INFO: at 2004.819 ms fetching 3.874 ms
INFO: at 2008.135 ms batch [3.874] delay 2.421 ms
INFO: at 2008.135 ms fetching 3.874 ms
INFO: at 2011.493 ms batch [3.874] delay 2.421 ms
INFO: at 2011.493 ms fetching 3.874 ms
INFO: at 2014.694 ms batch [3.874] delay 2.421 ms
INFO: at 2014.694 ms fetching 3.874 ms
INFO: at 2017.369 ms batch [3.874] delay 2.421 ms
INFO: at 2017.369 ms fetching 3.874 ms
INFO: at 2020.426 ms batch [3.874] delay 2.421 ms
INFO: at 2020.426 ms fetching 3.874 ms
INFO: at 2023.239 ms batch [3.874] delay 1.761 ms
INFO: at 2023.239 ms fetching 3.874 ms
INFO: at 2025.556 ms batch [3.874] delay 1.761 ms
INFO: at 2025.556 ms fetching 3.874 ms
INFO: at 2027.588 ms batch [3.874] delay 1.761 ms
INFO: at 2027.588 ms fetching 3.874 ms
INFO: at 2029.961 ms batch [3.874] delay 1.761 ms
INFO: at 2029.961 ms fetching 3.874 ms
INFO: at 2032.811 ms batch [3.874] delay 1.761 ms
INFO: at 2032.811 ms fetching 3.874 ms
INFO: at 2035.627 ms batch [3.874] delay 1.761 ms
INFO: at 2035.627 ms fetching 3.874 ms
INFO: at 2038.336 ms batch [3.874] delay 1.761 ms
INFO: at 2038.336 ms fetching 3.874 ms
INFO: at 2040.760 ms batch [3.874] delay 1.761 ms
INFO: at 2040.760 ms fetching 3.874 ms
INFO: at 2043.388 ms batch [3.874] delay 1.761 ms
INFO: at 2043.388 ms fetching 3.874 ms
INFO: at 2045.848 ms batch [3.874] delay 1.761 ms
INFO: at 2045.848 ms fetching 3.874 ms
INFO: at 2048.193 ms batch [3.874] delay 1.761 ms
INFO: at 2048.193 ms fetching 3.874 ms
INFO: at 2050.712 ms batch [3.874] delay 1.384 ms
INFO: at 2050.712 ms fetching 3.874 ms
INFO: at 2052.943 ms batch [3.874] delay 1.384 ms
INFO: at 2052.943 ms fetching 3.874 ms
INFO: at 2055.418 ms batch [3.874] delay 1.384 ms
INFO: at 2055.418 ms fetching 3.874 ms
INFO: at 2057.406 ms batch [3.874] delay 1.384 ms
INFO: at 2057.406 ms fetching 3.874 ms
INFO: at 2059.353 ms batch [3.874] delay 1.384 ms
INFO: at 2059.353 ms fetching 3.874 ms
INFO: at 2061.818 ms batch [3.874] delay 1.384 ms
INFO: at 2061.818 ms fetching 3.874 ms
INFO: at 2063.939 ms batch [3.874] delay 1.384 ms
INFO: at 2063.939 ms fetching 3.874 ms
INFO: at 2065.863 ms batch [3.874] delay 1.384 ms
INFO: at 2065.863 ms fetching 3.874 ms
INFO: at 2068.040 ms batch [3.874] delay 1.384 ms
INFO: at 2068.040 ms fetching 3.874 ms
INFO: at 2070.387 ms batch [3.874] delay 1.384 ms
INFO: at 2070.387 ms fetching 3.874 ms
INFO: at 2072.208 ms batch [3.874] delay 1.384 ms
INFO: at 2072.208 ms fetching 3.874 ms
INFO: at 2074.263 ms batch [3.874] delay 1.384 ms
INFO: at 2074.263 ms fetching 3.874 ms
INFO: at 2076.565 ms batch [3.874] delay 1.384 ms
INFO: at 2076.565 ms fetching 3.874 ms
INFO: at 2078.494 ms batch [3.874] delay 1.384 ms
INFO: at 2078.494 ms fetching 3.874 ms
INFO: at 2080.695 ms batch [3.874] delay 1.761 ms
INFO: at 2080.695 ms fetching 3.874 ms
INFO: at 2082.654 ms batch [3.874] delay 1.761 ms
INFO: at 2082.654 ms fetching 3.874 ms
INFO: at 2084.796 ms batch [3.874] delay 1.761 ms
INFO: at 2084.796 ms fetching 3.874 ms
INFO: at 2087.003 ms batch [3.874] delay 1.761 ms
INFO: at 2087.003 ms fetching 3.874 ms
INFO: at 2089.671 ms batch [3.874] delay 1.761 ms
INFO: at 2089.671 ms fetching 3.874 ms
INFO: at 2091.681 ms batch [3.874] delay 1.761 ms
INFO: at 2091.681 ms fetching 3.874 ms
INFO: at 2094.486 ms batch [3.874] delay 1.761 ms
INFO: at 2094.486 ms fetching 3.874 ms
INFO: at 2096.432 ms batch [3.874] delay 1.761 ms
INFO: at 2096.432 ms fetching 3.874 ms
INFO: at 2098.899 ms batch [3.874] delay 1.761 ms
INFO: at 2098.899 ms fetching 3.874 ms
INFO: at 2101.382 ms batch [3.874] delay 1.761 ms
INFO: at 2101.382 ms fetching 3.874 ms
INFO: at 2103.387 ms batch [3.874] delay 1.761 ms
INFO: at 2103.387 ms fetching 3.874 ms
INFO: at 2105.523 ms batch [3.874] delay 2.152 ms
INFO: at 2105.523 ms fetching 3.874 ms
INFO: at 2107.915 ms batch [3.874] delay 2.152 ms
INFO: at 2107.915 ms fetching 3.874 ms
INFO: at 2110.257 ms batch [3.874] delay 2.152 ms
INFO: at 2110.257 ms fetching 3.874 ms
INFO: at 2113.091 ms batch [3.874] delay 2.152 ms
INFO: at 2113.091 ms fetching 3.874 ms
INFO: at 2116.220 ms batch [3.874] delay 2.152 ms
INFO: at 2116.220 ms fetching 3.874 ms
INFO: at 2118.621 ms batch [3.874] delay 2.152 ms
INFO: at 2118.621 ms fetching 3.874 ms
INFO: at 2121.057 ms batch [3.874] delay 2.152 ms
INFO: at 2121.057 ms fetching 3.874 ms
INFO: at 2123.927 ms batch [3.874] delay 2.152 ms
INFO: at 2123.927 ms fetching 3.874 ms
INFO: at 2126.344 ms batch [3.874] delay 2.152 ms
INFO: at 2126.344 ms fetching 3.874 ms
INFO: at 2128.869 ms batch [3.874] delay 1.761 ms
INFO: at 2128.869 ms fetching 3.874 ms
INFO: at 2131.290 ms batch [3.874] delay 1.761 ms
INFO: at 2131.290 ms fetching 3.874 ms
INFO: at 2133.479 ms batch [3.874] delay 1.761 ms
INFO: at 2133.479 ms fetching 3.874 ms
INFO: at 2136.078 ms batch [3.874] delay 1.761 ms
INFO: at 2136.078 ms fetching 3.874 ms
INFO: at 2138.194 ms batch [3.874] delay 1.761 ms
INFO: at 2138.194 ms fetching 3.874 ms
INFO: at 2140.543 ms batch [3.874] delay 1.761 ms
INFO: at 2140.543 ms fetching 3.874 ms
INFO: at 2142.686 ms batch [3.874] delay 1.761 ms
INFO: at 2142.686 ms fetching 3.874 ms
INFO: at 2144.616 ms batch [3.874] delay 1.761 ms
INFO: at 2144.616 ms fetching 3.874 ms
INFO: at 2146.893 ms batch [3.874] delay 1.761 ms
INFO: at 2146.893 ms fetching 3.874 ms
INFO: at 2148.913 ms batch [3.874] delay 1.761 ms
INFO: at 2148.913 ms fetching 3.874 ms
INFO: at 2151.080 ms batch [3.874] delay 1.761 ms
INFO: at 2151.080 ms fetching 3.874 ms
INFO: at 2153.510 ms batch [3.874] delay 1.614 ms
INFO: at 2153.510 ms fetching 3.874 ms
INFO: at 2155.310 ms batch [3.874] delay 1.614 ms
INFO: at 2155.310 ms fetching 3.874 ms
INFO: at 2157.941 ms batch [3.874] delay 1.614 ms
INFO: at 2157.941 ms fetching 3.874 ms
INFO: at 2159.780 ms batch [3.874] delay 1.614 ms
INFO: at 2159.780 ms fetching 3.874 ms
INFO: at 2162.415 ms batch [3.874] delay 1.614 ms
INFO: at 2162.415 ms fetching 3.874 ms
INFO: at 2164.151 ms batch [3.874] delay 1.614 ms
INFO: at 2164.151 ms fetching 3.874 ms
INFO: at 2166.337 ms batch [3.874] delay 1.614 ms
INFO: at 2166.337 ms fetching 3.874 ms
INFO: at 2168.216 ms batch [3.874] delay 1.614 ms
INFO: at 2168.216 ms fetching 3.874 ms
INFO: at 2170.336 ms batch [3.874] delay 1.614 ms
INFO: at 2170.336 ms fetching 3.874 ms
INFO: at 2172.908 ms batch [3.874] delay 1.614 ms
INFO: at 2172.908 ms fetching 3.874 ms
INFO: at 2175.286 ms batch [3.874] delay 1.614 ms
INFO: at 2175.286 ms fetching 3.874 ms
INFO: at 2176.968 ms batch [3.874] delay 1.614 ms
INFO: at 2176.968 ms fetching 3.874 ms
INFO: at 2179.240 ms batch [3.874] delay 1.761 ms
INFO: at 2179.240 ms fetching 3.874 ms
INFO: at 2181.723 ms batch [3.874] delay 1.761 ms
INFO: at 2181.723 ms fetching 3.874 ms
INFO: at 2184.144 ms batch [3.874] delay 1.761 ms
INFO: at 2184.144 ms fetching 3.874 ms
INFO: at 2186.103 ms batch [3.874] delay 1.761 ms
INFO: at 2186.103 ms fetching 3.874 ms
INFO: at 2187.982 ms batch [3.874] delay 1.761 ms
INFO: at 2187.982 ms fetching 3.874 ms
INFO: at 2189.879 ms batch [3.874] delay 1.761 ms
INFO: at 2189.879 ms fetching 3.874 ms
INFO: at 2192.184 ms batch [3.874] delay 1.761 ms
INFO: at 2192.184 ms fetching 3.874 ms
INFO: at 2194.446 ms batch [3.874] delay 1.761 ms
INFO: at 2194.446 ms fetching 3.874 ms
INFO: at 2196.440 ms batch [3.874] delay 1.761 ms
INFO: at 2196.440 ms fetching 3.874 ms
INFO: at 2198.352 ms batch [3.874] delay 1.761 ms
INFO: at 2198.352 ms fetching 3.874 ms
INFO: at 2201.123 ms batch [3.874] delay 1.761 ms
INFO: at 2201.123 ms fetching 3.874 ms
INFO: at 2203.540 ms batch [3.874] delay 1.291 ms
INFO: at 2203.540 ms fetching 3.874 ms
INFO: at 2205.891 ms batch [3.874] delay 1.291 ms
INFO: at 2205.891 ms fetching 3.874 ms
INFO: at 2207.527 ms batch [3.874] delay 1.291 ms
INFO: at 2207.527 ms fetching 3.874 ms
INFO: at 2209.757 ms batch [3.874] delay 1.291 ms
INFO: at 2209.757 ms fetching 3.874 ms
INFO: at 2211.226 ms batch [3.874] delay 1.291 ms
INFO: at 2211.226 ms fetching 3.874 ms
INFO: at 2212.623 ms batch [3.874] delay 1.291 ms
INFO: at 2212.623 ms fetching 3.874 ms
INFO: at 2215.049 ms batch [3.874] delay 1.291 ms
INFO: at 2215.049 ms fetching 3.874 ms
INFO: at 2216.796 ms batch [3.874] delay 1.291 ms
INFO: at 2216.796 ms fetching 3.874 ms
INFO: at 2218.966 ms batch [3.874] delay 1.291 ms
INFO: at 2218.966 ms fetching 3.874 ms
INFO: at 2220.748 ms batch [3.874] delay 1.291 ms
INFO: at 2220.748 ms fetching 3.874 ms
INFO: at 2222.991 ms batch [3.874] delay 1.291 ms
INFO: at 2222.991 ms fetching 3.874 ms
INFO: at 2225.306 ms batch [3.874] delay 1.291 ms
INFO: at 2225.306 ms fetching 3.874 ms
INFO: at 2226.945 ms batch [3.874] delay 1.291 ms
INFO: at 2226.945 ms fetching 3.874 ms
INFO: at 2229.059 ms batch [3.874] delay 1.291 ms
INFO: at 2229.059 ms fetching 3.874 ms
INFO: at 2230.472 ms batch [3.874] delay 1.291 ms
INFO: at 2230.472 ms fetching 3.874 ms
INFO: at 2232.446 ms batch [3.874] delay 2.152 ms
INFO: at 2232.446 ms fetching 3.874 ms
INFO: at 2235.308 ms batch [3.874] delay 2.152 ms
INFO: at 2235.308 ms fetching 3.874 ms
INFO: at 2238.038 ms batch [3.874] delay 2.152 ms
INFO: at 2238.038 ms fetching 3.874 ms
INFO: at 2240.444 ms batch [3.874] delay 2.152 ms
INFO: at 2240.444 ms fetching 3.874 ms
INFO: at 2242.954 ms batch [3.874] delay 2.152 ms
INFO: at 2242.954 ms fetching 3.874 ms
INFO: at 2245.849 ms batch [3.874] delay 2.152 ms
INFO: at 2245.849 ms fetching 3.874 ms
INFO: at 2248.229 ms batch [3.874] delay 2.152 ms
INFO: at 2248.229 ms fetching 3.874 ms
INFO: at 2250.454 ms batch [3.874] delay 2.152 ms
INFO: at 2250.454 ms fetching 3.874 ms
INFO: at 2252.823 ms batch [3.874] delay 2.152 ms
INFO: at 2252.823 ms fetching 3.874 ms
INFO: at 2256.186 ms batch [3.874] delay 1.937 ms
INFO: at 2256.186 ms fetching 3.874 ms
INFO: at 2259.251 ms batch [3.874] delay 1.937 ms
INFO: at 2259.251 ms fetching 3.874 ms
INFO: at 2261.779 ms batch [3.874] delay 1.937 ms
INFO: at 2261.779 ms fetching 3.874 ms
INFO: at 2264.297 ms batch [3.874] delay 1.937 ms
INFO: at 2264.297 ms fetching 3.874 ms
INFO: at 2266.426 ms batch [3.874] delay 1.937 ms
INFO: at 2266.426 ms fetching 3.874 ms
INFO: at 2269.335 ms batch [3.874] delay 1.937 ms
INFO: at 2269.335 ms fetching 3.874 ms
INFO: at 2271.677 ms batch [3.874] delay 1.937 ms
INFO: at 2271.677 ms fetching 3.874 ms
INFO: at 2274.139 ms batch [3.874] delay 1.937 ms
INFO: at 2274.139 ms fetching 3.874 ms
INFO: at 2276.628 ms batch [3.874] delay 1.937 ms
INFO: at 2276.628 ms fetching 3.874 ms
INFO: at 2279.323 ms batch [3.874] delay 1.937 ms
INFO: at 2279.323 ms fetching 3.874 ms
INFO: at 2282.238 ms batch [3.874] delay 1.761 ms
INFO: at 2282.238 ms fetching 3.874 ms
INFO: at 2284.406 ms batch [3.874] delay 1.761 ms
INFO: at 2284.406 ms fetching 3.874 ms
INFO: at 2286.818 ms batch [3.874] delay 1.761 ms
INFO: at 2286.818 ms fetching 3.874 ms
INFO: at 2289.659 ms batch [3.874] delay 1.761 ms
INFO: at 2289.659 ms fetching 3.874 ms
INFO: at 2292.200 ms batch [3.874] delay 1.761 ms
INFO: at 2292.200 ms fetching 3.874 ms
INFO: at 2294.877 ms batch [3.874] delay 1.761 ms
INFO: at 2294.877 ms fetching 3.874 ms
INFO: at 2297.365 ms batch [3.874] delay 1.761 ms
INFO: at 2297.365 ms fetching 3.874 ms
INFO: at 2299.937 ms batch [3.874] delay 1.761 ms
INFO: at 2299.937 ms fetching 3.874 ms
INFO: at 2302.838 ms batch [3.874] delay 1.761 ms
INFO: at 2302.838 ms fetching 3.874 ms
INFO: at 2305.043 ms batch [3.874] delay 1.761 ms
INFO: at 2305.043 ms fetching 3.874 ms
INFO: at 2307.762 ms batch [3.874] delay 1.761 ms
INFO: at 2307.762 ms fetching 3.874 ms
INFO: at 2310.651 ms batch [3.874] delay 1.490 ms
INFO: at 2310.651 ms fetching 3.874 ms
INFO: at 2312.627 ms batch [3.874] delay 1.490 ms
INFO: at 2312.627 ms fetching 3.874 ms
INFO: at 2314.515 ms batch [3.874] delay 1.490 ms
INFO: at 2314.515 ms fetching 3.874 ms
INFO: at 2316.231 ms batch [3.874] delay 1.490 ms
INFO: at 2316.231 ms fetching 3.874 ms
INFO: at 2318.401 ms batch [3.874] delay 1.490 ms
INFO: at 2318.401 ms fetching 3.874 ms
INFO: at 2320.674 ms batch [3.874] delay 1.490 ms
INFO: at 2320.674 ms fetching 3.874 ms
INFO: at 2322.853 ms batch [3.874] delay 1.490 ms
INFO: at 2322.853 ms fetching 3.874 ms
INFO: at 2324.568 ms batch [3.874] delay 1.490 ms
INFO: at 2324.568 ms fetching 3.874 ms
INFO: at 2326.908 ms batch [3.874] delay 1.490 ms
INFO: at 2326.908 ms fetching 3.874 ms
INFO: at 2329.372 ms batch [3.874] delay 1.490 ms
INFO: at 2329.372 ms fetching 3.874 ms
INFO: at 2331.608 ms batch [3.874] delay 1.490 ms
INFO: at 2331.608 ms fetching 3.874 ms
INFO: at 2334.144 ms batch [3.874] delay 1.490 ms
INFO: at 2334.144 ms fetching 3.874 ms
INFO: at 2335.919 ms batch [3.874] delay 1.490 ms
INFO: at 2335.919 ms fetching 3.874 ms
INFO: at 2338.293 ms batch [3.874] delay 1.384 ms
INFO: at 2338.293 ms fetching 3.874 ms
INFO: at 2340.482 ms batch [3.874] delay 1.384 ms
INFO: at 2340.482 ms fetching 3.874 ms
INFO: at 2342.778 ms batch [3.874] delay 1.384 ms
INFO: at 2342.778 ms fetching 3.874 ms
INFO: at 2344.655 ms batch [3.874] delay 1.384 ms
INFO: at 2344.655 ms fetching 3.874 ms
INFO: at 2346.772 ms batch [3.874] delay 1.384 ms
INFO: at 2346.772 ms fetching 3.874 ms
INFO: at 2349.069 ms batch [3.874] delay 1.384 ms
INFO: at 2349.069 ms fetching 3.874 ms
INFO: at 2350.693 ms batch [3.874] delay 1.384 ms
INFO: at 2350.693 ms fetching 3.874 ms
INFO: at 2352.737 ms batch [3.874] delay 1.384 ms
INFO: at 2352.737 ms fetching 3.874 ms
INFO: at 2355.048 ms batch [3.874] delay 1.384 ms
INFO: at 2355.048 ms fetching 3.874 ms
INFO: at 2357.081 ms batch [3.874] delay 1.384 ms
INFO: at 2357.081 ms fetching 3.874 ms
INFO: at 2359.179 ms batch [3.874] delay 1.384 ms
INFO: at 2359.179 ms fetching 3.874 ms
INFO: at 2361.639 ms batch [3.874] delay 1.384 ms
INFO: at 2361.639 ms fetching 3.874 ms
INFO: at 2363.429 ms batch [3.874] delay 1.384 ms
INFO: at 2363.429 ms fetching 3.874 ms
INFO: at 2365.441 ms batch [3.874] delay 1.384 ms
INFO: at 2365.441 ms fetching 3.874 ms
INFO: at 2367.917 ms batch [3.874] delay 1.761 ms
INFO: at 2367.917 ms fetching 3.874 ms
INFO: at 2370.570 ms batch [3.874] delay 1.761 ms
INFO: at 2370.570 ms fetching 3.874 ms
INFO: at 2373.341 ms batch [3.874] delay 1.761 ms
INFO: at 2373.341 ms fetching 3.874 ms
INFO: at 2376.086 ms batch [3.874] delay 1.761 ms
INFO: at 2376.086 ms fetching 3.874 ms
INFO: at 2377.907 ms batch [3.874] delay 1.761 ms
INFO: at 2377.907 ms fetching 3.874 ms
INFO: at 2380.347 ms batch [3.874] delay 1.761 ms
INFO: at 2380.347 ms fetching 3.874 ms
INFO: at 2382.283 ms batch [3.874] delay 1.761 ms
INFO: at 2382.283 ms fetching 3.874 ms
INFO: at 2384.855 ms batch [3.874] delay 1.761 ms
INFO: at 2384.855 ms fetching 3.874 ms
INFO: at 2386.768 ms batch [3.874] delay 1.761 ms
INFO: at 2386.768 ms fetching 3.874 ms
INFO: at 2389.472 ms batch [3.874] delay 1.761 ms
INFO: at 2389.472 ms fetching 3.874 ms
INFO: at 2391.660 ms batch [3.874] delay 1.761 ms
INFO: at 2391.660 ms fetching 3.874 ms
INFO: at 2393.579 ms batch [3.874] delay 1.937 ms
INFO: at 2393.579 ms fetching 3.874 ms
INFO: at 2396.260 ms batch [3.874] delay 1.937 ms
INFO: at 2396.260 ms fetching 3.874 ms
INFO: at 2398.409 ms batch [3.874] delay 1.937 ms
INFO: at 2398.409 ms fetching 3.874 ms
INFO: at 2401.334 ms batch [3.874] delay 1.937 ms
INFO: at 2401.334 ms fetching 3.874 ms
INFO: at 2403.787 ms batch [3.874] delay 1.937 ms
INFO: at 2403.787 ms fetching 3.874 ms
INFO: at 2406.379 ms batch [3.874] delay 1.937 ms
INFO: at 2406.379 ms fetching 3.874 ms
INFO: at 2408.889 ms batch [3.874] delay 1.937 ms
INFO: at 2408.889 ms fetching 3.874 ms
INFO: at 2411.942 ms batch [3.874] delay 1.937 ms
INFO: at 2411.942 ms fetching 3.874 ms
INFO: at 2414.137 ms batch [3.874] delay 1.937 ms
INFO: at 2414.137 ms fetching 3.874 ms
INFO: at 2416.554 ms batch [3.874] delay 1.937 ms
INFO: at 2416.554 ms fetching 3.874 ms
INFO: at 2418.614 ms batch [3.874] delay 1.384 ms
INFO: at 2418.614 ms fetching 3.874 ms
INFO: at 2420.968 ms batch [3.874] delay 1.384 ms
INFO: at 2420.968 ms fetching 3.874 ms
INFO: at 2423.406 ms batch [3.874] delay 1.384 ms
INFO: at 2423.406 ms fetching 3.874 ms
INFO: at 2425.396 ms batch [3.874] delay 1.384 ms
INFO: at 2425.396 ms fetching 3.874 ms
INFO: at 2427.282 ms batch [3.874] delay 1.384 ms
INFO: at 2427.282 ms fetching 3.874 ms
INFO: at 2429.189 ms batch [3.874] delay 1.384 ms
INFO: at 2429.189 ms fetching 3.874 ms
INFO: at 2430.874 ms batch [3.874] delay 1.384 ms
INFO: at 2430.874 ms fetching 3.874 ms
INFO: at 2432.549 ms batch [3.874] delay 1.384 ms
INFO: at 2432.549 ms fetching 3.874 ms
INFO: at 2434.528 ms batch [3.874] delay 1.384 ms
INFO: at 2434.528 ms fetching 3.874 ms
INFO: at 2436.896 ms batch [3.874] delay 1.384 ms
INFO: at 2436.896 ms fetching 3.874 ms
INFO: at 2438.763 ms batch [3.874] delay 1.384 ms
INFO: at 2438.763 ms fetching 3.874 ms
INFO: at 2440.854 ms batch [3.874] delay 1.384 ms
INFO: at 2440.854 ms fetching 3.874 ms
INFO: done
INFO: stopping nexus
