Starting Python Closure container
Connecting to Clipper with default port: 7000
/usr/local/lib/python3.7/runpy.py:125: RuntimeWarning: 'clipper_admin.metrics.server' found in sys.modules after import of package 'clipper_admin.metrics', but prior to execution of 'clipper_admin.metrics.server'; this may result in unpredictable behaviour
  warn(RuntimeWarning(msg))
22-03-07:22:31:35 INFO     [server.py:80] Metric Server Started!
22-03-07:22:31:35 INFO     [server.py:85] Redis Connected! Waiting for messages...
Serving predictions for floats input type.
Sent heartbeat!
Received heartbeat!
Sent container metadata!
Got start of message 0 
fake_model: serving batch [[1.]], sleeping for 1.00ms = 0.74 + 0.26 * 1 * 1.00
fake_model: returning [1.0]
recv: 0.000536 s, parse: 0.000011 s, handle: 0.002087 s
Got start of message 1 
fake_model: serving batch [[36.316956]], sleeping for 36.32ms = 26.91 + 0.26 * 1 * 36.32
fake_model: returning [36.316956]
recv: 0.000299 s, parse: 0.000011 s, handle: 0.036925 s
Got start of message 2 
fake_model: serving batch [[59.926838]], sleeping for 59.93ms = 44.41 + 0.26 * 1 * 59.93
fake_model: returning [59.926838]
recv: 0.000148 s, parse: 0.000003 s, handle: 0.060151 s
Got start of message 3 
fake_model: serving batch [[37.30692]], sleeping for 37.31ms = 27.65 + 0.26 * 1 * 37.31
fake_model: returning [37.30692]
recv: 0.000126 s, parse: 0.000004 s, handle: 0.037556 s
Got start of message 4 
fake_model: serving batch [[33.057335]], sleeping for 33.06ms = 24.50 + 0.26 * 1 * 33.06
fake_model: returning [33.057335]
recv: 0.000320 s, parse: 0.000011 s, handle: 0.033645 s
Got start of message 5 
fake_model: serving batch [[63.93153]], sleeping for 63.93ms = 47.38 + 0.26 * 1 * 63.93
fake_model: returning [63.93153]
recv: 0.000154 s, parse: 0.000006 s, handle: 0.064240 s
Got start of message 6 
fake_model: serving batch [[64.31985]], sleeping for 64.32ms = 47.66 + 0.26 * 1 * 64.32
fake_model: returning [64.31985]
recv: 0.000117 s, parse: 0.000004 s, handle: 0.064554 s
Got start of message 7 
fake_model: serving batch [[58.553383]], sleeping for 58.55ms = 43.39 + 0.26 * 1 * 58.55
fake_model: returning [58.553383]
recv: 0.000117 s, parse: 0.000004 s, handle: 0.058787 s
Got start of message 8 
fake_model: serving batch [[47.64104]], sleeping for 47.64ms = 35.30 + 0.26 * 1 * 47.64
fake_model: returning [47.64104]
recv: 0.000290 s, parse: 0.000011 s, handle: 0.047965 s
Got start of message 9 
fake_model: serving batch [[71.49915]], sleeping for 71.50ms = 52.98 + 0.26 * 1 * 71.50
fake_model: returning [71.49915]
recv: 0.000089 s, parse: 0.000002 s, handle: 0.071702 s
Got start of message 10 
fake_model: serving batch [[64.527855]], sleeping for 64.53ms = 47.82 + 0.26 * 1 * 64.53
fake_model: returning [64.527855]
recv: 0.000061 s, parse: 0.000002 s, handle: 0.064686 s
Got start of message 11 
fake_model: serving batch [[31.933037]], sleeping for 31.93ms = 23.66 + 0.26 * 1 * 31.93
fake_model: returning [31.933037]
recv: 0.000061 s, parse: 0.000003 s, handle: 0.032088 s
Got start of message 12 
fake_model: serving batch [[68.69671]], sleeping for 68.70ms = 50.91 + 0.26 * 1 * 68.70
fake_model: returning [68.69671]
recv: 0.000074 s, parse: 0.000002 s, handle: 0.068841 s
Got start of message 13 
fake_model: serving batch [[76.16345]], sleeping for 76.16ms = 56.44 + 0.26 * 1 * 76.16
fake_model: returning [76.16345]
recv: 0.000060 s, parse: 0.000002 s, handle: 0.076321 s
Got start of message 14 
fake_model: serving batch [[46.146877]], sleeping for 46.15ms = 34.20 + 0.26 * 1 * 46.15
fake_model: returning [46.146877]
recv: 0.000060 s, parse: 0.000003 s, handle: 0.046305 s
Got start of message 15 
fake_model: serving batch [[59.348564]], sleeping for 59.35ms = 43.98 + 0.26 * 1 * 59.35
fake_model: returning [59.348564]
recv: 0.000061 s, parse: 0.000002 s, handle: 0.059505 s
Got start of message 16 
fake_model: serving batch [[55.724194]], sleeping for 55.72ms = 41.29 + 0.26 * 1 * 55.72
fake_model: returning [55.724194]
recv: 0.000060 s, parse: 0.000002 s, handle: 0.055879 s
Got start of message 17 
fake_model: serving batch [[59.560863]], sleeping for 59.56ms = 44.14 + 0.26 * 1 * 59.56
fake_model: returning [59.560863]
recv: 0.000059 s, parse: 0.000002 s, handle: 0.059707 s
Got start of message 18 
fake_model: serving batch [[53.2435  ]
 [56.930283]], sleeping for 71.67ms = 42.19 + 0.26 * 2 * 56.93
fake_model: returning [53.2435, 56.930283]
recv: 0.000065 s, parse: 0.000002 s, handle: 0.071852 s
Got start of message 19 
fake_model: serving batch [[66.65978]], sleeping for 66.66ms = 49.40 + 0.26 * 1 * 66.66
fake_model: returning [66.65978]
recv: 0.000060 s, parse: 0.000002 s, handle: 0.066809 s
Got start of message 20 
fake_model: serving batch [[66.92172]], sleeping for 66.92ms = 49.59 + 0.26 * 1 * 66.92
fake_model: returning [66.92172]
recv: 0.000060 s, parse: 0.000002 s, handle: 0.067078 s
Got start of message 21 
fake_model: serving batch [[57.134148]], sleeping for 57.13ms = 42.34 + 0.26 * 1 * 57.13
fake_model: returning [57.134148]
recv: 0.000060 s, parse: 0.000003 s, handle: 0.057293 s
Got start of message 22 
fake_model: serving batch [[56.724026]], sleeping for 56.72ms = 42.04 + 0.26 * 1 * 56.72
fake_model: returning [56.724026]
recv: 0.000059 s, parse: 0.000003 s, handle: 0.056881 s
Got start of message 23 
fake_model: serving batch [[40.980984]
 [47.11219 ]
 [54.555725]], sleeping for 82.81ms = 40.43 + 0.26 * 3 * 54.56
fake_model: returning [40.980984, 47.11219, 54.555725]
recv: 0.000076 s, parse: 0.000002 s, handle: 0.082990 s
Got start of message 24 
fake_model: serving batch [[67.61259 ]
 [35.28315 ]
 [44.925755]], sleeping for 102.63ms = 50.10 + 0.26 * 3 * 67.61
fake_model: returning [67.61259, 35.28315, 44.925755]
recv: 0.000068 s, parse: 0.000002 s, handle: 0.102921 s
Got start of message 25 
fake_model: serving batch [[ 74.31949 ]
 [ 43.600964]
 [ 55.986233]
 [ 70.692154]
 [100.      ]
 [ 34.126045]], sleeping for 229.47ms = 74.11 + 0.26 * 6 * 100.00
fake_model: returning [74.31949, 43.600964, 55.986233, 70.692154, 100.0, 34.126045]
recv: 0.000118 s, parse: 0.000003 s, handle: 0.229782 s
Got start of message 26 
fake_model: serving batch [[34.822838]
 [28.550816]
 [51.869827]
 [68.3874  ]
 [41.372288]
 [36.704575]
 [27.996588]
 [46.859707]], sleeping for 192.35ms = 50.68 + 0.26 * 8 * 68.39
fake_model: returning [34.822838, 28.550816, 51.869827, 68.3874, 41.372288, 36.704575, 27.996588, 46.859707]
recv: 0.000079 s, parse: 0.000002 s, handle: 0.192611 s
Got start of message 27 
fake_model: serving batch [[43.394867]
 [56.26645 ]
 [52.969193]
 [36.11648 ]
 [38.826496]
 [21.778753]
 [42.161263]
 [56.489082]], sleeping for 158.88ms = 41.86 + 0.26 * 8 * 56.49
fake_model: returning [43.394867, 56.26645, 52.969193, 36.11648, 38.826496, 21.778753, 42.161263, 56.489082]
recv: 0.000094 s, parse: 0.000002 s, handle: 0.159114 s
Got start of message 28 
fake_model: serving batch [[59.73777 ]
 [41.953323]
 [25.067717]
 [41.550983]
 [40.607697]
 [44.025467]
 [42.35155 ]
 [50.176205]], sleeping for 168.02ms = 44.27 + 0.26 * 8 * 59.74
fake_model: returning [59.73777, 41.953323, 25.067717, 41.550983, 40.607697, 44.025467, 42.35155, 50.176205]
recv: 0.000077 s, parse: 0.000002 s, handle: 0.168253 s
Got start of message 29 
fake_model: serving batch [[36.9213  ]
 [58.111042]
 [61.962296]
 [45.16235 ]
 [33.35186 ]
 [47.90834 ]
 [33.6345  ]
 [27.433609]], sleeping for 174.28ms = 45.92 + 0.26 * 8 * 61.96
fake_model: returning [36.9213, 58.111042, 61.962296, 45.16235, 33.35186, 47.90834, 33.6345, 27.433609]
recv: 0.000076 s, parse: 0.000002 s, handle: 0.174511 s
Got start of message 30 
fake_model: serving batch [[69.296555]
 [61.057915]
 [39.409397]
 [64.116844]
 [60.513306]
 [51.019516]
 [54.80724 ]
 [39.00363 ]], sleeping for 194.90ms = 51.35 + 0.26 * 8 * 69.30
fake_model: returning [69.296555, 61.057915, 39.409397, 64.116844, 60.513306, 51.019516, 54.80724, 39.00363]
recv: 0.000077 s, parse: 0.000003 s, handle: 0.195155 s
Got start of message 31 
fake_model: serving batch [[49.895466]
 [37.883545]
 [23.826326]
 [63.1242  ]
 [60.85001 ]
 [61.234882]
 [52.700974]
 [10.      ]], sleeping for 177.54ms = 46.78 + 0.26 * 8 * 63.12
fake_model: returning [49.895466, 37.883545, 23.826326, 63.1242, 60.85001, 61.234882, 52.700974, 10.0]
recv: 0.000090 s, parse: 0.000002 s, handle: 0.177783 s
Got start of message 32 
fake_model: serving batch [[40.406246]
 [40.015236]
 [58.94747 ]
 [47.37154 ]
 [30.63537 ]
 [73.02204 ]
 [51.585915]
 [79.39999 ]], sleeping for 223.32ms = 58.84 + 0.26 * 8 * 79.40
fake_model: returning [40.406246, 40.015236, 58.94747, 47.37154, 30.63537, 73.02204, 51.585915, 79.39999]
recv: 0.000080 s, parse: 0.000003 s, handle: 0.223573 s
Got start of message 33 
fake_model: serving batch [[29.88289 ]
 [45.909184]
 [63.516853]
 [67.38882 ]
 [29.495602]
 [64.91602 ]
 [44.68954 ]
 [39.817585]], sleeping for 189.54ms = 49.94 + 0.26 * 8 * 67.39
fake_model: returning [29.88289, 45.909184, 63.516853, 67.38882, 29.495602, 64.91602, 44.68954, 39.817585]
recv: 0.000085 s, parse: 0.000002 s, handle: 0.189794 s
Got start of message 34 
fake_model: serving batch [[40.19078 ]
 [48.14683 ]
 [48.405216]
 [65.36524 ]
 [44.45822 ]
 [35.07    ]
 [32.220455]
 [62.726307]], sleeping for 183.85ms = 48.44 + 0.26 * 8 * 65.37
fake_model: returning [40.19078, 48.14683, 48.405216, 65.36524, 44.45822, 35.07, 32.220455, 62.726307]
recv: 0.000074 s, parse: 0.000002 s, handle: 0.184136 s
Got start of message 35 
fake_model: serving batch [[42.7656  ]
 [63.330196]
 [45.65156 ]
 [32.795944]
 [65.15304 ]
 [64.73263 ]
 [54.052612]
 [59.156868]], sleeping for 183.25ms = 48.28 + 0.26 * 8 * 65.15
fake_model: returning [42.7656, 63.330196, 45.65156, 32.795944, 65.15304, 64.73263, 54.052612, 59.156868]
recv: 0.000079 s, parse: 0.000002 s, handle: 0.183514 s
Got start of message 36 
fake_model: serving batch [[60.681335]
 [46.377083]
 [55.294945]
 [66.00501 ]
 [71.06184 ]
 [34.374977]
 [58.744213]
 [32.543663]], sleeping for 199.87ms = 52.66 + 0.26 * 8 * 71.06
fake_model: returning [60.681335, 46.377083, 55.294945, 66.00501, 71.06184, 34.374977, 58.744213, 32.543663]
recv: 0.000116 s, parse: 0.000002 s, handle: 0.200159 s
Got start of message 37 
fake_model: serving batch [[38.64715 ]
 [31.334446]
 [61.603424]
 [30.285923]
 [31.653109]
 [66.454704]
 [38.460335]
 [69.00041 ]], sleeping for 194.07ms = 51.13 + 0.26 * 8 * 69.00
fake_model: returning [38.64715, 31.334446, 61.603424, 30.285923, 31.653109, 66.454704, 38.460335, 69.00041]
recv: 0.000079 s, parse: 0.000002 s, handle: 0.194322 s
Got start of message 38 
fake_model: serving batch [[69.603966]
 [37.500942]
 [71.98503 ]
 [37.119038]
 [49.570396]
 [35.489105]
 [34.609795]
 [30.987093]], sleeping for 202.47ms = 53.34 + 0.26 * 8 * 71.99
fake_model: returning [69.603966, 37.500942, 71.98503, 37.119038, 49.570396, 35.489105, 34.609795, 30.987093]
recv: 0.000089 s, parse: 0.000003 s, handle: 0.202812 s
Got start of message 39 
fake_model: serving batch [[53.500786]
 [58.326733]
 [26.02301 ]
 [62.919563]
 [57.520626]
 [62.53053 ]
 [55.068867]
 [33.87161 ]], sleeping for 176.97ms = 46.63 + 0.26 * 8 * 62.92
fake_model: returning [53.500786, 58.326733, 26.02301, 62.919563, 57.520626, 62.53053, 55.068867, 33.87161]
recv: 0.000076 s, parse: 0.000003 s, handle: 0.177212 s
Got start of message 40 
fake_model: serving batch [[29.046207]], sleeping for 29.05ms = 21.52 + 0.26 * 1 * 29.05
fake_model: returning [29.046207]
recv: 0.000062 s, parse: 0.000002 s, handle: 0.029208 s
