22-04-03:00:50:26 INFO     [docker_container_manager.py:192] [default-cluster] Starting managed Redis instance in Docker
22-04-03:00:50:28 INFO     [docker_container_manager.py:294] [default-cluster] Metric Configuration Saved at /tmp/tmpathjdu6o.yml
22-04-03:00:50:29 INFO     [clipper_admin.py:162] [default-cluster] Clipper is running
22-04-03:00:50:29 INFO     [clipper_admin.py:236] [default-cluster] Application fake-model was successfully registered
22-04-03:00:50:29 INFO     [deployer_utils.py:41] Saving function to /tmp/tmpya1a2l19clipper
22-04-03:00:50:29 INFO     [deployer_utils.py:51] Serialized and supplied predict function
22-04-03:00:50:29 INFO     [python.py:192] Python closure saved
22-04-03:00:50:29 INFO     [python.py:210] Using Python 3.7 base image
22-04-03:00:50:29 INFO     [clipper_admin.py:534] [default-cluster] Building model Docker image with model data from /tmp/tmpya1a2l19clipper
22-04-03:00:50:29 INFO     [clipper_admin.py:539] [default-cluster] Step 1/2 : FROM clipper/python37-closure-container:develop
22-04-03:00:50:29 INFO     [clipper_admin.py:539] [default-cluster]  ---> 2660542c0759
22-04-03:00:50:29 INFO     [clipper_admin.py:539] [default-cluster] Step 2/2 : COPY /tmp/tmpya1a2l19clipper /model/
22-04-03:00:50:29 INFO     [clipper_admin.py:539] [default-cluster]  ---> 7bf85bf0302e
22-04-03:00:50:29 INFO     [clipper_admin.py:539] [default-cluster] Successfully built 7bf85bf0302e
22-04-03:00:50:29 INFO     [clipper_admin.py:539] [default-cluster] Successfully tagged default-cluster-fake-model:1
22-04-03:00:50:29 INFO     [clipper_admin.py:541] [default-cluster] Pushing model Docker image to default-cluster-fake-model:1
22-04-03:00:50:29 INFO     [docker_container_manager.py:433] [default-cluster] Found 0 replicas for fake-model:1. Adding 1
22-04-03:00:50:30 INFO     [clipper_admin.py:724] [default-cluster] Successfully registered model fake-model:1
22-04-03:00:50:30 INFO     [clipper_admin.py:642] [default-cluster] Done deploying model fake-model:1.
22-04-03:00:50:30 INFO     [clipper_admin.py:303] [default-cluster] Model fake-model is now linked to application fake-model
INFO: waiting for ready to serve
INFO: waiting for ready to serve
INFO: waiting for ready to serve
INFO: waiting for ready to serve
INFO: ready to go
INFO: rock and roll
INFO: at 2.931 ms batch [50.060] delay 22.000 ms
INFO: at 2.931 ms fetching 50.060 ms
INFO: at 24.935 ms batch [49.357] delay 22.000 ms
INFO: at 24.935 ms fetching 49.357 ms
INFO: at 46.938 ms batch [36.332] delay 22.000 ms
INFO: at 46.938 ms fetching 36.332 ms
INFO: at 68.942 ms batch [56.965] delay 22.000 ms
INFO: at 68.942 ms fetching 56.965 ms
INFO: at 90.945 ms batch [54.507] delay 22.000 ms
INFO: at 90.945 ms fetching 54.507 ms
INFO: at 112.950 ms batch [72.764] delay 22.000 ms
INFO: at 112.950 ms fetching 72.764 ms
INFO: at 134.954 ms batch [74.996] delay 22.000 ms
INFO: at 134.954 ms fetching 74.996 ms
INFO: at 156.957 ms batch [46.439] delay 22.000 ms
INFO: at 156.957 ms fetching 46.439 ms
INFO: at 178.961 ms batch [54.741] delay 22.000 ms
INFO: at 178.961 ms fetching 54.741 ms
INFO: at 200.965 ms batch [44.243] delay 22.000 ms
INFO: at 200.965 ms fetching 44.243 ms
INFO: at 222.969 ms batch [56.134] delay 27.500 ms
INFO: at 222.969 ms fetching 56.134 ms
INFO: at 250.474 ms batch [62.046] delay 27.500 ms
INFO: at 250.474 ms fetching 62.046 ms
INFO: at 277.978 ms batch [53.007] delay 27.500 ms
INFO: at 277.978 ms fetching 53.007 ms
INFO: at 305.483 ms batch [47.153] delay 27.500 ms
INFO: at 305.483 ms fetching 47.153 ms
INFO: at 332.987 ms batch [42.915] delay 22.000 ms
INFO: at 332.987 ms fetching 42.915 ms
INFO: at 354.991 ms batch [46.123] delay 22.000 ms
INFO: at 354.991 ms fetching 46.123 ms
INFO: at 376.994 ms batch [54.214] delay 22.000 ms
INFO: at 376.994 ms fetching 54.214 ms
INFO: at 398.998 ms batch [51.221] delay 22.000 ms
INFO: at 398.998 ms fetching 51.221 ms
INFO: at 421.002 ms batch [56.401] delay 22.000 ms
INFO: at 421.002 ms fetching 56.401 ms
INFO: at 443.005 ms batch [49.078] delay 27.500 ms
INFO: at 443.005 ms fetching 49.078 ms
INFO: at 470.509 ms batch [41.078] delay 27.500 ms
INFO: at 470.509 ms fetching 41.078 ms
INFO: at 498.013 ms batch [40.806] delay 27.500 ms
INFO: at 498.013 ms fetching 40.806 ms
INFO: at 525.518 ms batch [54.629] delay 27.500 ms
INFO: at 525.518 ms fetching 54.629 ms
INFO: at 553.022 ms batch [57.257] delay 27.500 ms
INFO: at 553.022 ms fetching 57.257 ms
INFO: at 580.527 ms batch [53.584] delay 27.500 ms
INFO: at 580.527 ms fetching 53.584 ms
INFO: at 608.030 ms batch [55.838] delay 27.500 ms
INFO: at 608.030 ms fetching 55.838 ms
INFO: at 635.535 ms batch [44.638] delay 27.500 ms
INFO: at 635.535 ms fetching 44.638 ms
INFO: at 663.039 ms batch [64.779] delay 27.500 ms
INFO: at 663.039 ms fetching 64.779 ms
INFO: at 690.543 ms batch [66.200] delay 27.500 ms
INFO: at 690.543 ms fetching 66.200 ms
INFO: at 718.047 ms batch [45.597] delay 27.500 ms
INFO: at 718.047 ms fetching 45.597 ms
INFO: at 745.551 ms batch [41.919] delay 27.500 ms
INFO: at 745.551 ms fetching 41.919 ms
INFO: at 773.055 ms batch [45.053] delay 27.500 ms
INFO: at 773.055 ms fetching 45.053 ms
INFO: at 800.560 ms batch [48.927] delay 27.500 ms
INFO: at 800.560 ms fetching 48.927 ms
INFO: at 828.064 ms batch [65.697] delay 27.500 ms
INFO: at 828.064 ms fetching 65.697 ms
INFO: at 855.569 ms batch [38.605] delay 27.500 ms
INFO: at 855.569 ms fetching 38.605 ms
INFO: at 883.072 ms batch [58.894] delay 27.500 ms
INFO: at 883.072 ms fetching 58.894 ms
INFO: at 910.577 ms batch [61.052] delay 27.500 ms
INFO: at 910.577 ms fetching 61.052 ms
INFO: at 938.082 ms batch [52.060] delay 27.500 ms
INFO: at 938.082 ms fetching 52.060 ms
INFO: at 965.586 ms batch [37.807] delay 27.500 ms
INFO: at 965.586 ms fetching 37.807 ms
INFO: at 993.090 ms batch [35.058] delay 27.500 ms
INFO: at 993.090 ms fetching 35.058 ms
INFO: at 1020.593 ms batch [53.426] delay 27.500 ms
INFO: at 1020.593 ms fetching 53.426 ms
INFO: at 1048.099 ms batch [31.787] delay 27.500 ms
INFO: at 1048.099 ms fetching 31.787 ms
INFO: at 1075.641 ms batch [82.241] delay 27.500 ms
INFO: at 1075.641 ms fetching 82.241 ms
INFO: at 1103.144 ms batch [70.220] delay 36.667 ms
INFO: at 1103.144 ms fetching 70.220 ms
INFO: at 1139.814 ms batch [66.447] delay 36.667 ms
INFO: at 1139.814 ms fetching 66.447 ms
INFO: at 1176.486 ms batch [47.313] delay 36.667 ms
INFO: at 1176.486 ms fetching 47.313 ms
INFO: at 1213.158 ms batch [64.372] delay 22.000 ms
INFO: at 1213.158 ms fetching 64.372 ms
INFO: at 1235.162 ms batch [69.099] delay 22.000 ms
INFO: at 1235.162 ms fetching 69.099 ms
INFO: at 1257.165 ms batch [61.709] delay 22.000 ms
INFO: at 1257.165 ms fetching 61.709 ms
INFO: at 1279.169 ms batch [59.358] delay 22.000 ms
INFO: at 1279.169 ms fetching 59.358 ms
INFO: at 1301.172 ms batch [55.706] delay 22.000 ms
INFO: at 1301.172 ms fetching 55.706 ms
INFO: at 1323.175 ms batch [51.081] delay 22.000 ms
INFO: at 1323.175 ms fetching 51.081 ms
INFO: at 1345.178 ms batch [63.188] delay 22.000 ms
INFO: at 1345.178 ms fetching 63.188 ms
INFO: at 1367.182 ms batch [49.634] delay 22.000 ms
INFO: at 1367.182 ms fetching 49.634 ms
INFO: at 1389.186 ms batch [56.546] delay 22.000 ms
INFO: at 1389.186 ms fetching 56.546 ms
INFO: at 1411.190 ms batch [53.707] delay 22.000 ms
INFO: at 1411.190 ms fetching 53.707 ms
INFO: at 1433.194 ms batch [67.288] delay 22.000 ms
INFO: at 1433.194 ms fetching 67.288 ms
INFO: at 1455.200 ms batch [39.299] delay 22.000 ms
INFO: at 1455.200 ms fetching 39.299 ms
INFO: at 1477.209 ms batch [48.748] delay 22.000 ms
INFO: at 1477.209 ms fetching 48.748 ms
INFO: at 1499.212 ms batch [63.793] delay 22.000 ms
INFO: at 1499.212 ms fetching 63.793 ms
INFO: at 1521.216 ms batch [43.828] delay 22.000 ms
INFO: at 1521.216 ms fetching 43.828 ms
INFO: at 1543.220 ms batch [53.974] delay 27.500 ms
INFO: at 1543.220 ms fetching 53.974 ms
INFO: at 1570.724 ms batch [58.551] delay 27.500 ms
INFO: at 1570.724 ms fetching 58.551 ms
INFO: at 1598.228 ms batch [45.986] delay 27.500 ms
INFO: at 1598.228 ms fetching 45.986 ms
INFO: at 1625.734 ms batch [43.125] delay 27.500 ms
INFO: at 1625.734 ms fetching 43.125 ms
INFO: at 1653.237 ms batch [41.658] delay 36.667 ms
INFO: at 1653.237 ms fetching 41.658 ms
INFO: at 1689.908 ms batch [35.719] delay 36.667 ms
INFO: at 1689.908 ms fetching 35.719 ms
INFO: at 1726.579 ms batch [69.835] delay 36.667 ms
INFO: at 1726.579 ms fetching 69.835 ms
INFO: at 1763.250 ms batch [69.488] delay 27.500 ms
INFO: at 1763.250 ms fetching 69.488 ms
INFO: at 1790.754 ms batch [63.382] delay 27.500 ms
INFO: at 1790.754 ms fetching 63.382 ms
INFO: at 1818.257 ms batch [50.795] delay 27.500 ms
INFO: at 1818.257 ms fetching 50.795 ms
INFO: at 1845.761 ms batch [50.651] delay 27.500 ms
INFO: at 1845.761 ms fetching 50.651 ms
INFO: at 1873.265 ms batch [51.660] delay 22.000 ms
INFO: at 1873.265 ms fetching 51.660 ms
INFO: at 1895.269 ms batch [72.111] delay 22.000 ms
INFO: at 1895.269 ms fetching 72.111 ms
INFO: at 1917.273 ms batch [49.227] delay 22.000 ms
INFO: at 1917.273 ms fetching 49.227 ms
INFO: at 1939.277 ms batch [59.703] delay 22.000 ms
INFO: at 1939.277 ms fetching 59.703 ms
INFO: at 1961.280 ms batch [36.875] delay 22.000 ms
INFO: at 1961.280 ms fetching 36.875 ms
INFO: at 1983.284 ms batch [55.981] delay 27.500 ms
INFO: at 1983.284 ms fetching 55.981 ms
INFO: at 2010.789 ms batch [71.065] delay 27.500 ms
INFO: at 2010.789 ms fetching 71.065 ms
INFO: at 2038.292 ms batch [67.893] delay 27.500 ms
INFO: at 2038.292 ms fetching 67.893 ms
INFO: at 2065.797 ms batch [52.609] delay 27.500 ms
INFO: at 2065.797 ms fetching 52.609 ms
INFO: at 2093.305 ms batch [62.804] delay 27.500 ms
INFO: at 2093.305 ms fetching 62.804 ms
INFO: at 2120.809 ms batch [37.372] delay 27.500 ms
INFO: at 2120.809 ms fetching 37.372 ms
INFO: at 2148.314 ms batch [73.388] delay 27.500 ms
INFO: at 2148.314 ms fetching 73.388 ms
INFO: at 2175.817 ms batch [32.879] delay 27.500 ms
INFO: at 2175.817 ms fetching 32.879 ms
INFO: at 2203.326 ms batch [59.526] delay 22.000 ms
INFO: at 2203.326 ms fetching 59.526 ms
INFO: at 2225.330 ms batch [58.384] delay 22.000 ms
INFO: at 2225.330 ms fetching 58.384 ms
INFO: at 2247.333 ms batch [48.106] delay 22.000 ms
INFO: at 2247.333 ms fetching 48.106 ms
INFO: at 2269.340 ms batch [26.329] delay 22.000 ms
INFO: at 2269.340 ms fetching 26.329 ms
INFO: at 2291.343 ms batch [54.112] delay 22.000 ms
INFO: at 2291.343 ms fetching 54.112 ms
INFO: at 2313.347 ms batch [56.696] delay 27.500 ms
INFO: at 2313.347 ms fetching 56.696 ms
INFO: at 2340.850 ms batch [67.603] delay 27.500 ms
INFO: at 2340.850 ms fetching 67.603 ms
INFO: at 2368.355 ms batch [46.791] delay 27.500 ms
INFO: at 2368.355 ms fetching 46.791 ms
INFO: at 2395.859 ms batch [61.250] delay 27.500 ms
INFO: at 2395.859 ms fetching 61.250 ms
INFO: at 2423.362 ms batch [62.988] delay 22.000 ms
INFO: at 2423.362 ms fetching 62.988 ms
INFO: at 2445.365 ms batch [61.886] delay 22.000 ms
INFO: at 2445.365 ms fetching 61.886 ms
INFO: at 2467.369 ms batch [66.746] delay 22.000 ms
INFO: at 2467.369 ms fetching 66.746 ms
INFO: at 2489.373 ms batch [52.475] delay 22.000 ms
INFO: at 2489.373 ms fetching 52.475 ms
INFO: at 2511.376 ms batch [62.636] delay 22.000 ms
INFO: at 2511.376 ms fetching 62.636 ms
INFO: at 2533.379 ms batch [57.535] delay 27.500 ms
INFO: at 2533.379 ms fetching 57.535 ms
INFO: at 2560.885 ms batch [51.773] delay 27.500 ms
INFO: at 2560.885 ms fetching 51.773 ms
INFO: at 2588.389 ms batch [62.248] delay 27.500 ms
INFO: at 2588.389 ms fetching 62.248 ms
INFO: at 2615.894 ms batch [40.259] delay 27.500 ms
INFO: at 2615.894 ms fetching 40.259 ms
INFO: at 2643.397 ms batch [57.411] delay 22.000 ms
INFO: at 2643.397 ms fetching 57.411 ms
INFO: at 2665.401 ms batch [55.278] delay 22.000 ms
INFO: at 2665.401 ms fetching 55.278 ms
INFO: at 2687.405 ms batch [40.529] delay 22.000 ms
INFO: at 2687.405 ms fetching 40.529 ms
INFO: at 2709.408 ms batch [60.532] delay 22.000 ms
INFO: at 2709.408 ms fetching 60.532 ms
INFO: at 2731.411 ms batch [57.107] delay 22.000 ms
INFO: at 2731.411 ms fetching 57.107 ms
INFO: at 2753.415 ms batch [54.882] delay 22.000 ms
INFO: at 2753.415 ms fetching 54.882 ms
INFO: at 2775.419 ms batch [58.712] delay 22.000 ms
INFO: at 2775.419 ms fetching 58.712 ms
INFO: at 2797.423 ms batch [52.880] delay 22.000 ms
INFO: at 2797.423 ms fetching 52.880 ms
INFO: at 2819.426 ms batch [62.459] delay 22.000 ms
INFO: at 2819.426 ms fetching 62.459 ms
INFO: at 2841.430 ms batch [48.262] delay 22.000 ms
INFO: at 2841.430 ms fetching 48.262 ms
INFO: at 2863.433 ms batch [60.696] delay 27.500 ms
INFO: at 2863.433 ms fetching 60.696 ms
INFO: at 2890.937 ms batch [46.294] delay 27.500 ms
INFO: at 2890.937 ms fetching 46.294 ms
INFO: at 2918.440 ms batch [53.850] delay 27.500 ms
INFO: at 2918.440 ms fetching 53.850 ms
INFO: at 2945.944 ms batch [39.940] delay 27.500 ms
INFO: at 2945.944 ms fetching 39.940 ms
INFO: at 2973.447 ms batch [65.442] delay 36.667 ms
INFO: at 2973.447 ms fetching 65.442 ms
INFO: at 3010.125 ms batch [74.216] delay 36.667 ms
INFO: at 3010.125 ms fetching 74.216 ms
INFO: at 3046.797 ms batch [47.479] delay 36.667 ms
INFO: at 3046.797 ms fetching 47.479 ms
INFO: at 3083.467 ms batch [48.439] delay 27.500 ms
INFO: at 3083.467 ms fetching 48.439 ms
INFO: at 3110.972 ms batch [61.558] delay 27.500 ms
INFO: at 3110.972 ms fetching 61.558 ms
INFO: at 3138.475 ms batch [57.971] delay 27.500 ms
INFO: at 3138.475 ms fetching 57.971 ms
INFO: at 3165.980 ms batch [52.335] delay 27.500 ms
INFO: at 3165.980 ms fetching 52.335 ms
INFO: at 3193.484 ms batch [56.266] delay 22.000 ms
INFO: at 3193.484 ms fetching 56.266 ms
INFO: at 3215.487 ms batch [60.367] delay 22.000 ms
INFO: at 3215.487 ms fetching 60.367 ms
INFO: at 3237.491 ms batch [61.396] delay 22.000 ms
INFO: at 3237.491 ms fetching 61.396 ms
INFO: at 3259.495 ms batch [10.000] delay 22.000 ms
INFO: at 3259.495 ms fetching 10.000 ms
INFO: at 3281.498 ms batch [59.053] delay 22.000 ms
INFO: at 3281.498 ms fetching 59.053 ms
INFO: at 3303.501 ms batch [55.010] delay 27.500 ms
INFO: at 3303.501 ms fetching 55.010 ms
INFO: at 3331.006 ms batch [65.941] delay 27.500 ms
INFO: at 3331.006 ms fetching 65.941 ms
INFO: at 3358.509 ms batch [53.298] delay 27.500 ms
INFO: at 3358.509 ms fetching 53.298 ms
INFO: at 3386.015 ms batch [28.833] delay 27.500 ms
INFO: at 3386.015 ms fetching 28.833 ms
INFO: at 3413.518 ms batch [42.471] delay 27.500 ms
INFO: at 3413.518 ms fetching 42.471 ms
INFO: at 3441.022 ms batch [55.443] delay 27.500 ms
INFO: at 3441.022 ms fetching 55.443 ms
INFO: at 3468.526 ms batch [51.501] delay 27.500 ms
INFO: at 3468.526 ms fetching 51.501 ms
INFO: at 3496.029 ms batch [67.002] delay 27.500 ms
INFO: at 3496.029 ms fetching 67.002 ms
INFO: at 3523.532 ms batch [51.926] delay 36.667 ms
INFO: at 3523.532 ms fetching 51.926 ms
INFO: at 3560.203 ms batch [44.432] delay 36.667 ms
INFO: at 3560.203 ms fetching 44.432 ms
INFO: at 3596.874 ms batch [47.967] delay 36.667 ms
INFO: at 3596.874 ms fetching 47.967 ms
INFO: at 3633.545 ms batch [60.041] delay 22.000 ms
INFO: at 3633.545 ms fetching 60.041 ms
INFO: at 3655.548 ms batch [42.692] delay 22.000 ms
INFO: at 3655.548 ms fetching 42.692 ms
INFO: at 3677.551 ms batch [65.211] delay 22.000 ms
INFO: at 3677.551 ms fetching 65.211 ms
INFO: at 3699.554 ms batch [64.156] delay 22.000 ms
INFO: at 3699.554 ms fetching 64.156 ms
INFO: at 3721.558 ms batch [50.359] delay 22.000 ms
INFO: at 3721.558 ms fetching 50.359 ms
INFO: at 3743.561 ms batch [63.568] delay 22.000 ms
INFO: at 3743.561 ms fetching 63.568 ms
INFO: at 3765.565 ms batch [53.164] delay 22.000 ms
INFO: at 3765.565 ms fetching 53.164 ms
INFO: at 3787.568 ms batch [33.720] delay 22.000 ms
INFO: at 3787.568 ms fetching 33.720 ms
INFO: at 3809.571 ms batch [49.922] delay 22.000 ms
INFO: at 3809.571 ms fetching 49.922 ms
INFO: at 3831.575 ms batch [54.352] delay 22.000 ms
INFO: at 3831.575 ms fetching 54.352 ms
INFO: at 3853.579 ms batch [46.975] delay 18.333 ms
INFO: at 3853.579 ms fetching 46.975 ms
INFO: at 3871.915 ms batch [45.792] delay 18.333 ms
INFO: at 3871.915 ms fetching 45.792 ms
INFO: at 3890.252 ms batch [71.643] delay 18.333 ms
INFO: at 3890.252 ms fetching 71.643 ms
INFO: at 3908.589 ms batch [52.740] delay 18.333 ms
INFO: at 3908.589 ms fetching 52.740 ms
INFO: at 3926.925 ms batch [44.040] delay 18.333 ms
INFO: at 3926.925 ms fetching 44.040 ms
INFO: at 3945.262 ms batch [50.182] delay 18.333 ms
INFO: at 3945.262 ms fetching 50.182 ms
INFO: at 3963.597 ms batch [60.878] delay 22.000 ms
INFO: at 3963.597 ms fetching 60.878 ms
INFO: at 3985.601 ms batch [30.507] delay 22.000 ms
INFO: at 3985.601 ms fetching 30.507 ms
INFO: at 4007.605 ms batch [49.493] delay 22.000 ms
INFO: at 4007.605 ms fetching 49.493 ms
INFO: at 4029.609 ms batch [49.793] delay 22.000 ms
INFO: at 4029.609 ms fetching 49.793 ms
INFO: at 4051.612 ms batch [48.586] delay 22.000 ms
INFO: at 4051.612 ms fetching 48.586 ms
INFO: at 4073.615 ms batch [41.378] delay 22.000 ms
INFO: at 4073.615 ms fetching 41.378 ms
INFO: at 4095.619 ms batch [63.985] delay 22.000 ms
INFO: at 4095.619 ms fetching 63.985 ms
INFO: at 4117.623 ms batch [52.216] delay 22.000 ms
INFO: at 4117.623 ms fetching 52.216 ms
INFO: at 4139.626 ms batch [50.515] delay 22.000 ms
INFO: at 4139.626 ms fetching 50.515 ms
INFO: at 4161.629 ms batch [100.000] delay 22.000 ms
INFO: at 4161.629 ms fetching 100.000 ms
INFO: at 4183.634 ms batch [38.231] delay 22.000 ms
INFO: at 4183.634 ms fetching 38.231 ms
INFO: at 4205.638 ms batch [43.360] delay 22.000 ms
INFO: at 4205.638 ms fetching 43.360 ms
INFO: at 4227.641 ms batch [45.209] delay 22.000 ms
INFO: at 4227.641 ms fetching 45.209 ms
INFO: at 4249.646 ms batch [57.817] delay 22.000 ms
INFO: at 4249.646 ms fetching 57.817 ms
INFO: at 4271.650 ms batch [79.074] delay 22.000 ms
INFO: at 4271.650 ms fetching 79.074 ms
INFO: at 4293.654 ms batch [38.986] delay 27.500 ms
INFO: at 4293.654 ms fetching 38.986 ms
INFO: at 4321.159 ms batch [55.118] delay 27.500 ms
INFO: at 4321.159 ms fetching 55.118 ms
INFO: at 4348.663 ms batch [39.633] delay 27.500 ms
INFO: at 4348.663 ms fetching 39.633 ms
INFO: at 4376.168 ms batch [34.484] delay 27.500 ms
INFO: at 4376.168 ms fetching 34.484 ms
INFO: at 4403.671 ms batch [68.469] delay 18.333 ms
INFO: at 4403.671 ms fetching 68.469 ms
INFO: at 4422.009 ms batch [56.816] delay 18.333 ms
INFO: at 4422.009 ms fetching 56.816 ms
INFO: at 4440.346 ms batch [70.599] delay 18.333 ms
INFO: at 4440.346 ms fetching 70.599 ms
INFO: at 4458.681 ms batch [68.163] delay 18.333 ms
INFO: at 4458.681 ms fetching 68.163 ms
INFO: at 4477.019 ms batch [77.128] delay 18.333 ms
INFO: at 4477.019 ms fetching 77.128 ms
INFO: at 4495.356 ms batch [58.243] delay 18.333 ms
INFO: at 4495.356 ms fetching 58.243 ms
INFO: at 4513.691 ms batch [47.633] delay 27.500 ms
INFO: at 4513.691 ms fetching 47.633 ms
INFO: at 4541.196 ms batch [47.802] delay 27.500 ms
INFO: at 4541.196 ms fetching 47.802 ms
INFO: at 4568.699 ms batch [64.575] delay 27.500 ms
INFO: at 4568.699 ms fetching 64.575 ms
INFO: at 4596.204 ms batch [57.662] delay 27.500 ms
INFO: at 4596.204 ms fetching 57.662 ms
INFO: at 4623.707 ms batch [42.185] delay 22.000 ms
INFO: at 4623.707 ms fetching 42.185 ms
INFO: at 4645.710 ms batch [64.967] delay 22.000 ms
INFO: at 4645.710 ms fetching 64.967 ms
INFO: at 4667.714 ms batch [44.835] delay 22.000 ms
INFO: at 4667.714 ms fetching 44.835 ms
INFO: at 4689.717 ms batch [45.398] delay 22.000 ms
INFO: at 4689.717 ms fetching 45.398 ms
INFO: at 4711.721 ms batch [55.546] delay 22.000 ms
INFO: at 4711.721 ms fetching 55.546 ms
INFO: at 4733.726 ms batch [75.961] delay 18.333 ms
INFO: at 4733.726 ms fetching 75.961 ms
INFO: at 4752.063 ms batch [46.601] delay 18.333 ms
INFO: at 4752.063 ms fetching 46.601 ms
INFO: at 4770.400 ms batch [58.114] delay 18.333 ms
INFO: at 4770.400 ms fetching 58.114 ms
INFO: at 4788.737 ms batch [50.951] delay 18.333 ms
INFO: at 4788.737 ms fetching 50.951 ms
INFO: at 4807.073 ms batch [59.203] delay 18.333 ms
INFO: at 4807.073 ms fetching 59.203 ms
INFO: at 4825.410 ms batch [68.780] delay 18.333 ms
INFO: at 4825.410 ms fetching 68.780 ms
INFO: at 4843.747 ms batch [60.218] delay 27.500 ms
INFO: at 4843.747 ms fetching 60.218 ms
INFO: at 4871.250 ms batch [43.624] delay 27.500 ms
INFO: at 4871.250 ms fetching 43.624 ms
INFO: at 4898.754 ms batch [51.350] delay 27.500 ms
INFO: at 4898.754 ms fetching 51.350 ms
INFO: at 4926.261 ms batch [59.861] delay 0.000 ms
INFO: at 4926.261 ms fetching 59.861 ms
INFO: done
22-04-03:00:50:41 INFO     [docker_logging_utils.py:19] [default-cluster] Created logging directory: /home/cc/DynWork/multimodal_dataset/repeat-2/Multimodal/Azure/incoming_rate_36.36/Modal_num/one_modal/1.5_x_P99/clipper/logs
22-04-03:00:51:23 INFO     [clipper_admin.py:1424] [default-cluster] Stopped all Clipper cluster and all model containers
