22-02-02:02:49:25 INFO     [docker_container_manager.py:192] [default-cluster] Starting managed Redis instance in Docker
22-02-02:02:49:28 INFO     [docker_container_manager.py:294] [default-cluster] Metric Configuration Saved at /tmp/tmpgg3ktl8n.yml
22-02-02:02:49:28 INFO     [clipper_admin.py:162] [default-cluster] Clipper is running
22-02-02:02:49:28 INFO     [clipper_admin.py:236] [default-cluster] Application fake-model was successfully registered
22-02-02:02:49:28 INFO     [deployer_utils.py:41] Saving function to /tmp/tmph27msa_6clipper
22-02-02:02:49:28 INFO     [deployer_utils.py:51] Serialized and supplied predict function
22-02-02:02:49:28 INFO     [python.py:192] Python closure saved
22-02-02:02:49:28 INFO     [python.py:210] Using Python 3.7 base image
22-02-02:02:49:28 INFO     [clipper_admin.py:534] [default-cluster] Building model Docker image with model data from /tmp/tmph27msa_6clipper
22-02-02:02:49:29 INFO     [clipper_admin.py:539] [default-cluster] Step 1/2 : FROM clipper/python37-closure-container:develop
22-02-02:02:49:29 INFO     [clipper_admin.py:539] [default-cluster]  ---> 2660542c0759
22-02-02:02:49:29 INFO     [clipper_admin.py:539] [default-cluster] Step 2/2 : COPY /tmp/tmph27msa_6clipper /model/
22-02-02:02:49:29 INFO     [clipper_admin.py:539] [default-cluster]  ---> 6120b5742634
22-02-02:02:49:29 INFO     [clipper_admin.py:539] [default-cluster] Successfully built 6120b5742634
22-02-02:02:49:29 INFO     [clipper_admin.py:539] [default-cluster] Successfully tagged default-cluster-fake-model:1
22-02-02:02:49:29 INFO     [clipper_admin.py:541] [default-cluster] Pushing model Docker image to default-cluster-fake-model:1
22-02-02:02:49:29 INFO     [docker_container_manager.py:433] [default-cluster] Found 0 replicas for fake-model:1. Adding 1
22-02-02:02:49:29 INFO     [clipper_admin.py:724] [default-cluster] Successfully registered model fake-model:1
22-02-02:02:49:29 INFO     [clipper_admin.py:642] [default-cluster] Done deploying model fake-model:1.
22-02-02:02:49:29 INFO     [clipper_admin.py:303] [default-cluster] Model fake-model is now linked to application fake-model
INFO: waiting for ready to serve
INFO: waiting for ready to serve
INFO: waiting for ready to serve
INFO: waiting for ready to serve
INFO: ready to go
INFO: rock and roll
INFO: at 2.955 ms batch [57.283] delay 27.500 ms
INFO: at 2.955 ms fetching 57.283 ms
INFO: at 30.461 ms batch [68.565] delay 27.500 ms
INFO: at 30.461 ms fetching 68.565 ms
INFO: at 57.963 ms batch [46.967] delay 27.500 ms
INFO: at 57.963 ms fetching 46.967 ms
INFO: at 85.466 ms batch [88.172] delay 27.500 ms
INFO: at 85.466 ms fetching 88.172 ms
INFO: at 112.968 ms batch [41.078] delay 27.500 ms
INFO: at 112.968 ms fetching 41.078 ms
INFO: at 140.471 ms batch [87.939] delay 27.500 ms
INFO: at 140.471 ms fetching 87.939 ms
INFO: at 167.973 ms batch [88.531] delay 27.500 ms
INFO: at 167.973 ms fetching 88.531 ms
INFO: at 195.476 ms batch [49.444] delay 13.750 ms
INFO: at 195.476 ms fetching 49.444 ms
INFO: at 209.228 ms batch [84.676] delay 13.750 ms
INFO: at 209.228 ms fetching 84.676 ms
INFO: at 222.981 ms batch [73.367] delay 13.750 ms
INFO: at 222.981 ms fetching 73.367 ms
INFO: at 236.733 ms batch [86.980] delay 13.750 ms
INFO: at 236.733 ms fetching 86.980 ms
INFO: at 250.485 ms batch [47.912] delay 13.750 ms
INFO: at 250.485 ms fetching 47.912 ms
INFO: at 264.238 ms batch [92.181] delay 13.750 ms
INFO: at 264.238 ms fetching 92.181 ms
INFO: at 277.990 ms batch [88.725] delay 13.750 ms
INFO: at 277.990 ms fetching 88.725 ms
INFO: at 291.743 ms batch [44.855] delay 13.750 ms
INFO: at 291.743 ms fetching 44.855 ms
INFO: at 305.495 ms batch [88.018] delay 13.750 ms
INFO: at 305.495 ms fetching 88.018 ms
INFO: at 319.248 ms batch [85.240] delay 13.750 ms
INFO: at 319.248 ms fetching 85.240 ms
INFO: at 333.001 ms batch [60.618] delay 13.750 ms
INFO: at 333.001 ms fetching 60.618 ms
INFO: at 346.753 ms batch [42.148] delay 13.750 ms
INFO: at 346.753 ms fetching 42.148 ms
INFO: at 360.506 ms batch [91.335] delay 13.750 ms
INFO: at 360.506 ms fetching 91.335 ms
INFO: at 374.260 ms batch [54.232] delay 13.750 ms
INFO: at 374.260 ms fetching 54.232 ms
INFO: at 388.014 ms batch [67.304] delay 13.750 ms
INFO: at 388.014 ms fetching 67.304 ms
INFO: at 401.766 ms batch [90.790] delay 13.750 ms
INFO: at 401.766 ms fetching 90.790 ms
INFO: at 415.518 ms batch [83.033] delay 6.875 ms
INFO: at 415.518 ms fetching 83.033 ms
INFO: at 422.396 ms batch [82.086] delay 6.875 ms
INFO: at 422.396 ms fetching 82.086 ms
INFO: at 429.274 ms batch [83.914] delay 6.875 ms
INFO: at 429.274 ms fetching 83.914 ms
INFO: at 436.150 ms batch [87.639] delay 6.875 ms
INFO: at 436.150 ms fetching 87.639 ms
INFO: at 443.027 ms batch [76.952] delay 4.583 ms
INFO: at 447.612 ms batch [84.590] delay 4.583 ms
INFO: at 452.197 ms batch [83.429] delay 4.583 ms
INFO: at 456.781 ms batch [43.643] delay 4.583 ms
INFO: at 461.365 ms batch [88.623] delay 4.583 ms
INFO: at 465.949 ms batch [48.856] delay 4.583 ms
INFO: at 470.534 ms batch [53.658] delay 3.438 ms
INFO: at 473.972 ms batch [85.831] delay 3.438 ms
INFO: at 477.411 ms batch [84.919] delay 3.438 ms
INFO: at 480.850 ms batch [44.446] delay 3.438 ms
INFO: at 484.288 ms batch [86.577] delay 3.438 ms
INFO: at 487.727 ms batch [85.609] delay 3.438 ms
INFO: at 491.165 ms batch [60.922] delay 3.438 ms
INFO: at 494.604 ms batch [85.321] delay 3.438 ms
INFO: at 498.042 ms batch [84.848] delay 3.929 ms
INFO: at 501.972 ms batch [50.886] delay 3.929 ms
INFO: at 505.902 ms batch [85.162] delay 3.929 ms
INFO: at 509.831 ms batch [87.566] delay 3.929 ms
INFO: at 513.761 ms batch [60.337] delay 3.929 ms
INFO: at 517.690 ms batch [46.655] delay 3.929 ms
INFO: at 521.620 ms batch [57.570] delay 3.929 ms
INFO: at 525.550 ms batch [79.200] delay 3.056 ms
INFO: at 528.606 ms batch [85.689] delay 3.056 ms
INFO: at 531.663 ms batch [49.138] delay 3.056 ms
INFO: at 534.719 ms batch [87.126] delay 3.056 ms
INFO: at 537.776 ms batch [62.339] delay 3.056 ms
INFO: at 540.833 ms batch [90.374] delay 3.056 ms
INFO: at 543.889 ms batch [55.645] delay 3.056 ms
INFO: at 546.946 ms batch [71.998] delay 3.056 ms
INFO: at 550.032 ms batch [55.354] delay 3.056 ms
INFO: at 553.093 ms batch [66.757] delay 3.056 ms
INFO: at 556.151 ms batch [91.665] delay 3.056 ms
INFO: at 559.207 ms batch [35.999] delay 3.056 ms
INFO: at 562.264 ms batch [80.277] delay 3.056 ms
INFO: at 565.321 ms batch [87.423] delay 3.056 ms
INFO: at 568.383 ms batch [85.395] delay 3.056 ms
INFO: at 571.439 ms batch [59.034] delay 3.056 ms
INFO: at 574.496 ms batch [80.953] delay 3.056 ms
INFO: at 577.557 ms batch [89.334] delay 3.056 ms
INFO: at 580.613 ms batch [41.620] delay 2.750 ms
INFO: at 583.365 ms batch [28.300] delay 2.750 ms
INFO: at 586.116 ms batch [61.245] delay 2.750 ms
INFO: at 588.867 ms batch [64.718] delay 2.750 ms
INFO: at 591.618 ms batch [92.947] delay 2.750 ms
INFO: at 594.369 ms batch [89.598] delay 2.750 ms
INFO: at 597.120 ms batch [81.469] delay 2.750 ms
INFO: at 599.870 ms batch [84.405] delay 2.750 ms
INFO: at 602.621 ms batch [54.511] delay 2.750 ms
INFO: at 605.372 ms batch [83.804] delay 2.750 ms
INFO: at 608.123 ms batch [83.172] delay 3.056 ms
INFO: at 611.179 ms batch [86.035] delay 3.056 ms
INFO: at 614.236 ms batch [37.043] delay 3.056 ms
INFO: at 617.292 ms batch [52.871] delay 3.056 ms
INFO: at 620.348 ms batch [58.434] delay 3.056 ms
INFO: at 623.406 ms batch [88.346] delay 3.056 ms
INFO: at 626.462 ms batch [58.721] delay 3.056 ms
INFO: at 629.518 ms batch [88.257] delay 3.056 ms
INFO: at 632.575 ms batch [86.712] delay 3.056 ms
INFO: at 635.632 ms batch [50.340] delay 3.929 ms
INFO: at 639.561 ms batch [88.814] delay 3.929 ms
INFO: at 643.490 ms batch [86.105] delay 3.929 ms
INFO: at 647.420 ms batch [53.163] delay 3.929 ms
INFO: at 651.353 ms batch [85.002] delay 3.929 ms
INFO: at 655.283 ms batch [53.422] delay 3.929 ms
INFO: at 659.213 ms batch [82.698] delay 3.929 ms
INFO: at 663.142 ms batch [82.857] delay 3.929 ms
INFO: at 667.071 ms batch [91.024] delay 3.929 ms
INFO: at 671.001 ms batch [88.438] delay 3.929 ms
INFO: at 674.930 ms batch [89.870] delay 3.929 ms
INFO: at 678.860 ms batch [87.863] delay 3.929 ms
INFO: at 682.789 ms batch [84.766] delay 3.929 ms
INFO: at 686.719 ms batch [53.933] delay 3.929 ms
INFO: at 690.648 ms batch [86.169] delay 4.583 ms
INFO: at 695.236 ms batch [61.957] delay 4.583 ms
INFO: at 699.820 ms batch [63.867] delay 4.583 ms
INFO: at 704.405 ms batch [63.051] delay 4.583 ms
INFO: at 708.989 ms batch [39.354] delay 4.583 ms
INFO: at 713.573 ms batch [56.199] delay 4.583 ms
INFO: at 718.158 ms batch [84.308] delay 4.583 ms
INFO: at 722.742 ms batch [55.078] delay 4.583 ms
INFO: at 727.327 ms batch [45.204] delay 4.583 ms
INFO: at 731.911 ms batch [54.796] delay 4.583 ms
INFO: at 736.495 ms batch [89.115] delay 4.583 ms
INFO: at 741.079 ms batch [87.199] delay 4.583 ms
INFO: at 745.663 ms batch [89.221] delay 4.583 ms
INFO: at 750.247 ms batch [85.759] delay 4.583 ms
INFO: at 754.831 ms batch [31.653] delay 4.583 ms
INFO: at 759.415 ms batch [74.879] delay 4.583 ms
INFO: at 764.000 ms batch [45.923] delay 4.583 ms
INFO: at 768.584 ms batch [64.300] delay 4.583 ms
INFO: at 773.168 ms batch [82.328] delay 4.583 ms
INFO: at 777.752 ms batch [86.783] delay 4.583 ms
INFO: at 782.336 ms batch [47.304] delay 4.583 ms
INFO: at 786.920 ms batch [87.495] delay 4.583 ms
INFO: at 791.505 ms batch [85.470] delay 4.583 ms
INFO: at 796.089 ms batch [87.272] delay 4.583 ms
INFO: at 800.673 ms batch [87.347] delay 5.500 ms
INFO: at 443.027 ms fetching 76.952 ms
INFO: at 447.612 ms fetching 84.590 ms
INFO: at 452.197 ms fetching 83.429 ms
INFO: at 456.781 ms fetching 43.643 ms
INFO: at 461.365 ms fetching 88.623 ms
INFO: at 465.949 ms fetching 48.856 ms
INFO: at 470.534 ms fetching 53.658 ms
INFO: at 473.972 ms fetching 85.831 ms
INFO: at 477.411 ms fetching 84.919 ms
INFO: at 480.850 ms fetching 44.446 ms
INFO: at 484.288 ms fetching 86.577 ms
INFO: at 487.727 ms fetching 85.609 ms
INFO: at 491.165 ms fetching 60.922 ms
INFO: at 494.604 ms fetching 85.321 ms
INFO: at 498.042 ms fetching 84.848 ms
INFO: at 501.972 ms fetching 50.886 ms
INFO: at 505.902 ms fetching 85.162 ms
INFO: at 509.831 ms fetching 87.566 ms
INFO: at 513.761 ms fetching 60.337 ms
INFO: at 517.690 ms fetching 46.655 ms
INFO: at 521.620 ms fetching 57.570 ms
INFO: at 525.550 ms fetching 79.200 ms
INFO: at 528.606 ms fetching 85.689 ms
INFO: at 531.663 ms fetching 49.138 ms
INFO: at 534.719 ms fetching 87.126 ms
INFO: at 537.776 ms fetching 62.339 ms
INFO: at 540.833 ms fetching 90.374 ms
INFO: at 543.889 ms fetching 55.645 ms
INFO: at 546.946 ms fetching 71.998 ms
INFO: at 550.032 ms fetching 55.354 ms
INFO: at 553.093 ms fetching 66.757 ms
INFO: at 556.151 ms fetching 91.665 ms
INFO: at 559.207 ms fetching 35.999 ms
INFO: at 562.264 ms fetching 80.277 ms
INFO: at 565.321 ms fetching 87.423 ms
INFO: at 568.383 ms fetching 85.395 ms
INFO: at 571.439 ms fetching 59.034 ms
INFO: at 574.496 ms fetching 80.953 ms
INFO: at 577.557 ms fetching 89.334 ms
INFO: at 580.613 ms fetching 41.620 ms
INFO: at 583.365 ms fetching 28.300 ms
INFO: at 586.116 ms fetching 61.245 ms
INFO: at 588.867 ms fetching 64.718 ms
INFO: at 591.618 ms fetching 92.947 ms
INFO: at 594.369 ms fetching 89.598 ms
INFO: at 597.120 ms fetching 81.469 ms
INFO: at 599.870 ms fetching 84.405 ms
INFO: at 602.621 ms fetching 54.511 ms
INFO: at 605.372 ms fetching 83.804 ms
INFO: at 608.123 ms fetching 83.172 ms
INFO: at 611.179 ms fetching 86.035 ms
INFO: at 614.236 ms fetching 37.043 ms
INFO: at 617.292 ms fetching 52.871 ms
INFO: at 620.348 ms fetching 58.434 ms
INFO: at 623.406 ms fetching 88.346 ms
INFO: at 626.462 ms fetching 58.721 ms
INFO: at 629.518 ms fetching 88.257 ms
INFO: at 632.575 ms fetching 86.712 ms
INFO: at 635.632 ms fetching 50.340 ms
INFO: at 639.561 ms fetching 88.814 ms
INFO: at 643.490 ms fetching 86.105 ms
INFO: at 647.420 ms fetching 53.163 ms
INFO: at 651.353 ms fetching 85.002 ms
INFO: at 655.283 ms fetching 53.422 ms
INFO: at 659.213 ms fetching 82.698 ms
INFO: at 663.142 ms fetching 82.857 ms
INFO: at 667.071 ms fetching 91.024 ms
INFO: at 671.001 ms fetching 88.438 ms
INFO: at 674.930 ms fetching 89.870 ms
INFO: at 678.860 ms fetching 87.863 ms
INFO: at 682.789 ms fetching 84.766 ms
INFO: at 686.719 ms fetching 53.933 ms
INFO: at 690.648 ms fetching 86.169 ms
INFO: at 695.236 ms fetching 61.957 ms
INFO: at 699.820 ms fetching 63.867 ms
INFO: at 704.405 ms fetching 63.051 ms
INFO: at 708.989 ms fetching 39.354 ms
INFO: at 713.573 ms fetching 56.199 ms
INFO: at 718.158 ms fetching 84.308 ms
INFO: at 722.742 ms fetching 55.078 ms
INFO: at 727.327 ms fetching 45.204 ms
INFO: at 731.911 ms fetching 54.796 ms
INFO: at 736.495 ms fetching 89.115 ms
INFO: at 741.079 ms fetching 87.199 ms
INFO: at 745.663 ms fetching 89.221 ms
INFO: at 750.247 ms fetching 85.759 ms
INFO: at 754.831 ms fetching 31.653 ms
INFO: at 759.415 ms fetching 74.879 ms
INFO: at 764.000 ms fetching 45.923 ms
INFO: at 768.584 ms fetching 64.300 ms
INFO: at 773.168 ms fetching 82.328 ms
INFO: at 777.752 ms fetching 86.783 ms
INFO: at 782.336 ms fetching 47.304 ms
INFO: at 786.920 ms fetching 87.495 ms
INFO: at 791.505 ms fetching 85.470 ms
INFO: at 796.089 ms fetching 87.272 ms
INFO: at 800.673 ms fetching 87.347 ms
WARNING: bookkeeping for too long: -15.8302490003407ms
INFO: at 822.011 ms batch [88.908] delay 5.500 ms
INFO: at 822.011 ms fetching 88.908 ms
WARNING: bookkeeping for too long: -84.35927500203252ms
INFO: at 911.877 ms batch [37.840] delay 5.500 ms
INFO: at 911.877 ms fetching 37.840 ms
INFO: at 920.889 ms batch [83.685] delay 5.500 ms
INFO: at 920.889 ms fetching 83.685 ms
INFO: at 926.391 ms batch [89.728] delay 5.500 ms
INFO: at 926.391 ms fetching 89.728 ms
INFO: at 931.893 ms batch [87.786] delay 5.500 ms
INFO: at 931.893 ms fetching 87.786 ms
INFO: at 937.395 ms batch [85.969] delay 5.500 ms
INFO: at 937.395 ms fetching 85.969 ms
INFO: at 942.897 ms batch [89.459] delay 5.500 ms
INFO: at 942.897 ms fetching 89.459 ms
INFO: at 948.398 ms batch [100.000] delay 5.500 ms
INFO: at 948.398 ms fetching 100.000 ms
INFO: at 953.900 ms batch [42.670] delay 5.500 ms
INFO: at 953.900 ms fetching 42.670 ms
INFO: at 959.402 ms batch [62.699] delay 5.500 ms
INFO: at 959.402 ms fetching 62.699 ms
INFO: at 964.903 ms batch [57.862] delay 5.500 ms
INFO: at 964.903 ms fetching 57.862 ms
INFO: at 970.405 ms batch [90.189] delay 5.500 ms
INFO: at 970.405 ms fetching 90.189 ms
INFO: at 975.906 ms batch [85.082] delay 5.500 ms
INFO: at 975.906 ms fetching 85.082 ms
INFO: at 981.408 ms batch [44.020] delay 5.500 ms
INFO: at 981.408 ms fetching 44.020 ms
INFO: at 986.910 ms batch [33.395] delay 5.500 ms
INFO: at 986.910 ms fetching 33.395 ms
INFO: at 992.412 ms batch [63.453] delay 5.500 ms
INFO: at 992.412 ms fetching 63.453 ms
INFO: at 997.913 ms batch [39.952] delay 5.500 ms
INFO: at 997.913 ms fetching 39.952 ms
INFO: at 1003.415 ms batch [69.281] delay 5.500 ms
INFO: at 1003.415 ms fetching 69.281 ms
INFO: at 1008.916 ms batch [56.779] delay 5.500 ms
INFO: at 1008.916 ms fetching 56.779 ms
INFO: at 1014.418 ms batch [50.609] delay 4.583 ms
INFO: at 1019.003 ms batch [10.000] delay 4.583 ms
INFO: at 1023.587 ms batch [57.038] delay 4.583 ms
INFO: at 1028.171 ms batch [51.191] delay 4.583 ms
INFO: at 1032.755 ms batch [47.611] delay 4.583 ms
INFO: at 1037.340 ms batch [89.010] delay 4.583 ms
INFO: at 1041.924 ms batch [87.056] delay 3.438 ms
INFO: at 1045.363 ms batch [52.352] delay 3.438 ms
INFO: at 1048.801 ms batch [59.349] delay 3.438 ms
INFO: at 1052.239 ms batch [86.855] delay 3.438 ms
INFO: at 1055.678 ms batch [67.896] delay 3.438 ms
INFO: at 1059.117 ms batch [55.936] delay 3.438 ms
INFO: at 1062.555 ms batch [60.002] delay 3.438 ms
INFO: at 1065.993 ms batch [34.793] delay 3.438 ms
INFO: at 1069.432 ms batch [66.196] delay 3.438 ms
INFO: at 1072.870 ms batch [48.543] delay 3.438 ms
INFO: at 1076.309 ms batch [86.298] delay 3.438 ms
INFO: at 1079.747 ms batch [61.616] delay 3.438 ms
INFO: at 1083.186 ms batch [38.619] delay 3.438 ms
INFO: at 1086.624 ms batch [85.539] delay 3.438 ms
INFO: at 1090.062 ms batch [70.059] delay 3.438 ms
INFO: at 1093.501 ms batch [49.749] delay 3.438 ms
INFO: at 1096.939 ms batch [86.644] delay 3.438 ms
INFO: at 1100.378 ms batch [83.564] delay 3.438 ms
INFO: at 1103.816 ms batch [90.015] delay 3.438 ms
INFO: at 1107.255 ms batch [46.305] delay 3.438 ms
INFO: at 1110.693 ms batch [51.752] delay 3.438 ms
INFO: at 1114.132 ms batch [83.312] delay 3.438 ms
INFO: at 1117.570 ms batch [84.114] delay 3.438 ms
INFO: at 1121.008 ms batch [56.484] delay 3.438 ms
INFO: at 1124.447 ms batch [86.430] delay 3.438 ms
INFO: at 1127.885 ms batch [58.142] delay 3.437 ms
INFO: at 1131.324 ms batch [84.494] delay 3.438 ms
INFO: at 1134.762 ms batch [86.366] delay 3.438 ms
INFO: at 1138.200 ms batch [87.710] delay 3.438 ms
INFO: at 1141.639 ms batch [65.170] delay 3.438 ms
INFO: at 1145.077 ms batch [86.924] delay 3.438 ms
INFO: at 1148.516 ms batch [52.052] delay 3.438 ms
INFO: at 1151.954 ms batch [43.123] delay 2.750 ms
INFO: at 1154.705 ms batch [86.503] delay 2.750 ms
INFO: at 1157.456 ms batch [82.521] delay 2.750 ms
INFO: at 1160.207 ms batch [88.098] delay 2.750 ms
INFO: at 1162.957 ms batch [48.235] delay 2.750 ms
INFO: at 1165.708 ms batch [45.584] delay 2.750 ms
INFO: at 1168.459 ms batch [65.652] delay 2.750 ms
INFO: at 1171.210 ms batch [51.468] delay 2.750 ms
INFO: at 1173.961 ms batch [70.945] delay 2.750 ms
INFO: at 1176.712 ms batch [52.623] delay 2.750 ms
INFO: at 1179.462 ms batch [40.551] delay 3.056 ms
INFO: at 1182.518 ms batch [84.019] delay 3.056 ms
INFO: at 1185.575 ms batch [90.580] delay 3.056 ms
INFO: at 1188.632 ms batch [84.206] delay 3.056 ms
INFO: at 1191.689 ms batch [85.899] delay 3.056 ms
INFO: at 1194.745 ms batch [50.035] delay 3.056 ms
INFO: at 1197.802 ms batch [59.690] delay 3.056 ms
INFO: at 1200.858 ms batch [86.232] delay 3.056 ms
INFO: at 1203.914 ms batch [81.798] delay 0.000 ms
INFO: at 1014.418 ms fetching 50.609 ms
INFO: at 1019.003 ms fetching 10.000 ms
INFO: at 1023.587 ms fetching 57.038 ms
INFO: at 1028.171 ms fetching 51.191 ms
INFO: at 1032.755 ms fetching 47.611 ms
INFO: at 1037.340 ms fetching 89.010 ms
INFO: at 1041.924 ms fetching 87.056 ms
INFO: at 1045.363 ms fetching 52.352 ms
INFO: at 1048.801 ms fetching 59.349 ms
INFO: at 1052.239 ms fetching 86.855 ms
INFO: at 1055.678 ms fetching 67.896 ms
INFO: at 1059.117 ms fetching 55.936 ms
INFO: at 1062.555 ms fetching 60.002 ms
INFO: at 1065.993 ms fetching 34.793 ms
INFO: at 1069.432 ms fetching 66.196 ms
INFO: at 1072.870 ms fetching 48.543 ms
INFO: at 1076.309 ms fetching 86.298 ms
INFO: at 1079.747 ms fetching 61.616 ms
INFO: at 1083.186 ms fetching 38.619 ms
INFO: at 1086.624 ms fetching 85.539 ms
INFO: at 1090.062 ms fetching 70.059 ms
INFO: at 1093.501 ms fetching 49.749 ms
INFO: at 1096.939 ms fetching 86.644 ms
INFO: at 1100.378 ms fetching 83.564 ms
INFO: at 1103.816 ms fetching 90.015 ms
INFO: at 1107.255 ms fetching 46.305 ms
INFO: at 1110.693 ms fetching 51.752 ms
INFO: at 1114.132 ms fetching 83.312 ms
INFO: at 1117.570 ms fetching 84.114 ms
INFO: at 1121.008 ms fetching 56.484 ms
INFO: at 1124.447 ms fetching 86.430 ms
INFO: at 1127.885 ms fetching 58.142 ms
INFO: at 1131.324 ms fetching 84.494 ms
INFO: at 1134.762 ms fetching 86.366 ms
INFO: at 1138.200 ms fetching 87.710 ms
INFO: at 1141.639 ms fetching 65.170 ms
INFO: at 1145.077 ms fetching 86.924 ms
INFO: at 1148.516 ms fetching 52.052 ms
INFO: at 1151.954 ms fetching 43.123 ms
INFO: at 1154.705 ms fetching 86.503 ms
INFO: at 1157.456 ms fetching 82.521 ms
INFO: at 1160.207 ms fetching 88.098 ms
INFO: at 1162.957 ms fetching 48.235 ms
INFO: at 1165.708 ms fetching 45.584 ms
INFO: at 1168.459 ms fetching 65.652 ms
INFO: at 1171.210 ms fetching 51.468 ms
INFO: at 1173.961 ms fetching 70.945 ms
INFO: at 1176.712 ms fetching 52.623 ms
INFO: at 1179.462 ms fetching 40.551 ms
INFO: at 1182.518 ms fetching 84.019 ms
INFO: at 1185.575 ms fetching 90.580 ms
INFO: at 1188.632 ms fetching 84.206 ms
INFO: at 1191.689 ms fetching 85.899 ms
INFO: at 1194.745 ms fetching 50.035 ms
INFO: at 1197.802 ms fetching 59.690 ms
INFO: at 1200.858 ms fetching 86.232 ms
INFO: at 1203.914 ms fetching 81.798 ms
INFO: done
22-02-02:02:49:37 INFO     [docker_logging_utils.py:19] [default-cluster] Created logging directory: /home/cc/Mutimodal/log/incoming_rate_145.45/Not_Equal_Std/left_2_right_0.5/1_x_P99/clipper/logs
22-02-02:02:50:19 INFO     [clipper_admin.py:1424] [default-cluster] Stopped all Clipper cluster and all model containers
