2021-12-11 02:46:32.960747: I tensorflow/stream_executor/platform/default/dso_loader.cc:44] Successfully opened dynamic library libcudart.so.10.0
I1211 02:46:33.006966 119206 backend_main.cpp:74] Backend server: port 8001, rpc port 8002, workers 0, gpu 0
I1211 02:46:33.008677 119206 rpc_service_base.h:46] RPC service is listening on 0.0.0.0:8002
I1211 02:46:33.008808 119206 backend_server.cpp:40] Multi-batching is enabled
I1211 02:46:33.029009 119213 worker.cpp:44] Worker 0 starts
I1211 02:46:33.029062 119214 worker.cpp:44] Worker 1 starts
I1211 02:46:33.029105 119215 worker.cpp:44] Worker 2 starts
I1211 02:46:33.029140 119216 worker.cpp:44] Worker 3 starts
I1211 02:46:33.062047 119212 gpu_executor.cpp:128] GpuExecutor started
I1211 02:46:33.062397 119206 device.cpp:37] GPU 0 Tesla_V100S-PCIE-32GB(fcf0dc04-2c7f-7570-499b-47b29c6d534c): total memory 31.7485GB
I1211 02:46:33.439859 119206 backend_server.cpp:99] Backend server (id: 1566675350) is listening on 0.0.0.0:8001
I1211 02:46:34.889392 119219 model_ins.cpp:84] Construct model fake:fake_0:1:224x224:160, batch 8, max batch 8
I1211 02:46:34.889508 119219 fake_model.cpp:38] model memory usage: 2619487232 B
I1211 02:46:34.889520 119219 fake_model.cpp:41] model memory usage: 2.61949e+09 B
2021-12-11 02:46:34.896235: I tensorflow/stream_executor/platform/default/dso_loader.cc:44] Successfully opened dynamic library libcuda.so.1
2021-12-11 02:46:34.897806: I tensorflow/core/common_runtime/gpu/gpu_device.cc:1558] Found device 0 with properties: 
pciBusID: 0000:21:00.0 name: Tesla V100S-PCIE-32GB computeCapability: 7.0
coreClock: 1.597GHz coreCount: 80 deviceMemorySize: 31.75GiB deviceMemoryBandwidth: 1.03TiB/s
2021-12-11 02:46:34.897820: I tensorflow/stream_executor/platform/default/dso_loader.cc:44] Successfully opened dynamic library libcudart.so.10.0
2021-12-11 02:46:34.899664: I tensorflow/stream_executor/platform/default/dso_loader.cc:44] Successfully opened dynamic library libcublas.so.10.0
2021-12-11 02:46:34.901157: I tensorflow/stream_executor/platform/default/dso_loader.cc:44] Successfully opened dynamic library libcufft.so.10.0
2021-12-11 02:46:34.901493: I tensorflow/stream_executor/platform/default/dso_loader.cc:44] Successfully opened dynamic library libcurand.so.10.0
2021-12-11 02:46:34.903480: I tensorflow/stream_executor/platform/default/dso_loader.cc:44] Successfully opened dynamic library libcusolver.so.10.0
2021-12-11 02:46:34.904847: I tensorflow/stream_executor/platform/default/dso_loader.cc:44] Successfully opened dynamic library libcusparse.so.10.0
2021-12-11 02:46:34.908876: I tensorflow/stream_executor/platform/default/dso_loader.cc:44] Successfully opened dynamic library libcudnn.so.7
2021-12-11 02:46:34.911561: I tensorflow/core/common_runtime/gpu/gpu_device.cc:1700] Adding visible gpu devices: 0
2021-12-11 02:46:34.911743: I tensorflow/core/common_runtime/gpu/gpu_device.cc:1099] Device interconnect StreamExecutor with strength 1 edge matrix:
2021-12-11 02:46:34.911752: I tensorflow/core/common_runtime/gpu/gpu_device.cc:1105]      0 
2021-12-11 02:46:34.911757: I tensorflow/core/common_runtime/gpu/gpu_device.cc:1118] 0:   N 
2021-12-11 02:46:34.915645: I tensorflow/core/common_runtime/gpu/gpu_device.cc:1244] Created TensorFlow device (/job:localhost/replica:0/task:0/device:GPU:0 with 2498 MB memory) -> physical GPU (device: 0, name: Tesla V100S-PCIE-32GB, pci bus id: 0000:21:00.0, compute capability: 7.0)
I1211 02:46:35.068958 119219 fake_model.cpp:87] Model fake:fake_0:1:224x224:160, input: input, shape: 8x224x224x3 (150528)
2021-12-11 02:46:36.129324: I tensorflow/stream_executor/platform/default/dso_loader.cc:44] Successfully opened dynamic library libcudnn.so.7
2021-12-11 02:46:37.149698: I tensorflow/stream_executor/platform/default/dso_loader.cc:44] Successfully opened dynamic library libcublas.so.10.0
I1211 02:46:37.520406 119219 fake_model.cpp:139] Output output, shape: 1x1000 (1000)
I1211 02:46:37.523488 119219 model_ins.cpp:65] Loading model time: 2634ms
I1211 02:46:37.523655 119219 backend_server.cpp:362] Load model instance fake:fake_0:1:224x224:160, batch: 8, backup: 0
I1211 02:46:37.523691 119219 backend_server.cpp:379] Duty cycle: 604.063 us
I1211 02:46:45.909690 119212 fake_model.cpp:311] Model fake:fake_0:1:224x224:160 forward batch, slept for 1000 us = 674.037 + 0.325963 * 1 * 1000
I1211 02:46:45.923445 119212 fake_model.cpp:311] Model fake:fake_0:1:224x224:160 forward batch, slept for 56510.7 us = 38090.3 + 0.325963 * 1 * 56510.7
I1211 02:46:45.980314 119212 fake_model.cpp:311] Model fake:fake_0:1:224x224:160 forward batch, slept for 47633.9 us = 32107 + 0.325963 * 1 * 47633.9
I1211 02:46:46.028138 119212 fake_model.cpp:311] Model fake:fake_0:1:224x224:160 forward batch, slept for 56206.5 us = 37885.3 + 0.325963 * 1 * 56206.5
I1211 02:46:46.084625 119212 fake_model.cpp:311] Model fake:fake_0:1:224x224:160 forward batch, slept for 114364 us = 58135.4 + 0.325963 * 2 * 86249.6
I1211 02:46:46.199273 119212 fake_model.cpp:311] Model fake:fake_0:1:224x224:160 forward batch, slept for 91452.3 us = 46488.7 + 0.325963 * 2 * 68970.5
I1211 02:46:46.290892 119212 fake_model.cpp:311] Model fake:fake_0:1:224x224:160 forward batch, slept for 65472 us = 44130.6 + 0.325963 * 1 * 65472
I1211 02:46:46.356631 119212 fake_model.cpp:311] Model fake:fake_0:1:224x224:160 forward batch, slept for 97812.5 us = 49721.8 + 0.325963 * 2 * 73767.1
I1211 02:46:46.455080 119212 fake_model.cpp:311] Model fake:fake_0:1:224x224:160 forward batch, slept for 195614 us = 79816.5 + 0.325963 * 3 * 118416
I1211 02:46:46.651829 119212 fake_model.cpp:311] Model fake:fake_0:1:224x224:160 forward batch, slept for 253444 us = 64959.1 + 0.325963 * 6 * 96373.2
I1211 02:46:46.906098 119212 fake_model.cpp:311] Model fake:fake_0:1:224x224:160 forward batch, slept for 127290 us = 43378.5 + 0.325963 * 4 * 64356.3
I1211 02:46:47.034041 119212 fake_model.cpp:311] Model fake:fake_0:1:224x224:160 forward batch, slept for 122269 us = 49889.7 + 0.325963 * 3 * 74016.2
I1211 02:46:47.156683 119212 fake_model.cpp:311] Model fake:fake_0:1:224x224:160 forward batch, slept for 98795.9 us = 40311.8 + 0.325963 * 3 * 59806.5
I1211 02:46:47.255977 119212 fake_model.cpp:311] Model fake:fake_0:1:224x224:160 forward batch, slept for 120426 us = 49137.5 + 0.325963 * 3 * 72900.4
I1211 02:46:47.376698 119212 fake_model.cpp:311] Model fake:fake_0:1:224x224:160 forward batch, slept for 87219.1 us = 44336.8 + 0.325963 * 2 * 65777.9
I1211 02:46:47.464213 119212 fake_model.cpp:311] Model fake:fake_0:1:224x224:160 forward batch, slept for 90297.8 us = 45901.8 + 0.325963 * 2 * 68099.8
I1211 02:46:47.524718 119220 backend_server.cpp:422] fake:fake_0:1:224x224:160 request rate: 3.08158, drop rate: 0
I1211 02:46:47.554908 119212 fake_model.cpp:311] Model fake:fake_0:1:224x224:160 forward batch, slept for 106208 us = 43336.2 + 0.325963 * 3 * 64293.5
I1211 02:46:47.661648 119212 fake_model.cpp:311] Model fake:fake_0:1:224x224:160 forward batch, slept for 106213 us = 43338.1 + 0.325963 * 3 * 64296.3
I1211 02:46:47.768296 119212 fake_model.cpp:311] Model fake:fake_0:1:224x224:160 forward batch, slept for 117951 us = 48127.5 + 0.325963 * 3 * 71401.8
I1211 02:46:47.886684 119212 fake_model.cpp:311] Model fake:fake_0:1:224x224:160 forward batch, slept for 189920 us = 77493.3 + 0.325963 * 3 * 114969
I1211 02:46:48.077138 119212 fake_model.cpp:311] Model fake:fake_0:1:224x224:160 forward batch, slept for 169610 us = 57800.8 + 0.325963 * 4 * 85753.1
I1211 02:46:48.247309 119212 fake_model.cpp:311] Model fake:fake_0:1:224x224:160 forward batch, slept for 176814 us = 60255.6 + 0.325963 * 4 * 89395.1
I1211 02:46:48.424711 119212 fake_model.cpp:311] Model fake:fake_0:1:224x224:160 forward batch, slept for 197212 us = 67207 + 0.325963 * 4 * 99708.2
I1211 02:46:48.622496 119212 fake_model.cpp:311] Model fake:fake_0:1:224x224:160 forward batch, slept for 168414 us = 57393.3 + 0.325963 * 4 * 85148.6
I1211 02:46:48.791460 119212 fake_model.cpp:311] Model fake:fake_0:1:224x224:160 forward batch, slept for 150534 us = 51299.9 + 0.325963 * 4 * 76108.4
I1211 02:46:48.942677 119212 fake_model.cpp:311] Model fake:fake_0:1:224x224:160 forward batch, slept for 227261 us = 66489.8 + 0.325963 * 5 * 98644.1
I1211 02:46:49.170500 119212 fake_model.cpp:311] Model fake:fake_0:1:224x224:160 forward batch, slept for 135024 us = 55093.8 + 0.325963 * 3 * 81737
I1211 02:46:49.305837 119212 fake_model.cpp:311] Model fake:fake_0:1:224x224:160 forward batch, slept for 80054.1 us = 40694.5 + 0.325963 * 2 * 60374.3
I1211 02:46:49.386174 119212 fake_model.cpp:311] Model fake:fake_0:1:224x224:160 forward batch, slept for 68167.1 us = 34651.9 + 0.325963 * 2 * 51409.5
I1211 02:46:49.454640 119212 fake_model.cpp:311] Model fake:fake_0:1:224x224:160 forward batch, slept for 122853 us = 62450.9 + 0.325963 * 2 * 92652.1
I1211 02:46:49.524829 119220 backend_server.cpp:422] fake:fake_0:1:224x224:160 request rate: 10.9999, drop rate: 1.13745
I1211 02:46:49.577788 119212 fake_model.cpp:311] Model fake:fake_0:1:224x224:160 forward batch, slept for 104976 us = 53363.1 + 0.325963 * 2 * 79169.4
I1211 02:46:49.683060 119212 fake_model.cpp:311] Model fake:fake_0:1:224x224:160 forward batch, slept for 81816 us = 41590.2 + 0.325963 * 2 * 61703.1
I1211 02:46:49.765177 119212 fake_model.cpp:311] Model fake:fake_0:1:224x224:160 forward batch, slept for 101263 us = 51475.8 + 0.325963 * 2 * 76369.4
I1211 02:46:49.866595 119212 fake_model.cpp:311] Model fake:fake_0:1:224x224:160 forward batch, slept for 83091.3 us = 56006.6 + 0.325963 * 1 * 83091.3
I1211 02:46:49.950089 119212 fake_model.cpp:311] Model fake:fake_0:1:224x224:160 forward batch, slept for 127990 us = 52223.8 + 0.325963 * 3 * 77479.1
I1211 02:46:50.078497 119212 fake_model.cpp:311] Model fake:fake_0:1:224x224:160 forward batch, slept for 105414 us = 43012.2 + 0.325963 * 3 * 63812.9
I1211 02:46:50.184338 119212 fake_model.cpp:311] Model fake:fake_0:1:224x224:160 forward batch, slept for 204570 us = 83470.8 + 0.325963 * 3 * 123837
I1211 02:46:50.389452 119212 fake_model.cpp:311] Model fake:fake_0:1:224x224:160 forward batch, slept for 132879 us = 45283.3 + 0.325963 * 4 * 67182.2
I1211 02:46:50.522939 119212 fake_model.cpp:311] Model fake:fake_0:1:224x224:160 forward batch, slept for 163446 us = 55700.2 + 0.325963 * 4 * 82636.7
I1211 02:46:50.687090 119212 fake_model.cpp:311] Model fake:fake_0:1:224x224:160 forward batch, slept for 151154 us = 44223 + 0.325963 * 5 * 65609.2
I1211 02:46:50.838955 119212 fake_model.cpp:311] Model fake:fake_0:1:224x224:160 forward batch, slept for 193107 us = 56497.1 + 0.325963 * 5 * 83819
I1211 02:46:51.032711 119212 fake_model.cpp:311] Model fake:fake_0:1:224x224:160 forward batch, slept for 167264 us = 57001.3 + 0.325963 * 4 * 84567
I1211 02:46:51.200724 119212 fake_model.cpp:311] Model fake:fake_0:1:224x224:160 forward batch, slept for 146093 us = 42742.4 + 0.325963 * 5 * 63412.5
I1211 02:46:51.347491 119212 fake_model.cpp:311] Model fake:fake_0:1:224x224:160 forward batch, slept for 198125 us = 67518.3 + 0.325963 * 4 * 100170
I1211 02:46:51.524768 119220 backend_server.cpp:422] fake:fake_0:1:224x224:160 request rate: 14.9889, drop rate: 1.24055
I1211 02:46:51.546118 119212 fake_model.cpp:311] Model fake:fake_0:1:224x224:160 forward batch, slept for 129480 us = 52832 + 0.325963 * 3 * 78381.4
I1211 02:46:51.675896 119212 fake_model.cpp:311] Model fake:fake_0:1:224x224:160 forward batch, slept for 75818.8 us = 38541.5 + 0.325963 * 2 * 57180.1
I1211 02:46:51.751876 119212 fake_model.cpp:311] Model fake:fake_0:1:224x224:160 forward batch, slept for 70844.7 us = 47752 + 0.325963 * 1 * 70844.7
I1211 02:46:51.822989 119212 fake_model.cpp:311] Model fake:fake_0:1:224x224:160 forward batch, slept for 71513 us = 36352.8 + 0.325963 * 2 * 53932.9
I1211 02:46:51.894661 119212 fake_model.cpp:311] Model fake:fake_0:1:224x224:160 forward batch, slept for 87569.6 us = 59025.2 + 0.325963 * 1 * 87569.6
I1211 02:46:51.982374 119212 fake_model.cpp:311] Model fake:fake_0:1:224x224:160 forward batch, slept for 67893.7 us = 45762.9 + 0.325963 * 1 * 67893.7
I1211 02:46:52.050539 119212 fake_model.cpp:311] Model fake:fake_0:1:224x224:160 forward batch, slept for 112695 us = 57287.1 + 0.325963 * 2 * 84991
I1211 02:46:52.163501 119212 fake_model.cpp:311] Model fake:fake_0:1:224x224:160 forward batch, slept for 132668 us = 67439.9 + 0.325963 * 2 * 100054
I1211 02:46:52.296479 119212 fake_model.cpp:311] Model fake:fake_0:1:224x224:160 forward batch, slept for 126378 us = 64242.5 + 0.325963 * 2 * 95310.1
I1211 02:46:52.423367 119212 fake_model.cpp:311] Model fake:fake_0:1:224x224:160 forward batch, slept for 154284 us = 52577.8 + 0.325963 * 4 * 78004.3
I1211 02:46:52.578222 119212 fake_model.cpp:311] Model fake:fake_0:1:224x224:160 forward batch, slept for 188666 us = 64294.6 + 0.325963 * 4 * 95387.3
I1211 02:46:52.767361 119212 fake_model.cpp:311] Model fake:fake_0:1:224x224:160 forward batch, slept for 106771 us = 43565.9 + 0.325963 * 3 * 64634.3
I1211 02:46:52.874436 119212 fake_model.cpp:311] Model fake:fake_0:1:224x224:160 forward batch, slept for 91455 us = 46490 + 0.325963 * 2 * 68972.5
I1211 02:46:52.966181 119212 fake_model.cpp:311] Model fake:fake_0:1:224x224:160 forward batch, slept for 85880.4 us = 43656.2 + 0.325963 * 2 * 64768.3
I1211 02:46:53.052354 119212 fake_model.cpp:311] Model fake:fake_0:1:224x224:160 forward batch, slept for 97089.9 us = 49354.5 + 0.325963 * 2 * 73222.2
I1211 02:46:53.149729 119212 fake_model.cpp:311] Model fake:fake_0:1:224x224:160 forward batch, slept for 98018.7 us = 49826.6 + 0.325963 * 2 * 73922.6
I1211 02:46:53.248031 119212 fake_model.cpp:311] Model fake:fake_0:1:224x224:160 forward batch, slept for 104287 us = 53013.2 + 0.325963 * 2 * 78650.2
I1211 02:46:53.353250 119212 fake_model.cpp:311] Model fake:fake_0:1:224x224:160 forward batch, slept for 252631 us = 57610.2 + 0.325963 * 7 * 85470.3
I1211 02:46:53.524945 119220 backend_server.cpp:422] fake:fake_0:1:224x224:160 request rate: 17.9767, drop rate: 1.30965
I1211 02:46:53.606693 119212 fake_model.cpp:311] Model fake:fake_0:1:224x224:160 forward batch, slept for 172992 us = 50612.2 + 0.325963 * 5 * 75088.2
I1211 02:46:53.780347 119212 fake_model.cpp:311] Model fake:fake_0:1:224x224:160 forward batch, slept for 156729 us = 53411 + 0.325963 * 4 * 79240.4
I1211 02:46:53.937517 119212 fake_model.cpp:311] Model fake:fake_0:1:224x224:160 forward batch, slept for 129226 us = 52728.4 + 0.325963 * 3 * 78227.7
I1211 02:46:54.067355 119212 fake_model.cpp:311] Model fake:fake_0:1:224x224:160 forward batch, slept for 138277 us = 47122.9 + 0.325963 * 4 * 69911.4
I1211 02:46:54.206594 119212 fake_model.cpp:311] Model fake:fake_0:1:224x224:160 forward batch, slept for 166125 us = 48603.2 + 0.325963 * 5 * 72107.6
I1211 02:46:54.373313 119212 fake_model.cpp:311] Model fake:fake_0:1:224x224:160 forward batch, slept for 150521 us = 51295.3 + 0.325963 * 4 * 76101.6
I1211 02:46:54.524379 119212 fake_model.cpp:311] Model fake:fake_0:1:224x224:160 forward batch, slept for 167600 us = 57115.7 + 0.325963 * 4 * 84736.7
I1211 02:46:54.692457 119212 fake_model.cpp:311] Model fake:fake_0:1:224x224:160 forward batch, slept for 134978 us = 55075.4 + 0.325963 * 3 * 81709.8
I1211 02:46:54.827841 119212 fake_model.cpp:311] Model fake:fake_0:1:224x224:160 forward batch, slept for 141075 us = 57562.9 + 0.325963 * 3 * 85400.2
I1211 02:46:54.969326 119212 fake_model.cpp:311] Model fake:fake_0:1:224x224:160 forward batch, slept for 174143 us = 71055.9 + 0.325963 * 3 * 105418
I1211 02:46:55.144111 119212 fake_model.cpp:311] Model fake:fake_0:1:224x224:160 forward batch, slept for 215323 us = 62996.8 + 0.325963 * 5 * 93462
I1211 02:46:55.359941 119212 fake_model.cpp:311] Model fake:fake_0:1:224x224:160 forward batch, slept for 103712 us = 42317.8 + 0.325963 * 3 * 62782.6
I1211 02:46:55.464074 119212 fake_model.cpp:311] Model fake:fake_0:1:224x224:160 forward batch, slept for 122425 us = 49953.2 + 0.325963 * 3 * 74110.5
I1211 02:46:55.524921 119220 backend_server.cpp:422] fake:fake_0:1:224x224:160 request rate: 21.8748, drop rate: 2.47645
I1211 02:46:55.587051 119212 fake_model.cpp:311] Model fake:fake_0:1:224x224:160 forward batch, slept for 158491 us = 54011.5 + 0.325963 * 4 * 80131.3
I1211 02:46:55.746331 119212 fake_model.cpp:311] Model fake:fake_0:1:224x224:160 forward batch, slept for 213352 us = 54683.3 + 0.325963 * 6 * 81128
I1211 02:46:55.960211 119212 fake_model.cpp:311] Model fake:fake_0:1:224x224:160 forward batch, slept for 141583 us = 57770.1 + 0.325963 * 3 * 85707.6
I1211 02:46:56.102319 119212 fake_model.cpp:311] Model fake:fake_0:1:224x224:160 forward batch, slept for 143588 us = 48932.9 + 0.325963 * 4 * 72596.8
I1211 02:46:56.246369 119212 fake_model.cpp:311] Model fake:fake_0:1:224x224:160 forward batch, slept for 130231 us = 53138.2 + 0.325963 * 3 * 78835.7
I1211 02:46:56.376880 119212 fake_model.cpp:311] Model fake:fake_0:1:224x224:160 forward batch, slept for 102342 us = 52024.4 + 0.325963 * 2 * 77183.3
I1211 02:46:56.479773 119212 fake_model.cpp:311] Model fake:fake_0:1:224x224:160 forward batch, slept for 152985 us = 62422.5 + 0.325963 * 3 * 92609.9
I1211 02:46:56.633219 119212 fake_model.cpp:311] Model fake:fake_0:1:224x224:160 forward batch, slept for 161297 us = 65814.3 + 0.325963 * 3 * 97642
I1211 02:46:56.795080 119212 fake_model.cpp:311] Model fake:fake_0:1:224x224:160 forward batch, slept for 203917 us = 69492 + 0.325963 * 4 * 103098
I1211 02:46:56.999521 119212 fake_model.cpp:311] Model fake:fake_0:1:224x224:160 forward batch, slept for 138195 us = 47095 + 0.325963 * 4 * 69870.1
I1211 02:46:57.138164 119212 fake_model.cpp:311] Model fake:fake_0:1:224x224:160 forward batch, slept for 138495 us = 56510.2 + 0.325963 * 3 * 83838.4
I1211 02:46:57.277158 119212 fake_model.cpp:311] Model fake:fake_0:1:224x224:160 forward batch, slept for 116436 us = 47509.4 + 0.325963 * 3 * 70484.9
I1211 02:46:57.394142 119212 fake_model.cpp:311] Model fake:fake_0:1:224x224:160 forward batch, slept for 152688 us = 52033.9 + 0.325963 * 4 * 77197.4
I1211 02:46:57.525074 119220 backend_server.cpp:422] fake:fake_0:1:224x224:160 request rate: 22.7567, drop rate: 2.28652
I1211 02:46:57.547417 119212 fake_model.cpp:311] Model fake:fake_0:1:224x224:160 forward batch, slept for 118976 us = 40545.3 + 0.325963 * 4 * 60152.9
I1211 02:46:57.666834 119212 fake_model.cpp:311] Model fake:fake_0:1:224x224:160 forward batch, slept for 122250 us = 49881.7 + 0.325963 * 3 * 74004.4
I1211 02:46:57.789381 119212 fake_model.cpp:311] Model fake:fake_0:1:224x224:160 forward batch, slept for 114750 us = 58331.6 + 0.325963 * 2 * 86540.6
I1211 02:46:57.904548 119212 fake_model.cpp:311] Model fake:fake_0:1:224x224:160 forward batch, slept for 139666 us = 56987.9 + 0.325963 * 3 * 84547.1
I1211 02:46:58.044490 119212 fake_model.cpp:311] Model fake:fake_0:1:224x224:160 forward batch, slept for 99322.3 us = 50489.3 + 0.325963 * 2 * 74905.8
I1211 02:46:58.144091 119212 fake_model.cpp:311] Model fake:fake_0:1:224x224:160 forward batch, slept for 84366 us = 42886.4 + 0.325963 * 2 * 63626.2
I1211 02:46:58.228734 119212 fake_model.cpp:311] Model fake:fake_0:1:224x224:160 forward batch, slept for 129675 us = 65918.7 + 0.325963 * 2 * 97796.9
I1211 02:46:58.358732 119212 fake_model.cpp:311] Model fake:fake_0:1:224x224:160 forward batch, slept for 128777 us = 65462.3 + 0.325963 * 2 * 97119.8
I1211 02:46:58.488062 119212 fake_model.cpp:311] Model fake:fake_0:1:224x224:160 forward batch, slept for 148098 us = 50469.8 + 0.325963 * 4 * 74876.9
I1211 02:46:58.636830 119212 fake_model.cpp:311] Model fake:fake_0:1:224x224:160 forward batch, slept for 194607 us = 56936.1 + 0.325963 * 5 * 84470.3
I1211 02:46:58.831990 119212 fake_model.cpp:311] Model fake:fake_0:1:224x224:160 forward batch, slept for 205704 us = 70100.9 + 0.325963 * 4 * 104002
I1211 02:46:59.038364 119212 fake_model.cpp:311] Model fake:fake_0:1:224x224:160 forward batch, slept for 174521 us = 51059.7 + 0.325963 * 5 * 75752
I1211 02:46:59.213578 119212 fake_model.cpp:311] Model fake:fake_0:1:224x224:160 forward batch, slept for 203207 us = 59452.3 + 0.325963 * 5 * 88203.3
I1211 02:46:59.417366 119212 fake_model.cpp:311] Model fake:fake_0:1:224x224:160 forward batch, slept for 148797 us = 50708 + 0.325963 * 4 * 75230.2
I1211 02:46:59.525100 119220 backend_server.cpp:422] fake:fake_0:1:224x224:160 request rate: 23.1337, drop rate: 1.82952
I1211 02:46:59.566606 119212 fake_model.cpp:311] Model fake:fake_0:1:224x224:160 forward batch, slept for 136898 us = 55858.6 + 0.325963 * 3 * 82871.7
I1211 02:46:59.704059 119212 fake_model.cpp:311] Model fake:fake_0:1:224x224:160 forward batch, slept for 161762 us = 55126.2 + 0.325963 * 4 * 81785.1
I1211 02:46:59.866268 119212 fake_model.cpp:311] Model fake:fake_0:1:224x224:160 forward batch, slept for 133277 us = 54381.1 + 0.325963 * 3 * 80679.6
I1211 02:47:00.000069 119212 fake_model.cpp:311] Model fake:fake_0:1:224x224:160 forward batch, slept for 210531 us = 71745.9 + 0.325963 * 4 * 106442
I1211 02:47:00.211649 119212 fake_model.cpp:311] Model fake:fake_0:1:224x224:160 forward batch, slept for 258373 us = 53067.3 + 0.325963 * 8 * 78730.6
I1211 02:47:00.470687 119212 fake_model.cpp:311] Model fake:fake_0:1:224x224:160 forward batch, slept for 181069 us = 61705.7 + 0.325963 * 4 * 91546.4
I1211 02:47:00.652182 119212 fake_model.cpp:311] Model fake:fake_0:1:224x224:160 forward batch, slept for 124901 us = 50963.4 + 0.325963 * 3 * 75609.3
I1211 02:47:00.777480 119212 fake_model.cpp:311] Model fake:fake_0:1:224x224:160 forward batch, slept for 169015 us = 68963.5 + 0.325963 * 3 * 102314
I1211 02:47:00.947038 119212 fake_model.cpp:311] Model fake:fake_0:1:224x224:160 forward batch, slept for 136409 us = 46486.4 + 0.325963 * 4 * 68967.2
I1211 02:47:01.083997 119212 fake_model.cpp:311] Model fake:fake_0:1:224x224:160 forward batch, slept for 155728 us = 53070 + 0.325963 * 4 * 78734.5
I1211 02:47:01.240480 119212 fake_model.cpp:311] Model fake:fake_0:1:224x224:160 forward batch, slept for 211424 us = 54189.2 + 0.325963 * 6 * 80395
I1211 02:47:01.452493 119212 fake_model.cpp:311] Model fake:fake_0:1:224x224:160 forward batch, slept for 175314 us = 59744.5 + 0.325963 * 4 * 88636.8
I1211 02:47:01.524992 119220 backend_server.cpp:422] fake:fake_0:1:224x224:160 request rate: 25.4303, drop rate: 3.20444
I1211 02:47:01.628384 119212 fake_model.cpp:311] Model fake:fake_0:1:224x224:160 forward batch, slept for 128511 us = 43794.9 + 0.325963 * 4 * 64974.1
I1211 02:47:01.757330 119212 fake_model.cpp:311] Model fake:fake_0:1:224x224:160 forward batch, slept for 156163 us = 63719.5 + 0.325963 * 3 * 94534.1
I1211 02:47:01.914144 119212 fake_model.cpp:311] Model fake:fake_0:1:224x224:160 forward batch, slept for 191516 us = 56031.8 + 0.325963 * 5 * 83128.6
I1211 02:47:02.106256 119212 fake_model.cpp:311] Model fake:fake_0:1:224x224:160 forward batch, slept for 158505 us = 54016.2 + 0.325963 * 4 * 80138.3
I1211 02:47:02.265461 119212 fake_model.cpp:311] Model fake:fake_0:1:224x224:160 forward batch, slept for 191668 us = 56076.2 + 0.325963 * 5 * 83194.6
I1211 02:47:02.457581 119212 fake_model.cpp:311] Model fake:fake_0:1:224x224:160 forward batch, slept for 148963 us = 60781.7 + 0.325963 * 3 * 90175.6
I1211 02:47:02.607129 119212 fake_model.cpp:311] Model fake:fake_0:1:224x224:160 forward batch, slept for 134050 us = 45682.5 + 0.325963 * 4 * 67774.5
I1211 02:47:02.741763 119212 fake_model.cpp:311] Model fake:fake_0:1:224x224:160 forward batch, slept for 128699 us = 43858.9 + 0.325963 * 4 * 65068.9
I1211 02:47:02.870879 119212 fake_model.cpp:311] Model fake:fake_0:1:224x224:160 forward batch, slept for 125846 us = 51349 + 0.325963 * 3 * 76181.3
I1211 02:47:02.997256 119212 fake_model.cpp:311] Model fake:fake_0:1:224x224:160 forward batch, slept for 152706 us = 52040 + 0.325963 * 4 * 77206.5
I1211 02:47:03.150939 119212 fake_model.cpp:311] Model fake:fake_0:1:224x224:160 forward batch, slept for 171794 us = 50261.7 + 0.325963 * 5 * 74568.2
I1211 02:47:03.323416 119212 fake_model.cpp:311] Model fake:fake_0:1:224x224:160 forward batch, slept for 183792 us = 53771.9 + 0.325963 * 5 * 79775.9
I1211 02:47:03.507767 119212 fake_model.cpp:311] Model fake:fake_0:1:224x224:160 forward batch, slept for 130717 us = 44546.7 + 0.325963 * 4 * 66089.3
I1211 02:47:03.525203 119220 backend_server.cpp:422] fake:fake_0:1:224x224:160 request rate: 26.129, drop rate: 3.1699
I1211 02:47:03.638927 119212 fake_model.cpp:311] Model fake:fake_0:1:224x224:160 forward batch, slept for 113828 us = 46445.4 + 0.325963 * 3 * 68906.3
I1211 02:47:03.753374 119212 fake_model.cpp:311] Model fake:fake_0:1:224x224:160 forward batch, slept for 138117 us = 47068.2 + 0.325963 * 4 * 69830.3
I1211 02:47:03.892259 119212 fake_model.cpp:311] Model fake:fake_0:1:224x224:160 forward batch, slept for 209162 us = 61194.5 + 0.325963 * 5 * 90788
I1211 02:47:04.102039 119212 fake_model.cpp:311] Model fake:fake_0:1:224x224:160 forward batch, slept for 164714 us = 56132.2 + 0.325963 * 4 * 83277.6
I1211 02:47:04.267329 119212 fake_model.cpp:311] Model fake:fake_0:1:224x224:160 forward batch, slept for 235973 us = 80416.4 + 0.325963 * 4 * 119306
I1211 02:47:04.504058 119212 fake_model.cpp:311] Model fake:fake_0:1:224x224:160 forward batch, slept for 161600 us = 47279.1 + 0.325963 * 5 * 70143.2
I1211 02:47:04.666429 119212 fake_model.cpp:311] Model fake:fake_0:1:224x224:160 forward batch, slept for 219157 us = 64118.8 + 0.325963 * 5 * 95126.5
I1211 02:47:04.886430 119212 fake_model.cpp:311] Model fake:fake_0:1:224x224:160 forward batch, slept for 224185 us = 57459.9 + 0.325963 * 6 * 85247.4
I1211 02:47:05.111382 119212 fake_model.cpp:311] Model fake:fake_0:1:224x224:160 forward batch, slept for 179770 us = 52595.1 + 0.325963 * 5 * 78030
I1211 02:47:05.291893 119212 fake_model.cpp:311] Model fake:fake_0:1:224x224:160 forward batch, slept for 202222 us = 59164 + 0.325963 * 5 * 87775.5
I1211 02:47:05.494736 119212 fake_model.cpp:311] Model fake:fake_0:1:224x224:160 forward batch, slept for 162807 us = 55482.3 + 0.325963 * 4 * 82313.5
I1211 02:47:05.525259 119220 backend_server.cpp:422] fake:fake_0:1:224x224:160 request rate: 27.0755, drop rate: 2.96548
I1211 02:47:05.658336 119212 fake_model.cpp:311] Model fake:fake_0:1:224x224:160 forward batch, slept for 189718 us = 55505.7 + 0.325963 * 5 * 82348.2
I1211 02:47:05.848965 119212 fake_model.cpp:311] Model fake:fake_0:1:224x224:160 forward batch, slept for 186765 us = 47869 + 0.325963 * 6 * 71018.4
I1211 02:47:06.036604 119212 fake_model.cpp:311] Model fake:fake_0:1:224x224:160 forward batch, slept for 232804 us = 59669 + 0.325963 * 6 * 88524.9
I1211 02:47:06.270301 119212 fake_model.cpp:311] Model fake:fake_0:1:224x224:160 forward batch, slept for 220491 us = 56513.1 + 0.325963 * 6 * 83842.8
I1211 02:47:06.491436 119212 fake_model.cpp:311] Model fake:fake_0:1:224x224:160 forward batch, slept for 120328 us = 41006.1 + 0.325963 * 4 * 60836.6
I1211 02:47:06.612464 119212 fake_model.cpp:311] Model fake:fake_0:1:224x224:160 forward batch, slept for 157104 us = 45963.8 + 0.325963 * 5 * 68191.8
I1211 02:47:06.770287 119212 fake_model.cpp:311] Model fake:fake_0:1:224x224:160 forward batch, slept for 187840 us = 54956.2 + 0.325963 * 5 * 81533
I1211 02:47:06.958761 119212 fake_model.cpp:311] Model fake:fake_0:1:224x224:160 forward batch, slept for 209041 us = 71238.2 + 0.325963 * 4 * 105689
I1211 02:47:07.168290 119212 fake_model.cpp:311] Model fake:fake_0:1:224x224:160 forward batch, slept for 137715 us = 56191.9 + 0.325963 * 3 * 83366.1
I1211 02:47:07.306295 119212 fake_model.cpp:311] Model fake:fake_0:1:224x224:160 forward batch, slept for 110861 us = 56354.6 + 0.325963 * 2 * 83607.6
I1211 02:47:07.417608 119212 fake_model.cpp:311] Model fake:fake_0:1:224x224:160 forward batch, slept for 121206 us = 49455.7 + 0.325963 * 3 * 73372.3
I1211 02:47:07.525267 119220 backend_server.cpp:422] fake:fake_0:1:224x224:160 request rate: 28.7976, drop rate: 3.81749
I1211 02:47:07.539110 119212 fake_model.cpp:311] Model fake:fake_0:1:224x224:160 forward batch, slept for 106318 us = 54045.2 + 0.325963 * 2 * 80181.4
I1211 02:47:07.645774 119212 fake_model.cpp:311] Model fake:fake_0:1:224x224:160 forward batch, slept for 106442 us = 54108.7 + 0.325963 * 2 * 80275.6
I1211 02:47:07.752663 119212 fake_model.cpp:311] Model fake:fake_0:1:224x224:160 forward batch, slept for 113460 us = 46295.3 + 0.325963 * 3 * 68683.7
I1211 02:47:07.866443 119212 fake_model.cpp:311] Model fake:fake_0:1:224x224:160 forward batch, slept for 126845 us = 64479.9 + 0.325963 * 2 * 95662.3
I1211 02:47:07.993579 119212 fake_model.cpp:311] Model fake:fake_0:1:224x224:160 forward batch, slept for 84746.5 us = 43079.8 + 0.325963 * 2 * 63913.1
I1211 02:47:08.078644 119212 fake_model.cpp:311] Model fake:fake_0:1:224x224:160 forward batch, slept for 83542.2 us = 42467.6 + 0.325963 * 2 * 63004.9
I1211 02:47:08.162343 119212 fake_model.cpp:311] Model fake:fake_0:1:224x224:160 forward batch, slept for 62876.3 us = 42381 + 0.325963 * 1 * 62876.3
I1211 02:47:08.225494 119212 fake_model.cpp:311] Model fake:fake_0:1:224x224:160 forward batch, slept for 100285 us = 50978.5 + 0.325963 * 2 * 75631.6
I1211 02:47:08.326176 119212 fake_model.cpp:311] Model fake:fake_0:1:224x224:160 forward batch, slept for 105849 us = 43189.6 + 0.325963 * 3 * 64076.1
I1211 02:47:08.432446 119212 fake_model.cpp:311] Model fake:fake_0:1:224x224:160 forward batch, slept for 144366 us = 58905.9 + 0.325963 * 3 * 87392.7
I1211 02:47:08.577319 119212 fake_model.cpp:311] Model fake:fake_0:1:224x224:160 forward batch, slept for 129684 us = 44194.6 + 0.325963 * 4 * 65567.1
I1211 02:47:08.707593 119212 fake_model.cpp:311] Model fake:fake_0:1:224x224:160 forward batch, slept for 174794 us = 59567.4 + 0.325963 * 4 * 88374
I1211 02:47:08.882921 119212 fake_model.cpp:311] Model fake:fake_0:1:224x224:160 forward batch, slept for 161616 us = 55076.4 + 0.325963 * 4 * 81711.2
I1211 02:47:09.045147 119212 fake_model.cpp:311] Model fake:fake_0:1:224x224:160 forward batch, slept for 132915 us = 45295.5 + 0.325963 * 4 * 67200.3
I1211 02:47:09.178629 119212 fake_model.cpp:311] Model fake:fake_0:1:224x224:160 forward batch, slept for 174437 us = 59445.6 + 0.325963 * 4 * 88193.4
I1211 02:47:09.353492 119212 fake_model.cpp:311] Model fake:fake_0:1:224x224:160 forward batch, slept for 101046 us = 41229.9 + 0.325963 * 3 * 61168.5
I1211 02:47:09.454818 119212 fake_model.cpp:311] Model fake:fake_0:1:224x224:160 forward batch, slept for 80894.4 us = 41121.7 + 0.325963 * 2 * 61008
I1211 02:47:09.525388 119220 backend_server.cpp:422] fake:fake_0:1:224x224:160 request rate: 27.1831, drop rate: 3.00417
I1211 02:47:09.535991 119212 fake_model.cpp:311] Model fake:fake_0:1:224x224:160 forward batch, slept for 112686 us = 57282.5 + 0.325963 * 2 * 84984.1
I1211 02:47:09.649083 119212 fake_model.cpp:311] Model fake:fake_0:1:224x224:160 forward batch, slept for 161724 us = 65988.3 + 0.325963 * 3 * 97900.1
I1211 02:47:09.811380 119212 fake_model.cpp:311] Model fake:fake_0:1:224x224:160 forward batch, slept for 174845 us = 59584.7 + 0.325963 * 4 * 88399.7
I1211 02:47:09.986800 119212 fake_model.cpp:311] Model fake:fake_0:1:224x224:160 forward batch, slept for 217986 us = 74286.5 + 0.325963 * 4 * 110211
I1211 02:47:10.205123 119212 fake_model.cpp:311] Model fake:fake_0:1:224x224:160 forward batch, slept for 111620 us = 56740.5 + 0.325963 * 2 * 84180.2
I1211 02:47:10.317037 119212 fake_model.cpp:311] Model fake:fake_0:1:224x224:160 forward batch, slept for 105425 us = 53591.7 + 0.325963 * 2 * 79508.5
I1211 02:47:10.422751 119212 fake_model.cpp:311] Model fake:fake_0:1:224x224:160 forward batch, slept for 112026 us = 56947 + 0.325963 * 2 * 84486.5
I1211 02:47:10.535297 119212 fake_model.cpp:311] Model fake:fake_0:1:224x224:160 forward batch, slept for 157638 us = 53720.8 + 0.325963 * 4 * 79700.1
I1211 02:47:10.693495 119212 fake_model.cpp:311] Model fake:fake_0:1:224x224:160 forward batch, slept for 159676 us = 54415.2 + 0.325963 * 4 * 80730.3
I1211 02:47:10.853600 119212 fake_model.cpp:311] Model fake:fake_0:1:224x224:160 forward batch, slept for 122545 us = 50002.4 + 0.325963 * 3 * 74183.4
I1211 02:47:10.976702 119212 fake_model.cpp:311] Model fake:fake_0:1:224x224:160 forward batch, slept for 147973 us = 50427.1 + 0.325963 * 4 * 74813.6
I1211 02:47:11.125149 119212 fake_model.cpp:311] Model fake:fake_0:1:224x224:160 forward batch, slept for 123087 us = 50223.4 + 0.325963 * 3 * 74511.3
I1211 02:47:11.248785 119212 fake_model.cpp:311] Model fake:fake_0:1:224x224:160 forward batch, slept for 120523 us = 41072.4 + 0.325963 * 4 * 60934.9
I1211 02:47:11.369918 119212 fake_model.cpp:311] Model fake:fake_0:1:224x224:160 forward batch, slept for 124312 us = 42363.9 + 0.325963 * 4 * 62851.1
I1211 02:47:11.494818 119212 fake_model.cpp:311] Model fake:fake_0:1:224x224:160 forward batch, slept for 191481 us = 65254 + 0.325963 * 4 * 96810.7
I1211 02:47:11.525481 119220 backend_server.cpp:422] fake:fake_0:1:224x224:160 request rate: 26.1337, drop rate: 2.55756
I1211 02:47:11.687034 119212 fake_model.cpp:311] Model fake:fake_0:1:224x224:160 forward batch, slept for 221255 us = 64732.3 + 0.325963 * 5 * 96036.8
I1211 02:47:11.908632 119212 fake_model.cpp:311] Model fake:fake_0:1:224x224:160 forward batch, slept for 73400.8 us = 37312.4 + 0.325963 * 2 * 55356.6
I1211 02:47:11.982306 119212 fake_model.cpp:311] Model fake:fake_0:1:224x224:160 forward batch, slept for 73838.2 us = 37534.8 + 0.325963 * 2 * 55686.5
I1211 02:47:12.056429 119212 fake_model.cpp:311] Model fake:fake_0:1:224x224:160 forward batch, slept for 100811 us = 51246 + 0.325963 * 2 * 76028.5
I1211 02:47:12.157778 119212 fake_model.cpp:311] Model fake:fake_0:1:224x224:160 forward batch, slept for 164162 us = 55944 + 0.325963 * 4 * 82998.4
I1211 02:47:12.322759 119212 fake_model.cpp:311] Model fake:fake_0:1:224x224:160 forward batch, slept for 188536 us = 48322.9 + 0.325963 * 6 * 71691.8
I1211 02:47:12.511878 119212 fake_model.cpp:311] Model fake:fake_0:1:224x224:160 forward batch, slept for 182072 us = 62047.6 + 0.325963 * 4 * 92053.7
I1211 02:47:12.694550 119212 fake_model.cpp:311] Model fake:fake_0:1:224x224:160 forward batch, slept for 210236 us = 71645.4 + 0.325963 * 4 * 106293
I1211 02:47:12.905222 119212 fake_model.cpp:311] Model fake:fake_0:1:224x224:160 forward batch, slept for 145927 us = 59542.7 + 0.325963 * 3 * 88337.4
I1211 02:47:13.051815 119212 fake_model.cpp:311] Model fake:fake_0:1:224x224:160 forward batch, slept for 179631 us = 52554.7 + 0.325963 * 5 * 77970.1
I1211 02:47:13.231791 119212 fake_model.cpp:311] Model fake:fake_0:1:224x224:160 forward batch, slept for 113261 us = 57575.1 + 0.325963 * 2 * 85418.3
I1211 02:47:13.345348 119212 fake_model.cpp:311] Model fake:fake_0:1:224x224:160 forward batch, slept for 113769 us = 57833 + 0.325963 * 2 * 85801
I1211 02:47:13.459378 119212 fake_model.cpp:311] Model fake:fake_0:1:224x224:160 forward batch, slept for 89962.8 us = 45731.5 + 0.325963 * 2 * 67847.1
I1211 02:47:13.525533 119220 backend_server.cpp:422] fake:fake_0:1:224x224:160 request rate: 26.6006, drop rate: 2.43946
I1211 02:47:13.549722 119212 fake_model.cpp:311] Model fake:fake_0:1:224x224:160 forward batch, slept for 150850 us = 61551.4 + 0.325963 * 3 * 91317.5
I1211 02:47:13.701148 119212 fake_model.cpp:311] Model fake:fake_0:1:224x224:160 forward batch, slept for 163775 us = 55812.3 + 0.325963 * 4 * 82803
I1211 02:47:13.865237 119212 fake_model.cpp:311] Model fake:fake_0:1:224x224:160 forward batch, slept for 80523.2 us = 40933 + 0.325963 * 2 * 60728.1
I1211 02:47:13.946075 119212 fake_model.cpp:311] Model fake:fake_0:1:224x224:160 forward batch, slept for 86058.2 us = 43746.6 + 0.325963 * 2 * 64902.4
I1211 02:47:14.032285 119212 fake_model.cpp:311] Model fake:fake_0:1:224x224:160 forward batch, slept for 58365.8 us = 39340.7 + 0.325963 * 1 * 58365.8
I1211 02:47:14.090816 119212 fake_model.cpp:311] Model fake:fake_0:1:224x224:160 forward batch, slept for 52002.4 us = 35051.5 + 0.325963 * 1 * 52002.4
I1211 02:47:14.142959 119212 fake_model.cpp:311] Model fake:fake_0:1:224x224:160 forward batch, slept for 73839.5 us = 49770.6 + 0.325963 * 1 * 73839.5
I1211 02:47:14.217067 119212 fake_model.cpp:311] Model fake:fake_0:1:224x224:160 forward batch, slept for 115548 us = 58737.2 + 0.325963 * 2 * 87142.4
I1211 02:47:14.332952 119212 fake_model.cpp:311] Model fake:fake_0:1:224x224:160 forward batch, slept for 82960.7 us = 42172.1 + 0.325963 * 2 * 62566.4
I1211 02:47:14.416344 119212 fake_model.cpp:311] Model fake:fake_0:1:224x224:160 forward batch, slept for 86550.5 us = 43996.9 + 0.325963 * 2 * 65273.7
I1211 02:47:14.503064 119212 fake_model.cpp:311] Model fake:fake_0:1:224x224:160 forward batch, slept for 56064.3 us = 37789.4 + 0.325963 * 1 * 56064.3
I1211 02:47:14.566757 119212 fake_model.cpp:311] Model fake:fake_0:1:224x224:160 forward batch, slept for 58389.8 us = 39356.9 + 0.325963 * 1 * 58389.8
I1211 02:47:14.625326 119212 fake_model.cpp:311] Model fake:fake_0:1:224x224:160 forward batch, slept for 70575.8 us = 47570.7 + 0.325963 * 1 * 70575.8
I1211 02:47:14.696144 119212 fake_model.cpp:311] Model fake:fake_0:1:224x224:160 forward batch, slept for 65904.8 us = 44422.3 + 0.325963 * 1 * 65904.8
I1211 02:47:14.762331 119212 fake_model.cpp:311] Model fake:fake_0:1:224x224:160 forward batch, slept for 83625.1 us = 42509.8 + 0.325963 * 2 * 63067.4
I1211 02:47:14.847590 119212 fake_model.cpp:311] Model fake:fake_0:1:224x224:160 forward batch, slept for 65386.2 us = 44072.7 + 0.325963 * 1 * 65386.2
I1211 02:47:14.940829 119212 fake_model.cpp:311] Model fake:fake_0:1:224x224:160 forward batch, slept for 77578.4 us = 52290.7 + 0.325963 * 1 * 77578.4
I1211 02:47:15.018564 119212 fake_model.cpp:311] Model fake:fake_0:1:224x224:160 forward batch, slept for 55591.1 us = 37470.5 + 0.325963 * 1 * 55591.2
I1211 02:47:15.074311 119212 fake_model.cpp:311] Model fake:fake_0:1:224x224:160 forward batch, slept for 50878.2 us = 34293.8 + 0.325963 * 1 * 50878.2
I1211 02:47:15.125331 119212 fake_model.cpp:311] Model fake:fake_0:1:224x224:160 forward batch, slept for 57545.2 us = 38787.6 + 0.325963 * 1 * 57545.2
I1211 02:47:15.183027 119212 fake_model.cpp:311] Model fake:fake_0:1:224x224:160 forward batch, slept for 61202.8 us = 41253 + 0.325963 * 1 * 61202.8
I1211 02:47:15.244376 119212 fake_model.cpp:311] Model fake:fake_0:1:224x224:160 forward batch, slept for 59986.8 us = 40433.3 + 0.325963 * 1 * 59986.8
I1211 02:47:15.304531 119212 fake_model.cpp:311] Model fake:fake_0:1:224x224:160 forward batch, slept for 68096.5 us = 45899.6 + 0.325963 * 1 * 68096.5
I1211 02:47:15.372777 119212 fake_model.cpp:311] Model fake:fake_0:1:224x224:160 forward batch, slept for 50948.8 us = 34341.3 + 0.325963 * 1 * 50948.8
I1211 02:47:15.423918 119212 fake_model.cpp:311] Model fake:fake_0:1:224x224:160 forward batch, slept for 68526.2 us = 46189.2 + 0.325963 * 1 * 68526.2
I1211 02:47:15.492588 119212 fake_model.cpp:311] Model fake:fake_0:1:224x224:160 forward batch, slept for 79800.7 us = 53788.6 + 0.325963 * 1 * 79800.7
I1211 02:47:15.525588 119220 backend_server.cpp:422] fake:fake_0:1:224x224:160 request rate: 24.6884, drop rate: 2.08045
I1211 02:47:15.572655 119212 fake_model.cpp:311] Model fake:fake_0:1:224x224:160 forward batch, slept for 107189 us = 54488.3 + 0.325963 * 2 * 80838.7
I1211 02:47:15.679999 119212 fake_model.cpp:311] Model fake:fake_0:1:224x224:160 forward batch, slept for 64774.2 us = 43660.2 + 0.325963 * 1 * 64774.2
I1211 02:47:15.745066 119212 fake_model.cpp:311] Model fake:fake_0:1:224x224:160 forward batch, slept for 87433.9 us = 44445.9 + 0.325963 * 2 * 65939.9
I1211 02:47:15.832898 119212 fake_model.cpp:311] Model fake:fake_0:1:224x224:160 forward batch, slept for 153923 us = 62805.5 + 0.325963 * 3 * 93178.1
I1211 02:47:15.987289 119212 fake_model.cpp:311] Model fake:fake_0:1:224x224:160 forward batch, slept for 140093 us = 57162.3 + 0.325963 * 3 * 84805.9
I1211 02:47:16.127574 119212 fake_model.cpp:311] Model fake:fake_0:1:224x224:160 forward batch, slept for 50692.8 us = 34168.8 + 0.325963 * 1 * 50692.8
I1211 02:47:16.252529 119212 fake_model.cpp:311] Model fake:fake_0:1:224x224:160 forward batch, slept for 59408.2 us = 40043.4 + 0.325963 * 1 * 59408.2
I1211 02:47:16.314656 119212 fake_model.cpp:311] Model fake:fake_0:1:224x224:160 forward batch, slept for 59636.7 us = 40197.4 + 0.325963 * 1 * 59636.7
I1211 02:47:16.379930 119212 fake_model.cpp:311] Model fake:fake_0:1:224x224:160 forward batch, slept for 55262.4 us = 37248.9 + 0.325963 * 1 * 55262.4
I1211 02:47:16.440778 119212 fake_model.cpp:311] Model fake:fake_0:1:224x224:160 forward batch, slept for 73062.2 us = 49246.6 + 0.325963 * 1 * 73062.2
I1211 02:47:16.627494 119212 fake_model.cpp:311] Model fake:fake_0:1:224x224:160 forward batch, slept for 57443.8 us = 38719.2 + 0.325963 * 1 * 57443.8
I1211 02:47:16.813099 119212 fake_model.cpp:311] Model fake:fake_0:1:224x224:160 forward batch, slept for 60086.9 us = 40500.8 + 0.325963 * 1 * 60086.9
I1211 02:47:16.875995 119219 backend_server.cpp:368] Update model instance fake:fake_0:1:224x224:160, batch: 8 -> 4
I1211 02:47:16.876026 119219 backend_server.cpp:379] Duty cycle: 157523 us
I1211 02:47:17.000046 119212 fake_model.cpp:311] Model fake:fake_0:1:224x224:160 forward batch, slept for 60224.9 us = 40593.8 + 0.325963 * 1 * 60224.9
I1211 02:47:17.063347 119212 fake_model.cpp:311] Model fake:fake_0:1:224x224:160 forward batch, slept for 76717.8 us = 51710.6 + 0.325963 * 1 * 76717.8
I1211 02:47:17.140218 119212 fake_model.cpp:311] Model fake:fake_0:1:224x224:160 forward batch, slept for 63306.1 us = 42670.7 + 0.325963 * 1 * 63306.1
I1211 02:47:17.203668 119212 fake_model.cpp:311] Model fake:fake_0:1:224x224:160 forward batch, slept for 80964.8 us = 54573.3 + 0.325963 * 1 * 80964.8
I1211 02:47:17.284771 119212 fake_model.cpp:311] Model fake:fake_0:1:224x224:160 forward batch, slept for 60217.9 us = 40589.1 + 0.325963 * 1 * 60217.9
I1211 02:47:17.373383 119212 fake_model.cpp:311] Model fake:fake_0:1:224x224:160 forward batch, slept for 50240.9 us = 33864.3 + 0.325963 * 1 * 50240.9
I1211 02:47:17.525615 119220 backend_server.cpp:422] fake:fake_0:1:224x224:160 request rate: 21.7912, drop rate: 1.39457
I1211 02:47:17.559974 119212 fake_model.cpp:311] Model fake:fake_0:1:224x224:160 forward batch, slept for 69618.4 us = 46925.3 + 0.325963 * 1 * 69618.4
I1211 02:47:17.629758 119212 fake_model.cpp:311] Model fake:fake_0:1:224x224:160 forward batch, slept for 57595.7 us = 38821.7 + 0.325963 * 1 * 57595.7
I1211 02:47:17.687510 119212 fake_model.cpp:311] Model fake:fake_0:1:224x224:160 forward batch, slept for 56573.5 us = 38132.7 + 0.325963 * 1 * 56573.5
I1211 02:47:17.744223 119212 fake_model.cpp:311] Model fake:fake_0:1:224x224:160 forward batch, slept for 76609 us = 51637.3 + 0.325963 * 1 * 76609
I1211 02:47:17.820982 119212 fake_model.cpp:311] Model fake:fake_0:1:224x224:160 forward batch, slept for 57050.8 us = 38454.4 + 0.325963 * 1 * 57050.8
I1211 02:47:17.878182 119212 fake_model.cpp:311] Model fake:fake_0:1:224x224:160 forward batch, slept for 74220.9 us = 50027.6 + 0.325963 * 1 * 74220.9
I1211 02:47:17.952553 119212 fake_model.cpp:311] Model fake:fake_0:1:224x224:160 forward batch, slept for 62337.2 us = 42017.6 + 0.325963 * 1 * 62337.2
I1211 02:47:18.121093 119212 fake_model.cpp:311] Model fake:fake_0:1:224x224:160 forward batch, slept for 74821.8 us = 50432.7 + 0.325963 * 1 * 74821.8
I1211 02:47:18.307652 119212 fake_model.cpp:311] Model fake:fake_0:1:224x224:160 forward batch, slept for 69200.8 us = 46643.9 + 0.325963 * 1 * 69200.8
I1211 02:47:18.493448 119212 fake_model.cpp:311] Model fake:fake_0:1:224x224:160 forward batch, slept for 118255 us = 79708.3 + 0.325963 * 1 * 118255
I1211 02:47:18.679112 119212 fake_model.cpp:311] Model fake:fake_0:1:224x224:160 forward batch, slept for 71066 us = 47901.1 + 0.325963 * 1 * 71066
I1211 02:47:18.866609 119212 fake_model.cpp:311] Model fake:fake_0:1:224x224:160 forward batch, slept for 71229 us = 48011 + 0.325963 * 1 * 71229
I1211 02:47:18.967455 119212 fake_model.cpp:311] Model fake:fake_0:1:224x224:160 forward batch, slept for 91901.5 us = 61945 + 0.325963 * 1 * 91901.5
I1211 02:47:19.059506 119212 fake_model.cpp:311] Model fake:fake_0:1:224x224:160 forward batch, slept for 57992.4 us = 39089 + 0.325963 * 1 * 57992.4
I1211 02:47:19.238039 119212 fake_model.cpp:311] Model fake:fake_0:1:224x224:160 forward batch, slept for 113290 us = 76362 + 0.325963 * 1 * 113290
I1211 02:47:19.351541 119212 fake_model.cpp:311] Model fake:fake_0:1:224x224:160 forward batch, slept for 62884.2 us = 42386.3 + 0.325963 * 1 * 62884.2
I1211 02:47:19.424981 119212 fake_model.cpp:311] Model fake:fake_0:1:224x224:160 forward batch, slept for 70887.6 us = 47780.9 + 0.325963 * 1 * 70887.6
I1211 02:47:19.525717 119220 backend_server.cpp:422] fake:fake_0:1:224x224:160 request rate: 17.607, drop rate: 0.934808
I1211 02:47:19.612046 119212 fake_model.cpp:311] Model fake:fake_0:1:224x224:160 forward batch, slept for 66220.4 us = 44635 + 0.325963 * 1 * 66220.4
I1211 02:47:19.799566 119212 fake_model.cpp:311] Model fake:fake_0:1:224x224:160 forward batch, slept for 59025.8 us = 39785.6 + 0.325963 * 1 * 59025.8
I1211 02:47:19.858793 119212 fake_model.cpp:311] Model fake:fake_0:1:224x224:160 forward batch, slept for 73392.9 us = 49469.5 + 0.325963 * 1 * 73392.9
I1211 02:47:19.932421 119212 fake_model.cpp:311] Model fake:fake_0:1:224x224:160 forward batch, slept for 53203.2 us = 35860.9 + 0.325963 * 1 * 53203.2
I1211 02:47:19.985785 119212 fake_model.cpp:311] Model fake:fake_0:1:224x224:160 forward batch, slept for 66760.1 us = 44998.8 + 0.325963 * 1 * 66760.1
I1211 02:47:20.052695 119212 fake_model.cpp:311] Model fake:fake_0:1:224x224:160 forward batch, slept for 82941 us = 55905.3 + 0.325963 * 1 * 82941
I1211 02:47:20.172076 119212 fake_model.cpp:311] Model fake:fake_0:1:224x224:160 forward batch, slept for 60587.7 us = 40838.3 + 0.325963 * 1 * 60587.7
I1211 02:47:20.359163 119212 fake_model.cpp:311] Model fake:fake_0:1:224x224:160 forward batch, slept for 65562.5 us = 44191.5 + 0.325963 * 1 * 65562.5
I1211 02:47:20.545969 119212 fake_model.cpp:311] Model fake:fake_0:1:224x224:160 forward batch, slept for 77009 us = 51906.9 + 0.325963 * 1 * 77009
I1211 02:47:20.734506 119212 fake_model.cpp:311] Model fake:fake_0:1:224x224:160 forward batch, slept for 57671.7 us = 38872.9 + 0.325963 * 1 * 57671.7
I1211 02:47:20.920651 119212 fake_model.cpp:311] Model fake:fake_0:1:224x224:160 forward batch, slept for 51595.7 us = 34777.4 + 0.325963 * 1 * 51595.7
I1211 02:47:21.104955 119212 fake_model.cpp:311] Model fake:fake_0:1:224x224:160 forward batch, slept for 80629.2 us = 54347.1 + 0.325963 * 1 * 80629.2
I1211 02:47:21.291029 119212 fake_model.cpp:311] Model fake:fake_0:1:224x224:160 forward batch, slept for 67344.9 us = 45392.9 + 0.325963 * 1 * 67344.9
I1211 02:47:21.478387 119212 fake_model.cpp:311] Model fake:fake_0:1:224x224:160 forward batch, slept for 80114.8 us = 54000.3 + 0.325963 * 1 * 80114.8
I1211 02:47:21.525714 119220 backend_server.cpp:422] fake:fake_0:1:224x224:160 request rate: 14.2914, drop rate: 0.62662
I1211 02:47:21.663034 119212 fake_model.cpp:311] Model fake:fake_0:1:224x224:160 forward batch, slept for 52503.3 us = 35389.2 + 0.325963 * 1 * 52503.3
I1211 02:47:21.849290 119212 fake_model.cpp:311] Model fake:fake_0:1:224x224:160 forward batch, slept for 54019.5 us = 36411.1 + 0.325963 * 1 * 54019.5
I1211 02:47:22.035141 119212 fake_model.cpp:311] Model fake:fake_0:1:224x224:160 forward batch, slept for 61994.6 us = 41786.6 + 0.325963 * 1 * 61994.6
I1211 02:47:22.222327 119212 fake_model.cpp:311] Model fake:fake_0:1:224x224:160 forward batch, slept for 57851.5 us = 38994.1 + 0.325963 * 1 * 57851.5
I1211 02:47:22.406634 119212 fake_model.cpp:311] Model fake:fake_0:1:224x224:160 forward batch, slept for 59481.5 us = 40092.8 + 0.325963 * 1 * 59481.5
I1211 02:47:22.592540 119212 fake_model.cpp:311] Model fake:fake_0:1:224x224:160 forward batch, slept for 57486.6 us = 38748.1 + 0.325963 * 1 * 57486.6
I1211 02:47:22.685129 119212 fake_model.cpp:311] Model fake:fake_0:1:224x224:160 forward batch, slept for 62862.2 us = 42371.5 + 0.325963 * 1 * 62862.2
I1211 02:47:22.778064 119212 fake_model.cpp:311] Model fake:fake_0:1:224x224:160 forward batch, slept for 71460.8 us = 48167.2 + 0.325963 * 1 * 71460.8
I1211 02:47:22.964061 119212 fake_model.cpp:311] Model fake:fake_0:1:224x224:160 forward batch, slept for 56187.7 us = 37872.6 + 0.325963 * 1 * 56187.7
I1211 02:47:23.150089 119212 fake_model.cpp:311] Model fake:fake_0:1:224x224:160 forward batch, slept for 69801.9 us = 47049.1 + 0.325963 * 1 * 69801.9
I1211 02:47:23.335397 119212 fake_model.cpp:311] Model fake:fake_0:1:224x224:160 forward batch, slept for 64848 us = 43710 + 0.325963 * 1 * 64848
I1211 02:47:23.520380 119212 fake_model.cpp:311] Model fake:fake_0:1:224x224:160 forward batch, slept for 55365 us = 37318.1 + 0.325963 * 1 * 55365
I1211 02:47:23.525966 119220 backend_server.cpp:422] fake:fake_0:1:224x224:160 request rate: 11.3766, drop rate: 0.420036
I1211 02:47:23.706146 119212 fake_model.cpp:311] Model fake:fake_0:1:224x224:160 forward batch, slept for 71262.7 us = 48033.7 + 0.325963 * 1 * 71262.7
I1211 02:47:23.892004 119212 fake_model.cpp:311] Model fake:fake_0:1:224x224:160 forward batch, slept for 59631.7 us = 40194 + 0.325963 * 1 * 59631.7
I1211 02:47:24.078457 119212 fake_model.cpp:311] Model fake:fake_0:1:224x224:160 forward batch, slept for 81758.6 us = 55108.3 + 0.325963 * 1 * 81758.6
I1211 02:47:24.264533 119212 fake_model.cpp:311] Model fake:fake_0:1:224x224:160 forward batch, slept for 54611.1 us = 36809.9 + 0.325963 * 1 * 54611.1
I1211 02:47:24.356662 119212 fake_model.cpp:311] Model fake:fake_0:1:224x224:160 forward batch, slept for 63808.5 us = 43009.3 + 0.325963 * 1 * 63808.5
I1211 02:47:24.450151 119212 fake_model.cpp:311] Model fake:fake_0:1:224x224:160 forward batch, slept for 58967.9 us = 39746.6 + 0.325963 * 1 * 58967.9
I1211 02:47:24.509404 119212 fake_model.cpp:311] Model fake:fake_0:1:224x224:160 forward batch, slept for 75879.2 us = 51145.4 + 0.325963 * 1 * 75879.2
I1211 02:47:24.585486 119212 fake_model.cpp:311] Model fake:fake_0:1:224x224:160 forward batch, slept for 54286.3 us = 36591 + 0.325963 * 1 * 54286.3
I1211 02:47:24.640074 119212 fake_model.cpp:311] Model fake:fake_0:1:224x224:160 forward batch, slept for 121946 us = 61989.8 + 0.325963 * 2 * 91968
I1211 02:47:24.823648 119212 fake_model.cpp:311] Model fake:fake_0:1:224x224:160 forward batch, slept for 57676.7 us = 38876.2 + 0.325963 * 1 * 57676.7
I1211 02:47:25.009668 119212 fake_model.cpp:311] Model fake:fake_0:1:224x224:160 forward batch, slept for 60390.4 us = 40705.4 + 0.325963 * 1 * 60390.4
I1211 02:47:25.196405 119212 fake_model.cpp:311] Model fake:fake_0:1:224x224:160 forward batch, slept for 51820.2 us = 34928.7 + 0.325963 * 1 * 51820.2
I1211 02:47:25.384483 119212 fake_model.cpp:311] Model fake:fake_0:1:224x224:160 forward batch, slept for 111521 us = 75169.6 + 0.325963 * 1 * 111521
I1211 02:47:25.525915 119220 backend_server.cpp:422] fake:fake_0:1:224x224:160 request rate: 9.93373, drop rate: 0.281559
I1211 02:47:25.568574 119212 fake_model.cpp:311] Model fake:fake_0:1:224x224:160 forward batch, slept for 61894.2 us = 41719 + 0.325963 * 1 * 61894.2
I1211 02:47:25.753953 119212 fake_model.cpp:311] Model fake:fake_0:1:224x224:160 forward batch, slept for 68963.1 us = 46483.7 + 0.325963 * 1 * 68963.1
I1211 02:47:25.940711 119212 fake_model.cpp:311] Model fake:fake_0:1:224x224:160 forward batch, slept for 86909.3 us = 58580.1 + 0.325963 * 1 * 86909.3
I1211 02:47:26.127666 119212 fake_model.cpp:311] Model fake:fake_0:1:224x224:160 forward batch, slept for 63941.5 us = 43098.9 + 0.325963 * 1 * 63941.5
I1211 02:47:26.311764 119212 fake_model.cpp:311] Model fake:fake_0:1:224x224:160 forward batch, slept for 73307.6 us = 49412.1 + 0.325963 * 1 * 73307.6
I1211 02:47:26.497891 119212 fake_model.cpp:311] Model fake:fake_0:1:224x224:160 forward batch, slept for 58736.6 us = 39590.6 + 0.325963 * 1 * 58736.6
I1211 02:47:26.683663 119212 fake_model.cpp:311] Model fake:fake_0:1:224x224:160 forward batch, slept for 64726.1 us = 43627.8 + 0.325963 * 1 * 64726.1
I1211 02:47:26.869119 119212 fake_model.cpp:311] Model fake:fake_0:1:224x224:160 forward batch, slept for 76439.9 us = 51523.3 + 0.325963 * 1 * 76439.9
I1211 02:47:26.878497 119219 backend_server.cpp:368] Update model instance fake:fake_0:1:224x224:160, batch: 4 -> 3
I1211 02:47:26.878526 119219 backend_server.cpp:379] Duty cycle: 157583 us
I1211 02:47:27.056129 119212 fake_model.cpp:311] Model fake:fake_0:1:224x224:160 forward batch, slept for 56194.9 us = 37877.4 + 0.325963 * 1 * 56194.9
I1211 02:47:27.242045 119212 fake_model.cpp:311] Model fake:fake_0:1:224x224:160 forward batch, slept for 83425.1 us = 56231.6 + 0.325963 * 1 * 83425.1
I1211 02:47:27.427850 119212 fake_model.cpp:311] Model fake:fake_0:1:224x224:160 forward batch, slept for 59350.8 us = 40004.7 + 0.325963 * 1 * 59350.8
I1211 02:47:27.525977 119220 backend_server.cpp:422] fake:fake_0:1:224x224:160 request rate: 8.78527, drop rate: 0.188734
I1211 02:47:27.613937 119212 fake_model.cpp:311] Model fake:fake_0:1:224x224:160 forward batch, slept for 69258.9 us = 46683.1 + 0.325963 * 1 * 69258.9
I1211 02:47:27.799891 119212 fake_model.cpp:311] Model fake:fake_0:1:224x224:160 forward batch, slept for 50639.1 us = 34132.6 + 0.325963 * 1 * 50639.1
I1211 02:47:27.992892 119212 fake_model.cpp:311] Model fake:fake_0:1:224x224:160 forward batch, slept for 69417.1 us = 46789.7 + 0.325963 * 1 * 69417.1
I1211 02:47:28.172770 119212 fake_model.cpp:311] Model fake:fake_0:1:224x224:160 forward batch, slept for 52623.1 us = 35469.9 + 0.325963 * 1 * 52623.1
I1211 02:47:28.358584 119212 fake_model.cpp:311] Model fake:fake_0:1:224x224:160 forward batch, slept for 63501.6 us = 42802.4 + 0.325963 * 1 * 63501.6
I1211 02:47:28.544745 119212 fake_model.cpp:311] Model fake:fake_0:1:224x224:160 forward batch, slept for 59315.9 us = 39981.1 + 0.325963 * 1 * 59315.9
I1211 02:47:28.730751 119212 fake_model.cpp:311] Model fake:fake_0:1:224x224:160 forward batch, slept for 62458.5 us = 42099.3 + 0.325963 * 1 * 62458.5
I1211 02:47:28.917006 119212 fake_model.cpp:311] Model fake:fake_0:1:224x224:160 forward batch, slept for 70498.8 us = 47518.8 + 0.325963 * 1 * 70498.8
I1211 02:47:29.102936 119212 fake_model.cpp:311] Model fake:fake_0:1:224x224:160 forward batch, slept for 55095.9 us = 37136.7 + 0.325963 * 1 * 55095.9
I1211 02:47:29.196624 119212 fake_model.cpp:311] Model fake:fake_0:1:224x224:160 forward batch, slept for 62371.1 us = 42040.4 + 0.325963 * 1 * 62371.1
I1211 02:47:29.289731 119212 fake_model.cpp:311] Model fake:fake_0:1:224x224:160 forward batch, slept for 70670.8 us = 47634.7 + 0.325963 * 1 * 70670.8
I1211 02:47:29.382194 119212 fake_model.cpp:311] Model fake:fake_0:1:224x224:160 forward batch, slept for 88102.4 us = 59384.3 + 0.325963 * 1 * 88102.4
I1211 02:47:29.476323 119212 fake_model.cpp:311] Model fake:fake_0:1:224x224:160 forward batch, slept for 66125.4 us = 44570.9 + 0.325963 * 1 * 66125.4
I1211 02:47:29.525961 119220 backend_server.cpp:422] fake:fake_0:1:224x224:160 request rate: 7.53734, drop rate: 0.126512
I1211 02:47:29.662163 119212 fake_model.cpp:311] Model fake:fake_0:1:224x224:160 forward batch, slept for 111723 us = 75305.1 + 0.325963 * 1 * 111723
I1211 02:47:29.848647 119212 fake_model.cpp:311] Model fake:fake_0:1:224x224:160 forward batch, slept for 57904.2 us = 39029.6 + 0.325963 * 1 * 57904.2
I1211 02:47:30.033915 119212 fake_model.cpp:311] Model fake:fake_0:1:224x224:160 forward batch, slept for 61762.4 us = 41630.1 + 0.325963 * 1 * 61762.4
I1211 02:47:30.221113 119212 fake_model.cpp:311] Model fake:fake_0:1:224x224:160 forward batch, slept for 94157.8 us = 63465.8 + 0.325963 * 1 * 94157.8
I1211 02:47:30.406935 119212 fake_model.cpp:311] Model fake:fake_0:1:224x224:160 forward batch, slept for 79268.1 us = 53429.6 + 0.325963 * 1 * 79268.1
I1211 02:47:30.592774 119212 fake_model.cpp:311] Model fake:fake_0:1:224x224:160 forward batch, slept for 62705.5 us = 42265.9 + 0.325963 * 1 * 62705.6
I1211 02:47:30.779078 119212 fake_model.cpp:311] Model fake:fake_0:1:224x224:160 forward batch, slept for 64663.9 us = 43585.9 + 0.325963 * 1 * 64663.9
I1211 02:47:30.872545 119212 fake_model.cpp:311] Model fake:fake_0:1:224x224:160 forward batch, slept for 92395.9 us = 62278.3 + 0.325963 * 1 * 92395.9
I1211 02:47:30.965557 119212 fake_model.cpp:311] Model fake:fake_0:1:224x224:160 forward batch, slept for 93194.5 us = 62816.5 + 0.325963 * 1 * 93194.5
I1211 02:47:31.151332 119212 fake_model.cpp:311] Model fake:fake_0:1:224x224:160 forward batch, slept for 61366.3 us = 41363.1 + 0.325963 * 1 * 61366.3
I1211 02:47:31.337699 119212 fake_model.cpp:311] Model fake:fake_0:1:224x224:160 forward batch, slept for 81550.2 us = 54967.8 + 0.325963 * 1 * 81550.2
I1211 02:47:31.524771 119212 fake_model.cpp:311] Model fake:fake_0:1:224x224:160 forward batch, slept for 68552.1 us = 46206.7 + 0.325963 * 1 * 68552.1
I1211 02:47:31.526263 119220 backend_server.cpp:422] fake:fake_0:1:224x224:160 request rate: 7.14606, drop rate: 0.0848039
I1211 02:47:31.710760 119212 fake_model.cpp:311] Model fake:fake_0:1:224x224:160 forward batch, slept for 56773 us = 38267.1 + 0.325963 * 1 * 56773
I1211 02:47:31.896956 119212 fake_model.cpp:311] Model fake:fake_0:1:224x224:160 forward batch, slept for 56278.1 us = 37933.5 + 0.325963 * 1 * 56278.1
I1211 02:47:32.082841 119212 fake_model.cpp:311] Model fake:fake_0:1:224x224:160 forward batch, slept for 77100.1 us = 51968.3 + 0.325963 * 1 * 77100.1
I1211 02:47:32.268424 119212 fake_model.cpp:311] Model fake:fake_0:1:224x224:160 forward batch, slept for 84552.1 us = 56991.2 + 0.325963 * 1 * 84552.1
I1211 02:47:32.454660 119212 fake_model.cpp:311] Model fake:fake_0:1:224x224:160 forward batch, slept for 66227 us = 44639.5 + 0.325963 * 1 * 66227
I1211 02:47:32.640275 119212 fake_model.cpp:311] Model fake:fake_0:1:224x224:160 forward batch, slept for 72004 us = 48533.4 + 0.325963 * 1 * 72004
I1211 02:47:32.826890 119212 fake_model.cpp:311] Model fake:fake_0:1:224x224:160 forward batch, slept for 50049.6 us = 33735.3 + 0.325963 * 1 * 50049.6
I1211 02:47:33.012775 119212 fake_model.cpp:311] Model fake:fake_0:1:224x224:160 forward batch, slept for 56495.9 us = 38080.4 + 0.325963 * 1 * 56495.9
I1211 02:47:33.198735 119212 fake_model.cpp:311] Model fake:fake_0:1:224x224:160 forward batch, slept for 58703 us = 39568 + 0.325963 * 1 * 58703
I1211 02:47:33.385035 119212 fake_model.cpp:311] Model fake:fake_0:1:224x224:160 forward batch, slept for 58215.5 us = 39239.4 + 0.325963 * 1 * 58215.5
I1211 02:47:33.526140 119220 backend_server.cpp:422] fake:fake_0:1:224x224:160 request rate: 6.73537, drop rate: 0.0568457
I1211 02:47:33.570654 119212 fake_model.cpp:311] Model fake:fake_0:1:224x224:160 forward batch, slept for 55899.5 us = 37678.4 + 0.325963 * 1 * 55899.5
I1211 02:47:33.756963 119212 fake_model.cpp:311] Model fake:fake_0:1:224x224:160 forward batch, slept for 80177.7 us = 54042.7 + 0.325963 * 1 * 80177.7
I1211 02:47:33.942294 119212 fake_model.cpp:311] Model fake:fake_0:1:224x224:160 forward batch, slept for 53349.7 us = 35959.7 + 0.325963 * 1 * 53349.7
I1211 02:47:34.127826 119212 fake_model.cpp:311] Model fake:fake_0:1:224x224:160 forward batch, slept for 59835.6 us = 40331.4 + 0.325963 * 1 * 59835.6
I1211 02:47:34.314007 119212 fake_model.cpp:311] Model fake:fake_0:1:224x224:160 forward batch, slept for 49721.6 us = 33514.2 + 0.325963 * 1 * 49721.6
I1211 02:47:34.500167 119212 fake_model.cpp:311] Model fake:fake_0:1:224x224:160 forward batch, slept for 72921.4 us = 49151.7 + 0.325963 * 1 * 72921.4
I1211 02:47:34.686628 119212 fake_model.cpp:311] Model fake:fake_0:1:224x224:160 forward batch, slept for 57317 us = 38633.8 + 0.325963 * 1 * 57317
I1211 02:47:34.872078 119212 fake_model.cpp:311] Model fake:fake_0:1:224x224:160 forward batch, slept for 53914.7 us = 36340.5 + 0.325963 * 1 * 53914.7
I1211 02:47:35.058552 119212 fake_model.cpp:311] Model fake:fake_0:1:224x224:160 forward batch, slept for 57335.2 us = 38646.1 + 0.325963 * 1 * 57335.2
I1211 02:47:35.244315 119212 fake_model.cpp:311] Model fake:fake_0:1:224x224:160 forward batch, slept for 64940.5 us = 43772.3 + 0.325963 * 1 * 64940.5
I1211 02:47:35.430819 119212 fake_model.cpp:311] Model fake:fake_0:1:224x224:160 forward batch, slept for 79406.1 us = 53522.6 + 0.325963 * 1 * 79406.1
I1211 02:47:35.526269 119220 backend_server.cpp:422] fake:fake_0:1:224x224:160 request rate: 6.34452, drop rate: 0.0381048
I1211 02:47:35.616698 119212 fake_model.cpp:311] Model fake:fake_0:1:224x224:160 forward batch, slept for 63403.2 us = 42736.1 + 0.325963 * 1 * 63403.2
I1211 02:47:35.802578 119212 fake_model.cpp:311] Model fake:fake_0:1:224x224:160 forward batch, slept for 82179.2 us = 55391.8 + 0.325963 * 1 * 82179.2
I1211 02:47:35.988144 119212 fake_model.cpp:311] Model fake:fake_0:1:224x224:160 forward batch, slept for 57642.7 us = 38853.3 + 0.325963 * 1 * 57642.7
I1211 02:47:36.178092 119212 fake_model.cpp:311] Model fake:fake_0:1:224x224:160 forward batch, slept for 64759.3 us = 43650.2 + 0.325963 * 1 * 64759.3
I1211 02:47:36.360877 119212 fake_model.cpp:311] Model fake:fake_0:1:224x224:160 forward batch, slept for 59413.6 us = 40046.9 + 0.325963 * 1 * 59413.6
I1211 02:47:36.546382 119212 fake_model.cpp:311] Model fake:fake_0:1:224x224:160 forward batch, slept for 64835.4 us = 43701.4 + 0.325963 * 1 * 64835.4
I1211 02:47:36.639272 119212 fake_model.cpp:311] Model fake:fake_0:1:224x224:160 forward batch, slept for 57917 us = 39038.2 + 0.325963 * 1 * 57917
I1211 02:47:36.732638 119212 fake_model.cpp:311] Model fake:fake_0:1:224x224:160 forward batch, slept for 55272.9 us = 37256 + 0.325963 * 1 * 55272.9
I1211 02:47:36.880533 119219 backend_server.cpp:368] Update model instance fake:fake_0:1:224x224:160, batch: 3 -> 2
I1211 02:47:36.880558 119219 backend_server.cpp:379] Duty cycle: 157643 us
I1211 02:47:36.918627 119212 fake_model.cpp:311] Model fake:fake_0:1:224x224:160 forward batch, slept for 67858.7 us = 45739.3 + 0.325963 * 1 * 67858.7
I1211 02:47:37.103986 119212 fake_model.cpp:311] Model fake:fake_0:1:224x224:160 forward batch, slept for 64449.5 us = 43441.3 + 0.325963 * 1 * 64449.5
I1211 02:47:37.290155 119212 fake_model.cpp:311] Model fake:fake_0:1:224x224:160 forward batch, slept for 63233.4 us = 42621.7 + 0.325963 * 1 * 63233.4
I1211 02:47:37.475973 119212 fake_model.cpp:311] Model fake:fake_0:1:224x224:160 forward batch, slept for 42637.2 us = 28739.1 + 0.325963 * 1 * 42637.2
I1211 02:47:37.526304 119220 backend_server.cpp:422] fake:fake_0:1:224x224:160 request rate: 5.90126, drop rate: 0.0255424
I1211 02:47:37.662493 119212 fake_model.cpp:311] Model fake:fake_0:1:224x224:160 forward batch, slept for 74434.5 us = 50171.6 + 0.325963 * 1 * 74434.5
I1211 02:47:37.848528 119212 fake_model.cpp:311] Model fake:fake_0:1:224x224:160 forward batch, slept for 67370 us = 45409.8 + 0.325963 * 1 * 67370
I1211 02:47:38.034410 119212 fake_model.cpp:311] Model fake:fake_0:1:224x224:160 forward batch, slept for 50278.5 us = 33889.6 + 0.325963 * 1 * 50278.5
I1211 02:47:38.220479 119212 fake_model.cpp:311] Model fake:fake_0:1:224x224:160 forward batch, slept for 58994 us = 39764.1 + 0.325963 * 1 * 58994
I1211 02:47:38.406147 119212 fake_model.cpp:311] Model fake:fake_0:1:224x224:160 forward batch, slept for 66685 us = 44948.2 + 0.325963 * 1 * 66685
I1211 02:47:38.592301 119212 fake_model.cpp:311] Model fake:fake_0:1:224x224:160 forward batch, slept for 56860.6 us = 38326.1 + 0.325963 * 1 * 56860.6
I1211 02:47:38.778604 119212 fake_model.cpp:311] Model fake:fake_0:1:224x224:160 forward batch, slept for 54309.7 us = 36606.7 + 0.325963 * 1 * 54309.7
I1211 02:47:38.964483 119212 fake_model.cpp:311] Model fake:fake_0:1:224x224:160 forward batch, slept for 83041.1 us = 55972.8 + 0.325963 * 1 * 83041.1
I1211 02:47:39.149958 119212 fake_model.cpp:311] Model fake:fake_0:1:224x224:160 forward batch, slept for 78327.5 us = 52795.6 + 0.325963 * 1 * 78327.5
I1211 02:47:39.335590 119212 fake_model.cpp:311] Model fake:fake_0:1:224x224:160 forward batch, slept for 70102.6 us = 47251.7 + 0.325963 * 1 * 70102.6
I1211 02:47:39.521613 119212 fake_model.cpp:311] Model fake:fake_0:1:224x224:160 forward batch, slept for 68964.6 us = 46484.7 + 0.325963 * 1 * 68964.6
I1211 02:47:39.526639 119220 backend_server.cpp:422] fake:fake_0:1:224x224:160 request rate: 5.90095, drop rate: 0.0171216
I1211 02:47:39.707043 119212 fake_model.cpp:311] Model fake:fake_0:1:224x224:160 forward batch, slept for 67212.5 us = 45303.7 + 0.325963 * 1 * 67212.5
I1211 02:47:39.892611 119212 fake_model.cpp:311] Model fake:fake_0:1:224x224:160 forward batch, slept for 54349.6 us = 36633.6 + 0.325963 * 1 * 54349.6
I1211 02:47:40.078553 119212 fake_model.cpp:311] Model fake:fake_0:1:224x224:160 forward batch, slept for 97512.4 us = 65726.9 + 0.325963 * 1 * 97512.4
I1211 02:47:40.263978 119212 fake_model.cpp:311] Model fake:fake_0:1:224x224:160 forward batch, slept for 95844.9 us = 64603 + 0.325963 * 1 * 95844.9
I1211 02:47:40.450516 119212 fake_model.cpp:311] Model fake:fake_0:1:224x224:160 forward batch, slept for 67916.1 us = 45777.9 + 0.325963 * 1 * 67916.1
I1211 02:47:40.635860 119212 fake_model.cpp:311] Model fake:fake_0:1:224x224:160 forward batch, slept for 100806 us = 67946.9 + 0.325963 * 1 * 100806
I1211 02:47:40.822096 119212 fake_model.cpp:311] Model fake:fake_0:1:224x224:160 forward batch, slept for 64527.4 us = 43493.9 + 0.325963 * 1 * 64527.4
I1211 02:47:41.008226 119212 fake_model.cpp:311] Model fake:fake_0:1:224x224:160 forward batch, slept for 103168 us = 69539.1 + 0.325963 * 1 * 103168
I1211 02:47:41.193578 119212 fake_model.cpp:311] Model fake:fake_0:1:224x224:160 forward batch, slept for 69429.8 us = 46798.3 + 0.325963 * 1 * 69429.8
I1211 02:47:41.379571 119212 fake_model.cpp:311] Model fake:fake_0:1:224x224:160 forward batch, slept for 78161.5 us = 52683.7 + 0.325963 * 1 * 78161.5
I1211 02:47:41.526521 119220 backend_server.cpp:422] fake:fake_0:1:224x224:160 request rate: 5.75234, drop rate: 0.011477
I1211 02:47:41.565172 119212 fake_model.cpp:311] Model fake:fake_0:1:224x224:160 forward batch, slept for 67845.2 us = 45730.2 + 0.325963 * 1 * 67845.2
I1211 02:47:41.751675 119212 fake_model.cpp:311] Model fake:fake_0:1:224x224:160 forward batch, slept for 68419.3 us = 46117.2 + 0.325963 * 1 * 68419.3
I1211 02:47:41.937208 119212 fake_model.cpp:311] Model fake:fake_0:1:224x224:160 forward batch, slept for 73975 us = 49861.9 + 0.325963 * 1 * 73975
I1211 02:47:42.123617 119212 fake_model.cpp:311] Model fake:fake_0:1:224x224:160 forward batch, slept for 60322.8 us = 40659.8 + 0.325963 * 1 * 60322.8
I1211 02:47:42.310637 119212 fake_model.cpp:311] Model fake:fake_0:1:224x224:160 forward batch, slept for 73767.7 us = 49722.1 + 0.325963 * 1 * 73767.7
I1211 02:47:42.496215 119212 fake_model.cpp:311] Model fake:fake_0:1:224x224:160 forward batch, slept for 60008.5 us = 40448 + 0.325963 * 1 * 60008.5
I1211 02:47:42.683172 119212 fake_model.cpp:311] Model fake:fake_0:1:224x224:160 forward batch, slept for 67302.5 us = 45364.4 + 0.325963 * 1 * 67302.5
I1211 02:47:42.868834 119212 fake_model.cpp:311] Model fake:fake_0:1:224x224:160 forward batch, slept for 73550.9 us = 49576 + 0.325963 * 1 * 73550.9
I1211 02:47:42.963089 119212 fake_model.cpp:311] Model fake:fake_0:1:224x224:160 forward batch, slept for 52940.4 us = 35683.8 + 0.325963 * 1 * 52940.4
I1211 02:47:43.056607 119212 fake_model.cpp:311] Model fake:fake_0:1:224x224:160 forward batch, slept for 55152.1 us = 37174.5 + 0.325963 * 1 * 55152.1
I1211 02:47:43.242163 119212 fake_model.cpp:311] Model fake:fake_0:1:224x224:160 forward batch, slept for 71913.9 us = 48472.6 + 0.325963 * 1 * 71913.9
I1211 02:47:43.428423 119212 fake_model.cpp:311] Model fake:fake_0:1:224x224:160 forward batch, slept for 80528 us = 54278.8 + 0.325963 * 1 * 80528
I1211 02:47:43.526633 119220 backend_server.cpp:422] fake:fake_0:1:224x224:160 request rate: 5.68558, drop rate: 0.00769323
I1211 02:47:43.614339 119212 fake_model.cpp:311] Model fake:fake_0:1:224x224:160 forward batch, slept for 80794.4 us = 54458.4 + 0.325963 * 1 * 80794.4
I1211 02:47:43.800734 119212 fake_model.cpp:311] Model fake:fake_0:1:224x224:160 forward batch, slept for 98327 us = 66276 + 0.325963 * 1 * 98327
I1211 02:47:43.899255 119212 fake_model.cpp:311] Model fake:fake_0:1:224x224:160 forward batch, slept for 65110.9 us = 43887.1 + 0.325963 * 1 * 65110.9
I1211 02:47:43.988059 119212 fake_model.cpp:311] Model fake:fake_0:1:224x224:160 forward batch, slept for 66263.1 us = 44663.8 + 0.325963 * 1 * 66263.1
I1211 02:47:44.173676 119212 fake_model.cpp:311] Model fake:fake_0:1:224x224:160 forward batch, slept for 63807.9 us = 43008.9 + 0.325963 * 1 * 63807.9
I1211 02:47:44.359505 119212 fake_model.cpp:311] Model fake:fake_0:1:224x224:160 forward batch, slept for 56377.7 us = 38000.6 + 0.325963 * 1 * 56377.7
I1211 02:47:44.544801 119212 fake_model.cpp:311] Model fake:fake_0:1:224x224:160 forward batch, slept for 66204.4 us = 44624.2 + 0.325963 * 1 * 66204.4
I1211 02:47:44.731642 119212 fake_model.cpp:311] Model fake:fake_0:1:224x224:160 forward batch, slept for 69153.7 us = 46612.2 + 0.325963 * 1 * 69153.7
I1211 02:47:44.917794 119212 fake_model.cpp:311] Model fake:fake_0:1:224x224:160 forward batch, slept for 57152.5 us = 38522.9 + 0.325963 * 1 * 57152.5
I1211 02:47:45.103888 119212 fake_model.cpp:311] Model fake:fake_0:1:224x224:160 forward batch, slept for 54805.3 us = 36940.8 + 0.325963 * 1 * 54805.3
I1211 02:47:45.289352 119212 fake_model.cpp:311] Model fake:fake_0:1:224x224:160 forward batch, slept for 69030.5 us = 46529.1 + 0.325963 * 1 * 69030.5
I1211 02:47:45.474833 119212 fake_model.cpp:311] Model fake:fake_0:1:224x224:160 forward batch, slept for 71226.3 us = 48009.2 + 0.325963 * 1 * 71226.3
I1211 02:47:45.526598 119220 backend_server.cpp:422] fake:fake_0:1:224x224:160 request rate: 5.78924, drop rate: 0.00515693
I1211 02:47:45.659716 119212 fake_model.cpp:311] Model fake:fake_0:1:224x224:160 forward batch, slept for 60334.2 us = 40667.5 + 0.325963 * 1 * 60334.2
I1211 02:47:45.846449 119212 fake_model.cpp:311] Model fake:fake_0:1:224x224:160 forward batch, slept for 55567 us = 37454.2 + 0.325963 * 1 * 55567
I1211 02:47:46.032390 119212 fake_model.cpp:311] Model fake:fake_0:1:224x224:160 forward batch, slept for 82124.4 us = 55354.9 + 0.325963 * 1 * 82124.4
I1211 02:47:46.218241 119212 fake_model.cpp:311] Model fake:fake_0:1:224x224:160 forward batch, slept for 53954.3 us = 36367.2 + 0.325963 * 1 * 53954.3
I1211 02:47:46.403244 119212 fake_model.cpp:311] Model fake:fake_0:1:224x224:160 forward batch, slept for 61346 us = 41349.5 + 0.325963 * 1 * 61346
I1211 02:47:46.590409 119212 fake_model.cpp:311] Model fake:fake_0:1:224x224:160 forward batch, slept for 52475.5 us = 35370.4 + 0.325963 * 1 * 52475.5
I1211 02:47:46.683303 119212 fake_model.cpp:311] Model fake:fake_0:1:224x224:160 forward batch, slept for 61006.5 us = 41120.7 + 0.325963 * 1 * 61006.5
I1211 02:47:46.777796 119212 fake_model.cpp:311] Model fake:fake_0:1:224x224:160 forward batch, slept for 67009.8 us = 45167.1 + 0.325963 * 1 * 67009.8
I1211 02:47:46.963289 119212 fake_model.cpp:311] Model fake:fake_0:1:224x224:160 forward batch, slept for 71781.9 us = 48383.7 + 0.325963 * 1 * 71781.9
I1211 02:47:47.149930 119212 fake_model.cpp:311] Model fake:fake_0:1:224x224:160 forward batch, slept for 48767.5 us = 32871.1 + 0.325963 * 1 * 48767.5
I1211 02:47:47.335137 119212 fake_model.cpp:311] Model fake:fake_0:1:224x224:160 forward batch, slept for 78038 us = 52600.5 + 0.325963 * 1 * 78038
I1211 02:47:47.429785 119212 fake_model.cpp:311] Model fake:fake_0:1:224x224:160 forward batch, slept for 80210.9 us = 54065.1 + 0.325963 * 1 * 80210.9
I1211 02:47:47.521916 119212 fake_model.cpp:311] Model fake:fake_0:1:224x224:160 forward batch, slept for 72189.2 us = 48658.2 + 0.325963 * 1 * 72189.2
I1211 02:47:47.526748 119220 backend_server.cpp:422] fake:fake_0:1:224x224:160 request rate: 5.67745, drop rate: 0.00345679
I1211 02:47:47.594272 119212 fake_model.cpp:311] Model fake:fake_0:1:224x224:160 forward batch, slept for 56429.2 us = 38035.4 + 0.325963 * 1 * 56429.2
I1211 02:47:47.650877 119212 fake_model.cpp:311] Model fake:fake_0:1:224x224:160 forward batch, slept for 63776.3 us = 42987.6 + 0.325963 * 1 * 63776.3
I1211 02:47:47.714807 119212 fake_model.cpp:311] Model fake:fake_0:1:224x224:160 forward batch, slept for 76655.8 us = 51668.8 + 0.325963 * 1 * 76655.8
I1211 02:47:47.791611 119212 fake_model.cpp:311] Model fake:fake_0:1:224x224:160 forward batch, slept for 78550.9 us = 52946.2 + 0.325963 * 1 * 78550.9
I1211 02:47:47.870364 119212 fake_model.cpp:311] Model fake:fake_0:1:224x224:160 forward batch, slept for 50027.7 us = 33720.5 + 0.325963 * 1 * 50027.7
I1211 02:47:47.920629 119212 fake_model.cpp:311] Model fake:fake_0:1:224x224:160 forward batch, slept for 99207 us = 66869.2 + 0.325963 * 1 * 99207
I1211 02:47:48.020002 119212 fake_model.cpp:311] Model fake:fake_0:1:224x224:160 forward batch, slept for 67413.4 us = 45439.2 + 0.325963 * 1 * 67413.4
I1211 02:47:48.087565 119212 fake_model.cpp:311] Model fake:fake_0:1:224x224:160 forward batch, slept for 57180.3 us = 38541.6 + 0.325963 * 1 * 57180.3
I1211 02:47:48.146992 119212 fake_model.cpp:311] Model fake:fake_0:1:224x224:160 forward batch, slept for 51631.1 us = 34801.3 + 0.325963 * 1 * 51631.1
I1211 02:47:48.209197 119212 fake_model.cpp:311] Model fake:fake_0:1:224x224:160 forward batch, slept for 75404.6 us = 50825.5 + 0.325963 * 1 * 75404.6
I1211 02:47:48.284762 119212 fake_model.cpp:311] Model fake:fake_0:1:224x224:160 forward batch, slept for 53068.5 us = 35770.1 + 0.325963 * 1 * 53068.5
I1211 02:47:48.457397 119212 fake_model.cpp:311] Model fake:fake_0:1:224x224:160 forward batch, slept for 67105.2 us = 45231.4 + 0.325963 * 1 * 67105.2
I1211 02:47:48.551375 119212 fake_model.cpp:311] Model fake:fake_0:1:224x224:160 forward batch, slept for 65674.9 us = 44267.3 + 0.325963 * 1 * 65674.9
I1211 02:47:48.644471 119212 fake_model.cpp:311] Model fake:fake_0:1:224x224:160 forward batch, slept for 60220.5 us = 40590.8 + 0.325963 * 1 * 60220.5
I1211 02:47:48.738046 119212 fake_model.cpp:311] Model fake:fake_0:1:224x224:160 forward batch, slept for 59406.3 us = 40042.1 + 0.325963 * 1 * 59406.3
I1211 02:47:48.830291 119212 fake_model.cpp:311] Model fake:fake_0:1:224x224:160 forward batch, slept for 51702.9 us = 34849.7 + 0.325963 * 1 * 51702.9
I1211 02:47:48.925539 119212 fake_model.cpp:311] Model fake:fake_0:1:224x224:160 forward batch, slept for 56422.1 us = 38030.6 + 0.325963 * 1 * 56422.1
I1211 02:47:49.018419 119212 fake_model.cpp:311] Model fake:fake_0:1:224x224:160 forward batch, slept for 87912.6 us = 59256.3 + 0.325963 * 1 * 87912.6
I1211 02:47:49.111644 119212 fake_model.cpp:311] Model fake:fake_0:1:224x224:160 forward batch, slept for 51811.5 us = 34922.9 + 0.325963 * 1 * 51811.5
I1211 02:47:49.204974 119212 fake_model.cpp:311] Model fake:fake_0:1:224x224:160 forward batch, slept for 79356.6 us = 53489.3 + 0.325963 * 1 * 79356.6
I1211 02:47:49.284485 119212 fake_model.cpp:311] Model fake:fake_0:1:224x224:160 forward batch, slept for 61613.2 us = 41529.6 + 0.325963 * 1 * 61613.2
I1211 02:47:49.346249 119212 fake_model.cpp:311] Model fake:fake_0:1:224x224:160 forward batch, slept for 56989.7 us = 38413.2 + 0.325963 * 1 * 56989.7
I1211 02:47:49.403388 119212 fake_model.cpp:311] Model fake:fake_0:1:224x224:160 forward batch, slept for 56228.1 us = 37899.8 + 0.325963 * 1 * 56228.1
I1211 02:47:49.459810 119212 fake_model.cpp:311] Model fake:fake_0:1:224x224:160 forward batch, slept for 44915.7 us = 30274.9 + 0.325963 * 1 * 44915.7
I1211 02:47:49.517104 119212 fake_model.cpp:311] Model fake:fake_0:1:224x224:160 forward batch, slept for 87679.9 us = 59099.5 + 0.325963 * 1 * 87679.9
I1211 02:47:49.526728 119220 backend_server.cpp:422] fake:fake_0:1:224x224:160 request rate: 7.16823, drop rate: 0.00231716
I1211 02:47:49.604956 119212 fake_model.cpp:311] Model fake:fake_0:1:224x224:160 forward batch, slept for 89189.8 us = 60117.2 + 0.325963 * 1 * 89189.8
I1211 02:47:49.694447 119212 fake_model.cpp:311] Model fake:fake_0:1:224x224:160 forward batch, slept for 79889 us = 40610.6 + 0.325963 * 2 * 60249.8
I1211 02:47:49.774629 119212 fake_model.cpp:311] Model fake:fake_0:1:224x224:160 forward batch, slept for 92181.2 us = 46859.2 + 0.325963 * 2 * 69520.2
I1211 02:47:49.867130 119212 fake_model.cpp:311] Model fake:fake_0:1:224x224:160 forward batch, slept for 98502.8 us = 50072.7 + 0.325963 * 2 * 74287.8
I1211 02:47:49.965950 119212 fake_model.cpp:311] Model fake:fake_0:1:224x224:160 forward batch, slept for 76145.9 us = 38707.8 + 0.325963 * 2 * 57426.9
I1211 02:47:50.042332 119212 fake_model.cpp:311] Model fake:fake_0:1:224x224:160 forward batch, slept for 52509.7 us = 35393.5 + 0.325963 * 1 * 52509.7
I1211 02:47:50.094993 119212 fake_model.cpp:311] Model fake:fake_0:1:224x224:160 forward batch, slept for 76178.8 us = 51347.3 + 0.325963 * 1 * 76178.8
I1211 02:47:50.171321 119212 fake_model.cpp:311] Model fake:fake_0:1:224x224:160 forward batch, slept for 62112.6 us = 41866.2 + 0.325963 * 1 * 62112.6
I1211 02:47:50.233713 119212 fake_model.cpp:311] Model fake:fake_0:1:224x224:160 forward batch, slept for 104950 us = 53350.2 + 0.325963 * 2 * 79150.2
I1211 02:47:50.338963 119212 fake_model.cpp:311] Model fake:fake_0:1:224x224:160 forward batch, slept for 89202.9 us = 45345.2 + 0.325963 * 2 * 67274
I1211 02:47:50.428450 119212 fake_model.cpp:311] Model fake:fake_0:1:224x224:160 forward batch, slept for 80363.8 us = 40852 + 0.325963 * 2 * 60607.9
I1211 02:47:50.509100 119212 fake_model.cpp:311] Model fake:fake_0:1:224x224:160 forward batch, slept for 97874.3 us = 49753.2 + 0.325963 * 2 * 73813.8
I1211 02:47:50.607270 119212 fake_model.cpp:311] Model fake:fake_0:1:224x224:160 forward batch, slept for 89030 us = 45257.3 + 0.325963 * 2 * 67143.7
I1211 02:47:50.696584 119212 fake_model.cpp:311] Model fake:fake_0:1:224x224:160 forward batch, slept for 100046 us = 50857.3 + 0.325963 * 2 * 75451.7
I1211 02:47:50.796918 119212 fake_model.cpp:311] Model fake:fake_0:1:224x224:160 forward batch, slept for 95816.5 us = 48707.2 + 0.325963 * 2 * 72261.9
I1211 02:47:50.893030 119212 fake_model.cpp:311] Model fake:fake_0:1:224x224:160 forward batch, slept for 72833.6 us = 37024 + 0.325963 * 2 * 54928.8
I1211 02:47:50.966151 119212 fake_model.cpp:311] Model fake:fake_0:1:224x224:160 forward batch, slept for 96982.4 us = 49299.8 + 0.325963 * 2 * 73141.1
I1211 02:47:51.063423 119212 fake_model.cpp:311] Model fake:fake_0:1:224x224:160 forward batch, slept for 85363.9 us = 43393.7 + 0.325963 * 2 * 64378.8
I1211 02:47:51.149169 119212 fake_model.cpp:311] Model fake:fake_0:1:224x224:160 forward batch, slept for 76701.7 us = 38990.4 + 0.325963 * 2 * 57846
I1211 02:47:51.226155 119212 fake_model.cpp:311] Model fake:fake_0:1:224x224:160 forward batch, slept for 91074.8 us = 46296.8 + 0.325963 * 2 * 68685.8
I1211 02:47:51.317534 119212 fake_model.cpp:311] Model fake:fake_0:1:224x224:160 forward batch, slept for 97139.9 us = 49379.9 + 0.325963 * 2 * 73259.9
I1211 02:47:51.414994 119212 fake_model.cpp:311] Model fake:fake_0:1:224x224:160 forward batch, slept for 87291.2 us = 44373.4 + 0.325963 * 2 * 65832.3
I1211 02:47:51.502619 119212 fake_model.cpp:311] Model fake:fake_0:1:224x224:160 forward batch, slept for 118835 us = 60408.5 + 0.325963 * 2 * 89622
I1211 02:47:51.527027 119220 backend_server.cpp:422] fake:fake_0:1:224x224:160 request rate: 10.541, drop rate: 0.00155324
I1211 02:47:51.621763 119212 fake_model.cpp:311] Model fake:fake_0:1:224x224:160 forward batch, slept for 76754.2 us = 39017 + 0.325963 * 2 * 57885.6
I1211 02:47:51.698807 119212 fake_model.cpp:311] Model fake:fake_0:1:224x224:160 forward batch, slept for 138724 us = 70518.8 + 0.325963 * 2 * 104621
I1211 02:47:51.837920 119212 fake_model.cpp:311] Model fake:fake_0:1:224x224:160 forward batch, slept for 117161 us = 59557.5 + 0.325963 * 2 * 88359.4
I1211 02:47:51.955380 119212 fake_model.cpp:311] Model fake:fake_0:1:224x224:160 forward batch, slept for 89063.7 us = 45274.4 + 0.325963 * 2 * 67169.1
I1211 02:47:52.044735 119212 fake_model.cpp:311] Model fake:fake_0:1:224x224:160 forward batch, slept for 73523.8 us = 37374.9 + 0.325963 * 2 * 55449.4
I1211 02:47:52.118561 119212 fake_model.cpp:311] Model fake:fake_0:1:224x224:160 forward batch, slept for 103204 us = 52462.7 + 0.325963 * 2 * 77833.6
I1211 02:47:52.222182 119212 fake_model.cpp:311] Model fake:fake_0:1:224x224:160 forward batch, slept for 90245 us = 45874.9 + 0.325963 * 2 * 68060
I1211 02:47:52.312760 119212 fake_model.cpp:311] Model fake:fake_0:1:224x224:160 forward batch, slept for 96474.5 us = 49041.6 + 0.325963 * 2 * 72758
I1211 02:47:52.409536 119212 fake_model.cpp:311] Model fake:fake_0:1:224x224:160 forward batch, slept for 107509 us = 54650.8 + 0.325963 * 2 * 81079.9
I1211 02:47:52.517338 119212 fake_model.cpp:311] Model fake:fake_0:1:224x224:160 forward batch, slept for 108295 us = 55050.4 + 0.325963 * 2 * 81672.6
I1211 02:47:52.625923 119212 fake_model.cpp:311] Model fake:fake_0:1:224x224:160 forward batch, slept for 117746 us = 59854.6 + 0.325963 * 2 * 88800.2
I1211 02:47:52.743960 119212 fake_model.cpp:311] Model fake:fake_0:1:224x224:160 forward batch, slept for 101904 us = 51801.5 + 0.325963 * 2 * 76852.6
I1211 02:47:52.846334 119212 fake_model.cpp:311] Model fake:fake_0:1:224x224:160 forward batch, slept for 90417.9 us = 45962.8 + 0.325963 * 2 * 68190.3
I1211 02:47:52.937062 119212 fake_model.cpp:311] Model fake:fake_0:1:224x224:160 forward batch, slept for 92847.8 us = 47198.1 + 0.325963 * 2 * 70022.9
I1211 02:47:53.030200 119212 fake_model.cpp:311] Model fake:fake_0:1:224x224:160 forward batch, slept for 98084.8 us = 49860.2 + 0.325963 * 2 * 73972.5
I1211 02:47:53.128572 119212 fake_model.cpp:311] Model fake:fake_0:1:224x224:160 forward batch, slept for 91561.7 us = 46544.3 + 0.325963 * 2 * 69053
I1211 02:47:53.220425 119212 fake_model.cpp:311] Model fake:fake_0:1:224x224:160 forward batch, slept for 92638.3 us = 47091.5 + 0.325963 * 2 * 69864.9
I1211 02:47:53.313351 119212 fake_model.cpp:311] Model fake:fake_0:1:224x224:160 forward batch, slept for 86259 us = 43848.7 + 0.325963 * 2 * 65053.9
I1211 02:47:53.399766 119212 fake_model.cpp:311] Model fake:fake_0:1:224x224:160 forward batch, slept for 62958.9 us = 42436.6 + 0.325963 * 1 * 62958.9
E1211 02:47:53.467793 119206 backend_server.cpp:495] Failed to connect to scheduler: Socket closed(14)
I1211 02:47:53.468098 119206 connection.cpp:28] Connection Stop
I1211 02:47:53.468181 119212 gpu_executor.cpp:170] GpuExecutor stopped
I1211 02:47:53.495293 119213 worker.cpp:53] Worker 0 stopped
I1211 02:47:53.499945 119214 worker.cpp:53] Worker 1 stopped
I1211 02:47:53.550045 119215 worker.cpp:53] Worker 2 stopped
I1211 02:47:53.563000 119216 worker.cpp:53] Worker 3 stopped
W1211 02:47:53.883534 119206 rpc_service_base.h:57] There is a event in the grpc::ServerCompletionQueue not handled at 0x7f5dd4001590
W1211 02:47:53.883582 119206 rpc_service_base.h:57] There is a event in the grpc::ServerCompletionQueue not handled at 0x7f5dd4000b20
I1211 02:47:53.883644 119206 rpc_service_base.h:64] RPC service stopped
I1211 02:47:53.883651 119206 backend_server.cpp:134] Backend server stopped
I1211 02:47:53.889936 119206 model_ins.cpp:89] Deconstruct model fake:fake_0:1:224x224:160
