I1211 04:53:02.706679 139221 rpc_service_base.h:46] RPC service is listening on 0.0.0.0:10001
I1211 04:53:05.270798 139226 scheduler.cpp:98] Register server: node_type: BACKEND_NODE
node_id: 4135575756
server_port: "8001"
rpc_port: "8002"
gpu_device_name: "Tesla_V100S-PCIE-32GB"
gpu_available_memory: 33650376704
gpu_uuid: "fcf0dc04-2c7f-7570-499b-47b29c6d534c"
I1211 04:53:06.722779 139227 scheduler.cpp:98] Register server: node_id: 4213297787
server_port: "9001"
rpc_port: "9002"
I1211 04:53:06.723307 139228 model_db.cpp:283] Load model DB from /workdir/models/db/model_db.yml
I1211 04:53:06.724126 139228 backend_delegate.cpp:183] Backend 4135575756 loads fake:fake_0:1:224x224:236, batch 8, max batch 8, max duty cycle 357.341 us, throughput 22387.6 req/s. Backend exec cycle 357.341 us, duty cycle: 357.341 us
I1211 04:53:33.710131 139221 scheduler.cpp:832] Epoch schedule
I1211 04:53:33.710211 139221 scheduler.cpp:1120] Total used GPUs: 1
Backend 4135575756: 1
I1211 04:53:33.710230 139221 scheduler.cpp:1137] Model table: 
fake:fake_0:1:224x224:236: 4135575756/22387.6/1, total share: 1
I1211 04:53:48.711324 139221 scheduler.cpp:832] Epoch schedule
I1211 04:53:48.711411 139221 scheduler.cpp:861] fake:fake_0:1:224x224:236 estimate rps: 23.7801 (last: 23.7801, mean: 17.0228, std: 6.70479), throughput: 22387.6
I1211 04:53:48.711450 139221 backend_delegate.cpp:341] Backend 4135575756 updates fake:fake_0:1:224x224:236, batch 6, max batch 8, new throughput 25.69
I1211 04:53:48.713218 139221 scheduler.cpp:1120] Total used GPUs: 1
Backend 4135575756: 0.00142502
I1211 04:53:48.713246 139221 scheduler.cpp:1137] Model table: 
fake:fake_0:1:224x224:236: 4135575756/25.69/1, total share: 1
I1211 04:53:58.714063 139221 scheduler.cpp:832] Epoch schedule
I1211 04:53:58.714104 139221 scheduler.cpp:861] fake:fake_0:1:224x224:236 estimate rps: 14.535 (last: 14.535, mean: 20.2888, std: 2.97907), throughput: 25.69
I1211 04:53:58.714131 139221 backend_delegate.cpp:341] Backend 4135575756 updates fake:fake_0:1:224x224:236, batch 4, max batch 8, new throughput 17.1248
I1211 04:53:58.715152 139221 scheduler.cpp:1120] Total used GPUs: 1
Backend 4135575756: 0.00131989
I1211 04:53:58.715178 139221 scheduler.cpp:1137] Model table: 
fake:fake_0:1:224x224:236: 4135575756/17.1248/1, total share: 1
I1211 04:54:08.715991 139221 scheduler.cpp:832] Epoch schedule
I1211 04:54:08.716033 139221 scheduler.cpp:861] fake:fake_0:1:224x224:236 estimate rps: 9.37843 (last: 9.37843, mean: 17.7881, std: 5.35648), throughput: 17.1248
I1211 04:54:08.716070 139221 backend_delegate.cpp:341] Backend 4135575756 updates fake:fake_0:1:224x224:236, batch 3, max batch 8, new throughput 12.843
I1211 04:54:08.717026 139221 scheduler.cpp:1120] Total used GPUs: 1
Backend 4135575756: 0.00126733
I1211 04:54:08.717053 139221 scheduler.cpp:1137] Model table: 
fake:fake_0:1:224x224:236: 4135575756/12.843/1, total share: 1
I1211 04:54:18.717808 139221 scheduler.cpp:832] Epoch schedule
I1211 04:54:18.717846 139221 scheduler.cpp:861] fake:fake_0:1:224x224:236 estimate rps: 6.71992 (last: 6.71992, mean: 12.5523, std: 5.08164), throughput: 12.843
I1211 04:54:18.717882 139221 backend_delegate.cpp:341] Backend 4135575756 updates fake:fake_0:1:224x224:236, batch 2, max batch 8, new throughput 8.56152
I1211 04:54:18.718855 139221 scheduler.cpp:1120] Total used GPUs: 1
Backend 4135575756: 0.00121478
I1211 04:54:18.718878 139221 scheduler.cpp:1137] Model table: 
fake:fake_0:1:224x224:236: 4135575756/8.56152/1, total share: 1
I1211 04:54:29.719692 139221 scheduler.cpp:832] Epoch schedule
I1211 04:54:29.719744 139221 scheduler.cpp:861] fake:fake_0:1:224x224:236 estimate rps: 9.854 (last: 9.854, mean: 8.33555, std: 2.19259), throughput: 8.56152
I1211 04:54:29.719781 139221 backend_delegate.cpp:341] Backend 4135575756 updates fake:fake_0:1:224x224:236, batch 3, max batch 8, new throughput 12.843
I1211 04:54:29.720733 139221 scheduler.cpp:1120] Total used GPUs: 1
Backend 4135575756: 0.00126733
I1211 04:54:29.720754 139221 scheduler.cpp:1137] Model table: 
fake:fake_0:1:224x224:236: 4135575756/12.843/1, total share: 1
*** Aborted at 1639198469 (unix time) try "date -d @1639198469" if you are using GNU date ***
I1211 04:54:29.953683 139228 scheduler.cpp:115] Unregister BACKEND_NODE 4135575756
I1211 04:54:29.953703 139229 scheduler.cpp:115] Unregister FRONTEND_NODE 4213297787
I1211 04:54:29.953783 139228 scheduler.cpp:454] Remove backend 4135575756
I1211 04:54:29.953886 139228 scheduler.cpp:984] fake:fake_0:1:224x224:236 has unassigned workload 12.843
I1211 04:54:29.953922 139228 scheduler.cpp:1007] Unassigned workload fake:fake_0:1:224x224:236, 12.843 req/s
PC: @                0x0 (unknown)
*** SIGTERM (@0x21f93) received by PID 139221 (TID 0x7f9b4d861f00) from PID 139155; stack trace: ***
    @     0x7f9b4c560980 (unknown)
    @     0x7f9b4c55fd50 __GI___nanosleep
    @     0x5560ef548f0d std::this_thread::sleep_for<>()
    @     0x5560ef52c269 nexus::scheduler::Scheduler::Run()
    @     0x5560ef57b781 main
    @     0x7f9b477d5bf7 __libc_start_main
    @     0x5560ef4f7eaa _start
    @                0x0 (unknown)
