[1m[20:55:04.105][info]       [REDIS] Successfully issued command "SELECT 1"
[00m[1m[20:55:04.105][info]     [STATEDB] Persistent state DB created
[00m[1m[20:55:05.890][info]   [MGMTFRNTD] Add application POST request
[00m[1m[20:55:05.891][info]       [REDIS] Successfully issued command "SELECT 5"
[00m[1m[20:55:05.891][info]       [REDIS] Successfully issued command "HGETALL fake-model"
[00m[1m[20:55:05.891][info]       [REDIS] Successfully issued command "SELECT 5"
[00m[1m[20:55:05.892][info]       [REDIS] Successfully issued command "HMSET fake-model input_type floats policy DefaultOutputSelectionPolicy default_output None latency_slo_micros 282000"
[00m[1m[20:55:06.936][info]   [MGMTFRNTD] Add model POST request
[00m[1m[20:55:06.937][info]       [REDIS] Successfully issued command "SELECT 2"
[00m[1m[20:55:06.937][info]       [REDIS] Successfully issued command "HGETALL fake-model:1"
[00m[1m[20:55:06.937][info]       [REDIS] Successfully issued command "SELECT 5"
[00m[1m[20:55:06.937][info]       [REDIS] Successfully issued command "KEYS *"
[00m[1m[20:55:06.937][info]       [REDIS] Successfully issued command "SELECT 7"
[00m[1m[20:55:06.937][info]       [REDIS] Successfully issued command "SMEMBERS fake-model"
[00m[1m[20:55:06.938][info]       [REDIS] Successfully issued command "SELECT 2"
[00m[1m[20:55:06.938][info]       [REDIS] Successfully issued command "HMSET fake-model:1 model_name fake-model model_version 1 load 0.000000 input_type floats labels  container_name default-cluster-fake-model:1 model_data_path DEPRECATED batch_size 8 valid "
[00m[1m[20:55:06.938][info]       [REDIS] Successfully issued command "SELECT 6"
[00m[1m[20:55:06.938][info]       [REDIS] Successfully issued command "SET CURRENT_MODEL_VERSION:fake-model 1"
[00m[1m[20:55:06.946][info]   [MGMTFRNTD] Add application links POST request
[00m[1m[20:55:06.946][info]       [REDIS] Successfully issued command "SELECT 5"
[00m[1m[20:55:06.947][info]       [REDIS] Successfully issued command "HGETALL fake-model"
[00m[1m[20:55:06.947][info]       [REDIS] 	 input_type: floats
[00m[1m[20:55:06.947][info]       [REDIS] 	 policy: DefaultOutputSelectionPolicy
[00m[1m[20:55:06.947][info]       [REDIS] 	 default_output: None
[00m[1m[20:55:06.947][info]       [REDIS] 	 latency_slo_micros: 282000
[00m[1m[20:55:06.947][info]       [REDIS] Successfully issued command "SELECT 6"
[00m[1m[20:55:06.947][info]       [REDIS] Successfully issued command "GET CURRENT_MODEL_VERSION:fake-model"
[00m[1m[20:55:06.947][info]       [REDIS] Successfully issued command "SELECT 2"
[00m[1m[20:55:06.947][info]       [REDIS] Successfully issued command "HGETALL fake-model:1"
[00m[1m[20:55:06.947][info]       [REDIS] 	 model_name: fake-model
[00m[1m[20:55:06.947][info]       [REDIS] 	 model_version: 1
[00m[1m[20:55:06.947][info]       [REDIS] 	 load: 0.000000
[00m[1m[20:55:06.947][info]       [REDIS] 	 input_type: floats
[00m[1m[20:55:06.947][info]       [REDIS] 	 labels: 
[00m[1m[20:55:06.947][info]       [REDIS] 	 container_name: default-cluster-fake-model:1
[00m[1m[20:55:06.947][info]       [REDIS] 	 model_data_path: DEPRECATED
[00m[1m[20:55:06.947][info]       [REDIS] 	 batch_size: 8
[00m[1m[20:55:06.947][info]       [REDIS] 	 valid: 
[00m[1m[20:55:06.948][info]       [REDIS] Successfully issued command "SELECT 7"
[00m[1m[20:55:06.948][info]       [REDIS] Successfully issued command "SMEMBERS fake-model"
[00m[1m[20:55:06.948][info]       [REDIS] Successfully issued command "SELECT 7"
[00m[1m[20:55:06.948][info]       [REDIS] Successfully issued command "SADD fake-model fake-model"
[00m[1m[20:55:08.958][info]   [MGMTFRNTD] Get all models POST request
[00m[1m[20:55:08.959][info]       [REDIS] Successfully issued command "SELECT 2"
[00m[1m[20:55:08.959][info]       [REDIS] Successfully issued command "KEYS *"
[00m[1m[20:55:08.959][info]       [REDIS] Successfully issued command "SELECT 2"
[00m[1m[20:55:08.959][info]       [REDIS] Successfully issued command "HGETALL fake-model:1"
[00m[1m[20:55:08.959][info]       [REDIS] 	 model_name: fake-model
[00m[1m[20:55:08.959][info]       [REDIS] 	 model_version: 1
[00m[1m[20:55:08.959][info]       [REDIS] 	 load: 0.000000
[00m[1m[20:55:08.959][info]       [REDIS] 	 input_type: floats
[00m[1m[20:55:08.959][info]       [REDIS] 	 labels: 
[00m[1m[20:55:08.959][info]       [REDIS] 	 container_name: default-cluster-fake-model:1
[00m[1m[20:55:08.959][info]       [REDIS] 	 model_data_path: DEPRECATED
[00m[1m[20:55:08.959][info]       [REDIS] 	 batch_size: 8
[00m[1m[20:55:08.959][info]       [REDIS] 	 valid: 
[00m[1m[20:55:08.959][info]       [REDIS] Successfully issued command "SELECT 6"
[00m[1m[20:55:08.960][info]       [REDIS] Successfully issued command "GET CURRENT_MODEL_VERSION:fake-model"
[00m[1m[20:55:08.960][info]   [MGMTFRNTD] get_all_models response: [{"model_name":"fake-model","model_version":"1","input_type":"floats","labels":[""],"container_name":"default-cluster-fake-model:1","model_data_path":"DEPRECATED","is_current_version":true}]
