INFO: nexus_dir=/workdir/nexus model_dir=/workdir/models log_dir=/workdir/DynWork/log/NLP/worldcup/LenScale_0.01/chatbot/blenderbot_convAI/1.2_x_P99/nexus/logs model=fake_0
INFO: waiting frontend to spin up
INFO: ready to go
INFO: rock and roll
INFO: at 4.071 ms batch [8.216] delay 17.938 ms
INFO: at 4.071 ms fetching 8.216 ms
INFO: at 22.519 ms batch [5.155] delay 17.938 ms
INFO: at 22.519 ms fetching 5.155 ms
INFO: at 41.426 ms batch [6.177] delay 17.938 ms
INFO: at 41.426 ms fetching 6.177 ms
INFO: at 59.955 ms batch [5.716] delay 17.938 ms
INFO: at 59.955 ms fetching 5.716 ms
INFO: at 78.939 ms batch [6.078] delay 17.938 ms
INFO: at 78.939 ms fetching 6.078 ms
INFO: at 96.988 ms batch [5.224] delay 17.938 ms
INFO: at 96.988 ms fetching 5.224 ms
INFO: at 115.907 ms batch [6.891] delay 17.938 ms
INFO: at 115.907 ms fetching 6.891 ms
INFO: at 134.764 ms batch [6.691] delay 17.938 ms
INFO: at 134.764 ms fetching 6.691 ms
INFO: at 153.509 ms batch [5.530] delay 17.938 ms
INFO: at 153.509 ms fetching 5.530 ms
INFO: at 171.963 ms batch [7.250] delay 17.938 ms
INFO: at 171.963 ms fetching 7.250 ms
INFO: at 190.102 ms batch [7.063] delay 17.938 ms
INFO: at 190.102 ms fetching 7.063 ms
INFO: at 208.475 ms batch [5.476] delay 17.938 ms
INFO: at 208.475 ms fetching 5.476 ms
INFO: at 226.974 ms batch [6.341] delay 17.938 ms
INFO: at 226.974 ms fetching 6.341 ms
INFO: at 245.202 ms batch [6.709] delay 17.938 ms
INFO: at 245.202 ms fetching 6.709 ms
INFO: at 264.234 ms batch [7.071] delay 17.938 ms
INFO: at 264.234 ms fetching 7.071 ms
INFO: at 283.049 ms batch [6.858] delay 17.938 ms
INFO: at 283.049 ms fetching 6.858 ms
INFO: at 301.953 ms batch [7.771] delay 17.938 ms
INFO: at 301.953 ms fetching 7.771 ms
INFO: at 320.711 ms batch [6.570] delay 17.938 ms
INFO: at 320.711 ms fetching 6.570 ms
INFO: at 339.348 ms batch [7.870] delay 17.938 ms
INFO: at 339.348 ms fetching 7.870 ms
INFO: at 357.865 ms batch [8.121] delay 17.938 ms
INFO: at 357.865 ms fetching 8.121 ms
INFO: at 376.875 ms batch [8.056] delay 17.938 ms
INFO: at 376.875 ms fetching 8.056 ms
INFO: at 395.109 ms batch [6.254] delay 17.938 ms
INFO: at 395.109 ms fetching 6.254 ms
INFO: at 413.249 ms batch [5.653] delay 17.938 ms
INFO: at 413.249 ms fetching 5.653 ms
INFO: at 432.233 ms batch [6.873] delay 17.938 ms
INFO: at 432.233 ms fetching 6.873 ms
INFO: at 450.857 ms batch [7.198] delay 17.938 ms
INFO: at 450.857 ms fetching 7.198 ms
INFO: at 469.019 ms batch [5.726] delay 17.938 ms
INFO: at 469.019 ms fetching 5.726 ms
INFO: at 487.490 ms batch [6.766] delay 17.938 ms
INFO: at 487.490 ms fetching 6.766 ms
INFO: at 506.051 ms batch [7.074] delay 17.938 ms
INFO: at 506.051 ms fetching 7.074 ms
INFO: at 524.978 ms batch [5.965] delay 17.938 ms
INFO: at 524.978 ms fetching 5.965 ms
INFO: at 543.179 ms batch [5.513] delay 17.938 ms
INFO: at 543.179 ms fetching 5.513 ms
INFO: at 561.597 ms batch [7.348] delay 17.938 ms
INFO: at 561.597 ms fetching 7.348 ms
INFO: at 579.693 ms batch [5.176] delay 17.938 ms
INFO: at 579.693 ms fetching 5.176 ms
INFO: at 598.402 ms batch [5.511] delay 17.938 ms
INFO: at 598.402 ms fetching 5.511 ms
INFO: at 616.939 ms batch [7.839] delay 17.938 ms
INFO: at 616.939 ms fetching 7.839 ms
INFO: at 635.369 ms batch [6.063] delay 17.938 ms
INFO: at 635.369 ms fetching 6.063 ms
INFO: at 654.280 ms batch [7.519] delay 17.938 ms
INFO: at 654.280 ms fetching 7.519 ms
INFO: at 672.683 ms batch [6.194] delay 17.938 ms
INFO: at 672.683 ms fetching 6.194 ms
INFO: at 690.756 ms batch [5.542] delay 17.938 ms
INFO: at 690.756 ms fetching 5.542 ms
INFO: at 709.205 ms batch [6.744] delay 17.938 ms
INFO: at 709.205 ms fetching 6.744 ms
INFO: at 727.357 ms batch [6.240] delay 17.938 ms
INFO: at 727.357 ms fetching 6.240 ms
INFO: at 746.178 ms batch [7.240] delay 17.938 ms
INFO: at 746.178 ms fetching 7.240 ms
INFO: at 765.154 ms batch [5.540] delay 17.938 ms
INFO: at 765.154 ms fetching 5.540 ms
INFO: at 783.213 ms batch [6.066] delay 17.938 ms
INFO: at 783.213 ms fetching 6.066 ms
INFO: at 801.976 ms batch [5.978] delay 17.938 ms
INFO: at 801.976 ms fetching 5.978 ms
INFO: at 820.738 ms batch [6.788] delay 17.938 ms
INFO: at 820.738 ms fetching 6.788 ms
INFO: at 839.260 ms batch [6.286] delay 17.938 ms
INFO: at 839.260 ms fetching 6.286 ms
INFO: at 857.412 ms batch [6.283] delay 17.938 ms
INFO: at 857.412 ms fetching 6.283 ms
INFO: at 875.651 ms batch [4.881] delay 17.938 ms
INFO: at 875.651 ms fetching 4.881 ms
INFO: at 893.820 ms batch [6.291] delay 17.938 ms
INFO: at 893.820 ms fetching 6.291 ms
INFO: at 912.218 ms batch [6.420] delay 17.938 ms
INFO: at 912.218 ms fetching 6.420 ms
INFO: at 930.886 ms batch [5.754] delay 17.938 ms
INFO: at 930.886 ms fetching 5.754 ms
INFO: at 948.997 ms batch [5.951] delay 17.938 ms
INFO: at 948.997 ms fetching 5.951 ms
INFO: at 967.444 ms batch [8.291] delay 17.938 ms
INFO: at 967.444 ms fetching 8.291 ms
INFO: at 986.329 ms batch [6.297] delay 17.938 ms
INFO: at 986.329 ms fetching 6.297 ms
INFO: at 1004.513 ms batch [5.902] delay 17.938 ms
INFO: at 1004.513 ms fetching 5.902 ms
INFO: at 1022.952 ms batch [8.153] delay 17.938 ms
INFO: at 1022.952 ms fetching 8.153 ms
INFO: at 1041.446 ms batch [6.794] delay 17.938 ms
INFO: at 1041.446 ms fetching 6.794 ms
INFO: at 1059.844 ms batch [5.885] delay 17.938 ms
INFO: at 1059.844 ms fetching 5.885 ms
INFO: at 1078.153 ms batch [7.199] delay 17.938 ms
INFO: at 1078.153 ms fetching 7.199 ms
INFO: at 1096.449 ms batch [5.924] delay 17.938 ms
INFO: at 1096.449 ms fetching 5.924 ms
INFO: at 1115.371 ms batch [6.302] delay 17.938 ms
INFO: at 1115.371 ms fetching 6.302 ms
INFO: at 1134.121 ms batch [5.633] delay 17.938 ms
INFO: at 1134.121 ms fetching 5.633 ms
INFO: at 1152.872 ms batch [7.248] delay 17.938 ms
INFO: at 1152.872 ms fetching 7.248 ms
INFO: at 1170.967 ms batch [6.593] delay 17.938 ms
INFO: at 1170.967 ms fetching 6.593 ms
INFO: at 1189.425 ms batch [7.378] delay 17.938 ms
INFO: at 1189.425 ms fetching 7.378 ms
INFO: at 1207.478 ms batch [8.660] delay 17.938 ms
INFO: at 1207.478 ms fetching 8.660 ms
INFO: at 1225.719 ms batch [5.480] delay 17.938 ms
INFO: at 1225.719 ms fetching 5.480 ms
INFO: at 1243.883 ms batch [6.662] delay 17.938 ms
INFO: at 1243.883 ms fetching 6.662 ms
INFO: at 1262.223 ms batch [4.980] delay 17.938 ms
INFO: at 1262.223 ms fetching 4.980 ms
INFO: at 1280.562 ms batch [6.788] delay 17.938 ms
INFO: at 1280.562 ms fetching 6.788 ms
INFO: at 1298.887 ms batch [6.266] delay 17.938 ms
INFO: at 1298.887 ms fetching 6.266 ms
INFO: at 1317.435 ms batch [5.177] delay 17.938 ms
INFO: at 1317.435 ms fetching 5.177 ms
INFO: at 1336.132 ms batch [5.781] delay 17.938 ms
INFO: at 1336.132 ms fetching 5.781 ms
INFO: at 1354.917 ms batch [6.779] delay 17.938 ms
INFO: at 1354.917 ms fetching 6.779 ms
INFO: at 1373.085 ms batch [4.809] delay 17.938 ms
INFO: at 1373.085 ms fetching 4.809 ms
INFO: at 1391.611 ms batch [6.683] delay 17.938 ms
INFO: at 1391.611 ms fetching 6.683 ms
INFO: at 1410.046 ms batch [5.322] delay 17.938 ms
INFO: at 1410.046 ms fetching 5.322 ms
INFO: at 1428.475 ms batch [5.382] delay 17.938 ms
INFO: at 1428.475 ms fetching 5.382 ms
INFO: at 1446.566 ms batch [7.553] delay 17.938 ms
INFO: at 1446.566 ms fetching 7.553 ms
INFO: at 1465.237 ms batch [5.825] delay 17.938 ms
INFO: at 1465.237 ms fetching 5.825 ms
INFO: at 1483.303 ms batch [7.804] delay 17.938 ms
INFO: at 1483.303 ms fetching 7.804 ms
INFO: at 1502.206 ms batch [5.713] delay 17.938 ms
INFO: at 1502.206 ms fetching 5.713 ms
INFO: at 1520.974 ms batch [7.621] delay 17.938 ms
INFO: at 1520.974 ms fetching 7.621 ms
INFO: at 1539.898 ms batch [6.999] delay 17.938 ms
INFO: at 1539.898 ms fetching 6.999 ms
INFO: at 1558.184 ms batch [5.954] delay 17.938 ms
INFO: at 1558.184 ms fetching 5.954 ms
INFO: at 1576.435 ms batch [5.058] delay 17.938 ms
INFO: at 1576.435 ms fetching 5.058 ms
INFO: at 1595.035 ms batch [6.570] delay 17.938 ms
INFO: at 1595.035 ms fetching 6.570 ms
INFO: at 1613.846 ms batch [7.543] delay 17.938 ms
INFO: at 1613.846 ms fetching 7.543 ms
INFO: at 1632.384 ms batch [5.333] delay 8.969 ms
INFO: at 1632.384 ms fetching 5.333 ms
INFO: at 1642.674 ms batch [6.329] delay 8.969 ms
INFO: at 1642.674 ms fetching 6.329 ms
INFO: at 1652.163 ms batch [6.958] delay 8.969 ms
INFO: at 1652.163 ms fetching 6.958 ms
INFO: at 1662.217 ms batch [5.306] delay 8.969 ms
INFO: at 1662.217 ms fetching 5.306 ms
INFO: at 1671.795 ms batch [4.968] delay 8.969 ms
INFO: at 1671.795 ms fetching 4.968 ms
INFO: at 1681.588 ms batch [6.876] delay 8.969 ms
INFO: at 1681.588 ms fetching 6.876 ms
INFO: at 1690.822 ms batch [6.048] delay 5.979 ms
INFO: at 1690.822 ms fetching 6.048 ms
INFO: at 1697.404 ms batch [6.117] delay 5.979 ms
INFO: at 1697.404 ms fetching 6.117 ms
INFO: at 1704.326 ms batch [5.514] delay 5.979 ms
INFO: at 1704.326 ms fetching 5.514 ms
INFO: at 1711.118 ms batch [6.006] delay 5.979 ms
INFO: at 1711.118 ms fetching 6.006 ms
INFO: at 1717.965 ms batch [6.101] delay 5.979 ms
INFO: at 1717.965 ms fetching 6.101 ms
INFO: at 1724.759 ms batch [7.439] delay 5.979 ms
INFO: at 1724.759 ms fetching 7.439 ms
INFO: at 1731.823 ms batch [6.665] delay 5.979 ms
INFO: at 1731.823 ms fetching 6.665 ms
INFO: at 1738.189 ms batch [6.224] delay 5.979 ms
INFO: at 1738.189 ms fetching 6.224 ms
INFO: at 1744.896 ms batch [7.209] delay 5.979 ms
INFO: at 1744.896 ms fetching 7.209 ms
INFO: at 1751.187 ms batch [6.384] delay 4.485 ms
INFO: at 1751.187 ms fetching 6.384 ms
INFO: at 1756.157 ms batch [5.823] delay 4.485 ms
INFO: at 1756.157 ms fetching 5.823 ms
INFO: at 1761.555 ms batch [7.654] delay 4.485 ms
INFO: at 1761.555 ms fetching 7.654 ms
INFO: at 1766.390 ms batch [8.380] delay 4.485 ms
INFO: at 1766.390 ms fetching 8.380 ms
INFO: at 1771.409 ms batch [6.474] delay 4.485 ms
INFO: at 1771.409 ms fetching 6.474 ms
INFO: at 1776.889 ms batch [6.309] delay 4.485 ms
INFO: at 1776.889 ms fetching 6.309 ms
INFO: at 1782.225 ms batch [6.482] delay 4.485 ms
INFO: at 1782.225 ms fetching 6.482 ms
INFO: at 1787.175 ms batch [6.020] delay 4.485 ms
INFO: at 1787.175 ms fetching 6.020 ms
INFO: at 1792.531 ms batch [6.655] delay 4.485 ms
INFO: at 1792.531 ms fetching 6.655 ms
INFO: at 1798.015 ms batch [7.402] delay 4.485 ms
INFO: at 1798.015 ms fetching 7.402 ms
INFO: at 1803.519 ms batch [7.425] delay 4.485 ms
INFO: at 1803.519 ms fetching 7.425 ms
INFO: at 1809.021 ms batch [5.194] delay 4.485 ms
INFO: at 1809.021 ms fetching 5.194 ms
INFO: at 1814.427 ms batch [6.471] delay 4.485 ms
INFO: at 1814.427 ms fetching 6.471 ms
INFO: at 1819.773 ms batch [5.318] delay 4.485 ms
INFO: at 1819.773 ms fetching 5.318 ms
INFO: at 1824.402 ms batch [5.321] delay 4.485 ms
INFO: at 1824.402 ms fetching 5.321 ms
INFO: at 1829.108 ms batch [5.771] delay 4.485 ms
INFO: at 1829.108 ms fetching 5.771 ms
INFO: at 1834.559 ms batch [5.127] delay 4.485 ms
INFO: at 1834.559 ms fetching 5.127 ms
INFO: at 1840.056 ms batch [5.354] delay 4.485 ms
INFO: at 1840.056 ms fetching 5.354 ms
INFO: at 1844.971 ms batch [7.167] delay 4.485 ms
INFO: at 1844.971 ms fetching 7.167 ms
INFO: at 1850.269 ms batch [6.965] delay 4.485 ms
INFO: at 1850.269 ms fetching 6.965 ms
INFO: at 1855.646 ms batch [6.502] delay 3.588 ms
INFO: at 1855.646 ms fetching 6.502 ms
INFO: at 1860.087 ms batch [6.695] delay 3.588 ms
INFO: at 1860.087 ms fetching 6.695 ms
INFO: at 1864.578 ms batch [8.003] delay 3.588 ms
INFO: at 1864.578 ms fetching 8.003 ms
INFO: at 1868.927 ms batch [6.732] delay 3.588 ms
INFO: at 1868.927 ms fetching 6.732 ms
INFO: at 1873.160 ms batch [6.040] delay 3.588 ms
INFO: at 1873.160 ms fetching 6.040 ms
INFO: at 1876.895 ms batch [7.627] delay 3.588 ms
INFO: at 1876.895 ms fetching 7.627 ms
INFO: at 1881.255 ms batch [5.957] delay 3.588 ms
INFO: at 1881.255 ms fetching 5.957 ms
INFO: at 1885.874 ms batch [7.084] delay 3.588 ms
INFO: at 1885.874 ms fetching 7.084 ms
INFO: at 1890.250 ms batch [5.764] delay 3.588 ms
INFO: at 1890.250 ms fetching 5.764 ms
INFO: at 1893.870 ms batch [8.843] delay 3.588 ms
INFO: at 1893.870 ms fetching 8.843 ms
INFO: at 1898.186 ms batch [7.271] delay 2.990 ms
INFO: at 1898.186 ms fetching 7.271 ms
INFO: at 1902.041 ms batch [4.821] delay 2.990 ms
INFO: at 1902.041 ms fetching 4.821 ms
INFO: at 1905.403 ms batch [6.281] delay 2.990 ms
INFO: at 1905.403 ms fetching 6.281 ms
INFO: at 1908.787 ms batch [5.538] delay 2.990 ms
INFO: at 1908.787 ms fetching 5.538 ms
INFO: at 1912.225 ms batch [6.414] delay 2.990 ms
INFO: at 1912.225 ms fetching 6.414 ms
INFO: at 1916.154 ms batch [6.068] delay 2.990 ms
INFO: at 1916.154 ms fetching 6.068 ms
INFO: at 1919.634 ms batch [7.298] delay 3.588 ms
INFO: at 1919.634 ms fetching 7.298 ms
INFO: at 1924.039 ms batch [7.906] delay 3.588 ms
INFO: at 1924.039 ms fetching 7.906 ms
INFO: at 1928.388 ms batch [5.451] delay 3.588 ms
INFO: at 1928.388 ms fetching 5.451 ms
INFO: at 1932.572 ms batch [7.990] delay 3.588 ms
INFO: at 1932.572 ms fetching 7.990 ms
INFO: at 1937.246 ms batch [6.516] delay 3.588 ms
INFO: at 1937.246 ms fetching 6.516 ms
INFO: at 1940.967 ms batch [6.038] delay 2.990 ms
INFO: at 1940.967 ms fetching 6.038 ms
INFO: at 1944.646 ms batch [6.684] delay 2.990 ms
INFO: at 1944.646 ms fetching 6.684 ms
INFO: at 1948.040 ms batch [5.498] delay 2.990 ms
INFO: at 1948.040 ms fetching 5.498 ms
INFO: at 1951.283 ms batch [5.477] delay 2.990 ms
INFO: at 1951.283 ms fetching 5.477 ms
INFO: at 1954.640 ms batch [7.146] delay 2.990 ms
INFO: at 1954.640 ms fetching 7.146 ms
INFO: at 1957.751 ms batch [7.827] delay 2.990 ms
INFO: at 1957.751 ms fetching 7.827 ms
INFO: at 1961.158 ms batch [5.536] delay 2.990 ms
INFO: at 1961.158 ms fetching 5.536 ms
INFO: at 1964.290 ms batch [6.812] delay 2.990 ms
INFO: at 1964.290 ms fetching 6.812 ms
INFO: at 1967.645 ms batch [6.137] delay 2.990 ms
INFO: at 1967.645 ms fetching 6.137 ms
INFO: at 1971.001 ms batch [5.942] delay 2.990 ms
INFO: at 1971.001 ms fetching 5.942 ms
INFO: at 1974.470 ms batch [7.722] delay 2.990 ms
INFO: at 1974.470 ms fetching 7.722 ms
INFO: at 1978.175 ms batch [5.843] delay 2.990 ms
INFO: at 1978.175 ms fetching 5.843 ms
INFO: at 1981.294 ms batch [7.182] delay 3.588 ms
INFO: at 1981.294 ms fetching 7.182 ms
INFO: at 1985.713 ms batch [6.049] delay 3.588 ms
INFO: at 1985.713 ms fetching 6.049 ms
INFO: at 1990.068 ms batch [5.247] delay 3.588 ms
INFO: at 1990.068 ms fetching 5.247 ms
INFO: at 1993.948 ms batch [5.971] delay 3.588 ms
INFO: at 1993.948 ms fetching 5.971 ms
INFO: at 1998.321 ms batch [5.949] delay 3.588 ms
INFO: at 1998.321 ms fetching 5.949 ms
INFO: at 2002.153 ms batch [7.637] delay 2.990 ms
INFO: at 2002.153 ms fetching 7.637 ms
INFO: at 2005.420 ms batch [5.890] delay 2.990 ms
INFO: at 2005.420 ms fetching 5.890 ms
INFO: at 2008.775 ms batch [6.395] delay 2.990 ms
INFO: at 2008.775 ms fetching 6.395 ms
INFO: at 2011.924 ms batch [6.468] delay 2.990 ms
INFO: at 2011.924 ms fetching 6.468 ms
INFO: at 2015.287 ms batch [6.631] delay 2.990 ms
INFO: at 2015.287 ms fetching 6.631 ms
INFO: at 2018.389 ms batch [6.084] delay 2.990 ms
INFO: at 2018.389 ms fetching 6.084 ms
INFO: at 2021.782 ms batch [9.065] delay 3.588 ms
INFO: at 2021.782 ms fetching 9.065 ms
INFO: at 2026.049 ms batch [5.070] delay 3.588 ms
INFO: at 2026.049 ms fetching 5.070 ms
INFO: at 2030.350 ms batch [6.382] delay 3.588 ms
INFO: at 2030.350 ms fetching 6.382 ms
INFO: at 2034.847 ms batch [6.542] delay 3.588 ms
INFO: at 2034.847 ms fetching 6.542 ms
INFO: at 2038.762 ms batch [7.588] delay 3.588 ms
INFO: at 2038.762 ms fetching 7.588 ms
INFO: at 2043.168 ms batch [6.495] delay 3.588 ms
INFO: at 2043.168 ms fetching 6.495 ms
INFO: at 2047.473 ms batch [5.891] delay 3.588 ms
INFO: at 2047.473 ms fetching 5.891 ms
INFO: at 2051.787 ms batch [5.387] delay 3.588 ms
INFO: at 2051.787 ms fetching 5.387 ms
INFO: at 2055.412 ms batch [7.015] delay 3.588 ms
INFO: at 2055.412 ms fetching 7.015 ms
INFO: at 2059.715 ms batch [6.147] delay 3.588 ms
INFO: at 2059.715 ms fetching 6.147 ms
INFO: at 2063.442 ms batch [5.251] delay 2.990 ms
INFO: at 2063.442 ms fetching 5.251 ms
INFO: at 2066.794 ms batch [5.924] delay 2.990 ms
INFO: at 2066.794 ms fetching 5.924 ms
INFO: at 2070.293 ms batch [6.743] delay 2.990 ms
INFO: at 2070.293 ms fetching 6.743 ms
INFO: at 2074.231 ms batch [6.654] delay 2.990 ms
INFO: at 2074.231 ms fetching 6.654 ms
INFO: at 2077.529 ms batch [5.264] delay 2.990 ms
INFO: at 2077.529 ms fetching 5.264 ms
INFO: at 2081.002 ms batch [5.319] delay 2.990 ms
INFO: at 2081.002 ms fetching 5.319 ms
INFO: at 2084.566 ms batch [6.091] delay 2.563 ms
INFO: at 2084.566 ms fetching 6.091 ms
INFO: at 2087.924 ms batch [5.328] delay 2.563 ms
INFO: at 2087.924 ms fetching 5.328 ms
INFO: at 2091.573 ms batch [6.190] delay 2.563 ms
INFO: at 2091.573 ms fetching 6.190 ms
INFO: at 2094.944 ms batch [6.728] delay 2.563 ms
INFO: at 2094.944 ms fetching 6.728 ms
INFO: at 2098.445 ms batch [5.526] delay 2.563 ms
INFO: at 2098.445 ms fetching 5.526 ms
INFO: at 2101.813 ms batch [5.392] delay 2.563 ms
INFO: at 2101.813 ms fetching 5.392 ms
INFO: at 2104.748 ms batch [8.169] delay 2.563 ms
INFO: at 2104.748 ms fetching 8.169 ms
INFO: at 2108.127 ms batch [6.789] delay 2.990 ms
INFO: at 2108.127 ms fetching 6.789 ms
INFO: at 2111.576 ms batch [6.486] delay 2.990 ms
INFO: at 2111.576 ms fetching 6.486 ms
INFO: at 2114.886 ms batch [6.350] delay 2.990 ms
INFO: at 2114.886 ms fetching 6.350 ms
INFO: at 2118.132 ms batch [7.245] delay 2.990 ms
INFO: at 2118.132 ms fetching 7.245 ms
INFO: at 2121.479 ms batch [6.553] delay 2.990 ms
INFO: at 2121.479 ms fetching 6.553 ms
INFO: at 2124.556 ms batch [5.919] delay 2.990 ms
INFO: at 2124.556 ms fetching 5.919 ms
INFO: at 2127.949 ms batch [8.589] delay 2.563 ms
INFO: at 2127.949 ms fetching 8.589 ms
INFO: at 2131.294 ms batch [5.740] delay 2.563 ms
INFO: at 2131.294 ms fetching 5.740 ms
INFO: at 2134.098 ms batch [5.769] delay 2.563 ms
INFO: at 2134.098 ms fetching 5.769 ms
INFO: at 2137.590 ms batch [5.549] delay 2.563 ms
INFO: at 2137.590 ms fetching 5.549 ms
INFO: at 2140.235 ms batch [7.033] delay 2.563 ms
INFO: at 2140.235 ms fetching 7.033 ms
INFO: at 2143.896 ms batch [5.552] delay 2.563 ms
INFO: at 2143.896 ms fetching 5.552 ms
INFO: at 2146.848 ms batch [6.192] delay 2.563 ms
INFO: at 2146.848 ms fetching 6.192 ms
INFO: at 2150.280 ms batch [4.850] delay 2.563 ms
INFO: at 2150.280 ms fetching 4.850 ms
INFO: at 2152.986 ms batch [5.821] delay 2.563 ms
INFO: at 2152.986 ms fetching 5.821 ms
INFO: at 2156.353 ms batch [5.689] delay 2.563 ms
INFO: at 2156.353 ms fetching 5.689 ms
INFO: at 2160.016 ms batch [5.319] delay 2.563 ms
INFO: at 2160.016 ms fetching 5.319 ms
INFO: at 2163.453 ms batch [5.649] delay 2.563 ms
INFO: at 2163.453 ms fetching 5.649 ms
INFO: at 2166.316 ms batch [6.805] delay 2.563 ms
INFO: at 2166.316 ms fetching 6.805 ms
INFO: at 2169.125 ms batch [6.810] delay 2.563 ms
INFO: at 2169.125 ms fetching 6.810 ms
INFO: at 2172.729 ms batch [5.638] delay 2.563 ms
INFO: at 2172.729 ms fetching 5.638 ms
INFO: at 2176.141 ms batch [6.236] delay 2.563 ms
INFO: at 2176.141 ms fetching 6.236 ms
INFO: at 2179.390 ms batch [5.147] delay 2.563 ms
INFO: at 2179.390 ms fetching 5.147 ms
INFO: at 2182.810 ms batch [5.975] delay 2.563 ms
INFO: at 2182.810 ms fetching 5.975 ms
INFO: at 2186.245 ms batch [7.358] delay 2.563 ms
INFO: at 2186.245 ms fetching 7.358 ms
INFO: at 2188.946 ms batch [7.509] delay 2.563 ms
INFO: at 2188.946 ms fetching 7.509 ms
INFO: at 2192.324 ms batch [6.683] delay 2.563 ms
INFO: at 2192.324 ms fetching 6.683 ms
INFO: at 2195.203 ms batch [5.873] delay 2.563 ms
INFO: at 2195.203 ms fetching 5.873 ms
INFO: at 2198.611 ms batch [5.858] delay 2.563 ms
INFO: at 2198.611 ms fetching 5.858 ms
INFO: at 2201.998 ms batch [7.568] delay 2.563 ms
INFO: at 2201.998 ms fetching 7.568 ms
INFO: at 2205.382 ms batch [5.493] delay 2.563 ms
INFO: at 2205.382 ms fetching 5.493 ms
INFO: at 2208.784 ms batch [6.892] delay 2.563 ms
INFO: at 2208.784 ms fetching 6.892 ms
INFO: at 2211.850 ms batch [6.518] delay 2.563 ms
INFO: at 2211.850 ms fetching 6.518 ms
INFO: at 2215.244 ms batch [6.397] delay 2.563 ms
INFO: at 2215.244 ms fetching 6.397 ms
INFO: at 2218.613 ms batch [5.560] delay 2.563 ms
INFO: at 2218.613 ms fetching 5.560 ms
INFO: at 2221.981 ms batch [7.832] delay 2.563 ms
INFO: at 2221.981 ms fetching 7.832 ms
INFO: at 2225.089 ms batch [5.230] delay 2.563 ms
INFO: at 2225.089 ms fetching 5.230 ms
INFO: at 2228.478 ms batch [5.675] delay 2.563 ms
INFO: at 2228.478 ms fetching 5.675 ms
INFO: at 2231.836 ms batch [6.453] delay 2.563 ms
INFO: at 2231.836 ms fetching 6.453 ms
INFO: at 2235.161 ms batch [6.120] delay 2.563 ms
INFO: at 2235.161 ms fetching 6.120 ms
INFO: at 2238.521 ms batch [9.219] delay 2.563 ms
INFO: at 2238.521 ms fetching 9.219 ms
INFO: at 2241.884 ms batch [7.119] delay 2.563 ms
INFO: at 2241.884 ms fetching 7.119 ms
INFO: at 2244.786 ms batch [5.171] delay 2.563 ms
INFO: at 2244.786 ms fetching 5.171 ms
INFO: at 2248.135 ms batch [6.340] delay 2.563 ms
INFO: at 2248.135 ms fetching 6.340 ms
INFO: at 2251.525 ms batch [7.611] delay 2.563 ms
INFO: at 2251.525 ms fetching 7.611 ms
INFO: at 2254.872 ms batch [6.873] delay 2.563 ms
INFO: at 2254.872 ms fetching 6.873 ms
INFO: at 2258.218 ms batch [6.459] delay 2.563 ms
INFO: at 2258.218 ms fetching 6.459 ms
INFO: at 2261.265 ms batch [6.151] delay 2.563 ms
INFO: at 2261.265 ms fetching 6.151 ms
INFO: at 2264.794 ms batch [5.759] delay 2.563 ms
INFO: at 2264.794 ms fetching 5.759 ms
INFO: at 2268.121 ms batch [5.594] delay 2.563 ms
INFO: at 2268.121 ms fetching 5.594 ms
INFO: at 2271.164 ms batch [5.922] delay 2.563 ms
INFO: at 2271.164 ms fetching 5.922 ms
INFO: at 2274.504 ms batch [7.539] delay 2.563 ms
INFO: at 2274.504 ms fetching 7.539 ms
INFO: at 2277.197 ms batch [5.087] delay 2.563 ms
INFO: at 2277.197 ms fetching 5.087 ms
INFO: at 2280.729 ms batch [6.363] delay 2.563 ms
INFO: at 2280.729 ms fetching 6.363 ms
INFO: at 2284.090 ms batch [9.525] delay 2.563 ms
INFO: at 2284.090 ms fetching 9.525 ms
INFO: at 2287.400 ms batch [5.865] delay 2.563 ms
INFO: at 2287.400 ms fetching 5.865 ms
INFO: at 2290.374 ms batch [8.393] delay 2.563 ms
INFO: at 2290.374 ms fetching 8.393 ms
INFO: at 2293.728 ms batch [6.071] delay 2.563 ms
INFO: at 2293.728 ms fetching 6.071 ms
INFO: at 2297.060 ms batch [6.845] delay 2.563 ms
INFO: at 2297.060 ms fetching 6.845 ms
INFO: at 2300.690 ms batch [6.708] delay 2.563 ms
INFO: at 2300.690 ms fetching 6.708 ms
INFO: at 2304.048 ms batch [7.320] delay 2.563 ms
INFO: at 2304.048 ms fetching 7.320 ms
INFO: at 2307.339 ms batch [6.331] delay 2.563 ms
INFO: at 2307.339 ms fetching 6.331 ms
INFO: at 2310.632 ms batch [5.541] delay 2.563 ms
INFO: at 2310.632 ms fetching 5.541 ms
INFO: at 2313.964 ms batch [8.466] delay 2.563 ms
INFO: at 2313.964 ms fetching 8.466 ms
INFO: at 2316.927 ms batch [6.457] delay 2.563 ms
INFO: at 2316.927 ms fetching 6.457 ms
INFO: at 2320.128 ms batch [5.157] delay 2.563 ms
INFO: at 2320.128 ms fetching 5.157 ms
INFO: at 2323.494 ms batch [5.601] delay 2.563 ms
INFO: at 2323.494 ms fetching 5.601 ms
INFO: at 2326.836 ms batch [5.992] delay 2.563 ms
INFO: at 2326.836 ms fetching 5.992 ms
INFO: at 2330.030 ms batch [7.986] delay 2.563 ms
INFO: at 2330.030 ms fetching 7.986 ms
INFO: at 2333.376 ms batch [5.595] delay 2.563 ms
INFO: at 2333.376 ms fetching 5.595 ms
INFO: at 2336.728 ms batch [6.362] delay 2.563 ms
INFO: at 2336.728 ms fetching 6.362 ms
INFO: at 2340.074 ms batch [4.747] delay 2.563 ms
INFO: at 2340.074 ms fetching 4.747 ms
INFO: at 2343.520 ms batch [5.035] delay 2.563 ms
INFO: at 2343.520 ms fetching 5.035 ms
INFO: at 2346.874 ms batch [5.886] delay 2.563 ms
INFO: at 2346.874 ms fetching 5.886 ms
INFO: at 2350.155 ms batch [6.159] delay 2.563 ms
INFO: at 2350.155 ms fetching 6.159 ms
INFO: at 2352.844 ms batch [5.930] delay 2.563 ms
INFO: at 2352.844 ms fetching 5.930 ms
INFO: at 2355.594 ms batch [6.374] delay 2.990 ms
INFO: at 2355.594 ms fetching 6.374 ms
INFO: at 2358.956 ms batch [6.094] delay 2.990 ms
INFO: at 2358.956 ms fetching 6.094 ms
INFO: at 2362.281 ms batch [6.227] delay 2.990 ms
INFO: at 2362.281 ms fetching 6.227 ms
INFO: at 2366.348 ms batch [5.993] delay 2.990 ms
INFO: at 2366.348 ms fetching 5.993 ms
INFO: at 2369.695 ms batch [6.103] delay 2.990 ms
INFO: at 2369.695 ms fetching 6.103 ms
INFO: at 2373.019 ms batch [5.270] delay 2.990 ms
INFO: at 2373.019 ms fetching 5.270 ms
INFO: at 2376.300 ms batch [6.006] delay 2.563 ms
INFO: at 2376.300 ms fetching 6.006 ms
INFO: at 2379.616 ms batch [6.430] delay 2.563 ms
INFO: at 2379.616 ms fetching 6.430 ms
INFO: at 2383.025 ms batch [4.837] delay 2.563 ms
INFO: at 2383.025 ms fetching 4.837 ms
INFO: at 2386.349 ms batch [6.228] delay 2.563 ms
INFO: at 2386.349 ms fetching 6.228 ms
INFO: at 2389.985 ms batch [7.198] delay 2.563 ms
INFO: at 2389.985 ms fetching 7.198 ms
INFO: at 2393.334 ms batch [6.414] delay 2.563 ms
INFO: at 2393.334 ms fetching 6.414 ms
INFO: at 2396.405 ms batch [8.138] delay 2.563 ms
INFO: at 2396.405 ms fetching 8.138 ms
INFO: at 2399.740 ms batch [7.556] delay 2.563 ms
INFO: at 2399.740 ms fetching 7.556 ms
INFO: at 2402.708 ms batch [5.672] delay 2.563 ms
INFO: at 2402.708 ms fetching 5.672 ms
INFO: at 2406.038 ms batch [5.695] delay 2.563 ms
INFO: at 2406.038 ms fetching 5.695 ms
INFO: at 2409.364 ms batch [6.412] delay 2.563 ms
INFO: at 2409.364 ms fetching 6.412 ms
INFO: at 2412.417 ms batch [6.370] delay 2.563 ms
INFO: at 2412.417 ms fetching 6.370 ms
INFO: at 2415.761 ms batch [8.304] delay 2.563 ms
INFO: at 2415.761 ms fetching 8.304 ms
INFO: at 2419.090 ms batch [6.535] delay 2.563 ms
INFO: at 2419.090 ms fetching 6.535 ms
INFO: at 2422.132 ms batch [7.190] delay 2.563 ms
INFO: at 2422.132 ms fetching 7.190 ms
INFO: at 2425.476 ms batch [8.403] delay 2.563 ms
INFO: at 2425.476 ms fetching 8.403 ms
INFO: at 2428.216 ms batch [8.108] delay 2.563 ms
INFO: at 2428.216 ms fetching 8.108 ms
INFO: at 2431.823 ms batch [7.631] delay 2.563 ms
INFO: at 2431.823 ms fetching 7.631 ms
INFO: at 2435.160 ms batch [6.471] delay 2.563 ms
INFO: at 2435.160 ms fetching 6.471 ms
INFO: at 2438.447 ms batch [5.879] delay 2.563 ms
INFO: at 2438.447 ms fetching 5.879 ms
INFO: at 2441.722 ms batch [7.066] delay 2.563 ms
INFO: at 2441.722 ms fetching 7.066 ms
INFO: at 2444.990 ms batch [6.096] delay 2.563 ms
INFO: at 2444.990 ms fetching 6.096 ms
INFO: at 2447.797 ms batch [6.226] delay 2.563 ms
INFO: at 2447.797 ms fetching 6.226 ms
INFO: at 2451.155 ms batch [7.974] delay 2.563 ms
INFO: at 2451.155 ms fetching 7.974 ms
INFO: at 2454.485 ms batch [7.260] delay 2.563 ms
INFO: at 2454.485 ms fetching 7.260 ms
INFO: at 2457.835 ms batch [5.462] delay 2.563 ms
INFO: at 2457.835 ms fetching 5.462 ms
INFO: at 2460.510 ms batch [6.494] delay 2.563 ms
INFO: at 2460.510 ms fetching 6.494 ms
INFO: at 2463.971 ms batch [7.173] delay 2.563 ms
INFO: at 2463.971 ms fetching 7.173 ms
INFO: at 2467.227 ms batch [6.380] delay 2.242 ms
INFO: at 2467.227 ms fetching 6.380 ms
INFO: at 2469.634 ms batch [4.652] delay 2.242 ms
INFO: at 2469.634 ms fetching 4.652 ms
INFO: at 2472.020 ms batch [6.770] delay 2.242 ms
INFO: at 2472.020 ms fetching 6.770 ms
INFO: at 2474.460 ms batch [6.622] delay 2.242 ms
INFO: at 2474.460 ms fetching 6.622 ms
INFO: at 2476.979 ms batch [6.068] delay 2.242 ms
INFO: at 2476.979 ms fetching 6.068 ms
INFO: at 2479.511 ms batch [8.682] delay 2.242 ms
INFO: at 2479.511 ms fetching 8.682 ms
INFO: at 2482.837 ms batch [6.554] delay 2.242 ms
INFO: at 2482.837 ms fetching 6.554 ms
WARNING: slept for too long: -5.960583803279405ms
INFO: at 2491.050 ms batch [6.199] delay 2.242 ms
INFO: at 2491.050 ms fetching 6.199 ms
INFO: at 2493.803 ms batch [5.997] delay 2.242 ms
INFO: at 2493.803 ms fetching 5.997 ms
INFO: at 2496.173 ms batch [4.658] delay 2.242 ms
INFO: at 2496.173 ms fetching 4.658 ms
INFO: at 2498.513 ms batch [7.606] delay 2.242 ms
INFO: at 2498.513 ms fetching 7.606 ms
INFO: at 2501.842 ms batch [6.466] delay 2.242 ms
INFO: at 2501.842 ms fetching 6.466 ms
WARNING: slept for too long: -12.781788704020983ms
INFO: at 2516.882 ms batch [6.696] delay 2.242 ms
INFO: at 2516.882 ms fetching 6.696 ms
INFO: at 2519.997 ms batch [5.533] delay 2.242 ms
INFO: at 2519.997 ms fetching 5.533 ms
INFO: at 2522.408 ms batch [7.386] delay 2.242 ms
INFO: at 2522.408 ms fetching 7.386 ms
INFO: at 2524.812 ms batch [6.802] delay 2.242 ms
INFO: at 2524.812 ms fetching 6.802 ms
INFO: at 2527.259 ms batch [8.202] delay 2.563 ms
INFO: at 2527.259 ms fetching 8.202 ms
INFO: at 2530.631 ms batch [6.234] delay 2.563 ms
INFO: at 2530.631 ms fetching 6.234 ms
INFO: at 2534.082 ms batch [4.992] delay 2.563 ms
INFO: at 2534.082 ms fetching 4.992 ms
INFO: at 2537.386 ms batch [7.357] delay 2.563 ms
INFO: at 2537.386 ms fetching 7.357 ms
INFO: at 2540.106 ms batch [6.806] delay 2.563 ms
INFO: at 2540.106 ms fetching 6.806 ms
INFO: at 2543.535 ms batch [6.808] delay 2.563 ms
INFO: at 2543.535 ms fetching 6.808 ms
INFO: at 2546.913 ms batch [6.283] delay 2.563 ms
INFO: at 2546.913 ms fetching 6.283 ms
INFO: at 2550.187 ms batch [5.417] delay 2.563 ms
INFO: at 2550.187 ms fetching 5.417 ms
INFO: at 2553.451 ms batch [6.030] delay 2.563 ms
INFO: at 2553.451 ms fetching 6.030 ms
INFO: at 2556.723 ms batch [7.367] delay 2.563 ms
INFO: at 2556.723 ms fetching 7.367 ms
INFO: at 2559.990 ms batch [8.065] delay 2.563 ms
INFO: at 2559.990 ms fetching 8.065 ms
INFO: at 2563.296 ms batch [7.442] delay 2.563 ms
INFO: at 2563.296 ms fetching 7.442 ms
INFO: at 2566.623 ms batch [7.540] delay 2.563 ms
INFO: at 2566.623 ms fetching 7.540 ms
INFO: at 2569.950 ms batch [4.985] delay 2.563 ms
INFO: at 2569.950 ms fetching 4.985 ms
INFO: at 2573.271 ms batch [6.258] delay 2.563 ms
INFO: at 2573.271 ms fetching 6.258 ms
INFO: at 2576.592 ms batch [5.666] delay 2.563 ms
INFO: at 2576.592 ms fetching 5.666 ms
INFO: at 2580.185 ms batch [5.304] delay 2.563 ms
INFO: at 2580.185 ms fetching 5.304 ms
INFO: at 2587.371 ms batch [7.219] delay 2.563 ms
INFO: at 2587.371 ms fetching 7.219 ms
INFO: at 2590.939 ms batch [7.929] delay 2.563 ms
INFO: at 2590.939 ms fetching 7.929 ms
INFO: at 2594.118 ms batch [7.089] delay 2.563 ms
INFO: at 2594.118 ms fetching 7.089 ms
INFO: at 2597.378 ms batch [7.435] delay 2.563 ms
INFO: at 2597.378 ms fetching 7.435 ms
INFO: at 2600.898 ms batch [6.193] delay 2.990 ms
INFO: at 2600.898 ms fetching 6.193 ms
INFO: at 2604.266 ms batch [6.633] delay 2.990 ms
INFO: at 2604.266 ms fetching 6.633 ms
INFO: at 2607.885 ms batch [6.914] delay 2.990 ms
INFO: at 2607.885 ms fetching 6.914 ms
INFO: at 2611.279 ms batch [6.067] delay 2.990 ms
INFO: at 2611.279 ms fetching 6.067 ms
INFO: at 2614.575 ms batch [6.026] delay 2.990 ms
INFO: at 2614.575 ms fetching 6.026 ms
INFO: at 2618.409 ms batch [6.279] delay 2.990 ms
INFO: at 2618.409 ms fetching 6.279 ms
INFO: at 2621.778 ms batch [6.435] delay 2.990 ms
INFO: at 2621.778 ms fetching 6.435 ms
INFO: at 2629.051 ms batch [6.318] delay 2.990 ms
INFO: at 2629.051 ms fetching 6.318 ms
INFO: at 2632.528 ms batch [6.249] delay 2.990 ms
INFO: at 2632.528 ms fetching 6.249 ms
INFO: at 2635.924 ms batch [7.799] delay 2.990 ms
INFO: at 2635.924 ms fetching 7.799 ms
INFO: at 2639.293 ms batch [5.284] delay 2.990 ms
INFO: at 2639.293 ms fetching 5.284 ms
INFO: at 2642.797 ms batch [7.366] delay 2.990 ms
INFO: at 2642.797 ms fetching 7.366 ms
INFO: at 2646.831 ms batch [6.378] delay 3.588 ms
INFO: at 2646.831 ms fetching 6.378 ms
INFO: at 2650.541 ms batch [5.911] delay 3.588 ms
INFO: at 2650.541 ms fetching 5.911 ms
INFO: at 2655.006 ms batch [6.861] delay 3.588 ms
INFO: at 2655.006 ms fetching 6.861 ms
INFO: at 2659.934 ms batch [6.473] delay 3.588 ms
INFO: at 2659.934 ms fetching 6.473 ms
INFO: at 2663.611 ms batch [5.974] delay 3.588 ms
INFO: at 2663.611 ms fetching 5.974 ms
INFO: at 2668.120 ms batch [6.404] delay 2.990 ms
INFO: at 2668.120 ms fetching 6.404 ms
INFO: at 2671.143 ms batch [6.833] delay 2.990 ms
INFO: at 2671.143 ms fetching 6.833 ms
INFO: at 2674.421 ms batch [5.719] delay 2.990 ms
INFO: at 2674.421 ms fetching 5.719 ms
INFO: at 2677.894 ms batch [6.994] delay 2.990 ms
INFO: at 2677.894 ms fetching 6.994 ms
INFO: at 2681.904 ms batch [5.919] delay 2.990 ms
INFO: at 2681.904 ms fetching 5.919 ms
INFO: at 2685.269 ms batch [6.376] delay 2.990 ms
INFO: at 2685.269 ms fetching 6.376 ms
INFO: at 2688.707 ms batch [9.849] delay 2.990 ms
INFO: at 2688.707 ms fetching 9.849 ms
INFO: at 2692.518 ms batch [5.762] delay 2.990 ms
INFO: at 2692.518 ms fetching 5.762 ms
INFO: at 2695.804 ms batch [5.987] delay 2.990 ms
INFO: at 2695.804 ms fetching 5.987 ms
INFO: at 2699.611 ms batch [7.728] delay 2.990 ms
INFO: at 2699.611 ms fetching 7.728 ms
INFO: at 2702.881 ms batch [6.200] delay 2.990 ms
INFO: at 2702.881 ms fetching 6.200 ms
INFO: at 2706.439 ms batch [6.308] delay 2.990 ms
INFO: at 2706.439 ms fetching 6.308 ms
INFO: at 2709.830 ms batch [6.186] delay 2.990 ms
INFO: at 2709.830 ms fetching 6.186 ms
INFO: at 2713.225 ms batch [5.854] delay 2.990 ms
INFO: at 2713.225 ms fetching 5.854 ms
INFO: at 2717.006 ms batch [6.949] delay 2.990 ms
INFO: at 2717.006 ms fetching 6.949 ms
INFO: at 2720.905 ms batch [7.518] delay 2.990 ms
INFO: at 2720.905 ms fetching 7.518 ms
INFO: at 2724.368 ms batch [5.336] delay 2.990 ms
INFO: at 2724.368 ms fetching 5.336 ms
INFO: at 2727.850 ms batch [7.098] delay 2.990 ms
INFO: at 2727.850 ms fetching 7.098 ms
INFO: at 2731.315 ms batch [6.408] delay 3.588 ms
INFO: at 2731.315 ms fetching 6.408 ms
INFO: at 2735.568 ms batch [6.056] delay 3.588 ms
INFO: at 2735.568 ms fetching 6.056 ms
INFO: at 2739.968 ms batch [5.528] delay 3.588 ms
INFO: at 2739.968 ms fetching 5.528 ms
INFO: at 2744.274 ms batch [6.136] delay 3.588 ms
INFO: at 2744.274 ms fetching 6.136 ms
INFO: at 2748.203 ms batch [4.980] delay 3.588 ms
INFO: at 2748.203 ms fetching 4.980 ms
INFO: at 2752.716 ms batch [7.185] delay 3.588 ms
INFO: at 2752.716 ms fetching 7.185 ms
INFO: at 2757.141 ms batch [6.593] delay 3.588 ms
INFO: at 2757.141 ms fetching 6.593 ms
INFO: at 2761.491 ms batch [7.127] delay 3.588 ms
INFO: at 2761.491 ms fetching 7.127 ms
INFO: at 2765.844 ms batch [5.462] delay 3.588 ms
INFO: at 2765.844 ms fetching 5.462 ms
INFO: at 2770.204 ms batch [6.913] delay 3.588 ms
INFO: at 2770.204 ms fetching 6.913 ms
WARNING: slept for too long: -7.32543364321964ms
INFO: at 2781.144 ms batch [7.857] delay 3.588 ms
INFO: at 2781.144 ms fetching 7.857 ms
INFO: at 2784.898 ms batch [6.830] delay 3.588 ms
INFO: at 2784.898 ms fetching 6.830 ms
INFO: at 2789.353 ms batch [4.814] delay 3.588 ms
INFO: at 2789.353 ms fetching 4.814 ms
INFO: at 2793.960 ms batch [7.084] delay 3.588 ms
INFO: at 2793.960 ms fetching 7.084 ms
INFO: at 2798.475 ms batch [5.776] delay 3.588 ms
INFO: at 2798.475 ms fetching 5.776 ms
INFO: at 2802.715 ms batch [6.299] delay 3.588 ms
INFO: at 2802.715 ms fetching 6.299 ms
INFO: at 2807.314 ms batch [5.192] delay 3.588 ms
INFO: at 2807.314 ms fetching 5.192 ms
INFO: at 2812.381 ms batch [7.150] delay 3.588 ms
INFO: at 2812.381 ms fetching 7.150 ms
INFO: at 2816.762 ms batch [5.640] delay 3.588 ms
INFO: at 2816.762 ms fetching 5.640 ms
INFO: at 2821.239 ms batch [5.938] delay 3.588 ms
INFO: at 2821.239 ms fetching 5.938 ms
INFO: at 2825.409 ms batch [9.630] delay 3.588 ms
INFO: at 2825.409 ms fetching 9.630 ms
INFO: at 2829.738 ms batch [7.165] delay 3.588 ms
INFO: at 2829.738 ms fetching 7.165 ms
INFO: at 2835.000 ms batch [6.530] delay 3.588 ms
INFO: at 2835.000 ms fetching 6.530 ms
INFO: at 2839.443 ms batch [6.941] delay 3.588 ms
INFO: at 2839.443 ms fetching 6.941 ms
INFO: at 2843.964 ms batch [6.422] delay 3.588 ms
INFO: at 2843.964 ms fetching 6.422 ms
INFO: at 2848.018 ms batch [7.824] delay 3.588 ms
INFO: at 2848.018 ms fetching 7.824 ms
INFO: at 2854.400 ms batch [7.189] delay 3.588 ms
INFO: at 2854.400 ms fetching 7.189 ms
INFO: at 2858.747 ms batch [7.531] delay 3.588 ms
INFO: at 2858.747 ms fetching 7.531 ms
INFO: at 2862.373 ms batch [6.061] delay 3.588 ms
INFO: at 2862.373 ms fetching 6.061 ms
INFO: at 2867.002 ms batch [5.809] delay 3.588 ms
INFO: at 2867.002 ms fetching 5.809 ms
INFO: at 2870.723 ms batch [5.219] delay 3.588 ms
INFO: at 2870.723 ms fetching 5.219 ms
INFO: at 2875.169 ms batch [4.819] delay 3.588 ms
INFO: at 2875.169 ms fetching 4.819 ms
INFO: at 2878.878 ms batch [6.054] delay 3.588 ms
INFO: at 2878.878 ms fetching 6.054 ms
INFO: at 2883.446 ms batch [4.795] delay 3.588 ms
INFO: at 2883.446 ms fetching 4.795 ms
INFO: at 2887.876 ms batch [7.165] delay 3.588 ms
INFO: at 2887.876 ms fetching 7.165 ms
INFO: at 2891.639 ms batch [5.970] delay 4.485 ms
INFO: at 2891.639 ms fetching 5.970 ms
INFO: at 2898.366 ms batch [7.982] delay 4.485 ms
INFO: at 2898.366 ms fetching 7.982 ms
INFO: at 2903.136 ms batch [6.669] delay 4.485 ms
INFO: at 2903.136 ms fetching 6.669 ms
INFO: at 2908.073 ms batch [5.171] delay 4.485 ms
INFO: at 2908.073 ms fetching 5.171 ms
INFO: at 2913.347 ms batch [7.433] delay 3.588 ms
INFO: at 2913.347 ms fetching 7.433 ms
INFO: at 2917.926 ms batch [7.693] delay 3.588 ms
INFO: at 2917.926 ms fetching 7.693 ms
INFO: at 2922.609 ms batch [5.714] delay 3.588 ms
INFO: at 2922.609 ms fetching 5.714 ms
INFO: at 2927.102 ms batch [5.223] delay 3.588 ms
INFO: at 2927.102 ms fetching 5.223 ms
INFO: at 2931.532 ms batch [6.794] delay 3.588 ms
INFO: at 2931.532 ms fetching 6.794 ms
INFO: at 2935.705 ms batch [6.123] delay 3.588 ms
INFO: at 2935.705 ms fetching 6.123 ms
INFO: at 2940.340 ms batch [6.675] delay 3.588 ms
INFO: at 2940.340 ms fetching 6.675 ms
INFO: at 2944.735 ms batch [6.280] delay 3.588 ms
INFO: at 2944.735 ms fetching 6.280 ms
INFO: at 2949.162 ms batch [6.724] delay 3.588 ms
INFO: at 2949.162 ms fetching 6.724 ms
INFO: at 2953.157 ms batch [6.789] delay 3.588 ms
INFO: at 2953.157 ms fetching 6.789 ms
INFO: at 2957.625 ms batch [4.452] delay 3.588 ms
INFO: at 2957.625 ms fetching 4.452 ms
INFO: at 2962.052 ms batch [5.422] delay 3.588 ms
INFO: at 2962.052 ms fetching 5.422 ms
INFO: at 2968.630 ms batch [7.037] delay 3.588 ms
INFO: at 2968.630 ms fetching 7.037 ms
INFO: at 2972.461 ms batch [7.431] delay 3.588 ms
INFO: at 2972.461 ms fetching 7.431 ms
INFO: at 2976.467 ms batch [6.607] delay 3.588 ms
INFO: at 2976.467 ms fetching 6.607 ms
INFO: at 2980.802 ms batch [5.539] delay 4.485 ms
INFO: at 2980.802 ms fetching 5.539 ms
INFO: at 2985.938 ms batch [6.116] delay 4.485 ms
INFO: at 2985.938 ms fetching 6.116 ms
INFO: at 2991.295 ms batch [6.781] delay 4.485 ms
INFO: at 2991.295 ms fetching 6.781 ms
INFO: at 2996.149 ms batch [6.033] delay 4.485 ms
INFO: at 2996.149 ms fetching 6.033 ms
INFO: at 3000.814 ms batch [5.785] delay 4.485 ms
INFO: at 3000.814 ms fetching 5.785 ms
INFO: at 3006.238 ms batch [8.323] delay 4.485 ms
INFO: at 3006.238 ms fetching 8.323 ms
INFO: at 3010.910 ms batch [6.086] delay 4.485 ms
INFO: at 3010.910 ms fetching 6.086 ms
INFO: at 3015.640 ms batch [7.240] delay 4.485 ms
INFO: at 3015.640 ms fetching 7.240 ms
INFO: at 3021.155 ms batch [7.282] delay 4.485 ms
INFO: at 3021.155 ms fetching 7.282 ms
INFO: at 3026.324 ms batch [5.128] delay 4.485 ms
INFO: at 3026.324 ms fetching 5.128 ms
INFO: at 3031.510 ms batch [9.715] delay 4.485 ms
INFO: at 3031.510 ms fetching 9.715 ms
INFO: at 3036.986 ms batch [7.088] delay 4.485 ms
INFO: at 3036.986 ms fetching 7.088 ms
INFO: at 3042.170 ms batch [5.303] delay 4.485 ms
INFO: at 3042.170 ms fetching 5.303 ms
INFO: at 3047.505 ms batch [6.970] delay 4.485 ms
INFO: at 3047.505 ms fetching 6.970 ms
INFO: at 3052.425 ms batch [6.403] delay 4.485 ms
INFO: at 3052.425 ms fetching 6.403 ms
INFO: at 3057.583 ms batch [7.243] delay 4.485 ms
INFO: at 3057.583 ms fetching 7.243 ms
INFO: at 3062.414 ms batch [7.862] delay 4.485 ms
INFO: at 3062.414 ms fetching 7.862 ms
INFO: at 3067.765 ms batch [7.589] delay 4.485 ms
INFO: at 3067.765 ms fetching 7.589 ms
INFO: at 3073.211 ms batch [5.533] delay 4.485 ms
INFO: at 3073.211 ms fetching 5.533 ms
INFO: at 3078.564 ms batch [4.759] delay 4.485 ms
INFO: at 3078.564 ms fetching 4.759 ms
INFO: at 3083.977 ms batch [6.230] delay 4.485 ms
INFO: at 3083.977 ms fetching 6.230 ms
WARNING: slept for too long: -14.448103481975068ms
INFO: at 3102.926 ms batch [5.685] delay 4.485 ms
INFO: at 3102.926 ms fetching 5.685 ms
INFO: at 3107.659 ms batch [5.677] delay 4.485 ms
INFO: at 3107.659 ms fetching 5.677 ms
INFO: at 3113.083 ms batch [7.587] delay 4.485 ms
INFO: at 3113.083 ms fetching 7.587 ms
INFO: at 3118.488 ms batch [7.243] delay 4.485 ms
INFO: at 3118.488 ms fetching 7.243 ms
INFO: at 3123.741 ms batch [5.162] delay 4.485 ms
INFO: at 3123.741 ms fetching 5.162 ms
INFO: at 3128.323 ms batch [6.325] delay 4.485 ms
INFO: at 3128.323 ms fetching 6.325 ms
INFO: at 3133.675 ms batch [5.633] delay 4.485 ms
INFO: at 3133.675 ms fetching 5.633 ms
INFO: at 3139.053 ms batch [6.480] delay 4.485 ms
INFO: at 3139.053 ms fetching 6.480 ms
INFO: at 3143.696 ms batch [5.203] delay 4.485 ms
INFO: at 3143.696 ms fetching 5.203 ms
INFO: at 3148.480 ms batch [6.157] delay 4.485 ms
INFO: at 3148.480 ms fetching 6.157 ms
INFO: at 3153.840 ms batch [5.790] delay 4.485 ms
INFO: at 3153.840 ms fetching 5.790 ms
INFO: at 3158.682 ms batch [6.466] delay 4.485 ms
INFO: at 3158.682 ms fetching 6.466 ms
INFO: at 3163.923 ms batch [6.311] delay 4.485 ms
INFO: at 3163.923 ms fetching 6.311 ms
INFO: at 3169.312 ms batch [6.265] delay 4.485 ms
INFO: at 3169.312 ms fetching 6.265 ms
INFO: at 3174.552 ms batch [5.792] delay 4.485 ms
INFO: at 3174.552 ms fetching 5.792 ms
INFO: at 3179.662 ms batch [5.783] delay 4.485 ms
INFO: at 3179.662 ms fetching 5.783 ms
INFO: at 3186.037 ms batch [5.866] delay 4.485 ms
INFO: at 3186.037 ms fetching 5.866 ms
INFO: at 3190.892 ms batch [5.510] delay 4.485 ms
INFO: at 3190.892 ms fetching 5.510 ms
INFO: at 3196.242 ms batch [6.068] delay 4.485 ms
INFO: at 3196.242 ms fetching 6.068 ms
INFO: at 3201.553 ms batch [7.019] delay 4.485 ms
INFO: at 3201.553 ms fetching 7.019 ms
INFO: at 3206.870 ms batch [7.722] delay 4.485 ms
INFO: at 3206.870 ms fetching 7.722 ms
INFO: at 3212.191 ms batch [4.944] delay 4.485 ms
INFO: at 3212.191 ms fetching 4.944 ms
INFO: at 3217.541 ms batch [6.836] delay 4.485 ms
INFO: at 3217.541 ms fetching 6.836 ms
INFO: at 3222.887 ms batch [6.009] delay 4.485 ms
INFO: at 3222.887 ms fetching 6.009 ms
INFO: at 3228.276 ms batch [6.215] delay 4.485 ms
INFO: at 3228.276 ms fetching 6.215 ms
INFO: at 3232.864 ms batch [6.362] delay 4.485 ms
INFO: at 3232.864 ms fetching 6.362 ms
INFO: at 3238.550 ms batch [6.952] delay 4.485 ms
INFO: at 3238.550 ms fetching 6.952 ms
INFO: at 3243.548 ms batch [5.483] delay 4.485 ms
INFO: at 3243.548 ms fetching 5.483 ms
INFO: at 3248.507 ms batch [6.927] delay 4.485 ms
INFO: at 3248.507 ms fetching 6.927 ms
INFO: at 3253.131 ms batch [5.698] delay 4.485 ms
INFO: at 3253.131 ms fetching 5.698 ms
INFO: at 3258.017 ms batch [5.989] delay 4.485 ms
INFO: at 3258.017 ms fetching 5.989 ms
INFO: at 3263.420 ms batch [8.108] delay 4.485 ms
INFO: at 3263.420 ms fetching 8.108 ms
INFO: at 3268.456 ms batch [7.337] delay 4.485 ms
INFO: at 3268.456 ms fetching 7.337 ms
INFO: at 3273.377 ms batch [5.800] delay 4.485 ms
INFO: at 3273.377 ms fetching 5.800 ms
INFO: at 3278.761 ms batch [5.850] delay 4.485 ms
INFO: at 3278.761 ms fetching 5.850 ms
INFO: at 3283.616 ms batch [5.113] delay 4.485 ms
INFO: at 3283.616 ms fetching 5.113 ms
INFO: at 3289.003 ms batch [5.717] delay 4.485 ms
INFO: at 3289.003 ms fetching 5.717 ms
INFO: at 3294.378 ms batch [5.975] delay 4.485 ms
INFO: at 3294.378 ms fetching 5.975 ms
INFO: at 3299.177 ms batch [6.505] delay 4.485 ms
INFO: at 3299.177 ms fetching 6.505 ms
INFO: at 3304.510 ms batch [6.702] delay 4.485 ms
INFO: at 3304.510 ms fetching 6.702 ms
INFO: at 3309.899 ms batch [7.478] delay 4.485 ms
INFO: at 3309.899 ms fetching 7.478 ms
INFO: at 3314.583 ms batch [5.555] delay 4.485 ms
INFO: at 3314.583 ms fetching 5.555 ms
INFO: at 3319.695 ms batch [5.850] delay 4.485 ms
INFO: at 3319.695 ms fetching 5.850 ms
INFO: at 3325.131 ms batch [6.781] delay 4.485 ms
INFO: at 3325.131 ms fetching 6.781 ms
INFO: at 3329.904 ms batch [6.341] delay 4.485 ms
INFO: at 3329.904 ms fetching 6.341 ms
INFO: at 3335.353 ms batch [5.902] delay 4.485 ms
INFO: at 3335.353 ms fetching 5.902 ms
INFO: at 3340.874 ms batch [5.185] delay 4.485 ms
INFO: at 3340.874 ms fetching 5.185 ms
INFO: at 3345.677 ms batch [5.953] delay 4.485 ms
INFO: at 3345.677 ms fetching 5.953 ms
INFO: at 3350.878 ms batch [5.511] delay 4.485 ms
INFO: at 3350.878 ms fetching 5.511 ms
INFO: at 3356.254 ms batch [6.125] delay 4.485 ms
INFO: at 3356.254 ms fetching 6.125 ms
INFO: at 3361.730 ms batch [7.044] delay 4.485 ms
INFO: at 3361.730 ms fetching 7.044 ms
INFO: at 3366.493 ms batch [5.680] delay 4.485 ms
INFO: at 3366.493 ms fetching 5.680 ms
INFO: at 3371.212 ms batch [5.300] delay 4.485 ms
INFO: at 3371.212 ms fetching 5.300 ms
INFO: at 3376.625 ms batch [6.120] delay 4.485 ms
INFO: at 3376.625 ms fetching 6.120 ms
INFO: at 3381.485 ms batch [6.453] delay 4.485 ms
INFO: at 3381.485 ms fetching 6.453 ms
INFO: at 3386.996 ms batch [6.750] delay 4.485 ms
INFO: at 3386.996 ms fetching 6.750 ms
INFO: at 3392.425 ms batch [5.408] delay 4.485 ms
INFO: at 3392.425 ms fetching 5.408 ms
INFO: at 3397.658 ms batch [6.621] delay 4.485 ms
INFO: at 3397.658 ms fetching 6.621 ms
INFO: at 3402.337 ms batch [6.391] delay 4.485 ms
INFO: at 3402.337 ms fetching 6.391 ms
INFO: at 3407.686 ms batch [6.537] delay 4.485 ms
INFO: at 3407.686 ms fetching 6.537 ms
INFO: at 3413.169 ms batch [6.852] delay 4.485 ms
INFO: at 3413.169 ms fetching 6.852 ms
INFO: at 3417.839 ms batch [5.582] delay 4.485 ms
INFO: at 3417.839 ms fetching 5.582 ms
INFO: at 3423.201 ms batch [6.374] delay 4.485 ms
INFO: at 3423.201 ms fetching 6.374 ms
INFO: at 3428.373 ms batch [7.159] delay 4.485 ms
INFO: at 3428.373 ms fetching 7.159 ms
INFO: at 3433.201 ms batch [5.753] delay 4.485 ms
INFO: at 3433.201 ms fetching 5.753 ms
INFO: at 3442.335 ms batch [6.384] delay 4.485 ms
INFO: at 3442.335 ms fetching 6.384 ms
INFO: at 3447.924 ms batch [5.896] delay 4.485 ms
INFO: at 3447.924 ms fetching 5.896 ms
INFO: at 3453.397 ms batch [5.774] delay 4.485 ms
INFO: at 3453.397 ms fetching 5.774 ms
INFO: at 3458.982 ms batch [7.986] delay 4.485 ms
INFO: at 3458.982 ms fetching 7.986 ms
INFO: at 3465.141 ms batch [7.710] delay 4.485 ms
INFO: at 3465.141 ms fetching 7.710 ms
INFO: at 3470.645 ms batch [5.861] delay 4.485 ms
INFO: at 3470.645 ms fetching 5.861 ms
INFO: at 3475.699 ms batch [6.082] delay 5.979 ms
INFO: at 3475.699 ms fetching 6.082 ms
INFO: at 3482.108 ms batch [6.556] delay 5.979 ms
INFO: at 3482.108 ms fetching 6.556 ms
INFO: at 3488.210 ms batch [5.665] delay 5.979 ms
INFO: at 3488.210 ms fetching 5.665 ms
INFO: at 3494.782 ms batch [7.837] delay 4.485 ms
INFO: at 3494.782 ms fetching 7.837 ms
INFO: at 3499.416 ms batch [5.463] delay 4.485 ms
INFO: at 3499.416 ms fetching 5.463 ms
INFO: at 3504.181 ms batch [6.146] delay 4.485 ms
INFO: at 3504.181 ms fetching 6.146 ms
INFO: at 3509.636 ms batch [6.789] delay 4.485 ms
INFO: at 3509.636 ms fetching 6.789 ms
INFO: at 3514.473 ms batch [5.207] delay 4.485 ms
INFO: at 3514.473 ms fetching 5.207 ms
INFO: at 3519.873 ms batch [8.564] delay 4.485 ms
INFO: at 3519.873 ms fetching 8.564 ms
INFO: at 3525.216 ms batch [5.798] delay 4.485 ms
INFO: at 3525.216 ms fetching 5.798 ms
INFO: at 3530.709 ms batch [6.933] delay 4.485 ms
INFO: at 3530.709 ms fetching 6.933 ms
INFO: at 3536.124 ms batch [7.370] delay 4.485 ms
INFO: at 3536.124 ms fetching 7.370 ms
INFO: at 3540.898 ms batch [6.052] delay 4.485 ms
INFO: at 3540.898 ms fetching 6.052 ms
INFO: at 3546.312 ms batch [8.932] delay 4.485 ms
INFO: at 3546.312 ms fetching 8.932 ms
INFO: at 3551.467 ms batch [6.090] delay 4.485 ms
INFO: at 3551.467 ms fetching 6.090 ms
INFO: at 3556.546 ms batch [5.989] delay 4.485 ms
INFO: at 3556.546 ms fetching 5.989 ms
INFO: at 3562.070 ms batch [7.714] delay 4.485 ms
INFO: at 3562.070 ms fetching 7.714 ms
INFO: at 3569.660 ms batch [5.907] delay 4.485 ms
INFO: at 3569.660 ms fetching 5.907 ms
INFO: at 3574.376 ms batch [6.192] delay 4.485 ms
INFO: at 3574.376 ms fetching 6.192 ms
INFO: at 3578.939 ms batch [5.985] delay 5.979 ms
INFO: at 3578.939 ms fetching 5.985 ms
INFO: at 3585.220 ms batch [5.685] delay 5.979 ms
INFO: at 3585.220 ms fetching 5.685 ms
INFO: at 3591.384 ms batch [5.383] delay 5.979 ms
INFO: at 3591.384 ms fetching 5.383 ms
INFO: at 3598.014 ms batch [6.001] delay 5.979 ms
INFO: at 3598.014 ms fetching 6.001 ms
INFO: at 3604.571 ms batch [6.589] delay 5.979 ms
INFO: at 3604.571 ms fetching 6.589 ms
INFO: at 3611.097 ms batch [5.204] delay 5.979 ms
INFO: at 3611.097 ms fetching 5.204 ms
INFO: at 3617.421 ms batch [7.078] delay 4.485 ms
INFO: at 3617.421 ms fetching 7.078 ms
INFO: at 3622.540 ms batch [6.528] delay 4.485 ms
INFO: at 3622.540 ms fetching 6.528 ms
INFO: at 3627.418 ms batch [6.413] delay 4.485 ms
INFO: at 3627.418 ms fetching 6.413 ms
INFO: at 3632.852 ms batch [5.416] delay 4.485 ms
INFO: at 3632.852 ms fetching 5.416 ms
INFO: at 3637.659 ms batch [8.991] delay 5.979 ms
INFO: at 3637.659 ms fetching 8.991 ms
INFO: at 3643.831 ms batch [5.639] delay 5.979 ms
INFO: at 3643.831 ms fetching 5.639 ms
INFO: at 3650.310 ms batch [7.186] delay 5.979 ms
INFO: at 3650.310 ms fetching 7.186 ms
INFO: at 3656.727 ms batch [5.834] delay 4.485 ms
INFO: at 3656.727 ms fetching 5.834 ms
INFO: at 3662.235 ms batch [7.541] delay 4.485 ms
INFO: at 3662.235 ms fetching 7.541 ms
INFO: at 3667.242 ms batch [6.618] delay 4.485 ms
INFO: at 3667.242 ms fetching 6.618 ms
INFO: at 3672.258 ms batch [5.939] delay 4.485 ms
INFO: at 3672.258 ms fetching 5.939 ms
INFO: at 3677.605 ms batch [5.276] delay 5.979 ms
INFO: at 3677.605 ms fetching 5.276 ms
INFO: at 3684.325 ms batch [6.646] delay 5.979 ms
INFO: at 3684.325 ms fetching 6.646 ms
INFO: at 3690.855 ms batch [6.867] delay 5.979 ms
INFO: at 3690.855 ms fetching 6.867 ms
INFO: at 3697.583 ms batch [8.493] delay 5.979 ms
INFO: at 3697.583 ms fetching 8.493 ms
INFO: at 3704.169 ms batch [5.940] delay 5.979 ms
INFO: at 3704.169 ms fetching 5.940 ms
INFO: at 3710.281 ms batch [7.036] delay 5.979 ms
INFO: at 3710.281 ms fetching 7.036 ms
INFO: at 3716.919 ms batch [6.267] delay 5.979 ms
INFO: at 3716.919 ms fetching 6.267 ms
INFO: at 3723.452 ms batch [6.172] delay 5.979 ms
INFO: at 3723.452 ms fetching 6.172 ms
INFO: at 3730.050 ms batch [7.409] delay 5.979 ms
INFO: at 3730.050 ms fetching 7.409 ms
INFO: at 3736.464 ms batch [6.210] delay 5.979 ms
INFO: at 3736.464 ms fetching 6.210 ms
INFO: at 3745.302 ms batch [6.461] delay 5.979 ms
INFO: at 3745.302 ms fetching 6.461 ms
INFO: at 3751.463 ms batch [7.608] delay 5.979 ms
INFO: at 3751.463 ms fetching 7.608 ms
INFO: at 3757.580 ms batch [6.545] delay 5.979 ms
INFO: at 3757.580 ms fetching 6.545 ms
INFO: at 3763.867 ms batch [5.890] delay 5.979 ms
INFO: at 3763.867 ms fetching 5.890 ms
INFO: at 3770.203 ms batch [6.256] delay 5.979 ms
INFO: at 3770.203 ms fetching 6.256 ms
INFO: at 3776.994 ms batch [7.495] delay 5.979 ms
INFO: at 3776.994 ms fetching 7.495 ms
INFO: at 3783.944 ms batch [7.099] delay 5.979 ms
INFO: at 3783.944 ms fetching 7.099 ms
INFO: at 3790.335 ms batch [5.924] delay 5.979 ms
INFO: at 3790.335 ms fetching 5.924 ms
INFO: at 3796.987 ms batch [5.874] delay 5.979 ms
INFO: at 3796.987 ms fetching 5.874 ms
INFO: at 3803.268 ms batch [7.416] delay 5.979 ms
INFO: at 3803.268 ms fetching 7.416 ms
INFO: at 3809.711 ms batch [5.898] delay 5.979 ms
INFO: at 3809.711 ms fetching 5.898 ms
INFO: at 3816.475 ms batch [5.499] delay 5.979 ms
INFO: at 3816.475 ms fetching 5.499 ms
INFO: at 3823.062 ms batch [5.049] delay 5.979 ms
INFO: at 3823.062 ms fetching 5.049 ms
INFO: at 3829.266 ms batch [6.050] delay 5.979 ms
INFO: at 3829.266 ms fetching 6.050 ms
INFO: at 3835.906 ms batch [8.934] delay 5.979 ms
INFO: at 3835.906 ms fetching 8.934 ms
INFO: at 3842.493 ms batch [7.807] delay 5.979 ms
INFO: at 3842.493 ms fetching 7.807 ms
INFO: at 3849.066 ms batch [6.362] delay 5.979 ms
INFO: at 3849.066 ms fetching 6.362 ms
INFO: at 3857.400 ms batch [6.213] delay 5.979 ms
INFO: at 3857.400 ms fetching 6.213 ms
INFO: at 3863.551 ms batch [6.691] delay 5.979 ms
INFO: at 3863.551 ms fetching 6.691 ms
INFO: at 3870.056 ms batch [5.030] delay 5.979 ms
INFO: at 3870.056 ms fetching 5.030 ms
INFO: at 3876.532 ms batch [9.107] delay 5.979 ms
INFO: at 3876.532 ms fetching 9.107 ms
INFO: at 3883.481 ms batch [7.187] delay 5.979 ms
INFO: at 3883.481 ms fetching 7.187 ms
INFO: at 3889.819 ms batch [7.251] delay 5.979 ms
INFO: at 3889.819 ms fetching 7.251 ms
INFO: at 3896.870 ms batch [5.709] delay 4.485 ms
INFO: at 3896.870 ms fetching 5.709 ms
INFO: at 3902.210 ms batch [6.746] delay 4.485 ms
INFO: at 3902.210 ms fetching 6.746 ms
INFO: at 3907.639 ms batch [5.997] delay 4.485 ms
INFO: at 3907.639 ms fetching 5.997 ms
INFO: at 3912.446 ms batch [5.527] delay 4.485 ms
INFO: at 3912.446 ms fetching 5.527 ms
INFO: at 3917.830 ms batch [5.820] delay 4.485 ms
INFO: at 3917.830 ms fetching 5.820 ms
INFO: at 3923.340 ms batch [5.008] delay 4.485 ms
INFO: at 3923.340 ms fetching 5.008 ms
INFO: at 3928.730 ms batch [6.552] delay 4.485 ms
INFO: at 3928.730 ms fetching 6.552 ms
INFO: at 3934.061 ms batch [5.128] delay 4.485 ms
INFO: at 3934.061 ms fetching 5.128 ms
INFO: at 3939.462 ms batch [5.389] delay 4.485 ms
INFO: at 3939.462 ms fetching 5.389 ms
INFO: at 3944.763 ms batch [6.826] delay 4.485 ms
INFO: at 3944.763 ms fetching 6.826 ms
INFO: at 3950.056 ms batch [6.129] delay 4.485 ms
INFO: at 3950.056 ms fetching 6.129 ms
INFO: at 3955.361 ms batch [4.578] delay 4.485 ms
INFO: at 3955.361 ms fetching 4.578 ms
INFO: at 3960.668 ms batch [7.413] delay 4.485 ms
INFO: at 3960.668 ms fetching 7.413 ms
INFO: at 3966.023 ms batch [5.450] delay 4.485 ms
INFO: at 3966.023 ms fetching 5.450 ms
INFO: at 3971.454 ms batch [6.569] delay 4.485 ms
INFO: at 3971.454 ms fetching 6.569 ms
INFO: at 3976.133 ms batch [6.343] delay 4.485 ms
INFO: at 3976.133 ms fetching 6.343 ms
INFO: at 3981.434 ms batch [6.239] delay 4.485 ms
INFO: at 3981.434 ms fetching 6.239 ms
INFO: at 3986.792 ms batch [6.422] delay 4.485 ms
INFO: at 3986.792 ms fetching 6.422 ms
INFO: at 3991.737 ms batch [7.646] delay 4.485 ms
INFO: at 3991.737 ms fetching 7.646 ms
INFO: at 3997.225 ms batch [6.297] delay 4.485 ms
INFO: at 3997.225 ms fetching 6.297 ms
INFO: at 4002.529 ms batch [7.066] delay 4.485 ms
INFO: at 4002.529 ms fetching 7.066 ms
INFO: at 4007.205 ms batch [6.094] delay 4.485 ms
INFO: at 4007.205 ms fetching 6.094 ms
INFO: at 4012.534 ms batch [6.355] delay 4.485 ms
INFO: at 4012.534 ms fetching 6.355 ms
INFO: at 4017.991 ms batch [6.443] delay 4.485 ms
INFO: at 4017.991 ms fetching 6.443 ms
INFO: at 4023.057 ms batch [7.378] delay 4.485 ms
INFO: at 4023.057 ms fetching 7.378 ms
INFO: at 4028.550 ms batch [6.607] delay 4.485 ms
INFO: at 4028.550 ms fetching 6.607 ms
INFO: at 4034.104 ms batch [6.597] delay 4.485 ms
INFO: at 4034.104 ms fetching 6.597 ms
INFO: at 4039.479 ms batch [6.381] delay 4.485 ms
INFO: at 4039.479 ms fetching 6.381 ms
INFO: at 4044.411 ms batch [5.191] delay 4.485 ms
INFO: at 4044.411 ms fetching 5.191 ms
INFO: at 4049.745 ms batch [8.314] delay 4.485 ms
INFO: at 4049.745 ms fetching 8.314 ms
INFO: at 4055.162 ms batch [8.061] delay 4.485 ms
INFO: at 4055.162 ms fetching 8.061 ms
INFO: at 4060.155 ms batch [5.968] delay 4.485 ms
INFO: at 4060.155 ms fetching 5.968 ms
INFO: at 4065.532 ms batch [6.972] delay 3.588 ms
INFO: at 4065.532 ms fetching 6.972 ms
INFO: at 4069.218 ms batch [5.905] delay 3.588 ms
INFO: at 4069.218 ms fetching 5.905 ms
INFO: at 4073.570 ms batch [6.694] delay 3.588 ms
INFO: at 4073.570 ms fetching 6.694 ms
INFO: at 4078.029 ms batch [6.451] delay 3.588 ms
INFO: at 4078.029 ms fetching 6.451 ms
INFO: at 4082.387 ms batch [8.772] delay 3.588 ms
INFO: at 4082.387 ms fetching 8.772 ms
INFO: at 4086.552 ms batch [5.791] delay 3.588 ms
INFO: at 4086.552 ms fetching 5.791 ms
INFO: at 4090.279 ms batch [6.896] delay 3.588 ms
INFO: at 4090.279 ms fetching 6.896 ms
INFO: at 4094.608 ms batch [7.061] delay 3.588 ms
INFO: at 4094.608 ms fetching 7.061 ms
INFO: at 4098.958 ms batch [6.785] delay 3.588 ms
INFO: at 4098.958 ms fetching 6.785 ms
INFO: at 4103.168 ms batch [4.732] delay 3.588 ms
INFO: at 4103.168 ms fetching 4.732 ms
INFO: at 4107.506 ms batch [6.169] delay 3.588 ms
INFO: at 4107.506 ms fetching 6.169 ms
INFO: at 4111.915 ms batch [7.475] delay 3.588 ms
INFO: at 4111.915 ms fetching 7.475 ms
INFO: at 4116.237 ms batch [5.210] delay 3.588 ms
INFO: at 4116.237 ms fetching 5.210 ms
INFO: at 4120.194 ms batch [7.613] delay 3.588 ms
INFO: at 4120.194 ms fetching 7.613 ms
INFO: at 4124.371 ms batch [8.924] delay 3.588 ms
INFO: at 4124.371 ms fetching 8.924 ms
INFO: at 4128.778 ms batch [6.138] delay 2.990 ms
INFO: at 4128.778 ms fetching 6.138 ms
INFO: at 4132.036 ms batch [7.360] delay 2.990 ms
INFO: at 4132.036 ms fetching 7.360 ms
INFO: at 4135.424 ms batch [6.692] delay 2.990 ms
INFO: at 4135.424 ms fetching 6.692 ms
INFO: at 4138.764 ms batch [7.678] delay 2.990 ms
INFO: at 4138.764 ms fetching 7.678 ms
INFO: at 4142.391 ms batch [6.211] delay 2.990 ms
INFO: at 4142.391 ms fetching 6.211 ms
INFO: at 4145.915 ms batch [5.601] delay 2.990 ms
INFO: at 4145.915 ms fetching 5.601 ms
INFO: at 4149.198 ms batch [6.362] delay 3.588 ms
INFO: at 4149.198 ms fetching 6.362 ms
INFO: at 4153.569 ms batch [6.466] delay 3.588 ms
INFO: at 4153.569 ms fetching 6.466 ms
INFO: at 4157.394 ms batch [7.432] delay 3.588 ms
INFO: at 4157.394 ms fetching 7.432 ms
INFO: at 4161.732 ms batch [5.799] delay 3.588 ms
INFO: at 4161.732 ms fetching 5.799 ms
INFO: at 4165.475 ms batch [6.694] delay 3.588 ms
INFO: at 4165.475 ms fetching 6.694 ms
INFO: at 4170.077 ms batch [5.590] delay 3.588 ms
INFO: at 4170.077 ms fetching 5.590 ms
INFO: at 4174.498 ms batch [7.175] delay 3.588 ms
INFO: at 4174.498 ms fetching 7.175 ms
INFO: at 4178.507 ms batch [7.702] delay 3.588 ms
INFO: at 4178.507 ms fetching 7.702 ms
INFO: at 4182.906 ms batch [6.618] delay 3.588 ms
INFO: at 4182.906 ms fetching 6.618 ms
INFO: at 4187.277 ms batch [6.900] delay 3.588 ms
INFO: at 4187.277 ms fetching 6.900 ms
INFO: at 4191.587 ms batch [5.524] delay 3.588 ms
INFO: at 4191.587 ms fetching 5.524 ms
INFO: at 4195.573 ms batch [7.121] delay 3.588 ms
INFO: at 4195.573 ms fetching 7.121 ms
INFO: at 4199.877 ms batch [5.782] delay 3.588 ms
INFO: at 4199.877 ms fetching 5.782 ms
INFO: at 4203.884 ms batch [5.556] delay 3.588 ms
INFO: at 4203.884 ms fetching 5.556 ms
INFO: at 4208.211 ms batch [5.866] delay 3.588 ms
INFO: at 4208.211 ms fetching 5.866 ms
INFO: at 4211.883 ms batch [6.184] delay 2.990 ms
INFO: at 4211.883 ms fetching 6.184 ms
INFO: at 4215.328 ms batch [5.965] delay 2.990 ms
INFO: at 4215.328 ms fetching 5.965 ms
INFO: at 4218.700 ms batch [5.541] delay 2.990 ms
INFO: at 4218.700 ms fetching 5.541 ms
INFO: at 4222.141 ms batch [5.781] delay 2.990 ms
INFO: at 4222.141 ms fetching 5.781 ms
INFO: at 4229.766 ms batch [5.482] delay 2.990 ms
INFO: at 4229.766 ms fetching 5.482 ms
INFO: at 4233.609 ms batch [7.309] delay 2.990 ms
INFO: at 4233.609 ms fetching 7.309 ms
INFO: at 4240.594 ms batch [7.040] delay 3.588 ms
INFO: at 4240.594 ms fetching 7.040 ms
INFO: at 4244.669 ms batch [6.473] delay 3.588 ms
INFO: at 4244.669 ms fetching 6.473 ms
INFO: at 4249.121 ms batch [7.182] delay 3.588 ms
INFO: at 4249.121 ms fetching 7.182 ms
INFO: at 4253.252 ms batch [5.464] delay 3.588 ms
INFO: at 4253.252 ms fetching 5.464 ms
INFO: at 4257.351 ms batch [4.618] delay 3.588 ms
INFO: at 4257.351 ms fetching 4.618 ms
INFO: at 4261.101 ms batch [6.264] delay 2.990 ms
INFO: at 4261.101 ms fetching 6.264 ms
INFO: at 4264.616 ms batch [6.485] delay 2.990 ms
INFO: at 4264.616 ms fetching 6.485 ms
INFO: at 4268.251 ms batch [6.737] delay 2.990 ms
INFO: at 4268.251 ms fetching 6.737 ms
INFO: at 4271.582 ms batch [4.601] delay 2.990 ms
INFO: at 4271.582 ms fetching 4.601 ms
INFO: at 4275.073 ms batch [7.297] delay 2.990 ms
INFO: at 4275.073 ms fetching 7.297 ms
INFO: at 4278.218 ms batch [5.634] delay 2.990 ms
INFO: at 4278.218 ms fetching 5.634 ms
INFO: at 4281.660 ms batch [7.060] delay 2.990 ms
INFO: at 4281.660 ms fetching 7.060 ms
INFO: at 4285.030 ms batch [6.968] delay 2.990 ms
INFO: at 4285.030 ms fetching 6.968 ms
INFO: at 4288.382 ms batch [5.839] delay 2.990 ms
INFO: at 4288.382 ms fetching 5.839 ms
INFO: at 4291.705 ms batch [6.118] delay 2.990 ms
INFO: at 4291.705 ms fetching 6.118 ms
INFO: at 4295.499 ms batch [6.384] delay 2.990 ms
INFO: at 4295.499 ms fetching 6.384 ms
INFO: at 4298.818 ms batch [6.890] delay 2.990 ms
INFO: at 4298.818 ms fetching 6.890 ms
INFO: at 4302.847 ms batch [5.289] delay 2.990 ms
INFO: at 4302.847 ms fetching 5.289 ms
INFO: at 4306.193 ms batch [7.487] delay 2.990 ms
INFO: at 4306.193 ms fetching 7.487 ms
INFO: at 4309.526 ms batch [6.003] delay 2.990 ms
INFO: at 4309.526 ms fetching 6.003 ms
INFO: at 4312.845 ms batch [5.792] delay 2.990 ms
INFO: at 4312.845 ms fetching 5.792 ms
INFO: at 4316.851 ms batch [7.114] delay 2.990 ms
INFO: at 4316.851 ms fetching 7.114 ms
INFO: at 4320.206 ms batch [5.129] delay 2.990 ms
INFO: at 4320.206 ms fetching 5.129 ms
INFO: at 4323.504 ms batch [6.517] delay 2.990 ms
INFO: at 4323.504 ms fetching 6.517 ms
INFO: at 4326.788 ms batch [6.438] delay 2.990 ms
INFO: at 4326.788 ms fetching 6.438 ms
INFO: at 4329.948 ms batch [8.066] delay 2.990 ms
INFO: at 4329.948 ms fetching 8.066 ms
INFO: at 4333.531 ms batch [7.021] delay 2.990 ms
INFO: at 4333.531 ms fetching 7.021 ms
INFO: at 4336.869 ms batch [8.062] delay 2.990 ms
INFO: at 4336.869 ms fetching 8.062 ms
INFO: at 4340.199 ms batch [6.378] delay 2.990 ms
INFO: at 4340.199 ms fetching 6.378 ms
INFO: at 4343.573 ms batch [6.172] delay 2.990 ms
INFO: at 4343.573 ms fetching 6.172 ms
INFO: at 4346.911 ms batch [4.742] delay 2.990 ms
INFO: at 4346.911 ms fetching 4.742 ms
INFO: at 4350.052 ms batch [6.517] delay 2.990 ms
INFO: at 4350.052 ms fetching 6.517 ms
INFO: at 4353.442 ms batch [6.502] delay 2.990 ms
INFO: at 4353.442 ms fetching 6.502 ms
INFO: at 4356.957 ms batch [6.766] delay 2.990 ms
INFO: at 4356.957 ms fetching 6.766 ms
INFO: at 4361.025 ms batch [5.636] delay 2.990 ms
INFO: at 4361.025 ms fetching 5.636 ms
INFO: at 4364.356 ms batch [5.013] delay 2.990 ms
INFO: at 4364.356 ms fetching 5.013 ms
INFO: at 4367.697 ms batch [5.494] delay 2.990 ms
INFO: at 4367.697 ms fetching 5.494 ms
INFO: at 4370.735 ms batch [6.233] delay 2.990 ms
INFO: at 4370.735 ms fetching 6.233 ms
INFO: at 4374.086 ms batch [5.424] delay 2.990 ms
INFO: at 4374.086 ms fetching 5.424 ms
INFO: at 4377.555 ms batch [8.801] delay 2.990 ms
INFO: at 4377.555 ms fetching 8.801 ms
INFO: at 4380.878 ms batch [6.242] delay 2.990 ms
INFO: at 4380.878 ms fetching 6.242 ms
INFO: at 4384.174 ms batch [6.007] delay 2.990 ms
INFO: at 4384.174 ms fetching 6.007 ms
INFO: at 4387.523 ms batch [6.978] delay 2.990 ms
INFO: at 4387.523 ms fetching 6.978 ms
INFO: at 4390.832 ms batch [6.788] delay 2.990 ms
INFO: at 4390.832 ms fetching 6.788 ms
INFO: at 4394.136 ms batch [6.656] delay 2.990 ms
INFO: at 4394.136 ms fetching 6.656 ms
INFO: at 4397.450 ms batch [5.201] delay 2.990 ms
INFO: at 4397.450 ms fetching 5.201 ms
INFO: at 4401.336 ms batch [6.522] delay 2.990 ms
INFO: at 4401.336 ms fetching 6.522 ms
INFO: at 4404.642 ms batch [6.892] delay 2.990 ms
INFO: at 4404.642 ms fetching 6.892 ms
INFO: at 4408.181 ms batch [7.295] delay 2.990 ms
INFO: at 4408.181 ms fetching 7.295 ms
INFO: at 4411.251 ms batch [6.281] delay 2.990 ms
INFO: at 4411.251 ms fetching 6.281 ms
INFO: at 4414.546 ms batch [6.098] delay 2.990 ms
INFO: at 4414.546 ms fetching 6.098 ms
INFO: at 4417.850 ms batch [7.016] delay 2.990 ms
INFO: at 4417.850 ms fetching 7.016 ms
INFO: at 4421.151 ms batch [6.179] delay 2.990 ms
INFO: at 4421.151 ms fetching 6.179 ms
INFO: at 4425.075 ms batch [4.951] delay 2.990 ms
INFO: at 4425.075 ms fetching 4.951 ms
INFO: at 4428.378 ms batch [7.204] delay 2.990 ms
INFO: at 4428.378 ms fetching 7.204 ms
INFO: at 4431.695 ms batch [5.577] delay 2.990 ms
INFO: at 4431.695 ms fetching 5.577 ms
INFO: at 4435.012 ms batch [6.213] delay 2.990 ms
INFO: at 4435.012 ms fetching 6.213 ms
INFO: at 4438.316 ms batch [5.675] delay 2.990 ms
INFO: at 4438.316 ms fetching 5.675 ms
INFO: at 4441.788 ms batch [7.988] delay 2.990 ms
INFO: at 4441.788 ms fetching 7.988 ms
INFO: at 4445.164 ms batch [5.327] delay 2.990 ms
INFO: at 4445.164 ms fetching 5.327 ms
INFO: at 4448.451 ms batch [5.744] delay 2.990 ms
INFO: at 4448.451 ms fetching 5.744 ms
INFO: at 4452.186 ms batch [7.067] delay 2.990 ms
INFO: at 4452.186 ms fetching 7.067 ms
INFO: at 4455.522 ms batch [5.323] delay 2.990 ms
INFO: at 4455.522 ms fetching 5.323 ms
INFO: at 4458.850 ms batch [5.909] delay 2.990 ms
INFO: at 4458.850 ms fetching 5.909 ms
INFO: at 4462.355 ms batch [8.207] delay 2.990 ms
INFO: at 4462.355 ms fetching 8.207 ms
INFO: at 4466.022 ms batch [8.099] delay 2.990 ms
INFO: at 4466.022 ms fetching 8.099 ms
INFO: at 4469.641 ms batch [5.760] delay 2.990 ms
INFO: at 4469.641 ms fetching 5.760 ms
INFO: at 4473.090 ms batch [5.879] delay 2.990 ms
INFO: at 4473.090 ms fetching 5.879 ms
INFO: at 4477.167 ms batch [6.134] delay 2.990 ms
INFO: at 4477.167 ms fetching 6.134 ms
INFO: at 4482.555 ms batch [5.503] delay 2.990 ms
INFO: at 4482.555 ms fetching 5.503 ms
INFO: at 4485.806 ms batch [5.445] delay 2.990 ms
INFO: at 4485.806 ms fetching 5.445 ms
INFO: at 4489.723 ms batch [6.008] delay 2.990 ms
INFO: at 4489.723 ms fetching 6.008 ms
INFO: at 4493.433 ms batch [6.635] delay 2.990 ms
INFO: at 4493.433 ms fetching 6.635 ms
INFO: at 4497.154 ms batch [5.630] delay 2.990 ms
INFO: at 4497.154 ms fetching 5.630 ms
INFO: at 4500.516 ms batch [6.231] delay 2.990 ms
INFO: at 4500.516 ms fetching 6.231 ms
INFO: at 4503.638 ms batch [6.931] delay 2.990 ms
INFO: at 4503.638 ms fetching 6.931 ms
INFO: at 4506.871 ms batch [7.802] delay 2.990 ms
INFO: at 4506.871 ms fetching 7.802 ms
INFO: at 4510.282 ms batch [6.103] delay 2.990 ms
INFO: at 4510.282 ms fetching 6.103 ms
INFO: at 4513.540 ms batch [5.334] delay 2.990 ms
INFO: at 4513.540 ms fetching 5.334 ms
INFO: at 4516.910 ms batch [5.680] delay 2.990 ms
INFO: at 4516.910 ms fetching 5.680 ms
INFO: at 4520.254 ms batch [6.225] delay 2.990 ms
INFO: at 4520.254 ms fetching 6.225 ms
INFO: at 4523.674 ms batch [8.955] delay 2.990 ms
INFO: at 4523.674 ms fetching 8.955 ms
INFO: at 4527.687 ms batch [5.808] delay 2.990 ms
INFO: at 4527.687 ms fetching 5.808 ms
INFO: at 4531.109 ms batch [7.515] delay 2.990 ms
INFO: at 4531.109 ms fetching 7.515 ms
INFO: at 4534.553 ms batch [6.618] delay 2.990 ms
INFO: at 4534.553 ms fetching 6.618 ms
INFO: at 4537.895 ms batch [5.799] delay 2.990 ms
INFO: at 4537.895 ms fetching 5.799 ms
INFO: at 4541.254 ms batch [7.656] delay 2.990 ms
INFO: at 4541.254 ms fetching 7.656 ms
INFO: at 4544.967 ms batch [6.165] delay 2.990 ms
INFO: at 4544.967 ms fetching 6.165 ms
INFO: at 4548.490 ms batch [6.112] delay 2.990 ms
INFO: at 4548.490 ms fetching 6.112 ms
INFO: at 4552.065 ms batch [5.967] delay 3.588 ms
INFO: at 4552.065 ms fetching 5.967 ms
INFO: at 4556.361 ms batch [7.765] delay 3.588 ms
INFO: at 4556.361 ms fetching 7.765 ms
INFO: at 4560.578 ms batch [6.070] delay 3.588 ms
INFO: at 4560.578 ms fetching 6.070 ms
INFO: at 4564.691 ms batch [6.785] delay 3.588 ms
INFO: at 4564.691 ms fetching 6.785 ms
INFO: at 4569.000 ms batch [6.036] delay 3.588 ms
INFO: at 4569.000 ms fetching 6.036 ms
INFO: at 4573.472 ms batch [5.868] delay 2.990 ms
INFO: at 4573.472 ms fetching 5.868 ms
INFO: at 4577.014 ms batch [5.982] delay 2.990 ms
INFO: at 4577.014 ms fetching 5.982 ms
INFO: at 4580.477 ms batch [6.057] delay 2.990 ms
INFO: at 4580.477 ms fetching 6.057 ms
INFO: at 4583.792 ms batch [7.839] delay 2.990 ms
INFO: at 4583.792 ms fetching 7.839 ms
INFO: at 4587.072 ms batch [6.783] delay 2.990 ms
INFO: at 4587.072 ms fetching 6.783 ms
INFO: at 4590.411 ms batch [8.459] delay 2.990 ms
INFO: at 4590.411 ms fetching 8.459 ms
INFO: at 4593.724 ms batch [6.436] delay 3.588 ms
INFO: at 4593.724 ms fetching 6.436 ms
INFO: at 4597.634 ms batch [5.154] delay 3.588 ms
INFO: at 4597.634 ms fetching 5.154 ms
INFO: at 4601.935 ms batch [5.625] delay 3.588 ms
INFO: at 4601.935 ms fetching 5.625 ms
INFO: at 4605.997 ms batch [7.717] delay 3.588 ms
INFO: at 4605.997 ms fetching 7.717 ms
INFO: at 4610.021 ms batch [5.678] delay 3.588 ms
INFO: at 4610.021 ms fetching 5.678 ms
INFO: at 4613.906 ms batch [5.336] delay 2.990 ms
INFO: at 4613.906 ms fetching 5.336 ms
INFO: at 4617.968 ms batch [7.863] delay 2.990 ms
INFO: at 4617.968 ms fetching 7.863 ms
INFO: at 4621.297 ms batch [8.166] delay 2.990 ms
INFO: at 4621.297 ms fetching 8.166 ms
INFO: at 4624.967 ms batch [5.293] delay 2.990 ms
INFO: at 4624.967 ms fetching 5.293 ms
INFO: at 4628.293 ms batch [4.421] delay 2.990 ms
INFO: at 4628.293 ms fetching 4.421 ms
INFO: at 4631.895 ms batch [8.037] delay 2.990 ms
INFO: at 4631.895 ms fetching 8.037 ms
INFO: at 4635.196 ms batch [5.564] delay 2.563 ms
INFO: at 4635.196 ms fetching 5.564 ms
INFO: at 4638.063 ms batch [5.922] delay 2.563 ms
INFO: at 4638.063 ms fetching 5.922 ms
INFO: at 4641.381 ms batch [7.885] delay 2.563 ms
INFO: at 4641.381 ms fetching 7.885 ms
INFO: at 4644.901 ms batch [5.082] delay 2.563 ms
INFO: at 4644.901 ms fetching 5.082 ms
INFO: at 4648.210 ms batch [5.391] delay 2.563 ms
INFO: at 4648.210 ms fetching 5.391 ms
INFO: at 4651.330 ms batch [5.758] delay 2.563 ms
INFO: at 4651.330 ms fetching 5.758 ms
INFO: at 4654.651 ms batch [7.487] delay 2.563 ms
INFO: at 4654.651 ms fetching 7.487 ms
INFO: at 4657.994 ms batch [6.125] delay 2.990 ms
INFO: at 4657.994 ms fetching 6.125 ms
INFO: at 4661.412 ms batch [6.091] delay 2.990 ms
INFO: at 4661.412 ms fetching 6.091 ms
INFO: at 4665.032 ms batch [6.214] delay 2.990 ms
INFO: at 4665.032 ms fetching 6.214 ms
INFO: at 4668.380 ms batch [6.716] delay 2.990 ms
INFO: at 4668.380 ms fetching 6.716 ms
INFO: at 4671.417 ms batch [8.005] delay 2.990 ms
INFO: at 4671.417 ms fetching 8.005 ms
INFO: at 4674.753 ms batch [5.865] delay 2.990 ms
INFO: at 4674.753 ms fetching 5.865 ms
INFO: at 4678.114 ms batch [7.718] delay 2.990 ms
INFO: at 4678.114 ms fetching 7.718 ms
WARNING: slept for too long: -6.098074372905103ms
INFO: at 4687.219 ms batch [5.513] delay 2.990 ms
INFO: at 4687.219 ms fetching 5.513 ms
INFO: at 4690.992 ms batch [4.956] delay 2.990 ms
INFO: at 4690.992 ms fetching 4.956 ms
INFO: at 4694.496 ms batch [7.489] delay 2.990 ms
INFO: at 4694.496 ms fetching 7.489 ms
INFO: at 4697.602 ms batch [6.612] delay 2.990 ms
INFO: at 4697.602 ms fetching 6.612 ms
INFO: at 4701.011 ms batch [6.592] delay 2.990 ms
INFO: at 4701.011 ms fetching 6.592 ms
INFO: at 4704.442 ms batch [7.368] delay 2.990 ms
INFO: at 4704.442 ms fetching 7.368 ms
INFO: at 4707.907 ms batch [6.828] delay 2.990 ms
INFO: at 4707.907 ms fetching 6.828 ms
INFO: at 4711.169 ms batch [5.483] delay 2.990 ms
INFO: at 4711.169 ms fetching 5.483 ms
INFO: at 4714.529 ms batch [6.773] delay 2.990 ms
INFO: at 4714.529 ms fetching 6.773 ms
INFO: at 4717.871 ms batch [5.644] delay 2.990 ms
INFO: at 4717.871 ms fetching 5.644 ms
INFO: at 4720.907 ms batch [5.924] delay 2.990 ms
INFO: at 4720.907 ms fetching 5.924 ms
INFO: at 4724.389 ms batch [5.827] delay 2.563 ms
INFO: at 4724.389 ms fetching 5.827 ms
INFO: at 4727.842 ms batch [7.443] delay 2.563 ms
INFO: at 4727.842 ms fetching 7.443 ms
INFO: at 4731.230 ms batch [5.489] delay 2.563 ms
INFO: at 4731.230 ms fetching 5.489 ms
INFO: at 4734.822 ms batch [6.782] delay 2.563 ms
INFO: at 4734.822 ms fetching 6.782 ms
INFO: at 4737.617 ms batch [5.407] delay 2.563 ms
INFO: at 4737.617 ms fetching 5.407 ms
INFO: at 4742.858 ms batch [5.622] delay 2.563 ms
INFO: at 4742.858 ms fetching 5.622 ms
INFO: at 4745.666 ms batch [6.492] delay 2.563 ms
INFO: at 4745.666 ms fetching 6.492 ms
INFO: at 4749.099 ms batch [6.389] delay 2.563 ms
INFO: at 4749.099 ms fetching 6.389 ms
INFO: at 4752.472 ms batch [5.460] delay 2.563 ms
INFO: at 4752.472 ms fetching 5.460 ms
INFO: at 4755.785 ms batch [5.748] delay 2.563 ms
INFO: at 4755.785 ms fetching 5.748 ms
INFO: at 4758.646 ms batch [6.443] delay 2.563 ms
INFO: at 4758.646 ms fetching 6.443 ms
INFO: at 4761.703 ms batch [4.593] delay 2.563 ms
INFO: at 4761.703 ms fetching 4.593 ms
INFO: at 4765.087 ms batch [10.874] delay 2.563 ms
INFO: at 4765.087 ms fetching 10.874 ms
INFO: at 4768.469 ms batch [6.109] delay 2.563 ms
INFO: at 4768.469 ms fetching 6.109 ms
INFO: at 4771.837 ms batch [6.640] delay 2.990 ms
INFO: at 4771.837 ms fetching 6.640 ms
INFO: at 4775.291 ms batch [5.923] delay 2.990 ms
INFO: at 4775.291 ms fetching 5.923 ms
INFO: at 4778.733 ms batch [7.034] delay 2.990 ms
INFO: at 4778.733 ms fetching 7.034 ms
INFO: at 4782.090 ms batch [6.193] delay 2.990 ms
INFO: at 4782.090 ms fetching 6.193 ms
INFO: at 4785.883 ms batch [8.328] delay 2.990 ms
INFO: at 4785.883 ms fetching 8.328 ms
INFO: at 4789.361 ms batch [6.211] delay 2.990 ms
INFO: at 4789.361 ms fetching 6.211 ms
INFO: at 4792.760 ms batch [5.152] delay 2.563 ms
INFO: at 4792.760 ms fetching 5.152 ms
INFO: at 4795.683 ms batch [6.645] delay 2.563 ms
INFO: at 4795.683 ms fetching 6.645 ms
INFO: at 4799.298 ms batch [6.311] delay 2.563 ms
INFO: at 4799.298 ms fetching 6.311 ms
INFO: at 4802.613 ms batch [5.607] delay 2.563 ms
INFO: at 4802.613 ms fetching 5.607 ms
INFO: at 4805.406 ms batch [5.898] delay 2.563 ms
INFO: at 4805.406 ms fetching 5.898 ms
INFO: at 4808.827 ms batch [7.231] delay 2.563 ms
INFO: at 4808.827 ms fetching 7.231 ms
INFO: at 4812.264 ms batch [8.066] delay 2.563 ms
INFO: at 4812.264 ms fetching 8.066 ms
INFO: at 4815.657 ms batch [5.031] delay 2.563 ms
INFO: at 4815.657 ms fetching 5.031 ms
INFO: at 4818.397 ms batch [5.104] delay 2.563 ms
INFO: at 4818.397 ms fetching 5.104 ms
INFO: at 4821.399 ms batch [7.603] delay 2.563 ms
INFO: at 4821.399 ms fetching 7.603 ms
INFO: at 4824.940 ms batch [6.508] delay 2.563 ms
INFO: at 4824.940 ms fetching 6.508 ms
INFO: at 4828.241 ms batch [7.234] delay 2.563 ms
INFO: at 4828.241 ms fetching 7.234 ms
INFO: at 4831.417 ms batch [7.296] delay 2.563 ms
INFO: at 4831.417 ms fetching 7.296 ms
INFO: at 4834.711 ms batch [8.859] delay 2.563 ms
INFO: at 4834.711 ms fetching 8.859 ms
INFO: at 4837.876 ms batch [6.288] delay 2.990 ms
INFO: at 4837.876 ms fetching 6.288 ms
INFO: at 4841.192 ms batch [5.390] delay 2.990 ms
INFO: at 4841.192 ms fetching 5.390 ms
INFO: at 4844.792 ms batch [5.442] delay 2.990 ms
INFO: at 4844.792 ms fetching 5.442 ms
INFO: at 4848.162 ms batch [5.092] delay 2.990 ms
INFO: at 4848.162 ms fetching 5.092 ms
INFO: at 4851.625 ms batch [7.871] delay 2.990 ms
INFO: at 4851.625 ms fetching 7.871 ms
INFO: at 4854.990 ms batch [7.024] delay 2.990 ms
INFO: at 4854.990 ms fetching 7.024 ms
INFO: at 4858.331 ms batch [6.767] delay 3.588 ms
INFO: at 4858.331 ms fetching 6.767 ms
INFO: at 4862.753 ms batch [6.908] delay 3.588 ms
INFO: at 4862.753 ms fetching 6.908 ms
INFO: at 4867.265 ms batch [5.003] delay 3.588 ms
INFO: at 4867.265 ms fetching 5.003 ms
INFO: at 4871.549 ms batch [6.197] delay 3.588 ms
INFO: at 4871.549 ms fetching 6.197 ms
INFO: at 4875.941 ms batch [5.375] delay 3.588 ms
INFO: at 4875.941 ms fetching 5.375 ms
INFO: at 4880.309 ms batch [5.553] delay 3.588 ms
INFO: at 4880.309 ms fetching 5.553 ms
INFO: at 4884.903 ms batch [6.697] delay 3.588 ms
INFO: at 4884.903 ms fetching 6.697 ms
INFO: at 4888.720 ms batch [6.262] delay 3.588 ms
INFO: at 4888.720 ms fetching 6.262 ms
INFO: at 4892.741 ms batch [4.906] delay 3.588 ms
INFO: at 4892.741 ms fetching 4.906 ms
INFO: at 4897.189 ms batch [6.255] delay 3.588 ms
INFO: at 4897.189 ms fetching 6.255 ms
INFO: at 4901.248 ms batch [5.385] delay 3.588 ms
INFO: at 4901.248 ms fetching 5.385 ms
INFO: at 4905.575 ms batch [6.441] delay 3.588 ms
INFO: at 4905.575 ms fetching 6.441 ms
INFO: at 4909.556 ms batch [6.550] delay 3.588 ms
INFO: at 4909.556 ms fetching 6.550 ms
INFO: at 4914.026 ms batch [5.529] delay 3.588 ms
INFO: at 4914.026 ms fetching 5.529 ms
INFO: at 4918.347 ms batch [5.614] delay 3.588 ms
INFO: at 4918.347 ms fetching 5.614 ms
WARNING: slept for too long: -6.115501554367256ms
INFO: at 4928.066 ms batch [7.062] delay 4.485 ms
INFO: at 4928.066 ms fetching 7.062 ms
INFO: at 4932.964 ms batch [5.368] delay 4.485 ms
INFO: at 4932.964 ms fetching 5.368 ms
INFO: at 4937.577 ms batch [5.731] delay 4.485 ms
INFO: at 4937.577 ms fetching 5.731 ms
INFO: at 4942.849 ms batch [6.898] delay 4.485 ms
INFO: at 4942.849 ms fetching 6.898 ms
INFO: at 4948.344 ms batch [6.052] delay 8.969 ms
INFO: at 4948.344 ms fetching 6.052 ms
INFO: at 4957.965 ms batch [5.210] delay 8.969 ms
INFO: at 4957.965 ms fetching 5.210 ms
INFO: at 4967.234 ms batch [9.045] delay 8.969 ms
INFO: at 4967.234 ms fetching 9.045 ms
INFO: at 4977.793 ms batch [7.392] delay 8.969 ms
INFO: at 4977.793 ms fetching 7.392 ms
INFO: at 4988.172 ms batch [6.725] delay 17.938 ms
INFO: at 4988.172 ms fetching 6.725 ms
INFO: at 5006.976 ms batch [7.726] delay 17.938 ms
INFO: at 5006.976 ms fetching 7.726 ms
INFO: at 5025.551 ms batch [5.710] delay 17.938 ms
INFO: at 5025.551 ms fetching 5.710 ms
INFO: at 5044.418 ms batch [6.912] delay 17.938 ms
INFO: at 5044.418 ms fetching 6.912 ms
INFO: at 5062.962 ms batch [6.486] delay 17.938 ms
INFO: at 5062.962 ms fetching 6.486 ms
INFO: at 5081.228 ms batch [6.300] delay 17.938 ms
INFO: at 5081.228 ms fetching 6.300 ms
INFO: at 5099.593 ms batch [6.029] delay 17.938 ms
INFO: at 5099.593 ms fetching 6.029 ms
INFO: at 5117.870 ms batch [8.263] delay 17.938 ms
INFO: at 5117.870 ms fetching 8.263 ms
INFO: at 5136.879 ms batch [5.155] delay 17.938 ms
INFO: at 5136.879 ms fetching 5.155 ms
INFO: at 5155.019 ms batch [6.769] delay 17.938 ms
INFO: at 5155.019 ms fetching 6.769 ms
INFO: at 5173.434 ms batch [7.652] delay 17.938 ms
INFO: at 5173.434 ms fetching 7.652 ms
INFO: at 5191.879 ms batch [5.982] delay 17.938 ms
INFO: at 5191.879 ms fetching 5.982 ms
INFO: at 5210.723 ms batch [7.535] delay 17.938 ms
INFO: at 5210.723 ms fetching 7.535 ms
INFO: at 5229.688 ms batch [6.892] delay 17.938 ms
INFO: at 5229.688 ms fetching 6.892 ms
INFO: at 5248.075 ms batch [5.367] delay 17.938 ms
INFO: at 5248.075 ms fetching 5.367 ms
INFO: at 5266.811 ms batch [6.572] delay 17.938 ms
INFO: at 5266.811 ms fetching 6.572 ms
INFO: at 5285.296 ms batch [6.921] delay 17.938 ms
INFO: at 5285.296 ms fetching 6.921 ms
INFO: at 5303.957 ms batch [6.181] delay 17.938 ms
INFO: at 5303.957 ms fetching 6.181 ms
INFO: at 5322.624 ms batch [7.941] delay 17.938 ms
INFO: at 5322.624 ms fetching 7.941 ms
INFO: at 5340.997 ms batch [7.399] delay 17.938 ms
INFO: at 5340.997 ms fetching 7.399 ms
INFO: at 5359.623 ms batch [6.964] delay 17.938 ms
INFO: at 5359.623 ms fetching 6.964 ms
INFO: at 5378.094 ms batch [7.670] delay 17.938 ms
INFO: at 5378.094 ms fetching 7.670 ms
INFO: at 5396.795 ms batch [6.445] delay 17.938 ms
INFO: at 5396.795 ms fetching 6.445 ms
INFO: at 5415.542 ms batch [5.925] delay 17.938 ms
INFO: at 5415.542 ms fetching 5.925 ms
INFO: at 5433.836 ms batch [5.109] delay 17.938 ms
INFO: at 5433.836 ms fetching 5.109 ms
INFO: at 5452.425 ms batch [6.454] delay 17.938 ms
INFO: at 5452.425 ms fetching 6.454 ms
INFO: at 5470.476 ms batch [6.476] delay 17.938 ms
INFO: at 5470.476 ms fetching 6.476 ms
INFO: at 5488.871 ms batch [8.991] delay 17.938 ms
INFO: at 5488.871 ms fetching 8.991 ms
INFO: at 5507.468 ms batch [5.173] delay 17.938 ms
INFO: at 5507.468 ms fetching 5.173 ms
INFO: at 5525.896 ms batch [6.245] delay 17.938 ms
INFO: at 5525.896 ms fetching 6.245 ms
INFO: at 5544.111 ms batch [5.245] delay 17.938 ms
INFO: at 5544.111 ms fetching 5.245 ms
INFO: at 5562.785 ms batch [6.743] delay 17.938 ms
INFO: at 5562.785 ms fetching 6.743 ms
INFO: at 5581.007 ms batch [6.489] delay 17.938 ms
INFO: at 5581.007 ms fetching 6.489 ms
INFO: at 5599.249 ms batch [5.964] delay 17.938 ms
INFO: at 5599.249 ms fetching 5.964 ms
INFO: at 5618.012 ms batch [5.837] delay 17.938 ms
INFO: at 5618.012 ms fetching 5.837 ms
INFO: at 5636.459 ms batch [4.625] delay 17.938 ms
INFO: at 5636.459 ms fetching 4.625 ms
INFO: at 5654.674 ms batch [6.959] delay 17.938 ms
INFO: at 5654.674 ms fetching 6.959 ms
INFO: at 5673.491 ms batch [6.912] delay 17.938 ms
INFO: at 5673.491 ms fetching 6.912 ms
INFO: at 5691.625 ms batch [5.871] delay 17.938 ms
INFO: at 5691.625 ms fetching 5.871 ms
INFO: at 5709.882 ms batch [5.125] delay 17.938 ms
INFO: at 5709.882 ms fetching 5.125 ms
INFO: at 5728.886 ms batch [4.851] delay 17.938 ms
INFO: at 5728.886 ms fetching 4.851 ms
INFO: at 5747.287 ms batch [6.310] delay 17.938 ms
INFO: at 5747.287 ms fetching 6.310 ms
INFO: at 5765.477 ms batch [6.283] delay 17.938 ms
INFO: at 5765.477 ms fetching 6.283 ms
INFO: at 5784.062 ms batch [6.298] delay 17.938 ms
INFO: at 5784.062 ms fetching 6.298 ms
INFO: at 5803.084 ms batch [6.460] delay 17.938 ms
INFO: at 5803.084 ms fetching 6.460 ms
INFO: at 5822.030 ms batch [5.072] delay 17.938 ms
INFO: at 5822.030 ms fetching 5.072 ms
INFO: at 5840.842 ms batch [6.855] delay 17.938 ms
INFO: at 5840.842 ms fetching 6.855 ms
INFO: at 5859.126 ms batch [6.767] delay 17.938 ms
INFO: at 5859.126 ms fetching 6.767 ms
INFO: at 5877.590 ms batch [6.326] delay 17.938 ms
INFO: at 5877.590 ms fetching 6.326 ms
INFO: at 5896.227 ms batch [4.869] delay 17.938 ms
INFO: at 5896.227 ms fetching 4.869 ms
INFO: at 5914.815 ms batch [5.976] delay 17.938 ms
INFO: at 5914.815 ms fetching 5.976 ms
INFO: at 5932.992 ms batch [7.020] delay 17.938 ms
INFO: at 5932.992 ms fetching 7.020 ms
INFO: at 5951.663 ms batch [5.947] delay 17.938 ms
INFO: at 5951.663 ms fetching 5.947 ms
INFO: at 5969.903 ms batch [8.437] delay 17.938 ms
INFO: at 5969.903 ms fetching 8.437 ms
INFO: at 5988.064 ms batch [7.960] delay 17.938 ms
INFO: at 5988.064 ms fetching 7.960 ms
INFO: at 6006.402 ms batch [6.596] delay 17.938 ms
INFO: at 6006.402 ms fetching 6.596 ms
INFO: at 6024.670 ms batch [5.575] delay 17.938 ms
INFO: at 6024.670 ms fetching 5.575 ms
INFO: done
INFO: stopping nexus
