Using CUDA Driver 11040 Runtime 11010
Starting Clockwork Worker
user clockwork directory: /workdir/clockwork
Loading Clockwork worker default config from /workdir/clockwork/config/default.cfg
user clockwork directory: /workdir/clockwork
GPUGPU00--GPU-0 started
GPU0-PCIe_H2D_Inputs-0 started
GPUAsyncTaskChecker-0-PCIe_D2H_Output-00 started
PCIe_H2D_Weights-0 started
 started
CPU-0 started
IO service thread listening on 0.0.0.0:12345
Closing connection 0x7fce6c000d30, reason: End of file
Received A0:GetWorkerState
Sending R0:GetWorkerState:
 page_size=16777216
gpus=
 GPU-0 weights_cache=21.5GB (1376 pages) io_pool=512.0MB workspace_pool=512.0MB 0 models currently on GPU
models=

Received A0:LoadModelFromDisk model=0 [0.0, 16809602189684.0] /workdir/models/jobs.bucketed_bucket0/model
cudaMallocHost 102160300 (102160300 x 1)
Sending R0:LoadModelFromDisk input=602112 output=4000 weights=112.0 MB (7 pages) xfer=8.4 b1=6.4 b2=6.5 b4=6.6 b8=7.0 duration=4808.4
Received A1:LoadModelFromDisk model=1 [0.0, 16809602184874.2] /workdir/models/jobs.bucketed_bucket1/model
cudaMallocHost 102160300 (102160300 x 1)
Sending R1:LoadModelFromDisk input=602112 output=4000 weights=112.0 MB (7 pages) xfer=8.4 b1=6.2 b2=6.3 b4=6.5 b8=6.9 duration=4768.8
Received A2:LoadModelFromDisk model=2 [0.0, 16809602180104.3] /workdir/models/jobs.bucketed_bucket2/model
cudaMallocHost 102160300 (102160300 x 1)
Sending R2:LoadModelFromDisk input=602112 output=4000 weights=112.0 MB (7 pages) xfer=8.4 b1=5.9 b2=6.0 b4=6.2 b8=6.5 duration=4732.3
Received A3:LoadModelFromDisk model=3 [0.0, 16809602175371.0] /workdir/models/jobs.bucketed_bucket3/model
cudaMallocHost 102160300 (102160300 x 1)
Sending R3:LoadModelFromDisk input=602112 output=4000 weights=112.0 MB (7 pages) xfer=8.4 b1=6.2 b2=6.2 b4=6.4 b8=6.8 duration=4753.8
Received A4:LoadModelFromDisk model=4 [0.0, 16809602170616.2] /workdir/models/jobs.bucketed_bucket4/model
cudaMallocHost 102160300 (102160300 x 1)
Sending R4:LoadModelFromDisk input=602112 output=4000 weights=112.0 MB (7 pages) xfer=8.4 b1=6.6 b2=6.6 b4=6.8 b8=7.2 duration=4781.7
Received A5:LoadModelFromDisk model=5 [0.0, 16809602165833.3] /workdir/models/jobs.bucketed_bucket5/model
cudaMallocHost 102160300 (102160300 x 1)
Sending R5:LoadModelFromDisk input=602112 output=4000 weights=112.0 MB (7 pages) xfer=8.4 b1=5.8 b2=5.9 b4=6.1 b8=6.5 duration=4753.8
Received A6:LoadModelFromDisk model=6 [0.0, 16809602161078.4] /workdir/models/jobs.bucketed_bucket6/model
cudaMallocHost 102160300 (102160300 x 1)
Sending R6:LoadModelFromDisk input=602112 output=4000 weights=112.0 MB (7 pages) xfer=8.4 b1=8.1 b2=8.2 b4=8.4 b8=8.8 duration=4804.1
Received A7:LoadModelFromDisk model=7 [0.0, 16809602156273.3] /workdir/models/jobs.bucketed_bucket7/model
cudaMallocHost 102160300 (102160300 x 1)
Sending R7:LoadModelFromDisk input=602112 output=4000 weights=112.0 MB (7 pages) xfer=8.4 b1=9.3 b2=9.4 b4=9.6 b8=10.0 duration=4692.0
Received A8:LoadModelFromDisk model=8 [0.0, 16809602151580.4] /workdir/models/jobs.bucketed_bucket8/model
cudaMallocHost 102160300 (102160300 x 1)
Sending R8:LoadModelFromDisk input=602112 output=4000 weights=112.0 MB (7 pages) xfer=8.4 b1=8.9 b2=9.0 b4=9.2 b8=9.6 duration=4749.2
Received A9:LoadModelFromDisk model=9 [0.0, 16809602146830.1] /workdir/models/jobs.bucketed_bucket9/model
cudaMallocHost 102160300 (102160300 x 1)
Sending R9:LoadModelFromDisk input=602112 output=4000 weights=112.0 MB (7 pages) xfer=8.4 b1=8.6 b2=8.7 b4=8.9 b8=9.2 duration=4817.6
Received A10:LoadModelFromDisk model=10 [0.0, 16809602142011.4] /workdir/models/jobs.bucketed_bucket10/model
cudaMallocHost 102160300 (102160300 x 1)
Sending R10:LoadModelFromDisk input=602112 output=4000 weights=112.0 MB (7 pages) xfer=8.4 b1=9.0 b2=9.1 b4=9.3 b8=9.7 duration=4716.7
Received A11:LoadModelFromDisk model=11 [0.0, 16809602137293.6] /workdir/models/jobs.bucketed_bucket11/model
cudaMallocHost 102160300 (102160300 x 1)
Sending R11:LoadModelFromDisk input=602112 output=4000 weights=112.0 MB (7 pages) xfer=8.4 b1=8.4 b2=8.5 b4=8.7 b8=9.1 duration=4853.5
Received A12:LoadModelFromDisk model=12 [0.0, 16809602132439.1] /workdir/models/jobs.bucketed_bucket12/model
cudaMallocHost 102160300 (102160300 x 1)
Sending R12:LoadModelFromDisk input=602112 output=4000 weights=112.0 MB (7 pages) xfer=8.4 b1=9.6 b2=9.7 b4=9.9 b8=10.3 duration=4809.3
Received A13:LoadModelFromDisk model=13 [0.0, 16809602127628.8] /workdir/models/jobs.bucketed_bucket13/model
cudaMallocHost 102160300 (102160300 x 1)
Sending R13:LoadModelFromDisk input=602112 output=4000 weights=112.0 MB (7 pages) xfer=8.4 b1=8.5 b2=8.6 b4=8.8 b8=9.2 duration=4760.8
Received A14:LoadModelFromDisk model=14 [0.0, 16809602122866.9] /workdir/models/jobs.bucketed_bucket14/model
cudaMallocHost 102160300 (102160300 x 1)
Sending R14:LoadModelFromDisk input=602112 output=4000 weights=112.0 MB (7 pages) xfer=8.4 b1=9.3 b2=9.4 b4=9.6 b8=10.0 duration=4716.4
Received A15:LoadModelFromDisk model=15 [0.0, 16809602118149.5] /workdir/models/jobs.bucketed_bucket15/model
cudaMallocHost 102160300 (102160300 x 1)
Sending R15:LoadModelFromDisk input=602112 output=4000 weights=112.0 MB (7 pages) xfer=8.4 b1=8.8 b2=8.9 b4=9.0 b8=9.4 duration=4694.5
Received A16:LoadModelFromDisk model=16 [0.0, 16809602113454.0] /workdir/models/jobs.bucketed_bucket16/model
cudaMallocHost 102160300 (102160300 x 1)
Sending R16:LoadModelFromDisk input=602112 output=4000 weights=112.0 MB (7 pages) xfer=8.4 b1=9.8 b2=9.9 b4=10.1 b8=10.5 duration=4733.1
Received A17:LoadModelFromDisk model=17 [0.0, 16809602108719.9] /workdir/models/jobs.bucketed_bucket17/model
cudaMallocHost 102160300 (102160300 x 1)
Sending R17:LoadModelFromDisk input=602112 output=4000 weights=112.0 MB (7 pages) xfer=8.4 b1=10.5 b2=10.6 b4=10.8 b8=11.2 duration=4762.4
Received A18:LoadModelFromDisk model=18 [0.0, 16809602103956.4] /workdir/models/jobs.bucketed_bucket18/model
cudaMallocHost 102160300 (102160300 x 1)
Sending R18:LoadModelFromDisk input=602112 output=4000 weights=112.0 MB (7 pages) xfer=8.4 b1=8.3 b2=8.4 b4=8.6 b8=9.0 duration=4769.0
Received A19:LoadModelFromDisk model=19 [0.0, 16809602099186.3] /workdir/models/jobs.bucketed_bucket19/model
cudaMallocHost 102160300 (102160300 x 1)
Sending R19:LoadModelFromDisk input=602112 output=4000 weights=112.0 MB (7 pages) xfer=8.4 b1=9.6 b2=9.7 b4=9.9 b8=10.2 duration=4749.0
Network Status: Controller ✔✔✔✔✔ Worker (inputs forwarded by controller)
****** Fake: sleeping batch size 1 single_input_size 602112 time (ms): [6.73]
****** Fake: sleeping max time (ms) 6.73 cycles 10748210
****** Fake: sleeping batch size 1 single_input_size 602112 time (ms): [5.74]
****** Fake: sleeping max time (ms) 5.74 cycles 9170966
****** Fake: sleeping batch size 1 single_input_size 602112 time (ms): [7.13]
****** Fake: sleeping max time (ms) 7.13 cycles 11386278
****** Fake: sleeping batch size 1 single_input_size 602112 time (ms): [6.17]
****** Fake: sleeping max time (ms) 6.17 cycles 9859726
****** Fake: sleeping batch size 1 single_input_size 602112 time (ms): [7.97]
****** Fake: sleeping max time (ms) 7.97 cycles 12725115
****** Fake: sleeping batch size 1 single_input_size 602112 time (ms): [5.07]
****** Fake: sleeping max time (ms) 5.07 cycles 8094498
****** Fake: sleeping batch size 1 single_input_size 602112 time (ms): [4.65]
****** Fake: sleeping max time (ms) 4.65 cycles 7431444
****** Fake: sleeping batch size 1 single_input_size 602112 time (ms): [5.32]
****** Fake: sleeping max time (ms) 5.32 cycles 8495728
****** Fake: sleeping batch size 1 single_input_size 602112 time (ms): [5.56]
****** Fake: sleeping max time (ms) 5.56 cycles 8881556
****** Fake: sleeping batch size 1 single_input_size 602112 time (ms): [5.82]
****** Fake: sleeping max time (ms) 5.82 cycles 9294611
****** Fake: sleeping batch size 1 single_input_size 602112 time (ms): [8.11]
****** Fake: sleeping max time (ms) 8.11 cycles 12948453
****** Fake: sleeping batch size 1 single_input_size 602112 time (ms): [6.38]
****** Fake: sleeping max time (ms) 6.38 cycles 10185078
GPU Clocks Changed: GPU0=1372
****** Fake: sleeping batch size 1 single_input_size 602112 time (ms): [5.57]
****** Fake: sleeping max time (ms) 5.57 cycles 8900558
****** Fake: sleeping batch size 1 single_input_size 602112 time (ms): [5.18]
****** Fake: sleeping max time (ms) 5.18 cycles 8274300
****** Fake: sleeping batch size 1 single_input_size 602112 time (ms): [8.43]
****** Fake: sleeping max time (ms) 8.43 cycles 13455800
****** Fake: sleeping batch size 1 single_input_size 602112 time (ms): [4.95]
****** Fake: sleeping max time (ms) 4.95 cycles 7909273
****** Fake: sleeping batch size 1 single_input_size 602112 time (ms): [5.82]
****** Fake: sleeping max time (ms) 5.82 cycles 9287380
****** Fake: sleeping batch size 1 single_input_size 602112 time (ms): [5.66]
****** Fake: sleeping max time (ms) 5.66 cycles 9033766
****** Fake: sleeping batch size 1 single_input_size 602112 time (ms): [7.46]
****** Fake: sleeping max time (ms) 7.46 cycles 11906271
****** Fake: sleeping batch size 1 single_input_size 602112 time (ms): [4.54]
****** Fake: sleeping max time (ms) 4.54 cycles 7250748
****** Fake: sleeping batch size 1 single_input_size 602112 time (ms): [6.03]
****** Fake: sleeping max time (ms) 6.03 cycles 9630537
****** Fake: sleeping batch size 1 single_input_size 602112 time (ms): [6.18]
****** Fake: sleeping max time (ms) 6.18 cycles 9865468
****** Fake: sleeping batch size 1 single_input_size 602112 time (ms): [9.57]
****** Fake: sleeping max time (ms) 9.57 cycles 15277265
****** Fake: sleeping batch size 1 single_input_size 602112 time (ms): [6.22]
****** Fake: sleeping max time (ms) 6.22 cycles 9934211
****** Fake: sleeping batch size 1 single_input_size 602112 time (ms): [5.99]
****** Fake: sleeping max time (ms) 5.99 cycles 9572045
****** Fake: sleeping batch size 1 single_input_size 602112 time (ms): [5.98]
****** Fake: sleeping max time (ms) 5.98 cycles 9549133
****** Fake: sleeping batch size 1 single_input_size 602112 time (ms): [7.17]
****** Fake: sleeping max time (ms) 7.17 cycles 11457037
****** Fake: sleeping batch size 1 single_input_size 602112 time (ms): [4.84]
****** Fake: sleeping max time (ms) 4.84 cycles 7733562
****** Fake: sleeping batch size 1 single_input_size 602112 time (ms): [5.34]
****** Fake: sleeping max time (ms) 5.34 cycles 8520676
****** Fake: sleeping batch size 1 single_input_size 602112 time (ms): [6.45]
****** Fake: sleeping max time (ms) 6.45 cycles 10305382
****** Fake: sleeping batch size 1 single_input_size 602112 time (ms): [5.68]
****** Fake: sleeping max time (ms) 5.68 cycles 9073513
****** Fake: sleeping batch size 1 single_input_size 602112 time (ms): [6.54]
****** Fake: sleeping max time (ms) 6.54 cycles 10442168
****** Fake: sleeping batch size 1 single_input_size 602112 time (ms): [5.83]
****** Fake: sleeping max time (ms) 5.83 cycles 9315233
****** Fake: sleeping batch size 1 single_input_size 602112 time (ms): [6.74]
****** Fake: sleeping max time (ms) 6.74 cycles 10768128
****** Fake: sleeping batch size 1 single_input_size 602112 time (ms): [10.13]
****** Fake: sleeping max time (ms) 10.13 cycles 16176832
****** Fake: sleeping batch size 1 single_input_size 602112 time (ms): [9.53]
****** Fake: sleeping max time (ms) 9.53 cycles 15221020
****** Fake: sleeping batch size 1 single_input_size 602112 time (ms): [4.90]
****** Fake: sleeping max time (ms) 4.90 cycles 7824380
****** Fake: sleeping batch size 1 single_input_size 602112 time (ms): [9.76]
****** Fake: sleeping max time (ms) 9.76 cycles 15593419
****** Fake: sleeping batch size 1 single_input_size 602112 time (ms): [9.05]
****** Fake: sleeping max time (ms) 9.05 cycles 14453512
****** Fake: sleeping batch size 1 single_input_size 602112 time (ms): [8.02]
****** Fake: sleeping max time (ms) 8.02 cycles 12812084
****** Fake: sleeping batch size 1 single_input_size 602112 time (ms): [5.32]
****** Fake: sleeping max time (ms) 5.32 cycles 8491412
****** Fake: sleeping batch size 1 single_input_size 602112 time (ms): [6.27]
****** Fake: sleeping max time (ms) 6.27 cycles 10018018
****** Fake: sleeping batch size 1 single_input_size 602112 time (ms): [6.48]
****** Fake: sleeping max time (ms) 6.48 cycles 10342148
****** Fake: sleeping batch size 1 single_input_size 602112 time (ms): [7.82]
****** Fake: sleeping max time (ms) 7.82 cycles 12494709
****** Fake: sleeping batch size 1 single_input_size 602112 time (ms): [6.99]
****** Fake: sleeping max time (ms) 6.99 cycles 11157427
****** Fake: sleeping batch size 1 single_input_size 602112 time (ms): [6.23]
****** Fake: sleeping max time (ms) 6.23 cycles 9955247
****** Fake: sleeping batch size 1 single_input_size 602112 time (ms): [8.21]
****** Fake: sleeping max time (ms) 8.21 cycles 13115261
****** Fake: sleeping batch size 1 single_input_size 602112 time (ms): [7.50]
****** Fake: sleeping max time (ms) 7.50 cycles 11976985
****** Fake: sleeping batch size 1 single_input_size 602112 time (ms): [5.33]
****** Fake: sleeping max time (ms) 5.33 cycles 8505685
****** Fake: sleeping batch size 1 single_input_size 602112 time (ms): [9.56]
****** Fake: sleeping max time (ms) 9.56 cycles 15264675
****** Fake: sleeping batch size 1 single_input_size 602112 time (ms): [9.11]
****** Fake: sleeping max time (ms) 9.11 cycles 14549015
****** Fake: sleeping batch size 1 single_input_size 602112 time (ms): [6.20]
****** Fake: sleeping max time (ms) 6.20 cycles 9905583
****** Fake: sleeping batch size 1 single_input_size 602112 time (ms): [8.38]
****** Fake: sleeping max time (ms) 8.38 cycles 13380598
****** Fake: sleeping batch size 1 single_input_size 602112 time (ms): [10.12]
****** Fake: sleeping max time (ms) 10.12 cycles 16154945
****** Fake: sleeping batch size 1 single_input_size 602112 time (ms): [6.55]
****** Fake: sleeping max time (ms) 6.55 cycles 10465425
****** Fake: sleeping batch size 1 single_input_size 602112 time (ms): [5.96]
****** Fake: sleeping max time (ms) 5.96 cycles 9510195
****** Fake: sleeping batch size 1 single_input_size 602112 time (ms): [8.66]
****** Fake: sleeping max time (ms) 8.66 cycles 13823764
****** Fake: sleeping batch size 1 single_input_size 602112 time (ms): [8.20]
****** Fake: sleeping max time (ms) 8.20 cycles 13087607
****** Fake: sleeping batch size 1 single_input_size 602112 time (ms): [9.27]
****** Fake: sleeping max time (ms) 9.27 cycles 14800433
****** Fake: sleeping batch size 1 single_input_size 602112 time (ms): [7.77]
****** Fake: sleeping max time (ms) 7.77 cycles 12401403
****** Fake: sleeping batch size 1 single_input_size 602112 time (ms): [7.53]
****** Fake: sleeping max time (ms) 7.53 cycles 12030615
****** Fake: sleeping batch size 1 single_input_size 602112 time (ms): [8.85]
****** Fake: sleeping max time (ms) 8.85 cycles 14137419
****** Fake: sleeping batch size 1 single_input_size 602112 time (ms): [5.84]
****** Fake: sleeping max time (ms) 5.84 cycles 9332306
****** Fake: sleeping batch size 1 single_input_size 602112 time (ms): [8.02]
****** Fake: sleeping max time (ms) 8.02 cycles 12804374
****** Fake: sleeping batch size 1 single_input_size 602112 time (ms): [9.45]
****** Fake: sleeping max time (ms) 9.45 cycles 15097094
****** Fake: sleeping batch size 1 single_input_size 602112 time (ms): [5.76]
****** Fake: sleeping max time (ms) 5.76 cycles 9199519
****** Fake: sleeping batch size 1 single_input_size 602112 time (ms): [6.07]
****** Fake: sleeping max time (ms) 6.07 cycles 9695365
****** Fake: sleeping batch size 1 single_input_size 602112 time (ms): [10.19]
****** Fake: sleeping max time (ms) 10.19 cycles 16268660
****** Fake: sleeping batch size 1 single_input_size 602112 time (ms): [7.19]
****** Fake: sleeping max time (ms) 7.19 cycles 11483645
****** Fake: sleeping batch size 1 single_input_size 602112 time (ms): [7.49]
****** Fake: sleeping max time (ms) 7.49 cycles 11966135
****** Fake: sleeping batch size 1 single_input_size 602112 time (ms): [5.39]
****** Fake: sleeping max time (ms) 5.39 cycles 8613440
****** Fake: sleeping batch size 1 single_input_size 602112 time (ms): [11.14]
****** Fake: sleeping max time (ms) 11.14 cycles 17792765
****** Fake: sleeping batch size 1 single_input_size 602112 time (ms): [9.92]
****** Fake: sleeping max time (ms) 9.92 cycles 15843360
****** Fake: sleeping batch size 1 single_input_size 602112 time (ms): [6.98]
****** Fake: sleeping max time (ms) 6.98 cycles 11143194
****** Fake: sleeping batch size 1 single_input_size 602112 time (ms): [5.40]
****** Fake: sleeping max time (ms) 5.40 cycles 8627674
****** Fake: sleeping batch size 1 single_input_size 602112 time (ms): [5.61]
****** Fake: sleeping max time (ms) 5.61 cycles 8962585
****** Fake: sleeping batch size 1 single_input_size 602112 time (ms): [7.36]
****** Fake: sleeping max time (ms) 7.36 cycles 11747082
****** Fake: sleeping batch size 1 single_input_size 602112 time (ms): [13.29]
****** Fake: sleeping max time (ms) 13.29 cycles 21223546
****** Fake: sleeping batch size 1 single_input_size 602112 time (ms): [9.46]
****** Fake: sleeping max time (ms) 9.46 cycles 15109088
****** Fake: sleeping batch size 1 single_input_size 602112 time (ms): [6.75]
****** Fake: sleeping max time (ms) 6.75 cycles 10776123
****** Fake: sleeping batch size 1 single_input_size 602112 time (ms): [6.95]
****** Fake: sleeping max time (ms) 6.95 cycles 11099628
****** Fake: sleeping batch size 1 single_input_size 602112 time (ms): [8.48]
****** Fake: sleeping max time (ms) 8.48 cycles 13543503
****** Fake: sleeping batch size 1 single_input_size 602112 time (ms): [6.13]
****** Fake: sleeping max time (ms) 6.13 cycles 9785289
****** Fake: sleeping batch size 1 single_input_size 602112 time (ms): [8.82]
****** Fake: sleeping max time (ms) 8.82 cycles 14093126
****** Fake: sleeping batch size 1 single_input_size 602112 time (ms): [7.49]
****** Fake: sleeping max time (ms) 7.49 cycles 11964830
****** Fake: sleeping batch size 1 single_input_size 602112 time (ms): [7.43]
****** Fake: sleeping max time (ms) 7.43 cycles 11864288
****** Fake: sleeping batch size 1 single_input_size 602112 time (ms): [6.30]
****** Fake: sleeping max time (ms) 6.30 cycles 10061885
****** Fake: sleeping batch size 1 single_input_size 602112 time (ms): [8.52]
****** Fake: sleeping max time (ms) 8.52 cycles 13608092
****** Fake: sleeping batch size 1 single_input_size 602112 time (ms): [8.49]
****** Fake: sleeping max time (ms) 8.49 cycles 13557387
****** Fake: sleeping batch size 1 single_input_size 602112 time (ms): [5.60]
****** Fake: sleeping max time (ms) 5.60 cycles 8944492
****** Fake: sleeping batch size 1 single_input_size 602112 time (ms): [10.49]
****** Fake: sleeping max time (ms) 10.49 cycles 16760351
****** Fake: sleeping batch size 1 single_input_size 602112 time (ms): [11.15]
****** Fake: sleeping max time (ms) 11.15 cycles 17809969
****** Fake: sleeping batch size 1 single_input_size 602112 time (ms): [6.49]
****** Fake: sleeping max time (ms) 6.49 cycles 10357189
****** Fake: sleeping batch size 1 single_input_size 602112 time (ms): [7.61]
****** Fake: sleeping max time (ms) 7.61 cycles 12149859
****** Fake: sleeping batch size 1 single_input_size 602112 time (ms): [8.29]
****** Fake: sleeping max time (ms) 8.29 cycles 13234609
****** Fake: sleeping batch size 1 single_input_size 602112 time (ms): [7.67]
****** Fake: sleeping max time (ms) 7.67 cycles 12241205
****** Fake: sleeping batch size 1 single_input_size 602112 time (ms): [7.34]
****** Fake: sleeping max time (ms) 7.34 cycles 11723898
****** Fake: sleeping batch size 1 single_input_size 602112 time (ms): [9.27]
****** Fake: sleeping max time (ms) 9.27 cycles 14796537
****** Fake: sleeping batch size 1 single_input_size 602112 time (ms): [9.51]
****** Fake: sleeping max time (ms) 9.51 cycles 15188993
****** Fake: sleeping batch size 1 single_input_size 602112 time (ms): [8.15]
****** Fake: sleeping max time (ms) 8.15 cycles 13020816
****** Fake: sleeping batch size 1 single_input_size 602112 time (ms): [8.20]
****** Fake: sleeping max time (ms) 8.20 cycles 13096122
****** Fake: sleeping batch size 1 single_input_size 602112 time (ms): [9.60]
****** Fake: sleeping max time (ms) 9.60 cycles 15332063
****** Fake: sleeping batch size 1 single_input_size 602112 time (ms): [9.58]
****** Fake: sleeping max time (ms) 9.58 cycles 15291303
****** Fake: sleeping batch size 1 single_input_size 602112 time (ms): [5.72]
****** Fake: sleeping max time (ms) 5.72 cycles 9131691
****** Fake: sleeping batch size 1 single_input_size 602112 time (ms): [6.35]
****** Fake: sleeping max time (ms) 6.35 cycles 10143207
****** Fake: sleeping batch size 1 single_input_size 602112 time (ms): [4.88]
****** Fake: sleeping max time (ms) 4.88 cycles 7788217
****** Fake: sleeping batch size 1 single_input_size 602112 time (ms): [9.24]
****** Fake: sleeping max time (ms) 9.24 cycles 14755877
****** Fake: sleeping batch size 1 single_input_size 602112 time (ms): [7.47]
****** Fake: sleeping max time (ms) 7.47 cycles 11931800
****** Fake: sleeping batch size 1 single_input_size 602112 time (ms): [10.32]
****** Fake: sleeping max time (ms) 10.32 cycles 16475942
****** Fake: sleeping batch size 1 single_input_size 602112 time (ms): [10.05]
****** Fake: sleeping max time (ms) 10.05 cycles 16043855
****** Fake: sleeping batch size 1 single_input_size 602112 time (ms): [6.51]
****** Fake: sleeping max time (ms) 6.51 cycles 10402651
****** Fake: sleeping batch size 1 single_input_size 602112 time (ms): [5.86]
****** Fake: sleeping max time (ms) 5.86 cycles 9360285
****** Fake: sleeping batch size 1 single_input_size 602112 time (ms): [5.66]
****** Fake: sleeping max time (ms) 5.66 cycles 9031348
****** Fake: sleeping batch size 1 single_input_size 602112 time (ms): [6.66]
****** Fake: sleeping max time (ms) 6.66 cycles 10642817
****** Fake: sleeping batch size 1 single_input_size 602112 time (ms): [5.93]
****** Fake: sleeping max time (ms) 5.93 cycles 9466470
****** Fake: sleeping batch size 1 single_input_size 602112 time (ms): [5.31]
****** Fake: sleeping max time (ms) 5.31 cycles 8479302
****** Fake: sleeping batch size 1 single_input_size 602112 time (ms): [5.90]
****** Fake: sleeping max time (ms) 5.90 cycles 9426711
****** Fake: sleeping batch size 1 single_input_size 602112 time (ms): [6.92]
****** Fake: sleeping max time (ms) 6.92 cycles 11046745
****** Fake: sleeping batch size 1 single_input_size 602112 time (ms): [5.40]
****** Fake: sleeping max time (ms) 5.40 cycles 8617500
****** Fake: sleeping batch size 1 single_input_size 602112 time (ms): [9.04]
****** Fake: sleeping max time (ms) 9.04 cycles 14440917
****** Fake: sleeping batch size 1 single_input_size 602112 time (ms): [8.77]
****** Fake: sleeping max time (ms) 8.77 cycles 14002487
****** Fake: sleeping batch size 1 single_input_size 602112 time (ms): [8.76]
****** Fake: sleeping max time (ms) 8.76 cycles 13984866
****** Fake: sleeping batch size 1 single_input_size 602112 time (ms): [9.32]
****** Fake: sleeping max time (ms) 9.32 cycles 14883162
****** Fake: sleeping batch size 1 single_input_size 602112 time (ms): [11.10]
****** Fake: sleeping max time (ms) 11.10 cycles 17731707
****** Fake: sleeping batch size 1 single_input_size 602112 time (ms): [6.89]
****** Fake: sleeping max time (ms) 6.89 cycles 11002093
****** Fake: sleeping batch size 1 single_input_size 602112 time (ms): [6.65]
****** Fake: sleeping max time (ms) 6.65 cycles 10626468
****** Fake: sleeping batch size 1 single_input_size 602112 time (ms): [5.98]
****** Fake: sleeping max time (ms) 5.98 cycles 9547079
****** Fake: sleeping batch size 1 single_input_size 602112 time (ms): [5.34]
****** Fake: sleeping max time (ms) 5.34 cycles 8529074
****** Fake: sleeping batch size 1 single_input_size 602112 time (ms): [6.24]
****** Fake: sleeping max time (ms) 6.24 cycles 9971316
****** Fake: sleeping batch size 1 single_input_size 602112 time (ms): [7.07]
****** Fake: sleeping max time (ms) 7.07 cycles 11286123
****** Fake: sleeping batch size 1 single_input_size 602112 time (ms): [6.54]
****** Fake: sleeping max time (ms) 6.54 cycles 10438486
****** Fake: sleeping batch size 1 single_input_size 602112 time (ms): [8.39]
****** Fake: sleeping max time (ms) 8.39 cycles 13393023
****** Fake: sleeping batch size 1 single_input_size 602112 time (ms): [4.26]
****** Fake: sleeping max time (ms) 4.26 cycles 6810976
****** Fake: sleeping batch size 1 single_input_size 602112 time (ms): [6.41]
****** Fake: sleeping max time (ms) 6.41 cycles 10240325
****** Fake: sleeping batch size 1 single_input_size 602112 time (ms): [5.98]
****** Fake: sleeping max time (ms) 5.98 cycles 9545958
****** Fake: sleeping batch size 1 single_input_size 602112 time (ms): [9.94]
****** Fake: sleeping max time (ms) 9.94 cycles 15880065
****** Fake: sleeping batch size 1 single_input_size 602112 time (ms): [11.89]
****** Fake: sleeping max time (ms) 11.89 cycles 18990652
****** Fake: sleeping batch size 1 single_input_size 602112 time (ms): [5.76]
****** Fake: sleeping max time (ms) 5.76 cycles 9204093
****** Fake: sleeping batch size 1 single_input_size 602112 time (ms): [8.29]
****** Fake: sleeping max time (ms) 8.29 cycles 13232988
****** Fake: sleeping batch size 1 single_input_size 602112 time (ms): [5.10]
****** Fake: sleeping max time (ms) 5.10 cycles 8152450
****** Fake: sleeping batch size 1 single_input_size 602112 time (ms): [9.60]
****** Fake: sleeping max time (ms) 9.60 cycles 15337072
****** Fake: sleeping batch size 1 single_input_size 602112 time (ms): [8.45]
****** Fake: sleeping max time (ms) 8.45 cycles 13489907
****** Fake: sleeping batch size 1 single_input_size 602112 time (ms): [7.58]
****** Fake: sleeping max time (ms) 7.58 cycles 12097594
****** Fake: sleeping batch size 1 single_input_size 602112 time (ms): [5.00]
****** Fake: sleeping max time (ms) 5.00 cycles 7984047
****** Fake: sleeping batch size 1 single_input_size 602112 time (ms): [8.98]
****** Fake: sleeping max time (ms) 8.98 cycles 14339890
****** Fake: sleeping batch size 1 single_input_size 602112 time (ms): [8.63]
****** Fake: sleeping max time (ms) 8.63 cycles 13781346
****** Fake: sleeping batch size 1 single_input_size 602112 time (ms): [6.81]
****** Fake: sleeping max time (ms) 6.81 cycles 10875533
****** Fake: sleeping batch size 1 single_input_size 602112 time (ms): [11.97]
****** Fake: sleeping max time (ms) 11.97 cycles 19118790
****** Fake: sleeping batch size 1 single_input_size 602112 time (ms): [8.52]
****** Fake: sleeping max time (ms) 8.52 cycles 13614013
****** Fake: sleeping batch size 1 single_input_size 602112 time (ms): [9.78]
****** Fake: sleeping max time (ms) 9.78 cycles 15618158
****** Fake: sleeping batch size 1 single_input_size 602112 time (ms): [9.82]
****** Fake: sleeping max time (ms) 9.82 cycles 15681889
****** Fake: sleeping batch size 1 single_input_size 602112 time (ms): [8.18]
****** Fake: sleeping max time (ms) 8.18 cycles 13056845
****** Fake: sleeping batch size 1 single_input_size 602112 time (ms): [5.63]
****** Fake: sleeping max time (ms) 5.63 cycles 8990719
****** Fake: sleeping batch size 1 single_input_size 602112 time (ms): [6.17]
****** Fake: sleeping max time (ms) 6.17 cycles 9847742
****** Fake: sleeping batch size 1 single_input_size 602112 time (ms): [7.68]
****** Fake: sleeping max time (ms) 7.68 cycles 12271232
****** Fake: sleeping batch size 1 single_input_size 602112 time (ms): [4.72]
****** Fake: sleeping max time (ms) 4.72 cycles 7532395
****** Fake: sleeping batch size 1 single_input_size 602112 time (ms): [6.29]
****** Fake: sleeping max time (ms) 6.29 cycles 10039108
****** Fake: sleeping batch size 1 single_input_size 602112 time (ms): [6.03]
****** Fake: sleeping max time (ms) 6.03 cycles 9635379
****** Fake: sleeping batch size 1 single_input_size 602112 time (ms): [8.31]
****** Fake: sleeping max time (ms) 8.31 cycles 13269726
****** Fake: sleeping batch size 1 single_input_size 602112 time (ms): [7.50]
****** Fake: sleeping max time (ms) 7.50 cycles 11970772
****** Fake: sleeping batch size 1 single_input_size 602112 time (ms): [7.68]
****** Fake: sleeping max time (ms) 7.68 cycles 12259076
****** Fake: sleeping batch size 1 single_input_size 602112 time (ms): [7.59]
****** Fake: sleeping max time (ms) 7.59 cycles 12119261
****** Fake: sleeping batch size 1 single_input_size 602112 time (ms): [6.29]
****** Fake: sleeping max time (ms) 6.29 cycles 10046369
****** Fake: sleeping batch size 1 single_input_size 602112 time (ms): [5.22]
****** Fake: sleeping max time (ms) 5.22 cycles 8340100
****** Fake: sleeping batch size 1 single_input_size 602112 time (ms): [8.44]
****** Fake: sleeping max time (ms) 8.44 cycles 13477581
****** Fake: sleeping batch size 1 single_input_size 602112 time (ms): [7.43]
****** Fake: sleeping max time (ms) 7.43 cycles 11872174
****** Fake: sleeping batch size 1 single_input_size 602112 time (ms): [6.01]
****** Fake: sleeping max time (ms) 6.01 cycles 9596925
****** Fake: sleeping batch size 1 single_input_size 602112 time (ms): [4.26]
****** Fake: sleeping max time (ms) 4.26 cycles 6809163
****** Fake: sleeping batch size 1 single_input_size 602112 time (ms): [8.92]
****** Fake: sleeping max time (ms) 8.92 cycles 14248223
****** Fake: sleeping batch size 1 single_input_size 602112 time (ms): [4.33]
****** Fake: sleeping max time (ms) 4.33 cycles 6913098
****** Fake: sleeping batch size 1 single_input_size 602112 time (ms): [10.49]
****** Fake: sleeping max time (ms) 10.49 cycles 16759168
****** Fake: sleeping batch size 1 single_input_size 602112 time (ms): [8.20]
****** Fake: sleeping max time (ms) 8.20 cycles 13090850
****** Fake: sleeping batch size 1 single_input_size 602112 time (ms): [9.15]
****** Fake: sleeping max time (ms) 9.15 cycles 14619957
GPU Clocks Changed: GPU0=1245
****** Fake: sleeping batch size 1 single_input_size 602112 time (ms): [10.63]
****** Fake: sleeping max time (ms) 10.63 cycles 16974992
****** Fake: sleeping batch size 1 single_input_size 602112 time (ms): [8.50]
****** Fake: sleeping max time (ms) 8.50 cycles 13571967
****** Fake: sleeping batch size 1 single_input_size 602112 time (ms): [8.84]
****** Fake: sleeping max time (ms) 8.84 cycles 14113330
****** Fake: sleeping batch size 1 single_input_size 602112 time (ms): [4.74]
****** Fake: sleeping max time (ms) 4.74 cycles 7577053
****** Fake: sleeping batch size 1 single_input_size 602112 time (ms): [7.97]
****** Fake: sleeping max time (ms) 7.97 cycles 12728637
****** Fake: sleeping batch size 1 single_input_size 602112 time (ms): [5.76]
****** Fake: sleeping max time (ms) 5.76 cycles 9195360
****** Fake: sleeping batch size 1 single_input_size 602112 time (ms): [7.36]
****** Fake: sleeping max time (ms) 7.36 cycles 11748673
****** Fake: sleeping batch size 1 single_input_size 602112 time (ms): [6.49]
****** Fake: sleeping max time (ms) 6.49 cycles 10362114
****** Fake: sleeping batch size 1 single_input_size 602112 time (ms): [5.18]
****** Fake: sleeping max time (ms) 5.18 cycles 8273281
****** Fake: sleeping batch size 1 single_input_size 602112 time (ms): [10.80]
****** Fake: sleeping max time (ms) 10.80 cycles 17253499
****** Fake: sleeping batch size 1 single_input_size 602112 time (ms): [6.29]
****** Fake: sleeping max time (ms) 6.29 cycles 10038830
****** Fake: sleeping batch size 1 single_input_size 602112 time (ms): [9.18]
****** Fake: sleeping max time (ms) 9.18 cycles 14661722
****** Fake: sleeping batch size 1 single_input_size 602112 time (ms): [8.16]
****** Fake: sleeping max time (ms) 8.16 cycles 13036155
****** Fake: sleeping batch size 1 single_input_size 602112 time (ms): [6.19]
****** Fake: sleeping max time (ms) 6.19 cycles 9882896
****** Fake: sleeping batch size 1 single_input_size 602112 time (ms): [9.51]
****** Fake: sleeping max time (ms) 9.51 cycles 15191694
****** Fake: sleeping batch size 1 single_input_size 602112 time (ms): [8.84]
****** Fake: sleeping max time (ms) 8.84 cycles 14110803
****** Fake: sleeping batch size 1 single_input_size 602112 time (ms): [6.05]
****** Fake: sleeping max time (ms) 6.05 cycles 9659310
****** Fake: sleeping batch size 1 single_input_size 602112 time (ms): [6.87]
****** Fake: sleeping max time (ms) 6.87 cycles 10976221
****** Fake: sleeping batch size 1 single_input_size 602112 time (ms): [7.11]
****** Fake: sleeping max time (ms) 7.11 cycles 11348730
****** Fake: sleeping batch size 1 single_input_size 602112 time (ms): [10.64]
****** Fake: sleeping max time (ms) 10.64 cycles 16998798
****** Fake: sleeping batch size 1 single_input_size 602112 time (ms): [8.61]
****** Fake: sleeping max time (ms) 8.61 cycles 13757339
****** Fake: sleeping batch size 1 single_input_size 602112 time (ms): [9.19]
****** Fake: sleeping max time (ms) 9.19 cycles 14682021
****** Fake: sleeping batch size 1 single_input_size 602112 time (ms): [7.45]
****** Fake: sleeping max time (ms) 7.45 cycles 11896368
****** Fake: sleeping batch size 1 single_input_size 602112 time (ms): [9.42]
****** Fake: sleeping max time (ms) 9.42 cycles 15036992
****** Fake: sleeping batch size 1 single_input_size 602112 time (ms): [6.91]
****** Fake: sleeping max time (ms) 6.91 cycles 11040546
****** Fake: sleeping batch size 1 single_input_size 602112 time (ms): [9.68]
****** Fake: sleeping max time (ms) 9.68 cycles 15460664
****** Fake: sleeping batch size 1 single_input_size 602112 time (ms): [8.87]
****** Fake: sleeping max time (ms) 8.87 cycles 14159881
****** Fake: sleeping batch size 1 single_input_size 602112 time (ms): [9.53]
****** Fake: sleeping max time (ms) 9.53 cycles 15212685
****** Fake: sleeping batch size 1 single_input_size 602112 time (ms): [7.73]
****** Fake: sleeping max time (ms) 7.73 cycles 12350716
****** Fake: sleeping batch size 1 single_input_size 602112 time (ms): [7.56]
****** Fake: sleeping max time (ms) 7.56 cycles 12076207
****** Fake: sleeping batch size 1 single_input_size 602112 time (ms): [5.03]
****** Fake: sleeping max time (ms) 5.03 cycles 8026924
****** Fake: sleeping batch size 1 single_input_size 602112 time (ms): [9.58]
****** Fake: sleeping max time (ms) 9.58 cycles 15306426
****** Fake: sleeping batch size 1 single_input_size 602112 time (ms): [9.79]
****** Fake: sleeping max time (ms) 9.79 cycles 15638917
****** Fake: sleeping batch size 1 single_input_size 602112 time (ms): [8.88]
****** Fake: sleeping max time (ms) 8.88 cycles 14181385
****** Fake: sleeping batch size 1 single_input_size 602112 time (ms): [8.03]
****** Fake: sleeping max time (ms) 8.03 cycles 12820011
****** Fake: sleeping batch size 1 single_input_size 602112 time (ms): [8.93]
****** Fake: sleeping max time (ms) 8.93 cycles 14264310
****** Fake: sleeping batch size 1 single_input_size 602112 time (ms): [8.58]
****** Fake: sleeping max time (ms) 8.58 cycles 13702419
****** Fake: sleeping batch size 1 single_input_size 602112 time (ms): [5.22]
****** Fake: sleeping max time (ms) 5.22 cycles 8330081
