22-04-16:17:21:12 INFO     [docker_container_manager.py:192] [default-cluster] Starting managed Redis instance in Docker
22-04-16:17:21:14 INFO     [docker_container_manager.py:294] [default-cluster] Metric Configuration Saved at /tmp/tmpgznt7xy_.yml
22-04-16:17:21:15 INFO     [clipper_admin.py:162] [default-cluster] Clipper is running
22-04-16:17:21:15 INFO     [clipper_admin.py:236] [default-cluster] Application fake-model was successfully registered
22-04-16:17:21:15 INFO     [deployer_utils.py:41] Saving function to /tmp/tmpt5uy1vjzclipper
22-04-16:17:21:15 INFO     [deployer_utils.py:51] Serialized and supplied predict function
22-04-16:17:21:15 INFO     [python.py:192] Python closure saved
22-04-16:17:21:15 INFO     [python.py:210] Using Python 3.7 base image
22-04-16:17:21:15 INFO     [clipper_admin.py:534] [default-cluster] Building model Docker image with model data from /tmp/tmpt5uy1vjzclipper
22-04-16:17:21:15 INFO     [clipper_admin.py:539] [default-cluster] Step 1/2 : FROM clipper/python37-closure-container:develop
22-04-16:17:21:15 INFO     [clipper_admin.py:539] [default-cluster]  ---> 2660542c0759
22-04-16:17:21:15 INFO     [clipper_admin.py:539] [default-cluster] Step 2/2 : COPY /tmp/tmpt5uy1vjzclipper /model/
22-04-16:17:21:15 INFO     [clipper_admin.py:539] [default-cluster]  ---> a1fa16b38b55
22-04-16:17:21:15 INFO     [clipper_admin.py:539] [default-cluster] Successfully built a1fa16b38b55
22-04-16:17:21:15 INFO     [clipper_admin.py:539] [default-cluster] Successfully tagged default-cluster-fake-model:1
22-04-16:17:21:15 INFO     [clipper_admin.py:541] [default-cluster] Pushing model Docker image to default-cluster-fake-model:1
22-04-16:17:21:15 INFO     [docker_container_manager.py:433] [default-cluster] Found 0 replicas for fake-model:1. Adding 1
22-04-16:17:21:16 INFO     [clipper_admin.py:724] [default-cluster] Successfully registered model fake-model:1
22-04-16:17:21:16 INFO     [clipper_admin.py:642] [default-cluster] Done deploying model fake-model:1.
22-04-16:17:21:16 INFO     [clipper_admin.py:303] [default-cluster] Model fake-model is now linked to application fake-model
INFO: waiting for ready to serve
INFO: waiting for ready to serve
INFO: waiting for ready to serve
INFO: waiting for ready to serve
INFO: ready to go
INFO: rock and roll
INFO: at 8.401 ms batch [45.315] delay 22.657 ms
INFO: at 8.401 ms fetching 45.315 ms
INFO: at 31.063 ms batch [45.315] delay 22.657 ms
INFO: at 31.063 ms fetching 45.315 ms
INFO: at 53.725 ms batch [45.315] delay 22.657 ms
INFO: at 53.725 ms fetching 45.315 ms
INFO: at 76.388 ms batch [45.315] delay 22.657 ms
INFO: at 76.388 ms fetching 45.315 ms
INFO: at 99.048 ms batch [45.315] delay 22.657 ms
INFO: at 99.048 ms fetching 45.315 ms
INFO: at 121.709 ms batch [45.315] delay 22.657 ms
INFO: at 121.709 ms fetching 45.315 ms
INFO: at 144.374 ms batch [45.315] delay 22.657 ms
INFO: at 144.374 ms fetching 45.315 ms
INFO: at 167.036 ms batch [45.315] delay 22.657 ms
INFO: at 167.036 ms fetching 45.315 ms
INFO: at 189.699 ms batch [45.315] delay 22.657 ms
INFO: at 189.699 ms fetching 45.315 ms
INFO: at 212.363 ms batch [45.315] delay 22.657 ms
INFO: at 212.363 ms fetching 45.315 ms
INFO: at 235.027 ms batch [45.315] delay 28.322 ms
INFO: at 235.027 ms fetching 45.315 ms
INFO: at 263.357 ms batch [45.315] delay 28.322 ms
INFO: at 263.357 ms fetching 45.315 ms
INFO: at 291.682 ms batch [45.315] delay 28.322 ms
INFO: at 291.682 ms fetching 45.315 ms
INFO: at 320.008 ms batch [45.315] delay 28.322 ms
INFO: at 320.008 ms fetching 45.315 ms
INFO: at 348.335 ms batch [45.315] delay 28.322 ms
INFO: at 348.335 ms fetching 45.315 ms
INFO: at 376.663 ms batch [45.315] delay 28.322 ms
INFO: at 376.663 ms fetching 45.315 ms
INFO: at 404.989 ms batch [45.315] delay 28.322 ms
INFO: at 404.989 ms fetching 45.315 ms
INFO: at 433.316 ms batch [45.315] delay 28.322 ms
INFO: at 433.316 ms fetching 45.315 ms
INFO: at 461.644 ms batch [45.315] delay 18.881 ms
INFO: at 461.644 ms fetching 45.315 ms
INFO: at 480.529 ms batch [45.315] delay 18.881 ms
INFO: at 480.529 ms fetching 45.315 ms
INFO: at 499.413 ms batch [45.315] delay 18.881 ms
INFO: at 499.413 ms fetching 45.315 ms
INFO: at 518.298 ms batch [45.315] delay 18.881 ms
INFO: at 518.298 ms fetching 45.315 ms
INFO: at 537.185 ms batch [45.315] delay 18.881 ms
INFO: at 537.185 ms fetching 45.315 ms
INFO: at 556.071 ms batch [45.315] delay 18.881 ms
INFO: at 556.071 ms fetching 45.315 ms
INFO: at 574.955 ms batch [45.315] delay 18.881 ms
INFO: at 574.955 ms fetching 45.315 ms
INFO: at 593.841 ms batch [45.315] delay 18.881 ms
INFO: at 593.841 ms fetching 45.315 ms
INFO: at 612.727 ms batch [45.315] delay 18.881 ms
INFO: at 612.727 ms fetching 45.315 ms
INFO: at 631.614 ms batch [45.315] delay 18.881 ms
INFO: at 631.614 ms fetching 45.315 ms
INFO: at 650.498 ms batch [45.315] delay 18.881 ms
INFO: at 650.498 ms fetching 45.315 ms
INFO: at 669.383 ms batch [45.315] delay 18.881 ms
INFO: at 669.383 ms fetching 45.315 ms
INFO: at 688.270 ms batch [45.315] delay 15.105 ms
INFO: at 688.270 ms fetching 45.315 ms
INFO: at 703.378 ms batch [45.315] delay 15.105 ms
INFO: at 703.378 ms fetching 45.315 ms
INFO: at 718.487 ms batch [45.315] delay 15.105 ms
INFO: at 718.487 ms fetching 45.315 ms
INFO: at 733.594 ms batch [45.315] delay 15.105 ms
INFO: at 733.594 ms fetching 45.315 ms
INFO: at 748.754 ms batch [45.315] delay 15.105 ms
INFO: at 748.754 ms fetching 45.315 ms
INFO: at 763.861 ms batch [45.315] delay 15.105 ms
INFO: at 763.861 ms fetching 45.315 ms
INFO: at 778.969 ms batch [45.315] delay 15.105 ms
INFO: at 778.969 ms fetching 45.315 ms
INFO: at 794.077 ms batch [45.315] delay 15.105 ms
INFO: at 794.077 ms fetching 45.315 ms
INFO: at 809.184 ms batch [45.315] delay 15.105 ms
INFO: at 809.184 ms fetching 45.315 ms
INFO: at 824.292 ms batch [45.315] delay 15.105 ms
INFO: at 824.292 ms fetching 45.315 ms
INFO: at 839.401 ms batch [45.315] delay 15.105 ms
INFO: at 839.401 ms fetching 45.315 ms
INFO: at 854.508 ms batch [45.315] delay 15.105 ms
INFO: at 854.508 ms fetching 45.315 ms
INFO: at 869.632 ms batch [45.315] delay 15.105 ms
INFO: at 869.632 ms fetching 45.315 ms
INFO: at 884.739 ms batch [45.315] delay 15.105 ms
INFO: at 884.739 ms fetching 45.315 ms
INFO: at 899.847 ms batch [45.315] delay 15.105 ms
INFO: at 899.847 ms fetching 45.315 ms
INFO: at 914.955 ms batch [45.315] delay 25.175 ms
INFO: at 914.955 ms fetching 45.315 ms
INFO: at 940.133 ms batch [45.315] delay 25.175 ms
INFO: at 940.133 ms fetching 45.315 ms
INFO: at 965.313 ms batch [45.315] delay 25.175 ms
INFO: at 965.313 ms fetching 45.315 ms
INFO: at 990.493 ms batch [45.315] delay 25.175 ms
INFO: at 990.493 ms fetching 45.315 ms
INFO: at 1015.671 ms batch [45.315] delay 25.175 ms
INFO: at 1015.671 ms fetching 45.315 ms
INFO: at 1040.852 ms batch [45.315] delay 25.175 ms
INFO: at 1040.852 ms fetching 45.315 ms
INFO: at 1066.033 ms batch [45.315] delay 25.175 ms
INFO: at 1066.033 ms fetching 45.315 ms
INFO: at 1091.223 ms batch [45.315] delay 25.175 ms
INFO: at 1091.223 ms fetching 45.315 ms
INFO: at 1116.405 ms batch [45.315] delay 25.175 ms
INFO: at 1116.405 ms fetching 45.315 ms
INFO: at 1141.586 ms batch [45.315] delay 22.657 ms
INFO: at 1141.586 ms fetching 45.315 ms
INFO: at 1164.250 ms batch [45.315] delay 22.657 ms
INFO: at 1164.250 ms fetching 45.315 ms
INFO: at 1186.911 ms batch [45.315] delay 22.657 ms
INFO: at 1186.911 ms fetching 45.315 ms
INFO: at 1209.573 ms batch [45.315] delay 22.657 ms
INFO: at 1209.573 ms fetching 45.315 ms
INFO: at 1232.243 ms batch [45.315] delay 22.657 ms
INFO: at 1232.243 ms fetching 45.315 ms
INFO: at 1254.908 ms batch [45.315] delay 22.657 ms
INFO: at 1254.908 ms fetching 45.315 ms
INFO: at 1277.572 ms batch [45.315] delay 22.657 ms
INFO: at 1277.572 ms fetching 45.315 ms
INFO: at 1300.234 ms batch [45.315] delay 22.657 ms
INFO: at 1300.234 ms fetching 45.315 ms
INFO: at 1322.897 ms batch [45.315] delay 22.657 ms
INFO: at 1322.897 ms fetching 45.315 ms
INFO: at 1345.561 ms batch [45.315] delay 22.657 ms
INFO: at 1345.561 ms fetching 45.315 ms
INFO: at 1368.222 ms batch [45.315] delay 20.598 ms
INFO: at 1368.222 ms fetching 45.315 ms
INFO: at 1388.823 ms batch [45.315] delay 20.598 ms
INFO: at 1388.823 ms fetching 45.315 ms
INFO: at 1409.425 ms batch [45.315] delay 20.598 ms
INFO: at 1409.425 ms fetching 45.315 ms
INFO: at 1430.026 ms batch [45.315] delay 20.598 ms
INFO: at 1430.026 ms fetching 45.315 ms
INFO: at 1450.626 ms batch [45.315] delay 20.598 ms
INFO: at 1450.626 ms fetching 45.315 ms
INFO: at 1471.228 ms batch [45.315] delay 20.598 ms
INFO: at 1471.228 ms fetching 45.315 ms
INFO: at 1491.829 ms batch [45.315] delay 20.598 ms
INFO: at 1491.829 ms fetching 45.315 ms
INFO: at 1512.431 ms batch [45.315] delay 20.598 ms
INFO: at 1512.431 ms fetching 45.315 ms
INFO: at 1533.031 ms batch [45.315] delay 20.598 ms
INFO: at 1533.031 ms fetching 45.315 ms
INFO: at 1553.645 ms batch [45.315] delay 20.598 ms
INFO: at 1553.645 ms fetching 45.315 ms
INFO: at 1574.247 ms batch [45.315] delay 20.598 ms
INFO: at 1574.247 ms fetching 45.315 ms
INFO: at 1594.848 ms batch [45.315] delay 25.175 ms
INFO: at 1594.848 ms fetching 45.315 ms
INFO: at 1620.027 ms batch [45.315] delay 25.175 ms
INFO: at 1620.027 ms fetching 45.315 ms
INFO: at 1645.205 ms batch [45.315] delay 25.175 ms
INFO: at 1645.205 ms fetching 45.315 ms
INFO: at 1670.385 ms batch [45.315] delay 25.175 ms
INFO: at 1670.385 ms fetching 45.315 ms
INFO: at 1695.564 ms batch [45.315] delay 25.175 ms
INFO: at 1695.564 ms fetching 45.315 ms
INFO: at 1720.743 ms batch [45.315] delay 25.175 ms
INFO: at 1720.743 ms fetching 45.315 ms
INFO: at 1745.923 ms batch [45.315] delay 25.175 ms
INFO: at 1745.923 ms fetching 45.315 ms
INFO: at 1771.100 ms batch [45.315] delay 25.175 ms
INFO: at 1771.100 ms fetching 45.315 ms
INFO: at 1796.280 ms batch [45.315] delay 25.175 ms
INFO: at 1796.280 ms fetching 45.315 ms
INFO: at 1821.473 ms batch [45.315] delay 22.657 ms
INFO: at 1821.473 ms fetching 45.315 ms
INFO: at 1844.133 ms batch [45.315] delay 22.657 ms
INFO: at 1844.133 ms fetching 45.315 ms
INFO: at 1866.794 ms batch [45.315] delay 22.657 ms
INFO: at 1866.794 ms fetching 45.315 ms
INFO: at 1889.455 ms batch [45.315] delay 22.657 ms
INFO: at 1889.455 ms fetching 45.315 ms
INFO: at 1912.117 ms batch [45.315] delay 22.657 ms
INFO: at 1912.117 ms fetching 45.315 ms
INFO: at 1934.778 ms batch [45.315] delay 22.657 ms
INFO: at 1934.778 ms fetching 45.315 ms
INFO: at 1957.439 ms batch [45.315] delay 22.657 ms
INFO: at 1957.439 ms fetching 45.315 ms
INFO: at 1980.100 ms batch [45.315] delay 22.657 ms
INFO: at 1980.100 ms fetching 45.315 ms
INFO: at 2002.767 ms batch [45.315] delay 22.657 ms
INFO: at 2002.767 ms fetching 45.315 ms
INFO: at 2025.428 ms batch [45.315] delay 22.657 ms
INFO: at 2025.428 ms fetching 45.315 ms
INFO: at 2048.089 ms batch [45.315] delay 20.598 ms
INFO: at 2048.089 ms fetching 45.315 ms
INFO: at 2068.690 ms batch [45.315] delay 20.598 ms
INFO: at 2068.690 ms fetching 45.315 ms
INFO: at 2089.291 ms batch [45.315] delay 20.598 ms
INFO: at 2089.291 ms fetching 45.315 ms
INFO: at 2109.892 ms batch [45.315] delay 20.598 ms
INFO: at 2109.892 ms fetching 45.315 ms
INFO: at 2130.493 ms batch [45.315] delay 20.598 ms
INFO: at 2130.493 ms fetching 45.315 ms
INFO: at 2151.094 ms batch [45.315] delay 20.598 ms
INFO: at 2151.094 ms fetching 45.315 ms
INFO: at 2171.695 ms batch [45.315] delay 20.598 ms
INFO: at 2171.695 ms fetching 45.315 ms
INFO: at 2192.296 ms batch [45.315] delay 20.598 ms
INFO: at 2192.296 ms fetching 45.315 ms
INFO: at 2212.897 ms batch [45.315] delay 20.598 ms
INFO: at 2212.897 ms fetching 45.315 ms
INFO: at 2233.498 ms batch [45.315] delay 20.598 ms
INFO: at 2233.498 ms fetching 45.315 ms
INFO: at 2254.100 ms batch [45.315] delay 20.598 ms
INFO: at 2254.100 ms fetching 45.315 ms
INFO: at 2274.700 ms batch [45.315] delay 22.657 ms
INFO: at 2274.700 ms fetching 45.315 ms
INFO: at 2297.362 ms batch [45.315] delay 22.657 ms
INFO: at 2297.362 ms fetching 45.315 ms
INFO: at 2320.024 ms batch [45.315] delay 22.657 ms
INFO: at 2320.024 ms fetching 45.315 ms
INFO: at 2342.684 ms batch [45.315] delay 22.657 ms
INFO: at 2342.684 ms fetching 45.315 ms
INFO: at 2365.346 ms batch [45.315] delay 22.657 ms
INFO: at 2365.346 ms fetching 45.315 ms
INFO: at 2388.008 ms batch [45.315] delay 22.657 ms
INFO: at 2388.008 ms fetching 45.315 ms
INFO: at 2410.669 ms batch [45.315] delay 22.657 ms
INFO: at 2410.669 ms fetching 45.315 ms
INFO: at 2433.329 ms batch [45.315] delay 22.657 ms
INFO: at 2433.329 ms fetching 45.315 ms
INFO: at 2455.990 ms batch [45.315] delay 22.657 ms
INFO: at 2455.990 ms fetching 45.315 ms
INFO: at 2478.651 ms batch [45.315] delay 22.657 ms
INFO: at 2478.651 ms fetching 45.315 ms
INFO: at 2501.312 ms batch [45.315] delay 18.881 ms
INFO: at 2501.312 ms fetching 45.315 ms
INFO: at 2520.197 ms batch [45.315] delay 18.881 ms
INFO: at 2520.197 ms fetching 45.315 ms
INFO: at 2539.082 ms batch [45.315] delay 18.881 ms
INFO: at 2539.082 ms fetching 45.315 ms
INFO: at 2557.974 ms batch [45.315] delay 18.881 ms
INFO: at 2557.974 ms fetching 45.315 ms
INFO: at 2576.859 ms batch [45.315] delay 18.881 ms
INFO: at 2576.859 ms fetching 45.315 ms
INFO: at 2595.744 ms batch [45.315] delay 18.881 ms
INFO: at 2595.744 ms fetching 45.315 ms
INFO: at 2614.628 ms batch [45.315] delay 18.881 ms
INFO: at 2614.628 ms fetching 45.315 ms
INFO: at 2633.513 ms batch [45.315] delay 18.881 ms
INFO: at 2633.513 ms fetching 45.315 ms
INFO: at 2652.398 ms batch [45.315] delay 18.881 ms
INFO: at 2652.398 ms fetching 45.315 ms
INFO: at 2671.281 ms batch [45.315] delay 18.881 ms
INFO: at 2671.281 ms fetching 45.315 ms
INFO: at 2690.167 ms batch [45.315] delay 18.881 ms
INFO: at 2690.167 ms fetching 45.315 ms
INFO: at 2709.050 ms batch [45.315] delay 18.881 ms
INFO: at 2709.050 ms fetching 45.315 ms
INFO: at 2727.936 ms batch [45.315] delay 22.657 ms
INFO: at 2727.936 ms fetching 45.315 ms
INFO: at 2750.596 ms batch [45.315] delay 22.657 ms
INFO: at 2750.596 ms fetching 45.315 ms
INFO: at 2773.257 ms batch [45.315] delay 22.657 ms
INFO: at 2773.257 ms fetching 45.315 ms
INFO: at 2795.919 ms batch [45.315] delay 22.657 ms
INFO: at 2795.919 ms fetching 45.315 ms
INFO: at 2818.579 ms batch [45.315] delay 22.657 ms
INFO: at 2818.579 ms fetching 45.315 ms
INFO: at 2841.241 ms batch [45.315] delay 22.657 ms
INFO: at 2841.241 ms fetching 45.315 ms
INFO: at 2863.902 ms batch [45.315] delay 22.657 ms
INFO: at 2863.902 ms fetching 45.315 ms
INFO: at 2886.564 ms batch [45.315] delay 22.657 ms
INFO: at 2886.564 ms fetching 45.315 ms
INFO: at 2909.225 ms batch [45.315] delay 22.657 ms
INFO: at 2909.225 ms fetching 45.315 ms
INFO: at 2931.886 ms batch [45.315] delay 22.657 ms
INFO: at 2931.886 ms fetching 45.315 ms
INFO: at 2954.547 ms batch [45.315] delay 20.598 ms
INFO: at 2954.547 ms fetching 45.315 ms
INFO: at 2975.149 ms batch [45.315] delay 20.598 ms
INFO: at 2975.149 ms fetching 45.315 ms
INFO: at 2995.750 ms batch [45.315] delay 20.598 ms
INFO: at 2995.750 ms fetching 45.315 ms
INFO: at 3016.351 ms batch [45.315] delay 20.598 ms
INFO: at 3016.351 ms fetching 45.315 ms
INFO: at 3036.952 ms batch [45.315] delay 20.598 ms
INFO: at 3036.952 ms fetching 45.315 ms
INFO: at 3057.553 ms batch [45.315] delay 20.598 ms
INFO: at 3057.553 ms fetching 45.315 ms
INFO: at 3078.155 ms batch [45.315] delay 20.598 ms
INFO: at 3078.155 ms fetching 45.315 ms
INFO: at 3098.758 ms batch [45.315] delay 20.598 ms
INFO: at 3098.758 ms fetching 45.315 ms
INFO: at 3119.360 ms batch [45.315] delay 20.598 ms
INFO: at 3119.360 ms fetching 45.315 ms
INFO: at 3139.961 ms batch [45.315] delay 20.598 ms
INFO: at 3139.961 ms fetching 45.315 ms
INFO: at 3160.563 ms batch [45.315] delay 20.598 ms
INFO: at 3160.563 ms fetching 45.315 ms
INFO: at 3181.164 ms batch [45.315] delay 25.175 ms
INFO: at 3181.164 ms fetching 45.315 ms
INFO: at 3206.342 ms batch [45.315] delay 25.175 ms
INFO: at 3206.342 ms fetching 45.315 ms
INFO: at 3231.520 ms batch [45.315] delay 25.175 ms
INFO: at 3231.520 ms fetching 45.315 ms
INFO: at 3256.699 ms batch [45.315] delay 25.175 ms
INFO: at 3256.699 ms fetching 45.315 ms
INFO: at 3281.878 ms batch [45.315] delay 25.175 ms
INFO: at 3281.878 ms fetching 45.315 ms
INFO: at 3307.056 ms batch [45.315] delay 25.175 ms
INFO: at 3307.056 ms fetching 45.315 ms
INFO: at 3332.236 ms batch [45.315] delay 25.175 ms
INFO: at 3332.236 ms fetching 45.315 ms
INFO: at 3357.419 ms batch [45.315] delay 25.175 ms
INFO: at 3357.419 ms fetching 45.315 ms
INFO: at 3382.597 ms batch [45.315] delay 25.175 ms
INFO: at 3382.597 ms fetching 45.315 ms
INFO: at 3407.776 ms batch [45.315] delay 17.429 ms
INFO: at 3407.776 ms fetching 45.315 ms
INFO: at 3425.207 ms batch [45.315] delay 17.429 ms
INFO: at 3425.207 ms fetching 45.315 ms
INFO: at 3442.640 ms batch [45.315] delay 17.429 ms
INFO: at 3442.640 ms fetching 45.315 ms
INFO: at 3460.071 ms batch [45.315] delay 17.429 ms
INFO: at 3460.071 ms fetching 45.315 ms
INFO: at 3477.503 ms batch [45.315] delay 17.429 ms
INFO: at 3477.503 ms fetching 45.315 ms
INFO: at 3494.935 ms batch [45.315] delay 17.429 ms
INFO: at 3494.935 ms fetching 45.315 ms
INFO: at 3512.366 ms batch [45.315] delay 17.429 ms
INFO: at 3512.366 ms fetching 45.315 ms
INFO: at 3529.798 ms batch [45.315] delay 17.429 ms
INFO: at 3529.798 ms fetching 45.315 ms
INFO: at 3547.229 ms batch [45.315] delay 17.429 ms
INFO: at 3547.229 ms fetching 45.315 ms
INFO: at 3564.662 ms batch [45.315] delay 17.429 ms
INFO: at 3564.662 ms fetching 45.315 ms
INFO: at 3582.094 ms batch [45.315] delay 17.429 ms
INFO: at 3582.094 ms fetching 45.315 ms
INFO: at 3599.525 ms batch [45.315] delay 17.429 ms
INFO: at 3599.525 ms fetching 45.315 ms
INFO: at 3616.957 ms batch [45.315] delay 17.429 ms
INFO: at 3616.957 ms fetching 45.315 ms
INFO: at 3634.388 ms batch [45.315] delay 25.175 ms
INFO: at 3634.388 ms fetching 45.315 ms
INFO: at 3659.568 ms batch [45.315] delay 25.175 ms
INFO: at 3659.568 ms fetching 45.315 ms
INFO: at 3684.747 ms batch [45.315] delay 25.175 ms
INFO: at 3684.747 ms fetching 45.315 ms
INFO: at 3709.925 ms batch [45.315] delay 25.175 ms
INFO: at 3709.925 ms fetching 45.315 ms
INFO: at 3735.106 ms batch [45.315] delay 25.175 ms
INFO: at 3735.106 ms fetching 45.315 ms
INFO: at 3760.284 ms batch [45.315] delay 25.175 ms
INFO: at 3760.284 ms fetching 45.315 ms
INFO: at 3785.465 ms batch [45.315] delay 25.175 ms
INFO: at 3785.465 ms fetching 45.315 ms
INFO: at 3810.645 ms batch [45.315] delay 25.175 ms
INFO: at 3810.645 ms fetching 45.315 ms
INFO: at 3835.824 ms batch [45.315] delay 25.175 ms
INFO: at 3835.824 ms fetching 45.315 ms
INFO: at 3861.005 ms batch [45.315] delay 37.762 ms
INFO: at 3861.005 ms fetching 45.315 ms
INFO: at 3898.772 ms batch [45.315] delay 37.762 ms
INFO: at 3898.772 ms fetching 45.315 ms
INFO: at 3936.538 ms batch [45.315] delay 37.762 ms
INFO: at 3936.538 ms fetching 45.315 ms
INFO: at 3974.306 ms batch [45.315] delay 37.762 ms
INFO: at 3974.306 ms fetching 45.315 ms
INFO: at 4012.073 ms batch [45.315] delay 37.762 ms
INFO: at 4012.073 ms fetching 45.315 ms
INFO: at 4049.840 ms batch [45.315] delay 37.762 ms
INFO: at 4049.840 ms fetching 45.315 ms
INFO: at 4087.606 ms batch [45.315] delay 25.175 ms
INFO: at 4087.606 ms fetching 45.315 ms
INFO: at 4112.786 ms batch [45.315] delay 25.175 ms
INFO: at 4112.786 ms fetching 45.315 ms
INFO: at 4137.965 ms batch [45.315] delay 25.175 ms
INFO: at 4137.965 ms fetching 45.315 ms
INFO: at 4163.143 ms batch [45.315] delay 25.175 ms
INFO: at 4163.143 ms fetching 45.315 ms
INFO: at 4188.322 ms batch [45.315] delay 25.175 ms
INFO: at 4188.322 ms fetching 45.315 ms
INFO: at 4213.501 ms batch [45.315] delay 25.175 ms
INFO: at 4213.501 ms fetching 45.315 ms
INFO: at 4238.679 ms batch [45.315] delay 25.175 ms
INFO: at 4238.679 ms fetching 45.315 ms
INFO: at 4263.859 ms batch [45.315] delay 25.175 ms
INFO: at 4263.859 ms fetching 45.315 ms
INFO: at 4289.039 ms batch [45.315] delay 25.175 ms
INFO: at 4289.039 ms fetching 45.315 ms
INFO: at 4314.219 ms batch [45.315] delay 25.175 ms
INFO: at 4314.219 ms fetching 45.315 ms
INFO: at 4339.400 ms batch [45.315] delay 25.175 ms
INFO: at 4339.400 ms fetching 45.315 ms
INFO: at 4364.579 ms batch [45.315] delay 25.175 ms
INFO: at 4364.579 ms fetching 45.315 ms
INFO: at 4389.759 ms batch [45.315] delay 25.175 ms
INFO: at 4389.759 ms fetching 45.315 ms
INFO: at 4414.937 ms batch [45.315] delay 25.175 ms
INFO: at 4414.937 ms fetching 45.315 ms
INFO: at 4440.118 ms batch [45.315] delay 25.175 ms
INFO: at 4440.118 ms fetching 45.315 ms
INFO: at 4465.299 ms batch [45.315] delay 25.175 ms
INFO: at 4465.299 ms fetching 45.315 ms
INFO: at 4490.480 ms batch [45.315] delay 25.175 ms
INFO: at 4490.480 ms fetching 45.315 ms
INFO: at 4515.659 ms batch [45.315] delay 25.175 ms
INFO: at 4515.659 ms fetching 45.315 ms
INFO: at 4540.840 ms batch [45.315] delay 37.762 ms
INFO: at 4540.840 ms fetching 45.315 ms
INFO: at 4578.605 ms batch [45.315] delay 37.762 ms
INFO: at 4578.605 ms fetching 45.315 ms
INFO: at 4616.372 ms batch [45.315] delay 37.762 ms
INFO: at 4616.372 ms fetching 45.315 ms
INFO: at 4654.140 ms batch [45.315] delay 37.762 ms
INFO: at 4654.140 ms fetching 45.315 ms
INFO: at 4691.907 ms batch [45.315] delay 37.762 ms
INFO: at 4691.907 ms fetching 45.315 ms
INFO: at 4729.673 ms batch [45.315] delay 37.762 ms
INFO: at 4729.673 ms fetching 45.315 ms
INFO: at 4767.440 ms batch [45.315] delay 20.598 ms
INFO: at 4767.440 ms fetching 45.315 ms
INFO: at 4788.044 ms batch [45.315] delay 20.598 ms
INFO: at 4788.044 ms fetching 45.315 ms
INFO: at 4808.646 ms batch [45.315] delay 20.598 ms
INFO: at 4808.646 ms fetching 45.315 ms
INFO: at 4829.249 ms batch [45.315] delay 20.598 ms
INFO: at 4829.249 ms fetching 45.315 ms
INFO: at 4849.849 ms batch [45.315] delay 20.598 ms
INFO: at 4849.849 ms fetching 45.315 ms
INFO: at 4870.451 ms batch [45.315] delay 20.598 ms
INFO: at 4870.451 ms fetching 45.315 ms
INFO: at 4891.054 ms batch [45.315] delay 20.598 ms
INFO: at 4891.054 ms fetching 45.315 ms
INFO: at 4911.657 ms batch [45.315] delay 20.598 ms
INFO: at 4911.657 ms fetching 45.315 ms
INFO: at 4932.259 ms batch [45.315] delay 20.598 ms
INFO: at 4932.259 ms fetching 45.315 ms
INFO: at 4952.863 ms batch [45.315] delay 20.598 ms
INFO: at 4952.863 ms fetching 45.315 ms
INFO: at 4973.472 ms batch [45.315] delay 20.598 ms
INFO: at 4973.472 ms fetching 45.315 ms
INFO: at 4994.074 ms batch [45.315] delay 22.657 ms
INFO: at 4994.074 ms fetching 45.315 ms
INFO: at 5016.736 ms batch [45.315] delay 22.657 ms
INFO: at 5016.736 ms fetching 45.315 ms
INFO: at 5039.398 ms batch [45.315] delay 22.657 ms
INFO: at 5039.398 ms fetching 45.315 ms
INFO: at 5062.061 ms batch [45.315] delay 22.657 ms
INFO: at 5062.061 ms fetching 45.315 ms
INFO: at 5084.723 ms batch [45.315] delay 22.657 ms
INFO: at 5084.723 ms fetching 45.315 ms
INFO: at 5107.386 ms batch [45.315] delay 22.657 ms
INFO: at 5107.386 ms fetching 45.315 ms
INFO: at 5130.047 ms batch [45.315] delay 22.657 ms
INFO: at 5130.047 ms fetching 45.315 ms
INFO: at 5152.710 ms batch [45.315] delay 22.657 ms
INFO: at 5152.710 ms fetching 45.315 ms
INFO: at 5175.373 ms batch [45.315] delay 22.657 ms
INFO: at 5175.373 ms fetching 45.315 ms
INFO: at 5198.035 ms batch [45.315] delay 22.657 ms
INFO: at 5198.035 ms fetching 45.315 ms
INFO: at 5220.697 ms batch [45.315] delay 20.598 ms
INFO: at 5220.697 ms fetching 45.315 ms
INFO: at 5241.300 ms batch [45.315] delay 20.598 ms
INFO: at 5241.300 ms fetching 45.315 ms
INFO: at 5261.902 ms batch [45.315] delay 20.598 ms
INFO: at 5261.902 ms fetching 45.315 ms
INFO: at 5282.505 ms batch [45.315] delay 20.598 ms
INFO: at 5282.505 ms fetching 45.315 ms
INFO: at 5303.108 ms batch [45.315] delay 20.598 ms
INFO: at 5303.108 ms fetching 45.315 ms
INFO: at 5323.711 ms batch [45.315] delay 20.598 ms
INFO: at 5323.711 ms fetching 45.315 ms
INFO: at 5344.315 ms batch [45.315] delay 20.598 ms
INFO: at 5344.315 ms fetching 45.315 ms
INFO: at 5364.918 ms batch [45.315] delay 20.598 ms
INFO: at 5364.918 ms fetching 45.315 ms
INFO: at 5385.521 ms batch [45.315] delay 20.598 ms
INFO: at 5385.521 ms fetching 45.315 ms
INFO: at 5406.123 ms batch [45.315] delay 20.598 ms
INFO: at 5406.123 ms fetching 45.315 ms
INFO: at 5426.724 ms batch [45.315] delay 20.598 ms
INFO: at 5426.724 ms fetching 45.315 ms
INFO: at 5447.325 ms batch [45.315] delay 20.598 ms
INFO: at 5447.325 ms fetching 45.315 ms
INFO: at 5467.929 ms batch [45.315] delay 20.598 ms
INFO: at 5467.929 ms fetching 45.315 ms
INFO: at 5488.531 ms batch [45.315] delay 20.598 ms
INFO: at 5488.531 ms fetching 45.315 ms
INFO: at 5509.134 ms batch [45.315] delay 20.598 ms
INFO: at 5509.134 ms fetching 45.315 ms
INFO: at 5529.737 ms batch [45.315] delay 20.598 ms
INFO: at 5529.737 ms fetching 45.315 ms
INFO: at 5550.341 ms batch [45.315] delay 20.598 ms
INFO: at 5550.341 ms fetching 45.315 ms
INFO: at 5570.943 ms batch [45.315] delay 20.598 ms
INFO: at 5570.943 ms fetching 45.315 ms
INFO: at 5591.545 ms batch [45.315] delay 20.598 ms
INFO: at 5591.545 ms fetching 45.315 ms
INFO: at 5612.147 ms batch [45.315] delay 20.598 ms
INFO: at 5612.147 ms fetching 45.315 ms
INFO: at 5632.750 ms batch [45.315] delay 20.598 ms
INFO: at 5632.750 ms fetching 45.315 ms
INFO: at 5653.354 ms batch [45.315] delay 20.598 ms
INFO: at 5653.354 ms fetching 45.315 ms
INFO: at 5673.956 ms batch [45.315] delay 16.184 ms
INFO: at 5673.956 ms fetching 45.315 ms
INFO: at 5690.142 ms batch [45.315] delay 16.184 ms
INFO: at 5690.142 ms fetching 45.315 ms
INFO: at 5706.332 ms batch [45.315] delay 16.184 ms
INFO: at 5706.332 ms fetching 45.315 ms
INFO: at 5722.518 ms batch [45.315] delay 16.184 ms
INFO: at 5722.518 ms fetching 45.315 ms
INFO: at 5738.706 ms batch [45.315] delay 16.184 ms
INFO: at 5738.706 ms fetching 45.315 ms
INFO: at 5754.892 ms batch [45.315] delay 16.184 ms
INFO: at 5754.892 ms fetching 45.315 ms
INFO: at 5771.080 ms batch [45.315] delay 16.184 ms
INFO: at 5771.080 ms fetching 45.315 ms
INFO: at 5787.267 ms batch [45.315] delay 16.184 ms
INFO: at 5787.267 ms fetching 45.315 ms
INFO: at 5803.454 ms batch [45.315] delay 16.184 ms
INFO: at 5803.454 ms fetching 45.315 ms
INFO: at 5819.641 ms batch [45.315] delay 16.184 ms
INFO: at 5819.641 ms fetching 45.315 ms
INFO: at 5835.828 ms batch [45.315] delay 16.184 ms
INFO: at 5835.828 ms fetching 45.315 ms
INFO: at 5852.015 ms batch [45.315] delay 16.184 ms
INFO: at 5852.015 ms fetching 45.315 ms
INFO: at 5868.201 ms batch [45.315] delay 16.184 ms
INFO: at 5868.201 ms fetching 45.315 ms
INFO: at 5884.394 ms batch [45.315] delay 16.184 ms
INFO: at 5884.394 ms fetching 45.315 ms
INFO: at 5900.581 ms batch [45.315] delay 22.657 ms
INFO: at 5900.581 ms fetching 45.315 ms
INFO: at 5923.243 ms batch [45.315] delay 22.657 ms
INFO: at 5923.243 ms fetching 45.315 ms
INFO: at 5945.905 ms batch [45.315] delay 22.657 ms
INFO: at 5945.905 ms fetching 45.315 ms
INFO: at 5968.568 ms batch [45.315] delay 22.657 ms
INFO: at 5968.568 ms fetching 45.315 ms
INFO: at 5991.230 ms batch [45.315] delay 22.657 ms
INFO: at 5991.230 ms fetching 45.315 ms
INFO: at 6013.892 ms batch [45.315] delay 22.657 ms
INFO: at 6013.892 ms fetching 45.315 ms
INFO: at 6036.556 ms batch [45.315] delay 22.657 ms
INFO: at 6036.556 ms fetching 45.315 ms
INFO: at 6059.218 ms batch [45.315] delay 22.657 ms
INFO: at 6059.218 ms fetching 45.315 ms
INFO: at 6081.880 ms batch [45.315] delay 22.657 ms
INFO: at 6081.880 ms fetching 45.315 ms
INFO: at 6104.543 ms batch [45.315] delay 22.657 ms
INFO: at 6104.543 ms fetching 45.315 ms
INFO: at 6127.205 ms batch [45.315] delay 18.881 ms
INFO: at 6127.205 ms fetching 45.315 ms
INFO: at 6146.092 ms batch [45.315] delay 18.881 ms
INFO: at 6146.092 ms fetching 45.315 ms
INFO: at 6164.978 ms batch [45.315] delay 18.881 ms
INFO: at 6164.978 ms fetching 45.315 ms
INFO: at 6183.862 ms batch [45.315] delay 18.881 ms
INFO: at 6183.862 ms fetching 45.315 ms
INFO: at 6202.748 ms batch [45.315] delay 18.881 ms
INFO: at 6202.748 ms fetching 45.315 ms
INFO: at 6221.634 ms batch [45.315] delay 18.881 ms
INFO: at 6221.634 ms fetching 45.315 ms
INFO: at 6240.526 ms batch [45.315] delay 18.881 ms
INFO: at 6240.526 ms fetching 45.315 ms
INFO: at 6259.411 ms batch [45.315] delay 18.881 ms
INFO: at 6259.411 ms fetching 45.315 ms
INFO: at 6278.295 ms batch [45.315] delay 18.881 ms
INFO: at 6278.295 ms fetching 45.315 ms
INFO: at 6297.180 ms batch [45.315] delay 18.881 ms
INFO: at 6297.180 ms fetching 45.315 ms
INFO: at 6316.067 ms batch [45.315] delay 18.881 ms
INFO: at 6316.067 ms fetching 45.315 ms
INFO: at 6334.951 ms batch [45.315] delay 18.881 ms
INFO: at 6334.951 ms fetching 45.315 ms
INFO: at 6353.837 ms batch [45.315] delay 22.657 ms
INFO: at 6353.837 ms fetching 45.315 ms
INFO: at 6376.500 ms batch [45.315] delay 22.657 ms
INFO: at 6376.500 ms fetching 45.315 ms
INFO: at 6399.165 ms batch [45.315] delay 22.657 ms
INFO: at 6399.165 ms fetching 45.315 ms
INFO: at 6421.828 ms batch [45.315] delay 22.657 ms
INFO: at 6421.828 ms fetching 45.315 ms
INFO: at 6444.491 ms batch [45.315] delay 22.657 ms
INFO: at 6444.491 ms fetching 45.315 ms
INFO: at 6467.156 ms batch [45.315] delay 22.657 ms
INFO: at 6467.156 ms fetching 45.315 ms
INFO: at 6489.820 ms batch [45.315] delay 22.657 ms
INFO: at 6489.820 ms fetching 45.315 ms
INFO: at 6512.484 ms batch [45.315] delay 22.657 ms
INFO: at 6512.484 ms fetching 45.315 ms
INFO: at 6535.147 ms batch [45.315] delay 22.657 ms
INFO: at 6535.147 ms fetching 45.315 ms
INFO: at 6557.812 ms batch [45.315] delay 22.657 ms
INFO: at 6557.812 ms fetching 45.315 ms
INFO: at 6580.475 ms batch [45.315] delay 25.175 ms
INFO: at 6580.475 ms fetching 45.315 ms
INFO: at 6605.657 ms batch [45.315] delay 25.175 ms
INFO: at 6605.657 ms fetching 45.315 ms
INFO: at 6630.835 ms batch [45.315] delay 25.175 ms
INFO: at 6630.835 ms fetching 45.315 ms
INFO: at 6656.016 ms batch [45.315] delay 25.175 ms
INFO: at 6656.016 ms fetching 45.315 ms
INFO: at 6681.197 ms batch [45.315] delay 25.175 ms
INFO: at 6681.197 ms fetching 45.315 ms
INFO: at 6706.375 ms batch [45.315] delay 25.175 ms
INFO: at 6706.375 ms fetching 45.315 ms
INFO: at 6731.556 ms batch [45.315] delay 25.175 ms
INFO: at 6731.556 ms fetching 45.315 ms
INFO: at 6756.738 ms batch [45.315] delay 25.175 ms
INFO: at 6756.738 ms fetching 45.315 ms
INFO: at 6781.919 ms batch [45.315] delay 25.175 ms
INFO: at 6781.919 ms fetching 45.315 ms
INFO: at 6807.102 ms batch [45.315] delay 28.322 ms
INFO: at 6807.102 ms fetching 45.315 ms
INFO: at 6835.426 ms batch [45.315] delay 28.322 ms
INFO: at 6835.426 ms fetching 45.315 ms
INFO: at 6863.755 ms batch [45.315] delay 28.322 ms
INFO: at 6863.755 ms fetching 45.315 ms
INFO: at 6892.083 ms batch [45.315] delay 28.322 ms
INFO: at 6892.083 ms fetching 45.315 ms
INFO: at 6920.409 ms batch [45.315] delay 28.322 ms
INFO: at 6920.409 ms fetching 45.315 ms
INFO: at 6948.739 ms batch [45.315] delay 28.322 ms
INFO: at 6948.739 ms fetching 45.315 ms
INFO: at 6977.067 ms batch [45.315] delay 28.322 ms
INFO: at 6977.067 ms fetching 45.315 ms
INFO: at 7005.396 ms batch [45.315] delay 28.322 ms
INFO: at 7005.396 ms fetching 45.315 ms
INFO: at 7033.723 ms batch [45.315] delay 32.368 ms
INFO: at 7033.723 ms fetching 45.315 ms
INFO: at 7066.098 ms batch [45.315] delay 32.368 ms
INFO: at 7066.098 ms fetching 45.315 ms
INFO: at 7098.471 ms batch [45.315] delay 32.368 ms
INFO: at 7098.471 ms fetching 45.315 ms
INFO: at 7130.843 ms batch [45.315] delay 32.368 ms
INFO: at 7130.843 ms fetching 45.315 ms
INFO: at 7163.213 ms batch [45.315] delay 32.368 ms
INFO: at 7163.213 ms fetching 45.315 ms
INFO: at 7195.584 ms batch [45.315] delay 32.368 ms
INFO: at 7195.584 ms fetching 45.315 ms
INFO: at 7227.956 ms batch [45.315] delay 32.368 ms
INFO: at 7227.956 ms fetching 45.315 ms
INFO: at 7260.329 ms batch [45.315] delay 25.175 ms
INFO: at 7260.329 ms fetching 45.315 ms
INFO: at 7285.510 ms batch [45.315] delay 25.175 ms
INFO: at 7285.510 ms fetching 45.315 ms
INFO: at 7310.691 ms batch [45.315] delay 25.175 ms
INFO: at 7310.691 ms fetching 45.315 ms
INFO: at 7335.869 ms batch [45.315] delay 25.175 ms
INFO: at 7335.869 ms fetching 45.315 ms
INFO: at 7361.050 ms batch [45.315] delay 25.175 ms
INFO: at 7361.050 ms fetching 45.315 ms
INFO: at 7386.231 ms batch [45.315] delay 25.175 ms
INFO: at 7386.231 ms fetching 45.315 ms
INFO: at 7411.409 ms batch [45.315] delay 25.175 ms
INFO: at 7411.409 ms fetching 45.315 ms
INFO: at 7436.591 ms batch [45.315] delay 25.175 ms
INFO: at 7436.591 ms fetching 45.315 ms
INFO: at 7461.773 ms batch [45.315] delay 25.175 ms
INFO: at 7461.773 ms fetching 45.315 ms
INFO: at 7486.951 ms batch [45.315] delay 32.368 ms
INFO: at 7486.951 ms fetching 45.315 ms
INFO: at 7519.322 ms batch [45.315] delay 32.368 ms
INFO: at 7519.322 ms fetching 45.315 ms
INFO: at 7551.693 ms batch [45.315] delay 32.368 ms
INFO: at 7551.693 ms fetching 45.315 ms
INFO: at 7584.066 ms batch [45.315] delay 32.368 ms
INFO: at 7584.066 ms fetching 45.315 ms
INFO: at 7616.438 ms batch [45.315] delay 32.368 ms
INFO: at 7616.438 ms fetching 45.315 ms
INFO: at 7648.810 ms batch [45.315] delay 32.368 ms
INFO: at 7648.810 ms fetching 45.315 ms
INFO: at 7681.183 ms batch [45.315] delay 32.368 ms
INFO: at 7681.183 ms fetching 45.315 ms
INFO: at 7713.555 ms batch [45.315] delay 18.881 ms
INFO: at 7713.555 ms fetching 45.315 ms
INFO: at 7732.439 ms batch [45.315] delay 18.881 ms
INFO: at 7732.439 ms fetching 45.315 ms
INFO: at 7751.323 ms batch [45.315] delay 18.881 ms
INFO: at 7751.323 ms fetching 45.315 ms
INFO: at 7770.208 ms batch [45.315] delay 18.881 ms
INFO: at 7770.208 ms fetching 45.315 ms
INFO: at 7789.093 ms batch [45.315] delay 18.881 ms
INFO: at 7789.093 ms fetching 45.315 ms
INFO: at 7807.977 ms batch [45.315] delay 18.881 ms
INFO: at 7807.977 ms fetching 45.315 ms
INFO: at 7826.862 ms batch [45.315] delay 18.881 ms
INFO: at 7826.862 ms fetching 45.315 ms
INFO: at 7845.750 ms batch [45.315] delay 18.881 ms
INFO: at 7845.750 ms fetching 45.315 ms
INFO: at 7864.635 ms batch [45.315] delay 18.881 ms
INFO: at 7864.635 ms fetching 45.315 ms
INFO: at 7883.520 ms batch [45.315] delay 18.881 ms
INFO: at 7883.520 ms fetching 45.315 ms
INFO: at 7902.404 ms batch [45.315] delay 18.881 ms
INFO: at 7902.404 ms fetching 45.315 ms
INFO: at 7921.289 ms batch [45.315] delay 18.881 ms
INFO: at 7921.289 ms fetching 45.315 ms
INFO: at 7940.174 ms batch [45.315] delay 25.175 ms
INFO: at 7940.174 ms fetching 45.315 ms
INFO: at 7965.353 ms batch [45.315] delay 25.175 ms
INFO: at 7965.353 ms fetching 45.315 ms
INFO: at 7990.531 ms batch [45.315] delay 25.175 ms
INFO: at 7990.531 ms fetching 45.315 ms
INFO: at 8015.711 ms batch [45.315] delay 25.175 ms
INFO: at 8015.711 ms fetching 45.315 ms
INFO: at 8040.889 ms batch [45.315] delay 25.175 ms
INFO: at 8040.889 ms fetching 45.315 ms
INFO: at 8066.067 ms batch [45.315] delay 25.175 ms
INFO: at 8066.067 ms fetching 45.315 ms
INFO: at 8091.248 ms batch [45.315] delay 25.175 ms
INFO: at 8091.248 ms fetching 45.315 ms
INFO: at 8116.427 ms batch [45.315] delay 25.175 ms
INFO: at 8116.427 ms fetching 45.315 ms
INFO: at 8141.605 ms batch [45.315] delay 25.175 ms
INFO: at 8141.605 ms fetching 45.315 ms
INFO: at 8166.783 ms batch [45.315] delay 25.175 ms
INFO: at 8166.783 ms fetching 45.315 ms
INFO: at 8191.963 ms batch [45.315] delay 25.175 ms
INFO: at 8191.963 ms fetching 45.315 ms
INFO: at 8217.141 ms batch [45.315] delay 25.175 ms
INFO: at 8217.141 ms fetching 45.315 ms
INFO: at 8242.319 ms batch [45.315] delay 25.175 ms
INFO: at 8242.319 ms fetching 45.315 ms
INFO: at 8267.500 ms batch [45.315] delay 25.175 ms
INFO: at 8267.500 ms fetching 45.315 ms
INFO: at 8292.678 ms batch [45.315] delay 25.175 ms
INFO: at 8292.678 ms fetching 45.315 ms
INFO: at 8317.857 ms batch [45.315] delay 25.175 ms
INFO: at 8317.857 ms fetching 45.315 ms
INFO: at 8343.035 ms batch [45.315] delay 25.175 ms
INFO: at 8343.035 ms fetching 45.315 ms
INFO: at 8368.215 ms batch [45.315] delay 25.175 ms
INFO: at 8368.215 ms fetching 45.315 ms
INFO: at 8393.393 ms batch [45.315] delay 28.322 ms
INFO: at 8393.393 ms fetching 45.315 ms
INFO: at 8421.721 ms batch [45.315] delay 28.322 ms
INFO: at 8421.721 ms fetching 45.315 ms
INFO: at 8450.046 ms batch [45.315] delay 28.322 ms
INFO: at 8450.046 ms fetching 45.315 ms
INFO: at 8478.373 ms batch [45.315] delay 28.322 ms
INFO: at 8478.373 ms fetching 45.315 ms
INFO: at 8506.697 ms batch [45.315] delay 28.322 ms
INFO: at 8506.697 ms fetching 45.315 ms
INFO: at 8535.024 ms batch [45.315] delay 28.322 ms
INFO: at 8535.024 ms fetching 45.315 ms
INFO: at 8563.350 ms batch [45.315] delay 28.322 ms
INFO: at 8563.350 ms fetching 45.315 ms
INFO: at 8591.674 ms batch [45.315] delay 28.322 ms
INFO: at 8591.674 ms fetching 45.315 ms
INFO: at 8620.001 ms batch [45.315] delay 28.322 ms
INFO: at 8620.001 ms fetching 45.315 ms
INFO: at 8648.327 ms batch [45.315] delay 28.322 ms
INFO: at 8648.327 ms fetching 45.315 ms
INFO: at 8676.654 ms batch [45.315] delay 28.322 ms
INFO: at 8676.654 ms fetching 45.315 ms
INFO: at 8704.979 ms batch [45.315] delay 28.322 ms
INFO: at 8704.979 ms fetching 45.315 ms
INFO: at 8733.305 ms batch [45.315] delay 28.322 ms
INFO: at 8733.305 ms fetching 45.315 ms
INFO: at 8761.631 ms batch [45.315] delay 28.322 ms
INFO: at 8761.631 ms fetching 45.315 ms
INFO: at 8789.957 ms batch [45.315] delay 28.322 ms
INFO: at 8789.957 ms fetching 45.315 ms
INFO: at 8818.283 ms batch [45.315] delay 28.322 ms
INFO: at 8818.283 ms fetching 45.315 ms
INFO: at 8846.607 ms batch [45.315] delay 7.813 ms
INFO: at 8846.607 ms fetching 45.315 ms
INFO: at 8854.423 ms batch [45.315] delay 7.813 ms
INFO: at 8854.423 ms fetching 45.315 ms
INFO: at 8862.238 ms batch [45.315] delay 7.813 ms
INFO: at 8862.238 ms fetching 45.315 ms
INFO: at 8870.053 ms batch [45.315] delay 7.813 ms
INFO: at 8870.053 ms fetching 45.315 ms
INFO: at 8877.868 ms batch [45.315] delay 7.813 ms
INFO: at 8877.868 ms fetching 45.315 ms
INFO: at 8885.682 ms batch [45.315] delay 7.813 ms
INFO: at 8885.682 ms fetching 45.315 ms
INFO: at 8893.498 ms batch [45.315] delay 7.813 ms
INFO: at 8893.498 ms fetching 45.315 ms
INFO: at 8901.312 ms batch [45.315] delay 7.813 ms
INFO: at 8901.312 ms fetching 45.315 ms
INFO: at 8909.127 ms batch [45.315] delay 7.813 ms
INFO: at 8909.127 ms fetching 45.315 ms
INFO: at 8916.942 ms batch [45.315] delay 7.813 ms
INFO: at 8916.942 ms fetching 45.315 ms
INFO: at 8924.757 ms batch [45.315] delay 7.813 ms
INFO: at 8924.757 ms fetching 45.315 ms
INFO: at 8932.572 ms batch [45.315] delay 7.813 ms
INFO: at 8932.572 ms fetching 45.315 ms
INFO: at 8940.387 ms batch [45.315] delay 7.813 ms
INFO: at 8940.387 ms fetching 45.315 ms
INFO: at 8948.202 ms batch [45.315] delay 7.813 ms
INFO: at 8948.202 ms fetching 45.315 ms
INFO: at 8956.017 ms batch [45.315] delay 7.813 ms
INFO: at 8956.017 ms fetching 45.315 ms
INFO: at 8963.832 ms batch [45.315] delay 7.813 ms
INFO: at 8963.832 ms fetching 45.315 ms
INFO: at 8971.646 ms batch [45.315] delay 7.813 ms
INFO: at 8971.646 ms fetching 45.315 ms
INFO: at 8979.461 ms batch [45.315] delay 7.813 ms
INFO: at 8979.461 ms fetching 45.315 ms
INFO: at 8987.276 ms batch [45.315] delay 7.813 ms
INFO: at 8987.276 ms fetching 45.315 ms
INFO: at 8995.091 ms batch [45.315] delay 7.813 ms
INFO: at 8995.091 ms fetching 45.315 ms
INFO: at 9002.905 ms batch [45.315] delay 7.813 ms
INFO: at 9002.905 ms fetching 45.315 ms
INFO: at 9010.720 ms batch [45.315] delay 7.813 ms
INFO: at 9010.720 ms fetching 45.315 ms
INFO: at 9018.535 ms batch [45.315] delay 7.813 ms
INFO: at 9018.535 ms fetching 45.315 ms
INFO: at 9026.349 ms batch [45.315] delay 7.813 ms
INFO: at 9026.349 ms fetching 45.315 ms
INFO: at 9034.167 ms batch [45.315] delay 7.813 ms
INFO: at 9034.167 ms fetching 45.315 ms
INFO: at 9041.981 ms batch [45.315] delay 7.813 ms
INFO: at 9041.981 ms fetching 45.315 ms
INFO: at 9049.796 ms batch [45.315] delay 7.813 ms
INFO: at 9049.796 ms fetching 45.315 ms
INFO: at 9057.611 ms batch [45.315] delay 7.813 ms
INFO: at 9057.611 ms fetching 45.315 ms
INFO: at 9065.426 ms batch [45.315] delay 7.813 ms
INFO: at 9065.426 ms fetching 45.315 ms
INFO: at 9073.241 ms batch [45.315] delay 20.598 ms
INFO: at 9073.241 ms fetching 45.315 ms
INFO: at 9093.841 ms batch [45.315] delay 20.598 ms
INFO: at 9093.841 ms fetching 45.315 ms
INFO: at 9114.445 ms batch [45.315] delay 20.598 ms
INFO: at 9114.445 ms fetching 45.315 ms
INFO: at 9135.047 ms batch [45.315] delay 20.598 ms
INFO: at 9135.047 ms fetching 45.315 ms
INFO: at 9155.647 ms batch [45.315] delay 20.598 ms
INFO: at 9155.647 ms fetching 45.315 ms
INFO: at 9176.249 ms batch [45.315] delay 20.598 ms
INFO: at 9176.249 ms fetching 45.315 ms
INFO: at 9196.850 ms batch [45.315] delay 20.598 ms
INFO: at 9196.850 ms fetching 45.315 ms
INFO: at 9217.452 ms batch [45.315] delay 20.598 ms
INFO: at 9217.452 ms fetching 45.315 ms
INFO: at 9238.053 ms batch [45.315] delay 20.598 ms
INFO: at 9238.053 ms fetching 45.315 ms
INFO: at 9258.655 ms batch [45.315] delay 20.598 ms
INFO: at 9258.655 ms fetching 45.315 ms
INFO: at 9279.256 ms batch [45.315] delay 20.598 ms
INFO: at 9279.256 ms fetching 45.315 ms
INFO: at 9299.858 ms batch [45.315] delay 22.657 ms
INFO: at 9299.858 ms fetching 45.315 ms
INFO: at 9322.518 ms batch [45.315] delay 22.657 ms
INFO: at 9322.518 ms fetching 45.315 ms
INFO: at 9345.179 ms batch [45.315] delay 22.657 ms
INFO: at 9345.179 ms fetching 45.315 ms
INFO: at 9367.840 ms batch [45.315] delay 22.657 ms
INFO: at 9367.840 ms fetching 45.315 ms
INFO: at 9390.501 ms batch [45.315] delay 22.657 ms
INFO: at 9390.501 ms fetching 45.315 ms
INFO: at 9413.161 ms batch [45.315] delay 22.657 ms
INFO: at 9413.161 ms fetching 45.315 ms
INFO: at 9435.823 ms batch [45.315] delay 22.657 ms
INFO: at 9435.823 ms fetching 45.315 ms
INFO: at 9458.484 ms batch [45.315] delay 22.657 ms
INFO: at 9458.484 ms fetching 45.315 ms
INFO: at 9481.146 ms batch [45.315] delay 22.657 ms
INFO: at 9481.146 ms fetching 45.315 ms
INFO: at 9503.807 ms batch [45.315] delay 22.657 ms
INFO: at 9503.807 ms fetching 45.315 ms
INFO: at 9526.468 ms batch [45.315] delay 28.322 ms
INFO: at 9526.468 ms fetching 45.315 ms
INFO: at 9554.795 ms batch [45.315] delay 28.322 ms
INFO: at 9554.795 ms fetching 45.315 ms
INFO: at 9583.121 ms batch [45.315] delay 28.322 ms
INFO: at 9583.121 ms fetching 45.315 ms
INFO: at 9611.448 ms batch [45.315] delay 28.322 ms
INFO: at 9611.448 ms fetching 45.315 ms
INFO: at 9639.774 ms batch [45.315] delay 28.322 ms
INFO: at 9639.774 ms fetching 45.315 ms
INFO: at 9668.099 ms batch [45.315] delay 28.322 ms
INFO: at 9668.099 ms fetching 45.315 ms
INFO: at 9696.426 ms batch [45.315] delay 28.322 ms
INFO: at 9696.426 ms fetching 45.315 ms
INFO: at 9724.753 ms batch [45.315] delay 28.322 ms
INFO: at 9724.753 ms fetching 45.315 ms
INFO: at 9753.078 ms batch [45.315] delay 15.105 ms
INFO: at 9753.078 ms fetching 45.315 ms
INFO: at 9768.187 ms batch [45.315] delay 15.105 ms
INFO: at 9768.187 ms fetching 45.315 ms
INFO: at 9783.295 ms batch [45.315] delay 15.105 ms
INFO: at 9783.295 ms fetching 45.315 ms
INFO: at 9798.402 ms batch [45.315] delay 15.105 ms
INFO: at 9798.402 ms fetching 45.315 ms
INFO: at 9813.511 ms batch [45.315] delay 15.105 ms
INFO: at 9813.511 ms fetching 45.315 ms
INFO: at 9828.618 ms batch [45.315] delay 15.105 ms
INFO: at 9828.618 ms fetching 45.315 ms
INFO: at 9843.726 ms batch [45.315] delay 15.105 ms
INFO: at 9843.726 ms fetching 45.315 ms
INFO: at 9858.833 ms batch [45.315] delay 15.105 ms
INFO: at 9858.833 ms fetching 45.315 ms
INFO: at 9873.940 ms batch [45.315] delay 15.105 ms
INFO: at 9873.940 ms fetching 45.315 ms
INFO: at 9889.048 ms batch [45.315] delay 15.105 ms
INFO: at 9889.048 ms fetching 45.315 ms
INFO: at 9904.155 ms batch [45.315] delay 15.105 ms
INFO: at 9904.155 ms fetching 45.315 ms
INFO: at 9919.263 ms batch [45.315] delay 15.105 ms
INFO: at 9919.263 ms fetching 45.315 ms
INFO: at 9934.372 ms batch [45.315] delay 15.105 ms
INFO: at 9934.372 ms fetching 45.315 ms
INFO: at 9949.479 ms batch [45.315] delay 15.105 ms
INFO: at 9949.479 ms fetching 45.315 ms
INFO: at 9964.588 ms batch [45.315] delay 15.105 ms
INFO: at 9964.588 ms fetching 45.315 ms
INFO: at 9979.696 ms batch [45.315] delay 20.598 ms
INFO: at 9979.696 ms fetching 45.315 ms
INFO: at 10000.297 ms batch [45.315] delay 20.598 ms
INFO: at 10000.297 ms fetching 45.315 ms
INFO: at 10020.898 ms batch [45.315] delay 20.598 ms
INFO: at 10020.898 ms fetching 45.315 ms
INFO: at 10041.499 ms batch [45.315] delay 20.598 ms
INFO: at 10041.499 ms fetching 45.315 ms
INFO: at 10062.100 ms batch [45.315] delay 20.598 ms
INFO: at 10062.100 ms fetching 45.315 ms
INFO: at 10082.701 ms batch [45.315] delay 20.598 ms
INFO: at 10082.701 ms fetching 45.315 ms
INFO: at 10103.303 ms batch [45.315] delay 20.598 ms
INFO: at 10103.303 ms fetching 45.315 ms
INFO: at 10123.904 ms batch [45.315] delay 20.598 ms
INFO: at 10123.904 ms fetching 45.315 ms
INFO: at 10144.509 ms batch [45.315] delay 20.598 ms
INFO: at 10144.509 ms fetching 45.315 ms
INFO: at 10165.110 ms batch [45.315] delay 20.598 ms
INFO: at 10165.110 ms fetching 45.315 ms
INFO: at 10185.711 ms batch [45.315] delay 20.598 ms
INFO: at 10185.711 ms fetching 45.315 ms
INFO: at 10206.311 ms batch [45.315] delay 20.598 ms
INFO: at 10206.311 ms fetching 45.315 ms
INFO: at 10226.913 ms batch [45.315] delay 20.598 ms
INFO: at 10226.913 ms fetching 45.315 ms
INFO: at 10247.514 ms batch [45.315] delay 20.598 ms
INFO: at 10247.514 ms fetching 45.315 ms
INFO: at 10268.118 ms batch [45.315] delay 20.598 ms
INFO: at 10268.118 ms fetching 45.315 ms
INFO: at 10288.720 ms batch [45.315] delay 20.598 ms
INFO: at 10288.720 ms fetching 45.315 ms
INFO: at 10309.322 ms batch [45.315] delay 20.598 ms
INFO: at 10309.322 ms fetching 45.315 ms
INFO: at 10329.923 ms batch [45.315] delay 20.598 ms
INFO: at 10329.923 ms fetching 45.315 ms
INFO: at 10350.525 ms batch [45.315] delay 20.598 ms
INFO: at 10350.525 ms fetching 45.315 ms
INFO: at 10371.127 ms batch [45.315] delay 20.598 ms
INFO: at 10371.127 ms fetching 45.315 ms
INFO: at 10391.728 ms batch [45.315] delay 20.598 ms
INFO: at 10391.728 ms fetching 45.315 ms
INFO: at 10412.329 ms batch [45.315] delay 20.598 ms
INFO: at 10412.329 ms fetching 45.315 ms
INFO: at 10432.930 ms batch [45.315] delay 25.175 ms
INFO: at 10432.930 ms fetching 45.315 ms
INFO: at 10458.108 ms batch [45.315] delay 25.175 ms
INFO: at 10458.108 ms fetching 45.315 ms
INFO: at 10483.288 ms batch [45.315] delay 25.175 ms
INFO: at 10483.288 ms fetching 45.315 ms
INFO: at 10508.468 ms batch [45.315] delay 25.175 ms
INFO: at 10508.468 ms fetching 45.315 ms
INFO: at 10533.646 ms batch [45.315] delay 25.175 ms
INFO: at 10533.646 ms fetching 45.315 ms
INFO: at 10558.825 ms batch [45.315] delay 25.175 ms
INFO: at 10558.825 ms fetching 45.315 ms
INFO: at 10584.006 ms batch [45.315] delay 25.175 ms
INFO: at 10584.006 ms fetching 45.315 ms
INFO: at 10609.184 ms batch [45.315] delay 25.175 ms
INFO: at 10609.184 ms fetching 45.315 ms
INFO: at 10634.363 ms batch [45.315] delay 25.175 ms
INFO: at 10634.363 ms fetching 45.315 ms
INFO: at 10659.543 ms batch [45.315] delay 25.175 ms
INFO: at 10659.543 ms fetching 45.315 ms
INFO: at 10684.721 ms batch [45.315] delay 25.175 ms
INFO: at 10684.721 ms fetching 45.315 ms
INFO: at 10709.899 ms batch [45.315] delay 25.175 ms
INFO: at 10709.899 ms fetching 45.315 ms
INFO: at 10735.078 ms batch [45.315] delay 25.175 ms
INFO: at 10735.078 ms fetching 45.315 ms
INFO: at 10760.258 ms batch [45.315] delay 25.175 ms
INFO: at 10760.258 ms fetching 45.315 ms
INFO: at 10785.439 ms batch [45.315] delay 25.175 ms
INFO: at 10785.439 ms fetching 45.315 ms
INFO: at 10810.617 ms batch [45.315] delay 25.175 ms
INFO: at 10810.617 ms fetching 45.315 ms
INFO: at 10835.798 ms batch [45.315] delay 25.175 ms
INFO: at 10835.798 ms fetching 45.315 ms
INFO: at 10860.976 ms batch [45.315] delay 25.175 ms
INFO: at 10860.976 ms fetching 45.315 ms
INFO: at 10886.154 ms batch [45.315] delay 18.881 ms
INFO: at 10886.154 ms fetching 45.315 ms
INFO: at 10905.040 ms batch [45.315] delay 18.881 ms
INFO: at 10905.040 ms fetching 45.315 ms
INFO: at 10923.924 ms batch [45.315] delay 18.881 ms
INFO: at 10923.924 ms fetching 45.315 ms
INFO: at 10942.809 ms batch [45.315] delay 18.881 ms
INFO: at 10942.809 ms fetching 45.315 ms
INFO: at 10961.695 ms batch [45.315] delay 18.881 ms
INFO: at 10961.695 ms fetching 45.315 ms
INFO: at 10980.580 ms batch [45.315] delay 18.881 ms
INFO: at 10980.580 ms fetching 45.315 ms
INFO: at 10999.464 ms batch [45.315] delay 18.881 ms
INFO: at 10999.464 ms fetching 45.315 ms
INFO: at 11018.348 ms batch [45.315] delay 18.881 ms
INFO: at 11018.348 ms fetching 45.315 ms
INFO: at 11037.232 ms batch [45.315] delay 18.881 ms
INFO: at 11037.232 ms fetching 45.315 ms
INFO: at 11056.117 ms batch [45.315] delay 18.881 ms
INFO: at 11056.117 ms fetching 45.315 ms
INFO: at 11075.001 ms batch [45.315] delay 18.881 ms
INFO: at 11075.001 ms fetching 45.315 ms
INFO: at 11093.886 ms batch [45.315] delay 18.881 ms
INFO: at 11093.886 ms fetching 45.315 ms
INFO: at 11112.769 ms batch [45.315] delay 25.175 ms
INFO: at 11112.769 ms fetching 45.315 ms
INFO: at 11137.948 ms batch [45.315] delay 25.175 ms
INFO: at 11137.948 ms fetching 45.315 ms
INFO: at 11163.129 ms batch [45.315] delay 25.175 ms
INFO: at 11163.129 ms fetching 45.315 ms
INFO: at 11188.307 ms batch [45.315] delay 25.175 ms
INFO: at 11188.307 ms fetching 45.315 ms
INFO: at 11213.485 ms batch [45.315] delay 25.175 ms
INFO: at 11213.485 ms fetching 45.315 ms
INFO: at 11238.664 ms batch [45.315] delay 25.175 ms
INFO: at 11238.664 ms fetching 45.315 ms
INFO: at 11263.849 ms batch [45.315] delay 25.175 ms
INFO: at 11263.849 ms fetching 45.315 ms
INFO: at 11289.028 ms batch [45.315] delay 25.175 ms
INFO: at 11289.028 ms fetching 45.315 ms
INFO: at 11314.206 ms batch [45.315] delay 25.175 ms
INFO: at 11314.206 ms fetching 45.315 ms
INFO: at 11339.387 ms batch [45.315] delay 22.657 ms
INFO: at 11339.387 ms fetching 45.315 ms
INFO: at 11362.047 ms batch [45.315] delay 22.657 ms
INFO: at 11362.047 ms fetching 45.315 ms
INFO: at 11384.708 ms batch [45.315] delay 22.657 ms
INFO: at 11384.708 ms fetching 45.315 ms
INFO: at 11407.406 ms batch [45.315] delay 22.657 ms
INFO: at 11407.406 ms fetching 45.315 ms
INFO: at 11430.066 ms batch [45.315] delay 22.657 ms
INFO: at 11430.066 ms fetching 45.315 ms
INFO: at 11452.726 ms batch [45.315] delay 22.657 ms
INFO: at 11452.726 ms fetching 45.315 ms
INFO: at 11475.388 ms batch [45.315] delay 22.657 ms
INFO: at 11475.388 ms fetching 45.315 ms
INFO: at 11498.049 ms batch [45.315] delay 22.657 ms
INFO: at 11498.049 ms fetching 45.315 ms
INFO: at 11520.711 ms batch [45.315] delay 22.657 ms
INFO: at 11520.711 ms fetching 45.315 ms
INFO: at 11543.373 ms batch [45.315] delay 22.657 ms
INFO: at 11543.373 ms fetching 45.315 ms
INFO: at 11566.034 ms batch [45.315] delay 17.429 ms
INFO: at 11566.034 ms fetching 45.315 ms
INFO: at 11583.467 ms batch [45.315] delay 17.429 ms
INFO: at 11583.467 ms fetching 45.315 ms
INFO: at 11600.899 ms batch [45.315] delay 17.429 ms
INFO: at 11600.899 ms fetching 45.315 ms
INFO: at 11618.331 ms batch [45.315] delay 17.429 ms
INFO: at 11618.331 ms fetching 45.315 ms
INFO: at 11635.764 ms batch [45.315] delay 17.429 ms
INFO: at 11635.764 ms fetching 45.315 ms
INFO: at 11653.195 ms batch [45.315] delay 17.429 ms
INFO: at 11653.195 ms fetching 45.315 ms
INFO: at 11670.631 ms batch [45.315] delay 17.429 ms
INFO: at 11670.631 ms fetching 45.315 ms
INFO: at 11688.062 ms batch [45.315] delay 17.429 ms
INFO: at 11688.062 ms fetching 45.315 ms
INFO: at 11705.494 ms batch [45.315] delay 17.429 ms
INFO: at 11705.494 ms fetching 45.315 ms
INFO: at 11722.926 ms batch [45.315] delay 17.429 ms
INFO: at 11722.926 ms fetching 45.315 ms
INFO: at 11740.357 ms batch [45.315] delay 17.429 ms
INFO: at 11740.357 ms fetching 45.315 ms
INFO: at 11757.790 ms batch [45.315] delay 17.429 ms
INFO: at 11757.790 ms fetching 45.315 ms
INFO: at 11775.222 ms batch [45.315] delay 17.429 ms
INFO: at 11775.222 ms fetching 45.315 ms
INFO: at 11792.654 ms batch [45.315] delay 28.322 ms
INFO: at 11792.654 ms fetching 45.315 ms
INFO: at 11820.981 ms batch [45.315] delay 28.322 ms
INFO: at 11820.981 ms fetching 45.315 ms
INFO: at 11849.306 ms batch [45.315] delay 28.322 ms
INFO: at 11849.306 ms fetching 45.315 ms
INFO: at 11877.634 ms batch [45.315] delay 28.322 ms
INFO: at 11877.634 ms fetching 45.315 ms
INFO: at 11905.960 ms batch [45.315] delay 28.322 ms
INFO: at 11905.960 ms fetching 45.315 ms
INFO: at 11934.286 ms batch [45.315] delay 28.322 ms
INFO: at 11934.286 ms fetching 45.315 ms
INFO: at 11962.611 ms batch [45.315] delay 28.322 ms
INFO: at 11962.611 ms fetching 45.315 ms
INFO: at 11990.939 ms batch [45.315] delay 28.322 ms
INFO: at 11990.939 ms fetching 45.315 ms
INFO: at 12019.265 ms batch [45.315] delay 22.657 ms
INFO: at 12019.265 ms fetching 45.315 ms
INFO: at 12041.926 ms batch [45.315] delay 22.657 ms
INFO: at 12041.926 ms fetching 45.315 ms
INFO: at 12064.587 ms batch [45.315] delay 22.657 ms
INFO: at 12064.587 ms fetching 45.315 ms
INFO: at 12087.248 ms batch [45.315] delay 22.657 ms
INFO: at 12087.248 ms fetching 45.315 ms
INFO: at 12109.909 ms batch [45.315] delay 22.657 ms
INFO: at 12109.909 ms fetching 45.315 ms
INFO: at 12132.571 ms batch [45.315] delay 22.657 ms
INFO: at 12132.571 ms fetching 45.315 ms
INFO: at 12155.232 ms batch [45.315] delay 22.657 ms
INFO: at 12155.232 ms fetching 45.315 ms
INFO: at 12177.893 ms batch [45.315] delay 22.657 ms
INFO: at 12177.893 ms fetching 45.315 ms
INFO: at 12200.555 ms batch [45.315] delay 22.657 ms
INFO: at 12200.555 ms fetching 45.315 ms
INFO: at 12223.216 ms batch [45.315] delay 22.657 ms
INFO: at 12223.216 ms fetching 45.315 ms
INFO: at 12245.877 ms batch [45.315] delay 32.368 ms
INFO: at 12245.877 ms fetching 45.315 ms
INFO: at 12278.250 ms batch [45.315] delay 32.368 ms
INFO: at 12278.250 ms fetching 45.315 ms
INFO: at 12310.623 ms batch [45.315] delay 32.368 ms
INFO: at 12310.623 ms fetching 45.315 ms
INFO: at 12342.993 ms batch [45.315] delay 32.368 ms
INFO: at 12342.993 ms fetching 45.315 ms
INFO: at 12375.364 ms batch [45.315] delay 32.368 ms
INFO: at 12375.364 ms fetching 45.315 ms
INFO: at 12407.736 ms batch [45.315] delay 32.368 ms
INFO: at 12407.736 ms fetching 45.315 ms
INFO: at 12440.112 ms batch [45.315] delay 32.368 ms
INFO: at 12440.112 ms fetching 45.315 ms
INFO: at 12472.485 ms batch [45.315] delay 22.657 ms
INFO: at 12472.485 ms fetching 45.315 ms
INFO: at 12495.147 ms batch [45.315] delay 22.657 ms
INFO: at 12495.147 ms fetching 45.315 ms
INFO: at 12517.809 ms batch [45.315] delay 22.657 ms
INFO: at 12517.809 ms fetching 45.315 ms
INFO: at 12540.470 ms batch [45.315] delay 22.657 ms
INFO: at 12540.470 ms fetching 45.315 ms
INFO: at 12563.132 ms batch [45.315] delay 22.657 ms
INFO: at 12563.132 ms fetching 45.315 ms
INFO: at 12585.793 ms batch [45.315] delay 22.657 ms
INFO: at 12585.793 ms fetching 45.315 ms
INFO: at 12608.454 ms batch [45.315] delay 22.657 ms
INFO: at 12608.454 ms fetching 45.315 ms
INFO: at 12631.114 ms batch [45.315] delay 22.657 ms
INFO: at 12631.114 ms fetching 45.315 ms
INFO: at 12653.776 ms batch [45.315] delay 22.657 ms
INFO: at 12653.776 ms fetching 45.315 ms
INFO: at 12676.437 ms batch [45.315] delay 22.657 ms
INFO: at 12676.437 ms fetching 45.315 ms
INFO: at 12699.098 ms batch [45.315] delay 28.322 ms
INFO: at 12699.098 ms fetching 45.315 ms
INFO: at 12727.424 ms batch [45.315] delay 28.322 ms
INFO: at 12727.424 ms fetching 45.315 ms
INFO: at 12755.750 ms batch [45.315] delay 28.322 ms
INFO: at 12755.750 ms fetching 45.315 ms
INFO: at 12784.076 ms batch [45.315] delay 28.322 ms
INFO: at 12784.076 ms fetching 45.315 ms
INFO: at 12812.402 ms batch [45.315] delay 28.322 ms
INFO: at 12812.402 ms fetching 45.315 ms
INFO: at 12840.728 ms batch [45.315] delay 28.322 ms
INFO: at 12840.728 ms fetching 45.315 ms
INFO: at 12869.055 ms batch [45.315] delay 28.322 ms
INFO: at 12869.055 ms fetching 45.315 ms
INFO: at 12897.383 ms batch [45.315] delay 28.322 ms
INFO: at 12897.383 ms fetching 45.315 ms
INFO: at 12925.708 ms batch [45.315] delay 20.598 ms
INFO: at 12925.708 ms fetching 45.315 ms
INFO: at 12946.309 ms batch [45.315] delay 20.598 ms
INFO: at 12946.309 ms fetching 45.315 ms
INFO: at 12966.911 ms batch [45.315] delay 20.598 ms
INFO: at 12966.911 ms fetching 45.315 ms
INFO: at 12987.512 ms batch [45.315] delay 20.598 ms
INFO: at 12987.512 ms fetching 45.315 ms
INFO: at 13008.114 ms batch [45.315] delay 20.598 ms
INFO: at 13008.114 ms fetching 45.315 ms
INFO: at 13028.715 ms batch [45.315] delay 20.598 ms
INFO: at 13028.715 ms fetching 45.315 ms
INFO: at 13049.316 ms batch [45.315] delay 20.598 ms
INFO: at 13049.316 ms fetching 45.315 ms
INFO: at 13069.917 ms batch [45.315] delay 20.598 ms
INFO: at 13069.917 ms fetching 45.315 ms
INFO: at 13090.518 ms batch [45.315] delay 20.598 ms
INFO: at 13090.518 ms fetching 45.315 ms
INFO: at 13111.119 ms batch [45.315] delay 20.598 ms
INFO: at 13111.119 ms fetching 45.315 ms
INFO: at 13131.720 ms batch [45.315] delay 20.598 ms
INFO: at 13131.720 ms fetching 45.315 ms
INFO: at 13152.322 ms batch [45.315] delay 22.657 ms
INFO: at 13152.322 ms fetching 45.315 ms
INFO: at 13174.982 ms batch [45.315] delay 22.657 ms
INFO: at 13174.982 ms fetching 45.315 ms
INFO: at 13197.648 ms batch [45.315] delay 22.657 ms
INFO: at 13197.648 ms fetching 45.315 ms
INFO: at 13220.308 ms batch [45.315] delay 22.657 ms
INFO: at 13220.308 ms fetching 45.315 ms
INFO: at 13242.969 ms batch [45.315] delay 22.657 ms
INFO: at 13242.969 ms fetching 45.315 ms
INFO: at 13265.630 ms batch [45.315] delay 22.657 ms
INFO: at 13265.630 ms fetching 45.315 ms
INFO: at 13288.292 ms batch [45.315] delay 22.657 ms
INFO: at 13288.292 ms fetching 45.315 ms
INFO: at 13310.953 ms batch [45.315] delay 22.657 ms
INFO: at 13310.953 ms fetching 45.315 ms
INFO: at 13333.614 ms batch [45.315] delay 22.657 ms
INFO: at 13333.614 ms fetching 45.315 ms
INFO: at 13356.275 ms batch [45.315] delay 22.657 ms
INFO: at 13356.275 ms fetching 45.315 ms
INFO: at 13378.936 ms batch [45.315] delay 25.175 ms
INFO: at 13378.936 ms fetching 45.315 ms
INFO: at 13404.116 ms batch [45.315] delay 25.175 ms
INFO: at 13404.116 ms fetching 45.315 ms
INFO: at 13429.295 ms batch [45.315] delay 25.175 ms
INFO: at 13429.295 ms fetching 45.315 ms
INFO: at 13454.474 ms batch [45.315] delay 25.175 ms
INFO: at 13454.474 ms fetching 45.315 ms
INFO: at 13479.653 ms batch [45.315] delay 25.175 ms
INFO: at 13479.653 ms fetching 45.315 ms
INFO: at 13504.832 ms batch [45.315] delay 25.175 ms
INFO: at 13504.832 ms fetching 45.315 ms
INFO: at 13530.010 ms batch [45.315] delay 25.175 ms
INFO: at 13530.010 ms fetching 45.315 ms
INFO: at 13555.188 ms batch [45.315] delay 25.175 ms
INFO: at 13555.188 ms fetching 45.315 ms
INFO: at 13580.368 ms batch [45.315] delay 25.175 ms
INFO: at 13580.368 ms fetching 45.315 ms
INFO: at 13605.547 ms batch [45.315] delay 22.657 ms
INFO: at 13605.547 ms fetching 45.315 ms
INFO: at 13628.211 ms batch [45.315] delay 22.657 ms
INFO: at 13628.211 ms fetching 45.315 ms
INFO: at 13650.872 ms batch [45.315] delay 22.657 ms
INFO: at 13650.872 ms fetching 45.315 ms
INFO: at 13673.534 ms batch [45.315] delay 22.657 ms
INFO: at 13673.534 ms fetching 45.315 ms
INFO: at 13696.196 ms batch [45.315] delay 22.657 ms
INFO: at 13696.196 ms fetching 45.315 ms
INFO: at 13718.858 ms batch [45.315] delay 22.657 ms
INFO: at 13718.858 ms fetching 45.315 ms
INFO: at 13741.519 ms batch [45.315] delay 22.657 ms
INFO: at 13741.519 ms fetching 45.315 ms
INFO: at 13764.180 ms batch [45.315] delay 22.657 ms
INFO: at 13764.180 ms fetching 45.315 ms
INFO: at 13786.841 ms batch [45.315] delay 22.657 ms
INFO: at 13786.841 ms fetching 45.315 ms
INFO: at 13809.501 ms batch [45.315] delay 22.657 ms
INFO: at 13809.501 ms fetching 45.315 ms
INFO: at 13832.163 ms batch [45.315] delay 22.657 ms
INFO: at 13832.163 ms fetching 45.315 ms
INFO: at 13854.824 ms batch [45.315] delay 22.657 ms
INFO: at 13854.824 ms fetching 45.315 ms
INFO: at 13877.485 ms batch [45.315] delay 22.657 ms
INFO: at 13877.485 ms fetching 45.315 ms
INFO: at 13900.146 ms batch [45.315] delay 22.657 ms
INFO: at 13900.146 ms fetching 45.315 ms
INFO: at 13922.807 ms batch [45.315] delay 22.657 ms
INFO: at 13922.807 ms fetching 45.315 ms
INFO: at 13945.468 ms batch [45.315] delay 22.657 ms
INFO: at 13945.468 ms fetching 45.315 ms
INFO: at 13968.129 ms batch [45.315] delay 22.657 ms
INFO: at 13968.129 ms fetching 45.315 ms
INFO: at 13990.790 ms batch [45.315] delay 22.657 ms
INFO: at 13990.790 ms fetching 45.315 ms
INFO: at 14013.450 ms batch [45.315] delay 22.657 ms
INFO: at 14013.450 ms fetching 45.315 ms
INFO: at 14036.111 ms batch [45.315] delay 22.657 ms
INFO: at 14036.111 ms fetching 45.315 ms
INFO: at 14058.772 ms batch [45.315] delay 28.322 ms
INFO: at 14058.772 ms fetching 45.315 ms
INFO: at 14087.099 ms batch [45.315] delay 28.322 ms
INFO: at 14087.099 ms fetching 45.315 ms
INFO: at 14115.424 ms batch [45.315] delay 28.322 ms
INFO: at 14115.424 ms fetching 45.315 ms
INFO: at 14143.749 ms batch [45.315] delay 28.322 ms
INFO: at 14143.749 ms fetching 45.315 ms
INFO: at 14172.076 ms batch [45.315] delay 28.322 ms
INFO: at 14172.076 ms fetching 45.315 ms
INFO: at 14200.400 ms batch [45.315] delay 28.322 ms
INFO: at 14200.400 ms fetching 45.315 ms
INFO: at 14228.727 ms batch [45.315] delay 28.322 ms
INFO: at 14228.727 ms fetching 45.315 ms
INFO: at 14257.054 ms batch [45.315] delay 28.322 ms
INFO: at 14257.054 ms fetching 45.315 ms
INFO: at 14285.380 ms batch [45.315] delay 25.175 ms
INFO: at 14285.380 ms fetching 45.315 ms
INFO: at 14310.558 ms batch [45.315] delay 25.175 ms
INFO: at 14310.558 ms fetching 45.315 ms
INFO: at 14335.737 ms batch [45.315] delay 25.175 ms
INFO: at 14335.737 ms fetching 45.315 ms
INFO: at 14360.916 ms batch [45.315] delay 25.175 ms
INFO: at 14360.916 ms fetching 45.315 ms
INFO: at 14386.094 ms batch [45.315] delay 25.175 ms
INFO: at 14386.094 ms fetching 45.315 ms
INFO: at 14411.272 ms batch [45.315] delay 25.175 ms
INFO: at 14411.272 ms fetching 45.315 ms
INFO: at 14436.452 ms batch [45.315] delay 25.175 ms
INFO: at 14436.452 ms fetching 45.315 ms
INFO: at 14461.630 ms batch [45.315] delay 25.175 ms
INFO: at 14461.630 ms fetching 45.315 ms
INFO: at 14486.809 ms batch [45.315] delay 25.175 ms
INFO: at 14486.809 ms fetching 45.315 ms
INFO: at 14511.989 ms batch [45.315] delay 32.368 ms
INFO: at 14511.989 ms fetching 45.315 ms
INFO: at 14544.361 ms batch [45.315] delay 32.368 ms
INFO: at 14544.361 ms fetching 45.315 ms
INFO: at 14576.734 ms batch [45.315] delay 32.368 ms
INFO: at 14576.734 ms fetching 45.315 ms
INFO: at 14609.106 ms batch [45.315] delay 32.368 ms
INFO: at 14609.106 ms fetching 45.315 ms
INFO: at 14641.479 ms batch [45.315] delay 32.368 ms
INFO: at 14641.479 ms fetching 45.315 ms
INFO: at 14673.852 ms batch [45.315] delay 32.368 ms
INFO: at 14673.852 ms fetching 45.315 ms
INFO: at 14706.225 ms batch [45.315] delay 32.368 ms
INFO: at 14706.225 ms fetching 45.315 ms
INFO: at 14738.597 ms batch [45.315] delay 25.175 ms
INFO: at 14738.597 ms fetching 45.315 ms
INFO: at 14763.775 ms batch [45.315] delay 25.175 ms
INFO: at 14763.775 ms fetching 45.315 ms
INFO: at 14788.960 ms batch [45.315] delay 25.175 ms
INFO: at 14788.960 ms fetching 45.315 ms
INFO: at 14814.138 ms batch [45.315] delay 25.175 ms
INFO: at 14814.138 ms fetching 45.315 ms
INFO: at 14839.317 ms batch [45.315] delay 25.175 ms
INFO: at 14839.317 ms fetching 45.315 ms
INFO: at 14864.497 ms batch [45.315] delay 25.175 ms
INFO: at 14864.497 ms fetching 45.315 ms
INFO: at 14889.676 ms batch [45.315] delay 25.175 ms
INFO: at 14889.676 ms fetching 45.315 ms
INFO: at 14914.854 ms batch [45.315] delay 25.175 ms
INFO: at 14914.854 ms fetching 45.315 ms
INFO: at 14940.033 ms batch [45.315] delay 25.175 ms
INFO: at 14940.033 ms fetching 45.315 ms
INFO: at 14965.211 ms batch [45.315] delay 18.881 ms
INFO: at 14965.211 ms fetching 45.315 ms
INFO: at 14984.096 ms batch [45.315] delay 18.881 ms
INFO: at 14984.096 ms fetching 45.315 ms
INFO: at 15002.980 ms batch [45.315] delay 18.881 ms
INFO: at 15002.980 ms fetching 45.315 ms
INFO: at 15021.865 ms batch [45.315] delay 18.881 ms
INFO: at 15021.865 ms fetching 45.315 ms
INFO: at 15040.751 ms batch [45.315] delay 18.881 ms
INFO: at 15040.751 ms fetching 45.315 ms
INFO: at 15059.635 ms batch [45.315] delay 18.881 ms
INFO: at 15059.635 ms fetching 45.315 ms
INFO: at 15078.520 ms batch [45.315] delay 18.881 ms
INFO: at 15078.520 ms fetching 45.315 ms
INFO: at 15097.405 ms batch [45.315] delay 18.881 ms
INFO: at 15097.405 ms fetching 45.315 ms
INFO: at 15116.289 ms batch [45.315] delay 18.881 ms
INFO: at 15116.289 ms fetching 45.315 ms
INFO: at 15135.176 ms batch [45.315] delay 18.881 ms
INFO: at 15135.176 ms fetching 45.315 ms
INFO: at 15154.060 ms batch [45.315] delay 18.881 ms
INFO: at 15154.060 ms fetching 45.315 ms
INFO: at 15172.945 ms batch [45.315] delay 18.881 ms
INFO: at 15172.945 ms fetching 45.315 ms
INFO: at 15191.830 ms batch [45.315] delay 20.598 ms
INFO: at 15191.830 ms fetching 45.315 ms
INFO: at 15212.430 ms batch [45.315] delay 20.598 ms
INFO: at 15212.430 ms fetching 45.315 ms
INFO: at 15233.032 ms batch [45.315] delay 20.598 ms
INFO: at 15233.032 ms fetching 45.315 ms
INFO: at 15253.634 ms batch [45.315] delay 20.598 ms
INFO: at 15253.634 ms fetching 45.315 ms
INFO: at 15274.236 ms batch [45.315] delay 20.598 ms
INFO: at 15274.236 ms fetching 45.315 ms
INFO: at 15294.836 ms batch [45.315] delay 20.598 ms
INFO: at 15294.836 ms fetching 45.315 ms
INFO: at 15315.438 ms batch [45.315] delay 20.598 ms
INFO: at 15315.438 ms fetching 45.315 ms
INFO: at 15336.038 ms batch [45.315] delay 20.598 ms
INFO: at 15336.038 ms fetching 45.315 ms
INFO: at 15356.640 ms batch [45.315] delay 20.598 ms
INFO: at 15356.640 ms fetching 45.315 ms
INFO: at 15377.241 ms batch [45.315] delay 20.598 ms
INFO: at 15377.241 ms fetching 45.315 ms
INFO: at 15397.843 ms batch [45.315] delay 20.598 ms
INFO: at 15397.843 ms fetching 45.315 ms
INFO: at 15418.444 ms batch [45.315] delay 18.881 ms
INFO: at 15418.444 ms fetching 45.315 ms
INFO: at 15437.329 ms batch [45.315] delay 18.881 ms
INFO: at 15437.329 ms fetching 45.315 ms
INFO: at 15456.213 ms batch [45.315] delay 18.881 ms
INFO: at 15456.213 ms fetching 45.315 ms
INFO: at 15475.098 ms batch [45.315] delay 18.881 ms
INFO: at 15475.098 ms fetching 45.315 ms
INFO: at 15493.983 ms batch [45.315] delay 18.881 ms
INFO: at 15493.983 ms fetching 45.315 ms
INFO: at 15512.869 ms batch [45.315] delay 18.881 ms
INFO: at 15512.869 ms fetching 45.315 ms
INFO: at 15531.753 ms batch [45.315] delay 18.881 ms
INFO: at 15531.753 ms fetching 45.315 ms
INFO: at 15550.638 ms batch [45.315] delay 18.881 ms
INFO: at 15550.638 ms fetching 45.315 ms
INFO: at 15569.523 ms batch [45.315] delay 18.881 ms
INFO: at 15569.523 ms fetching 45.315 ms
INFO: at 15588.408 ms batch [45.315] delay 18.881 ms
INFO: at 15588.408 ms fetching 45.315 ms
INFO: at 15607.292 ms batch [45.315] delay 18.881 ms
INFO: at 15607.292 ms fetching 45.315 ms
INFO: at 15626.177 ms batch [45.315] delay 18.881 ms
INFO: at 15626.177 ms fetching 45.315 ms
INFO: at 15645.061 ms batch [45.315] delay 18.881 ms
INFO: at 15645.061 ms fetching 45.315 ms
INFO: at 15663.947 ms batch [45.315] delay 18.881 ms
INFO: at 15663.947 ms fetching 45.315 ms
INFO: at 15682.830 ms batch [45.315] delay 18.881 ms
INFO: at 15682.830 ms fetching 45.315 ms
INFO: at 15701.716 ms batch [45.315] delay 18.881 ms
INFO: at 15701.716 ms fetching 45.315 ms
INFO: at 15720.600 ms batch [45.315] delay 18.881 ms
INFO: at 15720.600 ms fetching 45.315 ms
INFO: at 15739.486 ms batch [45.315] delay 18.881 ms
INFO: at 15739.486 ms fetching 45.315 ms
INFO: at 15758.371 ms batch [45.315] delay 18.881 ms
INFO: at 15758.371 ms fetching 45.315 ms
INFO: at 15777.256 ms batch [45.315] delay 18.881 ms
INFO: at 15777.256 ms fetching 45.315 ms
INFO: at 15796.140 ms batch [45.315] delay 18.881 ms
INFO: at 15796.140 ms fetching 45.315 ms
INFO: at 15815.024 ms batch [45.315] delay 18.881 ms
INFO: at 15815.024 ms fetching 45.315 ms
INFO: at 15833.909 ms batch [45.315] delay 18.881 ms
INFO: at 15833.909 ms fetching 45.315 ms
INFO: at 15852.793 ms batch [45.315] delay 18.881 ms
INFO: at 15852.793 ms fetching 45.315 ms
INFO: at 15871.677 ms batch [45.315] delay 15.105 ms
INFO: at 15871.677 ms fetching 45.315 ms
INFO: at 15886.788 ms batch [45.315] delay 15.105 ms
INFO: at 15886.788 ms fetching 45.315 ms
INFO: at 15901.896 ms batch [45.315] delay 15.105 ms
INFO: at 15901.896 ms fetching 45.315 ms
INFO: at 15917.003 ms batch [45.315] delay 15.105 ms
INFO: at 15917.003 ms fetching 45.315 ms
INFO: at 15932.111 ms batch [45.315] delay 15.105 ms
INFO: at 15932.111 ms fetching 45.315 ms
INFO: at 15947.219 ms batch [45.315] delay 15.105 ms
INFO: at 15947.219 ms fetching 45.315 ms
INFO: at 15962.326 ms batch [45.315] delay 15.105 ms
INFO: at 15962.326 ms fetching 45.315 ms
INFO: at 15977.435 ms batch [45.315] delay 15.105 ms
INFO: at 15977.435 ms fetching 45.315 ms
INFO: at 15992.542 ms batch [45.315] delay 15.105 ms
INFO: at 15992.542 ms fetching 45.315 ms
INFO: at 16007.654 ms batch [45.315] delay 15.105 ms
INFO: at 16007.654 ms fetching 45.315 ms
INFO: at 16022.762 ms batch [45.315] delay 15.105 ms
INFO: at 16022.762 ms fetching 45.315 ms
INFO: at 16037.869 ms batch [45.315] delay 15.105 ms
INFO: at 16037.869 ms fetching 45.315 ms
INFO: at 16052.978 ms batch [45.315] delay 15.105 ms
INFO: at 16052.978 ms fetching 45.315 ms
INFO: at 16068.086 ms batch [45.315] delay 15.105 ms
INFO: at 16068.086 ms fetching 45.315 ms
INFO: at 16083.194 ms batch [45.315] delay 15.105 ms
INFO: at 16083.194 ms fetching 45.315 ms
INFO: at 16098.302 ms batch [45.315] delay 28.322 ms
INFO: at 16098.302 ms fetching 45.315 ms
INFO: at 16126.627 ms batch [45.315] delay 28.322 ms
INFO: at 16126.627 ms fetching 45.315 ms
INFO: at 16154.953 ms batch [45.315] delay 28.322 ms
INFO: at 16154.953 ms fetching 45.315 ms
INFO: at 16183.279 ms batch [45.315] delay 28.322 ms
INFO: at 16183.279 ms fetching 45.315 ms
INFO: at 16211.604 ms batch [45.315] delay 28.322 ms
INFO: at 16211.604 ms fetching 45.315 ms
INFO: at 16239.930 ms batch [45.315] delay 28.322 ms
INFO: at 16239.930 ms fetching 45.315 ms
INFO: at 16268.256 ms batch [45.315] delay 28.322 ms
INFO: at 16268.256 ms fetching 45.315 ms
INFO: at 16296.582 ms batch [45.315] delay 28.322 ms
INFO: at 16296.582 ms fetching 45.315 ms
INFO: at 16324.908 ms batch [45.315] delay 22.657 ms
INFO: at 16324.908 ms fetching 45.315 ms
INFO: at 16347.569 ms batch [45.315] delay 22.657 ms
INFO: at 16347.569 ms fetching 45.315 ms
INFO: at 16370.230 ms batch [45.315] delay 22.657 ms
INFO: at 16370.230 ms fetching 45.315 ms
INFO: at 16392.892 ms batch [45.315] delay 22.657 ms
INFO: at 16392.892 ms fetching 45.315 ms
INFO: at 16415.553 ms batch [45.315] delay 22.657 ms
INFO: at 16415.553 ms fetching 45.315 ms
INFO: at 16438.214 ms batch [45.315] delay 22.657 ms
INFO: at 16438.214 ms fetching 45.315 ms
INFO: at 16460.875 ms batch [45.315] delay 22.657 ms
INFO: at 16460.875 ms fetching 45.315 ms
INFO: at 16483.535 ms batch [45.315] delay 22.657 ms
INFO: at 16483.535 ms fetching 45.315 ms
INFO: at 16506.197 ms batch [45.315] delay 22.657 ms
INFO: at 16506.197 ms fetching 45.315 ms
INFO: at 16528.859 ms batch [45.315] delay 22.657 ms
INFO: at 16528.859 ms fetching 45.315 ms
INFO: at 16551.520 ms batch [45.315] delay 25.175 ms
INFO: at 16551.520 ms fetching 45.315 ms
INFO: at 16576.698 ms batch [45.315] delay 25.175 ms
INFO: at 16576.698 ms fetching 45.315 ms
INFO: at 16601.876 ms batch [45.315] delay 25.175 ms
INFO: at 16601.876 ms fetching 45.315 ms
INFO: at 16627.054 ms batch [45.315] delay 25.175 ms
INFO: at 16627.054 ms fetching 45.315 ms
INFO: at 16652.233 ms batch [45.315] delay 25.175 ms
INFO: at 16652.233 ms fetching 45.315 ms
INFO: at 16677.412 ms batch [45.315] delay 25.175 ms
INFO: at 16677.412 ms fetching 45.315 ms
INFO: at 16702.590 ms batch [45.315] delay 25.175 ms
INFO: at 16702.590 ms fetching 45.315 ms
INFO: at 16727.769 ms batch [45.315] delay 25.175 ms
INFO: at 16727.769 ms fetching 45.315 ms
INFO: at 16752.948 ms batch [45.315] delay 25.175 ms
INFO: at 16752.948 ms fetching 45.315 ms
INFO: at 16778.131 ms batch [45.315] delay 18.881 ms
INFO: at 16778.131 ms fetching 45.315 ms
INFO: at 16797.016 ms batch [45.315] delay 18.881 ms
INFO: at 16797.016 ms fetching 45.315 ms
INFO: at 16815.901 ms batch [45.315] delay 18.881 ms
INFO: at 16815.901 ms fetching 45.315 ms
INFO: at 16834.786 ms batch [45.315] delay 18.881 ms
INFO: at 16834.786 ms fetching 45.315 ms
INFO: at 16853.671 ms batch [45.315] delay 18.881 ms
INFO: at 16853.671 ms fetching 45.315 ms
INFO: at 16872.555 ms batch [45.315] delay 18.881 ms
INFO: at 16872.555 ms fetching 45.315 ms
INFO: at 16891.439 ms batch [45.315] delay 18.881 ms
INFO: at 16891.439 ms fetching 45.315 ms
INFO: at 16910.324 ms batch [45.315] delay 18.881 ms
INFO: at 16910.324 ms fetching 45.315 ms
INFO: at 16929.209 ms batch [45.315] delay 18.881 ms
INFO: at 16929.209 ms fetching 45.315 ms
INFO: at 16948.097 ms batch [45.315] delay 18.881 ms
INFO: at 16948.097 ms fetching 45.315 ms
INFO: at 16966.981 ms batch [45.315] delay 18.881 ms
INFO: at 16966.981 ms fetching 45.315 ms
INFO: at 16985.865 ms batch [45.315] delay 18.881 ms
INFO: at 16985.865 ms fetching 45.315 ms
INFO: at 17004.749 ms batch [45.315] delay 11.329 ms
INFO: at 17004.749 ms fetching 45.315 ms
INFO: at 17016.080 ms batch [45.315] delay 11.329 ms
INFO: at 17016.080 ms fetching 45.315 ms
INFO: at 17027.411 ms batch [45.315] delay 11.329 ms
INFO: at 17027.411 ms fetching 45.315 ms
INFO: at 17038.742 ms batch [45.315] delay 11.329 ms
INFO: at 17038.742 ms fetching 45.315 ms
INFO: at 17050.073 ms batch [45.315] delay 11.329 ms
INFO: at 17050.073 ms fetching 45.315 ms
INFO: at 17061.404 ms batch [45.315] delay 11.329 ms
INFO: at 17061.404 ms fetching 45.315 ms
INFO: at 17072.735 ms batch [45.315] delay 11.329 ms
INFO: at 17072.735 ms fetching 45.315 ms
INFO: at 17084.066 ms batch [45.315] delay 11.329 ms
INFO: at 17084.066 ms fetching 45.315 ms
INFO: at 17095.397 ms batch [45.315] delay 11.329 ms
INFO: at 17095.397 ms fetching 45.315 ms
INFO: at 17106.729 ms batch [45.315] delay 11.329 ms
INFO: at 17106.729 ms fetching 45.315 ms
INFO: at 17118.060 ms batch [45.315] delay 11.329 ms
INFO: at 17118.060 ms fetching 45.315 ms
INFO: at 17129.391 ms batch [45.315] delay 11.329 ms
INFO: at 17129.391 ms fetching 45.315 ms
INFO: at 17140.722 ms batch [45.315] delay 11.329 ms
INFO: at 17140.722 ms fetching 45.315 ms
INFO: at 17152.054 ms batch [45.315] delay 11.329 ms
INFO: at 17152.054 ms fetching 45.315 ms
INFO: at 17163.386 ms batch [45.315] delay 11.329 ms
INFO: at 17163.386 ms fetching 45.315 ms
INFO: at 17174.716 ms batch [45.315] delay 11.329 ms
INFO: at 17174.716 ms fetching 45.315 ms
INFO: at 17186.048 ms batch [45.315] delay 11.329 ms
INFO: at 17186.048 ms fetching 45.315 ms
INFO: at 17197.379 ms batch [45.315] delay 11.329 ms
INFO: at 17197.379 ms fetching 45.315 ms
INFO: at 17208.713 ms batch [45.315] delay 11.329 ms
INFO: at 17208.713 ms fetching 45.315 ms
INFO: at 17220.044 ms batch [45.315] delay 11.329 ms
INFO: at 17220.044 ms fetching 45.315 ms
INFO: at 17231.375 ms batch [45.315] delay 20.598 ms
INFO: at 17231.375 ms fetching 45.315 ms
INFO: at 17251.977 ms batch [45.315] delay 20.598 ms
INFO: at 17251.977 ms fetching 45.315 ms
INFO: at 17272.578 ms batch [45.315] delay 20.598 ms
INFO: at 17272.578 ms fetching 45.315 ms
INFO: at 17293.179 ms batch [45.315] delay 20.598 ms
INFO: at 17293.179 ms fetching 45.315 ms
INFO: at 17313.780 ms batch [45.315] delay 20.598 ms
INFO: at 17313.780 ms fetching 45.315 ms
INFO: at 17334.381 ms batch [45.315] delay 20.598 ms
INFO: at 17334.381 ms fetching 45.315 ms
INFO: at 17354.982 ms batch [45.315] delay 20.598 ms
INFO: at 17354.982 ms fetching 45.315 ms
INFO: at 17375.583 ms batch [45.315] delay 20.598 ms
INFO: at 17375.583 ms fetching 45.315 ms
INFO: at 17396.184 ms batch [45.315] delay 20.598 ms
INFO: at 17396.184 ms fetching 45.315 ms
INFO: at 17416.786 ms batch [45.315] delay 20.598 ms
INFO: at 17416.786 ms fetching 45.315 ms
INFO: at 17437.388 ms batch [45.315] delay 20.598 ms
INFO: at 17437.388 ms fetching 45.315 ms
INFO: at 17457.988 ms batch [45.315] delay 28.322 ms
INFO: at 17457.988 ms fetching 45.315 ms
INFO: at 17486.314 ms batch [45.315] delay 28.322 ms
INFO: at 17486.314 ms fetching 45.315 ms
INFO: at 17514.639 ms batch [45.315] delay 28.322 ms
INFO: at 17514.639 ms fetching 45.315 ms
INFO: at 17542.965 ms batch [45.315] delay 28.322 ms
INFO: at 17542.965 ms fetching 45.315 ms
INFO: at 17571.291 ms batch [45.315] delay 28.322 ms
INFO: at 17571.291 ms fetching 45.315 ms
INFO: at 17599.617 ms batch [45.315] delay 28.322 ms
INFO: at 17599.617 ms fetching 45.315 ms
INFO: at 17627.944 ms batch [45.315] delay 28.322 ms
INFO: at 17627.944 ms fetching 45.315 ms
INFO: at 17656.270 ms batch [45.315] delay 28.322 ms
INFO: at 17656.270 ms fetching 45.315 ms
INFO: at 17684.595 ms batch [45.315] delay 28.322 ms
INFO: at 17684.595 ms fetching 45.315 ms
INFO: at 17712.921 ms batch [45.315] delay 28.322 ms
INFO: at 17712.921 ms fetching 45.315 ms
INFO: at 17741.247 ms batch [45.315] delay 28.322 ms
INFO: at 17741.247 ms fetching 45.315 ms
INFO: at 17769.572 ms batch [45.315] delay 28.322 ms
INFO: at 17769.572 ms fetching 45.315 ms
INFO: at 17797.897 ms batch [45.315] delay 28.322 ms
INFO: at 17797.897 ms fetching 45.315 ms
INFO: at 17826.222 ms batch [45.315] delay 28.322 ms
INFO: at 17826.222 ms fetching 45.315 ms
INFO: at 17854.547 ms batch [45.315] delay 28.322 ms
INFO: at 17854.547 ms fetching 45.315 ms
INFO: at 17882.873 ms batch [45.315] delay 28.322 ms
INFO: at 17882.873 ms fetching 45.315 ms
INFO: at 17911.203 ms batch [45.315] delay 20.598 ms
INFO: at 17911.203 ms fetching 45.315 ms
INFO: at 17931.805 ms batch [45.315] delay 20.598 ms
INFO: at 17931.805 ms fetching 45.315 ms
INFO: at 17952.405 ms batch [45.315] delay 20.598 ms
INFO: at 17952.405 ms fetching 45.315 ms
INFO: at 17973.007 ms batch [45.315] delay 20.598 ms
INFO: at 17973.007 ms fetching 45.315 ms
INFO: at 17993.608 ms batch [45.315] delay 20.598 ms
INFO: at 17993.608 ms fetching 45.315 ms
INFO: at 18014.209 ms batch [45.315] delay 20.598 ms
INFO: at 18014.209 ms fetching 45.315 ms
INFO: at 18034.810 ms batch [45.315] delay 20.598 ms
INFO: at 18034.810 ms fetching 45.315 ms
INFO: at 18055.411 ms batch [45.315] delay 20.598 ms
INFO: at 18055.411 ms fetching 45.315 ms
INFO: at 18076.013 ms batch [45.315] delay 20.598 ms
INFO: at 18076.013 ms fetching 45.315 ms
INFO: at 18096.613 ms batch [45.315] delay 20.598 ms
INFO: at 18096.613 ms fetching 45.315 ms
INFO: at 18117.215 ms batch [45.315] delay 20.598 ms
INFO: at 18117.215 ms fetching 45.315 ms
INFO: at 18137.816 ms batch [45.315] delay 16.184 ms
INFO: at 18137.816 ms fetching 45.315 ms
INFO: at 18154.002 ms batch [45.315] delay 16.184 ms
INFO: at 18154.002 ms fetching 45.315 ms
INFO: at 18170.190 ms batch [45.315] delay 16.184 ms
INFO: at 18170.190 ms fetching 45.315 ms
INFO: at 18186.376 ms batch [45.315] delay 16.184 ms
INFO: at 18186.376 ms fetching 45.315 ms
INFO: at 18202.564 ms batch [45.315] delay 16.184 ms
INFO: at 18202.564 ms fetching 45.315 ms
INFO: at 18218.750 ms batch [45.315] delay 16.184 ms
INFO: at 18218.750 ms fetching 45.315 ms
INFO: at 18234.938 ms batch [45.315] delay 16.184 ms
INFO: at 18234.938 ms fetching 45.315 ms
INFO: at 18251.124 ms batch [45.315] delay 16.184 ms
INFO: at 18251.124 ms fetching 45.315 ms
INFO: at 18267.311 ms batch [45.315] delay 16.184 ms
INFO: at 18267.311 ms fetching 45.315 ms
INFO: at 18283.497 ms batch [45.315] delay 16.184 ms
INFO: at 18283.497 ms fetching 45.315 ms
INFO: at 18299.684 ms batch [45.315] delay 16.184 ms
INFO: at 18299.684 ms fetching 45.315 ms
INFO: at 18315.870 ms batch [45.315] delay 16.184 ms
INFO: at 18315.870 ms fetching 45.315 ms
INFO: at 18332.058 ms batch [45.315] delay 16.184 ms
INFO: at 18332.058 ms fetching 45.315 ms
INFO: at 18348.244 ms batch [45.315] delay 16.184 ms
INFO: at 18348.244 ms fetching 45.315 ms
INFO: at 18364.432 ms batch [45.315] delay 20.598 ms
INFO: at 18364.432 ms fetching 45.315 ms
INFO: at 18385.033 ms batch [45.315] delay 20.598 ms
INFO: at 18385.033 ms fetching 45.315 ms
INFO: at 18405.633 ms batch [45.315] delay 20.598 ms
INFO: at 18405.633 ms fetching 45.315 ms
INFO: at 18426.235 ms batch [45.315] delay 20.598 ms
INFO: at 18426.235 ms fetching 45.315 ms
INFO: at 18446.836 ms batch [45.315] delay 20.598 ms
INFO: at 18446.836 ms fetching 45.315 ms
INFO: at 18467.438 ms batch [45.315] delay 20.598 ms
INFO: at 18467.438 ms fetching 45.315 ms
INFO: at 18488.039 ms batch [45.315] delay 20.598 ms
INFO: at 18488.039 ms fetching 45.315 ms
INFO: at 18508.640 ms batch [45.315] delay 20.598 ms
INFO: at 18508.640 ms fetching 45.315 ms
INFO: at 18529.241 ms batch [45.315] delay 20.598 ms
INFO: at 18529.241 ms fetching 45.315 ms
INFO: at 18549.848 ms batch [45.315] delay 20.598 ms
INFO: at 18549.848 ms fetching 45.315 ms
INFO: at 18570.449 ms batch [45.315] delay 20.598 ms
INFO: at 18570.449 ms fetching 45.315 ms
INFO: at 18591.050 ms batch [45.315] delay 25.175 ms
INFO: at 18591.050 ms fetching 45.315 ms
INFO: at 18616.229 ms batch [45.315] delay 25.175 ms
INFO: at 18616.229 ms fetching 45.315 ms
INFO: at 18641.409 ms batch [45.315] delay 25.175 ms
INFO: at 18641.409 ms fetching 45.315 ms
INFO: at 18666.588 ms batch [45.315] delay 25.175 ms
INFO: at 18666.588 ms fetching 45.315 ms
INFO: at 18691.766 ms batch [45.315] delay 25.175 ms
INFO: at 18691.766 ms fetching 45.315 ms
INFO: at 18716.946 ms batch [45.315] delay 25.175 ms
INFO: at 18716.946 ms fetching 45.315 ms
INFO: at 18742.130 ms batch [45.315] delay 25.175 ms
INFO: at 18742.130 ms fetching 45.315 ms
INFO: at 18767.308 ms batch [45.315] delay 25.175 ms
INFO: at 18767.308 ms fetching 45.315 ms
INFO: at 18792.487 ms batch [45.315] delay 25.175 ms
INFO: at 18792.487 ms fetching 45.315 ms
INFO: at 18817.666 ms batch [45.315] delay 20.598 ms
INFO: at 18817.666 ms fetching 45.315 ms
INFO: at 18838.268 ms batch [45.315] delay 20.598 ms
INFO: at 18838.268 ms fetching 45.315 ms
INFO: at 18858.868 ms batch [45.315] delay 20.598 ms
INFO: at 18858.868 ms fetching 45.315 ms
INFO: at 18879.469 ms batch [45.315] delay 20.598 ms
INFO: at 18879.469 ms fetching 45.315 ms
INFO: at 18900.070 ms batch [45.315] delay 20.598 ms
INFO: at 18900.070 ms fetching 45.315 ms
INFO: at 18920.675 ms batch [45.315] delay 20.598 ms
INFO: at 18920.675 ms fetching 45.315 ms
INFO: at 18941.276 ms batch [45.315] delay 20.598 ms
INFO: at 18941.276 ms fetching 45.315 ms
INFO: at 18961.878 ms batch [45.315] delay 20.598 ms
INFO: at 18961.878 ms fetching 45.315 ms
INFO: at 18982.479 ms batch [45.315] delay 20.598 ms
INFO: at 18982.479 ms fetching 45.315 ms
INFO: at 19003.081 ms batch [45.315] delay 20.598 ms
INFO: at 19003.081 ms fetching 45.315 ms
INFO: at 19023.683 ms batch [45.315] delay 20.598 ms
INFO: at 19023.683 ms fetching 45.315 ms
INFO: at 19044.284 ms batch [45.315] delay 18.881 ms
INFO: at 19044.284 ms fetching 45.315 ms
INFO: at 19063.170 ms batch [45.315] delay 18.881 ms
INFO: at 19063.170 ms fetching 45.315 ms
INFO: at 19082.054 ms batch [45.315] delay 18.881 ms
INFO: at 19082.054 ms fetching 45.315 ms
INFO: at 19100.939 ms batch [45.315] delay 18.881 ms
INFO: at 19100.939 ms fetching 45.315 ms
INFO: at 19119.824 ms batch [45.315] delay 18.881 ms
INFO: at 19119.824 ms fetching 45.315 ms
INFO: at 19138.709 ms batch [45.315] delay 18.881 ms
INFO: at 19138.709 ms fetching 45.315 ms
INFO: at 19157.593 ms batch [45.315] delay 18.881 ms
INFO: at 19157.593 ms fetching 45.315 ms
INFO: at 19176.477 ms batch [45.315] delay 18.881 ms
INFO: at 19176.477 ms fetching 45.315 ms
INFO: at 19195.361 ms batch [45.315] delay 18.881 ms
INFO: at 19195.361 ms fetching 45.315 ms
INFO: at 19214.246 ms batch [45.315] delay 18.881 ms
INFO: at 19214.246 ms fetching 45.315 ms
INFO: at 19233.130 ms batch [45.315] delay 18.881 ms
INFO: at 19233.130 ms fetching 45.315 ms
INFO: at 19252.015 ms batch [45.315] delay 18.881 ms
INFO: at 19252.015 ms fetching 45.315 ms
INFO: at 19270.899 ms batch [45.315] delay 20.598 ms
INFO: at 19270.899 ms fetching 45.315 ms
INFO: at 19291.500 ms batch [45.315] delay 20.598 ms
INFO: at 19291.500 ms fetching 45.315 ms
INFO: at 19312.101 ms batch [45.315] delay 20.598 ms
INFO: at 19312.101 ms fetching 45.315 ms
INFO: at 19332.702 ms batch [45.315] delay 20.598 ms
INFO: at 19332.702 ms fetching 45.315 ms
INFO: at 19353.303 ms batch [45.315] delay 20.598 ms
INFO: at 19353.303 ms fetching 45.315 ms
INFO: at 19373.905 ms batch [45.315] delay 20.598 ms
INFO: at 19373.905 ms fetching 45.315 ms
INFO: at 19394.506 ms batch [45.315] delay 20.598 ms
INFO: at 19394.506 ms fetching 45.315 ms
INFO: at 19415.107 ms batch [45.315] delay 20.598 ms
INFO: at 19415.107 ms fetching 45.315 ms
INFO: at 19435.709 ms batch [45.315] delay 20.598 ms
INFO: at 19435.709 ms fetching 45.315 ms
INFO: at 19456.309 ms batch [45.315] delay 20.598 ms
INFO: at 19456.309 ms fetching 45.315 ms
INFO: at 19476.910 ms batch [45.315] delay 20.598 ms
INFO: at 19476.910 ms fetching 45.315 ms
INFO: at 19497.512 ms batch [45.315] delay 15.105 ms
INFO: at 19497.512 ms fetching 45.315 ms
INFO: at 19512.619 ms batch [45.315] delay 15.105 ms
INFO: at 19512.619 ms fetching 45.315 ms
INFO: at 19527.727 ms batch [45.315] delay 15.105 ms
INFO: at 19527.727 ms fetching 45.315 ms
INFO: at 19542.835 ms batch [45.315] delay 15.105 ms
INFO: at 19542.835 ms fetching 45.315 ms
INFO: at 19557.943 ms batch [45.315] delay 15.105 ms
INFO: at 19557.943 ms fetching 45.315 ms
INFO: at 19573.052 ms batch [45.315] delay 15.105 ms
INFO: at 19573.052 ms fetching 45.315 ms
INFO: at 19588.159 ms batch [45.315] delay 15.105 ms
INFO: at 19588.159 ms fetching 45.315 ms
INFO: at 19603.267 ms batch [45.315] delay 15.105 ms
INFO: at 19603.267 ms fetching 45.315 ms
INFO: at 19618.375 ms batch [45.315] delay 15.105 ms
INFO: at 19618.375 ms fetching 45.315 ms
INFO: at 19633.482 ms batch [45.315] delay 15.105 ms
INFO: at 19633.482 ms fetching 45.315 ms
INFO: at 19648.591 ms batch [45.315] delay 15.105 ms
INFO: at 19648.591 ms fetching 45.315 ms
INFO: at 19663.699 ms batch [45.315] delay 15.105 ms
INFO: at 19663.699 ms fetching 45.315 ms
INFO: at 19678.807 ms batch [45.315] delay 15.105 ms
INFO: at 19678.807 ms fetching 45.315 ms
INFO: at 19693.915 ms batch [45.315] delay 15.105 ms
INFO: at 19693.915 ms fetching 45.315 ms
INFO: at 19709.022 ms batch [45.315] delay 15.105 ms
INFO: at 19709.022 ms fetching 45.315 ms
INFO: at 19724.130 ms batch [45.315] delay 25.175 ms
INFO: at 19724.130 ms fetching 45.315 ms
INFO: at 19749.309 ms batch [45.315] delay 25.175 ms
INFO: at 19749.309 ms fetching 45.315 ms
INFO: at 19774.487 ms batch [45.315] delay 25.175 ms
INFO: at 19774.487 ms fetching 45.315 ms
INFO: at 19799.669 ms batch [45.315] delay 25.175 ms
INFO: at 19799.669 ms fetching 45.315 ms
INFO: at 19824.848 ms batch [45.315] delay 25.175 ms
INFO: at 19824.848 ms fetching 45.315 ms
INFO: at 19850.027 ms batch [45.315] delay 25.175 ms
INFO: at 19850.027 ms fetching 45.315 ms
INFO: at 19875.208 ms batch [45.315] delay 25.175 ms
INFO: at 19875.208 ms fetching 45.315 ms
INFO: at 19900.387 ms batch [45.315] delay 25.175 ms
INFO: at 19900.387 ms fetching 45.315 ms
INFO: at 19925.565 ms batch [45.315] delay 25.175 ms
INFO: at 19925.565 ms fetching 45.315 ms
INFO: at 19950.743 ms batch [45.315] delay 22.657 ms
INFO: at 19950.743 ms fetching 45.315 ms
INFO: at 19973.403 ms batch [45.315] delay 22.657 ms
INFO: at 19973.403 ms fetching 45.315 ms
INFO: at 19996.065 ms batch [45.315] delay 22.657 ms
INFO: at 19996.065 ms fetching 45.315 ms
INFO: at 20018.726 ms batch [45.315] delay 22.657 ms
INFO: at 20018.726 ms fetching 45.315 ms
INFO: at 20041.388 ms batch [45.315] delay 22.657 ms
INFO: at 20041.388 ms fetching 45.315 ms
INFO: at 20064.049 ms batch [45.315] delay 22.657 ms
INFO: at 20064.049 ms fetching 45.315 ms
INFO: at 20086.710 ms batch [45.315] delay 22.657 ms
INFO: at 20086.710 ms fetching 45.315 ms
INFO: at 20109.371 ms batch [45.315] delay 22.657 ms
INFO: at 20109.371 ms fetching 45.315 ms
INFO: at 20132.032 ms batch [45.315] delay 22.657 ms
INFO: at 20132.032 ms fetching 45.315 ms
INFO: at 20154.693 ms batch [45.315] delay 22.657 ms
INFO: at 20154.693 ms fetching 45.315 ms
INFO: at 20177.354 ms batch [45.315] delay 20.598 ms
INFO: at 20177.354 ms fetching 45.315 ms
INFO: at 20197.955 ms batch [45.315] delay 20.598 ms
INFO: at 20197.955 ms fetching 45.315 ms
INFO: at 20218.556 ms batch [45.315] delay 20.598 ms
INFO: at 20218.556 ms fetching 45.315 ms
INFO: at 20239.157 ms batch [45.315] delay 20.598 ms
INFO: at 20239.157 ms fetching 45.315 ms
INFO: at 20259.759 ms batch [45.315] delay 20.598 ms
INFO: at 20259.759 ms fetching 45.315 ms
INFO: at 20280.361 ms batch [45.315] delay 20.598 ms
INFO: at 20280.361 ms fetching 45.315 ms
INFO: at 20300.961 ms batch [45.315] delay 20.598 ms
INFO: at 20300.961 ms fetching 45.315 ms
INFO: at 20321.562 ms batch [45.315] delay 20.598 ms
INFO: at 20321.562 ms fetching 45.315 ms
INFO: at 20342.164 ms batch [45.315] delay 20.598 ms
INFO: at 20342.164 ms fetching 45.315 ms
INFO: at 20362.766 ms batch [45.315] delay 20.598 ms
INFO: at 20362.766 ms fetching 45.315 ms
INFO: at 20383.366 ms batch [45.315] delay 20.598 ms
INFO: at 20383.366 ms fetching 45.315 ms
INFO: at 20403.967 ms batch [45.315] delay 17.429 ms
INFO: at 20403.967 ms fetching 45.315 ms
INFO: at 20421.399 ms batch [45.315] delay 17.429 ms
INFO: at 20421.399 ms fetching 45.315 ms
INFO: at 20438.831 ms batch [45.315] delay 17.429 ms
INFO: at 20438.831 ms fetching 45.315 ms
INFO: at 20456.263 ms batch [45.315] delay 17.429 ms
INFO: at 20456.263 ms fetching 45.315 ms
INFO: at 20473.694 ms batch [45.315] delay 17.429 ms
INFO: at 20473.694 ms fetching 45.315 ms
INFO: at 20491.126 ms batch [45.315] delay 17.429 ms
INFO: at 20491.126 ms fetching 45.315 ms
INFO: at 20508.558 ms batch [45.315] delay 17.429 ms
INFO: at 20508.558 ms fetching 45.315 ms
INFO: at 20525.990 ms batch [45.315] delay 17.429 ms
INFO: at 20525.990 ms fetching 45.315 ms
INFO: at 20543.423 ms batch [45.315] delay 17.429 ms
INFO: at 20543.423 ms fetching 45.315 ms
INFO: at 20560.855 ms batch [45.315] delay 17.429 ms
INFO: at 20560.855 ms fetching 45.315 ms
INFO: at 20578.287 ms batch [45.315] delay 17.429 ms
INFO: at 20578.287 ms fetching 45.315 ms
INFO: at 20595.719 ms batch [45.315] delay 17.429 ms
INFO: at 20595.719 ms fetching 45.315 ms
INFO: at 20613.150 ms batch [45.315] delay 17.429 ms
INFO: at 20613.150 ms fetching 45.315 ms
INFO: at 20630.583 ms batch [45.315] delay 16.184 ms
INFO: at 20630.583 ms fetching 45.315 ms
INFO: at 20646.769 ms batch [45.315] delay 16.184 ms
INFO: at 20646.769 ms fetching 45.315 ms
INFO: at 20662.956 ms batch [45.315] delay 16.184 ms
INFO: at 20662.956 ms fetching 45.315 ms
INFO: at 20679.143 ms batch [45.315] delay 16.184 ms
INFO: at 20679.143 ms fetching 45.315 ms
INFO: at 20695.331 ms batch [45.315] delay 16.184 ms
INFO: at 20695.331 ms fetching 45.315 ms
INFO: at 20711.518 ms batch [45.315] delay 16.184 ms
INFO: at 20711.518 ms fetching 45.315 ms
INFO: at 20727.705 ms batch [45.315] delay 16.184 ms
INFO: at 20727.705 ms fetching 45.315 ms
INFO: at 20743.891 ms batch [45.315] delay 16.184 ms
INFO: at 20743.891 ms fetching 45.315 ms
INFO: at 20760.078 ms batch [45.315] delay 16.184 ms
INFO: at 20760.078 ms fetching 45.315 ms
INFO: at 20776.265 ms batch [45.315] delay 16.184 ms
INFO: at 20776.265 ms fetching 45.315 ms
INFO: at 20792.452 ms batch [45.315] delay 16.184 ms
INFO: at 20792.452 ms fetching 45.315 ms
INFO: at 20808.638 ms batch [45.315] delay 16.184 ms
INFO: at 20808.638 ms fetching 45.315 ms
INFO: at 20824.825 ms batch [45.315] delay 16.184 ms
INFO: at 20824.825 ms fetching 45.315 ms
INFO: at 20841.012 ms batch [45.315] delay 16.184 ms
INFO: at 20841.012 ms fetching 45.315 ms
INFO: at 20857.199 ms batch [45.315] delay 20.598 ms
INFO: at 20857.199 ms fetching 45.315 ms
INFO: at 20877.800 ms batch [45.315] delay 20.598 ms
INFO: at 20877.800 ms fetching 45.315 ms
INFO: at 20898.401 ms batch [45.315] delay 20.598 ms
INFO: at 20898.401 ms fetching 45.315 ms
INFO: at 20919.001 ms batch [45.315] delay 20.598 ms
INFO: at 20919.001 ms fetching 45.315 ms
INFO: at 20939.602 ms batch [45.315] delay 20.598 ms
INFO: at 20939.602 ms fetching 45.315 ms
INFO: at 20960.203 ms batch [45.315] delay 20.598 ms
INFO: at 20960.203 ms fetching 45.315 ms
INFO: at 20980.805 ms batch [45.315] delay 20.598 ms
INFO: at 20980.805 ms fetching 45.315 ms
INFO: at 21001.406 ms batch [45.315] delay 20.598 ms
INFO: at 21001.406 ms fetching 45.315 ms
INFO: at 21022.007 ms batch [45.315] delay 20.598 ms
INFO: at 21022.007 ms fetching 45.315 ms
INFO: at 21042.608 ms batch [45.315] delay 20.598 ms
INFO: at 21042.608 ms fetching 45.315 ms
INFO: at 21063.208 ms batch [45.315] delay 20.598 ms
INFO: at 21063.208 ms fetching 45.315 ms
INFO: at 21083.810 ms batch [45.315] delay 22.657 ms
INFO: at 21083.810 ms fetching 45.315 ms
INFO: at 21106.470 ms batch [45.315] delay 22.657 ms
INFO: at 21106.470 ms fetching 45.315 ms
INFO: at 21129.131 ms batch [45.315] delay 22.657 ms
INFO: at 21129.131 ms fetching 45.315 ms
INFO: at 21151.792 ms batch [45.315] delay 22.657 ms
INFO: at 21151.792 ms fetching 45.315 ms
INFO: at 21174.465 ms batch [45.315] delay 22.657 ms
INFO: at 21174.465 ms fetching 45.315 ms
INFO: at 21197.127 ms batch [45.315] delay 22.657 ms
INFO: at 21197.127 ms fetching 45.315 ms
INFO: at 21219.787 ms batch [45.315] delay 22.657 ms
INFO: at 21219.787 ms fetching 45.315 ms
INFO: at 21242.448 ms batch [45.315] delay 22.657 ms
INFO: at 21242.448 ms fetching 45.315 ms
INFO: at 21265.109 ms batch [45.315] delay 22.657 ms
INFO: at 21265.109 ms fetching 45.315 ms
INFO: at 21287.770 ms batch [45.315] delay 22.657 ms
INFO: at 21287.770 ms fetching 45.315 ms
INFO: at 21310.431 ms batch [45.315] delay 16.184 ms
INFO: at 21310.431 ms fetching 45.315 ms
INFO: at 21326.618 ms batch [45.315] delay 16.184 ms
INFO: at 21326.618 ms fetching 45.315 ms
INFO: at 21342.805 ms batch [45.315] delay 16.184 ms
INFO: at 21342.805 ms fetching 45.315 ms
INFO: at 21358.992 ms batch [45.315] delay 16.184 ms
INFO: at 21358.992 ms fetching 45.315 ms
INFO: at 21375.182 ms batch [45.315] delay 16.184 ms
INFO: at 21375.182 ms fetching 45.315 ms
INFO: at 21391.369 ms batch [45.315] delay 16.184 ms
INFO: at 21391.369 ms fetching 45.315 ms
INFO: at 21407.556 ms batch [45.315] delay 16.184 ms
INFO: at 21407.556 ms fetching 45.315 ms
INFO: at 21423.743 ms batch [45.315] delay 16.184 ms
INFO: at 21423.743 ms fetching 45.315 ms
INFO: at 21439.929 ms batch [45.315] delay 16.184 ms
INFO: at 21439.929 ms fetching 45.315 ms
INFO: at 21456.116 ms batch [45.315] delay 16.184 ms
INFO: at 21456.116 ms fetching 45.315 ms
INFO: at 21472.303 ms batch [45.315] delay 16.184 ms
INFO: at 21472.303 ms fetching 45.315 ms
INFO: at 21488.491 ms batch [45.315] delay 16.184 ms
INFO: at 21488.491 ms fetching 45.315 ms
INFO: at 21504.678 ms batch [45.315] delay 0.000 ms
INFO: at 21504.678 ms fetching 45.315 ms
INFO: done
22-04-16:17:21:43 INFO     [docker_logging_utils.py:19] [default-cluster] Created logging directory: /home/cc/DynWork/multimodal_dataset/repeat-3/Static_CV/Azure/classification/inception_imagenet/1.5_x_P99/clipper/logs
22-04-16:17:22:26 INFO     [clipper_admin.py:1424] [default-cluster] Stopped all Clipper cluster and all model containers
