Starting Python Closure container
Connecting to Clipper with default port: 7000
/usr/local/lib/python3.7/runpy.py:125: RuntimeWarning: 'clipper_admin.metrics.server' found in sys.modules after import of package 'clipper_admin.metrics', but prior to execution of 'clipper_admin.metrics.server'; this may result in unpredictable behaviour
  warn(RuntimeWarning(msg))
22-01-26:16:09:12 INFO     [server.py:80] Metric Server Started!
22-01-26:16:09:12 INFO     [server.py:85] Redis Connected! Waiting for messages...
Serving predictions for floats input type.
Sent heartbeat!
Received heartbeat!
Sent container metadata!
Got start of message 0 
fake_model: serving batch [[1.]], sleeping for 1.00ms = 0.74 + 0.26 * 1 * 1.00
fake_model: returning [1.0]
recv: 0.000386 s, parse: 0.000009 s, handle: 0.001915 s
Got start of message 1 
fake_model: serving batch [[44.238148]], sleeping for 44.24ms = 32.78 + 0.26 * 1 * 44.24
fake_model: returning [44.238148]
recv: 0.000205 s, parse: 0.000008 s, handle: 0.044731 s
Got start of message 2 
fake_model: serving batch [[55.034935]], sleeping for 55.03ms = 40.78 + 0.26 * 1 * 55.03
fake_model: returning [55.034935]
recv: 0.000103 s, parse: 0.000004 s, handle: 0.055301 s
Got start of message 3 
fake_model: serving batch [[70.74226]
 [35.41057]], sleeping for 89.06ms = 52.42 + 0.26 * 2 * 70.74
fake_model: returning [70.74226, 35.41057]
recv: 0.000103 s, parse: 0.000004 s, handle: 0.089356 s
Got start of message 4 
fake_model: serving batch [[44.64567 ]
 [60.916733]
 [62.72353 ]
 [61.840885]], sleeping for 111.45ms = 46.48 + 0.26 * 4 * 62.72
fake_model: returning [44.64567, 60.916733, 62.72353, 61.840885]
recv: 0.000108 s, parse: 0.000004 s, handle: 0.111778 s
Got start of message 5 
fake_model: serving batch [[68.07657 ]
 [33.005035]
 [46.555748]
 [57.63738 ]
 [75.05666 ]
 [52.550507]
 [38.428238]
 [39.890816]], sleeping for 211.11ms = 55.62 + 0.26 * 8 * 75.06
fake_model: returning [68.07657, 33.005035, 46.555748, 57.63738, 75.05666, 52.550507, 38.428238, 39.890816]
recv: 0.000119 s, parse: 0.000004 s, handle: 0.211579 s
Got start of message 6 
fake_model: serving batch [[56.78988 ]
 [44.44534 ]
 [36.767586]
 [58.20392 ]
 [71.45698 ]
 [36.256336]
 [27.204914]], sleeping for 182.48ms = 52.95 + 0.26 * 7 * 71.46
fake_model: returning [56.78988, 44.44534, 36.767586, 58.20392, 71.45698, 36.256336, 27.204914]
recv: 0.000176 s, parse: 0.000006 s, handle: 0.183073 s
Got start of message 7 
fake_model: serving batch [[50.17696]], sleeping for 50.18ms = 37.18 + 0.26 * 1 * 50.18
fake_model: returning [50.17696]
recv: 0.000207 s, parse: 0.000008 s, handle: 0.050626 s
Got start of message 8 
fake_model: serving batch [[68.49323 ]
 [60.26529 ]
 [66.14318 ]
 [40.513107]
 [64.554016]
 [40.305172]
 [67.699844]
 [79.92914 ]], sleeping for 224.81ms = 59.23 + 0.26 * 8 * 79.93
fake_model: returning [68.49323, 60.26529, 66.14318, 40.513107, 64.554016, 40.305172, 67.699844, 79.92914]
recv: 0.000122 s, parse: 0.000005 s, handle: 0.225205 s
Got start of message 9 
fake_model: serving batch [[37.286087]], sleeping for 37.29ms = 27.63 + 0.26 * 1 * 37.29
fake_model: returning [37.286087]
recv: 0.000136 s, parse: 0.000006 s, handle: 0.037593 s
