[1m[15:56:21.914][info]       [REDIS] Successfully issued command "SELECT 1"
[00m[1m[15:56:21.914][info]     [STATEDB] Persistent state DB created
[00m[1m[15:56:21.927][info]  [TASKEXE...] TaskExecutor started
[00m[1m[15:56:21.928][info]         [RPC] RPC thread started at address: tcp://*:7000
[00m[1m[15:56:21.929][info]       [REDIS] Successfully issued command "CONFIG SET notify-keyspace-events AKE"
[00m[1m[15:56:21.929][info]       [REDIS] SUBSCRIPTION STRING: __keyspace@2__:*
[00m[1m[15:56:21.929][info]       [REDIS] SUBSCRIPTION STRING: __keyspace@3__:*
[00m[1m[15:56:21.929][info]      [TIMERS] Starting timer thread
[00m[1m[15:56:21.929][info]      [TIMERS] Timer thread started
[00m[1m[15:56:21.929][info]  [QUERYPR...] Query Processor started
[00m[1m[15:56:21.929][info]      [TIMERS] Starting timer event loop
[00m[1m[15:56:21.930][info]       [REDIS] SUBSCRIPTION STRING: __keyspace@5__:*
[00m[1m[15:56:21.930][info]       [REDIS] SUBSCRIPTION STRING: __keyspace@7__:*
[00m[1m[15:56:21.930][info]       [REDIS] SUBSCRIPTION STRING: __keyspace@6__:CURRENT_MODEL_VERSION:*
[00m[1m[15:56:21.931][info]       [REDIS] Successfully issued command "SELECT 5"
[00m[1m[15:56:21.931][info]       [REDIS] Successfully issued command "KEYS *"
[00m[1m[15:56:21.931][info]       [REDIS] Successfully issued command "SELECT 2"
[00m[1m[15:56:21.931][info]       [REDIS] Successfully issued command "KEYS *"
[00m[31m[1m[15:56:23.892][error]    [METRICS] Ratio internal:prediction_cache_hit_ratio has denominator zero!
[00m[31m[1m[15:56:25.804][error]    [METRICS] Ratio internal:prediction_cache_hit_ratio has denominator zero!
[00m[1m[15:56:25.816][info]       [REDIS] MESSAGE: hset
[00m[1m[15:56:25.816][info]  [QUERYFR...] APPLICATION EVENT DETECTED. Key: fake-model, event_type: hset
[00m[1m[15:56:25.816][info]  [QUERYFR...] New application detected: fake-model
[00m[1m[15:56:25.817][info]       [REDIS] Successfully issued command "SELECT 5"
[00m[1m[15:56:25.817][info]       [REDIS] Successfully issued command "HGETALL fake-model"
[00m[1m[15:56:25.817][info]       [REDIS] 	 input_type: floats
[00m[1m[15:56:25.817][info]       [REDIS] 	 policy: DefaultOutputSelectionPolicy
[00m[1m[15:56:25.817][info]       [REDIS] 	 default_output: None
[00m[1m[15:56:25.817][info]       [REDIS] 	 latency_slo_micros: 89000
[00m[1m[15:56:25.817][info]       [REDIS] Successfully issued command "SET fake-model:0:0 {"y_hat":"None"}"
[00m[1m[15:56:29.217][info]       [REDIS] MESSAGE: hset
[00m[1m[15:56:29.218][info]       [REDIS] Successfully issued command "SELECT 2"
[00m[1m[15:56:29.218][info]       [REDIS] MESSAGE: set
[00m[1m[15:56:29.218][info]  [QUERYFR...] MODEL VERSION CHANGE DETECTED. Key: fake-model, event_type: set
[00m[1m[15:56:29.218][info]       [REDIS] Successfully issued command "HGETALL fake-model:1"
[00m[1m[15:56:29.218][info]       [REDIS] 	 model_name: fake-model
[00m[1m[15:56:29.218][info]       [REDIS] 	 model_version: 1
[00m[1m[15:56:29.218][info]       [REDIS] 	 load: 0.000000
[00m[1m[15:56:29.218][info]       [REDIS] 	 input_type: floats
[00m[1m[15:56:29.218][info]       [REDIS] 	 labels: 
[00m[1m[15:56:29.218][info]       [REDIS] 	 container_name: default-cluster-fake-model:1
[00m[1m[15:56:29.218][info]       [REDIS] 	 model_data_path: DEPRECATED
[00m[1m[15:56:29.218][info]       [REDIS] 	 batch_size: 8
[00m[1m[15:56:29.218][info]       [REDIS] 	 valid: 
[00m[1m[15:56:29.218][info]  [TASKEXE...] Registered batch size of 8 for model fake-model:1
[00m[1m[15:56:29.218][info]       [REDIS] Successfully issued command "SELECT 6"
[00m[1m[15:56:29.218][info]       [REDIS] Successfully issued command "GET CURRENT_MODEL_VERSION:fake-model"
[00m[1m[15:56:29.222][info]       [REDIS] MESSAGE: sadd
[00m[1m[15:56:29.223][info]  [QUERYFR...] APP LINKS EVENT DETECTED. App name: fake-model, event_type: sadd
[00m[1m[15:56:29.223][info]  [QUERYFR...] New model link detected for app: fake-model
[00m[1m[15:56:29.223][info]       [REDIS] Successfully issued command "SELECT 7"
[00m[1m[15:56:29.223][info]       [REDIS] Successfully issued command "SMEMBERS fake-model"
[00m[1m[15:56:31.243][info]  [QUERYPR...] Found 1 tasks
[00m[31m[1m[15:56:31.243][error] [TASKEXE...] Received task for unknown model: fake-model : 1
[00m[31m[1m[15:56:31.243][error] [QUERYPR...] No connected models found for query with id: 0
[00m[1m[15:56:32.247][info]  [QUERYPR...] Found 1 tasks
[00m[31m[1m[15:56:32.247][error] [TASKEXE...] Received task for unknown model: fake-model : 1
[00m[31m[1m[15:56:32.247][error] [QUERYPR...] No connected models found for query with id: 1
[00m[1m[15:56:33.250][info]  [QUERYPR...] Found 1 tasks
[00m[31m[1m[15:56:33.250][error] [TASKEXE...] Received task for unknown model: fake-model : 1
[00m[31m[1m[15:56:33.250][error] [QUERYPR...] No connected models found for query with id: 2
[00m[1m[15:56:34.253][info]  [QUERYPR...] Found 1 tasks
[00m[31m[1m[15:56:34.253][error] [TASKEXE...] Received task for unknown model: fake-model : 1
[00m[31m[1m[15:56:34.253][error] [QUERYPR...] No connected models found for query with id: 3
[00m[31m[1m[15:56:34.609][error]    [METRICS] Ratio internal:prediction_cache_hit_ratio has denominator zero!
[00m[1m[15:56:34.978][info]         [RPC] Found message to receive
[00m[1m[15:56:34.979][info]         [RPC] Found message to receive
[00m[1m[15:56:34.979][info]         [RPC] New container connected
[00m[1m[15:56:34.979][info]         [RPC] Container added
[00m[1m[15:56:34.979][info]       [REDIS] Successfully issued command "SELECT 3"
[00m[1m[15:56:34.979][info]       [REDIS] MESSAGE: hset
[00m[1m[15:56:34.979][info]       [REDIS] Successfully issued command "HMSET fake-model,1,0 model_id fake-model:1 model_name fake-model model_version 1 model_replica_id 0 zmq_connection_id 0 batch_size 1 input_type floats"
[00m[1m[15:56:34.979][info]  [THREADPOOL] Work queue created for model fake-model:1, replica 0
[00m[1m[15:56:34.979][info]       [REDIS] Successfully issued command "SELECT 3"
[00m[1m[15:56:34.980][info]       [REDIS] Successfully issued command "HGETALL fake-model,1,0"
[00m[1m[15:56:34.980][info]       [REDIS] 	 model_id: fake-model:1
[00m[1m[15:56:34.980][info]       [REDIS] 	 model_name: fake-model
[00m[1m[15:56:34.980][info]       [REDIS] 	 model_version: 1
[00m[1m[15:56:34.980][info]       [REDIS] 	 model_replica_id: 0
[00m[1m[15:56:34.980][info]       [REDIS] 	 zmq_connection_id: 0
[00m[1m[15:56:34.980][info]       [REDIS] 	 batch_size: 1
[00m[1m[15:56:34.980][info]       [REDIS] 	 input_type: floats
[00m[1m[15:56:34.980][info]  [CONTAINERS] Adding new container - model: fake-model, version: 1, connection ID: 0, replica ID: 0, input_type: floats
[00m[1m[15:56:34.980][info]  [CONTAINERS] Creating new ModelContainer for model fake-model:1, id: 0
[00m[1m[15:56:34.980][info]  [CONTAINERS] 
Active containers:
	Model: fake-model:1
		rep_id: 0, container_id: 0

[00m[1m[15:56:34.980][info]       [REDIS] Successfully issued command "SELECT 2"
[00m[1m[15:56:34.980][info]       [REDIS] Successfully issued command "HGETALL fake-model:1"
[00m[1m[15:56:34.980][info]       [REDIS] 	 model_name: fake-model
[00m[1m[15:56:34.980][info]       [REDIS] 	 model_version: 1
[00m[1m[15:56:34.980][info]       [REDIS] 	 load: 0.000000
[00m[1m[15:56:34.980][info]       [REDIS] 	 input_type: floats
[00m[1m[15:56:34.980][info]       [REDIS] 	 labels: 
[00m[1m[15:56:34.980][info]       [REDIS] 	 container_name: default-cluster-fake-model:1
[00m[1m[15:56:34.980][info]       [REDIS] 	 model_data_path: DEPRECATED
[00m[1m[15:56:34.980][info]       [REDIS] 	 batch_size: 8
[00m[1m[15:56:34.980][info]       [REDIS] 	 valid: 
[00m[1m[15:56:34.980][info]  [TASKEXE...] Created queue for new model: fake-model : 1
[00m[1m[15:56:34.980][info]  [THREADPOOL] Work queue created for model fake-model:1, replica 0
[00m[31m[1m[15:56:34.981][error] [THREADPOOL] Work queue already exists for model fake-model:1, replica 0
[00m[1m[15:56:35.256][info]  [QUERYPR...] Found 1 tasks
[00m[1m[15:56:35.256][info]  [TASKEXE...] Adding task to queue. QueryID: 4, model: fake-model:1
[00m[1m[15:56:35.256][info]  [TASKEXE...] Sending batch to model: fake-model:1 replica 0.Batch size: 1. Query IDs: 4 
[00m[1m[15:56:35.260][info]         [RPC] Found message to receive
[00m[1m[15:56:35.266][info]  [QUERYPR...] Found 1 tasks
[00m[1m[15:56:35.266][info]  [TASKEXE...] Adding task to queue. QueryID: 5, model: fake-model:1
[00m[1m[15:56:35.266][info]  [TASKEXE...] Sending batch to model: fake-model:1 replica 0.Batch size: 1. Query IDs: 5 
[00m[1m[15:56:35.292][info]  [QUERYPR...] Found 1 tasks
[00m[1m[15:56:35.293][info]  [TASKEXE...] Adding task to queue. QueryID: 6, model: fake-model:1
[00m[1m[15:56:35.304][info]         [RPC] Found message to receive
[00m[1m[15:56:35.304][info]  [TASKEXE...] Sending batch to model: fake-model:1 replica 0.Batch size: 1. Query IDs: 6 
[00m[1m[15:56:35.319][info]  [QUERYPR...] Found 1 tasks
[00m[1m[15:56:35.319][info]  [TASKEXE...] Adding task to queue. QueryID: 7, model: fake-model:1
[00m[1m[15:56:35.347][info]  [QUERYPR...] Found 1 tasks
[00m[1m[15:56:35.347][info]  [TASKEXE...] Adding task to queue. QueryID: 8, model: fake-model:1
[00m[1m[15:56:35.375][info]  [QUERYPR...] Found 1 tasks
[00m[1m[15:56:35.375][info]  [TASKEXE...] Adding task to queue. QueryID: 9, model: fake-model:1
[00m[1m[15:56:35.394][info]         [RPC] Found message to receive
[00m[1m[15:56:35.394][info]  [TASKEXE...] Sending batch to model: fake-model:1 replica 0.Batch size: 3. Query IDs: 7 8 9 
[00m[1m[15:56:35.402][info]  [QUERYPR...] Found 1 tasks
[00m[1m[15:56:35.402][info]  [TASKEXE...] Adding task to queue. QueryID: 10, model: fake-model:1
[00m[1m[15:56:35.429][info]  [QUERYPR...] Found 1 tasks
[00m[1m[15:56:35.429][info]  [TASKEXE...] Adding task to queue. QueryID: 11, model: fake-model:1
[00m[1m[15:56:35.457][info]  [QUERYPR...] Found 1 tasks
[00m[1m[15:56:35.457][info]  [TASKEXE...] Adding task to queue. QueryID: 12, model: fake-model:1
[00m[1m[15:56:35.470][info]  [QUERYPR...] Found 1 tasks
[00m[1m[15:56:35.470][info]  [TASKEXE...] Adding task to queue. QueryID: 13, model: fake-model:1
[00m[1m[15:56:35.485][info]  [QUERYPR...] Found 1 tasks
[00m[1m[15:56:35.485][info]  [TASKEXE...] Adding task to queue. QueryID: 14, model: fake-model:1
[00m[1m[15:56:35.498][info]  [QUERYPR...] Found 1 tasks
[00m[1m[15:56:35.498][info]  [TASKEXE...] Adding task to queue. QueryID: 15, model: fake-model:1
[00m[1m[15:56:35.512][info]  [QUERYPR...] Found 1 tasks
[00m[1m[15:56:35.512][info]  [TASKEXE...] Adding task to queue. QueryID: 16, model: fake-model:1
[00m[1m[15:56:35.526][info]  [QUERYPR...] Found 1 tasks
[00m[1m[15:56:35.526][info]  [TASKEXE...] Adding task to queue. QueryID: 17, model: fake-model:1
[00m[1m[15:56:35.529][info]         [RPC] Found message to receive
[00m[1m[15:56:35.529][info]  [TASKEXE...] Sending batch to model: fake-model:1 replica 0.Batch size: 6. Query IDs: 12 13 14 15 16 17 
[00m[1m[15:56:35.540][info]  [QUERYPR...] Found 1 tasks
[00m[1m[15:56:35.540][info]  [TASKEXE...] Adding task to queue. QueryID: 18, model: fake-model:1
[00m[1m[15:56:35.553][info]  [QUERYPR...] Found 1 tasks
[00m[1m[15:56:35.553][info]  [TASKEXE...] Adding task to queue. QueryID: 19, model: fake-model:1
[00m[1m[15:56:35.567][info]  [QUERYPR...] Found 1 tasks
[00m[1m[15:56:35.567][info]  [TASKEXE...] Adding task to queue. QueryID: 20, model: fake-model:1
[00m[1m[15:56:35.581][info]  [QUERYPR...] Found 1 tasks
[00m[1m[15:56:35.581][info]  [TASKEXE...] Adding task to queue. QueryID: 21, model: fake-model:1
[00m[1m[15:56:35.594][info]  [QUERYPR...] Found 1 tasks
[00m[1m[15:56:35.594][info]  [TASKEXE...] Adding task to queue. QueryID: 22, model: fake-model:1
[00m[1m[15:56:35.608][info]  [QUERYPR...] Found 1 tasks
[00m[1m[15:56:35.608][info]  [TASKEXE...] Adding task to queue. QueryID: 23, model: fake-model:1
[00m[1m[15:56:35.622][info]  [QUERYPR...] Found 1 tasks
[00m[1m[15:56:35.622][info]  [TASKEXE...] Adding task to queue. QueryID: 24, model: fake-model:1
[00m[1m[15:56:35.635][info]  [QUERYPR...] Found 1 tasks
[00m[1m[15:56:35.636][info]  [TASKEXE...] Adding task to queue. QueryID: 25, model: fake-model:1
[00m[1m[15:56:35.649][info]  [QUERYPR...] Found 1 tasks
[00m[1m[15:56:35.649][info]  [TASKEXE...] Adding task to queue. QueryID: 26, model: fake-model:1
[00m[1m[15:56:35.663][info]  [QUERYPR...] Found 1 tasks
[00m[1m[15:56:35.663][info]  [TASKEXE...] Adding task to queue. QueryID: 27, model: fake-model:1
[00m[1m[15:56:35.677][info]  [QUERYPR...] Found 1 tasks
[00m[1m[15:56:35.677][info]  [TASKEXE...] Adding task to queue. QueryID: 28, model: fake-model:1
[00m[1m[15:56:35.684][info]  [QUERYPR...] Found 1 tasks
[00m[1m[15:56:35.684][info]  [TASKEXE...] Adding task to queue. QueryID: 29, model: fake-model:1
[00m[1m[15:56:35.691][info]  [QUERYPR...] Found 1 tasks
[00m[1m[15:56:35.691][info]  [TASKEXE...] Adding task to queue. QueryID: 30, model: fake-model:1
[00m[1m[15:56:35.698][info]  [QUERYPR...] Found 1 tasks
[00m[1m[15:56:35.698][info]  [TASKEXE...] Adding task to queue. QueryID: 31, model: fake-model:1
[00m[1m[15:56:35.727][info]         [RPC] Found message to receive
[00m[1m[15:56:35.727][info]  [TASKEXE...] Sending batch to model: fake-model:1 replica 0.Batch size: 6. Query IDs: 26 27 28 29 30 31 
[00m[1m[15:56:35.909][info]         [RPC] Found message to receive
[00m[1m[15:56:36.089][info]  [QUERYPR...] Found 1 tasks
[00m[1m[15:56:36.089][info]  [TASKEXE...] Adding task to queue. QueryID: 32, model: fake-model:1
[00m[1m[15:56:36.089][info]  [TASKEXE...] Sending batch to model: fake-model:1 replica 0.Batch size: 1. Query IDs: 32 
[00m[1m[15:56:36.146][info]         [RPC] Found message to receive
[00m[1m[15:56:36.168][info]  [QUERYPR...] Found 1 tasks
[00m[1m[15:56:36.169][info]  [TASKEXE...] Adding task to queue. QueryID: 33, model: fake-model:1
[00m[1m[15:56:36.169][info]  [TASKEXE...] Sending batch to model: fake-model:1 replica 0.Batch size: 1. Query IDs: 33 
[00m[1m[15:56:36.169][info]  [QUERYPR...] Found 1 tasks
[00m[1m[15:56:36.169][info]  [TASKEXE...] Adding task to queue. QueryID: 34, model: fake-model:1
[00m[1m[15:56:36.169][info]  [QUERYPR...] Found 1 tasks
[00m[1m[15:56:36.169][info]  [TASKEXE...] Adding task to queue. QueryID: 35, model: fake-model:1
[00m[1m[15:56:36.170][info]  [QUERYPR...] Found 1 tasks
[00m[1m[15:56:36.170][info]  [TASKEXE...] Adding task to queue. QueryID: 36, model: fake-model:1
[00m[1m[15:56:36.170][info]  [QUERYPR...] Found 1 tasks
[00m[1m[15:56:36.170][info]  [TASKEXE...] Adding task to queue. QueryID: 37, model: fake-model:1
[00m[1m[15:56:36.170][info]  [QUERYPR...] Found 1 tasks
[00m[1m[15:56:36.171][info]  [TASKEXE...] Adding task to queue. QueryID: 38, model: fake-model:1
[00m[1m[15:56:36.206][info]  [QUERYPR...] Found 1 tasks
[00m[1m[15:56:36.206][info]  [TASKEXE...] Adding task to queue. QueryID: 39, model: fake-model:1
[00m[1m[15:56:36.206][info]  [QUERYPR...] Found 1 tasks
[00m[1m[15:56:36.206][info]  [TASKEXE...] Adding task to queue. QueryID: 40, model: fake-model:1
[00m[1m[15:56:36.206][info]  [QUERYPR...] Found 1 tasks
[00m[1m[15:56:36.206][info]  [TASKEXE...] Adding task to queue. QueryID: 41, model: fake-model:1
[00m[1m[15:56:36.206][info]  [QUERYPR...] Found 1 tasks
[00m[1m[15:56:36.206][info]  [TASKEXE...] Adding task to queue. QueryID: 42, model: fake-model:1
[00m[1m[15:56:36.207][info]  [QUERYPR...] Found 1 tasks
[00m[1m[15:56:36.207][info]  [TASKEXE...] Adding task to queue. QueryID: 43, model: fake-model:1
[00m[1m[15:56:36.207][info]  [QUERYPR...] Found 1 tasks
[00m[1m[15:56:36.207][info]  [TASKEXE...] Adding task to queue. QueryID: 44, model: fake-model:1
[00m[1m[15:56:36.207][info]  [QUERYPR...] Found 1 tasks
[00m[1m[15:56:36.207][info]  [TASKEXE...] Adding task to queue. QueryID: 45, model: fake-model:1
[00m[1m[15:56:36.207][info]  [QUERYPR...] Found 1 tasks
[00m[1m[15:56:36.207][info]  [TASKEXE...] Adding task to queue. QueryID: 46, model: fake-model:1
[00m[1m[15:56:36.207][info]  [QUERYPR...] Found 1 tasks
[00m[1m[15:56:36.207][info]  [TASKEXE...] Adding task to queue. QueryID: 47, model: fake-model:1
[00m[1m[15:56:36.207][info]  [QUERYPR...] Found 1 tasks
[00m[1m[15:56:36.207][info]  [TASKEXE...] Adding task to queue. QueryID: 48, model: fake-model:1
[00m[1m[15:56:36.207][info]  [QUERYPR...] Found 1 tasks
[00m[1m[15:56:36.207][info]  [TASKEXE...] Adding task to queue. QueryID: 49, model: fake-model:1
[00m[1m[15:56:36.207][info]  [QUERYPR...] Found 1 tasks
[00m[1m[15:56:36.207][info]  [TASKEXE...] Adding task to queue. QueryID: 50, model: fake-model:1
[00m[1m[15:56:36.207][info]  [QUERYPR...] Found 1 tasks
[00m[1m[15:56:36.207][info]  [TASKEXE...] Adding task to queue. QueryID: 51, model: fake-model:1
[00m[1m[15:56:36.208][info]  [QUERYPR...] Found 1 tasks
[00m[1m[15:56:36.208][info]  [TASKEXE...] Adding task to queue. QueryID: 52, model: fake-model:1
[00m[1m[15:56:36.208][info]  [QUERYPR...] Found 1 tasks
[00m[1m[15:56:36.208][info]  [TASKEXE...] Adding task to queue. QueryID: 53, model: fake-model:1
[00m[1m[15:56:36.208][info]  [QUERYPR...] Found 1 tasks
[00m[1m[15:56:36.208][info]  [TASKEXE...] Adding task to queue. QueryID: 54, model: fake-model:1
[00m[1m[15:56:36.208][info]  [QUERYPR...] Found 1 tasks
[00m[1m[15:56:36.208][info]  [TASKEXE...] Adding task to queue. QueryID: 55, model: fake-model:1
[00m[1m[15:56:36.208][info]  [QUERYPR...] Found 1 tasks
[00m[1m[15:56:36.208][info]  [TASKEXE...] Adding task to queue. QueryID: 56, model: fake-model:1
[00m[1m[15:56:36.208][info]  [QUERYPR...] Found 1 tasks
[00m[1m[15:56:36.208][info]  [TASKEXE...] Adding task to queue. QueryID: 57, model: fake-model:1
[00m[1m[15:56:36.208][info]  [QUERYPR...] Found 1 tasks
[00m[1m[15:56:36.208][info]  [TASKEXE...] Adding task to queue. QueryID: 58, model: fake-model:1
[00m[1m[15:56:36.208][info]  [QUERYPR...] Found 1 tasks
[00m[1m[15:56:36.208][info]  [TASKEXE...] Adding task to queue. QueryID: 59, model: fake-model:1
[00m[1m[15:56:36.208][info]  [QUERYPR...] Found 1 tasks
[00m[1m[15:56:36.208][info]  [TASKEXE...] Adding task to queue. QueryID: 60, model: fake-model:1
[00m[1m[15:56:36.209][info]  [QUERYPR...] Found 1 tasks
[00m[1m[15:56:36.209][info]  [TASKEXE...] Adding task to queue. QueryID: 61, model: fake-model:1
[00m[1m[15:56:36.209][info]  [QUERYPR...] Found 1 tasks
[00m[1m[15:56:36.209][info]  [TASKEXE...] Adding task to queue. QueryID: 62, model: fake-model:1
[00m[1m[15:56:36.209][info]  [QUERYPR...] Found 1 tasks
[00m[1m[15:56:36.209][info]  [TASKEXE...] Adding task to queue. QueryID: 63, model: fake-model:1
[00m[1m[15:56:36.209][info]  [QUERYPR...] Found 1 tasks
[00m[1m[15:56:36.209][info]  [TASKEXE...] Adding task to queue. QueryID: 64, model: fake-model:1
[00m[1m[15:56:36.209][info]  [QUERYPR...] Found 1 tasks
[00m[1m[15:56:36.209][info]  [TASKEXE...] Adding task to queue. QueryID: 65, model: fake-model:1
[00m[1m[15:56:36.209][info]  [QUERYPR...] Found 1 tasks
[00m[1m[15:56:36.209][info]  [TASKEXE...] Adding task to queue. QueryID: 66, model: fake-model:1
[00m[1m[15:56:36.209][info]  [QUERYPR...] Found 1 tasks
[00m[1m[15:56:36.209][info]  [TASKEXE...] Adding task to queue. QueryID: 67, model: fake-model:1
[00m[1m[15:56:36.209][info]  [QUERYPR...] Found 1 tasks
[00m[1m[15:56:36.209][info]  [TASKEXE...] Adding task to queue. QueryID: 68, model: fake-model:1
[00m[1m[15:56:36.209][info]  [QUERYPR...] Found 1 tasks
[00m[1m[15:56:36.209][info]  [TASKEXE...] Adding task to queue. QueryID: 69, model: fake-model:1
[00m[1m[15:56:36.210][info]  [QUERYPR...] Found 1 tasks
[00m[1m[15:56:36.210][info]  [TASKEXE...] Adding task to queue. QueryID: 70, model: fake-model:1
[00m[1m[15:56:36.210][info]  [QUERYPR...] Found 1 tasks
[00m[1m[15:56:36.210][info]  [TASKEXE...] Adding task to queue. QueryID: 71, model: fake-model:1
[00m[1m[15:56:36.210][info]  [QUERYPR...] Found 1 tasks
[00m[1m[15:56:36.210][info]  [TASKEXE...] Adding task to queue. QueryID: 72, model: fake-model:1
[00m[1m[15:56:36.210][info]  [QUERYPR...] Found 1 tasks
[00m[1m[15:56:36.210][info]  [TASKEXE...] Adding task to queue. QueryID: 73, model: fake-model:1
[00m[1m[15:56:36.210][info]  [QUERYPR...] Found 1 tasks
[00m[1m[15:56:36.210][info]  [TASKEXE...] Adding task to queue. QueryID: 74, model: fake-model:1
[00m[1m[15:56:36.210][info]  [QUERYPR...] Found 1 tasks
[00m[1m[15:56:36.210][info]  [TASKEXE...] Adding task to queue. QueryID: 75, model: fake-model:1
[00m[1m[15:56:36.210][info]  [QUERYPR...] Found 1 tasks
[00m[1m[15:56:36.210][info]  [TASKEXE...] Adding task to queue. QueryID: 76, model: fake-model:1
[00m[1m[15:56:36.210][info]  [QUERYPR...] Found 1 tasks
[00m[1m[15:56:36.210][info]  [TASKEXE...] Adding task to queue. QueryID: 77, model: fake-model:1
[00m[1m[15:56:36.210][info]  [QUERYPR...] Found 1 tasks
[00m[1m[15:56:36.210][info]  [TASKEXE...] Adding task to queue. QueryID: 78, model: fake-model:1
[00m[1m[15:56:36.210][info]  [QUERYPR...] Found 1 tasks
[00m[1m[15:56:36.211][info]  [TASKEXE...] Adding task to queue. QueryID: 79, model: fake-model:1
[00m[1m[15:56:36.211][info]  [QUERYPR...] Found 1 tasks
[00m[1m[15:56:36.211][info]  [TASKEXE...] Adding task to queue. QueryID: 80, model: fake-model:1
[00m[1m[15:56:36.211][info]  [QUERYPR...] Found 1 tasks
[00m[1m[15:56:36.211][info]  [TASKEXE...] Adding task to queue. QueryID: 81, model: fake-model:1
[00m[1m[15:56:36.211][info]  [QUERYPR...] Found 1 tasks
[00m[1m[15:56:36.211][info]  [TASKEXE...] Adding task to queue. QueryID: 82, model: fake-model:1
[00m[1m[15:56:36.211][info]  [QUERYPR...] Found 1 tasks
[00m[1m[15:56:36.211][info]  [TASKEXE...] Adding task to queue. QueryID: 83, model: fake-model:1
[00m[1m[15:56:36.211][info]  [QUERYPR...] Found 1 tasks
[00m[1m[15:56:36.211][info]  [TASKEXE...] Adding task to queue. QueryID: 84, model: fake-model:1
[00m[1m[15:56:36.211][info]  [QUERYPR...] Found 1 tasks
[00m[1m[15:56:36.211][info]  [TASKEXE...] Adding task to queue. QueryID: 85, model: fake-model:1
[00m[1m[15:56:36.211][info]  [QUERYPR...] Found 1 tasks
[00m[1m[15:56:36.211][info]  [TASKEXE...] Adding task to queue. QueryID: 86, model: fake-model:1
[00m[1m[15:56:36.211][info]  [QUERYPR...] Found 1 tasks
[00m[1m[15:56:36.211][info]  [TASKEXE...] Adding task to queue. QueryID: 87, model: fake-model:1
[00m[1m[15:56:36.211][info]  [QUERYPR...] Found 1 tasks
[00m[1m[15:56:36.211][info]  [TASKEXE...] Adding task to queue. QueryID: 88, model: fake-model:1
[00m[1m[15:56:36.212][info]  [QUERYPR...] Found 1 tasks
[00m[1m[15:56:36.212][info]  [TASKEXE...] Adding task to queue. QueryID: 89, model: fake-model:1
[00m[1m[15:56:36.212][info]  [QUERYPR...] Found 1 tasks
[00m[1m[15:56:36.212][info]  [TASKEXE...] Adding task to queue. QueryID: 90, model: fake-model:1
[00m[1m[15:56:36.212][info]  [QUERYPR...] Found 1 tasks
[00m[1m[15:56:36.212][info]  [TASKEXE...] Adding task to queue. QueryID: 91, model: fake-model:1
[00m[1m[15:56:36.212][info]  [QUERYPR...] Found 1 tasks
[00m[1m[15:56:36.212][info]  [TASKEXE...] Adding task to queue. QueryID: 92, model: fake-model:1
[00m[1m[15:56:36.212][info]  [QUERYPR...] Found 1 tasks
[00m[1m[15:56:36.212][info]  [TASKEXE...] Adding task to queue. QueryID: 93, model: fake-model:1
[00m[1m[15:56:36.212][info]  [QUERYPR...] Found 1 tasks
[00m[1m[15:56:36.212][info]  [TASKEXE...] Adding task to queue. QueryID: 94, model: fake-model:1
[00m[1m[15:56:36.212][info]  [QUERYPR...] Found 1 tasks
[00m[1m[15:56:36.212][info]  [TASKEXE...] Adding task to queue. QueryID: 95, model: fake-model:1
[00m[1m[15:56:36.212][info]  [QUERYPR...] Found 1 tasks
[00m[1m[15:56:36.212][info]  [TASKEXE...] Adding task to queue. QueryID: 96, model: fake-model:1
[00m[1m[15:56:36.212][info]  [QUERYPR...] Found 1 tasks
[00m[1m[15:56:36.212][info]  [TASKEXE...] Adding task to queue. QueryID: 97, model: fake-model:1
[00m[1m[15:56:36.212][info]  [QUERYPR...] Found 1 tasks
[00m[1m[15:56:36.213][info]  [TASKEXE...] Adding task to queue. QueryID: 98, model: fake-model:1
[00m[1m[15:56:36.213][info]  [QUERYPR...] Found 1 tasks
[00m[1m[15:56:36.213][info]  [TASKEXE...] Adding task to queue. QueryID: 99, model: fake-model:1
[00m[1m[15:56:36.213][info]  [QUERYPR...] Found 1 tasks
[00m[1m[15:56:36.213][info]  [TASKEXE...] Adding task to queue. QueryID: 100, model: fake-model:1
[00m[1m[15:56:36.213][info]  [QUERYPR...] Found 1 tasks
[00m[1m[15:56:36.213][info]  [TASKEXE...] Adding task to queue. QueryID: 101, model: fake-model:1
[00m[1m[15:56:36.213][info]  [QUERYPR...] Found 1 tasks
[00m[1m[15:56:36.213][info]  [TASKEXE...] Adding task to queue. QueryID: 102, model: fake-model:1
[00m[1m[15:56:36.213][info]  [QUERYPR...] Found 1 tasks
[00m[1m[15:56:36.213][info]  [TASKEXE...] Adding task to queue. QueryID: 103, model: fake-model:1
[00m[1m[15:56:36.213][info]  [QUERYPR...] Found 1 tasks
[00m[1m[15:56:36.213][info]  [TASKEXE...] Adding task to queue. QueryID: 104, model: fake-model:1
[00m[1m[15:56:36.213][info]  [QUERYPR...] Found 1 tasks
[00m[1m[15:56:36.213][info]  [TASKEXE...] Adding task to queue. QueryID: 105, model: fake-model:1
[00m[1m[15:56:36.213][info]  [QUERYPR...] Found 1 tasks
[00m[1m[15:56:36.213][info]  [TASKEXE...] Adding task to queue. QueryID: 106, model: fake-model:1
[00m[1m[15:56:36.213][info]  [QUERYPR...] Found 1 tasks
[00m[1m[15:56:36.213][info]  [TASKEXE...] Adding task to queue. QueryID: 107, model: fake-model:1
[00m[1m[15:56:36.214][info]  [QUERYPR...] Found 1 tasks
[00m[1m[15:56:36.214][info]  [TASKEXE...] Adding task to queue. QueryID: 108, model: fake-model:1
[00m[1m[15:56:36.214][info]  [QUERYPR...] Found 1 tasks
[00m[1m[15:56:36.214][info]  [TASKEXE...] Adding task to queue. QueryID: 109, model: fake-model:1
[00m[1m[15:56:36.214][info]  [QUERYPR...] Found 1 tasks
[00m[1m[15:56:36.214][info]  [TASKEXE...] Adding task to queue. QueryID: 110, model: fake-model:1
[00m[1m[15:56:36.214][info]  [QUERYPR...] Found 1 tasks
[00m[1m[15:56:36.214][info]  [TASKEXE...] Adding task to queue. QueryID: 111, model: fake-model:1
[00m[1m[15:56:36.214][info]  [QUERYPR...] Found 1 tasks
[00m[1m[15:56:36.214][info]  [TASKEXE...] Adding task to queue. QueryID: 112, model: fake-model:1
[00m[1m[15:56:36.215][info]  [QUERYPR...] Found 1 tasks
[00m[1m[15:56:36.215][info]  [TASKEXE...] Adding task to queue. QueryID: 113, model: fake-model:1
[00m[1m[15:56:36.216][info]  [QUERYPR...] Found 1 tasks
[00m[1m[15:56:36.216][info]  [TASKEXE...] Adding task to queue. QueryID: 114, model: fake-model:1
[00m[1m[15:56:36.216][info]  [QUERYPR...] Found 1 tasks
[00m[1m[15:56:36.216][info]  [TASKEXE...] Adding task to queue. QueryID: 115, model: fake-model:1
[00m[1m[15:56:36.216][info]  [QUERYPR...] Found 1 tasks
[00m[1m[15:56:36.216][info]  [TASKEXE...] Adding task to queue. QueryID: 116, model: fake-model:1
[00m[1m[15:56:36.216][info]  [QUERYPR...] Found 1 tasks
[00m[1m[15:56:36.216][info]  [TASKEXE...] Adding task to queue. QueryID: 117, model: fake-model:1
[00m[1m[15:56:36.216][info]  [QUERYPR...] Found 1 tasks
[00m[1m[15:56:36.216][info]  [TASKEXE...] Adding task to queue. QueryID: 118, model: fake-model:1
[00m[1m[15:56:36.216][info]  [QUERYPR...] Found 1 tasks
[00m[1m[15:56:36.216][info]  [TASKEXE...] Adding task to queue. QueryID: 119, model: fake-model:1
[00m[1m[15:56:36.216][info]  [QUERYPR...] Found 1 tasks
[00m[1m[15:56:36.216][info]  [TASKEXE...] Adding task to queue. QueryID: 120, model: fake-model:1
[00m[1m[15:56:36.216][info]  [QUERYPR...] Found 1 tasks
[00m[1m[15:56:36.216][info]  [TASKEXE...] Adding task to queue. QueryID: 121, model: fake-model:1
[00m[1m[15:56:36.216][info]  [QUERYPR...] Found 1 tasks
[00m[1m[15:56:36.216][info]  [TASKEXE...] Adding task to queue. QueryID: 122, model: fake-model:1
[00m[1m[15:56:36.217][info]  [QUERYPR...] Found 1 tasks
[00m[1m[15:56:36.217][info]  [TASKEXE...] Adding task to queue. QueryID: 123, model: fake-model:1
[00m[1m[15:56:36.217][info]  [QUERYPR...] Found 1 tasks
[00m[1m[15:56:36.217][info]  [TASKEXE...] Adding task to queue. QueryID: 124, model: fake-model:1
[00m[1m[15:56:36.217][info]  [QUERYPR...] Found 1 tasks
[00m[1m[15:56:36.217][info]  [TASKEXE...] Adding task to queue. QueryID: 125, model: fake-model:1
[00m[1m[15:56:36.217][info]  [QUERYPR...] Found 1 tasks
[00m[1m[15:56:36.217][info]  [TASKEXE...] Adding task to queue. QueryID: 126, model: fake-model:1
[00m[1m[15:56:36.217][info]  [QUERYPR...] Found 1 tasks
[00m[1m[15:56:36.217][info]  [TASKEXE...] Adding task to queue. QueryID: 127, model: fake-model:1
[00m[1m[15:56:36.217][info]  [QUERYPR...] Found 1 tasks
[00m[1m[15:56:36.217][info]  [TASKEXE...] Adding task to queue. QueryID: 128, model: fake-model:1
[00m[1m[15:56:36.217][info]  [QUERYPR...] Found 1 tasks
[00m[1m[15:56:36.217][info]  [TASKEXE...] Adding task to queue. QueryID: 129, model: fake-model:1
[00m[1m[15:56:36.218][info]  [QUERYPR...] Found 1 tasks
[00m[1m[15:56:36.218][info]  [TASKEXE...] Adding task to queue. QueryID: 130, model: fake-model:1
[00m[1m[15:56:36.218][info]  [QUERYPR...] Found 1 tasks
[00m[1m[15:56:36.218][info]  [TASKEXE...] Adding task to queue. QueryID: 131, model: fake-model:1
[00m[1m[15:56:36.218][info]  [QUERYPR...] Found 1 tasks
[00m[1m[15:56:36.218][info]  [TASKEXE...] Adding task to queue. QueryID: 132, model: fake-model:1
[00m[1m[15:56:36.221][info]         [RPC] Found message to receive
[00m[1m[15:56:36.221][info]  [TASKEXE...] Sending batch to model: fake-model:1 replica 0.Batch size: 8. Query IDs: 34 35 36 37 38 39 40 41 
[00m[1m[15:56:36.225][info]  [QUERYPR...] Found 1 tasks
[00m[1m[15:56:36.225][info]  [TASKEXE...] Adding task to queue. QueryID: 133, model: fake-model:1
[00m[1m[15:56:36.258][info]  [QUERYPR...] Found 1 tasks
[00m[1m[15:56:36.258][info]  [TASKEXE...] Adding task to queue. QueryID: 134, model: fake-model:1
[00m[1m[15:56:36.259][info]  [QUERYPR...] Found 1 tasks
[00m[1m[15:56:36.259][info]  [TASKEXE...] Adding task to queue. QueryID: 135, model: fake-model:1
[00m[1m[15:56:36.264][info]  [QUERYPR...] Found 1 tasks
[00m[1m[15:56:36.264][info]  [TASKEXE...] Adding task to queue. QueryID: 136, model: fake-model:1
[00m[1m[15:56:36.264][info]  [QUERYPR...] Found 1 tasks
[00m[1m[15:56:36.264][info]  [TASKEXE...] Adding task to queue. QueryID: 137, model: fake-model:1
[00m[1m[15:56:36.264][info]  [QUERYPR...] Found 1 tasks
[00m[1m[15:56:36.264][info]  [TASKEXE...] Adding task to queue. QueryID: 138, model: fake-model:1
[00m[1m[15:56:36.455][info]         [RPC] Found message to receive
[00m[1m[15:56:36.504][info]  [QUERYPR...] Found 1 tasks
[00m[1m[15:56:36.504][info]  [TASKEXE...] Adding task to queue. QueryID: 139, model: fake-model:1
[00m[1m[15:56:36.504][info]  [TASKEXE...] Sending batch to model: fake-model:1 replica 0.Batch size: 1. Query IDs: 139 
[00m[1m[15:56:36.504][info]  [QUERYPR...] Found 1 tasks
[00m[1m[15:56:36.504][info]  [TASKEXE...] Adding task to queue. QueryID: 140, model: fake-model:1
[00m[1m[15:56:36.504][info]  [QUERYPR...] Found 1 tasks
[00m[1m[15:56:36.504][info]  [TASKEXE...] Adding task to queue. QueryID: 141, model: fake-model:1
[00m[1m[15:56:36.504][info]  [QUERYPR...] Found 1 tasks
[00m[1m[15:56:36.504][info]  [TASKEXE...] Adding task to queue. QueryID: 142, model: fake-model:1
[00m[1m[15:56:36.504][info]  [QUERYPR...] Found 1 tasks
[00m[1m[15:56:36.504][info]  [TASKEXE...] Adding task to queue. QueryID: 143, model: fake-model:1
[00m[1m[15:56:36.504][info]  [QUERYPR...] Found 1 tasks
[00m[1m[15:56:36.504][info]  [TASKEXE...] Adding task to queue. QueryID: 144, model: fake-model:1
[00m[1m[15:56:36.504][info]  [QUERYPR...] Found 1 tasks
[00m[1m[15:56:36.504][info]  [TASKEXE...] Adding task to queue. QueryID: 145, model: fake-model:1
[00m[1m[15:56:36.504][info]  [QUERYPR...] Found 1 tasks
[00m[1m[15:56:36.504][info]  [TASKEXE...] Adding task to queue. QueryID: 146, model: fake-model:1
[00m[1m[15:56:36.504][info]  [QUERYPR...] Found 1 tasks
[00m[1m[15:56:36.504][info]  [TASKEXE...] Adding task to queue. QueryID: 147, model: fake-model:1
[00m[1m[15:56:36.504][info]  [QUERYPR...] Found 1 tasks
[00m[1m[15:56:36.504][info]  [TASKEXE...] Adding task to queue. QueryID: 148, model: fake-model:1
[00m[1m[15:56:36.504][info]  [QUERYPR...] Found 1 tasks
[00m[1m[15:56:36.504][info]  [TASKEXE...] Adding task to queue. QueryID: 149, model: fake-model:1
[00m[1m[15:56:36.504][info]  [QUERYPR...] Found 1 tasks
[00m[1m[15:56:36.504][info]  [TASKEXE...] Adding task to queue. QueryID: 150, model: fake-model:1
[00m[1m[15:56:36.505][info]  [QUERYPR...] Found 1 tasks
[00m[1m[15:56:36.505][info]  [TASKEXE...] Adding task to queue. QueryID: 151, model: fake-model:1
[00m[1m[15:56:36.505][info]  [QUERYPR...] Found 1 tasks
[00m[1m[15:56:36.505][info]  [TASKEXE...] Adding task to queue. QueryID: 152, model: fake-model:1
[00m[1m[15:56:36.505][info]  [QUERYPR...] Found 1 tasks
[00m[1m[15:56:36.505][info]  [TASKEXE...] Adding task to queue. QueryID: 153, model: fake-model:1
[00m[1m[15:56:36.505][info]  [QUERYPR...] Found 1 tasks
[00m[1m[15:56:36.505][info]  [TASKEXE...] Adding task to queue. QueryID: 154, model: fake-model:1
[00m[1m[15:56:36.505][info]  [QUERYPR...] Found 1 tasks
[00m[1m[15:56:36.505][info]  [TASKEXE...] Adding task to queue. QueryID: 155, model: fake-model:1
[00m[1m[15:56:36.505][info]  [QUERYPR...] Found 1 tasks
[00m[1m[15:56:36.505][info]  [TASKEXE...] Adding task to queue. QueryID: 156, model: fake-model:1
[00m[1m[15:56:36.505][info]  [QUERYPR...] Found 1 tasks
[00m[1m[15:56:36.505][info]  [TASKEXE...] Adding task to queue. QueryID: 157, model: fake-model:1
[00m[1m[15:56:36.505][info]  [QUERYPR...] Found 1 tasks
[00m[1m[15:56:36.505][info]  [TASKEXE...] Adding task to queue. QueryID: 158, model: fake-model:1
[00m[1m[15:56:36.505][info]  [QUERYPR...] Found 1 tasks
[00m[1m[15:56:36.505][info]  [TASKEXE...] Adding task to queue. QueryID: 159, model: fake-model:1
[00m[1m[15:56:36.505][info]  [QUERYPR...] Found 1 tasks
[00m[1m[15:56:36.505][info]  [TASKEXE...] Adding task to queue. QueryID: 160, model: fake-model:1
[00m[1m[15:56:36.505][info]  [QUERYPR...] Found 1 tasks
[00m[1m[15:56:36.505][info]  [TASKEXE...] Adding task to queue. QueryID: 161, model: fake-model:1
[00m[1m[15:56:36.505][info]  [QUERYPR...] Found 1 tasks
[00m[1m[15:56:36.505][info]  [TASKEXE...] Adding task to queue. QueryID: 162, model: fake-model:1
[00m[1m[15:56:36.505][info]  [QUERYPR...] Found 1 tasks
[00m[1m[15:56:36.505][info]  [TASKEXE...] Adding task to queue. QueryID: 163, model: fake-model:1
[00m[1m[15:56:36.506][info]  [QUERYPR...] Found 1 tasks
[00m[1m[15:56:36.506][info]  [TASKEXE...] Adding task to queue. QueryID: 164, model: fake-model:1
[00m[1m[15:56:36.506][info]  [QUERYPR...] Found 1 tasks
[00m[1m[15:56:36.506][info]  [TASKEXE...] Adding task to queue. QueryID: 165, model: fake-model:1
[00m[1m[15:56:36.506][info]  [QUERYPR...] Found 1 tasks
[00m[1m[15:56:36.506][info]  [TASKEXE...] Adding task to queue. QueryID: 166, model: fake-model:1
[00m[1m[15:56:36.506][info]  [QUERYPR...] Found 1 tasks
[00m[1m[15:56:36.506][info]  [TASKEXE...] Adding task to queue. QueryID: 167, model: fake-model:1
[00m[1m[15:56:36.506][info]  [QUERYPR...] Found 1 tasks
[00m[1m[15:56:36.506][info]  [TASKEXE...] Adding task to queue. QueryID: 168, model: fake-model:1
[00m[1m[15:56:36.506][info]  [QUERYPR...] Found 1 tasks
[00m[1m[15:56:36.506][info]  [TASKEXE...] Adding task to queue. QueryID: 169, model: fake-model:1
[00m[1m[15:56:36.506][info]  [QUERYPR...] Found 1 tasks
[00m[1m[15:56:36.506][info]  [TASKEXE...] Adding task to queue. QueryID: 170, model: fake-model:1
[00m[1m[15:56:36.506][info]  [QUERYPR...] Found 1 tasks
[00m[1m[15:56:36.506][info]  [TASKEXE...] Adding task to queue. QueryID: 171, model: fake-model:1
[00m[1m[15:56:36.506][info]  [QUERYPR...] Found 1 tasks
[00m[1m[15:56:36.506][info]  [TASKEXE...] Adding task to queue. QueryID: 172, model: fake-model:1
[00m[1m[15:56:36.506][info]  [QUERYPR...] Found 1 tasks
[00m[1m[15:56:36.506][info]  [TASKEXE...] Adding task to queue. QueryID: 173, model: fake-model:1
[00m[1m[15:56:36.506][info]  [QUERYPR...] Found 1 tasks
[00m[1m[15:56:36.506][info]  [TASKEXE...] Adding task to queue. QueryID: 174, model: fake-model:1
[00m[1m[15:56:36.506][info]  [QUERYPR...] Found 1 tasks
[00m[1m[15:56:36.506][info]  [TASKEXE...] Adding task to queue. QueryID: 175, model: fake-model:1
[00m[1m[15:56:36.506][info]  [QUERYPR...] Found 1 tasks
[00m[1m[15:56:36.506][info]  [TASKEXE...] Adding task to queue. QueryID: 176, model: fake-model:1
[00m[1m[15:56:36.506][info]  [QUERYPR...] Found 1 tasks
[00m[1m[15:56:36.506][info]  [TASKEXE...] Adding task to queue. QueryID: 177, model: fake-model:1
[00m[1m[15:56:36.507][info]  [QUERYPR...] Found 1 tasks
[00m[1m[15:56:36.507][info]  [TASKEXE...] Adding task to queue. QueryID: 178, model: fake-model:1
[00m[1m[15:56:36.507][info]  [QUERYPR...] Found 1 tasks
[00m[1m[15:56:36.507][info]  [TASKEXE...] Adding task to queue. QueryID: 179, model: fake-model:1
[00m[1m[15:56:36.507][info]  [QUERYPR...] Found 1 tasks
[00m[1m[15:56:36.507][info]  [TASKEXE...] Adding task to queue. QueryID: 180, model: fake-model:1
[00m[1m[15:56:36.507][info]  [QUERYPR...] Found 1 tasks
[00m[1m[15:56:36.507][info]  [TASKEXE...] Adding task to queue. QueryID: 181, model: fake-model:1
[00m[1m[15:56:36.507][info]  [QUERYPR...] Found 1 tasks
[00m[1m[15:56:36.507][info]  [TASKEXE...] Adding task to queue. QueryID: 182, model: fake-model:1
[00m[1m[15:56:36.507][info]  [QUERYPR...] Found 1 tasks
[00m[1m[15:56:36.507][info]  [TASKEXE...] Adding task to queue. QueryID: 183, model: fake-model:1
[00m[1m[15:56:36.507][info]  [QUERYPR...] Found 1 tasks
[00m[1m[15:56:36.507][info]  [TASKEXE...] Adding task to queue. QueryID: 184, model: fake-model:1
[00m[1m[15:56:36.507][info]  [QUERYPR...] Found 1 tasks
[00m[1m[15:56:36.507][info]  [TASKEXE...] Adding task to queue. QueryID: 185, model: fake-model:1
[00m[1m[15:56:36.507][info]  [QUERYPR...] Found 1 tasks
[00m[1m[15:56:36.507][info]  [TASKEXE...] Adding task to queue. QueryID: 186, model: fake-model:1
[00m[1m[15:56:36.507][info]  [QUERYPR...] Found 1 tasks
[00m[1m[15:56:36.507][info]  [TASKEXE...] Adding task to queue. QueryID: 187, model: fake-model:1
[00m[1m[15:56:36.507][info]  [QUERYPR...] Found 1 tasks
[00m[1m[15:56:36.507][info]  [TASKEXE...] Adding task to queue. QueryID: 188, model: fake-model:1
[00m[1m[15:56:36.507][info]  [QUERYPR...] Found 1 tasks
[00m[1m[15:56:36.507][info]  [TASKEXE...] Adding task to queue. QueryID: 189, model: fake-model:1
[00m[1m[15:56:36.507][info]  [QUERYPR...] Found 1 tasks
[00m[1m[15:56:36.507][info]  [TASKEXE...] Adding task to queue. QueryID: 190, model: fake-model:1
[00m[1m[15:56:36.507][info]  [QUERYPR...] Found 1 tasks
[00m[1m[15:56:36.507][info]  [TASKEXE...] Adding task to queue. QueryID: 191, model: fake-model:1
[00m[1m[15:56:36.507][info]  [QUERYPR...] Found 1 tasks
[00m[1m[15:56:36.507][info]  [TASKEXE...] Adding task to queue. QueryID: 192, model: fake-model:1
[00m[1m[15:56:36.508][info]  [QUERYPR...] Found 1 tasks
[00m[1m[15:56:36.508][info]  [TASKEXE...] Adding task to queue. QueryID: 193, model: fake-model:1
[00m[1m[15:56:36.508][info]  [QUERYPR...] Found 1 tasks
[00m[1m[15:56:36.508][info]  [TASKEXE...] Adding task to queue. QueryID: 194, model: fake-model:1
[00m[1m[15:56:36.508][info]  [QUERYPR...] Found 1 tasks
[00m[1m[15:56:36.508][info]  [TASKEXE...] Adding task to queue. QueryID: 195, model: fake-model:1
[00m[1m[15:56:36.508][info]  [QUERYPR...] Found 1 tasks
[00m[1m[15:56:36.508][info]  [TASKEXE...] Adding task to queue. QueryID: 196, model: fake-model:1
[00m[1m[15:56:36.508][info]  [QUERYPR...] Found 1 tasks
[00m[1m[15:56:36.508][info]  [TASKEXE...] Adding task to queue. QueryID: 197, model: fake-model:1
[00m[1m[15:56:36.508][info]  [QUERYPR...] Found 1 tasks
[00m[1m[15:56:36.508][info]  [TASKEXE...] Adding task to queue. QueryID: 198, model: fake-model:1
[00m[1m[15:56:36.508][info]  [QUERYPR...] Found 1 tasks
[00m[1m[15:56:36.508][info]  [TASKEXE...] Adding task to queue. QueryID: 199, model: fake-model:1
[00m[1m[15:56:36.508][info]  [QUERYPR...] Found 1 tasks
[00m[1m[15:56:36.508][info]  [TASKEXE...] Adding task to queue. QueryID: 200, model: fake-model:1
[00m[1m[15:56:36.508][info]  [QUERYPR...] Found 1 tasks
[00m[1m[15:56:36.508][info]  [TASKEXE...] Adding task to queue. QueryID: 201, model: fake-model:1
[00m[1m[15:56:36.508][info]  [QUERYPR...] Found 1 tasks
[00m[1m[15:56:36.508][info]  [TASKEXE...] Adding task to queue. QueryID: 202, model: fake-model:1
[00m[1m[15:56:36.508][info]  [QUERYPR...] Found 1 tasks
[00m[1m[15:56:36.508][info]  [TASKEXE...] Adding task to queue. QueryID: 203, model: fake-model:1
[00m[1m[15:56:36.508][info]  [QUERYPR...] Found 1 tasks
[00m[1m[15:56:36.508][info]  [TASKEXE...] Adding task to queue. QueryID: 204, model: fake-model:1
[00m[1m[15:56:36.559][info]         [RPC] Found message to receive
[00m[1m[15:56:36.559][info]  [TASKEXE...] Sending batch to model: fake-model:1 replica 0.Batch size: 8. Query IDs: 140 141 142 143 144 145 146 147 
