22-04-19:13:35:52 INFO     [docker_container_manager.py:192] [default-cluster] Starting managed Redis instance in Docker
22-04-19:13:35:54 INFO     [docker_container_manager.py:294] [default-cluster] Metric Configuration Saved at /tmp/tmpu0ixbxle.yml
22-04-19:13:35:55 INFO     [clipper_admin.py:162] [default-cluster] Clipper is running
22-04-19:13:35:55 INFO     [clipper_admin.py:236] [default-cluster] Application fake-model was successfully registered
22-04-19:13:35:55 INFO     [deployer_utils.py:41] Saving function to /tmp/tmpc_gguz2zclipper
22-04-19:13:35:55 INFO     [deployer_utils.py:51] Serialized and supplied predict function
22-04-19:13:35:55 INFO     [python.py:192] Python closure saved
22-04-19:13:35:55 INFO     [python.py:210] Using Python 3.7 base image
22-04-19:13:35:55 INFO     [clipper_admin.py:534] [default-cluster] Building model Docker image with model data from /tmp/tmpc_gguz2zclipper
22-04-19:13:35:55 INFO     [clipper_admin.py:539] [default-cluster] Step 1/2 : FROM clipper/python37-closure-container:develop
22-04-19:13:35:55 INFO     [clipper_admin.py:539] [default-cluster]  ---> 2660542c0759
22-04-19:13:35:55 INFO     [clipper_admin.py:539] [default-cluster] Step 2/2 : COPY /tmp/tmpc_gguz2zclipper /model/
22-04-19:13:35:55 INFO     [clipper_admin.py:539] [default-cluster]  ---> c3905e427d4b
22-04-19:13:35:55 INFO     [clipper_admin.py:539] [default-cluster] Successfully built c3905e427d4b
22-04-19:13:35:55 INFO     [clipper_admin.py:539] [default-cluster] Successfully tagged default-cluster-fake-model:1
22-04-19:13:35:55 INFO     [clipper_admin.py:541] [default-cluster] Pushing model Docker image to default-cluster-fake-model:1
22-04-19:13:35:56 INFO     [docker_container_manager.py:433] [default-cluster] Found 0 replicas for fake-model:1. Adding 1
22-04-19:13:35:56 INFO     [clipper_admin.py:724] [default-cluster] Successfully registered model fake-model:1
22-04-19:13:35:56 INFO     [clipper_admin.py:642] [default-cluster] Done deploying model fake-model:1.
22-04-19:13:35:56 INFO     [clipper_admin.py:303] [default-cluster] Model fake-model is now linked to application fake-model
INFO: ready to go
INFO: rock and roll
INFO: at 11.124 ms batch [8.563] delay 4.282 ms
INFO: at 15.407 ms batch [8.563] delay 4.282 ms
INFO: at 19.689 ms batch [8.563] delay 4.282 ms
INFO: at 23.972 ms batch [8.563] delay 4.282 ms
INFO: at 28.254 ms batch [8.563] delay 4.282 ms
INFO: at 32.536 ms batch [8.563] delay 4.282 ms
INFO: at 36.819 ms batch [8.563] delay 4.282 ms
INFO: at 41.101 ms batch [8.563] delay 4.282 ms
INFO: at 45.383 ms batch [8.563] delay 4.282 ms
INFO: at 49.666 ms batch [8.563] delay 4.282 ms
INFO: at 53.948 ms batch [8.563] delay 5.352 ms
INFO: at 11.124 ms fetching 8.563 ms
INFO: at 15.407 ms fetching 8.563 ms
INFO: at 19.689 ms fetching 8.563 ms
INFO: at 23.972 ms fetching 8.563 ms
INFO: at 28.254 ms fetching 8.563 ms
INFO: at 32.536 ms fetching 8.563 ms
INFO: at 36.819 ms fetching 8.563 ms
INFO: at 41.101 ms fetching 8.563 ms
INFO: at 45.383 ms fetching 8.563 ms
INFO: at 49.666 ms fetching 8.563 ms
INFO: at 53.948 ms fetching 8.563 ms
INFO: at 59.302 ms batch [8.563] delay 5.352 ms
INFO: at 59.302 ms fetching 8.563 ms
INFO: at 64.655 ms batch [8.563] delay 5.352 ms
INFO: at 64.655 ms fetching 8.563 ms
INFO: at 70.009 ms batch [8.563] delay 5.352 ms
INFO: at 70.009 ms fetching 8.563 ms
INFO: at 75.363 ms batch [8.563] delay 5.352 ms
INFO: at 75.363 ms fetching 8.563 ms
INFO: at 80.717 ms batch [8.563] delay 5.352 ms
INFO: at 80.717 ms fetching 8.563 ms
INFO: at 86.070 ms batch [8.563] delay 5.352 ms
INFO: at 86.070 ms fetching 8.563 ms
INFO: at 91.425 ms batch [8.563] delay 5.352 ms
INFO: at 91.425 ms fetching 8.563 ms
INFO: at 96.778 ms batch [8.563] delay 3.568 ms
INFO: at 100.347 ms batch [8.563] delay 3.568 ms
INFO: at 103.916 ms batch [8.563] delay 3.568 ms
INFO: at 107.485 ms batch [8.563] delay 3.568 ms
INFO: at 111.054 ms batch [8.563] delay 3.568 ms
INFO: at 114.623 ms batch [8.563] delay 3.568 ms
INFO: at 118.196 ms batch [8.563] delay 3.568 ms
INFO: at 121.765 ms batch [8.563] delay 3.568 ms
INFO: at 125.334 ms batch [8.563] delay 3.568 ms
INFO: at 128.902 ms batch [8.563] delay 3.568 ms
INFO: at 132.471 ms batch [8.563] delay 3.568 ms
INFO: at 136.040 ms batch [8.563] delay 3.568 ms
INFO: at 139.609 ms batch [8.563] delay 2.854 ms
INFO: at 142.464 ms batch [8.563] delay 2.854 ms
INFO: at 145.319 ms batch [8.563] delay 2.854 ms
INFO: at 148.175 ms batch [8.563] delay 2.854 ms
INFO: at 151.030 ms batch [8.563] delay 2.854 ms
INFO: at 153.885 ms batch [8.563] delay 2.854 ms
INFO: at 156.740 ms batch [8.563] delay 2.854 ms
INFO: at 159.595 ms batch [8.563] delay 2.854 ms
INFO: at 162.451 ms batch [8.563] delay 2.854 ms
INFO: at 165.305 ms batch [8.563] delay 2.854 ms
INFO: at 168.161 ms batch [8.563] delay 2.854 ms
INFO: at 171.016 ms batch [8.563] delay 2.854 ms
INFO: at 173.871 ms batch [8.563] delay 2.854 ms
INFO: at 176.726 ms batch [8.563] delay 2.854 ms
INFO: at 179.581 ms batch [8.563] delay 2.854 ms
INFO: at 182.436 ms batch [8.563] delay 4.757 ms
INFO: at 187.194 ms batch [8.563] delay 4.757 ms
INFO: at 191.953 ms batch [8.563] delay 4.757 ms
INFO: at 196.711 ms batch [8.563] delay 4.757 ms
INFO: at 201.484 ms batch [8.563] delay 4.757 ms
INFO: at 206.242 ms batch [8.563] delay 4.757 ms
INFO: at 211.000 ms batch [8.563] delay 4.757 ms
INFO: at 215.759 ms batch [8.563] delay 4.757 ms
INFO: at 220.517 ms batch [8.563] delay 4.757 ms
INFO: at 225.275 ms batch [8.563] delay 4.282 ms
INFO: at 229.557 ms batch [8.563] delay 4.282 ms
INFO: at 233.840 ms batch [8.563] delay 4.282 ms
INFO: at 238.122 ms batch [8.563] delay 4.282 ms
INFO: at 242.405 ms batch [8.563] delay 4.282 ms
INFO: at 246.687 ms batch [8.563] delay 4.282 ms
INFO: at 250.970 ms batch [8.563] delay 4.282 ms
INFO: at 255.269 ms batch [8.563] delay 4.282 ms
INFO: at 259.552 ms batch [8.563] delay 4.282 ms
INFO: at 263.834 ms batch [8.563] delay 4.282 ms
INFO: at 268.120 ms batch [8.563] delay 3.892 ms
INFO: at 272.013 ms batch [8.563] delay 3.892 ms
INFO: at 275.907 ms batch [8.563] delay 3.892 ms
INFO: at 279.801 ms batch [8.563] delay 3.892 ms
INFO: at 283.694 ms batch [8.563] delay 3.892 ms
INFO: at 287.588 ms batch [8.563] delay 3.892 ms
INFO: at 291.485 ms batch [8.563] delay 3.892 ms
INFO: at 295.379 ms batch [8.563] delay 3.892 ms
INFO: at 299.273 ms batch [8.563] delay 3.892 ms
INFO: at 303.166 ms batch [8.563] delay 3.892 ms
INFO: at 307.060 ms batch [8.563] delay 3.892 ms
INFO: at 310.952 ms batch [8.563] delay 4.757 ms
INFO: at 315.711 ms batch [8.563] delay 4.757 ms
INFO: at 320.473 ms batch [8.563] delay 4.757 ms
INFO: at 325.231 ms batch [8.563] delay 4.757 ms
INFO: at 329.992 ms batch [8.563] delay 4.757 ms
INFO: at 334.750 ms batch [8.563] delay 4.757 ms
INFO: at 339.508 ms batch [8.563] delay 4.757 ms
INFO: at 344.267 ms batch [8.563] delay 4.757 ms
INFO: at 349.025 ms batch [8.563] delay 4.757 ms
INFO: at 353.783 ms batch [8.563] delay 4.282 ms
INFO: at 358.068 ms batch [8.563] delay 4.282 ms
INFO: at 362.351 ms batch [8.563] delay 4.282 ms
INFO: at 366.634 ms batch [8.563] delay 4.282 ms
INFO: at 370.917 ms batch [8.563] delay 4.282 ms
INFO: at 375.199 ms batch [8.563] delay 4.282 ms
INFO: at 379.481 ms batch [8.563] delay 4.282 ms
INFO: at 383.763 ms batch [8.563] delay 4.282 ms
INFO: at 388.046 ms batch [8.563] delay 4.282 ms
INFO: at 392.330 ms batch [8.563] delay 4.282 ms
INFO: at 396.612 ms batch [8.563] delay 3.892 ms
INFO: at 400.505 ms batch [8.563] delay 3.892 ms
INFO: at 404.402 ms batch [8.563] delay 3.892 ms
INFO: at 408.295 ms batch [8.563] delay 3.892 ms
INFO: at 412.188 ms batch [8.563] delay 3.892 ms
INFO: at 416.081 ms batch [8.563] delay 3.892 ms
INFO: at 419.975 ms batch [8.563] delay 3.892 ms
INFO: at 423.868 ms batch [8.563] delay 3.892 ms
INFO: at 427.761 ms batch [8.563] delay 3.892 ms
INFO: at 431.654 ms batch [8.563] delay 3.892 ms
INFO: at 435.547 ms batch [8.563] delay 3.892 ms
INFO: at 439.440 ms batch [8.563] delay 4.282 ms
INFO: at 443.723 ms batch [8.563] delay 4.282 ms
INFO: at 448.005 ms batch [8.563] delay 4.282 ms
INFO: at 452.288 ms batch [8.563] delay 4.282 ms
INFO: at 456.570 ms batch [8.563] delay 4.282 ms
INFO: at 460.852 ms batch [8.563] delay 4.282 ms
INFO: at 465.135 ms batch [8.563] delay 4.282 ms
INFO: at 469.417 ms batch [8.563] delay 4.282 ms
INFO: at 473.700 ms batch [8.563] delay 4.282 ms
INFO: at 477.982 ms batch [8.563] delay 4.282 ms
INFO: at 482.265 ms batch [8.563] delay 3.568 ms
INFO: at 485.833 ms batch [8.563] delay 3.568 ms
INFO: at 489.402 ms batch [8.563] delay 3.568 ms
INFO: at 492.971 ms batch [8.563] delay 3.568 ms
INFO: at 496.540 ms batch [8.563] delay 3.568 ms
INFO: at 500.109 ms batch [8.563] delay 3.568 ms
INFO: at 503.677 ms batch [8.563] delay 3.568 ms
INFO: at 507.246 ms batch [8.563] delay 3.568 ms
INFO: at 510.815 ms batch [8.563] delay 3.568 ms
INFO: at 514.383 ms batch [8.563] delay 3.568 ms
INFO: at 517.952 ms batch [8.563] delay 3.568 ms
INFO: at 521.521 ms batch [8.563] delay 3.568 ms
INFO: at 525.090 ms batch [8.563] delay 4.282 ms
INFO: at 529.372 ms batch [8.563] delay 4.282 ms
INFO: at 533.654 ms batch [8.563] delay 4.282 ms
INFO: at 537.937 ms batch [8.563] delay 4.282 ms
INFO: at 542.219 ms batch [8.563] delay 4.282 ms
INFO: at 546.502 ms batch [8.563] delay 4.282 ms
INFO: at 550.784 ms batch [8.563] delay 4.282 ms
INFO: at 555.066 ms batch [8.563] delay 4.282 ms
INFO: at 559.349 ms batch [8.563] delay 4.282 ms
INFO: at 563.631 ms batch [8.563] delay 4.282 ms
INFO: at 567.914 ms batch [8.563] delay 3.892 ms
INFO: at 571.807 ms batch [8.563] delay 3.892 ms
INFO: at 575.700 ms batch [8.563] delay 3.892 ms
INFO: at 579.594 ms batch [8.563] delay 3.892 ms
INFO: at 583.486 ms batch [8.563] delay 3.892 ms
INFO: at 587.380 ms batch [8.563] delay 3.892 ms
INFO: at 591.273 ms batch [8.563] delay 3.892 ms
INFO: at 595.166 ms batch [8.563] delay 3.892 ms
INFO: at 599.059 ms batch [8.563] delay 3.892 ms
INFO: at 602.952 ms batch [8.563] delay 3.892 ms
INFO: at 606.845 ms batch [8.563] delay 3.892 ms
INFO: at 610.738 ms batch [8.563] delay 4.757 ms
INFO: at 615.496 ms batch [8.563] delay 4.757 ms
INFO: at 620.255 ms batch [8.563] delay 4.757 ms
INFO: at 625.012 ms batch [8.563] delay 4.757 ms
INFO: at 629.771 ms batch [8.563] delay 4.757 ms
INFO: at 634.529 ms batch [8.563] delay 4.757 ms
INFO: at 639.288 ms batch [8.563] delay 4.757 ms
INFO: at 644.046 ms batch [8.563] delay 4.757 ms
INFO: at 648.805 ms batch [8.563] delay 4.757 ms
INFO: at 653.563 ms batch [8.563] delay 3.294 ms
INFO: at 656.857 ms batch [8.563] delay 3.294 ms
INFO: at 660.151 ms batch [8.563] delay 3.294 ms
INFO: at 663.445 ms batch [8.563] delay 3.294 ms
INFO: at 666.740 ms batch [8.563] delay 3.294 ms
INFO: at 670.034 ms batch [8.563] delay 3.294 ms
INFO: at 673.328 ms batch [8.563] delay 3.294 ms
INFO: at 676.622 ms batch [8.563] delay 3.294 ms
INFO: at 679.917 ms batch [8.563] delay 3.294 ms
INFO: at 683.211 ms batch [8.563] delay 3.294 ms
INFO: at 686.505 ms batch [8.563] delay 3.294 ms
INFO: at 689.799 ms batch [8.563] delay 3.294 ms
INFO: at 693.093 ms batch [8.563] delay 3.294 ms
INFO: at 696.388 ms batch [8.563] delay 4.757 ms
INFO: at 701.146 ms batch [8.563] delay 4.757 ms
INFO: at 705.904 ms batch [8.563] delay 4.757 ms
INFO: at 710.662 ms batch [8.563] delay 4.757 ms
INFO: at 715.420 ms batch [8.563] delay 4.757 ms
INFO: at 720.179 ms batch [8.563] delay 4.757 ms
INFO: at 724.937 ms batch [8.563] delay 4.757 ms
INFO: at 729.694 ms batch [8.563] delay 4.757 ms
INFO: at 734.452 ms batch [8.563] delay 4.757 ms
INFO: at 739.211 ms batch [8.563] delay 7.136 ms
INFO: at 96.778 ms fetching 8.563 ms
INFO: at 100.347 ms fetching 8.563 ms
INFO: at 103.916 ms fetching 8.563 ms
INFO: at 107.485 ms fetching 8.563 ms
INFO: at 111.054 ms fetching 8.563 ms
INFO: at 114.623 ms fetching 8.563 ms
INFO: at 118.196 ms fetching 8.563 ms
INFO: at 121.765 ms fetching 8.563 ms
INFO: at 125.334 ms fetching 8.563 ms
INFO: at 128.902 ms fetching 8.563 ms
INFO: at 132.471 ms fetching 8.563 ms
INFO: at 136.040 ms fetching 8.563 ms
INFO: at 139.609 ms fetching 8.563 ms
INFO: at 142.464 ms fetching 8.563 ms
INFO: at 145.319 ms fetching 8.563 ms
INFO: at 148.175 ms fetching 8.563 ms
INFO: at 151.030 ms fetching 8.563 ms
INFO: at 153.885 ms fetching 8.563 ms
INFO: at 156.740 ms fetching 8.563 ms
INFO: at 159.595 ms fetching 8.563 ms
INFO: at 162.451 ms fetching 8.563 ms
INFO: at 165.305 ms fetching 8.563 ms
INFO: at 168.161 ms fetching 8.563 ms
INFO: at 171.016 ms fetching 8.563 ms
INFO: at 173.871 ms fetching 8.563 ms
INFO: at 176.726 ms fetching 8.563 ms
INFO: at 179.581 ms fetching 8.563 ms
INFO: at 182.436 ms fetching 8.563 ms
INFO: at 187.194 ms fetching 8.563 ms
INFO: at 191.953 ms fetching 8.563 ms
INFO: at 196.711 ms fetching 8.563 ms
INFO: at 201.484 ms fetching 8.563 ms
INFO: at 206.242 ms fetching 8.563 ms
INFO: at 211.000 ms fetching 8.563 ms
INFO: at 215.759 ms fetching 8.563 ms
INFO: at 220.517 ms fetching 8.563 ms
INFO: at 225.275 ms fetching 8.563 ms
INFO: at 229.557 ms fetching 8.563 ms
INFO: at 233.840 ms fetching 8.563 ms
INFO: at 238.122 ms fetching 8.563 ms
INFO: at 242.405 ms fetching 8.563 ms
INFO: at 246.687 ms fetching 8.563 ms
INFO: at 250.970 ms fetching 8.563 ms
INFO: at 255.269 ms fetching 8.563 ms
INFO: at 259.552 ms fetching 8.563 ms
INFO: at 263.834 ms fetching 8.563 ms
INFO: at 268.120 ms fetching 8.563 ms
INFO: at 272.013 ms fetching 8.563 ms
INFO: at 275.907 ms fetching 8.563 ms
INFO: at 279.801 ms fetching 8.563 ms
INFO: at 283.694 ms fetching 8.563 ms
INFO: at 287.588 ms fetching 8.563 ms
INFO: at 291.485 ms fetching 8.563 ms
INFO: at 295.379 ms fetching 8.563 ms
INFO: at 299.273 ms fetching 8.563 ms
INFO: at 303.166 ms fetching 8.563 ms
INFO: at 307.060 ms fetching 8.563 ms
INFO: at 310.952 ms fetching 8.563 ms
INFO: at 315.711 ms fetching 8.563 ms
INFO: at 320.473 ms fetching 8.563 ms
INFO: at 325.231 ms fetching 8.563 ms
INFO: at 329.992 ms fetching 8.563 ms
INFO: at 334.750 ms fetching 8.563 ms
INFO: at 339.508 ms fetching 8.563 ms
INFO: at 344.267 ms fetching 8.563 ms
INFO: at 349.025 ms fetching 8.563 ms
INFO: at 353.783 ms fetching 8.563 ms
INFO: at 358.068 ms fetching 8.563 ms
INFO: at 362.351 ms fetching 8.563 ms
INFO: at 366.634 ms fetching 8.563 ms
INFO: at 370.917 ms fetching 8.563 ms
INFO: at 375.199 ms fetching 8.563 ms
INFO: at 379.481 ms fetching 8.563 ms
INFO: at 383.763 ms fetching 8.563 ms
INFO: at 388.046 ms fetching 8.563 ms
INFO: at 392.330 ms fetching 8.563 ms
INFO: at 396.612 ms fetching 8.563 ms
INFO: at 400.505 ms fetching 8.563 ms
INFO: at 404.402 ms fetching 8.563 ms
INFO: at 408.295 ms fetching 8.563 ms
INFO: at 412.188 ms fetching 8.563 ms
INFO: at 416.081 ms fetching 8.563 ms
INFO: at 419.975 ms fetching 8.563 ms
INFO: at 423.868 ms fetching 8.563 ms
INFO: at 427.761 ms fetching 8.563 ms
INFO: at 431.654 ms fetching 8.563 ms
INFO: at 435.547 ms fetching 8.563 ms
INFO: at 439.440 ms fetching 8.563 ms
INFO: at 443.723 ms fetching 8.563 ms
INFO: at 448.005 ms fetching 8.563 ms
INFO: at 452.288 ms fetching 8.563 ms
INFO: at 456.570 ms fetching 8.563 ms
INFO: at 460.852 ms fetching 8.563 ms
INFO: at 465.135 ms fetching 8.563 ms
INFO: at 469.417 ms fetching 8.563 ms
INFO: at 473.700 ms fetching 8.563 ms
INFO: at 477.982 ms fetching 8.563 ms
INFO: at 482.265 ms fetching 8.563 ms
INFO: at 485.833 ms fetching 8.563 ms
INFO: at 489.402 ms fetching 8.563 ms
INFO: at 492.971 ms fetching 8.563 ms
INFO: at 496.540 ms fetching 8.563 ms
INFO: at 500.109 ms fetching 8.563 ms
INFO: at 503.677 ms fetching 8.563 ms
INFO: at 507.246 ms fetching 8.563 ms
INFO: at 510.815 ms fetching 8.563 ms
INFO: at 514.383 ms fetching 8.563 ms
INFO: at 517.952 ms fetching 8.563 ms
INFO: at 521.521 ms fetching 8.563 ms
INFO: at 525.090 ms fetching 8.563 ms
INFO: at 529.372 ms fetching 8.563 ms
INFO: at 533.654 ms fetching 8.563 ms
INFO: at 537.937 ms fetching 8.563 ms
INFO: at 542.219 ms fetching 8.563 ms
INFO: at 546.502 ms fetching 8.563 ms
INFO: at 550.784 ms fetching 8.563 ms
INFO: at 555.066 ms fetching 8.563 ms
INFO: at 559.349 ms fetching 8.563 ms
INFO: at 563.631 ms fetching 8.563 ms
INFO: at 567.914 ms fetching 8.563 ms
INFO: at 571.807 ms fetching 8.563 ms
INFO: at 575.700 ms fetching 8.563 ms
INFO: at 579.594 ms fetching 8.563 ms
INFO: at 583.486 ms fetching 8.563 ms
INFO: at 587.380 ms fetching 8.563 ms
INFO: at 591.273 ms fetching 8.563 ms
INFO: at 595.166 ms fetching 8.563 ms
INFO: at 599.059 ms fetching 8.563 ms
INFO: at 602.952 ms fetching 8.563 ms
INFO: at 606.845 ms fetching 8.563 ms
INFO: at 610.738 ms fetching 8.563 ms
INFO: at 615.496 ms fetching 8.563 ms
INFO: at 620.255 ms fetching 8.563 ms
INFO: at 625.012 ms fetching 8.563 ms
INFO: at 629.771 ms fetching 8.563 ms
INFO: at 634.529 ms fetching 8.563 ms
INFO: at 639.288 ms fetching 8.563 ms
INFO: at 644.046 ms fetching 8.563 ms
INFO: at 648.805 ms fetching 8.563 ms
INFO: at 653.563 ms fetching 8.563 ms
INFO: at 656.857 ms fetching 8.563 ms
INFO: at 660.151 ms fetching 8.563 ms
INFO: at 663.445 ms fetching 8.563 ms
INFO: at 666.740 ms fetching 8.563 ms
INFO: at 670.034 ms fetching 8.563 ms
INFO: at 673.328 ms fetching 8.563 ms
INFO: at 676.622 ms fetching 8.563 ms
INFO: at 679.917 ms fetching 8.563 ms
INFO: at 683.211 ms fetching 8.563 ms
INFO: at 686.505 ms fetching 8.563 ms
INFO: at 689.799 ms fetching 8.563 ms
INFO: at 693.093 ms fetching 8.563 ms
INFO: at 696.388 ms fetching 8.563 ms
INFO: at 701.146 ms fetching 8.563 ms
INFO: at 705.904 ms fetching 8.563 ms
INFO: at 710.662 ms fetching 8.563 ms
INFO: at 715.420 ms fetching 8.563 ms
INFO: at 720.179 ms fetching 8.563 ms
INFO: at 724.937 ms fetching 8.563 ms
INFO: at 729.694 ms fetching 8.563 ms
INFO: at 734.452 ms fetching 8.563 ms
INFO: at 739.211 ms fetching 8.563 ms
WARNING: bookkeeping for too long: -23.058653957941715ms
INFO: at 769.414 ms batch [8.563] delay 7.136 ms
INFO: at 769.414 ms fetching 8.563 ms
WARNING: bookkeeping for too long: -72.45485497246045ms
INFO: at 849.013 ms batch [8.563] delay 7.136 ms
INFO: at 849.013 ms fetching 8.563 ms
INFO: at 859.801 ms batch [8.563] delay 7.136 ms
INFO: at 859.801 ms fetching 8.563 ms
INFO: at 866.939 ms batch [8.563] delay 7.136 ms
INFO: at 866.939 ms fetching 8.563 ms
INFO: at 874.076 ms batch [8.563] delay 7.136 ms
INFO: at 874.076 ms fetching 8.563 ms
INFO: at 881.214 ms batch [8.563] delay 4.757 ms
INFO: at 885.973 ms batch [8.563] delay 4.757 ms
INFO: at 890.731 ms batch [8.563] delay 4.757 ms
INFO: at 895.489 ms batch [8.563] delay 4.757 ms
INFO: at 900.247 ms batch [8.563] delay 4.757 ms
INFO: at 905.006 ms batch [8.563] delay 4.757 ms
INFO: at 909.764 ms batch [8.563] delay 4.757 ms
INFO: at 914.522 ms batch [8.563] delay 4.757 ms
INFO: at 919.281 ms batch [8.563] delay 4.757 ms
INFO: at 924.039 ms batch [8.563] delay 4.757 ms
INFO: at 928.796 ms batch [8.563] delay 4.757 ms
INFO: at 933.566 ms batch [8.563] delay 4.757 ms
INFO: at 938.324 ms batch [8.563] delay 4.757 ms
INFO: at 943.082 ms batch [8.563] delay 4.757 ms
INFO: at 947.840 ms batch [8.563] delay 4.757 ms
INFO: at 952.598 ms batch [8.563] delay 4.757 ms
INFO: at 957.356 ms batch [8.563] delay 4.757 ms
INFO: at 962.115 ms batch [8.563] delay 4.757 ms
INFO: at 966.873 ms batch [8.563] delay 7.136 ms
INFO: at 881.214 ms fetching 8.563 ms
INFO: at 885.973 ms fetching 8.563 ms
INFO: at 890.731 ms fetching 8.563 ms
INFO: at 895.489 ms fetching 8.563 ms
INFO: at 900.247 ms fetching 8.563 ms
INFO: at 905.006 ms fetching 8.563 ms
INFO: at 909.764 ms fetching 8.563 ms
INFO: at 914.522 ms fetching 8.563 ms
INFO: at 919.281 ms fetching 8.563 ms
INFO: at 924.039 ms fetching 8.563 ms
INFO: at 928.796 ms fetching 8.563 ms
INFO: at 933.566 ms fetching 8.563 ms
INFO: at 938.324 ms fetching 8.563 ms
INFO: at 943.082 ms fetching 8.563 ms
INFO: at 947.840 ms fetching 8.563 ms
INFO: at 952.598 ms fetching 8.563 ms
INFO: at 957.356 ms fetching 8.563 ms
INFO: at 962.115 ms fetching 8.563 ms
INFO: at 966.873 ms fetching 8.563 ms
WARNING: bookkeeping for too long: -7.781506068804447ms
INFO: at 981.798 ms batch [8.563] delay 7.136 ms
INFO: at 981.798 ms fetching 8.563 ms
INFO: at 988.935 ms batch [8.563] delay 7.136 ms
INFO: at 988.935 ms fetching 8.563 ms
INFO: at 996.073 ms batch [8.563] delay 7.136 ms
INFO: at 996.073 ms fetching 8.563 ms
INFO: at 1003.210 ms batch [8.563] delay 7.136 ms
INFO: at 1003.210 ms fetching 8.563 ms
INFO: at 1010.348 ms batch [8.563] delay 7.136 ms
INFO: at 1010.348 ms fetching 8.563 ms
INFO: at 1017.485 ms batch [8.563] delay 3.892 ms
INFO: at 1021.379 ms batch [8.563] delay 3.892 ms
INFO: at 1025.272 ms batch [8.563] delay 3.892 ms
INFO: at 1029.165 ms batch [8.563] delay 3.892 ms
INFO: at 1033.059 ms batch [8.563] delay 3.892 ms
INFO: at 1036.952 ms batch [8.563] delay 3.892 ms
INFO: at 1040.845 ms batch [8.563] delay 3.892 ms
INFO: at 1044.739 ms batch [8.563] delay 3.892 ms
INFO: at 1048.632 ms batch [8.563] delay 3.892 ms
INFO: at 1052.525 ms batch [8.563] delay 3.892 ms
INFO: at 1056.420 ms batch [8.563] delay 3.892 ms
INFO: at 1060.313 ms batch [8.563] delay 4.282 ms
INFO: at 1064.595 ms batch [8.563] delay 4.282 ms
INFO: at 1068.877 ms batch [8.563] delay 4.282 ms
INFO: at 1073.160 ms batch [8.563] delay 4.282 ms
INFO: at 1077.442 ms batch [8.563] delay 4.282 ms
INFO: at 1081.725 ms batch [8.563] delay 4.282 ms
INFO: at 1086.007 ms batch [8.563] delay 4.282 ms
INFO: at 1090.289 ms batch [8.563] delay 4.282 ms
INFO: at 1094.572 ms batch [8.563] delay 4.282 ms
INFO: at 1098.854 ms batch [8.563] delay 4.282 ms
INFO: at 1103.136 ms batch [8.563] delay 3.892 ms
INFO: at 1107.029 ms batch [8.563] delay 3.892 ms
INFO: at 1110.922 ms batch [8.563] delay 3.892 ms
INFO: at 1114.816 ms batch [8.563] delay 3.892 ms
INFO: at 1118.709 ms batch [8.563] delay 3.892 ms
INFO: at 1122.602 ms batch [8.563] delay 3.892 ms
INFO: at 1126.495 ms batch [8.563] delay 3.892 ms
INFO: at 1130.388 ms batch [8.563] delay 3.892 ms
INFO: at 1134.281 ms batch [8.563] delay 3.892 ms
INFO: at 1138.183 ms batch [8.563] delay 3.892 ms
INFO: at 1142.077 ms batch [8.563] delay 3.892 ms
INFO: at 1145.970 ms batch [8.563] delay 3.892 ms
INFO: at 1149.863 ms batch [8.563] delay 3.892 ms
INFO: at 1153.756 ms batch [8.563] delay 3.892 ms
INFO: at 1157.650 ms batch [8.563] delay 3.892 ms
INFO: at 1161.543 ms batch [8.563] delay 3.892 ms
INFO: at 1165.436 ms batch [8.563] delay 3.892 ms
INFO: at 1169.329 ms batch [8.563] delay 3.892 ms
INFO: at 1173.223 ms batch [8.563] delay 3.892 ms
INFO: at 1177.116 ms batch [8.563] delay 3.892 ms
INFO: at 1181.009 ms batch [8.563] delay 3.892 ms
INFO: at 1184.902 ms batch [8.563] delay 3.892 ms
INFO: at 1188.795 ms batch [8.563] delay 3.058 ms
INFO: at 1191.854 ms batch [8.563] delay 3.058 ms
INFO: at 1194.913 ms batch [8.563] delay 3.058 ms
INFO: at 1197.972 ms batch [8.563] delay 3.058 ms
INFO: at 1201.031 ms batch [8.563] delay 3.058 ms
INFO: at 1204.091 ms batch [8.563] delay 3.058 ms
INFO: at 1207.150 ms batch [8.563] delay 3.058 ms
INFO: at 1210.209 ms batch [8.563] delay 3.058 ms
INFO: at 1213.268 ms batch [8.563] delay 3.058 ms
INFO: at 1216.327 ms batch [8.563] delay 3.058 ms
INFO: at 1219.393 ms batch [8.563] delay 3.058 ms
INFO: at 1222.452 ms batch [8.563] delay 3.058 ms
INFO: at 1225.511 ms batch [8.563] delay 3.058 ms
INFO: at 1228.570 ms batch [8.563] delay 3.058 ms
INFO: at 1231.629 ms batch [8.563] delay 4.282 ms
INFO: at 1235.912 ms batch [8.563] delay 4.282 ms
INFO: at 1240.194 ms batch [8.563] delay 4.282 ms
INFO: at 1244.476 ms batch [8.563] delay 4.282 ms
INFO: at 1248.759 ms batch [8.563] delay 4.282 ms
INFO: at 1253.041 ms batch [8.563] delay 4.282 ms
INFO: at 1257.323 ms batch [8.563] delay 4.282 ms
INFO: at 1261.606 ms batch [8.563] delay 4.282 ms
INFO: at 1265.889 ms batch [8.563] delay 4.282 ms
INFO: at 1270.182 ms batch [8.563] delay 4.282 ms
INFO: at 1274.465 ms batch [8.563] delay 3.568 ms
INFO: at 1278.033 ms batch [8.563] delay 3.568 ms
INFO: at 1281.602 ms batch [8.563] delay 3.568 ms
INFO: at 1285.170 ms batch [8.563] delay 3.568 ms
INFO: at 1288.739 ms batch [8.563] delay 3.568 ms
INFO: at 1292.308 ms batch [8.563] delay 3.568 ms
INFO: at 1295.878 ms batch [8.563] delay 3.568 ms
INFO: at 1299.446 ms batch [8.563] delay 3.568 ms
INFO: at 1303.015 ms batch [8.563] delay 3.568 ms
INFO: at 1306.584 ms batch [8.563] delay 3.568 ms
INFO: at 1310.153 ms batch [8.563] delay 3.568 ms
INFO: at 1313.722 ms batch [8.563] delay 3.568 ms
INFO: at 1317.291 ms batch [8.563] delay 4.282 ms
INFO: at 1321.577 ms batch [8.563] delay 4.282 ms
INFO: at 1325.860 ms batch [8.563] delay 4.282 ms
INFO: at 1330.142 ms batch [8.563] delay 4.282 ms
INFO: at 1334.424 ms batch [8.563] delay 4.282 ms
INFO: at 1338.707 ms batch [8.563] delay 4.282 ms
INFO: at 1342.989 ms batch [8.563] delay 4.282 ms
INFO: at 1347.272 ms batch [8.563] delay 4.282 ms
INFO: at 1351.554 ms batch [8.563] delay 4.282 ms
INFO: at 1355.837 ms batch [8.563] delay 4.282 ms
INFO: at 1360.119 ms batch [8.563] delay 4.757 ms
INFO: at 1364.877 ms batch [8.563] delay 4.757 ms
INFO: at 1369.635 ms batch [8.563] delay 4.757 ms
INFO: at 1374.393 ms batch [8.563] delay 4.757 ms
INFO: at 1379.151 ms batch [8.563] delay 4.757 ms
INFO: at 1383.909 ms batch [8.563] delay 4.757 ms
INFO: at 1388.667 ms batch [8.563] delay 4.757 ms
INFO: at 1393.425 ms batch [8.563] delay 4.757 ms
INFO: at 1398.184 ms batch [8.563] delay 4.757 ms
INFO: at 1402.942 ms batch [8.563] delay 5.352 ms
INFO: at 1017.485 ms fetching 8.563 ms
INFO: at 1021.379 ms fetching 8.563 ms
INFO: at 1025.272 ms fetching 8.563 ms
INFO: at 1029.165 ms fetching 8.563 ms
INFO: at 1033.059 ms fetching 8.563 ms
INFO: at 1036.952 ms fetching 8.563 ms
INFO: at 1040.845 ms fetching 8.563 ms
INFO: at 1044.739 ms fetching 8.563 ms
INFO: at 1048.632 ms fetching 8.563 ms
INFO: at 1052.525 ms fetching 8.563 ms
INFO: at 1056.420 ms fetching 8.563 ms
INFO: at 1060.313 ms fetching 8.563 ms
INFO: at 1064.595 ms fetching 8.563 ms
INFO: at 1068.877 ms fetching 8.563 ms
INFO: at 1073.160 ms fetching 8.563 ms
INFO: at 1077.442 ms fetching 8.563 ms
INFO: at 1081.725 ms fetching 8.563 ms
INFO: at 1086.007 ms fetching 8.563 ms
INFO: at 1090.289 ms fetching 8.563 ms
INFO: at 1094.572 ms fetching 8.563 ms
INFO: at 1098.854 ms fetching 8.563 ms
INFO: at 1103.136 ms fetching 8.563 ms
INFO: at 1107.029 ms fetching 8.563 ms
INFO: at 1110.922 ms fetching 8.563 ms
INFO: at 1114.816 ms fetching 8.563 ms
INFO: at 1118.709 ms fetching 8.563 ms
INFO: at 1122.602 ms fetching 8.563 ms
INFO: at 1126.495 ms fetching 8.563 ms
INFO: at 1130.388 ms fetching 8.563 ms
INFO: at 1134.281 ms fetching 8.563 ms
INFO: at 1138.183 ms fetching 8.563 ms
INFO: at 1142.077 ms fetching 8.563 ms
INFO: at 1145.970 ms fetching 8.563 ms
INFO: at 1149.863 ms fetching 8.563 ms
INFO: at 1153.756 ms fetching 8.563 ms
INFO: at 1157.650 ms fetching 8.563 ms
INFO: at 1161.543 ms fetching 8.563 ms
INFO: at 1165.436 ms fetching 8.563 ms
INFO: at 1169.329 ms fetching 8.563 ms
INFO: at 1173.223 ms fetching 8.563 ms
INFO: at 1177.116 ms fetching 8.563 ms
INFO: at 1181.009 ms fetching 8.563 ms
INFO: at 1184.902 ms fetching 8.563 ms
INFO: at 1188.795 ms fetching 8.563 ms
INFO: at 1191.854 ms fetching 8.563 ms
INFO: at 1194.913 ms fetching 8.563 ms
INFO: at 1197.972 ms fetching 8.563 ms
INFO: at 1201.031 ms fetching 8.563 ms
INFO: at 1204.091 ms fetching 8.563 ms
INFO: at 1207.150 ms fetching 8.563 ms
INFO: at 1210.209 ms fetching 8.563 ms
INFO: at 1213.268 ms fetching 8.563 ms
INFO: at 1216.327 ms fetching 8.563 ms
INFO: at 1219.393 ms fetching 8.563 ms
INFO: at 1222.452 ms fetching 8.563 ms
INFO: at 1225.511 ms fetching 8.563 ms
INFO: at 1228.570 ms fetching 8.563 ms
INFO: at 1231.629 ms fetching 8.563 ms
INFO: at 1235.912 ms fetching 8.563 ms
INFO: at 1240.194 ms fetching 8.563 ms
INFO: at 1244.476 ms fetching 8.563 ms
INFO: at 1248.759 ms fetching 8.563 ms
INFO: at 1253.041 ms fetching 8.563 ms
INFO: at 1257.323 ms fetching 8.563 ms
INFO: at 1261.606 ms fetching 8.563 ms
INFO: at 1265.889 ms fetching 8.563 ms
INFO: at 1270.182 ms fetching 8.563 ms
INFO: at 1274.465 ms fetching 8.563 ms
INFO: at 1278.033 ms fetching 8.563 ms
INFO: at 1281.602 ms fetching 8.563 ms
INFO: at 1285.170 ms fetching 8.563 ms
INFO: at 1288.739 ms fetching 8.563 ms
INFO: at 1292.308 ms fetching 8.563 ms
INFO: at 1295.878 ms fetching 8.563 ms
INFO: at 1299.446 ms fetching 8.563 ms
INFO: at 1303.015 ms fetching 8.563 ms
INFO: at 1306.584 ms fetching 8.563 ms
INFO: at 1310.153 ms fetching 8.563 ms
INFO: at 1313.722 ms fetching 8.563 ms
INFO: at 1317.291 ms fetching 8.563 ms
INFO: at 1321.577 ms fetching 8.563 ms
INFO: at 1325.860 ms fetching 8.563 ms
INFO: at 1330.142 ms fetching 8.563 ms
INFO: at 1334.424 ms fetching 8.563 ms
INFO: at 1338.707 ms fetching 8.563 ms
INFO: at 1342.989 ms fetching 8.563 ms
INFO: at 1347.272 ms fetching 8.563 ms
INFO: at 1351.554 ms fetching 8.563 ms
INFO: at 1355.837 ms fetching 8.563 ms
INFO: at 1360.119 ms fetching 8.563 ms
INFO: at 1364.877 ms fetching 8.563 ms
INFO: at 1369.635 ms fetching 8.563 ms
INFO: at 1374.393 ms fetching 8.563 ms
INFO: at 1379.151 ms fetching 8.563 ms
INFO: at 1383.909 ms fetching 8.563 ms
INFO: at 1388.667 ms fetching 8.563 ms
INFO: at 1393.425 ms fetching 8.563 ms
INFO: at 1398.184 ms fetching 8.563 ms
INFO: at 1402.942 ms fetching 8.563 ms
WARNING: bookkeeping for too long: -23.23748520560457ms
INFO: at 1431.540 ms batch [8.563] delay 5.352 ms
INFO: at 1431.540 ms fetching 8.563 ms
INFO: at 1436.894 ms batch [8.563] delay 5.352 ms
INFO: at 1436.894 ms fetching 8.563 ms
INFO: at 1442.248 ms batch [8.563] delay 5.352 ms
INFO: at 1442.248 ms fetching 8.563 ms
INFO: at 1447.602 ms batch [8.563] delay 5.352 ms
INFO: at 1447.602 ms fetching 8.563 ms
INFO: at 1452.956 ms batch [8.563] delay 5.352 ms
INFO: at 1452.956 ms fetching 8.563 ms
INFO: at 1458.309 ms batch [8.563] delay 5.352 ms
INFO: at 1458.309 ms fetching 8.563 ms
INFO: at 1463.663 ms batch [8.563] delay 5.352 ms
INFO: at 1463.663 ms fetching 8.563 ms
INFO: at 1469.016 ms batch [8.563] delay 6.117 ms
INFO: at 1469.016 ms fetching 8.563 ms
INFO: at 1475.134 ms batch [8.563] delay 6.117 ms
INFO: at 1475.134 ms fetching 8.563 ms
INFO: at 1481.253 ms batch [8.563] delay 6.117 ms
INFO: at 1481.253 ms fetching 8.563 ms
INFO: at 1487.370 ms batch [8.563] delay 6.117 ms
INFO: at 1487.370 ms fetching 8.563 ms
INFO: at 1493.489 ms batch [8.563] delay 6.117 ms
INFO: at 1493.489 ms fetching 8.563 ms
INFO: at 1499.607 ms batch [8.563] delay 6.117 ms
INFO: at 1499.607 ms fetching 8.563 ms
INFO: at 1505.726 ms batch [8.563] delay 6.117 ms
INFO: at 1505.726 ms fetching 8.563 ms
INFO: at 1511.844 ms batch [8.563] delay 4.757 ms
INFO: at 1516.603 ms batch [8.563] delay 4.757 ms
INFO: at 1521.361 ms batch [8.563] delay 4.757 ms
INFO: at 1526.120 ms batch [8.563] delay 4.757 ms
INFO: at 1530.878 ms batch [8.563] delay 4.757 ms
INFO: at 1535.636 ms batch [8.563] delay 4.757 ms
INFO: at 1540.395 ms batch [8.563] delay 4.757 ms
INFO: at 1545.152 ms batch [8.563] delay 4.757 ms
INFO: at 1549.911 ms batch [8.563] delay 4.757 ms
INFO: at 1554.669 ms batch [8.563] delay 6.117 ms
INFO: at 1511.844 ms fetching 8.563 ms
INFO: at 1516.603 ms fetching 8.563 ms
INFO: at 1521.361 ms fetching 8.563 ms
INFO: at 1526.120 ms fetching 8.563 ms
INFO: at 1530.878 ms fetching 8.563 ms
INFO: at 1535.636 ms fetching 8.563 ms
INFO: at 1540.395 ms fetching 8.563 ms
INFO: at 1545.152 ms fetching 8.563 ms
INFO: at 1549.911 ms fetching 8.563 ms
INFO: at 1554.669 ms fetching 8.563 ms
INFO: at 1560.787 ms batch [8.563] delay 6.117 ms
INFO: at 1560.787 ms fetching 8.563 ms
INFO: at 1566.906 ms batch [8.563] delay 6.117 ms
INFO: at 1566.906 ms fetching 8.563 ms
INFO: at 1573.024 ms batch [8.563] delay 6.117 ms
INFO: at 1573.024 ms fetching 8.563 ms
INFO: at 1579.142 ms batch [8.563] delay 6.117 ms
INFO: at 1579.142 ms fetching 8.563 ms
INFO: at 1585.260 ms batch [8.563] delay 6.117 ms
INFO: at 1585.260 ms fetching 8.563 ms
INFO: at 1591.378 ms batch [8.563] delay 6.117 ms
INFO: at 1591.378 ms fetching 8.563 ms
INFO: at 1597.497 ms batch [8.563] delay 3.568 ms
INFO: at 1601.066 ms batch [8.563] delay 3.568 ms
INFO: at 1604.635 ms batch [8.563] delay 3.568 ms
INFO: at 1608.204 ms batch [8.563] delay 3.568 ms
INFO: at 1611.772 ms batch [8.563] delay 3.568 ms
INFO: at 1615.341 ms batch [8.563] delay 3.568 ms
INFO: at 1618.910 ms batch [8.563] delay 3.568 ms
INFO: at 1622.481 ms batch [8.563] delay 3.568 ms
INFO: at 1626.050 ms batch [8.563] delay 3.568 ms
INFO: at 1629.619 ms batch [8.563] delay 3.568 ms
INFO: at 1633.188 ms batch [8.563] delay 3.568 ms
INFO: at 1636.757 ms batch [8.563] delay 3.568 ms
INFO: at 1640.325 ms batch [8.563] delay 4.757 ms
INFO: at 1645.084 ms batch [8.563] delay 4.757 ms
INFO: at 1649.842 ms batch [8.563] delay 4.757 ms
INFO: at 1654.600 ms batch [8.563] delay 4.757 ms
INFO: at 1659.358 ms batch [8.563] delay 4.757 ms
INFO: at 1664.116 ms batch [8.563] delay 4.757 ms
INFO: at 1668.874 ms batch [8.563] delay 4.757 ms
INFO: at 1673.632 ms batch [8.563] delay 4.757 ms
INFO: at 1678.391 ms batch [8.563] delay 4.757 ms
INFO: at 1683.149 ms batch [8.563] delay 4.757 ms
INFO: at 1687.907 ms batch [8.563] delay 4.757 ms
INFO: at 1692.665 ms batch [8.563] delay 4.757 ms
INFO: at 1697.423 ms batch [8.563] delay 4.757 ms
INFO: at 1702.182 ms batch [8.563] delay 4.757 ms
INFO: at 1706.940 ms batch [8.563] delay 4.757 ms
INFO: at 1711.698 ms batch [8.563] delay 4.757 ms
INFO: at 1716.456 ms batch [8.563] delay 4.757 ms
INFO: at 1721.214 ms batch [8.563] delay 4.757 ms
INFO: at 1725.972 ms batch [8.563] delay 5.352 ms
INFO: at 1597.497 ms fetching 8.563 ms
INFO: at 1601.066 ms fetching 8.563 ms
INFO: at 1604.635 ms fetching 8.563 ms
INFO: at 1608.204 ms fetching 8.563 ms
INFO: at 1611.772 ms fetching 8.563 ms
INFO: at 1615.341 ms fetching 8.563 ms
INFO: at 1618.910 ms fetching 8.563 ms
INFO: at 1622.481 ms fetching 8.563 ms
INFO: at 1626.050 ms fetching 8.563 ms
INFO: at 1629.619 ms fetching 8.563 ms
INFO: at 1633.188 ms fetching 8.563 ms
INFO: at 1636.757 ms fetching 8.563 ms
INFO: at 1640.325 ms fetching 8.563 ms
INFO: at 1645.084 ms fetching 8.563 ms
INFO: at 1649.842 ms fetching 8.563 ms
INFO: at 1654.600 ms fetching 8.563 ms
INFO: at 1659.358 ms fetching 8.563 ms
INFO: at 1664.116 ms fetching 8.563 ms
INFO: at 1668.874 ms fetching 8.563 ms
INFO: at 1673.632 ms fetching 8.563 ms
INFO: at 1678.391 ms fetching 8.563 ms
INFO: at 1683.149 ms fetching 8.563 ms
INFO: at 1687.907 ms fetching 8.563 ms
INFO: at 1692.665 ms fetching 8.563 ms
INFO: at 1697.423 ms fetching 8.563 ms
INFO: at 1702.182 ms fetching 8.563 ms
INFO: at 1706.940 ms fetching 8.563 ms
INFO: at 1711.698 ms fetching 8.563 ms
INFO: at 1716.456 ms fetching 8.563 ms
INFO: at 1721.214 ms fetching 8.563 ms
INFO: at 1725.972 ms fetching 8.563 ms
INFO: at 1734.671 ms batch [8.563] delay 5.352 ms
INFO: at 1734.671 ms fetching 8.563 ms
INFO: at 1740.025 ms batch [8.563] delay 5.352 ms
INFO: at 1740.025 ms fetching 8.563 ms
INFO: at 1745.378 ms batch [8.563] delay 5.352 ms
INFO: at 1745.378 ms fetching 8.563 ms
INFO: at 1750.732 ms batch [8.563] delay 5.352 ms
INFO: at 1750.732 ms fetching 8.563 ms
INFO: at 1756.086 ms batch [8.563] delay 5.352 ms
INFO: at 1756.086 ms fetching 8.563 ms
INFO: at 1761.439 ms batch [8.563] delay 5.352 ms
INFO: at 1761.439 ms fetching 8.563 ms
INFO: at 1766.793 ms batch [8.563] delay 5.352 ms
INFO: at 1766.793 ms fetching 8.563 ms
INFO: at 1772.146 ms batch [8.563] delay 5.352 ms
INFO: at 1772.146 ms fetching 8.563 ms
INFO: at 1777.500 ms batch [8.563] delay 5.352 ms
INFO: at 1777.500 ms fetching 8.563 ms
INFO: at 1782.853 ms batch [8.563] delay 5.352 ms
INFO: at 1782.853 ms fetching 8.563 ms
INFO: at 1788.206 ms batch [8.563] delay 5.352 ms
INFO: at 1788.206 ms fetching 8.563 ms
INFO: at 1793.560 ms batch [8.563] delay 5.352 ms
INFO: at 1793.560 ms fetching 8.563 ms
INFO: at 1798.913 ms batch [8.563] delay 5.352 ms
INFO: at 1798.913 ms fetching 8.563 ms
INFO: at 1804.267 ms batch [8.563] delay 5.352 ms
INFO: at 1804.267 ms fetching 8.563 ms
INFO: at 1809.620 ms batch [8.563] delay 5.352 ms
INFO: at 1809.620 ms fetching 8.563 ms
INFO: at 1814.974 ms batch [8.563] delay 1.476 ms
INFO: at 1816.452 ms batch [8.563] delay 1.476 ms
INFO: at 1817.929 ms batch [8.563] delay 1.476 ms
INFO: at 1819.407 ms batch [8.563] delay 1.476 ms
INFO: at 1820.884 ms batch [8.563] delay 1.476 ms
INFO: at 1822.361 ms batch [8.563] delay 1.476 ms
INFO: at 1823.838 ms batch [8.563] delay 1.476 ms
INFO: at 1825.316 ms batch [8.563] delay 1.476 ms
INFO: at 1826.793 ms batch [8.563] delay 1.476 ms
INFO: at 1828.270 ms batch [8.563] delay 1.476 ms
INFO: at 1829.747 ms batch [8.563] delay 1.476 ms
INFO: at 1831.224 ms batch [8.563] delay 1.476 ms
INFO: at 1832.701 ms batch [8.563] delay 1.476 ms
INFO: at 1834.182 ms batch [8.563] delay 1.476 ms
INFO: at 1835.659 ms batch [8.563] delay 1.476 ms
INFO: at 1837.136 ms batch [8.563] delay 1.476 ms
INFO: at 1838.614 ms batch [8.563] delay 1.476 ms
INFO: at 1840.091 ms batch [8.563] delay 1.476 ms
INFO: at 1841.568 ms batch [8.563] delay 1.476 ms
INFO: at 1843.045 ms batch [8.563] delay 1.476 ms
INFO: at 1844.523 ms batch [8.563] delay 1.476 ms
INFO: at 1846.000 ms batch [8.563] delay 1.476 ms
INFO: at 1847.477 ms batch [8.563] delay 1.476 ms
INFO: at 1848.954 ms batch [8.563] delay 1.476 ms
INFO: at 1850.433 ms batch [8.563] delay 1.476 ms
INFO: at 1851.911 ms batch [8.563] delay 1.476 ms
INFO: at 1853.388 ms batch [8.563] delay 1.476 ms
INFO: at 1854.865 ms batch [8.563] delay 1.476 ms
INFO: at 1856.342 ms batch [8.563] delay 1.476 ms
INFO: at 1857.819 ms batch [8.563] delay 3.892 ms
INFO: at 1861.713 ms batch [8.563] delay 3.892 ms
INFO: at 1865.606 ms batch [8.563] delay 3.892 ms
INFO: at 1869.499 ms batch [8.563] delay 3.892 ms
INFO: at 1873.392 ms batch [8.563] delay 3.892 ms
INFO: at 1877.285 ms batch [8.563] delay 3.892 ms
INFO: at 1881.178 ms batch [8.563] delay 3.892 ms
INFO: at 1885.071 ms batch [8.563] delay 3.892 ms
INFO: at 1888.964 ms batch [8.563] delay 3.892 ms
INFO: at 1892.857 ms batch [8.563] delay 3.892 ms
INFO: at 1896.751 ms batch [8.563] delay 3.892 ms
INFO: at 1900.644 ms batch [8.563] delay 4.282 ms
INFO: at 1904.926 ms batch [8.563] delay 4.282 ms
INFO: at 1909.208 ms batch [8.563] delay 4.282 ms
INFO: at 1913.491 ms batch [8.563] delay 4.282 ms
INFO: at 1917.773 ms batch [8.563] delay 4.282 ms
INFO: at 1922.055 ms batch [8.563] delay 4.282 ms
INFO: at 1926.338 ms batch [8.563] delay 4.282 ms
INFO: at 1930.621 ms batch [8.563] delay 4.282 ms
INFO: at 1934.903 ms batch [8.563] delay 4.282 ms
INFO: at 1939.185 ms batch [8.563] delay 4.282 ms
INFO: at 1943.468 ms batch [8.563] delay 5.352 ms
INFO: at 1814.974 ms fetching 8.563 ms
INFO: at 1816.452 ms fetching 8.563 ms
INFO: at 1817.929 ms fetching 8.563 ms
INFO: at 1819.407 ms fetching 8.563 ms
INFO: at 1820.884 ms fetching 8.563 ms
INFO: at 1822.361 ms fetching 8.563 ms
INFO: at 1823.838 ms fetching 8.563 ms
INFO: at 1825.316 ms fetching 8.563 ms
INFO: at 1826.793 ms fetching 8.563 ms
INFO: at 1828.270 ms fetching 8.563 ms
INFO: at 1829.747 ms fetching 8.563 ms
INFO: at 1831.224 ms fetching 8.563 ms
INFO: at 1832.701 ms fetching 8.563 ms
INFO: at 1834.182 ms fetching 8.563 ms
INFO: at 1835.659 ms fetching 8.563 ms
INFO: at 1837.136 ms fetching 8.563 ms
INFO: at 1838.614 ms fetching 8.563 ms
INFO: at 1840.091 ms fetching 8.563 ms
INFO: at 1841.568 ms fetching 8.563 ms
INFO: at 1843.045 ms fetching 8.563 ms
INFO: at 1844.523 ms fetching 8.563 ms
INFO: at 1846.000 ms fetching 8.563 ms
INFO: at 1847.477 ms fetching 8.563 ms
INFO: at 1848.954 ms fetching 8.563 ms
INFO: at 1850.433 ms fetching 8.563 ms
INFO: at 1851.911 ms fetching 8.563 ms
INFO: at 1853.388 ms fetching 8.563 ms
INFO: at 1854.865 ms fetching 8.563 ms
INFO: at 1856.342 ms fetching 8.563 ms
INFO: at 1857.819 ms fetching 8.563 ms
INFO: at 1861.713 ms fetching 8.563 ms
INFO: at 1865.606 ms fetching 8.563 ms
INFO: at 1869.499 ms fetching 8.563 ms
INFO: at 1873.392 ms fetching 8.563 ms
INFO: at 1877.285 ms fetching 8.563 ms
INFO: at 1881.178 ms fetching 8.563 ms
INFO: at 1885.071 ms fetching 8.563 ms
INFO: at 1888.964 ms fetching 8.563 ms
INFO: at 1892.857 ms fetching 8.563 ms
INFO: at 1896.751 ms fetching 8.563 ms
INFO: at 1900.644 ms fetching 8.563 ms
INFO: at 1904.926 ms fetching 8.563 ms
INFO: at 1909.208 ms fetching 8.563 ms
INFO: at 1913.491 ms fetching 8.563 ms
INFO: at 1917.773 ms fetching 8.563 ms
INFO: at 1922.055 ms fetching 8.563 ms
INFO: at 1926.338 ms fetching 8.563 ms
INFO: at 1930.621 ms fetching 8.563 ms
INFO: at 1934.903 ms fetching 8.563 ms
INFO: at 1939.185 ms fetching 8.563 ms
INFO: at 1943.468 ms fetching 8.563 ms
WARNING: bookkeeping for too long: -8.492282306625384ms
INFO: at 1957.321 ms batch [8.563] delay 5.352 ms
INFO: at 1957.321 ms fetching 8.563 ms
INFO: at 1962.675 ms batch [8.563] delay 5.352 ms
INFO: at 1962.675 ms fetching 8.563 ms
INFO: at 1968.029 ms batch [8.563] delay 5.352 ms
INFO: at 1968.029 ms fetching 8.563 ms
INFO: at 1973.382 ms batch [8.563] delay 5.352 ms
INFO: at 1973.382 ms fetching 8.563 ms
INFO: at 1978.736 ms batch [8.563] delay 5.352 ms
INFO: at 1978.736 ms fetching 8.563 ms
INFO: at 1984.089 ms batch [8.563] delay 5.352 ms
INFO: at 1984.089 ms fetching 8.563 ms
INFO: at 1989.442 ms batch [8.563] delay 5.352 ms
INFO: at 1989.442 ms fetching 8.563 ms
INFO: at 1994.796 ms batch [8.563] delay 2.854 ms
INFO: at 1997.651 ms batch [8.563] delay 2.854 ms
INFO: at 2000.507 ms batch [8.563] delay 2.854 ms
INFO: at 2003.362 ms batch [8.563] delay 2.854 ms
INFO: at 2006.217 ms batch [8.563] delay 2.854 ms
INFO: at 2009.072 ms batch [8.563] delay 2.854 ms
INFO: at 2011.927 ms batch [8.563] delay 2.854 ms
INFO: at 2014.783 ms batch [8.563] delay 2.854 ms
INFO: at 2017.638 ms batch [8.563] delay 2.854 ms
INFO: at 2020.493 ms batch [8.563] delay 2.854 ms
INFO: at 2023.349 ms batch [8.563] delay 2.854 ms
INFO: at 2026.204 ms batch [8.563] delay 2.854 ms
INFO: at 2029.059 ms batch [8.563] delay 2.854 ms
INFO: at 2031.915 ms batch [8.563] delay 2.854 ms
INFO: at 2034.770 ms batch [8.563] delay 2.854 ms
INFO: at 2037.625 ms batch [8.563] delay 3.892 ms
INFO: at 2041.518 ms batch [8.563] delay 3.892 ms
INFO: at 2045.412 ms batch [8.563] delay 3.892 ms
INFO: at 2049.305 ms batch [8.563] delay 3.892 ms
INFO: at 2053.198 ms batch [8.563] delay 3.892 ms
INFO: at 2057.090 ms batch [8.563] delay 3.892 ms
INFO: at 2060.984 ms batch [8.563] delay 3.892 ms
INFO: at 2064.877 ms batch [8.563] delay 3.892 ms
INFO: at 2068.770 ms batch [8.563] delay 3.892 ms
INFO: at 2072.663 ms batch [8.563] delay 3.892 ms
INFO: at 2076.556 ms batch [8.563] delay 3.892 ms
INFO: at 2080.449 ms batch [8.563] delay 3.892 ms
INFO: at 2084.355 ms batch [8.563] delay 3.892 ms
INFO: at 2088.248 ms batch [8.563] delay 3.892 ms
INFO: at 2092.143 ms batch [8.563] delay 3.892 ms
INFO: at 2096.036 ms batch [8.563] delay 3.892 ms
INFO: at 2099.929 ms batch [8.563] delay 3.892 ms
INFO: at 2103.822 ms batch [8.563] delay 3.892 ms
INFO: at 2107.715 ms batch [8.563] delay 3.892 ms
INFO: at 2111.608 ms batch [8.563] delay 3.892 ms
INFO: at 2115.501 ms batch [8.563] delay 3.892 ms
INFO: at 2119.404 ms batch [8.563] delay 3.892 ms
INFO: at 2123.297 ms batch [8.563] delay 4.757 ms
INFO: at 2128.056 ms batch [8.563] delay 4.757 ms
INFO: at 2132.814 ms batch [8.563] delay 4.757 ms
INFO: at 2137.572 ms batch [8.563] delay 4.757 ms
INFO: at 2142.330 ms batch [8.563] delay 4.757 ms
INFO: at 2147.088 ms batch [8.563] delay 4.757 ms
INFO: at 2151.846 ms batch [8.563] delay 4.757 ms
INFO: at 2156.605 ms batch [8.563] delay 4.757 ms
INFO: at 2161.363 ms batch [8.563] delay 4.757 ms
INFO: at 2166.121 ms batch [8.563] delay 4.757 ms
INFO: at 2170.879 ms batch [8.563] delay 4.757 ms
INFO: at 2175.637 ms batch [8.563] delay 4.757 ms
INFO: at 2180.395 ms batch [8.563] delay 4.757 ms
INFO: at 2185.153 ms batch [8.563] delay 4.757 ms
INFO: at 2189.911 ms batch [8.563] delay 4.757 ms
INFO: at 2194.669 ms batch [8.563] delay 4.757 ms
INFO: at 2199.427 ms batch [8.563] delay 4.757 ms
INFO: at 2204.186 ms batch [8.563] delay 4.757 ms
INFO: at 2208.943 ms batch [8.563] delay 3.568 ms
INFO: at 2212.512 ms batch [8.563] delay 3.568 ms
INFO: at 2216.081 ms batch [8.563] delay 3.568 ms
INFO: at 2219.650 ms batch [8.563] delay 3.568 ms
INFO: at 2223.218 ms batch [8.563] delay 3.568 ms
INFO: at 2226.787 ms batch [8.563] delay 3.568 ms
INFO: at 2230.356 ms batch [8.563] delay 3.568 ms
INFO: at 2233.924 ms batch [8.563] delay 3.568 ms
INFO: at 2237.493 ms batch [8.563] delay 3.568 ms
INFO: at 2241.062 ms batch [8.563] delay 3.568 ms
INFO: at 2244.630 ms batch [8.563] delay 3.568 ms
INFO: at 2248.199 ms batch [8.563] delay 3.568 ms
INFO: at 2251.768 ms batch [8.563] delay 4.757 ms
INFO: at 2256.526 ms batch [8.563] delay 4.757 ms
INFO: at 2261.293 ms batch [8.563] delay 4.757 ms
INFO: at 2266.051 ms batch [8.563] delay 4.757 ms
INFO: at 2270.809 ms batch [8.563] delay 4.757 ms
INFO: at 2275.567 ms batch [8.563] delay 4.757 ms
INFO: at 2280.325 ms batch [8.563] delay 4.757 ms
INFO: at 2285.082 ms batch [8.563] delay 4.757 ms
INFO: at 2289.841 ms batch [8.563] delay 4.757 ms
INFO: at 2294.599 ms batch [8.563] delay 4.282 ms
INFO: at 2298.881 ms batch [8.563] delay 4.282 ms
INFO: at 2303.163 ms batch [8.563] delay 4.282 ms
INFO: at 2307.446 ms batch [8.563] delay 4.282 ms
INFO: at 2311.728 ms batch [8.563] delay 4.282 ms
INFO: at 2316.010 ms batch [8.563] delay 4.282 ms
INFO: at 2320.293 ms batch [8.563] delay 4.282 ms
INFO: at 2324.575 ms batch [8.563] delay 4.282 ms
INFO: at 2328.858 ms batch [8.563] delay 4.282 ms
INFO: at 2333.140 ms batch [8.563] delay 4.282 ms
INFO: at 2337.422 ms batch [8.563] delay 3.294 ms
INFO: at 2340.717 ms batch [8.563] delay 3.294 ms
INFO: at 2344.011 ms batch [8.563] delay 3.294 ms
INFO: at 2347.305 ms batch [8.563] delay 3.294 ms
INFO: at 2350.599 ms batch [8.563] delay 3.294 ms
INFO: at 2353.894 ms batch [8.563] delay 3.294 ms
INFO: at 2357.189 ms batch [8.563] delay 3.294 ms
INFO: at 2360.483 ms batch [8.563] delay 3.294 ms
INFO: at 2363.778 ms batch [8.563] delay 3.294 ms
INFO: at 2367.072 ms batch [8.563] delay 3.294 ms
INFO: at 2370.366 ms batch [8.563] delay 3.294 ms
INFO: at 2373.660 ms batch [8.563] delay 3.294 ms
INFO: at 2376.955 ms batch [8.563] delay 3.294 ms
INFO: at 2380.249 ms batch [8.563] delay 5.352 ms
INFO: at 1994.796 ms fetching 8.563 ms
INFO: at 1997.651 ms fetching 8.563 ms
INFO: at 2000.507 ms fetching 8.563 ms
INFO: at 2003.362 ms fetching 8.563 ms
INFO: at 2006.217 ms fetching 8.563 ms
INFO: at 2009.072 ms fetching 8.563 ms
INFO: at 2011.927 ms fetching 8.563 ms
INFO: at 2014.783 ms fetching 8.563 ms
INFO: at 2017.638 ms fetching 8.563 ms
INFO: at 2020.493 ms fetching 8.563 ms
INFO: at 2023.349 ms fetching 8.563 ms
INFO: at 2026.204 ms fetching 8.563 ms
INFO: at 2029.059 ms fetching 8.563 ms
INFO: at 2031.915 ms fetching 8.563 ms
INFO: at 2034.770 ms fetching 8.563 ms
INFO: at 2037.625 ms fetching 8.563 ms
INFO: at 2041.518 ms fetching 8.563 ms
INFO: at 2045.412 ms fetching 8.563 ms
INFO: at 2049.305 ms fetching 8.563 ms
INFO: at 2053.198 ms fetching 8.563 ms
INFO: at 2057.090 ms fetching 8.563 ms
INFO: at 2060.984 ms fetching 8.563 ms
INFO: at 2064.877 ms fetching 8.563 ms
INFO: at 2068.770 ms fetching 8.563 ms
INFO: at 2072.663 ms fetching 8.563 ms
INFO: at 2076.556 ms fetching 8.563 ms
INFO: at 2080.449 ms fetching 8.563 ms
INFO: at 2084.355 ms fetching 8.563 ms
INFO: at 2088.248 ms fetching 8.563 ms
INFO: at 2092.143 ms fetching 8.563 ms
INFO: at 2096.036 ms fetching 8.563 ms
INFO: at 2099.929 ms fetching 8.563 ms
INFO: at 2103.822 ms fetching 8.563 ms
INFO: at 2107.715 ms fetching 8.563 ms
INFO: at 2111.608 ms fetching 8.563 ms
INFO: at 2115.501 ms fetching 8.563 ms
INFO: at 2119.404 ms fetching 8.563 ms
INFO: at 2123.297 ms fetching 8.563 ms
INFO: at 2128.056 ms fetching 8.563 ms
INFO: at 2132.814 ms fetching 8.563 ms
INFO: at 2137.572 ms fetching 8.563 ms
INFO: at 2142.330 ms fetching 8.563 ms
INFO: at 2147.088 ms fetching 8.563 ms
INFO: at 2151.846 ms fetching 8.563 ms
INFO: at 2156.605 ms fetching 8.563 ms
INFO: at 2161.363 ms fetching 8.563 ms
INFO: at 2166.121 ms fetching 8.563 ms
INFO: at 2170.879 ms fetching 8.563 ms
INFO: at 2175.637 ms fetching 8.563 ms
INFO: at 2180.395 ms fetching 8.563 ms
INFO: at 2185.153 ms fetching 8.563 ms
INFO: at 2189.911 ms fetching 8.563 ms
INFO: at 2194.669 ms fetching 8.563 ms
INFO: at 2199.427 ms fetching 8.563 ms
INFO: at 2204.186 ms fetching 8.563 ms
INFO: at 2208.943 ms fetching 8.563 ms
INFO: at 2212.512 ms fetching 8.563 ms
INFO: at 2216.081 ms fetching 8.563 ms
INFO: at 2219.650 ms fetching 8.563 ms
INFO: at 2223.218 ms fetching 8.563 ms
INFO: at 2226.787 ms fetching 8.563 ms
INFO: at 2230.356 ms fetching 8.563 ms
INFO: at 2233.924 ms fetching 8.563 ms
INFO: at 2237.493 ms fetching 8.563 ms
INFO: at 2241.062 ms fetching 8.563 ms
INFO: at 2244.630 ms fetching 8.563 ms
INFO: at 2248.199 ms fetching 8.563 ms
INFO: at 2251.768 ms fetching 8.563 ms
INFO: at 2256.526 ms fetching 8.563 ms
INFO: at 2261.293 ms fetching 8.563 ms
INFO: at 2266.051 ms fetching 8.563 ms
INFO: at 2270.809 ms fetching 8.563 ms
INFO: at 2275.567 ms fetching 8.563 ms
INFO: at 2280.325 ms fetching 8.563 ms
INFO: at 2285.082 ms fetching 8.563 ms
INFO: at 2289.841 ms fetching 8.563 ms
INFO: at 2294.599 ms fetching 8.563 ms
INFO: at 2298.881 ms fetching 8.563 ms
INFO: at 2303.163 ms fetching 8.563 ms
INFO: at 2307.446 ms fetching 8.563 ms
INFO: at 2311.728 ms fetching 8.563 ms
INFO: at 2316.010 ms fetching 8.563 ms
INFO: at 2320.293 ms fetching 8.563 ms
INFO: at 2324.575 ms fetching 8.563 ms
INFO: at 2328.858 ms fetching 8.563 ms
INFO: at 2333.140 ms fetching 8.563 ms
INFO: at 2337.422 ms fetching 8.563 ms
INFO: at 2340.717 ms fetching 8.563 ms
INFO: at 2344.011 ms fetching 8.563 ms
INFO: at 2347.305 ms fetching 8.563 ms
INFO: at 2350.599 ms fetching 8.563 ms
INFO: at 2353.894 ms fetching 8.563 ms
INFO: at 2357.189 ms fetching 8.563 ms
INFO: at 2360.483 ms fetching 8.563 ms
INFO: at 2363.778 ms fetching 8.563 ms
INFO: at 2367.072 ms fetching 8.563 ms
INFO: at 2370.366 ms fetching 8.563 ms
INFO: at 2373.660 ms fetching 8.563 ms
INFO: at 2376.955 ms fetching 8.563 ms
INFO: at 2380.249 ms fetching 8.563 ms
WARNING: bookkeeping for too long: -21.670853173210162ms
INFO: at 2407.282 ms batch [8.563] delay 5.352 ms
INFO: at 2407.282 ms fetching 8.563 ms
INFO: at 2412.635 ms batch [8.563] delay 5.352 ms
INFO: at 2412.635 ms fetching 8.563 ms
INFO: at 2417.989 ms batch [8.563] delay 5.352 ms
INFO: at 2417.989 ms fetching 8.563 ms
INFO: at 2423.839 ms batch [8.563] delay 5.352 ms
INFO: at 2423.839 ms fetching 8.563 ms
INFO: at 2429.192 ms batch [8.563] delay 5.352 ms
INFO: at 2429.192 ms fetching 8.563 ms
INFO: at 2434.546 ms batch [8.563] delay 5.352 ms
INFO: at 2434.546 ms fetching 8.563 ms
INFO: at 2439.899 ms batch [8.563] delay 5.352 ms
INFO: at 2439.899 ms fetching 8.563 ms
INFO: at 2445.253 ms batch [8.563] delay 4.282 ms
INFO: at 2449.535 ms batch [8.563] delay 4.282 ms
INFO: at 2453.818 ms batch [8.563] delay 4.282 ms
INFO: at 2458.100 ms batch [8.563] delay 4.282 ms
INFO: at 2462.382 ms batch [8.563] delay 4.282 ms
INFO: at 2466.665 ms batch [8.563] delay 4.282 ms
INFO: at 2470.947 ms batch [8.563] delay 4.282 ms
INFO: at 2475.230 ms batch [8.563] delay 4.282 ms
INFO: at 2479.512 ms batch [8.563] delay 4.282 ms
INFO: at 2483.795 ms batch [8.563] delay 4.282 ms
INFO: at 2488.077 ms batch [8.563] delay 6.117 ms
INFO: at 2445.253 ms fetching 8.563 ms
INFO: at 2449.535 ms fetching 8.563 ms
INFO: at 2453.818 ms fetching 8.563 ms
INFO: at 2458.100 ms fetching 8.563 ms
INFO: at 2462.382 ms fetching 8.563 ms
INFO: at 2466.665 ms fetching 8.563 ms
INFO: at 2470.947 ms fetching 8.563 ms
INFO: at 2475.230 ms fetching 8.563 ms
INFO: at 2479.512 ms fetching 8.563 ms
INFO: at 2483.795 ms fetching 8.563 ms
INFO: at 2488.077 ms fetching 8.563 ms
INFO: at 2494.195 ms batch [8.563] delay 6.117 ms
INFO: at 2494.195 ms fetching 8.563 ms
INFO: at 2500.313 ms batch [8.563] delay 6.117 ms
INFO: at 2500.313 ms fetching 8.563 ms
INFO: at 2506.431 ms batch [8.563] delay 6.117 ms
INFO: at 2506.431 ms fetching 8.563 ms
INFO: at 2512.549 ms batch [8.563] delay 6.117 ms
INFO: at 2512.549 ms fetching 8.563 ms
INFO: at 2518.668 ms batch [8.563] delay 6.117 ms
INFO: at 2518.668 ms fetching 8.563 ms
INFO: at 2524.786 ms batch [8.563] delay 6.117 ms
INFO: at 2524.786 ms fetching 8.563 ms
INFO: at 2530.904 ms batch [8.563] delay 4.282 ms
INFO: at 2535.187 ms batch [8.563] delay 4.282 ms
INFO: at 2539.470 ms batch [8.563] delay 4.282 ms
INFO: at 2543.753 ms batch [8.563] delay 4.282 ms
INFO: at 2548.035 ms batch [8.563] delay 4.282 ms
INFO: at 2552.318 ms batch [8.563] delay 4.282 ms
INFO: at 2556.600 ms batch [8.563] delay 4.282 ms
INFO: at 2560.883 ms batch [8.563] delay 4.282 ms
INFO: at 2565.165 ms batch [8.563] delay 4.282 ms
INFO: at 2569.448 ms batch [8.563] delay 4.282 ms
INFO: at 2573.730 ms batch [8.563] delay 5.352 ms
INFO: at 2530.904 ms fetching 8.563 ms
INFO: at 2535.187 ms fetching 8.563 ms
INFO: at 2539.470 ms fetching 8.563 ms
INFO: at 2543.753 ms fetching 8.563 ms
INFO: at 2548.035 ms fetching 8.563 ms
INFO: at 2552.318 ms fetching 8.563 ms
INFO: at 2556.600 ms fetching 8.563 ms
INFO: at 2560.883 ms fetching 8.563 ms
INFO: at 2565.165 ms fetching 8.563 ms
INFO: at 2569.448 ms fetching 8.563 ms
INFO: at 2573.730 ms fetching 8.563 ms
INFO: at 2579.084 ms batch [8.563] delay 5.352 ms
INFO: at 2579.084 ms fetching 8.563 ms
INFO: at 2584.438 ms batch [8.563] delay 5.352 ms
INFO: at 2584.438 ms fetching 8.563 ms
INFO: at 2589.791 ms batch [8.563] delay 5.352 ms
INFO: at 2589.791 ms fetching 8.563 ms
INFO: at 2595.145 ms batch [8.563] delay 5.352 ms
INFO: at 2595.145 ms fetching 8.563 ms
INFO: at 2600.499 ms batch [8.563] delay 5.352 ms
INFO: at 2600.499 ms fetching 8.563 ms
INFO: at 2605.852 ms batch [8.563] delay 5.352 ms
INFO: at 2605.852 ms fetching 8.563 ms
INFO: at 2611.206 ms batch [8.563] delay 5.352 ms
INFO: at 2611.206 ms fetching 8.563 ms
INFO: at 2616.559 ms batch [8.563] delay 3.892 ms
INFO: at 2620.453 ms batch [8.563] delay 3.892 ms
INFO: at 2624.346 ms batch [8.563] delay 3.892 ms
INFO: at 2628.240 ms batch [8.563] delay 3.892 ms
INFO: at 2632.134 ms batch [8.563] delay 3.892 ms
INFO: at 2636.027 ms batch [8.563] delay 3.892 ms
INFO: at 2639.920 ms batch [8.563] delay 3.892 ms
INFO: at 2643.828 ms batch [8.563] delay 3.892 ms
INFO: at 2647.721 ms batch [8.563] delay 3.892 ms
INFO: at 2651.615 ms batch [8.563] delay 3.892 ms
INFO: at 2655.508 ms batch [8.563] delay 3.892 ms
INFO: at 2659.402 ms batch [8.563] delay 4.282 ms
INFO: at 2663.684 ms batch [8.563] delay 4.282 ms
INFO: at 2667.967 ms batch [8.563] delay 4.282 ms
INFO: at 2672.250 ms batch [8.563] delay 4.282 ms
INFO: at 2676.532 ms batch [8.563] delay 4.282 ms
INFO: at 2680.815 ms batch [8.563] delay 4.282 ms
INFO: at 2685.097 ms batch [8.563] delay 4.282 ms
INFO: at 2689.380 ms batch [8.563] delay 4.282 ms
INFO: at 2693.662 ms batch [8.563] delay 4.282 ms
INFO: at 2697.944 ms batch [8.563] delay 4.282 ms
INFO: at 2702.227 ms batch [8.563] delay 4.757 ms
INFO: at 2706.985 ms batch [8.563] delay 4.757 ms
INFO: at 2711.743 ms batch [8.563] delay 4.757 ms
INFO: at 2716.501 ms batch [8.563] delay 4.757 ms
INFO: at 2721.259 ms batch [8.563] delay 4.757 ms
INFO: at 2726.018 ms batch [8.563] delay 4.757 ms
INFO: at 2730.776 ms batch [8.563] delay 4.757 ms
INFO: at 2735.534 ms batch [8.563] delay 4.757 ms
INFO: at 2740.292 ms batch [8.563] delay 4.757 ms
INFO: at 2745.050 ms batch [8.563] delay 4.282 ms
INFO: at 2749.333 ms batch [8.563] delay 4.282 ms
INFO: at 2753.615 ms batch [8.563] delay 4.282 ms
INFO: at 2757.898 ms batch [8.563] delay 4.282 ms
INFO: at 2762.180 ms batch [8.563] delay 4.282 ms
INFO: at 2766.463 ms batch [8.563] delay 4.282 ms
INFO: at 2770.745 ms batch [8.563] delay 4.282 ms
INFO: at 2775.028 ms batch [8.563] delay 4.282 ms
INFO: at 2779.310 ms batch [8.563] delay 4.282 ms
INFO: at 2783.593 ms batch [8.563] delay 4.282 ms
INFO: at 2787.875 ms batch [8.563] delay 4.282 ms
INFO: at 2792.158 ms batch [8.563] delay 4.282 ms
INFO: at 2796.440 ms batch [8.563] delay 4.282 ms
INFO: at 2800.723 ms batch [8.563] delay 4.282 ms
INFO: at 2805.005 ms batch [8.563] delay 4.282 ms
INFO: at 2809.287 ms batch [8.563] delay 4.282 ms
INFO: at 2813.570 ms batch [8.563] delay 4.282 ms
INFO: at 2817.852 ms batch [8.563] delay 4.282 ms
INFO: at 2822.135 ms batch [8.563] delay 4.282 ms
INFO: at 2826.417 ms batch [8.563] delay 4.282 ms
INFO: at 2830.699 ms batch [8.563] delay 5.352 ms
INFO: at 2616.559 ms fetching 8.563 ms
INFO: at 2620.453 ms fetching 8.563 ms
INFO: at 2624.346 ms fetching 8.563 ms
INFO: at 2628.240 ms fetching 8.563 ms
INFO: at 2632.134 ms fetching 8.563 ms
INFO: at 2636.027 ms fetching 8.563 ms
INFO: at 2639.920 ms fetching 8.563 ms
INFO: at 2643.828 ms fetching 8.563 ms
INFO: at 2647.721 ms fetching 8.563 ms
INFO: at 2651.615 ms fetching 8.563 ms
INFO: at 2655.508 ms fetching 8.563 ms
INFO: at 2659.402 ms fetching 8.563 ms
INFO: at 2663.684 ms fetching 8.563 ms
INFO: at 2667.967 ms fetching 8.563 ms
INFO: at 2672.250 ms fetching 8.563 ms
INFO: at 2676.532 ms fetching 8.563 ms
INFO: at 2680.815 ms fetching 8.563 ms
INFO: at 2685.097 ms fetching 8.563 ms
INFO: at 2689.380 ms fetching 8.563 ms
INFO: at 2693.662 ms fetching 8.563 ms
INFO: at 2697.944 ms fetching 8.563 ms
INFO: at 2702.227 ms fetching 8.563 ms
INFO: at 2706.985 ms fetching 8.563 ms
INFO: at 2711.743 ms fetching 8.563 ms
INFO: at 2716.501 ms fetching 8.563 ms
INFO: at 2721.259 ms fetching 8.563 ms
INFO: at 2726.018 ms fetching 8.563 ms
INFO: at 2730.776 ms fetching 8.563 ms
INFO: at 2735.534 ms fetching 8.563 ms
INFO: at 2740.292 ms fetching 8.563 ms
INFO: at 2745.050 ms fetching 8.563 ms
INFO: at 2749.333 ms fetching 8.563 ms
INFO: at 2753.615 ms fetching 8.563 ms
INFO: at 2757.898 ms fetching 8.563 ms
INFO: at 2762.180 ms fetching 8.563 ms
INFO: at 2766.463 ms fetching 8.563 ms
INFO: at 2770.745 ms fetching 8.563 ms
INFO: at 2775.028 ms fetching 8.563 ms
INFO: at 2779.310 ms fetching 8.563 ms
INFO: at 2783.593 ms fetching 8.563 ms
INFO: at 2787.875 ms fetching 8.563 ms
INFO: at 2792.158 ms fetching 8.563 ms
INFO: at 2796.440 ms fetching 8.563 ms
INFO: at 2800.723 ms fetching 8.563 ms
INFO: at 2805.005 ms fetching 8.563 ms
INFO: at 2809.287 ms fetching 8.563 ms
INFO: at 2813.570 ms fetching 8.563 ms
INFO: at 2817.852 ms fetching 8.563 ms
INFO: at 2822.135 ms fetching 8.563 ms
INFO: at 2826.417 ms fetching 8.563 ms
INFO: at 2830.699 ms fetching 8.563 ms
WARNING: bookkeeping for too long: -9.708184396698016ms
INFO: at 2845.769 ms batch [8.563] delay 5.352 ms
INFO: at 2845.769 ms fetching 8.563 ms
INFO: at 2851.122 ms batch [8.563] delay 5.352 ms
INFO: at 2851.122 ms fetching 8.563 ms
INFO: at 2856.475 ms batch [8.563] delay 5.352 ms
INFO: at 2856.475 ms fetching 8.563 ms
INFO: at 2861.829 ms batch [8.563] delay 5.352 ms
INFO: at 2861.829 ms fetching 8.563 ms
INFO: at 2867.182 ms batch [8.563] delay 5.352 ms
INFO: at 2867.182 ms fetching 8.563 ms
INFO: at 2872.535 ms batch [8.563] delay 5.352 ms
INFO: at 2872.535 ms fetching 8.563 ms
INFO: at 2877.889 ms batch [8.563] delay 5.352 ms
INFO: at 2877.889 ms fetching 8.563 ms
INFO: at 2883.243 ms batch [8.563] delay 4.757 ms
INFO: at 2888.001 ms batch [8.563] delay 4.757 ms
INFO: at 2892.760 ms batch [8.563] delay 4.757 ms
INFO: at 2897.518 ms batch [8.563] delay 4.757 ms
INFO: at 2902.276 ms batch [8.563] delay 4.757 ms
INFO: at 2907.034 ms batch [8.563] delay 4.757 ms
INFO: at 2911.792 ms batch [8.563] delay 4.757 ms
INFO: at 2916.550 ms batch [8.563] delay 4.757 ms
INFO: at 2921.308 ms batch [8.563] delay 4.757 ms
INFO: at 2926.066 ms batch [8.563] delay 6.117 ms
INFO: at 2883.243 ms fetching 8.563 ms
INFO: at 2888.001 ms fetching 8.563 ms
INFO: at 2892.760 ms fetching 8.563 ms
INFO: at 2897.518 ms fetching 8.563 ms
INFO: at 2902.276 ms fetching 8.563 ms
INFO: at 2907.034 ms fetching 8.563 ms
INFO: at 2911.792 ms fetching 8.563 ms
INFO: at 2916.550 ms fetching 8.563 ms
INFO: at 2921.308 ms fetching 8.563 ms
INFO: at 2926.066 ms fetching 8.563 ms
INFO: at 2932.185 ms batch [8.563] delay 6.117 ms
INFO: at 2932.185 ms fetching 8.563 ms
INFO: at 2938.303 ms batch [8.563] delay 6.117 ms
INFO: at 2938.303 ms fetching 8.563 ms
INFO: at 2944.421 ms batch [8.563] delay 6.117 ms
INFO: at 2944.421 ms fetching 8.563 ms
INFO: at 2950.539 ms batch [8.563] delay 6.117 ms
INFO: at 2950.539 ms fetching 8.563 ms
INFO: at 2956.657 ms batch [8.563] delay 6.117 ms
INFO: at 2956.657 ms fetching 8.563 ms
INFO: at 2962.775 ms batch [8.563] delay 6.117 ms
INFO: at 2962.775 ms fetching 8.563 ms
INFO: at 2968.893 ms batch [8.563] delay 4.757 ms
INFO: at 2973.651 ms batch [8.563] delay 4.757 ms
INFO: at 2978.412 ms batch [8.563] delay 4.757 ms
INFO: at 2983.171 ms batch [8.563] delay 4.757 ms
INFO: at 2987.929 ms batch [8.563] delay 4.757 ms
INFO: at 2992.687 ms batch [8.563] delay 4.757 ms
INFO: at 2997.445 ms batch [8.563] delay 4.757 ms
INFO: at 3002.203 ms batch [8.563] delay 4.757 ms
INFO: at 3006.961 ms batch [8.563] delay 4.757 ms
INFO: at 3011.719 ms batch [8.563] delay 3.568 ms
INFO: at 3015.287 ms batch [8.563] delay 3.568 ms
INFO: at 3018.856 ms batch [8.563] delay 3.568 ms
INFO: at 3022.425 ms batch [8.563] delay 3.568 ms
INFO: at 3025.994 ms batch [8.563] delay 3.568 ms
INFO: at 3029.563 ms batch [8.563] delay 3.568 ms
INFO: at 3033.132 ms batch [8.563] delay 3.568 ms
INFO: at 3036.701 ms batch [8.563] delay 3.568 ms
INFO: at 3040.270 ms batch [8.563] delay 3.568 ms
INFO: at 3043.839 ms batch [8.563] delay 3.568 ms
INFO: at 3047.408 ms batch [8.563] delay 3.568 ms
INFO: at 3050.977 ms batch [8.563] delay 3.568 ms
INFO: at 3054.546 ms batch [8.563] delay 3.892 ms
INFO: at 3058.439 ms batch [8.563] delay 3.892 ms
INFO: at 3062.332 ms batch [8.563] delay 3.892 ms
INFO: at 3066.225 ms batch [8.563] delay 3.892 ms
INFO: at 3070.118 ms batch [8.563] delay 3.892 ms
INFO: at 3074.012 ms batch [8.563] delay 3.892 ms
INFO: at 3077.905 ms batch [8.563] delay 3.892 ms
INFO: at 3081.798 ms batch [8.563] delay 3.892 ms
INFO: at 3085.691 ms batch [8.563] delay 3.892 ms
INFO: at 3089.585 ms batch [8.563] delay 3.892 ms
INFO: at 3093.478 ms batch [8.563] delay 3.892 ms
INFO: at 3097.371 ms batch [8.563] delay 3.568 ms
INFO: at 3100.940 ms batch [8.563] delay 3.568 ms
INFO: at 3104.509 ms batch [8.563] delay 3.568 ms
INFO: at 3108.077 ms batch [8.563] delay 3.568 ms
INFO: at 3111.646 ms batch [8.563] delay 3.568 ms
INFO: at 3115.215 ms batch [8.563] delay 3.568 ms
INFO: at 3118.784 ms batch [8.563] delay 3.568 ms
INFO: at 3122.353 ms batch [8.563] delay 3.568 ms
INFO: at 3125.921 ms batch [8.563] delay 3.568 ms
INFO: at 3129.490 ms batch [8.563] delay 3.568 ms
INFO: at 3133.059 ms batch [8.563] delay 3.568 ms
INFO: at 3136.628 ms batch [8.563] delay 3.568 ms
INFO: at 3140.196 ms batch [8.563] delay 3.568 ms
INFO: at 3143.765 ms batch [8.563] delay 3.568 ms
INFO: at 3147.334 ms batch [8.563] delay 3.568 ms
INFO: at 3150.903 ms batch [8.563] delay 3.568 ms
INFO: at 3154.472 ms batch [8.563] delay 3.568 ms
INFO: at 3158.041 ms batch [8.563] delay 3.568 ms
INFO: at 3161.609 ms batch [8.563] delay 3.568 ms
INFO: at 3165.178 ms batch [8.563] delay 3.568 ms
INFO: at 3168.747 ms batch [8.563] delay 3.568 ms
INFO: at 3172.316 ms batch [8.563] delay 3.568 ms
INFO: at 3175.884 ms batch [8.563] delay 3.568 ms
INFO: at 3179.453 ms batch [8.563] delay 3.568 ms
INFO: at 3183.022 ms batch [8.563] delay 2.854 ms
INFO: at 3185.877 ms batch [8.563] delay 2.854 ms
INFO: at 3188.733 ms batch [8.563] delay 2.854 ms
INFO: at 3191.588 ms batch [8.563] delay 2.854 ms
INFO: at 3194.444 ms batch [8.563] delay 2.854 ms
INFO: at 3197.299 ms batch [8.563] delay 2.854 ms
INFO: at 3200.154 ms batch [8.563] delay 2.854 ms
INFO: at 3203.010 ms batch [8.563] delay 2.854 ms
INFO: at 3205.865 ms batch [8.563] delay 2.854 ms
INFO: at 3208.721 ms batch [8.563] delay 2.854 ms
INFO: at 3211.576 ms batch [8.563] delay 2.854 ms
INFO: at 3214.432 ms batch [8.563] delay 2.854 ms
INFO: at 3217.287 ms batch [8.563] delay 2.854 ms
INFO: at 3220.142 ms batch [8.563] delay 2.854 ms
INFO: at 3222.997 ms batch [8.563] delay 2.854 ms
INFO: at 3225.852 ms batch [8.563] delay 5.352 ms
INFO: at 2968.893 ms fetching 8.563 ms
INFO: at 2973.651 ms fetching 8.563 ms
INFO: at 2978.412 ms fetching 8.563 ms
INFO: at 2983.171 ms fetching 8.563 ms
INFO: at 2987.929 ms fetching 8.563 ms
INFO: at 2992.687 ms fetching 8.563 ms
INFO: at 2997.445 ms fetching 8.563 ms
INFO: at 3002.203 ms fetching 8.563 ms
INFO: at 3006.961 ms fetching 8.563 ms
INFO: at 3011.719 ms fetching 8.563 ms
INFO: at 3015.287 ms fetching 8.563 ms
INFO: at 3018.856 ms fetching 8.563 ms
INFO: at 3022.425 ms fetching 8.563 ms
INFO: at 3025.994 ms fetching 8.563 ms
INFO: at 3029.563 ms fetching 8.563 ms
INFO: at 3033.132 ms fetching 8.563 ms
INFO: at 3036.701 ms fetching 8.563 ms
INFO: at 3040.270 ms fetching 8.563 ms
INFO: at 3043.839 ms fetching 8.563 ms
INFO: at 3047.408 ms fetching 8.563 ms
INFO: at 3050.977 ms fetching 8.563 ms
INFO: at 3054.546 ms fetching 8.563 ms
INFO: at 3058.439 ms fetching 8.563 ms
INFO: at 3062.332 ms fetching 8.563 ms
INFO: at 3066.225 ms fetching 8.563 ms
INFO: at 3070.118 ms fetching 8.563 ms
INFO: at 3074.012 ms fetching 8.563 ms
INFO: at 3077.905 ms fetching 8.563 ms
INFO: at 3081.798 ms fetching 8.563 ms
INFO: at 3085.691 ms fetching 8.563 ms
INFO: at 3089.585 ms fetching 8.563 ms
INFO: at 3093.478 ms fetching 8.563 ms
INFO: at 3097.371 ms fetching 8.563 ms
INFO: at 3100.940 ms fetching 8.563 ms
INFO: at 3104.509 ms fetching 8.563 ms
INFO: at 3108.077 ms fetching 8.563 ms
INFO: at 3111.646 ms fetching 8.563 ms
INFO: at 3115.215 ms fetching 8.563 ms
INFO: at 3118.784 ms fetching 8.563 ms
INFO: at 3122.353 ms fetching 8.563 ms
INFO: at 3125.921 ms fetching 8.563 ms
INFO: at 3129.490 ms fetching 8.563 ms
INFO: at 3133.059 ms fetching 8.563 ms
INFO: at 3136.628 ms fetching 8.563 ms
INFO: at 3140.196 ms fetching 8.563 ms
INFO: at 3143.765 ms fetching 8.563 ms
INFO: at 3147.334 ms fetching 8.563 ms
INFO: at 3150.903 ms fetching 8.563 ms
INFO: at 3154.472 ms fetching 8.563 ms
INFO: at 3158.041 ms fetching 8.563 ms
INFO: at 3161.609 ms fetching 8.563 ms
INFO: at 3165.178 ms fetching 8.563 ms
INFO: at 3168.747 ms fetching 8.563 ms
INFO: at 3172.316 ms fetching 8.563 ms
INFO: at 3175.884 ms fetching 8.563 ms
INFO: at 3179.453 ms fetching 8.563 ms
INFO: at 3183.022 ms fetching 8.563 ms
INFO: at 3185.877 ms fetching 8.563 ms
INFO: at 3188.733 ms fetching 8.563 ms
INFO: at 3191.588 ms fetching 8.563 ms
INFO: at 3194.444 ms fetching 8.563 ms
INFO: at 3197.299 ms fetching 8.563 ms
INFO: at 3200.154 ms fetching 8.563 ms
INFO: at 3203.010 ms fetching 8.563 ms
INFO: at 3205.865 ms fetching 8.563 ms
INFO: at 3208.721 ms fetching 8.563 ms
INFO: at 3211.576 ms fetching 8.563 ms
INFO: at 3214.432 ms fetching 8.563 ms
INFO: at 3217.287 ms fetching 8.563 ms
INFO: at 3220.142 ms fetching 8.563 ms
INFO: at 3222.997 ms fetching 8.563 ms
INFO: at 3225.852 ms fetching 8.563 ms
WARNING: bookkeeping for too long: -14.562377249671954ms
INFO: at 3245.776 ms batch [8.563] delay 5.352 ms
INFO: at 3245.776 ms fetching 8.563 ms
INFO: at 3251.130 ms batch [8.563] delay 5.352 ms
INFO: at 3251.130 ms fetching 8.563 ms
INFO: at 3256.484 ms batch [8.563] delay 5.352 ms
INFO: at 3256.484 ms fetching 8.563 ms
INFO: at 3261.837 ms batch [8.563] delay 5.352 ms
INFO: at 3261.837 ms fetching 8.563 ms
INFO: at 3267.191 ms batch [8.563] delay 5.352 ms
INFO: at 3267.191 ms fetching 8.563 ms
INFO: at 3272.545 ms batch [8.563] delay 5.352 ms
INFO: at 3272.545 ms fetching 8.563 ms
INFO: at 3277.899 ms batch [8.563] delay 5.352 ms
INFO: at 3277.899 ms fetching 8.563 ms
INFO: at 3283.252 ms batch [8.563] delay 4.282 ms
INFO: at 3287.535 ms batch [8.563] delay 4.282 ms
INFO: at 3291.818 ms batch [8.563] delay 4.282 ms
INFO: at 3296.100 ms batch [8.563] delay 4.282 ms
INFO: at 3300.383 ms batch [8.563] delay 4.282 ms
INFO: at 3304.665 ms batch [8.563] delay 4.282 ms
INFO: at 3308.948 ms batch [8.563] delay 4.282 ms
INFO: at 3313.230 ms batch [8.563] delay 4.282 ms
INFO: at 3317.512 ms batch [8.563] delay 4.282 ms
INFO: at 3321.795 ms batch [8.563] delay 4.282 ms
INFO: at 3326.077 ms batch [8.563] delay 4.757 ms
INFO: at 3330.835 ms batch [8.563] delay 4.757 ms
INFO: at 3335.593 ms batch [8.563] delay 4.757 ms
INFO: at 3340.351 ms batch [8.563] delay 4.757 ms
INFO: at 3345.110 ms batch [8.563] delay 4.757 ms
INFO: at 3349.868 ms batch [8.563] delay 4.757 ms
INFO: at 3354.626 ms batch [8.563] delay 4.757 ms
INFO: at 3359.384 ms batch [8.563] delay 4.757 ms
INFO: at 3364.142 ms batch [8.563] delay 4.757 ms
INFO: at 3368.901 ms batch [8.563] delay 3.568 ms
INFO: at 3372.469 ms batch [8.563] delay 3.568 ms
INFO: at 3376.038 ms batch [8.563] delay 3.568 ms
INFO: at 3379.607 ms batch [8.563] delay 3.568 ms
INFO: at 3383.175 ms batch [8.563] delay 3.568 ms
INFO: at 3386.744 ms batch [8.563] delay 3.568 ms
INFO: at 3390.313 ms batch [8.563] delay 3.568 ms
INFO: at 3393.881 ms batch [8.563] delay 3.568 ms
INFO: at 3397.450 ms batch [8.563] delay 3.568 ms
INFO: at 3401.019 ms batch [8.563] delay 3.568 ms
INFO: at 3404.588 ms batch [8.563] delay 3.568 ms
INFO: at 3408.156 ms batch [8.563] delay 3.568 ms
INFO: at 3411.725 ms batch [8.563] delay 2.141 ms
INFO: at 3413.867 ms batch [8.563] delay 2.141 ms
INFO: at 3416.008 ms batch [8.563] delay 2.141 ms
INFO: at 3418.150 ms batch [8.563] delay 2.141 ms
INFO: at 3420.292 ms batch [8.563] delay 2.141 ms
INFO: at 3422.436 ms batch [8.563] delay 2.141 ms
INFO: at 3424.577 ms batch [8.563] delay 2.141 ms
INFO: at 3426.719 ms batch [8.563] delay 2.141 ms
INFO: at 3428.861 ms batch [8.563] delay 2.141 ms
INFO: at 3431.003 ms batch [8.563] delay 2.141 ms
INFO: at 3433.144 ms batch [8.563] delay 2.141 ms
INFO: at 3435.286 ms batch [8.563] delay 2.141 ms
INFO: at 3437.427 ms batch [8.563] delay 2.141 ms
INFO: at 3439.569 ms batch [8.563] delay 2.141 ms
INFO: at 3441.710 ms batch [8.563] delay 2.141 ms
INFO: at 3443.852 ms batch [8.563] delay 2.141 ms
INFO: at 3445.993 ms batch [8.563] delay 2.141 ms
INFO: at 3448.135 ms batch [8.563] delay 2.141 ms
INFO: at 3450.277 ms batch [8.563] delay 2.141 ms
INFO: at 3452.419 ms batch [8.563] delay 2.141 ms
INFO: at 3454.561 ms batch [8.563] delay 3.892 ms
INFO: at 3458.454 ms batch [8.563] delay 3.892 ms
INFO: at 3462.347 ms batch [8.563] delay 3.892 ms
INFO: at 3466.241 ms batch [8.563] delay 3.892 ms
INFO: at 3470.134 ms batch [8.563] delay 3.892 ms
INFO: at 3474.027 ms batch [8.563] delay 3.892 ms
INFO: at 3477.920 ms batch [8.563] delay 3.892 ms
INFO: at 3481.813 ms batch [8.563] delay 3.892 ms
INFO: at 3485.707 ms batch [8.563] delay 3.892 ms
INFO: at 3489.600 ms batch [8.563] delay 3.892 ms
INFO: at 3493.493 ms batch [8.563] delay 3.892 ms
INFO: at 3497.386 ms batch [8.563] delay 5.352 ms
INFO: at 3283.252 ms fetching 8.563 ms
INFO: at 3287.535 ms fetching 8.563 ms
INFO: at 3291.818 ms fetching 8.563 ms
INFO: at 3296.100 ms fetching 8.563 ms
INFO: at 3300.383 ms fetching 8.563 ms
INFO: at 3304.665 ms fetching 8.563 ms
INFO: at 3308.948 ms fetching 8.563 ms
INFO: at 3313.230 ms fetching 8.563 ms
INFO: at 3317.512 ms fetching 8.563 ms
INFO: at 3321.795 ms fetching 8.563 ms
INFO: at 3326.077 ms fetching 8.563 ms
INFO: at 3330.835 ms fetching 8.563 ms
INFO: at 3335.593 ms fetching 8.563 ms
INFO: at 3340.351 ms fetching 8.563 ms
INFO: at 3345.110 ms fetching 8.563 ms
INFO: at 3349.868 ms fetching 8.563 ms
INFO: at 3354.626 ms fetching 8.563 ms
INFO: at 3359.384 ms fetching 8.563 ms
INFO: at 3364.142 ms fetching 8.563 ms
INFO: at 3368.901 ms fetching 8.563 ms
INFO: at 3372.469 ms fetching 8.563 ms
INFO: at 3376.038 ms fetching 8.563 ms
INFO: at 3379.607 ms fetching 8.563 ms
INFO: at 3383.175 ms fetching 8.563 ms
INFO: at 3386.744 ms fetching 8.563 ms
INFO: at 3390.313 ms fetching 8.563 ms
INFO: at 3393.881 ms fetching 8.563 ms
INFO: at 3397.450 ms fetching 8.563 ms
INFO: at 3401.019 ms fetching 8.563 ms
INFO: at 3404.588 ms fetching 8.563 ms
INFO: at 3408.156 ms fetching 8.563 ms
INFO: at 3411.725 ms fetching 8.563 ms
INFO: at 3413.867 ms fetching 8.563 ms
INFO: at 3416.008 ms fetching 8.563 ms
INFO: at 3418.150 ms fetching 8.563 ms
INFO: at 3420.292 ms fetching 8.563 ms
INFO: at 3422.436 ms fetching 8.563 ms
INFO: at 3424.577 ms fetching 8.563 ms
INFO: at 3426.719 ms fetching 8.563 ms
INFO: at 3428.861 ms fetching 8.563 ms
INFO: at 3431.003 ms fetching 8.563 ms
INFO: at 3433.144 ms fetching 8.563 ms
INFO: at 3435.286 ms fetching 8.563 ms
INFO: at 3437.427 ms fetching 8.563 ms
INFO: at 3439.569 ms fetching 8.563 ms
INFO: at 3441.710 ms fetching 8.563 ms
INFO: at 3443.852 ms fetching 8.563 ms
INFO: at 3445.993 ms fetching 8.563 ms
INFO: at 3448.135 ms fetching 8.563 ms
INFO: at 3450.277 ms fetching 8.563 ms
INFO: at 3452.419 ms fetching 8.563 ms
INFO: at 3454.561 ms fetching 8.563 ms
INFO: at 3458.454 ms fetching 8.563 ms
INFO: at 3462.347 ms fetching 8.563 ms
INFO: at 3466.241 ms fetching 8.563 ms
INFO: at 3470.134 ms fetching 8.563 ms
INFO: at 3474.027 ms fetching 8.563 ms
INFO: at 3477.920 ms fetching 8.563 ms
INFO: at 3481.813 ms fetching 8.563 ms
INFO: at 3485.707 ms fetching 8.563 ms
INFO: at 3489.600 ms fetching 8.563 ms
INFO: at 3493.493 ms fetching 8.563 ms
INFO: at 3497.386 ms fetching 8.563 ms
WARNING: bookkeeping for too long: -11.647474324180621ms
INFO: at 3514.395 ms batch [8.563] delay 5.352 ms
INFO: at 3514.395 ms fetching 8.563 ms
INFO: at 3519.749 ms batch [8.563] delay 5.352 ms
INFO: at 3519.749 ms fetching 8.563 ms
INFO: at 3525.103 ms batch [8.563] delay 5.352 ms
INFO: at 3525.103 ms fetching 8.563 ms
INFO: at 3530.456 ms batch [8.563] delay 5.352 ms
INFO: at 3530.456 ms fetching 8.563 ms
INFO: at 3535.809 ms batch [8.563] delay 5.352 ms
INFO: at 3535.809 ms fetching 8.563 ms
INFO: at 3541.163 ms batch [8.563] delay 5.352 ms
INFO: at 3541.163 ms fetching 8.563 ms
INFO: at 3546.517 ms batch [8.563] delay 5.352 ms
INFO: at 3546.517 ms fetching 8.563 ms
INFO: at 3551.871 ms batch [8.563] delay 5.352 ms
INFO: at 3551.871 ms fetching 8.563 ms
INFO: at 3557.224 ms batch [8.563] delay 5.352 ms
INFO: at 3557.224 ms fetching 8.563 ms
INFO: at 3562.578 ms batch [8.563] delay 5.352 ms
INFO: at 3562.578 ms fetching 8.563 ms
INFO: at 3567.931 ms batch [8.563] delay 5.352 ms
INFO: at 3567.931 ms fetching 8.563 ms
INFO: at 3573.285 ms batch [8.563] delay 5.352 ms
INFO: at 3573.285 ms fetching 8.563 ms
INFO: at 3578.639 ms batch [8.563] delay 5.352 ms
INFO: at 3578.639 ms fetching 8.563 ms
INFO: at 3583.993 ms batch [8.563] delay 5.352 ms
INFO: at 3583.993 ms fetching 8.563 ms
INFO: at 3589.347 ms batch [8.563] delay 5.352 ms
INFO: at 3589.347 ms fetching 8.563 ms
INFO: at 3594.700 ms batch [8.563] delay 3.892 ms
INFO: at 3598.594 ms batch [8.563] delay 3.892 ms
INFO: at 3602.488 ms batch [8.563] delay 3.892 ms
INFO: at 3606.381 ms batch [8.563] delay 3.892 ms
INFO: at 3610.275 ms batch [8.563] delay 3.892 ms
INFO: at 3614.181 ms batch [8.563] delay 3.892 ms
INFO: at 3618.075 ms batch [8.563] delay 3.892 ms
INFO: at 3621.968 ms batch [8.563] delay 3.892 ms
INFO: at 3625.863 ms batch [8.563] delay 3.892 ms
INFO: at 3629.756 ms batch [8.563] delay 3.892 ms
INFO: at 3633.649 ms batch [8.563] delay 3.892 ms
INFO: at 3637.542 ms batch [8.563] delay 3.058 ms
INFO: at 3640.601 ms batch [8.563] delay 3.058 ms
INFO: at 3643.661 ms batch [8.563] delay 3.058 ms
INFO: at 3646.720 ms batch [8.563] delay 3.058 ms
INFO: at 3649.779 ms batch [8.563] delay 3.058 ms
INFO: at 3652.838 ms batch [8.563] delay 3.058 ms
INFO: at 3655.897 ms batch [8.563] delay 3.058 ms
INFO: at 3658.956 ms batch [8.563] delay 3.058 ms
INFO: at 3662.016 ms batch [8.563] delay 3.058 ms
INFO: at 3665.075 ms batch [8.563] delay 3.058 ms
INFO: at 3668.134 ms batch [8.563] delay 3.058 ms
INFO: at 3671.193 ms batch [8.563] delay 3.058 ms
INFO: at 3674.252 ms batch [8.563] delay 3.058 ms
INFO: at 3677.311 ms batch [8.563] delay 3.058 ms
INFO: at 3680.370 ms batch [8.563] delay 3.892 ms
INFO: at 3684.263 ms batch [8.563] delay 3.892 ms
INFO: at 3688.156 ms batch [8.563] delay 3.892 ms
INFO: at 3692.050 ms batch [8.563] delay 3.892 ms
INFO: at 3695.942 ms batch [8.563] delay 3.892 ms
INFO: at 3699.836 ms batch [8.563] delay 3.892 ms
INFO: at 3703.729 ms batch [8.563] delay 3.892 ms
INFO: at 3707.622 ms batch [8.563] delay 3.892 ms
INFO: at 3711.515 ms batch [8.563] delay 3.892 ms
INFO: at 3715.409 ms batch [8.563] delay 3.892 ms
INFO: at 3719.302 ms batch [8.563] delay 3.892 ms
INFO: at 3723.195 ms batch [8.563] delay 4.757 ms
INFO: at 3727.953 ms batch [8.563] delay 4.757 ms
INFO: at 3732.712 ms batch [8.563] delay 4.757 ms
INFO: at 3737.470 ms batch [8.563] delay 4.757 ms
INFO: at 3742.228 ms batch [8.563] delay 4.757 ms
INFO: at 3746.986 ms batch [8.563] delay 4.757 ms
INFO: at 3751.744 ms batch [8.563] delay 4.757 ms
INFO: at 3756.502 ms batch [8.563] delay 4.757 ms
INFO: at 3761.260 ms batch [8.563] delay 4.757 ms
INFO: at 3766.018 ms batch [8.563] delay 3.892 ms
INFO: at 3769.911 ms batch [8.563] delay 3.892 ms
INFO: at 3773.804 ms batch [8.563] delay 3.892 ms
INFO: at 3777.698 ms batch [8.563] delay 3.892 ms
INFO: at 3781.591 ms batch [8.563] delay 3.892 ms
INFO: at 3785.484 ms batch [8.563] delay 3.892 ms
INFO: at 3789.377 ms batch [8.563] delay 3.892 ms
INFO: at 3793.270 ms batch [8.563] delay 3.892 ms
INFO: at 3797.163 ms batch [8.563] delay 3.892 ms
INFO: at 3801.056 ms batch [8.563] delay 3.892 ms
INFO: at 3804.949 ms batch [8.563] delay 3.892 ms
INFO: at 3808.842 ms batch [8.563] delay 3.568 ms
INFO: at 3812.411 ms batch [8.563] delay 3.568 ms
INFO: at 3815.981 ms batch [8.563] delay 3.568 ms
INFO: at 3819.550 ms batch [8.563] delay 3.568 ms
INFO: at 3823.119 ms batch [8.563] delay 3.568 ms
INFO: at 3826.687 ms batch [8.563] delay 3.568 ms
INFO: at 3830.256 ms batch [8.563] delay 3.568 ms
INFO: at 3833.825 ms batch [8.563] delay 3.568 ms
INFO: at 3837.394 ms batch [8.563] delay 3.568 ms
INFO: at 3840.962 ms batch [8.563] delay 3.568 ms
INFO: at 3844.531 ms batch [8.563] delay 3.568 ms
INFO: at 3848.100 ms batch [8.563] delay 3.568 ms
INFO: at 3851.668 ms batch [8.563] delay 3.892 ms
INFO: at 3855.562 ms batch [8.563] delay 3.892 ms
INFO: at 3859.455 ms batch [8.563] delay 3.892 ms
INFO: at 3863.348 ms batch [8.563] delay 3.892 ms
INFO: at 3867.241 ms batch [8.563] delay 3.892 ms
INFO: at 3871.135 ms batch [8.563] delay 3.892 ms
INFO: at 3875.028 ms batch [8.563] delay 3.892 ms
INFO: at 3878.921 ms batch [8.563] delay 3.892 ms
INFO: at 3882.814 ms batch [8.563] delay 3.892 ms
INFO: at 3886.707 ms batch [8.563] delay 3.892 ms
INFO: at 3890.600 ms batch [8.563] delay 3.892 ms
INFO: at 3894.493 ms batch [8.563] delay 2.854 ms
INFO: at 3897.349 ms batch [8.563] delay 2.854 ms
INFO: at 3900.204 ms batch [8.563] delay 2.854 ms
INFO: at 3903.059 ms batch [8.563] delay 2.854 ms
INFO: at 3905.915 ms batch [8.563] delay 2.854 ms
INFO: at 3908.770 ms batch [8.563] delay 2.854 ms
INFO: at 3911.625 ms batch [8.563] delay 2.854 ms
INFO: at 3914.480 ms batch [8.563] delay 2.854 ms
INFO: at 3917.335 ms batch [8.563] delay 2.854 ms
INFO: at 3920.190 ms batch [8.563] delay 2.854 ms
INFO: at 3923.046 ms batch [8.563] delay 2.854 ms
INFO: at 3925.901 ms batch [8.563] delay 2.854 ms
INFO: at 3928.756 ms batch [8.563] delay 2.854 ms
INFO: at 3931.611 ms batch [8.563] delay 2.854 ms
INFO: at 3934.466 ms batch [8.563] delay 2.854 ms
INFO: at 3937.321 ms batch [8.563] delay 4.757 ms
INFO: at 3942.079 ms batch [8.563] delay 4.757 ms
INFO: at 3946.837 ms batch [8.563] delay 4.757 ms
INFO: at 3951.596 ms batch [8.563] delay 4.757 ms
INFO: at 3956.354 ms batch [8.563] delay 4.757 ms
INFO: at 3961.112 ms batch [8.563] delay 4.757 ms
INFO: at 3965.871 ms batch [8.563] delay 4.757 ms
INFO: at 3970.629 ms batch [8.563] delay 4.757 ms
INFO: at 3975.398 ms batch [8.563] delay 4.757 ms
INFO: at 3980.155 ms batch [8.563] delay 4.282 ms
INFO: at 3984.438 ms batch [8.563] delay 4.282 ms
INFO: at 3988.720 ms batch [8.563] delay 4.282 ms
INFO: at 3993.002 ms batch [8.563] delay 4.282 ms
INFO: at 3997.285 ms batch [8.563] delay 4.282 ms
INFO: at 4001.569 ms batch [8.563] delay 4.282 ms
INFO: at 4005.851 ms batch [8.563] delay 4.282 ms
INFO: at 4010.133 ms batch [8.563] delay 4.282 ms
INFO: at 4014.416 ms batch [8.563] delay 4.282 ms
INFO: at 4018.698 ms batch [8.563] delay 4.282 ms
INFO: at 4022.981 ms batch [8.563] delay 3.892 ms
INFO: at 4026.874 ms batch [8.563] delay 3.892 ms
INFO: at 4030.767 ms batch [8.563] delay 3.892 ms
INFO: at 4034.660 ms batch [8.563] delay 3.892 ms
INFO: at 4038.553 ms batch [8.563] delay 3.892 ms
INFO: at 4042.446 ms batch [8.563] delay 3.892 ms
INFO: at 4046.339 ms batch [8.563] delay 3.892 ms
INFO: at 4050.233 ms batch [8.563] delay 3.892 ms
INFO: at 4054.126 ms batch [8.563] delay 3.892 ms
INFO: at 4058.019 ms batch [8.563] delay 3.892 ms
INFO: at 4061.912 ms batch [8.563] delay 3.892 ms
INFO: at 4065.805 ms batch [8.563] delay 3.294 ms
INFO: at 4069.099 ms batch [8.563] delay 3.294 ms
INFO: at 4072.394 ms batch [8.563] delay 3.294 ms
INFO: at 4075.688 ms batch [8.563] delay 3.294 ms
INFO: at 4078.982 ms batch [8.563] delay 3.294 ms
INFO: at 4082.277 ms batch [8.563] delay 3.294 ms
INFO: at 4085.571 ms batch [8.563] delay 3.294 ms
INFO: at 4088.865 ms batch [8.563] delay 3.294 ms
INFO: at 4092.160 ms batch [8.563] delay 3.294 ms
INFO: at 4095.454 ms batch [8.563] delay 3.294 ms
INFO: at 4098.748 ms batch [8.563] delay 3.294 ms
INFO: at 4102.043 ms batch [8.563] delay 3.294 ms
INFO: at 4105.338 ms batch [8.563] delay 3.294 ms
INFO: at 4108.632 ms batch [8.563] delay 3.058 ms
INFO: at 4111.691 ms batch [8.563] delay 3.058 ms
INFO: at 4114.751 ms batch [8.563] delay 3.058 ms
INFO: at 4117.810 ms batch [8.563] delay 3.058 ms
INFO: at 4120.869 ms batch [8.563] delay 3.058 ms
INFO: at 4123.928 ms batch [8.563] delay 3.058 ms
INFO: at 4126.987 ms batch [8.563] delay 3.058 ms
INFO: at 4130.046 ms batch [8.563] delay 3.058 ms
INFO: at 4133.106 ms batch [8.563] delay 3.058 ms
INFO: at 4136.165 ms batch [8.563] delay 3.058 ms
INFO: at 4139.224 ms batch [8.563] delay 3.058 ms
INFO: at 4142.283 ms batch [8.563] delay 3.058 ms
INFO: at 4145.342 ms batch [8.563] delay 3.058 ms
INFO: at 4148.401 ms batch [8.563] delay 3.058 ms
INFO: at 4151.460 ms batch [8.563] delay 3.892 ms
INFO: at 4155.353 ms batch [8.563] delay 3.892 ms
INFO: at 4159.247 ms batch [8.563] delay 3.892 ms
INFO: at 4163.140 ms batch [8.563] delay 3.892 ms
INFO: at 4167.034 ms batch [8.563] delay 3.892 ms
INFO: at 4170.927 ms batch [8.563] delay 3.892 ms
INFO: at 4174.820 ms batch [8.563] delay 3.892 ms
INFO: at 4178.714 ms batch [8.563] delay 3.892 ms
INFO: at 4182.606 ms batch [8.563] delay 3.892 ms
INFO: at 4186.500 ms batch [8.563] delay 3.892 ms
INFO: at 4190.393 ms batch [8.563] delay 3.892 ms
INFO: at 4194.289 ms batch [8.563] delay 4.282 ms
INFO: at 4198.571 ms batch [8.563] delay 4.282 ms
INFO: at 4202.853 ms batch [8.563] delay 4.282 ms
INFO: at 4207.136 ms batch [8.563] delay 4.282 ms
INFO: at 4211.418 ms batch [8.563] delay 4.282 ms
INFO: at 4215.701 ms batch [8.563] delay 4.282 ms
INFO: at 4219.983 ms batch [8.563] delay 4.282 ms
INFO: at 4224.265 ms batch [8.563] delay 4.282 ms
INFO: at 4228.547 ms batch [8.563] delay 4.282 ms
INFO: at 4232.830 ms batch [8.563] delay 4.282 ms
INFO: at 4237.112 ms batch [8.563] delay 3.058 ms
INFO: at 4240.172 ms batch [8.563] delay 3.058 ms
INFO: at 4243.230 ms batch [8.563] delay 3.058 ms
INFO: at 4246.289 ms batch [8.563] delay 3.058 ms
INFO: at 4249.348 ms batch [8.563] delay 3.058 ms
INFO: at 4252.408 ms batch [8.563] delay 3.058 ms
INFO: at 4255.467 ms batch [8.563] delay 3.058 ms
INFO: at 4258.526 ms batch [8.563] delay 3.058 ms
INFO: at 4261.585 ms batch [8.563] delay 3.058 ms
INFO: at 4264.644 ms batch [8.563] delay 3.058 ms
INFO: at 4267.703 ms batch [8.563] delay 3.058 ms
INFO: at 4270.763 ms batch [8.563] delay 3.058 ms
INFO: at 4273.822 ms batch [8.563] delay 0.000 ms
INFO: at 3594.700 ms fetching 8.563 ms
INFO: at 3598.594 ms fetching 8.563 ms
INFO: at 3602.488 ms fetching 8.563 ms
INFO: at 3606.381 ms fetching 8.563 ms
INFO: at 3610.275 ms fetching 8.563 ms
INFO: at 3614.181 ms fetching 8.563 ms
INFO: at 3618.075 ms fetching 8.563 ms
INFO: at 3621.968 ms fetching 8.563 ms
INFO: at 3625.863 ms fetching 8.563 ms
INFO: at 3629.756 ms fetching 8.563 ms
INFO: at 3633.649 ms fetching 8.563 ms
INFO: at 3637.542 ms fetching 8.563 ms
INFO: at 3640.601 ms fetching 8.563 ms
INFO: at 3643.661 ms fetching 8.563 ms
INFO: at 3646.720 ms fetching 8.563 ms
INFO: at 3649.779 ms fetching 8.563 ms
INFO: at 3652.838 ms fetching 8.563 ms
INFO: at 3655.897 ms fetching 8.563 ms
INFO: at 3658.956 ms fetching 8.563 ms
INFO: at 3662.016 ms fetching 8.563 ms
INFO: at 3665.075 ms fetching 8.563 ms
INFO: at 3668.134 ms fetching 8.563 ms
INFO: at 3671.193 ms fetching 8.563 ms
INFO: at 3674.252 ms fetching 8.563 ms
INFO: at 3677.311 ms fetching 8.563 ms
INFO: at 3680.370 ms fetching 8.563 ms
INFO: at 3684.263 ms fetching 8.563 ms
INFO: at 3688.156 ms fetching 8.563 ms
INFO: at 3692.050 ms fetching 8.563 ms
INFO: at 3695.942 ms fetching 8.563 ms
INFO: at 3699.836 ms fetching 8.563 ms
INFO: at 3703.729 ms fetching 8.563 ms
INFO: at 3707.622 ms fetching 8.563 ms
INFO: at 3711.515 ms fetching 8.563 ms
INFO: at 3715.409 ms fetching 8.563 ms
INFO: at 3719.302 ms fetching 8.563 ms
INFO: at 3723.195 ms fetching 8.563 ms
INFO: at 3727.953 ms fetching 8.563 ms
INFO: at 3732.712 ms fetching 8.563 ms
INFO: at 3737.470 ms fetching 8.563 ms
INFO: at 3742.228 ms fetching 8.563 ms
INFO: at 3746.986 ms fetching 8.563 ms
INFO: at 3751.744 ms fetching 8.563 ms
INFO: at 3756.502 ms fetching 8.563 ms
INFO: at 3761.260 ms fetching 8.563 ms
INFO: at 3766.018 ms fetching 8.563 ms
INFO: at 3769.911 ms fetching 8.563 ms
INFO: at 3773.804 ms fetching 8.563 ms
INFO: at 3777.698 ms fetching 8.563 ms
INFO: at 3781.591 ms fetching 8.563 ms
INFO: at 3785.484 ms fetching 8.563 ms
INFO: at 3789.377 ms fetching 8.563 ms
INFO: at 3793.270 ms fetching 8.563 ms
INFO: at 3797.163 ms fetching 8.563 ms
INFO: at 3801.056 ms fetching 8.563 ms
INFO: at 3804.949 ms fetching 8.563 ms
INFO: at 3808.842 ms fetching 8.563 ms
INFO: at 3812.411 ms fetching 8.563 ms
INFO: at 3815.981 ms fetching 8.563 ms
INFO: at 3819.550 ms fetching 8.563 ms
INFO: at 3823.119 ms fetching 8.563 ms
INFO: at 3826.687 ms fetching 8.563 ms
INFO: at 3830.256 ms fetching 8.563 ms
INFO: at 3833.825 ms fetching 8.563 ms
INFO: at 3837.394 ms fetching 8.563 ms
INFO: at 3840.962 ms fetching 8.563 ms
INFO: at 3844.531 ms fetching 8.563 ms
INFO: at 3848.100 ms fetching 8.563 ms
INFO: at 3851.668 ms fetching 8.563 ms
INFO: at 3855.562 ms fetching 8.563 ms
INFO: at 3859.455 ms fetching 8.563 ms
INFO: at 3863.348 ms fetching 8.563 ms
INFO: at 3867.241 ms fetching 8.563 ms
INFO: at 3871.135 ms fetching 8.563 ms
INFO: at 3875.028 ms fetching 8.563 ms
INFO: at 3878.921 ms fetching 8.563 ms
INFO: at 3882.814 ms fetching 8.563 ms
INFO: at 3886.707 ms fetching 8.563 ms
INFO: at 3890.600 ms fetching 8.563 ms
INFO: at 3894.493 ms fetching 8.563 ms
INFO: at 3897.349 ms fetching 8.563 ms
INFO: at 3900.204 ms fetching 8.563 ms
INFO: at 3903.059 ms fetching 8.563 ms
INFO: at 3905.915 ms fetching 8.563 ms
INFO: at 3908.770 ms fetching 8.563 ms
INFO: at 3911.625 ms fetching 8.563 ms
INFO: at 3914.480 ms fetching 8.563 ms
INFO: at 3917.335 ms fetching 8.563 ms
INFO: at 3920.190 ms fetching 8.563 ms
INFO: at 3923.046 ms fetching 8.563 ms
INFO: at 3925.901 ms fetching 8.563 ms
INFO: at 3928.756 ms fetching 8.563 ms
INFO: at 3931.611 ms fetching 8.563 ms
INFO: at 3934.466 ms fetching 8.563 ms
INFO: at 3937.321 ms fetching 8.563 ms
INFO: at 3942.079 ms fetching 8.563 ms
INFO: at 3946.837 ms fetching 8.563 ms
INFO: at 3951.596 ms fetching 8.563 ms
INFO: at 3956.354 ms fetching 8.563 ms
INFO: at 3961.112 ms fetching 8.563 ms
INFO: at 3965.871 ms fetching 8.563 ms
INFO: at 3970.629 ms fetching 8.563 ms
INFO: at 3975.398 ms fetching 8.563 ms
INFO: at 3980.155 ms fetching 8.563 ms
INFO: at 3984.438 ms fetching 8.563 ms
INFO: at 3988.720 ms fetching 8.563 ms
INFO: at 3993.002 ms fetching 8.563 ms
INFO: at 3997.285 ms fetching 8.563 ms
INFO: at 4001.569 ms fetching 8.563 ms
INFO: at 4005.851 ms fetching 8.563 ms
INFO: at 4010.133 ms fetching 8.563 ms
INFO: at 4014.416 ms fetching 8.563 ms
INFO: at 4018.698 ms fetching 8.563 ms
INFO: at 4022.981 ms fetching 8.563 ms
INFO: at 4026.874 ms fetching 8.563 ms
INFO: at 4030.767 ms fetching 8.563 ms
INFO: at 4034.660 ms fetching 8.563 ms
INFO: at 4038.553 ms fetching 8.563 ms
INFO: at 4042.446 ms fetching 8.563 ms
INFO: at 4046.339 ms fetching 8.563 ms
INFO: at 4050.233 ms fetching 8.563 ms
INFO: at 4054.126 ms fetching 8.563 ms
INFO: at 4058.019 ms fetching 8.563 ms
INFO: at 4061.912 ms fetching 8.563 ms
INFO: at 4065.805 ms fetching 8.563 ms
INFO: at 4069.099 ms fetching 8.563 ms
INFO: at 4072.394 ms fetching 8.563 ms
INFO: at 4075.688 ms fetching 8.563 ms
INFO: at 4078.982 ms fetching 8.563 ms
INFO: at 4082.277 ms fetching 8.563 ms
INFO: at 4085.571 ms fetching 8.563 ms
INFO: at 4088.865 ms fetching 8.563 ms
INFO: at 4092.160 ms fetching 8.563 ms
INFO: at 4095.454 ms fetching 8.563 ms
INFO: at 4098.748 ms fetching 8.563 ms
INFO: at 4102.043 ms fetching 8.563 ms
INFO: at 4105.338 ms fetching 8.563 ms
INFO: at 4108.632 ms fetching 8.563 ms
INFO: at 4111.691 ms fetching 8.563 ms
INFO: at 4114.751 ms fetching 8.563 ms
INFO: at 4117.810 ms fetching 8.563 ms
INFO: at 4120.869 ms fetching 8.563 ms
INFO: at 4123.928 ms fetching 8.563 ms
INFO: at 4126.987 ms fetching 8.563 ms
INFO: at 4130.046 ms fetching 8.563 ms
INFO: at 4133.106 ms fetching 8.563 ms
INFO: at 4136.165 ms fetching 8.563 ms
INFO: at 4139.224 ms fetching 8.563 ms
INFO: at 4142.283 ms fetching 8.563 ms
INFO: at 4145.342 ms fetching 8.563 ms
INFO: at 4148.401 ms fetching 8.563 ms
INFO: at 4151.460 ms fetching 8.563 ms
INFO: at 4155.353 ms fetching 8.563 ms
INFO: at 4159.247 ms fetching 8.563 ms
INFO: at 4163.140 ms fetching 8.563 ms
INFO: at 4167.034 ms fetching 8.563 ms
INFO: at 4170.927 ms fetching 8.563 ms
INFO: at 4174.820 ms fetching 8.563 ms
INFO: at 4178.714 ms fetching 8.563 ms
INFO: at 4182.606 ms fetching 8.563 ms
INFO: at 4186.500 ms fetching 8.563 ms
INFO: at 4190.393 ms fetching 8.563 ms
INFO: at 4194.289 ms fetching 8.563 ms
INFO: at 4198.571 ms fetching 8.563 ms
INFO: at 4202.853 ms fetching 8.563 ms
INFO: at 4207.136 ms fetching 8.563 ms
INFO: at 4211.418 ms fetching 8.563 ms
INFO: at 4215.701 ms fetching 8.563 ms
INFO: at 4219.983 ms fetching 8.563 ms
INFO: at 4224.265 ms fetching 8.563 ms
INFO: at 4228.547 ms fetching 8.563 ms
INFO: at 4232.830 ms fetching 8.563 ms
INFO: at 4237.112 ms fetching 8.563 ms
INFO: at 4240.172 ms fetching 8.563 ms
INFO: at 4243.230 ms fetching 8.563 ms
INFO: at 4246.289 ms fetching 8.563 ms
INFO: at 4249.348 ms fetching 8.563 ms
INFO: at 4252.408 ms fetching 8.563 ms
INFO: at 4255.467 ms fetching 8.563 ms
INFO: at 4258.526 ms fetching 8.563 ms
INFO: at 4261.585 ms fetching 8.563 ms
INFO: at 4264.644 ms fetching 8.563 ms
INFO: at 4267.703 ms fetching 8.563 ms
INFO: at 4270.763 ms fetching 8.563 ms
INFO: at 4273.822 ms fetching 8.563 ms
INFO: done
22-04-19:13:36:03 INFO     [docker_logging_utils.py:19] [default-cluster] Created logging directory: /home/cc/DynWork/multimodal_dataset_gpu/repeat-5/Static_CV/Azure/classification/inception_imagenet/3_x_P99/clipper/logs
22-04-19:13:36:45 INFO     [clipper_admin.py:1424] [default-cluster] Stopped all Clipper cluster and all model containers
