[1m[02:55:58.535][info]       [REDIS] Successfully issued command "SELECT 1"
[00m[1m[02:55:58.535][info]     [STATEDB] Persistent state DB created
[00m[1m[02:55:58.541][info]  [TASKEXE...] TaskExecutor started
[00m[1m[02:55:58.542][info]         [RPC] RPC thread started at address: tcp://*:7000
[00m[1m[02:55:58.544][info]       [REDIS] Successfully issued command "CONFIG SET notify-keyspace-events AKE"
[00m[1m[02:55:58.544][info]       [REDIS] SUBSCRIPTION STRING: __keyspace@2__:*
[00m[1m[02:55:58.544][info]       [REDIS] SUBSCRIPTION STRING: __keyspace@3__:*
[00m[1m[02:55:58.544][info]      [TIMERS] Starting timer thread
[00m[1m[02:55:58.544][info]      [TIMERS] Timer thread started
[00m[1m[02:55:58.544][info]  [QUERYPR...] Query Processor started
[00m[1m[02:55:58.545][info]      [TIMERS] Starting timer event loop
[00m[1m[02:55:58.546][info]       [REDIS] SUBSCRIPTION STRING: __keyspace@5__:*
[00m[1m[02:55:58.546][info]       [REDIS] SUBSCRIPTION STRING: __keyspace@7__:*
[00m[1m[02:55:58.546][info]       [REDIS] SUBSCRIPTION STRING: __keyspace@6__:CURRENT_MODEL_VERSION:*
[00m[1m[02:55:58.546][info]       [REDIS] Successfully issued command "SELECT 5"
[00m[1m[02:55:58.547][info]       [REDIS] Successfully issued command "KEYS *"
[00m[1m[02:55:58.547][info]       [REDIS] Successfully issued command "SELECT 2"
[00m[1m[02:55:58.547][info]       [REDIS] Successfully issued command "KEYS *"
[00m[31m[1m[02:55:59.152][error]    [METRICS] Ratio internal:prediction_cache_hit_ratio has denominator zero!
[00m[31m[1m[02:55:59.649][error]    [METRICS] Ratio internal:prediction_cache_hit_ratio has denominator zero!
[00m[1m[02:55:59.662][info]       [REDIS] MESSAGE: hset
[00m[1m[02:55:59.662][info]  [QUERYFR...] APPLICATION EVENT DETECTED. Key: fake-model, event_type: hset
[00m[1m[02:55:59.662][info]  [QUERYFR...] New application detected: fake-model
[00m[1m[02:55:59.662][info]       [REDIS] Successfully issued command "SELECT 5"
[00m[1m[02:55:59.663][info]       [REDIS] Successfully issued command "HGETALL fake-model"
[00m[1m[02:55:59.663][info]       [REDIS] 	 input_type: floats
[00m[1m[02:55:59.663][info]       [REDIS] 	 policy: DefaultOutputSelectionPolicy
[00m[1m[02:55:59.663][info]       [REDIS] 	 default_output: None
[00m[1m[02:55:59.663][info]       [REDIS] 	 latency_slo_micros: 131000
[00m[1m[02:55:59.663][info]       [REDIS] Successfully issued command "SET fake-model:0:0 {"y_hat":"None"}"
[00m[1m[02:56:00.775][info]       [REDIS] MESSAGE: hset
[00m[1m[02:56:00.775][info]       [REDIS] Successfully issued command "SELECT 2"
[00m[1m[02:56:00.775][info]       [REDIS] MESSAGE: set
[00m[1m[02:56:00.775][info]       [REDIS] Successfully issued command "HGETALL fake-model:1"
[00m[1m[02:56:00.775][info]  [QUERYFR...] MODEL VERSION CHANGE DETECTED. Key: fake-model, event_type: set
[00m[1m[02:56:00.776][info]       [REDIS] 	 model_name: fake-model
[00m[1m[02:56:00.776][info]       [REDIS] 	 model_version: 1
[00m[1m[02:56:00.776][info]       [REDIS] 	 load: 0.000000
[00m[1m[02:56:00.776][info]       [REDIS] 	 input_type: floats
[00m[1m[02:56:00.776][info]       [REDIS] 	 labels: 
[00m[1m[02:56:00.776][info]       [REDIS] 	 container_name: default-cluster-fake-model:1
[00m[1m[02:56:00.776][info]       [REDIS] 	 model_data_path: DEPRECATED
[00m[1m[02:56:00.776][info]       [REDIS] 	 batch_size: 8
[00m[1m[02:56:00.776][info]       [REDIS] 	 valid: 
[00m[1m[02:56:00.776][info]  [TASKEXE...] Registered batch size of 8 for model fake-model:1
[00m[1m[02:56:00.776][info]       [REDIS] Successfully issued command "SELECT 6"
[00m[1m[02:56:00.776][info]       [REDIS] Successfully issued command "GET CURRENT_MODEL_VERSION:fake-model"
[00m[1m[02:56:00.782][info]       [REDIS] MESSAGE: sadd
[00m[1m[02:56:00.782][info]  [QUERYFR...] APP LINKS EVENT DETECTED. App name: fake-model, event_type: sadd
[00m[1m[02:56:00.782][info]  [QUERYFR...] New model link detected for app: fake-model
[00m[1m[02:56:00.782][info]       [REDIS] Successfully issued command "SELECT 7"
[00m[1m[02:56:00.782][info]       [REDIS] Successfully issued command "SMEMBERS fake-model"
[00m[1m[02:56:02.817][info]  [QUERYPR...] Found 1 tasks
[00m[31m[1m[02:56:02.817][error] [TASKEXE...] Received task for unknown model: fake-model : 1
[00m[31m[1m[02:56:02.817][error] [QUERYPR...] No connected models found for query with id: 0
[00m[1m[02:56:03.823][info]  [QUERYPR...] Found 1 tasks
[00m[31m[1m[02:56:03.823][error] [TASKEXE...] Received task for unknown model: fake-model : 1
[00m[31m[1m[02:56:03.823][error] [QUERYPR...] No connected models found for query with id: 1
[00m[1m[02:56:04.826][info]  [QUERYPR...] Found 1 tasks
[00m[31m[1m[02:56:04.826][error] [TASKEXE...] Received task for unknown model: fake-model : 1
[00m[31m[1m[02:56:04.826][error] [QUERYPR...] No connected models found for query with id: 2
[00m[1m[02:56:05.830][info]  [QUERYPR...] Found 1 tasks
[00m[31m[1m[02:56:05.830][error] [TASKEXE...] Received task for unknown model: fake-model : 1
[00m[31m[1m[02:56:05.830][error] [QUERYPR...] No connected models found for query with id: 3
[00m[1m[02:56:06.354][info]         [RPC] Found message to receive
[00m[1m[02:56:06.354][info]         [RPC] Found message to receive
[00m[1m[02:56:06.354][info]         [RPC] New container connected
[00m[1m[02:56:06.354][info]         [RPC] Container added
[00m[1m[02:56:06.355][info]       [REDIS] Successfully issued command "SELECT 3"
[00m[1m[02:56:06.355][info]       [REDIS] Successfully issued command "HMSET fake-model,1,0 model_id fake-model:1 model_name fake-model model_version 1 model_replica_id 0 zmq_connection_id 0 batch_size 1 input_type floats"
[00m[1m[02:56:06.355][info]       [REDIS] MESSAGE: hset
[00m[1m[02:56:06.355][info]  [THREADPOOL] Work queue created for model fake-model:1, replica 0
[00m[1m[02:56:06.356][info]       [REDIS] Successfully issued command "SELECT 3"
[00m[1m[02:56:06.356][info]       [REDIS] Successfully issued command "HGETALL fake-model,1,0"
[00m[1m[02:56:06.356][info]       [REDIS] 	 model_id: fake-model:1
[00m[1m[02:56:06.356][info]       [REDIS] 	 model_name: fake-model
[00m[1m[02:56:06.356][info]       [REDIS] 	 model_version: 1
[00m[1m[02:56:06.356][info]       [REDIS] 	 model_replica_id: 0
[00m[1m[02:56:06.356][info]       [REDIS] 	 zmq_connection_id: 0
[00m[1m[02:56:06.356][info]       [REDIS] 	 batch_size: 1
[00m[1m[02:56:06.356][info]       [REDIS] 	 input_type: floats
[00m[1m[02:56:06.356][info]  [CONTAINERS] Adding new container - model: fake-model, version: 1, connection ID: 0, replica ID: 0, input_type: floats
[00m[1m[02:56:06.356][info]  [CONTAINERS] Creating new ModelContainer for model fake-model:1, id: 0
[00m[1m[02:56:06.356][info]  [CONTAINERS] 
Active containers:
	Model: fake-model:1
		rep_id: 0, container_id: 0

[00m[1m[02:56:06.356][info]       [REDIS] Successfully issued command "SELECT 2"
[00m[1m[02:56:06.356][info]       [REDIS] Successfully issued command "HGETALL fake-model:1"
[00m[1m[02:56:06.356][info]       [REDIS] 	 model_name: fake-model
[00m[1m[02:56:06.356][info]       [REDIS] 	 model_version: 1
[00m[1m[02:56:06.356][info]       [REDIS] 	 load: 0.000000
[00m[1m[02:56:06.356][info]       [REDIS] 	 input_type: floats
[00m[1m[02:56:06.356][info]       [REDIS] 	 labels: 
[00m[1m[02:56:06.356][info]       [REDIS] 	 container_name: default-cluster-fake-model:1
[00m[1m[02:56:06.356][info]       [REDIS] 	 model_data_path: DEPRECATED
[00m[1m[02:56:06.357][info]       [REDIS] 	 batch_size: 8
[00m[1m[02:56:06.357][info]       [REDIS] 	 valid: 
[00m[1m[02:56:06.357][info]  [TASKEXE...] Created queue for new model: fake-model : 1
[00m[1m[02:56:06.357][info]  [THREADPOOL] Work queue created for model fake-model:1, replica 0
[00m[31m[1m[02:56:06.357][error] [THREADPOOL] Work queue already exists for model fake-model:1, replica 0
[00m[1m[02:56:06.833][info]  [QUERYPR...] Found 1 tasks
[00m[1m[02:56:06.833][info]  [TASKEXE...] Adding task to queue. QueryID: 4, model: fake-model:1
[00m[1m[02:56:06.834][info]  [TASKEXE...] Sending batch to model: fake-model:1 replica 0.Batch size: 1. Query IDs: 4 
[00m[1m[02:56:06.838][info]         [RPC] Found message to receive
[00m[1m[02:56:06.845][info]  [QUERYPR...] Found 1 tasks
[00m[1m[02:56:06.845][info]  [TASKEXE...] Adding task to queue. QueryID: 5, model: fake-model:1
[00m[1m[02:56:06.845][info]  [TASKEXE...] Sending batch to model: fake-model:1 replica 0.Batch size: 1. Query IDs: 5 
[00m[1m[02:56:06.872][info]  [QUERYPR...] Found 1 tasks
[00m[1m[02:56:06.872][info]  [TASKEXE...] Adding task to queue. QueryID: 6, model: fake-model:1
[00m[1m[02:56:06.899][info]  [QUERYPR...] Found 1 tasks
[00m[1m[02:56:06.899][info]  [TASKEXE...] Adding task to queue. QueryID: 7, model: fake-model:1
[00m[1m[02:56:06.916][info]         [RPC] Found message to receive
[00m[1m[02:56:06.916][info]  [TASKEXE...] Sending batch to model: fake-model:1 replica 0.Batch size: 2. Query IDs: 6 7 
[00m[1m[02:56:06.926][info]  [QUERYPR...] Found 1 tasks
[00m[1m[02:56:06.926][info]  [TASKEXE...] Adding task to queue. QueryID: 8, model: fake-model:1
[00m[1m[02:56:06.955][info]  [QUERYPR...] Found 1 tasks
[00m[1m[02:56:06.955][info]  [TASKEXE...] Adding task to queue. QueryID: 9, model: fake-model:1
[00m[1m[02:56:06.982][info]  [QUERYPR...] Found 1 tasks
[00m[1m[02:56:06.982][info]  [TASKEXE...] Adding task to queue. QueryID: 10, model: fake-model:1
[00m[1m[02:56:07.009][info]  [QUERYPR...] Found 1 tasks
[00m[1m[02:56:07.009][info]  [TASKEXE...] Adding task to queue. QueryID: 11, model: fake-model:1
[00m[1m[02:56:07.015][info]         [RPC] Found message to receive
[00m[1m[02:56:07.016][info]  [TASKEXE...] Sending batch to model: fake-model:1 replica 0.Batch size: 4. Query IDs: 8 9 10 11 
[00m[1m[02:56:07.036][info]  [QUERYPR...] Found 1 tasks
[00m[1m[02:56:07.036][info]  [TASKEXE...] Adding task to queue. QueryID: 12, model: fake-model:1
[00m[1m[02:56:07.064][info]  [QUERYPR...] Found 1 tasks
[00m[1m[02:56:07.064][info]  [TASKEXE...] Adding task to queue. QueryID: 13, model: fake-model:1
[00m[1m[02:56:07.091][info]  [QUERYPR...] Found 1 tasks
[00m[1m[02:56:07.091][info]  [TASKEXE...] Adding task to queue. QueryID: 14, model: fake-model:1
[00m[1m[02:56:07.119][info]  [QUERYPR...] Found 1 tasks
[00m[1m[02:56:07.119][info]  [TASKEXE...] Adding task to queue. QueryID: 15, model: fake-model:1
[00m[1m[02:56:07.146][info]  [QUERYPR...] Found 1 tasks
[00m[1m[02:56:07.146][info]  [TASKEXE...] Adding task to queue. QueryID: 16, model: fake-model:1
[00m[1m[02:56:07.150][info]         [RPC] Found message to receive
[00m[1m[02:56:07.150][info]  [TASKEXE...] Sending batch to model: fake-model:1 replica 0.Batch size: 5. Query IDs: 12 13 14 15 16 
[00m[1m[02:56:07.174][info]  [QUERYPR...] Found 1 tasks
[00m[1m[02:56:07.174][info]  [TASKEXE...] Adding task to queue. QueryID: 17, model: fake-model:1
[00m[1m[02:56:07.188][info]  [QUERYPR...] Found 1 tasks
[00m[1m[02:56:07.188][info]  [TASKEXE...] Adding task to queue. QueryID: 18, model: fake-model:1
[00m[1m[02:56:07.201][info]  [QUERYPR...] Found 1 tasks
[00m[1m[02:56:07.201][info]  [TASKEXE...] Adding task to queue. QueryID: 19, model: fake-model:1
[00m[1m[02:56:07.215][info]  [QUERYPR...] Found 1 tasks
[00m[1m[02:56:07.215][info]  [TASKEXE...] Adding task to queue. QueryID: 20, model: fake-model:1
[00m[1m[02:56:07.228][info]  [QUERYPR...] Found 1 tasks
[00m[1m[02:56:07.228][info]  [TASKEXE...] Adding task to queue. QueryID: 21, model: fake-model:1
[00m[1m[02:56:07.243][info]  [QUERYPR...] Found 1 tasks
[00m[1m[02:56:07.243][info]  [TASKEXE...] Adding task to queue. QueryID: 22, model: fake-model:1
[00m[1m[02:56:07.256][info]  [QUERYPR...] Found 1 tasks
[00m[1m[02:56:07.256][info]  [TASKEXE...] Adding task to queue. QueryID: 23, model: fake-model:1
[00m[1m[02:56:07.270][info]  [QUERYPR...] Found 1 tasks
[00m[1m[02:56:07.270][info]  [TASKEXE...] Adding task to queue. QueryID: 24, model: fake-model:1
[00m[1m[02:56:07.284][info]  [QUERYPR...] Found 1 tasks
[00m[1m[02:56:07.284][info]  [TASKEXE...] Adding task to queue. QueryID: 25, model: fake-model:1
[00m[1m[02:56:07.298][info]  [QUERYPR...] Found 1 tasks
[00m[1m[02:56:07.298][info]  [TASKEXE...] Adding task to queue. QueryID: 26, model: fake-model:1
[00m[1m[02:56:07.311][info]  [QUERYPR...] Found 1 tasks
[00m[1m[02:56:07.311][info]  [TASKEXE...] Adding task to queue. QueryID: 27, model: fake-model:1
[00m[1m[02:56:07.317][info]         [RPC] Found message to receive
[00m[1m[02:56:07.317][info]  [TASKEXE...] Sending batch to model: fake-model:1 replica 0.Batch size: 8. Query IDs: 18 19 20 21 22 23 24 25 
[00m[1m[02:56:07.326][info]  [QUERYPR...] Found 1 tasks
[00m[1m[02:56:07.326][info]  [TASKEXE...] Adding task to queue. QueryID: 28, model: fake-model:1
[00m[1m[02:56:07.339][info]  [QUERYPR...] Found 1 tasks
[00m[1m[02:56:07.339][info]  [TASKEXE...] Adding task to queue. QueryID: 29, model: fake-model:1
[00m[1m[02:56:07.352][info]  [QUERYPR...] Found 1 tasks
[00m[1m[02:56:07.352][info]  [TASKEXE...] Adding task to queue. QueryID: 30, model: fake-model:1
[00m[1m[02:56:07.366][info]  [QUERYPR...] Found 1 tasks
[00m[1m[02:56:07.366][info]  [TASKEXE...] Adding task to queue. QueryID: 31, model: fake-model:1
[00m[1m[02:56:07.380][info]  [QUERYPR...] Found 1 tasks
[00m[1m[02:56:07.380][info]  [TASKEXE...] Adding task to queue. QueryID: 32, model: fake-model:1
[00m[1m[02:56:07.394][info]  [QUERYPR...] Found 1 tasks
[00m[1m[02:56:07.394][info]  [TASKEXE...] Adding task to queue. QueryID: 33, model: fake-model:1
[00m[1m[02:56:07.404][info]  [QUERYPR...] Found 1 tasks
[00m[1m[02:56:07.404][info]  [TASKEXE...] Adding task to queue. QueryID: 34, model: fake-model:1
[00m[1m[02:56:07.412][info]  [QUERYPR...] Found 1 tasks
[00m[1m[02:56:07.412][info]  [TASKEXE...] Adding task to queue. QueryID: 35, model: fake-model:1
[00m[1m[02:56:07.421][info]  [QUERYPR...] Found 1 tasks
[00m[1m[02:56:07.421][info]  [TASKEXE...] Adding task to queue. QueryID: 36, model: fake-model:1
[00m[1m[02:56:07.428][info]  [QUERYPR...] Found 1 tasks
[00m[1m[02:56:07.428][info]  [TASKEXE...] Adding task to queue. QueryID: 37, model: fake-model:1
[00m[1m[02:56:07.435][info]  [QUERYPR...] Found 1 tasks
[00m[1m[02:56:07.435][info]  [TASKEXE...] Adding task to queue. QueryID: 38, model: fake-model:1
[00m[1m[02:56:07.443][info]  [QUERYPR...] Found 1 tasks
[00m[1m[02:56:07.443][info]  [TASKEXE...] Adding task to queue. QueryID: 39, model: fake-model:1
[00m[1m[02:56:07.448][info]  [QUERYPR...] Found 1 tasks
[00m[1m[02:56:07.448][info]  [TASKEXE...] Adding task to queue. QueryID: 40, model: fake-model:1
[00m[1m[02:56:07.454][info]  [QUERYPR...] Found 1 tasks
[00m[1m[02:56:07.454][info]  [TASKEXE...] Adding task to queue. QueryID: 41, model: fake-model:1
[00m[1m[02:56:07.460][info]  [QUERYPR...] Found 1 tasks
[00m[1m[02:56:07.460][info]  [TASKEXE...] Adding task to queue. QueryID: 42, model: fake-model:1
[00m[1m[02:56:07.465][info]  [QUERYPR...] Found 1 tasks
[00m[1m[02:56:07.465][info]  [TASKEXE...] Adding task to queue. QueryID: 43, model: fake-model:1
[00m[1m[02:56:07.471][info]  [QUERYPR...] Found 1 tasks
[00m[1m[02:56:07.471][info]  [TASKEXE...] Adding task to queue. QueryID: 44, model: fake-model:1
[00m[1m[02:56:07.560][info]         [RPC] Found message to receive
[00m[1m[02:56:07.561][info]  [TASKEXE...] Sending batch to model: fake-model:1 replica 0.Batch size: 7. Query IDs: 38 39 40 41 42 43 44 
[00m[1m[02:56:07.818][info]         [RPC] Found message to receive
[00m[1m[02:56:07.907][info]  [QUERYPR...] Found 1 tasks
[00m[1m[02:56:07.907][info]  [TASKEXE...] Adding task to queue. QueryID: 45, model: fake-model:1
[00m[1m[02:56:07.907][info]  [TASKEXE...] Sending batch to model: fake-model:1 replica 0.Batch size: 1. Query IDs: 45 
[00m[1m[02:56:07.980][info]         [RPC] Found message to receive
[00m[1m[02:56:07.982][info]  [QUERYPR...] Found 1 tasks
[00m[1m[02:56:07.982][info]  [TASKEXE...] Adding task to queue. QueryID: 46, model: fake-model:1
[00m[1m[02:56:07.982][info]  [TASKEXE...] Sending batch to model: fake-model:1 replica 0.Batch size: 1. Query IDs: 46 
[00m[1m[02:56:07.982][info]  [QUERYPR...] Found 1 tasks
[00m[1m[02:56:07.982][info]  [TASKEXE...] Adding task to queue. QueryID: 47, model: fake-model:1
[00m[1m[02:56:07.982][info]  [QUERYPR...] Found 1 tasks
[00m[1m[02:56:07.982][info]  [TASKEXE...] Adding task to queue. QueryID: 48, model: fake-model:1
[00m[1m[02:56:07.982][info]  [QUERYPR...] Found 1 tasks
[00m[1m[02:56:07.982][info]  [TASKEXE...] Adding task to queue. QueryID: 49, model: fake-model:1
[00m[1m[02:56:07.982][info]  [QUERYPR...] Found 1 tasks
[00m[1m[02:56:07.983][info]  [TASKEXE...] Adding task to queue. QueryID: 50, model: fake-model:1
[00m[1m[02:56:07.983][info]  [QUERYPR...] Found 1 tasks
[00m[1m[02:56:07.983][info]  [TASKEXE...] Adding task to queue. QueryID: 51, model: fake-model:1
[00m[1m[02:56:07.983][info]  [QUERYPR...] Found 1 tasks
[00m[1m[02:56:07.983][info]  [TASKEXE...] Adding task to queue. QueryID: 52, model: fake-model:1
[00m[1m[02:56:07.983][info]  [QUERYPR...] Found 1 tasks
[00m[1m[02:56:07.983][info]  [TASKEXE...] Adding task to queue. QueryID: 53, model: fake-model:1
[00m[1m[02:56:07.983][info]  [QUERYPR...] Found 1 tasks
[00m[1m[02:56:07.983][info]  [TASKEXE...] Adding task to queue. QueryID: 54, model: fake-model:1
[00m[1m[02:56:07.983][info]  [QUERYPR...] Found 1 tasks
[00m[1m[02:56:07.983][info]  [TASKEXE...] Adding task to queue. QueryID: 55, model: fake-model:1
[00m[1m[02:56:07.983][info]  [QUERYPR...] Found 1 tasks
[00m[1m[02:56:07.983][info]  [TASKEXE...] Adding task to queue. QueryID: 56, model: fake-model:1
[00m[1m[02:56:07.983][info]  [QUERYPR...] Found 1 tasks
[00m[1m[02:56:07.983][info]  [TASKEXE...] Adding task to queue. QueryID: 57, model: fake-model:1
[00m[1m[02:56:07.983][info]  [QUERYPR...] Found 1 tasks
[00m[1m[02:56:07.983][info]  [TASKEXE...] Adding task to queue. QueryID: 58, model: fake-model:1
[00m[1m[02:56:07.983][info]  [QUERYPR...] Found 1 tasks
[00m[1m[02:56:07.983][info]  [TASKEXE...] Adding task to queue. QueryID: 59, model: fake-model:1
[00m[1m[02:56:07.983][info]  [QUERYPR...] Found 1 tasks
[00m[1m[02:56:07.983][info]  [TASKEXE...] Adding task to queue. QueryID: 60, model: fake-model:1
[00m[1m[02:56:07.987][info]  [QUERYPR...] Found 1 tasks
[00m[1m[02:56:07.987][info]  [TASKEXE...] Adding task to queue. QueryID: 61, model: fake-model:1
[00m[1m[02:56:07.987][info]  [QUERYPR...] Found 1 tasks
[00m[1m[02:56:07.987][info]  [TASKEXE...] Adding task to queue. QueryID: 62, model: fake-model:1
[00m[1m[02:56:07.987][info]  [QUERYPR...] Found 1 tasks
[00m[1m[02:56:07.987][info]  [TASKEXE...] Adding task to queue. QueryID: 63, model: fake-model:1
[00m[1m[02:56:07.987][info]  [QUERYPR...] Found 1 tasks
[00m[1m[02:56:07.987][info]  [TASKEXE...] Adding task to queue. QueryID: 64, model: fake-model:1
[00m[1m[02:56:07.987][info]  [QUERYPR...] Found 1 tasks
[00m[1m[02:56:07.987][info]  [TASKEXE...] Adding task to queue. QueryID: 65, model: fake-model:1
[00m[1m[02:56:07.987][info]  [QUERYPR...] Found 1 tasks
[00m[1m[02:56:07.987][info]  [TASKEXE...] Adding task to queue. QueryID: 66, model: fake-model:1
[00m[1m[02:56:07.987][info]  [QUERYPR...] Found 1 tasks
[00m[1m[02:56:07.987][info]  [TASKEXE...] Adding task to queue. QueryID: 67, model: fake-model:1
[00m[1m[02:56:07.988][info]  [QUERYPR...] Found 1 tasks
[00m[1m[02:56:07.988][info]  [TASKEXE...] Adding task to queue. QueryID: 68, model: fake-model:1
[00m[1m[02:56:07.988][info]  [QUERYPR...] Found 1 tasks
[00m[1m[02:56:07.988][info]  [TASKEXE...] Adding task to queue. QueryID: 69, model: fake-model:1
[00m[1m[02:56:07.988][info]  [QUERYPR...] Found 1 tasks
[00m[1m[02:56:07.988][info]  [TASKEXE...] Adding task to queue. QueryID: 70, model: fake-model:1
[00m[1m[02:56:07.988][info]  [QUERYPR...] Found 1 tasks
[00m[1m[02:56:07.988][info]  [TASKEXE...] Adding task to queue. QueryID: 71, model: fake-model:1
[00m[1m[02:56:07.988][info]  [QUERYPR...] Found 1 tasks
[00m[1m[02:56:07.988][info]  [TASKEXE...] Adding task to queue. QueryID: 72, model: fake-model:1
[00m[1m[02:56:07.988][info]  [QUERYPR...] Found 1 tasks
[00m[1m[02:56:07.988][info]  [TASKEXE...] Adding task to queue. QueryID: 73, model: fake-model:1
[00m[1m[02:56:07.988][info]  [QUERYPR...] Found 1 tasks
[00m[1m[02:56:07.988][info]  [TASKEXE...] Adding task to queue. QueryID: 74, model: fake-model:1
[00m[1m[02:56:07.988][info]  [QUERYPR...] Found 1 tasks
[00m[1m[02:56:07.988][info]  [TASKEXE...] Adding task to queue. QueryID: 75, model: fake-model:1
[00m[1m[02:56:07.988][info]  [QUERYPR...] Found 1 tasks
[00m[1m[02:56:07.988][info]  [TASKEXE...] Adding task to queue. QueryID: 76, model: fake-model:1
[00m[1m[02:56:07.988][info]  [QUERYPR...] Found 1 tasks
[00m[1m[02:56:07.988][info]  [TASKEXE...] Adding task to queue. QueryID: 77, model: fake-model:1
[00m[1m[02:56:07.988][info]  [QUERYPR...] Found 1 tasks
[00m[1m[02:56:07.988][info]  [TASKEXE...] Adding task to queue. QueryID: 78, model: fake-model:1
[00m[1m[02:56:07.988][info]  [QUERYPR...] Found 1 tasks
[00m[1m[02:56:07.988][info]  [TASKEXE...] Adding task to queue. QueryID: 79, model: fake-model:1
[00m[1m[02:56:07.988][info]  [QUERYPR...] Found 1 tasks
[00m[1m[02:56:07.988][info]  [TASKEXE...] Adding task to queue. QueryID: 80, model: fake-model:1
[00m[1m[02:56:07.989][info]  [QUERYPR...] Found 1 tasks
[00m[1m[02:56:07.989][info]  [TASKEXE...] Adding task to queue. QueryID: 81, model: fake-model:1
[00m[1m[02:56:07.989][info]  [QUERYPR...] Found 1 tasks
[00m[1m[02:56:07.989][info]  [TASKEXE...] Adding task to queue. QueryID: 82, model: fake-model:1
[00m[1m[02:56:07.989][info]  [QUERYPR...] Found 1 tasks
[00m[1m[02:56:07.989][info]  [TASKEXE...] Adding task to queue. QueryID: 83, model: fake-model:1
[00m[1m[02:56:07.989][info]  [QUERYPR...] Found 1 tasks
[00m[1m[02:56:07.989][info]  [TASKEXE...] Adding task to queue. QueryID: 84, model: fake-model:1
[00m[1m[02:56:07.989][info]  [QUERYPR...] Found 1 tasks
[00m[1m[02:56:07.989][info]  [TASKEXE...] Adding task to queue. QueryID: 85, model: fake-model:1
[00m[1m[02:56:07.989][info]  [QUERYPR...] Found 1 tasks
[00m[1m[02:56:07.989][info]  [TASKEXE...] Adding task to queue. QueryID: 86, model: fake-model:1
[00m[1m[02:56:07.989][info]  [QUERYPR...] Found 1 tasks
[00m[1m[02:56:07.989][info]  [TASKEXE...] Adding task to queue. QueryID: 87, model: fake-model:1
[00m[1m[02:56:07.989][info]  [QUERYPR...] Found 1 tasks
[00m[1m[02:56:07.989][info]  [TASKEXE...] Adding task to queue. QueryID: 88, model: fake-model:1
[00m[1m[02:56:07.989][info]  [QUERYPR...] Found 1 tasks
[00m[1m[02:56:07.989][info]  [TASKEXE...] Adding task to queue. QueryID: 89, model: fake-model:1
[00m[1m[02:56:07.989][info]  [QUERYPR...] Found 1 tasks
[00m[1m[02:56:07.989][info]  [TASKEXE...] Adding task to queue. QueryID: 90, model: fake-model:1
[00m[1m[02:56:07.989][info]  [QUERYPR...] Found 1 tasks
[00m[1m[02:56:07.989][info]  [TASKEXE...] Adding task to queue. QueryID: 91, model: fake-model:1
[00m[1m[02:56:07.989][info]  [QUERYPR...] Found 1 tasks
[00m[1m[02:56:07.989][info]  [TASKEXE...] Adding task to queue. QueryID: 92, model: fake-model:1
[00m[1m[02:56:07.989][info]  [QUERYPR...] Found 1 tasks
[00m[1m[02:56:07.989][info]  [TASKEXE...] Adding task to queue. QueryID: 93, model: fake-model:1
[00m[1m[02:56:07.989][info]  [QUERYPR...] Found 1 tasks
[00m[1m[02:56:07.989][info]  [TASKEXE...] Adding task to queue. QueryID: 94, model: fake-model:1
[00m[1m[02:56:07.990][info]  [QUERYPR...] Found 1 tasks
[00m[1m[02:56:07.990][info]  [TASKEXE...] Adding task to queue. QueryID: 95, model: fake-model:1
[00m[1m[02:56:07.990][info]  [QUERYPR...] Found 1 tasks
[00m[1m[02:56:07.990][info]  [TASKEXE...] Adding task to queue. QueryID: 96, model: fake-model:1
[00m[1m[02:56:07.990][info]  [QUERYPR...] Found 1 tasks
[00m[1m[02:56:07.990][info]  [TASKEXE...] Adding task to queue. QueryID: 97, model: fake-model:1
[00m[1m[02:56:07.990][info]  [QUERYPR...] Found 1 tasks
[00m[1m[02:56:07.990][info]  [TASKEXE...] Adding task to queue. QueryID: 98, model: fake-model:1
[00m[1m[02:56:07.990][info]  [QUERYPR...] Found 1 tasks
[00m[1m[02:56:07.990][info]  [TASKEXE...] Adding task to queue. QueryID: 99, model: fake-model:1
[00m[1m[02:56:07.990][info]  [QUERYPR...] Found 1 tasks
[00m[1m[02:56:07.990][info]  [TASKEXE...] Adding task to queue. QueryID: 100, model: fake-model:1
[00m[1m[02:56:07.990][info]  [QUERYPR...] Found 1 tasks
[00m[1m[02:56:07.990][info]  [TASKEXE...] Adding task to queue. QueryID: 101, model: fake-model:1
[00m[1m[02:56:07.990][info]  [QUERYPR...] Found 1 tasks
[00m[1m[02:56:07.990][info]  [TASKEXE...] Adding task to queue. QueryID: 102, model: fake-model:1
[00m[1m[02:56:07.990][info]  [QUERYPR...] Found 1 tasks
[00m[1m[02:56:07.990][info]  [TASKEXE...] Adding task to queue. QueryID: 103, model: fake-model:1
[00m[1m[02:56:07.990][info]  [QUERYPR...] Found 1 tasks
[00m[1m[02:56:07.990][info]  [TASKEXE...] Adding task to queue. QueryID: 104, model: fake-model:1
[00m[1m[02:56:07.990][info]  [QUERYPR...] Found 1 tasks
[00m[1m[02:56:07.990][info]  [TASKEXE...] Adding task to queue. QueryID: 105, model: fake-model:1
[00m[1m[02:56:07.990][info]  [QUERYPR...] Found 1 tasks
[00m[1m[02:56:07.990][info]  [TASKEXE...] Adding task to queue. QueryID: 106, model: fake-model:1
[00m[1m[02:56:07.991][info]  [QUERYPR...] Found 1 tasks
[00m[1m[02:56:07.991][info]  [TASKEXE...] Adding task to queue. QueryID: 107, model: fake-model:1
[00m[1m[02:56:07.991][info]  [QUERYPR...] Found 1 tasks
[00m[1m[02:56:07.991][info]  [TASKEXE...] Adding task to queue. QueryID: 108, model: fake-model:1
[00m[1m[02:56:07.991][info]  [QUERYPR...] Found 1 tasks
[00m[1m[02:56:07.991][info]  [TASKEXE...] Adding task to queue. QueryID: 109, model: fake-model:1
[00m[1m[02:56:07.991][info]  [QUERYPR...] Found 1 tasks
[00m[1m[02:56:07.991][info]  [TASKEXE...] Adding task to queue. QueryID: 110, model: fake-model:1
[00m[1m[02:56:07.991][info]  [QUERYPR...] Found 1 tasks
[00m[1m[02:56:07.991][info]  [TASKEXE...] Adding task to queue. QueryID: 111, model: fake-model:1
[00m[1m[02:56:07.991][info]  [QUERYPR...] Found 1 tasks
[00m[1m[02:56:07.991][info]  [TASKEXE...] Adding task to queue. QueryID: 112, model: fake-model:1
[00m[1m[02:56:07.991][info]  [QUERYPR...] Found 1 tasks
[00m[1m[02:56:07.991][info]  [TASKEXE...] Adding task to queue. QueryID: 113, model: fake-model:1
[00m[1m[02:56:07.991][info]  [QUERYPR...] Found 1 tasks
[00m[1m[02:56:07.991][info]  [TASKEXE...] Adding task to queue. QueryID: 114, model: fake-model:1
[00m[1m[02:56:07.991][info]  [QUERYPR...] Found 1 tasks
[00m[1m[02:56:07.991][info]  [TASKEXE...] Adding task to queue. QueryID: 115, model: fake-model:1
[00m[1m[02:56:07.991][info]  [QUERYPR...] Found 1 tasks
[00m[1m[02:56:07.991][info]  [TASKEXE...] Adding task to queue. QueryID: 116, model: fake-model:1
[00m[1m[02:56:07.992][info]  [QUERYPR...] Found 1 tasks
[00m[1m[02:56:07.992][info]  [TASKEXE...] Adding task to queue. QueryID: 117, model: fake-model:1
[00m[1m[02:56:07.992][info]  [QUERYPR...] Found 1 tasks
[00m[1m[02:56:07.992][info]  [TASKEXE...] Adding task to queue. QueryID: 118, model: fake-model:1
[00m[1m[02:56:07.992][info]  [QUERYPR...] Found 1 tasks
[00m[1m[02:56:07.992][info]  [TASKEXE...] Adding task to queue. QueryID: 119, model: fake-model:1
[00m[1m[02:56:07.992][info]  [QUERYPR...] Found 1 tasks
[00m[1m[02:56:07.992][info]  [TASKEXE...] Adding task to queue. QueryID: 120, model: fake-model:1
[00m[1m[02:56:07.992][info]  [QUERYPR...] Found 1 tasks
[00m[1m[02:56:07.992][info]  [TASKEXE...] Adding task to queue. QueryID: 121, model: fake-model:1
[00m[1m[02:56:07.992][info]  [QUERYPR...] Found 1 tasks
[00m[1m[02:56:07.992][info]  [TASKEXE...] Adding task to queue. QueryID: 122, model: fake-model:1
[00m[1m[02:56:07.992][info]  [QUERYPR...] Found 1 tasks
[00m[1m[02:56:07.992][info]  [TASKEXE...] Adding task to queue. QueryID: 123, model: fake-model:1
[00m[1m[02:56:07.992][info]  [QUERYPR...] Found 1 tasks
[00m[1m[02:56:07.992][info]  [TASKEXE...] Adding task to queue. QueryID: 124, model: fake-model:1
[00m[1m[02:56:07.992][info]  [QUERYPR...] Found 1 tasks
[00m[1m[02:56:07.992][info]  [TASKEXE...] Adding task to queue. QueryID: 125, model: fake-model:1
[00m[1m[02:56:07.992][info]  [QUERYPR...] Found 1 tasks
[00m[1m[02:56:07.992][info]  [TASKEXE...] Adding task to queue. QueryID: 126, model: fake-model:1
[00m[1m[02:56:07.992][info]  [QUERYPR...] Found 1 tasks
[00m[1m[02:56:07.992][info]  [TASKEXE...] Adding task to queue. QueryID: 127, model: fake-model:1
[00m[1m[02:56:07.992][info]  [QUERYPR...] Found 1 tasks
[00m[1m[02:56:07.992][info]  [TASKEXE...] Adding task to queue. QueryID: 128, model: fake-model:1
[00m[1m[02:56:07.992][info]  [QUERYPR...] Found 1 tasks
[00m[1m[02:56:07.992][info]  [TASKEXE...] Adding task to queue. QueryID: 129, model: fake-model:1
[00m[1m[02:56:07.992][info]  [QUERYPR...] Found 1 tasks
[00m[1m[02:56:07.992][info]  [TASKEXE...] Adding task to queue. QueryID: 130, model: fake-model:1
[00m[1m[02:56:07.992][info]  [QUERYPR...] Found 1 tasks
[00m[1m[02:56:07.992][info]  [TASKEXE...] Adding task to queue. QueryID: 131, model: fake-model:1
[00m[1m[02:56:07.992][info]  [QUERYPR...] Found 1 tasks
[00m[1m[02:56:07.992][info]  [TASKEXE...] Adding task to queue. QueryID: 132, model: fake-model:1
[00m[1m[02:56:07.992][info]  [QUERYPR...] Found 1 tasks
[00m[1m[02:56:07.992][info]  [TASKEXE...] Adding task to queue. QueryID: 133, model: fake-model:1
[00m[1m[02:56:07.992][info]  [QUERYPR...] Found 1 tasks
[00m[1m[02:56:07.992][info]  [TASKEXE...] Adding task to queue. QueryID: 134, model: fake-model:1
[00m[1m[02:56:07.992][info]  [QUERYPR...] Found 1 tasks
[00m[1m[02:56:07.992][info]  [TASKEXE...] Adding task to queue. QueryID: 135, model: fake-model:1
[00m[1m[02:56:07.992][info]  [QUERYPR...] Found 1 tasks
[00m[1m[02:56:07.992][info]  [TASKEXE...] Adding task to queue. QueryID: 136, model: fake-model:1
[00m[1m[02:56:07.992][info]  [QUERYPR...] Found 1 tasks
[00m[1m[02:56:07.992][info]  [TASKEXE...] Adding task to queue. QueryID: 137, model: fake-model:1
[00m[1m[02:56:07.992][info]  [QUERYPR...] Found 1 tasks
[00m[1m[02:56:07.992][info]  [TASKEXE...] Adding task to queue. QueryID: 138, model: fake-model:1
[00m[1m[02:56:08.015][info]         [RPC] Found message to receive
[00m[1m[02:56:08.015][info]  [TASKEXE...] Sending batch to model: fake-model:1 replica 0.Batch size: 8. Query IDs: 47 48 49 50 51 52 53 54 
[00m[1m[02:56:08.028][info]  [QUERYPR...] Found 1 tasks
[00m[1m[02:56:08.028][info]  [TASKEXE...] Adding task to queue. QueryID: 139, model: fake-model:1
[00m[1m[02:56:08.028][info]  [QUERYPR...] Found 1 tasks
[00m[1m[02:56:08.028][info]  [TASKEXE...] Adding task to queue. QueryID: 140, model: fake-model:1
[00m[1m[02:56:08.028][info]  [QUERYPR...] Found 1 tasks
[00m[1m[02:56:08.028][info]  [TASKEXE...] Adding task to queue. QueryID: 141, model: fake-model:1
[00m[1m[02:56:08.028][info]  [QUERYPR...] Found 1 tasks
[00m[1m[02:56:08.028][info]  [TASKEXE...] Adding task to queue. QueryID: 142, model: fake-model:1
[00m[1m[02:56:08.028][info]  [QUERYPR...] Found 1 tasks
[00m[1m[02:56:08.028][info]  [TASKEXE...] Adding task to queue. QueryID: 143, model: fake-model:1
[00m[1m[02:56:08.028][info]  [QUERYPR...] Found 1 tasks
[00m[1m[02:56:08.028][info]  [TASKEXE...] Adding task to queue. QueryID: 144, model: fake-model:1
[00m[1m[02:56:08.028][info]  [QUERYPR...] Found 1 tasks
[00m[1m[02:56:08.028][info]  [TASKEXE...] Adding task to queue. QueryID: 145, model: fake-model:1
[00m[1m[02:56:08.028][info]  [QUERYPR...] Found 1 tasks
[00m[1m[02:56:08.028][info]  [TASKEXE...] Adding task to queue. QueryID: 146, model: fake-model:1
[00m[1m[02:56:08.117][info]  [QUERYPR...] Found 1 tasks
[00m[1m[02:56:08.117][info]  [TASKEXE...] Adding task to queue. QueryID: 147, model: fake-model:1
[00m[1m[02:56:08.118][info]  [QUERYPR...] Found 1 tasks
[00m[1m[02:56:08.118][info]  [TASKEXE...] Adding task to queue. QueryID: 148, model: fake-model:1
[00m[1m[02:56:08.118][info]  [QUERYPR...] Found 1 tasks
[00m[1m[02:56:08.118][info]  [TASKEXE...] Adding task to queue. QueryID: 149, model: fake-model:1
[00m[1m[02:56:08.118][info]  [QUERYPR...] Found 1 tasks
[00m[1m[02:56:08.118][info]  [TASKEXE...] Adding task to queue. QueryID: 150, model: fake-model:1
[00m[1m[02:56:08.118][info]  [QUERYPR...] Found 1 tasks
[00m[1m[02:56:08.118][info]  [TASKEXE...] Adding task to queue. QueryID: 151, model: fake-model:1
[00m[1m[02:56:08.118][info]  [QUERYPR...] Found 1 tasks
[00m[1m[02:56:08.118][info]  [TASKEXE...] Adding task to queue. QueryID: 152, model: fake-model:1
[00m[1m[02:56:08.118][info]  [QUERYPR...] Found 1 tasks
[00m[1m[02:56:08.118][info]  [TASKEXE...] Adding task to queue. QueryID: 153, model: fake-model:1
[00m[1m[02:56:08.118][info]  [QUERYPR...] Found 1 tasks
[00m[1m[02:56:08.118][info]  [TASKEXE...] Adding task to queue. QueryID: 154, model: fake-model:1
[00m[1m[02:56:08.118][info]  [QUERYPR...] Found 1 tasks
[00m[1m[02:56:08.118][info]  [TASKEXE...] Adding task to queue. QueryID: 155, model: fake-model:1
[00m[1m[02:56:08.118][info]  [QUERYPR...] Found 1 tasks
[00m[1m[02:56:08.118][info]  [TASKEXE...] Adding task to queue. QueryID: 156, model: fake-model:1
[00m[1m[02:56:08.119][info]  [QUERYPR...] Found 1 tasks
[00m[1m[02:56:08.119][info]  [TASKEXE...] Adding task to queue. QueryID: 157, model: fake-model:1
[00m[1m[02:56:08.119][info]  [QUERYPR...] Found 1 tasks
[00m[1m[02:56:08.119][info]  [TASKEXE...] Adding task to queue. QueryID: 158, model: fake-model:1
[00m[1m[02:56:08.119][info]  [QUERYPR...] Found 1 tasks
[00m[1m[02:56:08.119][info]  [TASKEXE...] Adding task to queue. QueryID: 159, model: fake-model:1
[00m[1m[02:56:08.119][info]  [QUERYPR...] Found 1 tasks
[00m[1m[02:56:08.119][info]  [TASKEXE...] Adding task to queue. QueryID: 160, model: fake-model:1
[00m[1m[02:56:08.126][info]  [QUERYPR...] Found 1 tasks
[00m[1m[02:56:08.126][info]  [TASKEXE...] Adding task to queue. QueryID: 161, model: fake-model:1
[00m[1m[02:56:08.126][info]  [QUERYPR...] Found 1 tasks
[00m[1m[02:56:08.126][info]  [TASKEXE...] Adding task to queue. QueryID: 162, model: fake-model:1
[00m[1m[02:56:08.126][info]  [QUERYPR...] Found 1 tasks
[00m[1m[02:56:08.126][info]  [TASKEXE...] Adding task to queue. QueryID: 163, model: fake-model:1
[00m[1m[02:56:08.126][info]  [QUERYPR...] Found 1 tasks
[00m[1m[02:56:08.126][info]  [TASKEXE...] Adding task to queue. QueryID: 164, model: fake-model:1
[00m[1m[02:56:08.128][info]  [QUERYPR...] Found 1 tasks
[00m[1m[02:56:08.128][info]  [TASKEXE...] Adding task to queue. QueryID: 165, model: fake-model:1
[00m[1m[02:56:08.128][info]  [QUERYPR...] Found 1 tasks
[00m[1m[02:56:08.128][info]  [TASKEXE...] Adding task to queue. QueryID: 166, model: fake-model:1
[00m[1m[02:56:08.128][info]  [QUERYPR...] Found 1 tasks
[00m[1m[02:56:08.128][info]  [TASKEXE...] Adding task to queue. QueryID: 167, model: fake-model:1
[00m[1m[02:56:08.128][info]  [QUERYPR...] Found 1 tasks
[00m[1m[02:56:08.128][info]  [TASKEXE...] Adding task to queue. QueryID: 168, model: fake-model:1
[00m[1m[02:56:08.128][info]  [QUERYPR...] Found 1 tasks
[00m[1m[02:56:08.128][info]  [TASKEXE...] Adding task to queue. QueryID: 169, model: fake-model:1
[00m[1m[02:56:08.129][info]  [QUERYPR...] Found 1 tasks
[00m[1m[02:56:08.129][info]  [TASKEXE...] Adding task to queue. QueryID: 170, model: fake-model:1
[00m[1m[02:56:08.129][info]  [QUERYPR...] Found 1 tasks
[00m[1m[02:56:08.129][info]  [TASKEXE...] Adding task to queue. QueryID: 171, model: fake-model:1
[00m[1m[02:56:08.129][info]  [QUERYPR...] Found 1 tasks
[00m[1m[02:56:08.129][info]  [TASKEXE...] Adding task to queue. QueryID: 172, model: fake-model:1
[00m[1m[02:56:08.129][info]  [QUERYPR...] Found 1 tasks
[00m[1m[02:56:08.129][info]  [TASKEXE...] Adding task to queue. QueryID: 173, model: fake-model:1
[00m[1m[02:56:08.129][info]  [QUERYPR...] Found 1 tasks
[00m[1m[02:56:08.129][info]  [TASKEXE...] Adding task to queue. QueryID: 174, model: fake-model:1
[00m[1m[02:56:08.129][info]  [QUERYPR...] Found 1 tasks
[00m[1m[02:56:08.129][info]  [TASKEXE...] Adding task to queue. QueryID: 175, model: fake-model:1
[00m[1m[02:56:08.129][info]  [QUERYPR...] Found 1 tasks
[00m[1m[02:56:08.129][info]  [TASKEXE...] Adding task to queue. QueryID: 176, model: fake-model:1
[00m[1m[02:56:08.129][info]  [QUERYPR...] Found 1 tasks
[00m[1m[02:56:08.129][info]  [TASKEXE...] Adding task to queue. QueryID: 177, model: fake-model:1
[00m[1m[02:56:08.129][info]  [QUERYPR...] Found 1 tasks
[00m[1m[02:56:08.129][info]  [TASKEXE...] Adding task to queue. QueryID: 178, model: fake-model:1
[00m[1m[02:56:08.129][info]  [QUERYPR...] Found 1 tasks
[00m[1m[02:56:08.129][info]  [TASKEXE...] Adding task to queue. QueryID: 179, model: fake-model:1
[00m[1m[02:56:08.129][info]  [QUERYPR...] Found 1 tasks
[00m[1m[02:56:08.129][info]  [TASKEXE...] Adding task to queue. QueryID: 180, model: fake-model:1
[00m[1m[02:56:08.129][info]  [QUERYPR...] Found 1 tasks
[00m[1m[02:56:08.129][info]  [TASKEXE...] Adding task to queue. QueryID: 181, model: fake-model:1
[00m[1m[02:56:08.129][info]  [QUERYPR...] Found 1 tasks
[00m[1m[02:56:08.129][info]  [TASKEXE...] Adding task to queue. QueryID: 182, model: fake-model:1
[00m[1m[02:56:08.130][info]  [QUERYPR...] Found 1 tasks
[00m[1m[02:56:08.130][info]  [TASKEXE...] Adding task to queue. QueryID: 183, model: fake-model:1
[00m[1m[02:56:08.130][info]  [QUERYPR...] Found 1 tasks
[00m[1m[02:56:08.130][info]  [TASKEXE...] Adding task to queue. QueryID: 184, model: fake-model:1
[00m[1m[02:56:08.130][info]  [QUERYPR...] Found 1 tasks
[00m[1m[02:56:08.130][info]  [TASKEXE...] Adding task to queue. QueryID: 185, model: fake-model:1
[00m[1m[02:56:08.134][info]  [QUERYPR...] Found 1 tasks
[00m[1m[02:56:08.134][info]  [TASKEXE...] Adding task to queue. QueryID: 186, model: fake-model:1
[00m[1m[02:56:08.139][info]  [QUERYPR...] Found 1 tasks
[00m[1m[02:56:08.139][info]  [TASKEXE...] Adding task to queue. QueryID: 187, model: fake-model:1
[00m[1m[02:56:08.145][info]  [QUERYPR...] Found 1 tasks
[00m[1m[02:56:08.145][info]  [TASKEXE...] Adding task to queue. QueryID: 188, model: fake-model:1
[00m[1m[02:56:08.150][info]  [QUERYPR...] Found 1 tasks
[00m[1m[02:56:08.150][info]  [TASKEXE...] Adding task to queue. QueryID: 189, model: fake-model:1
[00m[1m[02:56:08.156][info]  [QUERYPR...] Found 1 tasks
[00m[1m[02:56:08.156][info]  [TASKEXE...] Adding task to queue. QueryID: 190, model: fake-model:1
[00m[1m[02:56:08.161][info]  [QUERYPR...] Found 1 tasks
[00m[1m[02:56:08.161][info]  [TASKEXE...] Adding task to queue. QueryID: 191, model: fake-model:1
[00m[1m[02:56:08.167][info]  [QUERYPR...] Found 1 tasks
[00m[1m[02:56:08.167][info]  [TASKEXE...] Adding task to queue. QueryID: 192, model: fake-model:1
[00m[1m[02:56:08.172][info]  [QUERYPR...] Found 1 tasks
[00m[1m[02:56:08.172][info]  [TASKEXE...] Adding task to queue. QueryID: 193, model: fake-model:1
[00m[1m[02:56:08.178][info]  [QUERYPR...] Found 1 tasks
[00m[1m[02:56:08.178][info]  [TASKEXE...] Adding task to queue. QueryID: 194, model: fake-model:1
[00m[1m[02:56:08.183][info]  [QUERYPR...] Found 1 tasks
[00m[1m[02:56:08.183][info]  [TASKEXE...] Adding task to queue. QueryID: 195, model: fake-model:1
[00m[1m[02:56:08.189][info]  [QUERYPR...] Found 1 tasks
[00m[1m[02:56:08.189][info]  [TASKEXE...] Adding task to queue. QueryID: 196, model: fake-model:1
[00m[1m[02:56:08.227][info]  [QUERYPR...] Found 1 tasks
[00m[1m[02:56:08.227][info]  [TASKEXE...] Adding task to queue. QueryID: 197, model: fake-model:1
[00m[1m[02:56:08.227][info]  [QUERYPR...] Found 1 tasks
[00m[1m[02:56:08.227][info]  [TASKEXE...] Adding task to queue. QueryID: 198, model: fake-model:1
[00m[1m[02:56:08.227][info]  [QUERYPR...] Found 1 tasks
[00m[1m[02:56:08.227][info]  [TASKEXE...] Adding task to queue. QueryID: 199, model: fake-model:1
[00m[1m[02:56:08.227][info]  [QUERYPR...] Found 1 tasks
[00m[1m[02:56:08.227][info]  [TASKEXE...] Adding task to queue. QueryID: 200, model: fake-model:1
[00m[1m[02:56:08.228][info]  [QUERYPR...] Found 1 tasks
[00m[1m[02:56:08.228][info]  [TASKEXE...] Adding task to queue. QueryID: 201, model: fake-model:1
[00m[1m[02:56:08.228][info]  [QUERYPR...] Found 1 tasks
[00m[1m[02:56:08.228][info]  [TASKEXE...] Adding task to queue. QueryID: 202, model: fake-model:1
[00m[1m[02:56:08.228][info]  [QUERYPR...] Found 1 tasks
[00m[1m[02:56:08.228][info]  [TASKEXE...] Adding task to queue. QueryID: 203, model: fake-model:1
[00m[1m[02:56:08.228][info]  [QUERYPR...] Found 1 tasks
[00m[1m[02:56:08.228][info]  [TASKEXE...] Adding task to queue. QueryID: 204, model: fake-model:1
[00m[1m[02:56:08.246][info]         [RPC] Found message to receive
[00m[1m[02:56:08.246][info]  [TASKEXE...] Sending batch to model: fake-model:1 replica 0.Batch size: 8. Query IDs: 147 148 149 150 151 152 153 154 
