INFO: ready to go
INFO: rock and roll
INFO: at 3.600 ms batch [31.766] delay 160.344 ms
INFO: at 3.600 ms fetching 31.766 ms
INFO: at 164.816 ms batch [33.268] delay 160.344 ms
INFO: at 164.816 ms fetching 33.268 ms
INFO: at 325.622 ms batch [21.019] delay 160.344 ms
INFO: at 325.622 ms fetching 21.019 ms
INFO: at 487.935 ms batch [28.002] delay 160.344 ms
INFO: at 487.935 ms fetching 28.002 ms
INFO: at 649.327 ms batch [43.670] delay 160.344 ms
INFO: at 649.327 ms fetching 43.670 ms
INFO: at 810.685 ms batch [44.529] delay 160.344 ms
INFO: at 810.685 ms fetching 44.529 ms
INFO: at 971.314 ms batch [36.498] delay 160.344 ms
INFO: at 971.314 ms fetching 36.498 ms
INFO: at 1133.292 ms batch [31.962] delay 160.344 ms
INFO: at 1133.292 ms fetching 31.962 ms
INFO: at 1294.660 ms batch [42.520] delay 160.344 ms
INFO: at 1294.660 ms fetching 42.520 ms
INFO: at 1455.353 ms batch [35.935] delay 160.344 ms
INFO: at 1455.353 ms fetching 35.935 ms
INFO: at 1617.122 ms batch [29.300] delay 160.344 ms
INFO: at 1617.122 ms fetching 29.300 ms
INFO: at 1778.331 ms batch [35.825] delay 160.344 ms
INFO: at 1778.331 ms fetching 35.825 ms
INFO: at 1939.001 ms batch [46.823] delay 160.344 ms
INFO: at 1939.001 ms fetching 46.823 ms
INFO: at 2100.250 ms batch [35.403] delay 160.344 ms
INFO: at 2100.250 ms fetching 35.403 ms
INFO: at 2261.844 ms batch [31.462] delay 160.344 ms
INFO: at 2261.844 ms fetching 31.462 ms
INFO: at 2422.816 ms batch [30.062] delay 160.344 ms
INFO: at 2422.816 ms fetching 30.062 ms
INFO: at 2583.890 ms batch [30.754] delay 160.344 ms
INFO: at 2583.890 ms fetching 30.754 ms
INFO: at 2744.822 ms batch [31.911] delay 160.344 ms
INFO: at 2744.822 ms fetching 31.911 ms
INFO: at 2905.744 ms batch [86.401] delay 160.344 ms
INFO: at 2905.744 ms fetching 86.401 ms
INFO: at 3066.807 ms batch [35.664] delay 160.344 ms
INFO: at 3066.807 ms fetching 35.664 ms
INFO: at 3229.174 ms batch [25.940] delay 160.344 ms
INFO: at 3229.174 ms fetching 25.940 ms
INFO: at 3390.509 ms batch [35.502] delay 160.344 ms
INFO: at 3390.509 ms fetching 35.502 ms
INFO: at 3552.326 ms batch [36.936] delay 160.344 ms
INFO: at 3552.326 ms fetching 36.936 ms
INFO: at 3714.658 ms batch [19.185] delay 160.344 ms
INFO: at 3714.658 ms fetching 19.185 ms
INFO: at 3875.798 ms batch [43.309] delay 160.344 ms
INFO: at 3875.798 ms fetching 43.309 ms
INFO: at 4036.445 ms batch [35.248] delay 160.344 ms
INFO: at 4036.445 ms fetching 35.248 ms
INFO: at 4197.989 ms batch [61.088] delay 160.344 ms
INFO: at 4197.989 ms fetching 61.088 ms
INFO: at 4359.497 ms batch [61.140] delay 160.344 ms
INFO: at 4359.497 ms fetching 61.140 ms
INFO: at 4520.665 ms batch [30.257] delay 160.344 ms
INFO: at 4520.665 ms fetching 30.257 ms
INFO: at 4681.406 ms batch [37.744] delay 160.344 ms
INFO: at 4681.406 ms fetching 37.744 ms
INFO: at 4842.791 ms batch [28.325] delay 160.344 ms
INFO: at 4842.791 ms fetching 28.325 ms
INFO: at 5004.069 ms batch [39.968] delay 160.344 ms
INFO: at 5004.069 ms fetching 39.968 ms
INFO: at 5165.327 ms batch [20.711] delay 160.344 ms
INFO: at 5165.327 ms fetching 20.711 ms
INFO: at 5326.624 ms batch [61.440] delay 160.344 ms
INFO: at 5326.624 ms fetching 61.440 ms
INFO: at 5487.816 ms batch [35.635] delay 160.344 ms
INFO: at 5487.816 ms fetching 35.635 ms
INFO: at 5649.332 ms batch [37.302] delay 160.344 ms
INFO: at 5649.332 ms fetching 37.302 ms
INFO: at 5811.598 ms batch [50.475] delay 160.344 ms
INFO: at 5811.598 ms fetching 50.475 ms
INFO: at 5972.375 ms batch [12.505] delay 160.344 ms
INFO: at 5972.375 ms fetching 12.505 ms
INFO: at 6134.308 ms batch [48.058] delay 160.344 ms
INFO: at 6134.308 ms fetching 48.058 ms
INFO: at 6295.747 ms batch [33.514] delay 160.344 ms
INFO: at 6295.747 ms fetching 33.514 ms
INFO: at 6457.391 ms batch [24.867] delay 160.344 ms
INFO: at 6457.391 ms fetching 24.867 ms
INFO: at 6618.194 ms batch [46.818] delay 160.344 ms
INFO: at 6618.194 ms fetching 46.818 ms
INFO: at 6779.509 ms batch [40.753] delay 160.344 ms
INFO: at 6779.509 ms fetching 40.753 ms
INFO: at 6940.127 ms batch [32.080] delay 160.344 ms
INFO: at 6940.127 ms fetching 32.080 ms
INFO: at 7101.497 ms batch [38.004] delay 160.344 ms
INFO: at 7101.497 ms fetching 38.004 ms
INFO: at 7262.100 ms batch [30.215] delay 160.344 ms
INFO: at 7262.100 ms fetching 30.215 ms
INFO: at 7423.058 ms batch [22.162] delay 160.344 ms
INFO: at 7423.058 ms fetching 22.162 ms
INFO: at 7583.708 ms batch [33.249] delay 160.344 ms
INFO: at 7583.708 ms fetching 33.249 ms
INFO: at 7744.869 ms batch [26.175] delay 160.344 ms
INFO: at 7744.869 ms fetching 26.175 ms
INFO: at 7906.421 ms batch [51.955] delay 160.344 ms
INFO: at 7906.421 ms fetching 51.955 ms
INFO: at 8067.260 ms batch [43.973] delay 160.344 ms
INFO: at 8067.260 ms fetching 43.973 ms
INFO: at 8228.541 ms batch [19.493] delay 160.344 ms
INFO: at 8228.541 ms fetching 19.493 ms
INFO: at 8391.087 ms batch [39.100] delay 160.344 ms
INFO: at 8391.087 ms fetching 39.100 ms
INFO: at 8552.073 ms batch [34.262] delay 160.344 ms
INFO: at 8552.073 ms fetching 34.262 ms
INFO: at 8713.569 ms batch [34.875] delay 160.344 ms
INFO: at 8713.569 ms fetching 34.875 ms
INFO: at 8874.777 ms batch [25.150] delay 160.344 ms
INFO: at 8874.777 ms fetching 25.150 ms
INFO: at 9035.949 ms batch [48.084] delay 160.344 ms
INFO: at 9035.949 ms fetching 48.084 ms
INFO: at 9196.946 ms batch [46.400] delay 160.344 ms
INFO: at 9196.946 ms fetching 46.400 ms
INFO: at 9358.360 ms batch [39.592] delay 160.344 ms
INFO: at 9358.360 ms fetching 39.592 ms
INFO: at 9519.486 ms batch [37.556] delay 160.344 ms
INFO: at 9519.486 ms fetching 37.556 ms
INFO: at 9680.874 ms batch [52.034] delay 160.344 ms
INFO: at 9680.874 ms fetching 52.034 ms
INFO: at 9841.848 ms batch [23.824] delay 160.344 ms
INFO: at 9841.848 ms fetching 23.824 ms
INFO: at 10002.886 ms batch [38.284] delay 160.344 ms
INFO: at 10002.886 ms fetching 38.284 ms
INFO: at 10164.176 ms batch [41.161] delay 160.344 ms
INFO: at 10164.176 ms fetching 41.161 ms
INFO: at 10325.069 ms batch [25.836] delay 160.344 ms
INFO: at 10325.069 ms fetching 25.836 ms
INFO: at 10485.994 ms batch [47.855] delay 160.344 ms
INFO: at 10485.994 ms fetching 47.855 ms
INFO: at 10646.683 ms batch [31.472] delay 160.344 ms
INFO: at 10646.683 ms fetching 31.472 ms
INFO: at 10807.840 ms batch [40.129] delay 160.344 ms
INFO: at 10807.840 ms fetching 40.129 ms
INFO: at 10968.803 ms batch [43.068] delay 160.344 ms
INFO: at 10968.803 ms fetching 43.068 ms
INFO: at 11129.836 ms batch [68.484] delay 160.344 ms
INFO: at 11129.836 ms fetching 68.484 ms
INFO: at 11290.574 ms batch [29.917] delay 160.344 ms
INFO: at 11290.574 ms fetching 29.917 ms
INFO: at 11451.544 ms batch [24.639] delay 160.344 ms
INFO: at 11451.544 ms fetching 24.639 ms
INFO: at 11612.729 ms batch [33.879] delay 160.344 ms
INFO: at 11612.729 ms fetching 33.879 ms
INFO: at 11774.100 ms batch [36.281] delay 160.344 ms
INFO: at 11774.100 ms fetching 36.281 ms
INFO: at 11935.010 ms batch [41.980] delay 160.344 ms
INFO: at 11935.010 ms fetching 41.980 ms
INFO: at 12096.575 ms batch [35.418] delay 160.344 ms
INFO: at 12096.575 ms fetching 35.418 ms
INFO: at 12257.768 ms batch [41.301] delay 160.344 ms
INFO: at 12257.768 ms fetching 41.301 ms
INFO: at 12418.584 ms batch [20.057] delay 160.344 ms
INFO: at 12418.584 ms fetching 20.057 ms
INFO: at 12580.028 ms batch [54.717] delay 160.344 ms
INFO: at 12580.028 ms fetching 54.717 ms
INFO: at 12740.699 ms batch [28.130] delay 160.344 ms
INFO: at 12740.699 ms fetching 28.130 ms
INFO: at 12901.653 ms batch [17.790] delay 160.344 ms
INFO: at 12901.653 ms fetching 17.790 ms
INFO: at 13062.895 ms batch [24.469] delay 160.344 ms
INFO: at 13062.895 ms fetching 24.469 ms
INFO: at 13223.966 ms batch [40.350] delay 160.344 ms
INFO: at 13223.966 ms fetching 40.350 ms
INFO: at 13385.438 ms batch [50.967] delay 160.344 ms
INFO: at 13385.438 ms fetching 50.967 ms
INFO: at 13546.342 ms batch [35.075] delay 160.344 ms
INFO: at 13546.342 ms fetching 35.075 ms
INFO: at 13708.796 ms batch [38.311] delay 160.344 ms
INFO: at 13708.796 ms fetching 38.311 ms
INFO: at 13869.488 ms batch [32.568] delay 160.344 ms
INFO: at 13869.488 ms fetching 32.568 ms
INFO: at 14030.501 ms batch [52.281] delay 160.344 ms
INFO: at 14030.501 ms fetching 52.281 ms
INFO: at 14191.210 ms batch [41.554] delay 80.172 ms
INFO: at 14191.210 ms fetching 41.554 ms
INFO: at 14271.709 ms batch [29.569] delay 80.172 ms
INFO: at 14271.709 ms fetching 29.569 ms
INFO: at 14352.915 ms batch [27.846] delay 80.172 ms
INFO: at 14352.915 ms fetching 27.846 ms
INFO: at 14433.350 ms batch [43.269] delay 80.172 ms
INFO: at 14433.350 ms fetching 43.269 ms
INFO: at 14514.029 ms batch [27.754] delay 80.172 ms
INFO: at 14514.029 ms fetching 27.754 ms
INFO: at 14594.392 ms batch [26.751] delay 80.172 ms
INFO: at 14594.392 ms fetching 26.751 ms
INFO: at 14674.878 ms batch [41.257] delay 53.448 ms
INFO: at 14674.878 ms fetching 41.257 ms
INFO: at 14728.999 ms batch [41.090] delay 53.448 ms
INFO: at 14728.999 ms fetching 41.090 ms
INFO: at 14782.674 ms batch [35.646] delay 53.448 ms
INFO: at 14782.674 ms fetching 35.646 ms
INFO: at 14836.375 ms batch [24.444] delay 53.448 ms
INFO: at 14836.375 ms fetching 24.444 ms
INFO: at 14890.933 ms batch [36.249] delay 53.448 ms
INFO: at 14890.933 ms fetching 36.249 ms
INFO: at 14944.748 ms batch [51.045] delay 53.448 ms
INFO: at 14944.748 ms fetching 51.045 ms
INFO: at 14999.269 ms batch [52.001] delay 53.448 ms
INFO: at 14999.269 ms fetching 52.001 ms
INFO: at 15053.356 ms batch [27.324] delay 53.448 ms
INFO: at 15053.356 ms fetching 27.324 ms
INFO: at 15107.663 ms batch [40.085] delay 53.448 ms
INFO: at 15107.663 ms fetching 40.085 ms
INFO: at 15161.407 ms batch [35.363] delay 40.086 ms
INFO: at 15161.407 ms fetching 35.363 ms
INFO: at 15201.948 ms batch [26.735] delay 40.086 ms
INFO: at 15201.948 ms fetching 26.735 ms
INFO: at 15242.697 ms batch [32.512] delay 40.086 ms
INFO: at 15242.697 ms fetching 32.512 ms
INFO: at 15282.871 ms batch [35.201] delay 40.086 ms
INFO: at 15282.871 ms fetching 35.201 ms
INFO: at 15323.299 ms batch [48.337] delay 40.086 ms
INFO: at 15323.299 ms fetching 48.337 ms
INFO: at 15364.521 ms batch [32.176] delay 40.086 ms
INFO: at 15364.521 ms fetching 32.176 ms
INFO: at 15404.937 ms batch [35.869] delay 40.086 ms
INFO: at 15404.937 ms fetching 35.869 ms
INFO: at 15445.365 ms batch [40.226] delay 40.086 ms
INFO: at 15445.365 ms fetching 40.226 ms
INFO: at 15486.224 ms batch [43.887] delay 40.086 ms
INFO: at 15486.224 ms fetching 43.887 ms
INFO: at 15526.616 ms batch [24.679] delay 40.086 ms
INFO: at 15526.616 ms fetching 24.679 ms
INFO: at 15566.885 ms batch [33.093] delay 40.086 ms
INFO: at 15566.885 ms fetching 33.093 ms
INFO: at 15607.921 ms batch [51.925] delay 40.086 ms
INFO: at 15607.921 ms fetching 51.925 ms
INFO: at 15648.305 ms batch [29.528] delay 40.086 ms
INFO: at 15648.305 ms fetching 29.528 ms
INFO: at 15688.806 ms batch [33.929] delay 40.086 ms
INFO: at 15688.806 ms fetching 33.929 ms
INFO: at 15729.330 ms batch [30.100] delay 40.086 ms
INFO: at 15729.330 ms fetching 30.100 ms
INFO: at 15769.936 ms batch [36.910] delay 40.086 ms
INFO: at 15769.936 ms fetching 36.910 ms
INFO: at 15810.283 ms batch [36.765] delay 40.086 ms
INFO: at 15810.283 ms fetching 36.765 ms
INFO: at 15851.043 ms batch [26.331] delay 40.086 ms
INFO: at 15851.043 ms fetching 26.331 ms
INFO: at 15893.167 ms batch [33.689] delay 40.086 ms
INFO: at 15893.167 ms fetching 33.689 ms
INFO: at 15933.845 ms batch [29.328] delay 40.086 ms
INFO: at 15933.845 ms fetching 29.328 ms
INFO: at 15974.525 ms batch [21.369] delay 32.069 ms
INFO: at 15974.525 ms fetching 21.369 ms
INFO: at 16007.289 ms batch [38.405] delay 32.069 ms
INFO: at 16007.289 ms fetching 38.405 ms
INFO: at 16039.814 ms batch [43.283] delay 32.069 ms
INFO: at 16039.814 ms fetching 43.283 ms
INFO: at 16072.691 ms batch [28.226] delay 32.069 ms
INFO: at 16072.691 ms fetching 28.226 ms
INFO: at 16105.363 ms batch [27.500] delay 32.069 ms
INFO: at 16105.363 ms fetching 27.500 ms
INFO: at 16137.792 ms batch [43.263] delay 32.069 ms
INFO: at 16137.792 ms fetching 43.263 ms
INFO: at 16170.187 ms batch [35.364] delay 32.069 ms
INFO: at 16170.187 ms fetching 35.364 ms
INFO: at 16202.640 ms batch [40.238] delay 32.069 ms
INFO: at 16202.640 ms fetching 40.238 ms
INFO: at 16235.250 ms batch [71.158] delay 32.069 ms
INFO: at 16235.250 ms fetching 71.158 ms
INFO: at 16267.810 ms batch [34.927] delay 32.069 ms
INFO: at 16267.810 ms fetching 34.927 ms
INFO: at 16300.888 ms batch [47.690] delay 26.724 ms
INFO: at 16300.888 ms fetching 47.690 ms
INFO: at 16328.410 ms batch [44.348] delay 26.724 ms
INFO: at 16328.410 ms fetching 44.348 ms
INFO: at 16356.035 ms batch [32.318] delay 26.724 ms
INFO: at 16356.035 ms fetching 32.318 ms
INFO: at 16383.011 ms batch [34.490] delay 26.724 ms
INFO: at 16383.011 ms fetching 34.490 ms
INFO: at 16410.531 ms batch [38.139] delay 26.724 ms
INFO: at 16410.531 ms fetching 38.139 ms
INFO: at 16437.977 ms batch [41.886] delay 26.724 ms
INFO: at 16437.977 ms fetching 41.886 ms
INFO: at 16465.487 ms batch [29.016] delay 32.069 ms
INFO: at 16465.487 ms fetching 29.016 ms
INFO: at 16498.293 ms batch [57.136] delay 32.069 ms
INFO: at 16498.293 ms fetching 57.136 ms
INFO: at 16530.805 ms batch [30.865] delay 32.069 ms
INFO: at 16530.805 ms fetching 30.865 ms
INFO: at 16563.485 ms batch [17.610] delay 32.069 ms
INFO: at 16563.485 ms fetching 17.610 ms
INFO: at 16596.045 ms batch [21.634] delay 32.069 ms
INFO: at 16596.045 ms fetching 21.634 ms
INFO: at 16629.116 ms batch [35.327] delay 26.724 ms
INFO: at 16629.116 ms fetching 35.327 ms
INFO: at 16656.505 ms batch [16.119] delay 26.724 ms
INFO: at 16656.505 ms fetching 16.119 ms
INFO: at 16683.589 ms batch [59.631] delay 26.724 ms
INFO: at 16683.589 ms fetching 59.631 ms
INFO: at 16711.111 ms batch [25.912] delay 26.724 ms
INFO: at 16711.111 ms fetching 25.912 ms
INFO: at 16738.080 ms batch [37.744] delay 26.724 ms
INFO: at 16738.080 ms fetching 37.744 ms
INFO: at 16765.713 ms batch [30.996] delay 26.724 ms
INFO: at 16765.713 ms fetching 30.996 ms
INFO: at 16792.884 ms batch [37.064] delay 26.724 ms
INFO: at 16792.884 ms fetching 37.064 ms
INFO: at 16820.416 ms batch [32.265] delay 26.724 ms
INFO: at 16820.416 ms fetching 32.265 ms
INFO: at 16847.485 ms batch [42.987] delay 26.724 ms
INFO: at 16847.485 ms fetching 42.987 ms
INFO: at 16874.650 ms batch [36.632] delay 26.724 ms
INFO: at 16874.650 ms fetching 36.632 ms
INFO: at 16901.753 ms batch [37.339] delay 26.724 ms
INFO: at 16901.753 ms fetching 37.339 ms
INFO: at 16928.987 ms batch [40.229] delay 26.724 ms
INFO: at 16928.987 ms fetching 40.229 ms
INFO: at 16956.525 ms batch [27.232] delay 32.069 ms
INFO: at 16956.525 ms fetching 27.232 ms
INFO: at 16989.184 ms batch [30.740] delay 32.069 ms
INFO: at 16989.184 ms fetching 30.740 ms
INFO: at 17022.112 ms batch [43.733] delay 32.069 ms
INFO: at 17022.112 ms fetching 43.733 ms
INFO: at 17056.251 ms batch [28.886] delay 32.069 ms
INFO: at 17056.251 ms fetching 28.886 ms
INFO: at 17089.120 ms batch [40.918] delay 32.069 ms
INFO: at 17089.120 ms fetching 40.918 ms
INFO: at 17121.793 ms batch [73.061] delay 26.724 ms
INFO: at 17121.793 ms fetching 73.061 ms
INFO: at 17149.367 ms batch [25.946] delay 26.724 ms
INFO: at 17149.367 ms fetching 25.946 ms
INFO: at 17177.104 ms batch [35.565] delay 26.724 ms
INFO: at 17177.104 ms fetching 35.565 ms
INFO: at 17204.119 ms batch [38.771] delay 26.724 ms
INFO: at 17204.119 ms fetching 38.771 ms
INFO: at 17231.223 ms batch [38.528] delay 26.724 ms
INFO: at 17231.223 ms fetching 38.528 ms
INFO: at 17258.695 ms batch [29.454] delay 26.724 ms
INFO: at 17258.695 ms fetching 29.454 ms
INFO: at 17286.265 ms batch [38.622] delay 32.069 ms
INFO: at 17286.265 ms fetching 38.622 ms
INFO: at 17319.016 ms batch [52.879] delay 32.069 ms
INFO: at 17319.016 ms fetching 52.879 ms
INFO: at 17352.694 ms batch [21.471] delay 32.069 ms
INFO: at 17352.694 ms fetching 21.471 ms
INFO: at 17385.738 ms batch [34.830] delay 32.069 ms
INFO: at 17385.738 ms fetching 34.830 ms
INFO: at 17418.109 ms batch [19.110] delay 32.069 ms
INFO: at 17418.109 ms fetching 19.110 ms
INFO: at 17452.332 ms batch [13.323] delay 32.069 ms
INFO: at 17452.332 ms fetching 13.323 ms
INFO: at 17484.925 ms batch [42.684] delay 32.069 ms
INFO: at 17484.925 ms fetching 42.684 ms
INFO: at 17517.647 ms batch [41.890] delay 32.069 ms
INFO: at 17517.647 ms fetching 41.890 ms
INFO: at 17550.571 ms batch [41.674] delay 32.069 ms
INFO: at 17550.571 ms fetching 41.674 ms
INFO: at 17583.277 ms batch [39.112] delay 32.069 ms
INFO: at 17583.277 ms fetching 39.112 ms
INFO: at 17616.072 ms batch [41.901] delay 26.724 ms
INFO: at 17616.072 ms fetching 41.901 ms
INFO: at 17643.610 ms batch [31.817] delay 26.724 ms
INFO: at 17643.610 ms fetching 31.817 ms
INFO: at 17670.732 ms batch [39.459] delay 26.724 ms
INFO: at 17670.732 ms fetching 39.459 ms
INFO: at 17697.733 ms batch [30.708] delay 26.724 ms
INFO: at 17697.733 ms fetching 30.708 ms
INFO: at 17725.061 ms batch [35.550] delay 26.724 ms
INFO: at 17725.061 ms fetching 35.550 ms
INFO: at 17752.068 ms batch [69.205] delay 26.724 ms
INFO: at 17752.068 ms fetching 69.205 ms
INFO: at 17779.397 ms batch [43.384] delay 22.906 ms
INFO: at 17779.397 ms fetching 43.384 ms
INFO: at 17802.889 ms batch [38.493] delay 22.906 ms
INFO: at 17802.889 ms fetching 38.493 ms
INFO: at 17825.936 ms batch [36.730] delay 22.906 ms
INFO: at 17825.936 ms fetching 36.730 ms
INFO: at 17849.801 ms batch [51.415] delay 22.906 ms
INFO: at 17849.801 ms fetching 51.415 ms
INFO: at 17873.130 ms batch [26.536] delay 22.906 ms
INFO: at 17873.130 ms fetching 26.536 ms
INFO: at 17897.569 ms batch [26.046] delay 22.906 ms
INFO: at 17897.569 ms fetching 26.046 ms
INFO: at 17920.900 ms batch [38.849] delay 22.906 ms
INFO: at 17920.900 ms fetching 38.849 ms
INFO: at 17944.236 ms batch [34.123] delay 26.724 ms
INFO: at 17944.236 ms fetching 34.123 ms
INFO: at 17971.542 ms batch [39.723] delay 26.724 ms
INFO: at 17971.542 ms fetching 39.723 ms
INFO: at 17999.083 ms batch [70.867] delay 26.724 ms
INFO: at 17999.083 ms fetching 70.867 ms
INFO: at 18026.434 ms batch [28.235] delay 26.724 ms
INFO: at 18026.434 ms fetching 28.235 ms
INFO: at 18053.665 ms batch [44.857] delay 26.724 ms
INFO: at 18053.665 ms fetching 44.857 ms
INFO: at 18082.231 ms batch [29.479] delay 26.724 ms
INFO: at 18082.231 ms fetching 29.479 ms
INFO: at 18111.056 ms batch [38.481] delay 22.906 ms
INFO: at 18111.056 ms fetching 38.481 ms
INFO: at 18134.529 ms batch [31.560] delay 22.906 ms
INFO: at 18134.529 ms fetching 31.560 ms
INFO: at 18158.097 ms batch [57.202] delay 22.906 ms
INFO: at 18158.097 ms fetching 57.202 ms
INFO: at 18181.550 ms batch [36.333] delay 22.906 ms
INFO: at 18181.550 ms fetching 36.333 ms
INFO: at 18205.194 ms batch [26.180] delay 22.906 ms
INFO: at 18205.194 ms fetching 26.180 ms
INFO: at 18229.025 ms batch [51.099] delay 22.906 ms
INFO: at 18229.025 ms fetching 51.099 ms
INFO: at 18252.350 ms batch [32.186] delay 22.906 ms
INFO: at 18252.350 ms fetching 32.186 ms
INFO: at 18275.694 ms batch [38.983] delay 22.906 ms
INFO: at 18275.694 ms fetching 38.983 ms
INFO: at 18299.554 ms batch [61.565] delay 22.906 ms
INFO: at 18299.554 ms fetching 61.565 ms
INFO: at 18323.370 ms batch [29.253] delay 22.906 ms
INFO: at 18323.370 ms fetching 29.253 ms
INFO: at 18346.853 ms batch [19.290] delay 22.906 ms
INFO: at 18346.853 ms fetching 19.290 ms
INFO: at 18370.611 ms batch [61.402] delay 22.906 ms
INFO: at 18370.611 ms fetching 61.402 ms
INFO: at 18393.931 ms batch [56.345] delay 22.906 ms
INFO: at 18393.931 ms fetching 56.345 ms
INFO: at 18417.256 ms batch [42.378] delay 22.906 ms
INFO: at 18417.256 ms fetching 42.378 ms
INFO: at 18440.910 ms batch [47.145] delay 22.906 ms
INFO: at 18440.910 ms fetching 47.145 ms
INFO: at 18464.093 ms batch [42.029] delay 22.906 ms
INFO: at 18464.093 ms fetching 42.029 ms
INFO: at 18487.435 ms batch [51.781] delay 22.906 ms
INFO: at 18487.435 ms fetching 51.781 ms
INFO: at 18510.894 ms batch [43.710] delay 22.906 ms
INFO: at 18510.894 ms fetching 43.710 ms
INFO: at 18534.756 ms batch [33.477] delay 22.906 ms
INFO: at 18534.756 ms fetching 33.477 ms
INFO: at 18558.216 ms batch [33.597] delay 22.906 ms
INFO: at 18558.216 ms fetching 33.597 ms
INFO: at 18582.190 ms batch [31.197] delay 22.906 ms
INFO: at 18582.190 ms fetching 31.197 ms
INFO: at 18605.504 ms batch [36.338] delay 22.906 ms
INFO: at 18605.504 ms fetching 36.338 ms
INFO: at 18629.322 ms batch [23.094] delay 22.906 ms
INFO: at 18629.322 ms fetching 23.094 ms
INFO: at 18652.665 ms batch [28.889] delay 22.906 ms
INFO: at 18652.665 ms fetching 28.889 ms
INFO: at 18677.551 ms batch [50.951] delay 22.906 ms
INFO: at 18677.551 ms fetching 50.951 ms
INFO: at 18701.393 ms batch [51.121] delay 22.906 ms
INFO: at 18701.393 ms fetching 51.121 ms
INFO: at 18724.736 ms batch [36.248] delay 22.906 ms
INFO: at 18724.736 ms fetching 36.248 ms
INFO: at 18747.957 ms batch [51.916] delay 22.906 ms
INFO: at 18747.957 ms fetching 51.916 ms
INFO: at 18771.304 ms batch [49.525] delay 22.906 ms
INFO: at 18771.304 ms fetching 49.525 ms
INFO: at 18795.187 ms batch [73.500] delay 22.906 ms
INFO: at 18795.187 ms fetching 73.500 ms
INFO: at 18818.642 ms batch [30.343] delay 22.906 ms
INFO: at 18818.642 ms fetching 30.343 ms
INFO: at 18841.761 ms batch [40.189] delay 22.906 ms
INFO: at 18841.761 ms fetching 40.189 ms
INFO: at 18865.104 ms batch [32.918] delay 22.906 ms
INFO: at 18865.104 ms fetching 32.918 ms
INFO: at 18888.426 ms batch [25.392] delay 22.906 ms
INFO: at 18888.426 ms fetching 25.392 ms
INFO: at 18911.984 ms batch [26.912] delay 22.906 ms
INFO: at 18911.984 ms fetching 26.912 ms
INFO: at 18935.338 ms batch [34.199] delay 22.906 ms
INFO: at 18935.338 ms fetching 34.199 ms
INFO: at 18958.670 ms batch [46.216] delay 22.906 ms
INFO: at 18958.670 ms fetching 46.216 ms
INFO: at 18982.682 ms batch [39.063] delay 22.906 ms
INFO: at 18982.682 ms fetching 39.063 ms
INFO: at 19006.217 ms batch [26.085] delay 22.906 ms
INFO: at 19006.217 ms fetching 26.085 ms
INFO: at 19029.543 ms batch [35.599] delay 22.906 ms
INFO: at 19029.543 ms fetching 35.599 ms
INFO: at 19053.407 ms batch [41.199] delay 22.906 ms
INFO: at 19053.407 ms fetching 41.199 ms
INFO: at 19076.744 ms batch [37.672] delay 22.906 ms
INFO: at 19076.744 ms fetching 37.672 ms
INFO: at 19100.325 ms batch [62.693] delay 22.906 ms
INFO: at 19100.325 ms fetching 62.693 ms
INFO: at 19123.421 ms batch [50.080] delay 22.906 ms
INFO: at 19123.421 ms fetching 50.080 ms
INFO: at 19146.784 ms batch [35.331] delay 22.906 ms
INFO: at 19146.784 ms fetching 35.331 ms
INFO: at 19169.966 ms batch [58.041] delay 22.906 ms
INFO: at 19169.966 ms fetching 58.041 ms
INFO: at 19193.279 ms batch [26.024] delay 22.906 ms
INFO: at 19193.279 ms fetching 26.024 ms
INFO: at 19216.628 ms batch [50.049] delay 22.906 ms
INFO: at 19216.628 ms fetching 50.049 ms
INFO: at 19240.327 ms batch [26.350] delay 22.906 ms
INFO: at 19240.327 ms fetching 26.350 ms
INFO: at 19263.693 ms batch [35.389] delay 22.906 ms
INFO: at 19263.693 ms fetching 35.389 ms
INFO: at 19287.391 ms batch [30.992] delay 22.906 ms
INFO: at 19287.391 ms fetching 30.992 ms
INFO: at 19310.734 ms batch [48.711] delay 22.906 ms
INFO: at 19310.734 ms fetching 48.711 ms
INFO: at 19334.711 ms batch [57.757] delay 22.906 ms
INFO: at 19334.711 ms fetching 57.757 ms
INFO: at 19358.169 ms batch [33.963] delay 22.906 ms
INFO: at 19358.169 ms fetching 33.963 ms
INFO: at 19381.180 ms batch [76.459] delay 22.906 ms
INFO: at 19381.180 ms fetching 76.459 ms
INFO: at 19404.513 ms batch [29.191] delay 22.906 ms
INFO: at 19404.513 ms fetching 29.191 ms
INFO: at 19428.016 ms batch [40.489] delay 22.906 ms
INFO: at 19428.016 ms fetching 40.489 ms
INFO: at 19451.341 ms batch [30.015] delay 22.906 ms
INFO: at 19451.341 ms fetching 30.015 ms
INFO: at 19474.909 ms batch [38.995] delay 22.906 ms
INFO: at 19474.909 ms fetching 38.995 ms
INFO: at 19498.223 ms batch [62.189] delay 22.906 ms
INFO: at 19498.223 ms fetching 62.189 ms
INFO: at 19521.552 ms batch [31.094] delay 22.906 ms
INFO: at 19521.552 ms fetching 31.094 ms
INFO: at 19544.886 ms batch [49.183] delay 22.906 ms
INFO: at 19544.886 ms fetching 49.183 ms
INFO: at 19569.772 ms batch [49.829] delay 22.906 ms
INFO: at 19569.772 ms fetching 49.829 ms
INFO: at 19593.665 ms batch [30.128] delay 22.906 ms
INFO: at 19593.665 ms fetching 30.128 ms
INFO: at 19617.007 ms batch [37.149] delay 22.906 ms
INFO: at 19617.007 ms fetching 37.149 ms
INFO: at 19640.344 ms batch [20.708] delay 22.906 ms
INFO: at 19640.344 ms fetching 20.708 ms
INFO: at 19664.161 ms batch [29.018] delay 22.906 ms
INFO: at 19664.161 ms fetching 29.018 ms
INFO: at 19687.475 ms batch [28.986] delay 22.906 ms
INFO: at 19687.475 ms fetching 28.986 ms
INFO: at 19711.232 ms batch [23.544] delay 22.906 ms
INFO: at 19711.232 ms fetching 23.544 ms
INFO: at 19734.628 ms batch [30.902] delay 22.906 ms
INFO: at 19734.628 ms fetching 30.902 ms
INFO: at 19757.699 ms batch [41.719] delay 26.724 ms
INFO: at 19757.699 ms fetching 41.719 ms
INFO: at 19785.468 ms batch [44.670] delay 26.724 ms
INFO: at 19785.468 ms fetching 44.670 ms
INFO: at 19812.449 ms batch [41.190] delay 26.724 ms
INFO: at 19812.449 ms fetching 41.190 ms
INFO: at 19839.795 ms batch [45.669] delay 26.724 ms
INFO: at 19839.795 ms fetching 45.669 ms
INFO: at 19867.522 ms batch [61.611] delay 26.724 ms
INFO: at 19867.522 ms fetching 61.611 ms
INFO: at 19894.694 ms batch [31.229] delay 26.724 ms
INFO: at 19894.694 ms fetching 31.229 ms
INFO: at 19922.138 ms batch [24.709] delay 22.906 ms
INFO: at 19922.138 ms fetching 24.709 ms
INFO: at 19945.446 ms batch [22.581] delay 22.906 ms
INFO: at 19945.446 ms fetching 22.581 ms
INFO: at 19969.007 ms batch [29.898] delay 22.906 ms
INFO: at 19969.007 ms fetching 29.898 ms
INFO: at 19992.459 ms batch [24.623] delay 22.906 ms
INFO: at 19992.459 ms fetching 24.623 ms
INFO: at 20016.393 ms batch [36.475] delay 22.906 ms
INFO: at 20016.393 ms fetching 36.475 ms
INFO: at 20040.454 ms batch [59.925] delay 22.906 ms
INFO: at 20040.454 ms fetching 59.925 ms
INFO: at 20063.985 ms batch [59.835] delay 22.906 ms
INFO: at 20063.985 ms fetching 59.835 ms
INFO: at 20087.529 ms batch [30.363] delay 22.906 ms
INFO: at 20087.529 ms fetching 30.363 ms
INFO: at 20110.857 ms batch [31.815] delay 22.906 ms
INFO: at 20110.857 ms fetching 31.815 ms
INFO: at 20133.949 ms batch [39.321] delay 22.906 ms
INFO: at 20133.949 ms fetching 39.321 ms
INFO: at 20157.264 ms batch [15.972] delay 22.906 ms
INFO: at 20157.264 ms fetching 15.972 ms
INFO: at 20181.062 ms batch [23.842] delay 22.906 ms
INFO: at 20181.062 ms fetching 23.842 ms
INFO: at 20204.396 ms batch [31.116] delay 22.906 ms
INFO: at 20204.396 ms fetching 31.116 ms
INFO: at 20227.830 ms batch [46.762] delay 22.906 ms
INFO: at 20227.830 ms fetching 46.762 ms
INFO: at 20251.631 ms batch [31.771] delay 22.906 ms
INFO: at 20251.631 ms fetching 31.771 ms
INFO: at 20274.892 ms batch [31.759] delay 22.906 ms
INFO: at 20274.892 ms fetching 31.759 ms
INFO: at 20298.322 ms batch [28.028] delay 22.906 ms
INFO: at 20298.322 ms fetching 28.028 ms
INFO: at 20321.343 ms batch [37.112] delay 22.906 ms
INFO: at 20321.343 ms fetching 37.112 ms
INFO: at 20345.188 ms batch [74.979] delay 22.906 ms
INFO: at 20345.188 ms fetching 74.979 ms
INFO: at 20368.499 ms batch [49.734] delay 22.906 ms
INFO: at 20368.499 ms fetching 49.734 ms
INFO: at 20392.486 ms batch [42.838] delay 22.906 ms
INFO: at 20392.486 ms fetching 42.838 ms
INFO: at 20415.855 ms batch [46.965] delay 22.906 ms
INFO: at 20415.855 ms fetching 46.965 ms
INFO: at 20439.164 ms batch [43.853] delay 22.906 ms
INFO: at 20439.164 ms fetching 43.853 ms
INFO: at 20462.839 ms batch [52.837] delay 22.906 ms
INFO: at 20462.839 ms fetching 52.837 ms
INFO: at 20486.246 ms batch [17.313] delay 22.906 ms
INFO: at 20486.246 ms fetching 17.313 ms
INFO: at 20509.966 ms batch [46.855] delay 22.906 ms
INFO: at 20509.966 ms fetching 46.855 ms
INFO: at 20533.294 ms batch [31.950] delay 22.906 ms
INFO: at 20533.294 ms fetching 31.950 ms
INFO: at 20556.320 ms batch [49.182] delay 22.906 ms
INFO: at 20556.320 ms fetching 49.182 ms
INFO: at 20579.756 ms batch [23.352] delay 20.043 ms
INFO: at 20579.756 ms fetching 23.352 ms
INFO: at 20600.454 ms batch [26.159] delay 20.043 ms
INFO: at 20600.454 ms fetching 26.159 ms
INFO: at 20620.776 ms batch [52.784] delay 20.043 ms
INFO: at 20620.776 ms fetching 52.784 ms
INFO: at 20641.094 ms batch [38.066] delay 20.043 ms
INFO: at 20641.094 ms fetching 38.066 ms
INFO: at 20662.915 ms batch [35.927] delay 20.043 ms
INFO: at 20662.915 ms fetching 35.927 ms
INFO: at 20683.513 ms batch [16.648] delay 20.043 ms
INFO: at 20683.513 ms fetching 16.648 ms
INFO: at 20703.826 ms batch [27.741] delay 20.043 ms
INFO: at 20703.826 ms fetching 27.741 ms
INFO: at 20724.153 ms batch [40.060] delay 20.043 ms
INFO: at 20724.153 ms fetching 40.060 ms
INFO: at 20744.639 ms batch [27.274] delay 20.043 ms
INFO: at 20744.639 ms fetching 27.274 ms
INFO: at 20764.774 ms batch [50.380] delay 20.043 ms
INFO: at 20764.774 ms fetching 50.380 ms
INFO: at 20785.355 ms batch [31.685] delay 20.043 ms
INFO: at 20785.355 ms fetching 31.685 ms
INFO: at 20806.190 ms batch [24.190] delay 20.043 ms
INFO: at 20806.190 ms fetching 24.190 ms
INFO: at 20826.525 ms batch [37.912] delay 20.043 ms
INFO: at 20826.525 ms fetching 37.912 ms
INFO: at 20846.893 ms batch [49.317] delay 20.043 ms
INFO: at 20846.893 ms fetching 49.317 ms
INFO: at 20867.905 ms batch [28.634] delay 20.043 ms
INFO: at 20867.905 ms fetching 28.634 ms
INFO: at 20888.959 ms batch [52.512] delay 20.043 ms
INFO: at 20888.959 ms fetching 52.512 ms
INFO: at 20909.286 ms batch [29.088] delay 22.906 ms
INFO: at 20909.286 ms fetching 29.088 ms
INFO: at 20932.672 ms batch [33.701] delay 22.906 ms
INFO: at 20932.672 ms fetching 33.701 ms
INFO: at 20956.807 ms batch [43.447] delay 22.906 ms
INFO: at 20956.807 ms fetching 43.447 ms
INFO: at 20980.123 ms batch [42.686] delay 22.906 ms
INFO: at 20980.123 ms fetching 42.686 ms
INFO: at 21004.361 ms batch [96.006] delay 22.906 ms
INFO: at 21004.361 ms fetching 96.006 ms
INFO: at 21027.445 ms batch [40.232] delay 22.906 ms
INFO: at 21027.445 ms fetching 40.232 ms
INFO: at 21050.902 ms batch [42.509] delay 22.906 ms
INFO: at 21050.902 ms fetching 42.509 ms
INFO: at 21074.329 ms batch [47.164] delay 22.906 ms
INFO: at 21074.329 ms fetching 47.164 ms
INFO: at 21097.650 ms batch [74.626] delay 22.906 ms
INFO: at 21097.650 ms fetching 74.626 ms
INFO: at 21121.003 ms batch [30.832] delay 22.906 ms
INFO: at 21121.003 ms fetching 30.832 ms
INFO: at 21144.324 ms batch [43.537] delay 22.906 ms
INFO: at 21144.324 ms fetching 43.537 ms
INFO: at 21167.520 ms batch [89.038] delay 22.906 ms
INFO: at 21167.520 ms fetching 89.038 ms
INFO: at 21190.961 ms batch [35.017] delay 22.906 ms
INFO: at 21190.961 ms fetching 35.017 ms
INFO: at 21214.889 ms batch [26.318] delay 22.906 ms
INFO: at 21214.889 ms fetching 26.318 ms
INFO: at 21238.212 ms batch [31.074] delay 22.906 ms
INFO: at 21238.212 ms fetching 31.074 ms
INFO: at 21261.545 ms batch [26.330] delay 22.906 ms
INFO: at 21261.545 ms fetching 26.330 ms
INFO: at 21284.867 ms batch [32.957] delay 22.906 ms
INFO: at 21284.867 ms fetching 32.957 ms
INFO: at 21307.915 ms batch [37.652] delay 22.906 ms
INFO: at 21307.915 ms fetching 37.652 ms
INFO: at 21331.288 ms batch [35.715] delay 22.906 ms
INFO: at 21331.288 ms fetching 35.715 ms
INFO: at 21354.732 ms batch [28.779] delay 22.906 ms
INFO: at 21354.732 ms fetching 28.779 ms
INFO: at 21378.388 ms batch [29.017] delay 22.906 ms
INFO: at 21378.388 ms fetching 29.017 ms
INFO: at 21401.739 ms batch [31.270] delay 26.724 ms
INFO: at 21401.739 ms fetching 31.270 ms
INFO: at 21428.653 ms batch [18.646] delay 26.724 ms
INFO: at 21428.653 ms fetching 18.646 ms
INFO: at 21455.965 ms batch [32.064] delay 26.724 ms
INFO: at 21455.965 ms fetching 32.064 ms
INFO: at 21483.024 ms batch [45.439] delay 26.724 ms
INFO: at 21483.024 ms fetching 45.439 ms
INFO: at 21510.425 ms batch [34.144] delay 26.724 ms
INFO: at 21510.425 ms fetching 34.144 ms
INFO: at 21537.746 ms batch [58.103] delay 26.724 ms
INFO: at 21537.746 ms fetching 58.103 ms
INFO: at 21565.162 ms batch [48.418] delay 26.724 ms
INFO: at 21565.162 ms fetching 48.418 ms
INFO: at 21592.476 ms batch [54.378] delay 26.724 ms
INFO: at 21592.476 ms fetching 54.378 ms
INFO: at 21619.935 ms batch [34.429] delay 26.724 ms
INFO: at 21619.935 ms fetching 34.429 ms
INFO: at 21647.295 ms batch [48.353] delay 26.724 ms
INFO: at 21647.295 ms fetching 48.353 ms
INFO: at 21674.632 ms batch [37.934] delay 26.724 ms
INFO: at 21674.632 ms fetching 37.934 ms
INFO: at 21701.936 ms batch [30.097] delay 26.724 ms
INFO: at 21701.936 ms fetching 30.097 ms
INFO: at 21730.107 ms batch [45.617] delay 32.069 ms
INFO: at 21730.107 ms fetching 45.617 ms
INFO: at 21764.210 ms batch [42.430] delay 32.069 ms
INFO: at 21764.210 ms fetching 42.430 ms
INFO: at 21796.545 ms batch [44.762] delay 32.069 ms
INFO: at 21796.545 ms fetching 44.762 ms
INFO: at 21829.071 ms batch [51.136] delay 32.069 ms
INFO: at 21829.071 ms fetching 51.136 ms
INFO: at 21861.546 ms batch [38.671] delay 32.069 ms
INFO: at 21861.546 ms fetching 38.671 ms
INFO: at 21893.826 ms batch [48.783] delay 26.724 ms
INFO: at 21893.826 ms fetching 48.783 ms
INFO: at 21921.249 ms batch [27.430] delay 26.724 ms
INFO: at 21921.249 ms fetching 27.430 ms
INFO: at 21948.810 ms batch [32.067] delay 26.724 ms
INFO: at 21948.810 ms fetching 32.067 ms
INFO: at 21976.268 ms batch [43.078] delay 26.724 ms
INFO: at 21976.268 ms fetching 43.078 ms
INFO: at 22003.673 ms batch [30.486] delay 26.724 ms
INFO: at 22003.673 ms fetching 30.486 ms
INFO: at 22031.418 ms batch [52.537] delay 26.724 ms
INFO: at 22031.418 ms fetching 52.537 ms
INFO: at 22058.903 ms batch [30.122] delay 26.724 ms
INFO: at 22058.903 ms fetching 30.122 ms
INFO: at 22086.319 ms batch [37.969] delay 26.724 ms
INFO: at 22086.319 ms fetching 37.969 ms
INFO: at 22113.358 ms batch [27.030] delay 26.724 ms
INFO: at 22113.358 ms fetching 27.030 ms
INFO: at 22140.749 ms batch [32.379] delay 26.724 ms
INFO: at 22140.749 ms fetching 32.379 ms
INFO: at 22168.666 ms batch [36.103] delay 26.724 ms
INFO: at 22168.666 ms fetching 36.103 ms
INFO: at 22195.551 ms batch [39.731] delay 26.724 ms
INFO: at 22195.551 ms fetching 39.731 ms
INFO: at 22222.523 ms batch [46.806] delay 26.724 ms
INFO: at 22222.523 ms fetching 46.806 ms
INFO: at 22249.846 ms batch [31.915] delay 26.724 ms
INFO: at 22249.846 ms fetching 31.915 ms
INFO: at 22277.371 ms batch [33.511] delay 26.724 ms
INFO: at 22277.371 ms fetching 33.511 ms
INFO: at 22304.635 ms batch [61.677] delay 26.724 ms
INFO: at 22304.635 ms fetching 61.677 ms
INFO: at 22332.152 ms batch [57.392] delay 26.724 ms
INFO: at 22332.152 ms fetching 57.392 ms
INFO: at 22359.270 ms batch [45.895] delay 26.724 ms
INFO: at 22359.270 ms fetching 45.895 ms
INFO: at 22386.703 ms batch [43.973] delay 32.069 ms
INFO: at 22386.703 ms fetching 43.973 ms
INFO: at 22419.485 ms batch [49.699] delay 32.069 ms
INFO: at 22419.485 ms fetching 49.699 ms
INFO: at 22451.769 ms batch [41.938] delay 32.069 ms
INFO: at 22451.769 ms fetching 41.938 ms
INFO: at 22484.357 ms batch [55.641] delay 32.069 ms
INFO: at 22484.357 ms fetching 55.641 ms
INFO: at 22517.477 ms batch [24.993] delay 32.069 ms
INFO: at 22517.477 ms fetching 24.993 ms
INFO: at 22550.023 ms batch [44.163] delay 32.069 ms
INFO: at 22550.023 ms fetching 44.163 ms
INFO: at 22582.607 ms batch [30.687] delay 32.069 ms
INFO: at 22582.607 ms fetching 30.687 ms
INFO: at 22615.146 ms batch [93.011] delay 32.069 ms
INFO: at 22615.146 ms fetching 93.011 ms
INFO: at 22648.732 ms batch [51.376] delay 32.069 ms
INFO: at 22648.732 ms fetching 51.376 ms
INFO: at 22681.252 ms batch [23.807] delay 32.069 ms
INFO: at 22681.252 ms fetching 23.807 ms
INFO: at 22713.787 ms batch [43.317] delay 32.069 ms
INFO: at 22713.787 ms fetching 43.317 ms
INFO: at 22746.345 ms batch [30.919] delay 32.069 ms
INFO: at 22746.345 ms fetching 30.919 ms
INFO: at 22779.082 ms batch [36.897] delay 32.069 ms
INFO: at 22779.082 ms fetching 36.897 ms
INFO: at 22811.725 ms batch [52.364] delay 32.069 ms
INFO: at 22811.725 ms fetching 52.364 ms
INFO: at 22844.125 ms batch [24.976] delay 32.069 ms
INFO: at 22844.125 ms fetching 24.976 ms
INFO: at 22876.678 ms batch [31.871] delay 32.069 ms
INFO: at 22876.678 ms fetching 31.871 ms
INFO: at 22910.262 ms batch [46.725] delay 32.069 ms
INFO: at 22910.262 ms fetching 46.725 ms
INFO: at 22942.581 ms batch [53.878] delay 32.069 ms
INFO: at 22942.581 ms fetching 53.878 ms
INFO: at 22975.134 ms batch [39.331] delay 32.069 ms
INFO: at 22975.134 ms fetching 39.331 ms
INFO: at 23007.888 ms batch [52.279] delay 32.069 ms
INFO: at 23007.888 ms fetching 52.279 ms
INFO: at 23040.391 ms batch [58.580] delay 32.069 ms
INFO: at 23040.391 ms fetching 58.580 ms
INFO: at 23072.940 ms batch [24.330] delay 32.069 ms
INFO: at 23072.940 ms fetching 24.330 ms
INFO: at 23106.105 ms batch [43.044] delay 32.069 ms
INFO: at 23106.105 ms fetching 43.044 ms
INFO: at 23138.637 ms batch [40.763] delay 32.069 ms
INFO: at 23138.637 ms fetching 40.763 ms
INFO: at 23171.658 ms batch [41.015] delay 32.069 ms
INFO: at 23171.658 ms fetching 41.015 ms
INFO: at 23204.339 ms batch [32.245] delay 32.069 ms
INFO: at 23204.339 ms fetching 32.245 ms
INFO: at 23237.440 ms batch [32.817] delay 32.069 ms
INFO: at 23237.440 ms fetching 32.817 ms
INFO: at 23269.843 ms batch [52.434] delay 32.069 ms
INFO: at 23269.843 ms fetching 52.434 ms
INFO: at 23302.762 ms batch [37.158] delay 32.069 ms
INFO: at 23302.762 ms fetching 37.158 ms
INFO: at 23335.275 ms batch [43.176] delay 32.069 ms
INFO: at 23335.275 ms fetching 43.176 ms
INFO: at 23368.363 ms batch [24.323] delay 32.069 ms
INFO: at 23368.363 ms fetching 24.323 ms
INFO: at 23400.943 ms batch [45.390] delay 32.069 ms
INFO: at 23400.943 ms fetching 45.390 ms
INFO: at 23434.508 ms batch [33.663] delay 32.069 ms
INFO: at 23434.508 ms fetching 33.663 ms
INFO: at 23467.074 ms batch [28.452] delay 32.069 ms
INFO: at 23467.074 ms fetching 28.452 ms
INFO: at 23499.666 ms batch [34.227] delay 32.069 ms
INFO: at 23499.666 ms fetching 34.227 ms
INFO: at 23533.413 ms batch [42.980] delay 40.086 ms
INFO: at 23533.413 ms fetching 42.980 ms
INFO: at 23573.853 ms batch [48.223] delay 40.086 ms
INFO: at 23573.853 ms fetching 48.223 ms
INFO: at 23614.914 ms batch [69.225] delay 40.086 ms
INFO: at 23614.914 ms fetching 69.225 ms
INFO: at 23655.509 ms batch [30.820] delay 40.086 ms
INFO: at 23655.509 ms fetching 30.820 ms
INFO: at 23696.036 ms batch [48.678] delay 32.069 ms
INFO: at 23696.036 ms fetching 48.678 ms
INFO: at 23728.463 ms batch [47.029] delay 32.069 ms
INFO: at 23728.463 ms fetching 47.029 ms
INFO: at 23761.157 ms batch [42.883] delay 32.069 ms
INFO: at 23761.157 ms fetching 42.883 ms
INFO: at 23794.604 ms batch [33.870] delay 32.069 ms
INFO: at 23794.604 ms fetching 33.870 ms
INFO: at 23826.982 ms batch [32.211] delay 32.069 ms
INFO: at 23826.982 ms fetching 32.211 ms
INFO: at 23860.141 ms batch [29.676] delay 32.069 ms
INFO: at 23860.141 ms fetching 29.676 ms
INFO: at 23893.315 ms batch [30.013] delay 32.069 ms
INFO: at 23893.315 ms fetching 30.013 ms
INFO: at 23926.302 ms batch [31.521] delay 32.069 ms
INFO: at 23926.302 ms fetching 31.521 ms
INFO: at 23960.440 ms batch [38.498] delay 32.069 ms
INFO: at 23960.440 ms fetching 38.498 ms
INFO: at 23993.202 ms batch [64.373] delay 32.069 ms
INFO: at 23993.202 ms fetching 64.373 ms
INFO: at 24025.797 ms batch [26.232] delay 32.069 ms
INFO: at 24025.797 ms fetching 26.232 ms
INFO: at 24058.130 ms batch [26.717] delay 32.069 ms
INFO: at 24058.130 ms fetching 26.717 ms
INFO: at 24091.191 ms batch [39.573] delay 32.069 ms
INFO: at 24091.191 ms fetching 39.573 ms
INFO: at 24123.449 ms batch [40.059] delay 32.069 ms
INFO: at 24123.449 ms fetching 40.059 ms
INFO: at 24156.031 ms batch [26.108] delay 32.069 ms
INFO: at 24156.031 ms fetching 26.108 ms
INFO: at 24188.352 ms batch [27.066] delay 40.086 ms
INFO: at 24188.352 ms fetching 27.066 ms
INFO: at 24228.716 ms batch [62.735] delay 40.086 ms
INFO: at 24228.716 ms fetching 62.735 ms
INFO: at 24268.971 ms batch [47.353] delay 40.086 ms
INFO: at 24268.971 ms fetching 47.353 ms
INFO: at 24309.866 ms batch [30.038] delay 40.086 ms
INFO: at 24309.866 ms fetching 30.038 ms
INFO: at 24350.264 ms batch [32.865] delay 40.086 ms
INFO: at 24350.264 ms fetching 32.865 ms
INFO: at 24390.629 ms batch [59.225] delay 40.086 ms
INFO: at 24390.629 ms fetching 59.225 ms
INFO: at 24431.702 ms batch [35.208] delay 40.086 ms
INFO: at 24431.702 ms fetching 35.208 ms
INFO: at 24472.215 ms batch [29.674] delay 40.086 ms
INFO: at 24472.215 ms fetching 29.674 ms
INFO: at 24512.790 ms batch [55.742] delay 40.086 ms
INFO: at 24512.790 ms fetching 55.742 ms
INFO: at 24553.507 ms batch [37.072] delay 40.086 ms
INFO: at 24553.507 ms fetching 37.072 ms
INFO: at 24594.001 ms batch [59.469] delay 40.086 ms
INFO: at 24594.001 ms fetching 59.469 ms
INFO: at 24634.298 ms batch [44.752] delay 40.086 ms
INFO: at 24634.298 ms fetching 44.752 ms
INFO: at 24674.958 ms batch [44.032] delay 40.086 ms
INFO: at 24674.958 ms fetching 44.032 ms
INFO: at 24715.429 ms batch [27.326] delay 40.086 ms
INFO: at 24715.429 ms fetching 27.326 ms
INFO: at 24755.865 ms batch [47.654] delay 40.086 ms
INFO: at 24755.865 ms fetching 47.654 ms
INFO: at 24796.671 ms batch [30.405] delay 40.086 ms
INFO: at 24796.671 ms fetching 30.405 ms
INFO: at 24837.368 ms batch [45.233] delay 40.086 ms
INFO: at 24837.368 ms fetching 45.233 ms
INFO: at 24878.033 ms batch [24.461] delay 40.086 ms
INFO: at 24878.033 ms fetching 24.461 ms
INFO: at 24918.450 ms batch [25.097] delay 40.086 ms
INFO: at 24918.450 ms fetching 25.097 ms
INFO: at 24959.059 ms batch [35.461] delay 40.086 ms
INFO: at 24959.059 ms fetching 35.461 ms
INFO: at 25000.246 ms batch [36.619] delay 40.086 ms
INFO: at 25000.246 ms fetching 36.619 ms
INFO: at 25041.059 ms batch [48.453] delay 40.086 ms
INFO: at 25041.059 ms fetching 48.453 ms
INFO: at 25082.066 ms batch [36.002] delay 40.086 ms
INFO: at 25082.066 ms fetching 36.002 ms
INFO: at 25123.264 ms batch [31.803] delay 40.086 ms
INFO: at 25123.264 ms fetching 31.803 ms
INFO: at 25164.296 ms batch [56.394] delay 40.086 ms
INFO: at 25164.296 ms fetching 56.394 ms
INFO: at 25204.704 ms batch [39.603] delay 40.086 ms
INFO: at 25204.704 ms fetching 39.603 ms
INFO: at 25245.400 ms batch [25.813] delay 40.086 ms
INFO: at 25245.400 ms fetching 25.813 ms
INFO: at 25286.128 ms batch [20.902] delay 40.086 ms
INFO: at 25286.128 ms fetching 20.902 ms
INFO: at 25327.281 ms batch [23.445] delay 40.086 ms
INFO: at 25327.281 ms fetching 23.445 ms
INFO: at 25367.647 ms batch [28.093] delay 40.086 ms
INFO: at 25367.647 ms fetching 28.093 ms
INFO: at 25408.313 ms batch [21.997] delay 40.086 ms
INFO: at 25408.313 ms fetching 21.997 ms
INFO: at 25448.897 ms batch [33.495] delay 40.086 ms
INFO: at 25448.897 ms fetching 33.495 ms
INFO: at 25489.878 ms batch [34.761] delay 40.086 ms
INFO: at 25489.878 ms fetching 34.761 ms
INFO: at 25530.102 ms batch [40.825] delay 40.086 ms
INFO: at 25530.102 ms fetching 40.825 ms
INFO: at 25570.579 ms batch [43.501] delay 40.086 ms
INFO: at 25570.579 ms fetching 43.501 ms
INFO: at 25611.578 ms batch [16.410] delay 40.086 ms
INFO: at 25611.578 ms fetching 16.410 ms
INFO: at 25652.694 ms batch [43.478] delay 40.086 ms
INFO: at 25652.694 ms fetching 43.478 ms
INFO: at 25693.221 ms batch [17.893] delay 40.086 ms
INFO: at 25693.221 ms fetching 17.893 ms
INFO: at 25734.336 ms batch [24.481] delay 40.086 ms
INFO: at 25734.336 ms fetching 24.481 ms
INFO: at 25774.668 ms batch [47.847] delay 40.086 ms
INFO: at 25774.668 ms fetching 47.847 ms
INFO: at 25815.183 ms batch [42.529] delay 40.086 ms
INFO: at 25815.183 ms fetching 42.529 ms
INFO: at 25856.446 ms batch [33.070] delay 40.086 ms
INFO: at 25856.446 ms fetching 33.070 ms
INFO: at 25897.097 ms batch [37.722] delay 40.086 ms
INFO: at 25897.097 ms fetching 37.722 ms
INFO: at 25938.061 ms batch [50.253] delay 40.086 ms
INFO: at 25938.061 ms fetching 50.253 ms
INFO: at 25979.970 ms batch [23.740] delay 40.086 ms
INFO: at 25979.970 ms fetching 23.740 ms
INFO: at 26020.961 ms batch [34.428] delay 40.086 ms
INFO: at 26020.961 ms fetching 34.428 ms
INFO: at 26061.428 ms batch [52.581] delay 40.086 ms
INFO: at 26061.428 ms fetching 52.581 ms
INFO: at 26101.839 ms batch [44.239] delay 40.086 ms
INFO: at 26101.839 ms fetching 44.239 ms
INFO: at 26142.264 ms batch [69.808] delay 40.086 ms
INFO: at 26142.264 ms fetching 69.808 ms
INFO: at 26182.518 ms batch [47.548] delay 40.086 ms
INFO: at 26182.518 ms fetching 47.548 ms
INFO: at 26223.093 ms batch [36.578] delay 40.086 ms
INFO: at 26223.093 ms fetching 36.578 ms
INFO: at 26263.618 ms batch [22.450] delay 40.086 ms
INFO: at 26263.618 ms fetching 22.450 ms
INFO: at 26303.918 ms batch [35.085] delay 40.086 ms
INFO: at 26303.918 ms fetching 35.085 ms
INFO: at 26344.328 ms batch [22.981] delay 40.086 ms
INFO: at 26344.328 ms fetching 22.981 ms
INFO: at 26385.189 ms batch [41.288] delay 40.086 ms
INFO: at 26385.189 ms fetching 41.288 ms
INFO: at 26425.744 ms batch [43.696] delay 40.086 ms
INFO: at 26425.744 ms fetching 43.696 ms
INFO: at 26466.190 ms batch [49.492] delay 40.086 ms
INFO: at 26466.190 ms fetching 49.492 ms
INFO: at 26507.320 ms batch [47.485] delay 40.086 ms
INFO: at 26507.320 ms fetching 47.485 ms
INFO: at 26547.980 ms batch [37.041] delay 40.086 ms
INFO: at 26547.980 ms fetching 37.041 ms
INFO: at 26588.584 ms batch [28.554] delay 40.086 ms
INFO: at 26588.584 ms fetching 28.554 ms
INFO: at 26629.815 ms batch [51.084] delay 40.086 ms
INFO: at 26629.815 ms fetching 51.084 ms
INFO: at 26670.512 ms batch [21.028] delay 40.086 ms
INFO: at 26670.512 ms fetching 21.028 ms
INFO: at 26711.711 ms batch [30.640] delay 40.086 ms
INFO: at 26711.711 ms fetching 30.640 ms
INFO: at 26752.570 ms batch [51.050] delay 40.086 ms
INFO: at 26752.570 ms fetching 51.050 ms
INFO: at 26793.140 ms batch [43.715] delay 40.086 ms
INFO: at 26793.140 ms fetching 43.715 ms
INFO: at 26833.953 ms batch [33.579] delay 40.086 ms
INFO: at 26833.953 ms fetching 33.579 ms
INFO: at 26874.748 ms batch [39.508] delay 40.086 ms
INFO: at 26874.748 ms fetching 39.508 ms
INFO: at 26915.324 ms batch [40.606] delay 40.086 ms
INFO: at 26915.324 ms fetching 40.606 ms
INFO: at 26955.971 ms batch [42.953] delay 40.086 ms
INFO: at 26955.971 ms fetching 42.953 ms
INFO: at 26996.657 ms batch [40.502] delay 40.086 ms
INFO: at 26996.657 ms fetching 40.502 ms
INFO: at 27037.800 ms batch [32.987] delay 40.086 ms
INFO: at 27037.800 ms fetching 32.987 ms
INFO: at 27078.571 ms batch [39.193] delay 40.086 ms
INFO: at 27078.571 ms fetching 39.193 ms
INFO: at 27119.709 ms batch [38.853] delay 40.086 ms
INFO: at 27119.709 ms fetching 38.853 ms
INFO: at 27161.607 ms batch [48.025] delay 40.086 ms
INFO: at 27161.607 ms fetching 48.025 ms
INFO: at 27202.122 ms batch [23.675] delay 40.086 ms
INFO: at 27202.122 ms fetching 23.675 ms
INFO: at 27242.767 ms batch [39.175] delay 40.086 ms
INFO: at 27242.767 ms fetching 39.175 ms
INFO: at 27283.311 ms batch [46.594] delay 40.086 ms
INFO: at 27283.311 ms fetching 46.594 ms
INFO: at 27325.209 ms batch [31.952] delay 40.086 ms
INFO: at 27325.209 ms fetching 31.952 ms
INFO: at 27365.667 ms batch [18.414] delay 40.086 ms
INFO: at 27365.667 ms fetching 18.414 ms
INFO: at 27406.567 ms batch [50.990] delay 40.086 ms
INFO: at 27406.567 ms fetching 50.990 ms
INFO: at 27447.097 ms batch [49.994] delay 40.086 ms
INFO: at 27447.097 ms fetching 49.994 ms
INFO: at 27487.699 ms batch [56.487] delay 40.086 ms
INFO: at 27487.699 ms fetching 56.487 ms
INFO: at 27528.691 ms batch [34.423] delay 40.086 ms
INFO: at 27528.691 ms fetching 34.423 ms
INFO: at 27569.214 ms batch [24.670] delay 40.086 ms
INFO: at 27569.214 ms fetching 24.670 ms
INFO: at 27610.054 ms batch [29.945] delay 40.086 ms
INFO: at 27610.054 ms fetching 29.945 ms
INFO: at 27650.863 ms batch [39.808] delay 40.086 ms
INFO: at 27650.863 ms fetching 39.808 ms
INFO: at 27692.040 ms batch [24.841] delay 40.086 ms
INFO: at 27692.040 ms fetching 24.841 ms
INFO: at 27732.988 ms batch [36.924] delay 40.086 ms
INFO: at 27732.988 ms fetching 36.924 ms
INFO: at 27773.541 ms batch [44.124] delay 40.086 ms
INFO: at 27773.541 ms fetching 44.124 ms
INFO: at 27814.389 ms batch [41.483] delay 40.086 ms
INFO: at 27814.389 ms fetching 41.483 ms
INFO: at 27855.260 ms batch [41.318] delay 40.086 ms
INFO: at 27855.260 ms fetching 41.318 ms
INFO: at 27895.901 ms batch [26.071] delay 40.086 ms
INFO: at 27895.901 ms fetching 26.071 ms
INFO: at 27936.635 ms batch [48.517] delay 53.448 ms
INFO: at 27936.635 ms fetching 48.517 ms
INFO: at 27990.797 ms batch [39.528] delay 53.448 ms
INFO: at 27990.797 ms fetching 39.528 ms
INFO: at 28046.130 ms batch [67.145] delay 53.448 ms
INFO: at 28046.130 ms fetching 67.145 ms
INFO: at 28100.656 ms batch [32.780] delay 40.086 ms
INFO: at 28100.656 ms fetching 32.780 ms
INFO: at 28141.582 ms batch [37.804] delay 40.086 ms
INFO: at 28141.582 ms fetching 37.804 ms
INFO: at 28182.490 ms batch [39.643] delay 40.086 ms
INFO: at 28182.490 ms fetching 39.643 ms
INFO: at 28223.211 ms batch [31.232] delay 40.086 ms
INFO: at 28223.211 ms fetching 31.232 ms
INFO: at 28263.697 ms batch [25.631] delay 40.086 ms
INFO: at 28263.697 ms fetching 25.631 ms
INFO: at 28305.248 ms batch [73.426] delay 40.086 ms
INFO: at 28305.248 ms fetching 73.426 ms
INFO: at 28345.770 ms batch [41.401] delay 40.086 ms
INFO: at 28345.770 ms fetching 41.401 ms
INFO: at 28386.265 ms batch [50.609] delay 40.086 ms
INFO: at 28386.265 ms fetching 50.609 ms
INFO: at 28426.833 ms batch [31.884] delay 40.086 ms
INFO: at 28426.833 ms fetching 31.884 ms
INFO: at 28467.213 ms batch [55.002] delay 40.086 ms
INFO: at 28467.213 ms fetching 55.002 ms
INFO: at 28507.625 ms batch [35.237] delay 40.086 ms
INFO: at 28507.625 ms fetching 35.237 ms
INFO: at 28548.103 ms batch [30.168] delay 40.086 ms
INFO: at 28548.103 ms fetching 30.168 ms
INFO: at 28588.385 ms batch [31.816] delay 40.086 ms
INFO: at 28588.385 ms fetching 31.816 ms
INFO: at 28628.737 ms batch [43.280] delay 40.086 ms
INFO: at 28628.737 ms fetching 43.280 ms
INFO: at 28669.650 ms batch [55.244] delay 40.086 ms
INFO: at 28669.650 ms fetching 55.244 ms
INFO: at 28709.965 ms batch [34.118] delay 40.086 ms
INFO: at 28709.965 ms fetching 34.118 ms
INFO: at 28750.651 ms batch [65.377] delay 53.448 ms
INFO: at 28750.651 ms fetching 65.377 ms
INFO: at 28804.796 ms batch [46.061] delay 53.448 ms
INFO: at 28804.796 ms fetching 46.061 ms
INFO: at 28860.331 ms batch [50.136] delay 53.448 ms
INFO: at 28860.331 ms fetching 50.136 ms
INFO: at 28914.433 ms batch [51.179] delay 53.448 ms
INFO: at 28914.433 ms fetching 51.179 ms
INFO: at 28968.817 ms batch [44.322] delay 53.448 ms
INFO: at 28968.817 ms fetching 44.322 ms
INFO: at 29023.236 ms batch [54.327] delay 53.448 ms
INFO: at 29023.236 ms fetching 54.327 ms
INFO: at 29078.484 ms batch [45.792] delay 40.086 ms
INFO: at 29078.484 ms fetching 45.792 ms
INFO: at 29118.780 ms batch [37.945] delay 40.086 ms
INFO: at 29118.780 ms fetching 37.945 ms
INFO: at 29160.020 ms batch [39.556] delay 40.086 ms
INFO: at 29160.020 ms fetching 39.556 ms
INFO: at 29201.237 ms batch [36.710] delay 40.086 ms
INFO: at 29201.237 ms fetching 36.710 ms
INFO: at 29241.652 ms batch [19.376] delay 53.448 ms
INFO: at 29241.652 ms fetching 19.376 ms
INFO: at 29295.713 ms batch [30.928] delay 53.448 ms
INFO: at 29295.713 ms fetching 30.928 ms
INFO: at 29349.530 ms batch [38.724] delay 53.448 ms
INFO: at 29349.530 ms fetching 38.724 ms
INFO: at 29404.250 ms batch [29.958] delay 40.086 ms
INFO: at 29404.250 ms fetching 29.958 ms
INFO: at 29444.791 ms batch [31.886] delay 40.086 ms
INFO: at 29444.791 ms fetching 31.886 ms
INFO: at 29485.910 ms batch [30.017] delay 40.086 ms
INFO: at 29485.910 ms fetching 30.017 ms
INFO: at 29526.516 ms batch [51.529] delay 40.086 ms
INFO: at 29526.516 ms fetching 51.529 ms
INFO: at 29566.903 ms batch [31.230] delay 53.448 ms
INFO: at 29566.903 ms fetching 31.230 ms
INFO: at 29620.535 ms batch [46.484] delay 53.448 ms
INFO: at 29620.535 ms fetching 46.484 ms
INFO: at 29674.637 ms batch [37.305] delay 53.448 ms
INFO: at 29674.637 ms fetching 37.305 ms
INFO: at 29728.530 ms batch [49.466] delay 53.448 ms
INFO: at 29728.530 ms fetching 49.466 ms
INFO: at 29783.085 ms batch [34.093] delay 53.448 ms
INFO: at 29783.085 ms fetching 34.093 ms
INFO: at 29837.554 ms batch [21.621] delay 53.448 ms
INFO: at 29837.554 ms fetching 21.621 ms
INFO: at 29892.571 ms batch [58.842] delay 53.448 ms
INFO: at 29892.571 ms fetching 58.842 ms
INFO: at 29947.115 ms batch [51.745] delay 53.448 ms
INFO: at 29947.115 ms fetching 51.745 ms
INFO: at 30001.039 ms batch [29.250] delay 53.448 ms
INFO: at 30001.039 ms fetching 29.250 ms
INFO: at 30055.321 ms batch [45.612] delay 53.448 ms
INFO: at 30055.321 ms fetching 45.612 ms
INFO: at 30109.474 ms batch [42.117] delay 53.448 ms
INFO: at 30109.474 ms fetching 42.117 ms
INFO: at 30164.081 ms batch [39.897] delay 53.448 ms
INFO: at 30164.081 ms fetching 39.897 ms
INFO: at 30218.548 ms batch [39.435] delay 53.448 ms
INFO: at 30218.548 ms fetching 39.435 ms
INFO: at 30272.518 ms batch [44.594] delay 53.448 ms
INFO: at 30272.518 ms fetching 44.594 ms
INFO: at 30326.859 ms batch [40.817] delay 53.448 ms
INFO: at 30326.859 ms fetching 40.817 ms
INFO: at 30381.305 ms batch [24.694] delay 53.448 ms
INFO: at 30381.305 ms fetching 24.694 ms
INFO: at 30435.527 ms batch [23.431] delay 53.448 ms
INFO: at 30435.527 ms fetching 23.431 ms
INFO: at 30489.781 ms batch [64.169] delay 53.448 ms
INFO: at 30489.781 ms fetching 64.169 ms
INFO: at 30544.294 ms batch [57.583] delay 53.448 ms
INFO: at 30544.294 ms fetching 57.583 ms
INFO: at 30598.819 ms batch [36.214] delay 53.448 ms
INFO: at 30598.819 ms fetching 36.214 ms
INFO: at 30652.526 ms batch [33.679] delay 53.448 ms
INFO: at 30652.526 ms fetching 33.679 ms
INFO: at 30706.556 ms batch [23.021] delay 53.448 ms
INFO: at 30706.556 ms fetching 23.021 ms
INFO: at 30760.815 ms batch [52.681] delay 53.448 ms
INFO: at 30760.815 ms fetching 52.681 ms
INFO: at 30815.331 ms batch [40.171] delay 53.448 ms
INFO: at 30815.331 ms fetching 40.171 ms
INFO: at 30869.425 ms batch [67.569] delay 53.448 ms
INFO: at 30869.425 ms fetching 67.569 ms
INFO: at 30923.945 ms batch [47.931] delay 53.448 ms
INFO: at 30923.945 ms fetching 47.931 ms
INFO: at 30977.794 ms batch [62.134] delay 53.448 ms
INFO: at 30977.794 ms fetching 62.134 ms
INFO: at 31031.986 ms batch [34.133] delay 53.448 ms
INFO: at 31031.986 ms fetching 34.133 ms
INFO: at 31086.359 ms batch [30.455] delay 53.448 ms
INFO: at 31086.359 ms fetching 30.455 ms
INFO: at 31141.910 ms batch [34.032] delay 53.448 ms
INFO: at 31141.910 ms fetching 34.032 ms
INFO: at 31196.526 ms batch [33.308] delay 53.448 ms
INFO: at 31196.526 ms fetching 33.308 ms
INFO: at 31250.213 ms batch [33.764] delay 53.448 ms
INFO: at 31250.213 ms fetching 33.764 ms
INFO: at 31303.835 ms batch [20.998] delay 53.448 ms
INFO: at 31303.835 ms fetching 20.998 ms
INFO: at 31357.700 ms batch [55.663] delay 40.086 ms
INFO: at 31357.700 ms fetching 55.663 ms
INFO: at 31398.213 ms batch [22.025] delay 40.086 ms
INFO: at 31398.213 ms fetching 22.025 ms
INFO: at 31438.995 ms batch [39.421] delay 40.086 ms
INFO: at 31438.995 ms fetching 39.421 ms
INFO: at 31480.103 ms batch [34.837] delay 40.086 ms
INFO: at 31480.103 ms fetching 34.837 ms
INFO: at 31521.501 ms batch [26.410] delay 40.086 ms
INFO: at 31521.501 ms fetching 26.410 ms
INFO: at 31562.003 ms batch [27.891] delay 40.086 ms
INFO: at 31562.003 ms fetching 27.891 ms
INFO: at 31603.105 ms batch [43.391] delay 40.086 ms
INFO: at 31603.105 ms fetching 43.391 ms
INFO: at 31643.629 ms batch [37.676] delay 40.086 ms
INFO: at 31643.629 ms fetching 37.676 ms
INFO: at 31683.951 ms batch [33.452] delay 40.086 ms
INFO: at 31683.951 ms fetching 33.452 ms
INFO: at 31724.656 ms batch [31.653] delay 40.086 ms
INFO: at 31724.656 ms fetching 31.653 ms
INFO: at 31765.685 ms batch [29.735] delay 40.086 ms
INFO: at 31765.685 ms fetching 29.735 ms
INFO: at 31806.551 ms batch [53.171] delay 40.086 ms
INFO: at 31806.551 ms fetching 53.171 ms
INFO: at 31847.064 ms batch [37.861] delay 40.086 ms
INFO: at 31847.064 ms fetching 37.861 ms
INFO: at 31888.266 ms batch [33.228] delay 40.086 ms
INFO: at 31888.266 ms fetching 33.228 ms
INFO: at 31929.241 ms batch [26.650] delay 40.086 ms
INFO: at 31929.241 ms fetching 26.650 ms
INFO: at 31969.493 ms batch [36.903] delay 40.086 ms
INFO: at 31969.493 ms fetching 36.903 ms
INFO: at 32009.931 ms batch [45.984] delay 40.086 ms
INFO: at 32009.931 ms fetching 45.984 ms
INFO: at 32050.479 ms batch [33.067] delay 40.086 ms
INFO: at 32050.479 ms fetching 33.067 ms
INFO: at 32091.060 ms batch [31.808] delay 40.086 ms
INFO: at 32091.060 ms fetching 31.808 ms
INFO: at 32131.883 ms batch [40.701] delay 40.086 ms
INFO: at 32131.883 ms fetching 40.701 ms
INFO: at 32172.411 ms batch [33.268] delay 40.086 ms
INFO: at 32172.411 ms fetching 33.268 ms
INFO: at 32213.019 ms batch [37.148] delay 40.086 ms
INFO: at 32213.019 ms fetching 37.148 ms
INFO: at 32253.448 ms batch [49.655] delay 40.086 ms
INFO: at 32253.448 ms fetching 49.655 ms
INFO: at 32294.180 ms batch [43.453] delay 40.086 ms
INFO: at 32294.180 ms fetching 43.453 ms
INFO: at 32336.094 ms batch [37.852] delay 40.086 ms
INFO: at 32336.094 ms fetching 37.852 ms
INFO: at 32376.541 ms batch [26.605] delay 40.086 ms
INFO: at 32376.541 ms fetching 26.605 ms
INFO: at 32417.103 ms batch [30.307] delay 40.086 ms
INFO: at 32417.103 ms fetching 30.307 ms
INFO: at 32458.182 ms batch [16.993] delay 40.086 ms
INFO: at 32458.182 ms fetching 16.993 ms
INFO: at 32500.222 ms batch [28.334] delay 40.086 ms
INFO: at 32500.222 ms fetching 28.334 ms
INFO: at 32541.110 ms batch [49.240] delay 40.086 ms
INFO: at 32541.110 ms fetching 49.240 ms
INFO: at 32581.657 ms batch [33.712] delay 40.086 ms
INFO: at 32581.657 ms fetching 33.712 ms
INFO: at 32623.601 ms batch [33.825] delay 40.086 ms
INFO: at 32623.601 ms fetching 33.825 ms
INFO: at 32664.215 ms batch [38.221] delay 32.069 ms
INFO: at 32664.215 ms fetching 38.221 ms
INFO: at 32696.868 ms batch [42.002] delay 32.069 ms
INFO: at 32696.868 ms fetching 42.002 ms
INFO: at 32729.368 ms batch [39.298] delay 32.069 ms
INFO: at 32729.368 ms fetching 39.298 ms
INFO: at 32762.211 ms batch [31.332] delay 32.069 ms
INFO: at 32762.211 ms fetching 31.332 ms
INFO: at 32794.688 ms batch [84.302] delay 32.069 ms
INFO: at 32794.688 ms fetching 84.302 ms
INFO: at 32827.548 ms batch [37.321] delay 32.069 ms
INFO: at 32827.548 ms fetching 37.321 ms
INFO: at 32860.047 ms batch [59.661] delay 32.069 ms
INFO: at 32860.047 ms fetching 59.661 ms
INFO: at 32892.554 ms batch [15.248] delay 32.069 ms
INFO: at 32892.554 ms fetching 15.248 ms
INFO: at 32924.887 ms batch [28.508] delay 32.069 ms
INFO: at 32924.887 ms fetching 28.508 ms
INFO: at 32957.378 ms batch [43.498] delay 32.069 ms
INFO: at 32957.378 ms fetching 43.498 ms
INFO: at 32990.215 ms batch [47.847] delay 32.069 ms
INFO: at 32990.215 ms fetching 47.847 ms
INFO: at 33023.940 ms batch [38.040] delay 32.069 ms
INFO: at 33023.940 ms fetching 38.040 ms
INFO: at 33056.460 ms batch [45.913] delay 32.069 ms
INFO: at 33056.460 ms fetching 45.913 ms
INFO: at 33088.912 ms batch [29.723] delay 32.069 ms
INFO: at 33088.912 ms fetching 29.723 ms
INFO: at 33122.736 ms batch [41.821] delay 32.069 ms
INFO: at 33122.736 ms fetching 41.821 ms
INFO: at 33156.089 ms batch [26.251] delay 26.724 ms
INFO: at 33156.089 ms fetching 26.251 ms
INFO: at 33183.614 ms batch [33.758] delay 26.724 ms
INFO: at 33183.614 ms fetching 33.758 ms
INFO: at 33211.346 ms batch [21.126] delay 26.724 ms
INFO: at 33211.346 ms fetching 21.126 ms
INFO: at 33238.719 ms batch [29.982] delay 26.724 ms
INFO: at 33238.719 ms fetching 29.982 ms
INFO: at 33266.329 ms batch [33.426] delay 26.724 ms
INFO: at 33266.329 ms fetching 33.426 ms
INFO: at 33293.867 ms batch [53.365] delay 26.724 ms
INFO: at 33293.867 ms fetching 53.365 ms
INFO: at 33322.519 ms batch [47.281] delay 32.069 ms
INFO: at 33322.519 ms fetching 47.281 ms
INFO: at 33355.038 ms batch [62.951] delay 32.069 ms
INFO: at 33355.038 ms fetching 62.951 ms
INFO: at 33388.734 ms batch [33.957] delay 32.069 ms
INFO: at 33388.734 ms fetching 33.957 ms
INFO: at 33421.246 ms batch [40.051] delay 32.069 ms
INFO: at 33421.246 ms fetching 40.051 ms
INFO: at 33453.764 ms batch [60.100] delay 32.069 ms
INFO: at 33453.764 ms fetching 60.100 ms
INFO: at 33486.093 ms batch [40.356] delay 32.069 ms
INFO: at 33486.093 ms fetching 40.356 ms
INFO: at 33518.688 ms batch [41.765] delay 32.069 ms
INFO: at 33518.688 ms fetching 41.765 ms
INFO: at 33551.230 ms batch [64.542] delay 32.069 ms
INFO: at 33551.230 ms fetching 64.542 ms
INFO: at 33584.166 ms batch [35.383] delay 32.069 ms
INFO: at 33584.166 ms fetching 35.383 ms
INFO: at 33616.686 ms batch [48.840] delay 32.069 ms
INFO: at 33616.686 ms fetching 48.840 ms
INFO: at 33649.700 ms batch [41.495] delay 32.069 ms
INFO: at 33649.700 ms fetching 41.495 ms
INFO: at 33681.931 ms batch [31.167] delay 32.069 ms
INFO: at 33681.931 ms fetching 31.167 ms
INFO: at 33714.306 ms batch [51.632] delay 32.069 ms
INFO: at 33714.306 ms fetching 51.632 ms
INFO: at 33746.530 ms batch [43.593] delay 32.069 ms
INFO: at 33746.530 ms fetching 43.593 ms
INFO: at 33778.912 ms batch [30.193] delay 32.069 ms
INFO: at 33778.912 ms fetching 30.193 ms
INFO: at 33812.473 ms batch [39.874] delay 26.724 ms
INFO: at 33812.473 ms fetching 39.874 ms
INFO: at 33839.883 ms batch [27.542] delay 26.724 ms
INFO: at 33839.883 ms fetching 27.542 ms
INFO: at 33867.440 ms batch [68.859] delay 26.724 ms
INFO: at 33867.440 ms fetching 68.859 ms
INFO: at 33894.374 ms batch [21.833] delay 26.724 ms
INFO: at 33894.374 ms fetching 21.833 ms
INFO: at 33921.926 ms batch [51.597] delay 26.724 ms
INFO: at 33921.926 ms fetching 51.597 ms
INFO: at 33949.492 ms batch [31.216] delay 26.724 ms
INFO: at 33949.492 ms fetching 31.216 ms
INFO: at 33976.591 ms batch [59.038] delay 32.069 ms
INFO: at 33976.591 ms fetching 59.038 ms
INFO: at 34009.364 ms batch [19.247] delay 32.069 ms
INFO: at 34009.364 ms fetching 19.247 ms
INFO: at 34041.786 ms batch [64.643] delay 32.069 ms
INFO: at 34041.786 ms fetching 64.643 ms
INFO: at 34074.810 ms batch [46.384] delay 32.069 ms
INFO: at 34074.810 ms fetching 46.384 ms
INFO: at 34107.366 ms batch [44.314] delay 32.069 ms
INFO: at 34107.366 ms fetching 44.314 ms
INFO: at 34139.688 ms batch [38.814] delay 26.724 ms
INFO: at 34139.688 ms fetching 38.814 ms
INFO: at 34167.251 ms batch [45.901] delay 26.724 ms
INFO: at 34167.251 ms fetching 45.901 ms
INFO: at 34194.310 ms batch [48.755] delay 26.724 ms
INFO: at 34194.310 ms fetching 48.755 ms
INFO: at 34221.833 ms batch [26.847] delay 26.724 ms
INFO: at 34221.833 ms fetching 26.847 ms
INFO: at 34249.211 ms batch [51.014] delay 26.724 ms
INFO: at 34249.211 ms fetching 51.014 ms
INFO: at 34276.477 ms batch [47.559] delay 26.724 ms
INFO: at 34276.477 ms fetching 47.559 ms
INFO: at 34303.840 ms batch [37.973] delay 26.724 ms
INFO: at 34303.840 ms fetching 37.973 ms
INFO: at 34331.021 ms batch [24.858] delay 26.724 ms
INFO: at 34331.021 ms fetching 24.858 ms
INFO: at 34358.429 ms batch [44.740] delay 26.724 ms
INFO: at 34358.429 ms fetching 44.740 ms
INFO: at 34385.783 ms batch [41.593] delay 26.724 ms
INFO: at 34385.783 ms fetching 41.593 ms
INFO: at 34413.119 ms batch [26.729] delay 26.724 ms
INFO: at 34413.119 ms fetching 26.729 ms
INFO: at 34440.959 ms batch [48.972] delay 26.724 ms
INFO: at 34440.959 ms fetching 48.972 ms
INFO: at 34469.583 ms batch [29.886] delay 26.724 ms
INFO: at 34469.583 ms fetching 29.886 ms
INFO: at 34496.917 ms batch [30.763] delay 26.724 ms
INFO: at 34496.917 ms fetching 30.763 ms
INFO: at 34524.743 ms batch [50.001] delay 26.724 ms
INFO: at 34524.743 ms fetching 50.001 ms
INFO: at 34552.133 ms batch [21.074] delay 26.724 ms
INFO: at 34552.133 ms fetching 21.074 ms
INFO: at 34579.489 ms batch [33.045] delay 26.724 ms
INFO: at 34579.489 ms fetching 33.045 ms
INFO: at 34606.851 ms batch [36.768] delay 26.724 ms
INFO: at 34606.851 ms fetching 36.768 ms
INFO: at 34634.551 ms batch [40.749] delay 26.724 ms
INFO: at 34634.551 ms fetching 40.749 ms
INFO: at 34661.456 ms batch [58.942] delay 26.724 ms
INFO: at 34661.456 ms fetching 58.942 ms
INFO: at 34688.773 ms batch [25.448] delay 26.724 ms
INFO: at 34688.773 ms fetching 25.448 ms
INFO: at 34716.659 ms batch [25.131] delay 26.724 ms
INFO: at 34716.659 ms fetching 25.131 ms
INFO: at 34744.063 ms batch [53.322] delay 26.724 ms
INFO: at 34744.063 ms fetching 53.322 ms
INFO: at 34771.644 ms batch [27.419] delay 26.724 ms
INFO: at 34771.644 ms fetching 27.419 ms
INFO: at 34798.973 ms batch [55.313] delay 26.724 ms
INFO: at 34798.973 ms fetching 55.313 ms
INFO: at 34826.046 ms batch [64.022] delay 26.724 ms
INFO: at 34826.046 ms fetching 64.022 ms
INFO: at 34853.406 ms batch [57.802] delay 26.724 ms
INFO: at 34853.406 ms fetching 57.802 ms
INFO: at 34880.686 ms batch [65.075] delay 26.724 ms
INFO: at 34880.686 ms fetching 65.075 ms
INFO: at 34908.193 ms batch [42.729] delay 26.724 ms
INFO: at 34908.193 ms fetching 42.729 ms
INFO: at 34935.884 ms batch [35.421] delay 26.724 ms
INFO: at 34935.884 ms fetching 35.421 ms
INFO: at 34963.382 ms batch [42.097] delay 26.724 ms
INFO: at 34963.382 ms fetching 42.097 ms
INFO: at 34990.992 ms batch [30.610] delay 26.724 ms
INFO: at 34990.992 ms fetching 30.610 ms
INFO: at 35018.509 ms batch [31.671] delay 26.724 ms
INFO: at 35018.509 ms fetching 31.671 ms
INFO: at 35045.841 ms batch [28.273] delay 26.724 ms
INFO: at 35045.841 ms fetching 28.273 ms
INFO: at 35072.665 ms batch [33.997] delay 26.724 ms
INFO: at 35072.665 ms fetching 33.997 ms
INFO: at 35100.340 ms batch [38.534] delay 26.724 ms
INFO: at 35100.340 ms fetching 38.534 ms
INFO: at 35127.776 ms batch [31.835] delay 26.724 ms
INFO: at 35127.776 ms fetching 31.835 ms
INFO: at 35155.333 ms batch [54.613] delay 26.724 ms
INFO: at 35155.333 ms fetching 54.613 ms
INFO: at 35183.177 ms batch [48.150] delay 26.724 ms
INFO: at 35183.177 ms fetching 48.150 ms
INFO: at 35210.694 ms batch [58.644] delay 26.724 ms
INFO: at 35210.694 ms fetching 58.644 ms
INFO: at 35237.988 ms batch [23.225] delay 26.724 ms
INFO: at 35237.988 ms fetching 23.225 ms
INFO: at 35265.346 ms batch [25.478] delay 26.724 ms
INFO: at 35265.346 ms fetching 25.478 ms
INFO: at 35292.934 ms batch [37.024] delay 26.724 ms
INFO: at 35292.934 ms fetching 37.024 ms
INFO: at 35320.749 ms batch [33.548] delay 26.724 ms
INFO: at 35320.749 ms fetching 33.548 ms
INFO: at 35347.973 ms batch [48.769] delay 26.724 ms
INFO: at 35347.973 ms fetching 48.769 ms
INFO: at 35375.414 ms batch [44.015] delay 26.724 ms
INFO: at 35375.414 ms fetching 44.015 ms
INFO: at 35402.527 ms batch [48.717] delay 26.724 ms
INFO: at 35402.527 ms fetching 48.717 ms
INFO: at 35429.841 ms batch [27.656] delay 26.724 ms
INFO: at 35429.841 ms fetching 27.656 ms
INFO: at 35457.863 ms batch [32.519] delay 26.724 ms
INFO: at 35457.863 ms fetching 32.519 ms
INFO: at 35485.676 ms batch [23.588] delay 26.724 ms
INFO: at 35485.676 ms fetching 23.588 ms
INFO: at 35512.453 ms batch [36.223] delay 26.724 ms
INFO: at 35512.453 ms fetching 36.223 ms
INFO: at 35539.489 ms batch [34.888] delay 26.724 ms
INFO: at 35539.489 ms fetching 34.888 ms
INFO: at 35566.992 ms batch [24.184] delay 26.724 ms
INFO: at 35566.992 ms fetching 24.184 ms
INFO: at 35594.502 ms batch [44.459] delay 26.724 ms
INFO: at 35594.502 ms fetching 44.459 ms
INFO: at 35622.173 ms batch [42.326] delay 26.724 ms
INFO: at 35622.173 ms fetching 42.326 ms
INFO: at 35649.637 ms batch [29.154] delay 26.724 ms
INFO: at 35649.637 ms fetching 29.154 ms
INFO: at 35677.445 ms batch [29.830] delay 26.724 ms
INFO: at 35677.445 ms fetching 29.830 ms
INFO: at 35705.179 ms batch [27.000] delay 26.724 ms
INFO: at 35705.179 ms fetching 27.000 ms
INFO: at 35732.667 ms batch [24.154] delay 26.724 ms
INFO: at 35732.667 ms fetching 24.154 ms
INFO: at 35760.218 ms batch [37.377] delay 26.724 ms
INFO: at 35760.218 ms fetching 37.377 ms
INFO: at 35787.516 ms batch [33.404] delay 26.724 ms
INFO: at 35787.516 ms fetching 33.404 ms
INFO: at 35815.135 ms batch [71.440] delay 26.724 ms
INFO: at 35815.135 ms fetching 71.440 ms
INFO: at 35842.505 ms batch [34.911] delay 26.724 ms
INFO: at 35842.505 ms fetching 34.911 ms
INFO: at 35869.492 ms batch [35.142] delay 26.724 ms
INFO: at 35869.492 ms fetching 35.142 ms
INFO: at 35897.056 ms batch [33.429] delay 26.724 ms
INFO: at 35897.056 ms fetching 33.429 ms
INFO: at 35924.285 ms batch [38.772] delay 26.724 ms
INFO: at 35924.285 ms fetching 38.772 ms
INFO: at 35952.159 ms batch [72.781] delay 26.724 ms
INFO: at 35952.159 ms fetching 72.781 ms
INFO: at 35979.079 ms batch [39.715] delay 26.724 ms
INFO: at 35979.079 ms fetching 39.715 ms
INFO: at 36008.043 ms batch [41.142] delay 26.724 ms
INFO: at 36008.043 ms fetching 41.142 ms
INFO: at 36035.556 ms batch [37.368] delay 26.724 ms
INFO: at 36035.556 ms fetching 37.368 ms
INFO: at 36063.065 ms batch [32.343] delay 26.724 ms
INFO: at 36063.065 ms fetching 32.343 ms
INFO: at 36090.096 ms batch [30.608] delay 26.724 ms
INFO: at 36090.096 ms fetching 30.608 ms
INFO: at 36118.606 ms batch [36.960] delay 26.724 ms
INFO: at 36118.606 ms fetching 36.960 ms
INFO: at 36146.235 ms batch [47.035] delay 26.724 ms
INFO: at 36146.235 ms fetching 47.035 ms
INFO: at 36173.626 ms batch [31.465] delay 26.724 ms
INFO: at 36173.626 ms fetching 31.465 ms
INFO: at 36201.205 ms batch [39.051] delay 26.724 ms
INFO: at 36201.205 ms fetching 39.051 ms
INFO: at 36228.367 ms batch [50.988] delay 26.724 ms
INFO: at 36228.367 ms fetching 50.988 ms
INFO: at 36255.937 ms batch [46.666] delay 26.724 ms
INFO: at 36255.937 ms fetching 46.666 ms
INFO: at 36283.488 ms batch [48.691] delay 26.724 ms
INFO: at 36283.488 ms fetching 48.691 ms
INFO: at 36311.157 ms batch [42.550] delay 26.724 ms
INFO: at 36311.157 ms fetching 42.550 ms
INFO: at 36338.120 ms batch [37.118] delay 26.724 ms
INFO: at 36338.120 ms fetching 37.118 ms
INFO: at 36364.987 ms batch [52.178] delay 26.724 ms
INFO: at 36364.987 ms fetching 52.178 ms
INFO: at 36392.507 ms batch [25.669] delay 26.724 ms
INFO: at 36392.507 ms fetching 25.669 ms
INFO: at 36420.315 ms batch [44.003] delay 26.724 ms
INFO: at 36420.315 ms fetching 44.003 ms
INFO: at 36447.852 ms batch [31.176] delay 32.069 ms
INFO: at 36447.852 ms fetching 31.176 ms
INFO: at 36480.469 ms batch [28.495] delay 32.069 ms
INFO: at 36480.469 ms fetching 28.495 ms
INFO: at 36512.863 ms batch [36.996] delay 32.069 ms
INFO: at 36512.863 ms fetching 36.996 ms
INFO: at 36545.136 ms batch [28.247] delay 32.069 ms
INFO: at 36545.136 ms fetching 28.247 ms
INFO: at 36578.174 ms batch [40.674] delay 32.069 ms
INFO: at 36578.174 ms fetching 40.674 ms
INFO: at 36610.691 ms batch [45.764] delay 26.724 ms
INFO: at 36610.691 ms fetching 45.764 ms
INFO: at 36638.199 ms batch [30.156] delay 26.724 ms
INFO: at 36638.199 ms fetching 30.156 ms
INFO: at 36666.479 ms batch [44.929] delay 26.724 ms
INFO: at 36666.479 ms fetching 44.929 ms
INFO: at 36693.496 ms batch [33.254] delay 26.724 ms
INFO: at 36693.496 ms fetching 33.254 ms
INFO: at 36721.013 ms batch [31.275] delay 26.724 ms
INFO: at 36721.013 ms fetching 31.275 ms
INFO: at 36749.600 ms batch [51.316] delay 26.724 ms
INFO: at 36749.600 ms fetching 51.316 ms
INFO: at 36778.214 ms batch [46.609] delay 32.069 ms
INFO: at 36778.214 ms fetching 46.609 ms
INFO: at 36810.729 ms batch [19.023] delay 32.069 ms
INFO: at 36810.729 ms fetching 19.023 ms
INFO: at 36843.301 ms batch [25.592] delay 32.069 ms
INFO: at 36843.301 ms fetching 25.592 ms
INFO: at 36876.390 ms batch [22.993] delay 32.069 ms
INFO: at 36876.390 ms fetching 22.993 ms
INFO: at 36909.538 ms batch [26.772] delay 32.069 ms
INFO: at 36909.538 ms fetching 26.772 ms
INFO: at 36942.298 ms batch [38.137] delay 26.724 ms
INFO: at 36942.298 ms fetching 38.137 ms
INFO: at 36969.617 ms batch [36.006] delay 26.724 ms
INFO: at 36969.617 ms fetching 36.006 ms
INFO: at 36996.954 ms batch [30.405] delay 26.724 ms
INFO: at 36996.954 ms fetching 30.405 ms
INFO: at 37023.990 ms batch [37.524] delay 26.724 ms
INFO: at 37023.990 ms fetching 37.524 ms
INFO: at 37051.311 ms batch [31.054] delay 26.724 ms
INFO: at 37051.311 ms fetching 31.054 ms
INFO: at 37080.001 ms batch [62.986] delay 26.724 ms
INFO: at 37080.001 ms fetching 62.986 ms
INFO: at 37107.285 ms batch [51.878] delay 22.906 ms
INFO: at 37107.285 ms fetching 51.878 ms
INFO: at 37130.677 ms batch [57.055] delay 22.906 ms
INFO: at 37130.677 ms fetching 57.055 ms
INFO: at 37154.643 ms batch [36.153] delay 22.906 ms
INFO: at 37154.643 ms fetching 36.153 ms
INFO: at 37177.949 ms batch [27.684] delay 22.906 ms
INFO: at 37177.949 ms fetching 27.684 ms
INFO: at 37201.261 ms batch [27.950] delay 22.906 ms
INFO: at 37201.261 ms fetching 27.950 ms
INFO: at 37225.174 ms batch [35.204] delay 22.906 ms
INFO: at 37225.174 ms fetching 35.204 ms
INFO: at 37248.720 ms batch [43.285] delay 22.906 ms
INFO: at 37248.720 ms fetching 43.285 ms
INFO: at 37272.067 ms batch [30.145] delay 26.724 ms
INFO: at 37272.067 ms fetching 30.145 ms
INFO: at 37299.718 ms batch [51.412] delay 26.724 ms
INFO: at 37299.718 ms fetching 51.412 ms
INFO: at 37327.529 ms batch [41.793] delay 26.724 ms
INFO: at 37327.529 ms fetching 41.793 ms
INFO: at 37354.837 ms batch [34.847] delay 26.724 ms
INFO: at 37354.837 ms fetching 34.847 ms
INFO: at 37382.029 ms batch [44.279] delay 26.724 ms
INFO: at 37382.029 ms fetching 44.279 ms
INFO: at 37409.386 ms batch [28.562] delay 26.724 ms
INFO: at 37409.386 ms fetching 28.562 ms
INFO: at 37436.363 ms batch [65.609] delay 26.724 ms
INFO: at 37436.363 ms fetching 65.609 ms
INFO: at 37463.700 ms batch [39.935] delay 26.724 ms
INFO: at 37463.700 ms fetching 39.935 ms
INFO: at 37492.369 ms batch [34.249] delay 26.724 ms
INFO: at 37492.369 ms fetching 34.249 ms
INFO: at 37519.743 ms batch [55.888] delay 26.724 ms
INFO: at 37519.743 ms fetching 55.888 ms
INFO: at 37547.532 ms batch [49.974] delay 26.724 ms
INFO: at 37547.532 ms fetching 49.974 ms
INFO: at 37575.039 ms batch [23.113] delay 26.724 ms
INFO: at 37575.039 ms fetching 23.113 ms
INFO: at 37602.513 ms batch [39.884] delay 26.724 ms
INFO: at 37602.513 ms fetching 39.884 ms
INFO: at 37630.001 ms batch [46.724] delay 26.724 ms
INFO: at 37630.001 ms fetching 46.724 ms
INFO: at 37657.067 ms batch [45.131] delay 26.724 ms
INFO: at 37657.067 ms fetching 45.131 ms
INFO: at 37684.160 ms batch [22.229] delay 26.724 ms
INFO: at 37684.160 ms fetching 22.229 ms
INFO: at 37711.760 ms batch [40.441] delay 26.724 ms
INFO: at 37711.760 ms fetching 40.441 ms
INFO: at 37739.465 ms batch [25.995] delay 26.724 ms
INFO: at 37739.465 ms fetching 25.995 ms
INFO: at 37766.904 ms batch [35.860] delay 22.906 ms
INFO: at 37766.904 ms fetching 35.860 ms
INFO: at 37790.208 ms batch [28.792] delay 22.906 ms
INFO: at 37790.208 ms fetching 28.792 ms
INFO: at 37815.220 ms batch [44.688] delay 22.906 ms
INFO: at 37815.220 ms fetching 44.688 ms
INFO: at 37838.440 ms batch [47.871] delay 22.906 ms
INFO: at 37838.440 ms fetching 47.871 ms
INFO: at 37861.738 ms batch [44.309] delay 22.906 ms
INFO: at 37861.738 ms fetching 44.309 ms
INFO: at 37885.248 ms batch [27.391] delay 22.906 ms
INFO: at 37885.248 ms fetching 27.391 ms
INFO: at 37908.551 ms batch [34.101] delay 22.906 ms
INFO: at 37908.551 ms fetching 34.101 ms
INFO: at 37932.492 ms batch [22.468] delay 22.906 ms
INFO: at 37932.492 ms fetching 22.468 ms
INFO: at 37955.975 ms batch [50.222] delay 22.906 ms
INFO: at 37955.975 ms fetching 50.222 ms
INFO: at 37979.241 ms batch [27.291] delay 22.906 ms
INFO: at 37979.241 ms fetching 27.291 ms
INFO: at 38002.457 ms batch [25.153] delay 22.906 ms
INFO: at 38002.457 ms fetching 25.153 ms
INFO: at 38025.783 ms batch [34.037] delay 22.906 ms
INFO: at 38025.783 ms fetching 34.037 ms
INFO: at 38048.994 ms batch [46.398] delay 22.906 ms
INFO: at 38048.994 ms fetching 46.398 ms
INFO: at 38072.713 ms batch [40.358] delay 22.906 ms
INFO: at 38072.713 ms fetching 40.358 ms
INFO: at 38096.245 ms batch [61.928] delay 26.724 ms
INFO: at 38096.245 ms fetching 61.928 ms
INFO: at 38124.002 ms batch [22.279] delay 26.724 ms
INFO: at 38124.002 ms fetching 22.279 ms
INFO: at 38151.512 ms batch [57.118] delay 26.724 ms
INFO: at 38151.512 ms fetching 57.118 ms
INFO: at 38178.523 ms batch [53.900] delay 26.724 ms
INFO: at 38178.523 ms fetching 53.900 ms
INFO: at 38206.042 ms batch [34.827] delay 26.724 ms
INFO: at 38206.042 ms fetching 34.827 ms
INFO: at 38233.603 ms batch [32.516] delay 26.724 ms
INFO: at 38233.603 ms fetching 32.516 ms
INFO: at 38261.287 ms batch [46.018] delay 22.906 ms
INFO: at 38261.287 ms fetching 46.018 ms
INFO: at 38284.795 ms batch [61.672] delay 22.906 ms
INFO: at 38284.795 ms fetching 61.672 ms
INFO: at 38307.942 ms batch [41.612] delay 22.906 ms
INFO: at 38307.942 ms fetching 41.612 ms
INFO: at 38331.469 ms batch [32.042] delay 22.906 ms
INFO: at 38331.469 ms fetching 32.042 ms
INFO: at 38355.267 ms batch [32.148] delay 22.906 ms
INFO: at 38355.267 ms fetching 32.148 ms
INFO: at 38378.778 ms batch [43.155] delay 22.906 ms
INFO: at 38378.778 ms fetching 43.155 ms
INFO: at 38402.164 ms batch [54.112] delay 22.906 ms
INFO: at 38402.164 ms fetching 54.112 ms
INFO: at 38425.482 ms batch [43.811] delay 22.906 ms
INFO: at 38425.482 ms fetching 43.811 ms
INFO: at 38450.023 ms batch [29.495] delay 22.906 ms
INFO: at 38450.023 ms fetching 29.495 ms
INFO: at 38473.328 ms batch [40.323] delay 22.906 ms
INFO: at 38473.328 ms fetching 40.323 ms
INFO: at 38497.268 ms batch [33.113] delay 22.906 ms
INFO: at 38497.268 ms fetching 33.113 ms
INFO: at 38520.712 ms batch [25.568] delay 22.906 ms
INFO: at 38520.712 ms fetching 25.568 ms
INFO: at 38544.813 ms batch [36.082] delay 22.906 ms
INFO: at 38544.813 ms fetching 36.082 ms
INFO: at 38567.860 ms batch [70.547] delay 22.906 ms
INFO: at 38567.860 ms fetching 70.547 ms
INFO: at 38591.306 ms batch [37.463] delay 26.724 ms
INFO: at 38591.306 ms fetching 37.463 ms
INFO: at 38618.416 ms batch [55.460] delay 26.724 ms
INFO: at 38618.416 ms fetching 55.460 ms
INFO: at 38645.725 ms batch [27.205] delay 26.724 ms
INFO: at 38645.725 ms fetching 27.205 ms
INFO: at 38673.056 ms batch [20.916] delay 26.724 ms
INFO: at 38673.056 ms fetching 20.916 ms
INFO: at 38700.455 ms batch [29.155] delay 26.724 ms
INFO: at 38700.455 ms fetching 29.155 ms
INFO: at 38727.926 ms batch [33.931] delay 26.724 ms
INFO: at 38727.926 ms fetching 33.931 ms
INFO: at 38755.956 ms batch [23.679] delay 32.069 ms
INFO: at 38755.956 ms fetching 23.679 ms
INFO: at 38789.010 ms batch [42.671] delay 32.069 ms
INFO: at 38789.010 ms fetching 42.671 ms
INFO: at 38821.383 ms batch [38.093] delay 32.069 ms
INFO: at 38821.383 ms fetching 38.093 ms
INFO: at 38853.705 ms batch [40.028] delay 32.069 ms
INFO: at 38853.705 ms fetching 40.028 ms
INFO: at 38886.122 ms batch [35.458] delay 32.069 ms
INFO: at 38886.122 ms fetching 35.458 ms
INFO: at 38919.117 ms batch [28.804] delay 32.069 ms
INFO: at 38919.117 ms fetching 28.804 ms
INFO: at 38951.470 ms batch [19.426] delay 32.069 ms
INFO: at 38951.470 ms fetching 19.426 ms
INFO: at 38984.638 ms batch [36.794] delay 32.069 ms
INFO: at 38984.638 ms fetching 36.794 ms
INFO: at 39017.498 ms batch [26.217] delay 32.069 ms
INFO: at 39017.498 ms fetching 26.217 ms
INFO: at 39051.070 ms batch [27.933] delay 32.069 ms
INFO: at 39051.070 ms fetching 27.933 ms
INFO: at 39083.601 ms batch [21.716] delay 32.069 ms
INFO: at 39083.601 ms fetching 21.716 ms
INFO: at 39116.466 ms batch [25.789] delay 32.069 ms
INFO: at 39116.466 ms fetching 25.789 ms
INFO: at 39148.669 ms batch [44.097] delay 32.069 ms
INFO: at 39148.669 ms fetching 44.097 ms
INFO: at 39181.048 ms batch [43.595] delay 32.069 ms
INFO: at 39181.048 ms fetching 43.595 ms
INFO: at 39213.834 ms batch [29.322] delay 32.069 ms
INFO: at 39213.834 ms fetching 29.322 ms
INFO: at 39246.536 ms batch [29.301] delay 40.086 ms
INFO: at 39246.536 ms fetching 29.301 ms
INFO: at 39287.237 ms batch [29.859] delay 40.086 ms
INFO: at 39287.237 ms fetching 29.859 ms
INFO: at 39328.670 ms batch [65.401] delay 40.086 ms
INFO: at 39328.670 ms fetching 65.401 ms
INFO: at 39369.455 ms batch [33.013] delay 40.086 ms
INFO: at 39369.455 ms fetching 33.013 ms
INFO: at 39410.497 ms batch [47.644] delay 80.172 ms
INFO: at 39410.497 ms fetching 47.644 ms
INFO: at 39491.413 ms batch [42.775] delay 80.172 ms
INFO: at 39491.413 ms fetching 42.775 ms
INFO: at 39572.170 ms batch [47.247] delay 80.172 ms
INFO: at 39572.170 ms fetching 47.247 ms
INFO: at 39653.118 ms batch [76.267] delay 80.172 ms
INFO: at 39653.118 ms fetching 76.267 ms
INFO: at 39733.668 ms batch [40.132] delay 160.344 ms
INFO: at 39733.668 ms fetching 40.132 ms
INFO: at 39894.553 ms batch [25.252] delay 160.344 ms
INFO: at 39894.553 ms fetching 25.252 ms
INFO: at 40056.044 ms batch [37.828] delay 160.344 ms
INFO: at 40056.044 ms fetching 37.828 ms
INFO: at 40216.727 ms batch [37.919] delay 160.344 ms
INFO: at 40216.727 ms fetching 37.919 ms
INFO: at 40377.783 ms batch [42.690] delay 160.344 ms
INFO: at 40377.783 ms fetching 42.690 ms
INFO: at 40539.350 ms batch [24.166] delay 160.344 ms
INFO: at 40539.350 ms fetching 24.166 ms
INFO: at 40700.888 ms batch [30.119] delay 160.344 ms
INFO: at 40700.888 ms fetching 30.119 ms
INFO: at 40861.530 ms batch [50.258] delay 160.344 ms
INFO: at 40861.530 ms fetching 50.258 ms
INFO: at 41022.893 ms batch [32.613] delay 160.344 ms
INFO: at 41022.893 ms fetching 32.613 ms
INFO: at 41183.988 ms batch [29.916] delay 160.344 ms
INFO: at 41183.988 ms fetching 29.916 ms
INFO: at 41344.791 ms batch [55.602] delay 160.344 ms
INFO: at 41344.791 ms fetching 55.602 ms
INFO: at 41505.431 ms batch [47.043] delay 160.344 ms
INFO: at 41505.431 ms fetching 47.043 ms
INFO: at 41666.713 ms batch [19.855] delay 160.344 ms
INFO: at 41666.713 ms fetching 19.855 ms
INFO: at 41828.314 ms batch [37.873] delay 160.344 ms
INFO: at 41828.314 ms fetching 37.873 ms
INFO: at 41989.646 ms batch [24.174] delay 160.344 ms
INFO: at 41989.646 ms fetching 24.174 ms
INFO: at 42150.674 ms batch [42.020] delay 160.344 ms
INFO: at 42150.674 ms fetching 42.020 ms
INFO: at 42312.084 ms batch [31.156] delay 160.344 ms
INFO: at 42312.084 ms fetching 31.156 ms
INFO: at 42472.715 ms batch [28.008] delay 160.344 ms
INFO: at 42472.715 ms fetching 28.008 ms
INFO: at 42633.999 ms batch [32.907] delay 160.344 ms
INFO: at 42633.999 ms fetching 32.907 ms
INFO: at 42794.652 ms batch [38.800] delay 160.344 ms
INFO: at 42794.652 ms fetching 38.800 ms
INFO: at 42955.498 ms batch [54.461] delay 160.344 ms
INFO: at 42955.498 ms fetching 54.461 ms
INFO: at 43116.941 ms batch [13.783] delay 160.344 ms
INFO: at 43116.941 ms fetching 13.783 ms
INFO: at 43277.846 ms batch [21.582] delay 160.344 ms
INFO: at 43277.846 ms fetching 21.582 ms
INFO: at 43439.245 ms batch [53.614] delay 160.344 ms
INFO: at 43439.245 ms fetching 53.614 ms
INFO: at 43600.016 ms batch [22.528] delay 160.344 ms
INFO: at 43600.016 ms fetching 22.528 ms
INFO: at 43761.390 ms batch [48.613] delay 160.344 ms
INFO: at 43761.390 ms fetching 48.613 ms
INFO: at 43922.640 ms batch [26.010] delay 160.344 ms
INFO: at 43922.640 ms fetching 26.010 ms
INFO: at 44084.026 ms batch [41.442] delay 160.344 ms
INFO: at 44084.026 ms fetching 41.442 ms
INFO: at 44244.786 ms batch [23.029] delay 160.344 ms
INFO: at 44244.786 ms fetching 23.029 ms
INFO: at 44405.420 ms batch [38.182] delay 160.344 ms
INFO: at 44405.420 ms fetching 38.182 ms
INFO: at 44566.768 ms batch [40.363] delay 160.344 ms
INFO: at 44566.768 ms fetching 40.363 ms
INFO: at 44727.927 ms batch [36.231] delay 160.344 ms
INFO: at 44727.927 ms fetching 36.231 ms
INFO: at 44889.520 ms batch [24.085] delay 160.344 ms
INFO: at 44889.520 ms fetching 24.085 ms
INFO: at 45050.169 ms batch [24.431] delay 160.344 ms
INFO: at 45050.169 ms fetching 24.431 ms
INFO: at 45210.970 ms batch [27.501] delay 160.344 ms
INFO: at 45210.970 ms fetching 27.501 ms
INFO: at 45372.534 ms batch [25.475] delay 160.344 ms
INFO: at 45372.534 ms fetching 25.475 ms
INFO: at 45533.418 ms batch [35.758] delay 160.344 ms
INFO: at 45533.418 ms fetching 35.758 ms
INFO: at 45695.594 ms batch [32.218] delay 160.344 ms
INFO: at 45695.594 ms fetching 32.218 ms
INFO: at 45856.461 ms batch [33.733] delay 160.344 ms
INFO: at 45856.461 ms fetching 33.733 ms
INFO: at 46017.116 ms batch [31.282] delay 160.344 ms
INFO: at 46017.116 ms fetching 31.282 ms
INFO: at 46178.322 ms batch [41.858] delay 160.344 ms
INFO: at 46178.322 ms fetching 41.858 ms
INFO: at 46339.424 ms batch [42.509] delay 160.344 ms
INFO: at 46339.424 ms fetching 42.509 ms
INFO: at 46500.424 ms batch [38.668] delay 160.344 ms
INFO: at 46500.424 ms fetching 38.668 ms
INFO: at 46661.394 ms batch [35.046] delay 160.344 ms
INFO: at 46661.394 ms fetching 35.046 ms
INFO: at 46822.170 ms batch [66.134] delay 160.344 ms
INFO: at 46822.170 ms fetching 66.134 ms
INFO: at 46983.588 ms batch [27.521] delay 160.344 ms
INFO: at 46983.588 ms fetching 27.521 ms
INFO: at 47144.680 ms batch [40.895] delay 160.344 ms
INFO: at 47144.680 ms fetching 40.895 ms
INFO: at 47305.398 ms batch [37.674] delay 160.344 ms
INFO: at 47305.398 ms fetching 37.674 ms
INFO: at 47467.848 ms batch [33.379] delay 160.344 ms
INFO: at 47467.848 ms fetching 33.379 ms
INFO: at 47628.755 ms batch [32.758] delay 160.344 ms
INFO: at 47628.755 ms fetching 32.758 ms
INFO: at 47789.741 ms batch [61.171] delay 160.344 ms
INFO: at 47789.741 ms fetching 61.171 ms
INFO: at 47950.630 ms batch [33.992] delay 160.344 ms
INFO: at 47950.630 ms fetching 33.992 ms
INFO: at 48111.322 ms batch [31.915] delay 160.344 ms
INFO: at 48111.322 ms fetching 31.915 ms
INFO: at 48272.679 ms batch [66.742] delay 160.344 ms
INFO: at 48272.679 ms fetching 66.742 ms
INFO: at 48433.690 ms batch [24.053] delay 160.344 ms
INFO: at 48433.690 ms fetching 24.053 ms
INFO: at 48595.007 ms batch [28.928] delay 160.344 ms
INFO: at 48595.007 ms fetching 28.928 ms
INFO: done
