INFO: nexus_dir=/workdir/nexus model_dir=/workdir/DynWork/multimodal_dataset/repeat-4/Multimodal_Real_Dataset/Azure/translation/fsmt_wmt/2_x_P99/nexus/models log_dir=/workdir/DynWork/multimodal_dataset/repeat-4/Multimodal_Real_Dataset/Azure/translation/fsmt_wmt/2_x_P99/nexus/logs model=fake_0
INFO: waiting frontend to spin up
INFO: ready to go
INFO: rock and roll
INFO: at 6.797 ms batch [37.609] delay 8.754 ms
INFO: at 6.797 ms fetching 37.609 ms
INFO: at 17.352 ms batch [36.696] delay 8.754 ms
INFO: at 17.352 ms fetching 36.696 ms
INFO: at 27.875 ms batch [37.196] delay 8.754 ms
INFO: at 27.875 ms fetching 37.196 ms
INFO: at 38.506 ms batch [3.649] delay 8.754 ms
INFO: at 38.506 ms fetching 3.649 ms
INFO: at 49.319 ms batch [35.707] delay 8.754 ms
INFO: at 49.319 ms fetching 35.707 ms
INFO: at 59.016 ms batch [4.782] delay 8.754 ms
INFO: at 59.016 ms fetching 4.782 ms
INFO: at 69.386 ms batch [4.909] delay 8.754 ms
INFO: at 69.386 ms fetching 4.909 ms
INFO: at 80.040 ms batch [34.249] delay 8.754 ms
INFO: at 80.040 ms fetching 34.249 ms
INFO: at 90.720 ms batch [32.675] delay 8.754 ms
INFO: at 90.720 ms fetching 32.675 ms
INFO: at 101.405 ms batch [5.243] delay 8.754 ms
INFO: at 101.405 ms fetching 5.243 ms
INFO: at 110.862 ms batch [34.440] delay 10.943 ms
INFO: at 110.862 ms fetching 34.440 ms
INFO: at 122.577 ms batch [4.923] delay 10.943 ms
INFO: at 122.577 ms fetching 4.923 ms
INFO: at 134.541 ms batch [4.406] delay 10.943 ms
INFO: at 134.541 ms fetching 4.406 ms
INFO: at 146.601 ms batch [4.792] delay 10.943 ms
INFO: at 146.601 ms fetching 4.792 ms
INFO: at 158.851 ms batch [4.983] delay 10.943 ms
INFO: at 158.851 ms fetching 4.983 ms
INFO: at 170.779 ms batch [35.082] delay 10.943 ms
INFO: at 170.779 ms fetching 35.082 ms
INFO: at 182.723 ms batch [37.706] delay 10.943 ms
INFO: at 182.723 ms fetching 37.706 ms
INFO: at 194.615 ms batch [33.876] delay 10.943 ms
INFO: at 194.615 ms fetching 33.876 ms
INFO: at 206.267 ms batch [4.147] delay 7.295 ms
INFO: at 206.267 ms fetching 4.147 ms
INFO: at 214.144 ms batch [5.000] delay 7.295 ms
INFO: at 214.144 ms fetching 5.000 ms
INFO: at 222.330 ms batch [37.222] delay 7.295 ms
INFO: at 222.330 ms fetching 37.222 ms
INFO: at 230.155 ms batch [38.793] delay 7.295 ms
INFO: at 230.155 ms fetching 38.793 ms
INFO: at 237.711 ms batch [36.268] delay 7.295 ms
INFO: at 237.711 ms fetching 36.268 ms
INFO: at 245.205 ms batch [36.978] delay 7.295 ms
INFO: at 245.205 ms fetching 36.978 ms
INFO: at 252.637 ms batch [4.852] delay 7.295 ms
INFO: at 252.637 ms fetching 4.852 ms
INFO: at 260.805 ms batch [3.471] delay 7.295 ms
INFO: at 260.805 ms fetching 3.471 ms
INFO: at 268.567 ms batch [4.750] delay 7.295 ms
INFO: at 268.567 ms fetching 4.750 ms
INFO: at 276.312 ms batch [4.991] delay 7.295 ms
INFO: at 276.312 ms fetching 4.991 ms
INFO: at 283.892 ms batch [5.404] delay 7.295 ms
INFO: at 283.892 ms fetching 5.404 ms
INFO: at 291.823 ms batch [37.234] delay 7.295 ms
INFO: at 291.823 ms fetching 37.234 ms
INFO: at 299.855 ms batch [4.273] delay 5.836 ms
INFO: at 299.855 ms fetching 4.273 ms
INFO: at 306.927 ms batch [5.342] delay 5.836 ms
INFO: at 306.927 ms fetching 5.342 ms
INFO: at 313.956 ms batch [4.541] delay 5.836 ms
INFO: at 313.956 ms fetching 4.541 ms
INFO: at 320.956 ms batch [4.355] delay 5.836 ms
INFO: at 320.956 ms fetching 4.355 ms
INFO: at 327.923 ms batch [36.719] delay 5.836 ms
INFO: at 327.923 ms fetching 36.719 ms
INFO: at 334.682 ms batch [36.429] delay 5.836 ms
INFO: at 334.682 ms fetching 36.429 ms
INFO: at 341.449 ms batch [4.767] delay 5.836 ms
INFO: at 341.449 ms fetching 4.767 ms
INFO: at 348.296 ms batch [33.217] delay 5.836 ms
INFO: at 348.296 ms fetching 33.217 ms
INFO: at 354.698 ms batch [4.623] delay 5.836 ms
INFO: at 354.698 ms fetching 4.623 ms
INFO: at 361.538 ms batch [32.995] delay 5.836 ms
INFO: at 361.538 ms fetching 32.995 ms
INFO: at 368.284 ms batch [5.294] delay 5.836 ms
INFO: at 368.284 ms fetching 5.294 ms
INFO: at 374.973 ms batch [35.529] delay 5.836 ms
INFO: at 374.973 ms fetching 35.529 ms
INFO: at 381.535 ms batch [4.628] delay 5.836 ms
INFO: at 381.535 ms fetching 4.628 ms
INFO: at 388.076 ms batch [36.926] delay 5.836 ms
INFO: at 388.076 ms fetching 36.926 ms
INFO: at 394.814 ms batch [4.391] delay 5.836 ms
INFO: at 394.814 ms fetching 4.391 ms
INFO: at 401.581 ms batch [4.846] delay 9.727 ms
INFO: at 401.581 ms fetching 4.846 ms
INFO: at 412.117 ms batch [5.936] delay 9.727 ms
INFO: at 412.117 ms fetching 5.936 ms
INFO: at 423.076 ms batch [34.898] delay 9.727 ms
INFO: at 423.076 ms fetching 34.898 ms
INFO: at 434.191 ms batch [4.755] delay 9.727 ms
INFO: at 434.191 ms fetching 4.755 ms
INFO: at 445.281 ms batch [4.340] delay 9.727 ms
INFO: at 445.281 ms fetching 4.340 ms
INFO: at 455.234 ms batch [35.360] delay 9.727 ms
INFO: at 455.234 ms fetching 35.360 ms
INFO: at 466.834 ms batch [4.948] delay 9.727 ms
INFO: at 466.834 ms fetching 4.948 ms
INFO: at 477.690 ms batch [34.710] delay 9.727 ms
INFO: at 477.690 ms fetching 34.710 ms
INFO: at 488.527 ms batch [4.598] delay 9.727 ms
INFO: at 488.527 ms fetching 4.598 ms
INFO: at 499.405 ms batch [4.528] delay 8.754 ms
INFO: at 499.405 ms fetching 4.528 ms
INFO: at 508.416 ms batch [37.089] delay 8.754 ms
INFO: at 508.416 ms fetching 37.089 ms
INFO: at 517.488 ms batch [4.939] delay 8.754 ms
INFO: at 517.488 ms fetching 4.939 ms
INFO: at 528.362 ms batch [34.676] delay 8.754 ms
INFO: at 528.362 ms fetching 34.676 ms
INFO: at 537.362 ms batch [5.070] delay 8.754 ms
INFO: at 537.362 ms fetching 5.070 ms
INFO: at 548.023 ms batch [4.826] delay 8.754 ms
INFO: at 548.023 ms fetching 4.826 ms
INFO: at 557.634 ms batch [35.540] delay 8.754 ms
INFO: at 557.634 ms fetching 35.540 ms
INFO: at 568.458 ms batch [35.695] delay 8.754 ms
INFO: at 568.458 ms fetching 35.695 ms
INFO: at 578.993 ms batch [5.283] delay 8.754 ms
INFO: at 578.993 ms fetching 5.283 ms
INFO: at 589.524 ms batch [4.461] delay 8.754 ms
INFO: at 589.524 ms fetching 4.461 ms
INFO: at 600.225 ms batch [35.093] delay 7.958 ms
INFO: at 600.225 ms fetching 35.093 ms
INFO: at 608.924 ms batch [4.739] delay 7.958 ms
INFO: at 608.924 ms fetching 4.739 ms
INFO: at 617.395 ms batch [34.290] delay 7.958 ms
INFO: at 617.395 ms fetching 34.290 ms
INFO: at 625.751 ms batch [35.600] delay 7.958 ms
INFO: at 625.751 ms fetching 35.600 ms
INFO: at 634.185 ms batch [34.548] delay 7.958 ms
INFO: at 634.185 ms fetching 34.548 ms
INFO: at 642.612 ms batch [36.880] delay 7.958 ms
INFO: at 642.612 ms fetching 36.880 ms
INFO: at 650.841 ms batch [37.573] delay 7.958 ms
INFO: at 650.841 ms fetching 37.573 ms
INFO: at 659.638 ms batch [5.032] delay 7.958 ms
INFO: at 659.638 ms fetching 5.032 ms
INFO: at 668.270 ms batch [4.203] delay 7.958 ms
INFO: at 668.270 ms fetching 4.203 ms
INFO: at 676.755 ms batch [36.598] delay 7.958 ms
INFO: at 676.755 ms fetching 36.598 ms
INFO: at 685.158 ms batch [37.398] delay 7.958 ms
INFO: at 685.158 ms fetching 37.398 ms
INFO: at 693.711 ms batch [36.660] delay 9.727 ms
INFO: at 693.711 ms fetching 36.660 ms
INFO: at 704.168 ms batch [4.926] delay 9.727 ms
INFO: at 704.168 ms fetching 4.926 ms
INFO: at 714.652 ms batch [34.150] delay 9.727 ms
INFO: at 714.652 ms fetching 34.150 ms
INFO: at 725.589 ms batch [35.867] delay 9.727 ms
INFO: at 725.589 ms fetching 35.867 ms
INFO: at 736.328 ms batch [33.023] delay 9.727 ms
INFO: at 736.328 ms fetching 33.023 ms
INFO: at 746.854 ms batch [39.241] delay 9.727 ms
INFO: at 746.854 ms fetching 39.241 ms
INFO: at 757.422 ms batch [35.857] delay 9.727 ms
INFO: at 757.422 ms fetching 35.857 ms
INFO: at 768.069 ms batch [4.675] delay 9.727 ms
INFO: at 768.069 ms fetching 4.675 ms
INFO: at 778.508 ms batch [33.437] delay 9.727 ms
INFO: at 778.508 ms fetching 33.437 ms
INFO: at 788.856 ms batch [5.577] delay 8.754 ms
INFO: at 788.856 ms fetching 5.577 ms
INFO: at 799.229 ms batch [40.252] delay 8.754 ms
INFO: at 799.229 ms fetching 40.252 ms
INFO: at 809.658 ms batch [34.833] delay 8.754 ms
INFO: at 809.658 ms fetching 34.833 ms
INFO: at 820.017 ms batch [4.770] delay 8.754 ms
INFO: at 820.017 ms fetching 4.770 ms
INFO: at 829.819 ms batch [4.195] delay 8.754 ms
INFO: at 829.819 ms fetching 4.195 ms
INFO: at 840.622 ms batch [3.511] delay 8.754 ms
INFO: at 840.622 ms fetching 3.511 ms
INFO: at 851.400 ms batch [35.062] delay 8.754 ms
INFO: at 851.400 ms fetching 35.062 ms
INFO: at 862.353 ms batch [4.485] delay 8.754 ms
INFO: at 862.353 ms fetching 4.485 ms
INFO: at 871.440 ms batch [3.948] delay 8.754 ms
INFO: at 871.440 ms fetching 3.948 ms
INFO: at 880.342 ms batch [2.676] delay 8.754 ms
INFO: at 880.342 ms fetching 2.676 ms
INFO: at 890.785 ms batch [5.376] delay 7.958 ms
INFO: at 890.785 ms fetching 5.376 ms
INFO: at 899.448 ms batch [33.124] delay 7.958 ms
INFO: at 899.448 ms fetching 33.124 ms
INFO: at 908.104 ms batch [4.815] delay 7.958 ms
INFO: at 908.104 ms fetching 4.815 ms
INFO: at 916.826 ms batch [35.299] delay 7.958 ms
INFO: at 916.826 ms fetching 35.299 ms
INFO: at 925.158 ms batch [36.672] delay 7.958 ms
INFO: at 925.158 ms fetching 36.672 ms
INFO: at 934.108 ms batch [4.469] delay 7.958 ms
INFO: at 934.108 ms fetching 4.469 ms
INFO: at 942.795 ms batch [3.550] delay 7.958 ms
INFO: at 942.795 ms fetching 3.550 ms
INFO: at 951.686 ms batch [4.760] delay 7.958 ms
INFO: at 951.686 ms fetching 4.760 ms
INFO: at 960.681 ms batch [4.434] delay 7.958 ms
INFO: at 960.681 ms fetching 4.434 ms
INFO: at 969.099 ms batch [4.639] delay 7.958 ms
INFO: at 969.099 ms fetching 4.639 ms
INFO: at 977.634 ms batch [3.810] delay 7.958 ms
INFO: at 977.634 ms fetching 3.810 ms
INFO: at 986.426 ms batch [5.097] delay 8.754 ms
INFO: at 986.426 ms fetching 5.097 ms
INFO: at 995.502 ms batch [4.477] delay 8.754 ms
INFO: at 995.502 ms fetching 4.477 ms
INFO: at 1005.437 ms batch [4.510] delay 8.754 ms
INFO: at 1005.437 ms fetching 4.510 ms
INFO: at 1014.924 ms batch [35.633] delay 8.754 ms
INFO: at 1014.924 ms fetching 35.633 ms
INFO: at 1025.727 ms batch [4.570] delay 8.754 ms
INFO: at 1025.727 ms fetching 4.570 ms
INFO: at 1036.354 ms batch [36.953] delay 8.754 ms
INFO: at 1036.354 ms fetching 36.953 ms
INFO: at 1047.223 ms batch [36.111] delay 8.754 ms
INFO: at 1047.223 ms fetching 36.111 ms
INFO: at 1058.098 ms batch [4.588] delay 8.754 ms
INFO: at 1058.098 ms fetching 4.588 ms
INFO: at 1068.822 ms batch [35.478] delay 8.754 ms
INFO: at 1068.822 ms fetching 35.478 ms
INFO: at 1079.433 ms batch [34.180] delay 8.754 ms
INFO: at 1079.433 ms fetching 34.180 ms
INFO: at 1090.115 ms batch [31.831] delay 7.295 ms
INFO: at 1090.115 ms fetching 31.831 ms
INFO: at 1097.930 ms batch [4.730] delay 7.295 ms
INFO: at 1097.930 ms fetching 4.730 ms
INFO: at 1105.654 ms batch [35.508] delay 7.295 ms
INFO: at 1105.654 ms fetching 35.508 ms
INFO: at 1113.469 ms batch [4.263] delay 7.295 ms
INFO: at 1113.469 ms fetching 4.263 ms
INFO: at 1120.888 ms batch [5.141] delay 7.295 ms
INFO: at 1120.888 ms fetching 5.141 ms
INFO: at 1128.339 ms batch [5.890] delay 7.295 ms
INFO: at 1128.339 ms fetching 5.890 ms
INFO: at 1136.013 ms batch [3.892] delay 7.295 ms
INFO: at 1136.013 ms fetching 3.892 ms
INFO: at 1143.719 ms batch [4.026] delay 7.295 ms
INFO: at 1143.719 ms fetching 4.026 ms
INFO: at 1151.528 ms batch [4.346] delay 7.295 ms
INFO: at 1151.528 ms fetching 4.346 ms
INFO: at 1159.515 ms batch [5.278] delay 7.295 ms
INFO: at 1159.515 ms fetching 5.278 ms
INFO: at 1167.440 ms batch [32.462] delay 7.295 ms
INFO: at 1167.440 ms fetching 32.462 ms
INFO: at 1175.111 ms batch [36.194] delay 7.295 ms
INFO: at 1175.111 ms fetching 36.194 ms
INFO: at 1182.921 ms batch [35.074] delay 8.754 ms
INFO: at 1182.921 ms fetching 35.074 ms
INFO: at 1192.163 ms batch [34.867] delay 8.754 ms
INFO: at 1192.163 ms fetching 34.867 ms
INFO: at 1201.109 ms batch [36.039] delay 8.754 ms
INFO: at 1201.109 ms fetching 36.039 ms
INFO: at 1211.624 ms batch [37.142] delay 8.754 ms
INFO: at 1211.624 ms fetching 37.142 ms
INFO: at 1222.012 ms batch [39.198] delay 8.754 ms
INFO: at 1222.012 ms fetching 39.198 ms
INFO: at 1232.366 ms batch [35.735] delay 8.754 ms
INFO: at 1232.366 ms fetching 35.735 ms
INFO: at 1242.785 ms batch [5.396] delay 8.754 ms
INFO: at 1242.785 ms fetching 5.396 ms
INFO: at 1253.181 ms batch [4.180] delay 8.754 ms
INFO: at 1253.181 ms fetching 4.180 ms
INFO: at 1263.617 ms batch [4.710] delay 8.754 ms
INFO: at 1263.617 ms fetching 4.710 ms
INFO: at 1274.056 ms batch [37.754] delay 8.754 ms
INFO: at 1274.056 ms fetching 37.754 ms
INFO: at 1282.954 ms batch [4.862] delay 7.958 ms
INFO: at 1282.954 ms fetching 4.862 ms
INFO: at 1291.431 ms batch [4.787] delay 7.958 ms
INFO: at 1291.431 ms fetching 4.787 ms
INFO: at 1299.864 ms batch [4.546] delay 7.958 ms
INFO: at 1299.864 ms fetching 4.546 ms
INFO: at 1308.277 ms batch [3.574] delay 7.958 ms
INFO: at 1308.277 ms fetching 3.574 ms
INFO: at 1316.687 ms batch [41.005] delay 7.958 ms
INFO: at 1316.687 ms fetching 41.005 ms
INFO: at 1325.072 ms batch [36.120] delay 7.958 ms
INFO: at 1325.072 ms fetching 36.120 ms
INFO: at 1333.487 ms batch [36.869] delay 7.958 ms
INFO: at 1333.487 ms fetching 36.869 ms
INFO: at 1341.914 ms batch [4.618] delay 7.958 ms
INFO: at 1341.914 ms fetching 4.618 ms
INFO: at 1350.309 ms batch [32.610] delay 7.958 ms
INFO: at 1350.309 ms fetching 32.610 ms
INFO: at 1358.715 ms batch [4.152] delay 7.958 ms
INFO: at 1358.715 ms fetching 4.152 ms
INFO: at 1367.259 ms batch [3.934] delay 7.958 ms
INFO: at 1367.259 ms fetching 3.934 ms
INFO: at 1376.010 ms batch [4.621] delay 9.727 ms
INFO: at 1376.010 ms fetching 4.621 ms
INFO: at 1386.586 ms batch [37.592] delay 9.727 ms
INFO: at 1386.586 ms fetching 37.592 ms
INFO: at 1397.310 ms batch [4.054] delay 9.727 ms
INFO: at 1397.310 ms fetching 4.054 ms
INFO: at 1408.286 ms batch [33.671] delay 9.727 ms
INFO: at 1408.286 ms fetching 33.671 ms
INFO: at 1418.932 ms batch [4.301] delay 9.727 ms
INFO: at 1418.932 ms fetching 4.301 ms
INFO: at 1429.596 ms batch [31.976] delay 9.727 ms
INFO: at 1429.596 ms fetching 31.976 ms
INFO: at 1440.368 ms batch [4.797] delay 9.727 ms
INFO: at 1440.368 ms fetching 4.797 ms
INFO: at 1451.431 ms batch [35.339] delay 9.727 ms
INFO: at 1451.431 ms fetching 35.339 ms
INFO: at 1462.058 ms batch [36.610] delay 9.727 ms
INFO: at 1462.058 ms fetching 36.610 ms
INFO: at 1472.742 ms batch [33.844] delay 6.734 ms
INFO: at 1472.742 ms fetching 33.844 ms
INFO: at 1479.659 ms batch [33.491] delay 6.734 ms
INFO: at 1479.659 ms fetching 33.491 ms
INFO: at 1487.545 ms batch [5.425] delay 6.734 ms
INFO: at 1487.545 ms fetching 5.425 ms
INFO: at 1495.233 ms batch [4.399] delay 6.734 ms
INFO: at 1495.233 ms fetching 4.399 ms
INFO: at 1502.953 ms batch [4.717] delay 6.734 ms
INFO: at 1502.953 ms fetching 4.717 ms
INFO: at 1510.593 ms batch [4.831] delay 6.734 ms
INFO: at 1510.593 ms fetching 4.831 ms
INFO: at 1518.014 ms batch [33.891] delay 6.734 ms
INFO: at 1518.014 ms fetching 33.891 ms
INFO: at 1525.546 ms batch [37.625] delay 6.734 ms
INFO: at 1525.546 ms fetching 37.625 ms
INFO: at 1533.051 ms batch [36.419] delay 6.734 ms
INFO: at 1533.051 ms fetching 36.419 ms
INFO: at 1540.663 ms batch [37.641] delay 6.734 ms
INFO: at 1540.663 ms fetching 37.641 ms
INFO: at 1548.254 ms batch [4.043] delay 6.734 ms
INFO: at 1548.254 ms fetching 4.043 ms
INFO: at 1555.849 ms batch [4.560] delay 6.734 ms
INFO: at 1555.849 ms fetching 4.560 ms
INFO: at 1563.131 ms batch [34.789] delay 6.734 ms
INFO: at 1563.131 ms fetching 34.789 ms
INFO: at 1570.769 ms batch [32.415] delay 9.727 ms
INFO: at 1570.769 ms fetching 32.415 ms
INFO: at 1581.271 ms batch [4.631] delay 9.727 ms
INFO: at 1581.271 ms fetching 4.631 ms
INFO: at 1591.777 ms batch [39.037] delay 9.727 ms
INFO: at 1591.777 ms fetching 39.037 ms
INFO: at 1602.171 ms batch [4.321] delay 9.727 ms
INFO: at 1602.171 ms fetching 4.321 ms
INFO: at 1612.752 ms batch [38.727] delay 9.727 ms
INFO: at 1612.752 ms fetching 38.727 ms
INFO: at 1623.388 ms batch [35.447] delay 9.727 ms
INFO: at 1623.388 ms fetching 35.447 ms
INFO: at 1633.868 ms batch [35.957] delay 9.727 ms
INFO: at 1633.868 ms fetching 35.957 ms
INFO: at 1644.386 ms batch [3.854] delay 9.727 ms
INFO: at 1644.386 ms fetching 3.854 ms
INFO: at 1655.073 ms batch [4.934] delay 9.727 ms
INFO: at 1655.073 ms fetching 4.934 ms
INFO: at 1665.955 ms batch [4.184] delay 14.590 ms
INFO: at 1665.955 ms fetching 4.184 ms
INFO: at 1681.721 ms batch [34.093] delay 14.590 ms
INFO: at 1681.721 ms fetching 34.093 ms
INFO: at 1696.723 ms batch [37.103] delay 14.590 ms
INFO: at 1696.723 ms fetching 37.103 ms
INFO: at 1711.722 ms batch [33.473] delay 14.590 ms
INFO: at 1711.722 ms fetching 33.473 ms
INFO: at 1726.597 ms batch [5.176] delay 14.590 ms
INFO: at 1726.597 ms fetching 5.176 ms
INFO: at 1741.643 ms batch [4.304] delay 14.590 ms
INFO: at 1741.643 ms fetching 4.304 ms
INFO: at 1757.318 ms batch [34.400] delay 9.727 ms
INFO: at 1757.318 ms fetching 34.400 ms
INFO: at 1767.894 ms batch [38.202] delay 9.727 ms
INFO: at 1767.894 ms fetching 38.202 ms
INFO: at 1778.495 ms batch [4.374] delay 9.727 ms
INFO: at 1778.495 ms fetching 4.374 ms
INFO: at 1789.174 ms batch [5.522] delay 9.727 ms
INFO: at 1789.174 ms fetching 5.522 ms
INFO: at 1799.577 ms batch [38.513] delay 9.727 ms
INFO: at 1799.577 ms fetching 38.513 ms
INFO: at 1809.930 ms batch [32.139] delay 9.727 ms
INFO: at 1809.930 ms fetching 32.139 ms
INFO: at 1820.284 ms batch [4.240] delay 9.727 ms
INFO: at 1820.284 ms fetching 4.240 ms
INFO: at 1830.996 ms batch [4.747] delay 9.727 ms
INFO: at 1830.996 ms fetching 4.747 ms
INFO: at 1841.388 ms batch [4.104] delay 9.727 ms
INFO: at 1841.388 ms fetching 4.104 ms
INFO: at 1851.775 ms batch [5.132] delay 9.727 ms
INFO: at 1851.775 ms fetching 5.132 ms
INFO: at 1862.146 ms batch [37.825] delay 9.727 ms
INFO: at 1862.146 ms fetching 37.825 ms
INFO: at 1873.026 ms batch [5.511] delay 9.727 ms
INFO: at 1873.026 ms fetching 5.511 ms
INFO: at 1883.360 ms batch [34.778] delay 9.727 ms
INFO: at 1883.360 ms fetching 34.778 ms
INFO: at 1893.719 ms batch [4.941] delay 9.727 ms
INFO: at 1893.719 ms fetching 4.941 ms
INFO: at 1904.090 ms batch [4.670] delay 9.727 ms
INFO: at 1904.090 ms fetching 4.670 ms
INFO: at 1914.548 ms batch [5.067] delay 9.727 ms
INFO: at 1914.548 ms fetching 5.067 ms
INFO: at 1924.986 ms batch [37.990] delay 9.727 ms
INFO: at 1924.986 ms fetching 37.990 ms
INFO: at 1935.386 ms batch [4.795] delay 9.727 ms
INFO: at 1935.386 ms fetching 4.795 ms
INFO: at 1945.718 ms batch [3.672] delay 14.590 ms
INFO: at 1945.718 ms fetching 3.672 ms
INFO: at 1961.108 ms batch [4.156] delay 14.590 ms
INFO: at 1961.108 ms fetching 4.156 ms
INFO: at 1976.561 ms batch [4.565] delay 14.590 ms
INFO: at 1976.561 ms fetching 4.565 ms
INFO: at 1991.634 ms batch [34.653] delay 14.590 ms
INFO: at 1991.634 ms fetching 34.653 ms
INFO: at 2006.562 ms batch [34.464] delay 14.590 ms
INFO: at 2006.562 ms fetching 34.464 ms
INFO: at 2021.525 ms batch [5.045] delay 14.590 ms
INFO: at 2021.525 ms fetching 5.045 ms
INFO: at 2037.205 ms batch [4.094] delay 7.958 ms
INFO: at 2037.205 ms fetching 4.094 ms
INFO: at 2046.019 ms batch [4.936] delay 7.958 ms
INFO: at 2046.019 ms fetching 4.936 ms
INFO: at 2054.709 ms batch [35.458] delay 7.958 ms
INFO: at 2054.709 ms fetching 35.458 ms
INFO: at 2063.458 ms batch [35.369] delay 7.958 ms
INFO: at 2063.458 ms fetching 35.369 ms
INFO: at 2071.714 ms batch [4.737] delay 7.958 ms
INFO: at 2071.714 ms fetching 4.737 ms
INFO: at 2079.880 ms batch [37.899] delay 7.958 ms
INFO: at 2079.880 ms fetching 37.899 ms
INFO: at 2088.359 ms batch [3.996] delay 7.958 ms
INFO: at 2088.359 ms fetching 3.996 ms
INFO: at 2096.748 ms batch [35.621] delay 7.958 ms
INFO: at 2096.748 ms fetching 35.621 ms
INFO: at 2105.179 ms batch [37.671] delay 7.958 ms
INFO: at 2105.179 ms fetching 37.671 ms
INFO: at 2113.531 ms batch [32.859] delay 7.958 ms
INFO: at 2113.531 ms fetching 32.859 ms
INFO: at 2121.880 ms batch [5.300] delay 7.958 ms
INFO: at 2121.880 ms fetching 5.300 ms
INFO: at 2130.285 ms batch [5.411] delay 8.754 ms
INFO: at 2130.285 ms fetching 5.411 ms
INFO: at 2140.664 ms batch [4.538] delay 8.754 ms
INFO: at 2140.664 ms fetching 4.538 ms
INFO: at 2151.041 ms batch [4.808] delay 8.754 ms
INFO: at 2151.041 ms fetching 4.808 ms
INFO: at 2160.581 ms batch [4.085] delay 8.754 ms
INFO: at 2160.581 ms fetching 4.085 ms
INFO: at 2170.971 ms batch [4.229] delay 8.754 ms
INFO: at 2170.971 ms fetching 4.229 ms
INFO: at 2181.297 ms batch [36.387] delay 8.754 ms
INFO: at 2181.297 ms fetching 36.387 ms
INFO: at 2191.654 ms batch [4.521] delay 8.754 ms
INFO: at 2191.654 ms fetching 4.521 ms
INFO: at 2202.023 ms batch [38.433] delay 8.754 ms
INFO: at 2202.023 ms fetching 38.433 ms
INFO: at 2212.369 ms batch [4.385] delay 8.754 ms
INFO: at 2212.369 ms fetching 4.385 ms
INFO: at 2222.710 ms batch [4.368] delay 8.754 ms
INFO: at 2222.710 ms fetching 4.368 ms
INFO: at 2233.075 ms batch [33.584] delay 7.958 ms
INFO: at 2233.075 ms fetching 33.584 ms
INFO: at 2241.452 ms batch [38.762] delay 7.958 ms
INFO: at 2241.452 ms fetching 38.762 ms
INFO: at 2249.867 ms batch [31.530] delay 7.958 ms
INFO: at 2249.867 ms fetching 31.530 ms
INFO: at 2257.940 ms batch [38.344] delay 7.958 ms
INFO: at 2257.940 ms fetching 38.344 ms
INFO: at 2266.738 ms batch [4.212] delay 7.958 ms
INFO: at 2266.738 ms fetching 4.212 ms
INFO: at 2275.410 ms batch [4.249] delay 7.958 ms
INFO: at 2275.410 ms fetching 4.249 ms
INFO: at 2284.058 ms batch [34.134] delay 7.958 ms
INFO: at 2284.058 ms fetching 34.134 ms
INFO: at 2292.737 ms batch [34.953] delay 7.958 ms
INFO: at 2292.737 ms fetching 34.953 ms
INFO: at 2301.187 ms batch [4.844] delay 7.958 ms
INFO: at 2301.187 ms fetching 4.844 ms
INFO: at 2309.611 ms batch [4.839] delay 7.958 ms
INFO: at 2309.611 ms fetching 4.839 ms
INFO: at 2318.058 ms batch [39.490] delay 7.958 ms
INFO: at 2318.058 ms fetching 39.490 ms
INFO: at 2326.466 ms batch [4.411] delay 7.958 ms
INFO: at 2326.466 ms fetching 4.411 ms
INFO: at 2334.904 ms batch [5.160] delay 7.958 ms
INFO: at 2334.904 ms fetching 5.160 ms
INFO: at 2343.344 ms batch [34.989] delay 7.958 ms
INFO: at 2343.344 ms fetching 34.989 ms
INFO: at 2351.783 ms batch [36.049] delay 7.958 ms
INFO: at 2351.783 ms fetching 36.049 ms
INFO: at 2359.783 ms batch [37.372] delay 7.958 ms
INFO: at 2359.783 ms fetching 37.372 ms
INFO: at 2367.961 ms batch [36.768] delay 7.958 ms
INFO: at 2367.961 ms fetching 36.768 ms
INFO: at 2376.783 ms batch [4.727] delay 7.958 ms
INFO: at 2376.783 ms fetching 4.727 ms
INFO: at 2385.265 ms batch [35.718] delay 7.958 ms
INFO: at 2385.265 ms fetching 35.718 ms
INFO: at 2393.792 ms batch [5.104] delay 7.958 ms
INFO: at 2393.792 ms fetching 5.104 ms
INFO: at 2402.353 ms batch [5.777] delay 7.958 ms
INFO: at 2402.353 ms fetching 5.777 ms
INFO: at 2410.957 ms batch [5.542] delay 7.958 ms
INFO: at 2410.957 ms fetching 5.542 ms
INFO: at 2419.523 ms batch [3.600] delay 6.253 ms
INFO: at 2419.523 ms fetching 3.600 ms
INFO: at 2425.889 ms batch [5.203] delay 6.253 ms
INFO: at 2425.889 ms fetching 5.203 ms
INFO: at 2433.272 ms batch [39.082] delay 6.253 ms
INFO: at 2433.272 ms fetching 39.082 ms
INFO: at 2439.999 ms batch [33.654] delay 6.253 ms
INFO: at 2439.999 ms fetching 33.654 ms
INFO: at 2446.595 ms batch [4.455] delay 6.253 ms
INFO: at 2446.595 ms fetching 4.455 ms
INFO: at 2453.175 ms batch [5.432] delay 6.253 ms
INFO: at 2453.175 ms fetching 5.432 ms
INFO: at 2459.741 ms batch [36.484] delay 6.253 ms
INFO: at 2459.741 ms fetching 36.484 ms
INFO: at 2466.424 ms batch [5.193] delay 6.253 ms
INFO: at 2466.424 ms fetching 5.193 ms
INFO: at 2473.014 ms batch [34.389] delay 6.253 ms
INFO: at 2473.014 ms fetching 34.389 ms
INFO: at 2479.674 ms batch [40.039] delay 6.253 ms
INFO: at 2479.674 ms fetching 40.039 ms
INFO: at 2486.392 ms batch [4.343] delay 6.253 ms
INFO: at 2486.392 ms fetching 4.343 ms
INFO: at 2493.083 ms batch [36.451] delay 6.253 ms
INFO: at 2493.083 ms fetching 36.451 ms
INFO: at 2499.658 ms batch [4.448] delay 6.253 ms
INFO: at 2499.658 ms fetching 4.448 ms
INFO: at 2506.403 ms batch [36.991] delay 6.253 ms
INFO: at 2506.403 ms fetching 36.991 ms
INFO: at 2513.110 ms batch [4.594] delay 8.754 ms
INFO: at 2513.110 ms fetching 4.594 ms
INFO: at 2523.613 ms batch [38.028] delay 8.754 ms
INFO: at 2523.613 ms fetching 38.028 ms
INFO: at 2534.269 ms batch [35.827] delay 8.754 ms
INFO: at 2534.269 ms fetching 35.827 ms
INFO: at 2545.165 ms batch [39.877] delay 8.754 ms
INFO: at 2545.165 ms fetching 39.877 ms
INFO: at 2554.185 ms batch [4.536] delay 8.754 ms
INFO: at 2554.185 ms fetching 4.536 ms
INFO: at 2565.096 ms batch [5.481] delay 8.754 ms
INFO: at 2565.096 ms fetching 5.481 ms
INFO: at 2574.353 ms batch [4.735] delay 8.754 ms
INFO: at 2574.353 ms fetching 4.735 ms
INFO: at 2584.996 ms batch [35.028] delay 8.754 ms
INFO: at 2584.996 ms fetching 35.028 ms
INFO: at 2595.807 ms batch [30.369] delay 8.754 ms
INFO: at 2595.807 ms fetching 30.369 ms
INFO: at 2606.724 ms batch [34.583] delay 8.754 ms
INFO: at 2606.724 ms fetching 34.583 ms
INFO: at 2617.571 ms batch [33.635] delay 7.295 ms
INFO: at 2617.571 ms fetching 33.635 ms
INFO: at 2625.288 ms batch [3.843] delay 7.295 ms
INFO: at 2625.288 ms fetching 3.843 ms
INFO: at 2632.980 ms batch [35.250] delay 7.295 ms
INFO: at 2632.980 ms fetching 35.250 ms
INFO: at 2640.508 ms batch [4.445] delay 7.295 ms
INFO: at 2640.508 ms fetching 4.445 ms
INFO: at 2648.121 ms batch [5.078] delay 7.295 ms
INFO: at 2648.121 ms fetching 5.078 ms
INFO: at 2655.832 ms batch [4.700] delay 7.295 ms
INFO: at 2655.832 ms fetching 4.700 ms
INFO: at 2663.613 ms batch [38.229] delay 7.295 ms
INFO: at 2663.613 ms fetching 38.229 ms
INFO: at 2671.050 ms batch [5.348] delay 7.295 ms
INFO: at 2671.050 ms fetching 5.348 ms
INFO: at 2678.688 ms batch [35.155] delay 7.295 ms
INFO: at 2678.688 ms fetching 35.155 ms
INFO: at 2686.431 ms batch [3.763] delay 7.295 ms
INFO: at 2686.431 ms fetching 3.763 ms
INFO: at 2694.159 ms batch [5.016] delay 7.295 ms
INFO: at 2694.159 ms fetching 5.016 ms
INFO: at 2701.903 ms batch [5.165] delay 7.295 ms
INFO: at 2701.903 ms fetching 5.165 ms
INFO: at 2709.707 ms batch [4.376] delay 8.754 ms
INFO: at 2709.707 ms fetching 4.376 ms
INFO: at 2720.308 ms batch [4.245] delay 8.754 ms
INFO: at 2720.308 ms fetching 4.245 ms
INFO: at 2731.113 ms batch [4.789] delay 8.754 ms
INFO: at 2731.113 ms fetching 4.789 ms
INFO: at 2742.044 ms batch [33.706] delay 8.754 ms
INFO: at 2742.044 ms fetching 33.706 ms
INFO: at 2752.949 ms batch [37.428] delay 8.754 ms
INFO: at 2752.949 ms fetching 37.428 ms
INFO: at 2763.727 ms batch [4.458] delay 8.754 ms
INFO: at 2763.727 ms fetching 4.458 ms
INFO: at 2773.627 ms batch [32.202] delay 8.754 ms
INFO: at 2773.627 ms fetching 32.202 ms
INFO: at 2782.755 ms batch [4.038] delay 8.754 ms
INFO: at 2782.755 ms fetching 4.038 ms
INFO: at 2793.358 ms batch [4.277] delay 8.754 ms
INFO: at 2793.358 ms fetching 4.277 ms
INFO: at 2804.046 ms batch [36.966] delay 8.754 ms
INFO: at 2804.046 ms fetching 36.966 ms
INFO: at 2814.887 ms batch [4.257] delay 9.727 ms
INFO: at 2814.887 ms fetching 4.257 ms
INFO: at 2825.767 ms batch [3.864] delay 9.727 ms
INFO: at 2825.767 ms fetching 3.864 ms
INFO: at 2836.564 ms batch [4.143] delay 9.727 ms
INFO: at 2836.564 ms fetching 4.143 ms
INFO: at 2846.567 ms batch [35.216] delay 9.727 ms
INFO: at 2846.567 ms fetching 35.216 ms
INFO: at 2858.475 ms batch [37.951] delay 9.727 ms
INFO: at 2858.475 ms fetching 37.951 ms
INFO: at 2869.392 ms batch [34.595] delay 9.727 ms
INFO: at 2869.392 ms fetching 34.595 ms
INFO: at 2880.229 ms batch [32.775] delay 9.727 ms
INFO: at 2880.229 ms fetching 32.775 ms
INFO: at 2891.247 ms batch [34.120] delay 9.727 ms
INFO: at 2891.247 ms fetching 34.120 ms
INFO: at 2902.222 ms batch [4.712] delay 9.727 ms
INFO: at 2902.222 ms fetching 4.712 ms
INFO: at 2912.730 ms batch [38.071] delay 10.943 ms
INFO: at 2912.730 ms fetching 38.071 ms
INFO: at 2924.362 ms batch [34.050] delay 10.943 ms
INFO: at 2924.362 ms fetching 34.050 ms
INFO: at 2935.433 ms batch [4.581] delay 10.943 ms
INFO: at 2935.433 ms fetching 4.581 ms
INFO: at 2947.208 ms batch [35.271] delay 10.943 ms
INFO: at 2947.208 ms fetching 35.271 ms
INFO: at 2958.965 ms batch [35.319] delay 10.943 ms
INFO: at 2958.965 ms fetching 35.319 ms
INFO: at 2970.662 ms batch [35.611] delay 10.943 ms
INFO: at 2970.662 ms fetching 35.611 ms
INFO: at 2982.442 ms batch [5.472] delay 10.943 ms
INFO: at 2982.442 ms fetching 5.472 ms
INFO: at 2994.326 ms batch [36.473] delay 10.943 ms
INFO: at 2994.326 ms fetching 36.473 ms
INFO: at 3006.155 ms batch [5.636] delay 12.506 ms
INFO: at 3006.155 ms fetching 5.636 ms
INFO: at 3019.072 ms batch [40.546] delay 12.506 ms
INFO: at 3019.072 ms fetching 40.546 ms
INFO: at 3031.816 ms batch [4.352] delay 12.506 ms
INFO: at 3031.816 ms fetching 4.352 ms
INFO: at 3046.230 ms batch [35.418] delay 12.506 ms
INFO: at 3046.230 ms fetching 35.418 ms
INFO: at 3060.784 ms batch [35.907] delay 12.506 ms
INFO: at 3060.784 ms fetching 35.907 ms
INFO: at 3075.445 ms batch [31.682] delay 12.506 ms
INFO: at 3075.445 ms fetching 31.682 ms
INFO: at 3088.220 ms batch [5.325] delay 12.506 ms
INFO: at 3088.220 ms fetching 5.325 ms
INFO: at 3101.529 ms batch [4.533] delay 9.727 ms
INFO: at 3101.529 ms fetching 4.533 ms
INFO: at 3112.154 ms batch [5.814] delay 9.727 ms
INFO: at 3112.154 ms fetching 5.814 ms
INFO: at 3122.792 ms batch [33.566] delay 9.727 ms
INFO: at 3122.792 ms fetching 33.566 ms
INFO: at 3133.171 ms batch [35.008] delay 9.727 ms
INFO: at 3133.171 ms fetching 35.008 ms
INFO: at 3143.684 ms batch [4.886] delay 9.727 ms
INFO: at 3143.684 ms fetching 4.886 ms
INFO: at 3154.363 ms batch [37.790] delay 9.727 ms
INFO: at 3154.363 ms fetching 37.790 ms
INFO: at 3165.052 ms batch [4.466] delay 9.727 ms
INFO: at 3165.052 ms fetching 4.466 ms
INFO: at 3175.826 ms batch [4.270] delay 9.727 ms
INFO: at 3175.826 ms fetching 4.270 ms
INFO: at 3186.445 ms batch [4.361] delay 9.727 ms
INFO: at 3186.445 ms fetching 4.361 ms
INFO: at 3197.126 ms batch [4.692] delay 12.506 ms
INFO: at 3197.126 ms fetching 4.692 ms
INFO: at 3209.885 ms batch [33.907] delay 12.506 ms
INFO: at 3209.885 ms fetching 33.907 ms
INFO: at 3224.482 ms batch [34.942] delay 12.506 ms
INFO: at 3224.482 ms fetching 34.942 ms
INFO: at 3238.961 ms batch [4.720] delay 12.506 ms
INFO: at 3238.961 ms fetching 4.720 ms
INFO: at 3253.626 ms batch [4.591] delay 12.506 ms
INFO: at 3253.626 ms fetching 4.591 ms
INFO: at 3266.499 ms batch [4.176] delay 12.506 ms
INFO: at 3266.499 ms fetching 4.176 ms
INFO: at 3279.488 ms batch [36.830] delay 12.506 ms
INFO: at 3279.488 ms fetching 36.830 ms
INFO: at 3292.232 ms batch [5.034] delay 7.295 ms
INFO: at 3292.232 ms fetching 5.034 ms
INFO: at 3300.010 ms batch [38.824] delay 7.295 ms
INFO: at 3300.010 ms fetching 38.824 ms
INFO: at 3307.833 ms batch [35.018] delay 7.295 ms
INFO: at 3307.833 ms fetching 35.018 ms
INFO: at 3315.542 ms batch [4.968] delay 7.295 ms
INFO: at 3315.542 ms fetching 4.968 ms
INFO: at 3323.514 ms batch [5.074] delay 7.295 ms
INFO: at 3323.514 ms fetching 5.074 ms
INFO: at 3331.335 ms batch [34.502] delay 7.295 ms
INFO: at 3331.335 ms fetching 34.502 ms
INFO: at 3339.094 ms batch [38.410] delay 7.295 ms
INFO: at 3339.094 ms fetching 38.410 ms
INFO: at 3347.069 ms batch [36.321] delay 7.295 ms
INFO: at 3347.069 ms fetching 36.321 ms
INFO: at 3354.883 ms batch [4.998] delay 7.295 ms
INFO: at 3354.883 ms fetching 4.998 ms
INFO: at 3362.476 ms batch [5.238] delay 7.295 ms
INFO: at 3362.476 ms fetching 5.238 ms
INFO: at 3370.279 ms batch [4.929] delay 7.295 ms
INFO: at 3370.279 ms fetching 4.929 ms
INFO: at 3378.127 ms batch [3.883] delay 7.295 ms
INFO: at 3378.127 ms fetching 3.883 ms
INFO: at 3385.830 ms batch [4.502] delay 9.727 ms
INFO: at 3385.830 ms fetching 4.502 ms
INFO: at 3396.569 ms batch [5.273] delay 9.727 ms
INFO: at 3396.569 ms fetching 5.273 ms
INFO: at 3407.310 ms batch [34.767] delay 9.727 ms
INFO: at 3407.310 ms fetching 34.767 ms
INFO: at 3418.339 ms batch [38.701] delay 9.727 ms
INFO: at 3418.339 ms fetching 38.701 ms
INFO: at 3429.183 ms batch [36.641] delay 9.727 ms
INFO: at 3429.183 ms fetching 36.641 ms
INFO: at 3440.016 ms batch [4.733] delay 9.727 ms
INFO: at 3440.016 ms fetching 4.733 ms
INFO: at 3450.861 ms batch [33.951] delay 9.727 ms
INFO: at 3450.861 ms fetching 33.951 ms
INFO: at 3461.617 ms batch [4.014] delay 9.727 ms
INFO: at 3461.617 ms fetching 4.014 ms
INFO: at 3472.409 ms batch [3.873] delay 9.727 ms
INFO: at 3472.409 ms fetching 3.873 ms
INFO: at 3483.293 ms batch [36.630] delay 9.727 ms
INFO: at 3483.293 ms fetching 36.630 ms
INFO: at 3494.233 ms batch [3.625] delay 9.727 ms
INFO: at 3494.233 ms fetching 3.625 ms
INFO: at 3505.077 ms batch [5.318] delay 9.727 ms
INFO: at 3505.077 ms fetching 5.318 ms
INFO: at 3515.992 ms batch [4.007] delay 9.727 ms
INFO: at 3515.992 ms fetching 4.007 ms
INFO: at 3526.809 ms batch [5.247] delay 9.727 ms
INFO: at 3526.809 ms fetching 5.247 ms
INFO: at 3537.775 ms batch [35.237] delay 9.727 ms
INFO: at 3537.775 ms fetching 35.237 ms
INFO: at 3547.780 ms batch [4.311] delay 9.727 ms
INFO: at 3547.780 ms fetching 4.311 ms
INFO: at 3558.364 ms batch [4.563] delay 9.727 ms
INFO: at 3558.364 ms fetching 4.563 ms
INFO: at 3569.020 ms batch [33.073] delay 9.727 ms
INFO: at 3569.020 ms fetching 33.073 ms
INFO: at 3579.799 ms batch [5.501] delay 10.943 ms
INFO: at 3579.799 ms fetching 5.501 ms
INFO: at 3591.705 ms batch [5.125] delay 10.943 ms
INFO: at 3591.705 ms fetching 5.125 ms
INFO: at 3603.703 ms batch [3.989] delay 10.943 ms
INFO: at 3603.703 ms fetching 3.989 ms
INFO: at 3615.538 ms batch [37.452] delay 10.943 ms
INFO: at 3615.538 ms fetching 37.452 ms
INFO: at 3627.496 ms batch [5.685] delay 10.943 ms
INFO: at 3627.496 ms fetching 5.685 ms
INFO: at 3639.246 ms batch [33.938] delay 10.943 ms
INFO: at 3639.246 ms fetching 33.938 ms
INFO: at 3651.099 ms batch [4.707] delay 10.943 ms
INFO: at 3651.099 ms fetching 4.707 ms
INFO: at 3662.959 ms batch [4.586] delay 10.943 ms
INFO: at 3662.959 ms fetching 4.586 ms
INFO: at 3674.904 ms batch [34.277] delay 10.943 ms
INFO: at 3674.904 ms fetching 34.277 ms
INFO: at 3686.988 ms batch [4.865] delay 10.943 ms
INFO: at 3686.988 ms fetching 4.865 ms
INFO: at 3698.451 ms batch [4.613] delay 10.943 ms
INFO: at 3698.451 ms fetching 4.613 ms
INFO: at 3710.026 ms batch [4.829] delay 10.943 ms
INFO: at 3710.026 ms fetching 4.829 ms
INFO: at 3721.894 ms batch [36.854] delay 10.943 ms
INFO: at 3721.894 ms fetching 36.854 ms
INFO: at 3733.688 ms batch [38.631] delay 10.943 ms
INFO: at 3733.688 ms fetching 38.631 ms
INFO: at 3745.606 ms batch [4.606] delay 10.943 ms
INFO: at 3745.606 ms fetching 4.606 ms
INFO: at 3757.565 ms batch [35.289] delay 10.943 ms
INFO: at 3757.565 ms fetching 35.289 ms
INFO: at 3769.366 ms batch [35.977] delay 3.019 ms
INFO: at 3769.366 ms fetching 35.977 ms
INFO: at 3773.349 ms batch [37.737] delay 3.019 ms
INFO: at 3773.349 ms fetching 37.737 ms
INFO: at 3777.312 ms batch [36.059] delay 3.019 ms
INFO: at 3777.312 ms fetching 36.059 ms
INFO: at 3781.383 ms batch [4.191] delay 3.019 ms
INFO: at 3781.383 ms fetching 4.191 ms
INFO: at 3784.917 ms batch [34.078] delay 3.019 ms
INFO: at 3784.917 ms fetching 34.078 ms
INFO: at 3788.086 ms batch [5.354] delay 3.019 ms
INFO: at 3788.086 ms fetching 5.354 ms
INFO: at 3791.995 ms batch [33.618] delay 3.019 ms
INFO: at 3791.995 ms fetching 33.618 ms
INFO: at 3795.467 ms batch [30.921] delay 3.019 ms
INFO: at 3795.467 ms fetching 30.921 ms
INFO: at 3798.909 ms batch [34.020] delay 3.019 ms
INFO: at 3798.909 ms fetching 34.020 ms
INFO: at 3802.523 ms batch [36.916] delay 3.019 ms
INFO: at 3802.523 ms fetching 36.916 ms
INFO: at 3806.162 ms batch [4.951] delay 3.019 ms
INFO: at 3806.162 ms fetching 4.951 ms
INFO: at 3809.732 ms batch [4.324] delay 3.019 ms
INFO: at 3809.732 ms fetching 4.324 ms
INFO: at 3813.261 ms batch [4.109] delay 3.019 ms
INFO: at 3813.261 ms fetching 4.109 ms
INFO: at 3816.795 ms batch [39.118] delay 3.019 ms
INFO: at 3816.795 ms fetching 39.118 ms
INFO: at 3820.287 ms batch [4.697] delay 3.019 ms
INFO: at 3820.287 ms fetching 4.697 ms
INFO: at 3823.753 ms batch [35.847] delay 3.019 ms
INFO: at 3823.753 ms fetching 35.847 ms
INFO: at 3827.291 ms batch [33.794] delay 3.019 ms
INFO: at 3827.291 ms fetching 33.794 ms
INFO: at 3830.814 ms batch [4.907] delay 3.019 ms
INFO: at 3830.814 ms fetching 4.907 ms
INFO: at 3834.308 ms batch [3.690] delay 3.019 ms
INFO: at 3834.308 ms fetching 3.690 ms
INFO: at 3837.803 ms batch [4.704] delay 3.019 ms
INFO: at 3837.803 ms fetching 4.704 ms
INFO: at 3841.318 ms batch [37.169] delay 3.019 ms
INFO: at 3841.318 ms fetching 37.169 ms
INFO: at 3844.844 ms batch [5.168] delay 3.019 ms
INFO: at 3844.844 ms fetching 5.168 ms
INFO: at 3848.336 ms batch [4.722] delay 3.019 ms
INFO: at 3848.336 ms fetching 4.722 ms
INFO: at 3851.989 ms batch [38.368] delay 3.019 ms
INFO: at 3851.989 ms fetching 38.368 ms
INFO: at 3855.713 ms batch [4.962] delay 3.019 ms
INFO: at 3855.713 ms fetching 4.962 ms
INFO: at 3859.487 ms batch [37.040] delay 3.019 ms
INFO: at 3859.487 ms fetching 37.040 ms
INFO: at 3863.164 ms batch [5.019] delay 3.019 ms
INFO: at 3863.164 ms fetching 5.019 ms
INFO: at 3866.841 ms batch [39.599] delay 3.019 ms
INFO: at 3866.841 ms fetching 39.599 ms
INFO: at 3870.506 ms batch [38.962] delay 3.019 ms
INFO: at 3870.506 ms fetching 38.962 ms
INFO: at 3874.245 ms batch [4.680] delay 7.958 ms
INFO: at 3874.245 ms fetching 4.680 ms
INFO: at 3883.333 ms batch [35.388] delay 7.958 ms
INFO: at 3883.333 ms fetching 35.388 ms
INFO: at 3892.118 ms batch [4.133] delay 7.958 ms
INFO: at 3892.118 ms fetching 4.133 ms
INFO: at 3900.736 ms batch [32.744] delay 7.958 ms
INFO: at 3900.736 ms fetching 32.744 ms
INFO: at 3909.377 ms batch [33.239] delay 7.958 ms
INFO: at 3909.377 ms fetching 33.239 ms
INFO: at 3918.177 ms batch [37.933] delay 7.958 ms
INFO: at 3918.177 ms fetching 37.933 ms
INFO: at 3927.036 ms batch [36.892] delay 7.958 ms
INFO: at 3927.036 ms fetching 36.892 ms
INFO: at 3935.812 ms batch [5.418] delay 7.958 ms
INFO: at 3935.812 ms fetching 5.418 ms
INFO: at 3944.859 ms batch [35.228] delay 7.958 ms
INFO: at 3944.859 ms fetching 35.228 ms
INFO: at 3953.922 ms batch [35.398] delay 7.958 ms
INFO: at 3953.922 ms fetching 35.398 ms
INFO: at 3962.150 ms batch [36.905] delay 7.958 ms
INFO: at 3962.150 ms fetching 36.905 ms
INFO: at 3971.145 ms batch [5.028] delay 8.754 ms
INFO: at 3971.145 ms fetching 5.028 ms
INFO: at 3980.520 ms batch [35.145] delay 8.754 ms
INFO: at 3980.520 ms fetching 35.145 ms
INFO: at 3989.479 ms batch [36.184] delay 8.754 ms
INFO: at 3989.479 ms fetching 36.184 ms
INFO: at 4000.022 ms batch [4.965] delay 8.754 ms
INFO: at 4000.022 ms fetching 4.965 ms
INFO: at 4010.630 ms batch [33.691] delay 8.754 ms
INFO: at 4010.630 ms fetching 33.691 ms
INFO: at 4021.430 ms batch [37.001] delay 8.754 ms
INFO: at 4021.430 ms fetching 37.001 ms
INFO: at 4030.365 ms batch [4.715] delay 8.754 ms
INFO: at 4030.365 ms fetching 4.715 ms
INFO: at 4039.314 ms batch [36.217] delay 8.754 ms
INFO: at 4039.314 ms fetching 36.217 ms
INFO: at 4049.976 ms batch [5.171] delay 8.754 ms
INFO: at 4049.976 ms fetching 5.171 ms
INFO: at 4060.803 ms batch [36.289] delay 8.754 ms
INFO: at 4060.803 ms fetching 36.289 ms
INFO: at 4071.776 ms batch [5.129] delay 10.943 ms
INFO: at 4071.776 ms fetching 5.129 ms
INFO: at 4082.852 ms batch [4.388] delay 10.943 ms
INFO: at 4082.852 ms fetching 4.388 ms
INFO: at 4094.868 ms batch [34.998] delay 10.943 ms
INFO: at 4094.868 ms fetching 34.998 ms
INFO: at 4106.629 ms batch [4.507] delay 10.943 ms
INFO: at 4106.629 ms fetching 4.507 ms
INFO: at 4118.477 ms batch [36.620] delay 10.943 ms
INFO: at 4118.477 ms fetching 36.620 ms
INFO: at 4130.427 ms batch [36.300] delay 10.943 ms
INFO: at 4130.427 ms fetching 36.300 ms
INFO: at 4142.530 ms batch [32.292] delay 10.943 ms
INFO: at 4142.530 ms fetching 32.292 ms
INFO: at 4154.363 ms batch [39.162] delay 10.943 ms
INFO: at 4154.363 ms fetching 39.162 ms
INFO: at 4166.182 ms batch [4.550] delay 5.836 ms
INFO: at 4166.182 ms fetching 4.550 ms
INFO: at 4172.556 ms batch [5.456] delay 5.836 ms
INFO: at 4172.556 ms fetching 5.456 ms
INFO: at 4178.970 ms batch [4.253] delay 5.836 ms
INFO: at 4178.970 ms fetching 4.253 ms
INFO: at 4185.532 ms batch [37.656] delay 5.836 ms
INFO: at 4185.532 ms fetching 37.656 ms
INFO: at 4192.049 ms batch [37.721] delay 5.836 ms
INFO: at 4192.049 ms fetching 37.721 ms
INFO: at 4198.758 ms batch [5.306] delay 5.836 ms
INFO: at 4198.758 ms fetching 5.306 ms
INFO: at 4205.543 ms batch [4.867] delay 5.836 ms
INFO: at 4205.543 ms fetching 4.867 ms
INFO: at 4212.441 ms batch [3.969] delay 5.836 ms
INFO: at 4212.441 ms fetching 3.969 ms
INFO: at 4219.280 ms batch [4.426] delay 5.836 ms
INFO: at 4219.280 ms fetching 4.426 ms
INFO: at 4226.123 ms batch [4.584] delay 5.836 ms
INFO: at 4226.123 ms fetching 4.584 ms
INFO: at 4233.000 ms batch [5.369] delay 5.836 ms
INFO: at 4233.000 ms fetching 5.369 ms
INFO: at 4239.521 ms batch [31.764] delay 5.836 ms
INFO: at 4239.521 ms fetching 31.764 ms
INFO: at 4246.119 ms batch [34.527] delay 5.836 ms
INFO: at 4246.119 ms fetching 34.527 ms
INFO: at 4252.681 ms batch [5.207] delay 5.836 ms
INFO: at 4252.681 ms fetching 5.207 ms
INFO: at 4258.783 ms batch [32.830] delay 5.836 ms
INFO: at 4258.783 ms fetching 32.830 ms
INFO: at 4265.457 ms batch [3.786] delay 7.958 ms
INFO: at 4265.457 ms fetching 3.786 ms
INFO: at 4273.973 ms batch [4.803] delay 7.958 ms
INFO: at 4273.973 ms fetching 4.803 ms
INFO: at 4282.529 ms batch [37.806] delay 7.958 ms
INFO: at 4282.529 ms fetching 37.806 ms
INFO: at 4291.232 ms batch [37.015] delay 7.958 ms
INFO: at 4291.232 ms fetching 37.015 ms
INFO: at 4300.039 ms batch [34.316] delay 7.958 ms
INFO: at 4300.039 ms fetching 34.316 ms
INFO: at 4308.786 ms batch [35.987] delay 7.958 ms
INFO: at 4308.786 ms fetching 35.987 ms
INFO: at 4317.716 ms batch [5.220] delay 7.958 ms
INFO: at 4317.716 ms fetching 5.220 ms
INFO: at 4326.649 ms batch [5.153] delay 7.958 ms
INFO: at 4326.649 ms fetching 5.153 ms
INFO: at 4335.172 ms batch [33.173] delay 7.958 ms
INFO: at 4335.172 ms fetching 33.173 ms
INFO: at 4343.783 ms batch [36.578] delay 7.958 ms
INFO: at 4343.783 ms fetching 36.578 ms
INFO: at 4352.416 ms batch [3.902] delay 7.958 ms
INFO: at 4352.416 ms fetching 3.902 ms
INFO: at 4361.337 ms batch [5.057] delay 7.958 ms
INFO: at 4361.337 ms fetching 5.057 ms
INFO: at 4370.364 ms batch [4.260] delay 7.958 ms
INFO: at 4370.364 ms fetching 4.260 ms
INFO: at 4379.003 ms batch [35.571] delay 7.958 ms
INFO: at 4379.003 ms fetching 35.571 ms
INFO: at 4387.721 ms batch [4.479] delay 7.958 ms
INFO: at 4387.721 ms fetching 4.479 ms
INFO: at 4396.508 ms batch [39.001] delay 7.958 ms
INFO: at 4396.508 ms fetching 39.001 ms
INFO: at 4405.350 ms batch [4.488] delay 7.958 ms
INFO: at 4405.350 ms fetching 4.488 ms
INFO: at 4414.149 ms batch [34.811] delay 7.958 ms
INFO: at 4414.149 ms fetching 34.811 ms
INFO: at 4422.900 ms batch [37.358] delay 7.958 ms
INFO: at 4422.900 ms fetching 37.358 ms
INFO: at 4431.689 ms batch [3.736] delay 7.958 ms
INFO: at 4431.689 ms fetching 3.736 ms
INFO: at 4440.619 ms batch [4.450] delay 7.958 ms
INFO: at 4440.619 ms fetching 4.450 ms
INFO: at 4449.454 ms batch [4.647] delay 7.958 ms
INFO: at 4449.454 ms fetching 4.647 ms
INFO: at 4457.544 ms batch [5.849] delay 9.727 ms
INFO: at 4457.544 ms fetching 5.849 ms
INFO: at 4468.334 ms batch [38.181] delay 9.727 ms
INFO: at 4468.334 ms fetching 38.181 ms
INFO: at 4479.076 ms batch [5.216] delay 9.727 ms
INFO: at 4479.076 ms fetching 5.216 ms
INFO: at 4489.971 ms batch [5.621] delay 9.727 ms
INFO: at 4489.971 ms fetching 5.621 ms
INFO: at 4500.569 ms batch [36.409] delay 9.727 ms
INFO: at 4500.569 ms fetching 36.409 ms
INFO: at 4511.441 ms batch [31.446] delay 9.727 ms
INFO: at 4511.441 ms fetching 31.446 ms
INFO: at 4522.343 ms batch [5.336] delay 9.727 ms
INFO: at 4522.343 ms fetching 5.336 ms
INFO: at 4533.287 ms batch [4.672] delay 9.727 ms
INFO: at 4533.287 ms fetching 4.672 ms
INFO: at 4544.281 ms batch [4.687] delay 9.727 ms
INFO: at 4544.281 ms fetching 4.687 ms
INFO: at 4554.806 ms batch [33.417] delay 9.727 ms
INFO: at 4554.806 ms fetching 33.417 ms
INFO: at 4565.688 ms batch [41.525] delay 9.727 ms
INFO: at 4565.688 ms fetching 41.525 ms
INFO: at 4576.550 ms batch [37.304] delay 9.727 ms
INFO: at 4576.550 ms fetching 37.304 ms
INFO: at 4587.651 ms batch [5.224] delay 9.727 ms
INFO: at 4587.651 ms fetching 5.224 ms
INFO: at 4598.431 ms batch [5.748] delay 9.727 ms
INFO: at 4598.431 ms fetching 5.748 ms
INFO: at 4609.209 ms batch [4.129] delay 9.727 ms
INFO: at 4609.209 ms fetching 4.129 ms
INFO: at 4620.014 ms batch [36.685] delay 9.727 ms
INFO: at 4620.014 ms fetching 36.685 ms
INFO: at 4630.796 ms batch [36.310] delay 9.727 ms
INFO: at 4630.796 ms fetching 36.310 ms
INFO: at 4641.528 ms batch [43.304] delay 9.727 ms
INFO: at 4641.528 ms fetching 43.304 ms
INFO: at 4652.159 ms batch [35.786] delay 7.295 ms
INFO: at 4652.159 ms fetching 35.786 ms
INFO: at 4659.719 ms batch [33.193] delay 7.295 ms
INFO: at 4659.719 ms fetching 33.193 ms
INFO: at 4667.282 ms batch [4.403] delay 7.295 ms
INFO: at 4667.282 ms fetching 4.403 ms
INFO: at 4675.039 ms batch [4.308] delay 7.295 ms
INFO: at 4675.039 ms fetching 4.308 ms
INFO: at 4682.610 ms batch [36.819] delay 7.295 ms
INFO: at 4682.610 ms fetching 36.819 ms
INFO: at 4690.380 ms batch [37.845] delay 7.295 ms
INFO: at 4690.380 ms fetching 37.845 ms
INFO: at 4698.158 ms batch [33.778] delay 7.295 ms
INFO: at 4698.158 ms fetching 33.778 ms
INFO: at 4705.734 ms batch [32.639] delay 7.295 ms
INFO: at 4705.734 ms fetching 32.639 ms
INFO: at 4713.281 ms batch [4.472] delay 7.295 ms
INFO: at 4713.281 ms fetching 4.472 ms
INFO: at 4720.907 ms batch [32.965] delay 7.295 ms
INFO: at 4720.907 ms fetching 32.965 ms
INFO: at 4728.636 ms batch [4.912] delay 7.295 ms
INFO: at 4728.636 ms fetching 4.912 ms
INFO: at 4736.488 ms batch [4.944] delay 7.295 ms
INFO: at 4736.488 ms fetching 4.944 ms
INFO: at 4743.928 ms batch [34.686] delay 9.727 ms
INFO: at 4743.928 ms fetching 34.686 ms
INFO: at 4754.999 ms batch [37.287] delay 9.727 ms
INFO: at 4754.999 ms fetching 37.287 ms
INFO: at 4765.897 ms batch [35.936] delay 9.727 ms
INFO: at 4765.897 ms fetching 35.936 ms
INFO: at 4776.684 ms batch [5.258] delay 9.727 ms
INFO: at 4776.684 ms fetching 5.258 ms
INFO: at 4787.243 ms batch [34.005] delay 9.727 ms
INFO: at 4787.243 ms fetching 34.005 ms
INFO: at 4797.926 ms batch [39.964] delay 9.727 ms
INFO: at 4797.926 ms fetching 39.964 ms
INFO: at 4808.876 ms batch [37.515] delay 9.727 ms
INFO: at 4808.876 ms fetching 37.515 ms
INFO: at 4819.897 ms batch [30.691] delay 9.727 ms
INFO: at 4819.897 ms fetching 30.691 ms
INFO: at 4830.844 ms batch [38.319] delay 9.727 ms
INFO: at 4830.844 ms fetching 38.319 ms
INFO: at 4841.400 ms batch [5.361] delay 8.754 ms
INFO: at 4841.400 ms fetching 5.361 ms
INFO: at 4851.411 ms batch [4.452] delay 8.754 ms
INFO: at 4851.411 ms fetching 4.452 ms
INFO: at 4862.289 ms batch [39.336] delay 8.754 ms
INFO: at 4862.289 ms fetching 39.336 ms
INFO: at 4873.001 ms batch [4.558] delay 8.754 ms
INFO: at 4873.001 ms fetching 4.558 ms
INFO: at 4883.847 ms batch [35.999] delay 8.754 ms
INFO: at 4883.847 ms fetching 35.999 ms
INFO: at 4894.780 ms batch [4.603] delay 8.754 ms
INFO: at 4894.780 ms fetching 4.603 ms
INFO: at 4905.663 ms batch [33.399] delay 8.754 ms
INFO: at 4905.663 ms fetching 33.399 ms
INFO: at 4916.145 ms batch [35.176] delay 8.754 ms
INFO: at 4916.145 ms fetching 35.176 ms
INFO: at 4926.717 ms batch [4.616] delay 8.754 ms
INFO: at 4926.717 ms fetching 4.616 ms
INFO: at 4937.035 ms batch [33.740] delay 8.754 ms
INFO: at 4937.035 ms fetching 33.740 ms
INFO: at 4946.027 ms batch [31.351] delay 6.734 ms
INFO: at 4946.027 ms fetching 31.351 ms
INFO: at 4953.840 ms batch [38.268] delay 6.734 ms
INFO: at 4953.840 ms fetching 38.268 ms
INFO: at 4961.465 ms batch [4.070] delay 6.734 ms
INFO: at 4961.465 ms fetching 4.070 ms
INFO: at 4968.894 ms batch [32.913] delay 6.734 ms
INFO: at 4968.894 ms fetching 32.913 ms
INFO: at 4976.367 ms batch [32.087] delay 6.734 ms
INFO: at 4976.367 ms fetching 32.087 ms
INFO: at 4983.808 ms batch [34.744] delay 6.734 ms
INFO: at 4983.808 ms fetching 34.744 ms
INFO: at 4991.412 ms batch [35.164] delay 6.734 ms
INFO: at 4991.412 ms fetching 35.164 ms
INFO: at 4999.160 ms batch [4.642] delay 6.734 ms
INFO: at 4999.160 ms fetching 4.642 ms
INFO: at 5006.810 ms batch [33.829] delay 6.734 ms
INFO: at 5006.810 ms fetching 33.829 ms
INFO: at 5014.240 ms batch [4.337] delay 6.734 ms
INFO: at 5014.240 ms fetching 4.337 ms
INFO: at 5021.599 ms batch [5.593] delay 6.734 ms
INFO: at 5021.599 ms fetching 5.593 ms
INFO: at 5029.390 ms batch [34.193] delay 6.734 ms
INFO: at 5029.390 ms fetching 34.193 ms
INFO: at 5037.188 ms batch [35.280] delay 6.734 ms
INFO: at 5037.188 ms fetching 35.280 ms
INFO: at 5044.782 ms batch [34.561] delay 10.943 ms
INFO: at 5044.782 ms fetching 34.561 ms
INFO: at 5056.502 ms batch [4.974] delay 10.943 ms
INFO: at 5056.502 ms fetching 4.974 ms
INFO: at 5068.298 ms batch [5.389] delay 10.943 ms
INFO: at 5068.298 ms fetching 5.389 ms
INFO: at 5080.130 ms batch [4.226] delay 10.943 ms
INFO: at 5080.130 ms fetching 4.226 ms
INFO: at 5091.912 ms batch [5.650] delay 10.943 ms
INFO: at 5091.912 ms fetching 5.650 ms
INFO: at 5103.841 ms batch [4.837] delay 10.943 ms
INFO: at 5103.841 ms fetching 4.837 ms
INFO: at 5115.575 ms batch [40.140] delay 10.943 ms
INFO: at 5115.575 ms fetching 40.140 ms
INFO: at 5126.770 ms batch [36.841] delay 10.943 ms
INFO: at 5126.770 ms fetching 36.841 ms
INFO: at 5138.317 ms batch [5.118] delay 8.754 ms
INFO: at 5138.317 ms fetching 5.118 ms
INFO: at 5149.002 ms batch [4.986] delay 8.754 ms
INFO: at 5149.002 ms fetching 4.986 ms
INFO: at 5159.855 ms batch [29.958] delay 8.754 ms
INFO: at 5159.855 ms fetching 29.958 ms
INFO: at 5170.592 ms batch [5.233] delay 8.754 ms
INFO: at 5170.592 ms fetching 5.233 ms
INFO: at 5181.033 ms batch [4.048] delay 8.754 ms
INFO: at 5181.033 ms fetching 4.048 ms
INFO: at 5191.627 ms batch [36.515] delay 8.754 ms
INFO: at 5191.627 ms fetching 36.515 ms
INFO: at 5200.916 ms batch [4.397] delay 8.754 ms
INFO: at 5200.916 ms fetching 4.397 ms
INFO: at 5211.950 ms batch [31.611] delay 8.754 ms
INFO: at 5211.950 ms fetching 31.611 ms
INFO: at 5222.742 ms batch [33.049] delay 8.754 ms
INFO: at 5222.742 ms fetching 33.049 ms
INFO: at 5233.632 ms batch [4.544] delay 8.754 ms
INFO: at 5233.632 ms fetching 4.544 ms
INFO: at 5244.430 ms batch [5.180] delay 12.506 ms
INFO: at 5244.430 ms fetching 5.180 ms
INFO: at 5258.998 ms batch [36.151] delay 12.506 ms
INFO: at 5258.998 ms fetching 36.151 ms
INFO: at 5271.886 ms batch [5.531] delay 12.506 ms
INFO: at 5271.886 ms fetching 5.531 ms
INFO: at 5284.620 ms batch [39.662] delay 12.506 ms
INFO: at 5284.620 ms fetching 39.662 ms
INFO: at 5297.482 ms batch [38.051] delay 12.506 ms
INFO: at 5297.482 ms fetching 38.051 ms
INFO: at 5310.471 ms batch [4.960] delay 12.506 ms
INFO: at 5310.471 ms fetching 4.960 ms
INFO: at 5323.217 ms batch [39.801] delay 12.506 ms
INFO: at 5323.217 ms fetching 39.801 ms
INFO: at 5336.103 ms batch [38.389] delay 8.754 ms
INFO: at 5336.103 ms fetching 38.389 ms
INFO: at 5346.738 ms batch [38.115] delay 8.754 ms
INFO: at 5346.738 ms fetching 38.115 ms
INFO: at 5355.750 ms batch [4.492] delay 8.754 ms
INFO: at 5355.750 ms fetching 4.492 ms
INFO: at 5365.057 ms batch [5.149] delay 8.754 ms
INFO: at 5365.057 ms fetching 5.149 ms
INFO: at 5375.906 ms batch [4.878] delay 8.754 ms
INFO: at 5375.906 ms fetching 4.878 ms
INFO: at 5386.569 ms batch [4.523] delay 8.754 ms
INFO: at 5386.569 ms fetching 4.523 ms
INFO: at 5397.378 ms batch [32.712] delay 8.754 ms
INFO: at 5397.378 ms fetching 32.712 ms
INFO: at 5408.092 ms batch [37.970] delay 8.754 ms
INFO: at 5408.092 ms fetching 37.970 ms
INFO: at 5418.820 ms batch [36.078] delay 8.754 ms
INFO: at 5418.820 ms fetching 36.078 ms
INFO: at 5429.698 ms batch [38.093] delay 8.754 ms
INFO: at 5429.698 ms fetching 38.093 ms
INFO: at 5438.929 ms batch [4.659] delay 10.943 ms
INFO: at 5438.929 ms fetching 4.659 ms
INFO: at 5450.901 ms batch [4.463] delay 10.943 ms
INFO: at 5450.901 ms fetching 4.463 ms
INFO: at 5462.648 ms batch [32.379] delay 10.943 ms
INFO: at 5462.648 ms fetching 32.379 ms
INFO: at 5474.506 ms batch [33.279] delay 10.943 ms
INFO: at 5474.506 ms fetching 33.279 ms
INFO: at 5486.429 ms batch [5.022] delay 10.943 ms
INFO: at 5486.429 ms fetching 5.022 ms
INFO: at 5498.212 ms batch [33.509] delay 10.943 ms
INFO: at 5498.212 ms fetching 33.509 ms
INFO: at 5510.080 ms batch [34.820] delay 10.943 ms
INFO: at 5510.080 ms fetching 34.820 ms
INFO: at 5521.836 ms batch [36.526] delay 10.943 ms
INFO: at 5521.836 ms fetching 36.526 ms
INFO: at 5534.626 ms batch [38.602] delay 7.958 ms
INFO: at 5534.626 ms fetching 38.602 ms
INFO: at 5543.351 ms batch [33.925] delay 7.958 ms
INFO: at 5543.351 ms fetching 33.925 ms
INFO: at 5552.174 ms batch [36.731] delay 7.958 ms
INFO: at 5552.174 ms fetching 36.731 ms
INFO: at 5560.923 ms batch [34.799] delay 7.958 ms
INFO: at 5560.923 ms fetching 34.799 ms
INFO: at 5569.832 ms batch [4.881] delay 7.958 ms
INFO: at 5569.832 ms fetching 4.881 ms
INFO: at 5578.659 ms batch [4.860] delay 7.958 ms
INFO: at 5578.659 ms fetching 4.860 ms
INFO: at 5587.499 ms batch [34.328] delay 7.958 ms
INFO: at 5587.499 ms fetching 34.328 ms
INFO: at 5595.941 ms batch [37.330] delay 7.958 ms
INFO: at 5595.941 ms fetching 37.330 ms
INFO: at 5604.583 ms batch [35.805] delay 7.958 ms
INFO: at 5604.583 ms fetching 35.805 ms
INFO: at 5613.429 ms batch [37.531] delay 7.958 ms
INFO: at 5613.429 ms fetching 37.531 ms
INFO: at 5622.047 ms batch [37.053] delay 7.958 ms
INFO: at 5622.047 ms fetching 37.053 ms
INFO: at 5630.785 ms batch [36.439] delay 8.754 ms
INFO: at 5630.785 ms fetching 36.439 ms
INFO: at 5641.710 ms batch [4.823] delay 8.754 ms
INFO: at 5641.710 ms fetching 4.823 ms
INFO: at 5652.567 ms batch [4.842] delay 8.754 ms
INFO: at 5652.567 ms fetching 4.842 ms
INFO: at 5663.548 ms batch [4.496] delay 8.754 ms
INFO: at 5663.548 ms fetching 4.496 ms
INFO: at 5674.528 ms batch [4.076] delay 8.754 ms
INFO: at 5674.528 ms fetching 4.076 ms
INFO: at 5685.502 ms batch [4.873] delay 8.754 ms
INFO: at 5685.502 ms fetching 4.873 ms
INFO: at 5696.261 ms batch [4.423] delay 8.754 ms
INFO: at 5696.261 ms fetching 4.423 ms
INFO: at 5705.660 ms batch [34.621] delay 8.754 ms
INFO: at 5705.660 ms fetching 34.621 ms
INFO: at 5716.499 ms batch [3.962] delay 8.754 ms
INFO: at 5716.499 ms fetching 3.962 ms
INFO: at 5726.854 ms batch [4.724] delay 8.754 ms
INFO: at 5726.854 ms fetching 4.724 ms
INFO: at 5737.379 ms batch [37.414] delay 9.727 ms
INFO: at 5737.379 ms fetching 37.414 ms
INFO: at 5747.989 ms batch [35.260] delay 9.727 ms
INFO: at 5747.989 ms fetching 35.260 ms
INFO: at 5758.791 ms batch [4.690] delay 9.727 ms
INFO: at 5758.791 ms fetching 4.690 ms
INFO: at 5769.191 ms batch [35.745] delay 9.727 ms
INFO: at 5769.191 ms fetching 35.745 ms
INFO: at 5779.842 ms batch [5.723] delay 9.727 ms
INFO: at 5779.842 ms fetching 5.723 ms
INFO: at 5790.171 ms batch [4.813] delay 9.727 ms
INFO: at 5790.171 ms fetching 4.813 ms
INFO: at 5800.720 ms batch [5.189] delay 9.727 ms
INFO: at 5800.720 ms fetching 5.189 ms
INFO: at 5811.306 ms batch [36.556] delay 9.727 ms
INFO: at 5811.306 ms fetching 36.556 ms
INFO: at 5821.997 ms batch [34.264] delay 9.727 ms
INFO: at 5821.997 ms fetching 34.264 ms
INFO: at 5832.672 ms batch [36.378] delay 8.754 ms
INFO: at 5832.672 ms fetching 36.378 ms
INFO: at 5843.155 ms batch [5.038] delay 8.754 ms
INFO: at 5843.155 ms fetching 5.038 ms
INFO: at 5853.817 ms batch [32.340] delay 8.754 ms
INFO: at 5853.817 ms fetching 32.340 ms
INFO: at 5864.527 ms batch [34.733] delay 8.754 ms
INFO: at 5864.527 ms fetching 34.733 ms
INFO: at 5873.791 ms batch [36.239] delay 8.754 ms
INFO: at 5873.791 ms fetching 36.239 ms
INFO: at 5884.596 ms batch [33.098] delay 8.754 ms
INFO: at 5884.596 ms fetching 33.098 ms
INFO: at 5895.210 ms batch [36.743] delay 8.754 ms
INFO: at 5895.210 ms fetching 36.743 ms
INFO: at 5905.931 ms batch [3.955] delay 8.754 ms
INFO: at 5905.931 ms fetching 3.955 ms
INFO: at 5916.726 ms batch [3.798] delay 8.754 ms
INFO: at 5916.726 ms fetching 3.798 ms
INFO: at 5927.577 ms batch [37.881] delay 8.754 ms
INFO: at 5927.577 ms fetching 37.881 ms
INFO: at 5938.063 ms batch [36.365] delay 8.754 ms
INFO: at 5938.063 ms fetching 36.365 ms
INFO: at 5948.540 ms batch [37.248] delay 8.754 ms
INFO: at 5948.540 ms fetching 37.248 ms
INFO: at 5958.060 ms batch [4.358] delay 8.754 ms
INFO: at 5958.060 ms fetching 4.358 ms
INFO: at 5968.881 ms batch [4.090] delay 8.754 ms
INFO: at 5968.881 ms fetching 4.090 ms
INFO: at 5979.611 ms batch [35.379] delay 8.754 ms
INFO: at 5979.611 ms fetching 35.379 ms
INFO: at 5990.556 ms batch [4.777] delay 8.754 ms
INFO: at 5990.556 ms fetching 4.777 ms
INFO: at 6001.281 ms batch [35.664] delay 8.754 ms
INFO: at 6001.281 ms fetching 35.664 ms
INFO: at 6012.131 ms batch [36.495] delay 8.754 ms
INFO: at 6012.131 ms fetching 36.495 ms
INFO: at 6023.118 ms batch [35.328] delay 8.754 ms
INFO: at 6023.118 ms fetching 35.328 ms
INFO: at 6032.051 ms batch [37.066] delay 8.754 ms
INFO: at 6032.051 ms fetching 37.066 ms
INFO: at 6041.237 ms batch [3.926] delay 10.943 ms
INFO: at 6041.237 ms fetching 3.926 ms
INFO: at 6053.033 ms batch [4.601] delay 10.943 ms
INFO: at 6053.033 ms fetching 4.601 ms
INFO: at 6064.771 ms batch [35.726] delay 10.943 ms
INFO: at 6064.771 ms fetching 35.726 ms
INFO: at 6076.360 ms batch [4.188] delay 10.943 ms
INFO: at 6076.360 ms fetching 4.188 ms
INFO: at 6088.092 ms batch [4.291] delay 10.943 ms
INFO: at 6088.092 ms fetching 4.291 ms
INFO: at 6099.786 ms batch [35.050] delay 10.943 ms
INFO: at 6099.786 ms fetching 35.050 ms
INFO: at 6111.337 ms batch [5.212] delay 10.943 ms
INFO: at 6111.337 ms fetching 5.212 ms
INFO: at 6123.225 ms batch [4.664] delay 10.943 ms
INFO: at 6123.225 ms fetching 4.664 ms
INFO: at 6135.136 ms batch [4.160] delay 9.727 ms
INFO: at 6135.136 ms fetching 4.160 ms
INFO: at 6146.170 ms batch [5.007] delay 9.727 ms
INFO: at 6146.170 ms fetching 5.007 ms
INFO: at 6156.928 ms batch [4.892] delay 9.727 ms
INFO: at 6156.928 ms fetching 4.892 ms
INFO: at 6167.697 ms batch [4.280] delay 9.727 ms
INFO: at 6167.697 ms fetching 4.280 ms
INFO: at 6178.487 ms batch [4.884] delay 9.727 ms
INFO: at 6178.487 ms fetching 4.884 ms
INFO: at 6189.175 ms batch [35.206] delay 9.727 ms
INFO: at 6189.175 ms fetching 35.206 ms
INFO: at 6199.511 ms batch [40.385] delay 9.727 ms
INFO: at 6199.511 ms fetching 40.385 ms
INFO: at 6209.669 ms batch [5.108] delay 9.727 ms
INFO: at 6209.669 ms fetching 5.108 ms
INFO: at 6220.324 ms batch [4.784] delay 9.727 ms
INFO: at 6220.324 ms fetching 4.784 ms
INFO: at 6231.135 ms batch [31.908] delay 12.506 ms
INFO: at 6231.135 ms fetching 31.908 ms
INFO: at 6243.724 ms batch [35.775] delay 12.506 ms
INFO: at 6243.724 ms fetching 35.775 ms
INFO: at 6256.539 ms batch [33.966] delay 12.506 ms
INFO: at 6256.539 ms fetching 33.966 ms
INFO: at 6269.419 ms batch [35.309] delay 12.506 ms
INFO: at 6269.419 ms fetching 35.309 ms
INFO: at 6282.279 ms batch [4.695] delay 12.506 ms
INFO: at 6282.279 ms fetching 4.695 ms
INFO: at 6295.165 ms batch [35.581] delay 12.506 ms
INFO: at 6295.165 ms fetching 35.581 ms
INFO: at 6309.705 ms batch [38.852] delay 12.506 ms
INFO: at 6309.705 ms fetching 38.852 ms
INFO: at 6322.553 ms batch [4.657] delay 9.727 ms
INFO: at 6322.553 ms fetching 4.657 ms
INFO: at 6333.240 ms batch [3.358] delay 9.727 ms
INFO: at 6333.240 ms fetching 3.358 ms
INFO: at 6343.796 ms batch [35.947] delay 9.727 ms
INFO: at 6343.796 ms fetching 35.947 ms
INFO: at 6354.412 ms batch [4.995] delay 9.727 ms
INFO: at 6354.412 ms fetching 4.995 ms
INFO: at 6365.011 ms batch [4.578] delay 9.727 ms
INFO: at 6365.011 ms fetching 4.578 ms
INFO: at 6375.527 ms batch [4.494] delay 9.727 ms
INFO: at 6375.527 ms fetching 4.494 ms
INFO: at 6386.270 ms batch [35.757] delay 9.727 ms
INFO: at 6386.270 ms fetching 35.757 ms
INFO: at 6396.863 ms batch [4.610] delay 9.727 ms
INFO: at 6396.863 ms fetching 4.610 ms
INFO: at 6407.607 ms batch [35.409] delay 9.727 ms
INFO: at 6407.607 ms fetching 35.409 ms
INFO: at 6418.534 ms batch [3.821] delay 7.295 ms
INFO: at 6418.534 ms fetching 3.821 ms
INFO: at 6426.243 ms batch [4.652] delay 7.295 ms
INFO: at 6426.243 ms fetching 4.652 ms
INFO: at 6433.786 ms batch [5.383] delay 7.295 ms
INFO: at 6433.786 ms fetching 5.383 ms
INFO: at 6441.397 ms batch [33.547] delay 7.295 ms
INFO: at 6441.397 ms fetching 33.547 ms
INFO: at 6448.887 ms batch [4.233] delay 7.295 ms
INFO: at 6448.887 ms fetching 4.233 ms
INFO: at 6456.376 ms batch [35.187] delay 7.295 ms
INFO: at 6456.376 ms fetching 35.187 ms
INFO: at 6463.925 ms batch [4.393] delay 7.295 ms
INFO: at 6463.925 ms fetching 4.393 ms
INFO: at 6471.634 ms batch [4.216] delay 7.295 ms
INFO: at 6471.634 ms fetching 4.216 ms
INFO: at 6479.420 ms batch [38.250] delay 7.295 ms
INFO: at 6479.420 ms fetching 38.250 ms
INFO: at 6487.056 ms batch [4.437] delay 7.295 ms
INFO: at 6487.056 ms fetching 4.437 ms
INFO: at 6494.604 ms batch [4.031] delay 7.295 ms
INFO: at 6494.604 ms fetching 4.031 ms
INFO: at 6502.165 ms batch [34.633] delay 7.295 ms
INFO: at 6502.165 ms fetching 34.633 ms
INFO: at 6509.640 ms batch [5.567] delay 7.958 ms
INFO: at 6509.640 ms fetching 5.567 ms
INFO: at 6518.281 ms batch [4.677] delay 7.958 ms
INFO: at 6518.281 ms fetching 4.677 ms
INFO: at 6526.922 ms batch [36.069] delay 7.958 ms
INFO: at 6526.922 ms fetching 36.069 ms
INFO: at 6535.337 ms batch [37.080] delay 7.958 ms
INFO: at 6535.337 ms fetching 37.080 ms
INFO: at 6543.908 ms batch [4.954] delay 7.958 ms
INFO: at 6543.908 ms fetching 4.954 ms
INFO: at 6552.608 ms batch [36.089] delay 7.958 ms
INFO: at 6552.608 ms fetching 36.089 ms
INFO: at 6561.429 ms batch [36.130] delay 7.958 ms
INFO: at 6561.429 ms fetching 36.130 ms
INFO: at 6569.594 ms batch [4.956] delay 7.958 ms
INFO: at 6569.594 ms fetching 4.956 ms
INFO: at 6578.218 ms batch [35.836] delay 7.958 ms
INFO: at 6578.218 ms fetching 35.836 ms
INFO: at 6586.901 ms batch [36.546] delay 7.958 ms
INFO: at 6586.901 ms fetching 36.546 ms
INFO: at 6595.509 ms batch [5.198] delay 7.958 ms
INFO: at 6595.509 ms fetching 5.198 ms
INFO: at 6603.937 ms batch [4.818] delay 7.295 ms
INFO: at 6603.937 ms fetching 4.818 ms
INFO: at 6611.796 ms batch [4.901] delay 7.295 ms
INFO: at 6611.796 ms fetching 4.901 ms
INFO: at 6619.475 ms batch [4.608] delay 7.295 ms
INFO: at 6619.475 ms fetching 4.608 ms
INFO: at 6627.192 ms batch [4.418] delay 7.295 ms
INFO: at 6627.192 ms fetching 4.418 ms
INFO: at 6635.631 ms batch [5.465] delay 7.295 ms
INFO: at 6635.631 ms fetching 5.465 ms
INFO: at 6643.269 ms batch [5.252] delay 7.295 ms
INFO: at 6643.269 ms fetching 5.252 ms
INFO: at 6651.320 ms batch [34.514] delay 7.295 ms
INFO: at 6651.320 ms fetching 34.514 ms
INFO: at 6659.270 ms batch [4.772] delay 7.295 ms
INFO: at 6659.270 ms fetching 4.772 ms
INFO: at 6667.032 ms batch [6.005] delay 7.295 ms
INFO: at 6667.032 ms fetching 6.005 ms
INFO: at 6674.450 ms batch [35.926] delay 7.295 ms
INFO: at 6674.450 ms fetching 35.926 ms
INFO: at 6681.941 ms batch [4.762] delay 7.295 ms
INFO: at 6681.941 ms fetching 4.762 ms
INFO: at 6689.603 ms batch [4.573] delay 7.295 ms
INFO: at 6689.603 ms fetching 4.573 ms
INFO: at 6697.315 ms batch [37.260] delay 7.295 ms
INFO: at 6697.315 ms fetching 37.260 ms
INFO: at 6705.244 ms batch [4.364] delay 7.295 ms
INFO: at 6705.244 ms fetching 4.364 ms
INFO: at 6712.821 ms batch [40.705] delay 7.295 ms
INFO: at 6712.821 ms fetching 40.705 ms
INFO: at 6720.464 ms batch [32.574] delay 7.295 ms
INFO: at 6720.464 ms fetching 32.574 ms
INFO: at 6727.968 ms batch [4.283] delay 7.295 ms
INFO: at 6727.968 ms fetching 4.283 ms
INFO: at 6735.633 ms batch [4.889] delay 7.295 ms
INFO: at 6735.633 ms fetching 4.889 ms
INFO: at 6743.433 ms batch [34.476] delay 7.295 ms
INFO: at 6743.433 ms fetching 34.476 ms
INFO: at 6751.142 ms batch [4.526] delay 7.295 ms
INFO: at 6751.142 ms fetching 4.526 ms
INFO: at 6758.574 ms batch [38.006] delay 7.295 ms
INFO: at 6758.574 ms fetching 38.006 ms
INFO: at 6766.523 ms batch [35.040] delay 7.295 ms
INFO: at 6766.523 ms fetching 35.040 ms
INFO: at 6774.027 ms batch [34.223] delay 7.295 ms
INFO: at 6774.027 ms fetching 34.223 ms
INFO: at 6781.582 ms batch [4.876] delay 7.295 ms
INFO: at 6781.582 ms fetching 4.876 ms
INFO: at 6789.163 ms batch [4.001] delay 5.836 ms
INFO: at 6789.163 ms fetching 4.001 ms
INFO: at 6795.818 ms batch [36.277] delay 5.836 ms
INFO: at 6795.818 ms fetching 36.277 ms
INFO: at 6802.590 ms batch [4.114] delay 5.836 ms
INFO: at 6802.590 ms fetching 4.114 ms
INFO: at 6809.171 ms batch [35.196] delay 5.836 ms
INFO: at 6809.171 ms fetching 35.196 ms
INFO: at 6815.853 ms batch [4.349] delay 5.836 ms
INFO: at 6815.853 ms fetching 4.349 ms
INFO: at 6822.316 ms batch [37.273] delay 5.836 ms
INFO: at 6822.316 ms fetching 37.273 ms
INFO: at 6828.871 ms batch [5.263] delay 5.836 ms
INFO: at 6828.871 ms fetching 5.263 ms
INFO: at 6835.386 ms batch [4.654] delay 5.836 ms
INFO: at 6835.386 ms fetching 4.654 ms
INFO: at 6841.903 ms batch [4.222] delay 5.836 ms
INFO: at 6841.903 ms fetching 4.222 ms
INFO: at 6848.437 ms batch [33.725] delay 5.836 ms
INFO: at 6848.437 ms fetching 33.725 ms
INFO: at 6855.238 ms batch [4.505] delay 5.836 ms
INFO: at 6855.238 ms fetching 4.505 ms
INFO: at 6861.857 ms batch [38.293] delay 5.836 ms
INFO: at 6861.857 ms fetching 38.293 ms
INFO: at 6868.491 ms batch [37.468] delay 5.836 ms
INFO: at 6868.491 ms fetching 37.468 ms
INFO: at 6874.794 ms batch [5.229] delay 5.836 ms
INFO: at 6874.794 ms fetching 5.229 ms
INFO: at 6881.433 ms batch [35.877] delay 5.836 ms
INFO: at 6881.433 ms fetching 35.877 ms
INFO: at 6887.846 ms batch [5.701] delay 10.943 ms
INFO: at 6887.846 ms fetching 5.701 ms
INFO: at 6899.484 ms batch [5.185] delay 10.943 ms
INFO: at 6899.484 ms fetching 5.185 ms
INFO: at 6911.389 ms batch [34.540] delay 10.943 ms
INFO: at 6911.389 ms fetching 34.540 ms
INFO: at 6923.209 ms batch [4.662] delay 10.943 ms
INFO: at 6923.209 ms fetching 4.662 ms
INFO: at 6934.783 ms batch [35.654] delay 10.943 ms
INFO: at 6934.783 ms fetching 35.654 ms
INFO: at 6946.534 ms batch [4.742] delay 10.943 ms
INFO: at 6946.534 ms fetching 4.742 ms
INFO: at 6958.332 ms batch [33.338] delay 10.943 ms
INFO: at 6958.332 ms fetching 33.338 ms
INFO: at 6969.943 ms batch [5.606] delay 10.943 ms
INFO: at 6969.943 ms fetching 5.606 ms
INFO: at 6983.107 ms batch [34.376] delay 8.754 ms
INFO: at 6983.107 ms fetching 34.376 ms
INFO: at 6992.336 ms batch [6.690] delay 8.754 ms
INFO: at 6992.336 ms fetching 6.690 ms
INFO: at 7001.435 ms batch [4.199] delay 8.754 ms
INFO: at 7001.435 ms fetching 4.199 ms
INFO: at 7012.206 ms batch [35.114] delay 8.754 ms
INFO: at 7012.206 ms fetching 35.114 ms
INFO: at 7021.320 ms batch [34.755] delay 8.754 ms
INFO: at 7021.320 ms fetching 34.755 ms
INFO: at 7032.253 ms batch [34.236] delay 8.754 ms
INFO: at 7032.253 ms fetching 34.236 ms
INFO: at 7041.477 ms batch [34.107] delay 8.754 ms
INFO: at 7041.477 ms fetching 34.107 ms
INFO: at 7050.726 ms batch [4.980] delay 8.754 ms
INFO: at 7050.726 ms fetching 4.980 ms
INFO: at 7061.566 ms batch [36.259] delay 8.754 ms
INFO: at 7061.566 ms fetching 36.259 ms
INFO: at 7070.875 ms batch [36.100] delay 8.754 ms
INFO: at 7070.875 ms fetching 36.100 ms
INFO: at 7080.102 ms batch [4.810] delay 9.727 ms
INFO: at 7080.102 ms fetching 4.810 ms
INFO: at 7091.248 ms batch [4.645] delay 9.727 ms
INFO: at 7091.248 ms fetching 4.645 ms
INFO: at 7102.036 ms batch [36.397] delay 9.727 ms
INFO: at 7102.036 ms fetching 36.397 ms
INFO: at 7112.886 ms batch [37.501] delay 9.727 ms
INFO: at 7112.886 ms fetching 37.501 ms
INFO: at 7123.899 ms batch [4.327] delay 9.727 ms
INFO: at 7123.899 ms fetching 4.327 ms
INFO: at 7134.143 ms batch [4.779] delay 9.727 ms
INFO: at 7134.143 ms fetching 4.779 ms
INFO: at 7145.029 ms batch [4.443] delay 9.727 ms
INFO: at 7145.029 ms fetching 4.443 ms
INFO: at 7155.710 ms batch [34.571] delay 9.727 ms
INFO: at 7155.710 ms fetching 34.571 ms
INFO: at 7166.677 ms batch [5.085] delay 9.727 ms
INFO: at 7166.677 ms fetching 5.085 ms
INFO: at 7177.550 ms batch [4.702] delay 7.295 ms
INFO: at 7177.550 ms fetching 4.702 ms
INFO: at 7185.520 ms batch [31.235] delay 7.295 ms
INFO: at 7185.520 ms fetching 31.235 ms
INFO: at 7193.551 ms batch [35.469] delay 7.295 ms
INFO: at 7193.551 ms fetching 35.469 ms
INFO: at 7201.522 ms batch [38.571] delay 7.295 ms
INFO: at 7201.522 ms fetching 38.571 ms
INFO: at 7209.409 ms batch [34.427] delay 7.295 ms
INFO: at 7209.409 ms fetching 34.427 ms
INFO: at 7217.124 ms batch [4.931] delay 7.295 ms
INFO: at 7217.124 ms fetching 4.931 ms
INFO: at 7225.435 ms batch [36.343] delay 7.295 ms
INFO: at 7225.435 ms fetching 36.343 ms
INFO: at 7233.009 ms batch [4.596] delay 7.295 ms
INFO: at 7233.009 ms fetching 4.596 ms
INFO: at 7240.687 ms batch [4.414] delay 7.295 ms
INFO: at 7240.687 ms fetching 4.414 ms
INFO: at 7248.506 ms batch [34.888] delay 7.295 ms
INFO: at 7248.506 ms fetching 34.888 ms
INFO: at 7256.448 ms batch [5.157] delay 7.295 ms
INFO: at 7256.448 ms fetching 5.157 ms
INFO: at 7264.398 ms batch [3.720] delay 7.295 ms
INFO: at 7264.398 ms fetching 3.720 ms
INFO: at 7272.474 ms batch [36.589] delay 4.377 ms
INFO: at 7272.474 ms fetching 36.589 ms
INFO: at 7277.199 ms batch [35.795] delay 4.377 ms
INFO: at 7277.199 ms fetching 35.795 ms
INFO: at 7282.022 ms batch [5.009] delay 4.377 ms
INFO: at 7282.022 ms fetching 5.009 ms
INFO: at 7286.707 ms batch [37.028] delay 4.377 ms
INFO: at 7286.707 ms fetching 37.028 ms
INFO: at 7291.421 ms batch [4.330] delay 4.377 ms
INFO: at 7291.421 ms fetching 4.330 ms
INFO: at 7296.133 ms batch [33.318] delay 4.377 ms
INFO: at 7296.133 ms fetching 33.318 ms
INFO: at 7300.819 ms batch [4.637] delay 4.377 ms
INFO: at 7300.819 ms fetching 4.637 ms
INFO: at 7305.547 ms batch [37.773] delay 4.377 ms
INFO: at 7305.547 ms fetching 37.773 ms
INFO: at 7310.189 ms batch [4.219] delay 4.377 ms
INFO: at 7310.189 ms fetching 4.219 ms
INFO: at 7314.765 ms batch [5.111] delay 4.377 ms
INFO: at 7314.765 ms fetching 5.111 ms
INFO: at 7319.322 ms batch [35.561] delay 4.377 ms
INFO: at 7319.322 ms fetching 35.561 ms
INFO: at 7324.409 ms batch [34.609] delay 4.377 ms
INFO: at 7324.409 ms fetching 34.609 ms
INFO: at 7329.910 ms batch [35.765] delay 4.377 ms
INFO: at 7329.910 ms fetching 35.765 ms
INFO: at 7334.438 ms batch [33.454] delay 4.377 ms
INFO: at 7334.438 ms fetching 33.454 ms
INFO: at 7339.905 ms batch [34.922] delay 4.377 ms
INFO: at 7339.905 ms fetching 34.922 ms
INFO: at 7344.521 ms batch [3.775] delay 4.377 ms
INFO: at 7344.521 ms fetching 3.775 ms
INFO: at 7349.057 ms batch [37.209] delay 4.377 ms
INFO: at 7349.057 ms fetching 37.209 ms
INFO: at 7353.648 ms batch [35.124] delay 4.377 ms
INFO: at 7353.648 ms fetching 35.124 ms
INFO: at 7358.318 ms batch [4.474] delay 4.377 ms
INFO: at 7358.318 ms fetching 4.474 ms
INFO: at 7362.904 ms batch [38.930] delay 4.377 ms
INFO: at 7362.904 ms fetching 38.930 ms
INFO: at 7367.602 ms batch [5.025] delay 7.958 ms
INFO: at 7367.602 ms fetching 5.025 ms
INFO: at 7376.485 ms batch [3.749] delay 7.958 ms
INFO: at 7376.485 ms fetching 3.749 ms
INFO: at 7385.595 ms batch [4.575] delay 7.958 ms
INFO: at 7385.595 ms fetching 4.575 ms
INFO: at 7394.594 ms batch [37.183] delay 7.958 ms
INFO: at 7394.594 ms fetching 37.183 ms
INFO: at 7403.664 ms batch [34.208] delay 7.958 ms
INFO: at 7403.664 ms fetching 34.208 ms
INFO: at 7412.721 ms batch [34.302] delay 7.958 ms
INFO: at 7412.721 ms fetching 34.302 ms
INFO: at 7421.794 ms batch [34.879] delay 7.958 ms
INFO: at 7421.794 ms fetching 34.879 ms
INFO: at 7429.889 ms batch [4.409] delay 7.958 ms
INFO: at 7429.889 ms fetching 4.409 ms
INFO: at 7438.468 ms batch [38.459] delay 7.958 ms
INFO: at 7438.468 ms fetching 38.459 ms
INFO: at 7447.294 ms batch [3.705] delay 7.958 ms
INFO: at 7447.294 ms fetching 3.705 ms
INFO: at 7456.137 ms batch [33.358] delay 7.958 ms
INFO: at 7456.137 ms fetching 33.358 ms
INFO: at 7464.969 ms batch [5.288] delay 10.943 ms
INFO: at 7464.969 ms fetching 5.288 ms
INFO: at 7476.780 ms batch [34.722] delay 10.943 ms
INFO: at 7476.780 ms fetching 34.722 ms
INFO: at 7488.660 ms batch [39.542] delay 10.943 ms
INFO: at 7488.660 ms fetching 39.542 ms
INFO: at 7500.633 ms batch [4.904] delay 10.943 ms
INFO: at 7500.633 ms fetching 4.904 ms
INFO: at 7512.099 ms batch [36.019] delay 10.943 ms
INFO: at 7512.099 ms fetching 36.019 ms
INFO: at 7523.357 ms batch [35.489] delay 10.943 ms
INFO: at 7523.357 ms fetching 35.489 ms
INFO: at 7535.079 ms batch [4.099] delay 10.943 ms
INFO: at 7535.079 ms fetching 4.099 ms
INFO: at 7546.807 ms batch [6.131] delay 10.943 ms
INFO: at 7546.807 ms fetching 6.131 ms
INFO: at 7558.688 ms batch [32.801] delay 10.943 ms
INFO: at 7558.688 ms fetching 32.801 ms
INFO: at 7570.589 ms batch [36.354] delay 10.943 ms
INFO: at 7570.589 ms fetching 36.354 ms
INFO: at 7582.364 ms batch [34.340] delay 10.943 ms
INFO: at 7582.364 ms fetching 34.340 ms
INFO: at 7593.922 ms batch [36.537] delay 10.943 ms
INFO: at 7593.922 ms fetching 36.537 ms
INFO: at 7605.738 ms batch [35.897] delay 10.943 ms
INFO: at 7605.738 ms fetching 35.897 ms
INFO: at 7616.999 ms batch [36.505] delay 10.943 ms
INFO: at 7616.999 ms fetching 36.505 ms
INFO: at 7628.768 ms batch [5.089] delay 10.943 ms
INFO: at 7628.768 ms fetching 5.089 ms
INFO: at 7640.242 ms batch [37.116] delay 10.943 ms
INFO: at 7640.242 ms fetching 37.116 ms
INFO: at 7651.987 ms batch [4.894] delay 7.958 ms
INFO: at 7651.987 ms fetching 4.894 ms
INFO: at 7660.784 ms batch [34.452] delay 7.958 ms
INFO: at 7660.784 ms fetching 34.452 ms
INFO: at 7669.756 ms batch [3.428] delay 7.958 ms
INFO: at 7669.756 ms fetching 3.428 ms
INFO: at 7678.790 ms batch [4.667] delay 7.958 ms
INFO: at 7678.790 ms fetching 4.667 ms
INFO: at 7687.292 ms batch [4.020] delay 7.958 ms
INFO: at 7687.292 ms fetching 4.020 ms
INFO: at 7695.664 ms batch [33.528] delay 7.958 ms
INFO: at 7695.664 ms fetching 33.528 ms
INFO: at 7703.815 ms batch [4.800] delay 7.958 ms
INFO: at 7703.815 ms fetching 4.800 ms
INFO: at 7712.437 ms batch [4.834] delay 7.958 ms
INFO: at 7712.437 ms fetching 4.834 ms
INFO: at 7721.216 ms batch [31.081] delay 7.958 ms
INFO: at 7721.216 ms fetching 31.081 ms
INFO: at 7730.130 ms batch [5.082] delay 7.958 ms
INFO: at 7730.130 ms fetching 5.082 ms
INFO: at 7738.659 ms batch [4.745] delay 7.958 ms
INFO: at 7738.659 ms fetching 4.745 ms
INFO: at 7747.331 ms batch [4.682] delay 6.253 ms
INFO: at 7747.331 ms fetching 4.682 ms
INFO: at 7754.263 ms batch [37.915] delay 6.253 ms
INFO: at 7754.263 ms fetching 37.915 ms
INFO: at 7761.202 ms batch [4.081] delay 6.253 ms
INFO: at 7761.202 ms fetching 4.081 ms
INFO: at 7768.074 ms batch [4.857] delay 6.253 ms
INFO: at 7768.074 ms fetching 4.857 ms
INFO: at 7774.772 ms batch [32.252] delay 6.253 ms
INFO: at 7774.772 ms fetching 32.252 ms
INFO: at 7781.188 ms batch [35.643] delay 6.253 ms
INFO: at 7781.188 ms fetching 35.643 ms
INFO: at 7787.662 ms batch [34.414] delay 6.253 ms
INFO: at 7787.662 ms fetching 34.414 ms
INFO: at 7794.379 ms batch [34.909] delay 6.253 ms
INFO: at 7794.379 ms fetching 34.909 ms
INFO: at 7800.921 ms batch [4.757] delay 6.253 ms
INFO: at 7800.921 ms fetching 4.757 ms
INFO: at 7807.511 ms batch [39.285] delay 6.253 ms
INFO: at 7807.511 ms fetching 39.285 ms
INFO: at 7814.376 ms batch [36.795] delay 6.253 ms
INFO: at 7814.376 ms fetching 36.795 ms
INFO: at 7820.942 ms batch [4.334] delay 6.253 ms
INFO: at 7820.942 ms fetching 4.334 ms
INFO: at 7827.885 ms batch [4.555] delay 6.253 ms
INFO: at 7827.885 ms fetching 4.555 ms
INFO: at 7834.488 ms batch [4.059] delay 6.253 ms
INFO: at 7834.488 ms fetching 4.059 ms
INFO: at 7841.194 ms batch [4.294] delay 7.958 ms
INFO: at 7841.194 ms fetching 4.294 ms
INFO: at 7849.998 ms batch [3.982] delay 7.958 ms
INFO: at 7849.998 ms fetching 3.982 ms
INFO: at 7858.723 ms batch [5.051] delay 7.958 ms
INFO: at 7858.723 ms fetching 5.051 ms
INFO: at 7867.409 ms batch [4.371] delay 7.958 ms
INFO: at 7867.409 ms fetching 4.371 ms
INFO: at 7876.261 ms batch [5.048] delay 7.958 ms
INFO: at 7876.261 ms fetching 5.048 ms
INFO: at 7885.151 ms batch [4.849] delay 7.958 ms
INFO: at 7885.151 ms fetching 4.849 ms
INFO: at 7893.838 ms batch [34.931] delay 7.958 ms
INFO: at 7893.838 ms fetching 34.931 ms
INFO: at 7902.534 ms batch [5.061] delay 7.958 ms
INFO: at 7902.534 ms fetching 5.061 ms
INFO: at 7911.400 ms batch [36.332] delay 7.958 ms
INFO: at 7911.400 ms fetching 36.332 ms
INFO: at 7920.192 ms batch [4.420] delay 7.958 ms
INFO: at 7920.192 ms fetching 4.420 ms
INFO: at 7929.186 ms batch [35.427] delay 7.958 ms
INFO: at 7929.186 ms fetching 35.427 ms
INFO: at 7937.680 ms batch [5.042] delay 9.727 ms
INFO: at 7937.680 ms fetching 5.042 ms
INFO: at 7948.282 ms batch [38.541] delay 9.727 ms
INFO: at 7948.282 ms fetching 38.541 ms
INFO: at 7959.119 ms batch [37.440] delay 9.727 ms
INFO: at 7959.119 ms fetching 37.440 ms
INFO: at 7970.007 ms batch [35.676] delay 9.727 ms
INFO: at 7970.007 ms fetching 35.676 ms
INFO: at 7980.986 ms batch [4.765] delay 9.727 ms
INFO: at 7980.986 ms fetching 4.765 ms
INFO: at 7991.501 ms batch [36.652] delay 9.727 ms
INFO: at 7991.501 ms fetching 36.652 ms
INFO: at 8002.058 ms batch [36.228] delay 9.727 ms
INFO: at 8002.058 ms fetching 36.228 ms
INFO: at 8012.671 ms batch [37.345] delay 9.727 ms
INFO: at 8012.671 ms fetching 37.345 ms
INFO: at 8023.493 ms batch [5.054] delay 9.727 ms
INFO: at 8023.493 ms fetching 5.054 ms
INFO: at 8034.453 ms batch [36.010] delay 7.958 ms
INFO: at 8034.453 ms fetching 36.010 ms
INFO: at 8043.496 ms batch [4.382] delay 7.958 ms
INFO: at 8043.496 ms fetching 4.382 ms
INFO: at 8052.451 ms batch [4.499] delay 7.958 ms
INFO: at 8052.451 ms fetching 4.499 ms
INFO: at 8061.381 ms batch [34.855] delay 7.958 ms
INFO: at 8061.381 ms fetching 34.855 ms
INFO: at 8070.124 ms batch [5.312] delay 7.958 ms
INFO: at 8070.124 ms fetching 5.312 ms
INFO: at 8078.509 ms batch [5.093] delay 7.958 ms
INFO: at 8078.509 ms fetching 5.093 ms
INFO: at 8086.983 ms batch [4.169] delay 7.958 ms
INFO: at 8086.983 ms fetching 4.169 ms
INFO: at 8095.619 ms batch [4.208] delay 7.958 ms
INFO: at 8095.619 ms fetching 4.208 ms
INFO: at 8104.236 ms batch [37.483] delay 7.958 ms
INFO: at 8104.236 ms fetching 37.483 ms
INFO: at 8112.878 ms batch [4.649] delay 7.958 ms
INFO: at 8112.878 ms fetching 4.649 ms
INFO: at 8121.580 ms batch [36.162] delay 7.958 ms
INFO: at 8121.580 ms fetching 36.162 ms
INFO: at 8130.406 ms batch [4.552] delay 7.295 ms
INFO: at 8130.406 ms fetching 4.552 ms
INFO: at 8138.810 ms batch [3.941] delay 7.295 ms
INFO: at 8138.810 ms fetching 3.941 ms
INFO: at 8146.302 ms batch [35.686] delay 7.295 ms
INFO: at 8146.302 ms fetching 35.686 ms
INFO: at 8153.868 ms batch [34.845] delay 7.295 ms
INFO: at 8153.868 ms fetching 34.845 ms
INFO: at 8161.689 ms batch [32.542] delay 7.295 ms
INFO: at 8161.689 ms fetching 32.542 ms
INFO: at 8169.798 ms batch [3.833] delay 7.295 ms
INFO: at 8169.798 ms fetching 3.833 ms
INFO: at 8177.705 ms batch [34.965] delay 7.295 ms
INFO: at 8177.705 ms fetching 34.965 ms
INFO: at 8185.510 ms batch [33.862] delay 7.295 ms
INFO: at 8185.510 ms fetching 33.862 ms
INFO: at 8193.368 ms batch [5.136] delay 7.295 ms
INFO: at 8193.368 ms fetching 5.136 ms
INFO: at 8201.185 ms batch [37.863] delay 7.295 ms
INFO: at 8201.185 ms fetching 37.863 ms
INFO: at 8208.741 ms batch [4.518] delay 7.295 ms
INFO: at 8208.741 ms fetching 4.518 ms
INFO: at 8216.512 ms batch [37.688] delay 7.295 ms
INFO: at 8216.512 ms fetching 37.688 ms
INFO: at 8223.948 ms batch [35.103] delay 7.958 ms
INFO: at 8223.948 ms fetching 35.103 ms
INFO: at 8232.575 ms batch [3.235] delay 7.958 ms
INFO: at 8232.575 ms fetching 3.235 ms
INFO: at 8241.169 ms batch [33.812] delay 7.958 ms
INFO: at 8241.169 ms fetching 33.812 ms
INFO: at 8249.738 ms batch [4.490] delay 7.958 ms
INFO: at 8249.738 ms fetching 4.490 ms
INFO: at 8258.238 ms batch [4.920] delay 7.958 ms
INFO: at 8258.238 ms fetching 4.920 ms
INFO: at 8266.967 ms batch [37.129] delay 7.958 ms
INFO: at 8266.967 ms fetching 37.129 ms
INFO: at 8275.312 ms batch [35.816] delay 7.958 ms
INFO: at 8275.312 ms fetching 35.816 ms
INFO: at 8284.214 ms batch [4.267] delay 7.958 ms
INFO: at 8284.214 ms fetching 4.267 ms
INFO: at 8292.757 ms batch [5.101] delay 7.958 ms
INFO: at 8292.757 ms fetching 5.101 ms
INFO: at 8301.277 ms batch [4.124] delay 7.958 ms
INFO: at 8301.277 ms fetching 4.124 ms
INFO: at 8310.060 ms batch [4.531] delay 7.958 ms
INFO: at 8310.060 ms fetching 4.531 ms
INFO: at 8318.956 ms batch [33.259] delay 5.836 ms
INFO: at 8318.956 ms fetching 33.259 ms
INFO: at 8325.381 ms batch [35.590] delay 5.836 ms
INFO: at 8325.381 ms fetching 35.590 ms
INFO: at 8331.870 ms batch [4.482] delay 5.836 ms
INFO: at 8331.870 ms fetching 4.482 ms
INFO: at 8338.551 ms batch [36.808] delay 5.836 ms
INFO: at 8338.551 ms fetching 36.808 ms
INFO: at 8345.267 ms batch [33.979] delay 5.836 ms
INFO: at 8345.267 ms fetching 33.979 ms
INFO: at 8352.007 ms batch [34.698] delay 5.836 ms
INFO: at 8352.007 ms fetching 34.698 ms
INFO: at 8358.520 ms batch [33.757] delay 5.836 ms
INFO: at 8358.520 ms fetching 33.757 ms
INFO: at 8365.072 ms batch [34.976] delay 5.836 ms
INFO: at 8365.072 ms fetching 34.976 ms
INFO: at 8371.258 ms batch [35.917] delay 5.836 ms
INFO: at 8371.258 ms fetching 35.917 ms
INFO: at 8378.117 ms batch [32.940] delay 5.836 ms
INFO: at 8378.117 ms fetching 32.940 ms
INFO: at 8384.926 ms batch [5.004] delay 5.836 ms
INFO: at 8384.926 ms fetching 5.004 ms
INFO: at 8391.637 ms batch [4.512] delay 5.836 ms
INFO: at 8391.637 ms fetching 4.512 ms
INFO: at 8398.618 ms batch [33.602] delay 5.836 ms
INFO: at 8398.618 ms fetching 33.602 ms
INFO: at 8405.492 ms batch [5.013] delay 5.836 ms
INFO: at 8405.492 ms fetching 5.013 ms
INFO: at 8412.068 ms batch [4.317] delay 5.836 ms
INFO: at 8412.068 ms fetching 4.317 ms
INFO: at 8418.762 ms batch [36.566] delay 9.727 ms
INFO: at 8418.762 ms fetching 36.566 ms
INFO: at 8429.412 ms batch [4.774] delay 9.727 ms
INFO: at 8429.412 ms fetching 4.774 ms
INFO: at 8439.952 ms batch [35.966] delay 9.727 ms
INFO: at 8439.952 ms fetching 35.966 ms
INFO: at 8450.672 ms batch [4.119] delay 9.727 ms
INFO: at 8450.672 ms fetching 4.119 ms
INFO: at 8461.534 ms batch [4.855] delay 9.727 ms
INFO: at 8461.534 ms fetching 4.855 ms
INFO: at 8471.638 ms batch [35.134] delay 9.727 ms
INFO: at 8471.638 ms fetching 35.134 ms
INFO: at 8482.723 ms batch [38.662] delay 9.727 ms
INFO: at 8482.723 ms fetching 38.662 ms
INFO: at 8493.450 ms batch [35.499] delay 9.727 ms
INFO: at 8493.450 ms fetching 35.499 ms
INFO: at 8504.254 ms batch [38.159] delay 9.727 ms
INFO: at 8504.254 ms fetching 38.159 ms
INFO: at 8515.213 ms batch [34.365] delay 8.754 ms
INFO: at 8515.213 ms fetching 34.365 ms
INFO: at 8526.081 ms batch [4.685] delay 8.754 ms
INFO: at 8526.081 ms fetching 4.685 ms
INFO: at 8536.538 ms batch [39.726] delay 8.754 ms
INFO: at 8536.538 ms fetching 39.726 ms
INFO: at 8547.347 ms batch [4.314] delay 8.754 ms
INFO: at 8547.347 ms fetching 4.314 ms
INFO: at 8558.383 ms batch [36.758] delay 8.754 ms
INFO: at 8558.383 ms fetching 36.758 ms
INFO: at 8568.034 ms batch [4.567] delay 8.754 ms
INFO: at 8568.034 ms fetching 4.567 ms
INFO: at 8577.143 ms batch [36.173] delay 8.754 ms
INFO: at 8577.143 ms fetching 36.173 ms
INFO: at 8587.755 ms batch [36.141] delay 8.754 ms
INFO: at 8587.755 ms fetching 36.141 ms
INFO: at 8598.555 ms batch [4.977] delay 8.754 ms
INFO: at 8598.555 ms fetching 4.977 ms
INFO: at 8609.436 ms batch [4.820] delay 8.754 ms
INFO: at 8609.436 ms fetching 4.820 ms
INFO: at 8619.956 ms batch [5.064] delay 7.958 ms
INFO: at 8619.956 ms fetching 5.064 ms
INFO: at 8628.812 ms batch [4.515] delay 7.958 ms
INFO: at 8628.812 ms fetching 4.515 ms
INFO: at 8637.753 ms batch [5.145] delay 7.958 ms
INFO: at 8637.753 ms fetching 5.145 ms
INFO: at 8646.575 ms batch [37.318] delay 7.958 ms
INFO: at 8646.575 ms fetching 37.318 ms
INFO: at 8655.685 ms batch [5.447] delay 7.958 ms
INFO: at 8655.685 ms fetching 5.447 ms
INFO: at 8664.332 ms batch [4.915] delay 7.958 ms
INFO: at 8664.332 ms fetching 4.915 ms
INFO: at 8673.001 ms batch [34.352] delay 7.958 ms
INFO: at 8673.001 ms fetching 34.352 ms
INFO: at 8682.022 ms batch [39.384] delay 7.958 ms
INFO: at 8682.022 ms fetching 39.384 ms
INFO: at 8690.711 ms batch [37.384] delay 7.958 ms
INFO: at 8690.711 ms fetching 37.384 ms
INFO: at 8699.441 ms batch [4.971] delay 7.958 ms
INFO: at 8699.441 ms fetching 4.971 ms
INFO: at 8708.236 ms batch [34.163] delay 7.958 ms
INFO: at 8708.236 ms fetching 34.163 ms
INFO: at 8716.942 ms batch [4.287] delay 6.734 ms
INFO: at 8716.942 ms fetching 4.287 ms
INFO: at 8724.681 ms batch [4.431] delay 6.734 ms
INFO: at 8724.681 ms fetching 4.431 ms
INFO: at 8732.061 ms batch [4.752] delay 6.734 ms
INFO: at 8732.061 ms fetching 4.752 ms
INFO: at 8739.548 ms batch [35.550] delay 6.734 ms
INFO: at 8739.548 ms fetching 35.550 ms
INFO: at 8747.070 ms batch [36.206] delay 6.734 ms
INFO: at 8747.070 ms fetching 36.206 ms
INFO: at 8754.631 ms batch [5.330] delay 6.734 ms
INFO: at 8754.631 ms fetching 5.330 ms
INFO: at 8762.197 ms batch [32.038] delay 6.734 ms
INFO: at 8762.197 ms fetching 32.038 ms
INFO: at 8769.921 ms batch [4.917] delay 6.734 ms
INFO: at 8769.921 ms fetching 4.917 ms
INFO: at 8777.568 ms batch [4.626] delay 6.734 ms
INFO: at 8777.568 ms fetching 4.626 ms
INFO: at 8785.343 ms batch [5.268] delay 6.734 ms
INFO: at 8785.343 ms fetching 5.268 ms
INFO: at 8792.883 ms batch [4.298] delay 6.734 ms
INFO: at 8792.883 ms fetching 4.298 ms
INFO: at 8800.510 ms batch [34.488] delay 6.734 ms
INFO: at 8800.510 ms fetching 34.488 ms
INFO: at 8808.296 ms batch [33.299] delay 6.734 ms
INFO: at 8808.296 ms fetching 33.299 ms
INFO: at 8816.038 ms batch [35.350] delay 6.253 ms
INFO: at 8816.038 ms fetching 35.350 ms
INFO: at 8822.785 ms batch [35.886] delay 6.253 ms
INFO: at 8822.785 ms fetching 35.886 ms
INFO: at 8829.499 ms batch [5.438] delay 6.253 ms
INFO: at 8829.499 ms fetching 5.438 ms
INFO: at 8836.089 ms batch [4.164] delay 6.253 ms
INFO: at 8836.089 ms fetching 4.164 ms
INFO: at 8842.957 ms batch [36.783] delay 6.253 ms
INFO: at 8842.957 ms fetching 36.783 ms
INFO: at 8849.448 ms batch [5.492] delay 6.253 ms
INFO: at 8849.448 ms fetching 5.492 ms
INFO: at 8856.008 ms batch [5.554] delay 6.253 ms
INFO: at 8856.008 ms fetching 5.554 ms
INFO: at 8862.651 ms batch [4.440] delay 6.253 ms
INFO: at 8862.651 ms fetching 4.440 ms
INFO: at 8869.480 ms batch [4.989] delay 6.253 ms
INFO: at 8869.480 ms fetching 4.989 ms
INFO: at 8876.301 ms batch [5.668] delay 6.253 ms
INFO: at 8876.301 ms fetching 5.668 ms
INFO: at 8883.238 ms batch [35.437] delay 6.253 ms
INFO: at 8883.238 ms fetching 35.437 ms
INFO: at 8890.248 ms batch [5.114] delay 6.253 ms
INFO: at 8890.248 ms fetching 5.114 ms
INFO: at 8897.301 ms batch [4.237] delay 6.253 ms
INFO: at 8897.301 ms fetching 4.237 ms
INFO: at 8904.297 ms batch [36.028] delay 6.253 ms
INFO: at 8904.297 ms fetching 36.028 ms
INFO: at 8911.009 ms batch [38.488] delay 7.958 ms
INFO: at 8911.009 ms fetching 38.488 ms
INFO: at 8919.822 ms batch [35.518] delay 7.958 ms
INFO: at 8919.822 ms fetching 35.518 ms
INFO: at 8928.688 ms batch [4.898] delay 7.958 ms
INFO: at 8928.688 ms fetching 4.898 ms
INFO: at 8937.537 ms batch [32.884] delay 7.958 ms
INFO: at 8937.537 ms fetching 32.884 ms
INFO: at 8946.630 ms batch [4.805] delay 7.958 ms
INFO: at 8946.630 ms fetching 4.805 ms
INFO: at 8955.368 ms batch [38.136] delay 7.958 ms
INFO: at 8955.368 ms fetching 38.136 ms
INFO: at 8964.190 ms batch [33.381] delay 7.958 ms
INFO: at 8964.190 ms fetching 33.381 ms
INFO: at 8973.055 ms batch [4.379] delay 7.958 ms
INFO: at 8973.055 ms fetching 4.379 ms
INFO: at 8982.062 ms batch [39.440] delay 7.958 ms
INFO: at 8982.062 ms fetching 39.440 ms
INFO: at 8990.559 ms batch [36.941] delay 7.958 ms
INFO: at 8990.559 ms fetching 36.941 ms
INFO: at 8999.143 ms batch [4.065] delay 7.958 ms
INFO: at 8999.143 ms fetching 4.065 ms
INFO: at 9007.834 ms batch [36.706] delay 8.754 ms
INFO: at 9007.834 ms fetching 36.706 ms
INFO: at 9018.699 ms batch [34.643] delay 8.754 ms
INFO: at 9018.699 ms fetching 34.643 ms
INFO: at 9027.698 ms batch [4.870] delay 8.754 ms
INFO: at 9027.698 ms fetching 4.870 ms
INFO: at 9037.478 ms batch [36.248] delay 8.754 ms
INFO: at 9037.478 ms fetching 36.248 ms
INFO: at 9048.373 ms batch [4.138] delay 8.754 ms
INFO: at 9048.373 ms fetching 4.138 ms
INFO: at 9059.409 ms batch [3.911] delay 8.754 ms
INFO: at 9059.409 ms fetching 3.911 ms
INFO: at 9070.286 ms batch [3.918] delay 8.754 ms
INFO: at 9070.286 ms fetching 3.918 ms
INFO: at 9080.974 ms batch [36.462] delay 8.754 ms
INFO: at 9080.974 ms fetching 36.462 ms
INFO: at 9091.958 ms batch [38.893] delay 8.754 ms
INFO: at 9091.958 ms fetching 38.893 ms
INFO: at 9102.835 ms batch [33.149] delay 8.754 ms
INFO: at 9102.835 ms fetching 33.149 ms
INFO: at 9113.555 ms batch [33.993] delay 6.253 ms
INFO: at 9113.555 ms fetching 33.993 ms
INFO: at 9120.393 ms batch [4.428] delay 6.253 ms
INFO: at 9120.393 ms fetching 4.428 ms
INFO: at 9127.456 ms batch [32.510] delay 6.253 ms
INFO: at 9127.456 ms fetching 32.510 ms
INFO: at 9134.002 ms batch [34.665] delay 6.253 ms
INFO: at 9134.002 ms fetching 34.665 ms
INFO: at 9140.750 ms batch [4.634] delay 6.253 ms
INFO: at 9140.750 ms fetching 4.634 ms
INFO: at 9147.374 ms batch [37.544] delay 6.253 ms
INFO: at 9147.374 ms fetching 37.544 ms
INFO: at 9154.013 ms batch [37.154] delay 6.253 ms
INFO: at 9154.013 ms fetching 37.154 ms
INFO: at 9160.876 ms batch [34.035] delay 6.253 ms
INFO: at 9160.876 ms fetching 34.035 ms
INFO: at 9167.761 ms batch [34.065] delay 6.253 ms
INFO: at 9167.761 ms fetching 34.065 ms
INFO: at 9174.867 ms batch [3.976] delay 6.253 ms
INFO: at 9174.867 ms fetching 3.976 ms
INFO: at 9181.404 ms batch [5.121] delay 6.253 ms
INFO: at 9181.404 ms fetching 5.121 ms
INFO: at 9188.144 ms batch [4.172] delay 6.253 ms
INFO: at 9188.144 ms fetching 4.172 ms
INFO: done
INFO: stopping nexus
