INFO: nexus_dir=/workdir/nexus model_dir=/workdir/DynWork/Multimodal/Azure/incoming_rate_36.36/Modal_num/six_modal/1_x_P99/nexus/models log_dir=/workdir/DynWork/Multimodal/Azure/incoming_rate_36.36/Modal_num/six_modal/1_x_P99/nexus/logs model=fake_0
INFO: waiting frontend to spin up
INFO: ready to go
INFO: rock and roll
INFO: at 4.364 ms batch [79.014] delay 25.882 ms
INFO: at 4.364 ms fetching 79.014 ms
INFO: at 31.909 ms batch [46.496] delay 25.882 ms
INFO: at 31.909 ms fetching 46.496 ms
INFO: at 59.766 ms batch [29.690] delay 25.882 ms
INFO: at 59.766 ms fetching 29.690 ms
INFO: at 87.699 ms batch [45.852] delay 25.882 ms
INFO: at 87.699 ms fetching 45.852 ms
INFO: at 114.091 ms batch [47.039] delay 25.882 ms
INFO: at 114.091 ms fetching 47.039 ms
INFO: at 141.899 ms batch [31.430] delay 25.882 ms
INFO: at 141.899 ms fetching 31.430 ms
INFO: at 168.259 ms batch [14.476] delay 25.882 ms
INFO: at 168.259 ms fetching 14.476 ms
INFO: at 196.119 ms batch [95.194] delay 25.882 ms
INFO: at 196.119 ms fetching 95.194 ms
INFO: at 223.933 ms batch [80.830] delay 25.882 ms
INFO: at 223.933 ms fetching 80.830 ms
INFO: at 250.220 ms batch [62.911] delay 25.882 ms
INFO: at 250.220 ms fetching 62.911 ms
INFO: at 278.096 ms batch [13.006] delay 25.882 ms
INFO: at 278.096 ms fetching 13.006 ms
INFO: at 305.869 ms batch [13.462] delay 25.882 ms
INFO: at 305.869 ms fetching 13.462 ms
INFO: at 333.767 ms batch [46.629] delay 25.882 ms
INFO: at 333.767 ms fetching 46.629 ms
INFO: at 360.591 ms batch [63.077] delay 25.882 ms
INFO: at 360.591 ms fetching 63.077 ms
INFO: at 388.197 ms batch [45.677] delay 25.882 ms
INFO: at 388.197 ms fetching 45.677 ms
INFO: at 415.826 ms batch [63.985] delay 25.882 ms
INFO: at 415.826 ms fetching 63.985 ms
INFO: at 443.612 ms batch [80.490] delay 25.882 ms
INFO: at 443.612 ms fetching 80.490 ms
INFO: at 471.408 ms batch [96.200] delay 23.158 ms
INFO: at 471.408 ms fetching 96.200 ms
INFO: at 495.312 ms batch [96.990] delay 23.158 ms
INFO: at 495.312 ms fetching 96.990 ms
INFO: at 519.259 ms batch [79.966] delay 23.158 ms
INFO: at 519.259 ms fetching 79.966 ms
INFO: at 543.239 ms batch [80.781] delay 23.158 ms
INFO: at 543.239 ms fetching 80.781 ms
INFO: at 567.089 ms batch [46.717] delay 23.158 ms
INFO: at 567.089 ms fetching 46.717 ms
INFO: at 590.588 ms batch [79.294] delay 23.158 ms
INFO: at 590.588 ms fetching 79.294 ms
INFO: at 614.071 ms batch [79.522] delay 23.158 ms
INFO: at 614.071 ms fetching 79.522 ms
INFO: at 637.899 ms batch [46.988] delay 23.158 ms
INFO: at 637.899 ms fetching 46.988 ms
INFO: at 661.825 ms batch [30.733] delay 23.158 ms
INFO: at 661.825 ms fetching 30.733 ms
INFO: at 685.796 ms batch [63.127] delay 23.158 ms
INFO: at 685.796 ms fetching 63.127 ms
INFO: at 709.615 ms batch [78.644] delay 23.158 ms
INFO: at 709.615 ms fetching 78.644 ms
INFO: at 734.957 ms batch [80.877] delay 23.158 ms
INFO: at 734.957 ms fetching 80.877 ms
INFO: at 759.003 ms batch [80.808] delay 23.158 ms
INFO: at 759.003 ms fetching 80.808 ms
INFO: at 783.046 ms batch [81.204] delay 23.158 ms
INFO: at 783.046 ms fetching 81.204 ms
INFO: at 807.198 ms batch [46.658] delay 23.158 ms
INFO: at 807.198 ms fetching 46.658 ms
INFO: at 831.498 ms batch [96.920] delay 23.158 ms
INFO: at 831.498 ms fetching 96.920 ms
INFO: at 855.585 ms batch [47.941] delay 23.158 ms
INFO: at 855.585 ms fetching 47.941 ms
INFO: at 879.869 ms batch [29.986] delay 23.158 ms
INFO: at 879.869 ms fetching 29.986 ms
INFO: at 903.873 ms batch [64.511] delay 23.158 ms
INFO: at 903.873 ms fetching 64.511 ms
INFO: at 927.877 ms batch [14.106] delay 31.429 ms
INFO: at 927.877 ms fetching 14.106 ms
INFO: at 959.795 ms batch [47.342] delay 31.429 ms
INFO: at 959.795 ms fetching 47.342 ms
INFO: at 991.833 ms batch [10.000] delay 31.429 ms
INFO: at 991.833 ms fetching 10.000 ms
INFO: at 1023.899 ms batch [64.048] delay 31.429 ms
INFO: at 1023.899 ms fetching 64.048 ms
INFO: at 1056.148 ms batch [61.849] delay 31.429 ms
INFO: at 1056.148 ms fetching 61.849 ms
INFO: at 1088.544 ms batch [46.796] delay 31.429 ms
INFO: at 1088.544 ms fetching 46.796 ms
INFO: at 1121.134 ms batch [46.192] delay 31.429 ms
INFO: at 1121.134 ms fetching 46.192 ms
INFO: at 1153.212 ms batch [45.903] delay 31.429 ms
INFO: at 1153.212 ms fetching 45.903 ms
INFO: at 1185.812 ms batch [63.580] delay 31.429 ms
INFO: at 1185.812 ms fetching 63.580 ms
INFO: at 1217.851 ms batch [97.497] delay 31.429 ms
INFO: at 1217.851 ms fetching 97.497 ms
INFO: at 1249.837 ms batch [63.680] delay 31.429 ms
INFO: at 1249.837 ms fetching 63.680 ms
INFO: at 1282.345 ms batch [13.348] delay 31.429 ms
INFO: at 1282.345 ms fetching 13.348 ms
INFO: at 1314.398 ms batch [62.853] delay 31.429 ms
INFO: at 1314.398 ms fetching 62.853 ms
INFO: at 1346.453 ms batch [79.844] delay 31.429 ms
INFO: at 1346.453 ms fetching 79.844 ms
INFO: at 1378.912 ms batch [31.106] delay 25.882 ms
INFO: at 1378.912 ms fetching 31.106 ms
INFO: at 1406.851 ms batch [47.170] delay 25.882 ms
INFO: at 1406.851 ms fetching 47.170 ms
INFO: at 1434.858 ms batch [78.414] delay 25.882 ms
INFO: at 1434.858 ms fetching 78.414 ms
INFO: at 1462.806 ms batch [62.985] delay 25.882 ms
INFO: at 1462.806 ms fetching 62.985 ms
INFO: at 1490.878 ms batch [13.950] delay 25.882 ms
INFO: at 1490.878 ms fetching 13.950 ms
INFO: at 1517.723 ms batch [46.269] delay 25.882 ms
INFO: at 1517.723 ms fetching 46.269 ms
INFO: at 1545.733 ms batch [45.953] delay 25.882 ms
INFO: at 1545.733 ms fetching 45.953 ms
INFO: at 1573.447 ms batch [79.631] delay 25.882 ms
INFO: at 1573.447 ms fetching 79.631 ms
INFO: at 1601.421 ms batch [62.610] delay 25.882 ms
INFO: at 1601.421 ms fetching 62.610 ms
INFO: at 1628.297 ms batch [11.323] delay 25.882 ms
INFO: at 1628.297 ms fetching 11.323 ms
INFO: at 1656.266 ms batch [48.220] delay 25.882 ms
INFO: at 1656.266 ms fetching 48.220 ms
INFO: at 1684.293 ms batch [80.016] delay 25.882 ms
INFO: at 1684.293 ms fetching 80.016 ms
INFO: at 1712.322 ms batch [97.450] delay 25.882 ms
INFO: at 1712.322 ms fetching 97.450 ms
INFO: at 1740.383 ms batch [63.550] delay 25.882 ms
INFO: at 1740.383 ms fetching 63.550 ms
INFO: at 1767.179 ms batch [64.743] delay 25.882 ms
INFO: at 1767.179 ms fetching 64.743 ms
INFO: at 1795.105 ms batch [30.626] delay 25.882 ms
INFO: at 1795.105 ms fetching 30.626 ms
INFO: at 1823.114 ms batch [30.057] delay 25.882 ms
INFO: at 1823.114 ms fetching 30.057 ms
INFO: at 1851.115 ms batch [80.638] delay 27.500 ms
INFO: at 1851.115 ms fetching 80.638 ms
INFO: at 1879.154 ms batch [45.768] delay 27.500 ms
INFO: at 1879.154 ms fetching 45.768 ms
INFO: at 1906.912 ms batch [79.560] delay 27.500 ms
INFO: at 1906.912 ms fetching 79.560 ms
INFO: at 1935.373 ms batch [30.610] delay 27.500 ms
INFO: at 1935.373 ms fetching 30.610 ms
INFO: at 1963.426 ms batch [65.082] delay 27.500 ms
INFO: at 1963.426 ms fetching 65.082 ms
INFO: at 1991.441 ms batch [14.551] delay 27.500 ms
INFO: at 1991.441 ms fetching 14.551 ms
INFO: at 2019.391 ms batch [79.360] delay 27.500 ms
INFO: at 2019.391 ms fetching 79.360 ms
INFO: at 2047.482 ms batch [80.473] delay 27.500 ms
INFO: at 2047.482 ms fetching 80.473 ms
INFO: at 2075.815 ms batch [80.455] delay 27.500 ms
INFO: at 2075.815 ms fetching 80.455 ms
INFO: at 2104.164 ms batch [96.838] delay 27.500 ms
INFO: at 2104.164 ms fetching 96.838 ms
INFO: at 2132.549 ms batch [80.253] delay 27.500 ms
INFO: at 2132.549 ms fetching 80.253 ms
INFO: at 2160.893 ms batch [14.746] delay 27.500 ms
INFO: at 2160.893 ms fetching 14.746 ms
INFO: at 2189.203 ms batch [78.572] delay 27.500 ms
INFO: at 2189.203 ms fetching 78.572 ms
INFO: at 2217.504 ms batch [13.724] delay 27.500 ms
INFO: at 2217.504 ms fetching 13.724 ms
INFO: at 2245.814 ms batch [96.433] delay 27.500 ms
INFO: at 2245.814 ms fetching 96.433 ms
INFO: at 2274.141 ms batch [80.602] delay 27.500 ms
INFO: at 2274.141 ms fetching 80.602 ms
INFO: at 2302.365 ms batch [45.527] delay 27.500 ms
INFO: at 2302.365 ms fetching 45.527 ms
INFO: at 2330.692 ms batch [30.379] delay 27.500 ms
INFO: at 2330.692 ms fetching 30.379 ms
INFO: at 2359.012 ms batch [13.069] delay 27.500 ms
INFO: at 2359.012 ms fetching 13.069 ms
INFO: at 2387.320 ms batch [29.093] delay 27.500 ms
INFO: at 2387.320 ms fetching 29.093 ms
INFO: at 2415.687 ms batch [79.048] delay 27.500 ms
INFO: at 2415.687 ms fetching 79.048 ms
INFO: at 2444.045 ms batch [96.614] delay 27.500 ms
INFO: at 2444.045 ms fetching 96.614 ms
INFO: at 2471.790 ms batch [79.465] delay 27.500 ms
INFO: at 2471.790 ms fetching 79.465 ms
INFO: at 2499.953 ms batch [13.445] delay 27.500 ms
INFO: at 2499.953 ms fetching 13.445 ms
INFO: at 2528.710 ms batch [96.527] delay 27.500 ms
INFO: at 2528.710 ms fetching 96.527 ms
INFO: at 2556.725 ms batch [62.560] delay 27.500 ms
INFO: at 2556.725 ms fetching 62.560 ms
INFO: at 2584.737 ms batch [96.645] delay 27.500 ms
INFO: at 2584.737 ms fetching 96.645 ms
INFO: at 2612.935 ms batch [47.702] delay 27.500 ms
INFO: at 2612.935 ms fetching 47.702 ms
INFO: at 2640.994 ms batch [46.390] delay 27.500 ms
INFO: at 2640.994 ms fetching 46.390 ms
INFO: at 2668.969 ms batch [28.750] delay 27.500 ms
INFO: at 2668.969 ms fetching 28.750 ms
INFO: at 2696.883 ms batch [12.264] delay 27.500 ms
INFO: at 2696.883 ms fetching 12.264 ms
INFO: at 2724.863 ms batch [97.634] delay 27.500 ms
INFO: at 2724.863 ms fetching 97.634 ms
INFO: at 2753.477 ms batch [29.415] delay 27.500 ms
INFO: at 2753.477 ms fetching 29.415 ms
INFO: at 2781.410 ms batch [12.853] delay 27.500 ms
INFO: at 2781.410 ms fetching 12.853 ms
INFO: at 2809.417 ms batch [80.980] delay 27.500 ms
INFO: at 2809.417 ms fetching 80.980 ms
INFO: at 2838.541 ms batch [80.174] delay 27.500 ms
INFO: at 2838.541 ms fetching 80.174 ms
INFO: at 2867.220 ms batch [94.558] delay 27.500 ms
INFO: at 2867.220 ms fetching 94.558 ms
INFO: at 2895.068 ms batch [63.331] delay 27.500 ms
INFO: at 2895.068 ms fetching 63.331 ms
INFO: at 2923.027 ms batch [30.776] delay 27.500 ms
INFO: at 2923.027 ms fetching 30.776 ms
INFO: at 2951.045 ms batch [62.504] delay 27.500 ms
INFO: at 2951.045 ms fetching 62.504 ms
INFO: at 2980.326 ms batch [45.262] delay 27.500 ms
INFO: at 2980.326 ms fetching 45.262 ms
INFO: at 3008.355 ms batch [64.093] delay 27.500 ms
INFO: at 3008.355 ms fetching 64.093 ms
INFO: at 3036.754 ms batch [80.001] delay 27.500 ms
INFO: at 3036.754 ms fetching 80.001 ms
INFO: at 3065.196 ms batch [13.822] delay 27.500 ms
INFO: at 3065.196 ms fetching 13.822 ms
INFO: at 3092.961 ms batch [29.655] delay 27.500 ms
INFO: at 3092.961 ms fetching 29.655 ms
INFO: at 3120.996 ms batch [95.756] delay 27.500 ms
INFO: at 3120.996 ms fetching 95.756 ms
INFO: at 3149.470 ms batch [80.336] delay 27.500 ms
INFO: at 3149.470 ms fetching 80.336 ms
INFO: at 3177.420 ms batch [30.590] delay 27.500 ms
INFO: at 3177.420 ms fetching 30.590 ms
INFO: at 3205.339 ms batch [77.378] delay 29.333 ms
INFO: at 3205.339 ms fetching 77.378 ms
INFO: at 3235.501 ms batch [31.037] delay 29.333 ms
INFO: at 3235.501 ms fetching 31.037 ms
INFO: at 3265.400 ms batch [29.883] delay 29.333 ms
INFO: at 3265.400 ms fetching 29.883 ms
INFO: at 3295.234 ms batch [96.580] delay 29.333 ms
INFO: at 3295.234 ms fetching 96.580 ms
INFO: at 3325.057 ms batch [13.282] delay 29.333 ms
INFO: at 3325.057 ms fetching 13.282 ms
INFO: at 3354.997 ms batch [96.309] delay 29.333 ms
INFO: at 3354.997 ms fetching 96.309 ms
INFO: at 3384.801 ms batch [98.380] delay 29.333 ms
INFO: at 3384.801 ms fetching 98.380 ms
INFO: at 3414.646 ms batch [62.334] delay 29.333 ms
INFO: at 3414.646 ms fetching 62.334 ms
INFO: at 3444.664 ms batch [98.016] delay 29.333 ms
INFO: at 3444.664 ms fetching 98.016 ms
INFO: at 3474.591 ms batch [12.954] delay 29.333 ms
INFO: at 3474.591 ms fetching 12.954 ms
INFO: at 3504.343 ms batch [47.282] delay 29.333 ms
INFO: at 3504.343 ms fetching 47.282 ms
INFO: at 3534.089 ms batch [79.194] delay 29.333 ms
INFO: at 3534.089 ms fetching 79.194 ms
INFO: at 3563.967 ms batch [12.124] delay 29.333 ms
INFO: at 3563.967 ms fetching 12.124 ms
INFO: at 3593.881 ms batch [13.930] delay 29.333 ms
INFO: at 3593.881 ms fetching 13.930 ms
INFO: at 3623.927 ms batch [47.991] delay 29.333 ms
INFO: at 3623.927 ms fetching 47.991 ms
INFO: at 3654.195 ms batch [29.868] delay 29.333 ms
INFO: at 3654.195 ms fetching 29.868 ms
INFO: at 3683.962 ms batch [63.748] delay 29.333 ms
INFO: at 3683.962 ms fetching 63.748 ms
INFO: at 3713.784 ms batch [62.633] delay 29.333 ms
INFO: at 3713.784 ms fetching 62.633 ms
INFO: at 3743.985 ms batch [13.510] delay 29.333 ms
INFO: at 3743.985 ms fetching 13.510 ms
INFO: at 3773.824 ms batch [46.132] delay 29.333 ms
INFO: at 3773.824 ms fetching 46.132 ms
INFO: at 3803.443 ms batch [81.587] delay 29.333 ms
INFO: at 3803.443 ms fetching 81.587 ms
INFO: at 3833.499 ms batch [81.166] delay 29.333 ms
INFO: at 3833.499 ms fetching 81.166 ms
INFO: at 3863.506 ms batch [12.778] delay 29.333 ms
INFO: at 3863.506 ms fetching 12.778 ms
INFO: at 3893.505 ms batch [13.655] delay 29.333 ms
INFO: at 3893.505 ms fetching 13.655 ms
INFO: at 3923.808 ms batch [45.190] delay 29.333 ms
INFO: at 3923.808 ms fetching 45.190 ms
INFO: at 3953.719 ms batch [12.730] delay 29.333 ms
INFO: at 3953.719 ms fetching 12.730 ms
INFO: at 3983.746 ms batch [30.431] delay 29.333 ms
INFO: at 3983.746 ms fetching 30.431 ms
INFO: at 4013.778 ms batch [13.495] delay 29.333 ms
INFO: at 4013.778 ms fetching 13.495 ms
INFO: at 4043.807 ms batch [62.837] delay 29.333 ms
INFO: at 4043.807 ms fetching 62.837 ms
INFO: at 4073.870 ms batch [80.676] delay 29.333 ms
INFO: at 4073.870 ms fetching 80.676 ms
INFO: at 4104.626 ms batch [97.578] delay 31.429 ms
INFO: at 4104.626 ms fetching 97.578 ms
INFO: at 4136.641 ms batch [13.620] delay 31.429 ms
INFO: at 4136.641 ms fetching 13.620 ms
INFO: at 4168.662 ms batch [29.280] delay 31.429 ms
INFO: at 4168.662 ms fetching 29.280 ms
INFO: at 4200.678 ms batch [46.461] delay 31.429 ms
INFO: at 4200.678 ms fetching 46.461 ms
INFO: at 4233.543 ms batch [13.673] delay 31.429 ms
INFO: at 4233.543 ms fetching 13.673 ms
INFO: at 4266.109 ms batch [96.804] delay 31.429 ms
INFO: at 4266.109 ms fetching 96.804 ms
INFO: at 4298.200 ms batch [97.728] delay 31.429 ms
INFO: at 4298.200 ms fetching 97.728 ms
INFO: at 4330.019 ms batch [95.942] delay 31.429 ms
INFO: at 4330.019 ms fetching 95.942 ms
INFO: at 4362.025 ms batch [28.799] delay 31.429 ms
INFO: at 4362.025 ms fetching 28.799 ms
INFO: at 4393.977 ms batch [97.547] delay 31.429 ms
INFO: at 4393.977 ms fetching 97.547 ms
INFO: at 4425.859 ms batch [63.237] delay 31.429 ms
INFO: at 4425.859 ms fetching 63.237 ms
INFO: at 4457.914 ms batch [79.681] delay 31.429 ms
INFO: at 4457.914 ms fetching 79.681 ms
INFO: at 4489.918 ms batch [78.055] delay 31.429 ms
INFO: at 4489.918 ms fetching 78.055 ms
INFO: at 4521.929 ms batch [30.213] delay 31.429 ms
INFO: at 4521.929 ms fetching 30.213 ms
INFO: at 4555.388 ms batch [63.409] delay 44.000 ms
INFO: at 4555.388 ms fetching 63.409 ms
INFO: at 4600.443 ms batch [96.257] delay 44.000 ms
INFO: at 4600.443 ms fetching 96.257 ms
INFO: at 4645.245 ms batch [30.330] delay 44.000 ms
INFO: at 4645.245 ms fetching 30.330 ms
INFO: at 4690.284 ms batch [61.983] delay 44.000 ms
INFO: at 4690.284 ms fetching 61.983 ms
INFO: at 4735.320 ms batch [96.972] delay 44.000 ms
INFO: at 4735.320 ms fetching 96.972 ms
INFO: at 4779.817 ms batch [46.894] delay 44.000 ms
INFO: at 4779.817 ms fetching 46.894 ms
INFO: at 4824.859 ms batch [30.293] delay 44.000 ms
INFO: at 4824.859 ms fetching 30.293 ms
INFO: at 4869.862 ms batch [45.931] delay 44.000 ms
INFO: at 4869.862 ms fetching 45.931 ms
INFO: at 4914.163 ms batch [30.648] delay 44.000 ms
INFO: at 4914.163 ms fetching 30.648 ms
INFO: at 4959.931 ms batch [29.474] delay 44.000 ms
INFO: at 4959.931 ms fetching 29.474 ms
INFO: at 5005.005 ms batch [13.053] delay 25.882 ms
INFO: at 5005.005 ms fetching 13.053 ms
INFO: at 5032.059 ms batch [47.502] delay 25.882 ms
INFO: at 5032.059 ms fetching 47.502 ms
INFO: at 5058.597 ms batch [48.455] delay 25.882 ms
INFO: at 5058.597 ms fetching 48.455 ms
INFO: at 5086.605 ms batch [96.124] delay 25.882 ms
INFO: at 5086.605 ms fetching 96.124 ms
INFO: at 5113.970 ms batch [31.983] delay 25.882 ms
INFO: at 5113.970 ms fetching 31.983 ms
INFO: at 5141.980 ms batch [45.736] delay 25.882 ms
INFO: at 5141.980 ms fetching 45.736 ms
INFO: at 5168.523 ms batch [61.767] delay 25.882 ms
INFO: at 5168.523 ms fetching 61.767 ms
INFO: at 5196.631 ms batch [30.948] delay 25.882 ms
INFO: at 5196.631 ms fetching 30.948 ms
INFO: at 5224.637 ms batch [30.003] delay 25.882 ms
INFO: at 5224.637 ms fetching 30.003 ms
INFO: at 5252.646 ms batch [29.673] delay 25.882 ms
INFO: at 5252.646 ms fetching 29.673 ms
INFO: at 5279.401 ms batch [29.704] delay 25.882 ms
INFO: at 5279.401 ms fetching 29.704 ms
INFO: at 5307.438 ms batch [31.373] delay 25.882 ms
INFO: at 5307.438 ms fetching 31.373 ms
INFO: at 5335.481 ms batch [96.065] delay 25.882 ms
INFO: at 5335.481 ms fetching 96.065 ms
INFO: at 5363.521 ms batch [46.339] delay 25.882 ms
INFO: at 5363.521 ms fetching 46.339 ms
INFO: at 5390.576 ms batch [47.646] delay 25.882 ms
INFO: at 5390.576 ms fetching 47.646 ms
INFO: at 5418.686 ms batch [13.968] delay 25.882 ms
INFO: at 5418.686 ms fetching 13.968 ms
INFO: at 5446.743 ms batch [30.846] delay 25.882 ms
INFO: at 5446.743 ms fetching 30.846 ms
INFO: at 5474.793 ms batch [13.430] delay 24.444 ms
INFO: at 5474.793 ms fetching 13.430 ms
INFO: at 5499.804 ms batch [95.511] delay 24.444 ms
INFO: at 5499.804 ms fetching 95.511 ms
INFO: at 5524.861 ms batch [79.611] delay 24.444 ms
INFO: at 5524.861 ms fetching 79.611 ms
INFO: at 5549.668 ms batch [14.084] delay 24.444 ms
INFO: at 5549.668 ms fetching 14.084 ms
INFO: at 5574.659 ms batch [14.648] delay 24.444 ms
INFO: at 5574.659 ms fetching 14.648 ms
INFO: at 5599.611 ms batch [97.072] delay 24.444 ms
INFO: at 5599.611 ms fetching 97.072 ms
INFO: at 5624.655 ms batch [98.138] delay 24.444 ms
INFO: at 5624.655 ms fetching 98.138 ms
INFO: at 5649.671 ms batch [12.708] delay 24.444 ms
INFO: at 5649.671 ms fetching 12.708 ms
INFO: at 5674.530 ms batch [29.952] delay 24.444 ms
INFO: at 5674.530 ms fetching 29.952 ms
INFO: at 5700.045 ms batch [80.370] delay 24.444 ms
INFO: at 5700.045 ms fetching 80.370 ms
INFO: at 5725.061 ms batch [29.149] delay 24.444 ms
INFO: at 5725.061 ms fetching 29.149 ms
INFO: at 5749.894 ms batch [47.246] delay 24.444 ms
INFO: at 5749.894 ms fetching 47.246 ms
INFO: at 5775.304 ms batch [29.578] delay 24.444 ms
INFO: at 5775.304 ms fetching 29.578 ms
INFO: at 5800.169 ms batch [79.318] delay 24.444 ms
INFO: at 5800.169 ms fetching 79.318 ms
INFO: at 5824.938 ms batch [30.182] delay 24.444 ms
INFO: at 5824.938 ms fetching 30.182 ms
INFO: at 5849.862 ms batch [29.597] delay 24.444 ms
INFO: at 5849.862 ms fetching 29.597 ms
INFO: at 5874.913 ms batch [62.469] delay 24.444 ms
INFO: at 5874.913 ms fetching 62.469 ms
INFO: at 5899.851 ms batch [62.267] delay 24.444 ms
INFO: at 5899.851 ms fetching 62.267 ms
INFO: at 5924.766 ms batch [64.006] delay 25.882 ms
INFO: at 5924.766 ms fetching 64.006 ms
INFO: at 5952.751 ms batch [95.820] delay 25.882 ms
INFO: at 5952.751 ms fetching 95.820 ms
INFO: at 5980.534 ms batch [63.907] delay 25.882 ms
INFO: at 5980.534 ms fetching 63.907 ms
INFO: at 6008.590 ms batch [80.045] delay 25.882 ms
INFO: at 6008.590 ms fetching 80.045 ms
INFO: at 6035.489 ms batch [96.886] delay 25.882 ms
INFO: at 6035.489 ms fetching 96.886 ms
INFO: at 6063.434 ms batch [28.172] delay 25.882 ms
INFO: at 6063.434 ms fetching 28.172 ms
INFO: at 6091.323 ms batch [95.458] delay 25.882 ms
INFO: at 6091.323 ms fetching 95.458 ms
INFO: at 6119.372 ms batch [46.510] delay 25.882 ms
INFO: at 6119.372 ms fetching 46.510 ms
INFO: at 6147.419 ms batch [79.716] delay 25.882 ms
INFO: at 6147.419 ms fetching 79.716 ms
INFO: at 6174.007 ms batch [97.924] delay 25.882 ms
INFO: at 6174.007 ms fetching 97.924 ms
INFO: at 6202.172 ms batch [28.685] delay 25.882 ms
INFO: at 6202.172 ms fetching 28.685 ms
INFO: at 6230.200 ms batch [13.542] delay 25.882 ms
INFO: at 6230.200 ms fetching 13.542 ms
INFO: at 6258.179 ms batch [31.808] delay 25.882 ms
INFO: at 6258.179 ms fetching 31.808 ms
INFO: at 6286.238 ms batch [81.011] delay 25.882 ms
INFO: at 6286.238 ms fetching 81.011 ms
INFO: at 6313.321 ms batch [62.966] delay 25.882 ms
INFO: at 6313.321 ms fetching 62.966 ms
INFO: at 6341.179 ms batch [63.769] delay 25.882 ms
INFO: at 6341.179 ms fetching 63.769 ms
INFO: at 6369.162 ms batch [45.326] delay 25.882 ms
INFO: at 6369.162 ms fetching 45.326 ms
INFO: at 6397.093 ms batch [79.663] delay 27.500 ms
INFO: at 6397.093 ms fetching 79.663 ms
INFO: at 6425.151 ms batch [28.998] delay 27.500 ms
INFO: at 6425.151 ms fetching 28.998 ms
INFO: at 6453.525 ms batch [30.867] delay 27.500 ms
INFO: at 6453.525 ms fetching 30.867 ms
INFO: at 6481.350 ms batch [13.396] delay 27.500 ms
INFO: at 6481.350 ms fetching 13.396 ms
INFO: at 6509.348 ms batch [13.413] delay 27.500 ms
INFO: at 6509.348 ms fetching 13.413 ms
INFO: at 6537.370 ms batch [12.596] delay 27.500 ms
INFO: at 6537.370 ms fetching 12.596 ms
INFO: at 6565.374 ms batch [80.092] delay 27.500 ms
INFO: at 6565.374 ms fetching 80.092 ms
INFO: at 6593.269 ms batch [29.634] delay 27.500 ms
INFO: at 6593.269 ms fetching 29.634 ms
INFO: at 6621.328 ms batch [96.869] delay 27.500 ms
INFO: at 6621.328 ms fetching 96.869 ms
INFO: at 6649.353 ms batch [47.021] delay 27.500 ms
INFO: at 6649.353 ms fetching 47.021 ms
INFO: at 6678.070 ms batch [29.509] delay 27.500 ms
INFO: at 6678.070 ms fetching 29.509 ms
INFO: at 6705.892 ms batch [12.899] delay 27.500 ms
INFO: at 6705.892 ms fetching 12.899 ms
INFO: at 6733.860 ms batch [79.271] delay 27.500 ms
INFO: at 6733.860 ms fetching 79.271 ms
INFO: at 6761.806 ms batch [63.967] delay 27.500 ms
INFO: at 6761.806 ms fetching 63.967 ms
INFO: at 6789.814 ms batch [62.817] delay 27.500 ms
INFO: at 6789.814 ms fetching 62.817 ms
INFO: at 6817.901 ms batch [14.312] delay 27.500 ms
INFO: at 6817.901 ms fetching 14.312 ms
INFO: at 6846.563 ms batch [48.041] delay 36.667 ms
INFO: at 6846.563 ms fetching 48.041 ms
INFO: at 6884.582 ms batch [97.666] delay 36.667 ms
INFO: at 6884.582 ms fetching 97.666 ms
INFO: at 6922.476 ms batch [12.815] delay 36.667 ms
INFO: at 6922.476 ms fetching 12.815 ms
INFO: at 6959.760 ms batch [63.823] delay 36.667 ms
INFO: at 6959.760 ms fetching 63.823 ms
INFO: at 6997.854 ms batch [63.891] delay 36.667 ms
INFO: at 6997.854 ms fetching 63.891 ms
INFO: at 7035.905 ms batch [64.028] delay 36.667 ms
INFO: at 7035.905 ms fetching 64.028 ms
INFO: at 7073.926 ms batch [80.302] delay 36.667 ms
INFO: at 7073.926 ms fetching 80.302 ms
INFO: at 7111.143 ms batch [47.152] delay 36.667 ms
INFO: at 7111.143 ms fetching 47.152 ms
INFO: at 7149.182 ms batch [48.091] delay 36.667 ms
INFO: at 7149.182 ms fetching 48.091 ms
INFO: at 7186.995 ms batch [47.431] delay 36.667 ms
INFO: at 7186.995 ms fetching 47.431 ms
INFO: at 7225.058 ms batch [46.110] delay 36.667 ms
INFO: at 7225.058 ms fetching 46.110 ms
INFO: at 7263.160 ms batch [95.921] delay 36.667 ms
INFO: at 7263.160 ms fetching 95.921 ms
INFO: at 7300.548 ms batch [29.757] delay 29.333 ms
INFO: at 7300.548 ms fetching 29.757 ms
INFO: at 7330.568 ms batch [79.443] delay 29.333 ms
INFO: at 7330.568 ms fetching 79.443 ms
INFO: at 7360.564 ms batch [62.653] delay 29.333 ms
INFO: at 7360.564 ms fetching 62.653 ms
INFO: at 7390.492 ms batch [13.559] delay 29.333 ms
INFO: at 7390.492 ms fetching 13.559 ms
INFO: at 7420.471 ms batch [13.606] delay 29.333 ms
INFO: at 7420.471 ms fetching 13.606 ms
INFO: at 7450.491 ms batch [95.273] delay 29.333 ms
INFO: at 7450.491 ms fetching 95.273 ms
INFO: at 7480.474 ms batch [80.421] delay 29.333 ms
INFO: at 7480.474 ms fetching 80.421 ms
INFO: at 7510.501 ms batch [64.897] delay 29.333 ms
INFO: at 7510.501 ms fetching 64.897 ms
INFO: at 7540.817 ms batch [63.361] delay 29.333 ms
INFO: at 7540.817 ms fetching 63.361 ms
INFO: at 7570.900 ms batch [95.344] delay 29.333 ms
INFO: at 7570.900 ms fetching 95.344 ms
INFO: at 7600.912 ms batch [97.882] delay 29.333 ms
INFO: at 7600.912 ms fetching 97.882 ms
INFO: at 7630.950 ms batch [47.845] delay 29.333 ms
INFO: at 7630.950 ms fetching 47.845 ms
INFO: at 7660.902 ms batch [29.434] delay 29.333 ms
INFO: at 7660.902 ms fetching 29.434 ms
INFO: at 7691.568 ms batch [29.722] delay 29.333 ms
INFO: at 7691.568 ms fetching 29.722 ms
INFO: at 7721.615 ms batch [13.892] delay 29.333 ms
INFO: at 7721.615 ms fetching 13.892 ms
INFO: at 7751.594 ms batch [29.063] delay 23.158 ms
INFO: at 7751.594 ms fetching 29.063 ms
INFO: at 7775.640 ms batch [62.228] delay 23.158 ms
INFO: at 7775.640 ms fetching 62.228 ms
INFO: at 7799.886 ms batch [12.012] delay 23.158 ms
INFO: at 7799.886 ms fetching 12.012 ms
INFO: at 7823.859 ms batch [63.005] delay 23.158 ms
INFO: at 7823.859 ms fetching 63.005 ms
INFO: at 7847.703 ms batch [12.467] delay 23.158 ms
INFO: at 7847.703 ms fetching 12.467 ms
INFO: at 7871.539 ms batch [30.166] delay 23.158 ms
INFO: at 7871.539 ms fetching 30.166 ms
INFO: at 7895.164 ms batch [30.021] delay 23.158 ms
INFO: at 7895.164 ms fetching 30.021 ms
INFO: at 7919.159 ms batch [97.254] delay 23.158 ms
INFO: at 7919.159 ms fetching 97.254 ms
INFO: at 7943.180 ms batch [63.661] delay 23.158 ms
INFO: at 7943.180 ms fetching 63.661 ms
INFO: at 7967.197 ms batch [46.688] delay 23.158 ms
INFO: at 7967.197 ms fetching 46.688 ms
INFO: at 7991.014 ms batch [31.599] delay 23.158 ms
INFO: at 7991.014 ms fetching 31.599 ms
INFO: at 8015.120 ms batch [95.725] delay 23.158 ms
INFO: at 8015.120 ms fetching 95.725 ms
INFO: at 8038.835 ms batch [46.152] delay 23.158 ms
INFO: at 8038.835 ms fetching 46.152 ms
INFO: at 8062.836 ms batch [63.612] delay 23.158 ms
INFO: at 8062.836 ms fetching 63.612 ms
INFO: at 8086.890 ms batch [63.474] delay 23.158 ms
INFO: at 8086.890 ms fetching 63.474 ms
INFO: at 8110.951 ms batch [29.393] delay 23.158 ms
INFO: at 8110.951 ms fetching 29.393 ms
INFO: at 8134.969 ms batch [46.908] delay 23.158 ms
INFO: at 8134.969 ms fetching 46.908 ms
INFO: at 8158.895 ms batch [80.524] delay 23.158 ms
INFO: at 8158.895 ms fetching 80.524 ms
INFO: at 8182.484 ms batch [46.074] delay 23.158 ms
INFO: at 8182.484 ms fetching 46.074 ms
INFO: at 8206.180 ms batch [62.436] delay 31.429 ms
INFO: at 8206.180 ms fetching 62.436 ms
INFO: at 8238.190 ms batch [64.256] delay 31.429 ms
INFO: at 8238.190 ms fetching 64.256 ms
INFO: at 8270.167 ms batch [14.249] delay 31.429 ms
INFO: at 8270.167 ms fetching 14.249 ms
INFO: at 8301.975 ms batch [96.182] delay 31.429 ms
INFO: at 8301.975 ms fetching 96.182 ms
INFO: at 8335.673 ms batch [96.161] delay 31.429 ms
INFO: at 8335.673 ms fetching 96.161 ms
INFO: at 8367.704 ms batch [79.248] delay 31.429 ms
INFO: at 8367.704 ms fetching 79.248 ms
INFO: at 8399.696 ms batch [46.732] delay 31.429 ms
INFO: at 8399.696 ms fetching 46.732 ms
INFO: at 8431.576 ms batch [47.617] delay 31.429 ms
INFO: at 8431.576 ms fetching 47.617 ms
INFO: at 8463.587 ms batch [63.596] delay 31.429 ms
INFO: at 8463.587 ms fetching 63.596 ms
INFO: at 8495.557 ms batch [62.304] delay 31.429 ms
INFO: at 8495.557 ms fetching 62.304 ms
INFO: at 8527.591 ms batch [47.361] delay 31.429 ms
INFO: at 8527.591 ms fetching 47.361 ms
INFO: at 8559.645 ms batch [78.707] delay 31.429 ms
INFO: at 8559.645 ms fetching 78.707 ms
INFO: at 8592.072 ms batch [31.140] delay 31.429 ms
INFO: at 8592.072 ms fetching 31.140 ms
INFO: at 8624.080 ms batch [62.761] delay 31.429 ms
INFO: at 8624.080 ms fetching 62.761 ms
INFO: at 8655.785 ms batch [78.761] delay 33.846 ms
INFO: at 8655.785 ms fetching 78.761 ms
INFO: at 8690.733 ms batch [78.501] delay 33.846 ms
INFO: at 8690.733 ms fetching 78.501 ms
INFO: at 8725.223 ms batch [45.983] delay 33.846 ms
INFO: at 8725.223 ms fetching 45.983 ms
INFO: at 8760.272 ms batch [29.806] delay 33.846 ms
INFO: at 8760.272 ms fetching 29.806 ms
INFO: at 8795.246 ms batch [63.312] delay 33.846 ms
INFO: at 8795.246 ms fetching 63.312 ms
INFO: at 8829.437 ms batch [30.277] delay 33.846 ms
INFO: at 8829.437 ms fetching 30.277 ms
INFO: at 8863.677 ms batch [79.921] delay 33.846 ms
INFO: at 8863.677 ms fetching 79.921 ms
INFO: at 8898.670 ms batch [63.788] delay 33.846 ms
INFO: at 8898.670 ms fetching 63.788 ms
INFO: at 8933.302 ms batch [79.541] delay 33.846 ms
INFO: at 8933.302 ms fetching 79.541 ms
INFO: at 8968.328 ms batch [12.577] delay 33.846 ms
INFO: at 8968.328 ms fetching 12.577 ms
INFO: at 9003.332 ms batch [97.474] delay 33.846 ms
INFO: at 9003.332 ms fetching 97.474 ms
INFO: at 9038.178 ms batch [12.972] delay 33.846 ms
INFO: at 9038.178 ms fetching 12.972 ms
INFO: at 9073.037 ms batch [47.228] delay 33.846 ms
INFO: at 9073.037 ms fetching 47.228 ms
INFO: at 9107.811 ms batch [78.941] delay 25.882 ms
INFO: at 9107.811 ms fetching 78.941 ms
INFO: at 9134.868 ms batch [29.229] delay 25.882 ms
INFO: at 9134.868 ms fetching 29.229 ms
INFO: at 9162.848 ms batch [62.588] delay 25.882 ms
INFO: at 9162.848 ms fetching 62.588 ms
INFO: at 9190.127 ms batch [13.331] delay 25.882 ms
INFO: at 9190.127 ms fetching 13.331 ms
INFO: at 9218.228 ms batch [97.380] delay 25.882 ms
INFO: at 9218.228 ms fetching 97.380 ms
INFO: at 9246.256 ms batch [64.158] delay 25.882 ms
INFO: at 9246.256 ms fetching 64.158 ms
INFO: at 9272.823 ms batch [80.954] delay 25.882 ms
INFO: at 9272.823 ms fetching 80.954 ms
INFO: at 9300.768 ms batch [96.726] delay 25.882 ms
INFO: at 9300.768 ms fetching 96.726 ms
INFO: at 9328.759 ms batch [80.388] delay 25.882 ms
INFO: at 9328.759 ms fetching 80.388 ms
INFO: at 9356.671 ms batch [29.182] delay 25.882 ms
INFO: at 9356.671 ms fetching 29.182 ms
INFO: at 9384.258 ms batch [45.481] delay 25.882 ms
INFO: at 9384.258 ms fetching 45.481 ms
INFO: at 9412.211 ms batch [98.073] delay 25.882 ms
INFO: at 9412.211 ms fetching 98.073 ms
INFO: at 9439.000 ms batch [28.626] delay 25.882 ms
INFO: at 9439.000 ms fetching 28.626 ms
INFO: at 9466.935 ms batch [96.773] delay 25.882 ms
INFO: at 9466.935 ms fetching 96.773 ms
INFO: at 9494.915 ms batch [47.481] delay 25.882 ms
INFO: at 9494.915 ms fetching 47.481 ms
INFO: at 9522.947 ms batch [63.041] delay 25.882 ms
INFO: at 9522.947 ms fetching 63.041 ms
INFO: at 9549.571 ms batch [47.116] delay 25.882 ms
INFO: at 9549.571 ms fetching 47.116 ms
INFO: at 9577.380 ms batch [46.408] delay 33.846 ms
INFO: at 9577.380 ms fetching 46.408 ms
INFO: at 9612.239 ms batch [12.335] delay 33.846 ms
INFO: at 9612.239 ms fetching 12.335 ms
INFO: at 9647.096 ms batch [96.711] delay 33.846 ms
INFO: at 9647.096 ms fetching 96.711 ms
INFO: at 9682.124 ms batch [63.874] delay 33.846 ms
INFO: at 9682.124 ms fetching 63.874 ms
INFO: at 9717.259 ms batch [61.464] delay 33.846 ms
INFO: at 9717.259 ms fetching 61.464 ms
INFO: at 9752.285 ms batch [80.155] delay 33.846 ms
INFO: at 9752.285 ms fetching 80.155 ms
INFO: at 9787.249 ms batch [30.347] delay 33.846 ms
INFO: at 9787.249 ms fetching 30.347 ms
INFO: at 9821.784 ms batch [28.930] delay 33.846 ms
INFO: at 9821.784 ms fetching 28.930 ms
INFO: at 9856.761 ms batch [80.286] delay 33.846 ms
INFO: at 9856.761 ms fetching 80.286 ms
INFO: at 9891.759 ms batch [62.090] delay 33.846 ms
INFO: at 9891.759 ms fetching 62.090 ms
INFO: at 9926.742 ms batch [96.936] delay 33.846 ms
INFO: at 9926.742 ms fetching 96.936 ms
INFO: at 9961.618 ms batch [63.157] delay 33.846 ms
INFO: at 9961.618 ms fetching 63.157 ms
INFO: at 9996.665 ms batch [63.190] delay 33.846 ms
INFO: at 9996.665 ms fetching 63.190 ms
INFO: at 10031.690 ms batch [96.787] delay 24.444 ms
INFO: at 10031.690 ms fetching 96.787 ms
INFO: at 10057.073 ms batch [30.396] delay 24.444 ms
INFO: at 10057.073 ms fetching 30.396 ms
INFO: at 10082.166 ms batch [63.269] delay 24.444 ms
INFO: at 10082.166 ms fetching 63.269 ms
INFO: at 10107.203 ms batch [45.826] delay 24.444 ms
INFO: at 10107.203 ms fetching 45.826 ms
INFO: at 10131.978 ms batch [47.190] delay 24.444 ms
INFO: at 10131.978 ms fetching 47.190 ms
INFO: at 10156.926 ms batch [63.646] delay 24.444 ms
INFO: at 10156.926 ms fetching 63.646 ms
INFO: at 10181.943 ms batch [78.900] delay 24.444 ms
INFO: at 10181.943 ms fetching 78.900 ms
INFO: at 10206.895 ms batch [12.795] delay 24.444 ms
INFO: at 10206.895 ms fetching 12.795 ms
INFO: at 10231.910 ms batch [63.488] delay 24.444 ms
INFO: at 10231.910 ms fetching 63.488 ms
INFO: at 10256.804 ms batch [97.762] delay 24.444 ms
INFO: at 10256.804 ms fetching 97.762 ms
INFO: at 10283.158 ms batch [81.039] delay 24.444 ms
INFO: at 10283.158 ms fetching 81.039 ms
INFO: at 10308.196 ms batch [13.249] delay 24.444 ms
INFO: at 10308.196 ms fetching 13.249 ms
INFO: at 10333.219 ms batch [63.565] delay 24.444 ms
INFO: at 10333.219 ms fetching 63.565 ms
INFO: at 10358.339 ms batch [96.291] delay 24.444 ms
INFO: at 10358.339 ms fetching 96.291 ms
INFO: at 10383.330 ms batch [79.778] delay 24.444 ms
INFO: at 10383.330 ms fetching 79.778 ms
INFO: at 10408.299 ms batch [96.382] delay 24.444 ms
INFO: at 10408.299 ms fetching 96.382 ms
INFO: at 10433.368 ms batch [81.698] delay 24.444 ms
INFO: at 10433.368 ms fetching 81.698 ms
INFO: at 10458.398 ms batch [13.381] delay 24.444 ms
INFO: at 10458.398 ms fetching 13.381 ms
INFO: at 10483.428 ms batch [63.501] delay 29.333 ms
INFO: at 10483.428 ms fetching 63.501 ms
INFO: at 10513.426 ms batch [30.071] delay 29.333 ms
INFO: at 10513.426 ms fetching 30.071 ms
INFO: at 10544.992 ms batch [81.247] delay 29.333 ms
INFO: at 10544.992 ms fetching 81.247 ms
INFO: at 10575.006 ms batch [29.851] delay 29.333 ms
INFO: at 10575.006 ms fetching 29.851 ms
INFO: at 10605.024 ms batch [29.373] delay 29.333 ms
INFO: at 10605.024 ms fetching 29.373 ms
INFO: at 10634.986 ms batch [14.602] delay 29.333 ms
INFO: at 10634.986 ms fetching 14.602 ms
INFO: at 10664.917 ms batch [97.698] delay 29.333 ms
INFO: at 10664.917 ms fetching 97.698 ms
INFO: at 10694.959 ms batch [31.180] delay 29.333 ms
INFO: at 10694.959 ms fetching 31.180 ms
INFO: at 10724.917 ms batch [14.407] delay 29.333 ms
INFO: at 10724.917 ms fetching 14.407 ms
INFO: at 10754.940 ms batch [79.699] delay 29.333 ms
INFO: at 10754.940 ms fetching 79.699 ms
INFO: at 10784.947 ms batch [44.937] delay 29.333 ms
INFO: at 10784.947 ms fetching 44.937 ms
INFO: at 10814.941 ms batch [31.319] delay 29.333 ms
INFO: at 10814.941 ms fetching 31.319 ms
INFO: at 10845.319 ms batch [96.853] delay 29.333 ms
INFO: at 10845.319 ms fetching 96.853 ms
INFO: at 10875.055 ms batch [80.620] delay 29.333 ms
INFO: at 10875.055 ms fetching 80.620 ms
INFO: at 10905.009 ms batch [14.889] delay 29.333 ms
INFO: at 10905.009 ms fetching 14.889 ms
INFO: at 10934.786 ms batch [46.561] delay 23.158 ms
INFO: at 10934.786 ms fetching 46.561 ms
INFO: at 10958.866 ms batch [96.563] delay 23.158 ms
INFO: at 10958.866 ms fetching 96.563 ms
INFO: at 10982.540 ms batch [63.094] delay 23.158 ms
INFO: at 10982.540 ms fetching 63.094 ms
INFO: at 11006.563 ms batch [63.112] delay 23.158 ms
INFO: at 11006.563 ms fetching 63.112 ms
INFO: at 11030.577 ms batch [79.503] delay 23.158 ms
INFO: at 11030.577 ms fetching 79.503 ms
INFO: at 11054.555 ms batch [63.629] delay 23.158 ms
INFO: at 11054.555 ms fetching 63.629 ms
INFO: at 11078.605 ms batch [81.130] delay 23.158 ms
INFO: at 11078.605 ms fetching 81.130 ms
INFO: at 11102.655 ms batch [95.965] delay 23.158 ms
INFO: at 11102.655 ms fetching 95.965 ms
INFO: at 11126.554 ms batch [13.235] delay 23.158 ms
INFO: at 11126.554 ms fetching 13.235 ms
INFO: at 11150.523 ms batch [13.791] delay 23.158 ms
INFO: at 11150.523 ms fetching 13.791 ms
INFO: at 11174.530 ms batch [46.092] delay 23.158 ms
INFO: at 11174.530 ms fetching 46.092 ms
INFO: at 11198.581 ms batch [12.403] delay 23.158 ms
INFO: at 11198.581 ms fetching 12.403 ms
INFO: at 11222.558 ms batch [30.483] delay 23.158 ms
INFO: at 11222.558 ms fetching 30.483 ms
INFO: at 11246.962 ms batch [13.591] delay 23.158 ms
INFO: at 11246.962 ms fetching 13.591 ms
INFO: at 11270.963 ms batch [64.551] delay 23.158 ms
INFO: at 11270.963 ms fetching 64.551 ms
INFO: at 11295.010 ms batch [12.070] delay 23.158 ms
INFO: at 11295.010 ms fetching 12.070 ms
INFO: at 11318.725 ms batch [80.112] delay 23.158 ms
INFO: at 11318.725 ms fetching 80.112 ms
INFO: at 11342.745 ms batch [46.611] delay 23.158 ms
INFO: at 11342.745 ms fetching 46.611 ms
INFO: at 11366.592 ms batch [64.182] delay 23.158 ms
INFO: at 11366.592 ms fetching 64.182 ms
INFO: at 11390.563 ms batch [30.500] delay 25.882 ms
INFO: at 11390.563 ms fetching 30.500 ms
INFO: at 11418.585 ms batch [96.663] delay 25.882 ms
INFO: at 11418.585 ms fetching 96.663 ms
INFO: at 11444.748 ms batch [47.557] delay 25.882 ms
INFO: at 11444.748 ms fetching 47.557 ms
INFO: at 11472.788 ms batch [46.212] delay 25.882 ms
INFO: at 11472.788 ms fetching 46.212 ms
INFO: at 11500.819 ms batch [64.370] delay 25.882 ms
INFO: at 11500.819 ms fetching 64.370 ms
INFO: at 11527.532 ms batch [79.763] delay 25.882 ms
INFO: at 11527.532 ms fetching 79.763 ms
INFO: at 11555.561 ms batch [29.523] delay 25.882 ms
INFO: at 11555.561 ms fetching 29.523 ms
INFO: at 11583.585 ms batch [96.743] delay 25.882 ms
INFO: at 11583.585 ms fetching 96.743 ms
INFO: at 11611.587 ms batch [30.199] delay 25.882 ms
INFO: at 11611.587 ms fetching 30.199 ms
INFO: at 11638.063 ms batch [47.205] delay 25.882 ms
INFO: at 11638.063 ms fetching 47.205 ms
INFO: at 11666.148 ms batch [63.172] delay 25.882 ms
INFO: at 11666.148 ms fetching 63.172 ms
INFO: at 11694.175 ms batch [30.230] delay 25.882 ms
INFO: at 11694.175 ms fetching 30.230 ms
INFO: at 11722.205 ms batch [46.030] delay 25.882 ms
INFO: at 11722.205 ms fetching 46.030 ms
INFO: at 11750.241 ms batch [31.069] delay 25.882 ms
INFO: at 11750.241 ms fetching 31.069 ms
INFO: at 11776.794 ms batch [79.746] delay 25.882 ms
INFO: at 11776.794 ms fetching 79.746 ms
INFO: at 11804.709 ms batch [47.264] delay 25.882 ms
INFO: at 11804.709 ms fetching 47.264 ms
INFO: at 11832.745 ms batch [80.220] delay 25.882 ms
INFO: at 11832.745 ms fetching 80.220 ms
INFO: at 11859.396 ms batch [13.704] delay 33.846 ms
INFO: at 11859.396 ms fetching 13.704 ms
INFO: at 11894.504 ms batch [62.033] delay 33.846 ms
INFO: at 11894.504 ms fetching 62.033 ms
INFO: at 11929.542 ms batch [63.395] delay 33.846 ms
INFO: at 11929.542 ms fetching 63.395 ms
INFO: at 11964.118 ms batch [46.371] delay 33.846 ms
INFO: at 11964.118 ms fetching 46.371 ms
INFO: at 11999.156 ms batch [62.799] delay 33.846 ms
INFO: at 11999.156 ms fetching 62.799 ms
INFO: at 12033.310 ms batch [79.112] delay 33.846 ms
INFO: at 12033.310 ms fetching 79.112 ms
INFO: at 12068.126 ms batch [15.541] delay 33.846 ms
INFO: at 12068.126 ms fetching 15.541 ms
INFO: at 12103.141 ms batch [80.659] delay 33.846 ms
INFO: at 12103.141 ms fetching 80.659 ms
INFO: at 12137.355 ms batch [46.941] delay 33.846 ms
INFO: at 12137.355 ms fetching 46.941 ms
INFO: at 12172.376 ms batch [97.217] delay 33.846 ms
INFO: at 12172.376 ms fetching 97.217 ms
INFO: at 12207.388 ms batch [62.187] delay 33.846 ms
INFO: at 12207.388 ms fetching 62.187 ms
INFO: at 12243.029 ms batch [94.974] delay 33.846 ms
INFO: at 12243.029 ms fetching 94.974 ms
INFO: at 12278.080 ms batch [46.875] delay 33.846 ms
INFO: at 12278.080 ms fetching 46.875 ms
INFO: at 12313.113 ms batch [97.274] delay 40.000 ms
INFO: at 12313.113 ms fetching 97.274 ms
INFO: at 12353.831 ms batch [80.404] delay 40.000 ms
INFO: at 12353.831 ms fetching 80.404 ms
INFO: at 12394.917 ms batch [12.874] delay 40.000 ms
INFO: at 12394.917 ms fetching 12.874 ms
INFO: at 12435.871 ms batch [12.302] delay 40.000 ms
INFO: at 12435.871 ms fetching 12.302 ms
INFO: at 12476.889 ms batch [80.128] delay 40.000 ms
INFO: at 12476.889 ms fetching 80.128 ms
INFO: at 12517.256 ms batch [97.087] delay 40.000 ms
INFO: at 12517.256 ms fetching 97.087 ms
INFO: at 12557.950 ms batch [13.219] delay 40.000 ms
INFO: at 12557.950 ms fetching 13.219 ms
INFO: at 12598.907 ms batch [12.519] delay 40.000 ms
INFO: at 12598.907 ms fetching 12.519 ms
INFO: at 12639.686 ms batch [30.121] delay 40.000 ms
INFO: at 12639.686 ms fetching 30.121 ms
INFO: at 12680.753 ms batch [78.862] delay 40.000 ms
INFO: at 12680.753 ms fetching 78.862 ms
INFO: at 12721.777 ms batch [80.542] delay 40.000 ms
INFO: at 12721.777 ms fetching 80.542 ms
INFO: at 12763.032 ms batch [14.689] delay 33.846 ms
INFO: at 12763.032 ms fetching 14.689 ms
INFO: at 12798.072 ms batch [64.309] delay 33.846 ms
INFO: at 12798.072 ms fetching 64.309 ms
INFO: at 12833.113 ms batch [96.107] delay 33.846 ms
INFO: at 12833.113 ms fetching 96.107 ms
INFO: at 12867.410 ms batch [13.990] delay 33.846 ms
INFO: at 12867.410 ms fetching 13.990 ms
INFO: at 12902.473 ms batch [96.758] delay 33.846 ms
INFO: at 12902.473 ms fetching 96.758 ms
INFO: at 12937.496 ms batch [14.223] delay 33.846 ms
INFO: at 12937.496 ms fetching 14.223 ms
INFO: at 12972.520 ms batch [63.345] delay 33.846 ms
INFO: at 12972.520 ms fetching 63.345 ms
INFO: at 13007.192 ms batch [80.759] delay 33.846 ms
INFO: at 13007.192 ms fetching 80.759 ms
INFO: at 13042.099 ms batch [46.596] delay 33.846 ms
INFO: at 13042.099 ms fetching 46.596 ms
INFO: at 13077.150 ms batch [11.871] delay 33.846 ms
INFO: at 13077.150 ms fetching 11.871 ms
INFO: at 13112.131 ms batch [12.758] delay 33.846 ms
INFO: at 13112.131 ms fetching 12.758 ms
INFO: at 13146.995 ms batch [30.711] delay 33.846 ms
INFO: at 13146.995 ms fetching 30.711 ms
INFO: at 13181.374 ms batch [97.161] delay 33.846 ms
INFO: at 13181.374 ms fetching 97.161 ms
INFO: at 13215.963 ms batch [80.856] delay 25.882 ms
INFO: at 13215.963 ms fetching 80.856 ms
INFO: at 13243.760 ms batch [62.929] delay 25.882 ms
INFO: at 13243.760 ms fetching 62.929 ms
INFO: at 13271.549 ms batch [29.494] delay 25.882 ms
INFO: at 13271.549 ms fetching 29.494 ms
INFO: at 13298.487 ms batch [14.033] delay 25.882 ms
INFO: at 13298.487 ms fetching 14.033 ms
INFO: at 13326.433 ms batch [64.593] delay 25.882 ms
INFO: at 13326.433 ms fetching 64.593 ms
INFO: at 13354.451 ms batch [46.546] delay 25.882 ms
INFO: at 13354.451 ms fetching 46.546 ms
INFO: at 13382.479 ms batch [12.220] delay 25.882 ms
INFO: at 13382.479 ms fetching 12.220 ms
INFO: at 13410.529 ms batch [13.841] delay 25.882 ms
INFO: at 13410.529 ms fetching 13.841 ms
INFO: at 13437.612 ms batch [97.314] delay 25.882 ms
INFO: at 13437.612 ms fetching 97.314 ms
INFO: at 13465.587 ms batch [62.742] delay 25.882 ms
INFO: at 13465.587 ms fetching 62.742 ms
INFO: at 13493.609 ms batch [45.795] delay 25.882 ms
INFO: at 13493.609 ms fetching 45.795 ms
INFO: at 13519.847 ms batch [63.254] delay 25.882 ms
INFO: at 13519.847 ms fetching 63.254 ms
INFO: at 13547.760 ms batch [13.039] delay 25.882 ms
INFO: at 13547.760 ms fetching 13.039 ms
INFO: at 13575.801 ms batch [12.547] delay 25.882 ms
INFO: at 13575.801 ms fetching 12.547 ms
INFO: at 13603.833 ms batch [97.006] delay 25.882 ms
INFO: at 13603.833 ms fetching 97.006 ms
INFO: at 13631.864 ms batch [28.331] delay 25.882 ms
INFO: at 13631.864 ms fetching 28.331 ms
INFO: at 13659.867 ms batch [96.327] delay 25.882 ms
INFO: at 13659.867 ms fetching 96.327 ms
INFO: at 13686.970 ms batch [11.703] delay 27.500 ms
INFO: at 13686.970 ms fetching 11.703 ms
INFO: at 13714.774 ms batch [29.790] delay 27.500 ms
INFO: at 13714.774 ms fetching 29.790 ms
INFO: at 13742.684 ms batch [95.402] delay 27.500 ms
INFO: at 13742.684 ms fetching 95.402 ms
INFO: at 13770.574 ms batch [79.983] delay 27.500 ms
INFO: at 13770.574 ms fetching 79.983 ms
INFO: at 13798.633 ms batch [65.435] delay 27.500 ms
INFO: at 13798.633 ms fetching 65.435 ms
INFO: at 13827.638 ms batch [97.293] delay 27.500 ms
INFO: at 13827.638 ms fetching 97.293 ms
INFO: at 13855.649 ms batch [97.180] delay 27.500 ms
INFO: at 13855.649 ms fetching 97.180 ms
INFO: at 13883.686 ms batch [63.715] delay 27.500 ms
INFO: at 13883.686 ms fetching 63.715 ms
INFO: at 13911.720 ms batch [95.592] delay 27.500 ms
INFO: at 13911.720 ms fetching 95.592 ms
INFO: at 13939.660 ms batch [82.371] delay 27.500 ms
INFO: at 13939.660 ms fetching 82.371 ms
INFO: at 13967.608 ms batch [47.133] delay 27.500 ms
INFO: at 13967.608 ms fetching 47.133 ms
INFO: at 13996.305 ms batch [30.555] delay 27.500 ms
INFO: at 13996.305 ms fetching 30.555 ms
INFO: at 14024.262 ms batch [97.199] delay 27.500 ms
INFO: at 14024.262 ms fetching 97.199 ms
INFO: at 14052.309 ms batch [98.504] delay 27.500 ms
INFO: at 14052.309 ms fetching 98.504 ms
INFO: at 14080.342 ms batch [46.860] delay 27.500 ms
INFO: at 14080.342 ms fetching 46.860 ms
INFO: at 14108.381 ms batch [13.203] delay 27.500 ms
INFO: at 14108.381 ms fetching 13.203 ms
INFO: at 14136.417 ms batch [98.283] delay 33.846 ms
INFO: at 14136.417 ms fetching 98.283 ms
INFO: at 14170.639 ms batch [100.000] delay 33.846 ms
INFO: at 14170.639 ms fetching 100.000 ms
INFO: at 14204.799 ms batch [81.981] delay 33.846 ms
INFO: at 14204.799 ms fetching 81.981 ms
INFO: at 14239.834 ms batch [30.918] delay 33.846 ms
INFO: at 14239.834 ms fetching 30.918 ms
INFO: at 14274.888 ms batch [31.007] delay 33.846 ms
INFO: at 14274.888 ms fetching 31.007 ms
INFO: at 14309.798 ms batch [47.323] delay 33.846 ms
INFO: at 14309.798 ms fetching 47.323 ms
INFO: at 14343.910 ms batch [95.785] delay 33.846 ms
INFO: at 14343.910 ms fetching 95.785 ms
INFO: at 14378.876 ms batch [11.795] delay 33.846 ms
INFO: at 14378.876 ms fetching 11.795 ms
INFO: at 14413.883 ms batch [13.186] delay 33.846 ms
INFO: at 14413.883 ms fetching 13.186 ms
INFO: at 14448.909 ms batch [46.703] delay 33.846 ms
INFO: at 14448.909 ms fetching 46.703 ms
INFO: at 14483.550 ms batch [45.568] delay 33.846 ms
INFO: at 14483.550 ms fetching 45.568 ms
INFO: at 14518.567 ms batch [30.800] delay 33.846 ms
INFO: at 14518.567 ms fetching 30.800 ms
INFO: at 14553.607 ms batch [45.876] delay 33.846 ms
INFO: at 14553.607 ms fetching 45.876 ms
INFO: at 14587.882 ms batch [30.667] delay 40.000 ms
INFO: at 14587.882 ms fetching 30.667 ms
INFO: at 14628.861 ms batch [46.579] delay 40.000 ms
INFO: at 14628.861 ms fetching 46.579 ms
INFO: at 14669.043 ms batch [97.805] delay 40.000 ms
INFO: at 14669.043 ms fetching 97.805 ms
INFO: at 14709.518 ms batch [46.053] delay 40.000 ms
INFO: at 14709.518 ms fetching 46.053 ms
INFO: at 14750.574 ms batch [96.680] delay 40.000 ms
INFO: at 14750.574 ms fetching 96.680 ms
INFO: at 14791.573 ms batch [12.664] delay 40.000 ms
INFO: at 14791.573 ms fetching 12.664 ms
INFO: at 14831.926 ms batch [30.086] delay 40.000 ms
INFO: at 14831.926 ms fetching 30.086 ms
INFO: at 14872.844 ms batch [95.661] delay 40.000 ms
INFO: at 14872.844 ms fetching 95.661 ms
INFO: at 14913.857 ms batch [47.077] delay 40.000 ms
INFO: at 14913.857 ms fetching 47.077 ms
INFO: at 14954.790 ms batch [79.827] delay 40.000 ms
INFO: at 14954.790 ms fetching 79.827 ms
INFO: at 14995.846 ms batch [96.953] delay 40.000 ms
INFO: at 14995.846 ms fetching 96.953 ms
INFO: at 15036.854 ms batch [13.086] delay 22.000 ms
INFO: at 15036.854 ms fetching 13.086 ms
INFO: at 15059.798 ms batch [96.219] delay 22.000 ms
INFO: at 15059.798 ms fetching 96.219 ms
INFO: at 15082.115 ms batch [64.071] delay 22.000 ms
INFO: at 15082.115 ms fetching 64.071 ms
INFO: at 15105.181 ms batch [47.895] delay 22.000 ms
INFO: at 15105.181 ms fetching 47.895 ms
INFO: at 15128.137 ms batch [31.266] delay 22.000 ms
INFO: at 15128.137 ms fetching 31.266 ms
INFO: at 15150.936 ms batch [79.575] delay 22.000 ms
INFO: at 15150.936 ms fetching 79.575 ms
INFO: at 15173.923 ms batch [30.446] delay 22.000 ms
INFO: at 15173.923 ms fetching 30.446 ms
INFO: at 15196.351 ms batch [62.723] delay 22.000 ms
INFO: at 15196.351 ms fetching 62.723 ms
INFO: at 15219.236 ms batch [96.904] delay 22.000 ms
INFO: at 15219.236 ms fetching 96.904 ms
INFO: at 15241.706 ms batch [28.457] delay 22.000 ms
INFO: at 15241.706 ms fetching 28.457 ms
INFO: at 15264.356 ms batch [47.407] delay 22.000 ms
INFO: at 15264.356 ms fetching 47.407 ms
INFO: at 15287.111 ms batch [96.274] delay 22.000 ms
INFO: at 15287.111 ms fetching 96.274 ms
INFO: at 15310.003 ms batch [31.506] delay 22.000 ms
INFO: at 15310.003 ms fetching 31.506 ms
INFO: at 15333.041 ms batch [81.433] delay 22.000 ms
INFO: at 15333.041 ms fetching 81.433 ms
INFO: at 15355.926 ms batch [48.879] delay 22.000 ms
INFO: at 15355.926 ms fetching 48.879 ms
INFO: at 15378.869 ms batch [64.225] delay 22.000 ms
INFO: at 15378.869 ms fetching 64.225 ms
INFO: at 15401.744 ms batch [80.206] delay 22.000 ms
INFO: at 15401.744 ms fetching 80.206 ms
INFO: at 15424.607 ms batch [29.969] delay 22.000 ms
INFO: at 15424.607 ms fetching 29.969 ms
INFO: at 15447.560 ms batch [64.469] delay 22.000 ms
INFO: at 15447.560 ms fetching 64.469 ms
INFO: at 15470.733 ms batch [81.327] delay 22.000 ms
INFO: at 15470.733 ms fetching 81.327 ms
INFO: at 15493.892 ms batch [28.893] delay 22.000 ms
INFO: at 15493.892 ms fetching 28.893 ms
INFO: at 15516.679 ms batch [79.592] delay 22.000 ms
INFO: at 15516.679 ms fetching 79.592 ms
INFO: at 15539.371 ms batch [29.347] delay 22.000 ms
INFO: at 15539.371 ms fetching 29.347 ms
INFO: at 15562.292 ms batch [80.563] delay 22.000 ms
INFO: at 15562.292 ms fetching 80.563 ms
INFO: at 15585.314 ms batch [46.356] delay 22.000 ms
INFO: at 15585.314 ms fetching 46.356 ms
INFO: at 15608.120 ms batch [29.822] delay 22.000 ms
INFO: at 15608.120 ms fetching 29.822 ms
INFO: at 15631.057 ms batch [13.105] delay 22.000 ms
INFO: at 15631.057 ms fetching 13.105 ms
INFO: at 15653.408 ms batch [46.174] delay 22.000 ms
INFO: at 15653.408 ms fetching 46.174 ms
INFO: at 15676.482 ms batch [30.891] delay 22.000 ms
INFO: at 15676.482 ms fetching 30.891 ms
INFO: at 15699.350 ms batch [79.646] delay 22.000 ms
INFO: at 15699.350 ms fetching 79.646 ms
INFO: at 15722.352 ms batch [46.324] delay 22.000 ms
INFO: at 15722.352 ms fetching 46.324 ms
INFO: at 15745.423 ms batch [47.735] delay 22.000 ms
INFO: at 15745.423 ms fetching 47.735 ms
INFO: at 15768.607 ms batch [97.144] delay 22.000 ms
INFO: at 15768.607 ms fetching 97.144 ms
INFO: at 15791.665 ms batch [63.534] delay 22.000 ms
INFO: at 15791.665 ms fetching 63.534 ms
INFO: at 15814.084 ms batch [95.993] delay 22.000 ms
INFO: at 15814.084 ms fetching 95.993 ms
INFO: at 15836.406 ms batch [30.309] delay 22.000 ms
INFO: at 15836.406 ms fetching 30.309 ms
INFO: at 15859.516 ms batch [46.480] delay 22.000 ms
INFO: at 15859.516 ms fetching 46.480 ms
INFO: at 15882.567 ms batch [46.748] delay 22.000 ms
INFO: at 15882.567 ms fetching 46.748 ms
INFO: at 15905.104 ms batch [63.283] delay 22.000 ms
INFO: at 15905.104 ms fetching 63.283 ms
INFO: at 15927.894 ms batch [97.234] delay 22.000 ms
INFO: at 15927.894 ms fetching 97.234 ms
INFO: at 15950.709 ms batch [14.012] delay 18.333 ms
INFO: at 15950.709 ms fetching 14.012 ms
INFO: at 15970.733 ms batch [47.453] delay 18.333 ms
INFO: at 15970.733 ms fetching 47.453 ms
INFO: at 15989.331 ms batch [46.845] delay 18.333 ms
INFO: at 15989.331 ms fetching 46.845 ms
INFO: at 16009.095 ms batch [96.240] delay 18.333 ms
INFO: at 16009.095 ms fetching 96.240 ms
INFO: at 16028.887 ms batch [46.673] delay 18.333 ms
INFO: at 16028.887 ms fetching 46.673 ms
INFO: at 16048.809 ms batch [14.374] delay 18.333 ms
INFO: at 16048.809 ms fetching 14.374 ms
INFO: at 16068.923 ms batch [28.851] delay 18.333 ms
INFO: at 16068.923 ms fetching 28.851 ms
INFO: at 16088.972 ms batch [95.694] delay 18.333 ms
INFO: at 16088.972 ms fetching 95.694 ms
INFO: at 16108.912 ms batch [45.382] delay 18.333 ms
INFO: at 16108.912 ms fetching 45.382 ms
INFO: at 16128.977 ms batch [96.022] delay 18.333 ms
INFO: at 16128.977 ms fetching 96.022 ms
INFO: at 16148.385 ms batch [80.904] delay 18.333 ms
INFO: at 16148.385 ms fetching 80.904 ms
INFO: at 16168.214 ms batch [47.005] delay 18.333 ms
INFO: at 16168.214 ms fetching 47.005 ms
INFO: at 16187.964 ms batch [97.104] delay 18.333 ms
INFO: at 16187.964 ms fetching 97.104 ms
INFO: at 16207.374 ms batch [96.397] delay 18.333 ms
INFO: at 16207.374 ms fetching 96.397 ms
INFO: at 16227.150 ms batch [62.779] delay 18.333 ms
INFO: at 16227.150 ms fetching 62.779 ms
INFO: at 16247.024 ms batch [98.215] delay 18.333 ms
INFO: at 16247.024 ms fetching 98.215 ms
INFO: at 16267.025 ms batch [63.925] delay 18.333 ms
INFO: at 16267.025 ms fetching 63.925 ms
INFO: at 16287.023 ms batch [29.618] delay 18.333 ms
INFO: at 16287.023 ms fetching 29.618 ms
INFO: at 16307.162 ms batch [31.695] delay 18.333 ms
INFO: at 16307.162 ms fetching 31.695 ms
INFO: at 16327.487 ms batch [13.299] delay 18.333 ms
INFO: at 16327.487 ms fetching 13.299 ms
INFO: at 16346.635 ms batch [64.991] delay 18.333 ms
INFO: at 16346.635 ms fetching 64.991 ms
INFO: at 16366.747 ms batch [30.104] delay 18.333 ms
INFO: at 16366.747 ms fetching 30.104 ms
INFO: at 16386.406 ms batch [81.065] delay 18.333 ms
INFO: at 16386.406 ms fetching 81.065 ms
INFO: at 16406.445 ms batch [30.690] delay 18.333 ms
INFO: at 16406.445 ms fetching 30.690 ms
INFO: at 16426.533 ms batch [13.775] delay 25.882 ms
INFO: at 16426.533 ms fetching 13.775 ms
INFO: at 16454.432 ms batch [14.175] delay 25.882 ms
INFO: at 16454.432 ms fetching 14.175 ms
INFO: at 16482.550 ms batch [12.639] delay 25.882 ms
INFO: at 16482.550 ms fetching 12.639 ms
INFO: at 16508.767 ms batch [96.142] delay 25.882 ms
INFO: at 16508.767 ms fetching 96.142 ms
INFO: at 16534.922 ms batch [30.364] delay 25.882 ms
INFO: at 16534.922 ms fetching 30.364 ms
INFO: at 16562.085 ms batch [96.467] delay 25.882 ms
INFO: at 16562.085 ms fetching 96.467 ms
INFO: at 16590.112 ms batch [65.232] delay 25.882 ms
INFO: at 16590.112 ms fetching 65.232 ms
INFO: at 16618.116 ms batch [96.344] delay 25.882 ms
INFO: at 16618.116 ms fetching 96.344 ms
INFO: at 16646.150 ms batch [62.947] delay 25.882 ms
INFO: at 16646.150 ms fetching 62.947 ms
INFO: at 16674.211 ms batch [79.424] delay 25.882 ms
INFO: at 16674.211 ms fetching 79.424 ms
INFO: at 16700.264 ms batch [63.946] delay 25.882 ms
INFO: at 16700.264 ms fetching 63.946 ms
INFO: at 16727.616 ms batch [79.404] delay 25.882 ms
INFO: at 16727.616 ms fetching 79.404 ms
INFO: at 16754.953 ms batch [46.444] delay 25.882 ms
INFO: at 16754.953 ms fetching 46.444 ms
INFO: at 16782.266 ms batch [79.812] delay 25.882 ms
INFO: at 16782.266 ms fetching 79.812 ms
INFO: at 16809.589 ms batch [63.843] delay 25.882 ms
INFO: at 16809.589 ms fetching 63.843 ms
INFO: at 16836.920 ms batch [46.289] delay 25.882 ms
INFO: at 16836.920 ms fetching 46.289 ms
INFO: at 16863.705 ms batch [63.220] delay 25.882 ms
INFO: at 16863.705 ms fetching 63.220 ms
INFO: at 16891.065 ms batch [79.794] delay 23.158 ms
INFO: at 16891.065 ms fetching 79.794 ms
INFO: at 16914.383 ms batch [98.717] delay 23.158 ms
INFO: at 16914.383 ms fetching 98.717 ms
INFO: at 16937.696 ms batch [29.207] delay 23.158 ms
INFO: at 16937.696 ms fetching 29.207 ms
INFO: at 16961.011 ms batch [63.733] delay 23.158 ms
INFO: at 16961.011 ms fetching 63.733 ms
INFO: at 16984.936 ms batch [30.261] delay 23.158 ms
INFO: at 16984.936 ms fetching 30.261 ms
INFO: at 17008.288 ms batch [12.176] delay 23.158 ms
INFO: at 17008.288 ms fetching 12.176 ms
INFO: at 17031.629 ms batch [30.534] delay 23.158 ms
INFO: at 17031.629 ms fetching 30.534 ms
INFO: at 17054.966 ms batch [96.596] delay 23.158 ms
INFO: at 17054.966 ms fetching 96.596 ms
INFO: at 17078.309 ms batch [28.963] delay 23.158 ms
INFO: at 17078.309 ms fetching 28.963 ms
INFO: at 17101.617 ms batch [46.958] delay 23.158 ms
INFO: at 17101.617 ms fetching 46.958 ms
INFO: at 17124.934 ms batch [63.858] delay 23.158 ms
INFO: at 17124.934 ms fetching 63.858 ms
INFO: at 17148.256 ms batch [13.525] delay 23.158 ms
INFO: at 17148.256 ms fetching 13.525 ms
INFO: at 17171.847 ms batch [45.648] delay 23.158 ms
INFO: at 17171.847 ms fetching 45.648 ms
INFO: at 17195.170 ms batch [63.806] delay 23.158 ms
INFO: at 17195.170 ms fetching 63.806 ms
INFO: at 17218.492 ms batch [96.544] delay 23.158 ms
INFO: at 17218.492 ms fetching 96.544 ms
INFO: at 17241.811 ms batch [13.805] delay 23.158 ms
INFO: at 17241.811 ms fetching 13.805 ms
INFO: at 17265.135 ms batch [13.022] delay 23.158 ms
INFO: at 17265.135 ms fetching 13.022 ms
INFO: at 17289.433 ms batch [30.821] delay 23.158 ms
INFO: at 17289.433 ms fetching 30.821 ms
INFO: at 17312.784 ms batch [30.137] delay 23.158 ms
INFO: at 17312.784 ms fetching 30.137 ms
INFO: at 17336.101 ms batch [30.981] delay 24.444 ms
INFO: at 17336.101 ms fetching 30.981 ms
INFO: at 17361.407 ms batch [29.252] delay 24.444 ms
INFO: at 17361.407 ms fetching 29.252 ms
INFO: at 17386.752 ms batch [95.094] delay 24.444 ms
INFO: at 17386.752 ms fetching 95.094 ms
INFO: at 17412.076 ms batch [79.222] delay 24.444 ms
INFO: at 17412.076 ms fetching 79.222 ms
INFO: at 17437.514 ms batch [28.558] delay 24.444 ms
INFO: at 17437.514 ms fetching 28.558 ms
INFO: at 17462.621 ms batch [79.166] delay 24.444 ms
INFO: at 17462.621 ms fetching 79.166 ms
INFO: at 17487.658 ms batch [44.738] delay 24.444 ms
INFO: at 17487.658 ms fetching 44.738 ms
INFO: at 17512.545 ms batch [46.527] delay 24.444 ms
INFO: at 17512.545 ms fetching 46.527 ms
INFO: at 17537.599 ms batch [46.780] delay 24.444 ms
INFO: at 17537.599 ms fetching 46.780 ms
INFO: at 17562.645 ms batch [14.441] delay 24.444 ms
INFO: at 17562.645 ms fetching 14.441 ms
INFO: at 17588.072 ms batch [96.482] delay 24.444 ms
INFO: at 17588.072 ms fetching 96.482 ms
INFO: at 17612.965 ms batch [97.037] delay 24.444 ms
INFO: at 17612.965 ms fetching 97.037 ms
INFO: at 17638.030 ms batch [12.369] delay 24.444 ms
INFO: at 17638.030 ms fetching 12.369 ms
INFO: at 17663.030 ms batch [95.898] delay 24.444 ms
INFO: at 17663.030 ms fetching 95.898 ms
INFO: at 17688.103 ms batch [62.891] delay 24.444 ms
INFO: at 17688.103 ms fetching 62.891 ms
INFO: at 17712.988 ms batch [97.124] delay 24.444 ms
INFO: at 17712.988 ms fetching 97.124 ms
INFO: at 17737.997 ms batch [30.149] delay 24.444 ms
INFO: at 17737.997 ms fetching 30.149 ms
INFO: at 17763.022 ms batch [62.700] delay 24.444 ms
INFO: at 17763.022 ms fetching 62.700 ms
INFO: at 17788.196 ms batch [79.731] delay 33.846 ms
INFO: at 17788.196 ms fetching 79.731 ms
INFO: at 17823.190 ms batch [96.499] delay 33.846 ms
INFO: at 17823.190 ms fetching 96.499 ms
INFO: at 17858.223 ms batch [80.583] delay 33.846 ms
INFO: at 17858.223 ms fetching 80.583 ms
INFO: at 17893.215 ms batch [96.087] delay 33.846 ms
INFO: at 17893.215 ms fetching 96.087 ms
INFO: at 17928.084 ms batch [11.947] delay 33.846 ms
INFO: at 17928.084 ms fetching 11.947 ms
INFO: at 17962.727 ms batch [31.224] delay 33.846 ms
INFO: at 17962.727 ms fetching 31.224 ms
INFO: at 17997.673 ms batch [29.325] delay 33.846 ms
INFO: at 17997.673 ms fetching 29.325 ms
INFO: at 18032.692 ms batch [61.650] delay 33.846 ms
INFO: at 18032.692 ms fetching 61.650 ms
INFO: at 18067.673 ms batch [63.297] delay 33.846 ms
INFO: at 18067.673 ms fetching 63.297 ms
INFO: at 18101.894 ms batch [27.798] delay 33.846 ms
INFO: at 18101.894 ms fetching 27.798 ms
INFO: at 18136.929 ms batch [30.465] delay 33.846 ms
INFO: at 18136.929 ms fetching 30.465 ms
INFO: at 18171.939 ms batch [45.094] delay 33.846 ms
INFO: at 18171.939 ms fetching 45.094 ms
INFO: at 18207.014 ms batch [81.096] delay 33.846 ms
INFO: at 18207.014 ms fetching 81.096 ms
INFO: at 18241.704 ms batch [79.938] delay 19.130 ms
INFO: at 18241.704 ms fetching 79.938 ms
INFO: at 18261.545 ms batch [14.276] delay 19.130 ms
INFO: at 18261.545 ms fetching 14.276 ms
INFO: at 18281.825 ms batch [64.404] delay 19.130 ms
INFO: at 18281.825 ms fetching 64.404 ms
INFO: at 18301.820 ms batch [64.341] delay 19.130 ms
INFO: at 18301.820 ms fetching 64.341 ms
INFO: at 18321.645 ms batch [64.628] delay 19.130 ms
INFO: at 18321.645 ms fetching 64.628 ms
INFO: at 18341.608 ms batch [80.508] delay 19.130 ms
INFO: at 18341.608 ms fetching 80.508 ms
INFO: at 18361.467 ms batch [79.340] delay 19.130 ms
INFO: at 18361.467 ms fetching 79.340 ms
INFO: at 18381.681 ms batch [12.618] delay 19.130 ms
INFO: at 18381.681 ms fetching 12.618 ms
INFO: at 18401.549 ms batch [12.689] delay 19.130 ms
INFO: at 18401.549 ms fetching 12.689 ms
INFO: at 18421.493 ms batch [97.335] delay 19.130 ms
INFO: at 18421.493 ms fetching 97.335 ms
INFO: at 18441.321 ms batch [80.929] delay 19.130 ms
INFO: at 18441.321 ms fetching 80.929 ms
INFO: at 18461.319 ms batch [64.281] delay 19.130 ms
INFO: at 18461.319 ms fetching 64.281 ms
INFO: at 18481.153 ms batch [63.457] delay 19.130 ms
INFO: at 18481.153 ms fetching 63.457 ms
INFO: at 18501.129 ms batch [96.821] delay 19.130 ms
INFO: at 18501.129 ms fetching 96.821 ms
INFO: at 18520.982 ms batch [30.571] delay 19.130 ms
INFO: at 18520.982 ms fetching 30.571 ms
INFO: at 18541.021 ms batch [61.049] delay 19.130 ms
INFO: at 18541.021 ms fetching 61.049 ms
INFO: at 18560.915 ms batch [48.151] delay 19.130 ms
INFO: at 18560.915 ms fetching 48.151 ms
INFO: at 18580.888 ms batch [30.411] delay 19.130 ms
INFO: at 18580.888 ms fetching 30.411 ms
INFO: at 18600.957 ms batch [81.285] delay 19.130 ms
INFO: at 18600.957 ms fetching 81.285 ms
INFO: at 18620.945 ms batch [47.059] delay 19.130 ms
INFO: at 18620.945 ms fetching 47.059 ms
INFO: at 18640.818 ms batch [30.515] delay 19.130 ms
INFO: at 18640.818 ms fetching 30.515 ms
INFO: at 18660.837 ms batch [46.308] delay 19.130 ms
INFO: at 18660.837 ms fetching 46.308 ms
INFO: at 18680.919 ms batch [30.756] delay 19.130 ms
INFO: at 18680.919 ms fetching 30.756 ms
INFO: at 18701.076 ms batch [13.154] delay 31.429 ms
INFO: at 18701.076 ms fetching 13.154 ms
INFO: at 18732.961 ms batch [29.935] delay 31.429 ms
INFO: at 18732.961 ms fetching 29.935 ms
INFO: at 18764.949 ms batch [29.773] delay 31.429 ms
INFO: at 18764.949 ms fetching 29.773 ms
INFO: at 18797.013 ms batch [79.144] delay 31.429 ms
INFO: at 18797.013 ms fetching 79.144 ms
INFO: at 18829.375 ms batch [96.512] delay 31.429 ms
INFO: at 18829.375 ms fetching 96.512 ms
INFO: at 18861.325 ms batch [13.171] delay 31.429 ms
INFO: at 18861.325 ms fetching 13.171 ms
INFO: at 18893.233 ms batch [47.096] delay 31.429 ms
INFO: at 18893.233 ms fetching 47.096 ms
INFO: at 18925.278 ms batch [62.144] delay 31.429 ms
INFO: at 18925.278 ms fetching 62.144 ms
INFO: at 18957.524 ms batch [46.763] delay 31.429 ms
INFO: at 18957.524 ms fetching 46.763 ms
INFO: at 18990.166 ms batch [62.533] delay 31.429 ms
INFO: at 18990.166 ms fetching 62.533 ms
INFO: at 19022.074 ms batch [80.060] delay 31.429 ms
INFO: at 19022.074 ms fetching 80.060 ms
INFO: at 19054.454 ms batch [80.189] delay 31.429 ms
INFO: at 19054.454 ms fetching 80.189 ms
INFO: at 19086.419 ms batch [44.344] delay 31.429 ms
INFO: at 19086.419 ms fetching 44.344 ms
INFO: at 19118.477 ms batch [62.371] delay 31.429 ms
INFO: at 19118.477 ms fetching 62.371 ms
INFO: at 19150.451 ms batch [79.890] delay 23.158 ms
INFO: at 19150.451 ms fetching 79.890 ms
INFO: at 19174.468 ms batch [30.037] delay 23.158 ms
INFO: at 19174.468 ms fetching 30.037 ms
INFO: at 19198.218 ms batch [62.401] delay 23.158 ms
INFO: at 19198.218 ms fetching 62.401 ms
INFO: at 19222.131 ms batch [30.246] delay 23.158 ms
INFO: at 19222.131 ms fetching 30.246 ms
INFO: at 19246.007 ms batch [13.857] delay 23.158 ms
INFO: at 19246.007 ms fetching 13.857 ms
INFO: at 19269.912 ms batch [12.835] delay 23.158 ms
INFO: at 19269.912 ms fetching 12.835 ms
INFO: at 19293.424 ms batch [13.757] delay 23.158 ms
INFO: at 19293.424 ms fetching 13.757 ms
INFO: at 19317.285 ms batch [48.311] delay 23.158 ms
INFO: at 19317.285 ms fetching 48.311 ms
INFO: at 19341.259 ms batch [46.974] delay 23.158 ms
INFO: at 19341.259 ms fetching 46.974 ms
INFO: at 19365.225 ms batch [63.427] delay 23.158 ms
INFO: at 19365.225 ms fetching 63.427 ms
INFO: at 19389.275 ms batch [32.295] delay 23.158 ms
INFO: at 19389.275 ms fetching 32.295 ms
INFO: at 19413.133 ms batch [97.839] delay 23.158 ms
INFO: at 19413.133 ms fetching 97.839 ms
INFO: at 19437.165 ms batch [78.977] delay 23.158 ms
INFO: at 19437.165 ms fetching 78.977 ms
INFO: at 19461.136 ms batch [14.512] delay 23.158 ms
INFO: at 19461.136 ms fetching 14.512 ms
INFO: at 19485.149 ms batch [46.926] delay 23.158 ms
INFO: at 19485.149 ms fetching 46.926 ms
INFO: at 19509.188 ms batch [12.438] delay 23.158 ms
INFO: at 19509.188 ms fetching 12.438 ms
INFO: at 19533.458 ms batch [96.630] delay 23.158 ms
INFO: at 19533.458 ms fetching 96.630 ms
INFO: at 19557.476 ms batch [97.401] delay 23.158 ms
INFO: at 19557.476 ms fetching 97.401 ms
INFO: at 19581.562 ms batch [14.130] delay 23.158 ms
INFO: at 19581.562 ms fetching 14.130 ms
INFO: at 19605.612 ms batch [11.552] delay 18.333 ms
INFO: at 19605.612 ms fetching 11.552 ms
INFO: at 19625.536 ms batch [29.121] delay 18.333 ms
INFO: at 19625.536 ms fetching 29.121 ms
INFO: at 19645.580 ms batch [12.916] delay 18.333 ms
INFO: at 19645.580 ms fetching 12.916 ms
INFO: at 19665.682 ms batch [80.076] delay 18.333 ms
INFO: at 19665.682 ms fetching 80.076 ms
INFO: at 19685.495 ms batch [63.204] delay 18.333 ms
INFO: at 19685.495 ms fetching 63.204 ms
INFO: at 19704.144 ms batch [62.872] delay 18.333 ms
INFO: at 19704.144 ms fetching 62.872 ms
INFO: at 19723.996 ms batch [79.080] delay 18.333 ms
INFO: at 19723.996 ms fetching 79.080 ms
INFO: at 19743.951 ms batch [14.201] delay 18.333 ms
INFO: at 19743.951 ms fetching 14.201 ms
INFO: at 19764.000 ms batch [46.425] delay 18.333 ms
INFO: at 19764.000 ms fetching 46.425 ms
INFO: at 19783.982 ms batch [79.862] delay 18.333 ms
INFO: at 19783.982 ms fetching 79.862 ms
INFO: at 19803.981 ms batch [97.354] delay 18.333 ms
INFO: at 19803.981 ms fetching 97.354 ms
INFO: at 19824.090 ms batch [96.696] delay 18.333 ms
INFO: at 19824.090 ms fetching 96.696 ms
INFO: at 19842.812 ms batch [13.740] delay 18.333 ms
INFO: at 19842.812 ms fetching 13.740 ms
INFO: at 19862.181 ms batch [81.381] delay 18.333 ms
INFO: at 19862.181 ms fetching 81.381 ms
INFO: at 19881.487 ms batch [15.088] delay 18.333 ms
INFO: at 19881.487 ms fetching 15.088 ms
INFO: at 19900.818 ms batch [47.301] delay 18.333 ms
INFO: at 19900.818 ms fetching 47.301 ms
INFO: at 19920.121 ms batch [13.689] delay 18.333 ms
INFO: at 19920.121 ms fetching 13.689 ms
INFO: at 19939.433 ms batch [80.319] delay 18.333 ms
INFO: at 19939.433 ms fetching 80.319 ms
INFO: at 19958.741 ms batch [62.675] delay 18.333 ms
INFO: at 19958.741 ms fetching 62.675 ms
INFO: at 19978.076 ms batch [63.697] delay 18.333 ms
INFO: at 19978.076 ms fetching 63.697 ms
INFO: at 19997.409 ms batch [12.989] delay 18.333 ms
INFO: at 19997.409 ms fetching 12.989 ms
INFO: at 20015.947 ms batch [97.524] delay 18.333 ms
INFO: at 20015.947 ms fetching 97.524 ms
INFO: at 20035.317 ms batch [47.383] delay 18.333 ms
INFO: at 20035.317 ms fetching 47.383 ms
INFO: at 20054.649 ms batch [64.115] delay 18.333 ms
INFO: at 20054.649 ms fetching 64.115 ms
INFO: at 20073.972 ms batch [46.248] delay 27.500 ms
INFO: at 20073.972 ms fetching 46.248 ms
INFO: at 20102.284 ms batch [14.342] delay 27.500 ms
INFO: at 20102.284 ms fetching 14.342 ms
INFO: at 20130.605 ms batch [95.550] delay 27.500 ms
INFO: at 20130.605 ms fetching 95.550 ms
INFO: at 20159.474 ms batch [79.482] delay 27.500 ms
INFO: at 20159.474 ms fetching 79.482 ms
INFO: at 20187.818 ms batch [13.480] delay 27.500 ms
INFO: at 20187.818 ms fetching 13.480 ms
INFO: at 20216.163 ms batch [80.353] delay 27.500 ms
INFO: at 20216.163 ms fetching 80.353 ms
INFO: at 20244.467 ms batch [95.873] delay 27.500 ms
INFO: at 20244.467 ms fetching 95.873 ms
INFO: at 20272.797 ms batch [29.901] delay 27.500 ms
INFO: at 20272.797 ms fetching 29.901 ms
INFO: at 20301.136 ms batch [47.529] delay 27.500 ms
INFO: at 20301.136 ms fetching 47.529 ms
INFO: at 20329.985 ms batch [45.428] delay 27.500 ms
INFO: at 20329.985 ms fetching 45.428 ms
INFO: at 20358.325 ms batch [80.140] delay 27.500 ms
INFO: at 20358.325 ms fetching 80.140 ms
INFO: at 20386.638 ms batch [13.138] delay 27.500 ms
INFO: at 20386.638 ms fetching 13.138 ms
INFO: at 20414.937 ms batch [46.643] delay 27.500 ms
INFO: at 20414.937 ms fetching 46.643 ms
INFO: at 20443.231 ms batch [13.640] delay 27.500 ms
INFO: at 20443.231 ms fetching 13.640 ms
INFO: at 20471.102 ms batch [14.987] delay 27.500 ms
INFO: at 20471.102 ms fetching 14.987 ms
INFO: at 20499.460 ms batch [29.558] delay 27.500 ms
INFO: at 20499.460 ms fetching 29.558 ms
INFO: at 20527.792 ms batch [63.142] delay 20.952 ms
INFO: at 20527.792 ms fetching 63.142 ms
INFO: at 20549.160 ms batch [96.449] delay 20.952 ms
INFO: at 20549.160 ms fetching 96.449 ms
INFO: at 20571.151 ms batch [95.625] delay 20.952 ms
INFO: at 20571.151 ms fetching 95.625 ms
INFO: at 20593.096 ms batch [78.818] delay 20.952 ms
INFO: at 20593.096 ms fetching 78.818 ms
INFO: at 20615.085 ms batch [46.813] delay 20.952 ms
INFO: at 20615.085 ms fetching 46.813 ms
INFO: at 20637.234 ms batch [46.831] delay 20.952 ms
INFO: at 20637.234 ms fetching 46.831 ms
INFO: at 20659.143 ms batch [81.502] delay 20.952 ms
INFO: at 20659.143 ms fetching 81.502 ms
INFO: at 20680.984 ms batch [63.440] delay 20.952 ms
INFO: at 20680.984 ms fetching 63.440 ms
INFO: at 20702.963 ms batch [80.695] delay 20.952 ms
INFO: at 20702.963 ms fetching 80.695 ms
INFO: at 20724.910 ms batch [13.874] delay 20.952 ms
INFO: at 20724.910 ms fetching 13.874 ms
INFO: at 20746.911 ms batch [97.023] delay 20.952 ms
INFO: at 20746.911 ms fetching 97.023 ms
INFO: at 20768.853 ms batch [96.045] delay 20.952 ms
INFO: at 20768.853 ms fetching 96.045 ms
INFO: at 20790.914 ms batch [81.816] delay 20.952 ms
INFO: at 20790.914 ms fetching 81.816 ms
INFO: at 20812.393 ms batch [94.799] delay 20.952 ms
INFO: at 20812.393 ms fetching 94.799 ms
INFO: at 20834.230 ms batch [80.030] delay 20.952 ms
INFO: at 20834.230 ms fetching 80.030 ms
INFO: at 20856.213 ms batch [14.059] delay 20.952 ms
INFO: at 20856.213 ms fetching 14.059 ms
INFO: at 20878.254 ms batch [80.716] delay 20.952 ms
INFO: at 20878.254 ms fetching 80.716 ms
INFO: at 20900.108 ms batch [78.278] delay 20.952 ms
INFO: at 20900.108 ms fetching 78.278 ms
INFO: at 20922.079 ms batch [13.574] delay 20.952 ms
INFO: at 20922.079 ms fetching 13.574 ms
INFO: at 20944.097 ms batch [45.708] delay 20.952 ms
INFO: at 20944.097 ms fetching 45.708 ms
INFO: at 20966.185 ms batch [46.231] delay 20.952 ms
INFO: at 20966.185 ms fetching 46.231 ms
INFO: at 20987.536 ms batch [29.541] delay 25.882 ms
INFO: at 20987.536 ms fetching 29.541 ms
INFO: at 21013.808 ms batch [97.055] delay 25.882 ms
INFO: at 21013.808 ms fetching 97.055 ms
INFO: at 21041.617 ms batch [29.918] delay 25.882 ms
INFO: at 21041.617 ms fetching 29.918 ms
INFO: at 21069.559 ms batch [13.315] delay 25.882 ms
INFO: at 21069.559 ms fetching 13.315 ms
INFO: at 21097.476 ms batch [79.951] delay 25.882 ms
INFO: at 21097.476 ms fetching 79.951 ms
INFO: at 21124.095 ms batch [13.121] delay 25.882 ms
INFO: at 21124.095 ms fetching 13.121 ms
INFO: at 21152.065 ms batch [13.365] delay 25.882 ms
INFO: at 21152.065 ms fetching 13.365 ms
INFO: at 21180.052 ms batch [47.807] delay 25.882 ms
INFO: at 21180.052 ms fetching 47.807 ms
INFO: at 21207.825 ms batch [29.836] delay 25.882 ms
INFO: at 21207.825 ms fetching 29.836 ms
INFO: at 21235.844 ms batch [79.877] delay 25.882 ms
INFO: at 21235.844 ms fetching 79.877 ms
INFO: at 21262.000 ms batch [45.610] delay 25.882 ms
INFO: at 21262.000 ms fetching 45.610 ms
INFO: at 21289.779 ms batch [64.433] delay 25.882 ms
INFO: at 21289.779 ms fetching 64.433 ms
INFO: at 21317.786 ms batch [80.237] delay 25.882 ms
INFO: at 21317.786 ms fetching 80.237 ms
INFO: at 21344.355 ms batch [48.619] delay 25.882 ms
INFO: at 21344.355 ms fetching 48.619 ms
INFO: at 21371.997 ms batch [15.232] delay 25.882 ms
INFO: at 21371.997 ms fetching 15.232 ms
INFO: at 21399.457 ms batch [64.138] delay 25.882 ms
INFO: at 21399.457 ms fetching 64.138 ms
INFO: at 21427.193 ms batch [64.681] delay 25.882 ms
INFO: at 21427.193 ms fetching 64.681 ms
INFO: at 21454.176 ms batch [29.454] delay 20.000 ms
INFO: at 21454.176 ms fetching 29.454 ms
INFO: at 21474.693 ms batch [97.971] delay 20.000 ms
INFO: at 21474.693 ms fetching 97.971 ms
INFO: at 21495.370 ms batch [29.303] delay 20.000 ms
INFO: at 21495.370 ms fetching 29.303 ms
INFO: at 21515.946 ms batch [47.774] delay 20.000 ms
INFO: at 21515.946 ms fetching 47.774 ms
INFO: at 21536.859 ms batch [14.811] delay 20.000 ms
INFO: at 21536.859 ms fetching 14.811 ms
INFO: at 21557.670 ms batch [14.151] delay 20.000 ms
INFO: at 21557.670 ms fetching 14.151 ms
INFO: at 21578.073 ms batch [13.263] delay 20.000 ms
INFO: at 21578.073 ms fetching 13.263 ms
INFO: at 21598.995 ms batch [29.739] delay 20.000 ms
INFO: at 21598.995 ms fetching 29.739 ms
INFO: at 21619.943 ms batch [61.920] delay 20.000 ms
INFO: at 21619.943 ms fetching 61.920 ms
INFO: at 21640.905 ms batch [63.059] delay 20.000 ms
INFO: at 21640.905 ms fetching 63.059 ms
INFO: at 21661.651 ms batch [97.425] delay 20.000 ms
INFO: at 21661.651 ms fetching 97.425 ms
INFO: at 21682.426 ms batch [79.385] delay 20.000 ms
INFO: at 21682.426 ms fetching 79.385 ms
INFO: at 21703.402 ms batch [80.739] delay 20.000 ms
INFO: at 21703.402 ms fetching 80.739 ms
INFO: at 21724.288 ms batch [47.676] delay 20.000 ms
INFO: at 21724.288 ms fetching 47.676 ms
INFO: at 21745.357 ms batch [79.907] delay 20.000 ms
INFO: at 21745.357 ms fetching 79.907 ms
INFO: at 21766.051 ms batch [63.024] delay 20.000 ms
INFO: at 21766.051 ms fetching 63.024 ms
INFO: at 21786.800 ms batch [64.814] delay 20.000 ms
INFO: at 21786.800 ms fetching 64.814 ms
INFO: at 21807.634 ms batch [12.491] delay 20.000 ms
INFO: at 21807.634 ms fetching 12.491 ms
INFO: at 21828.574 ms batch [80.438] delay 20.000 ms
INFO: at 21828.574 ms fetching 80.438 ms
INFO: at 21849.452 ms batch [64.202] delay 20.000 ms
INFO: at 21849.452 ms fetching 64.202 ms
INFO: at 21869.899 ms batch [80.269] delay 20.000 ms
INFO: at 21869.899 ms fetching 80.269 ms
INFO: at 21890.553 ms batch [63.377] delay 20.000 ms
INFO: at 21890.553 ms fetching 63.377 ms
INFO: at 21911.113 ms batch [13.911] delay 29.333 ms
INFO: at 21911.113 ms fetching 13.911 ms
INFO: at 21940.925 ms batch [96.417] delay 29.333 ms
INFO: at 21940.925 ms fetching 96.417 ms
INFO: at 21970.627 ms batch [95.849] delay 29.333 ms
INFO: at 21970.627 ms fetching 95.849 ms
INFO: at 22000.538 ms batch [47.587] delay 29.333 ms
INFO: at 22000.538 ms fetching 47.587 ms
INFO: at 22030.567 ms batch [63.517] delay 29.333 ms
INFO: at 22030.567 ms fetching 63.517 ms
INFO: at 22060.562 ms batch [29.028] delay 29.333 ms
INFO: at 22060.562 ms fetching 29.028 ms
INFO: at 22091.489 ms batch [97.605] delay 29.333 ms
INFO: at 22091.489 ms fetching 97.605 ms
INFO: at 22121.473 ms batch [96.364] delay 29.333 ms
INFO: at 22121.473 ms fetching 96.364 ms
INFO: at 22151.547 ms batch [46.005] delay 29.333 ms
INFO: at 22151.547 ms fetching 46.005 ms
INFO: done
INFO: stopping nexus
