22-04-03:18:40:14 INFO     [docker_container_manager.py:192] [default-cluster] Starting managed Redis instance in Docker
22-04-03:18:40:16 INFO     [docker_container_manager.py:294] [default-cluster] Metric Configuration Saved at /tmp/tmpth36t4je.yml
22-04-03:18:40:16 INFO     [clipper_admin.py:162] [default-cluster] Clipper is running
22-04-03:18:40:16 INFO     [clipper_admin.py:236] [default-cluster] Application fake-model was successfully registered
22-04-03:18:40:16 INFO     [deployer_utils.py:41] Saving function to /tmp/tmpas6ufqn0clipper
22-04-03:18:40:16 INFO     [deployer_utils.py:51] Serialized and supplied predict function
22-04-03:18:40:16 INFO     [python.py:192] Python closure saved
22-04-03:18:40:16 INFO     [python.py:210] Using Python 3.7 base image
22-04-03:18:40:16 INFO     [clipper_admin.py:534] [default-cluster] Building model Docker image with model data from /tmp/tmpas6ufqn0clipper
22-04-03:18:40:17 INFO     [clipper_admin.py:539] [default-cluster] Step 1/2 : FROM clipper/python37-closure-container:develop
22-04-03:18:40:17 INFO     [clipper_admin.py:539] [default-cluster]  ---> 2660542c0759
22-04-03:18:40:17 INFO     [clipper_admin.py:539] [default-cluster] Step 2/2 : COPY /tmp/tmpas6ufqn0clipper /model/
22-04-03:18:40:17 INFO     [clipper_admin.py:539] [default-cluster]  ---> 6741058f39d2
22-04-03:18:40:17 INFO     [clipper_admin.py:539] [default-cluster] Successfully built 6741058f39d2
22-04-03:18:40:17 INFO     [clipper_admin.py:539] [default-cluster] Successfully tagged default-cluster-fake-model:1
22-04-03:18:40:17 INFO     [clipper_admin.py:541] [default-cluster] Pushing model Docker image to default-cluster-fake-model:1
22-04-03:18:40:17 INFO     [docker_container_manager.py:433] [default-cluster] Found 0 replicas for fake-model:1. Adding 1
22-04-03:18:40:17 INFO     [clipper_admin.py:724] [default-cluster] Successfully registered model fake-model:1
22-04-03:18:40:17 INFO     [clipper_admin.py:642] [default-cluster] Done deploying model fake-model:1.
22-04-03:18:40:17 INFO     [clipper_admin.py:303] [default-cluster] Model fake-model is now linked to application fake-model
INFO: waiting for ready to serve
INFO: waiting for ready to serve
INFO: waiting for ready to serve
INFO: waiting for ready to serve
INFO: ready to go
INFO: rock and roll
INFO: at 6.440 ms batch [46.816] delay 25.882 ms
INFO: at 6.440 ms fetching 46.816 ms
INFO: at 32.327 ms batch [89.548] delay 25.882 ms
INFO: at 32.327 ms fetching 89.548 ms
INFO: at 58.215 ms batch [93.588] delay 25.882 ms
INFO: at 58.215 ms fetching 93.588 ms
INFO: at 84.101 ms batch [43.048] delay 25.882 ms
INFO: at 84.101 ms fetching 43.048 ms
INFO: at 109.988 ms batch [21.422] delay 25.882 ms
INFO: at 109.988 ms fetching 21.422 ms
INFO: at 135.874 ms batch [36.136] delay 25.882 ms
INFO: at 135.874 ms fetching 36.136 ms
INFO: at 161.761 ms batch [21.149] delay 25.882 ms
INFO: at 161.761 ms fetching 21.149 ms
INFO: at 187.648 ms batch [86.539] delay 25.882 ms
INFO: at 187.648 ms fetching 86.539 ms
INFO: at 213.534 ms batch [42.429] delay 25.882 ms
INFO: at 213.534 ms fetching 42.429 ms
INFO: at 239.421 ms batch [45.183] delay 25.882 ms
INFO: at 239.421 ms fetching 45.183 ms
INFO: at 265.307 ms batch [64.880] delay 25.882 ms
INFO: at 265.307 ms fetching 64.880 ms
INFO: at 291.194 ms batch [44.905] delay 25.882 ms
INFO: at 291.194 ms fetching 44.905 ms
INFO: at 317.080 ms batch [91.504] delay 25.882 ms
INFO: at 317.080 ms fetching 91.504 ms
INFO: at 342.967 ms batch [22.887] delay 25.882 ms
INFO: at 342.967 ms fetching 22.887 ms
INFO: at 368.855 ms batch [67.960] delay 25.882 ms
INFO: at 368.855 ms fetching 67.960 ms
INFO: at 394.742 ms batch [41.388] delay 25.882 ms
INFO: at 394.742 ms fetching 41.388 ms
INFO: at 420.629 ms batch [65.438] delay 25.882 ms
INFO: at 420.629 ms fetching 65.438 ms
INFO: at 446.515 ms batch [87.438] delay 23.158 ms
INFO: at 446.515 ms fetching 87.438 ms
INFO: at 469.676 ms batch [67.711] delay 23.158 ms
INFO: at 469.676 ms fetching 67.711 ms
INFO: at 492.838 ms batch [63.190] delay 23.158 ms
INFO: at 492.838 ms fetching 63.190 ms
INFO: at 516.000 ms batch [44.449] delay 23.158 ms
INFO: at 516.000 ms fetching 44.449 ms
INFO: at 539.163 ms batch [41.660] delay 23.158 ms
INFO: at 539.163 ms fetching 41.660 ms
INFO: at 562.324 ms batch [23.599] delay 23.158 ms
INFO: at 562.324 ms fetching 23.599 ms
INFO: at 585.485 ms batch [90.114] delay 23.158 ms
INFO: at 585.485 ms fetching 90.114 ms
INFO: at 608.648 ms batch [44.836] delay 23.158 ms
INFO: at 608.648 ms fetching 44.836 ms
INFO: at 631.809 ms batch [45.150] delay 23.158 ms
INFO: at 631.809 ms fetching 45.150 ms
INFO: at 654.971 ms batch [88.904] delay 23.158 ms
INFO: at 654.971 ms fetching 88.904 ms
INFO: at 678.133 ms batch [22.980] delay 23.158 ms
INFO: at 678.133 ms fetching 22.980 ms
INFO: at 701.294 ms batch [18.617] delay 23.158 ms
INFO: at 701.294 ms fetching 18.617 ms
INFO: at 724.456 ms batch [65.461] delay 23.158 ms
INFO: at 724.456 ms fetching 65.461 ms
INFO: at 747.618 ms batch [68.588] delay 23.158 ms
INFO: at 747.618 ms fetching 68.588 ms
INFO: at 770.780 ms batch [44.027] delay 23.158 ms
INFO: at 770.780 ms fetching 44.027 ms
INFO: at 793.941 ms batch [67.921] delay 23.158 ms
INFO: at 793.941 ms fetching 67.921 ms
INFO: at 817.277 ms batch [62.802] delay 23.158 ms
INFO: at 817.277 ms fetching 62.802 ms
INFO: at 840.438 ms batch [43.727] delay 23.158 ms
INFO: at 840.438 ms fetching 43.727 ms
INFO: at 863.600 ms batch [44.754] delay 23.158 ms
INFO: at 863.600 ms fetching 44.754 ms
INFO: at 886.763 ms batch [90.392] delay 31.429 ms
INFO: at 886.763 ms fetching 90.392 ms
INFO: at 918.197 ms batch [91.021] delay 31.429 ms
INFO: at 918.197 ms fetching 91.021 ms
INFO: at 949.629 ms batch [20.592] delay 31.429 ms
INFO: at 949.629 ms fetching 20.592 ms
INFO: at 981.061 ms batch [15.177] delay 31.429 ms
INFO: at 981.061 ms fetching 15.177 ms
INFO: at 1012.492 ms batch [67.121] delay 31.429 ms
INFO: at 1012.492 ms fetching 67.121 ms
INFO: at 1043.926 ms batch [88.790] delay 31.429 ms
INFO: at 1043.926 ms fetching 88.790 ms
INFO: at 1075.359 ms batch [64.409] delay 31.429 ms
INFO: at 1075.359 ms fetching 64.409 ms
INFO: at 1106.792 ms batch [87.849] delay 31.429 ms
INFO: at 1106.792 ms fetching 87.849 ms
INFO: at 1138.225 ms batch [88.435] delay 31.429 ms
INFO: at 1138.225 ms fetching 88.435 ms
INFO: at 1169.657 ms batch [71.760] delay 31.429 ms
INFO: at 1169.657 ms fetching 71.760 ms
INFO: at 1201.089 ms batch [66.729] delay 31.429 ms
INFO: at 1201.089 ms fetching 66.729 ms
INFO: at 1232.521 ms batch [63.661] delay 31.429 ms
INFO: at 1232.521 ms fetching 63.661 ms
INFO: at 1263.953 ms batch [45.679] delay 31.429 ms
INFO: at 1263.953 ms fetching 45.679 ms
INFO: at 1295.386 ms batch [18.356] delay 31.429 ms
INFO: at 1295.386 ms fetching 18.356 ms
INFO: at 1326.821 ms batch [65.518] delay 25.882 ms
INFO: at 1326.821 ms fetching 65.518 ms
INFO: at 1352.706 ms batch [91.263] delay 25.882 ms
INFO: at 1352.706 ms fetching 91.263 ms
INFO: at 1378.592 ms batch [66.054] delay 25.882 ms
INFO: at 1378.592 ms fetching 66.054 ms
INFO: at 1404.477 ms batch [42.243] delay 25.882 ms
INFO: at 1404.477 ms fetching 42.243 ms
INFO: at 1430.364 ms batch [65.723] delay 25.882 ms
INFO: at 1430.364 ms fetching 65.723 ms
INFO: at 1456.250 ms batch [44.414] delay 25.882 ms
INFO: at 1456.250 ms fetching 44.414 ms
INFO: at 1482.135 ms batch [44.796] delay 25.882 ms
INFO: at 1482.135 ms fetching 44.796 ms
INFO: at 1508.038 ms batch [19.666] delay 25.882 ms
INFO: at 1508.038 ms fetching 19.666 ms
INFO: at 1533.923 ms batch [93.102] delay 25.882 ms
INFO: at 1533.923 ms fetching 93.102 ms
INFO: at 1559.810 ms batch [66.168] delay 25.882 ms
INFO: at 1559.810 ms fetching 66.168 ms
INFO: at 1585.696 ms batch [20.855] delay 25.882 ms
INFO: at 1585.696 ms fetching 20.855 ms
INFO: at 1611.581 ms batch [66.494] delay 25.882 ms
INFO: at 1611.581 ms fetching 66.494 ms
INFO: at 1637.481 ms batch [41.814] delay 25.882 ms
INFO: at 1637.481 ms fetching 41.814 ms
INFO: at 1663.366 ms batch [44.223] delay 25.882 ms
INFO: at 1663.366 ms fetching 44.223 ms
INFO: at 1689.252 ms batch [25.271] delay 25.882 ms
INFO: at 1689.252 ms fetching 25.271 ms
INFO: at 1715.138 ms batch [24.802] delay 25.882 ms
INFO: at 1715.138 ms fetching 24.802 ms
INFO: at 1741.025 ms batch [65.234] delay 25.882 ms
INFO: at 1741.025 ms fetching 65.234 ms
INFO: at 1766.911 ms batch [39.124] delay 27.500 ms
INFO: at 1766.911 ms fetching 39.124 ms
INFO: at 1794.414 ms batch [20.067] delay 27.500 ms
INFO: at 1794.414 ms fetching 20.067 ms
INFO: at 1821.918 ms batch [68.200] delay 27.500 ms
INFO: at 1821.918 ms fetching 68.200 ms
INFO: at 1849.423 ms batch [40.074] delay 27.500 ms
INFO: at 1849.423 ms fetching 40.074 ms
INFO: at 1876.926 ms batch [44.061] delay 27.500 ms
INFO: at 1876.926 ms fetching 44.061 ms
INFO: at 1904.431 ms batch [68.532] delay 27.500 ms
INFO: at 1904.431 ms fetching 68.532 ms
INFO: at 1931.936 ms batch [63.123] delay 27.500 ms
INFO: at 1931.936 ms fetching 63.123 ms
INFO: at 1959.440 ms batch [44.318] delay 27.500 ms
INFO: at 1959.440 ms fetching 44.318 ms
INFO: at 1986.943 ms batch [20.387] delay 27.500 ms
INFO: at 1986.943 ms fetching 20.387 ms
INFO: at 2014.446 ms batch [40.551] delay 27.500 ms
INFO: at 2014.446 ms fetching 40.551 ms
INFO: at 2041.950 ms batch [85.469] delay 27.500 ms
INFO: at 2041.950 ms fetching 85.469 ms
INFO: at 2069.456 ms batch [16.957] delay 27.500 ms
INFO: at 2069.456 ms fetching 16.957 ms
INFO: at 2096.959 ms batch [21.233] delay 27.500 ms
INFO: at 2096.959 ms fetching 21.233 ms
INFO: at 2124.463 ms batch [89.179] delay 27.500 ms
INFO: at 2124.463 ms fetching 89.179 ms
INFO: at 2151.967 ms batch [70.733] delay 27.500 ms
INFO: at 2151.967 ms fetching 70.733 ms
INFO: at 2179.471 ms batch [21.269] delay 27.500 ms
INFO: at 2179.471 ms fetching 21.269 ms
INFO: at 2206.975 ms batch [62.524] delay 27.500 ms
INFO: at 2206.975 ms fetching 62.524 ms
INFO: at 2234.483 ms batch [20.448] delay 27.500 ms
INFO: at 2234.483 ms fetching 20.448 ms
INFO: at 2261.987 ms batch [20.297] delay 27.500 ms
INFO: at 2261.987 ms fetching 20.297 ms
INFO: at 2289.490 ms batch [44.125] delay 27.500 ms
INFO: at 2289.490 ms fetching 44.125 ms
INFO: at 2316.994 ms batch [63.966] delay 27.500 ms
INFO: at 2316.994 ms fetching 63.966 ms
INFO: at 2344.499 ms batch [20.829] delay 27.500 ms
INFO: at 2344.499 ms fetching 20.829 ms
INFO: at 2372.004 ms batch [44.968] delay 27.500 ms
INFO: at 2372.004 ms fetching 44.968 ms
INFO: at 2399.508 ms batch [43.074] delay 27.500 ms
INFO: at 2399.508 ms fetching 43.074 ms
INFO: at 2427.011 ms batch [92.461] delay 27.500 ms
INFO: at 2427.011 ms fetching 92.461 ms
INFO: at 2454.516 ms batch [87.323] delay 27.500 ms
INFO: at 2454.516 ms fetching 87.323 ms
INFO: at 2482.020 ms batch [23.822] delay 27.500 ms
INFO: at 2482.020 ms fetching 23.822 ms
INFO: at 2509.523 ms batch [16.344] delay 27.500 ms
INFO: at 2509.523 ms fetching 16.344 ms
INFO: at 2537.026 ms batch [89.896] delay 27.500 ms
INFO: at 2537.026 ms fetching 89.896 ms
INFO: at 2564.531 ms batch [44.352] delay 27.500 ms
INFO: at 2564.531 ms fetching 44.352 ms
INFO: at 2592.034 ms batch [90.256] delay 27.500 ms
INFO: at 2592.034 ms fetching 90.256 ms
INFO: at 2619.539 ms batch [22.598] delay 27.500 ms
INFO: at 2619.539 ms fetching 22.598 ms
INFO: at 2647.044 ms batch [64.638] delay 27.500 ms
INFO: at 2647.044 ms fetching 64.638 ms
INFO: at 2674.548 ms batch [21.732] delay 27.500 ms
INFO: at 2674.548 ms fetching 21.732 ms
INFO: at 2702.066 ms batch [72.433] delay 27.500 ms
INFO: at 2702.066 ms fetching 72.433 ms
INFO: at 2729.569 ms batch [45.833] delay 27.500 ms
INFO: at 2729.569 ms fetching 45.833 ms
INFO: at 2757.073 ms batch [24.402] delay 27.500 ms
INFO: at 2757.073 ms fetching 24.402 ms
INFO: at 2784.577 ms batch [92.078] delay 27.500 ms
INFO: at 2784.577 ms fetching 92.078 ms
INFO: at 2812.081 ms batch [62.417] delay 27.500 ms
INFO: at 2812.081 ms fetching 62.417 ms
INFO: at 2839.587 ms batch [20.148] delay 27.500 ms
INFO: at 2839.587 ms fetching 20.148 ms
INFO: at 2867.093 ms batch [69.385] delay 27.500 ms
INFO: at 2867.093 ms fetching 69.385 ms
INFO: at 2894.597 ms batch [17.441] delay 27.500 ms
INFO: at 2894.597 ms fetching 17.441 ms
INFO: at 2922.101 ms batch [86.589] delay 27.500 ms
INFO: at 2922.101 ms fetching 86.589 ms
INFO: at 2949.605 ms batch [41.118] delay 27.500 ms
INFO: at 2949.605 ms fetching 41.118 ms
INFO: at 2977.108 ms batch [42.877] delay 27.500 ms
INFO: at 2977.108 ms fetching 42.877 ms
INFO: at 3004.613 ms batch [42.822] delay 27.500 ms
INFO: at 3004.613 ms fetching 42.822 ms
INFO: at 3032.117 ms batch [67.787] delay 27.500 ms
INFO: at 3032.117 ms fetching 67.787 ms
INFO: at 3059.620 ms batch [87.658] delay 27.500 ms
INFO: at 3059.620 ms fetching 87.658 ms
INFO: at 3087.124 ms batch [89.212] delay 29.333 ms
INFO: at 3087.124 ms fetching 89.212 ms
INFO: at 3116.460 ms batch [39.896] delay 29.333 ms
INFO: at 3116.460 ms fetching 39.896 ms
INFO: at 3145.798 ms batch [65.486] delay 29.333 ms
INFO: at 3145.798 ms fetching 65.486 ms
INFO: at 3175.135 ms batch [40.482] delay 29.333 ms
INFO: at 3175.135 ms fetching 40.482 ms
INFO: at 3204.472 ms batch [47.821] delay 29.333 ms
INFO: at 3204.472 ms fetching 47.821 ms
INFO: at 3233.809 ms batch [86.135] delay 29.333 ms
INFO: at 3233.809 ms fetching 86.135 ms
INFO: at 3263.149 ms batch [41.505] delay 29.333 ms
INFO: at 3263.149 ms fetching 41.505 ms
INFO: at 3292.488 ms batch [21.033] delay 29.333 ms
INFO: at 3292.488 ms fetching 21.033 ms
INFO: at 3321.826 ms batch [47.481] delay 29.333 ms
INFO: at 3321.826 ms fetching 47.481 ms
INFO: at 3351.164 ms batch [45.288] delay 29.333 ms
INFO: at 3351.164 ms fetching 45.288 ms
INFO: at 3380.501 ms batch [43.783] delay 29.333 ms
INFO: at 3380.501 ms fetching 43.783 ms
INFO: at 3409.839 ms batch [89.631] delay 29.333 ms
INFO: at 3409.839 ms fetching 89.631 ms
INFO: at 3439.178 ms batch [47.222] delay 29.333 ms
INFO: at 3439.178 ms fetching 47.222 ms
INFO: at 3468.516 ms batch [19.184] delay 29.333 ms
INFO: at 3468.516 ms fetching 19.184 ms
INFO: at 3497.853 ms batch [43.961] delay 29.333 ms
INFO: at 3497.853 ms fetching 43.961 ms
INFO: at 3527.190 ms batch [70.561] delay 29.333 ms
INFO: at 3527.190 ms fetching 70.561 ms
INFO: at 3556.527 ms batch [44.528] delay 29.333 ms
INFO: at 3556.527 ms fetching 44.528 ms
INFO: at 3585.865 ms batch [87.249] delay 29.333 ms
INFO: at 3585.865 ms fetching 87.249 ms
INFO: at 3615.202 ms batch [39.714] delay 29.333 ms
INFO: at 3615.202 ms fetching 39.714 ms
INFO: at 3644.539 ms batch [17.044] delay 29.333 ms
INFO: at 3644.539 ms fetching 17.044 ms
INFO: at 3673.877 ms batch [47.637] delay 29.333 ms
INFO: at 3673.877 ms fetching 47.637 ms
INFO: at 3703.215 ms batch [66.672] delay 29.333 ms
INFO: at 3703.215 ms fetching 66.672 ms
INFO: at 3732.553 ms batch [42.497] delay 29.333 ms
INFO: at 3732.553 ms fetching 42.497 ms
INFO: at 3761.890 ms batch [87.575] delay 29.333 ms
INFO: at 3761.890 ms fetching 87.575 ms
INFO: at 3791.229 ms batch [88.121] delay 29.333 ms
INFO: at 3791.229 ms fetching 88.121 ms
INFO: at 3820.565 ms batch [68.162] delay 29.333 ms
INFO: at 3820.565 ms fetching 68.162 ms
INFO: at 3849.902 ms batch [41.462] delay 29.333 ms
INFO: at 3849.902 ms fetching 41.462 ms
INFO: at 3879.239 ms batch [88.849] delay 29.333 ms
INFO: at 3879.239 ms fetching 88.849 ms
INFO: at 3908.576 ms batch [20.770] delay 29.333 ms
INFO: at 3908.576 ms fetching 20.770 ms
INFO: at 3937.913 ms batch [90.864] delay 29.333 ms
INFO: at 3937.913 ms fetching 90.864 ms
INFO: at 3967.250 ms batch [68.342] delay 31.429 ms
INFO: at 3967.250 ms fetching 68.342 ms
INFO: at 3998.682 ms batch [61.164] delay 31.429 ms
INFO: at 3998.682 ms fetching 61.164 ms
INFO: at 4030.119 ms batch [42.026] delay 31.429 ms
INFO: at 4030.119 ms fetching 42.026 ms
INFO: at 4061.551 ms batch [91.569] delay 31.429 ms
INFO: at 4061.551 ms fetching 91.569 ms
INFO: at 4092.984 ms batch [65.637] delay 31.429 ms
INFO: at 4092.984 ms fetching 65.637 ms
INFO: at 4124.417 ms batch [23.674] delay 31.429 ms
INFO: at 4124.417 ms fetching 23.674 ms
INFO: at 4155.850 ms batch [19.380] delay 31.429 ms
INFO: at 4155.850 ms fetching 19.380 ms
INFO: at 4187.282 ms batch [70.413] delay 31.429 ms
INFO: at 4187.282 ms fetching 70.413 ms
INFO: at 4218.715 ms batch [63.386] delay 31.429 ms
INFO: at 4218.715 ms fetching 63.386 ms
INFO: at 4250.146 ms batch [85.920] delay 31.429 ms
INFO: at 4250.146 ms fetching 85.920 ms
INFO: at 4281.579 ms batch [86.972] delay 31.429 ms
INFO: at 4281.579 ms fetching 86.972 ms
INFO: at 4313.010 ms batch [67.648] delay 31.429 ms
INFO: at 4313.010 ms fetching 67.648 ms
INFO: at 4344.443 ms batch [18.036] delay 31.429 ms
INFO: at 4344.443 ms fetching 18.036 ms
INFO: at 4375.876 ms batch [91.717] delay 31.429 ms
INFO: at 4375.876 ms fetching 91.717 ms
INFO: at 4407.310 ms batch [89.716] delay 44.000 ms
INFO: at 4407.310 ms fetching 89.716 ms
INFO: at 4451.315 ms batch [41.587] delay 44.000 ms
INFO: at 4451.315 ms fetching 41.587 ms
INFO: at 4495.322 ms batch [42.126] delay 44.000 ms
INFO: at 4495.322 ms fetching 42.126 ms
INFO: at 4539.328 ms batch [66.945] delay 44.000 ms
INFO: at 4539.328 ms fetching 66.945 ms
INFO: at 4583.333 ms batch [16.853] delay 44.000 ms
INFO: at 4583.333 ms fetching 16.853 ms
INFO: at 4627.339 ms batch [62.698] delay 44.000 ms
INFO: at 4627.339 ms fetching 62.698 ms
INFO: at 4671.345 ms batch [20.652] delay 44.000 ms
INFO: at 4671.345 ms fetching 20.652 ms
INFO: at 4715.350 ms batch [22.087] delay 44.000 ms
INFO: at 4715.350 ms fetching 22.087 ms
INFO: at 4759.356 ms batch [15.523] delay 44.000 ms
INFO: at 4759.356 ms fetching 15.523 ms
INFO: at 4803.362 ms batch [43.538] delay 44.000 ms
INFO: at 4803.362 ms fetching 43.538 ms
INFO: at 4847.369 ms batch [20.888] delay 25.882 ms
INFO: at 4847.369 ms fetching 20.888 ms
INFO: at 4873.256 ms batch [23.035] delay 25.882 ms
INFO: at 4873.256 ms fetching 23.035 ms
INFO: at 4899.142 ms batch [64.943] delay 25.882 ms
INFO: at 4899.142 ms fetching 64.943 ms
INFO: at 4925.028 ms batch [49.983] delay 25.882 ms
INFO: at 4925.028 ms fetching 49.983 ms
INFO: at 4950.915 ms batch [46.427] delay 25.882 ms
INFO: at 4950.915 ms fetching 46.427 ms
INFO: at 4976.801 ms batch [63.507] delay 25.882 ms
INFO: at 4976.801 ms fetching 63.507 ms
INFO: at 5002.687 ms batch [45.410] delay 25.882 ms
INFO: at 5002.687 ms fetching 45.410 ms
INFO: at 5028.573 ms batch [18.890] delay 25.882 ms
INFO: at 5028.573 ms fetching 18.890 ms
INFO: at 5054.459 ms batch [42.370] delay 25.882 ms
INFO: at 5054.459 ms fetching 42.370 ms
INFO: at 5080.345 ms batch [65.697] delay 25.882 ms
INFO: at 5080.345 ms fetching 65.697 ms
INFO: at 5106.231 ms batch [41.775] delay 25.882 ms
INFO: at 5106.231 ms fetching 41.775 ms
INFO: at 5132.124 ms batch [62.891] delay 25.882 ms
INFO: at 5132.124 ms fetching 62.891 ms
INFO: at 5158.011 ms batch [67.420] delay 25.882 ms
INFO: at 5158.011 ms fetching 67.420 ms
INFO: at 5183.898 ms batch [43.167] delay 25.882 ms
INFO: at 5183.898 ms fetching 43.167 ms
INFO: at 5209.783 ms batch [21.003] delay 25.882 ms
INFO: at 5209.783 ms fetching 21.003 ms
INFO: at 5235.669 ms batch [62.975] delay 25.882 ms
INFO: at 5235.669 ms fetching 62.975 ms
INFO: at 5261.554 ms batch [70.971] delay 25.882 ms
INFO: at 5261.554 ms fetching 70.971 ms
INFO: at 5287.440 ms batch [22.196] delay 24.444 ms
INFO: at 5287.440 ms fetching 22.196 ms
INFO: at 5311.887 ms batch [23.525] delay 24.444 ms
INFO: at 5311.887 ms fetching 23.525 ms
INFO: at 5336.336 ms batch [64.285] delay 24.444 ms
INFO: at 5336.336 ms fetching 64.285 ms
INFO: at 5360.784 ms batch [66.789] delay 24.444 ms
INFO: at 5360.784 ms fetching 66.789 ms
INFO: at 5385.233 ms batch [20.676] delay 24.444 ms
INFO: at 5385.233 ms fetching 20.676 ms
INFO: at 5409.684 ms batch [20.414] delay 24.444 ms
INFO: at 5409.684 ms fetching 20.414 ms
INFO: at 5434.131 ms batch [18.531] delay 24.444 ms
INFO: at 5434.131 ms fetching 18.531 ms
INFO: at 5458.579 ms batch [67.173] delay 24.444 ms
INFO: at 5458.579 ms fetching 67.173 ms
INFO: at 5483.028 ms batch [88.216] delay 24.444 ms
INFO: at 5483.028 ms fetching 88.216 ms
INFO: at 5507.475 ms batch [88.879] delay 24.444 ms
INFO: at 5507.475 ms fetching 88.879 ms
INFO: at 5531.924 ms batch [88.958] delay 24.444 ms
INFO: at 5531.924 ms fetching 88.958 ms
INFO: at 5556.373 ms batch [64.151] delay 24.444 ms
INFO: at 5556.373 ms fetching 64.151 ms
INFO: at 5580.821 ms batch [86.070] delay 24.444 ms
INFO: at 5580.821 ms fetching 86.070 ms
INFO: at 5605.272 ms batch [86.923] delay 24.444 ms
INFO: at 5605.272 ms fetching 86.923 ms
INFO: at 5629.720 ms batch [45.730] delay 24.444 ms
INFO: at 5629.720 ms fetching 45.730 ms
INFO: at 5654.169 ms batch [100.000] delay 24.444 ms
INFO: at 5654.169 ms fetching 100.000 ms
INFO: at 5678.617 ms batch [87.402] delay 24.444 ms
INFO: at 5678.617 ms fetching 87.402 ms
INFO: at 5703.066 ms batch [90.083] delay 24.444 ms
INFO: at 5703.066 ms fetching 90.083 ms
INFO: at 5727.516 ms batch [22.830] delay 25.882 ms
INFO: at 5727.516 ms fetching 22.830 ms
INFO: at 5753.403 ms batch [44.092] delay 25.882 ms
INFO: at 5753.403 ms fetching 44.092 ms
INFO: at 5779.290 ms batch [86.375] delay 25.882 ms
INFO: at 5779.290 ms fetching 86.375 ms
INFO: at 5805.176 ms batch [91.957] delay 25.882 ms
INFO: at 5805.176 ms fetching 91.957 ms
INFO: at 5831.062 ms batch [22.555] delay 25.882 ms
INFO: at 5831.062 ms fetching 22.555 ms
INFO: at 5856.947 ms batch [63.921] delay 25.882 ms
INFO: at 5856.947 ms fetching 63.921 ms
INFO: at 5882.835 ms batch [88.930] delay 25.882 ms
INFO: at 5882.835 ms fetching 88.930 ms
INFO: at 5908.719 ms batch [61.857] delay 25.882 ms
INFO: at 5908.719 ms fetching 61.857 ms
INFO: at 5934.611 ms batch [87.474] delay 25.882 ms
INFO: at 5934.611 ms fetching 87.474 ms
INFO: at 5960.497 ms batch [88.347] delay 25.882 ms
INFO: at 5960.497 ms fetching 88.347 ms
INFO: at 5986.384 ms batch [65.137] delay 25.882 ms
INFO: at 5986.384 ms fetching 65.137 ms
INFO: at 6012.269 ms batch [89.604] delay 25.882 ms
INFO: at 6012.269 ms fetching 89.604 ms
INFO: at 6038.156 ms batch [89.239] delay 25.882 ms
INFO: at 6038.156 ms fetching 89.239 ms
INFO: at 6064.042 ms batch [62.300] delay 25.882 ms
INFO: at 6064.042 ms fetching 62.300 ms
INFO: at 6089.929 ms batch [91.216] delay 25.882 ms
INFO: at 6089.929 ms fetching 91.216 ms
INFO: at 6115.816 ms batch [89.742] delay 25.882 ms
INFO: at 6115.816 ms fetching 89.742 ms
INFO: at 6141.702 ms batch [64.057] delay 25.882 ms
INFO: at 6141.702 ms fetching 64.057 ms
INFO: at 6167.588 ms batch [90.189] delay 27.500 ms
INFO: at 6167.588 ms fetching 90.189 ms
INFO: at 6195.092 ms batch [48.254] delay 27.500 ms
INFO: at 6195.092 ms fetching 48.254 ms
INFO: at 6222.596 ms batch [40.606] delay 27.500 ms
INFO: at 6222.596 ms fetching 40.606 ms
INFO: at 6250.099 ms batch [20.738] delay 27.500 ms
INFO: at 6250.099 ms fetching 20.738 ms
INFO: at 6277.604 ms batch [46.651] delay 27.500 ms
INFO: at 6277.604 ms fetching 46.651 ms
INFO: at 6305.107 ms batch [84.849] delay 27.500 ms
INFO: at 6305.107 ms fetching 84.849 ms
INFO: at 6332.609 ms batch [87.008] delay 27.500 ms
INFO: at 6332.609 ms fetching 87.008 ms
INFO: at 6360.111 ms batch [65.938] delay 27.500 ms
INFO: at 6360.111 ms fetching 65.938 ms
INFO: at 6387.613 ms batch [88.057] delay 27.500 ms
INFO: at 6387.613 ms fetching 88.057 ms
INFO: at 6415.117 ms batch [19.078] delay 27.500 ms
INFO: at 6415.117 ms fetching 19.078 ms
INFO: at 6442.619 ms batch [22.471] delay 27.500 ms
INFO: at 6442.619 ms fetching 22.471 ms
INFO: at 6470.121 ms batch [42.463] delay 27.500 ms
INFO: at 6470.121 ms fetching 42.463 ms
INFO: at 6497.623 ms batch [17.302] delay 27.500 ms
INFO: at 6497.623 ms fetching 17.302 ms
INFO: at 6525.124 ms batch [65.549] delay 27.500 ms
INFO: at 6525.124 ms fetching 65.549 ms
INFO: at 6552.626 ms batch [92.149] delay 27.500 ms
INFO: at 6552.626 ms fetching 92.149 ms
INFO: at 6580.127 ms batch [24.276] delay 27.500 ms
INFO: at 6580.127 ms fetching 24.276 ms
INFO: at 6607.629 ms batch [89.770] delay 36.667 ms
INFO: at 6607.629 ms fetching 89.770 ms
INFO: at 6644.298 ms batch [19.820] delay 36.667 ms
INFO: at 6644.298 ms fetching 19.820 ms
INFO: at 6680.967 ms batch [67.851] delay 36.667 ms
INFO: at 6680.967 ms fetching 67.851 ms
INFO: at 6717.635 ms batch [66.913] delay 36.667 ms
INFO: at 6717.635 ms fetching 66.913 ms
INFO: at 6754.304 ms batch [88.984] delay 36.667 ms
INFO: at 6754.304 ms fetching 88.984 ms
INFO: at 6790.972 ms batch [17.805] delay 36.667 ms
INFO: at 6790.972 ms fetching 17.805 ms
INFO: at 6827.640 ms batch [85.753] delay 36.667 ms
INFO: at 6827.640 ms fetching 85.753 ms
INFO: at 6864.308 ms batch [44.652] delay 36.667 ms
INFO: at 6864.308 ms fetching 44.652 ms
INFO: at 6900.976 ms batch [63.868] delay 36.667 ms
INFO: at 6900.976 ms fetching 63.868 ms
INFO: at 6937.644 ms batch [18.778] delay 36.667 ms
INFO: at 6937.644 ms fetching 18.778 ms
INFO: at 6974.313 ms batch [65.404] delay 36.667 ms
INFO: at 6974.313 ms fetching 65.404 ms
INFO: at 7010.981 ms batch [67.579] delay 36.667 ms
INFO: at 7010.981 ms fetching 67.579 ms
INFO: at 7047.649 ms batch [68.037] delay 29.333 ms
INFO: at 7047.649 ms fetching 68.037 ms
INFO: at 7076.984 ms batch [89.833] delay 29.333 ms
INFO: at 7076.984 ms fetching 89.833 ms
INFO: at 7106.319 ms batch [42.960] delay 29.333 ms
INFO: at 7106.319 ms fetching 42.960 ms
INFO: at 7135.654 ms batch [19.110] delay 29.333 ms
INFO: at 7135.654 ms fetching 19.110 ms
INFO: at 7164.989 ms batch [21.872] delay 29.333 ms
INFO: at 7164.989 ms fetching 21.872 ms
INFO: at 7194.324 ms batch [19.322] delay 29.333 ms
INFO: at 7194.324 ms fetching 19.322 ms
INFO: at 7223.658 ms batch [89.101] delay 29.333 ms
INFO: at 7223.658 ms fetching 89.101 ms
INFO: at 7252.993 ms batch [68.853] delay 29.333 ms
INFO: at 7252.993 ms fetching 68.853 ms
INFO: at 7282.328 ms batch [42.338] delay 29.333 ms
INFO: at 7282.328 ms fetching 42.338 ms
INFO: at 7311.663 ms batch [19.697] delay 29.333 ms
INFO: at 7311.663 ms fetching 19.697 ms
INFO: at 7340.998 ms batch [21.120] delay 29.333 ms
INFO: at 7340.998 ms fetching 21.120 ms
INFO: at 7370.333 ms batch [89.458] delay 29.333 ms
INFO: at 7370.333 ms fetching 89.458 ms
INFO: at 7399.668 ms batch [43.455] delay 29.333 ms
INFO: at 7399.668 ms fetching 43.455 ms
INFO: at 7429.003 ms batch [20.801] delay 29.333 ms
INFO: at 7429.003 ms fetching 20.801 ms
INFO: at 7458.338 ms batch [89.300] delay 29.333 ms
INFO: at 7458.338 ms fetching 89.300 ms
INFO: at 7487.672 ms batch [90.792] delay 23.158 ms
INFO: at 7487.672 ms fetching 90.792 ms
INFO: at 7510.832 ms batch [93.405] delay 23.158 ms
INFO: at 7510.832 ms fetching 93.405 ms
INFO: at 7533.991 ms batch [38.137] delay 23.158 ms
INFO: at 7533.991 ms fetching 38.137 ms
INFO: at 7557.150 ms batch [86.640] delay 23.158 ms
INFO: at 7557.150 ms fetching 86.640 ms
INFO: at 7580.314 ms batch [91.102] delay 23.158 ms
INFO: at 7580.314 ms fetching 91.102 ms
INFO: at 7603.474 ms batch [16.184] delay 23.158 ms
INFO: at 7603.474 ms fetching 16.184 ms
INFO: at 7626.633 ms batch [42.929] delay 23.158 ms
INFO: at 7626.633 ms fetching 42.929 ms
INFO: at 7649.793 ms batch [26.494] delay 23.158 ms
INFO: at 7649.793 ms fetching 26.494 ms
INFO: at 7672.952 ms batch [92.305] delay 23.158 ms
INFO: at 7672.952 ms fetching 92.305 ms
INFO: at 7696.114 ms batch [18.926] delay 23.158 ms
INFO: at 7696.114 ms fetching 18.926 ms
INFO: at 7719.274 ms batch [20.237] delay 23.158 ms
INFO: at 7719.274 ms fetching 20.237 ms
INFO: at 7742.436 ms batch [64.013] delay 23.158 ms
INFO: at 7742.436 ms fetching 64.013 ms
INFO: at 7765.595 ms batch [18.178] delay 23.158 ms
INFO: at 7765.595 ms fetching 18.178 ms
INFO: at 7788.755 ms batch [88.667] delay 23.158 ms
INFO: at 7788.755 ms fetching 88.667 ms
INFO: at 7811.917 ms batch [17.988] delay 23.158 ms
INFO: at 7811.917 ms fetching 17.988 ms
INFO: at 7835.080 ms batch [88.606] delay 23.158 ms
INFO: at 7835.080 ms fetching 88.606 ms
INFO: at 7858.247 ms batch [21.458] delay 23.158 ms
INFO: at 7858.247 ms fetching 21.458 ms
INFO: at 7881.408 ms batch [18.575] delay 23.158 ms
INFO: at 7881.408 ms fetching 18.575 ms
INFO: at 7904.569 ms batch [43.314] delay 23.158 ms
INFO: at 7904.569 ms fetching 43.314 ms
INFO: at 7927.732 ms batch [41.299] delay 31.429 ms
INFO: at 7927.732 ms fetching 41.299 ms
INFO: at 7959.164 ms batch [62.608] delay 31.429 ms
INFO: at 7959.164 ms fetching 62.608 ms
INFO: at 7990.597 ms batch [67.267] delay 31.429 ms
INFO: at 7990.597 ms fetching 67.267 ms
INFO: at 8022.029 ms batch [69.910] delay 31.429 ms
INFO: at 8022.029 ms fetching 69.910 ms
INFO: at 8053.462 ms batch [43.369] delay 31.429 ms
INFO: at 8053.462 ms fetching 43.369 ms
INFO: at 8084.895 ms batch [91.622] delay 31.429 ms
INFO: at 8084.895 ms fetching 91.622 ms
INFO: at 8116.328 ms batch [71.302] delay 31.429 ms
INFO: at 8116.328 ms fetching 71.302 ms
INFO: at 8147.761 ms batch [43.809] delay 31.429 ms
INFO: at 8147.761 ms fetching 43.809 ms
INFO: at 8179.194 ms batch [86.886] delay 31.429 ms
INFO: at 8179.194 ms fetching 86.886 ms
INFO: at 8210.627 ms batch [20.037] delay 31.429 ms
INFO: at 8210.627 ms fetching 20.037 ms
INFO: at 8242.060 ms batch [89.072] delay 31.429 ms
INFO: at 8242.060 ms fetching 89.072 ms
INFO: at 8273.492 ms batch [42.215] delay 31.429 ms
INFO: at 8273.492 ms fetching 42.215 ms
INFO: at 8304.926 ms batch [93.986] delay 31.429 ms
INFO: at 8304.926 ms fetching 93.986 ms
INFO: at 8336.359 ms batch [65.107] delay 31.429 ms
INFO: at 8336.359 ms fetching 65.107 ms
INFO: at 8367.792 ms batch [22.934] delay 33.846 ms
INFO: at 8367.792 ms fetching 22.934 ms
INFO: at 8401.642 ms batch [91.821] delay 33.846 ms
INFO: at 8401.642 ms fetching 91.821 ms
INFO: at 8435.494 ms batch [41.252] delay 33.846 ms
INFO: at 8435.494 ms fetching 41.252 ms
INFO: at 8469.343 ms batch [43.134] delay 33.846 ms
INFO: at 8469.343 ms fetching 43.134 ms
INFO: at 8503.193 ms batch [20.268] delay 33.846 ms
INFO: at 8503.193 ms fetching 20.268 ms
INFO: at 8537.043 ms batch [38.958] delay 33.846 ms
INFO: at 8537.043 ms fetching 38.958 ms
INFO: at 8570.893 ms batch [92.661] delay 33.846 ms
INFO: at 8570.893 ms fetching 92.661 ms
INFO: at 8604.744 ms batch [65.260] delay 33.846 ms
INFO: at 8604.744 ms fetching 65.260 ms
INFO: at 8638.596 ms batch [65.996] delay 33.846 ms
INFO: at 8638.596 ms fetching 65.996 ms
INFO: at 8672.447 ms batch [87.367] delay 33.846 ms
INFO: at 8672.447 ms fetching 87.367 ms
INFO: at 8706.297 ms batch [21.628] delay 33.846 ms
INFO: at 8706.297 ms fetching 21.628 ms
INFO: at 8740.148 ms batch [90.020] delay 33.846 ms
INFO: at 8740.148 ms fetching 90.020 ms
INFO: at 8773.999 ms batch [63.611] delay 33.846 ms
INFO: at 8773.999 ms fetching 63.611 ms
INFO: at 8807.849 ms batch [65.907] delay 25.882 ms
INFO: at 8807.849 ms fetching 65.907 ms
INFO: at 8833.735 ms batch [66.548] delay 25.882 ms
INFO: at 8833.735 ms fetching 66.548 ms
INFO: at 8859.621 ms batch [67.098] delay 25.882 ms
INFO: at 8859.621 ms fetching 67.098 ms
INFO: at 8885.507 ms batch [16.746] delay 25.882 ms
INFO: at 8885.507 ms fetching 16.746 ms
INFO: at 8911.394 ms batch [66.436] delay 25.882 ms
INFO: at 8911.394 ms fetching 66.436 ms
INFO: at 8937.828 ms batch [18.088] delay 25.882 ms
INFO: at 8937.828 ms fetching 18.088 ms
INFO: at 8963.714 ms batch [63.447] delay 25.882 ms
INFO: at 8963.714 ms fetching 63.447 ms
INFO: at 8989.600 ms batch [42.591] delay 25.882 ms
INFO: at 8989.600 ms fetching 42.591 ms
INFO: at 9015.487 ms batch [20.527] delay 25.882 ms
INFO: at 9015.487 ms fetching 20.527 ms
INFO: at 9041.373 ms batch [45.327] delay 25.882 ms
INFO: at 9041.373 ms fetching 45.327 ms
INFO: at 9067.259 ms batch [43.679] delay 25.882 ms
INFO: at 9067.259 ms fetching 43.679 ms
INFO: at 9093.145 ms batch [15.771] delay 25.882 ms
INFO: at 9093.145 ms fetching 15.771 ms
INFO: at 9119.032 ms batch [89.865] delay 25.882 ms
INFO: at 9119.032 ms fetching 89.865 ms
INFO: at 9144.918 ms batch [67.480] delay 25.882 ms
INFO: at 9144.918 ms fetching 67.480 ms
INFO: at 9170.804 ms batch [93.754] delay 25.882 ms
INFO: at 9170.804 ms fetching 93.754 ms
INFO: at 9196.691 ms batch [65.345] delay 25.882 ms
INFO: at 9196.691 ms fetching 65.345 ms
INFO: at 9222.578 ms batch [67.300] delay 25.882 ms
INFO: at 9222.578 ms fetching 67.300 ms
INFO: at 9248.464 ms batch [68.707] delay 33.846 ms
INFO: at 9248.464 ms fetching 68.707 ms
INFO: at 9282.314 ms batch [18.447] delay 33.846 ms
INFO: at 9282.314 ms fetching 18.447 ms
INFO: at 9316.165 ms batch [90.634] delay 33.846 ms
INFO: at 9316.165 ms fetching 90.634 ms
INFO: at 9350.021 ms batch [86.197] delay 33.846 ms
INFO: at 9350.021 ms fetching 86.197 ms
INFO: at 9383.872 ms batch [88.406] delay 33.846 ms
INFO: at 9383.872 ms fetching 88.406 ms
INFO: at 9417.722 ms batch [64.671] delay 33.846 ms
INFO: at 9417.722 ms fetching 64.671 ms
INFO: at 9451.573 ms batch [25.034] delay 33.846 ms
INFO: at 9451.573 ms fetching 25.034 ms
INFO: at 9485.424 ms batch [66.884] delay 33.846 ms
INFO: at 9485.424 ms fetching 66.884 ms
INFO: at 9519.274 ms batch [49.011] delay 33.846 ms
INFO: at 9519.274 ms fetching 49.011 ms
INFO: at 9553.123 ms batch [46.905] delay 33.846 ms
INFO: at 9553.123 ms fetching 46.905 ms
INFO: at 9586.973 ms batch [40.365] delay 33.846 ms
INFO: at 9586.973 ms fetching 40.365 ms
INFO: at 9620.831 ms batch [67.035] delay 33.846 ms
INFO: at 9620.831 ms fetching 67.035 ms
INFO: at 9654.681 ms batch [90.054] delay 33.846 ms
INFO: at 9654.681 ms fetching 90.054 ms
INFO: at 9688.532 ms batch [43.626] delay 24.444 ms
INFO: at 9688.532 ms fetching 43.626 ms
INFO: at 9712.979 ms batch [19.350] delay 24.444 ms
INFO: at 9712.979 ms fetching 19.350 ms
INFO: at 9737.427 ms batch [21.913] delay 24.444 ms
INFO: at 9737.427 ms fetching 21.913 ms
INFO: at 9761.877 ms batch [20.126] delay 24.444 ms
INFO: at 9761.877 ms fetching 20.126 ms
INFO: at 9786.324 ms batch [46.245] delay 24.444 ms
INFO: at 9786.324 ms fetching 46.245 ms
INFO: at 9810.772 ms batch [18.130] delay 24.444 ms
INFO: at 9810.772 ms fetching 18.130 ms
INFO: at 9835.221 ms batch [22.126] delay 24.444 ms
INFO: at 9835.221 ms fetching 22.126 ms
INFO: at 9859.669 ms batch [17.695] delay 24.444 ms
INFO: at 9859.669 ms fetching 17.695 ms
INFO: at 9884.116 ms batch [64.777] delay 24.444 ms
INFO: at 9884.116 ms fetching 64.777 ms
INFO: at 9908.564 ms batch [92.016] delay 24.444 ms
INFO: at 9908.564 ms fetching 92.016 ms
INFO: at 9933.012 ms batch [19.945] delay 24.444 ms
INFO: at 9933.012 ms fetching 19.945 ms
INFO: at 9957.459 ms batch [45.781] delay 24.444 ms
INFO: at 9957.459 ms fetching 45.781 ms
INFO: at 9981.908 ms batch [22.269] delay 24.444 ms
INFO: at 9981.908 ms fetching 22.269 ms
INFO: at 10006.355 ms batch [91.316] delay 24.444 ms
INFO: at 10006.355 ms fetching 91.316 ms
INFO: at 10030.803 ms batch [65.289] delay 24.444 ms
INFO: at 10030.803 ms fetching 65.289 ms
INFO: at 10055.251 ms batch [89.928] delay 24.444 ms
INFO: at 10055.251 ms fetching 89.928 ms
INFO: at 10079.699 ms batch [67.358] delay 24.444 ms
INFO: at 10079.699 ms fetching 67.358 ms
INFO: at 10104.147 ms batch [24.647] delay 24.444 ms
INFO: at 10104.147 ms fetching 24.647 ms
INFO: at 10128.595 ms batch [19.879] delay 29.333 ms
INFO: at 10128.595 ms fetching 19.879 ms
INFO: at 10157.933 ms batch [44.383] delay 29.333 ms
INFO: at 10157.933 ms fetching 44.383 ms
INFO: at 10187.270 ms batch [42.155] delay 29.333 ms
INFO: at 10187.270 ms fetching 42.155 ms
INFO: at 10216.608 ms batch [24.175] delay 29.333 ms
INFO: at 10216.608 ms fetching 24.175 ms
INFO: at 10245.946 ms batch [46.738] delay 29.333 ms
INFO: at 10245.946 ms fetching 46.738 ms
INFO: at 10275.284 ms batch [84.261] delay 29.333 ms
INFO: at 10275.284 ms fetching 84.261 ms
INFO: at 10304.622 ms batch [68.436] delay 29.333 ms
INFO: at 10304.622 ms fetching 68.436 ms
INFO: at 10333.959 ms batch [41.957] delay 29.333 ms
INFO: at 10333.959 ms fetching 41.957 ms
INFO: at 10363.297 ms batch [90.458] delay 29.333 ms
INFO: at 10363.297 ms fetching 90.458 ms
INFO: at 10392.634 ms batch [44.490] delay 29.333 ms
INFO: at 10392.634 ms fetching 44.490 ms
INFO: at 10421.973 ms batch [39.282] delay 29.333 ms
INFO: at 10421.973 ms fetching 39.282 ms
INFO: at 10451.311 ms batch [88.725] delay 29.333 ms
INFO: at 10451.311 ms fetching 88.725 ms
INFO: at 10480.648 ms batch [19.637] delay 29.333 ms
INFO: at 10480.648 ms fetching 19.637 ms
INFO: at 10509.986 ms batch [19.760] delay 29.333 ms
INFO: at 10509.986 ms fetching 19.760 ms
INFO: at 10539.324 ms batch [86.689] delay 29.333 ms
INFO: at 10539.324 ms fetching 86.689 ms
INFO: at 10568.662 ms batch [66.399] delay 23.158 ms
INFO: at 10568.662 ms fetching 66.399 ms
INFO: at 10591.824 ms batch [85.369] delay 23.158 ms
INFO: at 10591.824 ms fetching 85.369 ms
INFO: at 10614.985 ms batch [45.215] delay 23.158 ms
INFO: at 10614.985 ms fetching 45.215 ms
INFO: at 10638.147 ms batch [91.407] delay 23.158 ms
INFO: at 10638.147 ms fetching 91.407 ms
INFO: at 10661.309 ms batch [21.390] delay 23.158 ms
INFO: at 10661.309 ms fetching 21.390 ms
INFO: at 10684.470 ms batch [66.196] delay 23.158 ms
INFO: at 10684.470 ms fetching 66.196 ms
INFO: at 10707.632 ms batch [43.993] delay 23.158 ms
INFO: at 10707.632 ms fetching 43.993 ms
INFO: at 10730.798 ms batch [66.368] delay 23.158 ms
INFO: at 10730.798 ms fetching 66.368 ms
INFO: at 10753.960 ms batch [88.186] delay 23.158 ms
INFO: at 10753.960 ms fetching 88.186 ms
INFO: at 10777.122 ms batch [47.004] delay 23.158 ms
INFO: at 10777.122 ms fetching 47.004 ms
INFO: at 10800.284 ms batch [40.915] delay 23.158 ms
INFO: at 10800.284 ms fetching 40.915 ms
INFO: at 10823.446 ms batch [66.977] delay 23.158 ms
INFO: at 10823.446 ms fetching 66.977 ms
INFO: at 10846.608 ms batch [39.993] delay 23.158 ms
INFO: at 10846.608 ms fetching 39.993 ms
INFO: at 10869.771 ms batch [66.584] delay 23.158 ms
INFO: at 10869.771 ms fetching 66.584 ms
INFO: at 10892.931 ms batch [18.401] delay 23.158 ms
INFO: at 10892.931 ms fetching 18.401 ms
INFO: at 10916.093 ms batch [88.581] delay 23.158 ms
INFO: at 10916.093 ms fetching 88.581 ms
INFO: at 10939.255 ms batch [45.035] delay 23.158 ms
INFO: at 10939.255 ms fetching 45.035 ms
INFO: at 10962.417 ms batch [46.364] delay 23.158 ms
INFO: at 10962.417 ms fetching 46.364 ms
INFO: at 10985.578 ms batch [44.932] delay 23.158 ms
INFO: at 10985.578 ms fetching 44.932 ms
INFO: at 11008.739 ms batch [20.553] delay 25.882 ms
INFO: at 11008.739 ms fetching 20.553 ms
INFO: at 11034.627 ms batch [45.004] delay 25.882 ms
INFO: at 11034.627 ms fetching 45.004 ms
INFO: at 11060.512 ms batch [43.758] delay 25.882 ms
INFO: at 11060.512 ms fetching 43.758 ms
INFO: at 11086.398 ms batch [45.494] delay 25.882 ms
INFO: at 11086.398 ms fetching 45.494 ms
INFO: at 11112.285 ms batch [41.921] delay 25.882 ms
INFO: at 11112.285 ms fetching 41.921 ms
INFO: at 11138.171 ms batch [86.310] delay 25.882 ms
INFO: at 11138.171 ms fetching 86.310 ms
INFO: at 11164.057 ms batch [22.388] delay 25.882 ms
INFO: at 11164.057 ms fetching 22.388 ms
INFO: at 11189.942 ms batch [87.995] delay 25.882 ms
INFO: at 11189.942 ms fetching 87.995 ms
INFO: at 11215.829 ms batch [90.982] delay 25.882 ms
INFO: at 11215.829 ms fetching 90.982 ms
INFO: at 11241.719 ms batch [69.709] delay 25.882 ms
INFO: at 11241.719 ms fetching 69.709 ms
INFO: at 11267.606 ms batch [18.264] delay 25.882 ms
INFO: at 11267.606 ms fetching 18.264 ms
INFO: at 11293.491 ms batch [17.137] delay 25.882 ms
INFO: at 11293.491 ms fetching 17.137 ms
INFO: at 11319.379 ms batch [45.587] delay 25.882 ms
INFO: at 11319.379 ms fetching 45.587 ms
INFO: at 11345.264 ms batch [21.837] delay 25.882 ms
INFO: at 11345.264 ms fetching 21.837 ms
INFO: at 11371.152 ms batch [43.288] delay 25.882 ms
INFO: at 11371.152 ms fetching 43.288 ms
INFO: at 11397.037 ms batch [23.994] delay 25.882 ms
INFO: at 11397.037 ms fetching 23.994 ms
INFO: at 11422.924 ms batch [91.770] delay 25.882 ms
INFO: at 11422.924 ms fetching 91.770 ms
INFO: at 11448.809 ms batch [89.122] delay 33.846 ms
INFO: at 11448.809 ms fetching 89.122 ms
INFO: at 11482.659 ms batch [41.886] delay 33.846 ms
INFO: at 11482.659 ms fetching 41.886 ms
INFO: at 11516.509 ms batch [23.085] delay 33.846 ms
INFO: at 11516.509 ms fetching 23.085 ms
INFO: at 11550.360 ms batch [68.753] delay 33.846 ms
INFO: at 11550.360 ms fetching 68.753 ms
INFO: at 11584.210 ms batch [25.875] delay 33.846 ms
INFO: at 11584.210 ms fetching 25.875 ms
INFO: at 11618.060 ms batch [86.485] delay 33.846 ms
INFO: at 11618.060 ms fetching 86.485 ms
INFO: at 11651.911 ms batch [94.343] delay 33.846 ms
INFO: at 11651.911 ms fetching 94.343 ms
INFO: at 11685.760 ms batch [67.819] delay 33.846 ms
INFO: at 11685.760 ms fetching 67.819 ms
INFO: at 11719.611 ms batch [41.553] delay 33.846 ms
INFO: at 11719.611 ms fetching 41.553 ms
INFO: at 11753.461 ms batch [40.974] delay 33.846 ms
INFO: at 11753.461 ms fetching 40.974 ms
INFO: at 11787.312 ms batch [20.184] delay 33.846 ms
INFO: at 11787.312 ms fetching 20.184 ms
INFO: at 11821.162 ms batch [44.254] delay 33.846 ms
INFO: at 11821.162 ms fetching 44.254 ms
INFO: at 11855.013 ms batch [90.676] delay 33.846 ms
INFO: at 11855.013 ms fetching 90.676 ms
INFO: at 11888.863 ms batch [85.142] delay 40.000 ms
INFO: at 11888.863 ms fetching 85.142 ms
INFO: at 11928.866 ms batch [68.390] delay 40.000 ms
INFO: at 11928.866 ms fetching 68.390 ms
INFO: at 11968.870 ms batch [43.894] delay 40.000 ms
INFO: at 11968.870 ms fetching 43.894 ms
INFO: at 12008.875 ms batch [66.643] delay 40.000 ms
INFO: at 12008.875 ms fetching 66.643 ms
INFO: at 12048.879 ms batch [44.622] delay 40.000 ms
INFO: at 12048.879 ms fetching 44.622 ms
INFO: at 12088.883 ms batch [17.500] delay 40.000 ms
INFO: at 12088.883 ms fetching 17.500 ms
INFO: at 12128.887 ms batch [90.943] delay 40.000 ms
INFO: at 12128.887 ms fetching 90.943 ms
INFO: at 12168.891 ms batch [64.109] delay 40.000 ms
INFO: at 12168.891 ms fetching 64.109 ms
INFO: at 12208.898 ms batch [67.887] delay 40.000 ms
INFO: at 12208.898 ms fetching 67.887 ms
INFO: at 12248.903 ms batch [23.748] delay 40.000 ms
INFO: at 12248.903 ms fetching 23.748 ms
INFO: at 12288.907 ms batch [69.453] delay 40.000 ms
INFO: at 12288.907 ms fetching 69.453 ms
INFO: at 12328.913 ms batch [63.257] delay 33.846 ms
INFO: at 12328.913 ms fetching 63.257 ms
INFO: at 12362.763 ms batch [89.488] delay 33.846 ms
INFO: at 12362.763 ms fetching 89.488 ms
INFO: at 12396.612 ms batch [46.568] delay 33.846 ms
INFO: at 12396.612 ms fetching 46.568 ms
INFO: at 12430.462 ms batch [23.393] delay 33.846 ms
INFO: at 12430.462 ms fetching 23.393 ms
INFO: at 12464.312 ms batch [64.974] delay 33.846 ms
INFO: at 12464.312 ms fetching 64.974 ms
INFO: at 12498.163 ms batch [19.606] delay 33.846 ms
INFO: at 12498.163 ms fetching 19.606 ms
INFO: at 12532.014 ms batch [19.286] delay 33.846 ms
INFO: at 12532.014 ms fetching 19.286 ms
INFO: at 12565.863 ms batch [43.103] delay 33.846 ms
INFO: at 12565.863 ms fetching 43.103 ms
INFO: at 12599.714 ms batch [48.580] delay 33.846 ms
INFO: at 12599.714 ms fetching 48.580 ms
INFO: at 12633.563 ms batch [19.150] delay 33.846 ms
INFO: at 12633.563 ms fetching 19.150 ms
INFO: at 12667.413 ms batch [65.077] delay 33.846 ms
INFO: at 12667.413 ms fetching 65.077 ms
INFO: at 12701.263 ms batch [67.330] delay 33.846 ms
INFO: at 12701.263 ms fetching 67.330 ms
INFO: at 12735.114 ms batch [18.487] delay 33.846 ms
INFO: at 12735.114 ms fetching 18.487 ms
INFO: at 12768.965 ms batch [21.201] delay 25.882 ms
INFO: at 12768.965 ms fetching 21.201 ms
INFO: at 12794.851 ms batch [46.006] delay 25.882 ms
INFO: at 12794.851 ms fetching 46.006 ms
INFO: at 12820.737 ms batch [43.568] delay 25.882 ms
INFO: at 12820.737 ms fetching 43.568 ms
INFO: at 12846.624 ms batch [89.954] delay 25.882 ms
INFO: at 12846.624 ms fetching 89.954 ms
INFO: at 12872.511 ms batch [18.966] delay 25.882 ms
INFO: at 12872.511 ms fetching 18.966 ms
INFO: at 12898.398 ms batch [21.356] delay 25.882 ms
INFO: at 12898.398 ms fetching 21.356 ms
INFO: at 12924.285 ms batch [43.840] delay 25.882 ms
INFO: at 12924.285 ms fetching 43.840 ms
INFO: at 12950.171 ms batch [19.475] delay 25.882 ms
INFO: at 12950.171 ms fetching 19.475 ms
INFO: at 12976.057 ms batch [20.096] delay 25.882 ms
INFO: at 12976.057 ms fetching 20.096 ms
INFO: at 13001.943 ms batch [22.159] delay 25.882 ms
INFO: at 13001.943 ms fetching 22.159 ms
INFO: at 13027.829 ms batch [19.570] delay 25.882 ms
INFO: at 13027.829 ms fetching 19.570 ms
INFO: at 13053.715 ms batch [87.511] delay 25.882 ms
INFO: at 13053.715 ms fetching 87.511 ms
INFO: at 13079.601 ms batch [25.513] delay 25.882 ms
INFO: at 13079.601 ms fetching 25.513 ms
INFO: at 13105.487 ms batch [84.708] delay 25.882 ms
INFO: at 13105.487 ms fetching 84.708 ms
INFO: at 13131.373 ms batch [69.545] delay 25.882 ms
INFO: at 13131.373 ms fetching 69.545 ms
INFO: at 13157.259 ms batch [17.230] delay 25.882 ms
INFO: at 13157.259 ms fetching 17.230 ms
INFO: at 13183.145 ms batch [61.450] delay 25.882 ms
INFO: at 13183.145 ms fetching 61.450 ms
INFO: at 13209.031 ms batch [64.525] delay 27.500 ms
INFO: at 13209.031 ms fetching 64.525 ms
INFO: at 13236.538 ms batch [43.598] delay 27.500 ms
INFO: at 13236.538 ms fetching 43.598 ms
INFO: at 13264.042 ms batch [41.851] delay 27.500 ms
INFO: at 13264.042 ms fetching 41.851 ms
INFO: at 13291.545 ms batch [47.122] delay 27.500 ms
INFO: at 13291.545 ms fetching 47.122 ms
INFO: at 13319.048 ms batch [89.009] delay 27.500 ms
INFO: at 13319.048 ms fetching 89.009 ms
INFO: at 13346.552 ms batch [44.158] delay 27.500 ms
INFO: at 13346.552 ms fetching 44.158 ms
INFO: at 13374.056 ms batch [66.763] delay 27.500 ms
INFO: at 13374.056 ms fetching 66.763 ms
INFO: at 13401.559 ms batch [90.562] delay 27.500 ms
INFO: at 13401.559 ms fetching 90.562 ms
INFO: at 13429.062 ms batch [86.791] delay 27.500 ms
INFO: at 13429.062 ms fetching 86.791 ms
INFO: at 13456.564 ms batch [21.974] delay 27.500 ms
INFO: at 13456.564 ms fetching 21.974 ms
INFO: at 13484.068 ms batch [14.612] delay 27.500 ms
INFO: at 13484.068 ms fetching 14.612 ms
INFO: at 13511.571 ms batch [24.515] delay 27.500 ms
INFO: at 13511.571 ms fetching 24.515 ms
INFO: at 13539.075 ms batch [66.080] delay 27.500 ms
INFO: at 13539.075 ms fetching 66.080 ms
INFO: at 13566.578 ms batch [39.622] delay 27.500 ms
INFO: at 13566.578 ms fetching 39.622 ms
INFO: at 13594.081 ms batch [85.565] delay 27.500 ms
INFO: at 13594.081 ms fetching 85.565 ms
INFO: at 13621.584 ms batch [64.911] delay 27.500 ms
INFO: at 13621.584 ms fetching 64.911 ms
INFO: at 13649.087 ms batch [86.427] delay 33.846 ms
INFO: at 13649.087 ms fetching 86.427 ms
INFO: at 13682.940 ms batch [66.813] delay 33.846 ms
INFO: at 13682.940 ms fetching 66.813 ms
INFO: at 13716.789 ms batch [87.922] delay 33.846 ms
INFO: at 13716.789 ms fetching 87.922 ms
INFO: at 13750.638 ms batch [22.515] delay 33.846 ms
INFO: at 13750.638 ms fetching 22.515 ms
INFO: at 13784.488 ms batch [17.378] delay 33.846 ms
INFO: at 13784.488 ms fetching 17.378 ms
INFO: at 13818.338 ms batch [39.518] delay 33.846 ms
INFO: at 13818.338 ms fetching 39.518 ms
INFO: at 13852.187 ms batch [40.158] delay 33.846 ms
INFO: at 13852.187 ms fetching 40.158 ms
INFO: at 13886.037 ms batch [66.341] delay 33.846 ms
INFO: at 13886.037 ms fetching 66.341 ms
INFO: at 13919.886 ms batch [92.754] delay 33.846 ms
INFO: at 13919.886 ms fetching 92.754 ms
INFO: at 13953.736 ms batch [89.042] delay 33.846 ms
INFO: at 13953.736 ms fetching 89.042 ms
INFO: at 13987.586 ms batch [88.311] delay 33.846 ms
INFO: at 13987.586 ms fetching 88.311 ms
INFO: at 14021.435 ms batch [18.855] delay 33.846 ms
INFO: at 14021.435 ms fetching 18.855 ms
INFO: at 14055.285 ms batch [19.221] delay 33.846 ms
INFO: at 14055.285 ms fetching 19.221 ms
INFO: at 14089.135 ms batch [45.532] delay 40.000 ms
INFO: at 14089.135 ms fetching 45.532 ms
INFO: at 14129.935 ms batch [22.012] delay 40.000 ms
INFO: at 14129.935 ms fetching 22.012 ms
INFO: at 14169.938 ms batch [66.110] delay 40.000 ms
INFO: at 14169.938 ms fetching 66.110 ms
INFO: at 14209.942 ms batch [20.212] delay 40.000 ms
INFO: at 14209.942 ms fetching 20.212 ms
INFO: at 14249.945 ms batch [87.287] delay 40.000 ms
INFO: at 14249.945 ms fetching 87.287 ms
INFO: at 14289.949 ms batch [23.137] delay 40.000 ms
INFO: at 14289.949 ms fetching 23.137 ms
INFO: at 14329.952 ms batch [65.375] delay 40.000 ms
INFO: at 14329.952 ms fetching 65.375 ms
INFO: at 14369.956 ms batch [20.498] delay 40.000 ms
INFO: at 14369.956 ms fetching 20.498 ms
INFO: at 14409.959 ms batch [65.205] delay 40.000 ms
INFO: at 14409.959 ms fetching 65.205 ms
INFO: at 14449.963 ms batch [45.109] delay 40.000 ms
INFO: at 14449.963 ms fetching 45.109 ms
INFO: at 14489.966 ms batch [44.591] delay 40.000 ms
INFO: at 14489.966 ms fetching 44.591 ms
INFO: at 14529.970 ms batch [21.660] delay 22.000 ms
INFO: at 14529.970 ms fetching 21.660 ms
INFO: at 14551.974 ms batch [92.552] delay 22.000 ms
INFO: at 14551.974 ms fetching 92.552 ms
INFO: at 14573.977 ms batch [23.263] delay 22.000 ms
INFO: at 14573.977 ms fetching 23.263 ms
INFO: at 14595.981 ms batch [87.885] delay 22.000 ms
INFO: at 14595.981 ms fetching 87.885 ms
INFO: at 14617.985 ms batch [44.718] delay 22.000 ms
INFO: at 14617.985 ms fetching 44.718 ms
INFO: at 14639.988 ms batch [88.525] delay 22.000 ms
INFO: at 14639.988 ms fetching 88.525 ms
INFO: at 14661.992 ms batch [21.534] delay 22.000 ms
INFO: at 14661.992 ms fetching 21.534 ms
INFO: at 14683.995 ms batch [91.140] delay 22.000 ms
INFO: at 14683.995 ms fetching 91.140 ms
INFO: at 14705.998 ms batch [86.747] delay 22.000 ms
INFO: at 14705.998 ms fetching 86.747 ms
INFO: at 14728.002 ms batch [88.028] delay 22.000 ms
INFO: at 14728.002 ms fetching 88.028 ms
INFO: at 14750.005 ms batch [40.715] delay 22.000 ms
INFO: at 14750.005 ms fetching 40.715 ms
INFO: at 14772.009 ms batch [41.698] delay 22.000 ms
INFO: at 14772.009 ms fetching 41.698 ms
INFO: at 14794.012 ms batch [60.728] delay 22.000 ms
INFO: at 14794.012 ms fetching 60.728 ms
INFO: at 14816.015 ms batch [38.765] delay 22.000 ms
INFO: at 14816.015 ms fetching 38.765 ms
INFO: at 14838.017 ms batch [40.226] delay 22.000 ms
INFO: at 14838.017 ms fetching 40.226 ms
INFO: at 14860.021 ms batch [19.537] delay 22.000 ms
INFO: at 14860.021 ms fetching 19.537 ms
INFO: at 14882.024 ms batch [90.716] delay 22.000 ms
INFO: at 14882.024 ms fetching 90.716 ms
INFO: at 14904.027 ms batch [88.553] delay 22.000 ms
INFO: at 14904.027 ms fetching 88.553 ms
INFO: at 14926.030 ms batch [69.150] delay 22.000 ms
INFO: at 14926.030 ms fetching 69.150 ms
INFO: at 14948.033 ms batch [17.926] delay 22.000 ms
INFO: at 14948.033 ms fetching 17.926 ms
INFO: at 14970.037 ms batch [89.803] delay 22.000 ms
INFO: at 14970.037 ms fetching 89.803 ms
INFO: at 14992.040 ms batch [68.634] delay 22.000 ms
INFO: at 14992.040 ms fetching 68.634 ms
INFO: at 15014.043 ms batch [64.707] delay 22.000 ms
INFO: at 15014.043 ms fetching 64.707 ms
INFO: at 15036.047 ms batch [69.084] delay 22.000 ms
INFO: at 15036.047 ms fetching 69.084 ms
INFO: at 15058.052 ms batch [66.259] delay 22.000 ms
INFO: at 15058.052 ms fetching 66.259 ms
INFO: at 15080.055 ms batch [84.480] delay 22.000 ms
INFO: at 15080.055 ms fetching 84.480 ms
INFO: at 15102.058 ms batch [46.178] delay 22.000 ms
INFO: at 15102.058 ms fetching 46.178 ms
INFO: at 15124.064 ms batch [19.977] delay 22.000 ms
INFO: at 15124.064 ms fetching 19.977 ms
INFO: at 15146.067 ms batch [68.244] delay 22.000 ms
INFO: at 15146.067 ms fetching 68.244 ms
INFO: at 15168.071 ms batch [64.599] delay 22.000 ms
INFO: at 15168.071 ms fetching 64.599 ms
INFO: at 15190.075 ms batch [68.908] delay 22.000 ms
INFO: at 15190.075 ms fetching 68.908 ms
INFO: at 15212.078 ms batch [65.606] delay 22.000 ms
INFO: at 15212.078 ms fetching 65.606 ms
INFO: at 15234.081 ms batch [21.177] delay 22.000 ms
INFO: at 15234.081 ms fetching 21.177 ms
INFO: at 15256.084 ms batch [45.371] delay 22.000 ms
INFO: at 15256.084 ms fetching 45.371 ms
INFO: at 15278.092 ms batch [21.299] delay 22.000 ms
INFO: at 15278.092 ms fetching 21.299 ms
INFO: at 15300.095 ms batch [10.000] delay 22.000 ms
INFO: at 15300.095 ms fetching 10.000 ms
INFO: at 15322.099 ms batch [43.342] delay 22.000 ms
INFO: at 15322.099 ms fetching 43.342 ms
INFO: at 15344.102 ms batch [66.847] delay 22.000 ms
INFO: at 15344.102 ms fetching 66.847 ms
INFO: at 15366.105 ms batch [47.360] delay 22.000 ms
INFO: at 15366.105 ms fetching 47.360 ms
INFO: at 15388.109 ms batch [43.648] delay 22.000 ms
INFO: at 15388.109 ms fetching 43.648 ms
INFO: at 15410.112 ms batch [17.748] delay 18.333 ms
INFO: at 15410.112 ms fetching 17.748 ms
INFO: at 15428.449 ms batch [43.196] delay 18.333 ms
INFO: at 15428.449 ms fetching 43.196 ms
INFO: at 15446.786 ms batch [64.484] delay 18.333 ms
INFO: at 15446.786 ms fetching 64.484 ms
INFO: at 15465.122 ms batch [42.704] delay 18.333 ms
INFO: at 15465.122 ms fetching 42.704 ms
INFO: at 15483.459 ms batch [19.411] delay 18.333 ms
INFO: at 15483.459 ms fetching 19.411 ms
INFO: at 15501.795 ms batch [90.324] delay 18.333 ms
INFO: at 15501.795 ms fetching 90.324 ms
INFO: at 15520.132 ms batch [42.680] delay 18.333 ms
INFO: at 15520.132 ms fetching 42.680 ms
INFO: at 15538.468 ms batch [20.919] delay 18.333 ms
INFO: at 15538.468 ms fetching 20.919 ms
INFO: at 15556.804 ms batch [20.709] delay 18.333 ms
INFO: at 15556.804 ms fetching 20.709 ms
INFO: at 15575.141 ms batch [20.621] delay 18.333 ms
INFO: at 15575.141 ms fetching 20.621 ms
INFO: at 15593.477 ms batch [89.689] delay 18.333 ms
INFO: at 15593.477 ms fetching 89.689 ms
INFO: at 15611.814 ms batch [65.663] delay 18.333 ms
INFO: at 15611.814 ms fetching 65.663 ms
INFO: at 15630.151 ms batch [64.244] delay 18.333 ms
INFO: at 15630.151 ms fetching 64.244 ms
INFO: at 15648.488 ms batch [89.985] delay 18.333 ms
INFO: at 15648.488 ms fetching 89.985 ms
INFO: at 15666.824 ms batch [21.063] delay 18.333 ms
INFO: at 15666.824 ms fetching 21.063 ms
INFO: at 15685.161 ms batch [41.428] delay 18.333 ms
INFO: at 15685.161 ms fetching 41.428 ms
INFO: at 15703.497 ms batch [67.204] delay 18.333 ms
INFO: at 15703.497 ms fetching 67.204 ms
INFO: at 15721.834 ms batch [68.001] delay 18.333 ms
INFO: at 15721.834 ms fetching 68.001 ms
INFO: at 15740.170 ms batch [87.794] delay 18.333 ms
INFO: at 15740.170 ms fetching 87.794 ms
INFO: at 15758.507 ms batch [67.521] delay 18.333 ms
INFO: at 15758.507 ms fetching 67.521 ms
INFO: at 15776.843 ms batch [40.294] delay 18.333 ms
INFO: at 15776.843 ms fetching 40.294 ms
INFO: at 15795.180 ms batch [65.016] delay 18.333 ms
INFO: at 15795.180 ms fetching 65.016 ms
INFO: at 15813.516 ms batch [90.750] delay 18.333 ms
INFO: at 15813.516 ms fetching 90.750 ms
INFO: at 15831.853 ms batch [17.870] delay 18.333 ms
INFO: at 15831.853 ms fetching 17.870 ms
INFO: at 15850.189 ms batch [82.229] delay 25.882 ms
INFO: at 15850.189 ms fetching 82.229 ms
INFO: at 15876.074 ms batch [43.428] delay 25.882 ms
INFO: at 15876.074 ms fetching 43.428 ms
INFO: at 15901.960 ms batch [63.322] delay 25.882 ms
INFO: at 15901.960 ms fetching 63.322 ms
INFO: at 15927.846 ms batch [88.757] delay 25.882 ms
INFO: at 15927.846 ms fetching 88.757 ms
INFO: at 15953.731 ms batch [19.441] delay 25.882 ms
INFO: at 15953.731 ms fetching 19.441 ms
INFO: at 15979.617 ms batch [18.655] delay 25.882 ms
INFO: at 15979.617 ms fetching 18.655 ms
INFO: at 16005.502 ms batch [18.315] delay 25.882 ms
INFO: at 16005.502 ms fetching 18.315 ms
INFO: at 16031.388 ms batch [23.207] delay 25.882 ms
INFO: at 16031.388 ms fetching 23.207 ms
INFO: at 16057.274 ms batch [18.736] delay 25.882 ms
INFO: at 16057.274 ms fetching 18.736 ms
INFO: at 16083.159 ms batch [19.908] delay 25.882 ms
INFO: at 16083.159 ms fetching 19.908 ms
INFO: at 16109.044 ms batch [87.056] delay 25.882 ms
INFO: at 16109.044 ms fetching 87.056 ms
INFO: at 16134.929 ms batch [85.990] delay 25.882 ms
INFO: at 16134.929 ms fetching 85.990 ms
INFO: at 16160.814 ms batch [87.167] delay 25.882 ms
INFO: at 16160.814 ms fetching 87.167 ms
INFO: at 16186.699 ms batch [69.027] delay 25.882 ms
INFO: at 16186.699 ms fetching 69.027 ms
INFO: at 16212.584 ms batch [89.519] delay 25.882 ms
INFO: at 16212.584 ms fetching 89.519 ms
INFO: at 16238.470 ms batch [39.398] delay 25.882 ms
INFO: at 16238.470 ms fetching 39.398 ms
INFO: at 16264.355 ms batch [70.272] delay 25.882 ms
INFO: at 16264.355 ms fetching 70.272 ms
INFO: at 16290.241 ms batch [21.088] delay 23.158 ms
INFO: at 16290.241 ms fetching 21.088 ms
INFO: at 16313.402 ms batch [88.695] delay 23.158 ms
INFO: at 16313.402 ms fetching 88.695 ms
INFO: at 16336.563 ms batch [88.497] delay 23.158 ms
INFO: at 16336.563 ms fetching 88.497 ms
INFO: at 16359.725 ms batch [89.655] delay 23.158 ms
INFO: at 16359.725 ms fetching 89.655 ms
INFO: at 16382.887 ms batch [42.058] delay 23.158 ms
INFO: at 16382.887 ms fetching 42.058 ms
INFO: at 16406.048 ms batch [64.740] delay 23.158 ms
INFO: at 16406.048 ms fetching 64.740 ms
INFO: at 16429.212 ms batch [41.992] delay 23.158 ms
INFO: at 16429.212 ms fetching 41.992 ms
INFO: at 16452.374 ms batch [42.184] delay 23.158 ms
INFO: at 16452.374 ms fetching 42.184 ms
INFO: at 16475.535 ms batch [19.046] delay 23.158 ms
INFO: at 16475.535 ms fetching 19.046 ms
INFO: at 16498.696 ms batch [88.467] delay 23.158 ms
INFO: at 16498.696 ms fetching 88.467 ms
INFO: at 16521.857 ms batch [66.023] delay 23.158 ms
INFO: at 16521.857 ms fetching 66.023 ms
INFO: at 16545.018 ms batch [66.286] delay 23.158 ms
INFO: at 16545.018 ms fetching 66.286 ms
INFO: at 16568.179 ms batch [67.550] delay 23.158 ms
INFO: at 16568.179 ms fetching 67.550 ms
INFO: at 16591.340 ms batch [22.044] delay 23.158 ms
INFO: at 16591.340 ms fetching 22.044 ms
INFO: at 16614.501 ms batch [45.878] delay 23.158 ms
INFO: at 16614.501 ms fetching 45.878 ms
INFO: at 16637.662 ms batch [66.523] delay 23.158 ms
INFO: at 16637.662 ms fetching 66.523 ms
INFO: at 16660.823 ms batch [21.941] delay 23.158 ms
INFO: at 16660.823 ms fetching 21.941 ms
INFO: at 16683.984 ms batch [20.950] delay 23.158 ms
INFO: at 16683.984 ms fetching 20.950 ms
INFO: at 16707.145 ms batch [21.496] delay 23.158 ms
INFO: at 16707.145 ms fetching 21.496 ms
INFO: at 16730.306 ms batch [40.656] delay 24.444 ms
INFO: at 16730.306 ms fetching 40.656 ms
INFO: at 16754.754 ms batch [70.133] delay 24.444 ms
INFO: at 16754.754 ms fetching 70.133 ms
INFO: at 16779.202 ms batch [90.595] delay 24.444 ms
INFO: at 16779.202 ms fetching 90.595 ms
INFO: at 16803.649 ms batch [66.226] delay 24.444 ms
INFO: at 16803.649 ms fetching 66.226 ms
INFO: at 16828.097 ms batch [67.238] delay 24.444 ms
INFO: at 16828.097 ms fetching 67.238 ms
INFO: at 16852.544 ms batch [45.951] delay 24.444 ms
INFO: at 16852.544 ms fetching 45.951 ms
INFO: at 16876.992 ms batch [65.966] delay 24.444 ms
INFO: at 16876.992 ms fetching 65.966 ms
INFO: at 16901.439 ms batch [64.198] delay 24.444 ms
INFO: at 16901.439 ms fetching 64.198 ms
INFO: at 16925.887 ms batch [85.662] delay 24.444 ms
INFO: at 16925.887 ms fetching 85.662 ms
INFO: at 16950.334 ms batch [66.465] delay 24.444 ms
INFO: at 16950.334 ms fetching 66.465 ms
INFO: at 16974.782 ms batch [91.669] delay 24.444 ms
INFO: at 16974.782 ms fetching 91.669 ms
INFO: at 16999.230 ms batch [18.703] delay 24.444 ms
INFO: at 16999.230 ms fetching 18.703 ms
INFO: at 17023.678 ms batch [90.365] delay 24.444 ms
INFO: at 17023.678 ms fetching 90.365 ms
INFO: at 17048.126 ms batch [42.759] delay 24.444 ms
INFO: at 17048.126 ms fetching 42.759 ms
INFO: at 17072.574 ms batch [19.253] delay 24.444 ms
INFO: at 17072.574 ms fetching 19.253 ms
INFO: at 17097.022 ms batch [39.801] delay 24.444 ms
INFO: at 17097.022 ms fetching 39.801 ms
INFO: at 17121.469 ms batch [83.381] delay 24.444 ms
INFO: at 17121.469 ms fetching 83.381 ms
INFO: at 17145.917 ms batch [91.453] delay 24.444 ms
INFO: at 17145.917 ms fetching 91.453 ms
INFO: at 17170.365 ms batch [92.965] delay 33.846 ms
INFO: at 17170.365 ms fetching 92.965 ms
INFO: at 17204.213 ms batch [42.790] delay 33.846 ms
INFO: at 17204.213 ms fetching 42.790 ms
INFO: at 17238.063 ms batch [83.923] delay 33.846 ms
INFO: at 17238.063 ms fetching 83.923 ms
INFO: at 17271.912 ms batch [90.291] delay 33.846 ms
INFO: at 17271.912 ms fetching 90.291 ms
INFO: at 17305.761 ms batch [63.769] delay 33.846 ms
INFO: at 17305.761 ms fetching 63.769 ms
INFO: at 17339.611 ms batch [91.364] delay 33.846 ms
INFO: at 17339.611 ms fetching 91.364 ms
INFO: at 17373.461 ms batch [69.809] delay 33.846 ms
INFO: at 17373.461 ms fetching 69.809 ms
INFO: at 17407.311 ms batch [67.680] delay 33.846 ms
INFO: at 17407.311 ms fetching 67.680 ms
INFO: at 17441.161 ms batch [69.224] delay 33.846 ms
INFO: at 17441.161 ms fetching 69.224 ms
INFO: at 17475.014 ms batch [42.850] delay 33.846 ms
INFO: at 17475.014 ms fetching 42.850 ms
INFO: at 17508.864 ms batch [19.849] delay 33.846 ms
INFO: at 17508.864 ms fetching 19.849 ms
INFO: at 17542.713 ms batch [42.625] delay 33.846 ms
INFO: at 17542.713 ms fetching 42.625 ms
INFO: at 17576.563 ms batch [20.471] delay 33.846 ms
INFO: at 17576.563 ms fetching 20.471 ms
INFO: at 17610.413 ms batch [87.730] delay 19.130 ms
INFO: at 17610.413 ms fetching 87.730 ms
INFO: at 17629.546 ms batch [90.904] delay 19.130 ms
INFO: at 17629.546 ms fetching 90.904 ms
INFO: at 17648.680 ms batch [60.038] delay 19.130 ms
INFO: at 17648.680 ms fetching 60.038 ms
INFO: at 17667.813 ms batch [91.892] delay 19.130 ms
INFO: at 17667.813 ms fetching 91.892 ms
INFO: at 17686.947 ms batch [43.020] delay 19.130 ms
INFO: at 17686.947 ms fetching 43.020 ms
INFO: at 17706.080 ms batch [45.636] delay 19.130 ms
INFO: at 17706.080 ms fetching 45.636 ms
INFO: at 17725.214 ms batch [43.482] delay 19.130 ms
INFO: at 17725.214 ms fetching 43.482 ms
INFO: at 17744.346 ms batch [90.492] delay 19.130 ms
INFO: at 17744.346 ms fetching 90.492 ms
INFO: at 17763.479 ms batch [92.843] delay 19.130 ms
INFO: at 17763.479 ms fetching 92.843 ms
INFO: at 17782.613 ms batch [87.614] delay 19.130 ms
INFO: at 17782.613 ms fetching 87.614 ms
INFO: at 17801.746 ms batch [22.685] delay 19.130 ms
INFO: at 17801.746 ms fetching 22.685 ms
INFO: at 17820.879 ms batch [42.273] delay 19.130 ms
INFO: at 17820.879 ms fetching 42.273 ms
INFO: at 17840.014 ms batch [92.223] delay 19.130 ms
INFO: at 17840.014 ms fetching 92.223 ms
INFO: at 17859.147 ms batch [48.003] delay 19.130 ms
INFO: at 17859.147 ms fetching 48.003 ms
INFO: at 17878.280 ms batch [87.125] delay 19.130 ms
INFO: at 17878.280 ms fetching 87.125 ms
INFO: at 17897.413 ms batch [67.387] delay 19.130 ms
INFO: at 17897.413 ms fetching 67.387 ms
INFO: at 17916.547 ms batch [41.168] delay 19.130 ms
INFO: at 17916.547 ms fetching 41.168 ms
INFO: at 17935.681 ms batch [40.773] delay 19.130 ms
INFO: at 17935.681 ms fetching 40.773 ms
INFO: at 17954.815 ms batch [40.867] delay 19.130 ms
INFO: at 17954.815 ms fetching 40.867 ms
INFO: at 17973.952 ms batch [90.528] delay 19.130 ms
INFO: at 17973.952 ms fetching 90.528 ms
INFO: at 17993.086 ms batch [65.780] delay 19.130 ms
INFO: at 17993.086 ms fetching 65.780 ms
INFO: at 18012.220 ms batch [67.611] delay 19.130 ms
INFO: at 18012.220 ms fetching 67.611 ms
INFO: at 18031.353 ms batch [86.261] delay 19.130 ms
INFO: at 18031.353 ms fetching 86.261 ms
INFO: at 18050.488 ms batch [68.965] delay 31.429 ms
INFO: at 18050.488 ms fetching 68.965 ms
INFO: at 18081.921 ms batch [20.351] delay 31.429 ms
INFO: at 18081.921 ms fetching 20.351 ms
INFO: at 18113.353 ms batch [42.992] delay 31.429 ms
INFO: at 18113.353 ms fetching 42.992 ms
INFO: at 18144.785 ms batch [66.614] delay 31.429 ms
INFO: at 18144.785 ms fetching 66.614 ms
INFO: at 18176.219 ms batch [91.058] delay 31.429 ms
INFO: at 18176.219 ms fetching 91.058 ms
INFO: at 18207.651 ms batch [21.805] delay 31.429 ms
INFO: at 18207.651 ms fetching 21.805 ms
INFO: at 18239.083 ms batch [63.710] delay 31.429 ms
INFO: at 18239.083 ms fetching 63.710 ms
INFO: at 18270.516 ms batch [22.431] delay 31.429 ms
INFO: at 18270.516 ms fetching 22.431 ms
INFO: at 18301.949 ms batch [61.672] delay 31.429 ms
INFO: at 18301.949 ms fetching 61.672 ms
INFO: at 18333.380 ms batch [43.931] delay 31.429 ms
INFO: at 18333.380 ms fetching 43.931 ms
INFO: at 18364.812 ms batch [41.737] delay 31.429 ms
INFO: at 18364.812 ms fetching 41.737 ms
INFO: at 18396.244 ms batch [88.821] delay 31.429 ms
INFO: at 18396.244 ms fetching 88.821 ms
INFO: at 18427.678 ms batch [88.282] delay 31.429 ms
INFO: at 18427.678 ms fetching 88.282 ms
INFO: at 18459.111 ms batch [89.359] delay 31.429 ms
INFO: at 18459.111 ms fetching 89.359 ms
INFO: at 18490.544 ms batch [40.426] delay 23.158 ms
INFO: at 18490.544 ms fetching 40.426 ms
INFO: at 18513.705 ms batch [42.562] delay 23.158 ms
INFO: at 18513.705 ms fetching 42.562 ms
INFO: at 18536.866 ms batch [23.455] delay 23.158 ms
INFO: at 18536.866 ms fetching 23.455 ms
INFO: at 18560.028 ms batch [18.222] delay 23.158 ms
INFO: at 18560.028 ms fetching 18.222 ms
INFO: at 18583.190 ms batch [90.156] delay 23.158 ms
INFO: at 18583.190 ms fetching 90.156 ms
INFO: at 18606.352 ms batch [45.068] delay 23.158 ms
INFO: at 18606.352 ms fetching 45.068 ms
INFO: at 18629.513 ms batch [67.147] delay 23.158 ms
INFO: at 18629.513 ms fetching 67.147 ms
INFO: at 18652.675 ms batch [23.896] delay 23.158 ms
INFO: at 18652.675 ms fetching 23.896 ms
INFO: at 18675.836 ms batch [89.329] delay 23.158 ms
INFO: at 18675.836 ms fetching 89.329 ms
INFO: at 18698.998 ms batch [17.562] delay 23.158 ms
INFO: at 18698.998 ms fetching 17.562 ms
INFO: at 18722.159 ms batch [92.392] delay 23.158 ms
INFO: at 18722.159 ms fetching 92.392 ms
INFO: at 18745.320 ms batch [65.808] delay 23.158 ms
INFO: at 18745.320 ms fetching 65.808 ms
INFO: at 18768.482 ms batch [85.267] delay 23.158 ms
INFO: at 18768.482 ms fetching 85.267 ms
INFO: at 18791.645 ms batch [22.234] delay 23.158 ms
INFO: at 18791.645 ms fetching 22.234 ms
INFO: at 18814.807 ms batch [43.866] delay 23.158 ms
INFO: at 18814.807 ms fetching 43.866 ms
INFO: at 18837.968 ms batch [87.823] delay 23.158 ms
INFO: at 18837.968 ms fetching 87.823 ms
INFO: at 18861.130 ms batch [66.705] delay 23.158 ms
INFO: at 18861.130 ms fetching 66.705 ms
INFO: at 18884.294 ms batch [44.560] delay 23.158 ms
INFO: at 18884.294 ms fetching 44.560 ms
INFO: at 18907.456 ms batch [65.873] delay 23.158 ms
INFO: at 18907.456 ms fetching 65.873 ms
INFO: at 18930.617 ms batch [43.400] delay 18.333 ms
INFO: at 18930.617 ms fetching 43.400 ms
INFO: at 18948.954 ms batch [87.208] delay 18.333 ms
INFO: at 18948.954 ms fetching 87.208 ms
INFO: at 18967.295 ms batch [66.142] delay 18.333 ms
INFO: at 18967.295 ms fetching 66.142 ms
INFO: at 18985.631 ms batch [66.312] delay 18.333 ms
INFO: at 18985.631 ms fetching 66.312 ms
INFO: at 19003.968 ms batch [22.789] delay 18.333 ms
INFO: at 19003.968 ms fetching 22.789 ms
INFO: at 19022.304 ms batch [22.309] delay 18.333 ms
INFO: at 19022.304 ms fetching 22.309 ms
INFO: at 19040.639 ms batch [63.050] delay 18.333 ms
INFO: at 19040.639 ms fetching 63.050 ms
INFO: at 19058.976 ms batch [88.377] delay 18.333 ms
INFO: at 19058.976 ms fetching 88.377 ms
INFO: at 19077.314 ms batch [69.288] delay 18.333 ms
INFO: at 19077.314 ms fetching 69.288 ms
INFO: at 19095.649 ms batch [88.091] delay 18.333 ms
INFO: at 19095.649 ms fetching 88.091 ms
INFO: at 19113.986 ms batch [20.009] delay 18.333 ms
INFO: at 19113.986 ms fetching 20.009 ms
INFO: at 19132.324 ms batch [68.076] delay 18.333 ms
INFO: at 19132.324 ms fetching 68.076 ms
INFO: at 19150.660 ms batch [46.495] delay 18.333 ms
INFO: at 19150.660 ms fetching 46.495 ms
INFO: at 19168.996 ms batch [87.957] delay 18.333 ms
INFO: at 19168.996 ms fetching 87.957 ms
INFO: at 19187.333 ms batch [62.027] delay 18.333 ms
INFO: at 19187.333 ms fetching 62.027 ms
INFO: at 19205.671 ms batch [85.012] delay 18.333 ms
INFO: at 19205.671 ms fetching 85.012 ms
INFO: at 19224.006 ms batch [64.372] delay 18.333 ms
INFO: at 19224.006 ms fetching 64.372 ms
INFO: at 19242.343 ms batch [42.902] delay 18.333 ms
INFO: at 19242.343 ms fetching 42.902 ms
INFO: at 19260.679 ms batch [20.324] delay 18.333 ms
INFO: at 19260.679 ms fetching 20.324 ms
INFO: at 19279.016 ms batch [89.391] delay 18.333 ms
INFO: at 19279.016 ms fetching 89.391 ms
INFO: at 19297.352 ms batch [21.601] delay 18.333 ms
INFO: at 19297.352 ms fetching 21.601 ms
INFO: at 19315.689 ms batch [90.222] delay 18.333 ms
INFO: at 19315.689 ms fetching 90.222 ms
INFO: at 19334.025 ms batch [65.171] delay 18.333 ms
INFO: at 19334.025 ms fetching 65.171 ms
INFO: at 19352.361 ms batch [94.918] delay 18.333 ms
INFO: at 19352.361 ms fetching 94.918 ms
INFO: at 19370.699 ms batch [42.656] delay 27.500 ms
INFO: at 19370.699 ms fetching 42.656 ms
INFO: at 19398.203 ms batch [19.506] delay 27.500 ms
INFO: at 19398.203 ms fetching 19.506 ms
INFO: at 19425.709 ms batch [88.639] delay 27.500 ms
INFO: at 19425.709 ms fetching 88.639 ms
INFO: at 19453.214 ms batch [43.705] delay 27.500 ms
INFO: at 19453.214 ms fetching 43.705 ms
INFO: at 19480.718 ms batch [16.010] delay 27.500 ms
INFO: at 19480.718 ms fetching 16.010 ms
INFO: at 19508.222 ms batch [87.767] delay 27.500 ms
INFO: at 19508.222 ms fetching 87.767 ms
INFO: at 19535.727 ms batch [85.833] delay 27.500 ms
INFO: at 19535.727 ms fetching 85.833 ms
INFO: at 19563.230 ms batch [91.179] delay 27.500 ms
INFO: at 19563.230 ms fetching 91.179 ms
INFO: at 19590.734 ms batch [46.304] delay 27.500 ms
INFO: at 19590.734 ms fetching 46.304 ms
INFO: at 19618.237 ms batch [37.556] delay 27.500 ms
INFO: at 19618.237 ms fetching 37.556 ms
INFO: at 19645.742 ms batch [45.457] delay 27.500 ms
INFO: at 19645.742 ms fetching 45.457 ms
INFO: at 19673.246 ms batch [68.478] delay 27.500 ms
INFO: at 19673.246 ms fetching 68.478 ms
INFO: at 19700.749 ms batch [43.512] delay 27.500 ms
INFO: at 19700.749 ms fetching 43.512 ms
INFO: at 19728.252 ms batch [41.625] delay 27.500 ms
INFO: at 19728.252 ms fetching 41.625 ms
INFO: at 19755.757 ms batch [41.019] delay 27.500 ms
INFO: at 19755.757 ms fetching 41.019 ms
INFO: at 19783.261 ms batch [44.288] delay 27.500 ms
INFO: at 19783.261 ms fetching 44.288 ms
INFO: at 19810.769 ms batch [63.822] delay 20.952 ms
INFO: at 19810.769 ms fetching 63.822 ms
INFO: at 19831.725 ms batch [67.068] delay 20.952 ms
INFO: at 19831.725 ms fetching 67.068 ms
INFO: at 19852.681 ms batch [21.567] delay 20.952 ms
INFO: at 19852.681 ms fetching 21.567 ms
INFO: at 19873.637 ms batch [90.425] delay 20.952 ms
INFO: at 19873.637 ms fetching 90.425 ms
INFO: at 19894.593 ms batch [64.447] delay 20.952 ms
INFO: at 19894.593 ms fetching 64.447 ms
INFO: at 19915.548 ms batch [67.748] delay 20.952 ms
INFO: at 19915.548 ms fetching 67.748 ms
INFO: at 19936.504 ms batch [69.625] delay 20.952 ms
INFO: at 19936.504 ms fetching 69.625 ms
INFO: at 19957.460 ms batch [22.738] delay 20.952 ms
INFO: at 19957.460 ms fetching 22.738 ms
INFO: at 19978.416 ms batch [24.091] delay 20.952 ms
INFO: at 19978.416 ms fetching 24.091 ms
INFO: at 19999.372 ms batch [16.624] delay 20.952 ms
INFO: at 19999.372 ms fetching 16.624 ms
INFO: at 20020.327 ms batch [68.121] delay 20.952 ms
INFO: at 20020.327 ms fetching 68.121 ms
INFO: at 20041.282 ms batch [42.399] delay 20.952 ms
INFO: at 20041.282 ms fetching 42.399 ms
INFO: at 20062.239 ms batch [19.792] delay 20.952 ms
INFO: at 20062.239 ms fetching 19.792 ms
INFO: at 20083.228 ms batch [64.327] delay 20.952 ms
INFO: at 20083.228 ms fetching 64.327 ms
INFO: at 20104.184 ms batch [23.328] delay 20.952 ms
INFO: at 20104.184 ms fetching 23.328 ms
INFO: at 20125.139 ms batch [16.504] delay 20.952 ms
INFO: at 20125.139 ms fetching 16.504 ms
INFO: at 20146.095 ms batch [42.732] delay 20.952 ms
INFO: at 20146.095 ms fetching 42.732 ms
INFO: at 20167.051 ms batch [44.195] delay 20.952 ms
INFO: at 20167.051 ms fetching 44.195 ms
INFO: at 20188.006 ms batch [42.094] delay 20.952 ms
INFO: at 20188.006 ms fetching 42.094 ms
INFO: at 20208.962 ms batch [44.683] delay 20.952 ms
INFO: at 20208.962 ms fetching 44.683 ms
INFO: at 20229.917 ms batch [17.623] delay 20.952 ms
INFO: at 20229.917 ms fetching 17.623 ms
INFO: at 20250.873 ms batch [22.348] delay 25.882 ms
INFO: at 20250.873 ms fetching 22.348 ms
INFO: at 20276.759 ms batch [89.574] delay 25.882 ms
INFO: at 20276.759 ms fetching 89.574 ms
INFO: at 20302.646 ms batch [19.010] delay 25.882 ms
INFO: at 20302.646 ms fetching 19.010 ms
INFO: at 20328.531 ms batch [65.844] delay 25.882 ms
INFO: at 20328.531 ms fetching 65.844 ms
INFO: at 20354.417 ms batch [65.050] delay 25.882 ms
INFO: at 20354.417 ms fetching 65.050 ms
INFO: at 20380.303 ms batch [62.167] delay 25.882 ms
INFO: at 20380.303 ms fetching 62.167 ms
INFO: at 20406.189 ms batch [41.214] delay 25.882 ms
INFO: at 20406.189 ms fetching 41.214 ms
INFO: at 20432.075 ms batch [87.541] delay 25.882 ms
INFO: at 20432.075 ms fetching 87.541 ms
INFO: at 20457.961 ms batch [41.344] delay 25.882 ms
INFO: at 20457.961 ms fetching 41.344 ms
INFO: at 20483.848 ms batch [86.841] delay 25.882 ms
INFO: at 20483.848 ms fetching 86.841 ms
INFO: at 20509.734 ms batch [46.067] delay 25.882 ms
INFO: at 20509.734 ms fetching 46.067 ms
INFO: at 20535.621 ms batch [88.153] delay 25.882 ms
INFO: at 20535.621 ms fetching 88.153 ms
INFO: at 20561.506 ms batch [70.026] delay 25.882 ms
INFO: at 20561.506 ms fetching 70.026 ms
INFO: at 20587.394 ms batch [46.117] delay 25.882 ms
INFO: at 20587.394 ms fetching 46.117 ms
INFO: at 20613.279 ms batch [45.251] delay 25.882 ms
INFO: at 20613.279 ms fetching 45.251 ms
INFO: at 20639.166 ms batch [89.272] delay 25.882 ms
INFO: at 20639.166 ms fetching 89.272 ms
INFO: at 20665.051 ms batch [21.767] delay 25.882 ms
INFO: at 20665.051 ms fetching 21.767 ms
INFO: at 20690.937 ms batch [21.326] delay 20.000 ms
INFO: at 20690.937 ms fetching 21.326 ms
INFO: at 20710.941 ms batch [89.148] delay 20.000 ms
INFO: at 20710.941 ms fetching 89.148 ms
INFO: at 20730.944 ms batch [21.698] delay 20.000 ms
INFO: at 20730.944 ms fetching 21.698 ms
INFO: at 20750.947 ms batch [90.824] delay 20.000 ms
INFO: at 20750.947 ms fetching 90.824 ms
INFO: at 20770.949 ms batch [93.254] delay 20.000 ms
INFO: at 20770.949 ms fetching 93.254 ms
INFO: at 20790.952 ms batch [22.640] delay 20.000 ms
INFO: at 20790.952 ms fetching 22.640 ms
INFO: at 20810.955 ms batch [20.974] delay 20.000 ms
INFO: at 20810.955 ms fetching 20.974 ms
INFO: at 20830.959 ms batch [42.307] delay 20.000 ms
INFO: at 20830.959 ms fetching 42.307 ms
INFO: at 20850.962 ms batch [18.819] delay 20.000 ms
INFO: at 20850.962 ms fetching 18.819 ms
INFO: at 20870.966 ms batch [89.424] delay 20.000 ms
INFO: at 20870.966 ms fetching 89.424 ms
INFO: at 20890.970 ms batch [87.090] delay 20.000 ms
INFO: at 20890.970 ms fetching 87.090 ms
INFO: at 20910.973 ms batch [65.754] delay 20.000 ms
INFO: at 20910.973 ms fetching 65.754 ms
INFO: at 20930.976 ms batch [88.246] delay 20.000 ms
INFO: at 20930.976 ms fetching 88.246 ms
INFO: at 20950.979 ms batch [38.504] delay 20.000 ms
INFO: at 20950.979 ms fetching 38.504 ms
INFO: at 20970.982 ms batch [42.529] delay 20.000 ms
INFO: at 20970.982 ms fetching 42.529 ms
INFO: at 20990.986 ms batch [65.579] delay 20.000 ms
INFO: at 20990.986 ms fetching 65.579 ms
INFO: at 21010.990 ms batch [68.799] delay 20.000 ms
INFO: at 21010.990 ms fetching 68.799 ms
INFO: at 21030.993 ms batch [19.730] delay 20.000 ms
INFO: at 21030.993 ms fetching 19.730 ms
INFO: at 21050.996 ms batch [41.069] delay 20.000 ms
INFO: at 21050.996 ms fetching 41.069 ms
INFO: at 21071.000 ms batch [64.563] delay 20.000 ms
INFO: at 21071.000 ms fetching 64.563 ms
INFO: at 21091.003 ms batch [87.696] delay 20.000 ms
INFO: at 21091.003 ms fetching 87.696 ms
INFO: at 21111.005 ms batch [44.868] delay 20.000 ms
INFO: at 21111.005 ms fetching 44.868 ms
INFO: at 21131.009 ms batch [68.294] delay 29.333 ms
INFO: at 21131.009 ms fetching 68.294 ms
INFO: at 21160.347 ms batch [64.812] delay 29.333 ms
INFO: at 21160.347 ms fetching 64.812 ms
INFO: at 21189.685 ms batch [67.447] delay 29.333 ms
INFO: at 21189.685 ms fetching 67.447 ms
INFO: at 21219.022 ms batch [65.319] delay 29.333 ms
INFO: at 21219.022 ms fetching 65.319 ms
INFO: at 21248.359 ms batch [64.846] delay 29.333 ms
INFO: at 21248.359 ms fetching 64.846 ms
INFO: at 21277.696 ms batch [40.819] delay 29.333 ms
INFO: at 21277.696 ms fetching 40.819 ms
INFO: at 21307.034 ms batch [67.007] delay 29.333 ms
INFO: at 21307.034 ms fetching 67.007 ms
INFO: at 21336.373 ms batch [43.227] delay 29.333 ms
INFO: at 21336.373 ms fetching 43.227 ms
INFO: at 21365.710 ms batch [43.254] delay 29.333 ms
INFO: at 21365.710 ms fetching 43.254 ms
INFO: at 21395.046 ms batch [63.562] delay 0.000 ms
INFO: at 21395.046 ms fetching 63.562 ms
INFO: done
22-04-03:18:41:27 INFO     [clipper_admin.py:1424] [default-cluster] Stopped all Clipper cluster and all model containers
